[2023-02-08T20:11:05.310+0000] {taskinstance.py:1087} INFO - Dependencies all met for <TaskInstance: Streaming_pipeline_meli.consumer_data_of_topic manual__2023-02-08T20:11:03.001186+00:00 [queued]>
[2023-02-08T20:11:05.319+0000] {taskinstance.py:1087} INFO - Dependencies all met for <TaskInstance: Streaming_pipeline_meli.consumer_data_of_topic manual__2023-02-08T20:11:03.001186+00:00 [queued]>
[2023-02-08T20:11:05.319+0000] {taskinstance.py:1283} INFO - 
--------------------------------------------------------------------------------
[2023-02-08T20:11:05.319+0000] {taskinstance.py:1284} INFO - Starting attempt 1 of 6
[2023-02-08T20:11:05.319+0000] {taskinstance.py:1285} INFO - 
--------------------------------------------------------------------------------
[2023-02-08T20:11:05.347+0000] {taskinstance.py:1304} INFO - Executing <Task(SparkSubmitOperator): consumer_data_of_topic> on 2023-02-08 20:11:03.001186+00:00
[2023-02-08T20:11:05.350+0000] {standard_task_runner.py:55} INFO - Started process 2631 to run task
[2023-02-08T20:11:05.354+0000] {standard_task_runner.py:82} INFO - Running: ['***', 'tasks', 'run', 'Streaming_pipeline_meli', 'consumer_data_of_topic', 'manual__2023-02-08T20:11:03.001186+00:00', '--job-id', '1390', '--raw', '--subdir', 'DAGS_FOLDER/streamPipeline.py', '--cfg-path', '/tmp/tmpw5i_o94y']
[2023-02-08T20:11:05.355+0000] {standard_task_runner.py:83} INFO - Job 1390: Subtask consumer_data_of_topic
[2023-02-08T20:11:05.593+0000] {task_command.py:389} INFO - Running <TaskInstance: Streaming_pipeline_meli.consumer_data_of_topic manual__2023-02-08T20:11:03.001186+00:00 [running]> on host b55acaa82944
[2023-02-08T20:11:05.781+0000] {taskinstance.py:1513} INFO - Exporting the following env vars:
AIRFLOW_CTX_DAG_OWNER=***
AIRFLOW_CTX_DAG_ID=Streaming_pipeline_meli
AIRFLOW_CTX_TASK_ID=consumer_data_of_topic
AIRFLOW_CTX_EXECUTION_DATE=2023-02-08T20:11:03.001186+00:00
AIRFLOW_CTX_TRY_NUMBER=1
AIRFLOW_CTX_DAG_RUN_ID=manual__2023-02-08T20:11:03.001186+00:00
[2023-02-08T20:11:05.792+0000] {base.py:73} INFO - Using connection ID 'spark_default' for task execution.
[2023-02-08T20:11:05.793+0000] {spark_submit.py:344} INFO - Spark-Submit cmd: spark-submit --master spark://tomi-H310:7077 --packages org.apache.spark:spark-sql-kafka-0-10_2.12:3.1.3,org.mongodb.spark:mongo-spark-connector_2.12:3.0.1 --name arrow-spark --queue root.default /opt/***/dags/consumerSpark.py
[2023-02-08T20:11:05.952+0000] {spark_submit.py:495} INFO - /home/***/.local/lib/python3.7/site-packages/pyspark/bin/load-spark-env.sh: line 68: ps: command not found
[2023-02-08T20:11:07.557+0000] {spark_submit.py:495} INFO - :: loading settings :: url = jar:file:/home/***/.local/lib/python3.7/site-packages/pyspark/jars/ivy-2.5.0.jar!/org/apache/ivy/core/settings/ivysettings.xml
[2023-02-08T20:11:07.621+0000] {spark_submit.py:495} INFO - Ivy Default Cache set to: /home/***/.ivy2/cache
[2023-02-08T20:11:07.621+0000] {spark_submit.py:495} INFO - The jars for the packages stored in: /home/***/.ivy2/jars
[2023-02-08T20:11:07.625+0000] {spark_submit.py:495} INFO - org.apache.spark#spark-sql-kafka-0-10_2.12 added as a dependency
[2023-02-08T20:11:07.625+0000] {spark_submit.py:495} INFO - org.mongodb.spark#mongo-spark-connector_2.12 added as a dependency
[2023-02-08T20:11:07.626+0000] {spark_submit.py:495} INFO - :: resolving dependencies :: org.apache.spark#spark-submit-parent-6b78811e-c904-423d-b9cb-cb6a06f15bdf;1.0
[2023-02-08T20:11:07.627+0000] {spark_submit.py:495} INFO - confs: [default]
[2023-02-08T20:11:07.783+0000] {spark_submit.py:495} INFO - found org.apache.spark#spark-sql-kafka-0-10_2.12;3.1.3 in central
[2023-02-08T20:11:07.835+0000] {spark_submit.py:495} INFO - found org.apache.spark#spark-token-provider-kafka-0-10_2.12;3.1.3 in central
[2023-02-08T20:11:07.873+0000] {spark_submit.py:495} INFO - found org.apache.kafka#kafka-clients;2.6.0 in central
[2023-02-08T20:11:07.918+0000] {spark_submit.py:495} INFO - found com.github.luben#zstd-jni;1.4.8-1 in central
[2023-02-08T20:11:07.937+0000] {spark_submit.py:495} INFO - found org.lz4#lz4-java;1.7.1 in central
[2023-02-08T20:11:07.953+0000] {spark_submit.py:495} INFO - found org.xerial.snappy#snappy-java;1.1.8.2 in central
[2023-02-08T20:11:07.968+0000] {spark_submit.py:495} INFO - found org.slf4j#slf4j-api;1.7.30 in central
[2023-02-08T20:11:07.980+0000] {spark_submit.py:495} INFO - found org.spark-project.spark#unused;1.0.0 in central
[2023-02-08T20:11:07.992+0000] {spark_submit.py:495} INFO - found org.apache.commons#commons-pool2;2.6.2 in central
[2023-02-08T20:11:08.003+0000] {spark_submit.py:495} INFO - found org.mongodb.spark#mongo-spark-connector_2.12;3.0.1 in central
[2023-02-08T20:11:08.013+0000] {spark_submit.py:495} INFO - found org.mongodb#mongodb-driver-sync;4.0.5 in central
[2023-02-08T20:11:08.028+0000] {spark_submit.py:495} INFO - found org.mongodb#bson;4.0.5 in central
[2023-02-08T20:11:08.037+0000] {spark_submit.py:495} INFO - found org.mongodb#mongodb-driver-core;4.0.5 in central
[2023-02-08T20:11:08.064+0000] {spark_submit.py:495} INFO - :: resolution report :: resolve 424ms :: artifacts dl 13ms
[2023-02-08T20:11:08.064+0000] {spark_submit.py:495} INFO - :: modules in use:
[2023-02-08T20:11:08.064+0000] {spark_submit.py:495} INFO - com.github.luben#zstd-jni;1.4.8-1 from central in [default]
[2023-02-08T20:11:08.064+0000] {spark_submit.py:495} INFO - org.apache.commons#commons-pool2;2.6.2 from central in [default]
[2023-02-08T20:11:08.065+0000] {spark_submit.py:495} INFO - org.apache.kafka#kafka-clients;2.6.0 from central in [default]
[2023-02-08T20:11:08.065+0000] {spark_submit.py:495} INFO - org.apache.spark#spark-sql-kafka-0-10_2.12;3.1.3 from central in [default]
[2023-02-08T20:11:08.065+0000] {spark_submit.py:495} INFO - org.apache.spark#spark-token-provider-kafka-0-10_2.12;3.1.3 from central in [default]
[2023-02-08T20:11:08.065+0000] {spark_submit.py:495} INFO - org.lz4#lz4-java;1.7.1 from central in [default]
[2023-02-08T20:11:08.065+0000] {spark_submit.py:495} INFO - org.mongodb#bson;4.0.5 from central in [default]
[2023-02-08T20:11:08.066+0000] {spark_submit.py:495} INFO - org.mongodb#mongodb-driver-core;4.0.5 from central in [default]
[2023-02-08T20:11:08.066+0000] {spark_submit.py:495} INFO - org.mongodb#mongodb-driver-sync;4.0.5 from central in [default]
[2023-02-08T20:11:08.066+0000] {spark_submit.py:495} INFO - org.mongodb.spark#mongo-spark-connector_2.12;3.0.1 from central in [default]
[2023-02-08T20:11:08.066+0000] {spark_submit.py:495} INFO - org.slf4j#slf4j-api;1.7.30 from central in [default]
[2023-02-08T20:11:08.066+0000] {spark_submit.py:495} INFO - org.spark-project.spark#unused;1.0.0 from central in [default]
[2023-02-08T20:11:08.067+0000] {spark_submit.py:495} INFO - org.xerial.snappy#snappy-java;1.1.8.2 from central in [default]
[2023-02-08T20:11:08.067+0000] {spark_submit.py:495} INFO - ---------------------------------------------------------------------
[2023-02-08T20:11:08.067+0000] {spark_submit.py:495} INFO - |                  |            modules            ||   artifacts   |
[2023-02-08T20:11:08.067+0000] {spark_submit.py:495} INFO - |       conf       | number| search|dwnlded|evicted|| number|dwnlded|
[2023-02-08T20:11:08.067+0000] {spark_submit.py:495} INFO - ---------------------------------------------------------------------
[2023-02-08T20:11:08.068+0000] {spark_submit.py:495} INFO - |      default     |   13  |   0   |   0   |   0   ||   13  |   0   |
[2023-02-08T20:11:08.068+0000] {spark_submit.py:495} INFO - ---------------------------------------------------------------------
[2023-02-08T20:11:08.073+0000] {spark_submit.py:495} INFO - :: retrieving :: org.apache.spark#spark-submit-parent-6b78811e-c904-423d-b9cb-cb6a06f15bdf
[2023-02-08T20:11:08.073+0000] {spark_submit.py:495} INFO - confs: [default]
[2023-02-08T20:11:08.080+0000] {spark_submit.py:495} INFO - 0 artifacts copied, 13 already retrieved (0kB/7ms)
[2023-02-08T20:11:08.356+0000] {spark_submit.py:495} INFO - 23/02/08 20:11:08 WARN NativeCodeLoader: Unable to load native-hadoop library for your platform... using builtin-java classes where applicable
[2023-02-08T20:11:09.330+0000] {spark_submit.py:495} INFO - 23/02/08 20:11:09 INFO SparkContext: Running Spark version 3.3.1
[2023-02-08T20:11:09.350+0000] {spark_submit.py:495} INFO - 23/02/08 20:11:09 INFO ResourceUtils: ==============================================================
[2023-02-08T20:11:09.350+0000] {spark_submit.py:495} INFO - 23/02/08 20:11:09 INFO ResourceUtils: No custom resources configured for spark.driver.
[2023-02-08T20:11:09.350+0000] {spark_submit.py:495} INFO - 23/02/08 20:11:09 INFO ResourceUtils: ==============================================================
[2023-02-08T20:11:09.351+0000] {spark_submit.py:495} INFO - 23/02/08 20:11:09 INFO SparkContext: Submitted application: arrow-spark
[2023-02-08T20:11:09.372+0000] {spark_submit.py:495} INFO - 23/02/08 20:11:09 INFO ResourceProfile: Default ResourceProfile created, executor resources: Map(cores -> name: cores, amount: 1, script: , vendor: , memory -> name: memory, amount: 1024, script: , vendor: , offHeap -> name: offHeap, amount: 0, script: , vendor: ), task resources: Map(cpus -> name: cpus, amount: 1.0)
[2023-02-08T20:11:09.387+0000] {spark_submit.py:495} INFO - 23/02/08 20:11:09 INFO ResourceProfile: Limiting resource is cpu
[2023-02-08T20:11:09.387+0000] {spark_submit.py:495} INFO - 23/02/08 20:11:09 INFO ResourceProfileManager: Added ResourceProfile id: 0
[2023-02-08T20:11:09.436+0000] {spark_submit.py:495} INFO - 23/02/08 20:11:09 INFO SecurityManager: Changing view acls to: default
[2023-02-08T20:11:09.437+0000] {spark_submit.py:495} INFO - 23/02/08 20:11:09 INFO SecurityManager: Changing modify acls to: default
[2023-02-08T20:11:09.437+0000] {spark_submit.py:495} INFO - 23/02/08 20:11:09 INFO SecurityManager: Changing view acls groups to:
[2023-02-08T20:11:09.437+0000] {spark_submit.py:495} INFO - 23/02/08 20:11:09 INFO SecurityManager: Changing modify acls groups to:
[2023-02-08T20:11:09.438+0000] {spark_submit.py:495} INFO - 23/02/08 20:11:09 INFO SecurityManager: SecurityManager: authentication disabled; ui acls disabled; users  with view permissions: Set(default); groups with view permissions: Set(); users  with modify permissions: Set(default); groups with modify permissions: Set()
[2023-02-08T20:11:09.686+0000] {spark_submit.py:495} INFO - 23/02/08 20:11:09 INFO Utils: Successfully started service 'sparkDriver' on port 43415.
[2023-02-08T20:11:09.709+0000] {spark_submit.py:495} INFO - 23/02/08 20:11:09 INFO SparkEnv: Registering MapOutputTracker
[2023-02-08T20:11:09.736+0000] {spark_submit.py:495} INFO - 23/02/08 20:11:09 INFO SparkEnv: Registering BlockManagerMaster
[2023-02-08T20:11:09.749+0000] {spark_submit.py:495} INFO - 23/02/08 20:11:09 INFO BlockManagerMasterEndpoint: Using org.apache.spark.storage.DefaultTopologyMapper for getting topology information
[2023-02-08T20:11:09.749+0000] {spark_submit.py:495} INFO - 23/02/08 20:11:09 INFO BlockManagerMasterEndpoint: BlockManagerMasterEndpoint up
[2023-02-08T20:11:09.752+0000] {spark_submit.py:495} INFO - 23/02/08 20:11:09 INFO SparkEnv: Registering BlockManagerMasterHeartbeat
[2023-02-08T20:11:09.770+0000] {spark_submit.py:495} INFO - 23/02/08 20:11:09 INFO DiskBlockManager: Created local directory at /tmp/blockmgr-4a246b5c-1a66-46a3-a6a9-c7a2be9dd295
[2023-02-08T20:11:09.782+0000] {spark_submit.py:495} INFO - 23/02/08 20:11:09 INFO MemoryStore: MemoryStore started with capacity 434.4 MiB
[2023-02-08T20:11:09.793+0000] {spark_submit.py:495} INFO - 23/02/08 20:11:09 INFO SparkEnv: Registering OutputCommitCoordinator
[2023-02-08T20:11:09.949+0000] {spark_submit.py:495} INFO - 23/02/08 20:11:09 INFO Utils: Successfully started service 'SparkUI' on port 4040.
[2023-02-08T20:11:09.982+0000] {spark_submit.py:495} INFO - 23/02/08 20:11:09 INFO SparkContext: Added JAR file:///home/***/.ivy2/jars/org.apache.spark_spark-sql-kafka-0-10_2.12-3.1.3.jar at spark://b55acaa82944:43415/jars/org.apache.spark_spark-sql-kafka-0-10_2.12-3.1.3.jar with timestamp 1675887069308
[2023-02-08T20:11:09.982+0000] {spark_submit.py:495} INFO - 23/02/08 20:11:09 INFO SparkContext: Added JAR file:///home/***/.ivy2/jars/org.mongodb.spark_mongo-spark-connector_2.12-3.0.1.jar at spark://b55acaa82944:43415/jars/org.mongodb.spark_mongo-spark-connector_2.12-3.0.1.jar with timestamp 1675887069308
[2023-02-08T20:11:09.982+0000] {spark_submit.py:495} INFO - 23/02/08 20:11:09 INFO SparkContext: Added JAR file:///home/***/.ivy2/jars/org.apache.spark_spark-token-provider-kafka-0-10_2.12-3.1.3.jar at spark://b55acaa82944:43415/jars/org.apache.spark_spark-token-provider-kafka-0-10_2.12-3.1.3.jar with timestamp 1675887069308
[2023-02-08T20:11:09.983+0000] {spark_submit.py:495} INFO - 23/02/08 20:11:09 INFO SparkContext: Added JAR file:///home/***/.ivy2/jars/org.apache.kafka_kafka-clients-2.6.0.jar at spark://b55acaa82944:43415/jars/org.apache.kafka_kafka-clients-2.6.0.jar with timestamp 1675887069308
[2023-02-08T20:11:09.983+0000] {spark_submit.py:495} INFO - 23/02/08 20:11:09 INFO SparkContext: Added JAR file:///home/***/.ivy2/jars/org.apache.commons_commons-pool2-2.6.2.jar at spark://b55acaa82944:43415/jars/org.apache.commons_commons-pool2-2.6.2.jar with timestamp 1675887069308
[2023-02-08T20:11:09.983+0000] {spark_submit.py:495} INFO - 23/02/08 20:11:09 INFO SparkContext: Added JAR file:///home/***/.ivy2/jars/org.spark-project.spark_unused-1.0.0.jar at spark://b55acaa82944:43415/jars/org.spark-project.spark_unused-1.0.0.jar with timestamp 1675887069308
[2023-02-08T20:11:09.983+0000] {spark_submit.py:495} INFO - 23/02/08 20:11:09 INFO SparkContext: Added JAR file:///home/***/.ivy2/jars/com.github.luben_zstd-jni-1.4.8-1.jar at spark://b55acaa82944:43415/jars/com.github.luben_zstd-jni-1.4.8-1.jar with timestamp 1675887069308
[2023-02-08T20:11:09.983+0000] {spark_submit.py:495} INFO - 23/02/08 20:11:09 INFO SparkContext: Added JAR file:///home/***/.ivy2/jars/org.lz4_lz4-java-1.7.1.jar at spark://b55acaa82944:43415/jars/org.lz4_lz4-java-1.7.1.jar with timestamp 1675887069308
[2023-02-08T20:11:09.983+0000] {spark_submit.py:495} INFO - 23/02/08 20:11:09 INFO SparkContext: Added JAR file:///home/***/.ivy2/jars/org.xerial.snappy_snappy-java-1.1.8.2.jar at spark://b55acaa82944:43415/jars/org.xerial.snappy_snappy-java-1.1.8.2.jar with timestamp 1675887069308
[2023-02-08T20:11:09.983+0000] {spark_submit.py:495} INFO - 23/02/08 20:11:09 INFO SparkContext: Added JAR file:///home/***/.ivy2/jars/org.slf4j_slf4j-api-1.7.30.jar at spark://b55acaa82944:43415/jars/org.slf4j_slf4j-api-1.7.30.jar with timestamp 1675887069308
[2023-02-08T20:11:09.984+0000] {spark_submit.py:495} INFO - 23/02/08 20:11:09 INFO SparkContext: Added JAR file:///home/***/.ivy2/jars/org.mongodb_mongodb-driver-sync-4.0.5.jar at spark://b55acaa82944:43415/jars/org.mongodb_mongodb-driver-sync-4.0.5.jar with timestamp 1675887069308
[2023-02-08T20:11:09.984+0000] {spark_submit.py:495} INFO - 23/02/08 20:11:09 INFO SparkContext: Added JAR file:///home/***/.ivy2/jars/org.mongodb_bson-4.0.5.jar at spark://b55acaa82944:43415/jars/org.mongodb_bson-4.0.5.jar with timestamp 1675887069308
[2023-02-08T20:11:09.984+0000] {spark_submit.py:495} INFO - 23/02/08 20:11:09 INFO SparkContext: Added JAR file:///home/***/.ivy2/jars/org.mongodb_mongodb-driver-core-4.0.5.jar at spark://b55acaa82944:43415/jars/org.mongodb_mongodb-driver-core-4.0.5.jar with timestamp 1675887069308
[2023-02-08T20:11:09.985+0000] {spark_submit.py:495} INFO - 23/02/08 20:11:09 INFO SparkContext: Added file file:///home/***/.ivy2/jars/org.apache.spark_spark-sql-kafka-0-10_2.12-3.1.3.jar at file:///home/***/.ivy2/jars/org.apache.spark_spark-sql-kafka-0-10_2.12-3.1.3.jar with timestamp 1675887069308
[2023-02-08T20:11:09.986+0000] {spark_submit.py:495} INFO - 23/02/08 20:11:09 INFO Utils: Copying /home/***/.ivy2/jars/org.apache.spark_spark-sql-kafka-0-10_2.12-3.1.3.jar to /tmp/spark-628a77aa-e1e0-4d7a-92c7-387561433a7d/userFiles-9b9047a8-cf05-4749-b5b6-9bc0223da00b/org.apache.spark_spark-sql-kafka-0-10_2.12-3.1.3.jar
[2023-02-08T20:11:09.997+0000] {spark_submit.py:495} INFO - 23/02/08 20:11:09 INFO SparkContext: Added file file:///home/***/.ivy2/jars/org.mongodb.spark_mongo-spark-connector_2.12-3.0.1.jar at file:///home/***/.ivy2/jars/org.mongodb.spark_mongo-spark-connector_2.12-3.0.1.jar with timestamp 1675887069308
[2023-02-08T20:11:09.998+0000] {spark_submit.py:495} INFO - 23/02/08 20:11:09 INFO Utils: Copying /home/***/.ivy2/jars/org.mongodb.spark_mongo-spark-connector_2.12-3.0.1.jar to /tmp/spark-628a77aa-e1e0-4d7a-92c7-387561433a7d/userFiles-9b9047a8-cf05-4749-b5b6-9bc0223da00b/org.mongodb.spark_mongo-spark-connector_2.12-3.0.1.jar
[2023-02-08T20:11:10.004+0000] {spark_submit.py:495} INFO - 23/02/08 20:11:10 INFO SparkContext: Added file file:///home/***/.ivy2/jars/org.apache.spark_spark-token-provider-kafka-0-10_2.12-3.1.3.jar at file:///home/***/.ivy2/jars/org.apache.spark_spark-token-provider-kafka-0-10_2.12-3.1.3.jar with timestamp 1675887069308
[2023-02-08T20:11:10.005+0000] {spark_submit.py:495} INFO - 23/02/08 20:11:10 INFO Utils: Copying /home/***/.ivy2/jars/org.apache.spark_spark-token-provider-kafka-0-10_2.12-3.1.3.jar to /tmp/spark-628a77aa-e1e0-4d7a-92c7-387561433a7d/userFiles-9b9047a8-cf05-4749-b5b6-9bc0223da00b/org.apache.spark_spark-token-provider-kafka-0-10_2.12-3.1.3.jar
[2023-02-08T20:11:10.011+0000] {spark_submit.py:495} INFO - 23/02/08 20:11:10 INFO SparkContext: Added file file:///home/***/.ivy2/jars/org.apache.kafka_kafka-clients-2.6.0.jar at file:///home/***/.ivy2/jars/org.apache.kafka_kafka-clients-2.6.0.jar with timestamp 1675887069308
[2023-02-08T20:11:10.011+0000] {spark_submit.py:495} INFO - 23/02/08 20:11:10 INFO Utils: Copying /home/***/.ivy2/jars/org.apache.kafka_kafka-clients-2.6.0.jar to /tmp/spark-628a77aa-e1e0-4d7a-92c7-387561433a7d/userFiles-9b9047a8-cf05-4749-b5b6-9bc0223da00b/org.apache.kafka_kafka-clients-2.6.0.jar
[2023-02-08T20:11:10.020+0000] {spark_submit.py:495} INFO - 23/02/08 20:11:10 INFO SparkContext: Added file file:///home/***/.ivy2/jars/org.apache.commons_commons-pool2-2.6.2.jar at file:///home/***/.ivy2/jars/org.apache.commons_commons-pool2-2.6.2.jar with timestamp 1675887069308
[2023-02-08T20:11:10.020+0000] {spark_submit.py:495} INFO - 23/02/08 20:11:10 INFO Utils: Copying /home/***/.ivy2/jars/org.apache.commons_commons-pool2-2.6.2.jar to /tmp/spark-628a77aa-e1e0-4d7a-92c7-387561433a7d/userFiles-9b9047a8-cf05-4749-b5b6-9bc0223da00b/org.apache.commons_commons-pool2-2.6.2.jar
[2023-02-08T20:11:10.028+0000] {spark_submit.py:495} INFO - 23/02/08 20:11:10 INFO SparkContext: Added file file:///home/***/.ivy2/jars/org.spark-project.spark_unused-1.0.0.jar at file:///home/***/.ivy2/jars/org.spark-project.spark_unused-1.0.0.jar with timestamp 1675887069308
[2023-02-08T20:11:10.028+0000] {spark_submit.py:495} INFO - 23/02/08 20:11:10 INFO Utils: Copying /home/***/.ivy2/jars/org.spark-project.spark_unused-1.0.0.jar to /tmp/spark-628a77aa-e1e0-4d7a-92c7-387561433a7d/userFiles-9b9047a8-cf05-4749-b5b6-9bc0223da00b/org.spark-project.spark_unused-1.0.0.jar
[2023-02-08T20:11:10.031+0000] {spark_submit.py:495} INFO - 23/02/08 20:11:10 INFO SparkContext: Added file file:///home/***/.ivy2/jars/com.github.luben_zstd-jni-1.4.8-1.jar at file:///home/***/.ivy2/jars/com.github.luben_zstd-jni-1.4.8-1.jar with timestamp 1675887069308
[2023-02-08T20:11:10.032+0000] {spark_submit.py:495} INFO - 23/02/08 20:11:10 INFO Utils: Copying /home/***/.ivy2/jars/com.github.luben_zstd-jni-1.4.8-1.jar to /tmp/spark-628a77aa-e1e0-4d7a-92c7-387561433a7d/userFiles-9b9047a8-cf05-4749-b5b6-9bc0223da00b/com.github.luben_zstd-jni-1.4.8-1.jar
[2023-02-08T20:11:10.042+0000] {spark_submit.py:495} INFO - 23/02/08 20:11:10 INFO SparkContext: Added file file:///home/***/.ivy2/jars/org.lz4_lz4-java-1.7.1.jar at file:///home/***/.ivy2/jars/org.lz4_lz4-java-1.7.1.jar with timestamp 1675887069308
[2023-02-08T20:11:10.042+0000] {spark_submit.py:495} INFO - 23/02/08 20:11:10 INFO Utils: Copying /home/***/.ivy2/jars/org.lz4_lz4-java-1.7.1.jar to /tmp/spark-628a77aa-e1e0-4d7a-92c7-387561433a7d/userFiles-9b9047a8-cf05-4749-b5b6-9bc0223da00b/org.lz4_lz4-java-1.7.1.jar
[2023-02-08T20:11:10.046+0000] {spark_submit.py:495} INFO - 23/02/08 20:11:10 INFO SparkContext: Added file file:///home/***/.ivy2/jars/org.xerial.snappy_snappy-java-1.1.8.2.jar at file:///home/***/.ivy2/jars/org.xerial.snappy_snappy-java-1.1.8.2.jar with timestamp 1675887069308
[2023-02-08T20:11:10.047+0000] {spark_submit.py:495} INFO - 23/02/08 20:11:10 INFO Utils: Copying /home/***/.ivy2/jars/org.xerial.snappy_snappy-java-1.1.8.2.jar to /tmp/spark-628a77aa-e1e0-4d7a-92c7-387561433a7d/userFiles-9b9047a8-cf05-4749-b5b6-9bc0223da00b/org.xerial.snappy_snappy-java-1.1.8.2.jar
[2023-02-08T20:11:10.052+0000] {spark_submit.py:495} INFO - 23/02/08 20:11:10 INFO SparkContext: Added file file:///home/***/.ivy2/jars/org.slf4j_slf4j-api-1.7.30.jar at file:///home/***/.ivy2/jars/org.slf4j_slf4j-api-1.7.30.jar with timestamp 1675887069308
[2023-02-08T20:11:10.052+0000] {spark_submit.py:495} INFO - 23/02/08 20:11:10 INFO Utils: Copying /home/***/.ivy2/jars/org.slf4j_slf4j-api-1.7.30.jar to /tmp/spark-628a77aa-e1e0-4d7a-92c7-387561433a7d/userFiles-9b9047a8-cf05-4749-b5b6-9bc0223da00b/org.slf4j_slf4j-api-1.7.30.jar
[2023-02-08T20:11:10.055+0000] {spark_submit.py:495} INFO - 23/02/08 20:11:10 INFO SparkContext: Added file file:///home/***/.ivy2/jars/org.mongodb_mongodb-driver-sync-4.0.5.jar at file:///home/***/.ivy2/jars/org.mongodb_mongodb-driver-sync-4.0.5.jar with timestamp 1675887069308
[2023-02-08T20:11:10.056+0000] {spark_submit.py:495} INFO - 23/02/08 20:11:10 INFO Utils: Copying /home/***/.ivy2/jars/org.mongodb_mongodb-driver-sync-4.0.5.jar to /tmp/spark-628a77aa-e1e0-4d7a-92c7-387561433a7d/userFiles-9b9047a8-cf05-4749-b5b6-9bc0223da00b/org.mongodb_mongodb-driver-sync-4.0.5.jar
[2023-02-08T20:11:10.058+0000] {spark_submit.py:495} INFO - 23/02/08 20:11:10 INFO SparkContext: Added file file:///home/***/.ivy2/jars/org.mongodb_bson-4.0.5.jar at file:///home/***/.ivy2/jars/org.mongodb_bson-4.0.5.jar with timestamp 1675887069308
[2023-02-08T20:11:10.059+0000] {spark_submit.py:495} INFO - 23/02/08 20:11:10 INFO Utils: Copying /home/***/.ivy2/jars/org.mongodb_bson-4.0.5.jar to /tmp/spark-628a77aa-e1e0-4d7a-92c7-387561433a7d/userFiles-9b9047a8-cf05-4749-b5b6-9bc0223da00b/org.mongodb_bson-4.0.5.jar
[2023-02-08T20:11:10.063+0000] {spark_submit.py:495} INFO - 23/02/08 20:11:10 INFO SparkContext: Added file file:///home/***/.ivy2/jars/org.mongodb_mongodb-driver-core-4.0.5.jar at file:///home/***/.ivy2/jars/org.mongodb_mongodb-driver-core-4.0.5.jar with timestamp 1675887069308
[2023-02-08T20:11:10.063+0000] {spark_submit.py:495} INFO - 23/02/08 20:11:10 INFO Utils: Copying /home/***/.ivy2/jars/org.mongodb_mongodb-driver-core-4.0.5.jar to /tmp/spark-628a77aa-e1e0-4d7a-92c7-387561433a7d/userFiles-9b9047a8-cf05-4749-b5b6-9bc0223da00b/org.mongodb_mongodb-driver-core-4.0.5.jar
[2023-02-08T20:11:10.116+0000] {spark_submit.py:495} INFO - 23/02/08 20:11:10 INFO Executor: Starting executor ID driver on host b55acaa82944
[2023-02-08T20:11:10.121+0000] {spark_submit.py:495} INFO - 23/02/08 20:11:10 INFO Executor: Starting executor with user classpath (userClassPathFirst = false): ''
[2023-02-08T20:11:10.131+0000] {spark_submit.py:495} INFO - 23/02/08 20:11:10 INFO Executor: Fetching file:///home/***/.ivy2/jars/org.apache.spark_spark-token-provider-kafka-0-10_2.12-3.1.3.jar with timestamp 1675887069308
[2023-02-08T20:11:10.148+0000] {spark_submit.py:495} INFO - 23/02/08 20:11:10 INFO Utils: /home/***/.ivy2/jars/org.apache.spark_spark-token-provider-kafka-0-10_2.12-3.1.3.jar has been previously copied to /tmp/spark-628a77aa-e1e0-4d7a-92c7-387561433a7d/userFiles-9b9047a8-cf05-4749-b5b6-9bc0223da00b/org.apache.spark_spark-token-provider-kafka-0-10_2.12-3.1.3.jar
[2023-02-08T20:11:10.161+0000] {spark_submit.py:495} INFO - 23/02/08 20:11:10 INFO Executor: Fetching file:///home/***/.ivy2/jars/org.mongodb_mongodb-driver-sync-4.0.5.jar with timestamp 1675887069308
[2023-02-08T20:11:10.161+0000] {spark_submit.py:495} INFO - 23/02/08 20:11:10 INFO Utils: /home/***/.ivy2/jars/org.mongodb_mongodb-driver-sync-4.0.5.jar has been previously copied to /tmp/spark-628a77aa-e1e0-4d7a-92c7-387561433a7d/userFiles-9b9047a8-cf05-4749-b5b6-9bc0223da00b/org.mongodb_mongodb-driver-sync-4.0.5.jar
[2023-02-08T20:11:10.165+0000] {spark_submit.py:495} INFO - 23/02/08 20:11:10 INFO Executor: Fetching file:///home/***/.ivy2/jars/org.apache.kafka_kafka-clients-2.6.0.jar with timestamp 1675887069308
[2023-02-08T20:11:10.178+0000] {spark_submit.py:495} INFO - 23/02/08 20:11:10 INFO Utils: /home/***/.ivy2/jars/org.apache.kafka_kafka-clients-2.6.0.jar has been previously copied to /tmp/spark-628a77aa-e1e0-4d7a-92c7-387561433a7d/userFiles-9b9047a8-cf05-4749-b5b6-9bc0223da00b/org.apache.kafka_kafka-clients-2.6.0.jar
[2023-02-08T20:11:10.182+0000] {spark_submit.py:495} INFO - 23/02/08 20:11:10 INFO Executor: Fetching file:///home/***/.ivy2/jars/org.mongodb_bson-4.0.5.jar with timestamp 1675887069308
[2023-02-08T20:11:10.183+0000] {spark_submit.py:495} INFO - 23/02/08 20:11:10 INFO Utils: /home/***/.ivy2/jars/org.mongodb_bson-4.0.5.jar has been previously copied to /tmp/spark-628a77aa-e1e0-4d7a-92c7-387561433a7d/userFiles-9b9047a8-cf05-4749-b5b6-9bc0223da00b/org.mongodb_bson-4.0.5.jar
[2023-02-08T20:11:10.194+0000] {spark_submit.py:495} INFO - 23/02/08 20:11:10 INFO Executor: Fetching file:///home/***/.ivy2/jars/com.github.luben_zstd-jni-1.4.8-1.jar with timestamp 1675887069308
[2023-02-08T20:11:10.199+0000] {spark_submit.py:495} INFO - 23/02/08 20:11:10 INFO Utils: /home/***/.ivy2/jars/com.github.luben_zstd-jni-1.4.8-1.jar has been previously copied to /tmp/spark-628a77aa-e1e0-4d7a-92c7-387561433a7d/userFiles-9b9047a8-cf05-4749-b5b6-9bc0223da00b/com.github.luben_zstd-jni-1.4.8-1.jar
[2023-02-08T20:11:10.203+0000] {spark_submit.py:495} INFO - 23/02/08 20:11:10 INFO Executor: Fetching file:///home/***/.ivy2/jars/org.lz4_lz4-java-1.7.1.jar with timestamp 1675887069308
[2023-02-08T20:11:10.204+0000] {spark_submit.py:495} INFO - 23/02/08 20:11:10 INFO Utils: /home/***/.ivy2/jars/org.lz4_lz4-java-1.7.1.jar has been previously copied to /tmp/spark-628a77aa-e1e0-4d7a-92c7-387561433a7d/userFiles-9b9047a8-cf05-4749-b5b6-9bc0223da00b/org.lz4_lz4-java-1.7.1.jar
[2023-02-08T20:11:10.207+0000] {spark_submit.py:495} INFO - 23/02/08 20:11:10 INFO Executor: Fetching file:///home/***/.ivy2/jars/org.spark-project.spark_unused-1.0.0.jar with timestamp 1675887069308
[2023-02-08T20:11:10.207+0000] {spark_submit.py:495} INFO - 23/02/08 20:11:10 INFO Utils: /home/***/.ivy2/jars/org.spark-project.spark_unused-1.0.0.jar has been previously copied to /tmp/spark-628a77aa-e1e0-4d7a-92c7-387561433a7d/userFiles-9b9047a8-cf05-4749-b5b6-9bc0223da00b/org.spark-project.spark_unused-1.0.0.jar
[2023-02-08T20:11:10.210+0000] {spark_submit.py:495} INFO - 23/02/08 20:11:10 INFO Executor: Fetching file:///home/***/.ivy2/jars/org.xerial.snappy_snappy-java-1.1.8.2.jar with timestamp 1675887069308
[2023-02-08T20:11:10.211+0000] {spark_submit.py:495} INFO - 23/02/08 20:11:10 INFO Utils: /home/***/.ivy2/jars/org.xerial.snappy_snappy-java-1.1.8.2.jar has been previously copied to /tmp/spark-628a77aa-e1e0-4d7a-92c7-387561433a7d/userFiles-9b9047a8-cf05-4749-b5b6-9bc0223da00b/org.xerial.snappy_snappy-java-1.1.8.2.jar
[2023-02-08T20:11:10.214+0000] {spark_submit.py:495} INFO - 23/02/08 20:11:10 INFO Executor: Fetching file:///home/***/.ivy2/jars/org.mongodb_mongodb-driver-core-4.0.5.jar with timestamp 1675887069308
[2023-02-08T20:11:10.216+0000] {spark_submit.py:495} INFO - 23/02/08 20:11:10 INFO Utils: /home/***/.ivy2/jars/org.mongodb_mongodb-driver-core-4.0.5.jar has been previously copied to /tmp/spark-628a77aa-e1e0-4d7a-92c7-387561433a7d/userFiles-9b9047a8-cf05-4749-b5b6-9bc0223da00b/org.mongodb_mongodb-driver-core-4.0.5.jar
[2023-02-08T20:11:10.218+0000] {spark_submit.py:495} INFO - 23/02/08 20:11:10 INFO Executor: Fetching file:///home/***/.ivy2/jars/org.apache.spark_spark-sql-kafka-0-10_2.12-3.1.3.jar with timestamp 1675887069308
[2023-02-08T20:11:10.219+0000] {spark_submit.py:495} INFO - 23/02/08 20:11:10 INFO Utils: /home/***/.ivy2/jars/org.apache.spark_spark-sql-kafka-0-10_2.12-3.1.3.jar has been previously copied to /tmp/spark-628a77aa-e1e0-4d7a-92c7-387561433a7d/userFiles-9b9047a8-cf05-4749-b5b6-9bc0223da00b/org.apache.spark_spark-sql-kafka-0-10_2.12-3.1.3.jar
[2023-02-08T20:11:10.221+0000] {spark_submit.py:495} INFO - 23/02/08 20:11:10 INFO Executor: Fetching file:///home/***/.ivy2/jars/org.mongodb.spark_mongo-spark-connector_2.12-3.0.1.jar with timestamp 1675887069308
[2023-02-08T20:11:10.222+0000] {spark_submit.py:495} INFO - 23/02/08 20:11:10 INFO Utils: /home/***/.ivy2/jars/org.mongodb.spark_mongo-spark-connector_2.12-3.0.1.jar has been previously copied to /tmp/spark-628a77aa-e1e0-4d7a-92c7-387561433a7d/userFiles-9b9047a8-cf05-4749-b5b6-9bc0223da00b/org.mongodb.spark_mongo-spark-connector_2.12-3.0.1.jar
[2023-02-08T20:11:10.224+0000] {spark_submit.py:495} INFO - 23/02/08 20:11:10 INFO Executor: Fetching file:///home/***/.ivy2/jars/org.apache.commons_commons-pool2-2.6.2.jar with timestamp 1675887069308
[2023-02-08T20:11:10.225+0000] {spark_submit.py:495} INFO - 23/02/08 20:11:10 INFO Utils: /home/***/.ivy2/jars/org.apache.commons_commons-pool2-2.6.2.jar has been previously copied to /tmp/spark-628a77aa-e1e0-4d7a-92c7-387561433a7d/userFiles-9b9047a8-cf05-4749-b5b6-9bc0223da00b/org.apache.commons_commons-pool2-2.6.2.jar
[2023-02-08T20:11:10.227+0000] {spark_submit.py:495} INFO - 23/02/08 20:11:10 INFO Executor: Fetching file:///home/***/.ivy2/jars/org.slf4j_slf4j-api-1.7.30.jar with timestamp 1675887069308
[2023-02-08T20:11:10.227+0000] {spark_submit.py:495} INFO - 23/02/08 20:11:10 INFO Utils: /home/***/.ivy2/jars/org.slf4j_slf4j-api-1.7.30.jar has been previously copied to /tmp/spark-628a77aa-e1e0-4d7a-92c7-387561433a7d/userFiles-9b9047a8-cf05-4749-b5b6-9bc0223da00b/org.slf4j_slf4j-api-1.7.30.jar
[2023-02-08T20:11:10.232+0000] {spark_submit.py:495} INFO - 23/02/08 20:11:10 INFO Executor: Fetching spark://b55acaa82944:43415/jars/org.apache.spark_spark-sql-kafka-0-10_2.12-3.1.3.jar with timestamp 1675887069308
[2023-02-08T20:11:10.261+0000] {spark_submit.py:495} INFO - 23/02/08 20:11:10 INFO TransportClientFactory: Successfully created connection to b55acaa82944/172.20.0.6:43415 after 18 ms (0 ms spent in bootstraps)
[2023-02-08T20:11:10.266+0000] {spark_submit.py:495} INFO - 23/02/08 20:11:10 INFO Utils: Fetching spark://b55acaa82944:43415/jars/org.apache.spark_spark-sql-kafka-0-10_2.12-3.1.3.jar to /tmp/spark-628a77aa-e1e0-4d7a-92c7-387561433a7d/userFiles-9b9047a8-cf05-4749-b5b6-9bc0223da00b/fetchFileTemp6419310466905616463.tmp
[2023-02-08T20:11:10.297+0000] {spark_submit.py:495} INFO - 23/02/08 20:11:10 INFO Utils: /tmp/spark-628a77aa-e1e0-4d7a-92c7-387561433a7d/userFiles-9b9047a8-cf05-4749-b5b6-9bc0223da00b/fetchFileTemp6419310466905616463.tmp has been previously copied to /tmp/spark-628a77aa-e1e0-4d7a-92c7-387561433a7d/userFiles-9b9047a8-cf05-4749-b5b6-9bc0223da00b/org.apache.spark_spark-sql-kafka-0-10_2.12-3.1.3.jar
[2023-02-08T20:11:10.301+0000] {spark_submit.py:495} INFO - 23/02/08 20:11:10 INFO Executor: Adding file:/tmp/spark-628a77aa-e1e0-4d7a-92c7-387561433a7d/userFiles-9b9047a8-cf05-4749-b5b6-9bc0223da00b/org.apache.spark_spark-sql-kafka-0-10_2.12-3.1.3.jar to class loader
[2023-02-08T20:11:10.301+0000] {spark_submit.py:495} INFO - 23/02/08 20:11:10 INFO Executor: Fetching spark://b55acaa82944:43415/jars/org.mongodb_mongodb-driver-sync-4.0.5.jar with timestamp 1675887069308
[2023-02-08T20:11:10.301+0000] {spark_submit.py:495} INFO - 23/02/08 20:11:10 INFO Utils: Fetching spark://b55acaa82944:43415/jars/org.mongodb_mongodb-driver-sync-4.0.5.jar to /tmp/spark-628a77aa-e1e0-4d7a-92c7-387561433a7d/userFiles-9b9047a8-cf05-4749-b5b6-9bc0223da00b/fetchFileTemp3078633233154831286.tmp
[2023-02-08T20:11:10.303+0000] {spark_submit.py:495} INFO - 23/02/08 20:11:10 INFO Utils: /tmp/spark-628a77aa-e1e0-4d7a-92c7-387561433a7d/userFiles-9b9047a8-cf05-4749-b5b6-9bc0223da00b/fetchFileTemp3078633233154831286.tmp has been previously copied to /tmp/spark-628a77aa-e1e0-4d7a-92c7-387561433a7d/userFiles-9b9047a8-cf05-4749-b5b6-9bc0223da00b/org.mongodb_mongodb-driver-sync-4.0.5.jar
[2023-02-08T20:11:10.305+0000] {spark_submit.py:495} INFO - 23/02/08 20:11:10 INFO Executor: Adding file:/tmp/spark-628a77aa-e1e0-4d7a-92c7-387561433a7d/userFiles-9b9047a8-cf05-4749-b5b6-9bc0223da00b/org.mongodb_mongodb-driver-sync-4.0.5.jar to class loader
[2023-02-08T20:11:10.305+0000] {spark_submit.py:495} INFO - 23/02/08 20:11:10 INFO Executor: Fetching spark://b55acaa82944:43415/jars/org.slf4j_slf4j-api-1.7.30.jar with timestamp 1675887069308
[2023-02-08T20:11:10.306+0000] {spark_submit.py:495} INFO - 23/02/08 20:11:10 INFO Utils: Fetching spark://b55acaa82944:43415/jars/org.slf4j_slf4j-api-1.7.30.jar to /tmp/spark-628a77aa-e1e0-4d7a-92c7-387561433a7d/userFiles-9b9047a8-cf05-4749-b5b6-9bc0223da00b/fetchFileTemp911896630298457806.tmp
[2023-02-08T20:11:10.307+0000] {spark_submit.py:495} INFO - 23/02/08 20:11:10 INFO Utils: /tmp/spark-628a77aa-e1e0-4d7a-92c7-387561433a7d/userFiles-9b9047a8-cf05-4749-b5b6-9bc0223da00b/fetchFileTemp911896630298457806.tmp has been previously copied to /tmp/spark-628a77aa-e1e0-4d7a-92c7-387561433a7d/userFiles-9b9047a8-cf05-4749-b5b6-9bc0223da00b/org.slf4j_slf4j-api-1.7.30.jar
[2023-02-08T20:11:10.309+0000] {spark_submit.py:495} INFO - 23/02/08 20:11:10 INFO Executor: Adding file:/tmp/spark-628a77aa-e1e0-4d7a-92c7-387561433a7d/userFiles-9b9047a8-cf05-4749-b5b6-9bc0223da00b/org.slf4j_slf4j-api-1.7.30.jar to class loader
[2023-02-08T20:11:10.309+0000] {spark_submit.py:495} INFO - 23/02/08 20:11:10 INFO Executor: Fetching spark://b55acaa82944:43415/jars/com.github.luben_zstd-jni-1.4.8-1.jar with timestamp 1675887069308
[2023-02-08T20:11:10.310+0000] {spark_submit.py:495} INFO - 23/02/08 20:11:10 INFO Utils: Fetching spark://b55acaa82944:43415/jars/com.github.luben_zstd-jni-1.4.8-1.jar to /tmp/spark-628a77aa-e1e0-4d7a-92c7-387561433a7d/userFiles-9b9047a8-cf05-4749-b5b6-9bc0223da00b/fetchFileTemp9191504528630004121.tmp
[2023-02-08T20:11:10.329+0000] {spark_submit.py:495} INFO - 23/02/08 20:11:10 INFO Utils: /tmp/spark-628a77aa-e1e0-4d7a-92c7-387561433a7d/userFiles-9b9047a8-cf05-4749-b5b6-9bc0223da00b/fetchFileTemp9191504528630004121.tmp has been previously copied to /tmp/spark-628a77aa-e1e0-4d7a-92c7-387561433a7d/userFiles-9b9047a8-cf05-4749-b5b6-9bc0223da00b/com.github.luben_zstd-jni-1.4.8-1.jar
[2023-02-08T20:11:10.343+0000] {spark_submit.py:495} INFO - 23/02/08 20:11:10 INFO Executor: Adding file:/tmp/spark-628a77aa-e1e0-4d7a-92c7-387561433a7d/userFiles-9b9047a8-cf05-4749-b5b6-9bc0223da00b/com.github.luben_zstd-jni-1.4.8-1.jar to class loader
[2023-02-08T20:11:10.343+0000] {spark_submit.py:495} INFO - 23/02/08 20:11:10 INFO Executor: Fetching spark://b55acaa82944:43415/jars/org.mongodb_bson-4.0.5.jar with timestamp 1675887069308
[2023-02-08T20:11:10.343+0000] {spark_submit.py:495} INFO - 23/02/08 20:11:10 INFO Utils: Fetching spark://b55acaa82944:43415/jars/org.mongodb_bson-4.0.5.jar to /tmp/spark-628a77aa-e1e0-4d7a-92c7-387561433a7d/userFiles-9b9047a8-cf05-4749-b5b6-9bc0223da00b/fetchFileTemp3682702841973821311.tmp
[2023-02-08T20:11:10.346+0000] {spark_submit.py:495} INFO - 23/02/08 20:11:10 INFO Utils: /tmp/spark-628a77aa-e1e0-4d7a-92c7-387561433a7d/userFiles-9b9047a8-cf05-4749-b5b6-9bc0223da00b/fetchFileTemp3682702841973821311.tmp has been previously copied to /tmp/spark-628a77aa-e1e0-4d7a-92c7-387561433a7d/userFiles-9b9047a8-cf05-4749-b5b6-9bc0223da00b/org.mongodb_bson-4.0.5.jar
[2023-02-08T20:11:10.349+0000] {spark_submit.py:495} INFO - 23/02/08 20:11:10 INFO Executor: Adding file:/tmp/spark-628a77aa-e1e0-4d7a-92c7-387561433a7d/userFiles-9b9047a8-cf05-4749-b5b6-9bc0223da00b/org.mongodb_bson-4.0.5.jar to class loader
[2023-02-08T20:11:10.349+0000] {spark_submit.py:495} INFO - 23/02/08 20:11:10 INFO Executor: Fetching spark://b55acaa82944:43415/jars/org.mongodb_mongodb-driver-core-4.0.5.jar with timestamp 1675887069308
[2023-02-08T20:11:10.349+0000] {spark_submit.py:495} INFO - 23/02/08 20:11:10 INFO Utils: Fetching spark://b55acaa82944:43415/jars/org.mongodb_mongodb-driver-core-4.0.5.jar to /tmp/spark-628a77aa-e1e0-4d7a-92c7-387561433a7d/userFiles-9b9047a8-cf05-4749-b5b6-9bc0223da00b/fetchFileTemp15648844157707115717.tmp
[2023-02-08T20:11:10.355+0000] {spark_submit.py:495} INFO - 23/02/08 20:11:10 INFO Utils: /tmp/spark-628a77aa-e1e0-4d7a-92c7-387561433a7d/userFiles-9b9047a8-cf05-4749-b5b6-9bc0223da00b/fetchFileTemp15648844157707115717.tmp has been previously copied to /tmp/spark-628a77aa-e1e0-4d7a-92c7-387561433a7d/userFiles-9b9047a8-cf05-4749-b5b6-9bc0223da00b/org.mongodb_mongodb-driver-core-4.0.5.jar
[2023-02-08T20:11:10.360+0000] {spark_submit.py:495} INFO - 23/02/08 20:11:10 INFO Executor: Adding file:/tmp/spark-628a77aa-e1e0-4d7a-92c7-387561433a7d/userFiles-9b9047a8-cf05-4749-b5b6-9bc0223da00b/org.mongodb_mongodb-driver-core-4.0.5.jar to class loader
[2023-02-08T20:11:10.360+0000] {spark_submit.py:495} INFO - 23/02/08 20:11:10 INFO Executor: Fetching spark://b55acaa82944:43415/jars/org.xerial.snappy_snappy-java-1.1.8.2.jar with timestamp 1675887069308
[2023-02-08T20:11:10.360+0000] {spark_submit.py:495} INFO - 23/02/08 20:11:10 INFO Utils: Fetching spark://b55acaa82944:43415/jars/org.xerial.snappy_snappy-java-1.1.8.2.jar to /tmp/spark-628a77aa-e1e0-4d7a-92c7-387561433a7d/userFiles-9b9047a8-cf05-4749-b5b6-9bc0223da00b/fetchFileTemp3058048381524963418.tmp
[2023-02-08T20:11:10.367+0000] {spark_submit.py:495} INFO - 23/02/08 20:11:10 INFO Utils: /tmp/spark-628a77aa-e1e0-4d7a-92c7-387561433a7d/userFiles-9b9047a8-cf05-4749-b5b6-9bc0223da00b/fetchFileTemp3058048381524963418.tmp has been previously copied to /tmp/spark-628a77aa-e1e0-4d7a-92c7-387561433a7d/userFiles-9b9047a8-cf05-4749-b5b6-9bc0223da00b/org.xerial.snappy_snappy-java-1.1.8.2.jar
[2023-02-08T20:11:10.373+0000] {spark_submit.py:495} INFO - 23/02/08 20:11:10 INFO Executor: Adding file:/tmp/spark-628a77aa-e1e0-4d7a-92c7-387561433a7d/userFiles-9b9047a8-cf05-4749-b5b6-9bc0223da00b/org.xerial.snappy_snappy-java-1.1.8.2.jar to class loader
[2023-02-08T20:11:10.373+0000] {spark_submit.py:495} INFO - 23/02/08 20:11:10 INFO Executor: Fetching spark://b55acaa82944:43415/jars/org.spark-project.spark_unused-1.0.0.jar with timestamp 1675887069308
[2023-02-08T20:11:10.373+0000] {spark_submit.py:495} INFO - 23/02/08 20:11:10 INFO Utils: Fetching spark://b55acaa82944:43415/jars/org.spark-project.spark_unused-1.0.0.jar to /tmp/spark-628a77aa-e1e0-4d7a-92c7-387561433a7d/userFiles-9b9047a8-cf05-4749-b5b6-9bc0223da00b/fetchFileTemp8027072624214464610.tmp
[2023-02-08T20:11:10.377+0000] {spark_submit.py:495} INFO - 23/02/08 20:11:10 INFO Utils: /tmp/spark-628a77aa-e1e0-4d7a-92c7-387561433a7d/userFiles-9b9047a8-cf05-4749-b5b6-9bc0223da00b/fetchFileTemp8027072624214464610.tmp has been previously copied to /tmp/spark-628a77aa-e1e0-4d7a-92c7-387561433a7d/userFiles-9b9047a8-cf05-4749-b5b6-9bc0223da00b/org.spark-project.spark_unused-1.0.0.jar
[2023-02-08T20:11:10.380+0000] {spark_submit.py:495} INFO - 23/02/08 20:11:10 INFO Executor: Adding file:/tmp/spark-628a77aa-e1e0-4d7a-92c7-387561433a7d/userFiles-9b9047a8-cf05-4749-b5b6-9bc0223da00b/org.spark-project.spark_unused-1.0.0.jar to class loader
[2023-02-08T20:11:10.380+0000] {spark_submit.py:495} INFO - 23/02/08 20:11:10 INFO Executor: Fetching spark://b55acaa82944:43415/jars/org.apache.spark_spark-token-provider-kafka-0-10_2.12-3.1.3.jar with timestamp 1675887069308
[2023-02-08T20:11:10.380+0000] {spark_submit.py:495} INFO - 23/02/08 20:11:10 INFO Utils: Fetching spark://b55acaa82944:43415/jars/org.apache.spark_spark-token-provider-kafka-0-10_2.12-3.1.3.jar to /tmp/spark-628a77aa-e1e0-4d7a-92c7-387561433a7d/userFiles-9b9047a8-cf05-4749-b5b6-9bc0223da00b/fetchFileTemp10906283016626323548.tmp
[2023-02-08T20:11:10.381+0000] {spark_submit.py:495} INFO - 23/02/08 20:11:10 INFO Utils: /tmp/spark-628a77aa-e1e0-4d7a-92c7-387561433a7d/userFiles-9b9047a8-cf05-4749-b5b6-9bc0223da00b/fetchFileTemp10906283016626323548.tmp has been previously copied to /tmp/spark-628a77aa-e1e0-4d7a-92c7-387561433a7d/userFiles-9b9047a8-cf05-4749-b5b6-9bc0223da00b/org.apache.spark_spark-token-provider-kafka-0-10_2.12-3.1.3.jar
[2023-02-08T20:11:10.384+0000] {spark_submit.py:495} INFO - 23/02/08 20:11:10 INFO Executor: Adding file:/tmp/spark-628a77aa-e1e0-4d7a-92c7-387561433a7d/userFiles-9b9047a8-cf05-4749-b5b6-9bc0223da00b/org.apache.spark_spark-token-provider-kafka-0-10_2.12-3.1.3.jar to class loader
[2023-02-08T20:11:10.384+0000] {spark_submit.py:495} INFO - 23/02/08 20:11:10 INFO Executor: Fetching spark://b55acaa82944:43415/jars/org.apache.kafka_kafka-clients-2.6.0.jar with timestamp 1675887069308
[2023-02-08T20:11:10.385+0000] {spark_submit.py:495} INFO - 23/02/08 20:11:10 INFO Utils: Fetching spark://b55acaa82944:43415/jars/org.apache.kafka_kafka-clients-2.6.0.jar to /tmp/spark-628a77aa-e1e0-4d7a-92c7-387561433a7d/userFiles-9b9047a8-cf05-4749-b5b6-9bc0223da00b/fetchFileTemp15889354179720573377.tmp
[2023-02-08T20:11:10.395+0000] {spark_submit.py:495} INFO - 23/02/08 20:11:10 INFO Utils: /tmp/spark-628a77aa-e1e0-4d7a-92c7-387561433a7d/userFiles-9b9047a8-cf05-4749-b5b6-9bc0223da00b/fetchFileTemp15889354179720573377.tmp has been previously copied to /tmp/spark-628a77aa-e1e0-4d7a-92c7-387561433a7d/userFiles-9b9047a8-cf05-4749-b5b6-9bc0223da00b/org.apache.kafka_kafka-clients-2.6.0.jar
[2023-02-08T20:11:10.404+0000] {spark_submit.py:495} INFO - 23/02/08 20:11:10 INFO Executor: Adding file:/tmp/spark-628a77aa-e1e0-4d7a-92c7-387561433a7d/userFiles-9b9047a8-cf05-4749-b5b6-9bc0223da00b/org.apache.kafka_kafka-clients-2.6.0.jar to class loader
[2023-02-08T20:11:10.405+0000] {spark_submit.py:495} INFO - 23/02/08 20:11:10 INFO Executor: Fetching spark://b55acaa82944:43415/jars/org.lz4_lz4-java-1.7.1.jar with timestamp 1675887069308
[2023-02-08T20:11:10.405+0000] {spark_submit.py:495} INFO - 23/02/08 20:11:10 INFO Utils: Fetching spark://b55acaa82944:43415/jars/org.lz4_lz4-java-1.7.1.jar to /tmp/spark-628a77aa-e1e0-4d7a-92c7-387561433a7d/userFiles-9b9047a8-cf05-4749-b5b6-9bc0223da00b/fetchFileTemp11958097677333939615.tmp
[2023-02-08T20:11:10.409+0000] {spark_submit.py:495} INFO - 23/02/08 20:11:10 INFO Utils: /tmp/spark-628a77aa-e1e0-4d7a-92c7-387561433a7d/userFiles-9b9047a8-cf05-4749-b5b6-9bc0223da00b/fetchFileTemp11958097677333939615.tmp has been previously copied to /tmp/spark-628a77aa-e1e0-4d7a-92c7-387561433a7d/userFiles-9b9047a8-cf05-4749-b5b6-9bc0223da00b/org.lz4_lz4-java-1.7.1.jar
[2023-02-08T20:11:10.417+0000] {spark_submit.py:495} INFO - 23/02/08 20:11:10 INFO Executor: Adding file:/tmp/spark-628a77aa-e1e0-4d7a-92c7-387561433a7d/userFiles-9b9047a8-cf05-4749-b5b6-9bc0223da00b/org.lz4_lz4-java-1.7.1.jar to class loader
[2023-02-08T20:11:10.417+0000] {spark_submit.py:495} INFO - 23/02/08 20:11:10 INFO Executor: Fetching spark://b55acaa82944:43415/jars/org.apache.commons_commons-pool2-2.6.2.jar with timestamp 1675887069308
[2023-02-08T20:11:10.417+0000] {spark_submit.py:495} INFO - 23/02/08 20:11:10 INFO Utils: Fetching spark://b55acaa82944:43415/jars/org.apache.commons_commons-pool2-2.6.2.jar to /tmp/spark-628a77aa-e1e0-4d7a-92c7-387561433a7d/userFiles-9b9047a8-cf05-4749-b5b6-9bc0223da00b/fetchFileTemp4808036326488266400.tmp
[2023-02-08T20:11:10.428+0000] {spark_submit.py:495} INFO - 23/02/08 20:11:10 INFO Utils: /tmp/spark-628a77aa-e1e0-4d7a-92c7-387561433a7d/userFiles-9b9047a8-cf05-4749-b5b6-9bc0223da00b/fetchFileTemp4808036326488266400.tmp has been previously copied to /tmp/spark-628a77aa-e1e0-4d7a-92c7-387561433a7d/userFiles-9b9047a8-cf05-4749-b5b6-9bc0223da00b/org.apache.commons_commons-pool2-2.6.2.jar
[2023-02-08T20:11:10.431+0000] {spark_submit.py:495} INFO - 23/02/08 20:11:10 INFO Executor: Adding file:/tmp/spark-628a77aa-e1e0-4d7a-92c7-387561433a7d/userFiles-9b9047a8-cf05-4749-b5b6-9bc0223da00b/org.apache.commons_commons-pool2-2.6.2.jar to class loader
[2023-02-08T20:11:10.431+0000] {spark_submit.py:495} INFO - 23/02/08 20:11:10 INFO Executor: Fetching spark://b55acaa82944:43415/jars/org.mongodb.spark_mongo-spark-connector_2.12-3.0.1.jar with timestamp 1675887069308
[2023-02-08T20:11:10.432+0000] {spark_submit.py:495} INFO - 23/02/08 20:11:10 INFO Utils: Fetching spark://b55acaa82944:43415/jars/org.mongodb.spark_mongo-spark-connector_2.12-3.0.1.jar to /tmp/spark-628a77aa-e1e0-4d7a-92c7-387561433a7d/userFiles-9b9047a8-cf05-4749-b5b6-9bc0223da00b/fetchFileTemp7592255490276820767.tmp
[2023-02-08T20:11:10.434+0000] {spark_submit.py:495} INFO - 23/02/08 20:11:10 INFO Utils: /tmp/spark-628a77aa-e1e0-4d7a-92c7-387561433a7d/userFiles-9b9047a8-cf05-4749-b5b6-9bc0223da00b/fetchFileTemp7592255490276820767.tmp has been previously copied to /tmp/spark-628a77aa-e1e0-4d7a-92c7-387561433a7d/userFiles-9b9047a8-cf05-4749-b5b6-9bc0223da00b/org.mongodb.spark_mongo-spark-connector_2.12-3.0.1.jar
[2023-02-08T20:11:10.444+0000] {spark_submit.py:495} INFO - 23/02/08 20:11:10 INFO Executor: Adding file:/tmp/spark-628a77aa-e1e0-4d7a-92c7-387561433a7d/userFiles-9b9047a8-cf05-4749-b5b6-9bc0223da00b/org.mongodb.spark_mongo-spark-connector_2.12-3.0.1.jar to class loader
[2023-02-08T20:11:10.449+0000] {spark_submit.py:495} INFO - 23/02/08 20:11:10 INFO Utils: Successfully started service 'org.apache.spark.network.netty.NettyBlockTransferService' on port 40277.
[2023-02-08T20:11:10.449+0000] {spark_submit.py:495} INFO - 23/02/08 20:11:10 INFO NettyBlockTransferService: Server created on b55acaa82944:40277
[2023-02-08T20:11:10.450+0000] {spark_submit.py:495} INFO - 23/02/08 20:11:10 INFO BlockManager: Using org.apache.spark.storage.RandomBlockReplicationPolicy for block replication policy
[2023-02-08T20:11:10.455+0000] {spark_submit.py:495} INFO - 23/02/08 20:11:10 INFO BlockManagerMaster: Registering BlockManager BlockManagerId(driver, b55acaa82944, 40277, None)
[2023-02-08T20:11:10.458+0000] {spark_submit.py:495} INFO - 23/02/08 20:11:10 INFO BlockManagerMasterEndpoint: Registering block manager b55acaa82944:40277 with 434.4 MiB RAM, BlockManagerId(driver, b55acaa82944, 40277, None)
[2023-02-08T20:11:10.459+0000] {spark_submit.py:495} INFO - 23/02/08 20:11:10 INFO BlockManagerMaster: Registered BlockManager BlockManagerId(driver, b55acaa82944, 40277, None)
[2023-02-08T20:11:10.460+0000] {spark_submit.py:495} INFO - 23/02/08 20:11:10 INFO BlockManager: Initialized BlockManager: BlockManagerId(driver, b55acaa82944, 40277, None)
[2023-02-08T20:11:13.748+0000] {spark_submit.py:495} INFO - 2023-02-08 20:11:13,748 - py4j.java_gateway - INFO - Callback Server Starting
[2023-02-08T20:11:13.748+0000] {spark_submit.py:495} INFO - 2023-02-08 20:11:13,748 - py4j.java_gateway - INFO - Socket listening on ('127.0.0.1', 45073)
[2023-02-08T20:11:18.359+0000] {spark_submit.py:495} INFO - 2023-02-08 20:11:18,359 - py4j.clientserver - INFO - Python Server ready to receive messages
[2023-02-08T20:11:18.359+0000] {spark_submit.py:495} INFO - 2023-02-08 20:11:18,359 - py4j.clientserver - INFO - Received command c on object id p0
[2023-02-08T20:11:18.826+0000] {spark_submit.py:495} INFO - -------------------------------------------
[2023-02-08T20:11:18.826+0000] {spark_submit.py:495} INFO - Batch: 0
[2023-02-08T20:11:18.826+0000] {spark_submit.py:495} INFO - -------------------------------------------
[2023-02-08T20:11:19.001+0000] {spark_submit.py:495} INFO - +---+-------------+-----+-------------+----------+----------------+------------+-----------------+--------------+-------------+
[2023-02-08T20:11:19.001+0000] {spark_submit.py:495} INFO - |id |nameOfProduct|price|ProductStatus|SellerName|RegistrationDate|QuantitySold|QuantityAvailable|Free shipping?|Store ratings|
[2023-02-08T20:11:19.001+0000] {spark_submit.py:495} INFO - +---+-------------+-----+-------------+----------+----------------+------------+-----------------+--------------+-------------+
[2023-02-08T20:11:19.001+0000] {spark_submit.py:495} INFO - +---+-------------+-----+-------------+----------+----------------+------------+-----------------+--------------+-------------+
[2023-02-08T20:11:19.001+0000] {spark_submit.py:495} INFO - 
[2023-02-08T20:11:34.379+0000] {taskinstance.py:1327} INFO - Marking task as SUCCESS. dag_id=Streaming_pipeline_meli, task_id=consumer_data_of_topic, execution_date=20230208T201103, start_date=20230208T201105, end_date=20230208T201134
[2023-02-08T20:11:34.452+0000] {local_task_job.py:159} INFO - Task exited with return code 0
[2023-02-08T20:11:34.472+0000] {taskinstance.py:2582} INFO - 0 downstream tasks scheduled from follow-on schedule check
