[2023-01-31T20:47:35.987+0000] {taskinstance.py:1087} INFO - Dependencies all met for <TaskInstance: Streaming_pipeline_meli.consumer_data_of_topic manual__2023-01-31T16:01:06.868325+00:00 [queued]>
[2023-01-31T20:47:35.996+0000] {taskinstance.py:1087} INFO - Dependencies all met for <TaskInstance: Streaming_pipeline_meli.consumer_data_of_topic manual__2023-01-31T16:01:06.868325+00:00 [queued]>
[2023-01-31T20:47:35.997+0000] {taskinstance.py:1283} INFO - 
--------------------------------------------------------------------------------
[2023-01-31T20:47:35.997+0000] {taskinstance.py:1284} INFO - Starting attempt 3 of 8
[2023-01-31T20:47:35.997+0000] {taskinstance.py:1285} INFO - 
--------------------------------------------------------------------------------
[2023-01-31T20:47:36.010+0000] {taskinstance.py:1304} INFO - Executing <Task(SparkSubmitOperator): consumer_data_of_topic> on 2023-01-31 16:01:06.868325+00:00
[2023-01-31T20:47:36.014+0000] {standard_task_runner.py:55} INFO - Started process 22391 to run task
[2023-01-31T20:47:36.016+0000] {standard_task_runner.py:82} INFO - Running: ['***', 'tasks', 'run', 'Streaming_pipeline_meli', 'consumer_data_of_topic', 'manual__2023-01-31T16:01:06.868325+00:00', '--job-id', '1338', '--raw', '--subdir', 'DAGS_FOLDER/streamPipeline.py', '--cfg-path', '/tmp/tmpkf7puf2p']
[2023-01-31T20:47:36.017+0000] {standard_task_runner.py:83} INFO - Job 1338: Subtask consumer_data_of_topic
[2023-01-31T20:47:36.067+0000] {task_command.py:389} INFO - Running <TaskInstance: Streaming_pipeline_meli.consumer_data_of_topic manual__2023-01-31T16:01:06.868325+00:00 [running]> on host 15c99fd3082a
[2023-01-31T20:47:36.129+0000] {taskinstance.py:1513} INFO - Exporting the following env vars:
AIRFLOW_CTX_DAG_OWNER=***
AIRFLOW_CTX_DAG_ID=Streaming_pipeline_meli
AIRFLOW_CTX_TASK_ID=consumer_data_of_topic
AIRFLOW_CTX_EXECUTION_DATE=2023-01-31T16:01:06.868325+00:00
AIRFLOW_CTX_TRY_NUMBER=3
AIRFLOW_CTX_DAG_RUN_ID=manual__2023-01-31T16:01:06.868325+00:00
[2023-01-31T20:47:36.136+0000] {base.py:73} INFO - Using connection ID 'spark_default' for task execution.
[2023-01-31T20:47:36.137+0000] {spark_submit.py:344} INFO - Spark-Submit cmd: spark-submit --master spark://tomi-H310:7077 --packages org.apache.spark:spark-sql-kafka-0-10_2.12:3.1.3,org.mongodb.spark:mongo-spark-connector_2.12:3.0.1 --name arrow-spark --queue root.default /opt/***/dags/consumerSpark.py
[2023-01-31T20:47:36.241+0000] {spark_submit.py:495} INFO - /home/***/.local/lib/python3.7/site-packages/pyspark/bin/load-spark-env.sh: line 68: ps: command not found
[2023-01-31T20:47:38.251+0000] {spark_submit.py:495} INFO - :: loading settings :: url = jar:file:/home/***/.local/lib/python3.7/site-packages/pyspark/jars/ivy-2.5.0.jar!/org/apache/ivy/core/settings/ivysettings.xml
[2023-01-31T20:47:38.326+0000] {spark_submit.py:495} INFO - Ivy Default Cache set to: /home/***/.ivy2/cache
[2023-01-31T20:47:38.327+0000] {spark_submit.py:495} INFO - The jars for the packages stored in: /home/***/.ivy2/jars
[2023-01-31T20:47:38.330+0000] {spark_submit.py:495} INFO - org.apache.spark#spark-sql-kafka-0-10_2.12 added as a dependency
[2023-01-31T20:47:38.331+0000] {spark_submit.py:495} INFO - org.mongodb.spark#mongo-spark-connector_2.12 added as a dependency
[2023-01-31T20:47:38.332+0000] {spark_submit.py:495} INFO - :: resolving dependencies :: org.apache.spark#spark-submit-parent-d4014036-da04-4968-ad94-80c7db94be7b;1.0
[2023-01-31T20:47:38.332+0000] {spark_submit.py:495} INFO - confs: [default]
[2023-01-31T20:47:38.484+0000] {spark_submit.py:495} INFO - found org.apache.spark#spark-sql-kafka-0-10_2.12;3.1.3 in central
[2023-01-31T20:47:38.533+0000] {spark_submit.py:495} INFO - found org.apache.spark#spark-token-provider-kafka-0-10_2.12;3.1.3 in central
[2023-01-31T20:47:38.555+0000] {spark_submit.py:495} INFO - found org.apache.kafka#kafka-clients;2.6.0 in central
[2023-01-31T20:47:38.575+0000] {spark_submit.py:495} INFO - found com.github.luben#zstd-jni;1.4.8-1 in central
[2023-01-31T20:47:38.590+0000] {spark_submit.py:495} INFO - found org.lz4#lz4-java;1.7.1 in central
[2023-01-31T20:47:38.605+0000] {spark_submit.py:495} INFO - found org.xerial.snappy#snappy-java;1.1.8.2 in central
[2023-01-31T20:47:38.618+0000] {spark_submit.py:495} INFO - found org.slf4j#slf4j-api;1.7.30 in central
[2023-01-31T20:47:38.631+0000] {spark_submit.py:495} INFO - found org.spark-project.spark#unused;1.0.0 in central
[2023-01-31T20:47:38.645+0000] {spark_submit.py:495} INFO - found org.apache.commons#commons-pool2;2.6.2 in central
[2023-01-31T20:47:38.655+0000] {spark_submit.py:495} INFO - found org.mongodb.spark#mongo-spark-connector_2.12;3.0.1 in central
[2023-01-31T20:47:38.696+0000] {spark_submit.py:495} INFO - found org.mongodb#mongodb-driver-sync;4.0.5 in central
[2023-01-31T20:47:38.696+0000] {spark_submit.py:495} INFO - found org.mongodb#bson;4.0.5 in central
[2023-01-31T20:47:38.703+0000] {spark_submit.py:495} INFO - found org.mongodb#mongodb-driver-core;4.0.5 in central
[2023-01-31T20:47:38.738+0000] {spark_submit.py:495} INFO - :: resolution report :: resolve 385ms :: artifacts dl 17ms
[2023-01-31T20:47:38.738+0000] {spark_submit.py:495} INFO - :: modules in use:
[2023-01-31T20:47:38.739+0000] {spark_submit.py:495} INFO - com.github.luben#zstd-jni;1.4.8-1 from central in [default]
[2023-01-31T20:47:38.739+0000] {spark_submit.py:495} INFO - org.apache.commons#commons-pool2;2.6.2 from central in [default]
[2023-01-31T20:47:38.739+0000] {spark_submit.py:495} INFO - org.apache.kafka#kafka-clients;2.6.0 from central in [default]
[2023-01-31T20:47:38.739+0000] {spark_submit.py:495} INFO - org.apache.spark#spark-sql-kafka-0-10_2.12;3.1.3 from central in [default]
[2023-01-31T20:47:38.739+0000] {spark_submit.py:495} INFO - org.apache.spark#spark-token-provider-kafka-0-10_2.12;3.1.3 from central in [default]
[2023-01-31T20:47:38.739+0000] {spark_submit.py:495} INFO - org.lz4#lz4-java;1.7.1 from central in [default]
[2023-01-31T20:47:38.740+0000] {spark_submit.py:495} INFO - org.mongodb#bson;4.0.5 from central in [default]
[2023-01-31T20:47:38.740+0000] {spark_submit.py:495} INFO - org.mongodb#mongodb-driver-core;4.0.5 from central in [default]
[2023-01-31T20:47:38.740+0000] {spark_submit.py:495} INFO - org.mongodb#mongodb-driver-sync;4.0.5 from central in [default]
[2023-01-31T20:47:38.740+0000] {spark_submit.py:495} INFO - org.mongodb.spark#mongo-spark-connector_2.12;3.0.1 from central in [default]
[2023-01-31T20:47:38.740+0000] {spark_submit.py:495} INFO - org.slf4j#slf4j-api;1.7.30 from central in [default]
[2023-01-31T20:47:38.740+0000] {spark_submit.py:495} INFO - org.spark-project.spark#unused;1.0.0 from central in [default]
[2023-01-31T20:47:38.740+0000] {spark_submit.py:495} INFO - org.xerial.snappy#snappy-java;1.1.8.2 from central in [default]
[2023-01-31T20:47:38.740+0000] {spark_submit.py:495} INFO - ---------------------------------------------------------------------
[2023-01-31T20:47:38.741+0000] {spark_submit.py:495} INFO - |                  |            modules            ||   artifacts   |
[2023-01-31T20:47:38.741+0000] {spark_submit.py:495} INFO - |       conf       | number| search|dwnlded|evicted|| number|dwnlded|
[2023-01-31T20:47:38.741+0000] {spark_submit.py:495} INFO - ---------------------------------------------------------------------
[2023-01-31T20:47:38.741+0000] {spark_submit.py:495} INFO - |      default     |   13  |   0   |   0   |   0   ||   13  |   0   |
[2023-01-31T20:47:38.741+0000] {spark_submit.py:495} INFO - ---------------------------------------------------------------------
[2023-01-31T20:47:38.741+0000] {spark_submit.py:495} INFO - :: retrieving :: org.apache.spark#spark-submit-parent-d4014036-da04-4968-ad94-80c7db94be7b
[2023-01-31T20:47:38.741+0000] {spark_submit.py:495} INFO - confs: [default]
[2023-01-31T20:47:38.753+0000] {spark_submit.py:495} INFO - 0 artifacts copied, 13 already retrieved (0kB/12ms)
[2023-01-31T20:47:38.998+0000] {spark_submit.py:495} INFO - 23/01/31 20:47:38 WARN NativeCodeLoader: Unable to load native-hadoop library for your platform... using builtin-java classes where applicable
[2023-01-31T20:47:39.973+0000] {spark_submit.py:495} INFO - 23/01/31 20:47:39 INFO SparkContext: Running Spark version 3.3.1
[2023-01-31T20:47:39.997+0000] {spark_submit.py:495} INFO - 23/01/31 20:47:39 INFO ResourceUtils: ==============================================================
[2023-01-31T20:47:39.997+0000] {spark_submit.py:495} INFO - 23/01/31 20:47:39 INFO ResourceUtils: No custom resources configured for spark.driver.
[2023-01-31T20:47:39.998+0000] {spark_submit.py:495} INFO - 23/01/31 20:47:39 INFO ResourceUtils: ==============================================================
[2023-01-31T20:47:39.998+0000] {spark_submit.py:495} INFO - 23/01/31 20:47:39 INFO SparkContext: Submitted application: arrow-spark
[2023-01-31T20:47:40.022+0000] {spark_submit.py:495} INFO - 23/01/31 20:47:40 INFO ResourceProfile: Default ResourceProfile created, executor resources: Map(cores -> name: cores, amount: 1, script: , vendor: , memory -> name: memory, amount: 1024, script: , vendor: , offHeap -> name: offHeap, amount: 0, script: , vendor: ), task resources: Map(cpus -> name: cpus, amount: 1.0)
[2023-01-31T20:47:40.035+0000] {spark_submit.py:495} INFO - 23/01/31 20:47:40 INFO ResourceProfile: Limiting resource is cpu
[2023-01-31T20:47:40.036+0000] {spark_submit.py:495} INFO - 23/01/31 20:47:40 INFO ResourceProfileManager: Added ResourceProfile id: 0
[2023-01-31T20:47:40.090+0000] {spark_submit.py:495} INFO - 23/01/31 20:47:40 INFO SecurityManager: Changing view acls to: default
[2023-01-31T20:47:40.091+0000] {spark_submit.py:495} INFO - 23/01/31 20:47:40 INFO SecurityManager: Changing modify acls to: default
[2023-01-31T20:47:40.092+0000] {spark_submit.py:495} INFO - 23/01/31 20:47:40 INFO SecurityManager: Changing view acls groups to:
[2023-01-31T20:47:40.092+0000] {spark_submit.py:495} INFO - 23/01/31 20:47:40 INFO SecurityManager: Changing modify acls groups to:
[2023-01-31T20:47:40.093+0000] {spark_submit.py:495} INFO - 23/01/31 20:47:40 INFO SecurityManager: SecurityManager: authentication disabled; ui acls disabled; users  with view permissions: Set(default); groups with view permissions: Set(); users  with modify permissions: Set(default); groups with modify permissions: Set()
[2023-01-31T20:47:40.353+0000] {spark_submit.py:495} INFO - 23/01/31 20:47:40 INFO Utils: Successfully started service 'sparkDriver' on port 41219.
[2023-01-31T20:47:40.408+0000] {spark_submit.py:495} INFO - 23/01/31 20:47:40 INFO SparkEnv: Registering MapOutputTracker
[2023-01-31T20:47:40.438+0000] {spark_submit.py:495} INFO - 23/01/31 20:47:40 INFO SparkEnv: Registering BlockManagerMaster
[2023-01-31T20:47:40.469+0000] {spark_submit.py:495} INFO - 23/01/31 20:47:40 INFO BlockManagerMasterEndpoint: Using org.apache.spark.storage.DefaultTopologyMapper for getting topology information
[2023-01-31T20:47:40.469+0000] {spark_submit.py:495} INFO - 23/01/31 20:47:40 INFO BlockManagerMasterEndpoint: BlockManagerMasterEndpoint up
[2023-01-31T20:47:40.471+0000] {spark_submit.py:495} INFO - 23/01/31 20:47:40 INFO SparkEnv: Registering BlockManagerMasterHeartbeat
[2023-01-31T20:47:40.544+0000] {spark_submit.py:495} INFO - 23/01/31 20:47:40 INFO DiskBlockManager: Created local directory at /tmp/blockmgr-3610e90a-cfe0-4448-b367-d88aaf21628c
[2023-01-31T20:47:40.567+0000] {spark_submit.py:495} INFO - 23/01/31 20:47:40 INFO MemoryStore: MemoryStore started with capacity 434.4 MiB
[2023-01-31T20:47:40.596+0000] {spark_submit.py:495} INFO - 23/01/31 20:47:40 INFO SparkEnv: Registering OutputCommitCoordinator
[2023-01-31T20:47:41.052+0000] {spark_submit.py:495} INFO - 23/01/31 20:47:41 INFO Utils: Successfully started service 'SparkUI' on port 4040.
[2023-01-31T20:47:41.168+0000] {spark_submit.py:495} INFO - 23/01/31 20:47:41 INFO SparkContext: Added JAR file:///home/***/.ivy2/jars/org.apache.spark_spark-sql-kafka-0-10_2.12-3.1.3.jar at spark://15c99fd3082a:41219/jars/org.apache.spark_spark-sql-kafka-0-10_2.12-3.1.3.jar with timestamp 1675198059965
[2023-01-31T20:47:41.169+0000] {spark_submit.py:495} INFO - 23/01/31 20:47:41 INFO SparkContext: Added JAR file:///home/***/.ivy2/jars/org.mongodb.spark_mongo-spark-connector_2.12-3.0.1.jar at spark://15c99fd3082a:41219/jars/org.mongodb.spark_mongo-spark-connector_2.12-3.0.1.jar with timestamp 1675198059965
[2023-01-31T20:47:41.169+0000] {spark_submit.py:495} INFO - 23/01/31 20:47:41 INFO SparkContext: Added JAR file:///home/***/.ivy2/jars/org.apache.spark_spark-token-provider-kafka-0-10_2.12-3.1.3.jar at spark://15c99fd3082a:41219/jars/org.apache.spark_spark-token-provider-kafka-0-10_2.12-3.1.3.jar with timestamp 1675198059965
[2023-01-31T20:47:41.169+0000] {spark_submit.py:495} INFO - 23/01/31 20:47:41 INFO SparkContext: Added JAR file:///home/***/.ivy2/jars/org.apache.kafka_kafka-clients-2.6.0.jar at spark://15c99fd3082a:41219/jars/org.apache.kafka_kafka-clients-2.6.0.jar with timestamp 1675198059965
[2023-01-31T20:47:41.171+0000] {spark_submit.py:495} INFO - 23/01/31 20:47:41 INFO SparkContext: Added JAR file:///home/***/.ivy2/jars/org.apache.commons_commons-pool2-2.6.2.jar at spark://15c99fd3082a:41219/jars/org.apache.commons_commons-pool2-2.6.2.jar with timestamp 1675198059965
[2023-01-31T20:47:41.171+0000] {spark_submit.py:495} INFO - 23/01/31 20:47:41 INFO SparkContext: Added JAR file:///home/***/.ivy2/jars/org.spark-project.spark_unused-1.0.0.jar at spark://15c99fd3082a:41219/jars/org.spark-project.spark_unused-1.0.0.jar with timestamp 1675198059965
[2023-01-31T20:47:41.171+0000] {spark_submit.py:495} INFO - 23/01/31 20:47:41 INFO SparkContext: Added JAR file:///home/***/.ivy2/jars/com.github.luben_zstd-jni-1.4.8-1.jar at spark://15c99fd3082a:41219/jars/com.github.luben_zstd-jni-1.4.8-1.jar with timestamp 1675198059965
[2023-01-31T20:47:41.171+0000] {spark_submit.py:495} INFO - 23/01/31 20:47:41 INFO SparkContext: Added JAR file:///home/***/.ivy2/jars/org.lz4_lz4-java-1.7.1.jar at spark://15c99fd3082a:41219/jars/org.lz4_lz4-java-1.7.1.jar with timestamp 1675198059965
[2023-01-31T20:47:41.171+0000] {spark_submit.py:495} INFO - 23/01/31 20:47:41 INFO SparkContext: Added JAR file:///home/***/.ivy2/jars/org.xerial.snappy_snappy-java-1.1.8.2.jar at spark://15c99fd3082a:41219/jars/org.xerial.snappy_snappy-java-1.1.8.2.jar with timestamp 1675198059965
[2023-01-31T20:47:41.171+0000] {spark_submit.py:495} INFO - 23/01/31 20:47:41 INFO SparkContext: Added JAR file:///home/***/.ivy2/jars/org.slf4j_slf4j-api-1.7.30.jar at spark://15c99fd3082a:41219/jars/org.slf4j_slf4j-api-1.7.30.jar with timestamp 1675198059965
[2023-01-31T20:47:41.171+0000] {spark_submit.py:495} INFO - 23/01/31 20:47:41 INFO SparkContext: Added JAR file:///home/***/.ivy2/jars/org.mongodb_mongodb-driver-sync-4.0.5.jar at spark://15c99fd3082a:41219/jars/org.mongodb_mongodb-driver-sync-4.0.5.jar with timestamp 1675198059965
[2023-01-31T20:47:41.171+0000] {spark_submit.py:495} INFO - 23/01/31 20:47:41 INFO SparkContext: Added JAR file:///home/***/.ivy2/jars/org.mongodb_bson-4.0.5.jar at spark://15c99fd3082a:41219/jars/org.mongodb_bson-4.0.5.jar with timestamp 1675198059965
[2023-01-31T20:47:41.171+0000] {spark_submit.py:495} INFO - 23/01/31 20:47:41 INFO SparkContext: Added JAR file:///home/***/.ivy2/jars/org.mongodb_mongodb-driver-core-4.0.5.jar at spark://15c99fd3082a:41219/jars/org.mongodb_mongodb-driver-core-4.0.5.jar with timestamp 1675198059965
[2023-01-31T20:47:41.176+0000] {spark_submit.py:495} INFO - 23/01/31 20:47:41 INFO SparkContext: Added file file:///home/***/.ivy2/jars/org.apache.spark_spark-sql-kafka-0-10_2.12-3.1.3.jar at file:///home/***/.ivy2/jars/org.apache.spark_spark-sql-kafka-0-10_2.12-3.1.3.jar with timestamp 1675198059965
[2023-01-31T20:47:41.177+0000] {spark_submit.py:495} INFO - 23/01/31 20:47:41 INFO Utils: Copying /home/***/.ivy2/jars/org.apache.spark_spark-sql-kafka-0-10_2.12-3.1.3.jar to /tmp/spark-aac58b65-9973-4177-9bc5-9695736fcc37/userFiles-76eadb78-18e6-498f-8743-d68e10d772af/org.apache.spark_spark-sql-kafka-0-10_2.12-3.1.3.jar
[2023-01-31T20:47:41.197+0000] {spark_submit.py:495} INFO - 23/01/31 20:47:41 INFO SparkContext: Added file file:///home/***/.ivy2/jars/org.mongodb.spark_mongo-spark-connector_2.12-3.0.1.jar at file:///home/***/.ivy2/jars/org.mongodb.spark_mongo-spark-connector_2.12-3.0.1.jar with timestamp 1675198059965
[2023-01-31T20:47:41.197+0000] {spark_submit.py:495} INFO - 23/01/31 20:47:41 INFO Utils: Copying /home/***/.ivy2/jars/org.mongodb.spark_mongo-spark-connector_2.12-3.0.1.jar to /tmp/spark-aac58b65-9973-4177-9bc5-9695736fcc37/userFiles-76eadb78-18e6-498f-8743-d68e10d772af/org.mongodb.spark_mongo-spark-connector_2.12-3.0.1.jar
[2023-01-31T20:47:41.229+0000] {spark_submit.py:495} INFO - 23/01/31 20:47:41 INFO SparkContext: Added file file:///home/***/.ivy2/jars/org.apache.spark_spark-token-provider-kafka-0-10_2.12-3.1.3.jar at file:///home/***/.ivy2/jars/org.apache.spark_spark-token-provider-kafka-0-10_2.12-3.1.3.jar with timestamp 1675198059965
[2023-01-31T20:47:41.230+0000] {spark_submit.py:495} INFO - 23/01/31 20:47:41 INFO Utils: Copying /home/***/.ivy2/jars/org.apache.spark_spark-token-provider-kafka-0-10_2.12-3.1.3.jar to /tmp/spark-aac58b65-9973-4177-9bc5-9695736fcc37/userFiles-76eadb78-18e6-498f-8743-d68e10d772af/org.apache.spark_spark-token-provider-kafka-0-10_2.12-3.1.3.jar
[2023-01-31T20:47:41.237+0000] {spark_submit.py:495} INFO - 23/01/31 20:47:41 INFO SparkContext: Added file file:///home/***/.ivy2/jars/org.apache.kafka_kafka-clients-2.6.0.jar at file:///home/***/.ivy2/jars/org.apache.kafka_kafka-clients-2.6.0.jar with timestamp 1675198059965
[2023-01-31T20:47:41.241+0000] {spark_submit.py:495} INFO - 23/01/31 20:47:41 INFO Utils: Copying /home/***/.ivy2/jars/org.apache.kafka_kafka-clients-2.6.0.jar to /tmp/spark-aac58b65-9973-4177-9bc5-9695736fcc37/userFiles-76eadb78-18e6-498f-8743-d68e10d772af/org.apache.kafka_kafka-clients-2.6.0.jar
[2023-01-31T20:47:41.275+0000] {spark_submit.py:495} INFO - 23/01/31 20:47:41 INFO SparkContext: Added file file:///home/***/.ivy2/jars/org.apache.commons_commons-pool2-2.6.2.jar at file:///home/***/.ivy2/jars/org.apache.commons_commons-pool2-2.6.2.jar with timestamp 1675198059965
[2023-01-31T20:47:41.275+0000] {spark_submit.py:495} INFO - 23/01/31 20:47:41 INFO Utils: Copying /home/***/.ivy2/jars/org.apache.commons_commons-pool2-2.6.2.jar to /tmp/spark-aac58b65-9973-4177-9bc5-9695736fcc37/userFiles-76eadb78-18e6-498f-8743-d68e10d772af/org.apache.commons_commons-pool2-2.6.2.jar
[2023-01-31T20:47:41.299+0000] {spark_submit.py:495} INFO - 23/01/31 20:47:41 INFO SparkContext: Added file file:///home/***/.ivy2/jars/org.spark-project.spark_unused-1.0.0.jar at file:///home/***/.ivy2/jars/org.spark-project.spark_unused-1.0.0.jar with timestamp 1675198059965
[2023-01-31T20:47:41.300+0000] {spark_submit.py:495} INFO - 23/01/31 20:47:41 INFO Utils: Copying /home/***/.ivy2/jars/org.spark-project.spark_unused-1.0.0.jar to /tmp/spark-aac58b65-9973-4177-9bc5-9695736fcc37/userFiles-76eadb78-18e6-498f-8743-d68e10d772af/org.spark-project.spark_unused-1.0.0.jar
[2023-01-31T20:47:41.315+0000] {spark_submit.py:495} INFO - 23/01/31 20:47:41 INFO SparkContext: Added file file:///home/***/.ivy2/jars/com.github.luben_zstd-jni-1.4.8-1.jar at file:///home/***/.ivy2/jars/com.github.luben_zstd-jni-1.4.8-1.jar with timestamp 1675198059965
[2023-01-31T20:47:41.315+0000] {spark_submit.py:495} INFO - 23/01/31 20:47:41 INFO Utils: Copying /home/***/.ivy2/jars/com.github.luben_zstd-jni-1.4.8-1.jar to /tmp/spark-aac58b65-9973-4177-9bc5-9695736fcc37/userFiles-76eadb78-18e6-498f-8743-d68e10d772af/com.github.luben_zstd-jni-1.4.8-1.jar
[2023-01-31T20:47:41.348+0000] {spark_submit.py:495} INFO - 23/01/31 20:47:41 INFO SparkContext: Added file file:///home/***/.ivy2/jars/org.lz4_lz4-java-1.7.1.jar at file:///home/***/.ivy2/jars/org.lz4_lz4-java-1.7.1.jar with timestamp 1675198059965
[2023-01-31T20:47:41.349+0000] {spark_submit.py:495} INFO - 23/01/31 20:47:41 INFO Utils: Copying /home/***/.ivy2/jars/org.lz4_lz4-java-1.7.1.jar to /tmp/spark-aac58b65-9973-4177-9bc5-9695736fcc37/userFiles-76eadb78-18e6-498f-8743-d68e10d772af/org.lz4_lz4-java-1.7.1.jar
[2023-01-31T20:47:41.355+0000] {spark_submit.py:495} INFO - 23/01/31 20:47:41 INFO SparkContext: Added file file:///home/***/.ivy2/jars/org.xerial.snappy_snappy-java-1.1.8.2.jar at file:///home/***/.ivy2/jars/org.xerial.snappy_snappy-java-1.1.8.2.jar with timestamp 1675198059965
[2023-01-31T20:47:41.355+0000] {spark_submit.py:495} INFO - 23/01/31 20:47:41 INFO Utils: Copying /home/***/.ivy2/jars/org.xerial.snappy_snappy-java-1.1.8.2.jar to /tmp/spark-aac58b65-9973-4177-9bc5-9695736fcc37/userFiles-76eadb78-18e6-498f-8743-d68e10d772af/org.xerial.snappy_snappy-java-1.1.8.2.jar
[2023-01-31T20:47:41.378+0000] {spark_submit.py:495} INFO - 23/01/31 20:47:41 INFO SparkContext: Added file file:///home/***/.ivy2/jars/org.slf4j_slf4j-api-1.7.30.jar at file:///home/***/.ivy2/jars/org.slf4j_slf4j-api-1.7.30.jar with timestamp 1675198059965
[2023-01-31T20:47:41.379+0000] {spark_submit.py:495} INFO - 23/01/31 20:47:41 INFO Utils: Copying /home/***/.ivy2/jars/org.slf4j_slf4j-api-1.7.30.jar to /tmp/spark-aac58b65-9973-4177-9bc5-9695736fcc37/userFiles-76eadb78-18e6-498f-8743-d68e10d772af/org.slf4j_slf4j-api-1.7.30.jar
[2023-01-31T20:47:41.382+0000] {spark_submit.py:495} INFO - 23/01/31 20:47:41 INFO SparkContext: Added file file:///home/***/.ivy2/jars/org.mongodb_mongodb-driver-sync-4.0.5.jar at file:///home/***/.ivy2/jars/org.mongodb_mongodb-driver-sync-4.0.5.jar with timestamp 1675198059965
[2023-01-31T20:47:41.382+0000] {spark_submit.py:495} INFO - 23/01/31 20:47:41 INFO Utils: Copying /home/***/.ivy2/jars/org.mongodb_mongodb-driver-sync-4.0.5.jar to /tmp/spark-aac58b65-9973-4177-9bc5-9695736fcc37/userFiles-76eadb78-18e6-498f-8743-d68e10d772af/org.mongodb_mongodb-driver-sync-4.0.5.jar
[2023-01-31T20:47:41.393+0000] {spark_submit.py:495} INFO - 23/01/31 20:47:41 INFO SparkContext: Added file file:///home/***/.ivy2/jars/org.mongodb_bson-4.0.5.jar at file:///home/***/.ivy2/jars/org.mongodb_bson-4.0.5.jar with timestamp 1675198059965
[2023-01-31T20:47:41.393+0000] {spark_submit.py:495} INFO - 23/01/31 20:47:41 INFO Utils: Copying /home/***/.ivy2/jars/org.mongodb_bson-4.0.5.jar to /tmp/spark-aac58b65-9973-4177-9bc5-9695736fcc37/userFiles-76eadb78-18e6-498f-8743-d68e10d772af/org.mongodb_bson-4.0.5.jar
[2023-01-31T20:47:41.413+0000] {spark_submit.py:495} INFO - 23/01/31 20:47:41 INFO SparkContext: Added file file:///home/***/.ivy2/jars/org.mongodb_mongodb-driver-core-4.0.5.jar at file:///home/***/.ivy2/jars/org.mongodb_mongodb-driver-core-4.0.5.jar with timestamp 1675198059965
[2023-01-31T20:47:41.413+0000] {spark_submit.py:495} INFO - 23/01/31 20:47:41 INFO Utils: Copying /home/***/.ivy2/jars/org.mongodb_mongodb-driver-core-4.0.5.jar to /tmp/spark-aac58b65-9973-4177-9bc5-9695736fcc37/userFiles-76eadb78-18e6-498f-8743-d68e10d772af/org.mongodb_mongodb-driver-core-4.0.5.jar
[2023-01-31T20:47:41.597+0000] {spark_submit.py:495} INFO - 23/01/31 20:47:41 INFO Executor: Starting executor ID driver on host 15c99fd3082a
[2023-01-31T20:47:41.606+0000] {spark_submit.py:495} INFO - 23/01/31 20:47:41 INFO Executor: Starting executor with user classpath (userClassPathFirst = false): ''
[2023-01-31T20:47:41.616+0000] {spark_submit.py:495} INFO - 23/01/31 20:47:41 INFO Executor: Fetching file:///home/***/.ivy2/jars/org.apache.spark_spark-token-provider-kafka-0-10_2.12-3.1.3.jar with timestamp 1675198059965
[2023-01-31T20:47:41.634+0000] {spark_submit.py:495} INFO - 23/01/31 20:47:41 INFO Utils: /home/***/.ivy2/jars/org.apache.spark_spark-token-provider-kafka-0-10_2.12-3.1.3.jar has been previously copied to /tmp/spark-aac58b65-9973-4177-9bc5-9695736fcc37/userFiles-76eadb78-18e6-498f-8743-d68e10d772af/org.apache.spark_spark-token-provider-kafka-0-10_2.12-3.1.3.jar
[2023-01-31T20:47:41.653+0000] {spark_submit.py:495} INFO - 23/01/31 20:47:41 INFO Executor: Fetching file:///home/***/.ivy2/jars/org.mongodb_mongodb-driver-sync-4.0.5.jar with timestamp 1675198059965
[2023-01-31T20:47:41.655+0000] {spark_submit.py:495} INFO - 23/01/31 20:47:41 INFO Utils: /home/***/.ivy2/jars/org.mongodb_mongodb-driver-sync-4.0.5.jar has been previously copied to /tmp/spark-aac58b65-9973-4177-9bc5-9695736fcc37/userFiles-76eadb78-18e6-498f-8743-d68e10d772af/org.mongodb_mongodb-driver-sync-4.0.5.jar
[2023-01-31T20:47:41.679+0000] {spark_submit.py:495} INFO - 23/01/31 20:47:41 INFO Executor: Fetching file:///home/***/.ivy2/jars/org.apache.kafka_kafka-clients-2.6.0.jar with timestamp 1675198059965
[2023-01-31T20:47:41.685+0000] {spark_submit.py:495} INFO - 23/01/31 20:47:41 INFO Utils: /home/***/.ivy2/jars/org.apache.kafka_kafka-clients-2.6.0.jar has been previously copied to /tmp/spark-aac58b65-9973-4177-9bc5-9695736fcc37/userFiles-76eadb78-18e6-498f-8743-d68e10d772af/org.apache.kafka_kafka-clients-2.6.0.jar
[2023-01-31T20:47:41.698+0000] {spark_submit.py:495} INFO - 23/01/31 20:47:41 INFO Executor: Fetching file:///home/***/.ivy2/jars/org.mongodb_bson-4.0.5.jar with timestamp 1675198059965
[2023-01-31T20:47:41.700+0000] {spark_submit.py:495} INFO - 23/01/31 20:47:41 INFO Utils: /home/***/.ivy2/jars/org.mongodb_bson-4.0.5.jar has been previously copied to /tmp/spark-aac58b65-9973-4177-9bc5-9695736fcc37/userFiles-76eadb78-18e6-498f-8743-d68e10d772af/org.mongodb_bson-4.0.5.jar
[2023-01-31T20:47:41.707+0000] {spark_submit.py:495} INFO - 23/01/31 20:47:41 INFO Executor: Fetching file:///home/***/.ivy2/jars/com.github.luben_zstd-jni-1.4.8-1.jar with timestamp 1675198059965
[2023-01-31T20:47:41.713+0000] {spark_submit.py:495} INFO - 23/01/31 20:47:41 INFO Utils: /home/***/.ivy2/jars/com.github.luben_zstd-jni-1.4.8-1.jar has been previously copied to /tmp/spark-aac58b65-9973-4177-9bc5-9695736fcc37/userFiles-76eadb78-18e6-498f-8743-d68e10d772af/com.github.luben_zstd-jni-1.4.8-1.jar
[2023-01-31T20:47:41.718+0000] {spark_submit.py:495} INFO - 23/01/31 20:47:41 INFO Executor: Fetching file:///home/***/.ivy2/jars/org.lz4_lz4-java-1.7.1.jar with timestamp 1675198059965
[2023-01-31T20:47:41.719+0000] {spark_submit.py:495} INFO - 23/01/31 20:47:41 INFO Utils: /home/***/.ivy2/jars/org.lz4_lz4-java-1.7.1.jar has been previously copied to /tmp/spark-aac58b65-9973-4177-9bc5-9695736fcc37/userFiles-76eadb78-18e6-498f-8743-d68e10d772af/org.lz4_lz4-java-1.7.1.jar
[2023-01-31T20:47:41.722+0000] {spark_submit.py:495} INFO - 23/01/31 20:47:41 INFO Executor: Fetching file:///home/***/.ivy2/jars/org.spark-project.spark_unused-1.0.0.jar with timestamp 1675198059965
[2023-01-31T20:47:41.723+0000] {spark_submit.py:495} INFO - 23/01/31 20:47:41 INFO Utils: /home/***/.ivy2/jars/org.spark-project.spark_unused-1.0.0.jar has been previously copied to /tmp/spark-aac58b65-9973-4177-9bc5-9695736fcc37/userFiles-76eadb78-18e6-498f-8743-d68e10d772af/org.spark-project.spark_unused-1.0.0.jar
[2023-01-31T20:47:41.728+0000] {spark_submit.py:495} INFO - 23/01/31 20:47:41 INFO Executor: Fetching file:///home/***/.ivy2/jars/org.xerial.snappy_snappy-java-1.1.8.2.jar with timestamp 1675198059965
[2023-01-31T20:47:41.730+0000] {spark_submit.py:495} INFO - 23/01/31 20:47:41 INFO Utils: /home/***/.ivy2/jars/org.xerial.snappy_snappy-java-1.1.8.2.jar has been previously copied to /tmp/spark-aac58b65-9973-4177-9bc5-9695736fcc37/userFiles-76eadb78-18e6-498f-8743-d68e10d772af/org.xerial.snappy_snappy-java-1.1.8.2.jar
[2023-01-31T20:47:41.734+0000] {spark_submit.py:495} INFO - 23/01/31 20:47:41 INFO Executor: Fetching file:///home/***/.ivy2/jars/org.mongodb_mongodb-driver-core-4.0.5.jar with timestamp 1675198059965
[2023-01-31T20:47:41.737+0000] {spark_submit.py:495} INFO - 23/01/31 20:47:41 INFO Utils: /home/***/.ivy2/jars/org.mongodb_mongodb-driver-core-4.0.5.jar has been previously copied to /tmp/spark-aac58b65-9973-4177-9bc5-9695736fcc37/userFiles-76eadb78-18e6-498f-8743-d68e10d772af/org.mongodb_mongodb-driver-core-4.0.5.jar
[2023-01-31T20:47:41.743+0000] {spark_submit.py:495} INFO - 23/01/31 20:47:41 INFO Executor: Fetching file:///home/***/.ivy2/jars/org.apache.spark_spark-sql-kafka-0-10_2.12-3.1.3.jar with timestamp 1675198059965
[2023-01-31T20:47:41.744+0000] {spark_submit.py:495} INFO - 23/01/31 20:47:41 INFO Utils: /home/***/.ivy2/jars/org.apache.spark_spark-sql-kafka-0-10_2.12-3.1.3.jar has been previously copied to /tmp/spark-aac58b65-9973-4177-9bc5-9695736fcc37/userFiles-76eadb78-18e6-498f-8743-d68e10d772af/org.apache.spark_spark-sql-kafka-0-10_2.12-3.1.3.jar
[2023-01-31T20:47:41.760+0000] {spark_submit.py:495} INFO - 23/01/31 20:47:41 INFO Executor: Fetching file:///home/***/.ivy2/jars/org.mongodb.spark_mongo-spark-connector_2.12-3.0.1.jar with timestamp 1675198059965
[2023-01-31T20:47:41.766+0000] {spark_submit.py:495} INFO - 23/01/31 20:47:41 INFO Utils: /home/***/.ivy2/jars/org.mongodb.spark_mongo-spark-connector_2.12-3.0.1.jar has been previously copied to /tmp/spark-aac58b65-9973-4177-9bc5-9695736fcc37/userFiles-76eadb78-18e6-498f-8743-d68e10d772af/org.mongodb.spark_mongo-spark-connector_2.12-3.0.1.jar
[2023-01-31T20:47:41.806+0000] {spark_submit.py:495} INFO - 23/01/31 20:47:41 INFO Executor: Fetching file:///home/***/.ivy2/jars/org.apache.commons_commons-pool2-2.6.2.jar with timestamp 1675198059965
[2023-01-31T20:47:41.807+0000] {spark_submit.py:495} INFO - 23/01/31 20:47:41 INFO Utils: /home/***/.ivy2/jars/org.apache.commons_commons-pool2-2.6.2.jar has been previously copied to /tmp/spark-aac58b65-9973-4177-9bc5-9695736fcc37/userFiles-76eadb78-18e6-498f-8743-d68e10d772af/org.apache.commons_commons-pool2-2.6.2.jar
[2023-01-31T20:47:41.820+0000] {spark_submit.py:495} INFO - 23/01/31 20:47:41 INFO Executor: Fetching file:///home/***/.ivy2/jars/org.slf4j_slf4j-api-1.7.30.jar with timestamp 1675198059965
[2023-01-31T20:47:41.821+0000] {spark_submit.py:495} INFO - 23/01/31 20:47:41 INFO Utils: /home/***/.ivy2/jars/org.slf4j_slf4j-api-1.7.30.jar has been previously copied to /tmp/spark-aac58b65-9973-4177-9bc5-9695736fcc37/userFiles-76eadb78-18e6-498f-8743-d68e10d772af/org.slf4j_slf4j-api-1.7.30.jar
[2023-01-31T20:47:41.834+0000] {spark_submit.py:495} INFO - 23/01/31 20:47:41 INFO Executor: Fetching spark://15c99fd3082a:41219/jars/org.slf4j_slf4j-api-1.7.30.jar with timestamp 1675198059965
[2023-01-31T20:47:41.948+0000] {spark_submit.py:495} INFO - 23/01/31 20:47:41 INFO TransportClientFactory: Successfully created connection to 15c99fd3082a/172.20.0.4:41219 after 66 ms (0 ms spent in bootstraps)
[2023-01-31T20:47:41.955+0000] {spark_submit.py:495} INFO - 23/01/31 20:47:41 INFO Utils: Fetching spark://15c99fd3082a:41219/jars/org.slf4j_slf4j-api-1.7.30.jar to /tmp/spark-aac58b65-9973-4177-9bc5-9695736fcc37/userFiles-76eadb78-18e6-498f-8743-d68e10d772af/fetchFileTemp416167304455248282.tmp
[2023-01-31T20:47:42.069+0000] {spark_submit.py:495} INFO - 23/01/31 20:47:42 INFO Utils: /tmp/spark-aac58b65-9973-4177-9bc5-9695736fcc37/userFiles-76eadb78-18e6-498f-8743-d68e10d772af/fetchFileTemp416167304455248282.tmp has been previously copied to /tmp/spark-aac58b65-9973-4177-9bc5-9695736fcc37/userFiles-76eadb78-18e6-498f-8743-d68e10d772af/org.slf4j_slf4j-api-1.7.30.jar
[2023-01-31T20:47:42.085+0000] {spark_submit.py:495} INFO - 23/01/31 20:47:42 INFO Executor: Adding file:/tmp/spark-aac58b65-9973-4177-9bc5-9695736fcc37/userFiles-76eadb78-18e6-498f-8743-d68e10d772af/org.slf4j_slf4j-api-1.7.30.jar to class loader
[2023-01-31T20:47:42.085+0000] {spark_submit.py:495} INFO - 23/01/31 20:47:42 INFO Executor: Fetching spark://15c99fd3082a:41219/jars/org.apache.commons_commons-pool2-2.6.2.jar with timestamp 1675198059965
[2023-01-31T20:47:42.085+0000] {spark_submit.py:495} INFO - 23/01/31 20:47:42 INFO Utils: Fetching spark://15c99fd3082a:41219/jars/org.apache.commons_commons-pool2-2.6.2.jar to /tmp/spark-aac58b65-9973-4177-9bc5-9695736fcc37/userFiles-76eadb78-18e6-498f-8743-d68e10d772af/fetchFileTemp2640591455096360338.tmp
[2023-01-31T20:47:42.085+0000] {spark_submit.py:495} INFO - 23/01/31 20:47:42 INFO Utils: /tmp/spark-aac58b65-9973-4177-9bc5-9695736fcc37/userFiles-76eadb78-18e6-498f-8743-d68e10d772af/fetchFileTemp2640591455096360338.tmp has been previously copied to /tmp/spark-aac58b65-9973-4177-9bc5-9695736fcc37/userFiles-76eadb78-18e6-498f-8743-d68e10d772af/org.apache.commons_commons-pool2-2.6.2.jar
[2023-01-31T20:47:42.126+0000] {spark_submit.py:495} INFO - 23/01/31 20:47:42 INFO Executor: Adding file:/tmp/spark-aac58b65-9973-4177-9bc5-9695736fcc37/userFiles-76eadb78-18e6-498f-8743-d68e10d772af/org.apache.commons_commons-pool2-2.6.2.jar to class loader
[2023-01-31T20:47:42.126+0000] {spark_submit.py:495} INFO - 23/01/31 20:47:42 INFO Executor: Fetching spark://15c99fd3082a:41219/jars/com.github.luben_zstd-jni-1.4.8-1.jar with timestamp 1675198059965
[2023-01-31T20:47:42.127+0000] {spark_submit.py:495} INFO - 23/01/31 20:47:42 INFO Utils: Fetching spark://15c99fd3082a:41219/jars/com.github.luben_zstd-jni-1.4.8-1.jar to /tmp/spark-aac58b65-9973-4177-9bc5-9695736fcc37/userFiles-76eadb78-18e6-498f-8743-d68e10d772af/fetchFileTemp17365807422160680348.tmp
[2023-01-31T20:47:42.212+0000] {spark_submit.py:495} INFO - 23/01/31 20:47:42 INFO Utils: /tmp/spark-aac58b65-9973-4177-9bc5-9695736fcc37/userFiles-76eadb78-18e6-498f-8743-d68e10d772af/fetchFileTemp17365807422160680348.tmp has been previously copied to /tmp/spark-aac58b65-9973-4177-9bc5-9695736fcc37/userFiles-76eadb78-18e6-498f-8743-d68e10d772af/com.github.luben_zstd-jni-1.4.8-1.jar
[2023-01-31T20:47:42.222+0000] {spark_submit.py:495} INFO - 23/01/31 20:47:42 INFO Executor: Adding file:/tmp/spark-aac58b65-9973-4177-9bc5-9695736fcc37/userFiles-76eadb78-18e6-498f-8743-d68e10d772af/com.github.luben_zstd-jni-1.4.8-1.jar to class loader
[2023-01-31T20:47:42.227+0000] {spark_submit.py:495} INFO - 23/01/31 20:47:42 INFO Executor: Fetching spark://15c99fd3082a:41219/jars/org.apache.spark_spark-token-provider-kafka-0-10_2.12-3.1.3.jar with timestamp 1675198059965
[2023-01-31T20:47:42.230+0000] {spark_submit.py:495} INFO - 23/01/31 20:47:42 INFO Utils: Fetching spark://15c99fd3082a:41219/jars/org.apache.spark_spark-token-provider-kafka-0-10_2.12-3.1.3.jar to /tmp/spark-aac58b65-9973-4177-9bc5-9695736fcc37/userFiles-76eadb78-18e6-498f-8743-d68e10d772af/fetchFileTemp14620127537075513320.tmp
[2023-01-31T20:47:42.233+0000] {spark_submit.py:495} INFO - 23/01/31 20:47:42 INFO Utils: /tmp/spark-aac58b65-9973-4177-9bc5-9695736fcc37/userFiles-76eadb78-18e6-498f-8743-d68e10d772af/fetchFileTemp14620127537075513320.tmp has been previously copied to /tmp/spark-aac58b65-9973-4177-9bc5-9695736fcc37/userFiles-76eadb78-18e6-498f-8743-d68e10d772af/org.apache.spark_spark-token-provider-kafka-0-10_2.12-3.1.3.jar
[2023-01-31T20:47:42.243+0000] {spark_submit.py:495} INFO - 23/01/31 20:47:42 INFO Executor: Adding file:/tmp/spark-aac58b65-9973-4177-9bc5-9695736fcc37/userFiles-76eadb78-18e6-498f-8743-d68e10d772af/org.apache.spark_spark-token-provider-kafka-0-10_2.12-3.1.3.jar to class loader
[2023-01-31T20:47:42.243+0000] {spark_submit.py:495} INFO - 23/01/31 20:47:42 INFO Executor: Fetching spark://15c99fd3082a:41219/jars/org.mongodb.spark_mongo-spark-connector_2.12-3.0.1.jar with timestamp 1675198059965
[2023-01-31T20:47:42.243+0000] {spark_submit.py:495} INFO - 23/01/31 20:47:42 INFO Utils: Fetching spark://15c99fd3082a:41219/jars/org.mongodb.spark_mongo-spark-connector_2.12-3.0.1.jar to /tmp/spark-aac58b65-9973-4177-9bc5-9695736fcc37/userFiles-76eadb78-18e6-498f-8743-d68e10d772af/fetchFileTemp4453674842047077403.tmp
[2023-01-31T20:47:42.248+0000] {spark_submit.py:495} INFO - 23/01/31 20:47:42 INFO Utils: /tmp/spark-aac58b65-9973-4177-9bc5-9695736fcc37/userFiles-76eadb78-18e6-498f-8743-d68e10d772af/fetchFileTemp4453674842047077403.tmp has been previously copied to /tmp/spark-aac58b65-9973-4177-9bc5-9695736fcc37/userFiles-76eadb78-18e6-498f-8743-d68e10d772af/org.mongodb.spark_mongo-spark-connector_2.12-3.0.1.jar
[2023-01-31T20:47:42.275+0000] {spark_submit.py:495} INFO - 23/01/31 20:47:42 INFO Executor: Adding file:/tmp/spark-aac58b65-9973-4177-9bc5-9695736fcc37/userFiles-76eadb78-18e6-498f-8743-d68e10d772af/org.mongodb.spark_mongo-spark-connector_2.12-3.0.1.jar to class loader
[2023-01-31T20:47:42.275+0000] {spark_submit.py:495} INFO - 23/01/31 20:47:42 INFO Executor: Fetching spark://15c99fd3082a:41219/jars/org.mongodb_mongodb-driver-sync-4.0.5.jar with timestamp 1675198059965
[2023-01-31T20:47:42.276+0000] {spark_submit.py:495} INFO - 23/01/31 20:47:42 INFO Utils: Fetching spark://15c99fd3082a:41219/jars/org.mongodb_mongodb-driver-sync-4.0.5.jar to /tmp/spark-aac58b65-9973-4177-9bc5-9695736fcc37/userFiles-76eadb78-18e6-498f-8743-d68e10d772af/fetchFileTemp12431723046840066048.tmp
[2023-01-31T20:47:42.280+0000] {spark_submit.py:495} INFO - 23/01/31 20:47:42 INFO Utils: /tmp/spark-aac58b65-9973-4177-9bc5-9695736fcc37/userFiles-76eadb78-18e6-498f-8743-d68e10d772af/fetchFileTemp12431723046840066048.tmp has been previously copied to /tmp/spark-aac58b65-9973-4177-9bc5-9695736fcc37/userFiles-76eadb78-18e6-498f-8743-d68e10d772af/org.mongodb_mongodb-driver-sync-4.0.5.jar
[2023-01-31T20:47:42.289+0000] {spark_submit.py:495} INFO - 23/01/31 20:47:42 INFO Executor: Adding file:/tmp/spark-aac58b65-9973-4177-9bc5-9695736fcc37/userFiles-76eadb78-18e6-498f-8743-d68e10d772af/org.mongodb_mongodb-driver-sync-4.0.5.jar to class loader
[2023-01-31T20:47:42.289+0000] {spark_submit.py:495} INFO - 23/01/31 20:47:42 INFO Executor: Fetching spark://15c99fd3082a:41219/jars/org.mongodb_bson-4.0.5.jar with timestamp 1675198059965
[2023-01-31T20:47:42.290+0000] {spark_submit.py:495} INFO - 23/01/31 20:47:42 INFO Utils: Fetching spark://15c99fd3082a:41219/jars/org.mongodb_bson-4.0.5.jar to /tmp/spark-aac58b65-9973-4177-9bc5-9695736fcc37/userFiles-76eadb78-18e6-498f-8743-d68e10d772af/fetchFileTemp9947263661741125799.tmp
[2023-01-31T20:47:42.300+0000] {spark_submit.py:495} INFO - 23/01/31 20:47:42 INFO Utils: /tmp/spark-aac58b65-9973-4177-9bc5-9695736fcc37/userFiles-76eadb78-18e6-498f-8743-d68e10d772af/fetchFileTemp9947263661741125799.tmp has been previously copied to /tmp/spark-aac58b65-9973-4177-9bc5-9695736fcc37/userFiles-76eadb78-18e6-498f-8743-d68e10d772af/org.mongodb_bson-4.0.5.jar
[2023-01-31T20:47:42.303+0000] {spark_submit.py:495} INFO - 23/01/31 20:47:42 INFO Executor: Adding file:/tmp/spark-aac58b65-9973-4177-9bc5-9695736fcc37/userFiles-76eadb78-18e6-498f-8743-d68e10d772af/org.mongodb_bson-4.0.5.jar to class loader
[2023-01-31T20:47:42.303+0000] {spark_submit.py:495} INFO - 23/01/31 20:47:42 INFO Executor: Fetching spark://15c99fd3082a:41219/jars/org.spark-project.spark_unused-1.0.0.jar with timestamp 1675198059965
[2023-01-31T20:47:42.303+0000] {spark_submit.py:495} INFO - 23/01/31 20:47:42 INFO Utils: Fetching spark://15c99fd3082a:41219/jars/org.spark-project.spark_unused-1.0.0.jar to /tmp/spark-aac58b65-9973-4177-9bc5-9695736fcc37/userFiles-76eadb78-18e6-498f-8743-d68e10d772af/fetchFileTemp10755954108190589783.tmp
[2023-01-31T20:47:42.306+0000] {spark_submit.py:495} INFO - 23/01/31 20:47:42 INFO Utils: /tmp/spark-aac58b65-9973-4177-9bc5-9695736fcc37/userFiles-76eadb78-18e6-498f-8743-d68e10d772af/fetchFileTemp10755954108190589783.tmp has been previously copied to /tmp/spark-aac58b65-9973-4177-9bc5-9695736fcc37/userFiles-76eadb78-18e6-498f-8743-d68e10d772af/org.spark-project.spark_unused-1.0.0.jar
[2023-01-31T20:47:42.319+0000] {spark_submit.py:495} INFO - 23/01/31 20:47:42 INFO Executor: Adding file:/tmp/spark-aac58b65-9973-4177-9bc5-9695736fcc37/userFiles-76eadb78-18e6-498f-8743-d68e10d772af/org.spark-project.spark_unused-1.0.0.jar to class loader
[2023-01-31T20:47:42.320+0000] {spark_submit.py:495} INFO - 23/01/31 20:47:42 INFO Executor: Fetching spark://15c99fd3082a:41219/jars/org.apache.kafka_kafka-clients-2.6.0.jar with timestamp 1675198059965
[2023-01-31T20:47:42.320+0000] {spark_submit.py:495} INFO - 23/01/31 20:47:42 INFO Utils: Fetching spark://15c99fd3082a:41219/jars/org.apache.kafka_kafka-clients-2.6.0.jar to /tmp/spark-aac58b65-9973-4177-9bc5-9695736fcc37/userFiles-76eadb78-18e6-498f-8743-d68e10d772af/fetchFileTemp17304407246795189013.tmp
[2023-01-31T20:47:42.345+0000] {spark_submit.py:495} INFO - 23/01/31 20:47:42 INFO Utils: /tmp/spark-aac58b65-9973-4177-9bc5-9695736fcc37/userFiles-76eadb78-18e6-498f-8743-d68e10d772af/fetchFileTemp17304407246795189013.tmp has been previously copied to /tmp/spark-aac58b65-9973-4177-9bc5-9695736fcc37/userFiles-76eadb78-18e6-498f-8743-d68e10d772af/org.apache.kafka_kafka-clients-2.6.0.jar
[2023-01-31T20:47:42.369+0000] {spark_submit.py:495} INFO - 23/01/31 20:47:42 INFO Executor: Adding file:/tmp/spark-aac58b65-9973-4177-9bc5-9695736fcc37/userFiles-76eadb78-18e6-498f-8743-d68e10d772af/org.apache.kafka_kafka-clients-2.6.0.jar to class loader
[2023-01-31T20:47:42.369+0000] {spark_submit.py:495} INFO - 23/01/31 20:47:42 INFO Executor: Fetching spark://15c99fd3082a:41219/jars/org.lz4_lz4-java-1.7.1.jar with timestamp 1675198059965
[2023-01-31T20:47:42.369+0000] {spark_submit.py:495} INFO - 23/01/31 20:47:42 INFO Utils: Fetching spark://15c99fd3082a:41219/jars/org.lz4_lz4-java-1.7.1.jar to /tmp/spark-aac58b65-9973-4177-9bc5-9695736fcc37/userFiles-76eadb78-18e6-498f-8743-d68e10d772af/fetchFileTemp582015094557165059.tmp
[2023-01-31T20:47:42.379+0000] {spark_submit.py:495} INFO - 23/01/31 20:47:42 INFO Utils: /tmp/spark-aac58b65-9973-4177-9bc5-9695736fcc37/userFiles-76eadb78-18e6-498f-8743-d68e10d772af/fetchFileTemp582015094557165059.tmp has been previously copied to /tmp/spark-aac58b65-9973-4177-9bc5-9695736fcc37/userFiles-76eadb78-18e6-498f-8743-d68e10d772af/org.lz4_lz4-java-1.7.1.jar
[2023-01-31T20:47:42.384+0000] {spark_submit.py:495} INFO - 23/01/31 20:47:42 INFO Executor: Adding file:/tmp/spark-aac58b65-9973-4177-9bc5-9695736fcc37/userFiles-76eadb78-18e6-498f-8743-d68e10d772af/org.lz4_lz4-java-1.7.1.jar to class loader
[2023-01-31T20:47:42.387+0000] {spark_submit.py:495} INFO - 23/01/31 20:47:42 INFO Executor: Fetching spark://15c99fd3082a:41219/jars/org.apache.spark_spark-sql-kafka-0-10_2.12-3.1.3.jar with timestamp 1675198059965
[2023-01-31T20:47:42.388+0000] {spark_submit.py:495} INFO - 23/01/31 20:47:42 INFO Utils: Fetching spark://15c99fd3082a:41219/jars/org.apache.spark_spark-sql-kafka-0-10_2.12-3.1.3.jar to /tmp/spark-aac58b65-9973-4177-9bc5-9695736fcc37/userFiles-76eadb78-18e6-498f-8743-d68e10d772af/fetchFileTemp1752134580862049601.tmp
[2023-01-31T20:47:42.393+0000] {spark_submit.py:495} INFO - 23/01/31 20:47:42 INFO Utils: /tmp/spark-aac58b65-9973-4177-9bc5-9695736fcc37/userFiles-76eadb78-18e6-498f-8743-d68e10d772af/fetchFileTemp1752134580862049601.tmp has been previously copied to /tmp/spark-aac58b65-9973-4177-9bc5-9695736fcc37/userFiles-76eadb78-18e6-498f-8743-d68e10d772af/org.apache.spark_spark-sql-kafka-0-10_2.12-3.1.3.jar
[2023-01-31T20:47:42.397+0000] {spark_submit.py:495} INFO - 23/01/31 20:47:42 INFO Executor: Adding file:/tmp/spark-aac58b65-9973-4177-9bc5-9695736fcc37/userFiles-76eadb78-18e6-498f-8743-d68e10d772af/org.apache.spark_spark-sql-kafka-0-10_2.12-3.1.3.jar to class loader
[2023-01-31T20:47:42.399+0000] {spark_submit.py:495} INFO - 23/01/31 20:47:42 INFO Executor: Fetching spark://15c99fd3082a:41219/jars/org.xerial.snappy_snappy-java-1.1.8.2.jar with timestamp 1675198059965
[2023-01-31T20:47:42.399+0000] {spark_submit.py:495} INFO - 23/01/31 20:47:42 INFO Utils: Fetching spark://15c99fd3082a:41219/jars/org.xerial.snappy_snappy-java-1.1.8.2.jar to /tmp/spark-aac58b65-9973-4177-9bc5-9695736fcc37/userFiles-76eadb78-18e6-498f-8743-d68e10d772af/fetchFileTemp13076835891767521051.tmp
[2023-01-31T20:47:42.419+0000] {spark_submit.py:495} INFO - 23/01/31 20:47:42 INFO Utils: /tmp/spark-aac58b65-9973-4177-9bc5-9695736fcc37/userFiles-76eadb78-18e6-498f-8743-d68e10d772af/fetchFileTemp13076835891767521051.tmp has been previously copied to /tmp/spark-aac58b65-9973-4177-9bc5-9695736fcc37/userFiles-76eadb78-18e6-498f-8743-d68e10d772af/org.xerial.snappy_snappy-java-1.1.8.2.jar
[2023-01-31T20:47:42.429+0000] {spark_submit.py:495} INFO - 23/01/31 20:47:42 INFO Executor: Adding file:/tmp/spark-aac58b65-9973-4177-9bc5-9695736fcc37/userFiles-76eadb78-18e6-498f-8743-d68e10d772af/org.xerial.snappy_snappy-java-1.1.8.2.jar to class loader
[2023-01-31T20:47:42.430+0000] {spark_submit.py:495} INFO - 23/01/31 20:47:42 INFO Executor: Fetching spark://15c99fd3082a:41219/jars/org.mongodb_mongodb-driver-core-4.0.5.jar with timestamp 1675198059965
[2023-01-31T20:47:42.430+0000] {spark_submit.py:495} INFO - 23/01/31 20:47:42 INFO Utils: Fetching spark://15c99fd3082a:41219/jars/org.mongodb_mongodb-driver-core-4.0.5.jar to /tmp/spark-aac58b65-9973-4177-9bc5-9695736fcc37/userFiles-76eadb78-18e6-498f-8743-d68e10d772af/fetchFileTemp6825175691650854152.tmp
[2023-01-31T20:47:42.449+0000] {spark_submit.py:495} INFO - 23/01/31 20:47:42 INFO Utils: /tmp/spark-aac58b65-9973-4177-9bc5-9695736fcc37/userFiles-76eadb78-18e6-498f-8743-d68e10d772af/fetchFileTemp6825175691650854152.tmp has been previously copied to /tmp/spark-aac58b65-9973-4177-9bc5-9695736fcc37/userFiles-76eadb78-18e6-498f-8743-d68e10d772af/org.mongodb_mongodb-driver-core-4.0.5.jar
[2023-01-31T20:47:42.507+0000] {spark_submit.py:495} INFO - 23/01/31 20:47:42 INFO Executor: Adding file:/tmp/spark-aac58b65-9973-4177-9bc5-9695736fcc37/userFiles-76eadb78-18e6-498f-8743-d68e10d772af/org.mongodb_mongodb-driver-core-4.0.5.jar to class loader
[2023-01-31T20:47:42.561+0000] {spark_submit.py:495} INFO - 23/01/31 20:47:42 INFO Utils: Successfully started service 'org.apache.spark.network.netty.NettyBlockTransferService' on port 35125.
[2023-01-31T20:47:42.562+0000] {spark_submit.py:495} INFO - 23/01/31 20:47:42 INFO NettyBlockTransferService: Server created on 15c99fd3082a:35125
[2023-01-31T20:47:42.568+0000] {spark_submit.py:495} INFO - 23/01/31 20:47:42 INFO BlockManager: Using org.apache.spark.storage.RandomBlockReplicationPolicy for block replication policy
[2023-01-31T20:47:42.645+0000] {spark_submit.py:495} INFO - 23/01/31 20:47:42 INFO BlockManagerMaster: Registering BlockManager BlockManagerId(driver, 15c99fd3082a, 35125, None)
[2023-01-31T20:47:42.645+0000] {spark_submit.py:495} INFO - 23/01/31 20:47:42 INFO BlockManagerMasterEndpoint: Registering block manager 15c99fd3082a:35125 with 434.4 MiB RAM, BlockManagerId(driver, 15c99fd3082a, 35125, None)
[2023-01-31T20:47:42.645+0000] {spark_submit.py:495} INFO - 23/01/31 20:47:42 INFO BlockManagerMaster: Registered BlockManager BlockManagerId(driver, 15c99fd3082a, 35125, None)
[2023-01-31T20:47:42.656+0000] {spark_submit.py:495} INFO - 23/01/31 20:47:42 INFO BlockManager: Initialized BlockManager: BlockManagerId(driver, 15c99fd3082a, 35125, None)
[2023-01-31T20:47:46.540+0000] {spark_submit.py:495} INFO - 2023-01-31 20:47:46,539 - py4j.java_gateway - INFO - Callback Server Starting
[2023-01-31T20:47:46.541+0000] {spark_submit.py:495} INFO - 2023-01-31 20:47:46,540 - py4j.java_gateway - INFO - Socket listening on ('127.0.0.1', 45339)
[2023-01-31T20:47:50.860+0000] {spark_submit.py:495} INFO - 2023-01-31 20:47:50,860 - py4j.clientserver - INFO - Python Server ready to receive messages
[2023-01-31T20:47:50.861+0000] {spark_submit.py:495} INFO - 2023-01-31 20:47:50,860 - py4j.clientserver - INFO - Received command c on object id p0
[2023-01-31T20:47:51.242+0000] {spark_submit.py:495} INFO - -------------------------------------------
[2023-01-31T20:47:51.242+0000] {spark_submit.py:495} INFO - Batch: 0
[2023-01-31T20:47:51.242+0000] {spark_submit.py:495} INFO - -------------------------------------------
[2023-01-31T20:47:51.300+0000] {spark_submit.py:495} INFO - +---+-------------+-----+-------------+----------+----------------+------------+-----------------+--------------+-------------+
[2023-01-31T20:47:51.300+0000] {spark_submit.py:495} INFO - |id |nameOfProduct|price|ProductStatus|SellerName|RegistrationDate|QuantitySold|QuantityAvailable|Free shipping?|Store ratings|
[2023-01-31T20:47:51.300+0000] {spark_submit.py:495} INFO - +---+-------------+-----+-------------+----------+----------------+------------+-----------------+--------------+-------------+
[2023-01-31T20:47:51.300+0000] {spark_submit.py:495} INFO - +---+-------------+-----+-------------+----------+----------------+------------+-----------------+--------------+-------------+
[2023-01-31T20:47:51.300+0000] {spark_submit.py:495} INFO - 
[2023-01-31T20:47:51.652+0000] {spark_submit.py:495} INFO - Stopping query...
[2023-01-31T20:47:52.195+0000] {spark_submit.py:495} INFO - Awaiting termination...
[2023-01-31T20:47:52.196+0000] {spark_submit.py:495} INFO - Stopping query...
[2023-01-31T20:47:52.703+0000] {spark_submit.py:495} INFO - Awaiting termination...
[2023-01-31T20:47:52.920+0000] {taskinstance.py:1327} INFO - Marking task as SUCCESS. dag_id=Streaming_pipeline_meli, task_id=consumer_data_of_topic, execution_date=20230131T160106, start_date=20230131T204735, end_date=20230131T204752
[2023-01-31T20:47:52.976+0000] {local_task_job.py:159} INFO - Task exited with return code 0
[2023-01-31T20:47:52.999+0000] {taskinstance.py:2582} INFO - 0 downstream tasks scheduled from follow-on schedule check
