[2023-01-31T20:54:55.793+0000] {taskinstance.py:1087} INFO - Dependencies all met for <TaskInstance: Streaming_pipeline_meli.consumer_data_of_topic manual__2023-01-31T16:01:06.868325+00:00 [queued]>
[2023-01-31T20:54:55.802+0000] {taskinstance.py:1087} INFO - Dependencies all met for <TaskInstance: Streaming_pipeline_meli.consumer_data_of_topic manual__2023-01-31T16:01:06.868325+00:00 [queued]>
[2023-01-31T20:54:55.802+0000] {taskinstance.py:1283} INFO - 
--------------------------------------------------------------------------------
[2023-01-31T20:54:55.802+0000] {taskinstance.py:1284} INFO - Starting attempt 8 of 13
[2023-01-31T20:54:55.802+0000] {taskinstance.py:1285} INFO - 
--------------------------------------------------------------------------------
[2023-01-31T20:54:55.817+0000] {taskinstance.py:1304} INFO - Executing <Task(SparkSubmitOperator): consumer_data_of_topic> on 2023-01-31 16:01:06.868325+00:00
[2023-01-31T20:54:55.825+0000] {standard_task_runner.py:55} INFO - Started process 24879 to run task
[2023-01-31T20:54:55.830+0000] {standard_task_runner.py:82} INFO - Running: ['***', 'tasks', 'run', 'Streaming_pipeline_meli', 'consumer_data_of_topic', 'manual__2023-01-31T16:01:06.868325+00:00', '--job-id', '1344', '--raw', '--subdir', 'DAGS_FOLDER/streamPipeline.py', '--cfg-path', '/tmp/tmpeh3ngqy0']
[2023-01-31T20:54:55.831+0000] {standard_task_runner.py:83} INFO - Job 1344: Subtask consumer_data_of_topic
[2023-01-31T20:54:55.894+0000] {task_command.py:389} INFO - Running <TaskInstance: Streaming_pipeline_meli.consumer_data_of_topic manual__2023-01-31T16:01:06.868325+00:00 [running]> on host 15c99fd3082a
[2023-01-31T20:54:55.950+0000] {taskinstance.py:1513} INFO - Exporting the following env vars:
AIRFLOW_CTX_DAG_OWNER=***
AIRFLOW_CTX_DAG_ID=Streaming_pipeline_meli
AIRFLOW_CTX_TASK_ID=consumer_data_of_topic
AIRFLOW_CTX_EXECUTION_DATE=2023-01-31T16:01:06.868325+00:00
AIRFLOW_CTX_TRY_NUMBER=8
AIRFLOW_CTX_DAG_RUN_ID=manual__2023-01-31T16:01:06.868325+00:00
[2023-01-31T20:54:55.957+0000] {base.py:73} INFO - Using connection ID 'spark_default' for task execution.
[2023-01-31T20:54:55.958+0000] {spark_submit.py:344} INFO - Spark-Submit cmd: spark-submit --master spark://tomi-H310:7077 --packages org.apache.spark:spark-sql-kafka-0-10_2.12:3.1.3,org.mongodb.spark:mongo-spark-connector_2.12:3.0.1 --name arrow-spark --queue root.default /opt/***/dags/consumerSpark.py
[2023-01-31T20:54:56.057+0000] {spark_submit.py:495} INFO - /home/***/.local/lib/python3.7/site-packages/pyspark/bin/load-spark-env.sh: line 68: ps: command not found
[2023-01-31T20:54:57.433+0000] {spark_submit.py:495} INFO - :: loading settings :: url = jar:file:/home/***/.local/lib/python3.7/site-packages/pyspark/jars/ivy-2.5.0.jar!/org/apache/ivy/core/settings/ivysettings.xml
[2023-01-31T20:54:57.491+0000] {spark_submit.py:495} INFO - Ivy Default Cache set to: /home/***/.ivy2/cache
[2023-01-31T20:54:57.491+0000] {spark_submit.py:495} INFO - The jars for the packages stored in: /home/***/.ivy2/jars
[2023-01-31T20:54:57.495+0000] {spark_submit.py:495} INFO - org.apache.spark#spark-sql-kafka-0-10_2.12 added as a dependency
[2023-01-31T20:54:57.496+0000] {spark_submit.py:495} INFO - org.mongodb.spark#mongo-spark-connector_2.12 added as a dependency
[2023-01-31T20:54:57.497+0000] {spark_submit.py:495} INFO - :: resolving dependencies :: org.apache.spark#spark-submit-parent-9893b2c2-d506-411f-8c1a-2978d10ec309;1.0
[2023-01-31T20:54:57.497+0000] {spark_submit.py:495} INFO - confs: [default]
[2023-01-31T20:54:57.654+0000] {spark_submit.py:495} INFO - found org.apache.spark#spark-sql-kafka-0-10_2.12;3.1.3 in central
[2023-01-31T20:54:57.700+0000] {spark_submit.py:495} INFO - found org.apache.spark#spark-token-provider-kafka-0-10_2.12;3.1.3 in central
[2023-01-31T20:54:57.722+0000] {spark_submit.py:495} INFO - found org.apache.kafka#kafka-clients;2.6.0 in central
[2023-01-31T20:54:57.743+0000] {spark_submit.py:495} INFO - found com.github.luben#zstd-jni;1.4.8-1 in central
[2023-01-31T20:54:57.760+0000] {spark_submit.py:495} INFO - found org.lz4#lz4-java;1.7.1 in central
[2023-01-31T20:54:57.775+0000] {spark_submit.py:495} INFO - found org.xerial.snappy#snappy-java;1.1.8.2 in central
[2023-01-31T20:54:57.787+0000] {spark_submit.py:495} INFO - found org.slf4j#slf4j-api;1.7.30 in central
[2023-01-31T20:54:57.799+0000] {spark_submit.py:495} INFO - found org.spark-project.spark#unused;1.0.0 in central
[2023-01-31T20:54:57.811+0000] {spark_submit.py:495} INFO - found org.apache.commons#commons-pool2;2.6.2 in central
[2023-01-31T20:54:57.822+0000] {spark_submit.py:495} INFO - found org.mongodb.spark#mongo-spark-connector_2.12;3.0.1 in central
[2023-01-31T20:54:57.831+0000] {spark_submit.py:495} INFO - found org.mongodb#mongodb-driver-sync;4.0.5 in central
[2023-01-31T20:54:57.839+0000] {spark_submit.py:495} INFO - found org.mongodb#bson;4.0.5 in central
[2023-01-31T20:54:57.847+0000] {spark_submit.py:495} INFO - found org.mongodb#mongodb-driver-core;4.0.5 in central
[2023-01-31T20:54:57.869+0000] {spark_submit.py:495} INFO - :: resolution report :: resolve 361ms :: artifacts dl 10ms
[2023-01-31T20:54:57.869+0000] {spark_submit.py:495} INFO - :: modules in use:
[2023-01-31T20:54:57.869+0000] {spark_submit.py:495} INFO - com.github.luben#zstd-jni;1.4.8-1 from central in [default]
[2023-01-31T20:54:57.869+0000] {spark_submit.py:495} INFO - org.apache.commons#commons-pool2;2.6.2 from central in [default]
[2023-01-31T20:54:57.870+0000] {spark_submit.py:495} INFO - org.apache.kafka#kafka-clients;2.6.0 from central in [default]
[2023-01-31T20:54:57.870+0000] {spark_submit.py:495} INFO - org.apache.spark#spark-sql-kafka-0-10_2.12;3.1.3 from central in [default]
[2023-01-31T20:54:57.870+0000] {spark_submit.py:495} INFO - org.apache.spark#spark-token-provider-kafka-0-10_2.12;3.1.3 from central in [default]
[2023-01-31T20:54:57.870+0000] {spark_submit.py:495} INFO - org.lz4#lz4-java;1.7.1 from central in [default]
[2023-01-31T20:54:57.871+0000] {spark_submit.py:495} INFO - org.mongodb#bson;4.0.5 from central in [default]
[2023-01-31T20:54:57.871+0000] {spark_submit.py:495} INFO - org.mongodb#mongodb-driver-core;4.0.5 from central in [default]
[2023-01-31T20:54:57.871+0000] {spark_submit.py:495} INFO - org.mongodb#mongodb-driver-sync;4.0.5 from central in [default]
[2023-01-31T20:54:57.871+0000] {spark_submit.py:495} INFO - org.mongodb.spark#mongo-spark-connector_2.12;3.0.1 from central in [default]
[2023-01-31T20:54:57.871+0000] {spark_submit.py:495} INFO - org.slf4j#slf4j-api;1.7.30 from central in [default]
[2023-01-31T20:54:57.872+0000] {spark_submit.py:495} INFO - org.spark-project.spark#unused;1.0.0 from central in [default]
[2023-01-31T20:54:57.872+0000] {spark_submit.py:495} INFO - org.xerial.snappy#snappy-java;1.1.8.2 from central in [default]
[2023-01-31T20:54:57.872+0000] {spark_submit.py:495} INFO - ---------------------------------------------------------------------
[2023-01-31T20:54:57.872+0000] {spark_submit.py:495} INFO - |                  |            modules            ||   artifacts   |
[2023-01-31T20:54:57.873+0000] {spark_submit.py:495} INFO - |       conf       | number| search|dwnlded|evicted|| number|dwnlded|
[2023-01-31T20:54:57.873+0000] {spark_submit.py:495} INFO - ---------------------------------------------------------------------
[2023-01-31T20:54:57.873+0000] {spark_submit.py:495} INFO - |      default     |   13  |   0   |   0   |   0   ||   13  |   0   |
[2023-01-31T20:54:57.873+0000] {spark_submit.py:495} INFO - ---------------------------------------------------------------------
[2023-01-31T20:54:57.879+0000] {spark_submit.py:495} INFO - :: retrieving :: org.apache.spark#spark-submit-parent-9893b2c2-d506-411f-8c1a-2978d10ec309
[2023-01-31T20:54:57.879+0000] {spark_submit.py:495} INFO - confs: [default]
[2023-01-31T20:54:57.888+0000] {spark_submit.py:495} INFO - 0 artifacts copied, 13 already retrieved (0kB/9ms)
[2023-01-31T20:54:58.086+0000] {spark_submit.py:495} INFO - 23/01/31 20:54:58 WARN NativeCodeLoader: Unable to load native-hadoop library for your platform... using builtin-java classes where applicable
[2023-01-31T20:54:59.013+0000] {spark_submit.py:495} INFO - 23/01/31 20:54:59 INFO SparkContext: Running Spark version 3.3.1
[2023-01-31T20:54:59.030+0000] {spark_submit.py:495} INFO - 23/01/31 20:54:59 INFO ResourceUtils: ==============================================================
[2023-01-31T20:54:59.031+0000] {spark_submit.py:495} INFO - 23/01/31 20:54:59 INFO ResourceUtils: No custom resources configured for spark.driver.
[2023-01-31T20:54:59.031+0000] {spark_submit.py:495} INFO - 23/01/31 20:54:59 INFO ResourceUtils: ==============================================================
[2023-01-31T20:54:59.032+0000] {spark_submit.py:495} INFO - 23/01/31 20:54:59 INFO SparkContext: Submitted application: arrow-spark
[2023-01-31T20:54:59.051+0000] {spark_submit.py:495} INFO - 23/01/31 20:54:59 INFO ResourceProfile: Default ResourceProfile created, executor resources: Map(cores -> name: cores, amount: 1, script: , vendor: , memory -> name: memory, amount: 1024, script: , vendor: , offHeap -> name: offHeap, amount: 0, script: , vendor: ), task resources: Map(cpus -> name: cpus, amount: 1.0)
[2023-01-31T20:54:59.062+0000] {spark_submit.py:495} INFO - 23/01/31 20:54:59 INFO ResourceProfile: Limiting resource is cpu
[2023-01-31T20:54:59.063+0000] {spark_submit.py:495} INFO - 23/01/31 20:54:59 INFO ResourceProfileManager: Added ResourceProfile id: 0
[2023-01-31T20:54:59.102+0000] {spark_submit.py:495} INFO - 23/01/31 20:54:59 INFO SecurityManager: Changing view acls to: default
[2023-01-31T20:54:59.102+0000] {spark_submit.py:495} INFO - 23/01/31 20:54:59 INFO SecurityManager: Changing modify acls to: default
[2023-01-31T20:54:59.104+0000] {spark_submit.py:495} INFO - 23/01/31 20:54:59 INFO SecurityManager: Changing view acls groups to:
[2023-01-31T20:54:59.104+0000] {spark_submit.py:495} INFO - 23/01/31 20:54:59 INFO SecurityManager: Changing modify acls groups to:
[2023-01-31T20:54:59.105+0000] {spark_submit.py:495} INFO - 23/01/31 20:54:59 INFO SecurityManager: SecurityManager: authentication disabled; ui acls disabled; users  with view permissions: Set(default); groups with view permissions: Set(); users  with modify permissions: Set(default); groups with modify permissions: Set()
[2023-01-31T20:54:59.328+0000] {spark_submit.py:495} INFO - 23/01/31 20:54:59 INFO Utils: Successfully started service 'sparkDriver' on port 45795.
[2023-01-31T20:54:59.358+0000] {spark_submit.py:495} INFO - 23/01/31 20:54:59 INFO SparkEnv: Registering MapOutputTracker
[2023-01-31T20:54:59.385+0000] {spark_submit.py:495} INFO - 23/01/31 20:54:59 INFO SparkEnv: Registering BlockManagerMaster
[2023-01-31T20:54:59.397+0000] {spark_submit.py:495} INFO - 23/01/31 20:54:59 INFO BlockManagerMasterEndpoint: Using org.apache.spark.storage.DefaultTopologyMapper for getting topology information
[2023-01-31T20:54:59.398+0000] {spark_submit.py:495} INFO - 23/01/31 20:54:59 INFO BlockManagerMasterEndpoint: BlockManagerMasterEndpoint up
[2023-01-31T20:54:59.402+0000] {spark_submit.py:495} INFO - 23/01/31 20:54:59 INFO SparkEnv: Registering BlockManagerMasterHeartbeat
[2023-01-31T20:54:59.420+0000] {spark_submit.py:495} INFO - 23/01/31 20:54:59 INFO DiskBlockManager: Created local directory at /tmp/blockmgr-96984246-cf37-4b7b-b65d-d5cc8d3bfa05
[2023-01-31T20:54:59.432+0000] {spark_submit.py:495} INFO - 23/01/31 20:54:59 INFO MemoryStore: MemoryStore started with capacity 434.4 MiB
[2023-01-31T20:54:59.452+0000] {spark_submit.py:495} INFO - 23/01/31 20:54:59 INFO SparkEnv: Registering OutputCommitCoordinator
[2023-01-31T20:54:59.620+0000] {spark_submit.py:495} INFO - 23/01/31 20:54:59 INFO Utils: Successfully started service 'SparkUI' on port 4040.
[2023-01-31T20:54:59.652+0000] {spark_submit.py:495} INFO - 23/01/31 20:54:59 INFO SparkContext: Added JAR file:///home/***/.ivy2/jars/org.apache.spark_spark-sql-kafka-0-10_2.12-3.1.3.jar at spark://15c99fd3082a:45795/jars/org.apache.spark_spark-sql-kafka-0-10_2.12-3.1.3.jar with timestamp 1675198498990
[2023-01-31T20:54:59.652+0000] {spark_submit.py:495} INFO - 23/01/31 20:54:59 INFO SparkContext: Added JAR file:///home/***/.ivy2/jars/org.mongodb.spark_mongo-spark-connector_2.12-3.0.1.jar at spark://15c99fd3082a:45795/jars/org.mongodb.spark_mongo-spark-connector_2.12-3.0.1.jar with timestamp 1675198498990
[2023-01-31T20:54:59.652+0000] {spark_submit.py:495} INFO - 23/01/31 20:54:59 INFO SparkContext: Added JAR file:///home/***/.ivy2/jars/org.apache.spark_spark-token-provider-kafka-0-10_2.12-3.1.3.jar at spark://15c99fd3082a:45795/jars/org.apache.spark_spark-token-provider-kafka-0-10_2.12-3.1.3.jar with timestamp 1675198498990
[2023-01-31T20:54:59.652+0000] {spark_submit.py:495} INFO - 23/01/31 20:54:59 INFO SparkContext: Added JAR file:///home/***/.ivy2/jars/org.apache.kafka_kafka-clients-2.6.0.jar at spark://15c99fd3082a:45795/jars/org.apache.kafka_kafka-clients-2.6.0.jar with timestamp 1675198498990
[2023-01-31T20:54:59.653+0000] {spark_submit.py:495} INFO - 23/01/31 20:54:59 INFO SparkContext: Added JAR file:///home/***/.ivy2/jars/org.apache.commons_commons-pool2-2.6.2.jar at spark://15c99fd3082a:45795/jars/org.apache.commons_commons-pool2-2.6.2.jar with timestamp 1675198498990
[2023-01-31T20:54:59.653+0000] {spark_submit.py:495} INFO - 23/01/31 20:54:59 INFO SparkContext: Added JAR file:///home/***/.ivy2/jars/org.spark-project.spark_unused-1.0.0.jar at spark://15c99fd3082a:45795/jars/org.spark-project.spark_unused-1.0.0.jar with timestamp 1675198498990
[2023-01-31T20:54:59.654+0000] {spark_submit.py:495} INFO - 23/01/31 20:54:59 INFO SparkContext: Added JAR file:///home/***/.ivy2/jars/com.github.luben_zstd-jni-1.4.8-1.jar at spark://15c99fd3082a:45795/jars/com.github.luben_zstd-jni-1.4.8-1.jar with timestamp 1675198498990
[2023-01-31T20:54:59.654+0000] {spark_submit.py:495} INFO - 23/01/31 20:54:59 INFO SparkContext: Added JAR file:///home/***/.ivy2/jars/org.lz4_lz4-java-1.7.1.jar at spark://15c99fd3082a:45795/jars/org.lz4_lz4-java-1.7.1.jar with timestamp 1675198498990
[2023-01-31T20:54:59.654+0000] {spark_submit.py:495} INFO - 23/01/31 20:54:59 INFO SparkContext: Added JAR file:///home/***/.ivy2/jars/org.xerial.snappy_snappy-java-1.1.8.2.jar at spark://15c99fd3082a:45795/jars/org.xerial.snappy_snappy-java-1.1.8.2.jar with timestamp 1675198498990
[2023-01-31T20:54:59.655+0000] {spark_submit.py:495} INFO - 23/01/31 20:54:59 INFO SparkContext: Added JAR file:///home/***/.ivy2/jars/org.slf4j_slf4j-api-1.7.30.jar at spark://15c99fd3082a:45795/jars/org.slf4j_slf4j-api-1.7.30.jar with timestamp 1675198498990
[2023-01-31T20:54:59.655+0000] {spark_submit.py:495} INFO - 23/01/31 20:54:59 INFO SparkContext: Added JAR file:///home/***/.ivy2/jars/org.mongodb_mongodb-driver-sync-4.0.5.jar at spark://15c99fd3082a:45795/jars/org.mongodb_mongodb-driver-sync-4.0.5.jar with timestamp 1675198498990
[2023-01-31T20:54:59.655+0000] {spark_submit.py:495} INFO - 23/01/31 20:54:59 INFO SparkContext: Added JAR file:///home/***/.ivy2/jars/org.mongodb_bson-4.0.5.jar at spark://15c99fd3082a:45795/jars/org.mongodb_bson-4.0.5.jar with timestamp 1675198498990
[2023-01-31T20:54:59.655+0000] {spark_submit.py:495} INFO - 23/01/31 20:54:59 INFO SparkContext: Added JAR file:///home/***/.ivy2/jars/org.mongodb_mongodb-driver-core-4.0.5.jar at spark://15c99fd3082a:45795/jars/org.mongodb_mongodb-driver-core-4.0.5.jar with timestamp 1675198498990
[2023-01-31T20:54:59.658+0000] {spark_submit.py:495} INFO - 23/01/31 20:54:59 INFO SparkContext: Added file file:///home/***/.ivy2/jars/org.apache.spark_spark-sql-kafka-0-10_2.12-3.1.3.jar at file:///home/***/.ivy2/jars/org.apache.spark_spark-sql-kafka-0-10_2.12-3.1.3.jar with timestamp 1675198498990
[2023-01-31T20:54:59.659+0000] {spark_submit.py:495} INFO - 23/01/31 20:54:59 INFO Utils: Copying /home/***/.ivy2/jars/org.apache.spark_spark-sql-kafka-0-10_2.12-3.1.3.jar to /tmp/spark-2f4e18fb-ef7c-4f53-a186-ff9c7f67b8c5/userFiles-0682ac02-49fa-4c6d-8d88-4d8a92618ab6/org.apache.spark_spark-sql-kafka-0-10_2.12-3.1.3.jar
[2023-01-31T20:54:59.678+0000] {spark_submit.py:495} INFO - 23/01/31 20:54:59 INFO SparkContext: Added file file:///home/***/.ivy2/jars/org.mongodb.spark_mongo-spark-connector_2.12-3.0.1.jar at file:///home/***/.ivy2/jars/org.mongodb.spark_mongo-spark-connector_2.12-3.0.1.jar with timestamp 1675198498990
[2023-01-31T20:54:59.679+0000] {spark_submit.py:495} INFO - 23/01/31 20:54:59 INFO Utils: Copying /home/***/.ivy2/jars/org.mongodb.spark_mongo-spark-connector_2.12-3.0.1.jar to /tmp/spark-2f4e18fb-ef7c-4f53-a186-ff9c7f67b8c5/userFiles-0682ac02-49fa-4c6d-8d88-4d8a92618ab6/org.mongodb.spark_mongo-spark-connector_2.12-3.0.1.jar
[2023-01-31T20:54:59.684+0000] {spark_submit.py:495} INFO - 23/01/31 20:54:59 INFO SparkContext: Added file file:///home/***/.ivy2/jars/org.apache.spark_spark-token-provider-kafka-0-10_2.12-3.1.3.jar at file:///home/***/.ivy2/jars/org.apache.spark_spark-token-provider-kafka-0-10_2.12-3.1.3.jar with timestamp 1675198498990
[2023-01-31T20:54:59.685+0000] {spark_submit.py:495} INFO - 23/01/31 20:54:59 INFO Utils: Copying /home/***/.ivy2/jars/org.apache.spark_spark-token-provider-kafka-0-10_2.12-3.1.3.jar to /tmp/spark-2f4e18fb-ef7c-4f53-a186-ff9c7f67b8c5/userFiles-0682ac02-49fa-4c6d-8d88-4d8a92618ab6/org.apache.spark_spark-token-provider-kafka-0-10_2.12-3.1.3.jar
[2023-01-31T20:54:59.691+0000] {spark_submit.py:495} INFO - 23/01/31 20:54:59 INFO SparkContext: Added file file:///home/***/.ivy2/jars/org.apache.kafka_kafka-clients-2.6.0.jar at file:///home/***/.ivy2/jars/org.apache.kafka_kafka-clients-2.6.0.jar with timestamp 1675198498990
[2023-01-31T20:54:59.691+0000] {spark_submit.py:495} INFO - 23/01/31 20:54:59 INFO Utils: Copying /home/***/.ivy2/jars/org.apache.kafka_kafka-clients-2.6.0.jar to /tmp/spark-2f4e18fb-ef7c-4f53-a186-ff9c7f67b8c5/userFiles-0682ac02-49fa-4c6d-8d88-4d8a92618ab6/org.apache.kafka_kafka-clients-2.6.0.jar
[2023-01-31T20:54:59.722+0000] {spark_submit.py:495} INFO - 23/01/31 20:54:59 INFO SparkContext: Added file file:///home/***/.ivy2/jars/org.apache.commons_commons-pool2-2.6.2.jar at file:///home/***/.ivy2/jars/org.apache.commons_commons-pool2-2.6.2.jar with timestamp 1675198498990
[2023-01-31T20:54:59.723+0000] {spark_submit.py:495} INFO - 23/01/31 20:54:59 INFO Utils: Copying /home/***/.ivy2/jars/org.apache.commons_commons-pool2-2.6.2.jar to /tmp/spark-2f4e18fb-ef7c-4f53-a186-ff9c7f67b8c5/userFiles-0682ac02-49fa-4c6d-8d88-4d8a92618ab6/org.apache.commons_commons-pool2-2.6.2.jar
[2023-01-31T20:54:59.735+0000] {spark_submit.py:495} INFO - 23/01/31 20:54:59 INFO SparkContext: Added file file:///home/***/.ivy2/jars/org.spark-project.spark_unused-1.0.0.jar at file:///home/***/.ivy2/jars/org.spark-project.spark_unused-1.0.0.jar with timestamp 1675198498990
[2023-01-31T20:54:59.735+0000] {spark_submit.py:495} INFO - 23/01/31 20:54:59 INFO Utils: Copying /home/***/.ivy2/jars/org.spark-project.spark_unused-1.0.0.jar to /tmp/spark-2f4e18fb-ef7c-4f53-a186-ff9c7f67b8c5/userFiles-0682ac02-49fa-4c6d-8d88-4d8a92618ab6/org.spark-project.spark_unused-1.0.0.jar
[2023-01-31T20:54:59.754+0000] {spark_submit.py:495} INFO - 23/01/31 20:54:59 INFO SparkContext: Added file file:///home/***/.ivy2/jars/com.github.luben_zstd-jni-1.4.8-1.jar at file:///home/***/.ivy2/jars/com.github.luben_zstd-jni-1.4.8-1.jar with timestamp 1675198498990
[2023-01-31T20:54:59.755+0000] {spark_submit.py:495} INFO - 23/01/31 20:54:59 INFO Utils: Copying /home/***/.ivy2/jars/com.github.luben_zstd-jni-1.4.8-1.jar to /tmp/spark-2f4e18fb-ef7c-4f53-a186-ff9c7f67b8c5/userFiles-0682ac02-49fa-4c6d-8d88-4d8a92618ab6/com.github.luben_zstd-jni-1.4.8-1.jar
[2023-01-31T20:54:59.788+0000] {spark_submit.py:495} INFO - 23/01/31 20:54:59 INFO SparkContext: Added file file:///home/***/.ivy2/jars/org.lz4_lz4-java-1.7.1.jar at file:///home/***/.ivy2/jars/org.lz4_lz4-java-1.7.1.jar with timestamp 1675198498990
[2023-01-31T20:54:59.789+0000] {spark_submit.py:495} INFO - 23/01/31 20:54:59 INFO Utils: Copying /home/***/.ivy2/jars/org.lz4_lz4-java-1.7.1.jar to /tmp/spark-2f4e18fb-ef7c-4f53-a186-ff9c7f67b8c5/userFiles-0682ac02-49fa-4c6d-8d88-4d8a92618ab6/org.lz4_lz4-java-1.7.1.jar
[2023-01-31T20:54:59.831+0000] {spark_submit.py:495} INFO - 23/01/31 20:54:59 INFO SparkContext: Added file file:///home/***/.ivy2/jars/org.xerial.snappy_snappy-java-1.1.8.2.jar at file:///home/***/.ivy2/jars/org.xerial.snappy_snappy-java-1.1.8.2.jar with timestamp 1675198498990
[2023-01-31T20:54:59.831+0000] {spark_submit.py:495} INFO - 23/01/31 20:54:59 INFO Utils: Copying /home/***/.ivy2/jars/org.xerial.snappy_snappy-java-1.1.8.2.jar to /tmp/spark-2f4e18fb-ef7c-4f53-a186-ff9c7f67b8c5/userFiles-0682ac02-49fa-4c6d-8d88-4d8a92618ab6/org.xerial.snappy_snappy-java-1.1.8.2.jar
[2023-01-31T20:54:59.844+0000] {spark_submit.py:495} INFO - 23/01/31 20:54:59 INFO SparkContext: Added file file:///home/***/.ivy2/jars/org.slf4j_slf4j-api-1.7.30.jar at file:///home/***/.ivy2/jars/org.slf4j_slf4j-api-1.7.30.jar with timestamp 1675198498990
[2023-01-31T20:54:59.844+0000] {spark_submit.py:495} INFO - 23/01/31 20:54:59 INFO Utils: Copying /home/***/.ivy2/jars/org.slf4j_slf4j-api-1.7.30.jar to /tmp/spark-2f4e18fb-ef7c-4f53-a186-ff9c7f67b8c5/userFiles-0682ac02-49fa-4c6d-8d88-4d8a92618ab6/org.slf4j_slf4j-api-1.7.30.jar
[2023-01-31T20:54:59.845+0000] {spark_submit.py:495} INFO - 23/01/31 20:54:59 INFO SparkContext: Added file file:///home/***/.ivy2/jars/org.mongodb_mongodb-driver-sync-4.0.5.jar at file:///home/***/.ivy2/jars/org.mongodb_mongodb-driver-sync-4.0.5.jar with timestamp 1675198498990
[2023-01-31T20:54:59.845+0000] {spark_submit.py:495} INFO - 23/01/31 20:54:59 INFO Utils: Copying /home/***/.ivy2/jars/org.mongodb_mongodb-driver-sync-4.0.5.jar to /tmp/spark-2f4e18fb-ef7c-4f53-a186-ff9c7f67b8c5/userFiles-0682ac02-49fa-4c6d-8d88-4d8a92618ab6/org.mongodb_mongodb-driver-sync-4.0.5.jar
[2023-01-31T20:54:59.854+0000] {spark_submit.py:495} INFO - 23/01/31 20:54:59 INFO SparkContext: Added file file:///home/***/.ivy2/jars/org.mongodb_bson-4.0.5.jar at file:///home/***/.ivy2/jars/org.mongodb_bson-4.0.5.jar with timestamp 1675198498990
[2023-01-31T20:54:59.854+0000] {spark_submit.py:495} INFO - 23/01/31 20:54:59 INFO Utils: Copying /home/***/.ivy2/jars/org.mongodb_bson-4.0.5.jar to /tmp/spark-2f4e18fb-ef7c-4f53-a186-ff9c7f67b8c5/userFiles-0682ac02-49fa-4c6d-8d88-4d8a92618ab6/org.mongodb_bson-4.0.5.jar
[2023-01-31T20:54:59.861+0000] {spark_submit.py:495} INFO - 23/01/31 20:54:59 INFO SparkContext: Added file file:///home/***/.ivy2/jars/org.mongodb_mongodb-driver-core-4.0.5.jar at file:///home/***/.ivy2/jars/org.mongodb_mongodb-driver-core-4.0.5.jar with timestamp 1675198498990
[2023-01-31T20:54:59.862+0000] {spark_submit.py:495} INFO - 23/01/31 20:54:59 INFO Utils: Copying /home/***/.ivy2/jars/org.mongodb_mongodb-driver-core-4.0.5.jar to /tmp/spark-2f4e18fb-ef7c-4f53-a186-ff9c7f67b8c5/userFiles-0682ac02-49fa-4c6d-8d88-4d8a92618ab6/org.mongodb_mongodb-driver-core-4.0.5.jar
[2023-01-31T20:55:00.003+0000] {spark_submit.py:495} INFO - 23/01/31 20:55:00 INFO Executor: Starting executor ID driver on host 15c99fd3082a
[2023-01-31T20:55:00.012+0000] {spark_submit.py:495} INFO - 23/01/31 20:55:00 INFO Executor: Starting executor with user classpath (userClassPathFirst = false): ''
[2023-01-31T20:55:00.023+0000] {spark_submit.py:495} INFO - 23/01/31 20:55:00 INFO Executor: Fetching file:///home/***/.ivy2/jars/org.apache.spark_spark-token-provider-kafka-0-10_2.12-3.1.3.jar with timestamp 1675198498990
[2023-01-31T20:55:00.037+0000] {spark_submit.py:495} INFO - 23/01/31 20:55:00 INFO Utils: /home/***/.ivy2/jars/org.apache.spark_spark-token-provider-kafka-0-10_2.12-3.1.3.jar has been previously copied to /tmp/spark-2f4e18fb-ef7c-4f53-a186-ff9c7f67b8c5/userFiles-0682ac02-49fa-4c6d-8d88-4d8a92618ab6/org.apache.spark_spark-token-provider-kafka-0-10_2.12-3.1.3.jar
[2023-01-31T20:55:00.044+0000] {spark_submit.py:495} INFO - 23/01/31 20:55:00 INFO Executor: Fetching file:///home/***/.ivy2/jars/org.mongodb_mongodb-driver-sync-4.0.5.jar with timestamp 1675198498990
[2023-01-31T20:55:00.045+0000] {spark_submit.py:495} INFO - 23/01/31 20:55:00 INFO Utils: /home/***/.ivy2/jars/org.mongodb_mongodb-driver-sync-4.0.5.jar has been previously copied to /tmp/spark-2f4e18fb-ef7c-4f53-a186-ff9c7f67b8c5/userFiles-0682ac02-49fa-4c6d-8d88-4d8a92618ab6/org.mongodb_mongodb-driver-sync-4.0.5.jar
[2023-01-31T20:55:00.053+0000] {spark_submit.py:495} INFO - 23/01/31 20:55:00 INFO Executor: Fetching file:///home/***/.ivy2/jars/org.apache.kafka_kafka-clients-2.6.0.jar with timestamp 1675198498990
[2023-01-31T20:55:00.059+0000] {spark_submit.py:495} INFO - 23/01/31 20:55:00 INFO Utils: /home/***/.ivy2/jars/org.apache.kafka_kafka-clients-2.6.0.jar has been previously copied to /tmp/spark-2f4e18fb-ef7c-4f53-a186-ff9c7f67b8c5/userFiles-0682ac02-49fa-4c6d-8d88-4d8a92618ab6/org.apache.kafka_kafka-clients-2.6.0.jar
[2023-01-31T20:55:00.065+0000] {spark_submit.py:495} INFO - 23/01/31 20:55:00 INFO Executor: Fetching file:///home/***/.ivy2/jars/org.mongodb_bson-4.0.5.jar with timestamp 1675198498990
[2023-01-31T20:55:00.066+0000] {spark_submit.py:495} INFO - 23/01/31 20:55:00 INFO Utils: /home/***/.ivy2/jars/org.mongodb_bson-4.0.5.jar has been previously copied to /tmp/spark-2f4e18fb-ef7c-4f53-a186-ff9c7f67b8c5/userFiles-0682ac02-49fa-4c6d-8d88-4d8a92618ab6/org.mongodb_bson-4.0.5.jar
[2023-01-31T20:55:00.072+0000] {spark_submit.py:495} INFO - 23/01/31 20:55:00 INFO Executor: Fetching file:///home/***/.ivy2/jars/com.github.luben_zstd-jni-1.4.8-1.jar with timestamp 1675198498990
[2023-01-31T20:55:00.077+0000] {spark_submit.py:495} INFO - 23/01/31 20:55:00 INFO Utils: /home/***/.ivy2/jars/com.github.luben_zstd-jni-1.4.8-1.jar has been previously copied to /tmp/spark-2f4e18fb-ef7c-4f53-a186-ff9c7f67b8c5/userFiles-0682ac02-49fa-4c6d-8d88-4d8a92618ab6/com.github.luben_zstd-jni-1.4.8-1.jar
[2023-01-31T20:55:00.081+0000] {spark_submit.py:495} INFO - 23/01/31 20:55:00 INFO Executor: Fetching file:///home/***/.ivy2/jars/org.lz4_lz4-java-1.7.1.jar with timestamp 1675198498990
[2023-01-31T20:55:00.083+0000] {spark_submit.py:495} INFO - 23/01/31 20:55:00 INFO Utils: /home/***/.ivy2/jars/org.lz4_lz4-java-1.7.1.jar has been previously copied to /tmp/spark-2f4e18fb-ef7c-4f53-a186-ff9c7f67b8c5/userFiles-0682ac02-49fa-4c6d-8d88-4d8a92618ab6/org.lz4_lz4-java-1.7.1.jar
[2023-01-31T20:55:00.087+0000] {spark_submit.py:495} INFO - 23/01/31 20:55:00 INFO Executor: Fetching file:///home/***/.ivy2/jars/org.spark-project.spark_unused-1.0.0.jar with timestamp 1675198498990
[2023-01-31T20:55:00.087+0000] {spark_submit.py:495} INFO - 23/01/31 20:55:00 INFO Utils: /home/***/.ivy2/jars/org.spark-project.spark_unused-1.0.0.jar has been previously copied to /tmp/spark-2f4e18fb-ef7c-4f53-a186-ff9c7f67b8c5/userFiles-0682ac02-49fa-4c6d-8d88-4d8a92618ab6/org.spark-project.spark_unused-1.0.0.jar
[2023-01-31T20:55:00.090+0000] {spark_submit.py:495} INFO - 23/01/31 20:55:00 INFO Executor: Fetching file:///home/***/.ivy2/jars/org.xerial.snappy_snappy-java-1.1.8.2.jar with timestamp 1675198498990
[2023-01-31T20:55:00.092+0000] {spark_submit.py:495} INFO - 23/01/31 20:55:00 INFO Utils: /home/***/.ivy2/jars/org.xerial.snappy_snappy-java-1.1.8.2.jar has been previously copied to /tmp/spark-2f4e18fb-ef7c-4f53-a186-ff9c7f67b8c5/userFiles-0682ac02-49fa-4c6d-8d88-4d8a92618ab6/org.xerial.snappy_snappy-java-1.1.8.2.jar
[2023-01-31T20:55:00.094+0000] {spark_submit.py:495} INFO - 23/01/31 20:55:00 INFO Executor: Fetching file:///home/***/.ivy2/jars/org.mongodb_mongodb-driver-core-4.0.5.jar with timestamp 1675198498990
[2023-01-31T20:55:00.096+0000] {spark_submit.py:495} INFO - 23/01/31 20:55:00 INFO Utils: /home/***/.ivy2/jars/org.mongodb_mongodb-driver-core-4.0.5.jar has been previously copied to /tmp/spark-2f4e18fb-ef7c-4f53-a186-ff9c7f67b8c5/userFiles-0682ac02-49fa-4c6d-8d88-4d8a92618ab6/org.mongodb_mongodb-driver-core-4.0.5.jar
[2023-01-31T20:55:00.099+0000] {spark_submit.py:495} INFO - 23/01/31 20:55:00 INFO Executor: Fetching file:///home/***/.ivy2/jars/org.apache.spark_spark-sql-kafka-0-10_2.12-3.1.3.jar with timestamp 1675198498990
[2023-01-31T20:55:00.099+0000] {spark_submit.py:495} INFO - 23/01/31 20:55:00 INFO Utils: /home/***/.ivy2/jars/org.apache.spark_spark-sql-kafka-0-10_2.12-3.1.3.jar has been previously copied to /tmp/spark-2f4e18fb-ef7c-4f53-a186-ff9c7f67b8c5/userFiles-0682ac02-49fa-4c6d-8d88-4d8a92618ab6/org.apache.spark_spark-sql-kafka-0-10_2.12-3.1.3.jar
[2023-01-31T20:55:00.102+0000] {spark_submit.py:495} INFO - 23/01/31 20:55:00 INFO Executor: Fetching file:///home/***/.ivy2/jars/org.mongodb.spark_mongo-spark-connector_2.12-3.0.1.jar with timestamp 1675198498990
[2023-01-31T20:55:00.103+0000] {spark_submit.py:495} INFO - 23/01/31 20:55:00 INFO Utils: /home/***/.ivy2/jars/org.mongodb.spark_mongo-spark-connector_2.12-3.0.1.jar has been previously copied to /tmp/spark-2f4e18fb-ef7c-4f53-a186-ff9c7f67b8c5/userFiles-0682ac02-49fa-4c6d-8d88-4d8a92618ab6/org.mongodb.spark_mongo-spark-connector_2.12-3.0.1.jar
[2023-01-31T20:55:00.105+0000] {spark_submit.py:495} INFO - 23/01/31 20:55:00 INFO Executor: Fetching file:///home/***/.ivy2/jars/org.apache.commons_commons-pool2-2.6.2.jar with timestamp 1675198498990
[2023-01-31T20:55:00.106+0000] {spark_submit.py:495} INFO - 23/01/31 20:55:00 INFO Utils: /home/***/.ivy2/jars/org.apache.commons_commons-pool2-2.6.2.jar has been previously copied to /tmp/spark-2f4e18fb-ef7c-4f53-a186-ff9c7f67b8c5/userFiles-0682ac02-49fa-4c6d-8d88-4d8a92618ab6/org.apache.commons_commons-pool2-2.6.2.jar
[2023-01-31T20:55:00.112+0000] {spark_submit.py:495} INFO - 23/01/31 20:55:00 INFO Executor: Fetching file:///home/***/.ivy2/jars/org.slf4j_slf4j-api-1.7.30.jar with timestamp 1675198498990
[2023-01-31T20:55:00.112+0000] {spark_submit.py:495} INFO - 23/01/31 20:55:00 INFO Utils: /home/***/.ivy2/jars/org.slf4j_slf4j-api-1.7.30.jar has been previously copied to /tmp/spark-2f4e18fb-ef7c-4f53-a186-ff9c7f67b8c5/userFiles-0682ac02-49fa-4c6d-8d88-4d8a92618ab6/org.slf4j_slf4j-api-1.7.30.jar
[2023-01-31T20:55:00.117+0000] {spark_submit.py:495} INFO - 23/01/31 20:55:00 INFO Executor: Fetching spark://15c99fd3082a:45795/jars/com.github.luben_zstd-jni-1.4.8-1.jar with timestamp 1675198498990
[2023-01-31T20:55:00.145+0000] {spark_submit.py:495} INFO - 23/01/31 20:55:00 INFO TransportClientFactory: Successfully created connection to 15c99fd3082a/172.20.0.4:45795 after 20 ms (0 ms spent in bootstraps)
[2023-01-31T20:55:00.149+0000] {spark_submit.py:495} INFO - 23/01/31 20:55:00 INFO Utils: Fetching spark://15c99fd3082a:45795/jars/com.github.luben_zstd-jni-1.4.8-1.jar to /tmp/spark-2f4e18fb-ef7c-4f53-a186-ff9c7f67b8c5/userFiles-0682ac02-49fa-4c6d-8d88-4d8a92618ab6/fetchFileTemp11411566384498903603.tmp
[2023-01-31T20:55:00.202+0000] {spark_submit.py:495} INFO - 23/01/31 20:55:00 INFO Utils: /tmp/spark-2f4e18fb-ef7c-4f53-a186-ff9c7f67b8c5/userFiles-0682ac02-49fa-4c6d-8d88-4d8a92618ab6/fetchFileTemp11411566384498903603.tmp has been previously copied to /tmp/spark-2f4e18fb-ef7c-4f53-a186-ff9c7f67b8c5/userFiles-0682ac02-49fa-4c6d-8d88-4d8a92618ab6/com.github.luben_zstd-jni-1.4.8-1.jar
[2023-01-31T20:55:00.285+0000] {spark_submit.py:495} INFO - 23/01/31 20:55:00 INFO Executor: Adding file:/tmp/spark-2f4e18fb-ef7c-4f53-a186-ff9c7f67b8c5/userFiles-0682ac02-49fa-4c6d-8d88-4d8a92618ab6/com.github.luben_zstd-jni-1.4.8-1.jar to class loader
[2023-01-31T20:55:00.286+0000] {spark_submit.py:495} INFO - 23/01/31 20:55:00 INFO Executor: Fetching spark://15c99fd3082a:45795/jars/org.slf4j_slf4j-api-1.7.30.jar with timestamp 1675198498990
[2023-01-31T20:55:00.289+0000] {spark_submit.py:495} INFO - 23/01/31 20:55:00 INFO Utils: Fetching spark://15c99fd3082a:45795/jars/org.slf4j_slf4j-api-1.7.30.jar to /tmp/spark-2f4e18fb-ef7c-4f53-a186-ff9c7f67b8c5/userFiles-0682ac02-49fa-4c6d-8d88-4d8a92618ab6/fetchFileTemp6513089318715396388.tmp
[2023-01-31T20:55:00.295+0000] {spark_submit.py:495} INFO - 23/01/31 20:55:00 INFO Utils: /tmp/spark-2f4e18fb-ef7c-4f53-a186-ff9c7f67b8c5/userFiles-0682ac02-49fa-4c6d-8d88-4d8a92618ab6/fetchFileTemp6513089318715396388.tmp has been previously copied to /tmp/spark-2f4e18fb-ef7c-4f53-a186-ff9c7f67b8c5/userFiles-0682ac02-49fa-4c6d-8d88-4d8a92618ab6/org.slf4j_slf4j-api-1.7.30.jar
[2023-01-31T20:55:00.314+0000] {spark_submit.py:495} INFO - 23/01/31 20:55:00 INFO Executor: Adding file:/tmp/spark-2f4e18fb-ef7c-4f53-a186-ff9c7f67b8c5/userFiles-0682ac02-49fa-4c6d-8d88-4d8a92618ab6/org.slf4j_slf4j-api-1.7.30.jar to class loader
[2023-01-31T20:55:00.315+0000] {spark_submit.py:495} INFO - 23/01/31 20:55:00 INFO Executor: Fetching spark://15c99fd3082a:45795/jars/org.apache.commons_commons-pool2-2.6.2.jar with timestamp 1675198498990
[2023-01-31T20:55:00.322+0000] {spark_submit.py:495} INFO - 23/01/31 20:55:00 INFO Utils: Fetching spark://15c99fd3082a:45795/jars/org.apache.commons_commons-pool2-2.6.2.jar to /tmp/spark-2f4e18fb-ef7c-4f53-a186-ff9c7f67b8c5/userFiles-0682ac02-49fa-4c6d-8d88-4d8a92618ab6/fetchFileTemp1805811198429355838.tmp
[2023-01-31T20:55:00.324+0000] {spark_submit.py:495} INFO - 23/01/31 20:55:00 INFO Utils: /tmp/spark-2f4e18fb-ef7c-4f53-a186-ff9c7f67b8c5/userFiles-0682ac02-49fa-4c6d-8d88-4d8a92618ab6/fetchFileTemp1805811198429355838.tmp has been previously copied to /tmp/spark-2f4e18fb-ef7c-4f53-a186-ff9c7f67b8c5/userFiles-0682ac02-49fa-4c6d-8d88-4d8a92618ab6/org.apache.commons_commons-pool2-2.6.2.jar
[2023-01-31T20:55:00.339+0000] {spark_submit.py:495} INFO - 23/01/31 20:55:00 INFO Executor: Adding file:/tmp/spark-2f4e18fb-ef7c-4f53-a186-ff9c7f67b8c5/userFiles-0682ac02-49fa-4c6d-8d88-4d8a92618ab6/org.apache.commons_commons-pool2-2.6.2.jar to class loader
[2023-01-31T20:55:00.339+0000] {spark_submit.py:495} INFO - 23/01/31 20:55:00 INFO Executor: Fetching spark://15c99fd3082a:45795/jars/org.mongodb_mongodb-driver-sync-4.0.5.jar with timestamp 1675198498990
[2023-01-31T20:55:00.342+0000] {spark_submit.py:495} INFO - 23/01/31 20:55:00 INFO Utils: Fetching spark://15c99fd3082a:45795/jars/org.mongodb_mongodb-driver-sync-4.0.5.jar to /tmp/spark-2f4e18fb-ef7c-4f53-a186-ff9c7f67b8c5/userFiles-0682ac02-49fa-4c6d-8d88-4d8a92618ab6/fetchFileTemp11642802740760881756.tmp
[2023-01-31T20:55:00.350+0000] {spark_submit.py:495} INFO - 23/01/31 20:55:00 INFO Utils: /tmp/spark-2f4e18fb-ef7c-4f53-a186-ff9c7f67b8c5/userFiles-0682ac02-49fa-4c6d-8d88-4d8a92618ab6/fetchFileTemp11642802740760881756.tmp has been previously copied to /tmp/spark-2f4e18fb-ef7c-4f53-a186-ff9c7f67b8c5/userFiles-0682ac02-49fa-4c6d-8d88-4d8a92618ab6/org.mongodb_mongodb-driver-sync-4.0.5.jar
[2023-01-31T20:55:00.363+0000] {spark_submit.py:495} INFO - 23/01/31 20:55:00 INFO Executor: Adding file:/tmp/spark-2f4e18fb-ef7c-4f53-a186-ff9c7f67b8c5/userFiles-0682ac02-49fa-4c6d-8d88-4d8a92618ab6/org.mongodb_mongodb-driver-sync-4.0.5.jar to class loader
[2023-01-31T20:55:00.365+0000] {spark_submit.py:495} INFO - 23/01/31 20:55:00 INFO Executor: Fetching spark://15c99fd3082a:45795/jars/org.mongodb.spark_mongo-spark-connector_2.12-3.0.1.jar with timestamp 1675198498990
[2023-01-31T20:55:00.367+0000] {spark_submit.py:495} INFO - 23/01/31 20:55:00 INFO Utils: Fetching spark://15c99fd3082a:45795/jars/org.mongodb.spark_mongo-spark-connector_2.12-3.0.1.jar to /tmp/spark-2f4e18fb-ef7c-4f53-a186-ff9c7f67b8c5/userFiles-0682ac02-49fa-4c6d-8d88-4d8a92618ab6/fetchFileTemp13569803425875726229.tmp
[2023-01-31T20:55:00.391+0000] {spark_submit.py:495} INFO - 23/01/31 20:55:00 INFO Utils: /tmp/spark-2f4e18fb-ef7c-4f53-a186-ff9c7f67b8c5/userFiles-0682ac02-49fa-4c6d-8d88-4d8a92618ab6/fetchFileTemp13569803425875726229.tmp has been previously copied to /tmp/spark-2f4e18fb-ef7c-4f53-a186-ff9c7f67b8c5/userFiles-0682ac02-49fa-4c6d-8d88-4d8a92618ab6/org.mongodb.spark_mongo-spark-connector_2.12-3.0.1.jar
[2023-01-31T20:55:00.399+0000] {spark_submit.py:495} INFO - 23/01/31 20:55:00 INFO Executor: Adding file:/tmp/spark-2f4e18fb-ef7c-4f53-a186-ff9c7f67b8c5/userFiles-0682ac02-49fa-4c6d-8d88-4d8a92618ab6/org.mongodb.spark_mongo-spark-connector_2.12-3.0.1.jar to class loader
[2023-01-31T20:55:00.400+0000] {spark_submit.py:495} INFO - 23/01/31 20:55:00 INFO Executor: Fetching spark://15c99fd3082a:45795/jars/org.apache.kafka_kafka-clients-2.6.0.jar with timestamp 1675198498990
[2023-01-31T20:55:00.403+0000] {spark_submit.py:495} INFO - 23/01/31 20:55:00 INFO Utils: Fetching spark://15c99fd3082a:45795/jars/org.apache.kafka_kafka-clients-2.6.0.jar to /tmp/spark-2f4e18fb-ef7c-4f53-a186-ff9c7f67b8c5/userFiles-0682ac02-49fa-4c6d-8d88-4d8a92618ab6/fetchFileTemp16572833276391466195.tmp
[2023-01-31T20:55:00.427+0000] {spark_submit.py:495} INFO - 23/01/31 20:55:00 INFO Utils: /tmp/spark-2f4e18fb-ef7c-4f53-a186-ff9c7f67b8c5/userFiles-0682ac02-49fa-4c6d-8d88-4d8a92618ab6/fetchFileTemp16572833276391466195.tmp has been previously copied to /tmp/spark-2f4e18fb-ef7c-4f53-a186-ff9c7f67b8c5/userFiles-0682ac02-49fa-4c6d-8d88-4d8a92618ab6/org.apache.kafka_kafka-clients-2.6.0.jar
[2023-01-31T20:55:00.435+0000] {spark_submit.py:495} INFO - 23/01/31 20:55:00 INFO Executor: Adding file:/tmp/spark-2f4e18fb-ef7c-4f53-a186-ff9c7f67b8c5/userFiles-0682ac02-49fa-4c6d-8d88-4d8a92618ab6/org.apache.kafka_kafka-clients-2.6.0.jar to class loader
[2023-01-31T20:55:00.436+0000] {spark_submit.py:495} INFO - 23/01/31 20:55:00 INFO Executor: Fetching spark://15c99fd3082a:45795/jars/org.spark-project.spark_unused-1.0.0.jar with timestamp 1675198498990
[2023-01-31T20:55:00.436+0000] {spark_submit.py:495} INFO - 23/01/31 20:55:00 INFO Utils: Fetching spark://15c99fd3082a:45795/jars/org.spark-project.spark_unused-1.0.0.jar to /tmp/spark-2f4e18fb-ef7c-4f53-a186-ff9c7f67b8c5/userFiles-0682ac02-49fa-4c6d-8d88-4d8a92618ab6/fetchFileTemp2684261743804799946.tmp
[2023-01-31T20:55:00.445+0000] {spark_submit.py:495} INFO - 23/01/31 20:55:00 INFO Utils: /tmp/spark-2f4e18fb-ef7c-4f53-a186-ff9c7f67b8c5/userFiles-0682ac02-49fa-4c6d-8d88-4d8a92618ab6/fetchFileTemp2684261743804799946.tmp has been previously copied to /tmp/spark-2f4e18fb-ef7c-4f53-a186-ff9c7f67b8c5/userFiles-0682ac02-49fa-4c6d-8d88-4d8a92618ab6/org.spark-project.spark_unused-1.0.0.jar
[2023-01-31T20:55:00.445+0000] {spark_submit.py:495} INFO - 23/01/31 20:55:00 INFO Executor: Adding file:/tmp/spark-2f4e18fb-ef7c-4f53-a186-ff9c7f67b8c5/userFiles-0682ac02-49fa-4c6d-8d88-4d8a92618ab6/org.spark-project.spark_unused-1.0.0.jar to class loader
[2023-01-31T20:55:00.445+0000] {spark_submit.py:495} INFO - 23/01/31 20:55:00 INFO Executor: Fetching spark://15c99fd3082a:45795/jars/org.apache.spark_spark-token-provider-kafka-0-10_2.12-3.1.3.jar with timestamp 1675198498990
[2023-01-31T20:55:00.445+0000] {spark_submit.py:495} INFO - 23/01/31 20:55:00 INFO Utils: Fetching spark://15c99fd3082a:45795/jars/org.apache.spark_spark-token-provider-kafka-0-10_2.12-3.1.3.jar to /tmp/spark-2f4e18fb-ef7c-4f53-a186-ff9c7f67b8c5/userFiles-0682ac02-49fa-4c6d-8d88-4d8a92618ab6/fetchFileTemp9348484218799750844.tmp
[2023-01-31T20:55:00.448+0000] {spark_submit.py:495} INFO - 23/01/31 20:55:00 INFO Utils: /tmp/spark-2f4e18fb-ef7c-4f53-a186-ff9c7f67b8c5/userFiles-0682ac02-49fa-4c6d-8d88-4d8a92618ab6/fetchFileTemp9348484218799750844.tmp has been previously copied to /tmp/spark-2f4e18fb-ef7c-4f53-a186-ff9c7f67b8c5/userFiles-0682ac02-49fa-4c6d-8d88-4d8a92618ab6/org.apache.spark_spark-token-provider-kafka-0-10_2.12-3.1.3.jar
[2023-01-31T20:55:00.450+0000] {spark_submit.py:495} INFO - 23/01/31 20:55:00 INFO Executor: Adding file:/tmp/spark-2f4e18fb-ef7c-4f53-a186-ff9c7f67b8c5/userFiles-0682ac02-49fa-4c6d-8d88-4d8a92618ab6/org.apache.spark_spark-token-provider-kafka-0-10_2.12-3.1.3.jar to class loader
[2023-01-31T20:55:00.452+0000] {spark_submit.py:495} INFO - 23/01/31 20:55:00 INFO Executor: Fetching spark://15c99fd3082a:45795/jars/org.apache.spark_spark-sql-kafka-0-10_2.12-3.1.3.jar with timestamp 1675198498990
[2023-01-31T20:55:00.452+0000] {spark_submit.py:495} INFO - 23/01/31 20:55:00 INFO Utils: Fetching spark://15c99fd3082a:45795/jars/org.apache.spark_spark-sql-kafka-0-10_2.12-3.1.3.jar to /tmp/spark-2f4e18fb-ef7c-4f53-a186-ff9c7f67b8c5/userFiles-0682ac02-49fa-4c6d-8d88-4d8a92618ab6/fetchFileTemp6297350558432443279.tmp
[2023-01-31T20:55:00.454+0000] {spark_submit.py:495} INFO - 23/01/31 20:55:00 INFO Utils: /tmp/spark-2f4e18fb-ef7c-4f53-a186-ff9c7f67b8c5/userFiles-0682ac02-49fa-4c6d-8d88-4d8a92618ab6/fetchFileTemp6297350558432443279.tmp has been previously copied to /tmp/spark-2f4e18fb-ef7c-4f53-a186-ff9c7f67b8c5/userFiles-0682ac02-49fa-4c6d-8d88-4d8a92618ab6/org.apache.spark_spark-sql-kafka-0-10_2.12-3.1.3.jar
[2023-01-31T20:55:00.457+0000] {spark_submit.py:495} INFO - 23/01/31 20:55:00 INFO Executor: Adding file:/tmp/spark-2f4e18fb-ef7c-4f53-a186-ff9c7f67b8c5/userFiles-0682ac02-49fa-4c6d-8d88-4d8a92618ab6/org.apache.spark_spark-sql-kafka-0-10_2.12-3.1.3.jar to class loader
[2023-01-31T20:55:00.458+0000] {spark_submit.py:495} INFO - 23/01/31 20:55:00 INFO Executor: Fetching spark://15c99fd3082a:45795/jars/org.mongodb_mongodb-driver-core-4.0.5.jar with timestamp 1675198498990
[2023-01-31T20:55:00.459+0000] {spark_submit.py:495} INFO - 23/01/31 20:55:00 INFO Utils: Fetching spark://15c99fd3082a:45795/jars/org.mongodb_mongodb-driver-core-4.0.5.jar to /tmp/spark-2f4e18fb-ef7c-4f53-a186-ff9c7f67b8c5/userFiles-0682ac02-49fa-4c6d-8d88-4d8a92618ab6/fetchFileTemp10851451558964523410.tmp
[2023-01-31T20:55:00.464+0000] {spark_submit.py:495} INFO - 23/01/31 20:55:00 INFO Utils: /tmp/spark-2f4e18fb-ef7c-4f53-a186-ff9c7f67b8c5/userFiles-0682ac02-49fa-4c6d-8d88-4d8a92618ab6/fetchFileTemp10851451558964523410.tmp has been previously copied to /tmp/spark-2f4e18fb-ef7c-4f53-a186-ff9c7f67b8c5/userFiles-0682ac02-49fa-4c6d-8d88-4d8a92618ab6/org.mongodb_mongodb-driver-core-4.0.5.jar
[2023-01-31T20:55:00.469+0000] {spark_submit.py:495} INFO - 23/01/31 20:55:00 INFO Executor: Adding file:/tmp/spark-2f4e18fb-ef7c-4f53-a186-ff9c7f67b8c5/userFiles-0682ac02-49fa-4c6d-8d88-4d8a92618ab6/org.mongodb_mongodb-driver-core-4.0.5.jar to class loader
[2023-01-31T20:55:00.471+0000] {spark_submit.py:495} INFO - 23/01/31 20:55:00 INFO Executor: Fetching spark://15c99fd3082a:45795/jars/org.xerial.snappy_snappy-java-1.1.8.2.jar with timestamp 1675198498990
[2023-01-31T20:55:00.471+0000] {spark_submit.py:495} INFO - 23/01/31 20:55:00 INFO Utils: Fetching spark://15c99fd3082a:45795/jars/org.xerial.snappy_snappy-java-1.1.8.2.jar to /tmp/spark-2f4e18fb-ef7c-4f53-a186-ff9c7f67b8c5/userFiles-0682ac02-49fa-4c6d-8d88-4d8a92618ab6/fetchFileTemp12066759113349079617.tmp
[2023-01-31T20:55:00.481+0000] {spark_submit.py:495} INFO - 23/01/31 20:55:00 INFO Utils: /tmp/spark-2f4e18fb-ef7c-4f53-a186-ff9c7f67b8c5/userFiles-0682ac02-49fa-4c6d-8d88-4d8a92618ab6/fetchFileTemp12066759113349079617.tmp has been previously copied to /tmp/spark-2f4e18fb-ef7c-4f53-a186-ff9c7f67b8c5/userFiles-0682ac02-49fa-4c6d-8d88-4d8a92618ab6/org.xerial.snappy_snappy-java-1.1.8.2.jar
[2023-01-31T20:55:00.638+0000] {spark_submit.py:495} INFO - 23/01/31 20:55:00 INFO Executor: Adding file:/tmp/spark-2f4e18fb-ef7c-4f53-a186-ff9c7f67b8c5/userFiles-0682ac02-49fa-4c6d-8d88-4d8a92618ab6/org.xerial.snappy_snappy-java-1.1.8.2.jar to class loader
[2023-01-31T20:55:00.639+0000] {spark_submit.py:495} INFO - 23/01/31 20:55:00 INFO Executor: Fetching spark://15c99fd3082a:45795/jars/org.mongodb_bson-4.0.5.jar with timestamp 1675198498990
[2023-01-31T20:55:00.640+0000] {spark_submit.py:495} INFO - 23/01/31 20:55:00 INFO Utils: Fetching spark://15c99fd3082a:45795/jars/org.mongodb_bson-4.0.5.jar to /tmp/spark-2f4e18fb-ef7c-4f53-a186-ff9c7f67b8c5/userFiles-0682ac02-49fa-4c6d-8d88-4d8a92618ab6/fetchFileTemp2360897047533316467.tmp
[2023-01-31T20:55:00.652+0000] {spark_submit.py:495} INFO - 23/01/31 20:55:00 INFO Utils: /tmp/spark-2f4e18fb-ef7c-4f53-a186-ff9c7f67b8c5/userFiles-0682ac02-49fa-4c6d-8d88-4d8a92618ab6/fetchFileTemp2360897047533316467.tmp has been previously copied to /tmp/spark-2f4e18fb-ef7c-4f53-a186-ff9c7f67b8c5/userFiles-0682ac02-49fa-4c6d-8d88-4d8a92618ab6/org.mongodb_bson-4.0.5.jar
[2023-01-31T20:55:00.663+0000] {spark_submit.py:495} INFO - 23/01/31 20:55:00 INFO Executor: Adding file:/tmp/spark-2f4e18fb-ef7c-4f53-a186-ff9c7f67b8c5/userFiles-0682ac02-49fa-4c6d-8d88-4d8a92618ab6/org.mongodb_bson-4.0.5.jar to class loader
[2023-01-31T20:55:00.663+0000] {spark_submit.py:495} INFO - 23/01/31 20:55:00 INFO Executor: Fetching spark://15c99fd3082a:45795/jars/org.lz4_lz4-java-1.7.1.jar with timestamp 1675198498990
[2023-01-31T20:55:00.664+0000] {spark_submit.py:495} INFO - 23/01/31 20:55:00 INFO Utils: Fetching spark://15c99fd3082a:45795/jars/org.lz4_lz4-java-1.7.1.jar to /tmp/spark-2f4e18fb-ef7c-4f53-a186-ff9c7f67b8c5/userFiles-0682ac02-49fa-4c6d-8d88-4d8a92618ab6/fetchFileTemp13707476445966366925.tmp
[2023-01-31T20:55:00.672+0000] {spark_submit.py:495} INFO - 23/01/31 20:55:00 INFO Utils: /tmp/spark-2f4e18fb-ef7c-4f53-a186-ff9c7f67b8c5/userFiles-0682ac02-49fa-4c6d-8d88-4d8a92618ab6/fetchFileTemp13707476445966366925.tmp has been previously copied to /tmp/spark-2f4e18fb-ef7c-4f53-a186-ff9c7f67b8c5/userFiles-0682ac02-49fa-4c6d-8d88-4d8a92618ab6/org.lz4_lz4-java-1.7.1.jar
[2023-01-31T20:55:00.680+0000] {spark_submit.py:495} INFO - 23/01/31 20:55:00 INFO Executor: Adding file:/tmp/spark-2f4e18fb-ef7c-4f53-a186-ff9c7f67b8c5/userFiles-0682ac02-49fa-4c6d-8d88-4d8a92618ab6/org.lz4_lz4-java-1.7.1.jar to class loader
[2023-01-31T20:55:00.695+0000] {spark_submit.py:495} INFO - 23/01/31 20:55:00 INFO Utils: Successfully started service 'org.apache.spark.network.netty.NettyBlockTransferService' on port 33055.
[2023-01-31T20:55:00.696+0000] {spark_submit.py:495} INFO - 23/01/31 20:55:00 INFO NettyBlockTransferService: Server created on 15c99fd3082a:33055
[2023-01-31T20:55:00.699+0000] {spark_submit.py:495} INFO - 23/01/31 20:55:00 INFO BlockManager: Using org.apache.spark.storage.RandomBlockReplicationPolicy for block replication policy
[2023-01-31T20:55:00.715+0000] {spark_submit.py:495} INFO - 23/01/31 20:55:00 INFO BlockManagerMaster: Registering BlockManager BlockManagerId(driver, 15c99fd3082a, 33055, None)
[2023-01-31T20:55:00.727+0000] {spark_submit.py:495} INFO - 23/01/31 20:55:00 INFO BlockManagerMasterEndpoint: Registering block manager 15c99fd3082a:33055 with 434.4 MiB RAM, BlockManagerId(driver, 15c99fd3082a, 33055, None)
[2023-01-31T20:55:00.734+0000] {spark_submit.py:495} INFO - 23/01/31 20:55:00 INFO BlockManagerMaster: Registered BlockManager BlockManagerId(driver, 15c99fd3082a, 33055, None)
[2023-01-31T20:55:00.736+0000] {spark_submit.py:495} INFO - 23/01/31 20:55:00 INFO BlockManager: Initialized BlockManager: BlockManagerId(driver, 15c99fd3082a, 33055, None)
[2023-01-31T20:55:05.645+0000] {spark_submit.py:495} INFO - 2023-01-31 20:55:05,645 - py4j.java_gateway - INFO - Callback Server Starting
[2023-01-31T20:55:05.645+0000] {spark_submit.py:495} INFO - 2023-01-31 20:55:05,645 - py4j.java_gateway - INFO - Socket listening on ('127.0.0.1', 46181)
[2023-01-31T20:55:09.822+0000] {spark_submit.py:495} INFO - 2023-01-31 20:55:09,820 - py4j.clientserver - INFO - Python Server ready to receive messages
[2023-01-31T20:55:09.832+0000] {spark_submit.py:495} INFO - 2023-01-31 20:55:09,832 - py4j.clientserver - INFO - Received command c on object id p0
[2023-01-31T20:55:10.320+0000] {spark_submit.py:495} INFO - -------------------------------------------
[2023-01-31T20:55:10.320+0000] {spark_submit.py:495} INFO - Batch: 0
[2023-01-31T20:55:10.321+0000] {spark_submit.py:495} INFO - -------------------------------------------
[2023-01-31T20:55:10.415+0000] {spark_submit.py:495} INFO - +---+-------------+-----+-------------+----------+----------------+------------+-----------------+--------------+-------------+
[2023-01-31T20:55:10.415+0000] {spark_submit.py:495} INFO - |id |nameOfProduct|price|ProductStatus|SellerName|RegistrationDate|QuantitySold|QuantityAvailable|Free shipping?|Store ratings|
[2023-01-31T20:55:10.415+0000] {spark_submit.py:495} INFO - +---+-------------+-----+-------------+----------+----------------+------------+-----------------+--------------+-------------+
[2023-01-31T20:55:10.415+0000] {spark_submit.py:495} INFO - +---+-------------+-----+-------------+----------+----------------+------------+-----------------+--------------+-------------+
[2023-01-31T20:55:10.416+0000] {spark_submit.py:495} INFO - 
[2023-01-31T20:55:17.168+0000] {spark_submit.py:495} INFO - 2023-01-31 20:55:17,158 - py4j.clientserver - INFO - Received command c on object id p0
[2023-01-31T20:55:20.805+0000] {spark_submit.py:495} INFO - -------------------------------------------
[2023-01-31T20:55:20.806+0000] {spark_submit.py:495} INFO - Batch: 1
[2023-01-31T20:55:20.806+0000] {spark_submit.py:495} INFO - -------------------------------------------
[2023-01-31T20:55:20.913+0000] {spark_submit.py:495} INFO - +-------------+----------------------------------------------------------------------------------------------------------------------------+---------+-------------+--------------------------+-------------------+------------+-----------------+------------------------------+-------------+
[2023-01-31T20:55:20.914+0000] {spark_submit.py:495} INFO - |id           |nameOfProduct                                                                                                               |price    |ProductStatus|SellerName                |RegistrationDate   |QuantitySold|QuantityAvailable|Free shipping?                |Store ratings|
[2023-01-31T20:55:20.914+0000] {spark_submit.py:495} INFO - +-------------+----------------------------------------------------------------------------------------------------------------------------+---------+-------------+--------------------------+-------------------+------------+-----------------+------------------------------+-------------+
[2023-01-31T20:55:20.914+0000] {spark_submit.py:495} INFO - |MLA1221192372|Disco Duro Externo Western Digital Wd Elements Portable Wdbu6y0020bbk 2tb Negro                                             |25999.0  |new          |OVERHARD DIGITAL          |2015-01-08 12:19:41|500         |50               |Your shipment arrives today   |4.5          |
[2023-01-31T20:55:20.914+0000] {spark_submit.py:495} INFO - |MLA1157512489|Placa De Video Nvidia Evga  Sc Gaming Geforce Gtx 16 Series Gtx 1660 Super 06g-p4-1068-kr 6gb                               |124999.0 |new          |PCREGISTRADAOK            |2020-11-02 13:17:33|50          |1                |Your shipment arrives today   |4.5          |
[2023-01-31T20:55:20.914+0000] {spark_submit.py:495} INFO - |MLA1127317131|Procesador Amd Athlon 3000g Yd3000c6fhbox De 2 Ncleos Y  3.5ghz De Frecuencia Con Grfica Integrada                        |39990.0  |new          |TECNOHARDS_SH             |2013-10-02 14:45:23|5           |1                |Your shipment arrives today   |4.5          |
[2023-01-31T20:55:20.914+0000] {spark_submit.py:495} INFO - |MLA920957688 |Placa De Video Amd Asrock  Phantom Gaming Radeon Rx 500 Series Rx 550 Phantom G R Rx550 2g 2gb                              |32799.0  |new          |4KRC                      |2006-11-06 16:57:16|25          |1                |Your shipment arrives today   |4.5          |
[2023-01-31T20:55:20.914+0000] {spark_submit.py:495} INFO - |MLA1160178907|Memoria Ram Fury Beast Gamer Color Negro  16gb 1 Kingston Kf432c16bb/16                                                     |23499.0  |new          |OVERHARD DIGITAL          |2015-01-08 12:19:41|500         |50               |Your shipment arrives tomorrow|4.5          |
[2023-01-31T20:55:20.914+0000] {spark_submit.py:495} INFO - |MLA1160198557|Memoria Ram Fury Beast Ddr4 Rgb Gamer Color Negro  16gb 1 Kingston Kf432c16bba/16                                           |26699.0  |new          |OVERHARD DIGITAL          |2015-01-08 12:19:41|500         |1                |Your shipment arrives today   |4.5          |
[2023-01-31T20:55:20.915+0000] {spark_submit.py:495} INFO - |MLA882277177 |Capturadora Video Hdmi Digital Full Hd Usb Streaming                                                                        |2699.0   |new          |BSK-IMPORTS               |2019-12-30 23:07:04|500         |1                |You have to pay the shipping  |3.0          |
[2023-01-31T20:55:20.915+0000] {spark_submit.py:495} INFO - |MLA1148481665|Microprocesador Pc Amd Ryzen 5 4600g 8mb 3.7ghz Socket Am4 100-100000147box 6 Nucleos 12 Hilos                              |61998.0  |new          |MALL WEB                  |2016-05-26 20:28:35|200         |1                |Your shipment arrives today   |4.5          |
[2023-01-31T20:55:20.915+0000] {spark_submit.py:495} INFO - |MLA923637669 |Placa De Video Geforce Gt 740 2gb Gddr5 Hdmi Vga Fortnite                                                                   |28699.0  |new          |INDIGOTRADE               |2018-01-05 19:21:16|500         |50               |Your shipment arrives today   |4.5          |
[2023-01-31T20:55:20.915+0000] {spark_submit.py:495} INFO - |MLA1318244331|Disco Solido Ssd 1tb M.2 Kingston Snv2s/1000g Nvme Pcie 4.0                                                                 |28799.0  |new          |OVERHARD DIGITAL          |2015-01-08 12:19:41|25          |100              |Your shipment arrives today   |4.5          |
[2023-01-31T20:55:20.915+0000] {spark_submit.py:495} INFO - |MLA1160204806|Memoria Ram Fury Beast Ddr4 Gamer Color Negro  8gb 1 Kingston Kf432c16bb/8                                                  |14999.0  |new          |OVERHARD DIGITAL          |2015-01-08 12:19:41|500         |1                |You have to pay the shipping  |4.5          |
[2023-01-31T20:55:20.915+0000] {spark_submit.py:495} INFO - |MLA1135559772|Disco Slido Interno Kingston Sa400s37/240g 240gb Negro                                                                     |8339.0   |new          |BH COMPUTACION            |2005-07-04 14:41:06|500         |1                |You have to pay the shipping  |4.5          |
[2023-01-31T20:55:20.915+0000] {spark_submit.py:495} INFO - |MLA1107802815|Placa De Video Nvidia Gigabyte  Geforce 10 Series Gt 1030 Gv-n1030d4-2gl 2gb                                                |52590.0  |new          |INTEGRADOS ARGENTINOS     |2008-12-10 12:27:26|25          |1                |Your shipment arrives today   |4.5          |
[2023-01-31T20:55:20.915+0000] {spark_submit.py:495} INFO - |MLA872881277 |Procesador Intel Core I5-10400 Bx8070110400 De 6 Ncleos Y  4.3ghz De Frecuencia Con Grfica Integrada                      |50998.0  |new          |MALL WEB                  |2016-05-26 20:28:35|500         |1                |Your shipment arrives today   |4.5          |
[2023-01-31T20:55:20.916+0000] {spark_submit.py:495} INFO - |MLA923714314 |Disco Slido Interno Kingston Sa400s37/480g 480gb Negro                                                                     |13199.0  |new          |TECNOSTOCK.COM.AR         |2019-12-12 15:09:43|500         |50               |You have to pay the shipping  |4.5          |
[2023-01-31T20:55:20.916+0000] {spark_submit.py:495} INFO - |MLA792493809 |Placa De Audio Focusrite Scarlett Solo 3ra Generacin                                                                       |92590.39 |new          |PCMIDICENTER              |2002-07-23 04:00:00|50          |1                |Your shipment arrives today   |4.5          |
[2023-01-31T20:55:20.916+0000] {spark_submit.py:495} INFO - |MLA1160488843|Placa De Video Amd Powercolor  Fighter Radeon 6600 Series Rx 6600 Axrx 6600 8gbd6-3dh 8gb                                   |121821.0 |new          |INTEGRADOS ARGENTINOS     |2008-12-10 12:27:26|150         |50               |Your shipment arrives today   |4.5          |
[2023-01-31T20:55:20.916+0000] {spark_submit.py:495} INFO - |MLA844489972 |Disco Duro Interno Seagate Barracuda St1000dm010 1tb                                                                        |11599.0  |new          |DALECLCK                 |2015-03-16 12:07:23|5000        |500              |You have to pay the shipping  |5.0          |
[2023-01-31T20:55:20.916+0000] {spark_submit.py:495} INFO - |MLA1157627908|Disco Duro Externo Seagate Expansion Stkm1000400 1tb Negro                                                                  |18495.0  |new          |TECNOSTOCK.COM.AR         |2019-12-12 15:09:43|50          |50               |Your shipment arrives tomorrow|4.5          |
[2023-01-31T20:55:20.916+0000] {spark_submit.py:495} INFO - |MLA1324058378|Procesador Intel Celeron G5905 Bx80701g5905 De 2 Ncleos Y  3.5ghz De Frecuencia Con Grfica Integrada                      |12004.55 |new          |SDC1986                   |2007-07-10 00:24:24|4           |1                |You have to pay the shipping  |4.5          |
[2023-01-31T20:55:20.916+0000] {spark_submit.py:495} INFO - |MLA1183925519|Placa De Video Nvidia Zotac  Gaming Geforce Rtx 30 Series Rtx 3080 Ti Zt-a30810d-10p 12gb                                   |299999.0 |new          |ESTUDIOSMPSRLESTUDIOSMPSRL|2020-11-29 18:36:32|50          |1                |Your shipment arrives today   |4.5          |
[2023-01-31T20:55:20.917+0000] {spark_submit.py:495} INFO - |MLA1314590445|Disco Slido Interno Pny Ssd7cs900-240-rb 240gb Negro                                                                       |7799.0   |new          |ELECTRO-SHOWS             |2010-03-26 01:08:16|250         |250              |You have to pay the shipping  |4.5          |
[2023-01-31T20:55:20.917+0000] {spark_submit.py:495} INFO - |MLA1115301777|Disco Slido Interno Gigabyte Gp-gstfs31120gntd 120gb Negro                                                                 |6499.0   |new          |MEXX COMPUTACION          |2005-07-22 22:09:55|500         |250              |You have to pay the shipping  |4.5          |
[2023-01-31T20:55:20.917+0000] {spark_submit.py:495} INFO - |MLA915345569 |Pasta Trmica Arctic Mx-4 4g Rendimiento + Pao Limpiador                                                                   |3165.0   |new          |OPTIMOD COOLING           |2020-11-02 19:43:42|5000        |250              |You have to pay the shipping  |3.0          |
[2023-01-31T20:55:20.917+0000] {spark_submit.py:495} INFO - |MLA1301642528|Placa De Video Nvidia Msi  Ventus Geforce Rtx 20 Series Rtx 2060 Geforce Rtx 2060 Ventus 6g Oc Oc Edition 6gb               |134999.0 |new          |ITS-COMPUTACION           |2012-10-18 20:37:49|5           |1                |Your shipment arrives today   |4.5          |
[2023-01-31T20:55:20.917+0000] {spark_submit.py:495} INFO - |MLA1302136118|Disco Duro Interno Seagate Barracuda St2000dm008 2tb Plata                                                                  |18271.0  |new          |DIAMONDSYSTEMSANJUSTOML   |2016-04-08 17:21:06|150         |1                |Your shipment arrives tomorrow|4.5          |
[2023-01-31T20:55:20.917+0000] {spark_submit.py:495} INFO - |MLA917698539 |Capturadora Video Usb Easycap Vhs A Dvd Digital Rca Easy Cap                                                                |2899.0   |new          |BSK-IMPORTS               |2019-12-30 23:07:04|500         |50               |You have to pay the shipping  |3.0          |
[2023-01-31T20:55:20.917+0000] {spark_submit.py:495} INFO - |MLA1102151496|Placa De Video Nvidia Msi  Ventus Xs Geforce Gtx 16 Series Gtx 1650 Geforce Gtx 1650 Ventus Xs 4g Oc Oc Edition 4gb         |129999.0 |new          |DEVENTAS_TECH_STORE       |2014-12-10 15:15:42|0           |1                |Your shipment arrives today   |4.5          |
[2023-01-31T20:55:20.918+0000] {spark_submit.py:495} INFO - |MLA1157630930|Disco Duro Externo Seagate Expansion Stkm4000400 4tb Negro                                                                  |38899.0  |new          |BH COMPUTACION            |2005-07-04 14:41:06|5           |1                |Your shipment arrives today   |4.5          |
[2023-01-31T20:55:20.918+0000] {spark_submit.py:495} INFO - |MLA927631949 |Disco Slido Interno Crucial Ct240bx500ssd1 240gb Negro                                                                     |7999.0   |new          |GAMING-CITY               |2006-02-25 11:22:44|500         |250              |You have to pay the shipping  |4.5          |
[2023-01-31T20:55:20.918+0000] {spark_submit.py:495} INFO - |MLA1163233412|Placa De Video Nvidia Msi  Geforce 700 Series Gt 730 N730k-2gd3h/lpv1 2gb                                                   |34829.0  |new          |PCREGISTRADAOK            |2020-11-02 13:17:33|4           |1                |Your shipment arrives today   |4.5          |
[2023-01-31T20:55:20.918+0000] {spark_submit.py:495} INFO - |MLA902808321 |Procesador Gamer Intel Core I3-10100f Bx8070110100f De 4 Ncleos Y  4.3ghz De Frecuencia                                    |23899.0  |new          |MALL WEB                  |2016-05-26 20:28:35|500         |1                |Your shipment arrives tomorrow|4.5          |
[2023-01-31T20:55:20.918+0000] {spark_submit.py:495} INFO - |MLA613955009 |Arctic Cooling Mx-4 Compuesto Trmico 4grs Alto Rendimiento                                                                 |2800.0   |new          |PC MODD                   |2006-01-13 16:23:21|5000        |150              |You have to pay the shipping  |3.0          |
[2023-01-31T20:55:20.918+0000] {spark_submit.py:495} INFO - |MLA1150584684|Fuente De Alimentacin Para Pc Aureox Unlimited Series Arxgu-80pbz-550w 550w Negra 230v                                     |16890.0  |new          |JORGEVOLUTION             |2015-12-03 13:39:36|25          |1                |Your shipment arrives tomorrow|4.5          |
[2023-01-31T20:55:20.918+0000] {spark_submit.py:495} INFO - |MLA1281991371|Placa De Video Nvidia Msi  Ventus Xs Geforce Gtx 16 Series Gtx 1660 Super Geforce Gtx 1660 Super Ventus Xs Oc Oc Edition 6gb|126989.0 |new          |ABC HARD                  |2003-11-10 19:49:21|2           |1                |Your shipment arrives today   |4.5          |
[2023-01-31T20:55:20.918+0000] {spark_submit.py:495} INFO - |MLA1224499067|Fuente De Alimentacion Pc Iqual 600w Cooler 80mm Atx Oficial                                                                |3999.0   |new          |DALECLCK                 |2015-03-16 12:07:23|250         |50               |You have to pay the shipping  |3.5          |
[2023-01-31T20:55:20.918+0000] {spark_submit.py:495} INFO - |MLA1157632001|Disco Duro Externo Western Digital Wd Elements Portable Wdbuzg0010bbk 1tb Negro                                             |18849.0  |new          |TECNOSTOCK.COM.AR         |2019-12-12 15:09:43|5           |1                |Your shipment arrives tomorrow|4.5          |
[2023-01-31T20:55:20.919+0000] {spark_submit.py:495} INFO - |MLA609415417 |Placa Pci-e X1 A Usb3.0 Pci Express A 4 Puertos Usb 3.0 Gtia                                                                |4470.0   |new          |TODOMICRO                 |2007-09-21 04:41:30|500         |1                |You have to pay the shipping  |3.0          |
[2023-01-31T20:55:20.919+0000] {spark_submit.py:495} INFO - |MLA1220964588|Procesador Gamer Intel Core I5-10400f Bx8070110400f De 6 Ncleos Y  4.3ghz De Frecuencia                                    |48065.0  |new          |OVERHARD DIGITAL          |2015-01-08 12:19:41|50          |1                |Your shipment arrives today   |4.5          |
[2023-01-31T20:55:20.919+0000] {spark_submit.py:495} INFO - |MLA1222229742|Placa De Video Nvidia Evga  Ko Gaming Geforce Rtx 20 Series Rtx 2060 06g-p4-2068-kr 6gb                                     |129266.61|new          |MARSTECHSRLMARSTECHSRL    |2020-08-05 14:27:59|5           |1                |Your shipment arrives today   |4.5          |
[2023-01-31T20:55:20.919+0000] {spark_submit.py:495} INFO - |MLA1133816334|Disco Duro Interno Western Digital  Wd20ezaz 2tb Azul                                                                       |17200.0  |new          |INTEGRADOS ARGENTINOS     |2008-12-10 12:27:26|500         |250              |Your shipment arrives tomorrow|4.5          |
[2023-01-31T20:55:20.919+0000] {spark_submit.py:495} INFO - |MLA1313972631|Disco Duro Externo Seagate Expansion Stkm2000400 2tb Negro                                                                  |25899.0  |new          |TECNOSTOCK.COM.AR         |2019-12-12 15:09:43|5           |50               |Your shipment arrives today   |4.5          |
[2023-01-31T20:55:20.919+0000] {spark_submit.py:495} INFO - |MLA933792663 |Fuente De Alimentacin Para Pc Thermaltake Technology Smart Series Sp-500ah2nkw 500w Black 100v/240v                        |15900.0  |new          |GUIDO TEC                 |2006-03-06 16:59:23|5           |1                |Your shipment arrives tomorrow|4.5          |
[2023-01-31T20:55:20.919+0000] {spark_submit.py:495} INFO - |MLA1103890625|Placa De Video Geforce Gigabyte Gt 1030 2gb Ddr4 Low Profile                                                                |65373.0  |new          |DIAMONDSYSTEMSANJUSTOML   |2016-04-08 17:21:06|3           |1                |Your shipment arrives today   |4.5          |
[2023-01-31T20:55:20.919+0000] {spark_submit.py:495} INFO - |MLA1309797523|Micro Procesador Ryzen 5 4500 6 Nucleos 4.1ghz Amd Ddr4 Pc                                                                  |43951.19 |new          |MARSTECHSRLMARSTECHSRL    |2020-08-05 14:27:59|5           |1                |Your shipment arrives today   |4.5          |
[2023-01-31T20:55:20.920+0000] {spark_submit.py:495} INFO - |MLA1323493703|Disco Slido Interno Kingston Sa400s37/120g 120gb                                                                           |7200.0   |new          |DIVNET                    |2003-12-03 21:42:47|5           |50               |You have to pay the shipping  |4.5          |
[2023-01-31T20:55:20.920+0000] {spark_submit.py:495} INFO - |MLA1131083596|Placa Sonido Usb Audio Externa 7.1 Pc Tarjeta Sonido Con Mic                                                                |799.0    |new          |SMART-CLICK               |2016-01-28 15:41:30|250         |5000             |You have to pay the shipping  |3.0          |
[2023-01-31T20:55:20.920+0000] {spark_submit.py:495} INFO - |MLA1281647791|Placa De Video Amd Msi  Armor Radeon Rx 500 Series Rx 570 Radeon Rx 570 Armor 8g Oc Oc Edition 8gb                          |89700.0  |new          |ESC DIGITAL               |2012-03-16 02:46:26|5           |1                |Your shipment arrives today   |4.5          |
[2023-01-31T20:55:20.920+0000] {spark_submit.py:495} INFO - |MLA1150632579|Fuente De Alimentacin Para Pc Aureox Unlimited Series Arxgu-80pbz-650w 650w Negra 230v                                     |19890.0  |new          |JORGEVOLUTION             |2015-12-03 13:39:36|25          |1                |Your shipment arrives tomorrow|4.5          |
[2023-01-31T20:55:20.920+0000] {spark_submit.py:495} INFO - |MLA919755488 |Carry Disk Case Usb 3.0 Sata 2.5 Notebook Disco Hdd / Sdd                                                                   |2500.0   |new          |NEOTRENDS.COM.AR          |2016-06-21 02:53:51|5000        |250              |You have to pay the shipping  |3.0          |
[2023-01-31T20:55:20.920+0000] {spark_submit.py:495} INFO - +-------------+----------------------------------------------------------------------------------------------------------------------------+---------+-------------+--------------------------+-------------------+------------+-----------------+------------------------------+-------------+
[2023-01-31T20:55:20.920+0000] {spark_submit.py:495} INFO - 
[2023-01-31T20:55:35.757+0000] {spark_submit.py:495} INFO - Stopping query...
[2023-01-31T20:56:05.807+0000] {spark_submit.py:495} INFO - Awaiting termination...
[2023-01-31T20:56:05.817+0000] {spark_submit.py:495} INFO - Stopping query...
[2023-01-31T20:56:35.852+0000] {spark_submit.py:495} INFO - Awaiting termination...
[2023-01-31T20:56:36.020+0000] {taskinstance.py:1327} INFO - Marking task as SUCCESS. dag_id=Streaming_pipeline_meli, task_id=consumer_data_of_topic, execution_date=20230131T160106, start_date=20230131T205455, end_date=20230131T205636
[2023-01-31T20:56:36.055+0000] {local_task_job.py:159} INFO - Task exited with return code 0
[2023-01-31T20:56:36.068+0000] {taskinstance.py:2582} INFO - 0 downstream tasks scheduled from follow-on schedule check
