[2023-01-31T20:52:10.318+0000] {taskinstance.py:1087} INFO - Dependencies all met for <TaskInstance: Streaming_pipeline_meli.consumer_data_of_topic manual__2023-01-31T16:01:06.868325+00:00 [queued]>
[2023-01-31T20:52:10.336+0000] {taskinstance.py:1087} INFO - Dependencies all met for <TaskInstance: Streaming_pipeline_meli.consumer_data_of_topic manual__2023-01-31T16:01:06.868325+00:00 [queued]>
[2023-01-31T20:52:10.337+0000] {taskinstance.py:1283} INFO - 
--------------------------------------------------------------------------------
[2023-01-31T20:52:10.337+0000] {taskinstance.py:1284} INFO - Starting attempt 6 of 11
[2023-01-31T20:52:10.337+0000] {taskinstance.py:1285} INFO - 
--------------------------------------------------------------------------------
[2023-01-31T20:52:10.359+0000] {taskinstance.py:1304} INFO - Executing <Task(SparkSubmitOperator): consumer_data_of_topic> on 2023-01-31 16:01:06.868325+00:00
[2023-01-31T20:52:10.364+0000] {standard_task_runner.py:55} INFO - Started process 23866 to run task
[2023-01-31T20:52:10.371+0000] {standard_task_runner.py:82} INFO - Running: ['***', 'tasks', 'run', 'Streaming_pipeline_meli', 'consumer_data_of_topic', 'manual__2023-01-31T16:01:06.868325+00:00', '--job-id', '1342', '--raw', '--subdir', 'DAGS_FOLDER/streamPipeline.py', '--cfg-path', '/tmp/tmpxc39ouqj']
[2023-01-31T20:52:10.371+0000] {standard_task_runner.py:83} INFO - Job 1342: Subtask consumer_data_of_topic
[2023-01-31T20:52:10.442+0000] {task_command.py:389} INFO - Running <TaskInstance: Streaming_pipeline_meli.consumer_data_of_topic manual__2023-01-31T16:01:06.868325+00:00 [running]> on host 15c99fd3082a
[2023-01-31T20:52:10.629+0000] {taskinstance.py:1513} INFO - Exporting the following env vars:
AIRFLOW_CTX_DAG_OWNER=***
AIRFLOW_CTX_DAG_ID=Streaming_pipeline_meli
AIRFLOW_CTX_TASK_ID=consumer_data_of_topic
AIRFLOW_CTX_EXECUTION_DATE=2023-01-31T16:01:06.868325+00:00
AIRFLOW_CTX_TRY_NUMBER=6
AIRFLOW_CTX_DAG_RUN_ID=manual__2023-01-31T16:01:06.868325+00:00
[2023-01-31T20:52:10.637+0000] {base.py:73} INFO - Using connection ID 'spark_default' for task execution.
[2023-01-31T20:52:10.638+0000] {spark_submit.py:344} INFO - Spark-Submit cmd: spark-submit --master spark://tomi-H310:7077 --packages org.apache.spark:spark-sql-kafka-0-10_2.12:3.1.3,org.mongodb.spark:mongo-spark-connector_2.12:3.0.1 --name arrow-spark --queue root.default /opt/***/dags/consumerSpark.py
[2023-01-31T20:52:10.752+0000] {spark_submit.py:495} INFO - /home/***/.local/lib/python3.7/site-packages/pyspark/bin/load-spark-env.sh: line 68: ps: command not found
[2023-01-31T20:52:12.705+0000] {spark_submit.py:495} INFO - :: loading settings :: url = jar:file:/home/***/.local/lib/python3.7/site-packages/pyspark/jars/ivy-2.5.0.jar!/org/apache/ivy/core/settings/ivysettings.xml
[2023-01-31T20:52:12.762+0000] {spark_submit.py:495} INFO - Ivy Default Cache set to: /home/***/.ivy2/cache
[2023-01-31T20:52:12.762+0000] {spark_submit.py:495} INFO - The jars for the packages stored in: /home/***/.ivy2/jars
[2023-01-31T20:52:12.767+0000] {spark_submit.py:495} INFO - org.apache.spark#spark-sql-kafka-0-10_2.12 added as a dependency
[2023-01-31T20:52:12.767+0000] {spark_submit.py:495} INFO - org.mongodb.spark#mongo-spark-connector_2.12 added as a dependency
[2023-01-31T20:52:12.768+0000] {spark_submit.py:495} INFO - :: resolving dependencies :: org.apache.spark#spark-submit-parent-0b43a24b-d82b-4d70-bbd9-bcdf2040ba50;1.0
[2023-01-31T20:52:12.768+0000] {spark_submit.py:495} INFO - confs: [default]
[2023-01-31T20:52:12.902+0000] {spark_submit.py:495} INFO - found org.apache.spark#spark-sql-kafka-0-10_2.12;3.1.3 in central
[2023-01-31T20:52:12.952+0000] {spark_submit.py:495} INFO - found org.apache.spark#spark-token-provider-kafka-0-10_2.12;3.1.3 in central
[2023-01-31T20:52:12.974+0000] {spark_submit.py:495} INFO - found org.apache.kafka#kafka-clients;2.6.0 in central
[2023-01-31T20:52:12.995+0000] {spark_submit.py:495} INFO - found com.github.luben#zstd-jni;1.4.8-1 in central
[2023-01-31T20:52:13.012+0000] {spark_submit.py:495} INFO - found org.lz4#lz4-java;1.7.1 in central
[2023-01-31T20:52:13.026+0000] {spark_submit.py:495} INFO - found org.xerial.snappy#snappy-java;1.1.8.2 in central
[2023-01-31T20:52:13.039+0000] {spark_submit.py:495} INFO - found org.slf4j#slf4j-api;1.7.30 in central
[2023-01-31T20:52:13.051+0000] {spark_submit.py:495} INFO - found org.spark-project.spark#unused;1.0.0 in central
[2023-01-31T20:52:13.063+0000] {spark_submit.py:495} INFO - found org.apache.commons#commons-pool2;2.6.2 in central
[2023-01-31T20:52:13.074+0000] {spark_submit.py:495} INFO - found org.mongodb.spark#mongo-spark-connector_2.12;3.0.1 in central
[2023-01-31T20:52:13.082+0000] {spark_submit.py:495} INFO - found org.mongodb#mongodb-driver-sync;4.0.5 in central
[2023-01-31T20:52:13.094+0000] {spark_submit.py:495} INFO - found org.mongodb#bson;4.0.5 in central
[2023-01-31T20:52:13.102+0000] {spark_submit.py:495} INFO - found org.mongodb#mongodb-driver-core;4.0.5 in central
[2023-01-31T20:52:13.124+0000] {spark_submit.py:495} INFO - :: resolution report :: resolve 345ms :: artifacts dl 11ms
[2023-01-31T20:52:13.125+0000] {spark_submit.py:495} INFO - :: modules in use:
[2023-01-31T20:52:13.125+0000] {spark_submit.py:495} INFO - com.github.luben#zstd-jni;1.4.8-1 from central in [default]
[2023-01-31T20:52:13.125+0000] {spark_submit.py:495} INFO - org.apache.commons#commons-pool2;2.6.2 from central in [default]
[2023-01-31T20:52:13.126+0000] {spark_submit.py:495} INFO - org.apache.kafka#kafka-clients;2.6.0 from central in [default]
[2023-01-31T20:52:13.126+0000] {spark_submit.py:495} INFO - org.apache.spark#spark-sql-kafka-0-10_2.12;3.1.3 from central in [default]
[2023-01-31T20:52:13.126+0000] {spark_submit.py:495} INFO - org.apache.spark#spark-token-provider-kafka-0-10_2.12;3.1.3 from central in [default]
[2023-01-31T20:52:13.126+0000] {spark_submit.py:495} INFO - org.lz4#lz4-java;1.7.1 from central in [default]
[2023-01-31T20:52:13.127+0000] {spark_submit.py:495} INFO - org.mongodb#bson;4.0.5 from central in [default]
[2023-01-31T20:52:13.127+0000] {spark_submit.py:495} INFO - org.mongodb#mongodb-driver-core;4.0.5 from central in [default]
[2023-01-31T20:52:13.127+0000] {spark_submit.py:495} INFO - org.mongodb#mongodb-driver-sync;4.0.5 from central in [default]
[2023-01-31T20:52:13.127+0000] {spark_submit.py:495} INFO - org.mongodb.spark#mongo-spark-connector_2.12;3.0.1 from central in [default]
[2023-01-31T20:52:13.127+0000] {spark_submit.py:495} INFO - org.slf4j#slf4j-api;1.7.30 from central in [default]
[2023-01-31T20:52:13.128+0000] {spark_submit.py:495} INFO - org.spark-project.spark#unused;1.0.0 from central in [default]
[2023-01-31T20:52:13.128+0000] {spark_submit.py:495} INFO - org.xerial.snappy#snappy-java;1.1.8.2 from central in [default]
[2023-01-31T20:52:13.128+0000] {spark_submit.py:495} INFO - ---------------------------------------------------------------------
[2023-01-31T20:52:13.128+0000] {spark_submit.py:495} INFO - |                  |            modules            ||   artifacts   |
[2023-01-31T20:52:13.129+0000] {spark_submit.py:495} INFO - |       conf       | number| search|dwnlded|evicted|| number|dwnlded|
[2023-01-31T20:52:13.129+0000] {spark_submit.py:495} INFO - ---------------------------------------------------------------------
[2023-01-31T20:52:13.129+0000] {spark_submit.py:495} INFO - |      default     |   13  |   0   |   0   |   0   ||   13  |   0   |
[2023-01-31T20:52:13.129+0000] {spark_submit.py:495} INFO - ---------------------------------------------------------------------
[2023-01-31T20:52:13.136+0000] {spark_submit.py:495} INFO - :: retrieving :: org.apache.spark#spark-submit-parent-0b43a24b-d82b-4d70-bbd9-bcdf2040ba50
[2023-01-31T20:52:13.136+0000] {spark_submit.py:495} INFO - confs: [default]
[2023-01-31T20:52:13.143+0000] {spark_submit.py:495} INFO - 0 artifacts copied, 13 already retrieved (0kB/7ms)
[2023-01-31T20:52:13.340+0000] {spark_submit.py:495} INFO - 23/01/31 20:52:13 WARN NativeCodeLoader: Unable to load native-hadoop library for your platform... using builtin-java classes where applicable
[2023-01-31T20:52:14.225+0000] {spark_submit.py:495} INFO - 23/01/31 20:52:14 INFO SparkContext: Running Spark version 3.3.1
[2023-01-31T20:52:14.245+0000] {spark_submit.py:495} INFO - 23/01/31 20:52:14 INFO ResourceUtils: ==============================================================
[2023-01-31T20:52:14.246+0000] {spark_submit.py:495} INFO - 23/01/31 20:52:14 INFO ResourceUtils: No custom resources configured for spark.driver.
[2023-01-31T20:52:14.247+0000] {spark_submit.py:495} INFO - 23/01/31 20:52:14 INFO ResourceUtils: ==============================================================
[2023-01-31T20:52:14.247+0000] {spark_submit.py:495} INFO - 23/01/31 20:52:14 INFO SparkContext: Submitted application: arrow-spark
[2023-01-31T20:52:14.267+0000] {spark_submit.py:495} INFO - 23/01/31 20:52:14 INFO ResourceProfile: Default ResourceProfile created, executor resources: Map(cores -> name: cores, amount: 1, script: , vendor: , memory -> name: memory, amount: 1024, script: , vendor: , offHeap -> name: offHeap, amount: 0, script: , vendor: ), task resources: Map(cpus -> name: cpus, amount: 1.0)
[2023-01-31T20:52:14.280+0000] {spark_submit.py:495} INFO - 23/01/31 20:52:14 INFO ResourceProfile: Limiting resource is cpu
[2023-01-31T20:52:14.281+0000] {spark_submit.py:495} INFO - 23/01/31 20:52:14 INFO ResourceProfileManager: Added ResourceProfile id: 0
[2023-01-31T20:52:14.335+0000] {spark_submit.py:495} INFO - 23/01/31 20:52:14 INFO SecurityManager: Changing view acls to: default
[2023-01-31T20:52:14.336+0000] {spark_submit.py:495} INFO - 23/01/31 20:52:14 INFO SecurityManager: Changing modify acls to: default
[2023-01-31T20:52:14.338+0000] {spark_submit.py:495} INFO - 23/01/31 20:52:14 INFO SecurityManager: Changing view acls groups to:
[2023-01-31T20:52:14.341+0000] {spark_submit.py:495} INFO - 23/01/31 20:52:14 INFO SecurityManager: Changing modify acls groups to:
[2023-01-31T20:52:14.343+0000] {spark_submit.py:495} INFO - 23/01/31 20:52:14 INFO SecurityManager: SecurityManager: authentication disabled; ui acls disabled; users  with view permissions: Set(default); groups with view permissions: Set(); users  with modify permissions: Set(default); groups with modify permissions: Set()
[2023-01-31T20:52:14.652+0000] {spark_submit.py:495} INFO - 23/01/31 20:52:14 INFO Utils: Successfully started service 'sparkDriver' on port 45643.
[2023-01-31T20:52:14.700+0000] {spark_submit.py:495} INFO - 23/01/31 20:52:14 INFO SparkEnv: Registering MapOutputTracker
[2023-01-31T20:52:14.729+0000] {spark_submit.py:495} INFO - 23/01/31 20:52:14 INFO SparkEnv: Registering BlockManagerMaster
[2023-01-31T20:52:14.744+0000] {spark_submit.py:495} INFO - 23/01/31 20:52:14 INFO BlockManagerMasterEndpoint: Using org.apache.spark.storage.DefaultTopologyMapper for getting topology information
[2023-01-31T20:52:14.744+0000] {spark_submit.py:495} INFO - 23/01/31 20:52:14 INFO BlockManagerMasterEndpoint: BlockManagerMasterEndpoint up
[2023-01-31T20:52:14.749+0000] {spark_submit.py:495} INFO - 23/01/31 20:52:14 INFO SparkEnv: Registering BlockManagerMasterHeartbeat
[2023-01-31T20:52:14.772+0000] {spark_submit.py:495} INFO - 23/01/31 20:52:14 INFO DiskBlockManager: Created local directory at /tmp/blockmgr-eb7ec7bd-c9d3-4898-b9de-ffa0a29921d4
[2023-01-31T20:52:14.785+0000] {spark_submit.py:495} INFO - 23/01/31 20:52:14 INFO MemoryStore: MemoryStore started with capacity 434.4 MiB
[2023-01-31T20:52:14.802+0000] {spark_submit.py:495} INFO - 23/01/31 20:52:14 INFO SparkEnv: Registering OutputCommitCoordinator
[2023-01-31T20:52:14.968+0000] {spark_submit.py:495} INFO - 23/01/31 20:52:14 INFO Utils: Successfully started service 'SparkUI' on port 4040.
[2023-01-31T20:52:15.002+0000] {spark_submit.py:495} INFO - 23/01/31 20:52:14 INFO SparkContext: Added JAR file:///home/***/.ivy2/jars/org.apache.spark_spark-sql-kafka-0-10_2.12-3.1.3.jar at spark://15c99fd3082a:45643/jars/org.apache.spark_spark-sql-kafka-0-10_2.12-3.1.3.jar with timestamp 1675198334215
[2023-01-31T20:52:15.003+0000] {spark_submit.py:495} INFO - 23/01/31 20:52:15 INFO SparkContext: Added JAR file:///home/***/.ivy2/jars/org.mongodb.spark_mongo-spark-connector_2.12-3.0.1.jar at spark://15c99fd3082a:45643/jars/org.mongodb.spark_mongo-spark-connector_2.12-3.0.1.jar with timestamp 1675198334215
[2023-01-31T20:52:15.004+0000] {spark_submit.py:495} INFO - 23/01/31 20:52:15 INFO SparkContext: Added JAR file:///home/***/.ivy2/jars/org.apache.spark_spark-token-provider-kafka-0-10_2.12-3.1.3.jar at spark://15c99fd3082a:45643/jars/org.apache.spark_spark-token-provider-kafka-0-10_2.12-3.1.3.jar with timestamp 1675198334215
[2023-01-31T20:52:15.005+0000] {spark_submit.py:495} INFO - 23/01/31 20:52:15 INFO SparkContext: Added JAR file:///home/***/.ivy2/jars/org.apache.kafka_kafka-clients-2.6.0.jar at spark://15c99fd3082a:45643/jars/org.apache.kafka_kafka-clients-2.6.0.jar with timestamp 1675198334215
[2023-01-31T20:52:15.005+0000] {spark_submit.py:495} INFO - 23/01/31 20:52:15 INFO SparkContext: Added JAR file:///home/***/.ivy2/jars/org.apache.commons_commons-pool2-2.6.2.jar at spark://15c99fd3082a:45643/jars/org.apache.commons_commons-pool2-2.6.2.jar with timestamp 1675198334215
[2023-01-31T20:52:15.005+0000] {spark_submit.py:495} INFO - 23/01/31 20:52:15 INFO SparkContext: Added JAR file:///home/***/.ivy2/jars/org.spark-project.spark_unused-1.0.0.jar at spark://15c99fd3082a:45643/jars/org.spark-project.spark_unused-1.0.0.jar with timestamp 1675198334215
[2023-01-31T20:52:15.005+0000] {spark_submit.py:495} INFO - 23/01/31 20:52:15 INFO SparkContext: Added JAR file:///home/***/.ivy2/jars/com.github.luben_zstd-jni-1.4.8-1.jar at spark://15c99fd3082a:45643/jars/com.github.luben_zstd-jni-1.4.8-1.jar with timestamp 1675198334215
[2023-01-31T20:52:15.005+0000] {spark_submit.py:495} INFO - 23/01/31 20:52:15 INFO SparkContext: Added JAR file:///home/***/.ivy2/jars/org.lz4_lz4-java-1.7.1.jar at spark://15c99fd3082a:45643/jars/org.lz4_lz4-java-1.7.1.jar with timestamp 1675198334215
[2023-01-31T20:52:15.005+0000] {spark_submit.py:495} INFO - 23/01/31 20:52:15 INFO SparkContext: Added JAR file:///home/***/.ivy2/jars/org.xerial.snappy_snappy-java-1.1.8.2.jar at spark://15c99fd3082a:45643/jars/org.xerial.snappy_snappy-java-1.1.8.2.jar with timestamp 1675198334215
[2023-01-31T20:52:15.005+0000] {spark_submit.py:495} INFO - 23/01/31 20:52:15 INFO SparkContext: Added JAR file:///home/***/.ivy2/jars/org.slf4j_slf4j-api-1.7.30.jar at spark://15c99fd3082a:45643/jars/org.slf4j_slf4j-api-1.7.30.jar with timestamp 1675198334215
[2023-01-31T20:52:15.006+0000] {spark_submit.py:495} INFO - 23/01/31 20:52:15 INFO SparkContext: Added JAR file:///home/***/.ivy2/jars/org.mongodb_mongodb-driver-sync-4.0.5.jar at spark://15c99fd3082a:45643/jars/org.mongodb_mongodb-driver-sync-4.0.5.jar with timestamp 1675198334215
[2023-01-31T20:52:15.006+0000] {spark_submit.py:495} INFO - 23/01/31 20:52:15 INFO SparkContext: Added JAR file:///home/***/.ivy2/jars/org.mongodb_bson-4.0.5.jar at spark://15c99fd3082a:45643/jars/org.mongodb_bson-4.0.5.jar with timestamp 1675198334215
[2023-01-31T20:52:15.006+0000] {spark_submit.py:495} INFO - 23/01/31 20:52:15 INFO SparkContext: Added JAR file:///home/***/.ivy2/jars/org.mongodb_mongodb-driver-core-4.0.5.jar at spark://15c99fd3082a:45643/jars/org.mongodb_mongodb-driver-core-4.0.5.jar with timestamp 1675198334215
[2023-01-31T20:52:15.006+0000] {spark_submit.py:495} INFO - 23/01/31 20:52:15 INFO SparkContext: Added file file:///home/***/.ivy2/jars/org.apache.spark_spark-sql-kafka-0-10_2.12-3.1.3.jar at file:///home/***/.ivy2/jars/org.apache.spark_spark-sql-kafka-0-10_2.12-3.1.3.jar with timestamp 1675198334215
[2023-01-31T20:52:15.006+0000] {spark_submit.py:495} INFO - 23/01/31 20:52:15 INFO Utils: Copying /home/***/.ivy2/jars/org.apache.spark_spark-sql-kafka-0-10_2.12-3.1.3.jar to /tmp/spark-14be10e7-0cac-4230-ace6-2b1f7ade8ecd/userFiles-0f29e10f-9912-4faf-8bb6-2629e02a247f/org.apache.spark_spark-sql-kafka-0-10_2.12-3.1.3.jar
[2023-01-31T20:52:15.019+0000] {spark_submit.py:495} INFO - 23/01/31 20:52:15 INFO SparkContext: Added file file:///home/***/.ivy2/jars/org.mongodb.spark_mongo-spark-connector_2.12-3.0.1.jar at file:///home/***/.ivy2/jars/org.mongodb.spark_mongo-spark-connector_2.12-3.0.1.jar with timestamp 1675198334215
[2023-01-31T20:52:15.019+0000] {spark_submit.py:495} INFO - 23/01/31 20:52:15 INFO Utils: Copying /home/***/.ivy2/jars/org.mongodb.spark_mongo-spark-connector_2.12-3.0.1.jar to /tmp/spark-14be10e7-0cac-4230-ace6-2b1f7ade8ecd/userFiles-0f29e10f-9912-4faf-8bb6-2629e02a247f/org.mongodb.spark_mongo-spark-connector_2.12-3.0.1.jar
[2023-01-31T20:52:15.034+0000] {spark_submit.py:495} INFO - 23/01/31 20:52:15 INFO SparkContext: Added file file:///home/***/.ivy2/jars/org.apache.spark_spark-token-provider-kafka-0-10_2.12-3.1.3.jar at file:///home/***/.ivy2/jars/org.apache.spark_spark-token-provider-kafka-0-10_2.12-3.1.3.jar with timestamp 1675198334215
[2023-01-31T20:52:15.035+0000] {spark_submit.py:495} INFO - 23/01/31 20:52:15 INFO Utils: Copying /home/***/.ivy2/jars/org.apache.spark_spark-token-provider-kafka-0-10_2.12-3.1.3.jar to /tmp/spark-14be10e7-0cac-4230-ace6-2b1f7ade8ecd/userFiles-0f29e10f-9912-4faf-8bb6-2629e02a247f/org.apache.spark_spark-token-provider-kafka-0-10_2.12-3.1.3.jar
[2023-01-31T20:52:15.038+0000] {spark_submit.py:495} INFO - 23/01/31 20:52:15 INFO SparkContext: Added file file:///home/***/.ivy2/jars/org.apache.kafka_kafka-clients-2.6.0.jar at file:///home/***/.ivy2/jars/org.apache.kafka_kafka-clients-2.6.0.jar with timestamp 1675198334215
[2023-01-31T20:52:15.039+0000] {spark_submit.py:495} INFO - 23/01/31 20:52:15 INFO Utils: Copying /home/***/.ivy2/jars/org.apache.kafka_kafka-clients-2.6.0.jar to /tmp/spark-14be10e7-0cac-4230-ace6-2b1f7ade8ecd/userFiles-0f29e10f-9912-4faf-8bb6-2629e02a247f/org.apache.kafka_kafka-clients-2.6.0.jar
[2023-01-31T20:52:15.044+0000] {spark_submit.py:495} INFO - 23/01/31 20:52:15 INFO SparkContext: Added file file:///home/***/.ivy2/jars/org.apache.commons_commons-pool2-2.6.2.jar at file:///home/***/.ivy2/jars/org.apache.commons_commons-pool2-2.6.2.jar with timestamp 1675198334215
[2023-01-31T20:52:15.045+0000] {spark_submit.py:495} INFO - 23/01/31 20:52:15 INFO Utils: Copying /home/***/.ivy2/jars/org.apache.commons_commons-pool2-2.6.2.jar to /tmp/spark-14be10e7-0cac-4230-ace6-2b1f7ade8ecd/userFiles-0f29e10f-9912-4faf-8bb6-2629e02a247f/org.apache.commons_commons-pool2-2.6.2.jar
[2023-01-31T20:52:15.051+0000] {spark_submit.py:495} INFO - 23/01/31 20:52:15 INFO SparkContext: Added file file:///home/***/.ivy2/jars/org.spark-project.spark_unused-1.0.0.jar at file:///home/***/.ivy2/jars/org.spark-project.spark_unused-1.0.0.jar with timestamp 1675198334215
[2023-01-31T20:52:15.051+0000] {spark_submit.py:495} INFO - 23/01/31 20:52:15 INFO Utils: Copying /home/***/.ivy2/jars/org.spark-project.spark_unused-1.0.0.jar to /tmp/spark-14be10e7-0cac-4230-ace6-2b1f7ade8ecd/userFiles-0f29e10f-9912-4faf-8bb6-2629e02a247f/org.spark-project.spark_unused-1.0.0.jar
[2023-01-31T20:52:15.055+0000] {spark_submit.py:495} INFO - 23/01/31 20:52:15 INFO SparkContext: Added file file:///home/***/.ivy2/jars/com.github.luben_zstd-jni-1.4.8-1.jar at file:///home/***/.ivy2/jars/com.github.luben_zstd-jni-1.4.8-1.jar with timestamp 1675198334215
[2023-01-31T20:52:15.056+0000] {spark_submit.py:495} INFO - 23/01/31 20:52:15 INFO Utils: Copying /home/***/.ivy2/jars/com.github.luben_zstd-jni-1.4.8-1.jar to /tmp/spark-14be10e7-0cac-4230-ace6-2b1f7ade8ecd/userFiles-0f29e10f-9912-4faf-8bb6-2629e02a247f/com.github.luben_zstd-jni-1.4.8-1.jar
[2023-01-31T20:52:15.072+0000] {spark_submit.py:495} INFO - 23/01/31 20:52:15 INFO SparkContext: Added file file:///home/***/.ivy2/jars/org.lz4_lz4-java-1.7.1.jar at file:///home/***/.ivy2/jars/org.lz4_lz4-java-1.7.1.jar with timestamp 1675198334215
[2023-01-31T20:52:15.072+0000] {spark_submit.py:495} INFO - 23/01/31 20:52:15 INFO Utils: Copying /home/***/.ivy2/jars/org.lz4_lz4-java-1.7.1.jar to /tmp/spark-14be10e7-0cac-4230-ace6-2b1f7ade8ecd/userFiles-0f29e10f-9912-4faf-8bb6-2629e02a247f/org.lz4_lz4-java-1.7.1.jar
[2023-01-31T20:52:15.080+0000] {spark_submit.py:495} INFO - 23/01/31 20:52:15 INFO SparkContext: Added file file:///home/***/.ivy2/jars/org.xerial.snappy_snappy-java-1.1.8.2.jar at file:///home/***/.ivy2/jars/org.xerial.snappy_snappy-java-1.1.8.2.jar with timestamp 1675198334215
[2023-01-31T20:52:15.081+0000] {spark_submit.py:495} INFO - 23/01/31 20:52:15 INFO Utils: Copying /home/***/.ivy2/jars/org.xerial.snappy_snappy-java-1.1.8.2.jar to /tmp/spark-14be10e7-0cac-4230-ace6-2b1f7ade8ecd/userFiles-0f29e10f-9912-4faf-8bb6-2629e02a247f/org.xerial.snappy_snappy-java-1.1.8.2.jar
[2023-01-31T20:52:15.085+0000] {spark_submit.py:495} INFO - 23/01/31 20:52:15 INFO SparkContext: Added file file:///home/***/.ivy2/jars/org.slf4j_slf4j-api-1.7.30.jar at file:///home/***/.ivy2/jars/org.slf4j_slf4j-api-1.7.30.jar with timestamp 1675198334215
[2023-01-31T20:52:15.085+0000] {spark_submit.py:495} INFO - 23/01/31 20:52:15 INFO Utils: Copying /home/***/.ivy2/jars/org.slf4j_slf4j-api-1.7.30.jar to /tmp/spark-14be10e7-0cac-4230-ace6-2b1f7ade8ecd/userFiles-0f29e10f-9912-4faf-8bb6-2629e02a247f/org.slf4j_slf4j-api-1.7.30.jar
[2023-01-31T20:52:15.089+0000] {spark_submit.py:495} INFO - 23/01/31 20:52:15 INFO SparkContext: Added file file:///home/***/.ivy2/jars/org.mongodb_mongodb-driver-sync-4.0.5.jar at file:///home/***/.ivy2/jars/org.mongodb_mongodb-driver-sync-4.0.5.jar with timestamp 1675198334215
[2023-01-31T20:52:15.089+0000] {spark_submit.py:495} INFO - 23/01/31 20:52:15 INFO Utils: Copying /home/***/.ivy2/jars/org.mongodb_mongodb-driver-sync-4.0.5.jar to /tmp/spark-14be10e7-0cac-4230-ace6-2b1f7ade8ecd/userFiles-0f29e10f-9912-4faf-8bb6-2629e02a247f/org.mongodb_mongodb-driver-sync-4.0.5.jar
[2023-01-31T20:52:15.094+0000] {spark_submit.py:495} INFO - 23/01/31 20:52:15 INFO SparkContext: Added file file:///home/***/.ivy2/jars/org.mongodb_bson-4.0.5.jar at file:///home/***/.ivy2/jars/org.mongodb_bson-4.0.5.jar with timestamp 1675198334215
[2023-01-31T20:52:15.095+0000] {spark_submit.py:495} INFO - 23/01/31 20:52:15 INFO Utils: Copying /home/***/.ivy2/jars/org.mongodb_bson-4.0.5.jar to /tmp/spark-14be10e7-0cac-4230-ace6-2b1f7ade8ecd/userFiles-0f29e10f-9912-4faf-8bb6-2629e02a247f/org.mongodb_bson-4.0.5.jar
[2023-01-31T20:52:15.102+0000] {spark_submit.py:495} INFO - 23/01/31 20:52:15 INFO SparkContext: Added file file:///home/***/.ivy2/jars/org.mongodb_mongodb-driver-core-4.0.5.jar at file:///home/***/.ivy2/jars/org.mongodb_mongodb-driver-core-4.0.5.jar with timestamp 1675198334215
[2023-01-31T20:52:15.102+0000] {spark_submit.py:495} INFO - 23/01/31 20:52:15 INFO Utils: Copying /home/***/.ivy2/jars/org.mongodb_mongodb-driver-core-4.0.5.jar to /tmp/spark-14be10e7-0cac-4230-ace6-2b1f7ade8ecd/userFiles-0f29e10f-9912-4faf-8bb6-2629e02a247f/org.mongodb_mongodb-driver-core-4.0.5.jar
[2023-01-31T20:52:15.170+0000] {spark_submit.py:495} INFO - 23/01/31 20:52:15 INFO Executor: Starting executor ID driver on host 15c99fd3082a
[2023-01-31T20:52:15.177+0000] {spark_submit.py:495} INFO - 23/01/31 20:52:15 INFO Executor: Starting executor with user classpath (userClassPathFirst = false): ''
[2023-01-31T20:52:15.191+0000] {spark_submit.py:495} INFO - 23/01/31 20:52:15 INFO Executor: Fetching file:///home/***/.ivy2/jars/org.apache.spark_spark-token-provider-kafka-0-10_2.12-3.1.3.jar with timestamp 1675198334215
[2023-01-31T20:52:15.208+0000] {spark_submit.py:495} INFO - 23/01/31 20:52:15 INFO Utils: /home/***/.ivy2/jars/org.apache.spark_spark-token-provider-kafka-0-10_2.12-3.1.3.jar has been previously copied to /tmp/spark-14be10e7-0cac-4230-ace6-2b1f7ade8ecd/userFiles-0f29e10f-9912-4faf-8bb6-2629e02a247f/org.apache.spark_spark-token-provider-kafka-0-10_2.12-3.1.3.jar
[2023-01-31T20:52:15.216+0000] {spark_submit.py:495} INFO - 23/01/31 20:52:15 INFO Executor: Fetching file:///home/***/.ivy2/jars/org.mongodb_mongodb-driver-sync-4.0.5.jar with timestamp 1675198334215
[2023-01-31T20:52:15.217+0000] {spark_submit.py:495} INFO - 23/01/31 20:52:15 INFO Utils: /home/***/.ivy2/jars/org.mongodb_mongodb-driver-sync-4.0.5.jar has been previously copied to /tmp/spark-14be10e7-0cac-4230-ace6-2b1f7ade8ecd/userFiles-0f29e10f-9912-4faf-8bb6-2629e02a247f/org.mongodb_mongodb-driver-sync-4.0.5.jar
[2023-01-31T20:52:15.223+0000] {spark_submit.py:495} INFO - 23/01/31 20:52:15 INFO Executor: Fetching file:///home/***/.ivy2/jars/org.apache.kafka_kafka-clients-2.6.0.jar with timestamp 1675198334215
[2023-01-31T20:52:15.241+0000] {spark_submit.py:495} INFO - 23/01/31 20:52:15 INFO Utils: /home/***/.ivy2/jars/org.apache.kafka_kafka-clients-2.6.0.jar has been previously copied to /tmp/spark-14be10e7-0cac-4230-ace6-2b1f7ade8ecd/userFiles-0f29e10f-9912-4faf-8bb6-2629e02a247f/org.apache.kafka_kafka-clients-2.6.0.jar
[2023-01-31T20:52:15.257+0000] {spark_submit.py:495} INFO - 23/01/31 20:52:15 INFO Executor: Fetching file:///home/***/.ivy2/jars/org.mongodb_bson-4.0.5.jar with timestamp 1675198334215
[2023-01-31T20:52:15.258+0000] {spark_submit.py:495} INFO - 23/01/31 20:52:15 INFO Utils: /home/***/.ivy2/jars/org.mongodb_bson-4.0.5.jar has been previously copied to /tmp/spark-14be10e7-0cac-4230-ace6-2b1f7ade8ecd/userFiles-0f29e10f-9912-4faf-8bb6-2629e02a247f/org.mongodb_bson-4.0.5.jar
[2023-01-31T20:52:15.269+0000] {spark_submit.py:495} INFO - 23/01/31 20:52:15 INFO Executor: Fetching file:///home/***/.ivy2/jars/com.github.luben_zstd-jni-1.4.8-1.jar with timestamp 1675198334215
[2023-01-31T20:52:15.279+0000] {spark_submit.py:495} INFO - 23/01/31 20:52:15 INFO Utils: /home/***/.ivy2/jars/com.github.luben_zstd-jni-1.4.8-1.jar has been previously copied to /tmp/spark-14be10e7-0cac-4230-ace6-2b1f7ade8ecd/userFiles-0f29e10f-9912-4faf-8bb6-2629e02a247f/com.github.luben_zstd-jni-1.4.8-1.jar
[2023-01-31T20:52:15.309+0000] {spark_submit.py:495} INFO - 23/01/31 20:52:15 INFO Executor: Fetching file:///home/***/.ivy2/jars/org.lz4_lz4-java-1.7.1.jar with timestamp 1675198334215
[2023-01-31T20:52:15.312+0000] {spark_submit.py:495} INFO - 23/01/31 20:52:15 INFO Utils: /home/***/.ivy2/jars/org.lz4_lz4-java-1.7.1.jar has been previously copied to /tmp/spark-14be10e7-0cac-4230-ace6-2b1f7ade8ecd/userFiles-0f29e10f-9912-4faf-8bb6-2629e02a247f/org.lz4_lz4-java-1.7.1.jar
[2023-01-31T20:52:15.345+0000] {spark_submit.py:495} INFO - 23/01/31 20:52:15 INFO Executor: Fetching file:///home/***/.ivy2/jars/org.spark-project.spark_unused-1.0.0.jar with timestamp 1675198334215
[2023-01-31T20:52:15.346+0000] {spark_submit.py:495} INFO - 23/01/31 20:52:15 INFO Utils: /home/***/.ivy2/jars/org.spark-project.spark_unused-1.0.0.jar has been previously copied to /tmp/spark-14be10e7-0cac-4230-ace6-2b1f7ade8ecd/userFiles-0f29e10f-9912-4faf-8bb6-2629e02a247f/org.spark-project.spark_unused-1.0.0.jar
[2023-01-31T20:52:15.355+0000] {spark_submit.py:495} INFO - 23/01/31 20:52:15 INFO Executor: Fetching file:///home/***/.ivy2/jars/org.xerial.snappy_snappy-java-1.1.8.2.jar with timestamp 1675198334215
[2023-01-31T20:52:15.360+0000] {spark_submit.py:495} INFO - 23/01/31 20:52:15 INFO Utils: /home/***/.ivy2/jars/org.xerial.snappy_snappy-java-1.1.8.2.jar has been previously copied to /tmp/spark-14be10e7-0cac-4230-ace6-2b1f7ade8ecd/userFiles-0f29e10f-9912-4faf-8bb6-2629e02a247f/org.xerial.snappy_snappy-java-1.1.8.2.jar
[2023-01-31T20:52:15.370+0000] {spark_submit.py:495} INFO - 23/01/31 20:52:15 INFO Executor: Fetching file:///home/***/.ivy2/jars/org.mongodb_mongodb-driver-core-4.0.5.jar with timestamp 1675198334215
[2023-01-31T20:52:15.378+0000] {spark_submit.py:495} INFO - 23/01/31 20:52:15 INFO Utils: /home/***/.ivy2/jars/org.mongodb_mongodb-driver-core-4.0.5.jar has been previously copied to /tmp/spark-14be10e7-0cac-4230-ace6-2b1f7ade8ecd/userFiles-0f29e10f-9912-4faf-8bb6-2629e02a247f/org.mongodb_mongodb-driver-core-4.0.5.jar
[2023-01-31T20:52:15.389+0000] {spark_submit.py:495} INFO - 23/01/31 20:52:15 INFO Executor: Fetching file:///home/***/.ivy2/jars/org.apache.spark_spark-sql-kafka-0-10_2.12-3.1.3.jar with timestamp 1675198334215
[2023-01-31T20:52:15.389+0000] {spark_submit.py:495} INFO - 23/01/31 20:52:15 INFO Utils: /home/***/.ivy2/jars/org.apache.spark_spark-sql-kafka-0-10_2.12-3.1.3.jar has been previously copied to /tmp/spark-14be10e7-0cac-4230-ace6-2b1f7ade8ecd/userFiles-0f29e10f-9912-4faf-8bb6-2629e02a247f/org.apache.spark_spark-sql-kafka-0-10_2.12-3.1.3.jar
[2023-01-31T20:52:15.394+0000] {spark_submit.py:495} INFO - 23/01/31 20:52:15 INFO Executor: Fetching file:///home/***/.ivy2/jars/org.mongodb.spark_mongo-spark-connector_2.12-3.0.1.jar with timestamp 1675198334215
[2023-01-31T20:52:15.395+0000] {spark_submit.py:495} INFO - 23/01/31 20:52:15 INFO Utils: /home/***/.ivy2/jars/org.mongodb.spark_mongo-spark-connector_2.12-3.0.1.jar has been previously copied to /tmp/spark-14be10e7-0cac-4230-ace6-2b1f7ade8ecd/userFiles-0f29e10f-9912-4faf-8bb6-2629e02a247f/org.mongodb.spark_mongo-spark-connector_2.12-3.0.1.jar
[2023-01-31T20:52:15.408+0000] {spark_submit.py:495} INFO - 23/01/31 20:52:15 INFO Executor: Fetching file:///home/***/.ivy2/jars/org.apache.commons_commons-pool2-2.6.2.jar with timestamp 1675198334215
[2023-01-31T20:52:15.408+0000] {spark_submit.py:495} INFO - 23/01/31 20:52:15 INFO Utils: /home/***/.ivy2/jars/org.apache.commons_commons-pool2-2.6.2.jar has been previously copied to /tmp/spark-14be10e7-0cac-4230-ace6-2b1f7ade8ecd/userFiles-0f29e10f-9912-4faf-8bb6-2629e02a247f/org.apache.commons_commons-pool2-2.6.2.jar
[2023-01-31T20:52:15.410+0000] {spark_submit.py:495} INFO - 23/01/31 20:52:15 INFO Executor: Fetching file:///home/***/.ivy2/jars/org.slf4j_slf4j-api-1.7.30.jar with timestamp 1675198334215
[2023-01-31T20:52:15.412+0000] {spark_submit.py:495} INFO - 23/01/31 20:52:15 INFO Utils: /home/***/.ivy2/jars/org.slf4j_slf4j-api-1.7.30.jar has been previously copied to /tmp/spark-14be10e7-0cac-4230-ace6-2b1f7ade8ecd/userFiles-0f29e10f-9912-4faf-8bb6-2629e02a247f/org.slf4j_slf4j-api-1.7.30.jar
[2023-01-31T20:52:15.422+0000] {spark_submit.py:495} INFO - 23/01/31 20:52:15 INFO Executor: Fetching spark://15c99fd3082a:45643/jars/org.mongodb_bson-4.0.5.jar with timestamp 1675198334215
[2023-01-31T20:52:15.496+0000] {spark_submit.py:495} INFO - 23/01/31 20:52:15 INFO TransportClientFactory: Successfully created connection to 15c99fd3082a/172.20.0.4:45643 after 62 ms (0 ms spent in bootstraps)
[2023-01-31T20:52:15.502+0000] {spark_submit.py:495} INFO - 23/01/31 20:52:15 INFO Utils: Fetching spark://15c99fd3082a:45643/jars/org.mongodb_bson-4.0.5.jar to /tmp/spark-14be10e7-0cac-4230-ace6-2b1f7ade8ecd/userFiles-0f29e10f-9912-4faf-8bb6-2629e02a247f/fetchFileTemp13191924045259603499.tmp
[2023-01-31T20:52:15.571+0000] {spark_submit.py:495} INFO - 23/01/31 20:52:15 INFO Utils: /tmp/spark-14be10e7-0cac-4230-ace6-2b1f7ade8ecd/userFiles-0f29e10f-9912-4faf-8bb6-2629e02a247f/fetchFileTemp13191924045259603499.tmp has been previously copied to /tmp/spark-14be10e7-0cac-4230-ace6-2b1f7ade8ecd/userFiles-0f29e10f-9912-4faf-8bb6-2629e02a247f/org.mongodb_bson-4.0.5.jar
[2023-01-31T20:52:15.582+0000] {spark_submit.py:495} INFO - 23/01/31 20:52:15 INFO Executor: Adding file:/tmp/spark-14be10e7-0cac-4230-ace6-2b1f7ade8ecd/userFiles-0f29e10f-9912-4faf-8bb6-2629e02a247f/org.mongodb_bson-4.0.5.jar to class loader
[2023-01-31T20:52:15.583+0000] {spark_submit.py:495} INFO - 23/01/31 20:52:15 INFO Executor: Fetching spark://15c99fd3082a:45643/jars/com.github.luben_zstd-jni-1.4.8-1.jar with timestamp 1675198334215
[2023-01-31T20:52:15.583+0000] {spark_submit.py:495} INFO - 23/01/31 20:52:15 INFO Utils: Fetching spark://15c99fd3082a:45643/jars/com.github.luben_zstd-jni-1.4.8-1.jar to /tmp/spark-14be10e7-0cac-4230-ace6-2b1f7ade8ecd/userFiles-0f29e10f-9912-4faf-8bb6-2629e02a247f/fetchFileTemp16854203336697201814.tmp
[2023-01-31T20:52:15.653+0000] {spark_submit.py:495} INFO - 23/01/31 20:52:15 INFO Utils: /tmp/spark-14be10e7-0cac-4230-ace6-2b1f7ade8ecd/userFiles-0f29e10f-9912-4faf-8bb6-2629e02a247f/fetchFileTemp16854203336697201814.tmp has been previously copied to /tmp/spark-14be10e7-0cac-4230-ace6-2b1f7ade8ecd/userFiles-0f29e10f-9912-4faf-8bb6-2629e02a247f/com.github.luben_zstd-jni-1.4.8-1.jar
[2023-01-31T20:52:15.666+0000] {spark_submit.py:495} INFO - 23/01/31 20:52:15 INFO Executor: Adding file:/tmp/spark-14be10e7-0cac-4230-ace6-2b1f7ade8ecd/userFiles-0f29e10f-9912-4faf-8bb6-2629e02a247f/com.github.luben_zstd-jni-1.4.8-1.jar to class loader
[2023-01-31T20:52:15.666+0000] {spark_submit.py:495} INFO - 23/01/31 20:52:15 INFO Executor: Fetching spark://15c99fd3082a:45643/jars/org.mongodb_mongodb-driver-sync-4.0.5.jar with timestamp 1675198334215
[2023-01-31T20:52:15.666+0000] {spark_submit.py:495} INFO - 23/01/31 20:52:15 INFO Utils: Fetching spark://15c99fd3082a:45643/jars/org.mongodb_mongodb-driver-sync-4.0.5.jar to /tmp/spark-14be10e7-0cac-4230-ace6-2b1f7ade8ecd/userFiles-0f29e10f-9912-4faf-8bb6-2629e02a247f/fetchFileTemp2650070580709278665.tmp
[2023-01-31T20:52:15.692+0000] {spark_submit.py:495} INFO - 23/01/31 20:52:15 INFO Utils: /tmp/spark-14be10e7-0cac-4230-ace6-2b1f7ade8ecd/userFiles-0f29e10f-9912-4faf-8bb6-2629e02a247f/fetchFileTemp2650070580709278665.tmp has been previously copied to /tmp/spark-14be10e7-0cac-4230-ace6-2b1f7ade8ecd/userFiles-0f29e10f-9912-4faf-8bb6-2629e02a247f/org.mongodb_mongodb-driver-sync-4.0.5.jar
[2023-01-31T20:52:15.722+0000] {spark_submit.py:495} INFO - 23/01/31 20:52:15 INFO Executor: Adding file:/tmp/spark-14be10e7-0cac-4230-ace6-2b1f7ade8ecd/userFiles-0f29e10f-9912-4faf-8bb6-2629e02a247f/org.mongodb_mongodb-driver-sync-4.0.5.jar to class loader
[2023-01-31T20:52:15.726+0000] {spark_submit.py:495} INFO - 23/01/31 20:52:15 INFO Executor: Fetching spark://15c99fd3082a:45643/jars/org.slf4j_slf4j-api-1.7.30.jar with timestamp 1675198334215
[2023-01-31T20:52:15.726+0000] {spark_submit.py:495} INFO - 23/01/31 20:52:15 INFO Utils: Fetching spark://15c99fd3082a:45643/jars/org.slf4j_slf4j-api-1.7.30.jar to /tmp/spark-14be10e7-0cac-4230-ace6-2b1f7ade8ecd/userFiles-0f29e10f-9912-4faf-8bb6-2629e02a247f/fetchFileTemp2477424739646938252.tmp
[2023-01-31T20:52:15.727+0000] {spark_submit.py:495} INFO - 23/01/31 20:52:15 INFO Utils: /tmp/spark-14be10e7-0cac-4230-ace6-2b1f7ade8ecd/userFiles-0f29e10f-9912-4faf-8bb6-2629e02a247f/fetchFileTemp2477424739646938252.tmp has been previously copied to /tmp/spark-14be10e7-0cac-4230-ace6-2b1f7ade8ecd/userFiles-0f29e10f-9912-4faf-8bb6-2629e02a247f/org.slf4j_slf4j-api-1.7.30.jar
[2023-01-31T20:52:15.734+0000] {spark_submit.py:495} INFO - 23/01/31 20:52:15 INFO Executor: Adding file:/tmp/spark-14be10e7-0cac-4230-ace6-2b1f7ade8ecd/userFiles-0f29e10f-9912-4faf-8bb6-2629e02a247f/org.slf4j_slf4j-api-1.7.30.jar to class loader
[2023-01-31T20:52:15.735+0000] {spark_submit.py:495} INFO - 23/01/31 20:52:15 INFO Executor: Fetching spark://15c99fd3082a:45643/jars/org.mongodb.spark_mongo-spark-connector_2.12-3.0.1.jar with timestamp 1675198334215
[2023-01-31T20:52:15.740+0000] {spark_submit.py:495} INFO - 23/01/31 20:52:15 INFO Utils: Fetching spark://15c99fd3082a:45643/jars/org.mongodb.spark_mongo-spark-connector_2.12-3.0.1.jar to /tmp/spark-14be10e7-0cac-4230-ace6-2b1f7ade8ecd/userFiles-0f29e10f-9912-4faf-8bb6-2629e02a247f/fetchFileTemp14796148773943359065.tmp
[2023-01-31T20:52:15.754+0000] {spark_submit.py:495} INFO - 23/01/31 20:52:15 INFO Utils: /tmp/spark-14be10e7-0cac-4230-ace6-2b1f7ade8ecd/userFiles-0f29e10f-9912-4faf-8bb6-2629e02a247f/fetchFileTemp14796148773943359065.tmp has been previously copied to /tmp/spark-14be10e7-0cac-4230-ace6-2b1f7ade8ecd/userFiles-0f29e10f-9912-4faf-8bb6-2629e02a247f/org.mongodb.spark_mongo-spark-connector_2.12-3.0.1.jar
[2023-01-31T20:52:15.766+0000] {spark_submit.py:495} INFO - 23/01/31 20:52:15 INFO Executor: Adding file:/tmp/spark-14be10e7-0cac-4230-ace6-2b1f7ade8ecd/userFiles-0f29e10f-9912-4faf-8bb6-2629e02a247f/org.mongodb.spark_mongo-spark-connector_2.12-3.0.1.jar to class loader
[2023-01-31T20:52:15.766+0000] {spark_submit.py:495} INFO - 23/01/31 20:52:15 INFO Executor: Fetching spark://15c99fd3082a:45643/jars/org.lz4_lz4-java-1.7.1.jar with timestamp 1675198334215
[2023-01-31T20:52:15.774+0000] {spark_submit.py:495} INFO - 23/01/31 20:52:15 INFO Utils: Fetching spark://15c99fd3082a:45643/jars/org.lz4_lz4-java-1.7.1.jar to /tmp/spark-14be10e7-0cac-4230-ace6-2b1f7ade8ecd/userFiles-0f29e10f-9912-4faf-8bb6-2629e02a247f/fetchFileTemp17290625149706301055.tmp
[2023-01-31T20:52:15.779+0000] {spark_submit.py:495} INFO - 23/01/31 20:52:15 INFO Utils: /tmp/spark-14be10e7-0cac-4230-ace6-2b1f7ade8ecd/userFiles-0f29e10f-9912-4faf-8bb6-2629e02a247f/fetchFileTemp17290625149706301055.tmp has been previously copied to /tmp/spark-14be10e7-0cac-4230-ace6-2b1f7ade8ecd/userFiles-0f29e10f-9912-4faf-8bb6-2629e02a247f/org.lz4_lz4-java-1.7.1.jar
[2023-01-31T20:52:15.796+0000] {spark_submit.py:495} INFO - 23/01/31 20:52:15 INFO Executor: Adding file:/tmp/spark-14be10e7-0cac-4230-ace6-2b1f7ade8ecd/userFiles-0f29e10f-9912-4faf-8bb6-2629e02a247f/org.lz4_lz4-java-1.7.1.jar to class loader
[2023-01-31T20:52:15.797+0000] {spark_submit.py:495} INFO - 23/01/31 20:52:15 INFO Executor: Fetching spark://15c99fd3082a:45643/jars/org.apache.spark_spark-sql-kafka-0-10_2.12-3.1.3.jar with timestamp 1675198334215
[2023-01-31T20:52:15.802+0000] {spark_submit.py:495} INFO - 23/01/31 20:52:15 INFO Utils: Fetching spark://15c99fd3082a:45643/jars/org.apache.spark_spark-sql-kafka-0-10_2.12-3.1.3.jar to /tmp/spark-14be10e7-0cac-4230-ace6-2b1f7ade8ecd/userFiles-0f29e10f-9912-4faf-8bb6-2629e02a247f/fetchFileTemp4083080585820101751.tmp
[2023-01-31T20:52:15.806+0000] {spark_submit.py:495} INFO - 23/01/31 20:52:15 INFO Utils: /tmp/spark-14be10e7-0cac-4230-ace6-2b1f7ade8ecd/userFiles-0f29e10f-9912-4faf-8bb6-2629e02a247f/fetchFileTemp4083080585820101751.tmp has been previously copied to /tmp/spark-14be10e7-0cac-4230-ace6-2b1f7ade8ecd/userFiles-0f29e10f-9912-4faf-8bb6-2629e02a247f/org.apache.spark_spark-sql-kafka-0-10_2.12-3.1.3.jar
[2023-01-31T20:52:15.824+0000] {spark_submit.py:495} INFO - 23/01/31 20:52:15 INFO Executor: Adding file:/tmp/spark-14be10e7-0cac-4230-ace6-2b1f7ade8ecd/userFiles-0f29e10f-9912-4faf-8bb6-2629e02a247f/org.apache.spark_spark-sql-kafka-0-10_2.12-3.1.3.jar to class loader
[2023-01-31T20:52:15.824+0000] {spark_submit.py:495} INFO - 23/01/31 20:52:15 INFO Executor: Fetching spark://15c99fd3082a:45643/jars/org.xerial.snappy_snappy-java-1.1.8.2.jar with timestamp 1675198334215
[2023-01-31T20:52:15.824+0000] {spark_submit.py:495} INFO - 23/01/31 20:52:15 INFO Utils: Fetching spark://15c99fd3082a:45643/jars/org.xerial.snappy_snappy-java-1.1.8.2.jar to /tmp/spark-14be10e7-0cac-4230-ace6-2b1f7ade8ecd/userFiles-0f29e10f-9912-4faf-8bb6-2629e02a247f/fetchFileTemp13572319739217701996.tmp
[2023-01-31T20:52:15.852+0000] {spark_submit.py:495} INFO - 23/01/31 20:52:15 INFO Utils: /tmp/spark-14be10e7-0cac-4230-ace6-2b1f7ade8ecd/userFiles-0f29e10f-9912-4faf-8bb6-2629e02a247f/fetchFileTemp13572319739217701996.tmp has been previously copied to /tmp/spark-14be10e7-0cac-4230-ace6-2b1f7ade8ecd/userFiles-0f29e10f-9912-4faf-8bb6-2629e02a247f/org.xerial.snappy_snappy-java-1.1.8.2.jar
[2023-01-31T20:52:15.858+0000] {spark_submit.py:495} INFO - 23/01/31 20:52:15 INFO Executor: Adding file:/tmp/spark-14be10e7-0cac-4230-ace6-2b1f7ade8ecd/userFiles-0f29e10f-9912-4faf-8bb6-2629e02a247f/org.xerial.snappy_snappy-java-1.1.8.2.jar to class loader
[2023-01-31T20:52:15.858+0000] {spark_submit.py:495} INFO - 23/01/31 20:52:15 INFO Executor: Fetching spark://15c99fd3082a:45643/jars/org.mongodb_mongodb-driver-core-4.0.5.jar with timestamp 1675198334215
[2023-01-31T20:52:15.864+0000] {spark_submit.py:495} INFO - 23/01/31 20:52:15 INFO Utils: Fetching spark://15c99fd3082a:45643/jars/org.mongodb_mongodb-driver-core-4.0.5.jar to /tmp/spark-14be10e7-0cac-4230-ace6-2b1f7ade8ecd/userFiles-0f29e10f-9912-4faf-8bb6-2629e02a247f/fetchFileTemp1338342300488311139.tmp
[2023-01-31T20:52:15.872+0000] {spark_submit.py:495} INFO - 23/01/31 20:52:15 INFO Utils: /tmp/spark-14be10e7-0cac-4230-ace6-2b1f7ade8ecd/userFiles-0f29e10f-9912-4faf-8bb6-2629e02a247f/fetchFileTemp1338342300488311139.tmp has been previously copied to /tmp/spark-14be10e7-0cac-4230-ace6-2b1f7ade8ecd/userFiles-0f29e10f-9912-4faf-8bb6-2629e02a247f/org.mongodb_mongodb-driver-core-4.0.5.jar
[2023-01-31T20:52:15.881+0000] {spark_submit.py:495} INFO - 23/01/31 20:52:15 INFO Executor: Adding file:/tmp/spark-14be10e7-0cac-4230-ace6-2b1f7ade8ecd/userFiles-0f29e10f-9912-4faf-8bb6-2629e02a247f/org.mongodb_mongodb-driver-core-4.0.5.jar to class loader
[2023-01-31T20:52:15.881+0000] {spark_submit.py:495} INFO - 23/01/31 20:52:15 INFO Executor: Fetching spark://15c99fd3082a:45643/jars/org.apache.spark_spark-token-provider-kafka-0-10_2.12-3.1.3.jar with timestamp 1675198334215
[2023-01-31T20:52:15.882+0000] {spark_submit.py:495} INFO - 23/01/31 20:52:15 INFO Utils: Fetching spark://15c99fd3082a:45643/jars/org.apache.spark_spark-token-provider-kafka-0-10_2.12-3.1.3.jar to /tmp/spark-14be10e7-0cac-4230-ace6-2b1f7ade8ecd/userFiles-0f29e10f-9912-4faf-8bb6-2629e02a247f/fetchFileTemp2556926155482102635.tmp
[2023-01-31T20:52:15.885+0000] {spark_submit.py:495} INFO - 23/01/31 20:52:15 INFO Utils: /tmp/spark-14be10e7-0cac-4230-ace6-2b1f7ade8ecd/userFiles-0f29e10f-9912-4faf-8bb6-2629e02a247f/fetchFileTemp2556926155482102635.tmp has been previously copied to /tmp/spark-14be10e7-0cac-4230-ace6-2b1f7ade8ecd/userFiles-0f29e10f-9912-4faf-8bb6-2629e02a247f/org.apache.spark_spark-token-provider-kafka-0-10_2.12-3.1.3.jar
[2023-01-31T20:52:15.894+0000] {spark_submit.py:495} INFO - 23/01/31 20:52:15 INFO Executor: Adding file:/tmp/spark-14be10e7-0cac-4230-ace6-2b1f7ade8ecd/userFiles-0f29e10f-9912-4faf-8bb6-2629e02a247f/org.apache.spark_spark-token-provider-kafka-0-10_2.12-3.1.3.jar to class loader
[2023-01-31T20:52:15.894+0000] {spark_submit.py:495} INFO - 23/01/31 20:52:15 INFO Executor: Fetching spark://15c99fd3082a:45643/jars/org.apache.commons_commons-pool2-2.6.2.jar with timestamp 1675198334215
[2023-01-31T20:52:15.896+0000] {spark_submit.py:495} INFO - 23/01/31 20:52:15 INFO Utils: Fetching spark://15c99fd3082a:45643/jars/org.apache.commons_commons-pool2-2.6.2.jar to /tmp/spark-14be10e7-0cac-4230-ace6-2b1f7ade8ecd/userFiles-0f29e10f-9912-4faf-8bb6-2629e02a247f/fetchFileTemp13833945026412864582.tmp
[2023-01-31T20:52:15.898+0000] {spark_submit.py:495} INFO - 23/01/31 20:52:15 INFO Utils: /tmp/spark-14be10e7-0cac-4230-ace6-2b1f7ade8ecd/userFiles-0f29e10f-9912-4faf-8bb6-2629e02a247f/fetchFileTemp13833945026412864582.tmp has been previously copied to /tmp/spark-14be10e7-0cac-4230-ace6-2b1f7ade8ecd/userFiles-0f29e10f-9912-4faf-8bb6-2629e02a247f/org.apache.commons_commons-pool2-2.6.2.jar
[2023-01-31T20:52:15.909+0000] {spark_submit.py:495} INFO - 23/01/31 20:52:15 INFO Executor: Adding file:/tmp/spark-14be10e7-0cac-4230-ace6-2b1f7ade8ecd/userFiles-0f29e10f-9912-4faf-8bb6-2629e02a247f/org.apache.commons_commons-pool2-2.6.2.jar to class loader
[2023-01-31T20:52:15.911+0000] {spark_submit.py:495} INFO - 23/01/31 20:52:15 INFO Executor: Fetching spark://15c99fd3082a:45643/jars/org.spark-project.spark_unused-1.0.0.jar with timestamp 1675198334215
[2023-01-31T20:52:15.911+0000] {spark_submit.py:495} INFO - 23/01/31 20:52:15 INFO Utils: Fetching spark://15c99fd3082a:45643/jars/org.spark-project.spark_unused-1.0.0.jar to /tmp/spark-14be10e7-0cac-4230-ace6-2b1f7ade8ecd/userFiles-0f29e10f-9912-4faf-8bb6-2629e02a247f/fetchFileTemp1172395521852457024.tmp
[2023-01-31T20:52:15.917+0000] {spark_submit.py:495} INFO - 23/01/31 20:52:15 INFO Utils: /tmp/spark-14be10e7-0cac-4230-ace6-2b1f7ade8ecd/userFiles-0f29e10f-9912-4faf-8bb6-2629e02a247f/fetchFileTemp1172395521852457024.tmp has been previously copied to /tmp/spark-14be10e7-0cac-4230-ace6-2b1f7ade8ecd/userFiles-0f29e10f-9912-4faf-8bb6-2629e02a247f/org.spark-project.spark_unused-1.0.0.jar
[2023-01-31T20:52:15.920+0000] {spark_submit.py:495} INFO - 23/01/31 20:52:15 INFO Executor: Adding file:/tmp/spark-14be10e7-0cac-4230-ace6-2b1f7ade8ecd/userFiles-0f29e10f-9912-4faf-8bb6-2629e02a247f/org.spark-project.spark_unused-1.0.0.jar to class loader
[2023-01-31T20:52:15.920+0000] {spark_submit.py:495} INFO - 23/01/31 20:52:15 INFO Executor: Fetching spark://15c99fd3082a:45643/jars/org.apache.kafka_kafka-clients-2.6.0.jar with timestamp 1675198334215
[2023-01-31T20:52:15.921+0000] {spark_submit.py:495} INFO - 23/01/31 20:52:15 INFO Utils: Fetching spark://15c99fd3082a:45643/jars/org.apache.kafka_kafka-clients-2.6.0.jar to /tmp/spark-14be10e7-0cac-4230-ace6-2b1f7ade8ecd/userFiles-0f29e10f-9912-4faf-8bb6-2629e02a247f/fetchFileTemp9503333194535586412.tmp
[2023-01-31T20:52:15.936+0000] {spark_submit.py:495} INFO - 23/01/31 20:52:15 INFO Utils: /tmp/spark-14be10e7-0cac-4230-ace6-2b1f7ade8ecd/userFiles-0f29e10f-9912-4faf-8bb6-2629e02a247f/fetchFileTemp9503333194535586412.tmp has been previously copied to /tmp/spark-14be10e7-0cac-4230-ace6-2b1f7ade8ecd/userFiles-0f29e10f-9912-4faf-8bb6-2629e02a247f/org.apache.kafka_kafka-clients-2.6.0.jar
[2023-01-31T20:52:15.944+0000] {spark_submit.py:495} INFO - 23/01/31 20:52:15 INFO Executor: Adding file:/tmp/spark-14be10e7-0cac-4230-ace6-2b1f7ade8ecd/userFiles-0f29e10f-9912-4faf-8bb6-2629e02a247f/org.apache.kafka_kafka-clients-2.6.0.jar to class loader
[2023-01-31T20:52:15.949+0000] {spark_submit.py:495} INFO - 23/01/31 20:52:15 INFO Utils: Successfully started service 'org.apache.spark.network.netty.NettyBlockTransferService' on port 37229.
[2023-01-31T20:52:15.949+0000] {spark_submit.py:495} INFO - 23/01/31 20:52:15 INFO NettyBlockTransferService: Server created on 15c99fd3082a:37229
[2023-01-31T20:52:15.950+0000] {spark_submit.py:495} INFO - 23/01/31 20:52:15 INFO BlockManager: Using org.apache.spark.storage.RandomBlockReplicationPolicy for block replication policy
[2023-01-31T20:52:15.955+0000] {spark_submit.py:495} INFO - 23/01/31 20:52:15 INFO BlockManagerMaster: Registering BlockManager BlockManagerId(driver, 15c99fd3082a, 37229, None)
[2023-01-31T20:52:15.957+0000] {spark_submit.py:495} INFO - 23/01/31 20:52:15 INFO BlockManagerMasterEndpoint: Registering block manager 15c99fd3082a:37229 with 434.4 MiB RAM, BlockManagerId(driver, 15c99fd3082a, 37229, None)
[2023-01-31T20:52:15.961+0000] {spark_submit.py:495} INFO - 23/01/31 20:52:15 INFO BlockManagerMaster: Registered BlockManager BlockManagerId(driver, 15c99fd3082a, 37229, None)
[2023-01-31T20:52:15.962+0000] {spark_submit.py:495} INFO - 23/01/31 20:52:15 INFO BlockManager: Initialized BlockManager: BlockManagerId(driver, 15c99fd3082a, 37229, None)
[2023-01-31T20:52:18.899+0000] {spark_submit.py:495} INFO - 2023-01-31 20:52:18,898 - py4j.java_gateway - INFO - Callback Server Starting
[2023-01-31T20:52:18.899+0000] {spark_submit.py:495} INFO - 2023-01-31 20:52:18,899 - py4j.java_gateway - INFO - Socket listening on ('127.0.0.1', 41955)
[2023-01-31T20:52:23.468+0000] {spark_submit.py:495} INFO - 2023-01-31 20:52:23,466 - py4j.clientserver - INFO - Python Server ready to receive messages
[2023-01-31T20:52:23.468+0000] {spark_submit.py:495} INFO - 2023-01-31 20:52:23,466 - py4j.clientserver - INFO - Received command c on object id p0
[2023-01-31T20:52:24.091+0000] {spark_submit.py:495} INFO - -------------------------------------------
[2023-01-31T20:52:24.091+0000] {spark_submit.py:495} INFO - Batch: 0
[2023-01-31T20:52:24.091+0000] {spark_submit.py:495} INFO - -------------------------------------------
[2023-01-31T20:52:24.224+0000] {spark_submit.py:495} INFO - +---+-------------+-----+-------------+----------+----------------+------------+-----------------+--------------+-------------+
[2023-01-31T20:52:24.224+0000] {spark_submit.py:495} INFO - |id |nameOfProduct|price|ProductStatus|SellerName|RegistrationDate|QuantitySold|QuantityAvailable|Free shipping?|Store ratings|
[2023-01-31T20:52:24.224+0000] {spark_submit.py:495} INFO - +---+-------------+-----+-------------+----------+----------------+------------+-----------------+--------------+-------------+
[2023-01-31T20:52:24.224+0000] {spark_submit.py:495} INFO - +---+-------------+-----+-------------+----------+----------------+------------+-----------------+--------------+-------------+
[2023-01-31T20:52:24.225+0000] {spark_submit.py:495} INFO - 
[2023-01-31T20:52:24.547+0000] {spark_submit.py:495} INFO - Stopping query...
[2023-01-31T20:52:25.080+0000] {spark_submit.py:495} INFO - Awaiting termination...
[2023-01-31T20:52:25.591+0000] {spark_submit.py:495} INFO - Stopping query...
[2023-01-31T20:52:26.129+0000] {spark_submit.py:495} INFO - Awaiting termination...
[2023-01-31T20:52:26.310+0000] {taskinstance.py:1327} INFO - Marking task as SUCCESS. dag_id=Streaming_pipeline_meli, task_id=consumer_data_of_topic, execution_date=20230131T160106, start_date=20230131T205210, end_date=20230131T205226
[2023-01-31T20:52:26.367+0000] {local_task_job.py:159} INFO - Task exited with return code 0
[2023-01-31T20:52:26.382+0000] {taskinstance.py:2582} INFO - 0 downstream tasks scheduled from follow-on schedule check
