[2023-01-31T20:48:15.256+0000] {taskinstance.py:1087} INFO - Dependencies all met for <TaskInstance: Streaming_pipeline_meli.consumer_data_of_topic manual__2023-01-31T16:01:06.868325+00:00 [queued]>
[2023-01-31T20:48:15.271+0000] {taskinstance.py:1087} INFO - Dependencies all met for <TaskInstance: Streaming_pipeline_meli.consumer_data_of_topic manual__2023-01-31T16:01:06.868325+00:00 [queued]>
[2023-01-31T20:48:15.271+0000] {taskinstance.py:1283} INFO - 
--------------------------------------------------------------------------------
[2023-01-31T20:48:15.271+0000] {taskinstance.py:1284} INFO - Starting attempt 4 of 9
[2023-01-31T20:48:15.271+0000] {taskinstance.py:1285} INFO - 
--------------------------------------------------------------------------------
[2023-01-31T20:48:15.285+0000] {taskinstance.py:1304} INFO - Executing <Task(SparkSubmitOperator): consumer_data_of_topic> on 2023-01-31 16:01:06.868325+00:00
[2023-01-31T20:48:15.289+0000] {standard_task_runner.py:55} INFO - Started process 22826 to run task
[2023-01-31T20:48:15.292+0000] {standard_task_runner.py:82} INFO - Running: ['***', 'tasks', 'run', 'Streaming_pipeline_meli', 'consumer_data_of_topic', 'manual__2023-01-31T16:01:06.868325+00:00', '--job-id', '1339', '--raw', '--subdir', 'DAGS_FOLDER/streamPipeline.py', '--cfg-path', '/tmp/tmplonko21y']
[2023-01-31T20:48:15.292+0000] {standard_task_runner.py:83} INFO - Job 1339: Subtask consumer_data_of_topic
[2023-01-31T20:48:15.352+0000] {task_command.py:389} INFO - Running <TaskInstance: Streaming_pipeline_meli.consumer_data_of_topic manual__2023-01-31T16:01:06.868325+00:00 [running]> on host 15c99fd3082a
[2023-01-31T20:48:15.409+0000] {taskinstance.py:1513} INFO - Exporting the following env vars:
AIRFLOW_CTX_DAG_OWNER=***
AIRFLOW_CTX_DAG_ID=Streaming_pipeline_meli
AIRFLOW_CTX_TASK_ID=consumer_data_of_topic
AIRFLOW_CTX_EXECUTION_DATE=2023-01-31T16:01:06.868325+00:00
AIRFLOW_CTX_TRY_NUMBER=4
AIRFLOW_CTX_DAG_RUN_ID=manual__2023-01-31T16:01:06.868325+00:00
[2023-01-31T20:48:15.416+0000] {base.py:73} INFO - Using connection ID 'spark_default' for task execution.
[2023-01-31T20:48:15.417+0000] {spark_submit.py:344} INFO - Spark-Submit cmd: spark-submit --master spark://tomi-H310:7077 --packages org.apache.spark:spark-sql-kafka-0-10_2.12:3.1.3,org.mongodb.spark:mongo-spark-connector_2.12:3.0.1 --name arrow-spark --queue root.default /opt/***/dags/consumerSpark.py
[2023-01-31T20:48:15.518+0000] {spark_submit.py:495} INFO - /home/***/.local/lib/python3.7/site-packages/pyspark/bin/load-spark-env.sh: line 68: ps: command not found
[2023-01-31T20:48:16.948+0000] {spark_submit.py:495} INFO - :: loading settings :: url = jar:file:/home/***/.local/lib/python3.7/site-packages/pyspark/jars/ivy-2.5.0.jar!/org/apache/ivy/core/settings/ivysettings.xml
[2023-01-31T20:48:17.039+0000] {spark_submit.py:495} INFO - Ivy Default Cache set to: /home/***/.ivy2/cache
[2023-01-31T20:48:17.039+0000] {spark_submit.py:495} INFO - The jars for the packages stored in: /home/***/.ivy2/jars
[2023-01-31T20:48:17.044+0000] {spark_submit.py:495} INFO - org.apache.spark#spark-sql-kafka-0-10_2.12 added as a dependency
[2023-01-31T20:48:17.045+0000] {spark_submit.py:495} INFO - org.mongodb.spark#mongo-spark-connector_2.12 added as a dependency
[2023-01-31T20:48:17.046+0000] {spark_submit.py:495} INFO - :: resolving dependencies :: org.apache.spark#spark-submit-parent-c74d699b-b64d-4024-a284-a35c0a6ae11f;1.0
[2023-01-31T20:48:17.046+0000] {spark_submit.py:495} INFO - confs: [default]
[2023-01-31T20:48:17.211+0000] {spark_submit.py:495} INFO - found org.apache.spark#spark-sql-kafka-0-10_2.12;3.1.3 in central
[2023-01-31T20:48:17.288+0000] {spark_submit.py:495} INFO - found org.apache.spark#spark-token-provider-kafka-0-10_2.12;3.1.3 in central
[2023-01-31T20:48:17.316+0000] {spark_submit.py:495} INFO - found org.apache.kafka#kafka-clients;2.6.0 in central
[2023-01-31T20:48:17.346+0000] {spark_submit.py:495} INFO - found com.github.luben#zstd-jni;1.4.8-1 in central
[2023-01-31T20:48:17.369+0000] {spark_submit.py:495} INFO - found org.lz4#lz4-java;1.7.1 in central
[2023-01-31T20:48:17.390+0000] {spark_submit.py:495} INFO - found org.xerial.snappy#snappy-java;1.1.8.2 in central
[2023-01-31T20:48:17.411+0000] {spark_submit.py:495} INFO - found org.slf4j#slf4j-api;1.7.30 in central
[2023-01-31T20:48:17.432+0000] {spark_submit.py:495} INFO - found org.spark-project.spark#unused;1.0.0 in central
[2023-01-31T20:48:17.448+0000] {spark_submit.py:495} INFO - found org.apache.commons#commons-pool2;2.6.2 in central
[2023-01-31T20:48:17.460+0000] {spark_submit.py:495} INFO - found org.mongodb.spark#mongo-spark-connector_2.12;3.0.1 in central
[2023-01-31T20:48:17.470+0000] {spark_submit.py:495} INFO - found org.mongodb#mongodb-driver-sync;4.0.5 in central
[2023-01-31T20:48:17.480+0000] {spark_submit.py:495} INFO - found org.mongodb#bson;4.0.5 in central
[2023-01-31T20:48:17.490+0000] {spark_submit.py:495} INFO - found org.mongodb#mongodb-driver-core;4.0.5 in central
[2023-01-31T20:48:17.513+0000] {spark_submit.py:495} INFO - :: resolution report :: resolve 455ms :: artifacts dl 12ms
[2023-01-31T20:48:17.514+0000] {spark_submit.py:495} INFO - :: modules in use:
[2023-01-31T20:48:17.514+0000] {spark_submit.py:495} INFO - com.github.luben#zstd-jni;1.4.8-1 from central in [default]
[2023-01-31T20:48:17.514+0000] {spark_submit.py:495} INFO - org.apache.commons#commons-pool2;2.6.2 from central in [default]
[2023-01-31T20:48:17.514+0000] {spark_submit.py:495} INFO - org.apache.kafka#kafka-clients;2.6.0 from central in [default]
[2023-01-31T20:48:17.515+0000] {spark_submit.py:495} INFO - org.apache.spark#spark-sql-kafka-0-10_2.12;3.1.3 from central in [default]
[2023-01-31T20:48:17.515+0000] {spark_submit.py:495} INFO - org.apache.spark#spark-token-provider-kafka-0-10_2.12;3.1.3 from central in [default]
[2023-01-31T20:48:17.515+0000] {spark_submit.py:495} INFO - org.lz4#lz4-java;1.7.1 from central in [default]
[2023-01-31T20:48:17.515+0000] {spark_submit.py:495} INFO - org.mongodb#bson;4.0.5 from central in [default]
[2023-01-31T20:48:17.515+0000] {spark_submit.py:495} INFO - org.mongodb#mongodb-driver-core;4.0.5 from central in [default]
[2023-01-31T20:48:17.516+0000] {spark_submit.py:495} INFO - org.mongodb#mongodb-driver-sync;4.0.5 from central in [default]
[2023-01-31T20:48:17.516+0000] {spark_submit.py:495} INFO - org.mongodb.spark#mongo-spark-connector_2.12;3.0.1 from central in [default]
[2023-01-31T20:48:17.516+0000] {spark_submit.py:495} INFO - org.slf4j#slf4j-api;1.7.30 from central in [default]
[2023-01-31T20:48:17.516+0000] {spark_submit.py:495} INFO - org.spark-project.spark#unused;1.0.0 from central in [default]
[2023-01-31T20:48:17.517+0000] {spark_submit.py:495} INFO - org.xerial.snappy#snappy-java;1.1.8.2 from central in [default]
[2023-01-31T20:48:17.517+0000] {spark_submit.py:495} INFO - ---------------------------------------------------------------------
[2023-01-31T20:48:17.517+0000] {spark_submit.py:495} INFO - |                  |            modules            ||   artifacts   |
[2023-01-31T20:48:17.517+0000] {spark_submit.py:495} INFO - |       conf       | number| search|dwnlded|evicted|| number|dwnlded|
[2023-01-31T20:48:17.518+0000] {spark_submit.py:495} INFO - ---------------------------------------------------------------------
[2023-01-31T20:48:17.518+0000] {spark_submit.py:495} INFO - |      default     |   13  |   0   |   0   |   0   ||   13  |   0   |
[2023-01-31T20:48:17.518+0000] {spark_submit.py:495} INFO - ---------------------------------------------------------------------
[2023-01-31T20:48:17.523+0000] {spark_submit.py:495} INFO - :: retrieving :: org.apache.spark#spark-submit-parent-c74d699b-b64d-4024-a284-a35c0a6ae11f
[2023-01-31T20:48:17.523+0000] {spark_submit.py:495} INFO - confs: [default]
[2023-01-31T20:48:17.534+0000] {spark_submit.py:495} INFO - 0 artifacts copied, 13 already retrieved (0kB/11ms)
[2023-01-31T20:48:17.778+0000] {spark_submit.py:495} INFO - 23/01/31 20:48:17 WARN NativeCodeLoader: Unable to load native-hadoop library for your platform... using builtin-java classes where applicable
[2023-01-31T20:48:19.181+0000] {spark_submit.py:495} INFO - 23/01/31 20:48:19 INFO SparkContext: Running Spark version 3.3.1
[2023-01-31T20:48:19.247+0000] {spark_submit.py:495} INFO - 23/01/31 20:48:19 INFO ResourceUtils: ==============================================================
[2023-01-31T20:48:19.247+0000] {spark_submit.py:495} INFO - 23/01/31 20:48:19 INFO ResourceUtils: No custom resources configured for spark.driver.
[2023-01-31T20:48:19.247+0000] {spark_submit.py:495} INFO - 23/01/31 20:48:19 INFO ResourceUtils: ==============================================================
[2023-01-31T20:48:19.247+0000] {spark_submit.py:495} INFO - 23/01/31 20:48:19 INFO SparkContext: Submitted application: arrow-spark
[2023-01-31T20:48:19.332+0000] {spark_submit.py:495} INFO - 23/01/31 20:48:19 INFO ResourceProfile: Default ResourceProfile created, executor resources: Map(cores -> name: cores, amount: 1, script: , vendor: , memory -> name: memory, amount: 1024, script: , vendor: , offHeap -> name: offHeap, amount: 0, script: , vendor: ), task resources: Map(cpus -> name: cpus, amount: 1.0)
[2023-01-31T20:48:19.384+0000] {spark_submit.py:495} INFO - 23/01/31 20:48:19 INFO ResourceProfile: Limiting resource is cpu
[2023-01-31T20:48:19.384+0000] {spark_submit.py:495} INFO - 23/01/31 20:48:19 INFO ResourceProfileManager: Added ResourceProfile id: 0
[2023-01-31T20:48:19.523+0000] {spark_submit.py:495} INFO - 23/01/31 20:48:19 INFO SecurityManager: Changing view acls to: default
[2023-01-31T20:48:19.523+0000] {spark_submit.py:495} INFO - 23/01/31 20:48:19 INFO SecurityManager: Changing modify acls to: default
[2023-01-31T20:48:19.530+0000] {spark_submit.py:495} INFO - 23/01/31 20:48:19 INFO SecurityManager: Changing view acls groups to:
[2023-01-31T20:48:19.531+0000] {spark_submit.py:495} INFO - 23/01/31 20:48:19 INFO SecurityManager: Changing modify acls groups to:
[2023-01-31T20:48:19.532+0000] {spark_submit.py:495} INFO - 23/01/31 20:48:19 INFO SecurityManager: SecurityManager: authentication disabled; ui acls disabled; users  with view permissions: Set(default); groups with view permissions: Set(); users  with modify permissions: Set(default); groups with modify permissions: Set()
[2023-01-31T20:48:20.071+0000] {spark_submit.py:495} INFO - 23/01/31 20:48:20 INFO Utils: Successfully started service 'sparkDriver' on port 35565.
[2023-01-31T20:48:20.108+0000] {spark_submit.py:495} INFO - 23/01/31 20:48:20 INFO SparkEnv: Registering MapOutputTracker
[2023-01-31T20:48:20.141+0000] {spark_submit.py:495} INFO - 23/01/31 20:48:20 INFO SparkEnv: Registering BlockManagerMaster
[2023-01-31T20:48:20.158+0000] {spark_submit.py:495} INFO - 23/01/31 20:48:20 INFO BlockManagerMasterEndpoint: Using org.apache.spark.storage.DefaultTopologyMapper for getting topology information
[2023-01-31T20:48:20.159+0000] {spark_submit.py:495} INFO - 23/01/31 20:48:20 INFO BlockManagerMasterEndpoint: BlockManagerMasterEndpoint up
[2023-01-31T20:48:20.168+0000] {spark_submit.py:495} INFO - 23/01/31 20:48:20 INFO SparkEnv: Registering BlockManagerMasterHeartbeat
[2023-01-31T20:48:20.187+0000] {spark_submit.py:495} INFO - 23/01/31 20:48:20 INFO DiskBlockManager: Created local directory at /tmp/blockmgr-b7e30bec-57f8-4421-bd2a-c99cab832754
[2023-01-31T20:48:20.204+0000] {spark_submit.py:495} INFO - 23/01/31 20:48:20 INFO MemoryStore: MemoryStore started with capacity 434.4 MiB
[2023-01-31T20:48:20.214+0000] {spark_submit.py:495} INFO - 23/01/31 20:48:20 INFO SparkEnv: Registering OutputCommitCoordinator
[2023-01-31T20:48:20.555+0000] {spark_submit.py:495} INFO - 23/01/31 20:48:20 INFO Utils: Successfully started service 'SparkUI' on port 4040.
[2023-01-31T20:48:20.612+0000] {spark_submit.py:495} INFO - 23/01/31 20:48:20 INFO SparkContext: Added JAR file:///home/***/.ivy2/jars/org.apache.spark_spark-sql-kafka-0-10_2.12-3.1.3.jar at spark://15c99fd3082a:35565/jars/org.apache.spark_spark-sql-kafka-0-10_2.12-3.1.3.jar with timestamp 1675198099138
[2023-01-31T20:48:20.612+0000] {spark_submit.py:495} INFO - 23/01/31 20:48:20 INFO SparkContext: Added JAR file:///home/***/.ivy2/jars/org.mongodb.spark_mongo-spark-connector_2.12-3.0.1.jar at spark://15c99fd3082a:35565/jars/org.mongodb.spark_mongo-spark-connector_2.12-3.0.1.jar with timestamp 1675198099138
[2023-01-31T20:48:20.613+0000] {spark_submit.py:495} INFO - 23/01/31 20:48:20 INFO SparkContext: Added JAR file:///home/***/.ivy2/jars/org.apache.spark_spark-token-provider-kafka-0-10_2.12-3.1.3.jar at spark://15c99fd3082a:35565/jars/org.apache.spark_spark-token-provider-kafka-0-10_2.12-3.1.3.jar with timestamp 1675198099138
[2023-01-31T20:48:20.613+0000] {spark_submit.py:495} INFO - 23/01/31 20:48:20 INFO SparkContext: Added JAR file:///home/***/.ivy2/jars/org.apache.kafka_kafka-clients-2.6.0.jar at spark://15c99fd3082a:35565/jars/org.apache.kafka_kafka-clients-2.6.0.jar with timestamp 1675198099138
[2023-01-31T20:48:20.613+0000] {spark_submit.py:495} INFO - 23/01/31 20:48:20 INFO SparkContext: Added JAR file:///home/***/.ivy2/jars/org.apache.commons_commons-pool2-2.6.2.jar at spark://15c99fd3082a:35565/jars/org.apache.commons_commons-pool2-2.6.2.jar with timestamp 1675198099138
[2023-01-31T20:48:20.613+0000] {spark_submit.py:495} INFO - 23/01/31 20:48:20 INFO SparkContext: Added JAR file:///home/***/.ivy2/jars/org.spark-project.spark_unused-1.0.0.jar at spark://15c99fd3082a:35565/jars/org.spark-project.spark_unused-1.0.0.jar with timestamp 1675198099138
[2023-01-31T20:48:20.613+0000] {spark_submit.py:495} INFO - 23/01/31 20:48:20 INFO SparkContext: Added JAR file:///home/***/.ivy2/jars/com.github.luben_zstd-jni-1.4.8-1.jar at spark://15c99fd3082a:35565/jars/com.github.luben_zstd-jni-1.4.8-1.jar with timestamp 1675198099138
[2023-01-31T20:48:20.613+0000] {spark_submit.py:495} INFO - 23/01/31 20:48:20 INFO SparkContext: Added JAR file:///home/***/.ivy2/jars/org.lz4_lz4-java-1.7.1.jar at spark://15c99fd3082a:35565/jars/org.lz4_lz4-java-1.7.1.jar with timestamp 1675198099138
[2023-01-31T20:48:20.613+0000] {spark_submit.py:495} INFO - 23/01/31 20:48:20 INFO SparkContext: Added JAR file:///home/***/.ivy2/jars/org.xerial.snappy_snappy-java-1.1.8.2.jar at spark://15c99fd3082a:35565/jars/org.xerial.snappy_snappy-java-1.1.8.2.jar with timestamp 1675198099138
[2023-01-31T20:48:20.613+0000] {spark_submit.py:495} INFO - 23/01/31 20:48:20 INFO SparkContext: Added JAR file:///home/***/.ivy2/jars/org.slf4j_slf4j-api-1.7.30.jar at spark://15c99fd3082a:35565/jars/org.slf4j_slf4j-api-1.7.30.jar with timestamp 1675198099138
[2023-01-31T20:48:20.614+0000] {spark_submit.py:495} INFO - 23/01/31 20:48:20 INFO SparkContext: Added JAR file:///home/***/.ivy2/jars/org.mongodb_mongodb-driver-sync-4.0.5.jar at spark://15c99fd3082a:35565/jars/org.mongodb_mongodb-driver-sync-4.0.5.jar with timestamp 1675198099138
[2023-01-31T20:48:20.614+0000] {spark_submit.py:495} INFO - 23/01/31 20:48:20 INFO SparkContext: Added JAR file:///home/***/.ivy2/jars/org.mongodb_bson-4.0.5.jar at spark://15c99fd3082a:35565/jars/org.mongodb_bson-4.0.5.jar with timestamp 1675198099138
[2023-01-31T20:48:20.614+0000] {spark_submit.py:495} INFO - 23/01/31 20:48:20 INFO SparkContext: Added JAR file:///home/***/.ivy2/jars/org.mongodb_mongodb-driver-core-4.0.5.jar at spark://15c99fd3082a:35565/jars/org.mongodb_mongodb-driver-core-4.0.5.jar with timestamp 1675198099138
[2023-01-31T20:48:20.614+0000] {spark_submit.py:495} INFO - 23/01/31 20:48:20 INFO SparkContext: Added file file:///home/***/.ivy2/jars/org.apache.spark_spark-sql-kafka-0-10_2.12-3.1.3.jar at file:///home/***/.ivy2/jars/org.apache.spark_spark-sql-kafka-0-10_2.12-3.1.3.jar with timestamp 1675198099138
[2023-01-31T20:48:20.614+0000] {spark_submit.py:495} INFO - 23/01/31 20:48:20 INFO Utils: Copying /home/***/.ivy2/jars/org.apache.spark_spark-sql-kafka-0-10_2.12-3.1.3.jar to /tmp/spark-33ac1b31-e1e4-4473-a1d0-337b2da670a4/userFiles-1869b397-8881-46be-a712-426c674c8980/org.apache.spark_spark-sql-kafka-0-10_2.12-3.1.3.jar
[2023-01-31T20:48:20.624+0000] {spark_submit.py:495} INFO - 23/01/31 20:48:20 INFO SparkContext: Added file file:///home/***/.ivy2/jars/org.mongodb.spark_mongo-spark-connector_2.12-3.0.1.jar at file:///home/***/.ivy2/jars/org.mongodb.spark_mongo-spark-connector_2.12-3.0.1.jar with timestamp 1675198099138
[2023-01-31T20:48:20.624+0000] {spark_submit.py:495} INFO - 23/01/31 20:48:20 INFO Utils: Copying /home/***/.ivy2/jars/org.mongodb.spark_mongo-spark-connector_2.12-3.0.1.jar to /tmp/spark-33ac1b31-e1e4-4473-a1d0-337b2da670a4/userFiles-1869b397-8881-46be-a712-426c674c8980/org.mongodb.spark_mongo-spark-connector_2.12-3.0.1.jar
[2023-01-31T20:48:20.630+0000] {spark_submit.py:495} INFO - 23/01/31 20:48:20 INFO SparkContext: Added file file:///home/***/.ivy2/jars/org.apache.spark_spark-token-provider-kafka-0-10_2.12-3.1.3.jar at file:///home/***/.ivy2/jars/org.apache.spark_spark-token-provider-kafka-0-10_2.12-3.1.3.jar with timestamp 1675198099138
[2023-01-31T20:48:20.632+0000] {spark_submit.py:495} INFO - 23/01/31 20:48:20 INFO Utils: Copying /home/***/.ivy2/jars/org.apache.spark_spark-token-provider-kafka-0-10_2.12-3.1.3.jar to /tmp/spark-33ac1b31-e1e4-4473-a1d0-337b2da670a4/userFiles-1869b397-8881-46be-a712-426c674c8980/org.apache.spark_spark-token-provider-kafka-0-10_2.12-3.1.3.jar
[2023-01-31T20:48:20.640+0000] {spark_submit.py:495} INFO - 23/01/31 20:48:20 INFO SparkContext: Added file file:///home/***/.ivy2/jars/org.apache.kafka_kafka-clients-2.6.0.jar at file:///home/***/.ivy2/jars/org.apache.kafka_kafka-clients-2.6.0.jar with timestamp 1675198099138
[2023-01-31T20:48:20.640+0000] {spark_submit.py:495} INFO - 23/01/31 20:48:20 INFO Utils: Copying /home/***/.ivy2/jars/org.apache.kafka_kafka-clients-2.6.0.jar to /tmp/spark-33ac1b31-e1e4-4473-a1d0-337b2da670a4/userFiles-1869b397-8881-46be-a712-426c674c8980/org.apache.kafka_kafka-clients-2.6.0.jar
[2023-01-31T20:48:20.649+0000] {spark_submit.py:495} INFO - 23/01/31 20:48:20 INFO SparkContext: Added file file:///home/***/.ivy2/jars/org.apache.commons_commons-pool2-2.6.2.jar at file:///home/***/.ivy2/jars/org.apache.commons_commons-pool2-2.6.2.jar with timestamp 1675198099138
[2023-01-31T20:48:20.649+0000] {spark_submit.py:495} INFO - 23/01/31 20:48:20 INFO Utils: Copying /home/***/.ivy2/jars/org.apache.commons_commons-pool2-2.6.2.jar to /tmp/spark-33ac1b31-e1e4-4473-a1d0-337b2da670a4/userFiles-1869b397-8881-46be-a712-426c674c8980/org.apache.commons_commons-pool2-2.6.2.jar
[2023-01-31T20:48:20.654+0000] {spark_submit.py:495} INFO - 23/01/31 20:48:20 INFO SparkContext: Added file file:///home/***/.ivy2/jars/org.spark-project.spark_unused-1.0.0.jar at file:///home/***/.ivy2/jars/org.spark-project.spark_unused-1.0.0.jar with timestamp 1675198099138
[2023-01-31T20:48:20.654+0000] {spark_submit.py:495} INFO - 23/01/31 20:48:20 INFO Utils: Copying /home/***/.ivy2/jars/org.spark-project.spark_unused-1.0.0.jar to /tmp/spark-33ac1b31-e1e4-4473-a1d0-337b2da670a4/userFiles-1869b397-8881-46be-a712-426c674c8980/org.spark-project.spark_unused-1.0.0.jar
[2023-01-31T20:48:20.658+0000] {spark_submit.py:495} INFO - 23/01/31 20:48:20 INFO SparkContext: Added file file:///home/***/.ivy2/jars/com.github.luben_zstd-jni-1.4.8-1.jar at file:///home/***/.ivy2/jars/com.github.luben_zstd-jni-1.4.8-1.jar with timestamp 1675198099138
[2023-01-31T20:48:20.658+0000] {spark_submit.py:495} INFO - 23/01/31 20:48:20 INFO Utils: Copying /home/***/.ivy2/jars/com.github.luben_zstd-jni-1.4.8-1.jar to /tmp/spark-33ac1b31-e1e4-4473-a1d0-337b2da670a4/userFiles-1869b397-8881-46be-a712-426c674c8980/com.github.luben_zstd-jni-1.4.8-1.jar
[2023-01-31T20:48:20.674+0000] {spark_submit.py:495} INFO - 23/01/31 20:48:20 INFO SparkContext: Added file file:///home/***/.ivy2/jars/org.lz4_lz4-java-1.7.1.jar at file:///home/***/.ivy2/jars/org.lz4_lz4-java-1.7.1.jar with timestamp 1675198099138
[2023-01-31T20:48:20.675+0000] {spark_submit.py:495} INFO - 23/01/31 20:48:20 INFO Utils: Copying /home/***/.ivy2/jars/org.lz4_lz4-java-1.7.1.jar to /tmp/spark-33ac1b31-e1e4-4473-a1d0-337b2da670a4/userFiles-1869b397-8881-46be-a712-426c674c8980/org.lz4_lz4-java-1.7.1.jar
[2023-01-31T20:48:20.688+0000] {spark_submit.py:495} INFO - 23/01/31 20:48:20 INFO SparkContext: Added file file:///home/***/.ivy2/jars/org.xerial.snappy_snappy-java-1.1.8.2.jar at file:///home/***/.ivy2/jars/org.xerial.snappy_snappy-java-1.1.8.2.jar with timestamp 1675198099138
[2023-01-31T20:48:20.688+0000] {spark_submit.py:495} INFO - 23/01/31 20:48:20 INFO Utils: Copying /home/***/.ivy2/jars/org.xerial.snappy_snappy-java-1.1.8.2.jar to /tmp/spark-33ac1b31-e1e4-4473-a1d0-337b2da670a4/userFiles-1869b397-8881-46be-a712-426c674c8980/org.xerial.snappy_snappy-java-1.1.8.2.jar
[2023-01-31T20:48:20.692+0000] {spark_submit.py:495} INFO - 23/01/31 20:48:20 INFO SparkContext: Added file file:///home/***/.ivy2/jars/org.slf4j_slf4j-api-1.7.30.jar at file:///home/***/.ivy2/jars/org.slf4j_slf4j-api-1.7.30.jar with timestamp 1675198099138
[2023-01-31T20:48:20.692+0000] {spark_submit.py:495} INFO - 23/01/31 20:48:20 INFO Utils: Copying /home/***/.ivy2/jars/org.slf4j_slf4j-api-1.7.30.jar to /tmp/spark-33ac1b31-e1e4-4473-a1d0-337b2da670a4/userFiles-1869b397-8881-46be-a712-426c674c8980/org.slf4j_slf4j-api-1.7.30.jar
[2023-01-31T20:48:20.697+0000] {spark_submit.py:495} INFO - 23/01/31 20:48:20 INFO SparkContext: Added file file:///home/***/.ivy2/jars/org.mongodb_mongodb-driver-sync-4.0.5.jar at file:///home/***/.ivy2/jars/org.mongodb_mongodb-driver-sync-4.0.5.jar with timestamp 1675198099138
[2023-01-31T20:48:20.697+0000] {spark_submit.py:495} INFO - 23/01/31 20:48:20 INFO Utils: Copying /home/***/.ivy2/jars/org.mongodb_mongodb-driver-sync-4.0.5.jar to /tmp/spark-33ac1b31-e1e4-4473-a1d0-337b2da670a4/userFiles-1869b397-8881-46be-a712-426c674c8980/org.mongodb_mongodb-driver-sync-4.0.5.jar
[2023-01-31T20:48:20.704+0000] {spark_submit.py:495} INFO - 23/01/31 20:48:20 INFO SparkContext: Added file file:///home/***/.ivy2/jars/org.mongodb_bson-4.0.5.jar at file:///home/***/.ivy2/jars/org.mongodb_bson-4.0.5.jar with timestamp 1675198099138
[2023-01-31T20:48:20.704+0000] {spark_submit.py:495} INFO - 23/01/31 20:48:20 INFO Utils: Copying /home/***/.ivy2/jars/org.mongodb_bson-4.0.5.jar to /tmp/spark-33ac1b31-e1e4-4473-a1d0-337b2da670a4/userFiles-1869b397-8881-46be-a712-426c674c8980/org.mongodb_bson-4.0.5.jar
[2023-01-31T20:48:20.708+0000] {spark_submit.py:495} INFO - 23/01/31 20:48:20 INFO SparkContext: Added file file:///home/***/.ivy2/jars/org.mongodb_mongodb-driver-core-4.0.5.jar at file:///home/***/.ivy2/jars/org.mongodb_mongodb-driver-core-4.0.5.jar with timestamp 1675198099138
[2023-01-31T20:48:20.708+0000] {spark_submit.py:495} INFO - 23/01/31 20:48:20 INFO Utils: Copying /home/***/.ivy2/jars/org.mongodb_mongodb-driver-core-4.0.5.jar to /tmp/spark-33ac1b31-e1e4-4473-a1d0-337b2da670a4/userFiles-1869b397-8881-46be-a712-426c674c8980/org.mongodb_mongodb-driver-core-4.0.5.jar
[2023-01-31T20:48:20.779+0000] {spark_submit.py:495} INFO - 23/01/31 20:48:20 INFO Executor: Starting executor ID driver on host 15c99fd3082a
[2023-01-31T20:48:20.784+0000] {spark_submit.py:495} INFO - 23/01/31 20:48:20 INFO Executor: Starting executor with user classpath (userClassPathFirst = false): ''
[2023-01-31T20:48:20.807+0000] {spark_submit.py:495} INFO - 23/01/31 20:48:20 INFO Executor: Fetching file:///home/***/.ivy2/jars/org.apache.spark_spark-token-provider-kafka-0-10_2.12-3.1.3.jar with timestamp 1675198099138
[2023-01-31T20:48:20.840+0000] {spark_submit.py:495} INFO - 23/01/31 20:48:20 INFO Utils: /home/***/.ivy2/jars/org.apache.spark_spark-token-provider-kafka-0-10_2.12-3.1.3.jar has been previously copied to /tmp/spark-33ac1b31-e1e4-4473-a1d0-337b2da670a4/userFiles-1869b397-8881-46be-a712-426c674c8980/org.apache.spark_spark-token-provider-kafka-0-10_2.12-3.1.3.jar
[2023-01-31T20:48:20.847+0000] {spark_submit.py:495} INFO - 23/01/31 20:48:20 INFO Executor: Fetching file:///home/***/.ivy2/jars/org.mongodb_mongodb-driver-sync-4.0.5.jar with timestamp 1675198099138
[2023-01-31T20:48:20.851+0000] {spark_submit.py:495} INFO - 23/01/31 20:48:20 INFO Utils: /home/***/.ivy2/jars/org.mongodb_mongodb-driver-sync-4.0.5.jar has been previously copied to /tmp/spark-33ac1b31-e1e4-4473-a1d0-337b2da670a4/userFiles-1869b397-8881-46be-a712-426c674c8980/org.mongodb_mongodb-driver-sync-4.0.5.jar
[2023-01-31T20:48:20.855+0000] {spark_submit.py:495} INFO - 23/01/31 20:48:20 INFO Executor: Fetching file:///home/***/.ivy2/jars/org.apache.kafka_kafka-clients-2.6.0.jar with timestamp 1675198099138
[2023-01-31T20:48:20.862+0000] {spark_submit.py:495} INFO - 23/01/31 20:48:20 INFO Utils: /home/***/.ivy2/jars/org.apache.kafka_kafka-clients-2.6.0.jar has been previously copied to /tmp/spark-33ac1b31-e1e4-4473-a1d0-337b2da670a4/userFiles-1869b397-8881-46be-a712-426c674c8980/org.apache.kafka_kafka-clients-2.6.0.jar
[2023-01-31T20:48:20.864+0000] {spark_submit.py:495} INFO - 23/01/31 20:48:20 INFO Executor: Fetching file:///home/***/.ivy2/jars/org.mongodb_bson-4.0.5.jar with timestamp 1675198099138
[2023-01-31T20:48:20.865+0000] {spark_submit.py:495} INFO - 23/01/31 20:48:20 INFO Utils: /home/***/.ivy2/jars/org.mongodb_bson-4.0.5.jar has been previously copied to /tmp/spark-33ac1b31-e1e4-4473-a1d0-337b2da670a4/userFiles-1869b397-8881-46be-a712-426c674c8980/org.mongodb_bson-4.0.5.jar
[2023-01-31T20:48:20.870+0000] {spark_submit.py:495} INFO - 23/01/31 20:48:20 INFO Executor: Fetching file:///home/***/.ivy2/jars/com.github.luben_zstd-jni-1.4.8-1.jar with timestamp 1675198099138
[2023-01-31T20:48:20.876+0000] {spark_submit.py:495} INFO - 23/01/31 20:48:20 INFO Utils: /home/***/.ivy2/jars/com.github.luben_zstd-jni-1.4.8-1.jar has been previously copied to /tmp/spark-33ac1b31-e1e4-4473-a1d0-337b2da670a4/userFiles-1869b397-8881-46be-a712-426c674c8980/com.github.luben_zstd-jni-1.4.8-1.jar
[2023-01-31T20:48:20.879+0000] {spark_submit.py:495} INFO - 23/01/31 20:48:20 INFO Executor: Fetching file:///home/***/.ivy2/jars/org.lz4_lz4-java-1.7.1.jar with timestamp 1675198099138
[2023-01-31T20:48:20.880+0000] {spark_submit.py:495} INFO - 23/01/31 20:48:20 INFO Utils: /home/***/.ivy2/jars/org.lz4_lz4-java-1.7.1.jar has been previously copied to /tmp/spark-33ac1b31-e1e4-4473-a1d0-337b2da670a4/userFiles-1869b397-8881-46be-a712-426c674c8980/org.lz4_lz4-java-1.7.1.jar
[2023-01-31T20:48:20.883+0000] {spark_submit.py:495} INFO - 23/01/31 20:48:20 INFO Executor: Fetching file:///home/***/.ivy2/jars/org.spark-project.spark_unused-1.0.0.jar with timestamp 1675198099138
[2023-01-31T20:48:20.884+0000] {spark_submit.py:495} INFO - 23/01/31 20:48:20 INFO Utils: /home/***/.ivy2/jars/org.spark-project.spark_unused-1.0.0.jar has been previously copied to /tmp/spark-33ac1b31-e1e4-4473-a1d0-337b2da670a4/userFiles-1869b397-8881-46be-a712-426c674c8980/org.spark-project.spark_unused-1.0.0.jar
[2023-01-31T20:48:20.891+0000] {spark_submit.py:495} INFO - 23/01/31 20:48:20 INFO Executor: Fetching file:///home/***/.ivy2/jars/org.xerial.snappy_snappy-java-1.1.8.2.jar with timestamp 1675198099138
[2023-01-31T20:48:20.892+0000] {spark_submit.py:495} INFO - 23/01/31 20:48:20 INFO Utils: /home/***/.ivy2/jars/org.xerial.snappy_snappy-java-1.1.8.2.jar has been previously copied to /tmp/spark-33ac1b31-e1e4-4473-a1d0-337b2da670a4/userFiles-1869b397-8881-46be-a712-426c674c8980/org.xerial.snappy_snappy-java-1.1.8.2.jar
[2023-01-31T20:48:20.897+0000] {spark_submit.py:495} INFO - 23/01/31 20:48:20 INFO Executor: Fetching file:///home/***/.ivy2/jars/org.mongodb_mongodb-driver-core-4.0.5.jar with timestamp 1675198099138
[2023-01-31T20:48:20.899+0000] {spark_submit.py:495} INFO - 23/01/31 20:48:20 INFO Utils: /home/***/.ivy2/jars/org.mongodb_mongodb-driver-core-4.0.5.jar has been previously copied to /tmp/spark-33ac1b31-e1e4-4473-a1d0-337b2da670a4/userFiles-1869b397-8881-46be-a712-426c674c8980/org.mongodb_mongodb-driver-core-4.0.5.jar
[2023-01-31T20:48:20.903+0000] {spark_submit.py:495} INFO - 23/01/31 20:48:20 INFO Executor: Fetching file:///home/***/.ivy2/jars/org.apache.spark_spark-sql-kafka-0-10_2.12-3.1.3.jar with timestamp 1675198099138
[2023-01-31T20:48:20.903+0000] {spark_submit.py:495} INFO - 23/01/31 20:48:20 INFO Utils: /home/***/.ivy2/jars/org.apache.spark_spark-sql-kafka-0-10_2.12-3.1.3.jar has been previously copied to /tmp/spark-33ac1b31-e1e4-4473-a1d0-337b2da670a4/userFiles-1869b397-8881-46be-a712-426c674c8980/org.apache.spark_spark-sql-kafka-0-10_2.12-3.1.3.jar
[2023-01-31T20:48:20.906+0000] {spark_submit.py:495} INFO - 23/01/31 20:48:20 INFO Executor: Fetching file:///home/***/.ivy2/jars/org.mongodb.spark_mongo-spark-connector_2.12-3.0.1.jar with timestamp 1675198099138
[2023-01-31T20:48:20.906+0000] {spark_submit.py:495} INFO - 23/01/31 20:48:20 INFO Utils: /home/***/.ivy2/jars/org.mongodb.spark_mongo-spark-connector_2.12-3.0.1.jar has been previously copied to /tmp/spark-33ac1b31-e1e4-4473-a1d0-337b2da670a4/userFiles-1869b397-8881-46be-a712-426c674c8980/org.mongodb.spark_mongo-spark-connector_2.12-3.0.1.jar
[2023-01-31T20:48:20.910+0000] {spark_submit.py:495} INFO - 23/01/31 20:48:20 INFO Executor: Fetching file:///home/***/.ivy2/jars/org.apache.commons_commons-pool2-2.6.2.jar with timestamp 1675198099138
[2023-01-31T20:48:20.910+0000] {spark_submit.py:495} INFO - 23/01/31 20:48:20 INFO Utils: /home/***/.ivy2/jars/org.apache.commons_commons-pool2-2.6.2.jar has been previously copied to /tmp/spark-33ac1b31-e1e4-4473-a1d0-337b2da670a4/userFiles-1869b397-8881-46be-a712-426c674c8980/org.apache.commons_commons-pool2-2.6.2.jar
[2023-01-31T20:48:20.917+0000] {spark_submit.py:495} INFO - 23/01/31 20:48:20 INFO Executor: Fetching file:///home/***/.ivy2/jars/org.slf4j_slf4j-api-1.7.30.jar with timestamp 1675198099138
[2023-01-31T20:48:20.918+0000] {spark_submit.py:495} INFO - 23/01/31 20:48:20 INFO Utils: /home/***/.ivy2/jars/org.slf4j_slf4j-api-1.7.30.jar has been previously copied to /tmp/spark-33ac1b31-e1e4-4473-a1d0-337b2da670a4/userFiles-1869b397-8881-46be-a712-426c674c8980/org.slf4j_slf4j-api-1.7.30.jar
[2023-01-31T20:48:20.923+0000] {spark_submit.py:495} INFO - 23/01/31 20:48:20 INFO Executor: Fetching spark://15c99fd3082a:35565/jars/org.xerial.snappy_snappy-java-1.1.8.2.jar with timestamp 1675198099138
[2023-01-31T20:48:20.959+0000] {spark_submit.py:495} INFO - 23/01/31 20:48:20 INFO TransportClientFactory: Successfully created connection to 15c99fd3082a/172.20.0.4:35565 after 28 ms (0 ms spent in bootstraps)
[2023-01-31T20:48:20.963+0000] {spark_submit.py:495} INFO - 23/01/31 20:48:20 INFO Utils: Fetching spark://15c99fd3082a:35565/jars/org.xerial.snappy_snappy-java-1.1.8.2.jar to /tmp/spark-33ac1b31-e1e4-4473-a1d0-337b2da670a4/userFiles-1869b397-8881-46be-a712-426c674c8980/fetchFileTemp13094958616785406971.tmp
[2023-01-31T20:48:21.002+0000] {spark_submit.py:495} INFO - 23/01/31 20:48:21 INFO Utils: /tmp/spark-33ac1b31-e1e4-4473-a1d0-337b2da670a4/userFiles-1869b397-8881-46be-a712-426c674c8980/fetchFileTemp13094958616785406971.tmp has been previously copied to /tmp/spark-33ac1b31-e1e4-4473-a1d0-337b2da670a4/userFiles-1869b397-8881-46be-a712-426c674c8980/org.xerial.snappy_snappy-java-1.1.8.2.jar
[2023-01-31T20:48:21.008+0000] {spark_submit.py:495} INFO - 23/01/31 20:48:21 INFO Executor: Adding file:/tmp/spark-33ac1b31-e1e4-4473-a1d0-337b2da670a4/userFiles-1869b397-8881-46be-a712-426c674c8980/org.xerial.snappy_snappy-java-1.1.8.2.jar to class loader
[2023-01-31T20:48:21.008+0000] {spark_submit.py:495} INFO - 23/01/31 20:48:21 INFO Executor: Fetching spark://15c99fd3082a:35565/jars/org.mongodb_mongodb-driver-core-4.0.5.jar with timestamp 1675198099138
[2023-01-31T20:48:21.008+0000] {spark_submit.py:495} INFO - 23/01/31 20:48:21 INFO Utils: Fetching spark://15c99fd3082a:35565/jars/org.mongodb_mongodb-driver-core-4.0.5.jar to /tmp/spark-33ac1b31-e1e4-4473-a1d0-337b2da670a4/userFiles-1869b397-8881-46be-a712-426c674c8980/fetchFileTemp13418866728487123480.tmp
[2023-01-31T20:48:21.016+0000] {spark_submit.py:495} INFO - 23/01/31 20:48:21 INFO Utils: /tmp/spark-33ac1b31-e1e4-4473-a1d0-337b2da670a4/userFiles-1869b397-8881-46be-a712-426c674c8980/fetchFileTemp13418866728487123480.tmp has been previously copied to /tmp/spark-33ac1b31-e1e4-4473-a1d0-337b2da670a4/userFiles-1869b397-8881-46be-a712-426c674c8980/org.mongodb_mongodb-driver-core-4.0.5.jar
[2023-01-31T20:48:21.021+0000] {spark_submit.py:495} INFO - 23/01/31 20:48:21 INFO Executor: Adding file:/tmp/spark-33ac1b31-e1e4-4473-a1d0-337b2da670a4/userFiles-1869b397-8881-46be-a712-426c674c8980/org.mongodb_mongodb-driver-core-4.0.5.jar to class loader
[2023-01-31T20:48:21.021+0000] {spark_submit.py:495} INFO - 23/01/31 20:48:21 INFO Executor: Fetching spark://15c99fd3082a:35565/jars/org.apache.commons_commons-pool2-2.6.2.jar with timestamp 1675198099138
[2023-01-31T20:48:21.022+0000] {spark_submit.py:495} INFO - 23/01/31 20:48:21 INFO Utils: Fetching spark://15c99fd3082a:35565/jars/org.apache.commons_commons-pool2-2.6.2.jar to /tmp/spark-33ac1b31-e1e4-4473-a1d0-337b2da670a4/userFiles-1869b397-8881-46be-a712-426c674c8980/fetchFileTemp15234935323433040253.tmp
[2023-01-31T20:48:21.023+0000] {spark_submit.py:495} INFO - 23/01/31 20:48:21 INFO Utils: /tmp/spark-33ac1b31-e1e4-4473-a1d0-337b2da670a4/userFiles-1869b397-8881-46be-a712-426c674c8980/fetchFileTemp15234935323433040253.tmp has been previously copied to /tmp/spark-33ac1b31-e1e4-4473-a1d0-337b2da670a4/userFiles-1869b397-8881-46be-a712-426c674c8980/org.apache.commons_commons-pool2-2.6.2.jar
[2023-01-31T20:48:21.026+0000] {spark_submit.py:495} INFO - 23/01/31 20:48:21 INFO Executor: Adding file:/tmp/spark-33ac1b31-e1e4-4473-a1d0-337b2da670a4/userFiles-1869b397-8881-46be-a712-426c674c8980/org.apache.commons_commons-pool2-2.6.2.jar to class loader
[2023-01-31T20:48:21.026+0000] {spark_submit.py:495} INFO - 23/01/31 20:48:21 INFO Executor: Fetching spark://15c99fd3082a:35565/jars/org.apache.kafka_kafka-clients-2.6.0.jar with timestamp 1675198099138
[2023-01-31T20:48:21.028+0000] {spark_submit.py:495} INFO - 23/01/31 20:48:21 INFO Utils: Fetching spark://15c99fd3082a:35565/jars/org.apache.kafka_kafka-clients-2.6.0.jar to /tmp/spark-33ac1b31-e1e4-4473-a1d0-337b2da670a4/userFiles-1869b397-8881-46be-a712-426c674c8980/fetchFileTemp14258746402666794681.tmp
[2023-01-31T20:48:21.040+0000] {spark_submit.py:495} INFO - 23/01/31 20:48:21 INFO Utils: /tmp/spark-33ac1b31-e1e4-4473-a1d0-337b2da670a4/userFiles-1869b397-8881-46be-a712-426c674c8980/fetchFileTemp14258746402666794681.tmp has been previously copied to /tmp/spark-33ac1b31-e1e4-4473-a1d0-337b2da670a4/userFiles-1869b397-8881-46be-a712-426c674c8980/org.apache.kafka_kafka-clients-2.6.0.jar
[2023-01-31T20:48:21.047+0000] {spark_submit.py:495} INFO - 23/01/31 20:48:21 INFO Executor: Adding file:/tmp/spark-33ac1b31-e1e4-4473-a1d0-337b2da670a4/userFiles-1869b397-8881-46be-a712-426c674c8980/org.apache.kafka_kafka-clients-2.6.0.jar to class loader
[2023-01-31T20:48:21.048+0000] {spark_submit.py:495} INFO - 23/01/31 20:48:21 INFO Executor: Fetching spark://15c99fd3082a:35565/jars/org.slf4j_slf4j-api-1.7.30.jar with timestamp 1675198099138
[2023-01-31T20:48:21.048+0000] {spark_submit.py:495} INFO - 23/01/31 20:48:21 INFO Utils: Fetching spark://15c99fd3082a:35565/jars/org.slf4j_slf4j-api-1.7.30.jar to /tmp/spark-33ac1b31-e1e4-4473-a1d0-337b2da670a4/userFiles-1869b397-8881-46be-a712-426c674c8980/fetchFileTemp6335911405217065231.tmp
[2023-01-31T20:48:21.049+0000] {spark_submit.py:495} INFO - 23/01/31 20:48:21 INFO Utils: /tmp/spark-33ac1b31-e1e4-4473-a1d0-337b2da670a4/userFiles-1869b397-8881-46be-a712-426c674c8980/fetchFileTemp6335911405217065231.tmp has been previously copied to /tmp/spark-33ac1b31-e1e4-4473-a1d0-337b2da670a4/userFiles-1869b397-8881-46be-a712-426c674c8980/org.slf4j_slf4j-api-1.7.30.jar
[2023-01-31T20:48:21.053+0000] {spark_submit.py:495} INFO - 23/01/31 20:48:21 INFO Executor: Adding file:/tmp/spark-33ac1b31-e1e4-4473-a1d0-337b2da670a4/userFiles-1869b397-8881-46be-a712-426c674c8980/org.slf4j_slf4j-api-1.7.30.jar to class loader
[2023-01-31T20:48:21.053+0000] {spark_submit.py:495} INFO - 23/01/31 20:48:21 INFO Executor: Fetching spark://15c99fd3082a:35565/jars/org.mongodb_mongodb-driver-sync-4.0.5.jar with timestamp 1675198099138
[2023-01-31T20:48:21.053+0000] {spark_submit.py:495} INFO - 23/01/31 20:48:21 INFO Utils: Fetching spark://15c99fd3082a:35565/jars/org.mongodb_mongodb-driver-sync-4.0.5.jar to /tmp/spark-33ac1b31-e1e4-4473-a1d0-337b2da670a4/userFiles-1869b397-8881-46be-a712-426c674c8980/fetchFileTemp16684198143653472198.tmp
[2023-01-31T20:48:21.055+0000] {spark_submit.py:495} INFO - 23/01/31 20:48:21 INFO Utils: /tmp/spark-33ac1b31-e1e4-4473-a1d0-337b2da670a4/userFiles-1869b397-8881-46be-a712-426c674c8980/fetchFileTemp16684198143653472198.tmp has been previously copied to /tmp/spark-33ac1b31-e1e4-4473-a1d0-337b2da670a4/userFiles-1869b397-8881-46be-a712-426c674c8980/org.mongodb_mongodb-driver-sync-4.0.5.jar
[2023-01-31T20:48:21.058+0000] {spark_submit.py:495} INFO - 23/01/31 20:48:21 INFO Executor: Adding file:/tmp/spark-33ac1b31-e1e4-4473-a1d0-337b2da670a4/userFiles-1869b397-8881-46be-a712-426c674c8980/org.mongodb_mongodb-driver-sync-4.0.5.jar to class loader
[2023-01-31T20:48:21.058+0000] {spark_submit.py:495} INFO - 23/01/31 20:48:21 INFO Executor: Fetching spark://15c99fd3082a:35565/jars/org.spark-project.spark_unused-1.0.0.jar with timestamp 1675198099138
[2023-01-31T20:48:21.059+0000] {spark_submit.py:495} INFO - 23/01/31 20:48:21 INFO Utils: Fetching spark://15c99fd3082a:35565/jars/org.spark-project.spark_unused-1.0.0.jar to /tmp/spark-33ac1b31-e1e4-4473-a1d0-337b2da670a4/userFiles-1869b397-8881-46be-a712-426c674c8980/fetchFileTemp4150241472822337940.tmp
[2023-01-31T20:48:21.061+0000] {spark_submit.py:495} INFO - 23/01/31 20:48:21 INFO Utils: /tmp/spark-33ac1b31-e1e4-4473-a1d0-337b2da670a4/userFiles-1869b397-8881-46be-a712-426c674c8980/fetchFileTemp4150241472822337940.tmp has been previously copied to /tmp/spark-33ac1b31-e1e4-4473-a1d0-337b2da670a4/userFiles-1869b397-8881-46be-a712-426c674c8980/org.spark-project.spark_unused-1.0.0.jar
[2023-01-31T20:48:21.064+0000] {spark_submit.py:495} INFO - 23/01/31 20:48:21 INFO Executor: Adding file:/tmp/spark-33ac1b31-e1e4-4473-a1d0-337b2da670a4/userFiles-1869b397-8881-46be-a712-426c674c8980/org.spark-project.spark_unused-1.0.0.jar to class loader
[2023-01-31T20:48:21.064+0000] {spark_submit.py:495} INFO - 23/01/31 20:48:21 INFO Executor: Fetching spark://15c99fd3082a:35565/jars/org.apache.spark_spark-token-provider-kafka-0-10_2.12-3.1.3.jar with timestamp 1675198099138
[2023-01-31T20:48:21.065+0000] {spark_submit.py:495} INFO - 23/01/31 20:48:21 INFO Utils: Fetching spark://15c99fd3082a:35565/jars/org.apache.spark_spark-token-provider-kafka-0-10_2.12-3.1.3.jar to /tmp/spark-33ac1b31-e1e4-4473-a1d0-337b2da670a4/userFiles-1869b397-8881-46be-a712-426c674c8980/fetchFileTemp6857323729218592002.tmp
[2023-01-31T20:48:21.067+0000] {spark_submit.py:495} INFO - 23/01/31 20:48:21 INFO Utils: /tmp/spark-33ac1b31-e1e4-4473-a1d0-337b2da670a4/userFiles-1869b397-8881-46be-a712-426c674c8980/fetchFileTemp6857323729218592002.tmp has been previously copied to /tmp/spark-33ac1b31-e1e4-4473-a1d0-337b2da670a4/userFiles-1869b397-8881-46be-a712-426c674c8980/org.apache.spark_spark-token-provider-kafka-0-10_2.12-3.1.3.jar
[2023-01-31T20:48:21.070+0000] {spark_submit.py:495} INFO - 23/01/31 20:48:21 INFO Executor: Adding file:/tmp/spark-33ac1b31-e1e4-4473-a1d0-337b2da670a4/userFiles-1869b397-8881-46be-a712-426c674c8980/org.apache.spark_spark-token-provider-kafka-0-10_2.12-3.1.3.jar to class loader
[2023-01-31T20:48:21.071+0000] {spark_submit.py:495} INFO - 23/01/31 20:48:21 INFO Executor: Fetching spark://15c99fd3082a:35565/jars/org.mongodb_bson-4.0.5.jar with timestamp 1675198099138
[2023-01-31T20:48:21.071+0000] {spark_submit.py:495} INFO - 23/01/31 20:48:21 INFO Utils: Fetching spark://15c99fd3082a:35565/jars/org.mongodb_bson-4.0.5.jar to /tmp/spark-33ac1b31-e1e4-4473-a1d0-337b2da670a4/userFiles-1869b397-8881-46be-a712-426c674c8980/fetchFileTemp3911776121919970656.tmp
[2023-01-31T20:48:21.074+0000] {spark_submit.py:495} INFO - 23/01/31 20:48:21 INFO Utils: /tmp/spark-33ac1b31-e1e4-4473-a1d0-337b2da670a4/userFiles-1869b397-8881-46be-a712-426c674c8980/fetchFileTemp3911776121919970656.tmp has been previously copied to /tmp/spark-33ac1b31-e1e4-4473-a1d0-337b2da670a4/userFiles-1869b397-8881-46be-a712-426c674c8980/org.mongodb_bson-4.0.5.jar
[2023-01-31T20:48:21.079+0000] {spark_submit.py:495} INFO - 23/01/31 20:48:21 INFO Executor: Adding file:/tmp/spark-33ac1b31-e1e4-4473-a1d0-337b2da670a4/userFiles-1869b397-8881-46be-a712-426c674c8980/org.mongodb_bson-4.0.5.jar to class loader
[2023-01-31T20:48:21.079+0000] {spark_submit.py:495} INFO - 23/01/31 20:48:21 INFO Executor: Fetching spark://15c99fd3082a:35565/jars/org.mongodb.spark_mongo-spark-connector_2.12-3.0.1.jar with timestamp 1675198099138
[2023-01-31T20:48:21.079+0000] {spark_submit.py:495} INFO - 23/01/31 20:48:21 INFO Utils: Fetching spark://15c99fd3082a:35565/jars/org.mongodb.spark_mongo-spark-connector_2.12-3.0.1.jar to /tmp/spark-33ac1b31-e1e4-4473-a1d0-337b2da670a4/userFiles-1869b397-8881-46be-a712-426c674c8980/fetchFileTemp4761161033518700436.tmp
[2023-01-31T20:48:21.084+0000] {spark_submit.py:495} INFO - 23/01/31 20:48:21 INFO Utils: /tmp/spark-33ac1b31-e1e4-4473-a1d0-337b2da670a4/userFiles-1869b397-8881-46be-a712-426c674c8980/fetchFileTemp4761161033518700436.tmp has been previously copied to /tmp/spark-33ac1b31-e1e4-4473-a1d0-337b2da670a4/userFiles-1869b397-8881-46be-a712-426c674c8980/org.mongodb.spark_mongo-spark-connector_2.12-3.0.1.jar
[2023-01-31T20:48:21.087+0000] {spark_submit.py:495} INFO - 23/01/31 20:48:21 INFO Executor: Adding file:/tmp/spark-33ac1b31-e1e4-4473-a1d0-337b2da670a4/userFiles-1869b397-8881-46be-a712-426c674c8980/org.mongodb.spark_mongo-spark-connector_2.12-3.0.1.jar to class loader
[2023-01-31T20:48:21.088+0000] {spark_submit.py:495} INFO - 23/01/31 20:48:21 INFO Executor: Fetching spark://15c99fd3082a:35565/jars/com.github.luben_zstd-jni-1.4.8-1.jar with timestamp 1675198099138
[2023-01-31T20:48:21.088+0000] {spark_submit.py:495} INFO - 23/01/31 20:48:21 INFO Utils: Fetching spark://15c99fd3082a:35565/jars/com.github.luben_zstd-jni-1.4.8-1.jar to /tmp/spark-33ac1b31-e1e4-4473-a1d0-337b2da670a4/userFiles-1869b397-8881-46be-a712-426c674c8980/fetchFileTemp5200431425263922256.tmp
[2023-01-31T20:48:21.108+0000] {spark_submit.py:495} INFO - 23/01/31 20:48:21 INFO Utils: /tmp/spark-33ac1b31-e1e4-4473-a1d0-337b2da670a4/userFiles-1869b397-8881-46be-a712-426c674c8980/fetchFileTemp5200431425263922256.tmp has been previously copied to /tmp/spark-33ac1b31-e1e4-4473-a1d0-337b2da670a4/userFiles-1869b397-8881-46be-a712-426c674c8980/com.github.luben_zstd-jni-1.4.8-1.jar
[2023-01-31T20:48:21.120+0000] {spark_submit.py:495} INFO - 23/01/31 20:48:21 INFO Executor: Adding file:/tmp/spark-33ac1b31-e1e4-4473-a1d0-337b2da670a4/userFiles-1869b397-8881-46be-a712-426c674c8980/com.github.luben_zstd-jni-1.4.8-1.jar to class loader
[2023-01-31T20:48:21.120+0000] {spark_submit.py:495} INFO - 23/01/31 20:48:21 INFO Executor: Fetching spark://15c99fd3082a:35565/jars/org.lz4_lz4-java-1.7.1.jar with timestamp 1675198099138
[2023-01-31T20:48:21.120+0000] {spark_submit.py:495} INFO - 23/01/31 20:48:21 INFO Utils: Fetching spark://15c99fd3082a:35565/jars/org.lz4_lz4-java-1.7.1.jar to /tmp/spark-33ac1b31-e1e4-4473-a1d0-337b2da670a4/userFiles-1869b397-8881-46be-a712-426c674c8980/fetchFileTemp6611708850702841670.tmp
[2023-01-31T20:48:21.123+0000] {spark_submit.py:495} INFO - 23/01/31 20:48:21 INFO Utils: /tmp/spark-33ac1b31-e1e4-4473-a1d0-337b2da670a4/userFiles-1869b397-8881-46be-a712-426c674c8980/fetchFileTemp6611708850702841670.tmp has been previously copied to /tmp/spark-33ac1b31-e1e4-4473-a1d0-337b2da670a4/userFiles-1869b397-8881-46be-a712-426c674c8980/org.lz4_lz4-java-1.7.1.jar
[2023-01-31T20:48:21.126+0000] {spark_submit.py:495} INFO - 23/01/31 20:48:21 INFO Executor: Adding file:/tmp/spark-33ac1b31-e1e4-4473-a1d0-337b2da670a4/userFiles-1869b397-8881-46be-a712-426c674c8980/org.lz4_lz4-java-1.7.1.jar to class loader
[2023-01-31T20:48:21.126+0000] {spark_submit.py:495} INFO - 23/01/31 20:48:21 INFO Executor: Fetching spark://15c99fd3082a:35565/jars/org.apache.spark_spark-sql-kafka-0-10_2.12-3.1.3.jar with timestamp 1675198099138
[2023-01-31T20:48:21.128+0000] {spark_submit.py:495} INFO - 23/01/31 20:48:21 INFO Utils: Fetching spark://15c99fd3082a:35565/jars/org.apache.spark_spark-sql-kafka-0-10_2.12-3.1.3.jar to /tmp/spark-33ac1b31-e1e4-4473-a1d0-337b2da670a4/userFiles-1869b397-8881-46be-a712-426c674c8980/fetchFileTemp16803987074746468736.tmp
[2023-01-31T20:48:21.130+0000] {spark_submit.py:495} INFO - 23/01/31 20:48:21 INFO Utils: /tmp/spark-33ac1b31-e1e4-4473-a1d0-337b2da670a4/userFiles-1869b397-8881-46be-a712-426c674c8980/fetchFileTemp16803987074746468736.tmp has been previously copied to /tmp/spark-33ac1b31-e1e4-4473-a1d0-337b2da670a4/userFiles-1869b397-8881-46be-a712-426c674c8980/org.apache.spark_spark-sql-kafka-0-10_2.12-3.1.3.jar
[2023-01-31T20:48:21.134+0000] {spark_submit.py:495} INFO - 23/01/31 20:48:21 INFO Executor: Adding file:/tmp/spark-33ac1b31-e1e4-4473-a1d0-337b2da670a4/userFiles-1869b397-8881-46be-a712-426c674c8980/org.apache.spark_spark-sql-kafka-0-10_2.12-3.1.3.jar to class loader
[2023-01-31T20:48:21.140+0000] {spark_submit.py:495} INFO - 23/01/31 20:48:21 INFO Utils: Successfully started service 'org.apache.spark.network.netty.NettyBlockTransferService' on port 40007.
[2023-01-31T20:48:21.141+0000] {spark_submit.py:495} INFO - 23/01/31 20:48:21 INFO NettyBlockTransferService: Server created on 15c99fd3082a:40007
[2023-01-31T20:48:21.142+0000] {spark_submit.py:495} INFO - 23/01/31 20:48:21 INFO BlockManager: Using org.apache.spark.storage.RandomBlockReplicationPolicy for block replication policy
[2023-01-31T20:48:21.147+0000] {spark_submit.py:495} INFO - 23/01/31 20:48:21 INFO BlockManagerMaster: Registering BlockManager BlockManagerId(driver, 15c99fd3082a, 40007, None)
[2023-01-31T20:48:21.149+0000] {spark_submit.py:495} INFO - 23/01/31 20:48:21 INFO BlockManagerMasterEndpoint: Registering block manager 15c99fd3082a:40007 with 434.4 MiB RAM, BlockManagerId(driver, 15c99fd3082a, 40007, None)
[2023-01-31T20:48:21.156+0000] {spark_submit.py:495} INFO - 23/01/31 20:48:21 INFO BlockManagerMaster: Registered BlockManager BlockManagerId(driver, 15c99fd3082a, 40007, None)
[2023-01-31T20:48:21.158+0000] {spark_submit.py:495} INFO - 23/01/31 20:48:21 INFO BlockManager: Initialized BlockManager: BlockManagerId(driver, 15c99fd3082a, 40007, None)
[2023-01-31T20:48:24.145+0000] {spark_submit.py:495} INFO - 2023-01-31 20:48:24,145 - py4j.java_gateway - INFO - Callback Server Starting
[2023-01-31T20:48:24.146+0000] {spark_submit.py:495} INFO - 2023-01-31 20:48:24,145 - py4j.java_gateway - INFO - Socket listening on ('127.0.0.1', 36779)
[2023-01-31T20:48:28.784+0000] {spark_submit.py:495} INFO - 2023-01-31 20:48:28,783 - py4j.clientserver - INFO - Python Server ready to receive messages
[2023-01-31T20:48:28.785+0000] {spark_submit.py:495} INFO - 2023-01-31 20:48:28,784 - py4j.clientserver - INFO - Received command c on object id p0
[2023-01-31T20:48:29.145+0000] {spark_submit.py:495} INFO - -------------------------------------------
[2023-01-31T20:48:29.146+0000] {spark_submit.py:495} INFO - Batch: 0
[2023-01-31T20:48:29.146+0000] {spark_submit.py:495} INFO - -------------------------------------------
[2023-01-31T20:48:29.211+0000] {spark_submit.py:495} INFO - +---+-------------+-----+-------------+----------+----------------+------------+-----------------+--------------+-------------+
[2023-01-31T20:48:29.211+0000] {spark_submit.py:495} INFO - |id |nameOfProduct|price|ProductStatus|SellerName|RegistrationDate|QuantitySold|QuantityAvailable|Free shipping?|Store ratings|
[2023-01-31T20:48:29.212+0000] {spark_submit.py:495} INFO - +---+-------------+-----+-------------+----------+----------------+------------+-----------------+--------------+-------------+
[2023-01-31T20:48:29.212+0000] {spark_submit.py:495} INFO - +---+-------------+-----+-------------+----------+----------------+------------+-----------------+--------------+-------------+
[2023-01-31T20:48:29.212+0000] {spark_submit.py:495} INFO - 
[2023-01-31T20:48:29.785+0000] {spark_submit.py:495} INFO - Stopping query...
[2023-01-31T20:48:30.304+0000] {spark_submit.py:495} INFO - Awaiting termination...
[2023-01-31T20:48:30.306+0000] {spark_submit.py:495} INFO - Stopping query...
[2023-01-31T20:48:30.813+0000] {spark_submit.py:495} INFO - Awaiting termination...
[2023-01-31T20:48:31.075+0000] {taskinstance.py:1327} INFO - Marking task as SUCCESS. dag_id=Streaming_pipeline_meli, task_id=consumer_data_of_topic, execution_date=20230131T160106, start_date=20230131T204815, end_date=20230131T204831
[2023-01-31T20:48:31.133+0000] {local_task_job.py:159} INFO - Task exited with return code 0
[2023-01-31T20:48:31.148+0000] {taskinstance.py:2582} INFO - 0 downstream tasks scheduled from follow-on schedule check
