[2023-01-17T18:46:30.801+0000] {processor.py:153} INFO - Started process (PID=65) to work on /home/airflow/.local/lib/python3.7/site-packages/airflow/example_dags/example_complex.py
[2023-01-17T18:46:30.802+0000] {processor.py:743} INFO - Processing file /home/airflow/.local/lib/python3.7/site-packages/airflow/example_dags/example_complex.py for tasks to queue
[2023-01-17T18:46:30.802+0000] {logging_mixin.py:137} INFO - [2023-01-17T18:46:30.802+0000] {dagbag.py:538} INFO - Filling up the DagBag from /home/airflow/.local/lib/python3.7/site-packages/airflow/example_dags/example_complex.py
[2023-01-17T18:46:30.814+0000] {logging_mixin.py:137} INFO - [2023-01-17T18:46:30.814+0000] {taskmixin.py:205} WARNING - Dependency <Task(BashOperator): create_entry_group>, delete_entry_group already registered for DAG: example_complex
[2023-01-17T18:46:30.814+0000] {logging_mixin.py:137} INFO - [2023-01-17T18:46:30.814+0000] {taskmixin.py:205} WARNING - Dependency <Task(BashOperator): delete_entry_group>, create_entry_group already registered for DAG: example_complex
[2023-01-17T18:46:30.814+0000] {logging_mixin.py:137} INFO - [2023-01-17T18:46:30.814+0000] {taskmixin.py:205} WARNING - Dependency <Task(BashOperator): create_entry_gcs>, delete_entry already registered for DAG: example_complex
[2023-01-17T18:46:30.815+0000] {logging_mixin.py:137} INFO - [2023-01-17T18:46:30.814+0000] {taskmixin.py:205} WARNING - Dependency <Task(BashOperator): delete_entry>, create_entry_gcs already registered for DAG: example_complex
[2023-01-17T18:46:30.815+0000] {logging_mixin.py:137} INFO - [2023-01-17T18:46:30.815+0000] {taskmixin.py:205} WARNING - Dependency <Task(BashOperator): create_tag>, delete_tag already registered for DAG: example_complex
[2023-01-17T18:46:30.815+0000] {logging_mixin.py:137} INFO - [2023-01-17T18:46:30.815+0000] {taskmixin.py:205} WARNING - Dependency <Task(BashOperator): delete_tag>, create_tag already registered for DAG: example_complex
[2023-01-17T18:46:30.823+0000] {processor.py:753} INFO - DAG(s) dict_keys(['example_complex']) retrieved from /home/airflow/.local/lib/python3.7/site-packages/airflow/example_dags/example_complex.py
[2023-01-17T18:46:30.864+0000] {logging_mixin.py:137} INFO - [2023-01-17T18:46:30.863+0000] {dag.py:2676} INFO - Sync 1 DAGs
[2023-01-17T18:46:30.889+0000] {logging_mixin.py:137} INFO - [2023-01-17T18:46:30.889+0000] {dag.py:3427} INFO - Setting next_dagrun for example_complex to None, run_after=None
[2023-01-17T18:46:30.926+0000] {processor.py:175} INFO - Processing /home/airflow/.local/lib/python3.7/site-packages/airflow/example_dags/example_complex.py took 0.127 seconds
[2023-01-17T18:47:01.236+0000] {processor.py:153} INFO - Started process (PID=131) to work on /home/airflow/.local/lib/python3.7/site-packages/airflow/example_dags/example_complex.py
[2023-01-17T18:47:01.236+0000] {processor.py:743} INFO - Processing file /home/airflow/.local/lib/python3.7/site-packages/airflow/example_dags/example_complex.py for tasks to queue
[2023-01-17T18:47:01.237+0000] {logging_mixin.py:137} INFO - [2023-01-17T18:47:01.237+0000] {dagbag.py:538} INFO - Filling up the DagBag from /home/airflow/.local/lib/python3.7/site-packages/airflow/example_dags/example_complex.py
[2023-01-17T18:47:01.248+0000] {logging_mixin.py:137} INFO - [2023-01-17T18:47:01.248+0000] {taskmixin.py:205} WARNING - Dependency <Task(BashOperator): create_entry_group>, delete_entry_group already registered for DAG: example_complex
[2023-01-17T18:47:01.248+0000] {logging_mixin.py:137} INFO - [2023-01-17T18:47:01.248+0000] {taskmixin.py:205} WARNING - Dependency <Task(BashOperator): delete_entry_group>, create_entry_group already registered for DAG: example_complex
[2023-01-17T18:47:01.249+0000] {logging_mixin.py:137} INFO - [2023-01-17T18:47:01.249+0000] {taskmixin.py:205} WARNING - Dependency <Task(BashOperator): create_entry_gcs>, delete_entry already registered for DAG: example_complex
[2023-01-17T18:47:01.249+0000] {logging_mixin.py:137} INFO - [2023-01-17T18:47:01.249+0000] {taskmixin.py:205} WARNING - Dependency <Task(BashOperator): delete_entry>, create_entry_gcs already registered for DAG: example_complex
[2023-01-17T18:47:01.249+0000] {logging_mixin.py:137} INFO - [2023-01-17T18:47:01.249+0000] {taskmixin.py:205} WARNING - Dependency <Task(BashOperator): create_tag>, delete_tag already registered for DAG: example_complex
[2023-01-17T18:47:01.249+0000] {logging_mixin.py:137} INFO - [2023-01-17T18:47:01.249+0000] {taskmixin.py:205} WARNING - Dependency <Task(BashOperator): delete_tag>, create_tag already registered for DAG: example_complex
[2023-01-17T18:47:01.256+0000] {processor.py:753} INFO - DAG(s) dict_keys(['example_complex']) retrieved from /home/airflow/.local/lib/python3.7/site-packages/airflow/example_dags/example_complex.py
[2023-01-17T18:47:01.293+0000] {logging_mixin.py:137} INFO - [2023-01-17T18:47:01.292+0000] {dag.py:2676} INFO - Sync 1 DAGs
[2023-01-17T18:47:01.316+0000] {logging_mixin.py:137} INFO - [2023-01-17T18:47:01.316+0000] {dag.py:3427} INFO - Setting next_dagrun for example_complex to None, run_after=None
[2023-01-17T18:47:01.332+0000] {processor.py:175} INFO - Processing /home/airflow/.local/lib/python3.7/site-packages/airflow/example_dags/example_complex.py took 0.099 seconds
[2023-01-17T18:47:31.755+0000] {processor.py:153} INFO - Started process (PID=193) to work on /home/airflow/.local/lib/python3.7/site-packages/airflow/example_dags/example_complex.py
[2023-01-17T18:47:31.756+0000] {processor.py:743} INFO - Processing file /home/airflow/.local/lib/python3.7/site-packages/airflow/example_dags/example_complex.py for tasks to queue
[2023-01-17T18:47:31.757+0000] {logging_mixin.py:137} INFO - [2023-01-17T18:47:31.757+0000] {dagbag.py:538} INFO - Filling up the DagBag from /home/airflow/.local/lib/python3.7/site-packages/airflow/example_dags/example_complex.py
[2023-01-17T18:47:31.766+0000] {logging_mixin.py:137} INFO - [2023-01-17T18:47:31.766+0000] {taskmixin.py:205} WARNING - Dependency <Task(BashOperator): create_entry_group>, delete_entry_group already registered for DAG: example_complex
[2023-01-17T18:47:31.767+0000] {logging_mixin.py:137} INFO - [2023-01-17T18:47:31.767+0000] {taskmixin.py:205} WARNING - Dependency <Task(BashOperator): delete_entry_group>, create_entry_group already registered for DAG: example_complex
[2023-01-17T18:47:31.767+0000] {logging_mixin.py:137} INFO - [2023-01-17T18:47:31.767+0000] {taskmixin.py:205} WARNING - Dependency <Task(BashOperator): create_entry_gcs>, delete_entry already registered for DAG: example_complex
[2023-01-17T18:47:31.767+0000] {logging_mixin.py:137} INFO - [2023-01-17T18:47:31.767+0000] {taskmixin.py:205} WARNING - Dependency <Task(BashOperator): delete_entry>, create_entry_gcs already registered for DAG: example_complex
[2023-01-17T18:47:31.767+0000] {logging_mixin.py:137} INFO - [2023-01-17T18:47:31.767+0000] {taskmixin.py:205} WARNING - Dependency <Task(BashOperator): create_tag>, delete_tag already registered for DAG: example_complex
[2023-01-17T18:47:31.767+0000] {logging_mixin.py:137} INFO - [2023-01-17T18:47:31.767+0000] {taskmixin.py:205} WARNING - Dependency <Task(BashOperator): delete_tag>, create_tag already registered for DAG: example_complex
[2023-01-17T18:47:31.774+0000] {processor.py:753} INFO - DAG(s) dict_keys(['example_complex']) retrieved from /home/airflow/.local/lib/python3.7/site-packages/airflow/example_dags/example_complex.py
[2023-01-17T18:47:31.818+0000] {logging_mixin.py:137} INFO - [2023-01-17T18:47:31.818+0000] {dag.py:2676} INFO - Sync 1 DAGs
[2023-01-17T18:47:31.840+0000] {logging_mixin.py:137} INFO - [2023-01-17T18:47:31.840+0000] {dag.py:3427} INFO - Setting next_dagrun for example_complex to None, run_after=None
[2023-01-17T18:47:31.869+0000] {processor.py:175} INFO - Processing /home/airflow/.local/lib/python3.7/site-packages/airflow/example_dags/example_complex.py took 0.116 seconds
[2023-01-17T18:48:02.126+0000] {processor.py:153} INFO - Started process (PID=267) to work on /home/airflow/.local/lib/python3.7/site-packages/airflow/example_dags/example_complex.py
[2023-01-17T18:48:02.127+0000] {processor.py:743} INFO - Processing file /home/airflow/.local/lib/python3.7/site-packages/airflow/example_dags/example_complex.py for tasks to queue
[2023-01-17T18:48:02.127+0000] {logging_mixin.py:137} INFO - [2023-01-17T18:48:02.127+0000] {dagbag.py:538} INFO - Filling up the DagBag from /home/airflow/.local/lib/python3.7/site-packages/airflow/example_dags/example_complex.py
[2023-01-17T18:48:02.140+0000] {logging_mixin.py:137} INFO - [2023-01-17T18:48:02.139+0000] {taskmixin.py:205} WARNING - Dependency <Task(BashOperator): create_entry_group>, delete_entry_group already registered for DAG: example_complex
[2023-01-17T18:48:02.140+0000] {logging_mixin.py:137} INFO - [2023-01-17T18:48:02.140+0000] {taskmixin.py:205} WARNING - Dependency <Task(BashOperator): delete_entry_group>, create_entry_group already registered for DAG: example_complex
[2023-01-17T18:48:02.140+0000] {logging_mixin.py:137} INFO - [2023-01-17T18:48:02.140+0000] {taskmixin.py:205} WARNING - Dependency <Task(BashOperator): create_entry_gcs>, delete_entry already registered for DAG: example_complex
[2023-01-17T18:48:02.140+0000] {logging_mixin.py:137} INFO - [2023-01-17T18:48:02.140+0000] {taskmixin.py:205} WARNING - Dependency <Task(BashOperator): delete_entry>, create_entry_gcs already registered for DAG: example_complex
[2023-01-17T18:48:02.140+0000] {logging_mixin.py:137} INFO - [2023-01-17T18:48:02.140+0000] {taskmixin.py:205} WARNING - Dependency <Task(BashOperator): create_tag>, delete_tag already registered for DAG: example_complex
[2023-01-17T18:48:02.141+0000] {logging_mixin.py:137} INFO - [2023-01-17T18:48:02.141+0000] {taskmixin.py:205} WARNING - Dependency <Task(BashOperator): delete_tag>, create_tag already registered for DAG: example_complex
[2023-01-17T18:48:02.148+0000] {processor.py:753} INFO - DAG(s) dict_keys(['example_complex']) retrieved from /home/airflow/.local/lib/python3.7/site-packages/airflow/example_dags/example_complex.py
[2023-01-17T18:48:02.188+0000] {logging_mixin.py:137} INFO - [2023-01-17T18:48:02.188+0000] {dag.py:2676} INFO - Sync 1 DAGs
[2023-01-17T18:48:02.213+0000] {logging_mixin.py:137} INFO - [2023-01-17T18:48:02.213+0000] {dag.py:3427} INFO - Setting next_dagrun for example_complex to None, run_after=None
[2023-01-17T18:48:02.247+0000] {processor.py:175} INFO - Processing /home/airflow/.local/lib/python3.7/site-packages/airflow/example_dags/example_complex.py took 0.123 seconds
[2023-01-17T18:48:33.336+0000] {processor.py:153} INFO - Started process (PID=329) to work on /home/airflow/.local/lib/python3.7/site-packages/airflow/example_dags/example_complex.py
[2023-01-17T18:48:33.336+0000] {processor.py:743} INFO - Processing file /home/airflow/.local/lib/python3.7/site-packages/airflow/example_dags/example_complex.py for tasks to queue
[2023-01-17T18:48:33.337+0000] {logging_mixin.py:137} INFO - [2023-01-17T18:48:33.337+0000] {dagbag.py:538} INFO - Filling up the DagBag from /home/airflow/.local/lib/python3.7/site-packages/airflow/example_dags/example_complex.py
[2023-01-17T18:48:33.355+0000] {logging_mixin.py:137} INFO - [2023-01-17T18:48:33.355+0000] {taskmixin.py:205} WARNING - Dependency <Task(BashOperator): create_entry_group>, delete_entry_group already registered for DAG: example_complex
[2023-01-17T18:48:33.356+0000] {logging_mixin.py:137} INFO - [2023-01-17T18:48:33.356+0000] {taskmixin.py:205} WARNING - Dependency <Task(BashOperator): delete_entry_group>, create_entry_group already registered for DAG: example_complex
[2023-01-17T18:48:33.356+0000] {logging_mixin.py:137} INFO - [2023-01-17T18:48:33.356+0000] {taskmixin.py:205} WARNING - Dependency <Task(BashOperator): create_entry_gcs>, delete_entry already registered for DAG: example_complex
[2023-01-17T18:48:33.356+0000] {logging_mixin.py:137} INFO - [2023-01-17T18:48:33.356+0000] {taskmixin.py:205} WARNING - Dependency <Task(BashOperator): delete_entry>, create_entry_gcs already registered for DAG: example_complex
[2023-01-17T18:48:33.360+0000] {logging_mixin.py:137} INFO - [2023-01-17T18:48:33.360+0000] {taskmixin.py:205} WARNING - Dependency <Task(BashOperator): create_tag>, delete_tag already registered for DAG: example_complex
[2023-01-17T18:48:33.361+0000] {logging_mixin.py:137} INFO - [2023-01-17T18:48:33.361+0000] {taskmixin.py:205} WARNING - Dependency <Task(BashOperator): delete_tag>, create_tag already registered for DAG: example_complex
[2023-01-17T18:48:33.367+0000] {processor.py:753} INFO - DAG(s) dict_keys(['example_complex']) retrieved from /home/airflow/.local/lib/python3.7/site-packages/airflow/example_dags/example_complex.py
[2023-01-17T18:48:33.431+0000] {logging_mixin.py:137} INFO - [2023-01-17T18:48:33.431+0000] {dag.py:2676} INFO - Sync 1 DAGs
[2023-01-17T18:48:33.467+0000] {logging_mixin.py:137} INFO - [2023-01-17T18:48:33.467+0000] {dag.py:3427} INFO - Setting next_dagrun for example_complex to None, run_after=None
[2023-01-17T18:48:33.497+0000] {processor.py:175} INFO - Processing /home/airflow/.local/lib/python3.7/site-packages/airflow/example_dags/example_complex.py took 0.168 seconds
[2023-01-17T18:49:03.544+0000] {processor.py:153} INFO - Started process (PID=401) to work on /home/airflow/.local/lib/python3.7/site-packages/airflow/example_dags/example_complex.py
[2023-01-17T18:49:03.545+0000] {processor.py:743} INFO - Processing file /home/airflow/.local/lib/python3.7/site-packages/airflow/example_dags/example_complex.py for tasks to queue
[2023-01-17T18:49:03.547+0000] {logging_mixin.py:137} INFO - [2023-01-17T18:49:03.546+0000] {dagbag.py:538} INFO - Filling up the DagBag from /home/airflow/.local/lib/python3.7/site-packages/airflow/example_dags/example_complex.py
[2023-01-17T18:49:03.567+0000] {logging_mixin.py:137} INFO - [2023-01-17T18:49:03.566+0000] {taskmixin.py:205} WARNING - Dependency <Task(BashOperator): create_entry_group>, delete_entry_group already registered for DAG: example_complex
[2023-01-17T18:49:03.567+0000] {logging_mixin.py:137} INFO - [2023-01-17T18:49:03.567+0000] {taskmixin.py:205} WARNING - Dependency <Task(BashOperator): delete_entry_group>, create_entry_group already registered for DAG: example_complex
[2023-01-17T18:49:03.567+0000] {logging_mixin.py:137} INFO - [2023-01-17T18:49:03.567+0000] {taskmixin.py:205} WARNING - Dependency <Task(BashOperator): create_entry_gcs>, delete_entry already registered for DAG: example_complex
[2023-01-17T18:49:03.567+0000] {logging_mixin.py:137} INFO - [2023-01-17T18:49:03.567+0000] {taskmixin.py:205} WARNING - Dependency <Task(BashOperator): delete_entry>, create_entry_gcs already registered for DAG: example_complex
[2023-01-17T18:49:03.568+0000] {logging_mixin.py:137} INFO - [2023-01-17T18:49:03.568+0000] {taskmixin.py:205} WARNING - Dependency <Task(BashOperator): create_tag>, delete_tag already registered for DAG: example_complex
[2023-01-17T18:49:03.568+0000] {logging_mixin.py:137} INFO - [2023-01-17T18:49:03.568+0000] {taskmixin.py:205} WARNING - Dependency <Task(BashOperator): delete_tag>, create_tag already registered for DAG: example_complex
[2023-01-17T18:49:03.577+0000] {processor.py:753} INFO - DAG(s) dict_keys(['example_complex']) retrieved from /home/airflow/.local/lib/python3.7/site-packages/airflow/example_dags/example_complex.py
[2023-01-17T18:49:03.614+0000] {logging_mixin.py:137} INFO - [2023-01-17T18:49:03.614+0000] {dag.py:2676} INFO - Sync 1 DAGs
[2023-01-17T18:49:03.638+0000] {logging_mixin.py:137} INFO - [2023-01-17T18:49:03.638+0000] {dag.py:3427} INFO - Setting next_dagrun for example_complex to None, run_after=None
[2023-01-17T18:49:03.657+0000] {processor.py:175} INFO - Processing /home/airflow/.local/lib/python3.7/site-packages/airflow/example_dags/example_complex.py took 0.119 seconds
[2023-01-17T18:49:34.401+0000] {processor.py:153} INFO - Started process (PID=461) to work on /home/airflow/.local/lib/python3.7/site-packages/airflow/example_dags/example_complex.py
[2023-01-17T18:49:34.402+0000] {processor.py:743} INFO - Processing file /home/airflow/.local/lib/python3.7/site-packages/airflow/example_dags/example_complex.py for tasks to queue
[2023-01-17T18:49:34.402+0000] {logging_mixin.py:137} INFO - [2023-01-17T18:49:34.402+0000] {dagbag.py:538} INFO - Filling up the DagBag from /home/airflow/.local/lib/python3.7/site-packages/airflow/example_dags/example_complex.py
[2023-01-17T18:49:34.412+0000] {logging_mixin.py:137} INFO - [2023-01-17T18:49:34.412+0000] {taskmixin.py:205} WARNING - Dependency <Task(BashOperator): create_entry_group>, delete_entry_group already registered for DAG: example_complex
[2023-01-17T18:49:34.413+0000] {logging_mixin.py:137} INFO - [2023-01-17T18:49:34.413+0000] {taskmixin.py:205} WARNING - Dependency <Task(BashOperator): delete_entry_group>, create_entry_group already registered for DAG: example_complex
[2023-01-17T18:49:34.413+0000] {logging_mixin.py:137} INFO - [2023-01-17T18:49:34.413+0000] {taskmixin.py:205} WARNING - Dependency <Task(BashOperator): create_entry_gcs>, delete_entry already registered for DAG: example_complex
[2023-01-17T18:49:34.413+0000] {logging_mixin.py:137} INFO - [2023-01-17T18:49:34.413+0000] {taskmixin.py:205} WARNING - Dependency <Task(BashOperator): delete_entry>, create_entry_gcs already registered for DAG: example_complex
[2023-01-17T18:49:34.413+0000] {logging_mixin.py:137} INFO - [2023-01-17T18:49:34.413+0000] {taskmixin.py:205} WARNING - Dependency <Task(BashOperator): create_tag>, delete_tag already registered for DAG: example_complex
[2023-01-17T18:49:34.413+0000] {logging_mixin.py:137} INFO - [2023-01-17T18:49:34.413+0000] {taskmixin.py:205} WARNING - Dependency <Task(BashOperator): delete_tag>, create_tag already registered for DAG: example_complex
[2023-01-17T18:49:34.420+0000] {processor.py:753} INFO - DAG(s) dict_keys(['example_complex']) retrieved from /home/airflow/.local/lib/python3.7/site-packages/airflow/example_dags/example_complex.py
[2023-01-17T18:49:34.468+0000] {logging_mixin.py:137} INFO - [2023-01-17T18:49:34.468+0000] {dag.py:2676} INFO - Sync 1 DAGs
[2023-01-17T18:49:34.490+0000] {logging_mixin.py:137} INFO - [2023-01-17T18:49:34.490+0000] {dag.py:3427} INFO - Setting next_dagrun for example_complex to None, run_after=None
[2023-01-17T18:49:34.507+0000] {processor.py:175} INFO - Processing /home/airflow/.local/lib/python3.7/site-packages/airflow/example_dags/example_complex.py took 0.108 seconds
[2023-01-17T18:50:04.798+0000] {processor.py:153} INFO - Started process (PID=534) to work on /home/airflow/.local/lib/python3.7/site-packages/airflow/example_dags/example_complex.py
[2023-01-17T18:50:04.798+0000] {processor.py:743} INFO - Processing file /home/airflow/.local/lib/python3.7/site-packages/airflow/example_dags/example_complex.py for tasks to queue
[2023-01-17T18:50:04.799+0000] {logging_mixin.py:137} INFO - [2023-01-17T18:50:04.799+0000] {dagbag.py:538} INFO - Filling up the DagBag from /home/airflow/.local/lib/python3.7/site-packages/airflow/example_dags/example_complex.py
[2023-01-17T18:50:04.809+0000] {logging_mixin.py:137} INFO - [2023-01-17T18:50:04.809+0000] {taskmixin.py:205} WARNING - Dependency <Task(BashOperator): create_entry_group>, delete_entry_group already registered for DAG: example_complex
[2023-01-17T18:50:04.809+0000] {logging_mixin.py:137} INFO - [2023-01-17T18:50:04.809+0000] {taskmixin.py:205} WARNING - Dependency <Task(BashOperator): delete_entry_group>, create_entry_group already registered for DAG: example_complex
[2023-01-17T18:50:04.809+0000] {logging_mixin.py:137} INFO - [2023-01-17T18:50:04.809+0000] {taskmixin.py:205} WARNING - Dependency <Task(BashOperator): create_entry_gcs>, delete_entry already registered for DAG: example_complex
[2023-01-17T18:50:04.809+0000] {logging_mixin.py:137} INFO - [2023-01-17T18:50:04.809+0000] {taskmixin.py:205} WARNING - Dependency <Task(BashOperator): delete_entry>, create_entry_gcs already registered for DAG: example_complex
[2023-01-17T18:50:04.809+0000] {logging_mixin.py:137} INFO - [2023-01-17T18:50:04.809+0000] {taskmixin.py:205} WARNING - Dependency <Task(BashOperator): create_tag>, delete_tag already registered for DAG: example_complex
[2023-01-17T18:50:04.810+0000] {logging_mixin.py:137} INFO - [2023-01-17T18:50:04.810+0000] {taskmixin.py:205} WARNING - Dependency <Task(BashOperator): delete_tag>, create_tag already registered for DAG: example_complex
[2023-01-17T18:50:04.816+0000] {processor.py:753} INFO - DAG(s) dict_keys(['example_complex']) retrieved from /home/airflow/.local/lib/python3.7/site-packages/airflow/example_dags/example_complex.py
[2023-01-17T18:50:04.854+0000] {logging_mixin.py:137} INFO - [2023-01-17T18:50:04.854+0000] {dag.py:2676} INFO - Sync 1 DAGs
[2023-01-17T18:50:04.876+0000] {logging_mixin.py:137} INFO - [2023-01-17T18:50:04.876+0000] {dag.py:3427} INFO - Setting next_dagrun for example_complex to None, run_after=None
[2023-01-17T18:50:04.892+0000] {processor.py:175} INFO - Processing /home/airflow/.local/lib/python3.7/site-packages/airflow/example_dags/example_complex.py took 0.097 seconds
[2023-01-17T18:50:35.341+0000] {processor.py:153} INFO - Started process (PID=596) to work on /home/airflow/.local/lib/python3.7/site-packages/airflow/example_dags/example_complex.py
[2023-01-17T18:50:35.342+0000] {processor.py:743} INFO - Processing file /home/airflow/.local/lib/python3.7/site-packages/airflow/example_dags/example_complex.py for tasks to queue
[2023-01-17T18:50:35.342+0000] {logging_mixin.py:137} INFO - [2023-01-17T18:50:35.342+0000] {dagbag.py:538} INFO - Filling up the DagBag from /home/airflow/.local/lib/python3.7/site-packages/airflow/example_dags/example_complex.py
[2023-01-17T18:50:35.352+0000] {logging_mixin.py:137} INFO - [2023-01-17T18:50:35.351+0000] {taskmixin.py:205} WARNING - Dependency <Task(BashOperator): create_entry_group>, delete_entry_group already registered for DAG: example_complex
[2023-01-17T18:50:35.352+0000] {logging_mixin.py:137} INFO - [2023-01-17T18:50:35.352+0000] {taskmixin.py:205} WARNING - Dependency <Task(BashOperator): delete_entry_group>, create_entry_group already registered for DAG: example_complex
[2023-01-17T18:50:35.352+0000] {logging_mixin.py:137} INFO - [2023-01-17T18:50:35.352+0000] {taskmixin.py:205} WARNING - Dependency <Task(BashOperator): create_entry_gcs>, delete_entry already registered for DAG: example_complex
[2023-01-17T18:50:35.352+0000] {logging_mixin.py:137} INFO - [2023-01-17T18:50:35.352+0000] {taskmixin.py:205} WARNING - Dependency <Task(BashOperator): delete_entry>, create_entry_gcs already registered for DAG: example_complex
[2023-01-17T18:50:35.353+0000] {logging_mixin.py:137} INFO - [2023-01-17T18:50:35.353+0000] {taskmixin.py:205} WARNING - Dependency <Task(BashOperator): create_tag>, delete_tag already registered for DAG: example_complex
[2023-01-17T18:50:35.353+0000] {logging_mixin.py:137} INFO - [2023-01-17T18:50:35.353+0000] {taskmixin.py:205} WARNING - Dependency <Task(BashOperator): delete_tag>, create_tag already registered for DAG: example_complex
[2023-01-17T18:50:35.359+0000] {processor.py:753} INFO - DAG(s) dict_keys(['example_complex']) retrieved from /home/airflow/.local/lib/python3.7/site-packages/airflow/example_dags/example_complex.py
[2023-01-17T18:50:35.396+0000] {logging_mixin.py:137} INFO - [2023-01-17T18:50:35.396+0000] {dag.py:2676} INFO - Sync 1 DAGs
[2023-01-17T18:50:35.417+0000] {logging_mixin.py:137} INFO - [2023-01-17T18:50:35.417+0000] {dag.py:3427} INFO - Setting next_dagrun for example_complex to None, run_after=None
[2023-01-17T18:50:35.435+0000] {processor.py:175} INFO - Processing /home/airflow/.local/lib/python3.7/site-packages/airflow/example_dags/example_complex.py took 0.097 seconds
[2023-01-17T18:51:06.618+0000] {processor.py:153} INFO - Started process (PID=669) to work on /home/airflow/.local/lib/python3.7/site-packages/airflow/example_dags/example_complex.py
[2023-01-17T18:51:06.620+0000] {processor.py:743} INFO - Processing file /home/airflow/.local/lib/python3.7/site-packages/airflow/example_dags/example_complex.py for tasks to queue
[2023-01-17T18:51:06.620+0000] {logging_mixin.py:137} INFO - [2023-01-17T18:51:06.620+0000] {dagbag.py:538} INFO - Filling up the DagBag from /home/airflow/.local/lib/python3.7/site-packages/airflow/example_dags/example_complex.py
[2023-01-17T18:51:06.632+0000] {logging_mixin.py:137} INFO - [2023-01-17T18:51:06.632+0000] {taskmixin.py:205} WARNING - Dependency <Task(BashOperator): create_entry_group>, delete_entry_group already registered for DAG: example_complex
[2023-01-17T18:51:06.633+0000] {logging_mixin.py:137} INFO - [2023-01-17T18:51:06.632+0000] {taskmixin.py:205} WARNING - Dependency <Task(BashOperator): delete_entry_group>, create_entry_group already registered for DAG: example_complex
[2023-01-17T18:51:06.633+0000] {logging_mixin.py:137} INFO - [2023-01-17T18:51:06.633+0000] {taskmixin.py:205} WARNING - Dependency <Task(BashOperator): create_entry_gcs>, delete_entry already registered for DAG: example_complex
[2023-01-17T18:51:06.633+0000] {logging_mixin.py:137} INFO - [2023-01-17T18:51:06.633+0000] {taskmixin.py:205} WARNING - Dependency <Task(BashOperator): delete_entry>, create_entry_gcs already registered for DAG: example_complex
[2023-01-17T18:51:06.633+0000] {logging_mixin.py:137} INFO - [2023-01-17T18:51:06.633+0000] {taskmixin.py:205} WARNING - Dependency <Task(BashOperator): create_tag>, delete_tag already registered for DAG: example_complex
[2023-01-17T18:51:06.634+0000] {logging_mixin.py:137} INFO - [2023-01-17T18:51:06.634+0000] {taskmixin.py:205} WARNING - Dependency <Task(BashOperator): delete_tag>, create_tag already registered for DAG: example_complex
[2023-01-17T18:51:06.642+0000] {processor.py:753} INFO - DAG(s) dict_keys(['example_complex']) retrieved from /home/airflow/.local/lib/python3.7/site-packages/airflow/example_dags/example_complex.py
[2023-01-17T18:51:06.718+0000] {logging_mixin.py:137} INFO - [2023-01-17T18:51:06.718+0000] {dag.py:2676} INFO - Sync 1 DAGs
[2023-01-17T18:51:06.782+0000] {logging_mixin.py:137} INFO - [2023-01-17T18:51:06.781+0000] {dag.py:3427} INFO - Setting next_dagrun for example_complex to None, run_after=None
[2023-01-17T18:51:06.823+0000] {processor.py:175} INFO - Processing /home/airflow/.local/lib/python3.7/site-packages/airflow/example_dags/example_complex.py took 0.217 seconds
[2023-01-17T18:51:37.735+0000] {processor.py:153} INFO - Started process (PID=732) to work on /home/airflow/.local/lib/python3.7/site-packages/airflow/example_dags/example_complex.py
[2023-01-17T18:51:37.735+0000] {processor.py:743} INFO - Processing file /home/airflow/.local/lib/python3.7/site-packages/airflow/example_dags/example_complex.py for tasks to queue
[2023-01-17T18:51:37.736+0000] {logging_mixin.py:137} INFO - [2023-01-17T18:51:37.736+0000] {dagbag.py:538} INFO - Filling up the DagBag from /home/airflow/.local/lib/python3.7/site-packages/airflow/example_dags/example_complex.py
[2023-01-17T18:51:37.746+0000] {logging_mixin.py:137} INFO - [2023-01-17T18:51:37.745+0000] {taskmixin.py:205} WARNING - Dependency <Task(BashOperator): create_entry_group>, delete_entry_group already registered for DAG: example_complex
[2023-01-17T18:51:37.746+0000] {logging_mixin.py:137} INFO - [2023-01-17T18:51:37.746+0000] {taskmixin.py:205} WARNING - Dependency <Task(BashOperator): delete_entry_group>, create_entry_group already registered for DAG: example_complex
[2023-01-17T18:51:37.746+0000] {logging_mixin.py:137} INFO - [2023-01-17T18:51:37.746+0000] {taskmixin.py:205} WARNING - Dependency <Task(BashOperator): create_entry_gcs>, delete_entry already registered for DAG: example_complex
[2023-01-17T18:51:37.746+0000] {logging_mixin.py:137} INFO - [2023-01-17T18:51:37.746+0000] {taskmixin.py:205} WARNING - Dependency <Task(BashOperator): delete_entry>, create_entry_gcs already registered for DAG: example_complex
[2023-01-17T18:51:37.747+0000] {logging_mixin.py:137} INFO - [2023-01-17T18:51:37.746+0000] {taskmixin.py:205} WARNING - Dependency <Task(BashOperator): create_tag>, delete_tag already registered for DAG: example_complex
[2023-01-17T18:51:37.747+0000] {logging_mixin.py:137} INFO - [2023-01-17T18:51:37.747+0000] {taskmixin.py:205} WARNING - Dependency <Task(BashOperator): delete_tag>, create_tag already registered for DAG: example_complex
[2023-01-17T18:51:37.754+0000] {processor.py:753} INFO - DAG(s) dict_keys(['example_complex']) retrieved from /home/airflow/.local/lib/python3.7/site-packages/airflow/example_dags/example_complex.py
[2023-01-17T18:51:37.790+0000] {logging_mixin.py:137} INFO - [2023-01-17T18:51:37.790+0000] {dag.py:2676} INFO - Sync 1 DAGs
[2023-01-17T18:51:37.813+0000] {logging_mixin.py:137} INFO - [2023-01-17T18:51:37.813+0000] {dag.py:3427} INFO - Setting next_dagrun for example_complex to None, run_after=None
[2023-01-17T18:51:37.830+0000] {processor.py:175} INFO - Processing /home/airflow/.local/lib/python3.7/site-packages/airflow/example_dags/example_complex.py took 0.098 seconds
