[2023-01-17T18:46:30.288+0000] {processor.py:153} INFO - Started process (PID=63) to work on /home/airflow/.local/lib/python3.7/site-packages/airflow/example_dags/example_dag_decorator.py
[2023-01-17T18:46:30.289+0000] {processor.py:743} INFO - Processing file /home/airflow/.local/lib/python3.7/site-packages/airflow/example_dags/example_dag_decorator.py for tasks to queue
[2023-01-17T18:46:30.297+0000] {logging_mixin.py:137} INFO - [2023-01-17T18:46:30.297+0000] {dagbag.py:538} INFO - Filling up the DagBag from /home/airflow/.local/lib/python3.7/site-packages/airflow/example_dags/example_dag_decorator.py
[2023-01-17T18:46:30.367+0000] {logging_mixin.py:137} INFO - [2023-01-17T18:46:30.367+0000] {taskmixin.py:205} WARNING - Dependency <Task(_PythonDecoratedOperator): prepare_email>, send_email already registered for DAG: example_dag_decorator
[2023-01-17T18:46:30.374+0000] {logging_mixin.py:137} INFO - [2023-01-17T18:46:30.374+0000] {taskmixin.py:205} WARNING - Dependency <Task(EmailOperator): send_email>, prepare_email already registered for DAG: example_dag_decorator
[2023-01-17T18:46:30.446+0000] {processor.py:753} INFO - DAG(s) dict_keys(['example_dag_decorator']) retrieved from /home/airflow/.local/lib/python3.7/site-packages/airflow/example_dags/example_dag_decorator.py
[2023-01-17T18:46:30.552+0000] {logging_mixin.py:137} INFO - [2023-01-17T18:46:30.552+0000] {dag.py:2676} INFO - Sync 1 DAGs
[2023-01-17T18:46:30.643+0000] {logging_mixin.py:137} INFO - [2023-01-17T18:46:30.643+0000] {dag.py:3427} INFO - Setting next_dagrun for example_dag_decorator to None, run_after=None
[2023-01-17T18:46:30.766+0000] {processor.py:175} INFO - Processing /home/airflow/.local/lib/python3.7/site-packages/airflow/example_dags/example_dag_decorator.py took 0.481 seconds
[2023-01-17T18:47:00.958+0000] {processor.py:153} INFO - Started process (PID=129) to work on /home/airflow/.local/lib/python3.7/site-packages/airflow/example_dags/example_dag_decorator.py
[2023-01-17T18:47:00.958+0000] {processor.py:743} INFO - Processing file /home/airflow/.local/lib/python3.7/site-packages/airflow/example_dags/example_dag_decorator.py for tasks to queue
[2023-01-17T18:47:00.959+0000] {logging_mixin.py:137} INFO - [2023-01-17T18:47:00.959+0000] {dagbag.py:538} INFO - Filling up the DagBag from /home/airflow/.local/lib/python3.7/site-packages/airflow/example_dags/example_dag_decorator.py
[2023-01-17T18:47:00.976+0000] {logging_mixin.py:137} INFO - [2023-01-17T18:47:00.975+0000] {taskmixin.py:205} WARNING - Dependency <Task(_PythonDecoratedOperator): prepare_email>, send_email already registered for DAG: example_dag_decorator
[2023-01-17T18:47:00.976+0000] {logging_mixin.py:137} INFO - [2023-01-17T18:47:00.976+0000] {taskmixin.py:205} WARNING - Dependency <Task(EmailOperator): send_email>, prepare_email already registered for DAG: example_dag_decorator
[2023-01-17T18:47:00.986+0000] {processor.py:753} INFO - DAG(s) dict_keys(['example_dag_decorator']) retrieved from /home/airflow/.local/lib/python3.7/site-packages/airflow/example_dags/example_dag_decorator.py
[2023-01-17T18:47:01.064+0000] {logging_mixin.py:137} INFO - [2023-01-17T18:47:01.064+0000] {dag.py:2676} INFO - Sync 1 DAGs
[2023-01-17T18:47:01.087+0000] {logging_mixin.py:137} INFO - [2023-01-17T18:47:01.087+0000] {dag.py:3427} INFO - Setting next_dagrun for example_dag_decorator to None, run_after=None
[2023-01-17T18:47:01.111+0000] {processor.py:175} INFO - Processing /home/airflow/.local/lib/python3.7/site-packages/airflow/example_dags/example_dag_decorator.py took 0.156 seconds
[2023-01-17T18:47:31.598+0000] {processor.py:153} INFO - Started process (PID=191) to work on /home/airflow/.local/lib/python3.7/site-packages/airflow/example_dags/example_dag_decorator.py
[2023-01-17T18:47:31.598+0000] {processor.py:743} INFO - Processing file /home/airflow/.local/lib/python3.7/site-packages/airflow/example_dags/example_dag_decorator.py for tasks to queue
[2023-01-17T18:47:31.599+0000] {logging_mixin.py:137} INFO - [2023-01-17T18:47:31.599+0000] {dagbag.py:538} INFO - Filling up the DagBag from /home/airflow/.local/lib/python3.7/site-packages/airflow/example_dags/example_dag_decorator.py
[2023-01-17T18:47:31.613+0000] {logging_mixin.py:137} INFO - [2023-01-17T18:47:31.613+0000] {taskmixin.py:205} WARNING - Dependency <Task(_PythonDecoratedOperator): prepare_email>, send_email already registered for DAG: example_dag_decorator
[2023-01-17T18:47:31.613+0000] {logging_mixin.py:137} INFO - [2023-01-17T18:47:31.613+0000] {taskmixin.py:205} WARNING - Dependency <Task(EmailOperator): send_email>, prepare_email already registered for DAG: example_dag_decorator
[2023-01-17T18:47:31.623+0000] {processor.py:753} INFO - DAG(s) dict_keys(['example_dag_decorator']) retrieved from /home/airflow/.local/lib/python3.7/site-packages/airflow/example_dags/example_dag_decorator.py
[2023-01-17T18:47:31.696+0000] {logging_mixin.py:137} INFO - [2023-01-17T18:47:31.696+0000] {dag.py:2676} INFO - Sync 1 DAGs
[2023-01-17T18:47:31.718+0000] {logging_mixin.py:137} INFO - [2023-01-17T18:47:31.718+0000] {dag.py:3427} INFO - Setting next_dagrun for example_dag_decorator to None, run_after=None
[2023-01-17T18:47:31.737+0000] {processor.py:175} INFO - Processing /home/airflow/.local/lib/python3.7/site-packages/airflow/example_dags/example_dag_decorator.py took 0.142 seconds
[2023-01-17T18:48:01.938+0000] {processor.py:153} INFO - Started process (PID=265) to work on /home/airflow/.local/lib/python3.7/site-packages/airflow/example_dags/example_dag_decorator.py
[2023-01-17T18:48:01.939+0000] {processor.py:743} INFO - Processing file /home/airflow/.local/lib/python3.7/site-packages/airflow/example_dags/example_dag_decorator.py for tasks to queue
[2023-01-17T18:48:01.939+0000] {logging_mixin.py:137} INFO - [2023-01-17T18:48:01.939+0000] {dagbag.py:538} INFO - Filling up the DagBag from /home/airflow/.local/lib/python3.7/site-packages/airflow/example_dags/example_dag_decorator.py
[2023-01-17T18:48:01.960+0000] {logging_mixin.py:137} INFO - [2023-01-17T18:48:01.959+0000] {taskmixin.py:205} WARNING - Dependency <Task(_PythonDecoratedOperator): prepare_email>, send_email already registered for DAG: example_dag_decorator
[2023-01-17T18:48:01.960+0000] {logging_mixin.py:137} INFO - [2023-01-17T18:48:01.960+0000] {taskmixin.py:205} WARNING - Dependency <Task(EmailOperator): send_email>, prepare_email already registered for DAG: example_dag_decorator
[2023-01-17T18:48:01.971+0000] {processor.py:753} INFO - DAG(s) dict_keys(['example_dag_decorator']) retrieved from /home/airflow/.local/lib/python3.7/site-packages/airflow/example_dags/example_dag_decorator.py
[2023-01-17T18:48:02.060+0000] {logging_mixin.py:137} INFO - [2023-01-17T18:48:02.059+0000] {dag.py:2676} INFO - Sync 1 DAGs
[2023-01-17T18:48:02.083+0000] {logging_mixin.py:137} INFO - [2023-01-17T18:48:02.083+0000] {dag.py:3427} INFO - Setting next_dagrun for example_dag_decorator to None, run_after=None
[2023-01-17T18:48:02.104+0000] {processor.py:175} INFO - Processing /home/airflow/.local/lib/python3.7/site-packages/airflow/example_dags/example_dag_decorator.py took 0.170 seconds
[2023-01-17T18:48:32.969+0000] {processor.py:153} INFO - Started process (PID=327) to work on /home/airflow/.local/lib/python3.7/site-packages/airflow/example_dags/example_dag_decorator.py
[2023-01-17T18:48:32.971+0000] {processor.py:743} INFO - Processing file /home/airflow/.local/lib/python3.7/site-packages/airflow/example_dags/example_dag_decorator.py for tasks to queue
[2023-01-17T18:48:32.971+0000] {logging_mixin.py:137} INFO - [2023-01-17T18:48:32.971+0000] {dagbag.py:538} INFO - Filling up the DagBag from /home/airflow/.local/lib/python3.7/site-packages/airflow/example_dags/example_dag_decorator.py
[2023-01-17T18:48:32.987+0000] {logging_mixin.py:137} INFO - [2023-01-17T18:48:32.987+0000] {taskmixin.py:205} WARNING - Dependency <Task(_PythonDecoratedOperator): prepare_email>, send_email already registered for DAG: example_dag_decorator
[2023-01-17T18:48:32.987+0000] {logging_mixin.py:137} INFO - [2023-01-17T18:48:32.987+0000] {taskmixin.py:205} WARNING - Dependency <Task(EmailOperator): send_email>, prepare_email already registered for DAG: example_dag_decorator
[2023-01-17T18:48:33.006+0000] {processor.py:753} INFO - DAG(s) dict_keys(['example_dag_decorator']) retrieved from /home/airflow/.local/lib/python3.7/site-packages/airflow/example_dags/example_dag_decorator.py
[2023-01-17T18:48:33.154+0000] {logging_mixin.py:137} INFO - [2023-01-17T18:48:33.153+0000] {dag.py:2676} INFO - Sync 1 DAGs
[2023-01-17T18:48:33.176+0000] {logging_mixin.py:137} INFO - [2023-01-17T18:48:33.176+0000] {dag.py:3427} INFO - Setting next_dagrun for example_dag_decorator to None, run_after=None
[2023-01-17T18:48:33.200+0000] {processor.py:175} INFO - Processing /home/airflow/.local/lib/python3.7/site-packages/airflow/example_dags/example_dag_decorator.py took 0.234 seconds
[2023-01-17T18:49:03.308+0000] {processor.py:153} INFO - Started process (PID=399) to work on /home/airflow/.local/lib/python3.7/site-packages/airflow/example_dags/example_dag_decorator.py
[2023-01-17T18:49:03.309+0000] {processor.py:743} INFO - Processing file /home/airflow/.local/lib/python3.7/site-packages/airflow/example_dags/example_dag_decorator.py for tasks to queue
[2023-01-17T18:49:03.309+0000] {logging_mixin.py:137} INFO - [2023-01-17T18:49:03.309+0000] {dagbag.py:538} INFO - Filling up the DagBag from /home/airflow/.local/lib/python3.7/site-packages/airflow/example_dags/example_dag_decorator.py
[2023-01-17T18:49:03.325+0000] {logging_mixin.py:137} INFO - [2023-01-17T18:49:03.325+0000] {taskmixin.py:205} WARNING - Dependency <Task(_PythonDecoratedOperator): prepare_email>, send_email already registered for DAG: example_dag_decorator
[2023-01-17T18:49:03.325+0000] {logging_mixin.py:137} INFO - [2023-01-17T18:49:03.325+0000] {taskmixin.py:205} WARNING - Dependency <Task(EmailOperator): send_email>, prepare_email already registered for DAG: example_dag_decorator
[2023-01-17T18:49:03.335+0000] {processor.py:753} INFO - DAG(s) dict_keys(['example_dag_decorator']) retrieved from /home/airflow/.local/lib/python3.7/site-packages/airflow/example_dags/example_dag_decorator.py
[2023-01-17T18:49:03.411+0000] {logging_mixin.py:137} INFO - [2023-01-17T18:49:03.411+0000] {dag.py:2676} INFO - Sync 1 DAGs
[2023-01-17T18:49:03.432+0000] {logging_mixin.py:137} INFO - [2023-01-17T18:49:03.432+0000] {dag.py:3427} INFO - Setting next_dagrun for example_dag_decorator to None, run_after=None
[2023-01-17T18:49:03.453+0000] {processor.py:175} INFO - Processing /home/airflow/.local/lib/python3.7/site-packages/airflow/example_dags/example_dag_decorator.py took 0.147 seconds
[2023-01-17T18:49:34.315+0000] {processor.py:153} INFO - Started process (PID=460) to work on /home/airflow/.local/lib/python3.7/site-packages/airflow/example_dags/example_dag_decorator.py
[2023-01-17T18:49:34.316+0000] {processor.py:743} INFO - Processing file /home/airflow/.local/lib/python3.7/site-packages/airflow/example_dags/example_dag_decorator.py for tasks to queue
[2023-01-17T18:49:34.316+0000] {logging_mixin.py:137} INFO - [2023-01-17T18:49:34.316+0000] {dagbag.py:538} INFO - Filling up the DagBag from /home/airflow/.local/lib/python3.7/site-packages/airflow/example_dags/example_dag_decorator.py
[2023-01-17T18:49:34.331+0000] {logging_mixin.py:137} INFO - [2023-01-17T18:49:34.331+0000] {taskmixin.py:205} WARNING - Dependency <Task(_PythonDecoratedOperator): prepare_email>, send_email already registered for DAG: example_dag_decorator
[2023-01-17T18:49:34.331+0000] {logging_mixin.py:137} INFO - [2023-01-17T18:49:34.331+0000] {taskmixin.py:205} WARNING - Dependency <Task(EmailOperator): send_email>, prepare_email already registered for DAG: example_dag_decorator
[2023-01-17T18:49:34.341+0000] {processor.py:753} INFO - DAG(s) dict_keys(['example_dag_decorator']) retrieved from /home/airflow/.local/lib/python3.7/site-packages/airflow/example_dags/example_dag_decorator.py
[2023-01-17T18:49:34.416+0000] {logging_mixin.py:137} INFO - [2023-01-17T18:49:34.416+0000] {dag.py:2676} INFO - Sync 1 DAGs
[2023-01-17T18:49:34.439+0000] {logging_mixin.py:137} INFO - [2023-01-17T18:49:34.439+0000] {dag.py:3427} INFO - Setting next_dagrun for example_dag_decorator to None, run_after=None
[2023-01-17T18:49:34.461+0000] {processor.py:175} INFO - Processing /home/airflow/.local/lib/python3.7/site-packages/airflow/example_dags/example_dag_decorator.py took 0.149 seconds
[2023-01-17T18:50:04.672+0000] {processor.py:153} INFO - Started process (PID=533) to work on /home/airflow/.local/lib/python3.7/site-packages/airflow/example_dags/example_dag_decorator.py
[2023-01-17T18:50:04.673+0000] {processor.py:743} INFO - Processing file /home/airflow/.local/lib/python3.7/site-packages/airflow/example_dags/example_dag_decorator.py for tasks to queue
[2023-01-17T18:50:04.673+0000] {logging_mixin.py:137} INFO - [2023-01-17T18:50:04.673+0000] {dagbag.py:538} INFO - Filling up the DagBag from /home/airflow/.local/lib/python3.7/site-packages/airflow/example_dags/example_dag_decorator.py
[2023-01-17T18:50:04.690+0000] {logging_mixin.py:137} INFO - [2023-01-17T18:50:04.690+0000] {taskmixin.py:205} WARNING - Dependency <Task(_PythonDecoratedOperator): prepare_email>, send_email already registered for DAG: example_dag_decorator
[2023-01-17T18:50:04.690+0000] {logging_mixin.py:137} INFO - [2023-01-17T18:50:04.690+0000] {taskmixin.py:205} WARNING - Dependency <Task(EmailOperator): send_email>, prepare_email already registered for DAG: example_dag_decorator
[2023-01-17T18:50:04.700+0000] {processor.py:753} INFO - DAG(s) dict_keys(['example_dag_decorator']) retrieved from /home/airflow/.local/lib/python3.7/site-packages/airflow/example_dags/example_dag_decorator.py
[2023-01-17T18:50:04.772+0000] {logging_mixin.py:137} INFO - [2023-01-17T18:50:04.772+0000] {dag.py:2676} INFO - Sync 1 DAGs
[2023-01-17T18:50:04.794+0000] {logging_mixin.py:137} INFO - [2023-01-17T18:50:04.794+0000] {dag.py:3427} INFO - Setting next_dagrun for example_dag_decorator to None, run_after=None
[2023-01-17T18:50:04.814+0000] {processor.py:175} INFO - Processing /home/airflow/.local/lib/python3.7/site-packages/airflow/example_dags/example_dag_decorator.py took 0.146 seconds
[2023-01-17T18:50:35.338+0000] {processor.py:153} INFO - Started process (PID=595) to work on /home/airflow/.local/lib/python3.7/site-packages/airflow/example_dags/example_dag_decorator.py
[2023-01-17T18:50:35.338+0000] {processor.py:743} INFO - Processing file /home/airflow/.local/lib/python3.7/site-packages/airflow/example_dags/example_dag_decorator.py for tasks to queue
[2023-01-17T18:50:35.339+0000] {logging_mixin.py:137} INFO - [2023-01-17T18:50:35.339+0000] {dagbag.py:538} INFO - Filling up the DagBag from /home/airflow/.local/lib/python3.7/site-packages/airflow/example_dags/example_dag_decorator.py
[2023-01-17T18:50:35.353+0000] {logging_mixin.py:137} INFO - [2023-01-17T18:50:35.353+0000] {taskmixin.py:205} WARNING - Dependency <Task(_PythonDecoratedOperator): prepare_email>, send_email already registered for DAG: example_dag_decorator
[2023-01-17T18:50:35.353+0000] {logging_mixin.py:137} INFO - [2023-01-17T18:50:35.353+0000] {taskmixin.py:205} WARNING - Dependency <Task(EmailOperator): send_email>, prepare_email already registered for DAG: example_dag_decorator
[2023-01-17T18:50:35.363+0000] {processor.py:753} INFO - DAG(s) dict_keys(['example_dag_decorator']) retrieved from /home/airflow/.local/lib/python3.7/site-packages/airflow/example_dags/example_dag_decorator.py
[2023-01-17T18:50:35.432+0000] {logging_mixin.py:137} INFO - [2023-01-17T18:50:35.432+0000] {dag.py:2676} INFO - Sync 1 DAGs
[2023-01-17T18:50:35.452+0000] {logging_mixin.py:137} INFO - [2023-01-17T18:50:35.452+0000] {dag.py:3427} INFO - Setting next_dagrun for example_dag_decorator to None, run_after=None
[2023-01-17T18:50:35.468+0000] {processor.py:175} INFO - Processing /home/airflow/.local/lib/python3.7/site-packages/airflow/example_dags/example_dag_decorator.py took 0.133 seconds
[2023-01-17T18:51:06.332+0000] {processor.py:153} INFO - Started process (PID=668) to work on /home/airflow/.local/lib/python3.7/site-packages/airflow/example_dags/example_dag_decorator.py
[2023-01-17T18:51:06.333+0000] {processor.py:743} INFO - Processing file /home/airflow/.local/lib/python3.7/site-packages/airflow/example_dags/example_dag_decorator.py for tasks to queue
[2023-01-17T18:51:06.336+0000] {logging_mixin.py:137} INFO - [2023-01-17T18:51:06.335+0000] {dagbag.py:538} INFO - Filling up the DagBag from /home/airflow/.local/lib/python3.7/site-packages/airflow/example_dags/example_dag_decorator.py
[2023-01-17T18:51:06.358+0000] {logging_mixin.py:137} INFO - [2023-01-17T18:51:06.358+0000] {taskmixin.py:205} WARNING - Dependency <Task(_PythonDecoratedOperator): prepare_email>, send_email already registered for DAG: example_dag_decorator
[2023-01-17T18:51:06.358+0000] {logging_mixin.py:137} INFO - [2023-01-17T18:51:06.358+0000] {taskmixin.py:205} WARNING - Dependency <Task(EmailOperator): send_email>, prepare_email already registered for DAG: example_dag_decorator
[2023-01-17T18:51:06.373+0000] {processor.py:753} INFO - DAG(s) dict_keys(['example_dag_decorator']) retrieved from /home/airflow/.local/lib/python3.7/site-packages/airflow/example_dags/example_dag_decorator.py
[2023-01-17T18:51:06.522+0000] {logging_mixin.py:137} INFO - [2023-01-17T18:51:06.521+0000] {dag.py:2676} INFO - Sync 1 DAGs
[2023-01-17T18:51:06.561+0000] {logging_mixin.py:137} INFO - [2023-01-17T18:51:06.561+0000] {dag.py:3427} INFO - Setting next_dagrun for example_dag_decorator to None, run_after=None
[2023-01-17T18:51:06.590+0000] {processor.py:175} INFO - Processing /home/airflow/.local/lib/python3.7/site-packages/airflow/example_dags/example_dag_decorator.py took 0.262 seconds
[2023-01-17T18:51:37.549+0000] {processor.py:153} INFO - Started process (PID=730) to work on /home/airflow/.local/lib/python3.7/site-packages/airflow/example_dags/example_dag_decorator.py
[2023-01-17T18:51:37.550+0000] {processor.py:743} INFO - Processing file /home/airflow/.local/lib/python3.7/site-packages/airflow/example_dags/example_dag_decorator.py for tasks to queue
[2023-01-17T18:51:37.551+0000] {logging_mixin.py:137} INFO - [2023-01-17T18:51:37.550+0000] {dagbag.py:538} INFO - Filling up the DagBag from /home/airflow/.local/lib/python3.7/site-packages/airflow/example_dags/example_dag_decorator.py
[2023-01-17T18:51:37.565+0000] {logging_mixin.py:137} INFO - [2023-01-17T18:51:37.565+0000] {taskmixin.py:205} WARNING - Dependency <Task(_PythonDecoratedOperator): prepare_email>, send_email already registered for DAG: example_dag_decorator
[2023-01-17T18:51:37.566+0000] {logging_mixin.py:137} INFO - [2023-01-17T18:51:37.566+0000] {taskmixin.py:205} WARNING - Dependency <Task(EmailOperator): send_email>, prepare_email already registered for DAG: example_dag_decorator
[2023-01-17T18:51:37.576+0000] {processor.py:753} INFO - DAG(s) dict_keys(['example_dag_decorator']) retrieved from /home/airflow/.local/lib/python3.7/site-packages/airflow/example_dags/example_dag_decorator.py
[2023-01-17T18:51:37.668+0000] {logging_mixin.py:137} INFO - [2023-01-17T18:51:37.668+0000] {dag.py:2676} INFO - Sync 1 DAGs
[2023-01-17T18:51:37.698+0000] {logging_mixin.py:137} INFO - [2023-01-17T18:51:37.698+0000] {dag.py:3427} INFO - Setting next_dagrun for example_dag_decorator to None, run_after=None
[2023-01-17T18:51:37.718+0000] {processor.py:175} INFO - Processing /home/airflow/.local/lib/python3.7/site-packages/airflow/example_dags/example_dag_decorator.py took 0.171 seconds
