[2023-01-17T18:46:32.202+0000] {processor.py:153} INFO - Started process (PID=79) to work on /home/airflow/.local/lib/python3.7/site-packages/airflow/example_dags/example_subdag_operator.py
[2023-01-17T18:46:32.203+0000] {processor.py:743} INFO - Processing file /home/airflow/.local/lib/python3.7/site-packages/airflow/example_dags/example_subdag_operator.py for tasks to queue
[2023-01-17T18:46:32.204+0000] {logging_mixin.py:137} INFO - [2023-01-17T18:46:32.203+0000] {dagbag.py:538} INFO - Filling up the DagBag from /home/airflow/.local/lib/python3.7/site-packages/airflow/example_dags/example_subdag_operator.py
[2023-01-17T18:46:32.235+0000] {processor.py:753} INFO - DAG(s) dict_keys(['example_subdag_operator.section-1', 'example_subdag_operator.section-2', 'example_subdag_operator']) retrieved from /home/airflow/.local/lib/python3.7/site-packages/airflow/example_dags/example_subdag_operator.py
[2023-01-17T18:46:32.253+0000] {logging_mixin.py:137} INFO - [2023-01-17T18:46:32.253+0000] {dag.py:2676} INFO - Sync 3 DAGs
[2023-01-17T18:46:32.281+0000] {logging_mixin.py:137} INFO - [2023-01-17T18:46:32.280+0000] {dag.py:3427} INFO - Setting next_dagrun for example_subdag_operator to 2022-01-01T00:00:00+00:00, run_after=2022-01-01T00:00:00+00:00
[2023-01-17T18:46:32.286+0000] {logging_mixin.py:137} INFO - [2023-01-17T18:46:32.286+0000] {dag.py:3427} INFO - Setting next_dagrun for example_subdag_operator.section-1 to None, run_after=None
[2023-01-17T18:46:32.287+0000] {logging_mixin.py:137} INFO - [2023-01-17T18:46:32.287+0000] {dag.py:3427} INFO - Setting next_dagrun for example_subdag_operator.section-2 to None, run_after=None
[2023-01-17T18:46:32.294+0000] {logging_mixin.py:137} INFO - [2023-01-17T18:46:32.294+0000] {dag.py:2676} INFO - Sync 2 DAGs
[2023-01-17T18:46:32.300+0000] {logging_mixin.py:137} INFO - [2023-01-17T18:46:32.299+0000] {dag.py:3427} INFO - Setting next_dagrun for example_subdag_operator.section-1 to None, run_after=None
[2023-01-17T18:46:32.300+0000] {logging_mixin.py:137} INFO - [2023-01-17T18:46:32.300+0000] {dag.py:3427} INFO - Setting next_dagrun for example_subdag_operator.section-2 to None, run_after=None
[2023-01-17T18:46:32.311+0000] {processor.py:175} INFO - Processing /home/airflow/.local/lib/python3.7/site-packages/airflow/example_dags/example_subdag_operator.py took 0.112 seconds
[2023-01-17T18:47:03.014+0000] {processor.py:153} INFO - Started process (PID=142) to work on /home/airflow/.local/lib/python3.7/site-packages/airflow/example_dags/example_subdag_operator.py
[2023-01-17T18:47:03.015+0000] {processor.py:743} INFO - Processing file /home/airflow/.local/lib/python3.7/site-packages/airflow/example_dags/example_subdag_operator.py for tasks to queue
[2023-01-17T18:47:03.016+0000] {logging_mixin.py:137} INFO - [2023-01-17T18:47:03.016+0000] {dagbag.py:538} INFO - Filling up the DagBag from /home/airflow/.local/lib/python3.7/site-packages/airflow/example_dags/example_subdag_operator.py
[2023-01-17T18:47:03.045+0000] {processor.py:753} INFO - DAG(s) dict_keys(['example_subdag_operator.section-1', 'example_subdag_operator.section-2', 'example_subdag_operator']) retrieved from /home/airflow/.local/lib/python3.7/site-packages/airflow/example_dags/example_subdag_operator.py
[2023-01-17T18:47:03.073+0000] {logging_mixin.py:137} INFO - [2023-01-17T18:47:03.073+0000] {dag.py:2676} INFO - Sync 3 DAGs
[2023-01-17T18:47:03.097+0000] {logging_mixin.py:137} INFO - [2023-01-17T18:47:03.096+0000] {dag.py:3427} INFO - Setting next_dagrun for example_subdag_operator to 2022-01-01T00:00:00+00:00, run_after=2022-01-01T00:00:00+00:00
[2023-01-17T18:47:03.100+0000] {logging_mixin.py:137} INFO - [2023-01-17T18:47:03.100+0000] {dag.py:3427} INFO - Setting next_dagrun for example_subdag_operator.section-1 to None, run_after=None
[2023-01-17T18:47:03.101+0000] {logging_mixin.py:137} INFO - [2023-01-17T18:47:03.101+0000] {dag.py:3427} INFO - Setting next_dagrun for example_subdag_operator.section-2 to None, run_after=None
[2023-01-17T18:47:03.108+0000] {logging_mixin.py:137} INFO - [2023-01-17T18:47:03.108+0000] {dag.py:2676} INFO - Sync 2 DAGs
[2023-01-17T18:47:03.114+0000] {logging_mixin.py:137} INFO - [2023-01-17T18:47:03.114+0000] {dag.py:3427} INFO - Setting next_dagrun for example_subdag_operator.section-1 to None, run_after=None
[2023-01-17T18:47:03.114+0000] {logging_mixin.py:137} INFO - [2023-01-17T18:47:03.114+0000] {dag.py:3427} INFO - Setting next_dagrun for example_subdag_operator.section-2 to None, run_after=None
[2023-01-17T18:47:03.129+0000] {processor.py:175} INFO - Processing /home/airflow/.local/lib/python3.7/site-packages/airflow/example_dags/example_subdag_operator.py took 0.117 seconds
[2023-01-17T18:47:33.791+0000] {processor.py:153} INFO - Started process (PID=213) to work on /home/airflow/.local/lib/python3.7/site-packages/airflow/example_dags/example_subdag_operator.py
[2023-01-17T18:47:33.792+0000] {processor.py:743} INFO - Processing file /home/airflow/.local/lib/python3.7/site-packages/airflow/example_dags/example_subdag_operator.py for tasks to queue
[2023-01-17T18:47:33.792+0000] {logging_mixin.py:137} INFO - [2023-01-17T18:47:33.792+0000] {dagbag.py:538} INFO - Filling up the DagBag from /home/airflow/.local/lib/python3.7/site-packages/airflow/example_dags/example_subdag_operator.py
[2023-01-17T18:47:33.819+0000] {processor.py:753} INFO - DAG(s) dict_keys(['example_subdag_operator.section-1', 'example_subdag_operator.section-2', 'example_subdag_operator']) retrieved from /home/airflow/.local/lib/python3.7/site-packages/airflow/example_dags/example_subdag_operator.py
[2023-01-17T18:47:33.847+0000] {logging_mixin.py:137} INFO - [2023-01-17T18:47:33.847+0000] {dag.py:2676} INFO - Sync 3 DAGs
[2023-01-17T18:47:33.887+0000] {logging_mixin.py:137} INFO - [2023-01-17T18:47:33.887+0000] {dag.py:3427} INFO - Setting next_dagrun for example_subdag_operator to 2022-01-01T00:00:00+00:00, run_after=2022-01-01T00:00:00+00:00
[2023-01-17T18:47:33.895+0000] {logging_mixin.py:137} INFO - [2023-01-17T18:47:33.895+0000] {dag.py:3427} INFO - Setting next_dagrun for example_subdag_operator.section-1 to None, run_after=None
[2023-01-17T18:47:33.898+0000] {logging_mixin.py:137} INFO - [2023-01-17T18:47:33.898+0000] {dag.py:3427} INFO - Setting next_dagrun for example_subdag_operator.section-2 to None, run_after=None
[2023-01-17T18:47:33.912+0000] {logging_mixin.py:137} INFO - [2023-01-17T18:47:33.912+0000] {dag.py:2676} INFO - Sync 2 DAGs
[2023-01-17T18:47:33.924+0000] {logging_mixin.py:137} INFO - [2023-01-17T18:47:33.924+0000] {dag.py:3427} INFO - Setting next_dagrun for example_subdag_operator.section-1 to None, run_after=None
[2023-01-17T18:47:33.925+0000] {logging_mixin.py:137} INFO - [2023-01-17T18:47:33.925+0000] {dag.py:3427} INFO - Setting next_dagrun for example_subdag_operator.section-2 to None, run_after=None
[2023-01-17T18:47:33.944+0000] {processor.py:175} INFO - Processing /home/airflow/.local/lib/python3.7/site-packages/airflow/example_dags/example_subdag_operator.py took 0.155 seconds
[2023-01-17T18:48:03.991+0000] {processor.py:153} INFO - Started process (PID=278) to work on /home/airflow/.local/lib/python3.7/site-packages/airflow/example_dags/example_subdag_operator.py
[2023-01-17T18:48:03.992+0000] {processor.py:743} INFO - Processing file /home/airflow/.local/lib/python3.7/site-packages/airflow/example_dags/example_subdag_operator.py for tasks to queue
[2023-01-17T18:48:03.993+0000] {logging_mixin.py:137} INFO - [2023-01-17T18:48:03.993+0000] {dagbag.py:538} INFO - Filling up the DagBag from /home/airflow/.local/lib/python3.7/site-packages/airflow/example_dags/example_subdag_operator.py
[2023-01-17T18:48:04.024+0000] {processor.py:753} INFO - DAG(s) dict_keys(['example_subdag_operator.section-1', 'example_subdag_operator.section-2', 'example_subdag_operator']) retrieved from /home/airflow/.local/lib/python3.7/site-packages/airflow/example_dags/example_subdag_operator.py
[2023-01-17T18:48:04.054+0000] {logging_mixin.py:137} INFO - [2023-01-17T18:48:04.054+0000] {dag.py:2676} INFO - Sync 3 DAGs
[2023-01-17T18:48:04.087+0000] {logging_mixin.py:137} INFO - [2023-01-17T18:48:04.086+0000] {dag.py:3427} INFO - Setting next_dagrun for example_subdag_operator to 2022-01-01T00:00:00+00:00, run_after=2022-01-01T00:00:00+00:00
[2023-01-17T18:48:04.090+0000] {logging_mixin.py:137} INFO - [2023-01-17T18:48:04.090+0000] {dag.py:3427} INFO - Setting next_dagrun for example_subdag_operator.section-1 to None, run_after=None
[2023-01-17T18:48:04.092+0000] {logging_mixin.py:137} INFO - [2023-01-17T18:48:04.092+0000] {dag.py:3427} INFO - Setting next_dagrun for example_subdag_operator.section-2 to None, run_after=None
[2023-01-17T18:48:04.102+0000] {logging_mixin.py:137} INFO - [2023-01-17T18:48:04.101+0000] {dag.py:2676} INFO - Sync 2 DAGs
[2023-01-17T18:48:04.108+0000] {logging_mixin.py:137} INFO - [2023-01-17T18:48:04.108+0000] {dag.py:3427} INFO - Setting next_dagrun for example_subdag_operator.section-1 to None, run_after=None
[2023-01-17T18:48:04.108+0000] {logging_mixin.py:137} INFO - [2023-01-17T18:48:04.108+0000] {dag.py:3427} INFO - Setting next_dagrun for example_subdag_operator.section-2 to None, run_after=None
[2023-01-17T18:48:04.120+0000] {processor.py:175} INFO - Processing /home/airflow/.local/lib/python3.7/site-packages/airflow/example_dags/example_subdag_operator.py took 0.132 seconds
[2023-01-17T18:48:34.837+0000] {processor.py:153} INFO - Started process (PID=340) to work on /home/airflow/.local/lib/python3.7/site-packages/airflow/example_dags/example_subdag_operator.py
[2023-01-17T18:48:34.838+0000] {processor.py:743} INFO - Processing file /home/airflow/.local/lib/python3.7/site-packages/airflow/example_dags/example_subdag_operator.py for tasks to queue
[2023-01-17T18:48:34.838+0000] {logging_mixin.py:137} INFO - [2023-01-17T18:48:34.838+0000] {dagbag.py:538} INFO - Filling up the DagBag from /home/airflow/.local/lib/python3.7/site-packages/airflow/example_dags/example_subdag_operator.py
[2023-01-17T18:48:34.874+0000] {processor.py:753} INFO - DAG(s) dict_keys(['example_subdag_operator.section-1', 'example_subdag_operator.section-2', 'example_subdag_operator']) retrieved from /home/airflow/.local/lib/python3.7/site-packages/airflow/example_dags/example_subdag_operator.py
[2023-01-17T18:48:34.905+0000] {logging_mixin.py:137} INFO - [2023-01-17T18:48:34.905+0000] {dag.py:2676} INFO - Sync 3 DAGs
[2023-01-17T18:48:34.928+0000] {logging_mixin.py:137} INFO - [2023-01-17T18:48:34.928+0000] {dag.py:3427} INFO - Setting next_dagrun for example_subdag_operator to 2022-01-01T00:00:00+00:00, run_after=2022-01-01T00:00:00+00:00
[2023-01-17T18:48:34.932+0000] {logging_mixin.py:137} INFO - [2023-01-17T18:48:34.932+0000] {dag.py:3427} INFO - Setting next_dagrun for example_subdag_operator.section-1 to None, run_after=None
[2023-01-17T18:48:34.933+0000] {logging_mixin.py:137} INFO - [2023-01-17T18:48:34.933+0000] {dag.py:3427} INFO - Setting next_dagrun for example_subdag_operator.section-2 to None, run_after=None
[2023-01-17T18:48:34.941+0000] {logging_mixin.py:137} INFO - [2023-01-17T18:48:34.941+0000] {dag.py:2676} INFO - Sync 2 DAGs
[2023-01-17T18:48:34.947+0000] {logging_mixin.py:137} INFO - [2023-01-17T18:48:34.947+0000] {dag.py:3427} INFO - Setting next_dagrun for example_subdag_operator.section-1 to None, run_after=None
[2023-01-17T18:48:34.947+0000] {logging_mixin.py:137} INFO - [2023-01-17T18:48:34.947+0000] {dag.py:3427} INFO - Setting next_dagrun for example_subdag_operator.section-2 to None, run_after=None
[2023-01-17T18:48:34.959+0000] {processor.py:175} INFO - Processing /home/airflow/.local/lib/python3.7/site-packages/airflow/example_dags/example_subdag_operator.py took 0.124 seconds
[2023-01-17T18:49:05.349+0000] {processor.py:153} INFO - Started process (PID=413) to work on /home/airflow/.local/lib/python3.7/site-packages/airflow/example_dags/example_subdag_operator.py
[2023-01-17T18:49:05.350+0000] {processor.py:743} INFO - Processing file /home/airflow/.local/lib/python3.7/site-packages/airflow/example_dags/example_subdag_operator.py for tasks to queue
[2023-01-17T18:49:05.351+0000] {logging_mixin.py:137} INFO - [2023-01-17T18:49:05.351+0000] {dagbag.py:538} INFO - Filling up the DagBag from /home/airflow/.local/lib/python3.7/site-packages/airflow/example_dags/example_subdag_operator.py
[2023-01-17T18:49:05.384+0000] {processor.py:753} INFO - DAG(s) dict_keys(['example_subdag_operator.section-1', 'example_subdag_operator.section-2', 'example_subdag_operator']) retrieved from /home/airflow/.local/lib/python3.7/site-packages/airflow/example_dags/example_subdag_operator.py
[2023-01-17T18:49:05.415+0000] {logging_mixin.py:137} INFO - [2023-01-17T18:49:05.415+0000] {dag.py:2676} INFO - Sync 3 DAGs
[2023-01-17T18:49:05.464+0000] {logging_mixin.py:137} INFO - [2023-01-17T18:49:05.464+0000] {dag.py:3427} INFO - Setting next_dagrun for example_subdag_operator to 2022-01-01T00:00:00+00:00, run_after=2022-01-01T00:00:00+00:00
[2023-01-17T18:49:05.467+0000] {logging_mixin.py:137} INFO - [2023-01-17T18:49:05.467+0000] {dag.py:3427} INFO - Setting next_dagrun for example_subdag_operator.section-1 to None, run_after=None
[2023-01-17T18:49:05.469+0000] {logging_mixin.py:137} INFO - [2023-01-17T18:49:05.469+0000] {dag.py:3427} INFO - Setting next_dagrun for example_subdag_operator.section-2 to None, run_after=None
[2023-01-17T18:49:05.475+0000] {logging_mixin.py:137} INFO - [2023-01-17T18:49:05.475+0000] {dag.py:2676} INFO - Sync 2 DAGs
[2023-01-17T18:49:05.481+0000] {logging_mixin.py:137} INFO - [2023-01-17T18:49:05.481+0000] {dag.py:3427} INFO - Setting next_dagrun for example_subdag_operator.section-1 to None, run_after=None
[2023-01-17T18:49:05.482+0000] {logging_mixin.py:137} INFO - [2023-01-17T18:49:05.481+0000] {dag.py:3427} INFO - Setting next_dagrun for example_subdag_operator.section-2 to None, run_after=None
[2023-01-17T18:49:05.498+0000] {processor.py:175} INFO - Processing /home/airflow/.local/lib/python3.7/site-packages/airflow/example_dags/example_subdag_operator.py took 0.154 seconds
[2023-01-17T18:49:36.645+0000] {processor.py:153} INFO - Started process (PID=479) to work on /home/airflow/.local/lib/python3.7/site-packages/airflow/example_dags/example_subdag_operator.py
[2023-01-17T18:49:36.646+0000] {processor.py:743} INFO - Processing file /home/airflow/.local/lib/python3.7/site-packages/airflow/example_dags/example_subdag_operator.py for tasks to queue
[2023-01-17T18:49:36.647+0000] {logging_mixin.py:137} INFO - [2023-01-17T18:49:36.647+0000] {dagbag.py:538} INFO - Filling up the DagBag from /home/airflow/.local/lib/python3.7/site-packages/airflow/example_dags/example_subdag_operator.py
[2023-01-17T18:49:36.713+0000] {processor.py:753} INFO - DAG(s) dict_keys(['example_subdag_operator.section-1', 'example_subdag_operator.section-2', 'example_subdag_operator']) retrieved from /home/airflow/.local/lib/python3.7/site-packages/airflow/example_dags/example_subdag_operator.py
[2023-01-17T18:49:36.791+0000] {logging_mixin.py:137} INFO - [2023-01-17T18:49:36.791+0000] {dag.py:2676} INFO - Sync 3 DAGs
[2023-01-17T18:49:36.832+0000] {logging_mixin.py:137} INFO - [2023-01-17T18:49:36.832+0000] {dag.py:3427} INFO - Setting next_dagrun for example_subdag_operator to 2022-01-01T00:00:00+00:00, run_after=2022-01-01T00:00:00+00:00
[2023-01-17T18:49:36.848+0000] {logging_mixin.py:137} INFO - [2023-01-17T18:49:36.847+0000] {dag.py:3427} INFO - Setting next_dagrun for example_subdag_operator.section-1 to None, run_after=None
[2023-01-17T18:49:36.859+0000] {logging_mixin.py:137} INFO - [2023-01-17T18:49:36.858+0000] {dag.py:3427} INFO - Setting next_dagrun for example_subdag_operator.section-2 to None, run_after=None
[2023-01-17T18:49:36.877+0000] {logging_mixin.py:137} INFO - [2023-01-17T18:49:36.877+0000] {dag.py:2676} INFO - Sync 2 DAGs
[2023-01-17T18:49:36.899+0000] {logging_mixin.py:137} INFO - [2023-01-17T18:49:36.899+0000] {dag.py:3427} INFO - Setting next_dagrun for example_subdag_operator.section-1 to None, run_after=None
[2023-01-17T18:49:36.900+0000] {logging_mixin.py:137} INFO - [2023-01-17T18:49:36.900+0000] {dag.py:3427} INFO - Setting next_dagrun for example_subdag_operator.section-2 to None, run_after=None
[2023-01-17T18:49:36.935+0000] {processor.py:175} INFO - Processing /home/airflow/.local/lib/python3.7/site-packages/airflow/example_dags/example_subdag_operator.py took 0.293 seconds
[2023-01-17T18:50:07.735+0000] {processor.py:153} INFO - Started process (PID=546) to work on /home/airflow/.local/lib/python3.7/site-packages/airflow/example_dags/example_subdag_operator.py
[2023-01-17T18:50:07.736+0000] {processor.py:743} INFO - Processing file /home/airflow/.local/lib/python3.7/site-packages/airflow/example_dags/example_subdag_operator.py for tasks to queue
[2023-01-17T18:50:07.736+0000] {logging_mixin.py:137} INFO - [2023-01-17T18:50:07.736+0000] {dagbag.py:538} INFO - Filling up the DagBag from /home/airflow/.local/lib/python3.7/site-packages/airflow/example_dags/example_subdag_operator.py
[2023-01-17T18:50:07.778+0000] {processor.py:753} INFO - DAG(s) dict_keys(['example_subdag_operator.section-1', 'example_subdag_operator.section-2', 'example_subdag_operator']) retrieved from /home/airflow/.local/lib/python3.7/site-packages/airflow/example_dags/example_subdag_operator.py
[2023-01-17T18:50:07.818+0000] {logging_mixin.py:137} INFO - [2023-01-17T18:50:07.818+0000] {dag.py:2676} INFO - Sync 3 DAGs
[2023-01-17T18:50:07.842+0000] {logging_mixin.py:137} INFO - [2023-01-17T18:50:07.842+0000] {dag.py:3427} INFO - Setting next_dagrun for example_subdag_operator to 2022-01-01T00:00:00+00:00, run_after=2022-01-01T00:00:00+00:00
[2023-01-17T18:50:07.845+0000] {logging_mixin.py:137} INFO - [2023-01-17T18:50:07.845+0000] {dag.py:3427} INFO - Setting next_dagrun for example_subdag_operator.section-1 to None, run_after=None
[2023-01-17T18:50:07.846+0000] {logging_mixin.py:137} INFO - [2023-01-17T18:50:07.846+0000] {dag.py:3427} INFO - Setting next_dagrun for example_subdag_operator.section-2 to None, run_after=None
[2023-01-17T18:50:07.858+0000] {logging_mixin.py:137} INFO - [2023-01-17T18:50:07.858+0000] {dag.py:2676} INFO - Sync 2 DAGs
[2023-01-17T18:50:07.868+0000] {logging_mixin.py:137} INFO - [2023-01-17T18:50:07.868+0000] {dag.py:3427} INFO - Setting next_dagrun for example_subdag_operator.section-1 to None, run_after=None
[2023-01-17T18:50:07.868+0000] {logging_mixin.py:137} INFO - [2023-01-17T18:50:07.868+0000] {dag.py:3427} INFO - Setting next_dagrun for example_subdag_operator.section-2 to None, run_after=None
[2023-01-17T18:50:07.882+0000] {processor.py:175} INFO - Processing /home/airflow/.local/lib/python3.7/site-packages/airflow/example_dags/example_subdag_operator.py took 0.150 seconds
[2023-01-17T18:50:38.144+0000] {processor.py:153} INFO - Started process (PID=614) to work on /home/airflow/.local/lib/python3.7/site-packages/airflow/example_dags/example_subdag_operator.py
[2023-01-17T18:50:38.148+0000] {processor.py:743} INFO - Processing file /home/airflow/.local/lib/python3.7/site-packages/airflow/example_dags/example_subdag_operator.py for tasks to queue
[2023-01-17T18:50:38.149+0000] {logging_mixin.py:137} INFO - [2023-01-17T18:50:38.149+0000] {dagbag.py:538} INFO - Filling up the DagBag from /home/airflow/.local/lib/python3.7/site-packages/airflow/example_dags/example_subdag_operator.py
[2023-01-17T18:50:38.183+0000] {processor.py:753} INFO - DAG(s) dict_keys(['example_subdag_operator.section-1', 'example_subdag_operator.section-2', 'example_subdag_operator']) retrieved from /home/airflow/.local/lib/python3.7/site-packages/airflow/example_dags/example_subdag_operator.py
[2023-01-17T18:50:38.209+0000] {logging_mixin.py:137} INFO - [2023-01-17T18:50:38.209+0000] {dag.py:2676} INFO - Sync 3 DAGs
[2023-01-17T18:50:38.232+0000] {logging_mixin.py:137} INFO - [2023-01-17T18:50:38.232+0000] {dag.py:3427} INFO - Setting next_dagrun for example_subdag_operator to 2022-01-01T00:00:00+00:00, run_after=2022-01-01T00:00:00+00:00
[2023-01-17T18:50:38.235+0000] {logging_mixin.py:137} INFO - [2023-01-17T18:50:38.235+0000] {dag.py:3427} INFO - Setting next_dagrun for example_subdag_operator.section-1 to None, run_after=None
[2023-01-17T18:50:38.237+0000] {logging_mixin.py:137} INFO - [2023-01-17T18:50:38.237+0000] {dag.py:3427} INFO - Setting next_dagrun for example_subdag_operator.section-2 to None, run_after=None
[2023-01-17T18:50:38.245+0000] {logging_mixin.py:137} INFO - [2023-01-17T18:50:38.245+0000] {dag.py:2676} INFO - Sync 2 DAGs
[2023-01-17T18:50:38.251+0000] {logging_mixin.py:137} INFO - [2023-01-17T18:50:38.251+0000] {dag.py:3427} INFO - Setting next_dagrun for example_subdag_operator.section-1 to None, run_after=None
[2023-01-17T18:50:38.252+0000] {logging_mixin.py:137} INFO - [2023-01-17T18:50:38.251+0000] {dag.py:3427} INFO - Setting next_dagrun for example_subdag_operator.section-2 to None, run_after=None
[2023-01-17T18:50:38.262+0000] {processor.py:175} INFO - Processing /home/airflow/.local/lib/python3.7/site-packages/airflow/example_dags/example_subdag_operator.py took 0.120 seconds
[2023-01-17T18:51:09.149+0000] {processor.py:153} INFO - Started process (PID=681) to work on /home/airflow/.local/lib/python3.7/site-packages/airflow/example_dags/example_subdag_operator.py
[2023-01-17T18:51:09.150+0000] {processor.py:743} INFO - Processing file /home/airflow/.local/lib/python3.7/site-packages/airflow/example_dags/example_subdag_operator.py for tasks to queue
[2023-01-17T18:51:09.150+0000] {logging_mixin.py:137} INFO - [2023-01-17T18:51:09.150+0000] {dagbag.py:538} INFO - Filling up the DagBag from /home/airflow/.local/lib/python3.7/site-packages/airflow/example_dags/example_subdag_operator.py
[2023-01-17T18:51:09.179+0000] {processor.py:753} INFO - DAG(s) dict_keys(['example_subdag_operator.section-1', 'example_subdag_operator.section-2', 'example_subdag_operator']) retrieved from /home/airflow/.local/lib/python3.7/site-packages/airflow/example_dags/example_subdag_operator.py
[2023-01-17T18:51:09.208+0000] {logging_mixin.py:137} INFO - [2023-01-17T18:51:09.208+0000] {dag.py:2676} INFO - Sync 3 DAGs
[2023-01-17T18:51:09.240+0000] {logging_mixin.py:137} INFO - [2023-01-17T18:51:09.240+0000] {dag.py:3427} INFO - Setting next_dagrun for example_subdag_operator to 2022-01-01T00:00:00+00:00, run_after=2022-01-01T00:00:00+00:00
[2023-01-17T18:51:09.243+0000] {logging_mixin.py:137} INFO - [2023-01-17T18:51:09.243+0000] {dag.py:3427} INFO - Setting next_dagrun for example_subdag_operator.section-1 to None, run_after=None
[2023-01-17T18:51:09.244+0000] {logging_mixin.py:137} INFO - [2023-01-17T18:51:09.244+0000] {dag.py:3427} INFO - Setting next_dagrun for example_subdag_operator.section-2 to None, run_after=None
[2023-01-17T18:51:09.252+0000] {logging_mixin.py:137} INFO - [2023-01-17T18:51:09.252+0000] {dag.py:2676} INFO - Sync 2 DAGs
[2023-01-17T18:51:09.258+0000] {logging_mixin.py:137} INFO - [2023-01-17T18:51:09.258+0000] {dag.py:3427} INFO - Setting next_dagrun for example_subdag_operator.section-1 to None, run_after=None
[2023-01-17T18:51:09.259+0000] {logging_mixin.py:137} INFO - [2023-01-17T18:51:09.259+0000] {dag.py:3427} INFO - Setting next_dagrun for example_subdag_operator.section-2 to None, run_after=None
[2023-01-17T18:51:09.269+0000] {processor.py:175} INFO - Processing /home/airflow/.local/lib/python3.7/site-packages/airflow/example_dags/example_subdag_operator.py took 0.123 seconds
[2023-01-17T18:51:39.501+0000] {processor.py:153} INFO - Started process (PID=752) to work on /home/airflow/.local/lib/python3.7/site-packages/airflow/example_dags/example_subdag_operator.py
[2023-01-17T18:51:39.502+0000] {processor.py:743} INFO - Processing file /home/airflow/.local/lib/python3.7/site-packages/airflow/example_dags/example_subdag_operator.py for tasks to queue
[2023-01-17T18:51:39.503+0000] {logging_mixin.py:137} INFO - [2023-01-17T18:51:39.502+0000] {dagbag.py:538} INFO - Filling up the DagBag from /home/airflow/.local/lib/python3.7/site-packages/airflow/example_dags/example_subdag_operator.py
[2023-01-17T18:51:39.538+0000] {processor.py:753} INFO - DAG(s) dict_keys(['example_subdag_operator.section-1', 'example_subdag_operator.section-2', 'example_subdag_operator']) retrieved from /home/airflow/.local/lib/python3.7/site-packages/airflow/example_dags/example_subdag_operator.py
[2023-01-17T18:51:39.566+0000] {logging_mixin.py:137} INFO - [2023-01-17T18:51:39.566+0000] {dag.py:2676} INFO - Sync 3 DAGs
[2023-01-17T18:51:39.591+0000] {logging_mixin.py:137} INFO - [2023-01-17T18:51:39.591+0000] {dag.py:3427} INFO - Setting next_dagrun for example_subdag_operator to 2022-01-01T00:00:00+00:00, run_after=2022-01-01T00:00:00+00:00
[2023-01-17T18:51:39.594+0000] {logging_mixin.py:137} INFO - [2023-01-17T18:51:39.594+0000] {dag.py:3427} INFO - Setting next_dagrun for example_subdag_operator.section-1 to None, run_after=None
[2023-01-17T18:51:39.595+0000] {logging_mixin.py:137} INFO - [2023-01-17T18:51:39.595+0000] {dag.py:3427} INFO - Setting next_dagrun for example_subdag_operator.section-2 to None, run_after=None
[2023-01-17T18:51:39.602+0000] {logging_mixin.py:137} INFO - [2023-01-17T18:51:39.602+0000] {dag.py:2676} INFO - Sync 2 DAGs
[2023-01-17T18:51:39.608+0000] {logging_mixin.py:137} INFO - [2023-01-17T18:51:39.608+0000] {dag.py:3427} INFO - Setting next_dagrun for example_subdag_operator.section-1 to None, run_after=None
[2023-01-17T18:51:39.608+0000] {logging_mixin.py:137} INFO - [2023-01-17T18:51:39.608+0000] {dag.py:3427} INFO - Setting next_dagrun for example_subdag_operator.section-2 to None, run_after=None
[2023-01-17T18:51:39.621+0000] {processor.py:175} INFO - Processing /home/airflow/.local/lib/python3.7/site-packages/airflow/example_dags/example_subdag_operator.py took 0.123 seconds
