[2023-01-17T18:46:32.397+0000] {processor.py:153} INFO - Started process (PID=82) to work on /home/airflow/.local/lib/python3.7/site-packages/airflow/example_dags/example_kubernetes_executor.py
[2023-01-17T18:46:32.398+0000] {processor.py:743} INFO - Processing file /home/airflow/.local/lib/python3.7/site-packages/airflow/example_dags/example_kubernetes_executor.py for tasks to queue
[2023-01-17T18:46:32.399+0000] {logging_mixin.py:137} INFO - [2023-01-17T18:46:32.399+0000] {dagbag.py:538} INFO - Filling up the DagBag from /home/airflow/.local/lib/python3.7/site-packages/airflow/example_dags/example_kubernetes_executor.py
[2023-01-17T18:46:32.436+0000] {processor.py:753} INFO - DAG(s) dict_keys(['example_kubernetes_executor']) retrieved from /home/airflow/.local/lib/python3.7/site-packages/airflow/example_dags/example_kubernetes_executor.py
[2023-01-17T18:46:32.456+0000] {logging_mixin.py:137} INFO - [2023-01-17T18:46:32.456+0000] {dag.py:2676} INFO - Sync 1 DAGs
[2023-01-17T18:46:32.481+0000] {logging_mixin.py:137} INFO - [2023-01-17T18:46:32.481+0000] {dag.py:3427} INFO - Setting next_dagrun for example_kubernetes_executor to None, run_after=None
[2023-01-17T18:46:32.499+0000] {processor.py:175} INFO - Processing /home/airflow/.local/lib/python3.7/site-packages/airflow/example_dags/example_kubernetes_executor.py took 0.104 seconds
[2023-01-17T18:47:03.193+0000] {processor.py:153} INFO - Started process (PID=145) to work on /home/airflow/.local/lib/python3.7/site-packages/airflow/example_dags/example_kubernetes_executor.py
[2023-01-17T18:47:03.194+0000] {processor.py:743} INFO - Processing file /home/airflow/.local/lib/python3.7/site-packages/airflow/example_dags/example_kubernetes_executor.py for tasks to queue
[2023-01-17T18:47:03.195+0000] {logging_mixin.py:137} INFO - [2023-01-17T18:47:03.195+0000] {dagbag.py:538} INFO - Filling up the DagBag from /home/airflow/.local/lib/python3.7/site-packages/airflow/example_dags/example_kubernetes_executor.py
[2023-01-17T18:47:03.221+0000] {processor.py:753} INFO - DAG(s) dict_keys(['example_kubernetes_executor']) retrieved from /home/airflow/.local/lib/python3.7/site-packages/airflow/example_dags/example_kubernetes_executor.py
[2023-01-17T18:47:03.258+0000] {logging_mixin.py:137} INFO - [2023-01-17T18:47:03.258+0000] {dag.py:2676} INFO - Sync 1 DAGs
[2023-01-17T18:47:03.280+0000] {logging_mixin.py:137} INFO - [2023-01-17T18:47:03.280+0000] {dag.py:3427} INFO - Setting next_dagrun for example_kubernetes_executor to None, run_after=None
[2023-01-17T18:47:03.299+0000] {processor.py:175} INFO - Processing /home/airflow/.local/lib/python3.7/site-packages/airflow/example_dags/example_kubernetes_executor.py took 0.112 seconds
[2023-01-17T18:47:34.164+0000] {processor.py:153} INFO - Started process (PID=216) to work on /home/airflow/.local/lib/python3.7/site-packages/airflow/example_dags/example_kubernetes_executor.py
[2023-01-17T18:47:34.165+0000] {processor.py:743} INFO - Processing file /home/airflow/.local/lib/python3.7/site-packages/airflow/example_dags/example_kubernetes_executor.py for tasks to queue
[2023-01-17T18:47:34.165+0000] {logging_mixin.py:137} INFO - [2023-01-17T18:47:34.165+0000] {dagbag.py:538} INFO - Filling up the DagBag from /home/airflow/.local/lib/python3.7/site-packages/airflow/example_dags/example_kubernetes_executor.py
[2023-01-17T18:47:34.192+0000] {processor.py:753} INFO - DAG(s) dict_keys(['example_kubernetes_executor']) retrieved from /home/airflow/.local/lib/python3.7/site-packages/airflow/example_dags/example_kubernetes_executor.py
[2023-01-17T18:47:34.228+0000] {logging_mixin.py:137} INFO - [2023-01-17T18:47:34.228+0000] {dag.py:2676} INFO - Sync 1 DAGs
[2023-01-17T18:47:34.251+0000] {logging_mixin.py:137} INFO - [2023-01-17T18:47:34.251+0000] {dag.py:3427} INFO - Setting next_dagrun for example_kubernetes_executor to None, run_after=None
[2023-01-17T18:47:34.272+0000] {processor.py:175} INFO - Processing /home/airflow/.local/lib/python3.7/site-packages/airflow/example_dags/example_kubernetes_executor.py took 0.112 seconds
[2023-01-17T18:48:05.226+0000] {processor.py:153} INFO - Started process (PID=281) to work on /home/airflow/.local/lib/python3.7/site-packages/airflow/example_dags/example_kubernetes_executor.py
[2023-01-17T18:48:05.227+0000] {processor.py:743} INFO - Processing file /home/airflow/.local/lib/python3.7/site-packages/airflow/example_dags/example_kubernetes_executor.py for tasks to queue
[2023-01-17T18:48:05.227+0000] {logging_mixin.py:137} INFO - [2023-01-17T18:48:05.227+0000] {dagbag.py:538} INFO - Filling up the DagBag from /home/airflow/.local/lib/python3.7/site-packages/airflow/example_dags/example_kubernetes_executor.py
[2023-01-17T18:48:05.254+0000] {processor.py:753} INFO - DAG(s) dict_keys(['example_kubernetes_executor']) retrieved from /home/airflow/.local/lib/python3.7/site-packages/airflow/example_dags/example_kubernetes_executor.py
[2023-01-17T18:48:05.297+0000] {logging_mixin.py:137} INFO - [2023-01-17T18:48:05.297+0000] {dag.py:2676} INFO - Sync 1 DAGs
[2023-01-17T18:48:05.320+0000] {logging_mixin.py:137} INFO - [2023-01-17T18:48:05.320+0000] {dag.py:3427} INFO - Setting next_dagrun for example_kubernetes_executor to None, run_after=None
[2023-01-17T18:48:05.340+0000] {processor.py:175} INFO - Processing /home/airflow/.local/lib/python3.7/site-packages/airflow/example_dags/example_kubernetes_executor.py took 0.117 seconds
[2023-01-17T18:48:35.996+0000] {processor.py:153} INFO - Started process (PID=352) to work on /home/airflow/.local/lib/python3.7/site-packages/airflow/example_dags/example_kubernetes_executor.py
[2023-01-17T18:48:35.996+0000] {processor.py:743} INFO - Processing file /home/airflow/.local/lib/python3.7/site-packages/airflow/example_dags/example_kubernetes_executor.py for tasks to queue
[2023-01-17T18:48:35.997+0000] {logging_mixin.py:137} INFO - [2023-01-17T18:48:35.997+0000] {dagbag.py:538} INFO - Filling up the DagBag from /home/airflow/.local/lib/python3.7/site-packages/airflow/example_dags/example_kubernetes_executor.py
[2023-01-17T18:48:36.035+0000] {processor.py:753} INFO - DAG(s) dict_keys(['example_kubernetes_executor']) retrieved from /home/airflow/.local/lib/python3.7/site-packages/airflow/example_dags/example_kubernetes_executor.py
[2023-01-17T18:48:36.093+0000] {logging_mixin.py:137} INFO - [2023-01-17T18:48:36.093+0000] {dag.py:2676} INFO - Sync 1 DAGs
[2023-01-17T18:48:36.126+0000] {logging_mixin.py:137} INFO - [2023-01-17T18:48:36.126+0000] {dag.py:3427} INFO - Setting next_dagrun for example_kubernetes_executor to None, run_after=None
[2023-01-17T18:48:36.144+0000] {processor.py:175} INFO - Processing /home/airflow/.local/lib/python3.7/site-packages/airflow/example_dags/example_kubernetes_executor.py took 0.151 seconds
[2023-01-17T18:49:06.607+0000] {processor.py:153} INFO - Started process (PID=416) to work on /home/airflow/.local/lib/python3.7/site-packages/airflow/example_dags/example_kubernetes_executor.py
[2023-01-17T18:49:06.608+0000] {processor.py:743} INFO - Processing file /home/airflow/.local/lib/python3.7/site-packages/airflow/example_dags/example_kubernetes_executor.py for tasks to queue
[2023-01-17T18:49:06.608+0000] {logging_mixin.py:137} INFO - [2023-01-17T18:49:06.608+0000] {dagbag.py:538} INFO - Filling up the DagBag from /home/airflow/.local/lib/python3.7/site-packages/airflow/example_dags/example_kubernetes_executor.py
[2023-01-17T18:49:06.639+0000] {processor.py:753} INFO - DAG(s) dict_keys(['example_kubernetes_executor']) retrieved from /home/airflow/.local/lib/python3.7/site-packages/airflow/example_dags/example_kubernetes_executor.py
[2023-01-17T18:49:06.683+0000] {logging_mixin.py:137} INFO - [2023-01-17T18:49:06.683+0000] {dag.py:2676} INFO - Sync 1 DAGs
[2023-01-17T18:49:06.707+0000] {logging_mixin.py:137} INFO - [2023-01-17T18:49:06.707+0000] {dag.py:3427} INFO - Setting next_dagrun for example_kubernetes_executor to None, run_after=None
[2023-01-17T18:49:06.728+0000] {processor.py:175} INFO - Processing /home/airflow/.local/lib/python3.7/site-packages/airflow/example_dags/example_kubernetes_executor.py took 0.124 seconds
[2023-01-17T18:49:37.125+0000] {processor.py:153} INFO - Started process (PID=482) to work on /home/airflow/.local/lib/python3.7/site-packages/airflow/example_dags/example_kubernetes_executor.py
[2023-01-17T18:49:37.125+0000] {processor.py:743} INFO - Processing file /home/airflow/.local/lib/python3.7/site-packages/airflow/example_dags/example_kubernetes_executor.py for tasks to queue
[2023-01-17T18:49:37.126+0000] {logging_mixin.py:137} INFO - [2023-01-17T18:49:37.126+0000] {dagbag.py:538} INFO - Filling up the DagBag from /home/airflow/.local/lib/python3.7/site-packages/airflow/example_dags/example_kubernetes_executor.py
[2023-01-17T18:49:37.272+0000] {processor.py:753} INFO - DAG(s) dict_keys(['example_kubernetes_executor']) retrieved from /home/airflow/.local/lib/python3.7/site-packages/airflow/example_dags/example_kubernetes_executor.py
[2023-01-17T18:49:37.448+0000] {logging_mixin.py:137} INFO - [2023-01-17T18:49:37.448+0000] {dag.py:2676} INFO - Sync 1 DAGs
[2023-01-17T18:49:37.477+0000] {logging_mixin.py:137} INFO - [2023-01-17T18:49:37.477+0000] {dag.py:3427} INFO - Setting next_dagrun for example_kubernetes_executor to None, run_after=None
[2023-01-17T18:49:37.509+0000] {processor.py:175} INFO - Processing /home/airflow/.local/lib/python3.7/site-packages/airflow/example_dags/example_kubernetes_executor.py took 0.399 seconds
[2023-01-17T18:50:07.983+0000] {processor.py:153} INFO - Started process (PID=551) to work on /home/airflow/.local/lib/python3.7/site-packages/airflow/example_dags/example_kubernetes_executor.py
[2023-01-17T18:50:07.984+0000] {processor.py:743} INFO - Processing file /home/airflow/.local/lib/python3.7/site-packages/airflow/example_dags/example_kubernetes_executor.py for tasks to queue
[2023-01-17T18:50:07.985+0000] {logging_mixin.py:137} INFO - [2023-01-17T18:50:07.984+0000] {dagbag.py:538} INFO - Filling up the DagBag from /home/airflow/.local/lib/python3.7/site-packages/airflow/example_dags/example_kubernetes_executor.py
[2023-01-17T18:50:08.010+0000] {processor.py:753} INFO - DAG(s) dict_keys(['example_kubernetes_executor']) retrieved from /home/airflow/.local/lib/python3.7/site-packages/airflow/example_dags/example_kubernetes_executor.py
[2023-01-17T18:50:08.047+0000] {logging_mixin.py:137} INFO - [2023-01-17T18:50:08.047+0000] {dag.py:2676} INFO - Sync 1 DAGs
[2023-01-17T18:50:08.071+0000] {logging_mixin.py:137} INFO - [2023-01-17T18:50:08.071+0000] {dag.py:3427} INFO - Setting next_dagrun for example_kubernetes_executor to None, run_after=None
[2023-01-17T18:50:08.090+0000] {processor.py:175} INFO - Processing /home/airflow/.local/lib/python3.7/site-packages/airflow/example_dags/example_kubernetes_executor.py took 0.110 seconds
[2023-01-17T18:50:38.350+0000] {processor.py:153} INFO - Started process (PID=619) to work on /home/airflow/.local/lib/python3.7/site-packages/airflow/example_dags/example_kubernetes_executor.py
[2023-01-17T18:50:38.351+0000] {processor.py:743} INFO - Processing file /home/airflow/.local/lib/python3.7/site-packages/airflow/example_dags/example_kubernetes_executor.py for tasks to queue
[2023-01-17T18:50:38.351+0000] {logging_mixin.py:137} INFO - [2023-01-17T18:50:38.351+0000] {dagbag.py:538} INFO - Filling up the DagBag from /home/airflow/.local/lib/python3.7/site-packages/airflow/example_dags/example_kubernetes_executor.py
[2023-01-17T18:50:38.378+0000] {processor.py:753} INFO - DAG(s) dict_keys(['example_kubernetes_executor']) retrieved from /home/airflow/.local/lib/python3.7/site-packages/airflow/example_dags/example_kubernetes_executor.py
[2023-01-17T18:50:38.415+0000] {logging_mixin.py:137} INFO - [2023-01-17T18:50:38.415+0000] {dag.py:2676} INFO - Sync 1 DAGs
[2023-01-17T18:50:38.439+0000] {logging_mixin.py:137} INFO - [2023-01-17T18:50:38.439+0000] {dag.py:3427} INFO - Setting next_dagrun for example_kubernetes_executor to None, run_after=None
[2023-01-17T18:50:38.459+0000] {processor.py:175} INFO - Processing /home/airflow/.local/lib/python3.7/site-packages/airflow/example_dags/example_kubernetes_executor.py took 0.117 seconds
[2023-01-17T18:51:09.345+0000] {processor.py:153} INFO - Started process (PID=684) to work on /home/airflow/.local/lib/python3.7/site-packages/airflow/example_dags/example_kubernetes_executor.py
[2023-01-17T18:51:09.345+0000] {processor.py:743} INFO - Processing file /home/airflow/.local/lib/python3.7/site-packages/airflow/example_dags/example_kubernetes_executor.py for tasks to queue
[2023-01-17T18:51:09.346+0000] {logging_mixin.py:137} INFO - [2023-01-17T18:51:09.346+0000] {dagbag.py:538} INFO - Filling up the DagBag from /home/airflow/.local/lib/python3.7/site-packages/airflow/example_dags/example_kubernetes_executor.py
[2023-01-17T18:51:09.373+0000] {processor.py:753} INFO - DAG(s) dict_keys(['example_kubernetes_executor']) retrieved from /home/airflow/.local/lib/python3.7/site-packages/airflow/example_dags/example_kubernetes_executor.py
[2023-01-17T18:51:09.421+0000] {logging_mixin.py:137} INFO - [2023-01-17T18:51:09.421+0000] {dag.py:2676} INFO - Sync 1 DAGs
[2023-01-17T18:51:09.449+0000] {logging_mixin.py:137} INFO - [2023-01-17T18:51:09.448+0000] {dag.py:3427} INFO - Setting next_dagrun for example_kubernetes_executor to None, run_after=None
[2023-01-17T18:51:09.466+0000] {processor.py:175} INFO - Processing /home/airflow/.local/lib/python3.7/site-packages/airflow/example_dags/example_kubernetes_executor.py took 0.124 seconds
[2023-01-17T18:51:39.705+0000] {processor.py:153} INFO - Started process (PID=755) to work on /home/airflow/.local/lib/python3.7/site-packages/airflow/example_dags/example_kubernetes_executor.py
[2023-01-17T18:51:39.705+0000] {processor.py:743} INFO - Processing file /home/airflow/.local/lib/python3.7/site-packages/airflow/example_dags/example_kubernetes_executor.py for tasks to queue
[2023-01-17T18:51:39.706+0000] {logging_mixin.py:137} INFO - [2023-01-17T18:51:39.706+0000] {dagbag.py:538} INFO - Filling up the DagBag from /home/airflow/.local/lib/python3.7/site-packages/airflow/example_dags/example_kubernetes_executor.py
[2023-01-17T18:51:39.734+0000] {processor.py:753} INFO - DAG(s) dict_keys(['example_kubernetes_executor']) retrieved from /home/airflow/.local/lib/python3.7/site-packages/airflow/example_dags/example_kubernetes_executor.py
[2023-01-17T18:51:39.773+0000] {logging_mixin.py:137} INFO - [2023-01-17T18:51:39.773+0000] {dag.py:2676} INFO - Sync 1 DAGs
[2023-01-17T18:51:39.797+0000] {logging_mixin.py:137} INFO - [2023-01-17T18:51:39.797+0000] {dag.py:3427} INFO - Setting next_dagrun for example_kubernetes_executor to None, run_after=None
[2023-01-17T18:51:39.821+0000] {processor.py:175} INFO - Processing /home/airflow/.local/lib/python3.7/site-packages/airflow/example_dags/example_kubernetes_executor.py took 0.119 seconds
