[2023-01-17T18:46:28.592+0000] {processor.py:153} INFO - Started process (PID=39) to work on /home/airflow/.local/lib/python3.7/site-packages/airflow/example_dags/example_branch_day_of_week_operator.py
[2023-01-17T18:46:28.593+0000] {processor.py:743} INFO - Processing file /home/airflow/.local/lib/python3.7/site-packages/airflow/example_dags/example_branch_day_of_week_operator.py for tasks to queue
[2023-01-17T18:46:28.593+0000] {logging_mixin.py:137} INFO - [2023-01-17T18:46:28.593+0000] {dagbag.py:538} INFO - Filling up the DagBag from /home/airflow/.local/lib/python3.7/site-packages/airflow/example_dags/example_branch_day_of_week_operator.py
[2023-01-17T18:46:28.608+0000] {processor.py:753} INFO - DAG(s) dict_keys(['example_weekday_branch_operator']) retrieved from /home/airflow/.local/lib/python3.7/site-packages/airflow/example_dags/example_branch_day_of_week_operator.py
[2023-01-17T18:46:28.635+0000] {logging_mixin.py:137} INFO - [2023-01-17T18:46:28.635+0000] {dag.py:2676} INFO - Sync 1 DAGs
[2023-01-17T18:46:28.660+0000] {logging_mixin.py:137} INFO - [2023-01-17T18:46:28.660+0000] {dag.py:3427} INFO - Setting next_dagrun for example_weekday_branch_operator to 2023-01-16T00:00:00+00:00, run_after=2023-01-17T00:00:00+00:00
[2023-01-17T18:46:28.677+0000] {processor.py:175} INFO - Processing /home/airflow/.local/lib/python3.7/site-packages/airflow/example_dags/example_branch_day_of_week_operator.py took 0.087 seconds
[2023-01-17T18:46:59.048+0000] {processor.py:153} INFO - Started process (PID=114) to work on /home/airflow/.local/lib/python3.7/site-packages/airflow/example_dags/example_branch_day_of_week_operator.py
[2023-01-17T18:46:59.049+0000] {processor.py:743} INFO - Processing file /home/airflow/.local/lib/python3.7/site-packages/airflow/example_dags/example_branch_day_of_week_operator.py for tasks to queue
[2023-01-17T18:46:59.050+0000] {logging_mixin.py:137} INFO - [2023-01-17T18:46:59.049+0000] {dagbag.py:538} INFO - Filling up the DagBag from /home/airflow/.local/lib/python3.7/site-packages/airflow/example_dags/example_branch_day_of_week_operator.py
[2023-01-17T18:46:59.066+0000] {processor.py:753} INFO - DAG(s) dict_keys(['example_weekday_branch_operator']) retrieved from /home/airflow/.local/lib/python3.7/site-packages/airflow/example_dags/example_branch_day_of_week_operator.py
[2023-01-17T18:46:59.098+0000] {logging_mixin.py:137} INFO - [2023-01-17T18:46:59.098+0000] {dag.py:2676} INFO - Sync 1 DAGs
[2023-01-17T18:46:59.123+0000] {logging_mixin.py:137} INFO - [2023-01-17T18:46:59.123+0000] {dag.py:3427} INFO - Setting next_dagrun for example_weekday_branch_operator to 2023-01-16T00:00:00+00:00, run_after=2023-01-17T00:00:00+00:00
[2023-01-17T18:46:59.147+0000] {processor.py:175} INFO - Processing /home/airflow/.local/lib/python3.7/site-packages/airflow/example_dags/example_branch_day_of_week_operator.py took 0.101 seconds
[2023-01-17T18:47:29.702+0000] {processor.py:153} INFO - Started process (PID=176) to work on /home/airflow/.local/lib/python3.7/site-packages/airflow/example_dags/example_branch_day_of_week_operator.py
[2023-01-17T18:47:29.702+0000] {processor.py:743} INFO - Processing file /home/airflow/.local/lib/python3.7/site-packages/airflow/example_dags/example_branch_day_of_week_operator.py for tasks to queue
[2023-01-17T18:47:29.703+0000] {logging_mixin.py:137} INFO - [2023-01-17T18:47:29.703+0000] {dagbag.py:538} INFO - Filling up the DagBag from /home/airflow/.local/lib/python3.7/site-packages/airflow/example_dags/example_branch_day_of_week_operator.py
[2023-01-17T18:47:29.720+0000] {processor.py:753} INFO - DAG(s) dict_keys(['example_weekday_branch_operator']) retrieved from /home/airflow/.local/lib/python3.7/site-packages/airflow/example_dags/example_branch_day_of_week_operator.py
[2023-01-17T18:47:29.752+0000] {logging_mixin.py:137} INFO - [2023-01-17T18:47:29.752+0000] {dag.py:2676} INFO - Sync 1 DAGs
[2023-01-17T18:47:29.780+0000] {logging_mixin.py:137} INFO - [2023-01-17T18:47:29.780+0000] {dag.py:3427} INFO - Setting next_dagrun for example_weekday_branch_operator to 2023-01-16T00:00:00+00:00, run_after=2023-01-17T00:00:00+00:00
[2023-01-17T18:47:29.798+0000] {processor.py:175} INFO - Processing /home/airflow/.local/lib/python3.7/site-packages/airflow/example_dags/example_branch_day_of_week_operator.py took 0.099 seconds
[2023-01-17T18:48:00.738+0000] {processor.py:153} INFO - Started process (PID=250) to work on /home/airflow/.local/lib/python3.7/site-packages/airflow/example_dags/example_branch_day_of_week_operator.py
[2023-01-17T18:48:00.739+0000] {processor.py:743} INFO - Processing file /home/airflow/.local/lib/python3.7/site-packages/airflow/example_dags/example_branch_day_of_week_operator.py for tasks to queue
[2023-01-17T18:48:00.739+0000] {logging_mixin.py:137} INFO - [2023-01-17T18:48:00.739+0000] {dagbag.py:538} INFO - Filling up the DagBag from /home/airflow/.local/lib/python3.7/site-packages/airflow/example_dags/example_branch_day_of_week_operator.py
[2023-01-17T18:48:00.753+0000] {processor.py:753} INFO - DAG(s) dict_keys(['example_weekday_branch_operator']) retrieved from /home/airflow/.local/lib/python3.7/site-packages/airflow/example_dags/example_branch_day_of_week_operator.py
[2023-01-17T18:48:00.834+0000] {logging_mixin.py:137} INFO - [2023-01-17T18:48:00.834+0000] {dag.py:2676} INFO - Sync 1 DAGs
[2023-01-17T18:48:00.869+0000] {logging_mixin.py:137} INFO - [2023-01-17T18:48:00.868+0000] {dag.py:3427} INFO - Setting next_dagrun for example_weekday_branch_operator to 2023-01-16T00:00:00+00:00, run_after=2023-01-17T00:00:00+00:00
[2023-01-17T18:48:00.894+0000] {processor.py:175} INFO - Processing /home/airflow/.local/lib/python3.7/site-packages/airflow/example_dags/example_branch_day_of_week_operator.py took 0.159 seconds
[2023-01-17T18:48:31.738+0000] {processor.py:153} INFO - Started process (PID=312) to work on /home/airflow/.local/lib/python3.7/site-packages/airflow/example_dags/example_branch_day_of_week_operator.py
[2023-01-17T18:48:31.738+0000] {processor.py:743} INFO - Processing file /home/airflow/.local/lib/python3.7/site-packages/airflow/example_dags/example_branch_day_of_week_operator.py for tasks to queue
[2023-01-17T18:48:31.739+0000] {logging_mixin.py:137} INFO - [2023-01-17T18:48:31.739+0000] {dagbag.py:538} INFO - Filling up the DagBag from /home/airflow/.local/lib/python3.7/site-packages/airflow/example_dags/example_branch_day_of_week_operator.py
[2023-01-17T18:48:31.756+0000] {processor.py:753} INFO - DAG(s) dict_keys(['example_weekday_branch_operator']) retrieved from /home/airflow/.local/lib/python3.7/site-packages/airflow/example_dags/example_branch_day_of_week_operator.py
[2023-01-17T18:48:31.792+0000] {logging_mixin.py:137} INFO - [2023-01-17T18:48:31.792+0000] {dag.py:2676} INFO - Sync 1 DAGs
[2023-01-17T18:48:31.817+0000] {logging_mixin.py:137} INFO - [2023-01-17T18:48:31.817+0000] {dag.py:3427} INFO - Setting next_dagrun for example_weekday_branch_operator to 2023-01-16T00:00:00+00:00, run_after=2023-01-17T00:00:00+00:00
[2023-01-17T18:48:31.835+0000] {processor.py:175} INFO - Processing /home/airflow/.local/lib/python3.7/site-packages/airflow/example_dags/example_branch_day_of_week_operator.py took 0.100 seconds
[2023-01-17T18:49:02.477+0000] {processor.py:153} INFO - Started process (PID=385) to work on /home/airflow/.local/lib/python3.7/site-packages/airflow/example_dags/example_branch_day_of_week_operator.py
[2023-01-17T18:49:02.478+0000] {processor.py:743} INFO - Processing file /home/airflow/.local/lib/python3.7/site-packages/airflow/example_dags/example_branch_day_of_week_operator.py for tasks to queue
[2023-01-17T18:49:02.478+0000] {logging_mixin.py:137} INFO - [2023-01-17T18:49:02.478+0000] {dagbag.py:538} INFO - Filling up the DagBag from /home/airflow/.local/lib/python3.7/site-packages/airflow/example_dags/example_branch_day_of_week_operator.py
[2023-01-17T18:49:02.492+0000] {processor.py:753} INFO - DAG(s) dict_keys(['example_weekday_branch_operator']) retrieved from /home/airflow/.local/lib/python3.7/site-packages/airflow/example_dags/example_branch_day_of_week_operator.py
[2023-01-17T18:49:02.524+0000] {logging_mixin.py:137} INFO - [2023-01-17T18:49:02.524+0000] {dag.py:2676} INFO - Sync 1 DAGs
[2023-01-17T18:49:02.550+0000] {logging_mixin.py:137} INFO - [2023-01-17T18:49:02.550+0000] {dag.py:3427} INFO - Setting next_dagrun for example_weekday_branch_operator to 2023-01-16T00:00:00+00:00, run_after=2023-01-17T00:00:00+00:00
[2023-01-17T18:49:02.569+0000] {processor.py:175} INFO - Processing /home/airflow/.local/lib/python3.7/site-packages/airflow/example_dags/example_branch_day_of_week_operator.py took 0.095 seconds
[2023-01-17T18:49:33.215+0000] {processor.py:153} INFO - Started process (PID=445) to work on /home/airflow/.local/lib/python3.7/site-packages/airflow/example_dags/example_branch_day_of_week_operator.py
[2023-01-17T18:49:33.216+0000] {processor.py:743} INFO - Processing file /home/airflow/.local/lib/python3.7/site-packages/airflow/example_dags/example_branch_day_of_week_operator.py for tasks to queue
[2023-01-17T18:49:33.217+0000] {logging_mixin.py:137} INFO - [2023-01-17T18:49:33.217+0000] {dagbag.py:538} INFO - Filling up the DagBag from /home/airflow/.local/lib/python3.7/site-packages/airflow/example_dags/example_branch_day_of_week_operator.py
[2023-01-17T18:49:33.236+0000] {processor.py:753} INFO - DAG(s) dict_keys(['example_weekday_branch_operator']) retrieved from /home/airflow/.local/lib/python3.7/site-packages/airflow/example_dags/example_branch_day_of_week_operator.py
[2023-01-17T18:49:33.274+0000] {logging_mixin.py:137} INFO - [2023-01-17T18:49:33.274+0000] {dag.py:2676} INFO - Sync 1 DAGs
[2023-01-17T18:49:33.304+0000] {logging_mixin.py:137} INFO - [2023-01-17T18:49:33.304+0000] {dag.py:3427} INFO - Setting next_dagrun for example_weekday_branch_operator to 2023-01-16T00:00:00+00:00, run_after=2023-01-17T00:00:00+00:00
[2023-01-17T18:49:33.323+0000] {processor.py:175} INFO - Processing /home/airflow/.local/lib/python3.7/site-packages/airflow/example_dags/example_branch_day_of_week_operator.py took 0.110 seconds
[2023-01-17T18:50:03.759+0000] {processor.py:153} INFO - Started process (PID=518) to work on /home/airflow/.local/lib/python3.7/site-packages/airflow/example_dags/example_branch_day_of_week_operator.py
[2023-01-17T18:50:03.760+0000] {processor.py:743} INFO - Processing file /home/airflow/.local/lib/python3.7/site-packages/airflow/example_dags/example_branch_day_of_week_operator.py for tasks to queue
[2023-01-17T18:50:03.761+0000] {logging_mixin.py:137} INFO - [2023-01-17T18:50:03.761+0000] {dagbag.py:538} INFO - Filling up the DagBag from /home/airflow/.local/lib/python3.7/site-packages/airflow/example_dags/example_branch_day_of_week_operator.py
[2023-01-17T18:50:03.775+0000] {processor.py:753} INFO - DAG(s) dict_keys(['example_weekday_branch_operator']) retrieved from /home/airflow/.local/lib/python3.7/site-packages/airflow/example_dags/example_branch_day_of_week_operator.py
[2023-01-17T18:50:03.808+0000] {logging_mixin.py:137} INFO - [2023-01-17T18:50:03.807+0000] {dag.py:2676} INFO - Sync 1 DAGs
[2023-01-17T18:50:03.832+0000] {logging_mixin.py:137} INFO - [2023-01-17T18:50:03.832+0000] {dag.py:3427} INFO - Setting next_dagrun for example_weekday_branch_operator to 2023-01-16T00:00:00+00:00, run_after=2023-01-17T00:00:00+00:00
[2023-01-17T18:50:03.853+0000] {processor.py:175} INFO - Processing /home/airflow/.local/lib/python3.7/site-packages/airflow/example_dags/example_branch_day_of_week_operator.py took 0.096 seconds
[2023-01-17T18:50:34.379+0000] {processor.py:153} INFO - Started process (PID=580) to work on /home/airflow/.local/lib/python3.7/site-packages/airflow/example_dags/example_branch_day_of_week_operator.py
[2023-01-17T18:50:34.380+0000] {processor.py:743} INFO - Processing file /home/airflow/.local/lib/python3.7/site-packages/airflow/example_dags/example_branch_day_of_week_operator.py for tasks to queue
[2023-01-17T18:50:34.380+0000] {logging_mixin.py:137} INFO - [2023-01-17T18:50:34.380+0000] {dagbag.py:538} INFO - Filling up the DagBag from /home/airflow/.local/lib/python3.7/site-packages/airflow/example_dags/example_branch_day_of_week_operator.py
[2023-01-17T18:50:34.394+0000] {processor.py:753} INFO - DAG(s) dict_keys(['example_weekday_branch_operator']) retrieved from /home/airflow/.local/lib/python3.7/site-packages/airflow/example_dags/example_branch_day_of_week_operator.py
[2023-01-17T18:50:34.425+0000] {logging_mixin.py:137} INFO - [2023-01-17T18:50:34.424+0000] {dag.py:2676} INFO - Sync 1 DAGs
[2023-01-17T18:50:34.448+0000] {logging_mixin.py:137} INFO - [2023-01-17T18:50:34.448+0000] {dag.py:3427} INFO - Setting next_dagrun for example_weekday_branch_operator to 2023-01-16T00:00:00+00:00, run_after=2023-01-17T00:00:00+00:00
[2023-01-17T18:50:34.465+0000] {processor.py:175} INFO - Processing /home/airflow/.local/lib/python3.7/site-packages/airflow/example_dags/example_branch_day_of_week_operator.py took 0.089 seconds
[2023-01-17T18:51:04.897+0000] {processor.py:153} INFO - Started process (PID=653) to work on /home/airflow/.local/lib/python3.7/site-packages/airflow/example_dags/example_branch_day_of_week_operator.py
[2023-01-17T18:51:04.897+0000] {processor.py:743} INFO - Processing file /home/airflow/.local/lib/python3.7/site-packages/airflow/example_dags/example_branch_day_of_week_operator.py for tasks to queue
[2023-01-17T18:51:04.898+0000] {logging_mixin.py:137} INFO - [2023-01-17T18:51:04.898+0000] {dagbag.py:538} INFO - Filling up the DagBag from /home/airflow/.local/lib/python3.7/site-packages/airflow/example_dags/example_branch_day_of_week_operator.py
[2023-01-17T18:51:04.911+0000] {processor.py:753} INFO - DAG(s) dict_keys(['example_weekday_branch_operator']) retrieved from /home/airflow/.local/lib/python3.7/site-packages/airflow/example_dags/example_branch_day_of_week_operator.py
[2023-01-17T18:51:04.944+0000] {logging_mixin.py:137} INFO - [2023-01-17T18:51:04.943+0000] {dag.py:2676} INFO - Sync 1 DAGs
[2023-01-17T18:51:04.969+0000] {logging_mixin.py:137} INFO - [2023-01-17T18:51:04.969+0000] {dag.py:3427} INFO - Setting next_dagrun for example_weekday_branch_operator to 2023-01-16T00:00:00+00:00, run_after=2023-01-17T00:00:00+00:00
[2023-01-17T18:51:04.990+0000] {processor.py:175} INFO - Processing /home/airflow/.local/lib/python3.7/site-packages/airflow/example_dags/example_branch_day_of_week_operator.py took 0.098 seconds
[2023-01-17T18:51:35.805+0000] {processor.py:153} INFO - Started process (PID=715) to work on /home/airflow/.local/lib/python3.7/site-packages/airflow/example_dags/example_branch_day_of_week_operator.py
[2023-01-17T18:51:35.806+0000] {processor.py:743} INFO - Processing file /home/airflow/.local/lib/python3.7/site-packages/airflow/example_dags/example_branch_day_of_week_operator.py for tasks to queue
[2023-01-17T18:51:35.807+0000] {logging_mixin.py:137} INFO - [2023-01-17T18:51:35.806+0000] {dagbag.py:538} INFO - Filling up the DagBag from /home/airflow/.local/lib/python3.7/site-packages/airflow/example_dags/example_branch_day_of_week_operator.py
[2023-01-17T18:51:35.820+0000] {processor.py:753} INFO - DAG(s) dict_keys(['example_weekday_branch_operator']) retrieved from /home/airflow/.local/lib/python3.7/site-packages/airflow/example_dags/example_branch_day_of_week_operator.py
[2023-01-17T18:51:35.849+0000] {logging_mixin.py:137} INFO - [2023-01-17T18:51:35.849+0000] {dag.py:2676} INFO - Sync 1 DAGs
[2023-01-17T18:51:35.873+0000] {logging_mixin.py:137} INFO - [2023-01-17T18:51:35.873+0000] {dag.py:3427} INFO - Setting next_dagrun for example_weekday_branch_operator to 2023-01-16T00:00:00+00:00, run_after=2023-01-17T00:00:00+00:00
[2023-01-17T18:51:35.890+0000] {processor.py:175} INFO - Processing /home/airflow/.local/lib/python3.7/site-packages/airflow/example_dags/example_branch_day_of_week_operator.py took 0.087 seconds
