[2023-01-17T18:46:32.299+0000] {processor.py:153} INFO - Started process (PID=80) to work on /home/airflow/.local/lib/python3.7/site-packages/airflow/example_dags/example_latest_only_with_trigger.py
[2023-01-17T18:46:32.300+0000] {processor.py:743} INFO - Processing file /home/airflow/.local/lib/python3.7/site-packages/airflow/example_dags/example_latest_only_with_trigger.py for tasks to queue
[2023-01-17T18:46:32.301+0000] {logging_mixin.py:137} INFO - [2023-01-17T18:46:32.301+0000] {dagbag.py:538} INFO - Filling up the DagBag from /home/airflow/.local/lib/python3.7/site-packages/airflow/example_dags/example_latest_only_with_trigger.py
[2023-01-17T18:46:32.314+0000] {processor.py:753} INFO - DAG(s) dict_keys(['latest_only_with_trigger']) retrieved from /home/airflow/.local/lib/python3.7/site-packages/airflow/example_dags/example_latest_only_with_trigger.py
[2023-01-17T18:46:32.338+0000] {logging_mixin.py:137} INFO - [2023-01-17T18:46:32.338+0000] {dag.py:2676} INFO - Sync 1 DAGs
[2023-01-17T18:46:32.362+0000] {logging_mixin.py:137} INFO - [2023-01-17T18:46:32.362+0000] {dag.py:3427} INFO - Setting next_dagrun for latest_only_with_trigger to 2023-01-17T14:46:32.361934+00:00, run_after=2023-01-17T18:46:32.361934+00:00
[2023-01-17T18:46:32.379+0000] {processor.py:175} INFO - Processing /home/airflow/.local/lib/python3.7/site-packages/airflow/example_dags/example_latest_only_with_trigger.py took 0.082 seconds
[2023-01-17T18:47:03.082+0000] {processor.py:153} INFO - Started process (PID=143) to work on /home/airflow/.local/lib/python3.7/site-packages/airflow/example_dags/example_latest_only_with_trigger.py
[2023-01-17T18:47:03.082+0000] {processor.py:743} INFO - Processing file /home/airflow/.local/lib/python3.7/site-packages/airflow/example_dags/example_latest_only_with_trigger.py for tasks to queue
[2023-01-17T18:47:03.083+0000] {logging_mixin.py:137} INFO - [2023-01-17T18:47:03.083+0000] {dagbag.py:538} INFO - Filling up the DagBag from /home/airflow/.local/lib/python3.7/site-packages/airflow/example_dags/example_latest_only_with_trigger.py
[2023-01-17T18:47:03.096+0000] {processor.py:753} INFO - DAG(s) dict_keys(['latest_only_with_trigger']) retrieved from /home/airflow/.local/lib/python3.7/site-packages/airflow/example_dags/example_latest_only_with_trigger.py
[2023-01-17T18:47:03.132+0000] {logging_mixin.py:137} INFO - [2023-01-17T18:47:03.132+0000] {dag.py:2676} INFO - Sync 1 DAGs
[2023-01-17T18:47:03.156+0000] {logging_mixin.py:137} INFO - [2023-01-17T18:47:03.156+0000] {dag.py:3427} INFO - Setting next_dagrun for latest_only_with_trigger to 2023-01-17T14:47:03.156010+00:00, run_after=2023-01-17T18:47:03.156010+00:00
[2023-01-17T18:47:03.173+0000] {processor.py:175} INFO - Processing /home/airflow/.local/lib/python3.7/site-packages/airflow/example_dags/example_latest_only_with_trigger.py took 0.093 seconds
[2023-01-17T18:47:33.938+0000] {processor.py:153} INFO - Started process (PID=214) to work on /home/airflow/.local/lib/python3.7/site-packages/airflow/example_dags/example_latest_only_with_trigger.py
[2023-01-17T18:47:33.950+0000] {processor.py:743} INFO - Processing file /home/airflow/.local/lib/python3.7/site-packages/airflow/example_dags/example_latest_only_with_trigger.py for tasks to queue
[2023-01-17T18:47:33.951+0000] {logging_mixin.py:137} INFO - [2023-01-17T18:47:33.951+0000] {dagbag.py:538} INFO - Filling up the DagBag from /home/airflow/.local/lib/python3.7/site-packages/airflow/example_dags/example_latest_only_with_trigger.py
[2023-01-17T18:47:33.972+0000] {processor.py:753} INFO - DAG(s) dict_keys(['latest_only_with_trigger']) retrieved from /home/airflow/.local/lib/python3.7/site-packages/airflow/example_dags/example_latest_only_with_trigger.py
[2023-01-17T18:47:34.042+0000] {logging_mixin.py:137} INFO - [2023-01-17T18:47:34.042+0000] {dag.py:2676} INFO - Sync 1 DAGs
[2023-01-17T18:47:34.098+0000] {logging_mixin.py:137} INFO - [2023-01-17T18:47:34.098+0000] {dag.py:3427} INFO - Setting next_dagrun for latest_only_with_trigger to 2023-01-17T14:47:34.098443+00:00, run_after=2023-01-17T18:47:34.098443+00:00
[2023-01-17T18:47:34.145+0000] {processor.py:175} INFO - Processing /home/airflow/.local/lib/python3.7/site-packages/airflow/example_dags/example_latest_only_with_trigger.py took 0.209 seconds
[2023-01-17T18:48:05.115+0000] {processor.py:153} INFO - Started process (PID=279) to work on /home/airflow/.local/lib/python3.7/site-packages/airflow/example_dags/example_latest_only_with_trigger.py
[2023-01-17T18:48:05.116+0000] {processor.py:743} INFO - Processing file /home/airflow/.local/lib/python3.7/site-packages/airflow/example_dags/example_latest_only_with_trigger.py for tasks to queue
[2023-01-17T18:48:05.117+0000] {logging_mixin.py:137} INFO - [2023-01-17T18:48:05.117+0000] {dagbag.py:538} INFO - Filling up the DagBag from /home/airflow/.local/lib/python3.7/site-packages/airflow/example_dags/example_latest_only_with_trigger.py
[2023-01-17T18:48:05.135+0000] {processor.py:753} INFO - DAG(s) dict_keys(['latest_only_with_trigger']) retrieved from /home/airflow/.local/lib/python3.7/site-packages/airflow/example_dags/example_latest_only_with_trigger.py
[2023-01-17T18:48:05.167+0000] {logging_mixin.py:137} INFO - [2023-01-17T18:48:05.167+0000] {dag.py:2676} INFO - Sync 1 DAGs
[2023-01-17T18:48:05.190+0000] {logging_mixin.py:137} INFO - [2023-01-17T18:48:05.189+0000] {dag.py:3427} INFO - Setting next_dagrun for latest_only_with_trigger to 2023-01-17T14:48:05.189695+00:00, run_after=2023-01-17T18:48:05.189695+00:00
[2023-01-17T18:48:05.210+0000] {processor.py:175} INFO - Processing /home/airflow/.local/lib/python3.7/site-packages/airflow/example_dags/example_latest_only_with_trigger.py took 0.096 seconds
[2023-01-17T18:48:35.871+0000] {processor.py:153} INFO - Started process (PID=350) to work on /home/airflow/.local/lib/python3.7/site-packages/airflow/example_dags/example_latest_only_with_trigger.py
[2023-01-17T18:48:35.875+0000] {processor.py:743} INFO - Processing file /home/airflow/.local/lib/python3.7/site-packages/airflow/example_dags/example_latest_only_with_trigger.py for tasks to queue
[2023-01-17T18:48:35.875+0000] {logging_mixin.py:137} INFO - [2023-01-17T18:48:35.875+0000] {dagbag.py:538} INFO - Filling up the DagBag from /home/airflow/.local/lib/python3.7/site-packages/airflow/example_dags/example_latest_only_with_trigger.py
[2023-01-17T18:48:35.892+0000] {processor.py:753} INFO - DAG(s) dict_keys(['latest_only_with_trigger']) retrieved from /home/airflow/.local/lib/python3.7/site-packages/airflow/example_dags/example_latest_only_with_trigger.py
[2023-01-17T18:48:35.928+0000] {logging_mixin.py:137} INFO - [2023-01-17T18:48:35.928+0000] {dag.py:2676} INFO - Sync 1 DAGs
[2023-01-17T18:48:35.955+0000] {logging_mixin.py:137} INFO - [2023-01-17T18:48:35.955+0000] {dag.py:3427} INFO - Setting next_dagrun for latest_only_with_trigger to 2023-01-17T14:48:35.955171+00:00, run_after=2023-01-17T18:48:35.955171+00:00
[2023-01-17T18:48:35.979+0000] {processor.py:175} INFO - Processing /home/airflow/.local/lib/python3.7/site-packages/airflow/example_dags/example_latest_only_with_trigger.py took 0.119 seconds
[2023-01-17T18:49:06.475+0000] {processor.py:153} INFO - Started process (PID=414) to work on /home/airflow/.local/lib/python3.7/site-packages/airflow/example_dags/example_latest_only_with_trigger.py
[2023-01-17T18:49:06.481+0000] {processor.py:743} INFO - Processing file /home/airflow/.local/lib/python3.7/site-packages/airflow/example_dags/example_latest_only_with_trigger.py for tasks to queue
[2023-01-17T18:49:06.481+0000] {logging_mixin.py:137} INFO - [2023-01-17T18:49:06.481+0000] {dagbag.py:538} INFO - Filling up the DagBag from /home/airflow/.local/lib/python3.7/site-packages/airflow/example_dags/example_latest_only_with_trigger.py
[2023-01-17T18:49:06.502+0000] {processor.py:753} INFO - DAG(s) dict_keys(['latest_only_with_trigger']) retrieved from /home/airflow/.local/lib/python3.7/site-packages/airflow/example_dags/example_latest_only_with_trigger.py
[2023-01-17T18:49:06.540+0000] {logging_mixin.py:137} INFO - [2023-01-17T18:49:06.540+0000] {dag.py:2676} INFO - Sync 1 DAGs
[2023-01-17T18:49:06.565+0000] {logging_mixin.py:137} INFO - [2023-01-17T18:49:06.565+0000] {dag.py:3427} INFO - Setting next_dagrun for latest_only_with_trigger to 2023-01-17T14:49:06.564913+00:00, run_after=2023-01-17T18:49:06.564913+00:00
[2023-01-17T18:49:06.587+0000] {processor.py:175} INFO - Processing /home/airflow/.local/lib/python3.7/site-packages/airflow/example_dags/example_latest_only_with_trigger.py took 0.114 seconds
[2023-01-17T18:49:36.834+0000] {processor.py:153} INFO - Started process (PID=480) to work on /home/airflow/.local/lib/python3.7/site-packages/airflow/example_dags/example_latest_only_with_trigger.py
[2023-01-17T18:49:36.836+0000] {processor.py:743} INFO - Processing file /home/airflow/.local/lib/python3.7/site-packages/airflow/example_dags/example_latest_only_with_trigger.py for tasks to queue
[2023-01-17T18:49:36.843+0000] {logging_mixin.py:137} INFO - [2023-01-17T18:49:36.843+0000] {dagbag.py:538} INFO - Filling up the DagBag from /home/airflow/.local/lib/python3.7/site-packages/airflow/example_dags/example_latest_only_with_trigger.py
[2023-01-17T18:49:36.881+0000] {processor.py:753} INFO - DAG(s) dict_keys(['latest_only_with_trigger']) retrieved from /home/airflow/.local/lib/python3.7/site-packages/airflow/example_dags/example_latest_only_with_trigger.py
[2023-01-17T18:49:37.011+0000] {logging_mixin.py:137} INFO - [2023-01-17T18:49:37.011+0000] {dag.py:2676} INFO - Sync 1 DAGs
[2023-01-17T18:49:37.060+0000] {logging_mixin.py:137} INFO - [2023-01-17T18:49:37.059+0000] {dag.py:3427} INFO - Setting next_dagrun for latest_only_with_trigger to 2023-01-17T14:49:37.059781+00:00, run_after=2023-01-17T18:49:37.059781+00:00
[2023-01-17T18:49:37.112+0000] {processor.py:175} INFO - Processing /home/airflow/.local/lib/python3.7/site-packages/airflow/example_dags/example_latest_only_with_trigger.py took 0.281 seconds
[2023-01-17T18:50:07.740+0000] {processor.py:153} INFO - Started process (PID=547) to work on /home/airflow/.local/lib/python3.7/site-packages/airflow/example_dags/example_latest_only_with_trigger.py
[2023-01-17T18:50:07.740+0000] {processor.py:743} INFO - Processing file /home/airflow/.local/lib/python3.7/site-packages/airflow/example_dags/example_latest_only_with_trigger.py for tasks to queue
[2023-01-17T18:50:07.741+0000] {logging_mixin.py:137} INFO - [2023-01-17T18:50:07.741+0000] {dagbag.py:538} INFO - Filling up the DagBag from /home/airflow/.local/lib/python3.7/site-packages/airflow/example_dags/example_latest_only_with_trigger.py
[2023-01-17T18:50:07.754+0000] {processor.py:753} INFO - DAG(s) dict_keys(['latest_only_with_trigger']) retrieved from /home/airflow/.local/lib/python3.7/site-packages/airflow/example_dags/example_latest_only_with_trigger.py
[2023-01-17T18:50:07.791+0000] {logging_mixin.py:137} INFO - [2023-01-17T18:50:07.791+0000] {dag.py:2676} INFO - Sync 1 DAGs
[2023-01-17T18:50:07.818+0000] {logging_mixin.py:137} INFO - [2023-01-17T18:50:07.818+0000] {dag.py:3427} INFO - Setting next_dagrun for latest_only_with_trigger to 2023-01-17T14:50:07.818685+00:00, run_after=2023-01-17T18:50:07.818685+00:00
[2023-01-17T18:50:07.838+0000] {processor.py:175} INFO - Processing /home/airflow/.local/lib/python3.7/site-packages/airflow/example_dags/example_latest_only_with_trigger.py took 0.102 seconds
[2023-01-17T18:50:38.218+0000] {processor.py:153} INFO - Started process (PID=615) to work on /home/airflow/.local/lib/python3.7/site-packages/airflow/example_dags/example_latest_only_with_trigger.py
[2023-01-17T18:50:38.219+0000] {processor.py:743} INFO - Processing file /home/airflow/.local/lib/python3.7/site-packages/airflow/example_dags/example_latest_only_with_trigger.py for tasks to queue
[2023-01-17T18:50:38.220+0000] {logging_mixin.py:137} INFO - [2023-01-17T18:50:38.220+0000] {dagbag.py:538} INFO - Filling up the DagBag from /home/airflow/.local/lib/python3.7/site-packages/airflow/example_dags/example_latest_only_with_trigger.py
[2023-01-17T18:50:38.248+0000] {processor.py:753} INFO - DAG(s) dict_keys(['latest_only_with_trigger']) retrieved from /home/airflow/.local/lib/python3.7/site-packages/airflow/example_dags/example_latest_only_with_trigger.py
[2023-01-17T18:50:38.280+0000] {logging_mixin.py:137} INFO - [2023-01-17T18:50:38.280+0000] {dag.py:2676} INFO - Sync 1 DAGs
[2023-01-17T18:50:38.308+0000] {logging_mixin.py:137} INFO - [2023-01-17T18:50:38.308+0000] {dag.py:3427} INFO - Setting next_dagrun for latest_only_with_trigger to 2023-01-17T14:50:38.307962+00:00, run_after=2023-01-17T18:50:38.307962+00:00
[2023-01-17T18:50:38.327+0000] {processor.py:175} INFO - Processing /home/airflow/.local/lib/python3.7/site-packages/airflow/example_dags/example_latest_only_with_trigger.py took 0.111 seconds
[2023-01-17T18:51:09.153+0000] {processor.py:153} INFO - Started process (PID=682) to work on /home/airflow/.local/lib/python3.7/site-packages/airflow/example_dags/example_latest_only_with_trigger.py
[2023-01-17T18:51:09.153+0000] {processor.py:743} INFO - Processing file /home/airflow/.local/lib/python3.7/site-packages/airflow/example_dags/example_latest_only_with_trigger.py for tasks to queue
[2023-01-17T18:51:09.154+0000] {logging_mixin.py:137} INFO - [2023-01-17T18:51:09.154+0000] {dagbag.py:538} INFO - Filling up the DagBag from /home/airflow/.local/lib/python3.7/site-packages/airflow/example_dags/example_latest_only_with_trigger.py
[2023-01-17T18:51:09.184+0000] {processor.py:753} INFO - DAG(s) dict_keys(['latest_only_with_trigger']) retrieved from /home/airflow/.local/lib/python3.7/site-packages/airflow/example_dags/example_latest_only_with_trigger.py
[2023-01-17T18:51:09.287+0000] {logging_mixin.py:137} INFO - [2023-01-17T18:51:09.287+0000] {dag.py:2676} INFO - Sync 1 DAGs
[2023-01-17T18:51:09.310+0000] {logging_mixin.py:137} INFO - [2023-01-17T18:51:09.310+0000] {dag.py:3427} INFO - Setting next_dagrun for latest_only_with_trigger to 2023-01-17T14:51:09.310642+00:00, run_after=2023-01-17T18:51:09.310642+00:00
[2023-01-17T18:51:09.328+0000] {processor.py:175} INFO - Processing /home/airflow/.local/lib/python3.7/site-packages/airflow/example_dags/example_latest_only_with_trigger.py took 0.178 seconds
[2023-01-17T18:51:39.583+0000] {processor.py:153} INFO - Started process (PID=753) to work on /home/airflow/.local/lib/python3.7/site-packages/airflow/example_dags/example_latest_only_with_trigger.py
[2023-01-17T18:51:39.584+0000] {processor.py:743} INFO - Processing file /home/airflow/.local/lib/python3.7/site-packages/airflow/example_dags/example_latest_only_with_trigger.py for tasks to queue
[2023-01-17T18:51:39.584+0000] {logging_mixin.py:137} INFO - [2023-01-17T18:51:39.584+0000] {dagbag.py:538} INFO - Filling up the DagBag from /home/airflow/.local/lib/python3.7/site-packages/airflow/example_dags/example_latest_only_with_trigger.py
[2023-01-17T18:51:39.598+0000] {processor.py:753} INFO - DAG(s) dict_keys(['latest_only_with_trigger']) retrieved from /home/airflow/.local/lib/python3.7/site-packages/airflow/example_dags/example_latest_only_with_trigger.py
[2023-01-17T18:51:39.638+0000] {logging_mixin.py:137} INFO - [2023-01-17T18:51:39.638+0000] {dag.py:2676} INFO - Sync 1 DAGs
[2023-01-17T18:51:39.664+0000] {logging_mixin.py:137} INFO - [2023-01-17T18:51:39.664+0000] {dag.py:3427} INFO - Setting next_dagrun for latest_only_with_trigger to 2023-01-17T14:51:39.664445+00:00, run_after=2023-01-17T18:51:39.664445+00:00
[2023-01-17T18:51:39.684+0000] {processor.py:175} INFO - Processing /home/airflow/.local/lib/python3.7/site-packages/airflow/example_dags/example_latest_only_with_trigger.py took 0.104 seconds
