[2023-01-17T18:46:32.328+0000] {processor.py:153} INFO - Started process (PID=81) to work on /home/airflow/.local/lib/python3.7/site-packages/airflow/example_dags/tutorial.py
[2023-01-17T18:46:32.329+0000] {processor.py:743} INFO - Processing file /home/airflow/.local/lib/python3.7/site-packages/airflow/example_dags/tutorial.py for tasks to queue
[2023-01-17T18:46:32.329+0000] {logging_mixin.py:137} INFO - [2023-01-17T18:46:32.329+0000] {dagbag.py:538} INFO - Filling up the DagBag from /home/airflow/.local/lib/python3.7/site-packages/airflow/example_dags/tutorial.py
[2023-01-17T18:46:32.344+0000] {processor.py:753} INFO - DAG(s) dict_keys(['tutorial']) retrieved from /home/airflow/.local/lib/python3.7/site-packages/airflow/example_dags/tutorial.py
[2023-01-17T18:46:32.365+0000] {logging_mixin.py:137} INFO - [2023-01-17T18:46:32.365+0000] {dag.py:2676} INFO - Sync 1 DAGs
[2023-01-17T18:46:32.389+0000] {logging_mixin.py:137} INFO - [2023-01-17T18:46:32.388+0000] {dag.py:3427} INFO - Setting next_dagrun for tutorial to 2023-01-16T18:46:32.388739+00:00, run_after=2023-01-17T18:46:32.388739+00:00
[2023-01-17T18:46:32.407+0000] {processor.py:175} INFO - Processing /home/airflow/.local/lib/python3.7/site-packages/airflow/example_dags/tutorial.py took 0.081 seconds
[2023-01-17T18:47:03.146+0000] {processor.py:153} INFO - Started process (PID=144) to work on /home/airflow/.local/lib/python3.7/site-packages/airflow/example_dags/tutorial.py
[2023-01-17T18:47:03.147+0000] {processor.py:743} INFO - Processing file /home/airflow/.local/lib/python3.7/site-packages/airflow/example_dags/tutorial.py for tasks to queue
[2023-01-17T18:47:03.148+0000] {logging_mixin.py:137} INFO - [2023-01-17T18:47:03.148+0000] {dagbag.py:538} INFO - Filling up the DagBag from /home/airflow/.local/lib/python3.7/site-packages/airflow/example_dags/tutorial.py
[2023-01-17T18:47:03.161+0000] {processor.py:753} INFO - DAG(s) dict_keys(['tutorial']) retrieved from /home/airflow/.local/lib/python3.7/site-packages/airflow/example_dags/tutorial.py
[2023-01-17T18:47:03.195+0000] {logging_mixin.py:137} INFO - [2023-01-17T18:47:03.195+0000] {dag.py:2676} INFO - Sync 1 DAGs
[2023-01-17T18:47:03.221+0000] {logging_mixin.py:137} INFO - [2023-01-17T18:47:03.221+0000] {dag.py:3427} INFO - Setting next_dagrun for tutorial to 2023-01-16T18:47:03.221498+00:00, run_after=2023-01-17T18:47:03.221498+00:00
[2023-01-17T18:47:03.239+0000] {processor.py:175} INFO - Processing /home/airflow/.local/lib/python3.7/site-packages/airflow/example_dags/tutorial.py took 0.094 seconds
[2023-01-17T18:47:33.987+0000] {processor.py:153} INFO - Started process (PID=215) to work on /home/airflow/.local/lib/python3.7/site-packages/airflow/example_dags/tutorial.py
[2023-01-17T18:47:33.989+0000] {processor.py:743} INFO - Processing file /home/airflow/.local/lib/python3.7/site-packages/airflow/example_dags/tutorial.py for tasks to queue
[2023-01-17T18:47:33.990+0000] {logging_mixin.py:137} INFO - [2023-01-17T18:47:33.990+0000] {dagbag.py:538} INFO - Filling up the DagBag from /home/airflow/.local/lib/python3.7/site-packages/airflow/example_dags/tutorial.py
[2023-01-17T18:47:34.022+0000] {processor.py:753} INFO - DAG(s) dict_keys(['tutorial']) retrieved from /home/airflow/.local/lib/python3.7/site-packages/airflow/example_dags/tutorial.py
[2023-01-17T18:47:34.097+0000] {logging_mixin.py:137} INFO - [2023-01-17T18:47:34.097+0000] {dag.py:2676} INFO - Sync 1 DAGs
[2023-01-17T18:47:34.152+0000] {logging_mixin.py:137} INFO - [2023-01-17T18:47:34.152+0000] {dag.py:3427} INFO - Setting next_dagrun for tutorial to 2023-01-16T18:47:34.152051+00:00, run_after=2023-01-17T18:47:34.152051+00:00
[2023-01-17T18:47:34.184+0000] {processor.py:175} INFO - Processing /home/airflow/.local/lib/python3.7/site-packages/airflow/example_dags/tutorial.py took 0.199 seconds
[2023-01-17T18:48:05.121+0000] {processor.py:153} INFO - Started process (PID=280) to work on /home/airflow/.local/lib/python3.7/site-packages/airflow/example_dags/tutorial.py
[2023-01-17T18:48:05.122+0000] {processor.py:743} INFO - Processing file /home/airflow/.local/lib/python3.7/site-packages/airflow/example_dags/tutorial.py for tasks to queue
[2023-01-17T18:48:05.122+0000] {logging_mixin.py:137} INFO - [2023-01-17T18:48:05.122+0000] {dagbag.py:538} INFO - Filling up the DagBag from /home/airflow/.local/lib/python3.7/site-packages/airflow/example_dags/tutorial.py
[2023-01-17T18:48:05.135+0000] {processor.py:753} INFO - DAG(s) dict_keys(['tutorial']) retrieved from /home/airflow/.local/lib/python3.7/site-packages/airflow/example_dags/tutorial.py
[2023-01-17T18:48:05.168+0000] {logging_mixin.py:137} INFO - [2023-01-17T18:48:05.168+0000] {dag.py:2676} INFO - Sync 1 DAGs
[2023-01-17T18:48:05.193+0000] {logging_mixin.py:137} INFO - [2023-01-17T18:48:05.193+0000] {dag.py:3427} INFO - Setting next_dagrun for tutorial to 2023-01-16T18:48:05.193277+00:00, run_after=2023-01-17T18:48:05.193277+00:00
[2023-01-17T18:48:05.228+0000] {processor.py:175} INFO - Processing /home/airflow/.local/lib/python3.7/site-packages/airflow/example_dags/tutorial.py took 0.110 seconds
[2023-01-17T18:48:35.868+0000] {processor.py:153} INFO - Started process (PID=351) to work on /home/airflow/.local/lib/python3.7/site-packages/airflow/example_dags/tutorial.py
[2023-01-17T18:48:35.872+0000] {processor.py:743} INFO - Processing file /home/airflow/.local/lib/python3.7/site-packages/airflow/example_dags/tutorial.py for tasks to queue
[2023-01-17T18:48:35.872+0000] {logging_mixin.py:137} INFO - [2023-01-17T18:48:35.872+0000] {dagbag.py:538} INFO - Filling up the DagBag from /home/airflow/.local/lib/python3.7/site-packages/airflow/example_dags/tutorial.py
[2023-01-17T18:48:35.889+0000] {processor.py:753} INFO - DAG(s) dict_keys(['tutorial']) retrieved from /home/airflow/.local/lib/python3.7/site-packages/airflow/example_dags/tutorial.py
[2023-01-17T18:48:35.963+0000] {logging_mixin.py:137} INFO - [2023-01-17T18:48:35.963+0000] {dag.py:2676} INFO - Sync 1 DAGs
[2023-01-17T18:48:35.998+0000] {logging_mixin.py:137} INFO - [2023-01-17T18:48:35.998+0000] {dag.py:3427} INFO - Setting next_dagrun for tutorial to 2023-01-16T18:48:35.998090+00:00, run_after=2023-01-17T18:48:35.998090+00:00
[2023-01-17T18:48:36.026+0000] {processor.py:175} INFO - Processing /home/airflow/.local/lib/python3.7/site-packages/airflow/example_dags/tutorial.py took 0.161 seconds
[2023-01-17T18:49:06.479+0000] {processor.py:153} INFO - Started process (PID=415) to work on /home/airflow/.local/lib/python3.7/site-packages/airflow/example_dags/tutorial.py
[2023-01-17T18:49:06.487+0000] {processor.py:743} INFO - Processing file /home/airflow/.local/lib/python3.7/site-packages/airflow/example_dags/tutorial.py for tasks to queue
[2023-01-17T18:49:06.487+0000] {logging_mixin.py:137} INFO - [2023-01-17T18:49:06.487+0000] {dagbag.py:538} INFO - Filling up the DagBag from /home/airflow/.local/lib/python3.7/site-packages/airflow/example_dags/tutorial.py
[2023-01-17T18:49:06.515+0000] {processor.py:753} INFO - DAG(s) dict_keys(['tutorial']) retrieved from /home/airflow/.local/lib/python3.7/site-packages/airflow/example_dags/tutorial.py
[2023-01-17T18:49:06.650+0000] {logging_mixin.py:137} INFO - [2023-01-17T18:49:06.650+0000] {dag.py:2676} INFO - Sync 1 DAGs
[2023-01-17T18:49:06.678+0000] {logging_mixin.py:137} INFO - [2023-01-17T18:49:06.677+0000] {dag.py:3427} INFO - Setting next_dagrun for tutorial to 2023-01-16T18:49:06.677712+00:00, run_after=2023-01-17T18:49:06.677712+00:00
[2023-01-17T18:49:06.697+0000] {processor.py:175} INFO - Processing /home/airflow/.local/lib/python3.7/site-packages/airflow/example_dags/tutorial.py took 0.220 seconds
[2023-01-17T18:49:36.973+0000] {processor.py:153} INFO - Started process (PID=481) to work on /home/airflow/.local/lib/python3.7/site-packages/airflow/example_dags/tutorial.py
[2023-01-17T18:49:36.976+0000] {processor.py:743} INFO - Processing file /home/airflow/.local/lib/python3.7/site-packages/airflow/example_dags/tutorial.py for tasks to queue
[2023-01-17T18:49:36.976+0000] {logging_mixin.py:137} INFO - [2023-01-17T18:49:36.976+0000] {dagbag.py:538} INFO - Filling up the DagBag from /home/airflow/.local/lib/python3.7/site-packages/airflow/example_dags/tutorial.py
[2023-01-17T18:49:36.989+0000] {processor.py:753} INFO - DAG(s) dict_keys(['tutorial']) retrieved from /home/airflow/.local/lib/python3.7/site-packages/airflow/example_dags/tutorial.py
[2023-01-17T18:49:37.029+0000] {logging_mixin.py:137} INFO - [2023-01-17T18:49:37.026+0000] {dag.py:2676} INFO - Sync 1 DAGs
[2023-01-17T18:49:37.055+0000] {logging_mixin.py:137} INFO - [2023-01-17T18:49:37.055+0000] {dag.py:3427} INFO - Setting next_dagrun for tutorial to 2023-01-16T18:49:37.055638+00:00, run_after=2023-01-17T18:49:37.055638+00:00
[2023-01-17T18:49:37.085+0000] {processor.py:175} INFO - Processing /home/airflow/.local/lib/python3.7/site-packages/airflow/example_dags/tutorial.py took 0.115 seconds
[2023-01-17T18:50:07.858+0000] {processor.py:153} INFO - Started process (PID=548) to work on /home/airflow/.local/lib/python3.7/site-packages/airflow/example_dags/tutorial.py
[2023-01-17T18:50:07.858+0000] {processor.py:743} INFO - Processing file /home/airflow/.local/lib/python3.7/site-packages/airflow/example_dags/tutorial.py for tasks to queue
[2023-01-17T18:50:07.859+0000] {logging_mixin.py:137} INFO - [2023-01-17T18:50:07.859+0000] {dagbag.py:538} INFO - Filling up the DagBag from /home/airflow/.local/lib/python3.7/site-packages/airflow/example_dags/tutorial.py
[2023-01-17T18:50:07.873+0000] {processor.py:753} INFO - DAG(s) dict_keys(['tutorial']) retrieved from /home/airflow/.local/lib/python3.7/site-packages/airflow/example_dags/tutorial.py
[2023-01-17T18:50:07.916+0000] {logging_mixin.py:137} INFO - [2023-01-17T18:50:07.916+0000] {dag.py:2676} INFO - Sync 1 DAGs
[2023-01-17T18:50:07.942+0000] {logging_mixin.py:137} INFO - [2023-01-17T18:50:07.942+0000] {dag.py:3427} INFO - Setting next_dagrun for tutorial to 2023-01-16T18:50:07.941960+00:00, run_after=2023-01-17T18:50:07.941960+00:00
[2023-01-17T18:50:07.967+0000] {processor.py:175} INFO - Processing /home/airflow/.local/lib/python3.7/site-packages/airflow/example_dags/tutorial.py took 0.113 seconds
[2023-01-17T18:50:38.281+0000] {processor.py:153} INFO - Started process (PID=618) to work on /home/airflow/.local/lib/python3.7/site-packages/airflow/example_dags/tutorial.py
[2023-01-17T18:50:38.282+0000] {processor.py:743} INFO - Processing file /home/airflow/.local/lib/python3.7/site-packages/airflow/example_dags/tutorial.py for tasks to queue
[2023-01-17T18:50:38.282+0000] {logging_mixin.py:137} INFO - [2023-01-17T18:50:38.282+0000] {dagbag.py:538} INFO - Filling up the DagBag from /home/airflow/.local/lib/python3.7/site-packages/airflow/example_dags/tutorial.py
[2023-01-17T18:50:38.296+0000] {processor.py:753} INFO - DAG(s) dict_keys(['tutorial']) retrieved from /home/airflow/.local/lib/python3.7/site-packages/airflow/example_dags/tutorial.py
[2023-01-17T18:50:38.330+0000] {logging_mixin.py:137} INFO - [2023-01-17T18:50:38.330+0000] {dag.py:2676} INFO - Sync 1 DAGs
[2023-01-17T18:50:38.356+0000] {logging_mixin.py:137} INFO - [2023-01-17T18:50:38.356+0000] {dag.py:3427} INFO - Setting next_dagrun for tutorial to 2023-01-16T18:50:38.356273+00:00, run_after=2023-01-17T18:50:38.356273+00:00
[2023-01-17T18:50:38.374+0000] {processor.py:175} INFO - Processing /home/airflow/.local/lib/python3.7/site-packages/airflow/example_dags/tutorial.py took 0.096 seconds
[2023-01-17T18:51:09.286+0000] {processor.py:153} INFO - Started process (PID=683) to work on /home/airflow/.local/lib/python3.7/site-packages/airflow/example_dags/tutorial.py
[2023-01-17T18:51:09.289+0000] {processor.py:743} INFO - Processing file /home/airflow/.local/lib/python3.7/site-packages/airflow/example_dags/tutorial.py for tasks to queue
[2023-01-17T18:51:09.294+0000] {logging_mixin.py:137} INFO - [2023-01-17T18:51:09.292+0000] {dagbag.py:538} INFO - Filling up the DagBag from /home/airflow/.local/lib/python3.7/site-packages/airflow/example_dags/tutorial.py
[2023-01-17T18:51:09.307+0000] {processor.py:753} INFO - DAG(s) dict_keys(['tutorial']) retrieved from /home/airflow/.local/lib/python3.7/site-packages/airflow/example_dags/tutorial.py
[2023-01-17T18:51:09.344+0000] {logging_mixin.py:137} INFO - [2023-01-17T18:51:09.344+0000] {dag.py:2676} INFO - Sync 1 DAGs
[2023-01-17T18:51:09.368+0000] {logging_mixin.py:137} INFO - [2023-01-17T18:51:09.368+0000] {dag.py:3427} INFO - Setting next_dagrun for tutorial to 2023-01-16T18:51:09.368080+00:00, run_after=2023-01-17T18:51:09.368080+00:00
[2023-01-17T18:51:09.385+0000] {processor.py:175} INFO - Processing /home/airflow/.local/lib/python3.7/site-packages/airflow/example_dags/tutorial.py took 0.101 seconds
[2023-01-17T18:51:39.639+0000] {processor.py:153} INFO - Started process (PID=754) to work on /home/airflow/.local/lib/python3.7/site-packages/airflow/example_dags/tutorial.py
[2023-01-17T18:51:39.640+0000] {processor.py:743} INFO - Processing file /home/airflow/.local/lib/python3.7/site-packages/airflow/example_dags/tutorial.py for tasks to queue
[2023-01-17T18:51:39.640+0000] {logging_mixin.py:137} INFO - [2023-01-17T18:51:39.640+0000] {dagbag.py:538} INFO - Filling up the DagBag from /home/airflow/.local/lib/python3.7/site-packages/airflow/example_dags/tutorial.py
[2023-01-17T18:51:39.654+0000] {processor.py:753} INFO - DAG(s) dict_keys(['tutorial']) retrieved from /home/airflow/.local/lib/python3.7/site-packages/airflow/example_dags/tutorial.py
[2023-01-17T18:51:39.694+0000] {logging_mixin.py:137} INFO - [2023-01-17T18:51:39.694+0000] {dag.py:2676} INFO - Sync 1 DAGs
[2023-01-17T18:51:39.724+0000] {logging_mixin.py:137} INFO - [2023-01-17T18:51:39.723+0000] {dag.py:3427} INFO - Setting next_dagrun for tutorial to 2023-01-16T18:51:39.723679+00:00, run_after=2023-01-17T18:51:39.723679+00:00
[2023-01-17T18:51:39.744+0000] {processor.py:175} INFO - Processing /home/airflow/.local/lib/python3.7/site-packages/airflow/example_dags/tutorial.py took 0.108 seconds
