[2023-02-08T20:17:59.067+0000] {taskinstance.py:1087} INFO - Dependencies all met for <TaskInstance: Streaming_pipeline_meli.consumer_data_of_topic manual__2023-02-08T20:17:56.637688+00:00 [queued]>
[2023-02-08T20:17:59.076+0000] {taskinstance.py:1087} INFO - Dependencies all met for <TaskInstance: Streaming_pipeline_meli.consumer_data_of_topic manual__2023-02-08T20:17:56.637688+00:00 [queued]>
[2023-02-08T20:17:59.077+0000] {taskinstance.py:1283} INFO - 
--------------------------------------------------------------------------------
[2023-02-08T20:17:59.077+0000] {taskinstance.py:1284} INFO - Starting attempt 1 of 6
[2023-02-08T20:17:59.077+0000] {taskinstance.py:1285} INFO - 
--------------------------------------------------------------------------------
[2023-02-08T20:17:59.090+0000] {taskinstance.py:1304} INFO - Executing <Task(SparkSubmitOperator): consumer_data_of_topic> on 2023-02-08 20:17:56.637688+00:00
[2023-02-08T20:17:59.094+0000] {standard_task_runner.py:55} INFO - Started process 3909 to run task
[2023-02-08T20:17:59.096+0000] {standard_task_runner.py:82} INFO - Running: ['***', 'tasks', 'run', 'Streaming_pipeline_meli', 'consumer_data_of_topic', 'manual__2023-02-08T20:17:56.637688+00:00', '--job-id', '1405', '--raw', '--subdir', 'DAGS_FOLDER/streamPipeline.py', '--cfg-path', '/tmp/tmpzhw1p9uc']
[2023-02-08T20:17:59.097+0000] {standard_task_runner.py:83} INFO - Job 1405: Subtask consumer_data_of_topic
[2023-02-08T20:17:59.147+0000] {task_command.py:389} INFO - Running <TaskInstance: Streaming_pipeline_meli.consumer_data_of_topic manual__2023-02-08T20:17:56.637688+00:00 [running]> on host b55acaa82944
[2023-02-08T20:17:59.210+0000] {taskinstance.py:1513} INFO - Exporting the following env vars:
AIRFLOW_CTX_DAG_OWNER=***
AIRFLOW_CTX_DAG_ID=Streaming_pipeline_meli
AIRFLOW_CTX_TASK_ID=consumer_data_of_topic
AIRFLOW_CTX_EXECUTION_DATE=2023-02-08T20:17:56.637688+00:00
AIRFLOW_CTX_TRY_NUMBER=1
AIRFLOW_CTX_DAG_RUN_ID=manual__2023-02-08T20:17:56.637688+00:00
[2023-02-08T20:17:59.217+0000] {base.py:73} INFO - Using connection ID 'spark_default' for task execution.
[2023-02-08T20:17:59.218+0000] {spark_submit.py:344} INFO - Spark-Submit cmd: spark-submit --master spark://tomi-H310:7077 --packages org.apache.spark:spark-sql-kafka-0-10_2.12:3.1.3,org.mongodb.spark:mongo-spark-connector_2.12:3.0.1 --name arrow-spark --queue root.default /opt/***/dags/consumerSpark.py
[2023-02-08T20:17:59.315+0000] {spark_submit.py:495} INFO - /home/***/.local/lib/python3.7/site-packages/pyspark/bin/load-spark-env.sh: line 68: ps: command not found
[2023-02-08T20:18:01.344+0000] {spark_submit.py:495} INFO - :: loading settings :: url = jar:file:/home/***/.local/lib/python3.7/site-packages/pyspark/jars/ivy-2.5.0.jar!/org/apache/ivy/core/settings/ivysettings.xml
[2023-02-08T20:18:01.471+0000] {spark_submit.py:495} INFO - Ivy Default Cache set to: /home/***/.ivy2/cache
[2023-02-08T20:18:01.472+0000] {spark_submit.py:495} INFO - The jars for the packages stored in: /home/***/.ivy2/jars
[2023-02-08T20:18:01.489+0000] {spark_submit.py:495} INFO - org.apache.spark#spark-sql-kafka-0-10_2.12 added as a dependency
[2023-02-08T20:18:01.489+0000] {spark_submit.py:495} INFO - org.mongodb.spark#mongo-spark-connector_2.12 added as a dependency
[2023-02-08T20:18:01.492+0000] {spark_submit.py:495} INFO - :: resolving dependencies :: org.apache.spark#spark-submit-parent-7850455d-d300-48ef-b774-bed5ece11c9a;1.0
[2023-02-08T20:18:01.493+0000] {spark_submit.py:495} INFO - confs: [default]
[2023-02-08T20:18:01.679+0000] {spark_submit.py:495} INFO - found org.apache.spark#spark-sql-kafka-0-10_2.12;3.1.3 in central
[2023-02-08T20:18:01.810+0000] {spark_submit.py:495} INFO - found org.apache.spark#spark-token-provider-kafka-0-10_2.12;3.1.3 in central
[2023-02-08T20:18:01.866+0000] {spark_submit.py:495} INFO - found org.apache.kafka#kafka-clients;2.6.0 in central
[2023-02-08T20:18:01.919+0000] {spark_submit.py:495} INFO - found com.github.luben#zstd-jni;1.4.8-1 in central
[2023-02-08T20:18:02.011+0000] {spark_submit.py:495} INFO - found org.lz4#lz4-java;1.7.1 in central
[2023-02-08T20:18:02.043+0000] {spark_submit.py:495} INFO - found org.xerial.snappy#snappy-java;1.1.8.2 in central
[2023-02-08T20:18:02.071+0000] {spark_submit.py:495} INFO - found org.slf4j#slf4j-api;1.7.30 in central
[2023-02-08T20:18:02.120+0000] {spark_submit.py:495} INFO - found org.spark-project.spark#unused;1.0.0 in central
[2023-02-08T20:18:02.143+0000] {spark_submit.py:495} INFO - found org.apache.commons#commons-pool2;2.6.2 in central
[2023-02-08T20:18:02.171+0000] {spark_submit.py:495} INFO - found org.mongodb.spark#mongo-spark-connector_2.12;3.0.1 in central
[2023-02-08T20:18:02.186+0000] {spark_submit.py:495} INFO - found org.mongodb#mongodb-driver-sync;4.0.5 in central
[2023-02-08T20:18:02.194+0000] {spark_submit.py:495} INFO - found org.mongodb#bson;4.0.5 in central
[2023-02-08T20:18:02.203+0000] {spark_submit.py:495} INFO - found org.mongodb#mongodb-driver-core;4.0.5 in central
[2023-02-08T20:18:02.225+0000] {spark_submit.py:495} INFO - :: resolution report :: resolve 721ms :: artifacts dl 12ms
[2023-02-08T20:18:02.225+0000] {spark_submit.py:495} INFO - :: modules in use:
[2023-02-08T20:18:02.225+0000] {spark_submit.py:495} INFO - com.github.luben#zstd-jni;1.4.8-1 from central in [default]
[2023-02-08T20:18:02.225+0000] {spark_submit.py:495} INFO - org.apache.commons#commons-pool2;2.6.2 from central in [default]
[2023-02-08T20:18:02.226+0000] {spark_submit.py:495} INFO - org.apache.kafka#kafka-clients;2.6.0 from central in [default]
[2023-02-08T20:18:02.226+0000] {spark_submit.py:495} INFO - org.apache.spark#spark-sql-kafka-0-10_2.12;3.1.3 from central in [default]
[2023-02-08T20:18:02.226+0000] {spark_submit.py:495} INFO - org.apache.spark#spark-token-provider-kafka-0-10_2.12;3.1.3 from central in [default]
[2023-02-08T20:18:02.226+0000] {spark_submit.py:495} INFO - org.lz4#lz4-java;1.7.1 from central in [default]
[2023-02-08T20:18:02.226+0000] {spark_submit.py:495} INFO - org.mongodb#bson;4.0.5 from central in [default]
[2023-02-08T20:18:02.227+0000] {spark_submit.py:495} INFO - org.mongodb#mongodb-driver-core;4.0.5 from central in [default]
[2023-02-08T20:18:02.227+0000] {spark_submit.py:495} INFO - org.mongodb#mongodb-driver-sync;4.0.5 from central in [default]
[2023-02-08T20:18:02.227+0000] {spark_submit.py:495} INFO - org.mongodb.spark#mongo-spark-connector_2.12;3.0.1 from central in [default]
[2023-02-08T20:18:02.227+0000] {spark_submit.py:495} INFO - org.slf4j#slf4j-api;1.7.30 from central in [default]
[2023-02-08T20:18:02.227+0000] {spark_submit.py:495} INFO - org.spark-project.spark#unused;1.0.0 from central in [default]
[2023-02-08T20:18:02.228+0000] {spark_submit.py:495} INFO - org.xerial.snappy#snappy-java;1.1.8.2 from central in [default]
[2023-02-08T20:18:02.228+0000] {spark_submit.py:495} INFO - ---------------------------------------------------------------------
[2023-02-08T20:18:02.228+0000] {spark_submit.py:495} INFO - |                  |            modules            ||   artifacts   |
[2023-02-08T20:18:02.228+0000] {spark_submit.py:495} INFO - |       conf       | number| search|dwnlded|evicted|| number|dwnlded|
[2023-02-08T20:18:02.228+0000] {spark_submit.py:495} INFO - ---------------------------------------------------------------------
[2023-02-08T20:18:02.229+0000] {spark_submit.py:495} INFO - |      default     |   13  |   0   |   0   |   0   ||   13  |   0   |
[2023-02-08T20:18:02.229+0000] {spark_submit.py:495} INFO - ---------------------------------------------------------------------
[2023-02-08T20:18:02.234+0000] {spark_submit.py:495} INFO - :: retrieving :: org.apache.spark#spark-submit-parent-7850455d-d300-48ef-b774-bed5ece11c9a
[2023-02-08T20:18:02.234+0000] {spark_submit.py:495} INFO - confs: [default]
[2023-02-08T20:18:02.241+0000] {spark_submit.py:495} INFO - 0 artifacts copied, 13 already retrieved (0kB/6ms)
[2023-02-08T20:18:02.437+0000] {spark_submit.py:495} INFO - 23/02/08 20:18:02 WARN NativeCodeLoader: Unable to load native-hadoop library for your platform... using builtin-java classes where applicable
[2023-02-08T20:18:03.272+0000] {spark_submit.py:495} INFO - 23/02/08 20:18:03 INFO SparkContext: Running Spark version 3.3.1
[2023-02-08T20:18:03.290+0000] {spark_submit.py:495} INFO - 23/02/08 20:18:03 INFO ResourceUtils: ==============================================================
[2023-02-08T20:18:03.290+0000] {spark_submit.py:495} INFO - 23/02/08 20:18:03 INFO ResourceUtils: No custom resources configured for spark.driver.
[2023-02-08T20:18:03.290+0000] {spark_submit.py:495} INFO - 23/02/08 20:18:03 INFO ResourceUtils: ==============================================================
[2023-02-08T20:18:03.291+0000] {spark_submit.py:495} INFO - 23/02/08 20:18:03 INFO SparkContext: Submitted application: arrow-spark
[2023-02-08T20:18:03.310+0000] {spark_submit.py:495} INFO - 23/02/08 20:18:03 INFO ResourceProfile: Default ResourceProfile created, executor resources: Map(cores -> name: cores, amount: 1, script: , vendor: , memory -> name: memory, amount: 1024, script: , vendor: , offHeap -> name: offHeap, amount: 0, script: , vendor: ), task resources: Map(cpus -> name: cpus, amount: 1.0)
[2023-02-08T20:18:03.321+0000] {spark_submit.py:495} INFO - 23/02/08 20:18:03 INFO ResourceProfile: Limiting resource is cpu
[2023-02-08T20:18:03.322+0000] {spark_submit.py:495} INFO - 23/02/08 20:18:03 INFO ResourceProfileManager: Added ResourceProfile id: 0
[2023-02-08T20:18:03.361+0000] {spark_submit.py:495} INFO - 23/02/08 20:18:03 INFO SecurityManager: Changing view acls to: default
[2023-02-08T20:18:03.361+0000] {spark_submit.py:495} INFO - 23/02/08 20:18:03 INFO SecurityManager: Changing modify acls to: default
[2023-02-08T20:18:03.362+0000] {spark_submit.py:495} INFO - 23/02/08 20:18:03 INFO SecurityManager: Changing view acls groups to:
[2023-02-08T20:18:03.362+0000] {spark_submit.py:495} INFO - 23/02/08 20:18:03 INFO SecurityManager: Changing modify acls groups to:
[2023-02-08T20:18:03.362+0000] {spark_submit.py:495} INFO - 23/02/08 20:18:03 INFO SecurityManager: SecurityManager: authentication disabled; ui acls disabled; users  with view permissions: Set(default); groups with view permissions: Set(); users  with modify permissions: Set(default); groups with modify permissions: Set()
[2023-02-08T20:18:03.595+0000] {spark_submit.py:495} INFO - 23/02/08 20:18:03 INFO Utils: Successfully started service 'sparkDriver' on port 34841.
[2023-02-08T20:18:03.622+0000] {spark_submit.py:495} INFO - 23/02/08 20:18:03 INFO SparkEnv: Registering MapOutputTracker
[2023-02-08T20:18:03.649+0000] {spark_submit.py:495} INFO - 23/02/08 20:18:03 INFO SparkEnv: Registering BlockManagerMaster
[2023-02-08T20:18:03.664+0000] {spark_submit.py:495} INFO - 23/02/08 20:18:03 INFO BlockManagerMasterEndpoint: Using org.apache.spark.storage.DefaultTopologyMapper for getting topology information
[2023-02-08T20:18:03.665+0000] {spark_submit.py:495} INFO - 23/02/08 20:18:03 INFO BlockManagerMasterEndpoint: BlockManagerMasterEndpoint up
[2023-02-08T20:18:03.668+0000] {spark_submit.py:495} INFO - 23/02/08 20:18:03 INFO SparkEnv: Registering BlockManagerMasterHeartbeat
[2023-02-08T20:18:03.683+0000] {spark_submit.py:495} INFO - 23/02/08 20:18:03 INFO DiskBlockManager: Created local directory at /tmp/blockmgr-8579cc75-13b9-4896-a959-54a0b83d0779
[2023-02-08T20:18:03.696+0000] {spark_submit.py:495} INFO - 23/02/08 20:18:03 INFO MemoryStore: MemoryStore started with capacity 434.4 MiB
[2023-02-08T20:18:03.706+0000] {spark_submit.py:495} INFO - 23/02/08 20:18:03 INFO SparkEnv: Registering OutputCommitCoordinator
[2023-02-08T20:18:03.857+0000] {spark_submit.py:495} INFO - 23/02/08 20:18:03 INFO Utils: Successfully started service 'SparkUI' on port 4040.
[2023-02-08T20:18:03.885+0000] {spark_submit.py:495} INFO - 23/02/08 20:18:03 INFO SparkContext: Added JAR file:///home/***/.ivy2/jars/org.apache.spark_spark-sql-kafka-0-10_2.12-3.1.3.jar at spark://b55acaa82944:34841/jars/org.apache.spark_spark-sql-kafka-0-10_2.12-3.1.3.jar with timestamp 1675887483266
[2023-02-08T20:18:03.886+0000] {spark_submit.py:495} INFO - 23/02/08 20:18:03 INFO SparkContext: Added JAR file:///home/***/.ivy2/jars/org.mongodb.spark_mongo-spark-connector_2.12-3.0.1.jar at spark://b55acaa82944:34841/jars/org.mongodb.spark_mongo-spark-connector_2.12-3.0.1.jar with timestamp 1675887483266
[2023-02-08T20:18:03.886+0000] {spark_submit.py:495} INFO - 23/02/08 20:18:03 INFO SparkContext: Added JAR file:///home/***/.ivy2/jars/org.apache.spark_spark-token-provider-kafka-0-10_2.12-3.1.3.jar at spark://b55acaa82944:34841/jars/org.apache.spark_spark-token-provider-kafka-0-10_2.12-3.1.3.jar with timestamp 1675887483266
[2023-02-08T20:18:03.886+0000] {spark_submit.py:495} INFO - 23/02/08 20:18:03 INFO SparkContext: Added JAR file:///home/***/.ivy2/jars/org.apache.kafka_kafka-clients-2.6.0.jar at spark://b55acaa82944:34841/jars/org.apache.kafka_kafka-clients-2.6.0.jar with timestamp 1675887483266
[2023-02-08T20:18:03.886+0000] {spark_submit.py:495} INFO - 23/02/08 20:18:03 INFO SparkContext: Added JAR file:///home/***/.ivy2/jars/org.apache.commons_commons-pool2-2.6.2.jar at spark://b55acaa82944:34841/jars/org.apache.commons_commons-pool2-2.6.2.jar with timestamp 1675887483266
[2023-02-08T20:18:03.886+0000] {spark_submit.py:495} INFO - 23/02/08 20:18:03 INFO SparkContext: Added JAR file:///home/***/.ivy2/jars/org.spark-project.spark_unused-1.0.0.jar at spark://b55acaa82944:34841/jars/org.spark-project.spark_unused-1.0.0.jar with timestamp 1675887483266
[2023-02-08T20:18:03.886+0000] {spark_submit.py:495} INFO - 23/02/08 20:18:03 INFO SparkContext: Added JAR file:///home/***/.ivy2/jars/com.github.luben_zstd-jni-1.4.8-1.jar at spark://b55acaa82944:34841/jars/com.github.luben_zstd-jni-1.4.8-1.jar with timestamp 1675887483266
[2023-02-08T20:18:03.886+0000] {spark_submit.py:495} INFO - 23/02/08 20:18:03 INFO SparkContext: Added JAR file:///home/***/.ivy2/jars/org.lz4_lz4-java-1.7.1.jar at spark://b55acaa82944:34841/jars/org.lz4_lz4-java-1.7.1.jar with timestamp 1675887483266
[2023-02-08T20:18:03.886+0000] {spark_submit.py:495} INFO - 23/02/08 20:18:03 INFO SparkContext: Added JAR file:///home/***/.ivy2/jars/org.xerial.snappy_snappy-java-1.1.8.2.jar at spark://b55acaa82944:34841/jars/org.xerial.snappy_snappy-java-1.1.8.2.jar with timestamp 1675887483266
[2023-02-08T20:18:03.886+0000] {spark_submit.py:495} INFO - 23/02/08 20:18:03 INFO SparkContext: Added JAR file:///home/***/.ivy2/jars/org.slf4j_slf4j-api-1.7.30.jar at spark://b55acaa82944:34841/jars/org.slf4j_slf4j-api-1.7.30.jar with timestamp 1675887483266
[2023-02-08T20:18:03.887+0000] {spark_submit.py:495} INFO - 23/02/08 20:18:03 INFO SparkContext: Added JAR file:///home/***/.ivy2/jars/org.mongodb_mongodb-driver-sync-4.0.5.jar at spark://b55acaa82944:34841/jars/org.mongodb_mongodb-driver-sync-4.0.5.jar with timestamp 1675887483266
[2023-02-08T20:18:03.887+0000] {spark_submit.py:495} INFO - 23/02/08 20:18:03 INFO SparkContext: Added JAR file:///home/***/.ivy2/jars/org.mongodb_bson-4.0.5.jar at spark://b55acaa82944:34841/jars/org.mongodb_bson-4.0.5.jar with timestamp 1675887483266
[2023-02-08T20:18:03.887+0000] {spark_submit.py:495} INFO - 23/02/08 20:18:03 INFO SparkContext: Added JAR file:///home/***/.ivy2/jars/org.mongodb_mongodb-driver-core-4.0.5.jar at spark://b55acaa82944:34841/jars/org.mongodb_mongodb-driver-core-4.0.5.jar with timestamp 1675887483266
[2023-02-08T20:18:03.891+0000] {spark_submit.py:495} INFO - 23/02/08 20:18:03 INFO SparkContext: Added file file:///home/***/.ivy2/jars/org.apache.spark_spark-sql-kafka-0-10_2.12-3.1.3.jar at file:///home/***/.ivy2/jars/org.apache.spark_spark-sql-kafka-0-10_2.12-3.1.3.jar with timestamp 1675887483266
[2023-02-08T20:18:03.892+0000] {spark_submit.py:495} INFO - 23/02/08 20:18:03 INFO Utils: Copying /home/***/.ivy2/jars/org.apache.spark_spark-sql-kafka-0-10_2.12-3.1.3.jar to /tmp/spark-cc0afdc6-00d7-4e32-80f3-bfc19fb78bb9/userFiles-52838e40-6f79-45ff-8721-5528b89c8e03/org.apache.spark_spark-sql-kafka-0-10_2.12-3.1.3.jar
[2023-02-08T20:18:03.901+0000] {spark_submit.py:495} INFO - 23/02/08 20:18:03 INFO SparkContext: Added file file:///home/***/.ivy2/jars/org.mongodb.spark_mongo-spark-connector_2.12-3.0.1.jar at file:///home/***/.ivy2/jars/org.mongodb.spark_mongo-spark-connector_2.12-3.0.1.jar with timestamp 1675887483266
[2023-02-08T20:18:03.902+0000] {spark_submit.py:495} INFO - 23/02/08 20:18:03 INFO Utils: Copying /home/***/.ivy2/jars/org.mongodb.spark_mongo-spark-connector_2.12-3.0.1.jar to /tmp/spark-cc0afdc6-00d7-4e32-80f3-bfc19fb78bb9/userFiles-52838e40-6f79-45ff-8721-5528b89c8e03/org.mongodb.spark_mongo-spark-connector_2.12-3.0.1.jar
[2023-02-08T20:18:03.905+0000] {spark_submit.py:495} INFO - 23/02/08 20:18:03 INFO SparkContext: Added file file:///home/***/.ivy2/jars/org.apache.spark_spark-token-provider-kafka-0-10_2.12-3.1.3.jar at file:///home/***/.ivy2/jars/org.apache.spark_spark-token-provider-kafka-0-10_2.12-3.1.3.jar with timestamp 1675887483266
[2023-02-08T20:18:03.905+0000] {spark_submit.py:495} INFO - 23/02/08 20:18:03 INFO Utils: Copying /home/***/.ivy2/jars/org.apache.spark_spark-token-provider-kafka-0-10_2.12-3.1.3.jar to /tmp/spark-cc0afdc6-00d7-4e32-80f3-bfc19fb78bb9/userFiles-52838e40-6f79-45ff-8721-5528b89c8e03/org.apache.spark_spark-token-provider-kafka-0-10_2.12-3.1.3.jar
[2023-02-08T20:18:03.910+0000] {spark_submit.py:495} INFO - 23/02/08 20:18:03 INFO SparkContext: Added file file:///home/***/.ivy2/jars/org.apache.kafka_kafka-clients-2.6.0.jar at file:///home/***/.ivy2/jars/org.apache.kafka_kafka-clients-2.6.0.jar with timestamp 1675887483266
[2023-02-08T20:18:03.910+0000] {spark_submit.py:495} INFO - 23/02/08 20:18:03 INFO Utils: Copying /home/***/.ivy2/jars/org.apache.kafka_kafka-clients-2.6.0.jar to /tmp/spark-cc0afdc6-00d7-4e32-80f3-bfc19fb78bb9/userFiles-52838e40-6f79-45ff-8721-5528b89c8e03/org.apache.kafka_kafka-clients-2.6.0.jar
[2023-02-08T20:18:03.920+0000] {spark_submit.py:495} INFO - 23/02/08 20:18:03 INFO SparkContext: Added file file:///home/***/.ivy2/jars/org.apache.commons_commons-pool2-2.6.2.jar at file:///home/***/.ivy2/jars/org.apache.commons_commons-pool2-2.6.2.jar with timestamp 1675887483266
[2023-02-08T20:18:03.920+0000] {spark_submit.py:495} INFO - 23/02/08 20:18:03 INFO Utils: Copying /home/***/.ivy2/jars/org.apache.commons_commons-pool2-2.6.2.jar to /tmp/spark-cc0afdc6-00d7-4e32-80f3-bfc19fb78bb9/userFiles-52838e40-6f79-45ff-8721-5528b89c8e03/org.apache.commons_commons-pool2-2.6.2.jar
[2023-02-08T20:18:03.925+0000] {spark_submit.py:495} INFO - 23/02/08 20:18:03 INFO SparkContext: Added file file:///home/***/.ivy2/jars/org.spark-project.spark_unused-1.0.0.jar at file:///home/***/.ivy2/jars/org.spark-project.spark_unused-1.0.0.jar with timestamp 1675887483266
[2023-02-08T20:18:03.925+0000] {spark_submit.py:495} INFO - 23/02/08 20:18:03 INFO Utils: Copying /home/***/.ivy2/jars/org.spark-project.spark_unused-1.0.0.jar to /tmp/spark-cc0afdc6-00d7-4e32-80f3-bfc19fb78bb9/userFiles-52838e40-6f79-45ff-8721-5528b89c8e03/org.spark-project.spark_unused-1.0.0.jar
[2023-02-08T20:18:03.930+0000] {spark_submit.py:495} INFO - 23/02/08 20:18:03 INFO SparkContext: Added file file:///home/***/.ivy2/jars/com.github.luben_zstd-jni-1.4.8-1.jar at file:///home/***/.ivy2/jars/com.github.luben_zstd-jni-1.4.8-1.jar with timestamp 1675887483266
[2023-02-08T20:18:03.931+0000] {spark_submit.py:495} INFO - 23/02/08 20:18:03 INFO Utils: Copying /home/***/.ivy2/jars/com.github.luben_zstd-jni-1.4.8-1.jar to /tmp/spark-cc0afdc6-00d7-4e32-80f3-bfc19fb78bb9/userFiles-52838e40-6f79-45ff-8721-5528b89c8e03/com.github.luben_zstd-jni-1.4.8-1.jar
[2023-02-08T20:18:03.943+0000] {spark_submit.py:495} INFO - 23/02/08 20:18:03 INFO SparkContext: Added file file:///home/***/.ivy2/jars/org.lz4_lz4-java-1.7.1.jar at file:///home/***/.ivy2/jars/org.lz4_lz4-java-1.7.1.jar with timestamp 1675887483266
[2023-02-08T20:18:03.943+0000] {spark_submit.py:495} INFO - 23/02/08 20:18:03 INFO Utils: Copying /home/***/.ivy2/jars/org.lz4_lz4-java-1.7.1.jar to /tmp/spark-cc0afdc6-00d7-4e32-80f3-bfc19fb78bb9/userFiles-52838e40-6f79-45ff-8721-5528b89c8e03/org.lz4_lz4-java-1.7.1.jar
[2023-02-08T20:18:03.948+0000] {spark_submit.py:495} INFO - 23/02/08 20:18:03 INFO SparkContext: Added file file:///home/***/.ivy2/jars/org.xerial.snappy_snappy-java-1.1.8.2.jar at file:///home/***/.ivy2/jars/org.xerial.snappy_snappy-java-1.1.8.2.jar with timestamp 1675887483266
[2023-02-08T20:18:03.948+0000] {spark_submit.py:495} INFO - 23/02/08 20:18:03 INFO Utils: Copying /home/***/.ivy2/jars/org.xerial.snappy_snappy-java-1.1.8.2.jar to /tmp/spark-cc0afdc6-00d7-4e32-80f3-bfc19fb78bb9/userFiles-52838e40-6f79-45ff-8721-5528b89c8e03/org.xerial.snappy_snappy-java-1.1.8.2.jar
[2023-02-08T20:18:03.953+0000] {spark_submit.py:495} INFO - 23/02/08 20:18:03 INFO SparkContext: Added file file:///home/***/.ivy2/jars/org.slf4j_slf4j-api-1.7.30.jar at file:///home/***/.ivy2/jars/org.slf4j_slf4j-api-1.7.30.jar with timestamp 1675887483266
[2023-02-08T20:18:03.953+0000] {spark_submit.py:495} INFO - 23/02/08 20:18:03 INFO Utils: Copying /home/***/.ivy2/jars/org.slf4j_slf4j-api-1.7.30.jar to /tmp/spark-cc0afdc6-00d7-4e32-80f3-bfc19fb78bb9/userFiles-52838e40-6f79-45ff-8721-5528b89c8e03/org.slf4j_slf4j-api-1.7.30.jar
[2023-02-08T20:18:03.957+0000] {spark_submit.py:495} INFO - 23/02/08 20:18:03 INFO SparkContext: Added file file:///home/***/.ivy2/jars/org.mongodb_mongodb-driver-sync-4.0.5.jar at file:///home/***/.ivy2/jars/org.mongodb_mongodb-driver-sync-4.0.5.jar with timestamp 1675887483266
[2023-02-08T20:18:03.957+0000] {spark_submit.py:495} INFO - 23/02/08 20:18:03 INFO Utils: Copying /home/***/.ivy2/jars/org.mongodb_mongodb-driver-sync-4.0.5.jar to /tmp/spark-cc0afdc6-00d7-4e32-80f3-bfc19fb78bb9/userFiles-52838e40-6f79-45ff-8721-5528b89c8e03/org.mongodb_mongodb-driver-sync-4.0.5.jar
[2023-02-08T20:18:03.960+0000] {spark_submit.py:495} INFO - 23/02/08 20:18:03 INFO SparkContext: Added file file:///home/***/.ivy2/jars/org.mongodb_bson-4.0.5.jar at file:///home/***/.ivy2/jars/org.mongodb_bson-4.0.5.jar with timestamp 1675887483266
[2023-02-08T20:18:03.960+0000] {spark_submit.py:495} INFO - 23/02/08 20:18:03 INFO Utils: Copying /home/***/.ivy2/jars/org.mongodb_bson-4.0.5.jar to /tmp/spark-cc0afdc6-00d7-4e32-80f3-bfc19fb78bb9/userFiles-52838e40-6f79-45ff-8721-5528b89c8e03/org.mongodb_bson-4.0.5.jar
[2023-02-08T20:18:03.963+0000] {spark_submit.py:495} INFO - 23/02/08 20:18:03 INFO SparkContext: Added file file:///home/***/.ivy2/jars/org.mongodb_mongodb-driver-core-4.0.5.jar at file:///home/***/.ivy2/jars/org.mongodb_mongodb-driver-core-4.0.5.jar with timestamp 1675887483266
[2023-02-08T20:18:03.964+0000] {spark_submit.py:495} INFO - 23/02/08 20:18:03 INFO Utils: Copying /home/***/.ivy2/jars/org.mongodb_mongodb-driver-core-4.0.5.jar to /tmp/spark-cc0afdc6-00d7-4e32-80f3-bfc19fb78bb9/userFiles-52838e40-6f79-45ff-8721-5528b89c8e03/org.mongodb_mongodb-driver-core-4.0.5.jar
[2023-02-08T20:18:04.021+0000] {spark_submit.py:495} INFO - 23/02/08 20:18:04 INFO Executor: Starting executor ID driver on host b55acaa82944
[2023-02-08T20:18:04.026+0000] {spark_submit.py:495} INFO - 23/02/08 20:18:04 INFO Executor: Starting executor with user classpath (userClassPathFirst = false): ''
[2023-02-08T20:18:04.034+0000] {spark_submit.py:495} INFO - 23/02/08 20:18:04 INFO Executor: Fetching file:///home/***/.ivy2/jars/org.apache.spark_spark-token-provider-kafka-0-10_2.12-3.1.3.jar with timestamp 1675887483266
[2023-02-08T20:18:04.048+0000] {spark_submit.py:495} INFO - 23/02/08 20:18:04 INFO Utils: /home/***/.ivy2/jars/org.apache.spark_spark-token-provider-kafka-0-10_2.12-3.1.3.jar has been previously copied to /tmp/spark-cc0afdc6-00d7-4e32-80f3-bfc19fb78bb9/userFiles-52838e40-6f79-45ff-8721-5528b89c8e03/org.apache.spark_spark-token-provider-kafka-0-10_2.12-3.1.3.jar
[2023-02-08T20:18:04.063+0000] {spark_submit.py:495} INFO - 23/02/08 20:18:04 INFO Executor: Fetching file:///home/***/.ivy2/jars/org.mongodb_mongodb-driver-sync-4.0.5.jar with timestamp 1675887483266
[2023-02-08T20:18:04.066+0000] {spark_submit.py:495} INFO - 23/02/08 20:18:04 INFO Utils: /home/***/.ivy2/jars/org.mongodb_mongodb-driver-sync-4.0.5.jar has been previously copied to /tmp/spark-cc0afdc6-00d7-4e32-80f3-bfc19fb78bb9/userFiles-52838e40-6f79-45ff-8721-5528b89c8e03/org.mongodb_mongodb-driver-sync-4.0.5.jar
[2023-02-08T20:18:04.069+0000] {spark_submit.py:495} INFO - 23/02/08 20:18:04 INFO Executor: Fetching file:///home/***/.ivy2/jars/org.apache.kafka_kafka-clients-2.6.0.jar with timestamp 1675887483266
[2023-02-08T20:18:04.074+0000] {spark_submit.py:495} INFO - 23/02/08 20:18:04 INFO Utils: /home/***/.ivy2/jars/org.apache.kafka_kafka-clients-2.6.0.jar has been previously copied to /tmp/spark-cc0afdc6-00d7-4e32-80f3-bfc19fb78bb9/userFiles-52838e40-6f79-45ff-8721-5528b89c8e03/org.apache.kafka_kafka-clients-2.6.0.jar
[2023-02-08T20:18:04.077+0000] {spark_submit.py:495} INFO - 23/02/08 20:18:04 INFO Executor: Fetching file:///home/***/.ivy2/jars/org.mongodb_bson-4.0.5.jar with timestamp 1675887483266
[2023-02-08T20:18:04.077+0000] {spark_submit.py:495} INFO - 23/02/08 20:18:04 INFO Utils: /home/***/.ivy2/jars/org.mongodb_bson-4.0.5.jar has been previously copied to /tmp/spark-cc0afdc6-00d7-4e32-80f3-bfc19fb78bb9/userFiles-52838e40-6f79-45ff-8721-5528b89c8e03/org.mongodb_bson-4.0.5.jar
[2023-02-08T20:18:04.080+0000] {spark_submit.py:495} INFO - 23/02/08 20:18:04 INFO Executor: Fetching file:///home/***/.ivy2/jars/com.github.luben_zstd-jni-1.4.8-1.jar with timestamp 1675887483266
[2023-02-08T20:18:04.085+0000] {spark_submit.py:495} INFO - 23/02/08 20:18:04 INFO Utils: /home/***/.ivy2/jars/com.github.luben_zstd-jni-1.4.8-1.jar has been previously copied to /tmp/spark-cc0afdc6-00d7-4e32-80f3-bfc19fb78bb9/userFiles-52838e40-6f79-45ff-8721-5528b89c8e03/com.github.luben_zstd-jni-1.4.8-1.jar
[2023-02-08T20:18:04.092+0000] {spark_submit.py:495} INFO - 23/02/08 20:18:04 INFO Executor: Fetching file:///home/***/.ivy2/jars/org.lz4_lz4-java-1.7.1.jar with timestamp 1675887483266
[2023-02-08T20:18:04.094+0000] {spark_submit.py:495} INFO - 23/02/08 20:18:04 INFO Utils: /home/***/.ivy2/jars/org.lz4_lz4-java-1.7.1.jar has been previously copied to /tmp/spark-cc0afdc6-00d7-4e32-80f3-bfc19fb78bb9/userFiles-52838e40-6f79-45ff-8721-5528b89c8e03/org.lz4_lz4-java-1.7.1.jar
[2023-02-08T20:18:04.095+0000] {spark_submit.py:495} INFO - 23/02/08 20:18:04 INFO Executor: Fetching file:///home/***/.ivy2/jars/org.spark-project.spark_unused-1.0.0.jar with timestamp 1675887483266
[2023-02-08T20:18:04.095+0000] {spark_submit.py:495} INFO - 23/02/08 20:18:04 INFO Utils: /home/***/.ivy2/jars/org.spark-project.spark_unused-1.0.0.jar has been previously copied to /tmp/spark-cc0afdc6-00d7-4e32-80f3-bfc19fb78bb9/userFiles-52838e40-6f79-45ff-8721-5528b89c8e03/org.spark-project.spark_unused-1.0.0.jar
[2023-02-08T20:18:04.099+0000] {spark_submit.py:495} INFO - 23/02/08 20:18:04 INFO Executor: Fetching file:///home/***/.ivy2/jars/org.xerial.snappy_snappy-java-1.1.8.2.jar with timestamp 1675887483266
[2023-02-08T20:18:04.101+0000] {spark_submit.py:495} INFO - 23/02/08 20:18:04 INFO Utils: /home/***/.ivy2/jars/org.xerial.snappy_snappy-java-1.1.8.2.jar has been previously copied to /tmp/spark-cc0afdc6-00d7-4e32-80f3-bfc19fb78bb9/userFiles-52838e40-6f79-45ff-8721-5528b89c8e03/org.xerial.snappy_snappy-java-1.1.8.2.jar
[2023-02-08T20:18:04.113+0000] {spark_submit.py:495} INFO - 23/02/08 20:18:04 INFO Executor: Fetching file:///home/***/.ivy2/jars/org.mongodb_mongodb-driver-core-4.0.5.jar with timestamp 1675887483266
[2023-02-08T20:18:04.114+0000] {spark_submit.py:495} INFO - 23/02/08 20:18:04 INFO Utils: /home/***/.ivy2/jars/org.mongodb_mongodb-driver-core-4.0.5.jar has been previously copied to /tmp/spark-cc0afdc6-00d7-4e32-80f3-bfc19fb78bb9/userFiles-52838e40-6f79-45ff-8721-5528b89c8e03/org.mongodb_mongodb-driver-core-4.0.5.jar
[2023-02-08T20:18:04.117+0000] {spark_submit.py:495} INFO - 23/02/08 20:18:04 INFO Executor: Fetching file:///home/***/.ivy2/jars/org.apache.spark_spark-sql-kafka-0-10_2.12-3.1.3.jar with timestamp 1675887483266
[2023-02-08T20:18:04.118+0000] {spark_submit.py:495} INFO - 23/02/08 20:18:04 INFO Utils: /home/***/.ivy2/jars/org.apache.spark_spark-sql-kafka-0-10_2.12-3.1.3.jar has been previously copied to /tmp/spark-cc0afdc6-00d7-4e32-80f3-bfc19fb78bb9/userFiles-52838e40-6f79-45ff-8721-5528b89c8e03/org.apache.spark_spark-sql-kafka-0-10_2.12-3.1.3.jar
[2023-02-08T20:18:04.126+0000] {spark_submit.py:495} INFO - 23/02/08 20:18:04 INFO Executor: Fetching file:///home/***/.ivy2/jars/org.mongodb.spark_mongo-spark-connector_2.12-3.0.1.jar with timestamp 1675887483266
[2023-02-08T20:18:04.133+0000] {spark_submit.py:495} INFO - 23/02/08 20:18:04 INFO Utils: /home/***/.ivy2/jars/org.mongodb.spark_mongo-spark-connector_2.12-3.0.1.jar has been previously copied to /tmp/spark-cc0afdc6-00d7-4e32-80f3-bfc19fb78bb9/userFiles-52838e40-6f79-45ff-8721-5528b89c8e03/org.mongodb.spark_mongo-spark-connector_2.12-3.0.1.jar
[2023-02-08T20:18:04.136+0000] {spark_submit.py:495} INFO - 23/02/08 20:18:04 INFO Executor: Fetching file:///home/***/.ivy2/jars/org.apache.commons_commons-pool2-2.6.2.jar with timestamp 1675887483266
[2023-02-08T20:18:04.136+0000] {spark_submit.py:495} INFO - 23/02/08 20:18:04 INFO Utils: /home/***/.ivy2/jars/org.apache.commons_commons-pool2-2.6.2.jar has been previously copied to /tmp/spark-cc0afdc6-00d7-4e32-80f3-bfc19fb78bb9/userFiles-52838e40-6f79-45ff-8721-5528b89c8e03/org.apache.commons_commons-pool2-2.6.2.jar
[2023-02-08T20:18:04.139+0000] {spark_submit.py:495} INFO - 23/02/08 20:18:04 INFO Executor: Fetching file:///home/***/.ivy2/jars/org.slf4j_slf4j-api-1.7.30.jar with timestamp 1675887483266
[2023-02-08T20:18:04.139+0000] {spark_submit.py:495} INFO - 23/02/08 20:18:04 INFO Utils: /home/***/.ivy2/jars/org.slf4j_slf4j-api-1.7.30.jar has been previously copied to /tmp/spark-cc0afdc6-00d7-4e32-80f3-bfc19fb78bb9/userFiles-52838e40-6f79-45ff-8721-5528b89c8e03/org.slf4j_slf4j-api-1.7.30.jar
[2023-02-08T20:18:04.144+0000] {spark_submit.py:495} INFO - 23/02/08 20:18:04 INFO Executor: Fetching spark://b55acaa82944:34841/jars/org.mongodb_mongodb-driver-core-4.0.5.jar with timestamp 1675887483266
[2023-02-08T20:18:04.171+0000] {spark_submit.py:495} INFO - 23/02/08 20:18:04 INFO TransportClientFactory: Successfully created connection to b55acaa82944/172.20.0.6:34841 after 20 ms (0 ms spent in bootstraps)
[2023-02-08T20:18:04.176+0000] {spark_submit.py:495} INFO - 23/02/08 20:18:04 INFO Utils: Fetching spark://b55acaa82944:34841/jars/org.mongodb_mongodb-driver-core-4.0.5.jar to /tmp/spark-cc0afdc6-00d7-4e32-80f3-bfc19fb78bb9/userFiles-52838e40-6f79-45ff-8721-5528b89c8e03/fetchFileTemp7584087609010908040.tmp
[2023-02-08T20:18:04.207+0000] {spark_submit.py:495} INFO - 23/02/08 20:18:04 INFO Utils: /tmp/spark-cc0afdc6-00d7-4e32-80f3-bfc19fb78bb9/userFiles-52838e40-6f79-45ff-8721-5528b89c8e03/fetchFileTemp7584087609010908040.tmp has been previously copied to /tmp/spark-cc0afdc6-00d7-4e32-80f3-bfc19fb78bb9/userFiles-52838e40-6f79-45ff-8721-5528b89c8e03/org.mongodb_mongodb-driver-core-4.0.5.jar
[2023-02-08T20:18:04.212+0000] {spark_submit.py:495} INFO - 23/02/08 20:18:04 INFO Executor: Adding file:/tmp/spark-cc0afdc6-00d7-4e32-80f3-bfc19fb78bb9/userFiles-52838e40-6f79-45ff-8721-5528b89c8e03/org.mongodb_mongodb-driver-core-4.0.5.jar to class loader
[2023-02-08T20:18:04.212+0000] {spark_submit.py:495} INFO - 23/02/08 20:18:04 INFO Executor: Fetching spark://b55acaa82944:34841/jars/org.lz4_lz4-java-1.7.1.jar with timestamp 1675887483266
[2023-02-08T20:18:04.213+0000] {spark_submit.py:495} INFO - 23/02/08 20:18:04 INFO Utils: Fetching spark://b55acaa82944:34841/jars/org.lz4_lz4-java-1.7.1.jar to /tmp/spark-cc0afdc6-00d7-4e32-80f3-bfc19fb78bb9/userFiles-52838e40-6f79-45ff-8721-5528b89c8e03/fetchFileTemp4652270556394787535.tmp
[2023-02-08T20:18:04.216+0000] {spark_submit.py:495} INFO - 23/02/08 20:18:04 INFO Utils: /tmp/spark-cc0afdc6-00d7-4e32-80f3-bfc19fb78bb9/userFiles-52838e40-6f79-45ff-8721-5528b89c8e03/fetchFileTemp4652270556394787535.tmp has been previously copied to /tmp/spark-cc0afdc6-00d7-4e32-80f3-bfc19fb78bb9/userFiles-52838e40-6f79-45ff-8721-5528b89c8e03/org.lz4_lz4-java-1.7.1.jar
[2023-02-08T20:18:04.219+0000] {spark_submit.py:495} INFO - 23/02/08 20:18:04 INFO Executor: Adding file:/tmp/spark-cc0afdc6-00d7-4e32-80f3-bfc19fb78bb9/userFiles-52838e40-6f79-45ff-8721-5528b89c8e03/org.lz4_lz4-java-1.7.1.jar to class loader
[2023-02-08T20:18:04.219+0000] {spark_submit.py:495} INFO - 23/02/08 20:18:04 INFO Executor: Fetching spark://b55acaa82944:34841/jars/org.xerial.snappy_snappy-java-1.1.8.2.jar with timestamp 1675887483266
[2023-02-08T20:18:04.219+0000] {spark_submit.py:495} INFO - 23/02/08 20:18:04 INFO Utils: Fetching spark://b55acaa82944:34841/jars/org.xerial.snappy_snappy-java-1.1.8.2.jar to /tmp/spark-cc0afdc6-00d7-4e32-80f3-bfc19fb78bb9/userFiles-52838e40-6f79-45ff-8721-5528b89c8e03/fetchFileTemp11729844848529011181.tmp
[2023-02-08T20:18:04.228+0000] {spark_submit.py:495} INFO - 23/02/08 20:18:04 INFO Utils: /tmp/spark-cc0afdc6-00d7-4e32-80f3-bfc19fb78bb9/userFiles-52838e40-6f79-45ff-8721-5528b89c8e03/fetchFileTemp11729844848529011181.tmp has been previously copied to /tmp/spark-cc0afdc6-00d7-4e32-80f3-bfc19fb78bb9/userFiles-52838e40-6f79-45ff-8721-5528b89c8e03/org.xerial.snappy_snappy-java-1.1.8.2.jar
[2023-02-08T20:18:04.233+0000] {spark_submit.py:495} INFO - 23/02/08 20:18:04 INFO Executor: Adding file:/tmp/spark-cc0afdc6-00d7-4e32-80f3-bfc19fb78bb9/userFiles-52838e40-6f79-45ff-8721-5528b89c8e03/org.xerial.snappy_snappy-java-1.1.8.2.jar to class loader
[2023-02-08T20:18:04.233+0000] {spark_submit.py:495} INFO - 23/02/08 20:18:04 INFO Executor: Fetching spark://b55acaa82944:34841/jars/org.apache.spark_spark-sql-kafka-0-10_2.12-3.1.3.jar with timestamp 1675887483266
[2023-02-08T20:18:04.233+0000] {spark_submit.py:495} INFO - 23/02/08 20:18:04 INFO Utils: Fetching spark://b55acaa82944:34841/jars/org.apache.spark_spark-sql-kafka-0-10_2.12-3.1.3.jar to /tmp/spark-cc0afdc6-00d7-4e32-80f3-bfc19fb78bb9/userFiles-52838e40-6f79-45ff-8721-5528b89c8e03/fetchFileTemp2777241637553222307.tmp
[2023-02-08T20:18:04.235+0000] {spark_submit.py:495} INFO - 23/02/08 20:18:04 INFO Utils: /tmp/spark-cc0afdc6-00d7-4e32-80f3-bfc19fb78bb9/userFiles-52838e40-6f79-45ff-8721-5528b89c8e03/fetchFileTemp2777241637553222307.tmp has been previously copied to /tmp/spark-cc0afdc6-00d7-4e32-80f3-bfc19fb78bb9/userFiles-52838e40-6f79-45ff-8721-5528b89c8e03/org.apache.spark_spark-sql-kafka-0-10_2.12-3.1.3.jar
[2023-02-08T20:18:04.238+0000] {spark_submit.py:495} INFO - 23/02/08 20:18:04 INFO Executor: Adding file:/tmp/spark-cc0afdc6-00d7-4e32-80f3-bfc19fb78bb9/userFiles-52838e40-6f79-45ff-8721-5528b89c8e03/org.apache.spark_spark-sql-kafka-0-10_2.12-3.1.3.jar to class loader
[2023-02-08T20:18:04.238+0000] {spark_submit.py:495} INFO - 23/02/08 20:18:04 INFO Executor: Fetching spark://b55acaa82944:34841/jars/com.github.luben_zstd-jni-1.4.8-1.jar with timestamp 1675887483266
[2023-02-08T20:18:04.239+0000] {spark_submit.py:495} INFO - 23/02/08 20:18:04 INFO Utils: Fetching spark://b55acaa82944:34841/jars/com.github.luben_zstd-jni-1.4.8-1.jar to /tmp/spark-cc0afdc6-00d7-4e32-80f3-bfc19fb78bb9/userFiles-52838e40-6f79-45ff-8721-5528b89c8e03/fetchFileTemp16702255268471569593.tmp
[2023-02-08T20:18:04.258+0000] {spark_submit.py:495} INFO - 23/02/08 20:18:04 INFO Utils: /tmp/spark-cc0afdc6-00d7-4e32-80f3-bfc19fb78bb9/userFiles-52838e40-6f79-45ff-8721-5528b89c8e03/fetchFileTemp16702255268471569593.tmp has been previously copied to /tmp/spark-cc0afdc6-00d7-4e32-80f3-bfc19fb78bb9/userFiles-52838e40-6f79-45ff-8721-5528b89c8e03/com.github.luben_zstd-jni-1.4.8-1.jar
[2023-02-08T20:18:04.269+0000] {spark_submit.py:495} INFO - 23/02/08 20:18:04 INFO Executor: Adding file:/tmp/spark-cc0afdc6-00d7-4e32-80f3-bfc19fb78bb9/userFiles-52838e40-6f79-45ff-8721-5528b89c8e03/com.github.luben_zstd-jni-1.4.8-1.jar to class loader
[2023-02-08T20:18:04.269+0000] {spark_submit.py:495} INFO - 23/02/08 20:18:04 INFO Executor: Fetching spark://b55acaa82944:34841/jars/org.apache.kafka_kafka-clients-2.6.0.jar with timestamp 1675887483266
[2023-02-08T20:18:04.269+0000] {spark_submit.py:495} INFO - 23/02/08 20:18:04 INFO Utils: Fetching spark://b55acaa82944:34841/jars/org.apache.kafka_kafka-clients-2.6.0.jar to /tmp/spark-cc0afdc6-00d7-4e32-80f3-bfc19fb78bb9/userFiles-52838e40-6f79-45ff-8721-5528b89c8e03/fetchFileTemp1664067990556502051.tmp
[2023-02-08T20:18:04.278+0000] {spark_submit.py:495} INFO - 23/02/08 20:18:04 INFO Utils: /tmp/spark-cc0afdc6-00d7-4e32-80f3-bfc19fb78bb9/userFiles-52838e40-6f79-45ff-8721-5528b89c8e03/fetchFileTemp1664067990556502051.tmp has been previously copied to /tmp/spark-cc0afdc6-00d7-4e32-80f3-bfc19fb78bb9/userFiles-52838e40-6f79-45ff-8721-5528b89c8e03/org.apache.kafka_kafka-clients-2.6.0.jar
[2023-02-08T20:18:04.287+0000] {spark_submit.py:495} INFO - 23/02/08 20:18:04 INFO Executor: Adding file:/tmp/spark-cc0afdc6-00d7-4e32-80f3-bfc19fb78bb9/userFiles-52838e40-6f79-45ff-8721-5528b89c8e03/org.apache.kafka_kafka-clients-2.6.0.jar to class loader
[2023-02-08T20:18:04.288+0000] {spark_submit.py:495} INFO - 23/02/08 20:18:04 INFO Executor: Fetching spark://b55acaa82944:34841/jars/org.apache.commons_commons-pool2-2.6.2.jar with timestamp 1675887483266
[2023-02-08T20:18:04.288+0000] {spark_submit.py:495} INFO - 23/02/08 20:18:04 INFO Utils: Fetching spark://b55acaa82944:34841/jars/org.apache.commons_commons-pool2-2.6.2.jar to /tmp/spark-cc0afdc6-00d7-4e32-80f3-bfc19fb78bb9/userFiles-52838e40-6f79-45ff-8721-5528b89c8e03/fetchFileTemp7656871182610822606.tmp
[2023-02-08T20:18:04.289+0000] {spark_submit.py:495} INFO - 23/02/08 20:18:04 INFO Utils: /tmp/spark-cc0afdc6-00d7-4e32-80f3-bfc19fb78bb9/userFiles-52838e40-6f79-45ff-8721-5528b89c8e03/fetchFileTemp7656871182610822606.tmp has been previously copied to /tmp/spark-cc0afdc6-00d7-4e32-80f3-bfc19fb78bb9/userFiles-52838e40-6f79-45ff-8721-5528b89c8e03/org.apache.commons_commons-pool2-2.6.2.jar
[2023-02-08T20:18:04.292+0000] {spark_submit.py:495} INFO - 23/02/08 20:18:04 INFO Executor: Adding file:/tmp/spark-cc0afdc6-00d7-4e32-80f3-bfc19fb78bb9/userFiles-52838e40-6f79-45ff-8721-5528b89c8e03/org.apache.commons_commons-pool2-2.6.2.jar to class loader
[2023-02-08T20:18:04.292+0000] {spark_submit.py:495} INFO - 23/02/08 20:18:04 INFO Executor: Fetching spark://b55acaa82944:34841/jars/org.spark-project.spark_unused-1.0.0.jar with timestamp 1675887483266
[2023-02-08T20:18:04.293+0000] {spark_submit.py:495} INFO - 23/02/08 20:18:04 INFO Utils: Fetching spark://b55acaa82944:34841/jars/org.spark-project.spark_unused-1.0.0.jar to /tmp/spark-cc0afdc6-00d7-4e32-80f3-bfc19fb78bb9/userFiles-52838e40-6f79-45ff-8721-5528b89c8e03/fetchFileTemp17868152212311719751.tmp
[2023-02-08T20:18:04.294+0000] {spark_submit.py:495} INFO - 23/02/08 20:18:04 INFO Utils: /tmp/spark-cc0afdc6-00d7-4e32-80f3-bfc19fb78bb9/userFiles-52838e40-6f79-45ff-8721-5528b89c8e03/fetchFileTemp17868152212311719751.tmp has been previously copied to /tmp/spark-cc0afdc6-00d7-4e32-80f3-bfc19fb78bb9/userFiles-52838e40-6f79-45ff-8721-5528b89c8e03/org.spark-project.spark_unused-1.0.0.jar
[2023-02-08T20:18:04.296+0000] {spark_submit.py:495} INFO - 23/02/08 20:18:04 INFO Executor: Adding file:/tmp/spark-cc0afdc6-00d7-4e32-80f3-bfc19fb78bb9/userFiles-52838e40-6f79-45ff-8721-5528b89c8e03/org.spark-project.spark_unused-1.0.0.jar to class loader
[2023-02-08T20:18:04.296+0000] {spark_submit.py:495} INFO - 23/02/08 20:18:04 INFO Executor: Fetching spark://b55acaa82944:34841/jars/org.mongodb_mongodb-driver-sync-4.0.5.jar with timestamp 1675887483266
[2023-02-08T20:18:04.299+0000] {spark_submit.py:495} INFO - 23/02/08 20:18:04 INFO Utils: Fetching spark://b55acaa82944:34841/jars/org.mongodb_mongodb-driver-sync-4.0.5.jar to /tmp/spark-cc0afdc6-00d7-4e32-80f3-bfc19fb78bb9/userFiles-52838e40-6f79-45ff-8721-5528b89c8e03/fetchFileTemp14490511829484119606.tmp
[2023-02-08T20:18:04.300+0000] {spark_submit.py:495} INFO - 23/02/08 20:18:04 INFO Utils: /tmp/spark-cc0afdc6-00d7-4e32-80f3-bfc19fb78bb9/userFiles-52838e40-6f79-45ff-8721-5528b89c8e03/fetchFileTemp14490511829484119606.tmp has been previously copied to /tmp/spark-cc0afdc6-00d7-4e32-80f3-bfc19fb78bb9/userFiles-52838e40-6f79-45ff-8721-5528b89c8e03/org.mongodb_mongodb-driver-sync-4.0.5.jar
[2023-02-08T20:18:04.301+0000] {spark_submit.py:495} INFO - 23/02/08 20:18:04 INFO Executor: Adding file:/tmp/spark-cc0afdc6-00d7-4e32-80f3-bfc19fb78bb9/userFiles-52838e40-6f79-45ff-8721-5528b89c8e03/org.mongodb_mongodb-driver-sync-4.0.5.jar to class loader
[2023-02-08T20:18:04.301+0000] {spark_submit.py:495} INFO - 23/02/08 20:18:04 INFO Executor: Fetching spark://b55acaa82944:34841/jars/org.mongodb.spark_mongo-spark-connector_2.12-3.0.1.jar with timestamp 1675887483266
[2023-02-08T20:18:04.302+0000] {spark_submit.py:495} INFO - 23/02/08 20:18:04 INFO Utils: Fetching spark://b55acaa82944:34841/jars/org.mongodb.spark_mongo-spark-connector_2.12-3.0.1.jar to /tmp/spark-cc0afdc6-00d7-4e32-80f3-bfc19fb78bb9/userFiles-52838e40-6f79-45ff-8721-5528b89c8e03/fetchFileTemp10381419799079175322.tmp
[2023-02-08T20:18:04.306+0000] {spark_submit.py:495} INFO - 23/02/08 20:18:04 INFO Utils: /tmp/spark-cc0afdc6-00d7-4e32-80f3-bfc19fb78bb9/userFiles-52838e40-6f79-45ff-8721-5528b89c8e03/fetchFileTemp10381419799079175322.tmp has been previously copied to /tmp/spark-cc0afdc6-00d7-4e32-80f3-bfc19fb78bb9/userFiles-52838e40-6f79-45ff-8721-5528b89c8e03/org.mongodb.spark_mongo-spark-connector_2.12-3.0.1.jar
[2023-02-08T20:18:04.309+0000] {spark_submit.py:495} INFO - 23/02/08 20:18:04 INFO Executor: Adding file:/tmp/spark-cc0afdc6-00d7-4e32-80f3-bfc19fb78bb9/userFiles-52838e40-6f79-45ff-8721-5528b89c8e03/org.mongodb.spark_mongo-spark-connector_2.12-3.0.1.jar to class loader
[2023-02-08T20:18:04.309+0000] {spark_submit.py:495} INFO - 23/02/08 20:18:04 INFO Executor: Fetching spark://b55acaa82944:34841/jars/org.slf4j_slf4j-api-1.7.30.jar with timestamp 1675887483266
[2023-02-08T20:18:04.310+0000] {spark_submit.py:495} INFO - 23/02/08 20:18:04 INFO Utils: Fetching spark://b55acaa82944:34841/jars/org.slf4j_slf4j-api-1.7.30.jar to /tmp/spark-cc0afdc6-00d7-4e32-80f3-bfc19fb78bb9/userFiles-52838e40-6f79-45ff-8721-5528b89c8e03/fetchFileTemp9133335487645011739.tmp
[2023-02-08T20:18:04.311+0000] {spark_submit.py:495} INFO - 23/02/08 20:18:04 INFO Utils: /tmp/spark-cc0afdc6-00d7-4e32-80f3-bfc19fb78bb9/userFiles-52838e40-6f79-45ff-8721-5528b89c8e03/fetchFileTemp9133335487645011739.tmp has been previously copied to /tmp/spark-cc0afdc6-00d7-4e32-80f3-bfc19fb78bb9/userFiles-52838e40-6f79-45ff-8721-5528b89c8e03/org.slf4j_slf4j-api-1.7.30.jar
[2023-02-08T20:18:04.313+0000] {spark_submit.py:495} INFO - 23/02/08 20:18:04 INFO Executor: Adding file:/tmp/spark-cc0afdc6-00d7-4e32-80f3-bfc19fb78bb9/userFiles-52838e40-6f79-45ff-8721-5528b89c8e03/org.slf4j_slf4j-api-1.7.30.jar to class loader
[2023-02-08T20:18:04.314+0000] {spark_submit.py:495} INFO - 23/02/08 20:18:04 INFO Executor: Fetching spark://b55acaa82944:34841/jars/org.apache.spark_spark-token-provider-kafka-0-10_2.12-3.1.3.jar with timestamp 1675887483266
[2023-02-08T20:18:04.314+0000] {spark_submit.py:495} INFO - 23/02/08 20:18:04 INFO Utils: Fetching spark://b55acaa82944:34841/jars/org.apache.spark_spark-token-provider-kafka-0-10_2.12-3.1.3.jar to /tmp/spark-cc0afdc6-00d7-4e32-80f3-bfc19fb78bb9/userFiles-52838e40-6f79-45ff-8721-5528b89c8e03/fetchFileTemp2937389583377404012.tmp
[2023-02-08T20:18:04.316+0000] {spark_submit.py:495} INFO - 23/02/08 20:18:04 INFO Utils: /tmp/spark-cc0afdc6-00d7-4e32-80f3-bfc19fb78bb9/userFiles-52838e40-6f79-45ff-8721-5528b89c8e03/fetchFileTemp2937389583377404012.tmp has been previously copied to /tmp/spark-cc0afdc6-00d7-4e32-80f3-bfc19fb78bb9/userFiles-52838e40-6f79-45ff-8721-5528b89c8e03/org.apache.spark_spark-token-provider-kafka-0-10_2.12-3.1.3.jar
[2023-02-08T20:18:04.319+0000] {spark_submit.py:495} INFO - 23/02/08 20:18:04 INFO Executor: Adding file:/tmp/spark-cc0afdc6-00d7-4e32-80f3-bfc19fb78bb9/userFiles-52838e40-6f79-45ff-8721-5528b89c8e03/org.apache.spark_spark-token-provider-kafka-0-10_2.12-3.1.3.jar to class loader
[2023-02-08T20:18:04.319+0000] {spark_submit.py:495} INFO - 23/02/08 20:18:04 INFO Executor: Fetching spark://b55acaa82944:34841/jars/org.mongodb_bson-4.0.5.jar with timestamp 1675887483266
[2023-02-08T20:18:04.320+0000] {spark_submit.py:495} INFO - 23/02/08 20:18:04 INFO Utils: Fetching spark://b55acaa82944:34841/jars/org.mongodb_bson-4.0.5.jar to /tmp/spark-cc0afdc6-00d7-4e32-80f3-bfc19fb78bb9/userFiles-52838e40-6f79-45ff-8721-5528b89c8e03/fetchFileTemp12005130640657332824.tmp
[2023-02-08T20:18:04.322+0000] {spark_submit.py:495} INFO - 23/02/08 20:18:04 INFO Utils: /tmp/spark-cc0afdc6-00d7-4e32-80f3-bfc19fb78bb9/userFiles-52838e40-6f79-45ff-8721-5528b89c8e03/fetchFileTemp12005130640657332824.tmp has been previously copied to /tmp/spark-cc0afdc6-00d7-4e32-80f3-bfc19fb78bb9/userFiles-52838e40-6f79-45ff-8721-5528b89c8e03/org.mongodb_bson-4.0.5.jar
[2023-02-08T20:18:04.325+0000] {spark_submit.py:495} INFO - 23/02/08 20:18:04 INFO Executor: Adding file:/tmp/spark-cc0afdc6-00d7-4e32-80f3-bfc19fb78bb9/userFiles-52838e40-6f79-45ff-8721-5528b89c8e03/org.mongodb_bson-4.0.5.jar to class loader
[2023-02-08T20:18:04.330+0000] {spark_submit.py:495} INFO - 23/02/08 20:18:04 INFO Utils: Successfully started service 'org.apache.spark.network.netty.NettyBlockTransferService' on port 43089.
[2023-02-08T20:18:04.330+0000] {spark_submit.py:495} INFO - 23/02/08 20:18:04 INFO NettyBlockTransferService: Server created on b55acaa82944:43089
[2023-02-08T20:18:04.331+0000] {spark_submit.py:495} INFO - 23/02/08 20:18:04 INFO BlockManager: Using org.apache.spark.storage.RandomBlockReplicationPolicy for block replication policy
[2023-02-08T20:18:04.335+0000] {spark_submit.py:495} INFO - 23/02/08 20:18:04 INFO BlockManagerMaster: Registering BlockManager BlockManagerId(driver, b55acaa82944, 43089, None)
[2023-02-08T20:18:04.337+0000] {spark_submit.py:495} INFO - 23/02/08 20:18:04 INFO BlockManagerMasterEndpoint: Registering block manager b55acaa82944:43089 with 434.4 MiB RAM, BlockManagerId(driver, b55acaa82944, 43089, None)
[2023-02-08T20:18:04.339+0000] {spark_submit.py:495} INFO - 23/02/08 20:18:04 INFO BlockManagerMaster: Registered BlockManager BlockManagerId(driver, b55acaa82944, 43089, None)
[2023-02-08T20:18:04.340+0000] {spark_submit.py:495} INFO - 23/02/08 20:18:04 INFO BlockManager: Initialized BlockManager: BlockManagerId(driver, b55acaa82944, 43089, None)
[2023-02-08T20:18:07.366+0000] {spark_submit.py:495} INFO - 2023-02-08 20:18:07,364 - py4j.java_gateway - INFO - Callback Server Starting
[2023-02-08T20:18:07.376+0000] {spark_submit.py:495} INFO - 2023-02-08 20:18:07,373 - py4j.java_gateway - INFO - Socket listening on ('127.0.0.1', 34037)
[2023-02-08T20:18:11.564+0000] {spark_submit.py:495} INFO - 2023-02-08 20:18:11,563 - py4j.clientserver - INFO - Python Server ready to receive messages
[2023-02-08T20:18:11.564+0000] {spark_submit.py:495} INFO - 2023-02-08 20:18:11,564 - py4j.clientserver - INFO - Received command c on object id p0
[2023-02-08T20:18:11.913+0000] {spark_submit.py:495} INFO - -------------------------------------------
[2023-02-08T20:18:11.913+0000] {spark_submit.py:495} INFO - Batch: 0
[2023-02-08T20:18:11.913+0000] {spark_submit.py:495} INFO - -------------------------------------------
[2023-02-08T20:18:12.016+0000] {spark_submit.py:495} INFO - +---+-------------+-----+-------------+----------+----------------+------------+-----------------+--------------+-------------+
[2023-02-08T20:18:12.016+0000] {spark_submit.py:495} INFO - |id |nameOfProduct|price|ProductStatus|SellerName|RegistrationDate|QuantitySold|QuantityAvailable|Free shipping?|Store ratings|
[2023-02-08T20:18:12.016+0000] {spark_submit.py:495} INFO - +---+-------------+-----+-------------+----------+----------------+------------+-----------------+--------------+-------------+
[2023-02-08T20:18:12.017+0000] {spark_submit.py:495} INFO - +---+-------------+-----+-------------+----------+----------------+------------+-----------------+--------------+-------------+
[2023-02-08T20:18:12.017+0000] {spark_submit.py:495} INFO - 
[2023-02-08T20:18:27.662+0000] {taskinstance.py:1327} INFO - Marking task as SUCCESS. dag_id=Streaming_pipeline_meli, task_id=consumer_data_of_topic, execution_date=20230208T201756, start_date=20230208T201759, end_date=20230208T201827
[2023-02-08T20:18:27.684+0000] {local_task_job.py:159} INFO - Task exited with return code 0
[2023-02-08T20:18:27.704+0000] {taskinstance.py:2582} INFO - 0 downstream tasks scheduled from follow-on schedule check
