[2023-01-21T03:39:47.538+0000] {taskinstance.py:1087} INFO - Dependencies all met for <TaskInstance: example_spark_operator.python_job manual__2023-01-21T01:12:16.362883+00:00 [queued]>
[2023-01-21T03:39:47.546+0000] {taskinstance.py:1087} INFO - Dependencies all met for <TaskInstance: example_spark_operator.python_job manual__2023-01-21T01:12:16.362883+00:00 [queued]>
[2023-01-21T03:39:47.547+0000] {taskinstance.py:1283} INFO - 
--------------------------------------------------------------------------------
[2023-01-21T03:39:47.547+0000] {taskinstance.py:1284} INFO - Starting attempt 26 of 26
[2023-01-21T03:39:47.547+0000] {taskinstance.py:1285} INFO - 
--------------------------------------------------------------------------------
[2023-01-21T03:39:47.572+0000] {taskinstance.py:1304} INFO - Executing <Task(SparkSubmitOperator): python_job> on 2023-01-21 01:12:16.362883+00:00
[2023-01-21T03:39:47.577+0000] {standard_task_runner.py:55} INFO - Started process 4058 to run task
[2023-01-21T03:39:47.581+0000] {standard_task_runner.py:82} INFO - Running: ['***', 'tasks', 'run', 'example_spark_operator', 'python_job', 'manual__2023-01-21T01:12:16.362883+00:00', '--job-id', '290', '--raw', '--subdir', 'DAGS_FOLDER/spark_dag.py', '--cfg-path', '/tmp/tmp8d3xquvr']
[2023-01-21T03:39:47.582+0000] {standard_task_runner.py:83} INFO - Job 290: Subtask python_job
[2023-01-21T03:39:47.637+0000] {task_command.py:389} INFO - Running <TaskInstance: example_spark_operator.python_job manual__2023-01-21T01:12:16.362883+00:00 [running]> on host 3cc77177a430
[2023-01-21T03:39:47.696+0000] {taskinstance.py:1513} INFO - Exporting the following env vars:
AIRFLOW_CTX_DAG_OWNER=Airflow
AIRFLOW_CTX_DAG_ID=example_spark_operator
AIRFLOW_CTX_TASK_ID=python_job
AIRFLOW_CTX_EXECUTION_DATE=2023-01-21T01:12:16.362883+00:00
AIRFLOW_CTX_TRY_NUMBER=26
AIRFLOW_CTX_DAG_RUN_ID=manual__2023-01-21T01:12:16.362883+00:00
[2023-01-21T03:39:47.703+0000] {base.py:73} INFO - Using connection ID 'spark_default' for task execution.
[2023-01-21T03:39:47.704+0000] {spark_submit.py:344} INFO - Spark-Submit cmd: spark-submit --master spark://tomi-H310:7077 --name arrow-spark --queue root.default /opt/***/dags/pi.py
[2023-01-21T03:39:47.817+0000] {spark_submit.py:495} INFO - /home/***/.local/lib/python3.7/site-packages/pyspark/bin/load-spark-env.sh: line 68: ps: command not found
[2023-01-21T03:39:50.320+0000] {spark_submit.py:495} INFO - 23/01/21 03:39:50 INFO SparkContext: Running Spark version 3.3.1
[2023-01-21T03:39:50.373+0000] {spark_submit.py:495} INFO - 23/01/21 03:39:50 WARN NativeCodeLoader: Unable to load native-hadoop library for your platform... using builtin-java classes where applicable
[2023-01-21T03:39:50.440+0000] {spark_submit.py:495} INFO - 23/01/21 03:39:50 INFO ResourceUtils: ==============================================================
[2023-01-21T03:39:50.441+0000] {spark_submit.py:495} INFO - 23/01/21 03:39:50 INFO ResourceUtils: No custom resources configured for spark.driver.
[2023-01-21T03:39:50.441+0000] {spark_submit.py:495} INFO - 23/01/21 03:39:50 INFO ResourceUtils: ==============================================================
[2023-01-21T03:39:50.442+0000] {spark_submit.py:495} INFO - 23/01/21 03:39:50 INFO SparkContext: Submitted application: arrow-spark
[2023-01-21T03:39:50.460+0000] {spark_submit.py:495} INFO - 23/01/21 03:39:50 INFO ResourceProfile: Default ResourceProfile created, executor resources: Map(cores -> name: cores, amount: 1, script: , vendor: , memory -> name: memory, amount: 1024, script: , vendor: , offHeap -> name: offHeap, amount: 0, script: , vendor: ), task resources: Map(cpus -> name: cpus, amount: 1.0)
[2023-01-21T03:39:50.470+0000] {spark_submit.py:495} INFO - 23/01/21 03:39:50 INFO ResourceProfile: Limiting resource is cpu
[2023-01-21T03:39:50.472+0000] {spark_submit.py:495} INFO - 23/01/21 03:39:50 INFO ResourceProfileManager: Added ResourceProfile id: 0
[2023-01-21T03:39:50.509+0000] {spark_submit.py:495} INFO - 23/01/21 03:39:50 INFO SecurityManager: Changing view acls to: default
[2023-01-21T03:39:50.509+0000] {spark_submit.py:495} INFO - 23/01/21 03:39:50 INFO SecurityManager: Changing modify acls to: default
[2023-01-21T03:39:50.510+0000] {spark_submit.py:495} INFO - 23/01/21 03:39:50 INFO SecurityManager: Changing view acls groups to:
[2023-01-21T03:39:50.510+0000] {spark_submit.py:495} INFO - 23/01/21 03:39:50 INFO SecurityManager: Changing modify acls groups to:
[2023-01-21T03:39:50.511+0000] {spark_submit.py:495} INFO - 23/01/21 03:39:50 INFO SecurityManager: SecurityManager: authentication disabled; ui acls disabled; users  with view permissions: Set(default); groups with view permissions: Set(); users  with modify permissions: Set(default); groups with modify permissions: Set()
[2023-01-21T03:39:50.689+0000] {spark_submit.py:495} INFO - 23/01/21 03:39:50 INFO Utils: Successfully started service 'sparkDriver' on port 35179.
[2023-01-21T03:39:50.725+0000] {spark_submit.py:495} INFO - 23/01/21 03:39:50 INFO SparkEnv: Registering MapOutputTracker
[2023-01-21T03:39:50.755+0000] {spark_submit.py:495} INFO - 23/01/21 03:39:50 INFO SparkEnv: Registering BlockManagerMaster
[2023-01-21T03:39:50.772+0000] {spark_submit.py:495} INFO - 23/01/21 03:39:50 INFO BlockManagerMasterEndpoint: Using org.apache.spark.storage.DefaultTopologyMapper for getting topology information
[2023-01-21T03:39:50.773+0000] {spark_submit.py:495} INFO - 23/01/21 03:39:50 INFO BlockManagerMasterEndpoint: BlockManagerMasterEndpoint up
[2023-01-21T03:39:50.777+0000] {spark_submit.py:495} INFO - 23/01/21 03:39:50 INFO SparkEnv: Registering BlockManagerMasterHeartbeat
[2023-01-21T03:39:50.815+0000] {spark_submit.py:495} INFO - 23/01/21 03:39:50 INFO DiskBlockManager: Created local directory at /tmp/blockmgr-ee563a89-1cd0-4e43-add5-ba8872dd2f7e
[2023-01-21T03:39:50.825+0000] {spark_submit.py:495} INFO - 23/01/21 03:39:50 INFO MemoryStore: MemoryStore started with capacity 434.4 MiB
[2023-01-21T03:39:50.839+0000] {spark_submit.py:495} INFO - 23/01/21 03:39:50 INFO SparkEnv: Registering OutputCommitCoordinator
[2023-01-21T03:39:51.003+0000] {spark_submit.py:495} INFO - 23/01/21 03:39:51 INFO Utils: Successfully started service 'SparkUI' on port 4040.
[2023-01-21T03:39:51.087+0000] {spark_submit.py:495} INFO - 23/01/21 03:39:51 INFO Executor: Starting executor ID driver on host 3cc77177a430
[2023-01-21T03:39:51.092+0000] {spark_submit.py:495} INFO - 23/01/21 03:39:51 INFO Executor: Starting executor with user classpath (userClassPathFirst = false): ''
[2023-01-21T03:39:51.107+0000] {spark_submit.py:495} INFO - 23/01/21 03:39:51 INFO Utils: Successfully started service 'org.apache.spark.network.netty.NettyBlockTransferService' on port 34827.
[2023-01-21T03:39:51.108+0000] {spark_submit.py:495} INFO - 23/01/21 03:39:51 INFO NettyBlockTransferService: Server created on 3cc77177a430:34827
[2023-01-21T03:39:51.109+0000] {spark_submit.py:495} INFO - 23/01/21 03:39:51 INFO BlockManager: Using org.apache.spark.storage.RandomBlockReplicationPolicy for block replication policy
[2023-01-21T03:39:51.114+0000] {spark_submit.py:495} INFO - 23/01/21 03:39:51 INFO BlockManagerMaster: Registering BlockManager BlockManagerId(driver, 3cc77177a430, 34827, None)
[2023-01-21T03:39:51.118+0000] {spark_submit.py:495} INFO - 23/01/21 03:39:51 INFO BlockManagerMasterEndpoint: Registering block manager 3cc77177a430:34827 with 434.4 MiB RAM, BlockManagerId(driver, 3cc77177a430, 34827, None)
[2023-01-21T03:39:51.119+0000] {spark_submit.py:495} INFO - 23/01/21 03:39:51 INFO BlockManagerMaster: Registered BlockManager BlockManagerId(driver, 3cc77177a430, 34827, None)
[2023-01-21T03:39:51.120+0000] {spark_submit.py:495} INFO - 23/01/21 03:39:51 INFO BlockManager: Initialized BlockManager: BlockManagerId(driver, 3cc77177a430, 34827, None)
[2023-01-21T03:39:52.122+0000] {spark_submit.py:495} INFO - Traceback (most recent call last):
[2023-01-21T03:39:52.122+0000] {spark_submit.py:495} INFO - File "/opt/***/dags/pi.py", line 46, in <module>
[2023-01-21T03:39:52.122+0000] {spark_submit.py:495} INFO - .option("subscribe", kafka_topic_name) \
[2023-01-21T03:39:52.122+0000] {spark_submit.py:495} INFO - File "/home/***/.local/lib/python3.7/site-packages/pyspark/python/lib/pyspark.zip/pyspark/sql/streaming.py", line 469, in load
[2023-01-21T03:39:52.122+0000] {spark_submit.py:495} INFO - File "/home/***/.local/lib/python3.7/site-packages/pyspark/python/lib/py4j-0.10.9.5-src.zip/py4j/java_gateway.py", line 1322, in __call__
[2023-01-21T03:39:52.123+0000] {spark_submit.py:495} INFO - File "/home/***/.local/lib/python3.7/site-packages/pyspark/python/lib/pyspark.zip/pyspark/sql/utils.py", line 196, in deco
[2023-01-21T03:39:52.128+0000] {spark_submit.py:495} INFO - pyspark.sql.utils.AnalysisException:  Failed to find data source: kafka. Please deploy the application as per the deployment section of "Structured Streaming + Kafka Integration Guide".
[2023-01-21T03:39:52.255+0000] {taskinstance.py:1772} ERROR - Task failed with exception
Traceback (most recent call last):
  File "/home/airflow/.local/lib/python3.7/site-packages/airflow/providers/apache/spark/operators/spark_submit.py", line 157, in execute
    self._hook.submit(self._application)
  File "/home/airflow/.local/lib/python3.7/site-packages/airflow/providers/apache/spark/hooks/spark_submit.py", line 427, in submit
    f"Cannot execute: {self._mask_cmd(spark_submit_cmd)}. Error code is: {returncode}."
airflow.exceptions.AirflowException: Cannot execute: spark-submit --master spark://tomi-H310:7077 --name arrow-spark --queue root.default /opt/***/dags/pi.py. Error code is: 1.
[2023-01-21T03:39:52.258+0000] {taskinstance.py:1327} INFO - Marking task as FAILED. dag_id=example_spark_operator, task_id=python_job, execution_date=20230121T011216, start_date=20230121T033947, end_date=20230121T033952
[2023-01-21T03:39:52.270+0000] {standard_task_runner.py:105} ERROR - Failed to execute job 290 for task python_job (Cannot execute: spark-submit --master spark://tomi-H310:7077 --name arrow-spark --queue root.default /opt/***/dags/pi.py. Error code is: 1.; 4058)
[2023-01-21T03:39:52.286+0000] {local_task_job.py:159} INFO - Task exited with return code 1
[2023-01-21T03:39:52.302+0000] {taskinstance.py:2582} INFO - 0 downstream tasks scheduled from follow-on schedule check
