[2023-01-21T02:17:21.763+0000] {taskinstance.py:1087} INFO - Dependencies all met for <TaskInstance: example_spark_operator.python_job manual__2023-01-21T01:12:16.362883+00:00 [queued]>
[2023-01-21T02:17:21.771+0000] {taskinstance.py:1087} INFO - Dependencies all met for <TaskInstance: example_spark_operator.python_job manual__2023-01-21T01:12:16.362883+00:00 [queued]>
[2023-01-21T02:17:21.771+0000] {taskinstance.py:1283} INFO - 
--------------------------------------------------------------------------------
[2023-01-21T02:17:21.771+0000] {taskinstance.py:1284} INFO - Starting attempt 7 of 7
[2023-01-21T02:17:21.771+0000] {taskinstance.py:1285} INFO - 
--------------------------------------------------------------------------------
[2023-01-21T02:17:21.783+0000] {taskinstance.py:1304} INFO - Executing <Task(SparkSubmitOperator): python_job> on 2023-01-21 01:12:16.362883+00:00
[2023-01-21T02:17:21.787+0000] {standard_task_runner.py:55} INFO - Started process 2237 to run task
[2023-01-21T02:17:21.790+0000] {standard_task_runner.py:82} INFO - Running: ['***', 'tasks', 'run', 'example_spark_operator', 'python_job', 'manual__2023-01-21T01:12:16.362883+00:00', '--job-id', '264', '--raw', '--subdir', 'DAGS_FOLDER/spark_dag.py', '--cfg-path', '/tmp/tmpi9esuzzv']
[2023-01-21T02:17:21.790+0000] {standard_task_runner.py:83} INFO - Job 264: Subtask python_job
[2023-01-21T02:17:21.837+0000] {task_command.py:389} INFO - Running <TaskInstance: example_spark_operator.python_job manual__2023-01-21T01:12:16.362883+00:00 [running]> on host 208157b55849
[2023-01-21T02:17:21.893+0000] {taskinstance.py:1513} INFO - Exporting the following env vars:
AIRFLOW_CTX_DAG_OWNER=Airflow
AIRFLOW_CTX_DAG_ID=example_spark_operator
AIRFLOW_CTX_TASK_ID=python_job
AIRFLOW_CTX_EXECUTION_DATE=2023-01-21T01:12:16.362883+00:00
AIRFLOW_CTX_TRY_NUMBER=7
AIRFLOW_CTX_DAG_RUN_ID=manual__2023-01-21T01:12:16.362883+00:00
[2023-01-21T02:17:21.900+0000] {base.py:73} INFO - Using connection ID 'spark_default' for task execution.
[2023-01-21T02:17:21.901+0000] {spark_submit.py:344} INFO - Spark-Submit cmd: spark-submit --master spark://tomi-H310:7077 --name arrow-spark --queue root.default /home/tomi/streamingPipelineMercadoLibre/pi.py
[2023-01-21T02:17:22.002+0000] {spark_submit.py:495} INFO - /home/***/.local/lib/python3.7/site-packages/pyspark/bin/load-spark-env.sh: line 68: ps: command not found
[2023-01-21T02:17:22.003+0000] {spark_submit.py:495} INFO - JAVA_HOME is not set
[2023-01-21T02:17:22.013+0000] {taskinstance.py:1772} ERROR - Task failed with exception
Traceback (most recent call last):
  File "/home/airflow/.local/lib/python3.7/site-packages/airflow/providers/apache/spark/operators/spark_submit.py", line 157, in execute
    self._hook.submit(self._application)
  File "/home/airflow/.local/lib/python3.7/site-packages/airflow/providers/apache/spark/hooks/spark_submit.py", line 427, in submit
    f"Cannot execute: {self._mask_cmd(spark_submit_cmd)}. Error code is: {returncode}."
airflow.exceptions.AirflowException: Cannot execute: spark-submit --master spark://tomi-H310:7077 --name arrow-spark --queue root.default /home/tomi/streamingPipelineMercadoLibre/pi.py. Error code is: 1.
[2023-01-21T02:17:22.016+0000] {taskinstance.py:1327} INFO - Marking task as FAILED. dag_id=example_spark_operator, task_id=python_job, execution_date=20230121T011216, start_date=20230121T021721, end_date=20230121T021722
[2023-01-21T02:17:22.026+0000] {standard_task_runner.py:105} ERROR - Failed to execute job 264 for task python_job (Cannot execute: spark-submit --master spark://tomi-H310:7077 --name arrow-spark --queue root.default /home/tomi/streamingPipelineMercadoLibre/pi.py. Error code is: 1.; 2237)
[2023-01-21T02:17:22.041+0000] {local_task_job.py:159} INFO - Task exited with return code 1
[2023-01-21T02:17:22.056+0000] {taskinstance.py:2582} INFO - 0 downstream tasks scheduled from follow-on schedule check
