[2023-01-21T03:25:50.162+0000] {taskinstance.py:1087} INFO - Dependencies all met for <TaskInstance: example_spark_operator.python_job manual__2023-01-21T01:12:16.362883+00:00 [queued]>
[2023-01-21T03:25:50.172+0000] {taskinstance.py:1087} INFO - Dependencies all met for <TaskInstance: example_spark_operator.python_job manual__2023-01-21T01:12:16.362883+00:00 [queued]>
[2023-01-21T03:25:50.172+0000] {taskinstance.py:1283} INFO - 
--------------------------------------------------------------------------------
[2023-01-21T03:25:50.172+0000] {taskinstance.py:1284} INFO - Starting attempt 20 of 20
[2023-01-21T03:25:50.172+0000] {taskinstance.py:1285} INFO - 
--------------------------------------------------------------------------------
[2023-01-21T03:25:50.184+0000] {taskinstance.py:1304} INFO - Executing <Task(SparkSubmitOperator): python_job> on 2023-01-21 01:12:16.362883+00:00
[2023-01-21T03:25:50.188+0000] {standard_task_runner.py:55} INFO - Started process 2490 to run task
[2023-01-21T03:25:50.191+0000] {standard_task_runner.py:82} INFO - Running: ['***', 'tasks', 'run', 'example_spark_operator', 'python_job', 'manual__2023-01-21T01:12:16.362883+00:00', '--job-id', '280', '--raw', '--subdir', 'DAGS_FOLDER/spark_dag.py', '--cfg-path', '/tmp/tmpihz2wzik']
[2023-01-21T03:25:50.191+0000] {standard_task_runner.py:83} INFO - Job 280: Subtask python_job
[2023-01-21T03:25:50.238+0000] {task_command.py:389} INFO - Running <TaskInstance: example_spark_operator.python_job manual__2023-01-21T01:12:16.362883+00:00 [running]> on host 3cc77177a430
[2023-01-21T03:25:50.297+0000] {taskinstance.py:1513} INFO - Exporting the following env vars:
AIRFLOW_CTX_DAG_OWNER=Airflow
AIRFLOW_CTX_DAG_ID=example_spark_operator
AIRFLOW_CTX_TASK_ID=python_job
AIRFLOW_CTX_EXECUTION_DATE=2023-01-21T01:12:16.362883+00:00
AIRFLOW_CTX_TRY_NUMBER=20
AIRFLOW_CTX_DAG_RUN_ID=manual__2023-01-21T01:12:16.362883+00:00
[2023-01-21T03:25:50.304+0000] {base.py:73} INFO - Using connection ID 'spark_default' for task execution.
[2023-01-21T03:25:50.305+0000] {spark_submit.py:344} INFO - Spark-Submit cmd: spark-submit --master spark://tomi-H310:7077 --name arrow-spark --queue root.default /opt/***/dags/pi.py
[2023-01-21T03:25:50.402+0000] {spark_submit.py:495} INFO - /home/***/.local/lib/python3.7/site-packages/pyspark/bin/load-spark-env.sh: line 68: ps: command not found
[2023-01-21T03:25:52.944+0000] {spark_submit.py:495} INFO - 23/01/21 03:25:52 INFO SparkContext: Running Spark version 3.3.1
[2023-01-21T03:25:52.993+0000] {spark_submit.py:495} INFO - 23/01/21 03:25:52 WARN NativeCodeLoader: Unable to load native-hadoop library for your platform... using builtin-java classes where applicable
[2023-01-21T03:25:53.060+0000] {spark_submit.py:495} INFO - 23/01/21 03:25:53 INFO ResourceUtils: ==============================================================
[2023-01-21T03:25:53.061+0000] {spark_submit.py:495} INFO - 23/01/21 03:25:53 INFO ResourceUtils: No custom resources configured for spark.driver.
[2023-01-21T03:25:53.061+0000] {spark_submit.py:495} INFO - 23/01/21 03:25:53 INFO ResourceUtils: ==============================================================
[2023-01-21T03:25:53.062+0000] {spark_submit.py:495} INFO - 23/01/21 03:25:53 INFO SparkContext: Submitted application: arrow-spark
[2023-01-21T03:25:53.082+0000] {spark_submit.py:495} INFO - 23/01/21 03:25:53 INFO ResourceProfile: Default ResourceProfile created, executor resources: Map(cores -> name: cores, amount: 1, script: , vendor: , memory -> name: memory, amount: 1024, script: , vendor: , offHeap -> name: offHeap, amount: 0, script: , vendor: ), task resources: Map(cpus -> name: cpus, amount: 1.0)
[2023-01-21T03:25:53.094+0000] {spark_submit.py:495} INFO - 23/01/21 03:25:53 INFO ResourceProfile: Limiting resource is cpu
[2023-01-21T03:25:53.095+0000] {spark_submit.py:495} INFO - 23/01/21 03:25:53 INFO ResourceProfileManager: Added ResourceProfile id: 0
[2023-01-21T03:25:53.132+0000] {spark_submit.py:495} INFO - 23/01/21 03:25:53 INFO SecurityManager: Changing view acls to: default
[2023-01-21T03:25:53.133+0000] {spark_submit.py:495} INFO - 23/01/21 03:25:53 INFO SecurityManager: Changing modify acls to: default
[2023-01-21T03:25:53.133+0000] {spark_submit.py:495} INFO - 23/01/21 03:25:53 INFO SecurityManager: Changing view acls groups to:
[2023-01-21T03:25:53.134+0000] {spark_submit.py:495} INFO - 23/01/21 03:25:53 INFO SecurityManager: Changing modify acls groups to:
[2023-01-21T03:25:53.135+0000] {spark_submit.py:495} INFO - 23/01/21 03:25:53 INFO SecurityManager: SecurityManager: authentication disabled; ui acls disabled; users  with view permissions: Set(default); groups with view permissions: Set(); users  with modify permissions: Set(default); groups with modify permissions: Set()
[2023-01-21T03:25:53.308+0000] {spark_submit.py:495} INFO - 23/01/21 03:25:53 INFO Utils: Successfully started service 'sparkDriver' on port 32779.
[2023-01-21T03:25:53.330+0000] {spark_submit.py:495} INFO - 23/01/21 03:25:53 INFO SparkEnv: Registering MapOutputTracker
[2023-01-21T03:25:53.356+0000] {spark_submit.py:495} INFO - 23/01/21 03:25:53 INFO SparkEnv: Registering BlockManagerMaster
[2023-01-21T03:25:53.369+0000] {spark_submit.py:495} INFO - 23/01/21 03:25:53 INFO BlockManagerMasterEndpoint: Using org.apache.spark.storage.DefaultTopologyMapper for getting topology information
[2023-01-21T03:25:53.370+0000] {spark_submit.py:495} INFO - 23/01/21 03:25:53 INFO BlockManagerMasterEndpoint: BlockManagerMasterEndpoint up
[2023-01-21T03:25:53.372+0000] {spark_submit.py:495} INFO - 23/01/21 03:25:53 INFO SparkEnv: Registering BlockManagerMasterHeartbeat
[2023-01-21T03:25:53.389+0000] {spark_submit.py:495} INFO - 23/01/21 03:25:53 INFO DiskBlockManager: Created local directory at /tmp/blockmgr-73ed1c37-d328-4911-8d41-75c63ac71bd5
[2023-01-21T03:25:53.401+0000] {spark_submit.py:495} INFO - 23/01/21 03:25:53 INFO MemoryStore: MemoryStore started with capacity 434.4 MiB
[2023-01-21T03:25:53.413+0000] {spark_submit.py:495} INFO - 23/01/21 03:25:53 INFO SparkEnv: Registering OutputCommitCoordinator
[2023-01-21T03:25:53.575+0000] {spark_submit.py:495} INFO - 23/01/21 03:25:53 INFO Utils: Successfully started service 'SparkUI' on port 4040.
[2023-01-21T03:25:53.652+0000] {spark_submit.py:495} INFO - 23/01/21 03:25:53 INFO Executor: Starting executor ID driver on host 3cc77177a430
[2023-01-21T03:25:53.658+0000] {spark_submit.py:495} INFO - 23/01/21 03:25:53 INFO Executor: Starting executor with user classpath (userClassPathFirst = false): ''
[2023-01-21T03:25:53.698+0000] {spark_submit.py:495} INFO - 23/01/21 03:25:53 INFO Utils: Successfully started service 'org.apache.spark.network.netty.NettyBlockTransferService' on port 45373.
[2023-01-21T03:25:53.698+0000] {spark_submit.py:495} INFO - 23/01/21 03:25:53 INFO NettyBlockTransferService: Server created on 3cc77177a430:45373
[2023-01-21T03:25:53.699+0000] {spark_submit.py:495} INFO - 23/01/21 03:25:53 INFO BlockManager: Using org.apache.spark.storage.RandomBlockReplicationPolicy for block replication policy
[2023-01-21T03:25:53.704+0000] {spark_submit.py:495} INFO - 23/01/21 03:25:53 INFO BlockManagerMaster: Registering BlockManager BlockManagerId(driver, 3cc77177a430, 45373, None)
[2023-01-21T03:25:53.706+0000] {spark_submit.py:495} INFO - 23/01/21 03:25:53 INFO BlockManagerMasterEndpoint: Registering block manager 3cc77177a430:45373 with 434.4 MiB RAM, BlockManagerId(driver, 3cc77177a430, 45373, None)
[2023-01-21T03:25:53.708+0000] {spark_submit.py:495} INFO - 23/01/21 03:25:53 INFO BlockManagerMaster: Registered BlockManager BlockManagerId(driver, 3cc77177a430, 45373, None)
[2023-01-21T03:25:53.709+0000] {spark_submit.py:495} INFO - 23/01/21 03:25:53 INFO BlockManager: Initialized BlockManager: BlockManagerId(driver, 3cc77177a430, 45373, None)
[2023-01-21T03:25:54.725+0000] {spark_submit.py:495} INFO - Traceback (most recent call last):
[2023-01-21T03:25:54.725+0000] {spark_submit.py:495} INFO - File "/opt/***/dags/pi.py", line 46, in <module>
[2023-01-21T03:25:54.725+0000] {spark_submit.py:495} INFO - .option("subscribe", kafka_topic_name) \
[2023-01-21T03:25:54.725+0000] {spark_submit.py:495} INFO - File "/home/***/.local/lib/python3.7/site-packages/pyspark/python/lib/pyspark.zip/pyspark/sql/streaming.py", line 469, in load
[2023-01-21T03:25:54.725+0000] {spark_submit.py:495} INFO - File "/home/***/.local/lib/python3.7/site-packages/pyspark/python/lib/py4j-0.10.9.5-src.zip/py4j/java_gateway.py", line 1322, in __call__
[2023-01-21T03:25:54.725+0000] {spark_submit.py:495} INFO - File "/home/***/.local/lib/python3.7/site-packages/pyspark/python/lib/pyspark.zip/pyspark/sql/utils.py", line 196, in deco
[2023-01-21T03:25:54.731+0000] {spark_submit.py:495} INFO - pyspark.sql.utils.AnalysisException:  Failed to find data source: kafka. Please deploy the application as per the deployment section of "Structured Streaming + Kafka Integration Guide".
[2023-01-21T03:25:54.849+0000] {taskinstance.py:1772} ERROR - Task failed with exception
Traceback (most recent call last):
  File "/home/airflow/.local/lib/python3.7/site-packages/airflow/providers/apache/spark/operators/spark_submit.py", line 157, in execute
    self._hook.submit(self._application)
  File "/home/airflow/.local/lib/python3.7/site-packages/airflow/providers/apache/spark/hooks/spark_submit.py", line 427, in submit
    f"Cannot execute: {self._mask_cmd(spark_submit_cmd)}. Error code is: {returncode}."
airflow.exceptions.AirflowException: Cannot execute: spark-submit --master spark://tomi-H310:7077 --name arrow-spark --queue root.default /opt/***/dags/pi.py. Error code is: 1.
[2023-01-21T03:25:54.852+0000] {taskinstance.py:1327} INFO - Marking task as FAILED. dag_id=example_spark_operator, task_id=python_job, execution_date=20230121T011216, start_date=20230121T032550, end_date=20230121T032554
[2023-01-21T03:25:54.864+0000] {standard_task_runner.py:105} ERROR - Failed to execute job 280 for task python_job (Cannot execute: spark-submit --master spark://tomi-H310:7077 --name arrow-spark --queue root.default /opt/***/dags/pi.py. Error code is: 1.; 2490)
[2023-01-21T03:25:54.907+0000] {local_task_job.py:159} INFO - Task exited with return code 1
[2023-01-21T03:25:54.966+0000] {taskinstance.py:2582} INFO - 0 downstream tasks scheduled from follow-on schedule check
