[2023-01-21T03:23:12.812+0000] {taskinstance.py:1087} INFO - Dependencies all met for <TaskInstance: example_spark_operator.python_job manual__2023-01-21T01:12:16.362883+00:00 [queued]>
[2023-01-21T03:23:12.820+0000] {taskinstance.py:1087} INFO - Dependencies all met for <TaskInstance: example_spark_operator.python_job manual__2023-01-21T01:12:16.362883+00:00 [queued]>
[2023-01-21T03:23:12.821+0000] {taskinstance.py:1283} INFO - 
--------------------------------------------------------------------------------
[2023-01-21T03:23:12.821+0000] {taskinstance.py:1284} INFO - Starting attempt 18 of 18
[2023-01-21T03:23:12.821+0000] {taskinstance.py:1285} INFO - 
--------------------------------------------------------------------------------
[2023-01-21T03:23:12.832+0000] {taskinstance.py:1304} INFO - Executing <Task(SparkSubmitOperator): python_job> on 2023-01-21 01:12:16.362883+00:00
[2023-01-21T03:23:12.836+0000] {standard_task_runner.py:55} INFO - Started process 2131 to run task
[2023-01-21T03:23:12.839+0000] {standard_task_runner.py:82} INFO - Running: ['***', 'tasks', 'run', 'example_spark_operator', 'python_job', 'manual__2023-01-21T01:12:16.362883+00:00', '--job-id', '278', '--raw', '--subdir', 'DAGS_FOLDER/spark_dag.py', '--cfg-path', '/tmp/tmpbkbd3_f8']
[2023-01-21T03:23:12.839+0000] {standard_task_runner.py:83} INFO - Job 278: Subtask python_job
[2023-01-21T03:23:12.885+0000] {task_command.py:389} INFO - Running <TaskInstance: example_spark_operator.python_job manual__2023-01-21T01:12:16.362883+00:00 [running]> on host 3cc77177a430
[2023-01-21T03:23:12.941+0000] {taskinstance.py:1513} INFO - Exporting the following env vars:
AIRFLOW_CTX_DAG_OWNER=Airflow
AIRFLOW_CTX_DAG_ID=example_spark_operator
AIRFLOW_CTX_TASK_ID=python_job
AIRFLOW_CTX_EXECUTION_DATE=2023-01-21T01:12:16.362883+00:00
AIRFLOW_CTX_TRY_NUMBER=18
AIRFLOW_CTX_DAG_RUN_ID=manual__2023-01-21T01:12:16.362883+00:00
[2023-01-21T03:23:12.948+0000] {base.py:73} INFO - Using connection ID 'spark_default' for task execution.
[2023-01-21T03:23:12.948+0000] {spark_submit.py:344} INFO - Spark-Submit cmd: spark-submit --master spark://tomi-H310:7077 --name arrow-spark --queue root.default pi.py
[2023-01-21T03:23:13.044+0000] {spark_submit.py:495} INFO - /home/***/.local/lib/python3.7/site-packages/pyspark/bin/load-spark-env.sh: line 68: ps: command not found
[2023-01-21T03:23:14.798+0000] {spark_submit.py:495} INFO - python3: can't open file '/opt/***/pi.py': [Errno 2] No such file or directory
[2023-01-21T03:23:14.812+0000] {spark_submit.py:495} INFO - 23/01/21 03:23:14 INFO ShutdownHookManager: Shutdown hook called
[2023-01-21T03:23:14.816+0000] {spark_submit.py:495} INFO - 23/01/21 03:23:14 INFO ShutdownHookManager: Deleting directory /tmp/spark-70ea2c7d-5bab-4e71-87a5-229fae862388
[2023-01-21T03:23:14.867+0000] {taskinstance.py:1772} ERROR - Task failed with exception
Traceback (most recent call last):
  File "/home/airflow/.local/lib/python3.7/site-packages/airflow/providers/apache/spark/operators/spark_submit.py", line 157, in execute
    self._hook.submit(self._application)
  File "/home/airflow/.local/lib/python3.7/site-packages/airflow/providers/apache/spark/hooks/spark_submit.py", line 427, in submit
    f"Cannot execute: {self._mask_cmd(spark_submit_cmd)}. Error code is: {returncode}."
airflow.exceptions.AirflowException: Cannot execute: spark-submit --master spark://tomi-H310:7077 --name arrow-spark --queue root.default pi.py. Error code is: 2.
[2023-01-21T03:23:14.872+0000] {taskinstance.py:1327} INFO - Marking task as FAILED. dag_id=example_spark_operator, task_id=python_job, execution_date=20230121T011216, start_date=20230121T032312, end_date=20230121T032314
[2023-01-21T03:23:14.886+0000] {standard_task_runner.py:105} ERROR - Failed to execute job 278 for task python_job (Cannot execute: spark-submit --master spark://tomi-H310:7077 --name arrow-spark --queue root.default pi.py. Error code is: 2.; 2131)
[2023-01-21T03:23:14.923+0000] {local_task_job.py:159} INFO - Task exited with return code 1
[2023-01-21T03:23:14.939+0000] {taskinstance.py:2582} INFO - 0 downstream tasks scheduled from follow-on schedule check
