[2023-01-21T03:47:31.959+0000] {taskinstance.py:1087} INFO - Dependencies all met for <TaskInstance: example_spark_operator.python_job manual__2023-01-21T01:12:16.362883+00:00 [queued]>
[2023-01-21T03:47:31.968+0000] {taskinstance.py:1087} INFO - Dependencies all met for <TaskInstance: example_spark_operator.python_job manual__2023-01-21T01:12:16.362883+00:00 [queued]>
[2023-01-21T03:47:31.968+0000] {taskinstance.py:1283} INFO - 
--------------------------------------------------------------------------------
[2023-01-21T03:47:31.968+0000] {taskinstance.py:1284} INFO - Starting attempt 29 of 29
[2023-01-21T03:47:31.968+0000] {taskinstance.py:1285} INFO - 
--------------------------------------------------------------------------------
[2023-01-21T03:47:31.983+0000] {taskinstance.py:1304} INFO - Executing <Task(SparkSubmitOperator): python_job> on 2023-01-21 01:12:16.362883+00:00
[2023-01-21T03:47:31.987+0000] {standard_task_runner.py:55} INFO - Started process 4814 to run task
[2023-01-21T03:47:31.992+0000] {standard_task_runner.py:82} INFO - Running: ['***', 'tasks', 'run', 'example_spark_operator', 'python_job', 'manual__2023-01-21T01:12:16.362883+00:00', '--job-id', '294', '--raw', '--subdir', 'DAGS_FOLDER/spark_dag.py', '--cfg-path', '/tmp/tmpvfu5h5tq']
[2023-01-21T03:47:31.992+0000] {standard_task_runner.py:83} INFO - Job 294: Subtask python_job
[2023-01-21T03:47:32.044+0000] {task_command.py:389} INFO - Running <TaskInstance: example_spark_operator.python_job manual__2023-01-21T01:12:16.362883+00:00 [running]> on host 3cc77177a430
[2023-01-21T03:47:32.112+0000] {taskinstance.py:1513} INFO - Exporting the following env vars:
AIRFLOW_CTX_DAG_OWNER=Airflow
AIRFLOW_CTX_DAG_ID=example_spark_operator
AIRFLOW_CTX_TASK_ID=python_job
AIRFLOW_CTX_EXECUTION_DATE=2023-01-21T01:12:16.362883+00:00
AIRFLOW_CTX_TRY_NUMBER=29
AIRFLOW_CTX_DAG_RUN_ID=manual__2023-01-21T01:12:16.362883+00:00
[2023-01-21T03:47:32.122+0000] {base.py:73} INFO - Using connection ID 'spark_default' for task execution.
[2023-01-21T03:47:32.123+0000] {spark_submit.py:344} INFO - Spark-Submit cmd: spark-submit --master spark://tomi-H310:7077 --packages --packages org.apache.spark:spark-sql-kafka-0-10_2.12:3.1.3,org.mongodb.spark:mongo-spark-connector_2.12:3.0.1 --name arrow-spark --queue root.default /opt/***/dags/pi.py
[2023-01-21T03:47:32.235+0000] {spark_submit.py:495} INFO - /home/***/.local/lib/python3.7/site-packages/pyspark/bin/load-spark-env.sh: line 68: ps: command not found
[2023-01-21T03:47:34.104+0000] {spark_submit.py:495} INFO - :: loading settings :: url = jar:file:/home/***/.local/lib/python3.7/site-packages/pyspark/jars/ivy-2.5.0.jar!/org/apache/ivy/core/settings/ivysettings.xml
[2023-01-21T03:47:34.156+0000] {spark_submit.py:495} INFO - Ivy Default Cache set to: /home/***/.ivy2/cache
[2023-01-21T03:47:34.156+0000] {spark_submit.py:495} INFO - The jars for the packages stored in: /home/***/.ivy2/jars
[2023-01-21T03:47:34.160+0000] {spark_submit.py:495} INFO - --packages org.apache.spark#spark-sql-kafka-0-10_2.12 added as a dependency
[2023-01-21T03:47:34.160+0000] {spark_submit.py:495} INFO - org.mongodb.spark#mongo-spark-connector_2.12 added as a dependency
[2023-01-21T03:47:34.161+0000] {spark_submit.py:495} INFO - :: resolving dependencies :: org.apache.spark#spark-submit-parent-1756e39f-4131-4dfe-9beb-6aa8a1e2ee1a;1.0
[2023-01-21T03:47:34.161+0000] {spark_submit.py:495} INFO - confs: [default]
[2023-01-21T03:47:37.319+0000] {spark_submit.py:495} INFO - found org.mongodb.spark#mongo-spark-connector_2.12;3.0.1 in central
[2023-01-21T03:47:37.335+0000] {spark_submit.py:495} INFO - found org.mongodb#mongodb-driver-sync;4.0.5 in central
[2023-01-21T03:47:37.350+0000] {spark_submit.py:495} INFO - found org.mongodb#bson;4.0.5 in central
[2023-01-21T03:47:37.365+0000] {spark_submit.py:495} INFO - found org.mongodb#mongodb-driver-core;4.0.5 in central
[2023-01-21T03:47:37.383+0000] {spark_submit.py:495} INFO - :: resolution report :: resolve 3217ms :: artifacts dl 5ms
[2023-01-21T03:47:37.383+0000] {spark_submit.py:495} INFO - :: modules in use:
[2023-01-21T03:47:37.383+0000] {spark_submit.py:495} INFO - org.mongodb#bson;4.0.5 from central in [default]
[2023-01-21T03:47:37.383+0000] {spark_submit.py:495} INFO - org.mongodb#mongodb-driver-core;4.0.5 from central in [default]
[2023-01-21T03:47:37.384+0000] {spark_submit.py:495} INFO - org.mongodb#mongodb-driver-sync;4.0.5 from central in [default]
[2023-01-21T03:47:37.384+0000] {spark_submit.py:495} INFO - org.mongodb.spark#mongo-spark-connector_2.12;3.0.1 from central in [default]
[2023-01-21T03:47:37.384+0000] {spark_submit.py:495} INFO - ---------------------------------------------------------------------
[2023-01-21T03:47:37.389+0000] {spark_submit.py:495} INFO - |                  |            modules            ||   artifacts   |
[2023-01-21T03:47:37.389+0000] {spark_submit.py:495} INFO - |       conf       | number| search|dwnlded|evicted|| number|dwnlded|
[2023-01-21T03:47:37.390+0000] {spark_submit.py:495} INFO - ---------------------------------------------------------------------
[2023-01-21T03:47:37.390+0000] {spark_submit.py:495} INFO - |      default     |   5   |   0   |   0   |   0   ||   4   |   0   |
[2023-01-21T03:47:37.390+0000] {spark_submit.py:495} INFO - ---------------------------------------------------------------------
[2023-01-21T03:47:37.390+0000] {spark_submit.py:495} INFO - 
[2023-01-21T03:47:37.390+0000] {spark_submit.py:495} INFO - :: problems summary ::
[2023-01-21T03:47:37.390+0000] {spark_submit.py:495} INFO - :::: WARNINGS
[2023-01-21T03:47:37.390+0000] {spark_submit.py:495} INFO - module not found: --packages org.apache.spark#spark-sql-kafka-0-10_2.12;3.1.3
[2023-01-21T03:47:37.390+0000] {spark_submit.py:495} INFO - 
[2023-01-21T03:47:37.390+0000] {spark_submit.py:495} INFO - ==== local-m2-cache: tried
[2023-01-21T03:47:37.390+0000] {spark_submit.py:495} INFO - 
[2023-01-21T03:47:37.390+0000] {spark_submit.py:495} INFO - file:/home/***/.m2/repository/--packages org/apache/spark/spark-sql-kafka-0-10_2.12/3.1.3/spark-sql-kafka-0-10_2.12-3.1.3.pom
[2023-01-21T03:47:37.390+0000] {spark_submit.py:495} INFO - 
[2023-01-21T03:47:37.391+0000] {spark_submit.py:495} INFO - -- artifact --packages org.apache.spark#spark-sql-kafka-0-10_2.12;3.1.3!spark-sql-kafka-0-10_2.12.jar:
[2023-01-21T03:47:37.391+0000] {spark_submit.py:495} INFO - 
[2023-01-21T03:47:37.391+0000] {spark_submit.py:495} INFO - file:/home/***/.m2/repository/--packages org/apache/spark/spark-sql-kafka-0-10_2.12/3.1.3/spark-sql-kafka-0-10_2.12-3.1.3.jar
[2023-01-21T03:47:37.391+0000] {spark_submit.py:495} INFO - 
[2023-01-21T03:47:37.391+0000] {spark_submit.py:495} INFO - ==== local-ivy-cache: tried
[2023-01-21T03:47:37.391+0000] {spark_submit.py:495} INFO - 
[2023-01-21T03:47:37.391+0000] {spark_submit.py:495} INFO - /home/***/.ivy2/local/--packages org.apache.spark/spark-sql-kafka-0-10_2.12/3.1.3/ivys/ivy.xml
[2023-01-21T03:47:37.391+0000] {spark_submit.py:495} INFO - 
[2023-01-21T03:47:37.391+0000] {spark_submit.py:495} INFO - -- artifact --packages org.apache.spark#spark-sql-kafka-0-10_2.12;3.1.3!spark-sql-kafka-0-10_2.12.jar:
[2023-01-21T03:47:37.391+0000] {spark_submit.py:495} INFO - 
[2023-01-21T03:47:37.391+0000] {spark_submit.py:495} INFO - /home/***/.ivy2/local/--packages org.apache.spark/spark-sql-kafka-0-10_2.12/3.1.3/jars/spark-sql-kafka-0-10_2.12.jar
[2023-01-21T03:47:37.391+0000] {spark_submit.py:495} INFO - 
[2023-01-21T03:47:37.391+0000] {spark_submit.py:495} INFO - ==== central: tried
[2023-01-21T03:47:37.391+0000] {spark_submit.py:495} INFO - 
[2023-01-21T03:47:37.392+0000] {spark_submit.py:495} INFO - https://repo1.maven.org/maven2/--packages org/apache/spark/spark-sql-kafka-0-10_2.12/3.1.3/spark-sql-kafka-0-10_2.12-3.1.3.pom
[2023-01-21T03:47:37.392+0000] {spark_submit.py:495} INFO - 
[2023-01-21T03:47:37.392+0000] {spark_submit.py:495} INFO - -- artifact --packages org.apache.spark#spark-sql-kafka-0-10_2.12;3.1.3!spark-sql-kafka-0-10_2.12.jar:
[2023-01-21T03:47:37.392+0000] {spark_submit.py:495} INFO - 
[2023-01-21T03:47:37.392+0000] {spark_submit.py:495} INFO - https://repo1.maven.org/maven2/--packages org/apache/spark/spark-sql-kafka-0-10_2.12/3.1.3/spark-sql-kafka-0-10_2.12-3.1.3.jar
[2023-01-21T03:47:37.392+0000] {spark_submit.py:495} INFO - 
[2023-01-21T03:47:37.392+0000] {spark_submit.py:495} INFO - ==== spark-packages: tried
[2023-01-21T03:47:37.392+0000] {spark_submit.py:495} INFO - 
[2023-01-21T03:47:37.392+0000] {spark_submit.py:495} INFO - https://repos.spark-packages.org/--packages org/apache/spark/spark-sql-kafka-0-10_2.12/3.1.3/spark-sql-kafka-0-10_2.12-3.1.3.pom
[2023-01-21T03:47:37.392+0000] {spark_submit.py:495} INFO - 
[2023-01-21T03:47:37.392+0000] {spark_submit.py:495} INFO - -- artifact --packages org.apache.spark#spark-sql-kafka-0-10_2.12;3.1.3!spark-sql-kafka-0-10_2.12.jar:
[2023-01-21T03:47:37.392+0000] {spark_submit.py:495} INFO - 
[2023-01-21T03:47:37.392+0000] {spark_submit.py:495} INFO - https://repos.spark-packages.org/--packages org/apache/spark/spark-sql-kafka-0-10_2.12/3.1.3/spark-sql-kafka-0-10_2.12-3.1.3.jar
[2023-01-21T03:47:37.392+0000] {spark_submit.py:495} INFO - 
[2023-01-21T03:47:37.392+0000] {spark_submit.py:495} INFO - ::::::::::::::::::::::::::::::::::::::::::::::
[2023-01-21T03:47:37.393+0000] {spark_submit.py:495} INFO - 
[2023-01-21T03:47:37.393+0000] {spark_submit.py:495} INFO - ::          UNRESOLVED DEPENDENCIES         ::
[2023-01-21T03:47:37.393+0000] {spark_submit.py:495} INFO - 
[2023-01-21T03:47:37.393+0000] {spark_submit.py:495} INFO - ::::::::::::::::::::::::::::::::::::::::::::::
[2023-01-21T03:47:37.393+0000] {spark_submit.py:495} INFO - 
[2023-01-21T03:47:37.393+0000] {spark_submit.py:495} INFO - :: --packages org.apache.spark#spark-sql-kafka-0-10_2.12;3.1.3: not found
[2023-01-21T03:47:37.394+0000] {spark_submit.py:495} INFO - 
[2023-01-21T03:47:37.394+0000] {spark_submit.py:495} INFO - ::::::::::::::::::::::::::::::::::::::::::::::
[2023-01-21T03:47:37.394+0000] {spark_submit.py:495} INFO - 
[2023-01-21T03:47:37.394+0000] {spark_submit.py:495} INFO - 
[2023-01-21T03:47:37.394+0000] {spark_submit.py:495} INFO - 
[2023-01-21T03:47:37.394+0000] {spark_submit.py:495} INFO - :: USE VERBOSE OR DEBUG MESSAGE LEVEL FOR MORE DETAILS
[2023-01-21T03:47:37.394+0000] {spark_submit.py:495} INFO - Exception in thread "main" java.lang.RuntimeException: [unresolved dependency: --packages org.apache.spark#spark-sql-kafka-0-10_2.12;3.1.3: not found]
[2023-01-21T03:47:37.394+0000] {spark_submit.py:495} INFO - at org.apache.spark.deploy.SparkSubmitUtils$.resolveMavenCoordinates(SparkSubmit.scala:1456)
[2023-01-21T03:47:37.394+0000] {spark_submit.py:495} INFO - at org.apache.spark.util.DependencyUtils$.resolveMavenDependencies(DependencyUtils.scala:185)
[2023-01-21T03:47:37.394+0000] {spark_submit.py:495} INFO - at org.apache.spark.deploy.SparkSubmit.prepareSubmitEnvironment(SparkSubmit.scala:308)
[2023-01-21T03:47:37.394+0000] {spark_submit.py:495} INFO - at org.apache.spark.deploy.SparkSubmit.org$apache$spark$deploy$SparkSubmit$$runMain(SparkSubmit.scala:901)
[2023-01-21T03:47:37.395+0000] {spark_submit.py:495} INFO - at org.apache.spark.deploy.SparkSubmit.doRunMain$1(SparkSubmit.scala:180)
[2023-01-21T03:47:37.395+0000] {spark_submit.py:495} INFO - at org.apache.spark.deploy.SparkSubmit.submit(SparkSubmit.scala:203)
[2023-01-21T03:47:37.395+0000] {spark_submit.py:495} INFO - at org.apache.spark.deploy.SparkSubmit.doSubmit(SparkSubmit.scala:90)
[2023-01-21T03:47:37.395+0000] {spark_submit.py:495} INFO - at org.apache.spark.deploy.SparkSubmit$$anon$2.doSubmit(SparkSubmit.scala:1046)
[2023-01-21T03:47:37.395+0000] {spark_submit.py:495} INFO - at org.apache.spark.deploy.SparkSubmit$.main(SparkSubmit.scala:1055)
[2023-01-21T03:47:37.395+0000] {spark_submit.py:495} INFO - at org.apache.spark.deploy.SparkSubmit.main(SparkSubmit.scala)
[2023-01-21T03:47:37.434+0000] {taskinstance.py:1772} ERROR - Task failed with exception
Traceback (most recent call last):
  File "/home/airflow/.local/lib/python3.7/site-packages/airflow/providers/apache/spark/operators/spark_submit.py", line 157, in execute
    self._hook.submit(self._application)
  File "/home/airflow/.local/lib/python3.7/site-packages/airflow/providers/apache/spark/hooks/spark_submit.py", line 427, in submit
    f"Cannot execute: {self._mask_cmd(spark_submit_cmd)}. Error code is: {returncode}."
airflow.exceptions.AirflowException: Cannot execute: spark-submit --master spark://tomi-H310:7077 --packages --packages org.apache.spark:spark-sql-kafka-0-10_2.12:3.1.3,org.mongodb.spark:mongo-spark-connector_2.12:3.0.1 --name arrow-spark --queue root.default /opt/***/dags/pi.py. Error code is: 1.
[2023-01-21T03:47:37.437+0000] {taskinstance.py:1327} INFO - Marking task as FAILED. dag_id=example_spark_operator, task_id=python_job, execution_date=20230121T011216, start_date=20230121T034731, end_date=20230121T034737
[2023-01-21T03:47:37.450+0000] {standard_task_runner.py:105} ERROR - Failed to execute job 294 for task python_job (Cannot execute: spark-submit --master spark://tomi-H310:7077 --packages --packages org.apache.spark:spark-sql-kafka-0-10_2.12:3.1.3,org.mongodb.spark:mongo-spark-connector_2.12:3.0.1 --name arrow-spark --queue root.default /opt/***/dags/pi.py. Error code is: 1.; 4814)
[2023-01-21T03:47:37.483+0000] {local_task_job.py:159} INFO - Task exited with return code 1
[2023-01-21T03:47:37.496+0000] {taskinstance.py:2582} INFO - 0 downstream tasks scheduled from follow-on schedule check
