[2023-01-21T03:23:59.248+0000] {taskinstance.py:1087} INFO - Dependencies all met for <TaskInstance: example_spark_operator.python_job manual__2023-01-21T01:12:16.362883+00:00 [queued]>
[2023-01-21T03:23:59.256+0000] {taskinstance.py:1087} INFO - Dependencies all met for <TaskInstance: example_spark_operator.python_job manual__2023-01-21T01:12:16.362883+00:00 [queued]>
[2023-01-21T03:23:59.256+0000] {taskinstance.py:1283} INFO - 
--------------------------------------------------------------------------------
[2023-01-21T03:23:59.256+0000] {taskinstance.py:1284} INFO - Starting attempt 19 of 19
[2023-01-21T03:23:59.256+0000] {taskinstance.py:1285} INFO - 
--------------------------------------------------------------------------------
[2023-01-21T03:23:59.267+0000] {taskinstance.py:1304} INFO - Executing <Task(SparkSubmitOperator): python_job> on 2023-01-21 01:12:16.362883+00:00
[2023-01-21T03:23:59.271+0000] {standard_task_runner.py:55} INFO - Started process 2238 to run task
[2023-01-21T03:23:59.273+0000] {standard_task_runner.py:82} INFO - Running: ['***', 'tasks', 'run', 'example_spark_operator', 'python_job', 'manual__2023-01-21T01:12:16.362883+00:00', '--job-id', '279', '--raw', '--subdir', 'DAGS_FOLDER/spark_dag.py', '--cfg-path', '/tmp/tmp7f_zu6ak']
[2023-01-21T03:23:59.273+0000] {standard_task_runner.py:83} INFO - Job 279: Subtask python_job
[2023-01-21T03:23:59.319+0000] {task_command.py:389} INFO - Running <TaskInstance: example_spark_operator.python_job manual__2023-01-21T01:12:16.362883+00:00 [running]> on host 3cc77177a430
[2023-01-21T03:23:59.375+0000] {taskinstance.py:1513} INFO - Exporting the following env vars:
AIRFLOW_CTX_DAG_OWNER=Airflow
AIRFLOW_CTX_DAG_ID=example_spark_operator
AIRFLOW_CTX_TASK_ID=python_job
AIRFLOW_CTX_EXECUTION_DATE=2023-01-21T01:12:16.362883+00:00
AIRFLOW_CTX_TRY_NUMBER=19
AIRFLOW_CTX_DAG_RUN_ID=manual__2023-01-21T01:12:16.362883+00:00
[2023-01-21T03:23:59.382+0000] {base.py:73} INFO - Using connection ID 'spark_default' for task execution.
[2023-01-21T03:23:59.383+0000] {spark_submit.py:344} INFO - Spark-Submit cmd: spark-submit --master spark://tomi-H310:7077 --name arrow-spark --queue root.default /opt/***/dags/pi.py
[2023-01-21T03:23:59.486+0000] {spark_submit.py:495} INFO - /home/***/.local/lib/python3.7/site-packages/pyspark/bin/load-spark-env.sh: line 68: ps: command not found
[2023-01-21T03:24:01.756+0000] {spark_submit.py:495} INFO - 23/01/21 03:24:01 INFO SparkContext: Running Spark version 3.3.1
[2023-01-21T03:24:01.812+0000] {spark_submit.py:495} INFO - 23/01/21 03:24:01 WARN NativeCodeLoader: Unable to load native-hadoop library for your platform... using builtin-java classes where applicable
[2023-01-21T03:24:01.892+0000] {spark_submit.py:495} INFO - 23/01/21 03:24:01 INFO ResourceUtils: ==============================================================
[2023-01-21T03:24:01.892+0000] {spark_submit.py:495} INFO - 23/01/21 03:24:01 INFO ResourceUtils: No custom resources configured for spark.driver.
[2023-01-21T03:24:01.892+0000] {spark_submit.py:495} INFO - 23/01/21 03:24:01 INFO ResourceUtils: ==============================================================
[2023-01-21T03:24:01.892+0000] {spark_submit.py:495} INFO - 23/01/21 03:24:01 INFO SparkContext: Submitted application: arrow-spark
[2023-01-21T03:24:01.913+0000] {spark_submit.py:495} INFO - 23/01/21 03:24:01 INFO ResourceProfile: Default ResourceProfile created, executor resources: Map(cores -> name: cores, amount: 1, script: , vendor: , memory -> name: memory, amount: 1024, script: , vendor: , offHeap -> name: offHeap, amount: 0, script: , vendor: ), task resources: Map(cpus -> name: cpus, amount: 1.0)
[2023-01-21T03:24:01.925+0000] {spark_submit.py:495} INFO - 23/01/21 03:24:01 INFO ResourceProfile: Limiting resource is cpu
[2023-01-21T03:24:01.925+0000] {spark_submit.py:495} INFO - 23/01/21 03:24:01 INFO ResourceProfileManager: Added ResourceProfile id: 0
[2023-01-21T03:24:01.971+0000] {spark_submit.py:495} INFO - 23/01/21 03:24:01 INFO SecurityManager: Changing view acls to: default
[2023-01-21T03:24:01.971+0000] {spark_submit.py:495} INFO - 23/01/21 03:24:01 INFO SecurityManager: Changing modify acls to: default
[2023-01-21T03:24:01.971+0000] {spark_submit.py:495} INFO - 23/01/21 03:24:01 INFO SecurityManager: Changing view acls groups to:
[2023-01-21T03:24:01.973+0000] {spark_submit.py:495} INFO - 23/01/21 03:24:01 INFO SecurityManager: Changing modify acls groups to:
[2023-01-21T03:24:01.973+0000] {spark_submit.py:495} INFO - 23/01/21 03:24:01 INFO SecurityManager: SecurityManager: authentication disabled; ui acls disabled; users  with view permissions: Set(default); groups with view permissions: Set(); users  with modify permissions: Set(default); groups with modify permissions: Set()
[2023-01-21T03:24:02.272+0000] {spark_submit.py:495} INFO - 23/01/21 03:24:02 INFO Utils: Successfully started service 'sparkDriver' on port 36021.
[2023-01-21T03:24:02.310+0000] {spark_submit.py:495} INFO - 23/01/21 03:24:02 INFO SparkEnv: Registering MapOutputTracker
[2023-01-21T03:24:02.342+0000] {spark_submit.py:495} INFO - 23/01/21 03:24:02 INFO SparkEnv: Registering BlockManagerMaster
[2023-01-21T03:24:02.358+0000] {spark_submit.py:495} INFO - 23/01/21 03:24:02 INFO BlockManagerMasterEndpoint: Using org.apache.spark.storage.DefaultTopologyMapper for getting topology information
[2023-01-21T03:24:02.360+0000] {spark_submit.py:495} INFO - 23/01/21 03:24:02 INFO BlockManagerMasterEndpoint: BlockManagerMasterEndpoint up
[2023-01-21T03:24:02.371+0000] {spark_submit.py:495} INFO - 23/01/21 03:24:02 INFO SparkEnv: Registering BlockManagerMasterHeartbeat
[2023-01-21T03:24:02.392+0000] {spark_submit.py:495} INFO - 23/01/21 03:24:02 INFO DiskBlockManager: Created local directory at /tmp/blockmgr-f9972d30-51c9-4ed2-bc1a-6246354af13c
[2023-01-21T03:24:02.407+0000] {spark_submit.py:495} INFO - 23/01/21 03:24:02 INFO MemoryStore: MemoryStore started with capacity 434.4 MiB
[2023-01-21T03:24:02.428+0000] {spark_submit.py:495} INFO - 23/01/21 03:24:02 INFO SparkEnv: Registering OutputCommitCoordinator
[2023-01-21T03:24:02.611+0000] {spark_submit.py:495} INFO - 23/01/21 03:24:02 INFO Utils: Successfully started service 'SparkUI' on port 4040.
[2023-01-21T03:24:02.695+0000] {spark_submit.py:495} INFO - 23/01/21 03:24:02 INFO Executor: Starting executor ID driver on host 3cc77177a430
[2023-01-21T03:24:02.702+0000] {spark_submit.py:495} INFO - 23/01/21 03:24:02 INFO Executor: Starting executor with user classpath (userClassPathFirst = false): ''
[2023-01-21T03:24:02.722+0000] {spark_submit.py:495} INFO - 23/01/21 03:24:02 INFO Utils: Successfully started service 'org.apache.spark.network.netty.NettyBlockTransferService' on port 39273.
[2023-01-21T03:24:02.723+0000] {spark_submit.py:495} INFO - 23/01/21 03:24:02 INFO NettyBlockTransferService: Server created on 3cc77177a430:39273
[2023-01-21T03:24:02.724+0000] {spark_submit.py:495} INFO - 23/01/21 03:24:02 INFO BlockManager: Using org.apache.spark.storage.RandomBlockReplicationPolicy for block replication policy
[2023-01-21T03:24:02.729+0000] {spark_submit.py:495} INFO - 23/01/21 03:24:02 INFO BlockManagerMaster: Registering BlockManager BlockManagerId(driver, 3cc77177a430, 39273, None)
[2023-01-21T03:24:02.731+0000] {spark_submit.py:495} INFO - 23/01/21 03:24:02 INFO BlockManagerMasterEndpoint: Registering block manager 3cc77177a430:39273 with 434.4 MiB RAM, BlockManagerId(driver, 3cc77177a430, 39273, None)
[2023-01-21T03:24:02.743+0000] {spark_submit.py:495} INFO - 23/01/21 03:24:02 INFO BlockManagerMaster: Registered BlockManager BlockManagerId(driver, 3cc77177a430, 39273, None)
[2023-01-21T03:24:02.744+0000] {spark_submit.py:495} INFO - 23/01/21 03:24:02 INFO BlockManager: Initialized BlockManager: BlockManagerId(driver, 3cc77177a430, 39273, None)
[2023-01-21T03:24:03.733+0000] {spark_submit.py:495} INFO - Traceback (most recent call last):
[2023-01-21T03:24:03.733+0000] {spark_submit.py:495} INFO - File "/opt/***/dags/pi.py", line 46, in <module>
[2023-01-21T03:24:03.733+0000] {spark_submit.py:495} INFO - .option("subscribe", kafka_topic_name) \
[2023-01-21T03:24:03.733+0000] {spark_submit.py:495} INFO - File "/home/***/.local/lib/python3.7/site-packages/pyspark/python/lib/pyspark.zip/pyspark/sql/streaming.py", line 469, in load
[2023-01-21T03:24:03.733+0000] {spark_submit.py:495} INFO - File "/home/***/.local/lib/python3.7/site-packages/pyspark/python/lib/py4j-0.10.9.5-src.zip/py4j/java_gateway.py", line 1322, in __call__
[2023-01-21T03:24:03.733+0000] {spark_submit.py:495} INFO - File "/home/***/.local/lib/python3.7/site-packages/pyspark/python/lib/pyspark.zip/pyspark/sql/utils.py", line 196, in deco
[2023-01-21T03:24:03.737+0000] {spark_submit.py:495} INFO - pyspark.sql.utils.AnalysisException:  Failed to find data source: kafka. Please deploy the application as per the deployment section of "Structured Streaming + Kafka Integration Guide".
[2023-01-21T03:24:03.876+0000] {taskinstance.py:1772} ERROR - Task failed with exception
Traceback (most recent call last):
  File "/home/airflow/.local/lib/python3.7/site-packages/airflow/providers/apache/spark/operators/spark_submit.py", line 157, in execute
    self._hook.submit(self._application)
  File "/home/airflow/.local/lib/python3.7/site-packages/airflow/providers/apache/spark/hooks/spark_submit.py", line 427, in submit
    f"Cannot execute: {self._mask_cmd(spark_submit_cmd)}. Error code is: {returncode}."
airflow.exceptions.AirflowException: Cannot execute: spark-submit --master spark://tomi-H310:7077 --name arrow-spark --queue root.default /opt/***/dags/pi.py. Error code is: 1.
[2023-01-21T03:24:03.879+0000] {taskinstance.py:1327} INFO - Marking task as FAILED. dag_id=example_spark_operator, task_id=python_job, execution_date=20230121T011216, start_date=20230121T032359, end_date=20230121T032403
[2023-01-21T03:24:03.890+0000] {standard_task_runner.py:105} ERROR - Failed to execute job 279 for task python_job (Cannot execute: spark-submit --master spark://tomi-H310:7077 --name arrow-spark --queue root.default /opt/***/dags/pi.py. Error code is: 1.; 2238)
[2023-01-21T03:24:03.902+0000] {local_task_job.py:159} INFO - Task exited with return code 1
[2023-01-21T03:24:03.916+0000] {taskinstance.py:2582} INFO - 0 downstream tasks scheduled from follow-on schedule check
