[2023-01-18T22:44:30.569+0000] {taskinstance.py:1087} INFO - Dependencies all met for <TaskInstance: Kafka_consumer.producer manual__2023-01-18T22:33:23.230011+00:00 [queued]>
[2023-01-18T22:44:30.577+0000] {taskinstance.py:1087} INFO - Dependencies all met for <TaskInstance: Kafka_consumer.producer manual__2023-01-18T22:33:23.230011+00:00 [queued]>
[2023-01-18T22:44:30.578+0000] {taskinstance.py:1283} INFO - 
--------------------------------------------------------------------------------
[2023-01-18T22:44:30.578+0000] {taskinstance.py:1284} INFO - Starting attempt 7 of 12
[2023-01-18T22:44:30.578+0000] {taskinstance.py:1285} INFO - 
--------------------------------------------------------------------------------
[2023-01-18T22:44:30.590+0000] {taskinstance.py:1304} INFO - Executing <Task(PythonOperator): producer> on 2023-01-18 22:33:23.230011+00:00
[2023-01-18T22:44:30.595+0000] {standard_task_runner.py:55} INFO - Started process 1086 to run task
[2023-01-18T22:44:30.598+0000] {standard_task_runner.py:82} INFO - Running: ['***', 'tasks', 'run', 'Kafka_consumer', 'producer', 'manual__2023-01-18T22:33:23.230011+00:00', '--job-id', '101', '--raw', '--subdir', 'DAGS_FOLDER/producer_dag.py', '--cfg-path', '/tmp/tmpgoog_lhg']
[2023-01-18T22:44:30.598+0000] {standard_task_runner.py:83} INFO - Job 101: Subtask producer
[2023-01-18T22:44:30.647+0000] {task_command.py:389} INFO - Running <TaskInstance: Kafka_consumer.producer manual__2023-01-18T22:33:23.230011+00:00 [running]> on host 8a5dd0629494
[2023-01-18T22:44:30.707+0000] {taskinstance.py:1513} INFO - Exporting the following env vars:
AIRFLOW_CTX_DAG_OWNER=***
AIRFLOW_CTX_DAG_ID=Kafka_consumer
AIRFLOW_CTX_TASK_ID=producer
AIRFLOW_CTX_EXECUTION_DATE=2023-01-18T22:33:23.230011+00:00
AIRFLOW_CTX_TRY_NUMBER=7
AIRFLOW_CTX_DAG_RUN_ID=manual__2023-01-18T22:33:23.230011+00:00
[2023-01-18T22:44:30.741+0000] {conn.py:1532} WARNING - DNS lookup failed for kafka:9092, exception was [Errno -3] Temporary failure in name resolution. Is your advertised.listeners (called advertised.host.name before Kafka 9) correct and resolvable?
[2023-01-18T22:44:30.741+0000] {conn.py:316} ERROR - DNS lookup failed for kafka:9092 (AddressFamily.AF_UNSPEC)
[2023-01-18T22:44:30.741+0000] {conn.py:1205} INFO - Probing node bootstrap-0 broker version
[2023-01-18T22:44:30.767+0000] {conn.py:1532} WARNING - DNS lookup failed for kafka:9092, exception was [Errno -3] Temporary failure in name resolution. Is your advertised.listeners (called advertised.host.name before Kafka 9) correct and resolvable?
[2023-01-18T22:44:30.767+0000] {conn.py:316} ERROR - DNS lookup failed for kafka:9092 (AddressFamily.AF_UNSPEC)
[2023-01-18T22:44:30.804+0000] {conn.py:1532} WARNING - DNS lookup failed for kafka:9092, exception was [Errno -3] Temporary failure in name resolution. Is your advertised.listeners (called advertised.host.name before Kafka 9) correct and resolvable?
[2023-01-18T22:44:30.804+0000] {conn.py:316} ERROR - DNS lookup failed for kafka:9092 (AddressFamily.AF_UNSPEC)
[2023-01-18T22:44:30.805+0000] {conn.py:1205} INFO - Probing node bootstrap-0 broker version
[2023-01-18T22:44:30.841+0000] {conn.py:1532} WARNING - DNS lookup failed for kafka:9092, exception was [Errno -3] Temporary failure in name resolution. Is your advertised.listeners (called advertised.host.name before Kafka 9) correct and resolvable?
[2023-01-18T22:44:30.842+0000] {conn.py:316} ERROR - DNS lookup failed for kafka:9092 (AddressFamily.AF_UNSPEC)
[2023-01-18T22:44:30.872+0000] {conn.py:1532} WARNING - DNS lookup failed for kafka:9092, exception was [Errno -3] Temporary failure in name resolution. Is your advertised.listeners (called advertised.host.name before Kafka 9) correct and resolvable?
[2023-01-18T22:44:30.873+0000] {conn.py:316} ERROR - DNS lookup failed for kafka:9092 (AddressFamily.AF_UNSPEC)
[2023-01-18T22:44:30.873+0000] {conn.py:1205} INFO - Probing node bootstrap-0 broker version
[2023-01-18T22:44:30.905+0000] {conn.py:1532} WARNING - DNS lookup failed for kafka:9092, exception was [Errno -3] Temporary failure in name resolution. Is your advertised.listeners (called advertised.host.name before Kafka 9) correct and resolvable?
[2023-01-18T22:44:30.905+0000] {conn.py:316} ERROR - DNS lookup failed for kafka:9092 (AddressFamily.AF_UNSPEC)
[2023-01-18T22:44:30.938+0000] {conn.py:1532} WARNING - DNS lookup failed for kafka:9092, exception was [Errno -3] Temporary failure in name resolution. Is your advertised.listeners (called advertised.host.name before Kafka 9) correct and resolvable?
[2023-01-18T22:44:30.938+0000] {conn.py:316} ERROR - DNS lookup failed for kafka:9092 (AddressFamily.AF_UNSPEC)
[2023-01-18T22:44:30.939+0000] {conn.py:1205} INFO - Probing node bootstrap-0 broker version
[2023-01-18T22:44:30.976+0000] {conn.py:1532} WARNING - DNS lookup failed for kafka:9092, exception was [Errno -3] Temporary failure in name resolution. Is your advertised.listeners (called advertised.host.name before Kafka 9) correct and resolvable?
[2023-01-18T22:44:30.977+0000] {conn.py:316} ERROR - DNS lookup failed for kafka:9092 (AddressFamily.AF_UNSPEC)
[2023-01-18T22:44:31.008+0000] {conn.py:1532} WARNING - DNS lookup failed for kafka:9092, exception was [Errno -3] Temporary failure in name resolution. Is your advertised.listeners (called advertised.host.name before Kafka 9) correct and resolvable?
[2023-01-18T22:44:31.008+0000] {conn.py:316} ERROR - DNS lookup failed for kafka:9092 (AddressFamily.AF_UNSPEC)
[2023-01-18T22:44:31.009+0000] {conn.py:1205} INFO - Probing node bootstrap-0 broker version
[2023-01-18T22:44:31.047+0000] {conn.py:1532} WARNING - DNS lookup failed for kafka:9092, exception was [Errno -3] Temporary failure in name resolution. Is your advertised.listeners (called advertised.host.name before Kafka 9) correct and resolvable?
[2023-01-18T22:44:31.048+0000] {conn.py:316} ERROR - DNS lookup failed for kafka:9092 (AddressFamily.AF_UNSPEC)
[2023-01-18T22:44:31.086+0000] {conn.py:1532} WARNING - DNS lookup failed for kafka:9092, exception was [Errno -3] Temporary failure in name resolution. Is your advertised.listeners (called advertised.host.name before Kafka 9) correct and resolvable?
[2023-01-18T22:44:31.087+0000] {conn.py:316} ERROR - DNS lookup failed for kafka:9092 (AddressFamily.AF_UNSPEC)
[2023-01-18T22:44:31.087+0000] {conn.py:1205} INFO - Probing node bootstrap-0 broker version
[2023-01-18T22:44:31.120+0000] {conn.py:1532} WARNING - DNS lookup failed for kafka:9092, exception was [Errno -3] Temporary failure in name resolution. Is your advertised.listeners (called advertised.host.name before Kafka 9) correct and resolvable?
[2023-01-18T22:44:31.121+0000] {conn.py:316} ERROR - DNS lookup failed for kafka:9092 (AddressFamily.AF_UNSPEC)
[2023-01-18T22:44:31.149+0000] {conn.py:1532} WARNING - DNS lookup failed for kafka:9092, exception was [Errno -3] Temporary failure in name resolution. Is your advertised.listeners (called advertised.host.name before Kafka 9) correct and resolvable?
[2023-01-18T22:44:31.150+0000] {conn.py:316} ERROR - DNS lookup failed for kafka:9092 (AddressFamily.AF_UNSPEC)
[2023-01-18T22:44:31.150+0000] {conn.py:1205} INFO - Probing node bootstrap-0 broker version
[2023-01-18T22:44:31.182+0000] {conn.py:1532} WARNING - DNS lookup failed for kafka:9092, exception was [Errno -3] Temporary failure in name resolution. Is your advertised.listeners (called advertised.host.name before Kafka 9) correct and resolvable?
[2023-01-18T22:44:31.182+0000] {conn.py:316} ERROR - DNS lookup failed for kafka:9092 (AddressFamily.AF_UNSPEC)
[2023-01-18T22:44:31.215+0000] {conn.py:1532} WARNING - DNS lookup failed for kafka:9092, exception was [Errno -3] Temporary failure in name resolution. Is your advertised.listeners (called advertised.host.name before Kafka 9) correct and resolvable?
[2023-01-18T22:44:31.216+0000] {conn.py:316} ERROR - DNS lookup failed for kafka:9092 (AddressFamily.AF_UNSPEC)
[2023-01-18T22:44:31.217+0000] {conn.py:1205} INFO - Probing node bootstrap-0 broker version
[2023-01-18T22:44:31.249+0000] {conn.py:1532} WARNING - DNS lookup failed for kafka:9092, exception was [Errno -3] Temporary failure in name resolution. Is your advertised.listeners (called advertised.host.name before Kafka 9) correct and resolvable?
[2023-01-18T22:44:31.249+0000] {conn.py:316} ERROR - DNS lookup failed for kafka:9092 (AddressFamily.AF_UNSPEC)
[2023-01-18T22:44:31.280+0000] {conn.py:1532} WARNING - DNS lookup failed for kafka:9092, exception was [Errno -3] Temporary failure in name resolution. Is your advertised.listeners (called advertised.host.name before Kafka 9) correct and resolvable?
[2023-01-18T22:44:31.281+0000] {conn.py:316} ERROR - DNS lookup failed for kafka:9092 (AddressFamily.AF_UNSPEC)
[2023-01-18T22:44:31.281+0000] {conn.py:1205} INFO - Probing node bootstrap-0 broker version
[2023-01-18T22:44:31.315+0000] {conn.py:1532} WARNING - DNS lookup failed for kafka:9092, exception was [Errno -3] Temporary failure in name resolution. Is your advertised.listeners (called advertised.host.name before Kafka 9) correct and resolvable?
[2023-01-18T22:44:31.316+0000] {conn.py:316} ERROR - DNS lookup failed for kafka:9092 (AddressFamily.AF_UNSPEC)
[2023-01-18T22:44:31.348+0000] {conn.py:1532} WARNING - DNS lookup failed for kafka:9092, exception was [Errno -3] Temporary failure in name resolution. Is your advertised.listeners (called advertised.host.name before Kafka 9) correct and resolvable?
[2023-01-18T22:44:31.348+0000] {conn.py:316} ERROR - DNS lookup failed for kafka:9092 (AddressFamily.AF_UNSPEC)
[2023-01-18T22:44:31.349+0000] {conn.py:1205} INFO - Probing node bootstrap-0 broker version
[2023-01-18T22:44:31.380+0000] {conn.py:1532} WARNING - DNS lookup failed for kafka:9092, exception was [Errno -3] Temporary failure in name resolution. Is your advertised.listeners (called advertised.host.name before Kafka 9) correct and resolvable?
[2023-01-18T22:44:31.381+0000] {conn.py:316} ERROR - DNS lookup failed for kafka:9092 (AddressFamily.AF_UNSPEC)
[2023-01-18T22:44:31.412+0000] {conn.py:1532} WARNING - DNS lookup failed for kafka:9092, exception was [Errno -3] Temporary failure in name resolution. Is your advertised.listeners (called advertised.host.name before Kafka 9) correct and resolvable?
[2023-01-18T22:44:31.413+0000] {conn.py:316} ERROR - DNS lookup failed for kafka:9092 (AddressFamily.AF_UNSPEC)
[2023-01-18T22:44:31.413+0000] {conn.py:1205} INFO - Probing node bootstrap-0 broker version
[2023-01-18T22:44:31.444+0000] {conn.py:1532} WARNING - DNS lookup failed for kafka:9092, exception was [Errno -3] Temporary failure in name resolution. Is your advertised.listeners (called advertised.host.name before Kafka 9) correct and resolvable?
[2023-01-18T22:44:31.444+0000] {conn.py:316} ERROR - DNS lookup failed for kafka:9092 (AddressFamily.AF_UNSPEC)
[2023-01-18T22:44:31.476+0000] {conn.py:1532} WARNING - DNS lookup failed for kafka:9092, exception was [Errno -3] Temporary failure in name resolution. Is your advertised.listeners (called advertised.host.name before Kafka 9) correct and resolvable?
[2023-01-18T22:44:31.477+0000] {conn.py:316} ERROR - DNS lookup failed for kafka:9092 (AddressFamily.AF_UNSPEC)
[2023-01-18T22:44:31.478+0000] {conn.py:1205} INFO - Probing node bootstrap-0 broker version
[2023-01-18T22:44:31.511+0000] {conn.py:1532} WARNING - DNS lookup failed for kafka:9092, exception was [Errno -3] Temporary failure in name resolution. Is your advertised.listeners (called advertised.host.name before Kafka 9) correct and resolvable?
[2023-01-18T22:44:31.511+0000] {conn.py:316} ERROR - DNS lookup failed for kafka:9092 (AddressFamily.AF_UNSPEC)
[2023-01-18T22:44:31.544+0000] {conn.py:1532} WARNING - DNS lookup failed for kafka:9092, exception was [Errno -3] Temporary failure in name resolution. Is your advertised.listeners (called advertised.host.name before Kafka 9) correct and resolvable?
[2023-01-18T22:44:31.544+0000] {conn.py:316} ERROR - DNS lookup failed for kafka:9092 (AddressFamily.AF_UNSPEC)
[2023-01-18T22:44:31.545+0000] {conn.py:1205} INFO - Probing node bootstrap-0 broker version
[2023-01-18T22:44:31.578+0000] {conn.py:1532} WARNING - DNS lookup failed for kafka:9092, exception was [Errno -3] Temporary failure in name resolution. Is your advertised.listeners (called advertised.host.name before Kafka 9) correct and resolvable?
[2023-01-18T22:44:31.579+0000] {conn.py:316} ERROR - DNS lookup failed for kafka:9092 (AddressFamily.AF_UNSPEC)
[2023-01-18T22:44:31.611+0000] {conn.py:1532} WARNING - DNS lookup failed for kafka:9092, exception was [Errno -3] Temporary failure in name resolution. Is your advertised.listeners (called advertised.host.name before Kafka 9) correct and resolvable?
[2023-01-18T22:44:31.611+0000] {conn.py:316} ERROR - DNS lookup failed for kafka:9092 (AddressFamily.AF_UNSPEC)
[2023-01-18T22:44:31.612+0000] {conn.py:1205} INFO - Probing node bootstrap-0 broker version
[2023-01-18T22:44:31.643+0000] {conn.py:1532} WARNING - DNS lookup failed for kafka:9092, exception was [Errno -3] Temporary failure in name resolution. Is your advertised.listeners (called advertised.host.name before Kafka 9) correct and resolvable?
[2023-01-18T22:44:31.643+0000] {conn.py:316} ERROR - DNS lookup failed for kafka:9092 (AddressFamily.AF_UNSPEC)
[2023-01-18T22:44:31.675+0000] {conn.py:1532} WARNING - DNS lookup failed for kafka:9092, exception was [Errno -3] Temporary failure in name resolution. Is your advertised.listeners (called advertised.host.name before Kafka 9) correct and resolvable?
[2023-01-18T22:44:31.676+0000] {conn.py:316} ERROR - DNS lookup failed for kafka:9092 (AddressFamily.AF_UNSPEC)
[2023-01-18T22:44:31.677+0000] {conn.py:1205} INFO - Probing node bootstrap-0 broker version
[2023-01-18T22:44:31.709+0000] {conn.py:1532} WARNING - DNS lookup failed for kafka:9092, exception was [Errno -3] Temporary failure in name resolution. Is your advertised.listeners (called advertised.host.name before Kafka 9) correct and resolvable?
[2023-01-18T22:44:31.710+0000] {conn.py:316} ERROR - DNS lookup failed for kafka:9092 (AddressFamily.AF_UNSPEC)
[2023-01-18T22:44:31.751+0000] {conn.py:1532} WARNING - DNS lookup failed for kafka:9092, exception was [Errno -3] Temporary failure in name resolution. Is your advertised.listeners (called advertised.host.name before Kafka 9) correct and resolvable?
[2023-01-18T22:44:31.751+0000] {conn.py:316} ERROR - DNS lookup failed for kafka:9092 (AddressFamily.AF_UNSPEC)
[2023-01-18T22:44:31.752+0000] {conn.py:1205} INFO - Probing node bootstrap-0 broker version
[2023-01-18T22:44:31.785+0000] {conn.py:1532} WARNING - DNS lookup failed for kafka:9092, exception was [Errno -3] Temporary failure in name resolution. Is your advertised.listeners (called advertised.host.name before Kafka 9) correct and resolvable?
[2023-01-18T22:44:31.786+0000] {conn.py:316} ERROR - DNS lookup failed for kafka:9092 (AddressFamily.AF_UNSPEC)
[2023-01-18T22:44:31.819+0000] {conn.py:1532} WARNING - DNS lookup failed for kafka:9092, exception was [Errno -3] Temporary failure in name resolution. Is your advertised.listeners (called advertised.host.name before Kafka 9) correct and resolvable?
[2023-01-18T22:44:31.819+0000] {conn.py:316} ERROR - DNS lookup failed for kafka:9092 (AddressFamily.AF_UNSPEC)
[2023-01-18T22:44:31.820+0000] {conn.py:1205} INFO - Probing node bootstrap-0 broker version
[2023-01-18T22:44:31.862+0000] {conn.py:1532} WARNING - DNS lookup failed for kafka:9092, exception was [Errno -3] Temporary failure in name resolution. Is your advertised.listeners (called advertised.host.name before Kafka 9) correct and resolvable?
[2023-01-18T22:44:31.862+0000] {conn.py:316} ERROR - DNS lookup failed for kafka:9092 (AddressFamily.AF_UNSPEC)
[2023-01-18T22:44:31.908+0000] {conn.py:1532} WARNING - DNS lookup failed for kafka:9092, exception was [Errno -3] Temporary failure in name resolution. Is your advertised.listeners (called advertised.host.name before Kafka 9) correct and resolvable?
[2023-01-18T22:44:31.909+0000] {conn.py:316} ERROR - DNS lookup failed for kafka:9092 (AddressFamily.AF_UNSPEC)
[2023-01-18T22:44:31.909+0000] {conn.py:1205} INFO - Probing node bootstrap-0 broker version
[2023-01-18T22:44:31.954+0000] {conn.py:1532} WARNING - DNS lookup failed for kafka:9092, exception was [Errno -3] Temporary failure in name resolution. Is your advertised.listeners (called advertised.host.name before Kafka 9) correct and resolvable?
[2023-01-18T22:44:31.955+0000] {conn.py:316} ERROR - DNS lookup failed for kafka:9092 (AddressFamily.AF_UNSPEC)
[2023-01-18T22:44:31.986+0000] {conn.py:1532} WARNING - DNS lookup failed for kafka:9092, exception was [Errno -3] Temporary failure in name resolution. Is your advertised.listeners (called advertised.host.name before Kafka 9) correct and resolvable?
[2023-01-18T22:44:31.986+0000] {conn.py:316} ERROR - DNS lookup failed for kafka:9092 (AddressFamily.AF_UNSPEC)
[2023-01-18T22:44:31.987+0000] {conn.py:1205} INFO - Probing node bootstrap-0 broker version
[2023-01-18T22:44:32.027+0000] {conn.py:1532} WARNING - DNS lookup failed for kafka:9092, exception was [Errno -3] Temporary failure in name resolution. Is your advertised.listeners (called advertised.host.name before Kafka 9) correct and resolvable?
[2023-01-18T22:44:32.027+0000] {conn.py:316} ERROR - DNS lookup failed for kafka:9092 (AddressFamily.AF_UNSPEC)
[2023-01-18T22:44:32.056+0000] {conn.py:1532} WARNING - DNS lookup failed for kafka:9092, exception was [Errno -3] Temporary failure in name resolution. Is your advertised.listeners (called advertised.host.name before Kafka 9) correct and resolvable?
[2023-01-18T22:44:32.056+0000] {conn.py:316} ERROR - DNS lookup failed for kafka:9092 (AddressFamily.AF_UNSPEC)
[2023-01-18T22:44:32.056+0000] {conn.py:1205} INFO - Probing node bootstrap-0 broker version
[2023-01-18T22:44:32.087+0000] {conn.py:1532} WARNING - DNS lookup failed for kafka:9092, exception was [Errno -3] Temporary failure in name resolution. Is your advertised.listeners (called advertised.host.name before Kafka 9) correct and resolvable?
[2023-01-18T22:44:32.088+0000] {conn.py:316} ERROR - DNS lookup failed for kafka:9092 (AddressFamily.AF_UNSPEC)
[2023-01-18T22:44:32.117+0000] {conn.py:1532} WARNING - DNS lookup failed for kafka:9092, exception was [Errno -3] Temporary failure in name resolution. Is your advertised.listeners (called advertised.host.name before Kafka 9) correct and resolvable?
[2023-01-18T22:44:32.117+0000] {conn.py:316} ERROR - DNS lookup failed for kafka:9092 (AddressFamily.AF_UNSPEC)
[2023-01-18T22:44:32.117+0000] {conn.py:1205} INFO - Probing node bootstrap-0 broker version
[2023-01-18T22:44:32.145+0000] {conn.py:1532} WARNING - DNS lookup failed for kafka:9092, exception was [Errno -3] Temporary failure in name resolution. Is your advertised.listeners (called advertised.host.name before Kafka 9) correct and resolvable?
[2023-01-18T22:44:32.145+0000] {conn.py:316} ERROR - DNS lookup failed for kafka:9092 (AddressFamily.AF_UNSPEC)
[2023-01-18T22:44:32.174+0000] {conn.py:1532} WARNING - DNS lookup failed for kafka:9092, exception was [Errno -3] Temporary failure in name resolution. Is your advertised.listeners (called advertised.host.name before Kafka 9) correct and resolvable?
[2023-01-18T22:44:32.174+0000] {conn.py:316} ERROR - DNS lookup failed for kafka:9092 (AddressFamily.AF_UNSPEC)
[2023-01-18T22:44:32.175+0000] {conn.py:1205} INFO - Probing node bootstrap-0 broker version
[2023-01-18T22:44:32.201+0000] {conn.py:1532} WARNING - DNS lookup failed for kafka:9092, exception was [Errno -3] Temporary failure in name resolution. Is your advertised.listeners (called advertised.host.name before Kafka 9) correct and resolvable?
[2023-01-18T22:44:32.202+0000] {conn.py:316} ERROR - DNS lookup failed for kafka:9092 (AddressFamily.AF_UNSPEC)
[2023-01-18T22:44:32.229+0000] {conn.py:1532} WARNING - DNS lookup failed for kafka:9092, exception was [Errno -3] Temporary failure in name resolution. Is your advertised.listeners (called advertised.host.name before Kafka 9) correct and resolvable?
[2023-01-18T22:44:32.229+0000] {conn.py:316} ERROR - DNS lookup failed for kafka:9092 (AddressFamily.AF_UNSPEC)
[2023-01-18T22:44:32.229+0000] {conn.py:1205} INFO - Probing node bootstrap-0 broker version
[2023-01-18T22:44:32.259+0000] {conn.py:1532} WARNING - DNS lookup failed for kafka:9092, exception was [Errno -3] Temporary failure in name resolution. Is your advertised.listeners (called advertised.host.name before Kafka 9) correct and resolvable?
[2023-01-18T22:44:32.259+0000] {conn.py:316} ERROR - DNS lookup failed for kafka:9092 (AddressFamily.AF_UNSPEC)
[2023-01-18T22:44:32.286+0000] {conn.py:1532} WARNING - DNS lookup failed for kafka:9092, exception was [Errno -3] Temporary failure in name resolution. Is your advertised.listeners (called advertised.host.name before Kafka 9) correct and resolvable?
[2023-01-18T22:44:32.287+0000] {conn.py:316} ERROR - DNS lookup failed for kafka:9092 (AddressFamily.AF_UNSPEC)
[2023-01-18T22:44:32.287+0000] {conn.py:1205} INFO - Probing node bootstrap-0 broker version
[2023-01-18T22:44:32.315+0000] {conn.py:1532} WARNING - DNS lookup failed for kafka:9092, exception was [Errno -3] Temporary failure in name resolution. Is your advertised.listeners (called advertised.host.name before Kafka 9) correct and resolvable?
[2023-01-18T22:44:32.316+0000] {conn.py:316} ERROR - DNS lookup failed for kafka:9092 (AddressFamily.AF_UNSPEC)
[2023-01-18T22:44:32.344+0000] {conn.py:1532} WARNING - DNS lookup failed for kafka:9092, exception was [Errno -3] Temporary failure in name resolution. Is your advertised.listeners (called advertised.host.name before Kafka 9) correct and resolvable?
[2023-01-18T22:44:32.344+0000] {conn.py:316} ERROR - DNS lookup failed for kafka:9092 (AddressFamily.AF_UNSPEC)
[2023-01-18T22:44:32.344+0000] {conn.py:1205} INFO - Probing node bootstrap-0 broker version
[2023-01-18T22:44:32.373+0000] {conn.py:1532} WARNING - DNS lookup failed for kafka:9092, exception was [Errno -3] Temporary failure in name resolution. Is your advertised.listeners (called advertised.host.name before Kafka 9) correct and resolvable?
[2023-01-18T22:44:32.373+0000] {conn.py:316} ERROR - DNS lookup failed for kafka:9092 (AddressFamily.AF_UNSPEC)
[2023-01-18T22:44:32.401+0000] {conn.py:1532} WARNING - DNS lookup failed for kafka:9092, exception was [Errno -3] Temporary failure in name resolution. Is your advertised.listeners (called advertised.host.name before Kafka 9) correct and resolvable?
[2023-01-18T22:44:32.401+0000] {conn.py:316} ERROR - DNS lookup failed for kafka:9092 (AddressFamily.AF_UNSPEC)
[2023-01-18T22:44:32.401+0000] {conn.py:1205} INFO - Probing node bootstrap-0 broker version
[2023-01-18T22:44:32.432+0000] {conn.py:1532} WARNING - DNS lookup failed for kafka:9092, exception was [Errno -3] Temporary failure in name resolution. Is your advertised.listeners (called advertised.host.name before Kafka 9) correct and resolvable?
[2023-01-18T22:44:32.433+0000] {conn.py:316} ERROR - DNS lookup failed for kafka:9092 (AddressFamily.AF_UNSPEC)
[2023-01-18T22:44:32.462+0000] {conn.py:1532} WARNING - DNS lookup failed for kafka:9092, exception was [Errno -3] Temporary failure in name resolution. Is your advertised.listeners (called advertised.host.name before Kafka 9) correct and resolvable?
[2023-01-18T22:44:32.462+0000] {conn.py:316} ERROR - DNS lookup failed for kafka:9092 (AddressFamily.AF_UNSPEC)
[2023-01-18T22:44:32.462+0000] {conn.py:1205} INFO - Probing node bootstrap-0 broker version
[2023-01-18T22:44:32.490+0000] {conn.py:1532} WARNING - DNS lookup failed for kafka:9092, exception was [Errno -3] Temporary failure in name resolution. Is your advertised.listeners (called advertised.host.name before Kafka 9) correct and resolvable?
[2023-01-18T22:44:32.490+0000] {conn.py:316} ERROR - DNS lookup failed for kafka:9092 (AddressFamily.AF_UNSPEC)
[2023-01-18T22:44:32.518+0000] {conn.py:1532} WARNING - DNS lookup failed for kafka:9092, exception was [Errno -3] Temporary failure in name resolution. Is your advertised.listeners (called advertised.host.name before Kafka 9) correct and resolvable?
[2023-01-18T22:44:32.518+0000] {conn.py:316} ERROR - DNS lookup failed for kafka:9092 (AddressFamily.AF_UNSPEC)
[2023-01-18T22:44:32.518+0000] {conn.py:1205} INFO - Probing node bootstrap-0 broker version
[2023-01-18T22:44:32.547+0000] {conn.py:1532} WARNING - DNS lookup failed for kafka:9092, exception was [Errno -3] Temporary failure in name resolution. Is your advertised.listeners (called advertised.host.name before Kafka 9) correct and resolvable?
[2023-01-18T22:44:32.547+0000] {conn.py:316} ERROR - DNS lookup failed for kafka:9092 (AddressFamily.AF_UNSPEC)
[2023-01-18T22:44:32.578+0000] {conn.py:1532} WARNING - DNS lookup failed for kafka:9092, exception was [Errno -3] Temporary failure in name resolution. Is your advertised.listeners (called advertised.host.name before Kafka 9) correct and resolvable?
[2023-01-18T22:44:32.578+0000] {conn.py:316} ERROR - DNS lookup failed for kafka:9092 (AddressFamily.AF_UNSPEC)
[2023-01-18T22:44:32.578+0000] {conn.py:1205} INFO - Probing node bootstrap-0 broker version
[2023-01-18T22:44:32.609+0000] {conn.py:1532} WARNING - DNS lookup failed for kafka:9092, exception was [Errno -3] Temporary failure in name resolution. Is your advertised.listeners (called advertised.host.name before Kafka 9) correct and resolvable?
[2023-01-18T22:44:32.609+0000] {conn.py:316} ERROR - DNS lookup failed for kafka:9092 (AddressFamily.AF_UNSPEC)
[2023-01-18T22:44:32.642+0000] {conn.py:1532} WARNING - DNS lookup failed for kafka:9092, exception was [Errno -3] Temporary failure in name resolution. Is your advertised.listeners (called advertised.host.name before Kafka 9) correct and resolvable?
[2023-01-18T22:44:32.642+0000] {conn.py:316} ERROR - DNS lookup failed for kafka:9092 (AddressFamily.AF_UNSPEC)
[2023-01-18T22:44:32.642+0000] {conn.py:1205} INFO - Probing node bootstrap-0 broker version
[2023-01-18T22:44:32.670+0000] {conn.py:1532} WARNING - DNS lookup failed for kafka:9092, exception was [Errno -3] Temporary failure in name resolution. Is your advertised.listeners (called advertised.host.name before Kafka 9) correct and resolvable?
[2023-01-18T22:44:32.670+0000] {conn.py:316} ERROR - DNS lookup failed for kafka:9092 (AddressFamily.AF_UNSPEC)
[2023-01-18T22:44:32.698+0000] {conn.py:1532} WARNING - DNS lookup failed for kafka:9092, exception was [Errno -3] Temporary failure in name resolution. Is your advertised.listeners (called advertised.host.name before Kafka 9) correct and resolvable?
[2023-01-18T22:44:32.698+0000] {conn.py:316} ERROR - DNS lookup failed for kafka:9092 (AddressFamily.AF_UNSPEC)
[2023-01-18T22:44:32.698+0000] {conn.py:1205} INFO - Probing node bootstrap-0 broker version
[2023-01-18T22:44:32.737+0000] {conn.py:1532} WARNING - DNS lookup failed for kafka:9092, exception was [Errno -3] Temporary failure in name resolution. Is your advertised.listeners (called advertised.host.name before Kafka 9) correct and resolvable?
[2023-01-18T22:44:32.738+0000] {conn.py:316} ERROR - DNS lookup failed for kafka:9092 (AddressFamily.AF_UNSPEC)
[2023-01-18T22:44:32.738+0000] {taskinstance.py:1772} ERROR - Task failed with exception
Traceback (most recent call last):
  File "/home/airflow/.local/lib/python3.7/site-packages/airflow/operators/python.py", line 175, in execute
    return_value = self.execute_callable()
  File "/home/airflow/.local/lib/python3.7/site-packages/airflow/operators/python.py", line 192, in execute_callable
    return self.python_callable(*self.op_args, **self.op_kwargs)
  File "/opt/airflow/dags/producer_dag.py", line 11, in runKafkaProducer
    producer = KafkaProducer(bootstrap_servers=['kafka:9092'])
  File "/home/airflow/.local/lib/python3.7/site-packages/kafka/producer/kafka.py", line 383, in __init__
    **self.config)
  File "/home/airflow/.local/lib/python3.7/site-packages/kafka/client_async.py", line 244, in __init__
    self.config['api_version'] = self.check_version(timeout=check_timeout)
  File "/home/airflow/.local/lib/python3.7/site-packages/kafka/client_async.py", line 927, in check_version
    raise Errors.NoBrokersAvailable()
kafka.errors.NoBrokersAvailable: NoBrokersAvailable
[2023-01-18T22:44:32.745+0000] {taskinstance.py:1327} INFO - Marking task as UP_FOR_RETRY. dag_id=Kafka_consumer, task_id=producer, execution_date=20230118T223323, start_date=20230118T224430, end_date=20230118T224432
[2023-01-18T22:44:32.757+0000] {standard_task_runner.py:105} ERROR - Failed to execute job 101 for task producer (NoBrokersAvailable; 1086)
[2023-01-18T22:44:32.782+0000] {local_task_job.py:159} INFO - Task exited with return code 1
[2023-01-18T22:44:32.796+0000] {taskinstance.py:2582} INFO - 0 downstream tasks scheduled from follow-on schedule check
