[2023-01-18T23:22:22.946+0000] {taskinstance.py:1087} INFO - Dependencies all met for <TaskInstance: Kafka_consumer.producer manual__2023-01-18T22:33:23.230011+00:00 [queued]>
[2023-01-18T23:22:22.956+0000] {taskinstance.py:1087} INFO - Dependencies all met for <TaskInstance: Kafka_consumer.producer manual__2023-01-18T22:33:23.230011+00:00 [queued]>
[2023-01-18T23:22:22.956+0000] {taskinstance.py:1283} INFO - 
--------------------------------------------------------------------------------
[2023-01-18T23:22:22.956+0000] {taskinstance.py:1284} INFO - Starting attempt 18 of 23
[2023-01-18T23:22:22.956+0000] {taskinstance.py:1285} INFO - 
--------------------------------------------------------------------------------
[2023-01-18T23:22:22.975+0000] {taskinstance.py:1304} INFO - Executing <Task(PythonOperator): producer> on 2023-01-18 22:33:23.230011+00:00
[2023-01-18T23:22:22.981+0000] {standard_task_runner.py:55} INFO - Started process 116 to run task
[2023-01-18T23:22:22.986+0000] {standard_task_runner.py:82} INFO - Running: ['***', 'tasks', 'run', 'Kafka_consumer', 'producer', 'manual__2023-01-18T22:33:23.230011+00:00', '--job-id', '114', '--raw', '--subdir', 'DAGS_FOLDER/producer_dag.py', '--cfg-path', '/tmp/tmplo2jv677']
[2023-01-18T23:22:22.986+0000] {standard_task_runner.py:83} INFO - Job 114: Subtask producer
[2023-01-18T23:22:23.179+0000] {task_command.py:389} INFO - Running <TaskInstance: Kafka_consumer.producer manual__2023-01-18T22:33:23.230011+00:00 [running]> on host 0d37d55c8762
[2023-01-18T23:22:23.316+0000] {taskinstance.py:1513} INFO - Exporting the following env vars:
AIRFLOW_CTX_DAG_OWNER=***
AIRFLOW_CTX_DAG_ID=Kafka_consumer
AIRFLOW_CTX_TASK_ID=producer
AIRFLOW_CTX_EXECUTION_DATE=2023-01-18T22:33:23.230011+00:00
AIRFLOW_CTX_TRY_NUMBER=18
AIRFLOW_CTX_DAG_RUN_ID=manual__2023-01-18T22:33:23.230011+00:00
[2023-01-18T23:22:23.386+0000] {conn.py:1532} WARNING - DNS lookup failed for 1fc5de99ed78:9092, exception was [Errno -3] Temporary failure in name resolution. Is your advertised.listeners (called advertised.host.name before Kafka 9) correct and resolvable?
[2023-01-18T23:22:23.387+0000] {conn.py:316} ERROR - DNS lookup failed for 1fc5de99ed78:9092 (AddressFamily.AF_UNSPEC)
[2023-01-18T23:22:23.469+0000] {conn.py:1532} WARNING - DNS lookup failed for 1fc5de99ed78:9092, exception was [Errno -3] Temporary failure in name resolution. Is your advertised.listeners (called advertised.host.name before Kafka 9) correct and resolvable?
[2023-01-18T23:22:23.470+0000] {conn.py:316} ERROR - DNS lookup failed for 1fc5de99ed78:9092 (AddressFamily.AF_UNSPEC)
[2023-01-18T23:22:23.554+0000] {conn.py:1532} WARNING - DNS lookup failed for 1fc5de99ed78:9092, exception was [Errno -3] Temporary failure in name resolution. Is your advertised.listeners (called advertised.host.name before Kafka 9) correct and resolvable?
[2023-01-18T23:22:23.554+0000] {conn.py:316} ERROR - DNS lookup failed for 1fc5de99ed78:9092 (AddressFamily.AF_UNSPEC)
[2023-01-18T23:22:23.643+0000] {conn.py:1532} WARNING - DNS lookup failed for 1fc5de99ed78:9092, exception was [Errno -3] Temporary failure in name resolution. Is your advertised.listeners (called advertised.host.name before Kafka 9) correct and resolvable?
[2023-01-18T23:22:23.643+0000] {conn.py:316} ERROR - DNS lookup failed for 1fc5de99ed78:9092 (AddressFamily.AF_UNSPEC)
[2023-01-18T23:22:23.722+0000] {conn.py:1532} WARNING - DNS lookup failed for 1fc5de99ed78:9092, exception was [Errno -3] Temporary failure in name resolution. Is your advertised.listeners (called advertised.host.name before Kafka 9) correct and resolvable?
[2023-01-18T23:22:23.723+0000] {conn.py:316} ERROR - DNS lookup failed for 1fc5de99ed78:9092 (AddressFamily.AF_UNSPEC)
[2023-01-18T23:22:23.806+0000] {conn.py:1532} WARNING - DNS lookup failed for 1fc5de99ed78:9092, exception was [Errno -3] Temporary failure in name resolution. Is your advertised.listeners (called advertised.host.name before Kafka 9) correct and resolvable?
[2023-01-18T23:22:23.806+0000] {conn.py:316} ERROR - DNS lookup failed for 1fc5de99ed78:9092 (AddressFamily.AF_UNSPEC)
[2023-01-18T23:22:23.885+0000] {conn.py:1532} WARNING - DNS lookup failed for 1fc5de99ed78:9092, exception was [Errno -3] Temporary failure in name resolution. Is your advertised.listeners (called advertised.host.name before Kafka 9) correct and resolvable?
[2023-01-18T23:22:23.886+0000] {conn.py:316} ERROR - DNS lookup failed for 1fc5de99ed78:9092 (AddressFamily.AF_UNSPEC)
[2023-01-18T23:22:23.967+0000] {conn.py:1532} WARNING - DNS lookup failed for 1fc5de99ed78:9092, exception was [Errno -3] Temporary failure in name resolution. Is your advertised.listeners (called advertised.host.name before Kafka 9) correct and resolvable?
[2023-01-18T23:22:23.967+0000] {conn.py:316} ERROR - DNS lookup failed for 1fc5de99ed78:9092 (AddressFamily.AF_UNSPEC)
[2023-01-18T23:22:24.064+0000] {conn.py:1532} WARNING - DNS lookup failed for 1fc5de99ed78:9092, exception was [Errno -3] Temporary failure in name resolution. Is your advertised.listeners (called advertised.host.name before Kafka 9) correct and resolvable?
[2023-01-18T23:22:24.065+0000] {conn.py:316} ERROR - DNS lookup failed for 1fc5de99ed78:9092 (AddressFamily.AF_UNSPEC)
[2023-01-18T23:22:24.159+0000] {conn.py:1532} WARNING - DNS lookup failed for 1fc5de99ed78:9092, exception was [Errno -3] Temporary failure in name resolution. Is your advertised.listeners (called advertised.host.name before Kafka 9) correct and resolvable?
[2023-01-18T23:22:24.159+0000] {conn.py:316} ERROR - DNS lookup failed for 1fc5de99ed78:9092 (AddressFamily.AF_UNSPEC)
[2023-01-18T23:22:24.236+0000] {conn.py:1532} WARNING - DNS lookup failed for 1fc5de99ed78:9092, exception was [Errno -3] Temporary failure in name resolution. Is your advertised.listeners (called advertised.host.name before Kafka 9) correct and resolvable?
[2023-01-18T23:22:24.236+0000] {conn.py:316} ERROR - DNS lookup failed for 1fc5de99ed78:9092 (AddressFamily.AF_UNSPEC)
[2023-01-18T23:22:24.316+0000] {conn.py:1532} WARNING - DNS lookup failed for 1fc5de99ed78:9092, exception was [Errno -3] Temporary failure in name resolution. Is your advertised.listeners (called advertised.host.name before Kafka 9) correct and resolvable?
[2023-01-18T23:22:24.316+0000] {conn.py:316} ERROR - DNS lookup failed for 1fc5de99ed78:9092 (AddressFamily.AF_UNSPEC)
[2023-01-18T23:22:24.400+0000] {conn.py:1532} WARNING - DNS lookup failed for 1fc5de99ed78:9092, exception was [Errno -3] Temporary failure in name resolution. Is your advertised.listeners (called advertised.host.name before Kafka 9) correct and resolvable?
[2023-01-18T23:22:24.400+0000] {conn.py:316} ERROR - DNS lookup failed for 1fc5de99ed78:9092 (AddressFamily.AF_UNSPEC)
[2023-01-18T23:22:24.484+0000] {conn.py:1532} WARNING - DNS lookup failed for 1fc5de99ed78:9092, exception was [Errno -3] Temporary failure in name resolution. Is your advertised.listeners (called advertised.host.name before Kafka 9) correct and resolvable?
[2023-01-18T23:22:24.485+0000] {conn.py:316} ERROR - DNS lookup failed for 1fc5de99ed78:9092 (AddressFamily.AF_UNSPEC)
[2023-01-18T23:22:24.565+0000] {conn.py:1532} WARNING - DNS lookup failed for 1fc5de99ed78:9092, exception was [Errno -3] Temporary failure in name resolution. Is your advertised.listeners (called advertised.host.name before Kafka 9) correct and resolvable?
[2023-01-18T23:22:24.566+0000] {conn.py:316} ERROR - DNS lookup failed for 1fc5de99ed78:9092 (AddressFamily.AF_UNSPEC)
[2023-01-18T23:22:24.648+0000] {conn.py:1532} WARNING - DNS lookup failed for 1fc5de99ed78:9092, exception was [Errno -3] Temporary failure in name resolution. Is your advertised.listeners (called advertised.host.name before Kafka 9) correct and resolvable?
[2023-01-18T23:22:24.648+0000] {conn.py:316} ERROR - DNS lookup failed for 1fc5de99ed78:9092 (AddressFamily.AF_UNSPEC)
[2023-01-18T23:22:24.732+0000] {conn.py:1532} WARNING - DNS lookup failed for 1fc5de99ed78:9092, exception was [Errno -3] Temporary failure in name resolution. Is your advertised.listeners (called advertised.host.name before Kafka 9) correct and resolvable?
[2023-01-18T23:22:24.733+0000] {conn.py:316} ERROR - DNS lookup failed for 1fc5de99ed78:9092 (AddressFamily.AF_UNSPEC)
[2023-01-18T23:22:24.815+0000] {conn.py:1532} WARNING - DNS lookup failed for 1fc5de99ed78:9092, exception was [Errno -3] Temporary failure in name resolution. Is your advertised.listeners (called advertised.host.name before Kafka 9) correct and resolvable?
[2023-01-18T23:22:24.816+0000] {conn.py:316} ERROR - DNS lookup failed for 1fc5de99ed78:9092 (AddressFamily.AF_UNSPEC)
[2023-01-18T23:22:24.898+0000] {conn.py:1532} WARNING - DNS lookup failed for 1fc5de99ed78:9092, exception was [Errno -3] Temporary failure in name resolution. Is your advertised.listeners (called advertised.host.name before Kafka 9) correct and resolvable?
[2023-01-18T23:22:24.898+0000] {conn.py:316} ERROR - DNS lookup failed for 1fc5de99ed78:9092 (AddressFamily.AF_UNSPEC)
[2023-01-18T23:22:24.978+0000] {conn.py:1532} WARNING - DNS lookup failed for 1fc5de99ed78:9092, exception was [Errno -3] Temporary failure in name resolution. Is your advertised.listeners (called advertised.host.name before Kafka 9) correct and resolvable?
[2023-01-18T23:22:24.978+0000] {conn.py:316} ERROR - DNS lookup failed for 1fc5de99ed78:9092 (AddressFamily.AF_UNSPEC)
[2023-01-18T23:22:25.062+0000] {conn.py:1532} WARNING - DNS lookup failed for 1fc5de99ed78:9092, exception was [Errno -3] Temporary failure in name resolution. Is your advertised.listeners (called advertised.host.name before Kafka 9) correct and resolvable?
[2023-01-18T23:22:25.063+0000] {conn.py:316} ERROR - DNS lookup failed for 1fc5de99ed78:9092 (AddressFamily.AF_UNSPEC)
[2023-01-18T23:22:25.148+0000] {conn.py:1532} WARNING - DNS lookup failed for 1fc5de99ed78:9092, exception was [Errno -3] Temporary failure in name resolution. Is your advertised.listeners (called advertised.host.name before Kafka 9) correct and resolvable?
[2023-01-18T23:22:25.148+0000] {conn.py:316} ERROR - DNS lookup failed for 1fc5de99ed78:9092 (AddressFamily.AF_UNSPEC)
[2023-01-18T23:22:25.233+0000] {conn.py:1532} WARNING - DNS lookup failed for 1fc5de99ed78:9092, exception was [Errno -3] Temporary failure in name resolution. Is your advertised.listeners (called advertised.host.name before Kafka 9) correct and resolvable?
[2023-01-18T23:22:25.234+0000] {conn.py:316} ERROR - DNS lookup failed for 1fc5de99ed78:9092 (AddressFamily.AF_UNSPEC)
[2023-01-18T23:22:25.318+0000] {conn.py:1532} WARNING - DNS lookup failed for 1fc5de99ed78:9092, exception was [Errno -3] Temporary failure in name resolution. Is your advertised.listeners (called advertised.host.name before Kafka 9) correct and resolvable?
[2023-01-18T23:22:25.318+0000] {conn.py:316} ERROR - DNS lookup failed for 1fc5de99ed78:9092 (AddressFamily.AF_UNSPEC)
[2023-01-18T23:22:25.402+0000] {conn.py:1532} WARNING - DNS lookup failed for 1fc5de99ed78:9092, exception was [Errno -3] Temporary failure in name resolution. Is your advertised.listeners (called advertised.host.name before Kafka 9) correct and resolvable?
[2023-01-18T23:22:25.403+0000] {conn.py:316} ERROR - DNS lookup failed for 1fc5de99ed78:9092 (AddressFamily.AF_UNSPEC)
[2023-01-18T23:22:25.486+0000] {conn.py:1532} WARNING - DNS lookup failed for 1fc5de99ed78:9092, exception was [Errno -3] Temporary failure in name resolution. Is your advertised.listeners (called advertised.host.name before Kafka 9) correct and resolvable?
[2023-01-18T23:22:25.486+0000] {conn.py:316} ERROR - DNS lookup failed for 1fc5de99ed78:9092 (AddressFamily.AF_UNSPEC)
[2023-01-18T23:22:25.569+0000] {conn.py:1532} WARNING - DNS lookup failed for 1fc5de99ed78:9092, exception was [Errno -3] Temporary failure in name resolution. Is your advertised.listeners (called advertised.host.name before Kafka 9) correct and resolvable?
[2023-01-18T23:22:25.569+0000] {conn.py:316} ERROR - DNS lookup failed for 1fc5de99ed78:9092 (AddressFamily.AF_UNSPEC)
[2023-01-18T23:22:25.652+0000] {conn.py:1532} WARNING - DNS lookup failed for 1fc5de99ed78:9092, exception was [Errno -3] Temporary failure in name resolution. Is your advertised.listeners (called advertised.host.name before Kafka 9) correct and resolvable?
[2023-01-18T23:22:25.653+0000] {conn.py:316} ERROR - DNS lookup failed for 1fc5de99ed78:9092 (AddressFamily.AF_UNSPEC)
[2023-01-18T23:22:25.739+0000] {conn.py:1532} WARNING - DNS lookup failed for 1fc5de99ed78:9092, exception was [Errno -3] Temporary failure in name resolution. Is your advertised.listeners (called advertised.host.name before Kafka 9) correct and resolvable?
[2023-01-18T23:22:25.739+0000] {conn.py:316} ERROR - DNS lookup failed for 1fc5de99ed78:9092 (AddressFamily.AF_UNSPEC)
[2023-01-18T23:22:25.819+0000] {conn.py:1532} WARNING - DNS lookup failed for 1fc5de99ed78:9092, exception was [Errno -3] Temporary failure in name resolution. Is your advertised.listeners (called advertised.host.name before Kafka 9) correct and resolvable?
[2023-01-18T23:22:25.820+0000] {conn.py:316} ERROR - DNS lookup failed for 1fc5de99ed78:9092 (AddressFamily.AF_UNSPEC)
[2023-01-18T23:22:25.903+0000] {conn.py:1532} WARNING - DNS lookup failed for 1fc5de99ed78:9092, exception was [Errno -3] Temporary failure in name resolution. Is your advertised.listeners (called advertised.host.name before Kafka 9) correct and resolvable?
[2023-01-18T23:22:25.903+0000] {conn.py:316} ERROR - DNS lookup failed for 1fc5de99ed78:9092 (AddressFamily.AF_UNSPEC)
[2023-01-18T23:22:25.987+0000] {conn.py:1532} WARNING - DNS lookup failed for 1fc5de99ed78:9092, exception was [Errno -3] Temporary failure in name resolution. Is your advertised.listeners (called advertised.host.name before Kafka 9) correct and resolvable?
[2023-01-18T23:22:25.987+0000] {conn.py:316} ERROR - DNS lookup failed for 1fc5de99ed78:9092 (AddressFamily.AF_UNSPEC)
[2023-01-18T23:22:26.068+0000] {conn.py:1532} WARNING - DNS lookup failed for 1fc5de99ed78:9092, exception was [Errno -3] Temporary failure in name resolution. Is your advertised.listeners (called advertised.host.name before Kafka 9) correct and resolvable?
[2023-01-18T23:22:26.068+0000] {conn.py:316} ERROR - DNS lookup failed for 1fc5de99ed78:9092 (AddressFamily.AF_UNSPEC)
[2023-01-18T23:22:26.149+0000] {conn.py:1532} WARNING - DNS lookup failed for 1fc5de99ed78:9092, exception was [Errno -3] Temporary failure in name resolution. Is your advertised.listeners (called advertised.host.name before Kafka 9) correct and resolvable?
[2023-01-18T23:22:26.149+0000] {conn.py:316} ERROR - DNS lookup failed for 1fc5de99ed78:9092 (AddressFamily.AF_UNSPEC)
[2023-01-18T23:22:26.229+0000] {conn.py:1532} WARNING - DNS lookup failed for 1fc5de99ed78:9092, exception was [Errno -3] Temporary failure in name resolution. Is your advertised.listeners (called advertised.host.name before Kafka 9) correct and resolvable?
[2023-01-18T23:22:26.229+0000] {conn.py:316} ERROR - DNS lookup failed for 1fc5de99ed78:9092 (AddressFamily.AF_UNSPEC)
[2023-01-18T23:22:26.308+0000] {conn.py:1532} WARNING - DNS lookup failed for 1fc5de99ed78:9092, exception was [Errno -3] Temporary failure in name resolution. Is your advertised.listeners (called advertised.host.name before Kafka 9) correct and resolvable?
[2023-01-18T23:22:26.308+0000] {conn.py:316} ERROR - DNS lookup failed for 1fc5de99ed78:9092 (AddressFamily.AF_UNSPEC)
[2023-01-18T23:22:26.387+0000] {conn.py:1532} WARNING - DNS lookup failed for 1fc5de99ed78:9092, exception was [Errno -3] Temporary failure in name resolution. Is your advertised.listeners (called advertised.host.name before Kafka 9) correct and resolvable?
[2023-01-18T23:22:26.387+0000] {conn.py:316} ERROR - DNS lookup failed for 1fc5de99ed78:9092 (AddressFamily.AF_UNSPEC)
[2023-01-18T23:22:26.468+0000] {conn.py:1532} WARNING - DNS lookup failed for 1fc5de99ed78:9092, exception was [Errno -3] Temporary failure in name resolution. Is your advertised.listeners (called advertised.host.name before Kafka 9) correct and resolvable?
[2023-01-18T23:22:26.469+0000] {conn.py:316} ERROR - DNS lookup failed for 1fc5de99ed78:9092 (AddressFamily.AF_UNSPEC)
[2023-01-18T23:22:26.547+0000] {conn.py:1532} WARNING - DNS lookup failed for 1fc5de99ed78:9092, exception was [Errno -3] Temporary failure in name resolution. Is your advertised.listeners (called advertised.host.name before Kafka 9) correct and resolvable?
[2023-01-18T23:22:26.547+0000] {conn.py:316} ERROR - DNS lookup failed for 1fc5de99ed78:9092 (AddressFamily.AF_UNSPEC)
[2023-01-18T23:22:26.628+0000] {conn.py:1532} WARNING - DNS lookup failed for 1fc5de99ed78:9092, exception was [Errno -3] Temporary failure in name resolution. Is your advertised.listeners (called advertised.host.name before Kafka 9) correct and resolvable?
[2023-01-18T23:22:26.628+0000] {conn.py:316} ERROR - DNS lookup failed for 1fc5de99ed78:9092 (AddressFamily.AF_UNSPEC)
[2023-01-18T23:22:26.707+0000] {conn.py:1532} WARNING - DNS lookup failed for 1fc5de99ed78:9092, exception was [Errno -3] Temporary failure in name resolution. Is your advertised.listeners (called advertised.host.name before Kafka 9) correct and resolvable?
[2023-01-18T23:22:26.708+0000] {conn.py:316} ERROR - DNS lookup failed for 1fc5de99ed78:9092 (AddressFamily.AF_UNSPEC)
[2023-01-18T23:22:26.786+0000] {conn.py:1532} WARNING - DNS lookup failed for 1fc5de99ed78:9092, exception was [Errno -3] Temporary failure in name resolution. Is your advertised.listeners (called advertised.host.name before Kafka 9) correct and resolvable?
[2023-01-18T23:22:26.786+0000] {conn.py:316} ERROR - DNS lookup failed for 1fc5de99ed78:9092 (AddressFamily.AF_UNSPEC)
[2023-01-18T23:22:26.867+0000] {conn.py:1532} WARNING - DNS lookup failed for 1fc5de99ed78:9092, exception was [Errno -3] Temporary failure in name resolution. Is your advertised.listeners (called advertised.host.name before Kafka 9) correct and resolvable?
[2023-01-18T23:22:26.868+0000] {conn.py:316} ERROR - DNS lookup failed for 1fc5de99ed78:9092 (AddressFamily.AF_UNSPEC)
[2023-01-18T23:22:26.949+0000] {conn.py:1532} WARNING - DNS lookup failed for 1fc5de99ed78:9092, exception was [Errno -3] Temporary failure in name resolution. Is your advertised.listeners (called advertised.host.name before Kafka 9) correct and resolvable?
[2023-01-18T23:22:26.950+0000] {conn.py:316} ERROR - DNS lookup failed for 1fc5de99ed78:9092 (AddressFamily.AF_UNSPEC)
[2023-01-18T23:22:27.141+0000] {conn.py:1532} WARNING - DNS lookup failed for 1fc5de99ed78:9092, exception was [Errno -3] Temporary failure in name resolution. Is your advertised.listeners (called advertised.host.name before Kafka 9) correct and resolvable?
[2023-01-18T23:22:27.141+0000] {conn.py:316} ERROR - DNS lookup failed for 1fc5de99ed78:9092 (AddressFamily.AF_UNSPEC)
[2023-01-18T23:22:27.233+0000] {conn.py:1532} WARNING - DNS lookup failed for 1fc5de99ed78:9092, exception was [Errno -3] Temporary failure in name resolution. Is your advertised.listeners (called advertised.host.name before Kafka 9) correct and resolvable?
[2023-01-18T23:22:27.233+0000] {conn.py:316} ERROR - DNS lookup failed for 1fc5de99ed78:9092 (AddressFamily.AF_UNSPEC)
[2023-01-18T23:22:27.311+0000] {conn.py:1532} WARNING - DNS lookup failed for 1fc5de99ed78:9092, exception was [Errno -3] Temporary failure in name resolution. Is your advertised.listeners (called advertised.host.name before Kafka 9) correct and resolvable?
[2023-01-18T23:22:27.311+0000] {conn.py:316} ERROR - DNS lookup failed for 1fc5de99ed78:9092 (AddressFamily.AF_UNSPEC)
[2023-01-18T23:22:27.393+0000] {conn.py:1532} WARNING - DNS lookup failed for 1fc5de99ed78:9092, exception was [Errno -3] Temporary failure in name resolution. Is your advertised.listeners (called advertised.host.name before Kafka 9) correct and resolvable?
[2023-01-18T23:22:27.393+0000] {conn.py:316} ERROR - DNS lookup failed for 1fc5de99ed78:9092 (AddressFamily.AF_UNSPEC)
[2023-01-18T23:22:27.473+0000] {conn.py:1532} WARNING - DNS lookup failed for 1fc5de99ed78:9092, exception was [Errno -3] Temporary failure in name resolution. Is your advertised.listeners (called advertised.host.name before Kafka 9) correct and resolvable?
[2023-01-18T23:22:27.473+0000] {conn.py:316} ERROR - DNS lookup failed for 1fc5de99ed78:9092 (AddressFamily.AF_UNSPEC)
[2023-01-18T23:22:27.555+0000] {conn.py:1532} WARNING - DNS lookup failed for 1fc5de99ed78:9092, exception was [Errno -3] Temporary failure in name resolution. Is your advertised.listeners (called advertised.host.name before Kafka 9) correct and resolvable?
[2023-01-18T23:22:27.556+0000] {conn.py:316} ERROR - DNS lookup failed for 1fc5de99ed78:9092 (AddressFamily.AF_UNSPEC)
[2023-01-18T23:22:27.634+0000] {conn.py:1532} WARNING - DNS lookup failed for 1fc5de99ed78:9092, exception was [Errno -3] Temporary failure in name resolution. Is your advertised.listeners (called advertised.host.name before Kafka 9) correct and resolvable?
[2023-01-18T23:22:27.634+0000] {conn.py:316} ERROR - DNS lookup failed for 1fc5de99ed78:9092 (AddressFamily.AF_UNSPEC)
[2023-01-18T23:22:27.712+0000] {conn.py:1532} WARNING - DNS lookup failed for 1fc5de99ed78:9092, exception was [Errno -3] Temporary failure in name resolution. Is your advertised.listeners (called advertised.host.name before Kafka 9) correct and resolvable?
[2023-01-18T23:22:27.712+0000] {conn.py:316} ERROR - DNS lookup failed for 1fc5de99ed78:9092 (AddressFamily.AF_UNSPEC)
[2023-01-18T23:22:27.793+0000] {conn.py:1532} WARNING - DNS lookup failed for 1fc5de99ed78:9092, exception was [Errno -3] Temporary failure in name resolution. Is your advertised.listeners (called advertised.host.name before Kafka 9) correct and resolvable?
[2023-01-18T23:22:27.793+0000] {conn.py:316} ERROR - DNS lookup failed for 1fc5de99ed78:9092 (AddressFamily.AF_UNSPEC)
[2023-01-18T23:22:27.875+0000] {conn.py:1532} WARNING - DNS lookup failed for 1fc5de99ed78:9092, exception was [Errno -3] Temporary failure in name resolution. Is your advertised.listeners (called advertised.host.name before Kafka 9) correct and resolvable?
[2023-01-18T23:22:27.876+0000] {conn.py:316} ERROR - DNS lookup failed for 1fc5de99ed78:9092 (AddressFamily.AF_UNSPEC)
[2023-01-18T23:22:27.957+0000] {conn.py:1532} WARNING - DNS lookup failed for 1fc5de99ed78:9092, exception was [Errno -3] Temporary failure in name resolution. Is your advertised.listeners (called advertised.host.name before Kafka 9) correct and resolvable?
[2023-01-18T23:22:27.957+0000] {conn.py:316} ERROR - DNS lookup failed for 1fc5de99ed78:9092 (AddressFamily.AF_UNSPEC)
[2023-01-18T23:22:28.047+0000] {conn.py:1532} WARNING - DNS lookup failed for 1fc5de99ed78:9092, exception was [Errno -3] Temporary failure in name resolution. Is your advertised.listeners (called advertised.host.name before Kafka 9) correct and resolvable?
[2023-01-18T23:22:28.047+0000] {conn.py:316} ERROR - DNS lookup failed for 1fc5de99ed78:9092 (AddressFamily.AF_UNSPEC)
[2023-01-18T23:22:28.130+0000] {conn.py:1532} WARNING - DNS lookup failed for 1fc5de99ed78:9092, exception was [Errno -3] Temporary failure in name resolution. Is your advertised.listeners (called advertised.host.name before Kafka 9) correct and resolvable?
[2023-01-18T23:22:28.131+0000] {conn.py:316} ERROR - DNS lookup failed for 1fc5de99ed78:9092 (AddressFamily.AF_UNSPEC)
[2023-01-18T23:22:28.213+0000] {conn.py:1532} WARNING - DNS lookup failed for 1fc5de99ed78:9092, exception was [Errno -3] Temporary failure in name resolution. Is your advertised.listeners (called advertised.host.name before Kafka 9) correct and resolvable?
[2023-01-18T23:22:28.213+0000] {conn.py:316} ERROR - DNS lookup failed for 1fc5de99ed78:9092 (AddressFamily.AF_UNSPEC)
[2023-01-18T23:22:28.294+0000] {conn.py:1532} WARNING - DNS lookup failed for 1fc5de99ed78:9092, exception was [Errno -3] Temporary failure in name resolution. Is your advertised.listeners (called advertised.host.name before Kafka 9) correct and resolvable?
[2023-01-18T23:22:28.294+0000] {conn.py:316} ERROR - DNS lookup failed for 1fc5de99ed78:9092 (AddressFamily.AF_UNSPEC)
[2023-01-18T23:22:28.373+0000] {conn.py:1532} WARNING - DNS lookup failed for 1fc5de99ed78:9092, exception was [Errno -3] Temporary failure in name resolution. Is your advertised.listeners (called advertised.host.name before Kafka 9) correct and resolvable?
[2023-01-18T23:22:28.374+0000] {conn.py:316} ERROR - DNS lookup failed for 1fc5de99ed78:9092 (AddressFamily.AF_UNSPEC)
[2023-01-18T23:22:28.457+0000] {conn.py:1532} WARNING - DNS lookup failed for 1fc5de99ed78:9092, exception was [Errno -3] Temporary failure in name resolution. Is your advertised.listeners (called advertised.host.name before Kafka 9) correct and resolvable?
[2023-01-18T23:22:28.457+0000] {conn.py:316} ERROR - DNS lookup failed for 1fc5de99ed78:9092 (AddressFamily.AF_UNSPEC)
[2023-01-18T23:22:28.539+0000] {conn.py:1532} WARNING - DNS lookup failed for 1fc5de99ed78:9092, exception was [Errno -3] Temporary failure in name resolution. Is your advertised.listeners (called advertised.host.name before Kafka 9) correct and resolvable?
[2023-01-18T23:22:28.539+0000] {conn.py:316} ERROR - DNS lookup failed for 1fc5de99ed78:9092 (AddressFamily.AF_UNSPEC)
[2023-01-18T23:22:28.622+0000] {conn.py:1532} WARNING - DNS lookup failed for 1fc5de99ed78:9092, exception was [Errno -3] Temporary failure in name resolution. Is your advertised.listeners (called advertised.host.name before Kafka 9) correct and resolvable?
[2023-01-18T23:22:28.622+0000] {conn.py:316} ERROR - DNS lookup failed for 1fc5de99ed78:9092 (AddressFamily.AF_UNSPEC)
[2023-01-18T23:22:28.706+0000] {conn.py:1532} WARNING - DNS lookup failed for 1fc5de99ed78:9092, exception was [Errno -3] Temporary failure in name resolution. Is your advertised.listeners (called advertised.host.name before Kafka 9) correct and resolvable?
[2023-01-18T23:22:28.706+0000] {conn.py:316} ERROR - DNS lookup failed for 1fc5de99ed78:9092 (AddressFamily.AF_UNSPEC)
[2023-01-18T23:22:28.790+0000] {conn.py:1532} WARNING - DNS lookup failed for 1fc5de99ed78:9092, exception was [Errno -3] Temporary failure in name resolution. Is your advertised.listeners (called advertised.host.name before Kafka 9) correct and resolvable?
[2023-01-18T23:22:28.790+0000] {conn.py:316} ERROR - DNS lookup failed for 1fc5de99ed78:9092 (AddressFamily.AF_UNSPEC)
[2023-01-18T23:22:28.871+0000] {conn.py:1532} WARNING - DNS lookup failed for 1fc5de99ed78:9092, exception was [Errno -3] Temporary failure in name resolution. Is your advertised.listeners (called advertised.host.name before Kafka 9) correct and resolvable?
[2023-01-18T23:22:28.871+0000] {conn.py:316} ERROR - DNS lookup failed for 1fc5de99ed78:9092 (AddressFamily.AF_UNSPEC)
[2023-01-18T23:22:28.950+0000] {conn.py:1532} WARNING - DNS lookup failed for 1fc5de99ed78:9092, exception was [Errno -3] Temporary failure in name resolution. Is your advertised.listeners (called advertised.host.name before Kafka 9) correct and resolvable?
[2023-01-18T23:22:28.950+0000] {conn.py:316} ERROR - DNS lookup failed for 1fc5de99ed78:9092 (AddressFamily.AF_UNSPEC)
[2023-01-18T23:22:29.035+0000] {conn.py:1532} WARNING - DNS lookup failed for 1fc5de99ed78:9092, exception was [Errno -3] Temporary failure in name resolution. Is your advertised.listeners (called advertised.host.name before Kafka 9) correct and resolvable?
[2023-01-18T23:22:29.035+0000] {conn.py:316} ERROR - DNS lookup failed for 1fc5de99ed78:9092 (AddressFamily.AF_UNSPEC)
[2023-01-18T23:22:29.116+0000] {conn.py:1532} WARNING - DNS lookup failed for 1fc5de99ed78:9092, exception was [Errno -3] Temporary failure in name resolution. Is your advertised.listeners (called advertised.host.name before Kafka 9) correct and resolvable?
[2023-01-18T23:22:29.117+0000] {conn.py:316} ERROR - DNS lookup failed for 1fc5de99ed78:9092 (AddressFamily.AF_UNSPEC)
[2023-01-18T23:22:29.200+0000] {conn.py:1532} WARNING - DNS lookup failed for 1fc5de99ed78:9092, exception was [Errno -3] Temporary failure in name resolution. Is your advertised.listeners (called advertised.host.name before Kafka 9) correct and resolvable?
[2023-01-18T23:22:29.201+0000] {conn.py:316} ERROR - DNS lookup failed for 1fc5de99ed78:9092 (AddressFamily.AF_UNSPEC)
[2023-01-18T23:22:29.287+0000] {conn.py:1532} WARNING - DNS lookup failed for 1fc5de99ed78:9092, exception was [Errno -3] Temporary failure in name resolution. Is your advertised.listeners (called advertised.host.name before Kafka 9) correct and resolvable?
[2023-01-18T23:22:29.287+0000] {conn.py:316} ERROR - DNS lookup failed for 1fc5de99ed78:9092 (AddressFamily.AF_UNSPEC)
[2023-01-18T23:22:29.390+0000] {conn.py:1532} WARNING - DNS lookup failed for 1fc5de99ed78:9092, exception was [Errno -3] Temporary failure in name resolution. Is your advertised.listeners (called advertised.host.name before Kafka 9) correct and resolvable?
[2023-01-18T23:22:29.391+0000] {conn.py:316} ERROR - DNS lookup failed for 1fc5de99ed78:9092 (AddressFamily.AF_UNSPEC)
[2023-01-18T23:22:29.590+0000] {conn.py:1532} WARNING - DNS lookup failed for 1fc5de99ed78:9092, exception was [Errno -3] Temporary failure in name resolution. Is your advertised.listeners (called advertised.host.name before Kafka 9) correct and resolvable?
[2023-01-18T23:22:29.591+0000] {conn.py:316} ERROR - DNS lookup failed for 1fc5de99ed78:9092 (AddressFamily.AF_UNSPEC)
[2023-01-18T23:22:29.679+0000] {conn.py:1532} WARNING - DNS lookup failed for 1fc5de99ed78:9092, exception was [Errno -3] Temporary failure in name resolution. Is your advertised.listeners (called advertised.host.name before Kafka 9) correct and resolvable?
[2023-01-18T23:22:29.679+0000] {conn.py:316} ERROR - DNS lookup failed for 1fc5de99ed78:9092 (AddressFamily.AF_UNSPEC)
[2023-01-18T23:22:29.754+0000] {conn.py:1532} WARNING - DNS lookup failed for 1fc5de99ed78:9092, exception was [Errno -3] Temporary failure in name resolution. Is your advertised.listeners (called advertised.host.name before Kafka 9) correct and resolvable?
[2023-01-18T23:22:29.754+0000] {conn.py:316} ERROR - DNS lookup failed for 1fc5de99ed78:9092 (AddressFamily.AF_UNSPEC)
[2023-01-18T23:22:29.850+0000] {conn.py:1532} WARNING - DNS lookup failed for 1fc5de99ed78:9092, exception was [Errno -3] Temporary failure in name resolution. Is your advertised.listeners (called advertised.host.name before Kafka 9) correct and resolvable?
[2023-01-18T23:22:29.851+0000] {conn.py:316} ERROR - DNS lookup failed for 1fc5de99ed78:9092 (AddressFamily.AF_UNSPEC)
[2023-01-18T23:22:29.929+0000] {conn.py:1532} WARNING - DNS lookup failed for 1fc5de99ed78:9092, exception was [Errno -3] Temporary failure in name resolution. Is your advertised.listeners (called advertised.host.name before Kafka 9) correct and resolvable?
[2023-01-18T23:22:29.929+0000] {conn.py:316} ERROR - DNS lookup failed for 1fc5de99ed78:9092 (AddressFamily.AF_UNSPEC)
[2023-01-18T23:22:30.009+0000] {conn.py:1532} WARNING - DNS lookup failed for 1fc5de99ed78:9092, exception was [Errno -3] Temporary failure in name resolution. Is your advertised.listeners (called advertised.host.name before Kafka 9) correct and resolvable?
[2023-01-18T23:22:30.010+0000] {conn.py:316} ERROR - DNS lookup failed for 1fc5de99ed78:9092 (AddressFamily.AF_UNSPEC)
[2023-01-18T23:22:30.091+0000] {conn.py:1532} WARNING - DNS lookup failed for 1fc5de99ed78:9092, exception was [Errno -3] Temporary failure in name resolution. Is your advertised.listeners (called advertised.host.name before Kafka 9) correct and resolvable?
[2023-01-18T23:22:30.092+0000] {conn.py:316} ERROR - DNS lookup failed for 1fc5de99ed78:9092 (AddressFamily.AF_UNSPEC)
[2023-01-18T23:22:30.176+0000] {conn.py:1532} WARNING - DNS lookup failed for 1fc5de99ed78:9092, exception was [Errno -3] Temporary failure in name resolution. Is your advertised.listeners (called advertised.host.name before Kafka 9) correct and resolvable?
[2023-01-18T23:22:30.177+0000] {conn.py:316} ERROR - DNS lookup failed for 1fc5de99ed78:9092 (AddressFamily.AF_UNSPEC)
[2023-01-18T23:22:30.266+0000] {conn.py:1532} WARNING - DNS lookup failed for 1fc5de99ed78:9092, exception was [Errno -3] Temporary failure in name resolution. Is your advertised.listeners (called advertised.host.name before Kafka 9) correct and resolvable?
[2023-01-18T23:22:30.267+0000] {conn.py:316} ERROR - DNS lookup failed for 1fc5de99ed78:9092 (AddressFamily.AF_UNSPEC)
[2023-01-18T23:22:30.355+0000] {conn.py:1532} WARNING - DNS lookup failed for 1fc5de99ed78:9092, exception was [Errno -3] Temporary failure in name resolution. Is your advertised.listeners (called advertised.host.name before Kafka 9) correct and resolvable?
[2023-01-18T23:22:30.355+0000] {conn.py:316} ERROR - DNS lookup failed for 1fc5de99ed78:9092 (AddressFamily.AF_UNSPEC)
[2023-01-18T23:22:30.442+0000] {conn.py:1532} WARNING - DNS lookup failed for 1fc5de99ed78:9092, exception was [Errno -3] Temporary failure in name resolution. Is your advertised.listeners (called advertised.host.name before Kafka 9) correct and resolvable?
[2023-01-18T23:22:30.443+0000] {conn.py:316} ERROR - DNS lookup failed for 1fc5de99ed78:9092 (AddressFamily.AF_UNSPEC)
[2023-01-18T23:22:30.524+0000] {conn.py:1532} WARNING - DNS lookup failed for 1fc5de99ed78:9092, exception was [Errno -3] Temporary failure in name resolution. Is your advertised.listeners (called advertised.host.name before Kafka 9) correct and resolvable?
[2023-01-18T23:22:30.525+0000] {conn.py:316} ERROR - DNS lookup failed for 1fc5de99ed78:9092 (AddressFamily.AF_UNSPEC)
[2023-01-18T23:22:30.608+0000] {conn.py:1532} WARNING - DNS lookup failed for 1fc5de99ed78:9092, exception was [Errno -3] Temporary failure in name resolution. Is your advertised.listeners (called advertised.host.name before Kafka 9) correct and resolvable?
[2023-01-18T23:22:30.608+0000] {conn.py:316} ERROR - DNS lookup failed for 1fc5de99ed78:9092 (AddressFamily.AF_UNSPEC)
[2023-01-18T23:22:30.697+0000] {conn.py:1532} WARNING - DNS lookup failed for 1fc5de99ed78:9092, exception was [Errno -3] Temporary failure in name resolution. Is your advertised.listeners (called advertised.host.name before Kafka 9) correct and resolvable?
[2023-01-18T23:22:30.698+0000] {conn.py:316} ERROR - DNS lookup failed for 1fc5de99ed78:9092 (AddressFamily.AF_UNSPEC)
[2023-01-18T23:22:30.781+0000] {conn.py:1532} WARNING - DNS lookup failed for 1fc5de99ed78:9092, exception was [Errno -3] Temporary failure in name resolution. Is your advertised.listeners (called advertised.host.name before Kafka 9) correct and resolvable?
[2023-01-18T23:22:30.782+0000] {conn.py:316} ERROR - DNS lookup failed for 1fc5de99ed78:9092 (AddressFamily.AF_UNSPEC)
[2023-01-18T23:22:30.864+0000] {conn.py:1532} WARNING - DNS lookup failed for 1fc5de99ed78:9092, exception was [Errno -3] Temporary failure in name resolution. Is your advertised.listeners (called advertised.host.name before Kafka 9) correct and resolvable?
[2023-01-18T23:22:30.865+0000] {conn.py:316} ERROR - DNS lookup failed for 1fc5de99ed78:9092 (AddressFamily.AF_UNSPEC)
[2023-01-18T23:22:30.951+0000] {conn.py:1532} WARNING - DNS lookup failed for 1fc5de99ed78:9092, exception was [Errno -3] Temporary failure in name resolution. Is your advertised.listeners (called advertised.host.name before Kafka 9) correct and resolvable?
[2023-01-18T23:22:30.951+0000] {conn.py:316} ERROR - DNS lookup failed for 1fc5de99ed78:9092 (AddressFamily.AF_UNSPEC)
[2023-01-18T23:22:31.035+0000] {conn.py:1532} WARNING - DNS lookup failed for 1fc5de99ed78:9092, exception was [Errno -3] Temporary failure in name resolution. Is your advertised.listeners (called advertised.host.name before Kafka 9) correct and resolvable?
[2023-01-18T23:22:31.036+0000] {conn.py:316} ERROR - DNS lookup failed for 1fc5de99ed78:9092 (AddressFamily.AF_UNSPEC)
[2023-01-18T23:22:31.128+0000] {conn.py:1532} WARNING - DNS lookup failed for 1fc5de99ed78:9092, exception was [Errno -3] Temporary failure in name resolution. Is your advertised.listeners (called advertised.host.name before Kafka 9) correct and resolvable?
[2023-01-18T23:22:31.129+0000] {conn.py:316} ERROR - DNS lookup failed for 1fc5de99ed78:9092 (AddressFamily.AF_UNSPEC)
[2023-01-18T23:22:31.212+0000] {conn.py:1532} WARNING - DNS lookup failed for 1fc5de99ed78:9092, exception was [Errno -3] Temporary failure in name resolution. Is your advertised.listeners (called advertised.host.name before Kafka 9) correct and resolvable?
[2023-01-18T23:22:31.212+0000] {conn.py:316} ERROR - DNS lookup failed for 1fc5de99ed78:9092 (AddressFamily.AF_UNSPEC)
[2023-01-18T23:22:31.295+0000] {conn.py:1532} WARNING - DNS lookup failed for 1fc5de99ed78:9092, exception was [Errno -3] Temporary failure in name resolution. Is your advertised.listeners (called advertised.host.name before Kafka 9) correct and resolvable?
[2023-01-18T23:22:31.295+0000] {conn.py:316} ERROR - DNS lookup failed for 1fc5de99ed78:9092 (AddressFamily.AF_UNSPEC)
[2023-01-18T23:22:31.381+0000] {conn.py:1532} WARNING - DNS lookup failed for 1fc5de99ed78:9092, exception was [Errno -3] Temporary failure in name resolution. Is your advertised.listeners (called advertised.host.name before Kafka 9) correct and resolvable?
[2023-01-18T23:22:31.381+0000] {conn.py:316} ERROR - DNS lookup failed for 1fc5de99ed78:9092 (AddressFamily.AF_UNSPEC)
[2023-01-18T23:22:31.465+0000] {conn.py:1532} WARNING - DNS lookup failed for 1fc5de99ed78:9092, exception was [Errno -3] Temporary failure in name resolution. Is your advertised.listeners (called advertised.host.name before Kafka 9) correct and resolvable?
[2023-01-18T23:22:31.465+0000] {conn.py:316} ERROR - DNS lookup failed for 1fc5de99ed78:9092 (AddressFamily.AF_UNSPEC)
[2023-01-18T23:22:31.558+0000] {conn.py:1532} WARNING - DNS lookup failed for 1fc5de99ed78:9092, exception was [Errno -3] Temporary failure in name resolution. Is your advertised.listeners (called advertised.host.name before Kafka 9) correct and resolvable?
[2023-01-18T23:22:31.558+0000] {conn.py:316} ERROR - DNS lookup failed for 1fc5de99ed78:9092 (AddressFamily.AF_UNSPEC)
[2023-01-18T23:22:31.639+0000] {conn.py:1532} WARNING - DNS lookup failed for 1fc5de99ed78:9092, exception was [Errno -3] Temporary failure in name resolution. Is your advertised.listeners (called advertised.host.name before Kafka 9) correct and resolvable?
[2023-01-18T23:22:31.640+0000] {conn.py:316} ERROR - DNS lookup failed for 1fc5de99ed78:9092 (AddressFamily.AF_UNSPEC)
[2023-01-18T23:22:31.725+0000] {conn.py:1532} WARNING - DNS lookup failed for 1fc5de99ed78:9092, exception was [Errno -3] Temporary failure in name resolution. Is your advertised.listeners (called advertised.host.name before Kafka 9) correct and resolvable?
[2023-01-18T23:22:31.725+0000] {conn.py:316} ERROR - DNS lookup failed for 1fc5de99ed78:9092 (AddressFamily.AF_UNSPEC)
[2023-01-18T23:22:31.809+0000] {conn.py:1532} WARNING - DNS lookup failed for 1fc5de99ed78:9092, exception was [Errno -3] Temporary failure in name resolution. Is your advertised.listeners (called advertised.host.name before Kafka 9) correct and resolvable?
[2023-01-18T23:22:31.810+0000] {conn.py:316} ERROR - DNS lookup failed for 1fc5de99ed78:9092 (AddressFamily.AF_UNSPEC)
[2023-01-18T23:22:31.893+0000] {conn.py:1532} WARNING - DNS lookup failed for 1fc5de99ed78:9092, exception was [Errno -3] Temporary failure in name resolution. Is your advertised.listeners (called advertised.host.name before Kafka 9) correct and resolvable?
[2023-01-18T23:22:31.894+0000] {conn.py:316} ERROR - DNS lookup failed for 1fc5de99ed78:9092 (AddressFamily.AF_UNSPEC)
[2023-01-18T23:22:31.977+0000] {conn.py:1532} WARNING - DNS lookup failed for 1fc5de99ed78:9092, exception was [Errno -3] Temporary failure in name resolution. Is your advertised.listeners (called advertised.host.name before Kafka 9) correct and resolvable?
[2023-01-18T23:22:31.977+0000] {conn.py:316} ERROR - DNS lookup failed for 1fc5de99ed78:9092 (AddressFamily.AF_UNSPEC)
[2023-01-18T23:22:32.058+0000] {conn.py:1532} WARNING - DNS lookup failed for 1fc5de99ed78:9092, exception was [Errno -3] Temporary failure in name resolution. Is your advertised.listeners (called advertised.host.name before Kafka 9) correct and resolvable?
[2023-01-18T23:22:32.059+0000] {conn.py:316} ERROR - DNS lookup failed for 1fc5de99ed78:9092 (AddressFamily.AF_UNSPEC)
[2023-01-18T23:22:32.140+0000] {conn.py:1532} WARNING - DNS lookup failed for 1fc5de99ed78:9092, exception was [Errno -3] Temporary failure in name resolution. Is your advertised.listeners (called advertised.host.name before Kafka 9) correct and resolvable?
[2023-01-18T23:22:32.140+0000] {conn.py:316} ERROR - DNS lookup failed for 1fc5de99ed78:9092 (AddressFamily.AF_UNSPEC)
[2023-01-18T23:22:32.228+0000] {conn.py:1532} WARNING - DNS lookup failed for 1fc5de99ed78:9092, exception was [Errno -3] Temporary failure in name resolution. Is your advertised.listeners (called advertised.host.name before Kafka 9) correct and resolvable?
[2023-01-18T23:22:32.228+0000] {conn.py:316} ERROR - DNS lookup failed for 1fc5de99ed78:9092 (AddressFamily.AF_UNSPEC)
[2023-01-18T23:22:32.308+0000] {conn.py:1532} WARNING - DNS lookup failed for 1fc5de99ed78:9092, exception was [Errno -3] Temporary failure in name resolution. Is your advertised.listeners (called advertised.host.name before Kafka 9) correct and resolvable?
[2023-01-18T23:22:32.308+0000] {conn.py:316} ERROR - DNS lookup failed for 1fc5de99ed78:9092 (AddressFamily.AF_UNSPEC)
[2023-01-18T23:22:32.387+0000] {conn.py:1532} WARNING - DNS lookup failed for 1fc5de99ed78:9092, exception was [Errno -3] Temporary failure in name resolution. Is your advertised.listeners (called advertised.host.name before Kafka 9) correct and resolvable?
[2023-01-18T23:22:32.388+0000] {conn.py:316} ERROR - DNS lookup failed for 1fc5de99ed78:9092 (AddressFamily.AF_UNSPEC)
[2023-01-18T23:22:32.471+0000] {conn.py:1532} WARNING - DNS lookup failed for 1fc5de99ed78:9092, exception was [Errno -3] Temporary failure in name resolution. Is your advertised.listeners (called advertised.host.name before Kafka 9) correct and resolvable?
[2023-01-18T23:22:32.472+0000] {conn.py:316} ERROR - DNS lookup failed for 1fc5de99ed78:9092 (AddressFamily.AF_UNSPEC)
[2023-01-18T23:22:32.557+0000] {conn.py:1532} WARNING - DNS lookup failed for 1fc5de99ed78:9092, exception was [Errno -3] Temporary failure in name resolution. Is your advertised.listeners (called advertised.host.name before Kafka 9) correct and resolvable?
[2023-01-18T23:22:32.557+0000] {conn.py:316} ERROR - DNS lookup failed for 1fc5de99ed78:9092 (AddressFamily.AF_UNSPEC)
[2023-01-18T23:22:32.636+0000] {conn.py:1532} WARNING - DNS lookup failed for 1fc5de99ed78:9092, exception was [Errno -3] Temporary failure in name resolution. Is your advertised.listeners (called advertised.host.name before Kafka 9) correct and resolvable?
[2023-01-18T23:22:32.636+0000] {conn.py:316} ERROR - DNS lookup failed for 1fc5de99ed78:9092 (AddressFamily.AF_UNSPEC)
[2023-01-18T23:22:32.714+0000] {conn.py:1532} WARNING - DNS lookup failed for 1fc5de99ed78:9092, exception was [Errno -3] Temporary failure in name resolution. Is your advertised.listeners (called advertised.host.name before Kafka 9) correct and resolvable?
[2023-01-18T23:22:32.715+0000] {conn.py:316} ERROR - DNS lookup failed for 1fc5de99ed78:9092 (AddressFamily.AF_UNSPEC)
[2023-01-18T23:22:32.796+0000] {conn.py:1532} WARNING - DNS lookup failed for 1fc5de99ed78:9092, exception was [Errno -3] Temporary failure in name resolution. Is your advertised.listeners (called advertised.host.name before Kafka 9) correct and resolvable?
[2023-01-18T23:22:32.796+0000] {conn.py:316} ERROR - DNS lookup failed for 1fc5de99ed78:9092 (AddressFamily.AF_UNSPEC)
[2023-01-18T23:22:32.876+0000] {conn.py:1532} WARNING - DNS lookup failed for 1fc5de99ed78:9092, exception was [Errno -3] Temporary failure in name resolution. Is your advertised.listeners (called advertised.host.name before Kafka 9) correct and resolvable?
[2023-01-18T23:22:32.876+0000] {conn.py:316} ERROR - DNS lookup failed for 1fc5de99ed78:9092 (AddressFamily.AF_UNSPEC)
[2023-01-18T23:22:32.955+0000] {conn.py:1532} WARNING - DNS lookup failed for 1fc5de99ed78:9092, exception was [Errno -3] Temporary failure in name resolution. Is your advertised.listeners (called advertised.host.name before Kafka 9) correct and resolvable?
[2023-01-18T23:22:32.955+0000] {conn.py:316} ERROR - DNS lookup failed for 1fc5de99ed78:9092 (AddressFamily.AF_UNSPEC)
[2023-01-18T23:22:33.034+0000] {conn.py:1532} WARNING - DNS lookup failed for 1fc5de99ed78:9092, exception was [Errno -3] Temporary failure in name resolution. Is your advertised.listeners (called advertised.host.name before Kafka 9) correct and resolvable?
[2023-01-18T23:22:33.034+0000] {conn.py:316} ERROR - DNS lookup failed for 1fc5de99ed78:9092 (AddressFamily.AF_UNSPEC)
[2023-01-18T23:22:33.107+0000] {local_task_job.py:224} WARNING - State of this instance has been externally set to up_for_retry. Terminating instance.
[2023-01-18T23:22:33.108+0000] {process_utils.py:133} INFO - Sending Signals.SIGTERM to group 116. PIDs of all processes in the group: [116]
[2023-01-18T23:22:33.109+0000] {process_utils.py:84} INFO - Sending the signal Signals.SIGTERM to group 116
[2023-01-18T23:22:33.109+0000] {taskinstance.py:1483} ERROR - Received SIGTERM. Terminating subprocesses.
[2023-01-18T23:22:33.114+0000] {conn.py:1532} WARNING - DNS lookup failed for 1fc5de99ed78:9092, exception was [Errno -3] Temporary failure in name resolution. Is your advertised.listeners (called advertised.host.name before Kafka 9) correct and resolvable?
[2023-01-18T23:22:33.115+0000] {conn.py:316} ERROR - DNS lookup failed for 1fc5de99ed78:9092 (AddressFamily.AF_UNSPEC)
[2023-01-18T23:22:33.116+0000] {taskinstance.py:1772} ERROR - Task failed with exception
Traceback (most recent call last):
  File "/home/airflow/.local/lib/python3.7/site-packages/airflow/operators/python.py", line 175, in execute
    return_value = self.execute_callable()
  File "/home/airflow/.local/lib/python3.7/site-packages/airflow/operators/python.py", line 192, in execute_callable
    return self.python_callable(*self.op_args, **self.op_kwargs)
  File "/opt/airflow/dags/producer_dag.py", line 41, in runKafkaProducer
    producer.send('myTopic', data)
  File "/home/airflow/.local/lib/python3.7/site-packages/kafka/producer/kafka.py", line 576, in send
    self._wait_on_metadata(topic, self.config['max_block_ms'] / 1000.0)
  File "/home/airflow/.local/lib/python3.7/site-packages/kafka/producer/kafka.py", line 699, in _wait_on_metadata
    metadata_event.wait(max_wait - elapsed)
  File "/usr/local/lib/python3.7/threading.py", line 552, in wait
    signaled = self._cond.wait(timeout)
  File "/usr/local/lib/python3.7/threading.py", line 300, in wait
    gotit = waiter.acquire(True, timeout)
  File "/home/airflow/.local/lib/python3.7/site-packages/airflow/models/taskinstance.py", line 1485, in signal_handler
    raise AirflowException("Task received SIGTERM signal")
airflow.exceptions.AirflowException: Task received SIGTERM signal
[2023-01-18T23:22:33.119+0000] {taskinstance.py:1327} INFO - Marking task as UP_FOR_RETRY. dag_id=Kafka_consumer, task_id=producer, execution_date=20230118T223323, start_date=20230118T232222, end_date=20230118T232233
[2023-01-18T23:22:33.130+0000] {standard_task_runner.py:105} ERROR - Failed to execute job 114 for task producer (Task received SIGTERM signal; 116)
[2023-01-18T23:22:33.161+0000] {process_utils.py:79} INFO - Process psutil.Process(pid=116, status='terminated', exitcode=1, started='23:22:22') (116) terminated with exit code 1
