[2023-01-31T20:24:14.345+0000] {taskinstance.py:1087} INFO - Dependencies all met for <TaskInstance: Streaming_pipeline_meli.Status_info_postgres manual__2023-01-31T16:01:06.868325+00:00 [queued]>
[2023-01-31T20:24:14.354+0000] {taskinstance.py:1087} INFO - Dependencies all met for <TaskInstance: Streaming_pipeline_meli.Status_info_postgres manual__2023-01-31T16:01:06.868325+00:00 [queued]>
[2023-01-31T20:24:14.354+0000] {taskinstance.py:1283} INFO - 
--------------------------------------------------------------------------------
[2023-01-31T20:24:14.355+0000] {taskinstance.py:1284} INFO - Starting attempt 23 of 28
[2023-01-31T20:24:14.355+0000] {taskinstance.py:1285} INFO - 
--------------------------------------------------------------------------------
[2023-01-31T20:24:14.368+0000] {taskinstance.py:1304} INFO - Executing <Task(PythonOperator): Status_info_postgres> on 2023-01-31 16:01:06.868325+00:00
[2023-01-31T20:24:14.371+0000] {standard_task_runner.py:55} INFO - Started process 20961 to run task
[2023-01-31T20:24:14.374+0000] {standard_task_runner.py:82} INFO - Running: ['***', 'tasks', 'run', 'Streaming_pipeline_meli', 'Status_info_postgres', 'manual__2023-01-31T16:01:06.868325+00:00', '--job-id', '1327', '--raw', '--subdir', 'DAGS_FOLDER/streamPipeline.py', '--cfg-path', '/tmp/tmp3qogdww5']
[2023-01-31T20:24:14.374+0000] {standard_task_runner.py:83} INFO - Job 1327: Subtask Status_info_postgres
[2023-01-31T20:24:14.424+0000] {task_command.py:389} INFO - Running <TaskInstance: Streaming_pipeline_meli.Status_info_postgres manual__2023-01-31T16:01:06.868325+00:00 [running]> on host 15c99fd3082a
[2023-01-31T20:24:14.490+0000] {taskinstance.py:1513} INFO - Exporting the following env vars:
AIRFLOW_CTX_DAG_OWNER=***
AIRFLOW_CTX_DAG_ID=Streaming_pipeline_meli
AIRFLOW_CTX_TASK_ID=Status_info_postgres
AIRFLOW_CTX_EXECUTION_DATE=2023-01-31T16:01:06.868325+00:00
AIRFLOW_CTX_TRY_NUMBER=23
AIRFLOW_CTX_DAG_RUN_ID=manual__2023-01-31T16:01:06.868325+00:00
[2023-01-31T20:24:14.491+0000] {postgresStatus.py:7} INFO - Conexion exitosa a la base de datos de aws rds: meliAnalytics
[2023-01-31T20:24:15.711+0000] {logging_mixin.py:137} INFO - <connection object at 0x7f12f078a590; dsn: 'user=postgres password=xxx dbname=meliAnalytics host=mydatabase.cnfp6axcdse9.us-east-1.rds.amazonaws.com port=5432', closed: 0>
[2023-01-31T20:24:15.712+0000] {python.py:177} INFO - Done. Returned value was: None
[2023-01-31T20:24:15.746+0000] {taskinstance.py:1327} INFO - Marking task as SUCCESS. dag_id=Streaming_pipeline_meli, task_id=Status_info_postgres, execution_date=20230131T160106, start_date=20230131T202414, end_date=20230131T202415
[2023-01-31T20:24:15.789+0000] {local_task_job.py:159} INFO - Task exited with return code 0
[2023-01-31T20:24:15.818+0000] {taskinstance.py:2582} INFO - 1 downstream tasks scheduled from follow-on schedule check
