[2023-01-31T19:42:19.316+0000] {taskinstance.py:1087} INFO - Dependencies all met for <TaskInstance: Streaming_pipeline_meli.Status_info_postgres manual__2023-01-31T16:01:06.868325+00:00 [queued]>
[2023-01-31T19:42:19.326+0000] {taskinstance.py:1087} INFO - Dependencies all met for <TaskInstance: Streaming_pipeline_meli.Status_info_postgres manual__2023-01-31T16:01:06.868325+00:00 [queued]>
[2023-01-31T19:42:19.326+0000] {taskinstance.py:1283} INFO - 
--------------------------------------------------------------------------------
[2023-01-31T19:42:19.329+0000] {taskinstance.py:1284} INFO - Starting attempt 20 of 25
[2023-01-31T19:42:19.329+0000] {taskinstance.py:1285} INFO - 
--------------------------------------------------------------------------------
[2023-01-31T19:42:19.346+0000] {taskinstance.py:1304} INFO - Executing <Task(PythonOperator): Status_info_postgres> on 2023-01-31 16:01:06.868325+00:00
[2023-01-31T19:42:19.351+0000] {standard_task_runner.py:55} INFO - Started process 18386 to run task
[2023-01-31T19:42:19.355+0000] {standard_task_runner.py:82} INFO - Running: ['***', 'tasks', 'run', 'Streaming_pipeline_meli', 'Status_info_postgres', 'manual__2023-01-31T16:01:06.868325+00:00', '--job-id', '1313', '--raw', '--subdir', 'DAGS_FOLDER/streamPipeline.py', '--cfg-path', '/tmp/tmpe9djns3p']
[2023-01-31T19:42:19.356+0000] {standard_task_runner.py:83} INFO - Job 1313: Subtask Status_info_postgres
[2023-01-31T19:42:19.417+0000] {task_command.py:389} INFO - Running <TaskInstance: Streaming_pipeline_meli.Status_info_postgres manual__2023-01-31T16:01:06.868325+00:00 [running]> on host 15c99fd3082a
[2023-01-31T19:42:19.493+0000] {taskinstance.py:1513} INFO - Exporting the following env vars:
AIRFLOW_CTX_DAG_OWNER=***
AIRFLOW_CTX_DAG_ID=Streaming_pipeline_meli
AIRFLOW_CTX_TASK_ID=Status_info_postgres
AIRFLOW_CTX_EXECUTION_DATE=2023-01-31T16:01:06.868325+00:00
AIRFLOW_CTX_TRY_NUMBER=20
AIRFLOW_CTX_DAG_RUN_ID=manual__2023-01-31T16:01:06.868325+00:00
[2023-01-31T19:42:19.494+0000] {taskinstance.py:1772} ERROR - Task failed with exception
Traceback (most recent call last):
  File "/home/airflow/.local/lib/python3.7/site-packages/airflow/operators/python.py", line 175, in execute
    return_value = self.execute_callable()
  File "/home/airflow/.local/lib/python3.7/site-packages/airflow/operators/python.py", line 192, in execute_callable
    return self.python_callable(*self.op_args, **self.op_kwargs)
TypeError: statusPostgres() missing 1 required positional argument: 'database'
[2023-01-31T19:42:19.500+0000] {taskinstance.py:1327} INFO - Marking task as UP_FOR_RETRY. dag_id=Streaming_pipeline_meli, task_id=Status_info_postgres, execution_date=20230131T160106, start_date=20230131T194219, end_date=20230131T194219
[2023-01-31T19:42:19.511+0000] {standard_task_runner.py:105} ERROR - Failed to execute job 1313 for task Status_info_postgres (statusPostgres() missing 1 required positional argument: 'database'; 18386)
[2023-01-31T19:42:19.527+0000] {local_task_job.py:159} INFO - Task exited with return code 1
[2023-01-31T19:42:19.553+0000] {taskinstance.py:2582} INFO - 0 downstream tasks scheduled from follow-on schedule check
