[2023-02-08T20:20:20.328+0000] {taskinstance.py:1087} INFO - Dependencies all met for <TaskInstance: Streaming_pipeline_meli.consumer_data_of_topic manual__2023-02-08T20:20:17.910521+00:00 [queued]>
[2023-02-08T20:20:20.344+0000] {taskinstance.py:1087} INFO - Dependencies all met for <TaskInstance: Streaming_pipeline_meli.consumer_data_of_topic manual__2023-02-08T20:20:17.910521+00:00 [queued]>
[2023-02-08T20:20:20.344+0000] {taskinstance.py:1283} INFO - 
--------------------------------------------------------------------------------
[2023-02-08T20:20:20.344+0000] {taskinstance.py:1284} INFO - Starting attempt 1 of 6
[2023-02-08T20:20:20.344+0000] {taskinstance.py:1285} INFO - 
--------------------------------------------------------------------------------
[2023-02-08T20:20:20.357+0000] {taskinstance.py:1304} INFO - Executing <Task(SparkSubmitOperator): consumer_data_of_topic> on 2023-02-08 20:20:17.910521+00:00
[2023-02-08T20:20:20.362+0000] {standard_task_runner.py:55} INFO - Started process 4473 to run task
[2023-02-08T20:20:20.365+0000] {standard_task_runner.py:82} INFO - Running: ['***', 'tasks', 'run', 'Streaming_pipeline_meli', 'consumer_data_of_topic', 'manual__2023-02-08T20:20:17.910521+00:00', '--job-id', '1411', '--raw', '--subdir', 'DAGS_FOLDER/streamPipeline.py', '--cfg-path', '/tmp/tmpmu4sr7la']
[2023-02-08T20:20:20.366+0000] {standard_task_runner.py:83} INFO - Job 1411: Subtask consumer_data_of_topic
[2023-02-08T20:20:20.433+0000] {task_command.py:389} INFO - Running <TaskInstance: Streaming_pipeline_meli.consumer_data_of_topic manual__2023-02-08T20:20:17.910521+00:00 [running]> on host b55acaa82944
[2023-02-08T20:20:20.508+0000] {taskinstance.py:1513} INFO - Exporting the following env vars:
AIRFLOW_CTX_DAG_OWNER=***
AIRFLOW_CTX_DAG_ID=Streaming_pipeline_meli
AIRFLOW_CTX_TASK_ID=consumer_data_of_topic
AIRFLOW_CTX_EXECUTION_DATE=2023-02-08T20:20:17.910521+00:00
AIRFLOW_CTX_TRY_NUMBER=1
AIRFLOW_CTX_DAG_RUN_ID=manual__2023-02-08T20:20:17.910521+00:00
[2023-02-08T20:20:20.516+0000] {base.py:73} INFO - Using connection ID 'spark_default' for task execution.
[2023-02-08T20:20:20.517+0000] {spark_submit.py:344} INFO - Spark-Submit cmd: spark-submit --master spark://tomi-H310:7077 --packages org.apache.spark:spark-sql-kafka-0-10_2.12:3.1.3,org.mongodb.spark:mongo-spark-connector_2.12:3.0.1 --name arrow-spark --queue root.default /opt/***/dags/consumerSpark.py
[2023-02-08T20:20:20.615+0000] {spark_submit.py:495} INFO - /home/***/.local/lib/python3.7/site-packages/pyspark/bin/load-spark-env.sh: line 68: ps: command not found
[2023-02-08T20:20:22.096+0000] {spark_submit.py:495} INFO - :: loading settings :: url = jar:file:/home/***/.local/lib/python3.7/site-packages/pyspark/jars/ivy-2.5.0.jar!/org/apache/ivy/core/settings/ivysettings.xml
[2023-02-08T20:20:22.155+0000] {spark_submit.py:495} INFO - Ivy Default Cache set to: /home/***/.ivy2/cache
[2023-02-08T20:20:22.155+0000] {spark_submit.py:495} INFO - The jars for the packages stored in: /home/***/.ivy2/jars
[2023-02-08T20:20:22.160+0000] {spark_submit.py:495} INFO - org.apache.spark#spark-sql-kafka-0-10_2.12 added as a dependency
[2023-02-08T20:20:22.160+0000] {spark_submit.py:495} INFO - org.mongodb.spark#mongo-spark-connector_2.12 added as a dependency
[2023-02-08T20:20:22.161+0000] {spark_submit.py:495} INFO - :: resolving dependencies :: org.apache.spark#spark-submit-parent-20bcac91-1f1b-43a3-ba0c-afb8ff887a62;1.0
[2023-02-08T20:20:22.161+0000] {spark_submit.py:495} INFO - confs: [default]
[2023-02-08T20:20:22.315+0000] {spark_submit.py:495} INFO - found org.apache.spark#spark-sql-kafka-0-10_2.12;3.1.3 in central
[2023-02-08T20:20:22.363+0000] {spark_submit.py:495} INFO - found org.apache.spark#spark-token-provider-kafka-0-10_2.12;3.1.3 in central
[2023-02-08T20:20:22.384+0000] {spark_submit.py:495} INFO - found org.apache.kafka#kafka-clients;2.6.0 in central
[2023-02-08T20:20:22.405+0000] {spark_submit.py:495} INFO - found com.github.luben#zstd-jni;1.4.8-1 in central
[2023-02-08T20:20:22.420+0000] {spark_submit.py:495} INFO - found org.lz4#lz4-java;1.7.1 in central
[2023-02-08T20:20:22.435+0000] {spark_submit.py:495} INFO - found org.xerial.snappy#snappy-java;1.1.8.2 in central
[2023-02-08T20:20:22.449+0000] {spark_submit.py:495} INFO - found org.slf4j#slf4j-api;1.7.30 in central
[2023-02-08T20:20:22.460+0000] {spark_submit.py:495} INFO - found org.spark-project.spark#unused;1.0.0 in central
[2023-02-08T20:20:22.472+0000] {spark_submit.py:495} INFO - found org.apache.commons#commons-pool2;2.6.2 in central
[2023-02-08T20:20:22.482+0000] {spark_submit.py:495} INFO - found org.mongodb.spark#mongo-spark-connector_2.12;3.0.1 in central
[2023-02-08T20:20:22.490+0000] {spark_submit.py:495} INFO - found org.mongodb#mongodb-driver-sync;4.0.5 in central
[2023-02-08T20:20:22.498+0000] {spark_submit.py:495} INFO - found org.mongodb#bson;4.0.5 in central
[2023-02-08T20:20:22.507+0000] {spark_submit.py:495} INFO - found org.mongodb#mongodb-driver-core;4.0.5 in central
[2023-02-08T20:20:22.529+0000] {spark_submit.py:495} INFO - :: resolution report :: resolve 357ms :: artifacts dl 10ms
[2023-02-08T20:20:22.529+0000] {spark_submit.py:495} INFO - :: modules in use:
[2023-02-08T20:20:22.529+0000] {spark_submit.py:495} INFO - com.github.luben#zstd-jni;1.4.8-1 from central in [default]
[2023-02-08T20:20:22.529+0000] {spark_submit.py:495} INFO - org.apache.commons#commons-pool2;2.6.2 from central in [default]
[2023-02-08T20:20:22.529+0000] {spark_submit.py:495} INFO - org.apache.kafka#kafka-clients;2.6.0 from central in [default]
[2023-02-08T20:20:22.529+0000] {spark_submit.py:495} INFO - org.apache.spark#spark-sql-kafka-0-10_2.12;3.1.3 from central in [default]
[2023-02-08T20:20:22.529+0000] {spark_submit.py:495} INFO - org.apache.spark#spark-token-provider-kafka-0-10_2.12;3.1.3 from central in [default]
[2023-02-08T20:20:22.529+0000] {spark_submit.py:495} INFO - org.lz4#lz4-java;1.7.1 from central in [default]
[2023-02-08T20:20:22.529+0000] {spark_submit.py:495} INFO - org.mongodb#bson;4.0.5 from central in [default]
[2023-02-08T20:20:22.529+0000] {spark_submit.py:495} INFO - org.mongodb#mongodb-driver-core;4.0.5 from central in [default]
[2023-02-08T20:20:22.529+0000] {spark_submit.py:495} INFO - org.mongodb#mongodb-driver-sync;4.0.5 from central in [default]
[2023-02-08T20:20:22.530+0000] {spark_submit.py:495} INFO - org.mongodb.spark#mongo-spark-connector_2.12;3.0.1 from central in [default]
[2023-02-08T20:20:22.530+0000] {spark_submit.py:495} INFO - org.slf4j#slf4j-api;1.7.30 from central in [default]
[2023-02-08T20:20:22.531+0000] {spark_submit.py:495} INFO - org.spark-project.spark#unused;1.0.0 from central in [default]
[2023-02-08T20:20:22.531+0000] {spark_submit.py:495} INFO - org.xerial.snappy#snappy-java;1.1.8.2 from central in [default]
[2023-02-08T20:20:22.532+0000] {spark_submit.py:495} INFO - ---------------------------------------------------------------------
[2023-02-08T20:20:22.532+0000] {spark_submit.py:495} INFO - |                  |            modules            ||   artifacts   |
[2023-02-08T20:20:22.532+0000] {spark_submit.py:495} INFO - |       conf       | number| search|dwnlded|evicted|| number|dwnlded|
[2023-02-08T20:20:22.532+0000] {spark_submit.py:495} INFO - ---------------------------------------------------------------------
[2023-02-08T20:20:22.533+0000] {spark_submit.py:495} INFO - |      default     |   13  |   0   |   0   |   0   ||   13  |   0   |
[2023-02-08T20:20:22.533+0000] {spark_submit.py:495} INFO - ---------------------------------------------------------------------
[2023-02-08T20:20:22.534+0000] {spark_submit.py:495} INFO - :: retrieving :: org.apache.spark#spark-submit-parent-20bcac91-1f1b-43a3-ba0c-afb8ff887a62
[2023-02-08T20:20:22.534+0000] {spark_submit.py:495} INFO - confs: [default]
[2023-02-08T20:20:22.540+0000] {spark_submit.py:495} INFO - 0 artifacts copied, 13 already retrieved (0kB/6ms)
[2023-02-08T20:20:22.727+0000] {spark_submit.py:495} INFO - 23/02/08 20:20:22 WARN NativeCodeLoader: Unable to load native-hadoop library for your platform... using builtin-java classes where applicable
[2023-02-08T20:20:23.578+0000] {spark_submit.py:495} INFO - 23/02/08 20:20:23 INFO SparkContext: Running Spark version 3.3.1
[2023-02-08T20:20:23.597+0000] {spark_submit.py:495} INFO - 23/02/08 20:20:23 INFO ResourceUtils: ==============================================================
[2023-02-08T20:20:23.597+0000] {spark_submit.py:495} INFO - 23/02/08 20:20:23 INFO ResourceUtils: No custom resources configured for spark.driver.
[2023-02-08T20:20:23.598+0000] {spark_submit.py:495} INFO - 23/02/08 20:20:23 INFO ResourceUtils: ==============================================================
[2023-02-08T20:20:23.598+0000] {spark_submit.py:495} INFO - 23/02/08 20:20:23 INFO SparkContext: Submitted application: arrow-spark
[2023-02-08T20:20:23.615+0000] {spark_submit.py:495} INFO - 23/02/08 20:20:23 INFO ResourceProfile: Default ResourceProfile created, executor resources: Map(cores -> name: cores, amount: 1, script: , vendor: , memory -> name: memory, amount: 1024, script: , vendor: , offHeap -> name: offHeap, amount: 0, script: , vendor: ), task resources: Map(cpus -> name: cpus, amount: 1.0)
[2023-02-08T20:20:23.626+0000] {spark_submit.py:495} INFO - 23/02/08 20:20:23 INFO ResourceProfile: Limiting resource is cpu
[2023-02-08T20:20:23.626+0000] {spark_submit.py:495} INFO - 23/02/08 20:20:23 INFO ResourceProfileManager: Added ResourceProfile id: 0
[2023-02-08T20:20:23.682+0000] {spark_submit.py:495} INFO - 23/02/08 20:20:23 INFO SecurityManager: Changing view acls to: default
[2023-02-08T20:20:23.683+0000] {spark_submit.py:495} INFO - 23/02/08 20:20:23 INFO SecurityManager: Changing modify acls to: default
[2023-02-08T20:20:23.683+0000] {spark_submit.py:495} INFO - 23/02/08 20:20:23 INFO SecurityManager: Changing view acls groups to:
[2023-02-08T20:20:23.683+0000] {spark_submit.py:495} INFO - 23/02/08 20:20:23 INFO SecurityManager: Changing modify acls groups to:
[2023-02-08T20:20:23.684+0000] {spark_submit.py:495} INFO - 23/02/08 20:20:23 INFO SecurityManager: SecurityManager: authentication disabled; ui acls disabled; users  with view permissions: Set(default); groups with view permissions: Set(); users  with modify permissions: Set(default); groups with modify permissions: Set()
[2023-02-08T20:20:23.893+0000] {spark_submit.py:495} INFO - 23/02/08 20:20:23 INFO Utils: Successfully started service 'sparkDriver' on port 43899.
[2023-02-08T20:20:23.922+0000] {spark_submit.py:495} INFO - 23/02/08 20:20:23 INFO SparkEnv: Registering MapOutputTracker
[2023-02-08T20:20:23.950+0000] {spark_submit.py:495} INFO - 23/02/08 20:20:23 INFO SparkEnv: Registering BlockManagerMaster
[2023-02-08T20:20:23.962+0000] {spark_submit.py:495} INFO - 23/02/08 20:20:23 INFO BlockManagerMasterEndpoint: Using org.apache.spark.storage.DefaultTopologyMapper for getting topology information
[2023-02-08T20:20:23.963+0000] {spark_submit.py:495} INFO - 23/02/08 20:20:23 INFO BlockManagerMasterEndpoint: BlockManagerMasterEndpoint up
[2023-02-08T20:20:23.965+0000] {spark_submit.py:495} INFO - 23/02/08 20:20:23 INFO SparkEnv: Registering BlockManagerMasterHeartbeat
[2023-02-08T20:20:23.983+0000] {spark_submit.py:495} INFO - 23/02/08 20:20:23 INFO DiskBlockManager: Created local directory at /tmp/blockmgr-d369e802-3be6-494c-9370-68c2a1685f49
[2023-02-08T20:20:23.996+0000] {spark_submit.py:495} INFO - 23/02/08 20:20:23 INFO MemoryStore: MemoryStore started with capacity 434.4 MiB
[2023-02-08T20:20:24.011+0000] {spark_submit.py:495} INFO - 23/02/08 20:20:24 INFO SparkEnv: Registering OutputCommitCoordinator
[2023-02-08T20:20:24.154+0000] {spark_submit.py:495} INFO - 23/02/08 20:20:24 INFO Utils: Successfully started service 'SparkUI' on port 4040.
[2023-02-08T20:20:24.183+0000] {spark_submit.py:495} INFO - 23/02/08 20:20:24 INFO SparkContext: Added JAR file:///home/***/.ivy2/jars/org.apache.spark_spark-sql-kafka-0-10_2.12-3.1.3.jar at spark://b55acaa82944:43899/jars/org.apache.spark_spark-sql-kafka-0-10_2.12-3.1.3.jar with timestamp 1675887623571
[2023-02-08T20:20:24.184+0000] {spark_submit.py:495} INFO - 23/02/08 20:20:24 INFO SparkContext: Added JAR file:///home/***/.ivy2/jars/org.mongodb.spark_mongo-spark-connector_2.12-3.0.1.jar at spark://b55acaa82944:43899/jars/org.mongodb.spark_mongo-spark-connector_2.12-3.0.1.jar with timestamp 1675887623571
[2023-02-08T20:20:24.184+0000] {spark_submit.py:495} INFO - 23/02/08 20:20:24 INFO SparkContext: Added JAR file:///home/***/.ivy2/jars/org.apache.spark_spark-token-provider-kafka-0-10_2.12-3.1.3.jar at spark://b55acaa82944:43899/jars/org.apache.spark_spark-token-provider-kafka-0-10_2.12-3.1.3.jar with timestamp 1675887623571
[2023-02-08T20:20:24.184+0000] {spark_submit.py:495} INFO - 23/02/08 20:20:24 INFO SparkContext: Added JAR file:///home/***/.ivy2/jars/org.apache.kafka_kafka-clients-2.6.0.jar at spark://b55acaa82944:43899/jars/org.apache.kafka_kafka-clients-2.6.0.jar with timestamp 1675887623571
[2023-02-08T20:20:24.184+0000] {spark_submit.py:495} INFO - 23/02/08 20:20:24 INFO SparkContext: Added JAR file:///home/***/.ivy2/jars/org.apache.commons_commons-pool2-2.6.2.jar at spark://b55acaa82944:43899/jars/org.apache.commons_commons-pool2-2.6.2.jar with timestamp 1675887623571
[2023-02-08T20:20:24.184+0000] {spark_submit.py:495} INFO - 23/02/08 20:20:24 INFO SparkContext: Added JAR file:///home/***/.ivy2/jars/org.spark-project.spark_unused-1.0.0.jar at spark://b55acaa82944:43899/jars/org.spark-project.spark_unused-1.0.0.jar with timestamp 1675887623571
[2023-02-08T20:20:24.184+0000] {spark_submit.py:495} INFO - 23/02/08 20:20:24 INFO SparkContext: Added JAR file:///home/***/.ivy2/jars/com.github.luben_zstd-jni-1.4.8-1.jar at spark://b55acaa82944:43899/jars/com.github.luben_zstd-jni-1.4.8-1.jar with timestamp 1675887623571
[2023-02-08T20:20:24.184+0000] {spark_submit.py:495} INFO - 23/02/08 20:20:24 INFO SparkContext: Added JAR file:///home/***/.ivy2/jars/org.lz4_lz4-java-1.7.1.jar at spark://b55acaa82944:43899/jars/org.lz4_lz4-java-1.7.1.jar with timestamp 1675887623571
[2023-02-08T20:20:24.185+0000] {spark_submit.py:495} INFO - 23/02/08 20:20:24 INFO SparkContext: Added JAR file:///home/***/.ivy2/jars/org.xerial.snappy_snappy-java-1.1.8.2.jar at spark://b55acaa82944:43899/jars/org.xerial.snappy_snappy-java-1.1.8.2.jar with timestamp 1675887623571
[2023-02-08T20:20:24.185+0000] {spark_submit.py:495} INFO - 23/02/08 20:20:24 INFO SparkContext: Added JAR file:///home/***/.ivy2/jars/org.slf4j_slf4j-api-1.7.30.jar at spark://b55acaa82944:43899/jars/org.slf4j_slf4j-api-1.7.30.jar with timestamp 1675887623571
[2023-02-08T20:20:24.185+0000] {spark_submit.py:495} INFO - 23/02/08 20:20:24 INFO SparkContext: Added JAR file:///home/***/.ivy2/jars/org.mongodb_mongodb-driver-sync-4.0.5.jar at spark://b55acaa82944:43899/jars/org.mongodb_mongodb-driver-sync-4.0.5.jar with timestamp 1675887623571
[2023-02-08T20:20:24.185+0000] {spark_submit.py:495} INFO - 23/02/08 20:20:24 INFO SparkContext: Added JAR file:///home/***/.ivy2/jars/org.mongodb_bson-4.0.5.jar at spark://b55acaa82944:43899/jars/org.mongodb_bson-4.0.5.jar with timestamp 1675887623571
[2023-02-08T20:20:24.185+0000] {spark_submit.py:495} INFO - 23/02/08 20:20:24 INFO SparkContext: Added JAR file:///home/***/.ivy2/jars/org.mongodb_mongodb-driver-core-4.0.5.jar at spark://b55acaa82944:43899/jars/org.mongodb_mongodb-driver-core-4.0.5.jar with timestamp 1675887623571
[2023-02-08T20:20:24.187+0000] {spark_submit.py:495} INFO - 23/02/08 20:20:24 INFO SparkContext: Added file file:///home/***/.ivy2/jars/org.apache.spark_spark-sql-kafka-0-10_2.12-3.1.3.jar at file:///home/***/.ivy2/jars/org.apache.spark_spark-sql-kafka-0-10_2.12-3.1.3.jar with timestamp 1675887623571
[2023-02-08T20:20:24.188+0000] {spark_submit.py:495} INFO - 23/02/08 20:20:24 INFO Utils: Copying /home/***/.ivy2/jars/org.apache.spark_spark-sql-kafka-0-10_2.12-3.1.3.jar to /tmp/spark-fcc7a3f9-8ae4-4e5d-a852-40329a6e60f7/userFiles-610696bc-8bb2-4d9a-84eb-98e51017d481/org.apache.spark_spark-sql-kafka-0-10_2.12-3.1.3.jar
[2023-02-08T20:20:24.201+0000] {spark_submit.py:495} INFO - 23/02/08 20:20:24 INFO SparkContext: Added file file:///home/***/.ivy2/jars/org.mongodb.spark_mongo-spark-connector_2.12-3.0.1.jar at file:///home/***/.ivy2/jars/org.mongodb.spark_mongo-spark-connector_2.12-3.0.1.jar with timestamp 1675887623571
[2023-02-08T20:20:24.202+0000] {spark_submit.py:495} INFO - 23/02/08 20:20:24 INFO Utils: Copying /home/***/.ivy2/jars/org.mongodb.spark_mongo-spark-connector_2.12-3.0.1.jar to /tmp/spark-fcc7a3f9-8ae4-4e5d-a852-40329a6e60f7/userFiles-610696bc-8bb2-4d9a-84eb-98e51017d481/org.mongodb.spark_mongo-spark-connector_2.12-3.0.1.jar
[2023-02-08T20:20:24.208+0000] {spark_submit.py:495} INFO - 23/02/08 20:20:24 INFO SparkContext: Added file file:///home/***/.ivy2/jars/org.apache.spark_spark-token-provider-kafka-0-10_2.12-3.1.3.jar at file:///home/***/.ivy2/jars/org.apache.spark_spark-token-provider-kafka-0-10_2.12-3.1.3.jar with timestamp 1675887623571
[2023-02-08T20:20:24.208+0000] {spark_submit.py:495} INFO - 23/02/08 20:20:24 INFO Utils: Copying /home/***/.ivy2/jars/org.apache.spark_spark-token-provider-kafka-0-10_2.12-3.1.3.jar to /tmp/spark-fcc7a3f9-8ae4-4e5d-a852-40329a6e60f7/userFiles-610696bc-8bb2-4d9a-84eb-98e51017d481/org.apache.spark_spark-token-provider-kafka-0-10_2.12-3.1.3.jar
[2023-02-08T20:20:24.221+0000] {spark_submit.py:495} INFO - 23/02/08 20:20:24 INFO SparkContext: Added file file:///home/***/.ivy2/jars/org.apache.kafka_kafka-clients-2.6.0.jar at file:///home/***/.ivy2/jars/org.apache.kafka_kafka-clients-2.6.0.jar with timestamp 1675887623571
[2023-02-08T20:20:24.223+0000] {spark_submit.py:495} INFO - 23/02/08 20:20:24 INFO Utils: Copying /home/***/.ivy2/jars/org.apache.kafka_kafka-clients-2.6.0.jar to /tmp/spark-fcc7a3f9-8ae4-4e5d-a852-40329a6e60f7/userFiles-610696bc-8bb2-4d9a-84eb-98e51017d481/org.apache.kafka_kafka-clients-2.6.0.jar
[2023-02-08T20:20:24.229+0000] {spark_submit.py:495} INFO - 23/02/08 20:20:24 INFO SparkContext: Added file file:///home/***/.ivy2/jars/org.apache.commons_commons-pool2-2.6.2.jar at file:///home/***/.ivy2/jars/org.apache.commons_commons-pool2-2.6.2.jar with timestamp 1675887623571
[2023-02-08T20:20:24.229+0000] {spark_submit.py:495} INFO - 23/02/08 20:20:24 INFO Utils: Copying /home/***/.ivy2/jars/org.apache.commons_commons-pool2-2.6.2.jar to /tmp/spark-fcc7a3f9-8ae4-4e5d-a852-40329a6e60f7/userFiles-610696bc-8bb2-4d9a-84eb-98e51017d481/org.apache.commons_commons-pool2-2.6.2.jar
[2023-02-08T20:20:24.235+0000] {spark_submit.py:495} INFO - 23/02/08 20:20:24 INFO SparkContext: Added file file:///home/***/.ivy2/jars/org.spark-project.spark_unused-1.0.0.jar at file:///home/***/.ivy2/jars/org.spark-project.spark_unused-1.0.0.jar with timestamp 1675887623571
[2023-02-08T20:20:24.236+0000] {spark_submit.py:495} INFO - 23/02/08 20:20:24 INFO Utils: Copying /home/***/.ivy2/jars/org.spark-project.spark_unused-1.0.0.jar to /tmp/spark-fcc7a3f9-8ae4-4e5d-a852-40329a6e60f7/userFiles-610696bc-8bb2-4d9a-84eb-98e51017d481/org.spark-project.spark_unused-1.0.0.jar
[2023-02-08T20:20:24.239+0000] {spark_submit.py:495} INFO - 23/02/08 20:20:24 INFO SparkContext: Added file file:///home/***/.ivy2/jars/com.github.luben_zstd-jni-1.4.8-1.jar at file:///home/***/.ivy2/jars/com.github.luben_zstd-jni-1.4.8-1.jar with timestamp 1675887623571
[2023-02-08T20:20:24.239+0000] {spark_submit.py:495} INFO - 23/02/08 20:20:24 INFO Utils: Copying /home/***/.ivy2/jars/com.github.luben_zstd-jni-1.4.8-1.jar to /tmp/spark-fcc7a3f9-8ae4-4e5d-a852-40329a6e60f7/userFiles-610696bc-8bb2-4d9a-84eb-98e51017d481/com.github.luben_zstd-jni-1.4.8-1.jar
[2023-02-08T20:20:24.248+0000] {spark_submit.py:495} INFO - 23/02/08 20:20:24 INFO SparkContext: Added file file:///home/***/.ivy2/jars/org.lz4_lz4-java-1.7.1.jar at file:///home/***/.ivy2/jars/org.lz4_lz4-java-1.7.1.jar with timestamp 1675887623571
[2023-02-08T20:20:24.248+0000] {spark_submit.py:495} INFO - 23/02/08 20:20:24 INFO Utils: Copying /home/***/.ivy2/jars/org.lz4_lz4-java-1.7.1.jar to /tmp/spark-fcc7a3f9-8ae4-4e5d-a852-40329a6e60f7/userFiles-610696bc-8bb2-4d9a-84eb-98e51017d481/org.lz4_lz4-java-1.7.1.jar
[2023-02-08T20:20:24.251+0000] {spark_submit.py:495} INFO - 23/02/08 20:20:24 INFO SparkContext: Added file file:///home/***/.ivy2/jars/org.xerial.snappy_snappy-java-1.1.8.2.jar at file:///home/***/.ivy2/jars/org.xerial.snappy_snappy-java-1.1.8.2.jar with timestamp 1675887623571
[2023-02-08T20:20:24.251+0000] {spark_submit.py:495} INFO - 23/02/08 20:20:24 INFO Utils: Copying /home/***/.ivy2/jars/org.xerial.snappy_snappy-java-1.1.8.2.jar to /tmp/spark-fcc7a3f9-8ae4-4e5d-a852-40329a6e60f7/userFiles-610696bc-8bb2-4d9a-84eb-98e51017d481/org.xerial.snappy_snappy-java-1.1.8.2.jar
[2023-02-08T20:20:24.255+0000] {spark_submit.py:495} INFO - 23/02/08 20:20:24 INFO SparkContext: Added file file:///home/***/.ivy2/jars/org.slf4j_slf4j-api-1.7.30.jar at file:///home/***/.ivy2/jars/org.slf4j_slf4j-api-1.7.30.jar with timestamp 1675887623571
[2023-02-08T20:20:24.256+0000] {spark_submit.py:495} INFO - 23/02/08 20:20:24 INFO Utils: Copying /home/***/.ivy2/jars/org.slf4j_slf4j-api-1.7.30.jar to /tmp/spark-fcc7a3f9-8ae4-4e5d-a852-40329a6e60f7/userFiles-610696bc-8bb2-4d9a-84eb-98e51017d481/org.slf4j_slf4j-api-1.7.30.jar
[2023-02-08T20:20:24.259+0000] {spark_submit.py:495} INFO - 23/02/08 20:20:24 INFO SparkContext: Added file file:///home/***/.ivy2/jars/org.mongodb_mongodb-driver-sync-4.0.5.jar at file:///home/***/.ivy2/jars/org.mongodb_mongodb-driver-sync-4.0.5.jar with timestamp 1675887623571
[2023-02-08T20:20:24.259+0000] {spark_submit.py:495} INFO - 23/02/08 20:20:24 INFO Utils: Copying /home/***/.ivy2/jars/org.mongodb_mongodb-driver-sync-4.0.5.jar to /tmp/spark-fcc7a3f9-8ae4-4e5d-a852-40329a6e60f7/userFiles-610696bc-8bb2-4d9a-84eb-98e51017d481/org.mongodb_mongodb-driver-sync-4.0.5.jar
[2023-02-08T20:20:24.262+0000] {spark_submit.py:495} INFO - 23/02/08 20:20:24 INFO SparkContext: Added file file:///home/***/.ivy2/jars/org.mongodb_bson-4.0.5.jar at file:///home/***/.ivy2/jars/org.mongodb_bson-4.0.5.jar with timestamp 1675887623571
[2023-02-08T20:20:24.262+0000] {spark_submit.py:495} INFO - 23/02/08 20:20:24 INFO Utils: Copying /home/***/.ivy2/jars/org.mongodb_bson-4.0.5.jar to /tmp/spark-fcc7a3f9-8ae4-4e5d-a852-40329a6e60f7/userFiles-610696bc-8bb2-4d9a-84eb-98e51017d481/org.mongodb_bson-4.0.5.jar
[2023-02-08T20:20:24.265+0000] {spark_submit.py:495} INFO - 23/02/08 20:20:24 INFO SparkContext: Added file file:///home/***/.ivy2/jars/org.mongodb_mongodb-driver-core-4.0.5.jar at file:///home/***/.ivy2/jars/org.mongodb_mongodb-driver-core-4.0.5.jar with timestamp 1675887623571
[2023-02-08T20:20:24.265+0000] {spark_submit.py:495} INFO - 23/02/08 20:20:24 INFO Utils: Copying /home/***/.ivy2/jars/org.mongodb_mongodb-driver-core-4.0.5.jar to /tmp/spark-fcc7a3f9-8ae4-4e5d-a852-40329a6e60f7/userFiles-610696bc-8bb2-4d9a-84eb-98e51017d481/org.mongodb_mongodb-driver-core-4.0.5.jar
[2023-02-08T20:20:24.312+0000] {spark_submit.py:495} INFO - 23/02/08 20:20:24 INFO Executor: Starting executor ID driver on host b55acaa82944
[2023-02-08T20:20:24.317+0000] {spark_submit.py:495} INFO - 23/02/08 20:20:24 INFO Executor: Starting executor with user classpath (userClassPathFirst = false): ''
[2023-02-08T20:20:24.325+0000] {spark_submit.py:495} INFO - 23/02/08 20:20:24 INFO Executor: Fetching file:///home/***/.ivy2/jars/org.apache.spark_spark-token-provider-kafka-0-10_2.12-3.1.3.jar with timestamp 1675887623571
[2023-02-08T20:20:24.339+0000] {spark_submit.py:495} INFO - 23/02/08 20:20:24 INFO Utils: /home/***/.ivy2/jars/org.apache.spark_spark-token-provider-kafka-0-10_2.12-3.1.3.jar has been previously copied to /tmp/spark-fcc7a3f9-8ae4-4e5d-a852-40329a6e60f7/userFiles-610696bc-8bb2-4d9a-84eb-98e51017d481/org.apache.spark_spark-token-provider-kafka-0-10_2.12-3.1.3.jar
[2023-02-08T20:20:24.348+0000] {spark_submit.py:495} INFO - 23/02/08 20:20:24 INFO Executor: Fetching file:///home/***/.ivy2/jars/org.mongodb_mongodb-driver-sync-4.0.5.jar with timestamp 1675887623571
[2023-02-08T20:20:24.350+0000] {spark_submit.py:495} INFO - 23/02/08 20:20:24 INFO Utils: /home/***/.ivy2/jars/org.mongodb_mongodb-driver-sync-4.0.5.jar has been previously copied to /tmp/spark-fcc7a3f9-8ae4-4e5d-a852-40329a6e60f7/userFiles-610696bc-8bb2-4d9a-84eb-98e51017d481/org.mongodb_mongodb-driver-sync-4.0.5.jar
[2023-02-08T20:20:24.359+0000] {spark_submit.py:495} INFO - 23/02/08 20:20:24 INFO Executor: Fetching file:///home/***/.ivy2/jars/org.apache.kafka_kafka-clients-2.6.0.jar with timestamp 1675887623571
[2023-02-08T20:20:24.365+0000] {spark_submit.py:495} INFO - 23/02/08 20:20:24 INFO Utils: /home/***/.ivy2/jars/org.apache.kafka_kafka-clients-2.6.0.jar has been previously copied to /tmp/spark-fcc7a3f9-8ae4-4e5d-a852-40329a6e60f7/userFiles-610696bc-8bb2-4d9a-84eb-98e51017d481/org.apache.kafka_kafka-clients-2.6.0.jar
[2023-02-08T20:20:24.371+0000] {spark_submit.py:495} INFO - 23/02/08 20:20:24 INFO Executor: Fetching file:///home/***/.ivy2/jars/org.mongodb_bson-4.0.5.jar with timestamp 1675887623571
[2023-02-08T20:20:24.372+0000] {spark_submit.py:495} INFO - 23/02/08 20:20:24 INFO Utils: /home/***/.ivy2/jars/org.mongodb_bson-4.0.5.jar has been previously copied to /tmp/spark-fcc7a3f9-8ae4-4e5d-a852-40329a6e60f7/userFiles-610696bc-8bb2-4d9a-84eb-98e51017d481/org.mongodb_bson-4.0.5.jar
[2023-02-08T20:20:24.376+0000] {spark_submit.py:495} INFO - 23/02/08 20:20:24 INFO Executor: Fetching file:///home/***/.ivy2/jars/com.github.luben_zstd-jni-1.4.8-1.jar with timestamp 1675887623571
[2023-02-08T20:20:24.383+0000] {spark_submit.py:495} INFO - 23/02/08 20:20:24 INFO Utils: /home/***/.ivy2/jars/com.github.luben_zstd-jni-1.4.8-1.jar has been previously copied to /tmp/spark-fcc7a3f9-8ae4-4e5d-a852-40329a6e60f7/userFiles-610696bc-8bb2-4d9a-84eb-98e51017d481/com.github.luben_zstd-jni-1.4.8-1.jar
[2023-02-08T20:20:24.386+0000] {spark_submit.py:495} INFO - 23/02/08 20:20:24 INFO Executor: Fetching file:///home/***/.ivy2/jars/org.lz4_lz4-java-1.7.1.jar with timestamp 1675887623571
[2023-02-08T20:20:24.387+0000] {spark_submit.py:495} INFO - 23/02/08 20:20:24 INFO Utils: /home/***/.ivy2/jars/org.lz4_lz4-java-1.7.1.jar has been previously copied to /tmp/spark-fcc7a3f9-8ae4-4e5d-a852-40329a6e60f7/userFiles-610696bc-8bb2-4d9a-84eb-98e51017d481/org.lz4_lz4-java-1.7.1.jar
[2023-02-08T20:20:24.391+0000] {spark_submit.py:495} INFO - 23/02/08 20:20:24 INFO Executor: Fetching file:///home/***/.ivy2/jars/org.spark-project.spark_unused-1.0.0.jar with timestamp 1675887623571
[2023-02-08T20:20:24.391+0000] {spark_submit.py:495} INFO - 23/02/08 20:20:24 INFO Utils: /home/***/.ivy2/jars/org.spark-project.spark_unused-1.0.0.jar has been previously copied to /tmp/spark-fcc7a3f9-8ae4-4e5d-a852-40329a6e60f7/userFiles-610696bc-8bb2-4d9a-84eb-98e51017d481/org.spark-project.spark_unused-1.0.0.jar
[2023-02-08T20:20:24.397+0000] {spark_submit.py:495} INFO - 23/02/08 20:20:24 INFO Executor: Fetching file:///home/***/.ivy2/jars/org.xerial.snappy_snappy-java-1.1.8.2.jar with timestamp 1675887623571
[2023-02-08T20:20:24.397+0000] {spark_submit.py:495} INFO - 23/02/08 20:20:24 INFO Utils: /home/***/.ivy2/jars/org.xerial.snappy_snappy-java-1.1.8.2.jar has been previously copied to /tmp/spark-fcc7a3f9-8ae4-4e5d-a852-40329a6e60f7/userFiles-610696bc-8bb2-4d9a-84eb-98e51017d481/org.xerial.snappy_snappy-java-1.1.8.2.jar
[2023-02-08T20:20:24.401+0000] {spark_submit.py:495} INFO - 23/02/08 20:20:24 INFO Executor: Fetching file:///home/***/.ivy2/jars/org.mongodb_mongodb-driver-core-4.0.5.jar with timestamp 1675887623571
[2023-02-08T20:20:24.401+0000] {spark_submit.py:495} INFO - 23/02/08 20:20:24 INFO Utils: /home/***/.ivy2/jars/org.mongodb_mongodb-driver-core-4.0.5.jar has been previously copied to /tmp/spark-fcc7a3f9-8ae4-4e5d-a852-40329a6e60f7/userFiles-610696bc-8bb2-4d9a-84eb-98e51017d481/org.mongodb_mongodb-driver-core-4.0.5.jar
[2023-02-08T20:20:24.404+0000] {spark_submit.py:495} INFO - 23/02/08 20:20:24 INFO Executor: Fetching file:///home/***/.ivy2/jars/org.apache.spark_spark-sql-kafka-0-10_2.12-3.1.3.jar with timestamp 1675887623571
[2023-02-08T20:20:24.405+0000] {spark_submit.py:495} INFO - 23/02/08 20:20:24 INFO Utils: /home/***/.ivy2/jars/org.apache.spark_spark-sql-kafka-0-10_2.12-3.1.3.jar has been previously copied to /tmp/spark-fcc7a3f9-8ae4-4e5d-a852-40329a6e60f7/userFiles-610696bc-8bb2-4d9a-84eb-98e51017d481/org.apache.spark_spark-sql-kafka-0-10_2.12-3.1.3.jar
[2023-02-08T20:20:24.408+0000] {spark_submit.py:495} INFO - 23/02/08 20:20:24 INFO Executor: Fetching file:///home/***/.ivy2/jars/org.mongodb.spark_mongo-spark-connector_2.12-3.0.1.jar with timestamp 1675887623571
[2023-02-08T20:20:24.409+0000] {spark_submit.py:495} INFO - 23/02/08 20:20:24 INFO Utils: /home/***/.ivy2/jars/org.mongodb.spark_mongo-spark-connector_2.12-3.0.1.jar has been previously copied to /tmp/spark-fcc7a3f9-8ae4-4e5d-a852-40329a6e60f7/userFiles-610696bc-8bb2-4d9a-84eb-98e51017d481/org.mongodb.spark_mongo-spark-connector_2.12-3.0.1.jar
[2023-02-08T20:20:24.413+0000] {spark_submit.py:495} INFO - 23/02/08 20:20:24 INFO Executor: Fetching file:///home/***/.ivy2/jars/org.apache.commons_commons-pool2-2.6.2.jar with timestamp 1675887623571
[2023-02-08T20:20:24.413+0000] {spark_submit.py:495} INFO - 23/02/08 20:20:24 INFO Utils: /home/***/.ivy2/jars/org.apache.commons_commons-pool2-2.6.2.jar has been previously copied to /tmp/spark-fcc7a3f9-8ae4-4e5d-a852-40329a6e60f7/userFiles-610696bc-8bb2-4d9a-84eb-98e51017d481/org.apache.commons_commons-pool2-2.6.2.jar
[2023-02-08T20:20:24.416+0000] {spark_submit.py:495} INFO - 23/02/08 20:20:24 INFO Executor: Fetching file:///home/***/.ivy2/jars/org.slf4j_slf4j-api-1.7.30.jar with timestamp 1675887623571
[2023-02-08T20:20:24.416+0000] {spark_submit.py:495} INFO - 23/02/08 20:20:24 INFO Utils: /home/***/.ivy2/jars/org.slf4j_slf4j-api-1.7.30.jar has been previously copied to /tmp/spark-fcc7a3f9-8ae4-4e5d-a852-40329a6e60f7/userFiles-610696bc-8bb2-4d9a-84eb-98e51017d481/org.slf4j_slf4j-api-1.7.30.jar
[2023-02-08T20:20:24.421+0000] {spark_submit.py:495} INFO - 23/02/08 20:20:24 INFO Executor: Fetching spark://b55acaa82944:43899/jars/org.slf4j_slf4j-api-1.7.30.jar with timestamp 1675887623571
[2023-02-08T20:20:24.464+0000] {spark_submit.py:495} INFO - 23/02/08 20:20:24 INFO TransportClientFactory: Successfully created connection to b55acaa82944/172.20.0.6:43899 after 33 ms (0 ms spent in bootstraps)
[2023-02-08T20:20:24.473+0000] {spark_submit.py:495} INFO - 23/02/08 20:20:24 INFO Utils: Fetching spark://b55acaa82944:43899/jars/org.slf4j_slf4j-api-1.7.30.jar to /tmp/spark-fcc7a3f9-8ae4-4e5d-a852-40329a6e60f7/userFiles-610696bc-8bb2-4d9a-84eb-98e51017d481/fetchFileTemp14206770887067547857.tmp
[2023-02-08T20:20:24.508+0000] {spark_submit.py:495} INFO - 23/02/08 20:20:24 INFO Utils: /tmp/spark-fcc7a3f9-8ae4-4e5d-a852-40329a6e60f7/userFiles-610696bc-8bb2-4d9a-84eb-98e51017d481/fetchFileTemp14206770887067547857.tmp has been previously copied to /tmp/spark-fcc7a3f9-8ae4-4e5d-a852-40329a6e60f7/userFiles-610696bc-8bb2-4d9a-84eb-98e51017d481/org.slf4j_slf4j-api-1.7.30.jar
[2023-02-08T20:20:24.514+0000] {spark_submit.py:495} INFO - 23/02/08 20:20:24 INFO Executor: Adding file:/tmp/spark-fcc7a3f9-8ae4-4e5d-a852-40329a6e60f7/userFiles-610696bc-8bb2-4d9a-84eb-98e51017d481/org.slf4j_slf4j-api-1.7.30.jar to class loader
[2023-02-08T20:20:24.514+0000] {spark_submit.py:495} INFO - 23/02/08 20:20:24 INFO Executor: Fetching spark://b55acaa82944:43899/jars/org.mongodb_mongodb-driver-core-4.0.5.jar with timestamp 1675887623571
[2023-02-08T20:20:24.515+0000] {spark_submit.py:495} INFO - 23/02/08 20:20:24 INFO Utils: Fetching spark://b55acaa82944:43899/jars/org.mongodb_mongodb-driver-core-4.0.5.jar to /tmp/spark-fcc7a3f9-8ae4-4e5d-a852-40329a6e60f7/userFiles-610696bc-8bb2-4d9a-84eb-98e51017d481/fetchFileTemp11442864328194238311.tmp
[2023-02-08T20:20:24.524+0000] {spark_submit.py:495} INFO - 23/02/08 20:20:24 INFO Utils: /tmp/spark-fcc7a3f9-8ae4-4e5d-a852-40329a6e60f7/userFiles-610696bc-8bb2-4d9a-84eb-98e51017d481/fetchFileTemp11442864328194238311.tmp has been previously copied to /tmp/spark-fcc7a3f9-8ae4-4e5d-a852-40329a6e60f7/userFiles-610696bc-8bb2-4d9a-84eb-98e51017d481/org.mongodb_mongodb-driver-core-4.0.5.jar
[2023-02-08T20:20:24.529+0000] {spark_submit.py:495} INFO - 23/02/08 20:20:24 INFO Executor: Adding file:/tmp/spark-fcc7a3f9-8ae4-4e5d-a852-40329a6e60f7/userFiles-610696bc-8bb2-4d9a-84eb-98e51017d481/org.mongodb_mongodb-driver-core-4.0.5.jar to class loader
[2023-02-08T20:20:24.529+0000] {spark_submit.py:495} INFO - 23/02/08 20:20:24 INFO Executor: Fetching spark://b55acaa82944:43899/jars/org.xerial.snappy_snappy-java-1.1.8.2.jar with timestamp 1675887623571
[2023-02-08T20:20:24.530+0000] {spark_submit.py:495} INFO - 23/02/08 20:20:24 INFO Utils: Fetching spark://b55acaa82944:43899/jars/org.xerial.snappy_snappy-java-1.1.8.2.jar to /tmp/spark-fcc7a3f9-8ae4-4e5d-a852-40329a6e60f7/userFiles-610696bc-8bb2-4d9a-84eb-98e51017d481/fetchFileTemp5073980902935307831.tmp
[2023-02-08T20:20:24.544+0000] {spark_submit.py:495} INFO - 23/02/08 20:20:24 INFO Utils: /tmp/spark-fcc7a3f9-8ae4-4e5d-a852-40329a6e60f7/userFiles-610696bc-8bb2-4d9a-84eb-98e51017d481/fetchFileTemp5073980902935307831.tmp has been previously copied to /tmp/spark-fcc7a3f9-8ae4-4e5d-a852-40329a6e60f7/userFiles-610696bc-8bb2-4d9a-84eb-98e51017d481/org.xerial.snappy_snappy-java-1.1.8.2.jar
[2023-02-08T20:20:24.549+0000] {spark_submit.py:495} INFO - 23/02/08 20:20:24 INFO Executor: Adding file:/tmp/spark-fcc7a3f9-8ae4-4e5d-a852-40329a6e60f7/userFiles-610696bc-8bb2-4d9a-84eb-98e51017d481/org.xerial.snappy_snappy-java-1.1.8.2.jar to class loader
[2023-02-08T20:20:24.549+0000] {spark_submit.py:495} INFO - 23/02/08 20:20:24 INFO Executor: Fetching spark://b55acaa82944:43899/jars/org.mongodb.spark_mongo-spark-connector_2.12-3.0.1.jar with timestamp 1675887623571
[2023-02-08T20:20:24.550+0000] {spark_submit.py:495} INFO - 23/02/08 20:20:24 INFO Utils: Fetching spark://b55acaa82944:43899/jars/org.mongodb.spark_mongo-spark-connector_2.12-3.0.1.jar to /tmp/spark-fcc7a3f9-8ae4-4e5d-a852-40329a6e60f7/userFiles-610696bc-8bb2-4d9a-84eb-98e51017d481/fetchFileTemp9158245462653772519.tmp
[2023-02-08T20:20:24.554+0000] {spark_submit.py:495} INFO - 23/02/08 20:20:24 INFO Utils: /tmp/spark-fcc7a3f9-8ae4-4e5d-a852-40329a6e60f7/userFiles-610696bc-8bb2-4d9a-84eb-98e51017d481/fetchFileTemp9158245462653772519.tmp has been previously copied to /tmp/spark-fcc7a3f9-8ae4-4e5d-a852-40329a6e60f7/userFiles-610696bc-8bb2-4d9a-84eb-98e51017d481/org.mongodb.spark_mongo-spark-connector_2.12-3.0.1.jar
[2023-02-08T20:20:24.559+0000] {spark_submit.py:495} INFO - 23/02/08 20:20:24 INFO Executor: Adding file:/tmp/spark-fcc7a3f9-8ae4-4e5d-a852-40329a6e60f7/userFiles-610696bc-8bb2-4d9a-84eb-98e51017d481/org.mongodb.spark_mongo-spark-connector_2.12-3.0.1.jar to class loader
[2023-02-08T20:20:24.559+0000] {spark_submit.py:495} INFO - 23/02/08 20:20:24 INFO Executor: Fetching spark://b55acaa82944:43899/jars/org.apache.spark_spark-sql-kafka-0-10_2.12-3.1.3.jar with timestamp 1675887623571
[2023-02-08T20:20:24.560+0000] {spark_submit.py:495} INFO - 23/02/08 20:20:24 INFO Utils: Fetching spark://b55acaa82944:43899/jars/org.apache.spark_spark-sql-kafka-0-10_2.12-3.1.3.jar to /tmp/spark-fcc7a3f9-8ae4-4e5d-a852-40329a6e60f7/userFiles-610696bc-8bb2-4d9a-84eb-98e51017d481/fetchFileTemp14301015933267808416.tmp
[2023-02-08T20:20:24.564+0000] {spark_submit.py:495} INFO - 23/02/08 20:20:24 INFO Utils: /tmp/spark-fcc7a3f9-8ae4-4e5d-a852-40329a6e60f7/userFiles-610696bc-8bb2-4d9a-84eb-98e51017d481/fetchFileTemp14301015933267808416.tmp has been previously copied to /tmp/spark-fcc7a3f9-8ae4-4e5d-a852-40329a6e60f7/userFiles-610696bc-8bb2-4d9a-84eb-98e51017d481/org.apache.spark_spark-sql-kafka-0-10_2.12-3.1.3.jar
[2023-02-08T20:20:24.566+0000] {spark_submit.py:495} INFO - 23/02/08 20:20:24 INFO Executor: Adding file:/tmp/spark-fcc7a3f9-8ae4-4e5d-a852-40329a6e60f7/userFiles-610696bc-8bb2-4d9a-84eb-98e51017d481/org.apache.spark_spark-sql-kafka-0-10_2.12-3.1.3.jar to class loader
[2023-02-08T20:20:24.566+0000] {spark_submit.py:495} INFO - 23/02/08 20:20:24 INFO Executor: Fetching spark://b55acaa82944:43899/jars/org.mongodb_bson-4.0.5.jar with timestamp 1675887623571
[2023-02-08T20:20:24.566+0000] {spark_submit.py:495} INFO - 23/02/08 20:20:24 INFO Utils: Fetching spark://b55acaa82944:43899/jars/org.mongodb_bson-4.0.5.jar to /tmp/spark-fcc7a3f9-8ae4-4e5d-a852-40329a6e60f7/userFiles-610696bc-8bb2-4d9a-84eb-98e51017d481/fetchFileTemp6783927881817337376.tmp
[2023-02-08T20:20:24.569+0000] {spark_submit.py:495} INFO - 23/02/08 20:20:24 INFO Utils: /tmp/spark-fcc7a3f9-8ae4-4e5d-a852-40329a6e60f7/userFiles-610696bc-8bb2-4d9a-84eb-98e51017d481/fetchFileTemp6783927881817337376.tmp has been previously copied to /tmp/spark-fcc7a3f9-8ae4-4e5d-a852-40329a6e60f7/userFiles-610696bc-8bb2-4d9a-84eb-98e51017d481/org.mongodb_bson-4.0.5.jar
[2023-02-08T20:20:24.572+0000] {spark_submit.py:495} INFO - 23/02/08 20:20:24 INFO Executor: Adding file:/tmp/spark-fcc7a3f9-8ae4-4e5d-a852-40329a6e60f7/userFiles-610696bc-8bb2-4d9a-84eb-98e51017d481/org.mongodb_bson-4.0.5.jar to class loader
[2023-02-08T20:20:24.572+0000] {spark_submit.py:495} INFO - 23/02/08 20:20:24 INFO Executor: Fetching spark://b55acaa82944:43899/jars/org.apache.kafka_kafka-clients-2.6.0.jar with timestamp 1675887623571
[2023-02-08T20:20:24.573+0000] {spark_submit.py:495} INFO - 23/02/08 20:20:24 INFO Utils: Fetching spark://b55acaa82944:43899/jars/org.apache.kafka_kafka-clients-2.6.0.jar to /tmp/spark-fcc7a3f9-8ae4-4e5d-a852-40329a6e60f7/userFiles-610696bc-8bb2-4d9a-84eb-98e51017d481/fetchFileTemp12470613488793807159.tmp
[2023-02-08T20:20:24.586+0000] {spark_submit.py:495} INFO - 23/02/08 20:20:24 INFO Utils: /tmp/spark-fcc7a3f9-8ae4-4e5d-a852-40329a6e60f7/userFiles-610696bc-8bb2-4d9a-84eb-98e51017d481/fetchFileTemp12470613488793807159.tmp has been previously copied to /tmp/spark-fcc7a3f9-8ae4-4e5d-a852-40329a6e60f7/userFiles-610696bc-8bb2-4d9a-84eb-98e51017d481/org.apache.kafka_kafka-clients-2.6.0.jar
[2023-02-08T20:20:24.595+0000] {spark_submit.py:495} INFO - 23/02/08 20:20:24 INFO Executor: Adding file:/tmp/spark-fcc7a3f9-8ae4-4e5d-a852-40329a6e60f7/userFiles-610696bc-8bb2-4d9a-84eb-98e51017d481/org.apache.kafka_kafka-clients-2.6.0.jar to class loader
[2023-02-08T20:20:24.595+0000] {spark_submit.py:495} INFO - 23/02/08 20:20:24 INFO Executor: Fetching spark://b55acaa82944:43899/jars/com.github.luben_zstd-jni-1.4.8-1.jar with timestamp 1675887623571
[2023-02-08T20:20:24.595+0000] {spark_submit.py:495} INFO - 23/02/08 20:20:24 INFO Utils: Fetching spark://b55acaa82944:43899/jars/com.github.luben_zstd-jni-1.4.8-1.jar to /tmp/spark-fcc7a3f9-8ae4-4e5d-a852-40329a6e60f7/userFiles-610696bc-8bb2-4d9a-84eb-98e51017d481/fetchFileTemp9446321454680929882.tmp
[2023-02-08T20:20:24.612+0000] {spark_submit.py:495} INFO - 23/02/08 20:20:24 INFO Utils: /tmp/spark-fcc7a3f9-8ae4-4e5d-a852-40329a6e60f7/userFiles-610696bc-8bb2-4d9a-84eb-98e51017d481/fetchFileTemp9446321454680929882.tmp has been previously copied to /tmp/spark-fcc7a3f9-8ae4-4e5d-a852-40329a6e60f7/userFiles-610696bc-8bb2-4d9a-84eb-98e51017d481/com.github.luben_zstd-jni-1.4.8-1.jar
[2023-02-08T20:20:24.700+0000] {spark_submit.py:495} INFO - 23/02/08 20:20:24 INFO Executor: Adding file:/tmp/spark-fcc7a3f9-8ae4-4e5d-a852-40329a6e60f7/userFiles-610696bc-8bb2-4d9a-84eb-98e51017d481/com.github.luben_zstd-jni-1.4.8-1.jar to class loader
[2023-02-08T20:20:24.701+0000] {spark_submit.py:495} INFO - 23/02/08 20:20:24 INFO Executor: Fetching spark://b55acaa82944:43899/jars/org.lz4_lz4-java-1.7.1.jar with timestamp 1675887623571
[2023-02-08T20:20:24.703+0000] {spark_submit.py:495} INFO - 23/02/08 20:20:24 INFO Utils: Fetching spark://b55acaa82944:43899/jars/org.lz4_lz4-java-1.7.1.jar to /tmp/spark-fcc7a3f9-8ae4-4e5d-a852-40329a6e60f7/userFiles-610696bc-8bb2-4d9a-84eb-98e51017d481/fetchFileTemp15588154631870680016.tmp
[2023-02-08T20:20:24.718+0000] {spark_submit.py:495} INFO - 23/02/08 20:20:24 INFO Utils: /tmp/spark-fcc7a3f9-8ae4-4e5d-a852-40329a6e60f7/userFiles-610696bc-8bb2-4d9a-84eb-98e51017d481/fetchFileTemp15588154631870680016.tmp has been previously copied to /tmp/spark-fcc7a3f9-8ae4-4e5d-a852-40329a6e60f7/userFiles-610696bc-8bb2-4d9a-84eb-98e51017d481/org.lz4_lz4-java-1.7.1.jar
[2023-02-08T20:20:24.734+0000] {spark_submit.py:495} INFO - 23/02/08 20:20:24 INFO Executor: Adding file:/tmp/spark-fcc7a3f9-8ae4-4e5d-a852-40329a6e60f7/userFiles-610696bc-8bb2-4d9a-84eb-98e51017d481/org.lz4_lz4-java-1.7.1.jar to class loader
[2023-02-08T20:20:24.734+0000] {spark_submit.py:495} INFO - 23/02/08 20:20:24 INFO Executor: Fetching spark://b55acaa82944:43899/jars/org.spark-project.spark_unused-1.0.0.jar with timestamp 1675887623571
[2023-02-08T20:20:24.736+0000] {spark_submit.py:495} INFO - 23/02/08 20:20:24 INFO Utils: Fetching spark://b55acaa82944:43899/jars/org.spark-project.spark_unused-1.0.0.jar to /tmp/spark-fcc7a3f9-8ae4-4e5d-a852-40329a6e60f7/userFiles-610696bc-8bb2-4d9a-84eb-98e51017d481/fetchFileTemp936216011326011647.tmp
[2023-02-08T20:20:24.740+0000] {spark_submit.py:495} INFO - 23/02/08 20:20:24 INFO Utils: /tmp/spark-fcc7a3f9-8ae4-4e5d-a852-40329a6e60f7/userFiles-610696bc-8bb2-4d9a-84eb-98e51017d481/fetchFileTemp936216011326011647.tmp has been previously copied to /tmp/spark-fcc7a3f9-8ae4-4e5d-a852-40329a6e60f7/userFiles-610696bc-8bb2-4d9a-84eb-98e51017d481/org.spark-project.spark_unused-1.0.0.jar
[2023-02-08T20:20:24.763+0000] {spark_submit.py:495} INFO - 23/02/08 20:20:24 INFO Executor: Adding file:/tmp/spark-fcc7a3f9-8ae4-4e5d-a852-40329a6e60f7/userFiles-610696bc-8bb2-4d9a-84eb-98e51017d481/org.spark-project.spark_unused-1.0.0.jar to class loader
[2023-02-08T20:20:24.764+0000] {spark_submit.py:495} INFO - 23/02/08 20:20:24 INFO Executor: Fetching spark://b55acaa82944:43899/jars/org.apache.spark_spark-token-provider-kafka-0-10_2.12-3.1.3.jar with timestamp 1675887623571
[2023-02-08T20:20:24.764+0000] {spark_submit.py:495} INFO - 23/02/08 20:20:24 INFO Utils: Fetching spark://b55acaa82944:43899/jars/org.apache.spark_spark-token-provider-kafka-0-10_2.12-3.1.3.jar to /tmp/spark-fcc7a3f9-8ae4-4e5d-a852-40329a6e60f7/userFiles-610696bc-8bb2-4d9a-84eb-98e51017d481/fetchFileTemp1173023461229873587.tmp
[2023-02-08T20:20:24.770+0000] {spark_submit.py:495} INFO - 23/02/08 20:20:24 INFO Utils: /tmp/spark-fcc7a3f9-8ae4-4e5d-a852-40329a6e60f7/userFiles-610696bc-8bb2-4d9a-84eb-98e51017d481/fetchFileTemp1173023461229873587.tmp has been previously copied to /tmp/spark-fcc7a3f9-8ae4-4e5d-a852-40329a6e60f7/userFiles-610696bc-8bb2-4d9a-84eb-98e51017d481/org.apache.spark_spark-token-provider-kafka-0-10_2.12-3.1.3.jar
[2023-02-08T20:20:24.783+0000] {spark_submit.py:495} INFO - 23/02/08 20:20:24 INFO Executor: Adding file:/tmp/spark-fcc7a3f9-8ae4-4e5d-a852-40329a6e60f7/userFiles-610696bc-8bb2-4d9a-84eb-98e51017d481/org.apache.spark_spark-token-provider-kafka-0-10_2.12-3.1.3.jar to class loader
[2023-02-08T20:20:24.784+0000] {spark_submit.py:495} INFO - 23/02/08 20:20:24 INFO Executor: Fetching spark://b55acaa82944:43899/jars/org.mongodb_mongodb-driver-sync-4.0.5.jar with timestamp 1675887623571
[2023-02-08T20:20:24.787+0000] {spark_submit.py:495} INFO - 23/02/08 20:20:24 INFO Utils: Fetching spark://b55acaa82944:43899/jars/org.mongodb_mongodb-driver-sync-4.0.5.jar to /tmp/spark-fcc7a3f9-8ae4-4e5d-a852-40329a6e60f7/userFiles-610696bc-8bb2-4d9a-84eb-98e51017d481/fetchFileTemp3213414857512899298.tmp
[2023-02-08T20:20:24.791+0000] {spark_submit.py:495} INFO - 23/02/08 20:20:24 INFO Utils: /tmp/spark-fcc7a3f9-8ae4-4e5d-a852-40329a6e60f7/userFiles-610696bc-8bb2-4d9a-84eb-98e51017d481/fetchFileTemp3213414857512899298.tmp has been previously copied to /tmp/spark-fcc7a3f9-8ae4-4e5d-a852-40329a6e60f7/userFiles-610696bc-8bb2-4d9a-84eb-98e51017d481/org.mongodb_mongodb-driver-sync-4.0.5.jar
[2023-02-08T20:20:24.803+0000] {spark_submit.py:495} INFO - 23/02/08 20:20:24 INFO Executor: Adding file:/tmp/spark-fcc7a3f9-8ae4-4e5d-a852-40329a6e60f7/userFiles-610696bc-8bb2-4d9a-84eb-98e51017d481/org.mongodb_mongodb-driver-sync-4.0.5.jar to class loader
[2023-02-08T20:20:24.804+0000] {spark_submit.py:495} INFO - 23/02/08 20:20:24 INFO Executor: Fetching spark://b55acaa82944:43899/jars/org.apache.commons_commons-pool2-2.6.2.jar with timestamp 1675887623571
[2023-02-08T20:20:24.805+0000] {spark_submit.py:495} INFO - 23/02/08 20:20:24 INFO Utils: Fetching spark://b55acaa82944:43899/jars/org.apache.commons_commons-pool2-2.6.2.jar to /tmp/spark-fcc7a3f9-8ae4-4e5d-a852-40329a6e60f7/userFiles-610696bc-8bb2-4d9a-84eb-98e51017d481/fetchFileTemp18332319824553450822.tmp
[2023-02-08T20:20:24.813+0000] {spark_submit.py:495} INFO - 23/02/08 20:20:24 INFO Utils: /tmp/spark-fcc7a3f9-8ae4-4e5d-a852-40329a6e60f7/userFiles-610696bc-8bb2-4d9a-84eb-98e51017d481/fetchFileTemp18332319824553450822.tmp has been previously copied to /tmp/spark-fcc7a3f9-8ae4-4e5d-a852-40329a6e60f7/userFiles-610696bc-8bb2-4d9a-84eb-98e51017d481/org.apache.commons_commons-pool2-2.6.2.jar
[2023-02-08T20:20:24.822+0000] {spark_submit.py:495} INFO - 23/02/08 20:20:24 INFO Executor: Adding file:/tmp/spark-fcc7a3f9-8ae4-4e5d-a852-40329a6e60f7/userFiles-610696bc-8bb2-4d9a-84eb-98e51017d481/org.apache.commons_commons-pool2-2.6.2.jar to class loader
[2023-02-08T20:20:24.844+0000] {spark_submit.py:495} INFO - 23/02/08 20:20:24 INFO Utils: Successfully started service 'org.apache.spark.network.netty.NettyBlockTransferService' on port 46543.
[2023-02-08T20:20:24.846+0000] {spark_submit.py:495} INFO - 23/02/08 20:20:24 INFO NettyBlockTransferService: Server created on b55acaa82944:46543
[2023-02-08T20:20:24.849+0000] {spark_submit.py:495} INFO - 23/02/08 20:20:24 INFO BlockManager: Using org.apache.spark.storage.RandomBlockReplicationPolicy for block replication policy
[2023-02-08T20:20:24.867+0000] {spark_submit.py:495} INFO - 23/02/08 20:20:24 INFO BlockManagerMaster: Registering BlockManager BlockManagerId(driver, b55acaa82944, 46543, None)
[2023-02-08T20:20:24.876+0000] {spark_submit.py:495} INFO - 23/02/08 20:20:24 INFO BlockManagerMasterEndpoint: Registering block manager b55acaa82944:46543 with 434.4 MiB RAM, BlockManagerId(driver, b55acaa82944, 46543, None)
[2023-02-08T20:20:24.885+0000] {spark_submit.py:495} INFO - 23/02/08 20:20:24 INFO BlockManagerMaster: Registered BlockManager BlockManagerId(driver, b55acaa82944, 46543, None)
[2023-02-08T20:20:24.889+0000] {spark_submit.py:495} INFO - 23/02/08 20:20:24 INFO BlockManager: Initialized BlockManager: BlockManagerId(driver, b55acaa82944, 46543, None)
[2023-02-08T20:20:28.895+0000] {spark_submit.py:495} INFO - 2023-02-08 20:20:28,890 - py4j.java_gateway - INFO - Callback Server Starting
[2023-02-08T20:20:28.896+0000] {spark_submit.py:495} INFO - 2023-02-08 20:20:28,895 - py4j.java_gateway - INFO - Socket listening on ('127.0.0.1', 38309)
[2023-02-08T20:20:33.029+0000] {spark_submit.py:495} INFO - 2023-02-08 20:20:33,029 - py4j.clientserver - INFO - Python Server ready to receive messages
[2023-02-08T20:20:33.030+0000] {spark_submit.py:495} INFO - 2023-02-08 20:20:33,029 - py4j.clientserver - INFO - Received command c on object id p0
[2023-02-08T20:20:33.393+0000] {spark_submit.py:495} INFO - -------------------------------------------
[2023-02-08T20:20:33.394+0000] {spark_submit.py:495} INFO - Batch: 0
[2023-02-08T20:20:33.394+0000] {spark_submit.py:495} INFO - -------------------------------------------
[2023-02-08T20:20:33.510+0000] {spark_submit.py:495} INFO - +---+-------------+-----+-------------+----------+----------------+------------+-----------------+--------------+-------------+
[2023-02-08T20:20:33.510+0000] {spark_submit.py:495} INFO - |id |nameOfProduct|price|ProductStatus|SellerName|RegistrationDate|QuantitySold|QuantityAvailable|Free shipping?|Store ratings|
[2023-02-08T20:20:33.510+0000] {spark_submit.py:495} INFO - +---+-------------+-----+-------------+----------+----------------+------------+-----------------+--------------+-------------+
[2023-02-08T20:20:33.510+0000] {spark_submit.py:495} INFO - +---+-------------+-----+-------------+----------+----------------+------------+-----------------+--------------+-------------+
[2023-02-08T20:20:33.510+0000] {spark_submit.py:495} INFO - 
[2023-02-08T20:20:49.150+0000] {taskinstance.py:1327} INFO - Marking task as SUCCESS. dag_id=Streaming_pipeline_meli, task_id=consumer_data_of_topic, execution_date=20230208T202017, start_date=20230208T202020, end_date=20230208T202049
[2023-02-08T20:20:49.175+0000] {local_task_job.py:159} INFO - Task exited with return code 0
[2023-02-08T20:20:49.215+0000] {taskinstance.py:2582} INFO - 0 downstream tasks scheduled from follow-on schedule check
