[2023-01-27T17:30:19.691+0000] {taskinstance.py:1087} INFO - Dependencies all met for <TaskInstance: Streaming_pipeline_meli.Status_info_mongodb manual__2023-01-27T16:26:14.836684+00:00 [queued]>
[2023-01-27T17:30:19.701+0000] {taskinstance.py:1087} INFO - Dependencies all met for <TaskInstance: Streaming_pipeline_meli.Status_info_mongodb manual__2023-01-27T16:26:14.836684+00:00 [queued]>
[2023-01-27T17:30:19.701+0000] {taskinstance.py:1283} INFO - 
--------------------------------------------------------------------------------
[2023-01-27T17:30:19.702+0000] {taskinstance.py:1284} INFO - Starting attempt 19 of 24
[2023-01-27T17:30:19.702+0000] {taskinstance.py:1285} INFO - 
--------------------------------------------------------------------------------
[2023-01-27T17:30:19.716+0000] {taskinstance.py:1304} INFO - Executing <Task(PythonOperator): Status_info_mongodb> on 2023-01-27 16:26:14.836684+00:00
[2023-01-27T17:30:19.720+0000] {standard_task_runner.py:55} INFO - Started process 4914 to run task
[2023-01-27T17:30:19.722+0000] {standard_task_runner.py:82} INFO - Running: ['***', 'tasks', 'run', 'Streaming_pipeline_meli', 'Status_info_mongodb', 'manual__2023-01-27T16:26:14.836684+00:00', '--job-id', '1117', '--raw', '--subdir', 'DAGS_FOLDER/producer_dag.py', '--cfg-path', '/tmp/tmptptxvifz']
[2023-01-27T17:30:19.723+0000] {standard_task_runner.py:83} INFO - Job 1117: Subtask Status_info_mongodb
[2023-01-27T17:30:19.789+0000] {task_command.py:389} INFO - Running <TaskInstance: Streaming_pipeline_meli.Status_info_mongodb manual__2023-01-27T16:26:14.836684+00:00 [running]> on host 502660defd2e
[2023-01-27T17:30:19.859+0000] {taskinstance.py:1513} INFO - Exporting the following env vars:
AIRFLOW_CTX_DAG_OWNER=***
AIRFLOW_CTX_DAG_ID=Streaming_pipeline_meli
AIRFLOW_CTX_TASK_ID=Status_info_mongodb
AIRFLOW_CTX_EXECUTION_DATE=2023-01-27T16:26:14.836684+00:00
AIRFLOW_CTX_TRY_NUMBER=19
AIRFLOW_CTX_DAG_RUN_ID=manual__2023-01-27T16:26:14.836684+00:00
[2023-01-27T17:30:29.872+0000] {producer_dag.py:70} ERROR - Error al conectar a mongoDB: No servers found yet, Timeout: 10.0s, Topology Description: <TopologyDescription id: 63d40a2bb96b249aa254e7f2, topology_type: Single, servers: [<ServerDescription ('172.24.0.2', 27017) server_type: Unknown, rtt: None>]>
[2023-01-27T17:30:29.873+0000] {python.py:177} INFO - Done. Returned value was: None
[2023-01-27T17:30:29.908+0000] {taskinstance.py:1327} INFO - Marking task as SUCCESS. dag_id=Streaming_pipeline_meli, task_id=Status_info_mongodb, execution_date=20230127T162614, start_date=20230127T173019, end_date=20230127T173029
[2023-01-27T17:30:29.950+0000] {local_task_job.py:159} INFO - Task exited with return code 0
[2023-01-27T17:30:29.966+0000] {taskinstance.py:2582} INFO - 0 downstream tasks scheduled from follow-on schedule check
