[2023-01-27T16:32:50.095+0000] {taskinstance.py:1087} INFO - Dependencies all met for <TaskInstance: Streaming_pipeline_meli.Status_info_mongodb manual__2023-01-27T16:26:14.836684+00:00 [queued]>
[2023-01-27T16:32:50.103+0000] {taskinstance.py:1087} INFO - Dependencies all met for <TaskInstance: Streaming_pipeline_meli.Status_info_mongodb manual__2023-01-27T16:26:14.836684+00:00 [queued]>
[2023-01-27T16:32:50.103+0000] {taskinstance.py:1283} INFO - 
--------------------------------------------------------------------------------
[2023-01-27T16:32:50.103+0000] {taskinstance.py:1284} INFO - Starting attempt 4 of 9
[2023-01-27T16:32:50.103+0000] {taskinstance.py:1285} INFO - 
--------------------------------------------------------------------------------
[2023-01-27T16:32:50.115+0000] {taskinstance.py:1304} INFO - Executing <Task(PythonOperator): Status_info_mongodb> on 2023-01-27 16:26:14.836684+00:00
[2023-01-27T16:32:50.119+0000] {standard_task_runner.py:55} INFO - Started process 1355 to run task
[2023-01-27T16:32:50.122+0000] {standard_task_runner.py:82} INFO - Running: ['***', 'tasks', 'run', 'Streaming_pipeline_meli', 'Status_info_mongodb', 'manual__2023-01-27T16:26:14.836684+00:00', '--job-id', '1102', '--raw', '--subdir', 'DAGS_FOLDER/producer_dag.py', '--cfg-path', '/tmp/tmp93t0dgxf']
[2023-01-27T16:32:50.122+0000] {standard_task_runner.py:83} INFO - Job 1102: Subtask Status_info_mongodb
[2023-01-27T16:32:50.174+0000] {task_command.py:389} INFO - Running <TaskInstance: Streaming_pipeline_meli.Status_info_mongodb manual__2023-01-27T16:26:14.836684+00:00 [running]> on host 502660defd2e
[2023-01-27T16:32:50.231+0000] {taskinstance.py:1513} INFO - Exporting the following env vars:
AIRFLOW_CTX_DAG_OWNER=***
AIRFLOW_CTX_DAG_ID=Streaming_pipeline_meli
AIRFLOW_CTX_TASK_ID=Status_info_mongodb
AIRFLOW_CTX_EXECUTION_DATE=2023-01-27T16:26:14.836684+00:00
AIRFLOW_CTX_TRY_NUMBER=4
AIRFLOW_CTX_DAG_RUN_ID=manual__2023-01-27T16:26:14.836684+00:00
[2023-01-27T16:33:20.314+0000] {producer_dag.py:70} ERROR - Error al conectar a mongoDB: 0.0.0.0:27017: [Errno 111] Connection refused, Timeout: 30s, Topology Description: <TopologyDescription id: 63d3fcb2db22174013cd52fb, topology_type: Single, servers: [<ServerDescription ('0.0.0.0', 27017) server_type: Unknown, rtt: None, error=AutoReconnect('0.0.0.0:27017: [Errno 111] Connection refused')>]>
[2023-01-27T16:33:20.314+0000] {python.py:177} INFO - Done. Returned value was: None
[2023-01-27T16:33:20.324+0000] {taskinstance.py:1327} INFO - Marking task as SUCCESS. dag_id=Streaming_pipeline_meli, task_id=Status_info_mongodb, execution_date=20230127T162614, start_date=20230127T163250, end_date=20230127T163320
[2023-01-27T16:33:20.379+0000] {local_task_job.py:159} INFO - Task exited with return code 0
[2023-01-27T16:33:20.394+0000] {taskinstance.py:2582} INFO - 0 downstream tasks scheduled from follow-on schedule check
