[2023-01-27T16:45:09.485+0000] {taskinstance.py:1087} INFO - Dependencies all met for <TaskInstance: Streaming_pipeline_meli.Status_info_mongodb manual__2023-01-27T16:26:14.836684+00:00 [queued]>
[2023-01-27T16:45:09.493+0000] {taskinstance.py:1087} INFO - Dependencies all met for <TaskInstance: Streaming_pipeline_meli.Status_info_mongodb manual__2023-01-27T16:26:14.836684+00:00 [queued]>
[2023-01-27T16:45:09.493+0000] {taskinstance.py:1283} INFO - 
--------------------------------------------------------------------------------
[2023-01-27T16:45:09.494+0000] {taskinstance.py:1284} INFO - Starting attempt 5 of 10
[2023-01-27T16:45:09.494+0000] {taskinstance.py:1285} INFO - 
--------------------------------------------------------------------------------
[2023-01-27T16:45:09.506+0000] {taskinstance.py:1304} INFO - Executing <Task(PythonOperator): Status_info_mongodb> on 2023-01-27 16:26:14.836684+00:00
[2023-01-27T16:45:09.510+0000] {standard_task_runner.py:55} INFO - Started process 2123 to run task
[2023-01-27T16:45:09.513+0000] {standard_task_runner.py:82} INFO - Running: ['***', 'tasks', 'run', 'Streaming_pipeline_meli', 'Status_info_mongodb', 'manual__2023-01-27T16:26:14.836684+00:00', '--job-id', '1103', '--raw', '--subdir', 'DAGS_FOLDER/producer_dag.py', '--cfg-path', '/tmp/tmpwz_xxqyx']
[2023-01-27T16:45:09.514+0000] {standard_task_runner.py:83} INFO - Job 1103: Subtask Status_info_mongodb
[2023-01-27T16:45:09.561+0000] {task_command.py:389} INFO - Running <TaskInstance: Streaming_pipeline_meli.Status_info_mongodb manual__2023-01-27T16:26:14.836684+00:00 [running]> on host 502660defd2e
[2023-01-27T16:45:09.627+0000] {taskinstance.py:1513} INFO - Exporting the following env vars:
AIRFLOW_CTX_DAG_OWNER=***
AIRFLOW_CTX_DAG_ID=Streaming_pipeline_meli
AIRFLOW_CTX_TASK_ID=Status_info_mongodb
AIRFLOW_CTX_EXECUTION_DATE=2023-01-27T16:26:14.836684+00:00
AIRFLOW_CTX_TRY_NUMBER=5
AIRFLOW_CTX_DAG_RUN_ID=manual__2023-01-27T16:26:14.836684+00:00
[2023-01-27T16:45:39.636+0000] {producer_dag.py:70} ERROR - Error al conectar a mongoDB: mongodb:27017: [Errno -3] Temporary failure in name resolution, Timeout: 30s, Topology Description: <TopologyDescription id: 63d3ff95195982bf7e91be9b, topology_type: Single, servers: [<ServerDescription ('mongodb', 27017) server_type: Unknown, rtt: None, error=AutoReconnect('mongodb:27017: [Errno -3] Temporary failure in name resolution')>]>
[2023-01-27T16:45:39.637+0000] {python.py:177} INFO - Done. Returned value was: None
[2023-01-27T16:45:39.645+0000] {taskinstance.py:1327} INFO - Marking task as SUCCESS. dag_id=Streaming_pipeline_meli, task_id=Status_info_mongodb, execution_date=20230127T162614, start_date=20230127T164509, end_date=20230127T164539
[2023-01-27T16:45:39.675+0000] {local_task_job.py:159} INFO - Task exited with return code 0
[2023-01-27T16:45:39.698+0000] {taskinstance.py:2582} INFO - 0 downstream tasks scheduled from follow-on schedule check
