[2023-02-08T20:09:22.041+0000] {taskinstance.py:1087} INFO - Dependencies all met for <TaskInstance: Streaming_pipeline_meli.consumer_data_of_topic manual__2023-02-08T20:09:19.707449+00:00 [queued]>
[2023-02-08T20:09:22.051+0000] {taskinstance.py:1087} INFO - Dependencies all met for <TaskInstance: Streaming_pipeline_meli.consumer_data_of_topic manual__2023-02-08T20:09:19.707449+00:00 [queued]>
[2023-02-08T20:09:22.051+0000] {taskinstance.py:1283} INFO - 
--------------------------------------------------------------------------------
[2023-02-08T20:09:22.051+0000] {taskinstance.py:1284} INFO - Starting attempt 1 of 6
[2023-02-08T20:09:22.051+0000] {taskinstance.py:1285} INFO - 
--------------------------------------------------------------------------------
[2023-02-08T20:09:22.067+0000] {taskinstance.py:1304} INFO - Executing <Task(SparkSubmitOperator): consumer_data_of_topic> on 2023-02-08 20:09:19.707449+00:00
[2023-02-08T20:09:22.070+0000] {standard_task_runner.py:55} INFO - Started process 2088 to run task
[2023-02-08T20:09:22.075+0000] {standard_task_runner.py:82} INFO - Running: ['***', 'tasks', 'run', 'Streaming_pipeline_meli', 'consumer_data_of_topic', 'manual__2023-02-08T20:09:19.707449+00:00', '--job-id', '1385', '--raw', '--subdir', 'DAGS_FOLDER/streamPipeline.py', '--cfg-path', '/tmp/tmpqkpl9hf3']
[2023-02-08T20:09:22.075+0000] {standard_task_runner.py:83} INFO - Job 1385: Subtask consumer_data_of_topic
[2023-02-08T20:09:22.159+0000] {task_command.py:389} INFO - Running <TaskInstance: Streaming_pipeline_meli.consumer_data_of_topic manual__2023-02-08T20:09:19.707449+00:00 [running]> on host b55acaa82944
[2023-02-08T20:09:22.271+0000] {taskinstance.py:1513} INFO - Exporting the following env vars:
AIRFLOW_CTX_DAG_OWNER=***
AIRFLOW_CTX_DAG_ID=Streaming_pipeline_meli
AIRFLOW_CTX_TASK_ID=consumer_data_of_topic
AIRFLOW_CTX_EXECUTION_DATE=2023-02-08T20:09:19.707449+00:00
AIRFLOW_CTX_TRY_NUMBER=1
AIRFLOW_CTX_DAG_RUN_ID=manual__2023-02-08T20:09:19.707449+00:00
[2023-02-08T20:09:22.283+0000] {base.py:73} INFO - Using connection ID 'spark_default' for task execution.
[2023-02-08T20:09:22.284+0000] {spark_submit.py:344} INFO - Spark-Submit cmd: spark-submit --master spark://tomi-H310:7077 --packages org.apache.spark:spark-sql-kafka-0-10_2.12:3.1.3,org.mongodb.spark:mongo-spark-connector_2.12:3.0.1 --name arrow-spark --queue root.default /opt/***/dags/consumerSpark.py
[2023-02-08T20:09:22.407+0000] {spark_submit.py:495} INFO - /home/***/.local/lib/python3.7/site-packages/pyspark/bin/load-spark-env.sh: line 68: ps: command not found
[2023-02-08T20:09:23.997+0000] {spark_submit.py:495} INFO - :: loading settings :: url = jar:file:/home/***/.local/lib/python3.7/site-packages/pyspark/jars/ivy-2.5.0.jar!/org/apache/ivy/core/settings/ivysettings.xml
[2023-02-08T20:09:24.053+0000] {spark_submit.py:495} INFO - Ivy Default Cache set to: /home/***/.ivy2/cache
[2023-02-08T20:09:24.054+0000] {spark_submit.py:495} INFO - The jars for the packages stored in: /home/***/.ivy2/jars
[2023-02-08T20:09:24.058+0000] {spark_submit.py:495} INFO - org.apache.spark#spark-sql-kafka-0-10_2.12 added as a dependency
[2023-02-08T20:09:24.058+0000] {spark_submit.py:495} INFO - org.mongodb.spark#mongo-spark-connector_2.12 added as a dependency
[2023-02-08T20:09:24.059+0000] {spark_submit.py:495} INFO - :: resolving dependencies :: org.apache.spark#spark-submit-parent-c152ed02-12ce-4772-874f-4f582e0a158c;1.0
[2023-02-08T20:09:24.060+0000] {spark_submit.py:495} INFO - confs: [default]
[2023-02-08T20:09:24.205+0000] {spark_submit.py:495} INFO - found org.apache.spark#spark-sql-kafka-0-10_2.12;3.1.3 in central
[2023-02-08T20:09:24.253+0000] {spark_submit.py:495} INFO - found org.apache.spark#spark-token-provider-kafka-0-10_2.12;3.1.3 in central
[2023-02-08T20:09:24.274+0000] {spark_submit.py:495} INFO - found org.apache.kafka#kafka-clients;2.6.0 in central
[2023-02-08T20:09:24.294+0000] {spark_submit.py:495} INFO - found com.github.luben#zstd-jni;1.4.8-1 in central
[2023-02-08T20:09:24.309+0000] {spark_submit.py:495} INFO - found org.lz4#lz4-java;1.7.1 in central
[2023-02-08T20:09:24.323+0000] {spark_submit.py:495} INFO - found org.xerial.snappy#snappy-java;1.1.8.2 in central
[2023-02-08T20:09:24.336+0000] {spark_submit.py:495} INFO - found org.slf4j#slf4j-api;1.7.30 in central
[2023-02-08T20:09:24.348+0000] {spark_submit.py:495} INFO - found org.spark-project.spark#unused;1.0.0 in central
[2023-02-08T20:09:24.360+0000] {spark_submit.py:495} INFO - found org.apache.commons#commons-pool2;2.6.2 in central
[2023-02-08T20:09:24.371+0000] {spark_submit.py:495} INFO - found org.mongodb.spark#mongo-spark-connector_2.12;3.0.1 in central
[2023-02-08T20:09:24.379+0000] {spark_submit.py:495} INFO - found org.mongodb#mongodb-driver-sync;4.0.5 in central
[2023-02-08T20:09:24.388+0000] {spark_submit.py:495} INFO - found org.mongodb#bson;4.0.5 in central
[2023-02-08T20:09:24.396+0000] {spark_submit.py:495} INFO - found org.mongodb#mongodb-driver-core;4.0.5 in central
[2023-02-08T20:09:24.416+0000] {spark_submit.py:495} INFO - :: resolution report :: resolve 347ms :: artifacts dl 10ms
[2023-02-08T20:09:24.416+0000] {spark_submit.py:495} INFO - :: modules in use:
[2023-02-08T20:09:24.417+0000] {spark_submit.py:495} INFO - com.github.luben#zstd-jni;1.4.8-1 from central in [default]
[2023-02-08T20:09:24.417+0000] {spark_submit.py:495} INFO - org.apache.commons#commons-pool2;2.6.2 from central in [default]
[2023-02-08T20:09:24.417+0000] {spark_submit.py:495} INFO - org.apache.kafka#kafka-clients;2.6.0 from central in [default]
[2023-02-08T20:09:24.417+0000] {spark_submit.py:495} INFO - org.apache.spark#spark-sql-kafka-0-10_2.12;3.1.3 from central in [default]
[2023-02-08T20:09:24.417+0000] {spark_submit.py:495} INFO - org.apache.spark#spark-token-provider-kafka-0-10_2.12;3.1.3 from central in [default]
[2023-02-08T20:09:24.417+0000] {spark_submit.py:495} INFO - org.lz4#lz4-java;1.7.1 from central in [default]
[2023-02-08T20:09:24.417+0000] {spark_submit.py:495} INFO - org.mongodb#bson;4.0.5 from central in [default]
[2023-02-08T20:09:24.417+0000] {spark_submit.py:495} INFO - org.mongodb#mongodb-driver-core;4.0.5 from central in [default]
[2023-02-08T20:09:24.417+0000] {spark_submit.py:495} INFO - org.mongodb#mongodb-driver-sync;4.0.5 from central in [default]
[2023-02-08T20:09:24.417+0000] {spark_submit.py:495} INFO - org.mongodb.spark#mongo-spark-connector_2.12;3.0.1 from central in [default]
[2023-02-08T20:09:24.417+0000] {spark_submit.py:495} INFO - org.slf4j#slf4j-api;1.7.30 from central in [default]
[2023-02-08T20:09:24.417+0000] {spark_submit.py:495} INFO - org.spark-project.spark#unused;1.0.0 from central in [default]
[2023-02-08T20:09:24.417+0000] {spark_submit.py:495} INFO - org.xerial.snappy#snappy-java;1.1.8.2 from central in [default]
[2023-02-08T20:09:24.417+0000] {spark_submit.py:495} INFO - ---------------------------------------------------------------------
[2023-02-08T20:09:24.418+0000] {spark_submit.py:495} INFO - |                  |            modules            ||   artifacts   |
[2023-02-08T20:09:24.418+0000] {spark_submit.py:495} INFO - |       conf       | number| search|dwnlded|evicted|| number|dwnlded|
[2023-02-08T20:09:24.418+0000] {spark_submit.py:495} INFO - ---------------------------------------------------------------------
[2023-02-08T20:09:24.418+0000] {spark_submit.py:495} INFO - |      default     |   13  |   0   |   0   |   0   ||   13  |   0   |
[2023-02-08T20:09:24.418+0000] {spark_submit.py:495} INFO - ---------------------------------------------------------------------
[2023-02-08T20:09:24.422+0000] {spark_submit.py:495} INFO - :: retrieving :: org.apache.spark#spark-submit-parent-c152ed02-12ce-4772-874f-4f582e0a158c
[2023-02-08T20:09:24.422+0000] {spark_submit.py:495} INFO - confs: [default]
[2023-02-08T20:09:24.428+0000] {spark_submit.py:495} INFO - 0 artifacts copied, 13 already retrieved (0kB/6ms)
[2023-02-08T20:09:24.615+0000] {spark_submit.py:495} INFO - 23/02/08 20:09:24 WARN NativeCodeLoader: Unable to load native-hadoop library for your platform... using builtin-java classes where applicable
[2023-02-08T20:09:25.430+0000] {spark_submit.py:495} INFO - 23/02/08 20:09:25 INFO SparkContext: Running Spark version 3.3.1
[2023-02-08T20:09:25.447+0000] {spark_submit.py:495} INFO - 23/02/08 20:09:25 INFO ResourceUtils: ==============================================================
[2023-02-08T20:09:25.447+0000] {spark_submit.py:495} INFO - 23/02/08 20:09:25 INFO ResourceUtils: No custom resources configured for spark.driver.
[2023-02-08T20:09:25.447+0000] {spark_submit.py:495} INFO - 23/02/08 20:09:25 INFO ResourceUtils: ==============================================================
[2023-02-08T20:09:25.447+0000] {spark_submit.py:495} INFO - 23/02/08 20:09:25 INFO SparkContext: Submitted application: arrow-spark
[2023-02-08T20:09:25.463+0000] {spark_submit.py:495} INFO - 23/02/08 20:09:25 INFO ResourceProfile: Default ResourceProfile created, executor resources: Map(cores -> name: cores, amount: 1, script: , vendor: , memory -> name: memory, amount: 1024, script: , vendor: , offHeap -> name: offHeap, amount: 0, script: , vendor: ), task resources: Map(cpus -> name: cpus, amount: 1.0)
[2023-02-08T20:09:25.474+0000] {spark_submit.py:495} INFO - 23/02/08 20:09:25 INFO ResourceProfile: Limiting resource is cpu
[2023-02-08T20:09:25.475+0000] {spark_submit.py:495} INFO - 23/02/08 20:09:25 INFO ResourceProfileManager: Added ResourceProfile id: 0
[2023-02-08T20:09:25.512+0000] {spark_submit.py:495} INFO - 23/02/08 20:09:25 INFO SecurityManager: Changing view acls to: default
[2023-02-08T20:09:25.512+0000] {spark_submit.py:495} INFO - 23/02/08 20:09:25 INFO SecurityManager: Changing modify acls to: default
[2023-02-08T20:09:25.513+0000] {spark_submit.py:495} INFO - 23/02/08 20:09:25 INFO SecurityManager: Changing view acls groups to:
[2023-02-08T20:09:25.513+0000] {spark_submit.py:495} INFO - 23/02/08 20:09:25 INFO SecurityManager: Changing modify acls groups to:
[2023-02-08T20:09:25.513+0000] {spark_submit.py:495} INFO - 23/02/08 20:09:25 INFO SecurityManager: SecurityManager: authentication disabled; ui acls disabled; users  with view permissions: Set(default); groups with view permissions: Set(); users  with modify permissions: Set(default); groups with modify permissions: Set()
[2023-02-08T20:09:25.803+0000] {spark_submit.py:495} INFO - 23/02/08 20:09:25 INFO Utils: Successfully started service 'sparkDriver' on port 37959.
[2023-02-08T20:09:25.851+0000] {spark_submit.py:495} INFO - 23/02/08 20:09:25 INFO SparkEnv: Registering MapOutputTracker
[2023-02-08T20:09:25.876+0000] {spark_submit.py:495} INFO - 23/02/08 20:09:25 INFO SparkEnv: Registering BlockManagerMaster
[2023-02-08T20:09:25.889+0000] {spark_submit.py:495} INFO - 23/02/08 20:09:25 INFO BlockManagerMasterEndpoint: Using org.apache.spark.storage.DefaultTopologyMapper for getting topology information
[2023-02-08T20:09:25.890+0000] {spark_submit.py:495} INFO - 23/02/08 20:09:25 INFO BlockManagerMasterEndpoint: BlockManagerMasterEndpoint up
[2023-02-08T20:09:25.896+0000] {spark_submit.py:495} INFO - 23/02/08 20:09:25 INFO SparkEnv: Registering BlockManagerMasterHeartbeat
[2023-02-08T20:09:25.917+0000] {spark_submit.py:495} INFO - 23/02/08 20:09:25 INFO DiskBlockManager: Created local directory at /tmp/blockmgr-100d2391-6475-44dd-8a42-91aa65be325a
[2023-02-08T20:09:25.932+0000] {spark_submit.py:495} INFO - 23/02/08 20:09:25 INFO MemoryStore: MemoryStore started with capacity 434.4 MiB
[2023-02-08T20:09:25.944+0000] {spark_submit.py:495} INFO - 23/02/08 20:09:25 INFO SparkEnv: Registering OutputCommitCoordinator
[2023-02-08T20:09:26.185+0000] {spark_submit.py:495} INFO - 23/02/08 20:09:26 INFO Utils: Successfully started service 'SparkUI' on port 4040.
[2023-02-08T20:09:26.256+0000] {spark_submit.py:495} INFO - 23/02/08 20:09:26 INFO SparkContext: Added JAR file:///home/***/.ivy2/jars/org.apache.spark_spark-sql-kafka-0-10_2.12-3.1.3.jar at spark://b55acaa82944:37959/jars/org.apache.spark_spark-sql-kafka-0-10_2.12-3.1.3.jar with timestamp 1675886965416
[2023-02-08T20:09:26.257+0000] {spark_submit.py:495} INFO - 23/02/08 20:09:26 INFO SparkContext: Added JAR file:///home/***/.ivy2/jars/org.mongodb.spark_mongo-spark-connector_2.12-3.0.1.jar at spark://b55acaa82944:37959/jars/org.mongodb.spark_mongo-spark-connector_2.12-3.0.1.jar with timestamp 1675886965416
[2023-02-08T20:09:26.257+0000] {spark_submit.py:495} INFO - 23/02/08 20:09:26 INFO SparkContext: Added JAR file:///home/***/.ivy2/jars/org.apache.spark_spark-token-provider-kafka-0-10_2.12-3.1.3.jar at spark://b55acaa82944:37959/jars/org.apache.spark_spark-token-provider-kafka-0-10_2.12-3.1.3.jar with timestamp 1675886965416
[2023-02-08T20:09:26.257+0000] {spark_submit.py:495} INFO - 23/02/08 20:09:26 INFO SparkContext: Added JAR file:///home/***/.ivy2/jars/org.apache.kafka_kafka-clients-2.6.0.jar at spark://b55acaa82944:37959/jars/org.apache.kafka_kafka-clients-2.6.0.jar with timestamp 1675886965416
[2023-02-08T20:09:26.257+0000] {spark_submit.py:495} INFO - 23/02/08 20:09:26 INFO SparkContext: Added JAR file:///home/***/.ivy2/jars/org.apache.commons_commons-pool2-2.6.2.jar at spark://b55acaa82944:37959/jars/org.apache.commons_commons-pool2-2.6.2.jar with timestamp 1675886965416
[2023-02-08T20:09:26.257+0000] {spark_submit.py:495} INFO - 23/02/08 20:09:26 INFO SparkContext: Added JAR file:///home/***/.ivy2/jars/org.spark-project.spark_unused-1.0.0.jar at spark://b55acaa82944:37959/jars/org.spark-project.spark_unused-1.0.0.jar with timestamp 1675886965416
[2023-02-08T20:09:26.257+0000] {spark_submit.py:495} INFO - 23/02/08 20:09:26 INFO SparkContext: Added JAR file:///home/***/.ivy2/jars/com.github.luben_zstd-jni-1.4.8-1.jar at spark://b55acaa82944:37959/jars/com.github.luben_zstd-jni-1.4.8-1.jar with timestamp 1675886965416
[2023-02-08T20:09:26.257+0000] {spark_submit.py:495} INFO - 23/02/08 20:09:26 INFO SparkContext: Added JAR file:///home/***/.ivy2/jars/org.lz4_lz4-java-1.7.1.jar at spark://b55acaa82944:37959/jars/org.lz4_lz4-java-1.7.1.jar with timestamp 1675886965416
[2023-02-08T20:09:26.257+0000] {spark_submit.py:495} INFO - 23/02/08 20:09:26 INFO SparkContext: Added JAR file:///home/***/.ivy2/jars/org.xerial.snappy_snappy-java-1.1.8.2.jar at spark://b55acaa82944:37959/jars/org.xerial.snappy_snappy-java-1.1.8.2.jar with timestamp 1675886965416
[2023-02-08T20:09:26.258+0000] {spark_submit.py:495} INFO - 23/02/08 20:09:26 INFO SparkContext: Added JAR file:///home/***/.ivy2/jars/org.slf4j_slf4j-api-1.7.30.jar at spark://b55acaa82944:37959/jars/org.slf4j_slf4j-api-1.7.30.jar with timestamp 1675886965416
[2023-02-08T20:09:26.258+0000] {spark_submit.py:495} INFO - 23/02/08 20:09:26 INFO SparkContext: Added JAR file:///home/***/.ivy2/jars/org.mongodb_mongodb-driver-sync-4.0.5.jar at spark://b55acaa82944:37959/jars/org.mongodb_mongodb-driver-sync-4.0.5.jar with timestamp 1675886965416
[2023-02-08T20:09:26.267+0000] {spark_submit.py:495} INFO - 23/02/08 20:09:26 INFO SparkContext: Added JAR file:///home/***/.ivy2/jars/org.mongodb_bson-4.0.5.jar at spark://b55acaa82944:37959/jars/org.mongodb_bson-4.0.5.jar with timestamp 1675886965416
[2023-02-08T20:09:26.268+0000] {spark_submit.py:495} INFO - 23/02/08 20:09:26 INFO SparkContext: Added JAR file:///home/***/.ivy2/jars/org.mongodb_mongodb-driver-core-4.0.5.jar at spark://b55acaa82944:37959/jars/org.mongodb_mongodb-driver-core-4.0.5.jar with timestamp 1675886965416
[2023-02-08T20:09:26.270+0000] {spark_submit.py:495} INFO - 23/02/08 20:09:26 INFO SparkContext: Added file file:///home/***/.ivy2/jars/org.apache.spark_spark-sql-kafka-0-10_2.12-3.1.3.jar at file:///home/***/.ivy2/jars/org.apache.spark_spark-sql-kafka-0-10_2.12-3.1.3.jar with timestamp 1675886965416
[2023-02-08T20:09:26.271+0000] {spark_submit.py:495} INFO - 23/02/08 20:09:26 INFO Utils: Copying /home/***/.ivy2/jars/org.apache.spark_spark-sql-kafka-0-10_2.12-3.1.3.jar to /tmp/spark-6bb50286-9e8c-4821-aecb-bb9447dfb906/userFiles-fb59bb55-6296-4bc4-8c59-532f36fe8daa/org.apache.spark_spark-sql-kafka-0-10_2.12-3.1.3.jar
[2023-02-08T20:09:26.291+0000] {spark_submit.py:495} INFO - 23/02/08 20:09:26 INFO SparkContext: Added file file:///home/***/.ivy2/jars/org.mongodb.spark_mongo-spark-connector_2.12-3.0.1.jar at file:///home/***/.ivy2/jars/org.mongodb.spark_mongo-spark-connector_2.12-3.0.1.jar with timestamp 1675886965416
[2023-02-08T20:09:26.291+0000] {spark_submit.py:495} INFO - 23/02/08 20:09:26 INFO Utils: Copying /home/***/.ivy2/jars/org.mongodb.spark_mongo-spark-connector_2.12-3.0.1.jar to /tmp/spark-6bb50286-9e8c-4821-aecb-bb9447dfb906/userFiles-fb59bb55-6296-4bc4-8c59-532f36fe8daa/org.mongodb.spark_mongo-spark-connector_2.12-3.0.1.jar
[2023-02-08T20:09:26.303+0000] {spark_submit.py:495} INFO - 23/02/08 20:09:26 INFO SparkContext: Added file file:///home/***/.ivy2/jars/org.apache.spark_spark-token-provider-kafka-0-10_2.12-3.1.3.jar at file:///home/***/.ivy2/jars/org.apache.spark_spark-token-provider-kafka-0-10_2.12-3.1.3.jar with timestamp 1675886965416
[2023-02-08T20:09:26.303+0000] {spark_submit.py:495} INFO - 23/02/08 20:09:26 INFO Utils: Copying /home/***/.ivy2/jars/org.apache.spark_spark-token-provider-kafka-0-10_2.12-3.1.3.jar to /tmp/spark-6bb50286-9e8c-4821-aecb-bb9447dfb906/userFiles-fb59bb55-6296-4bc4-8c59-532f36fe8daa/org.apache.spark_spark-token-provider-kafka-0-10_2.12-3.1.3.jar
[2023-02-08T20:09:26.316+0000] {spark_submit.py:495} INFO - 23/02/08 20:09:26 INFO SparkContext: Added file file:///home/***/.ivy2/jars/org.apache.kafka_kafka-clients-2.6.0.jar at file:///home/***/.ivy2/jars/org.apache.kafka_kafka-clients-2.6.0.jar with timestamp 1675886965416
[2023-02-08T20:09:26.316+0000] {spark_submit.py:495} INFO - 23/02/08 20:09:26 INFO Utils: Copying /home/***/.ivy2/jars/org.apache.kafka_kafka-clients-2.6.0.jar to /tmp/spark-6bb50286-9e8c-4821-aecb-bb9447dfb906/userFiles-fb59bb55-6296-4bc4-8c59-532f36fe8daa/org.apache.kafka_kafka-clients-2.6.0.jar
[2023-02-08T20:09:26.366+0000] {spark_submit.py:495} INFO - 23/02/08 20:09:26 INFO SparkContext: Added file file:///home/***/.ivy2/jars/org.apache.commons_commons-pool2-2.6.2.jar at file:///home/***/.ivy2/jars/org.apache.commons_commons-pool2-2.6.2.jar with timestamp 1675886965416
[2023-02-08T20:09:26.366+0000] {spark_submit.py:495} INFO - 23/02/08 20:09:26 INFO Utils: Copying /home/***/.ivy2/jars/org.apache.commons_commons-pool2-2.6.2.jar to /tmp/spark-6bb50286-9e8c-4821-aecb-bb9447dfb906/userFiles-fb59bb55-6296-4bc4-8c59-532f36fe8daa/org.apache.commons_commons-pool2-2.6.2.jar
[2023-02-08T20:09:26.405+0000] {spark_submit.py:495} INFO - 23/02/08 20:09:26 INFO SparkContext: Added file file:///home/***/.ivy2/jars/org.spark-project.spark_unused-1.0.0.jar at file:///home/***/.ivy2/jars/org.spark-project.spark_unused-1.0.0.jar with timestamp 1675886965416
[2023-02-08T20:09:26.405+0000] {spark_submit.py:495} INFO - 23/02/08 20:09:26 INFO Utils: Copying /home/***/.ivy2/jars/org.spark-project.spark_unused-1.0.0.jar to /tmp/spark-6bb50286-9e8c-4821-aecb-bb9447dfb906/userFiles-fb59bb55-6296-4bc4-8c59-532f36fe8daa/org.spark-project.spark_unused-1.0.0.jar
[2023-02-08T20:09:26.427+0000] {spark_submit.py:495} INFO - 23/02/08 20:09:26 INFO SparkContext: Added file file:///home/***/.ivy2/jars/com.github.luben_zstd-jni-1.4.8-1.jar at file:///home/***/.ivy2/jars/com.github.luben_zstd-jni-1.4.8-1.jar with timestamp 1675886965416
[2023-02-08T20:09:26.427+0000] {spark_submit.py:495} INFO - 23/02/08 20:09:26 INFO Utils: Copying /home/***/.ivy2/jars/com.github.luben_zstd-jni-1.4.8-1.jar to /tmp/spark-6bb50286-9e8c-4821-aecb-bb9447dfb906/userFiles-fb59bb55-6296-4bc4-8c59-532f36fe8daa/com.github.luben_zstd-jni-1.4.8-1.jar
[2023-02-08T20:09:26.437+0000] {spark_submit.py:495} INFO - 23/02/08 20:09:26 INFO SparkContext: Added file file:///home/***/.ivy2/jars/org.lz4_lz4-java-1.7.1.jar at file:///home/***/.ivy2/jars/org.lz4_lz4-java-1.7.1.jar with timestamp 1675886965416
[2023-02-08T20:09:26.437+0000] {spark_submit.py:495} INFO - 23/02/08 20:09:26 INFO Utils: Copying /home/***/.ivy2/jars/org.lz4_lz4-java-1.7.1.jar to /tmp/spark-6bb50286-9e8c-4821-aecb-bb9447dfb906/userFiles-fb59bb55-6296-4bc4-8c59-532f36fe8daa/org.lz4_lz4-java-1.7.1.jar
[2023-02-08T20:09:26.444+0000] {spark_submit.py:495} INFO - 23/02/08 20:09:26 INFO SparkContext: Added file file:///home/***/.ivy2/jars/org.xerial.snappy_snappy-java-1.1.8.2.jar at file:///home/***/.ivy2/jars/org.xerial.snappy_snappy-java-1.1.8.2.jar with timestamp 1675886965416
[2023-02-08T20:09:26.444+0000] {spark_submit.py:495} INFO - 23/02/08 20:09:26 INFO Utils: Copying /home/***/.ivy2/jars/org.xerial.snappy_snappy-java-1.1.8.2.jar to /tmp/spark-6bb50286-9e8c-4821-aecb-bb9447dfb906/userFiles-fb59bb55-6296-4bc4-8c59-532f36fe8daa/org.xerial.snappy_snappy-java-1.1.8.2.jar
[2023-02-08T20:09:26.453+0000] {spark_submit.py:495} INFO - 23/02/08 20:09:26 INFO SparkContext: Added file file:///home/***/.ivy2/jars/org.slf4j_slf4j-api-1.7.30.jar at file:///home/***/.ivy2/jars/org.slf4j_slf4j-api-1.7.30.jar with timestamp 1675886965416
[2023-02-08T20:09:26.453+0000] {spark_submit.py:495} INFO - 23/02/08 20:09:26 INFO Utils: Copying /home/***/.ivy2/jars/org.slf4j_slf4j-api-1.7.30.jar to /tmp/spark-6bb50286-9e8c-4821-aecb-bb9447dfb906/userFiles-fb59bb55-6296-4bc4-8c59-532f36fe8daa/org.slf4j_slf4j-api-1.7.30.jar
[2023-02-08T20:09:26.461+0000] {spark_submit.py:495} INFO - 23/02/08 20:09:26 INFO SparkContext: Added file file:///home/***/.ivy2/jars/org.mongodb_mongodb-driver-sync-4.0.5.jar at file:///home/***/.ivy2/jars/org.mongodb_mongodb-driver-sync-4.0.5.jar with timestamp 1675886965416
[2023-02-08T20:09:26.462+0000] {spark_submit.py:495} INFO - 23/02/08 20:09:26 INFO Utils: Copying /home/***/.ivy2/jars/org.mongodb_mongodb-driver-sync-4.0.5.jar to /tmp/spark-6bb50286-9e8c-4821-aecb-bb9447dfb906/userFiles-fb59bb55-6296-4bc4-8c59-532f36fe8daa/org.mongodb_mongodb-driver-sync-4.0.5.jar
[2023-02-08T20:09:26.471+0000] {spark_submit.py:495} INFO - 23/02/08 20:09:26 INFO SparkContext: Added file file:///home/***/.ivy2/jars/org.mongodb_bson-4.0.5.jar at file:///home/***/.ivy2/jars/org.mongodb_bson-4.0.5.jar with timestamp 1675886965416
[2023-02-08T20:09:26.471+0000] {spark_submit.py:495} INFO - 23/02/08 20:09:26 INFO Utils: Copying /home/***/.ivy2/jars/org.mongodb_bson-4.0.5.jar to /tmp/spark-6bb50286-9e8c-4821-aecb-bb9447dfb906/userFiles-fb59bb55-6296-4bc4-8c59-532f36fe8daa/org.mongodb_bson-4.0.5.jar
[2023-02-08T20:09:26.488+0000] {spark_submit.py:495} INFO - 23/02/08 20:09:26 INFO SparkContext: Added file file:///home/***/.ivy2/jars/org.mongodb_mongodb-driver-core-4.0.5.jar at file:///home/***/.ivy2/jars/org.mongodb_mongodb-driver-core-4.0.5.jar with timestamp 1675886965416
[2023-02-08T20:09:26.489+0000] {spark_submit.py:495} INFO - 23/02/08 20:09:26 INFO Utils: Copying /home/***/.ivy2/jars/org.mongodb_mongodb-driver-core-4.0.5.jar to /tmp/spark-6bb50286-9e8c-4821-aecb-bb9447dfb906/userFiles-fb59bb55-6296-4bc4-8c59-532f36fe8daa/org.mongodb_mongodb-driver-core-4.0.5.jar
[2023-02-08T20:09:26.610+0000] {spark_submit.py:495} INFO - 23/02/08 20:09:26 INFO Executor: Starting executor ID driver on host b55acaa82944
[2023-02-08T20:09:26.616+0000] {spark_submit.py:495} INFO - 23/02/08 20:09:26 INFO Executor: Starting executor with user classpath (userClassPathFirst = false): ''
[2023-02-08T20:09:26.633+0000] {spark_submit.py:495} INFO - 23/02/08 20:09:26 INFO Executor: Fetching file:///home/***/.ivy2/jars/org.apache.spark_spark-token-provider-kafka-0-10_2.12-3.1.3.jar with timestamp 1675886965416
[2023-02-08T20:09:26.660+0000] {spark_submit.py:495} INFO - 23/02/08 20:09:26 INFO Utils: /home/***/.ivy2/jars/org.apache.spark_spark-token-provider-kafka-0-10_2.12-3.1.3.jar has been previously copied to /tmp/spark-6bb50286-9e8c-4821-aecb-bb9447dfb906/userFiles-fb59bb55-6296-4bc4-8c59-532f36fe8daa/org.apache.spark_spark-token-provider-kafka-0-10_2.12-3.1.3.jar
[2023-02-08T20:09:26.671+0000] {spark_submit.py:495} INFO - 23/02/08 20:09:26 INFO Executor: Fetching file:///home/***/.ivy2/jars/org.mongodb_mongodb-driver-sync-4.0.5.jar with timestamp 1675886965416
[2023-02-08T20:09:26.671+0000] {spark_submit.py:495} INFO - 23/02/08 20:09:26 INFO Utils: /home/***/.ivy2/jars/org.mongodb_mongodb-driver-sync-4.0.5.jar has been previously copied to /tmp/spark-6bb50286-9e8c-4821-aecb-bb9447dfb906/userFiles-fb59bb55-6296-4bc4-8c59-532f36fe8daa/org.mongodb_mongodb-driver-sync-4.0.5.jar
[2023-02-08T20:09:26.699+0000] {spark_submit.py:495} INFO - 23/02/08 20:09:26 INFO Executor: Fetching file:///home/***/.ivy2/jars/org.apache.kafka_kafka-clients-2.6.0.jar with timestamp 1675886965416
[2023-02-08T20:09:26.715+0000] {spark_submit.py:495} INFO - 23/02/08 20:09:26 INFO Utils: /home/***/.ivy2/jars/org.apache.kafka_kafka-clients-2.6.0.jar has been previously copied to /tmp/spark-6bb50286-9e8c-4821-aecb-bb9447dfb906/userFiles-fb59bb55-6296-4bc4-8c59-532f36fe8daa/org.apache.kafka_kafka-clients-2.6.0.jar
[2023-02-08T20:09:26.735+0000] {spark_submit.py:495} INFO - 23/02/08 20:09:26 INFO Executor: Fetching file:///home/***/.ivy2/jars/org.mongodb_bson-4.0.5.jar with timestamp 1675886965416
[2023-02-08T20:09:26.735+0000] {spark_submit.py:495} INFO - 23/02/08 20:09:26 INFO Utils: /home/***/.ivy2/jars/org.mongodb_bson-4.0.5.jar has been previously copied to /tmp/spark-6bb50286-9e8c-4821-aecb-bb9447dfb906/userFiles-fb59bb55-6296-4bc4-8c59-532f36fe8daa/org.mongodb_bson-4.0.5.jar
[2023-02-08T20:09:26.750+0000] {spark_submit.py:495} INFO - 23/02/08 20:09:26 INFO Executor: Fetching file:///home/***/.ivy2/jars/com.github.luben_zstd-jni-1.4.8-1.jar with timestamp 1675886965416
[2023-02-08T20:09:26.755+0000] {spark_submit.py:495} INFO - 23/02/08 20:09:26 INFO Utils: /home/***/.ivy2/jars/com.github.luben_zstd-jni-1.4.8-1.jar has been previously copied to /tmp/spark-6bb50286-9e8c-4821-aecb-bb9447dfb906/userFiles-fb59bb55-6296-4bc4-8c59-532f36fe8daa/com.github.luben_zstd-jni-1.4.8-1.jar
[2023-02-08T20:09:26.765+0000] {spark_submit.py:495} INFO - 23/02/08 20:09:26 INFO Executor: Fetching file:///home/***/.ivy2/jars/org.lz4_lz4-java-1.7.1.jar with timestamp 1675886965416
[2023-02-08T20:09:26.767+0000] {spark_submit.py:495} INFO - 23/02/08 20:09:26 INFO Utils: /home/***/.ivy2/jars/org.lz4_lz4-java-1.7.1.jar has been previously copied to /tmp/spark-6bb50286-9e8c-4821-aecb-bb9447dfb906/userFiles-fb59bb55-6296-4bc4-8c59-532f36fe8daa/org.lz4_lz4-java-1.7.1.jar
[2023-02-08T20:09:26.787+0000] {spark_submit.py:495} INFO - 23/02/08 20:09:26 INFO Executor: Fetching file:///home/***/.ivy2/jars/org.spark-project.spark_unused-1.0.0.jar with timestamp 1675886965416
[2023-02-08T20:09:26.788+0000] {spark_submit.py:495} INFO - 23/02/08 20:09:26 INFO Utils: /home/***/.ivy2/jars/org.spark-project.spark_unused-1.0.0.jar has been previously copied to /tmp/spark-6bb50286-9e8c-4821-aecb-bb9447dfb906/userFiles-fb59bb55-6296-4bc4-8c59-532f36fe8daa/org.spark-project.spark_unused-1.0.0.jar
[2023-02-08T20:09:26.800+0000] {spark_submit.py:495} INFO - 23/02/08 20:09:26 INFO Executor: Fetching file:///home/***/.ivy2/jars/org.xerial.snappy_snappy-java-1.1.8.2.jar with timestamp 1675886965416
[2023-02-08T20:09:26.802+0000] {spark_submit.py:495} INFO - 23/02/08 20:09:26 INFO Utils: /home/***/.ivy2/jars/org.xerial.snappy_snappy-java-1.1.8.2.jar has been previously copied to /tmp/spark-6bb50286-9e8c-4821-aecb-bb9447dfb906/userFiles-fb59bb55-6296-4bc4-8c59-532f36fe8daa/org.xerial.snappy_snappy-java-1.1.8.2.jar
[2023-02-08T20:09:26.817+0000] {spark_submit.py:495} INFO - 23/02/08 20:09:26 INFO Executor: Fetching file:///home/***/.ivy2/jars/org.mongodb_mongodb-driver-core-4.0.5.jar with timestamp 1675886965416
[2023-02-08T20:09:26.820+0000] {spark_submit.py:495} INFO - 23/02/08 20:09:26 INFO Utils: /home/***/.ivy2/jars/org.mongodb_mongodb-driver-core-4.0.5.jar has been previously copied to /tmp/spark-6bb50286-9e8c-4821-aecb-bb9447dfb906/userFiles-fb59bb55-6296-4bc4-8c59-532f36fe8daa/org.mongodb_mongodb-driver-core-4.0.5.jar
[2023-02-08T20:09:26.833+0000] {spark_submit.py:495} INFO - 23/02/08 20:09:26 INFO Executor: Fetching file:///home/***/.ivy2/jars/org.apache.spark_spark-sql-kafka-0-10_2.12-3.1.3.jar with timestamp 1675886965416
[2023-02-08T20:09:26.833+0000] {spark_submit.py:495} INFO - 23/02/08 20:09:26 INFO Utils: /home/***/.ivy2/jars/org.apache.spark_spark-sql-kafka-0-10_2.12-3.1.3.jar has been previously copied to /tmp/spark-6bb50286-9e8c-4821-aecb-bb9447dfb906/userFiles-fb59bb55-6296-4bc4-8c59-532f36fe8daa/org.apache.spark_spark-sql-kafka-0-10_2.12-3.1.3.jar
[2023-02-08T20:09:26.852+0000] {spark_submit.py:495} INFO - 23/02/08 20:09:26 INFO Executor: Fetching file:///home/***/.ivy2/jars/org.mongodb.spark_mongo-spark-connector_2.12-3.0.1.jar with timestamp 1675886965416
[2023-02-08T20:09:26.852+0000] {spark_submit.py:495} INFO - 23/02/08 20:09:26 INFO Utils: /home/***/.ivy2/jars/org.mongodb.spark_mongo-spark-connector_2.12-3.0.1.jar has been previously copied to /tmp/spark-6bb50286-9e8c-4821-aecb-bb9447dfb906/userFiles-fb59bb55-6296-4bc4-8c59-532f36fe8daa/org.mongodb.spark_mongo-spark-connector_2.12-3.0.1.jar
[2023-02-08T20:09:26.868+0000] {spark_submit.py:495} INFO - 23/02/08 20:09:26 INFO Executor: Fetching file:///home/***/.ivy2/jars/org.apache.commons_commons-pool2-2.6.2.jar with timestamp 1675886965416
[2023-02-08T20:09:26.869+0000] {spark_submit.py:495} INFO - 23/02/08 20:09:26 INFO Utils: /home/***/.ivy2/jars/org.apache.commons_commons-pool2-2.6.2.jar has been previously copied to /tmp/spark-6bb50286-9e8c-4821-aecb-bb9447dfb906/userFiles-fb59bb55-6296-4bc4-8c59-532f36fe8daa/org.apache.commons_commons-pool2-2.6.2.jar
[2023-02-08T20:09:26.890+0000] {spark_submit.py:495} INFO - 23/02/08 20:09:26 INFO Executor: Fetching file:///home/***/.ivy2/jars/org.slf4j_slf4j-api-1.7.30.jar with timestamp 1675886965416
[2023-02-08T20:09:26.890+0000] {spark_submit.py:495} INFO - 23/02/08 20:09:26 INFO Utils: /home/***/.ivy2/jars/org.slf4j_slf4j-api-1.7.30.jar has been previously copied to /tmp/spark-6bb50286-9e8c-4821-aecb-bb9447dfb906/userFiles-fb59bb55-6296-4bc4-8c59-532f36fe8daa/org.slf4j_slf4j-api-1.7.30.jar
[2023-02-08T20:09:26.897+0000] {spark_submit.py:495} INFO - 23/02/08 20:09:26 INFO Executor: Fetching spark://b55acaa82944:37959/jars/org.apache.commons_commons-pool2-2.6.2.jar with timestamp 1675886965416
[2023-02-08T20:09:26.956+0000] {spark_submit.py:495} INFO - 23/02/08 20:09:26 INFO TransportClientFactory: Successfully created connection to b55acaa82944/172.20.0.6:37959 after 50 ms (0 ms spent in bootstraps)
[2023-02-08T20:09:26.979+0000] {spark_submit.py:495} INFO - 23/02/08 20:09:26 INFO Utils: Fetching spark://b55acaa82944:37959/jars/org.apache.commons_commons-pool2-2.6.2.jar to /tmp/spark-6bb50286-9e8c-4821-aecb-bb9447dfb906/userFiles-fb59bb55-6296-4bc4-8c59-532f36fe8daa/fetchFileTemp8144452989642089429.tmp
[2023-02-08T20:09:27.013+0000] {spark_submit.py:495} INFO - 23/02/08 20:09:27 INFO Utils: /tmp/spark-6bb50286-9e8c-4821-aecb-bb9447dfb906/userFiles-fb59bb55-6296-4bc4-8c59-532f36fe8daa/fetchFileTemp8144452989642089429.tmp has been previously copied to /tmp/spark-6bb50286-9e8c-4821-aecb-bb9447dfb906/userFiles-fb59bb55-6296-4bc4-8c59-532f36fe8daa/org.apache.commons_commons-pool2-2.6.2.jar
[2023-02-08T20:09:27.017+0000] {spark_submit.py:495} INFO - 23/02/08 20:09:27 INFO Executor: Adding file:/tmp/spark-6bb50286-9e8c-4821-aecb-bb9447dfb906/userFiles-fb59bb55-6296-4bc4-8c59-532f36fe8daa/org.apache.commons_commons-pool2-2.6.2.jar to class loader
[2023-02-08T20:09:27.017+0000] {spark_submit.py:495} INFO - 23/02/08 20:09:27 INFO Executor: Fetching spark://b55acaa82944:37959/jars/org.mongodb.spark_mongo-spark-connector_2.12-3.0.1.jar with timestamp 1675886965416
[2023-02-08T20:09:27.017+0000] {spark_submit.py:495} INFO - 23/02/08 20:09:27 INFO Utils: Fetching spark://b55acaa82944:37959/jars/org.mongodb.spark_mongo-spark-connector_2.12-3.0.1.jar to /tmp/spark-6bb50286-9e8c-4821-aecb-bb9447dfb906/userFiles-fb59bb55-6296-4bc4-8c59-532f36fe8daa/fetchFileTemp11987500714701023737.tmp
[2023-02-08T20:09:27.023+0000] {spark_submit.py:495} INFO - 23/02/08 20:09:27 INFO Utils: /tmp/spark-6bb50286-9e8c-4821-aecb-bb9447dfb906/userFiles-fb59bb55-6296-4bc4-8c59-532f36fe8daa/fetchFileTemp11987500714701023737.tmp has been previously copied to /tmp/spark-6bb50286-9e8c-4821-aecb-bb9447dfb906/userFiles-fb59bb55-6296-4bc4-8c59-532f36fe8daa/org.mongodb.spark_mongo-spark-connector_2.12-3.0.1.jar
[2023-02-08T20:09:27.027+0000] {spark_submit.py:495} INFO - 23/02/08 20:09:27 INFO Executor: Adding file:/tmp/spark-6bb50286-9e8c-4821-aecb-bb9447dfb906/userFiles-fb59bb55-6296-4bc4-8c59-532f36fe8daa/org.mongodb.spark_mongo-spark-connector_2.12-3.0.1.jar to class loader
[2023-02-08T20:09:27.027+0000] {spark_submit.py:495} INFO - 23/02/08 20:09:27 INFO Executor: Fetching spark://b55acaa82944:37959/jars/org.slf4j_slf4j-api-1.7.30.jar with timestamp 1675886965416
[2023-02-08T20:09:27.028+0000] {spark_submit.py:495} INFO - 23/02/08 20:09:27 INFO Utils: Fetching spark://b55acaa82944:37959/jars/org.slf4j_slf4j-api-1.7.30.jar to /tmp/spark-6bb50286-9e8c-4821-aecb-bb9447dfb906/userFiles-fb59bb55-6296-4bc4-8c59-532f36fe8daa/fetchFileTemp15051873972397049025.tmp
[2023-02-08T20:09:27.030+0000] {spark_submit.py:495} INFO - 23/02/08 20:09:27 INFO Utils: /tmp/spark-6bb50286-9e8c-4821-aecb-bb9447dfb906/userFiles-fb59bb55-6296-4bc4-8c59-532f36fe8daa/fetchFileTemp15051873972397049025.tmp has been previously copied to /tmp/spark-6bb50286-9e8c-4821-aecb-bb9447dfb906/userFiles-fb59bb55-6296-4bc4-8c59-532f36fe8daa/org.slf4j_slf4j-api-1.7.30.jar
[2023-02-08T20:09:27.044+0000] {spark_submit.py:495} INFO - 23/02/08 20:09:27 INFO Executor: Adding file:/tmp/spark-6bb50286-9e8c-4821-aecb-bb9447dfb906/userFiles-fb59bb55-6296-4bc4-8c59-532f36fe8daa/org.slf4j_slf4j-api-1.7.30.jar to class loader
[2023-02-08T20:09:27.044+0000] {spark_submit.py:495} INFO - 23/02/08 20:09:27 INFO Executor: Fetching spark://b55acaa82944:37959/jars/org.mongodb_bson-4.0.5.jar with timestamp 1675886965416
[2023-02-08T20:09:27.044+0000] {spark_submit.py:495} INFO - 23/02/08 20:09:27 INFO Utils: Fetching spark://b55acaa82944:37959/jars/org.mongodb_bson-4.0.5.jar to /tmp/spark-6bb50286-9e8c-4821-aecb-bb9447dfb906/userFiles-fb59bb55-6296-4bc4-8c59-532f36fe8daa/fetchFileTemp3126278177512153867.tmp
[2023-02-08T20:09:27.056+0000] {spark_submit.py:495} INFO - 23/02/08 20:09:27 INFO Utils: /tmp/spark-6bb50286-9e8c-4821-aecb-bb9447dfb906/userFiles-fb59bb55-6296-4bc4-8c59-532f36fe8daa/fetchFileTemp3126278177512153867.tmp has been previously copied to /tmp/spark-6bb50286-9e8c-4821-aecb-bb9447dfb906/userFiles-fb59bb55-6296-4bc4-8c59-532f36fe8daa/org.mongodb_bson-4.0.5.jar
[2023-02-08T20:09:27.064+0000] {spark_submit.py:495} INFO - 23/02/08 20:09:27 INFO Executor: Adding file:/tmp/spark-6bb50286-9e8c-4821-aecb-bb9447dfb906/userFiles-fb59bb55-6296-4bc4-8c59-532f36fe8daa/org.mongodb_bson-4.0.5.jar to class loader
[2023-02-08T20:09:27.064+0000] {spark_submit.py:495} INFO - 23/02/08 20:09:27 INFO Executor: Fetching spark://b55acaa82944:37959/jars/org.mongodb_mongodb-driver-sync-4.0.5.jar with timestamp 1675886965416
[2023-02-08T20:09:27.064+0000] {spark_submit.py:495} INFO - 23/02/08 20:09:27 INFO Utils: Fetching spark://b55acaa82944:37959/jars/org.mongodb_mongodb-driver-sync-4.0.5.jar to /tmp/spark-6bb50286-9e8c-4821-aecb-bb9447dfb906/userFiles-fb59bb55-6296-4bc4-8c59-532f36fe8daa/fetchFileTemp12618170092612812651.tmp
[2023-02-08T20:09:27.068+0000] {spark_submit.py:495} INFO - 23/02/08 20:09:27 INFO Utils: /tmp/spark-6bb50286-9e8c-4821-aecb-bb9447dfb906/userFiles-fb59bb55-6296-4bc4-8c59-532f36fe8daa/fetchFileTemp12618170092612812651.tmp has been previously copied to /tmp/spark-6bb50286-9e8c-4821-aecb-bb9447dfb906/userFiles-fb59bb55-6296-4bc4-8c59-532f36fe8daa/org.mongodb_mongodb-driver-sync-4.0.5.jar
[2023-02-08T20:09:27.072+0000] {spark_submit.py:495} INFO - 23/02/08 20:09:27 INFO Executor: Adding file:/tmp/spark-6bb50286-9e8c-4821-aecb-bb9447dfb906/userFiles-fb59bb55-6296-4bc4-8c59-532f36fe8daa/org.mongodb_mongodb-driver-sync-4.0.5.jar to class loader
[2023-02-08T20:09:27.072+0000] {spark_submit.py:495} INFO - 23/02/08 20:09:27 INFO Executor: Fetching spark://b55acaa82944:37959/jars/org.lz4_lz4-java-1.7.1.jar with timestamp 1675886965416
[2023-02-08T20:09:27.081+0000] {spark_submit.py:495} INFO - 23/02/08 20:09:27 INFO Utils: Fetching spark://b55acaa82944:37959/jars/org.lz4_lz4-java-1.7.1.jar to /tmp/spark-6bb50286-9e8c-4821-aecb-bb9447dfb906/userFiles-fb59bb55-6296-4bc4-8c59-532f36fe8daa/fetchFileTemp18379284252098607351.tmp
[2023-02-08T20:09:27.086+0000] {spark_submit.py:495} INFO - 23/02/08 20:09:27 INFO Utils: /tmp/spark-6bb50286-9e8c-4821-aecb-bb9447dfb906/userFiles-fb59bb55-6296-4bc4-8c59-532f36fe8daa/fetchFileTemp18379284252098607351.tmp has been previously copied to /tmp/spark-6bb50286-9e8c-4821-aecb-bb9447dfb906/userFiles-fb59bb55-6296-4bc4-8c59-532f36fe8daa/org.lz4_lz4-java-1.7.1.jar
[2023-02-08T20:09:27.093+0000] {spark_submit.py:495} INFO - 23/02/08 20:09:27 INFO Executor: Adding file:/tmp/spark-6bb50286-9e8c-4821-aecb-bb9447dfb906/userFiles-fb59bb55-6296-4bc4-8c59-532f36fe8daa/org.lz4_lz4-java-1.7.1.jar to class loader
[2023-02-08T20:09:27.093+0000] {spark_submit.py:495} INFO - 23/02/08 20:09:27 INFO Executor: Fetching spark://b55acaa82944:37959/jars/org.apache.spark_spark-token-provider-kafka-0-10_2.12-3.1.3.jar with timestamp 1675886965416
[2023-02-08T20:09:27.093+0000] {spark_submit.py:495} INFO - 23/02/08 20:09:27 INFO Utils: Fetching spark://b55acaa82944:37959/jars/org.apache.spark_spark-token-provider-kafka-0-10_2.12-3.1.3.jar to /tmp/spark-6bb50286-9e8c-4821-aecb-bb9447dfb906/userFiles-fb59bb55-6296-4bc4-8c59-532f36fe8daa/fetchFileTemp13715098073346137814.tmp
[2023-02-08T20:09:27.095+0000] {spark_submit.py:495} INFO - 23/02/08 20:09:27 INFO Utils: /tmp/spark-6bb50286-9e8c-4821-aecb-bb9447dfb906/userFiles-fb59bb55-6296-4bc4-8c59-532f36fe8daa/fetchFileTemp13715098073346137814.tmp has been previously copied to /tmp/spark-6bb50286-9e8c-4821-aecb-bb9447dfb906/userFiles-fb59bb55-6296-4bc4-8c59-532f36fe8daa/org.apache.spark_spark-token-provider-kafka-0-10_2.12-3.1.3.jar
[2023-02-08T20:09:27.100+0000] {spark_submit.py:495} INFO - 23/02/08 20:09:27 INFO Executor: Adding file:/tmp/spark-6bb50286-9e8c-4821-aecb-bb9447dfb906/userFiles-fb59bb55-6296-4bc4-8c59-532f36fe8daa/org.apache.spark_spark-token-provider-kafka-0-10_2.12-3.1.3.jar to class loader
[2023-02-08T20:09:27.101+0000] {spark_submit.py:495} INFO - 23/02/08 20:09:27 INFO Executor: Fetching spark://b55acaa82944:37959/jars/com.github.luben_zstd-jni-1.4.8-1.jar with timestamp 1675886965416
[2023-02-08T20:09:27.101+0000] {spark_submit.py:495} INFO - 23/02/08 20:09:27 INFO Utils: Fetching spark://b55acaa82944:37959/jars/com.github.luben_zstd-jni-1.4.8-1.jar to /tmp/spark-6bb50286-9e8c-4821-aecb-bb9447dfb906/userFiles-fb59bb55-6296-4bc4-8c59-532f36fe8daa/fetchFileTemp4192602370833599128.tmp
[2023-02-08T20:09:27.150+0000] {spark_submit.py:495} INFO - 23/02/08 20:09:27 INFO Utils: /tmp/spark-6bb50286-9e8c-4821-aecb-bb9447dfb906/userFiles-fb59bb55-6296-4bc4-8c59-532f36fe8daa/fetchFileTemp4192602370833599128.tmp has been previously copied to /tmp/spark-6bb50286-9e8c-4821-aecb-bb9447dfb906/userFiles-fb59bb55-6296-4bc4-8c59-532f36fe8daa/com.github.luben_zstd-jni-1.4.8-1.jar
[2023-02-08T20:09:27.162+0000] {spark_submit.py:495} INFO - 23/02/08 20:09:27 INFO Executor: Adding file:/tmp/spark-6bb50286-9e8c-4821-aecb-bb9447dfb906/userFiles-fb59bb55-6296-4bc4-8c59-532f36fe8daa/com.github.luben_zstd-jni-1.4.8-1.jar to class loader
[2023-02-08T20:09:27.163+0000] {spark_submit.py:495} INFO - 23/02/08 20:09:27 INFO Executor: Fetching spark://b55acaa82944:37959/jars/org.mongodb_mongodb-driver-core-4.0.5.jar with timestamp 1675886965416
[2023-02-08T20:09:27.163+0000] {spark_submit.py:495} INFO - 23/02/08 20:09:27 INFO Utils: Fetching spark://b55acaa82944:37959/jars/org.mongodb_mongodb-driver-core-4.0.5.jar to /tmp/spark-6bb50286-9e8c-4821-aecb-bb9447dfb906/userFiles-fb59bb55-6296-4bc4-8c59-532f36fe8daa/fetchFileTemp2960092593046075264.tmp
[2023-02-08T20:09:27.177+0000] {spark_submit.py:495} INFO - 23/02/08 20:09:27 INFO Utils: /tmp/spark-6bb50286-9e8c-4821-aecb-bb9447dfb906/userFiles-fb59bb55-6296-4bc4-8c59-532f36fe8daa/fetchFileTemp2960092593046075264.tmp has been previously copied to /tmp/spark-6bb50286-9e8c-4821-aecb-bb9447dfb906/userFiles-fb59bb55-6296-4bc4-8c59-532f36fe8daa/org.mongodb_mongodb-driver-core-4.0.5.jar
[2023-02-08T20:09:27.247+0000] {spark_submit.py:495} INFO - 23/02/08 20:09:27 INFO Executor: Adding file:/tmp/spark-6bb50286-9e8c-4821-aecb-bb9447dfb906/userFiles-fb59bb55-6296-4bc4-8c59-532f36fe8daa/org.mongodb_mongodb-driver-core-4.0.5.jar to class loader
[2023-02-08T20:09:27.248+0000] {spark_submit.py:495} INFO - 23/02/08 20:09:27 INFO Executor: Fetching spark://b55acaa82944:37959/jars/org.xerial.snappy_snappy-java-1.1.8.2.jar with timestamp 1675886965416
[2023-02-08T20:09:27.251+0000] {spark_submit.py:495} INFO - 23/02/08 20:09:27 INFO Utils: Fetching spark://b55acaa82944:37959/jars/org.xerial.snappy_snappy-java-1.1.8.2.jar to /tmp/spark-6bb50286-9e8c-4821-aecb-bb9447dfb906/userFiles-fb59bb55-6296-4bc4-8c59-532f36fe8daa/fetchFileTemp12201245236080707694.tmp
[2023-02-08T20:09:27.275+0000] {spark_submit.py:495} INFO - 23/02/08 20:09:27 INFO Utils: /tmp/spark-6bb50286-9e8c-4821-aecb-bb9447dfb906/userFiles-fb59bb55-6296-4bc4-8c59-532f36fe8daa/fetchFileTemp12201245236080707694.tmp has been previously copied to /tmp/spark-6bb50286-9e8c-4821-aecb-bb9447dfb906/userFiles-fb59bb55-6296-4bc4-8c59-532f36fe8daa/org.xerial.snappy_snappy-java-1.1.8.2.jar
[2023-02-08T20:09:27.296+0000] {spark_submit.py:495} INFO - 23/02/08 20:09:27 INFO Executor: Adding file:/tmp/spark-6bb50286-9e8c-4821-aecb-bb9447dfb906/userFiles-fb59bb55-6296-4bc4-8c59-532f36fe8daa/org.xerial.snappy_snappy-java-1.1.8.2.jar to class loader
[2023-02-08T20:09:27.297+0000] {spark_submit.py:495} INFO - 23/02/08 20:09:27 INFO Executor: Fetching spark://b55acaa82944:37959/jars/org.apache.spark_spark-sql-kafka-0-10_2.12-3.1.3.jar with timestamp 1675886965416
[2023-02-08T20:09:27.308+0000] {spark_submit.py:495} INFO - 23/02/08 20:09:27 INFO Utils: Fetching spark://b55acaa82944:37959/jars/org.apache.spark_spark-sql-kafka-0-10_2.12-3.1.3.jar to /tmp/spark-6bb50286-9e8c-4821-aecb-bb9447dfb906/userFiles-fb59bb55-6296-4bc4-8c59-532f36fe8daa/fetchFileTemp4354367236175075761.tmp
[2023-02-08T20:09:27.310+0000] {spark_submit.py:495} INFO - 23/02/08 20:09:27 INFO Utils: /tmp/spark-6bb50286-9e8c-4821-aecb-bb9447dfb906/userFiles-fb59bb55-6296-4bc4-8c59-532f36fe8daa/fetchFileTemp4354367236175075761.tmp has been previously copied to /tmp/spark-6bb50286-9e8c-4821-aecb-bb9447dfb906/userFiles-fb59bb55-6296-4bc4-8c59-532f36fe8daa/org.apache.spark_spark-sql-kafka-0-10_2.12-3.1.3.jar
[2023-02-08T20:09:27.326+0000] {spark_submit.py:495} INFO - 23/02/08 20:09:27 INFO Executor: Adding file:/tmp/spark-6bb50286-9e8c-4821-aecb-bb9447dfb906/userFiles-fb59bb55-6296-4bc4-8c59-532f36fe8daa/org.apache.spark_spark-sql-kafka-0-10_2.12-3.1.3.jar to class loader
[2023-02-08T20:09:27.326+0000] {spark_submit.py:495} INFO - 23/02/08 20:09:27 INFO Executor: Fetching spark://b55acaa82944:37959/jars/org.apache.kafka_kafka-clients-2.6.0.jar with timestamp 1675886965416
[2023-02-08T20:09:27.326+0000] {spark_submit.py:495} INFO - 23/02/08 20:09:27 INFO Utils: Fetching spark://b55acaa82944:37959/jars/org.apache.kafka_kafka-clients-2.6.0.jar to /tmp/spark-6bb50286-9e8c-4821-aecb-bb9447dfb906/userFiles-fb59bb55-6296-4bc4-8c59-532f36fe8daa/fetchFileTemp12183246944344254400.tmp
[2023-02-08T20:09:27.361+0000] {spark_submit.py:495} INFO - 23/02/08 20:09:27 INFO Utils: /tmp/spark-6bb50286-9e8c-4821-aecb-bb9447dfb906/userFiles-fb59bb55-6296-4bc4-8c59-532f36fe8daa/fetchFileTemp12183246944344254400.tmp has been previously copied to /tmp/spark-6bb50286-9e8c-4821-aecb-bb9447dfb906/userFiles-fb59bb55-6296-4bc4-8c59-532f36fe8daa/org.apache.kafka_kafka-clients-2.6.0.jar
[2023-02-08T20:09:27.369+0000] {spark_submit.py:495} INFO - 23/02/08 20:09:27 INFO Executor: Adding file:/tmp/spark-6bb50286-9e8c-4821-aecb-bb9447dfb906/userFiles-fb59bb55-6296-4bc4-8c59-532f36fe8daa/org.apache.kafka_kafka-clients-2.6.0.jar to class loader
[2023-02-08T20:09:27.370+0000] {spark_submit.py:495} INFO - 23/02/08 20:09:27 INFO Executor: Fetching spark://b55acaa82944:37959/jars/org.spark-project.spark_unused-1.0.0.jar with timestamp 1675886965416
[2023-02-08T20:09:27.372+0000] {spark_submit.py:495} INFO - 23/02/08 20:09:27 INFO Utils: Fetching spark://b55acaa82944:37959/jars/org.spark-project.spark_unused-1.0.0.jar to /tmp/spark-6bb50286-9e8c-4821-aecb-bb9447dfb906/userFiles-fb59bb55-6296-4bc4-8c59-532f36fe8daa/fetchFileTemp13535790548090506396.tmp
[2023-02-08T20:09:27.373+0000] {spark_submit.py:495} INFO - 23/02/08 20:09:27 INFO Utils: /tmp/spark-6bb50286-9e8c-4821-aecb-bb9447dfb906/userFiles-fb59bb55-6296-4bc4-8c59-532f36fe8daa/fetchFileTemp13535790548090506396.tmp has been previously copied to /tmp/spark-6bb50286-9e8c-4821-aecb-bb9447dfb906/userFiles-fb59bb55-6296-4bc4-8c59-532f36fe8daa/org.spark-project.spark_unused-1.0.0.jar
[2023-02-08T20:09:27.377+0000] {spark_submit.py:495} INFO - 23/02/08 20:09:27 INFO Executor: Adding file:/tmp/spark-6bb50286-9e8c-4821-aecb-bb9447dfb906/userFiles-fb59bb55-6296-4bc4-8c59-532f36fe8daa/org.spark-project.spark_unused-1.0.0.jar to class loader
[2023-02-08T20:09:27.393+0000] {spark_submit.py:495} INFO - 23/02/08 20:09:27 INFO Utils: Successfully started service 'org.apache.spark.network.netty.NettyBlockTransferService' on port 34543.
[2023-02-08T20:09:27.393+0000] {spark_submit.py:495} INFO - 23/02/08 20:09:27 INFO NettyBlockTransferService: Server created on b55acaa82944:34543
[2023-02-08T20:09:27.396+0000] {spark_submit.py:495} INFO - 23/02/08 20:09:27 INFO BlockManager: Using org.apache.spark.storage.RandomBlockReplicationPolicy for block replication policy
[2023-02-08T20:09:27.400+0000] {spark_submit.py:495} INFO - 23/02/08 20:09:27 INFO BlockManagerMaster: Registering BlockManager BlockManagerId(driver, b55acaa82944, 34543, None)
[2023-02-08T20:09:27.403+0000] {spark_submit.py:495} INFO - 23/02/08 20:09:27 INFO BlockManagerMasterEndpoint: Registering block manager b55acaa82944:34543 with 434.4 MiB RAM, BlockManagerId(driver, b55acaa82944, 34543, None)
[2023-02-08T20:09:27.406+0000] {spark_submit.py:495} INFO - 23/02/08 20:09:27 INFO BlockManagerMaster: Registered BlockManager BlockManagerId(driver, b55acaa82944, 34543, None)
[2023-02-08T20:09:27.407+0000] {spark_submit.py:495} INFO - 23/02/08 20:09:27 INFO BlockManager: Initialized BlockManager: BlockManagerId(driver, b55acaa82944, 34543, None)
[2023-02-08T20:09:30.821+0000] {spark_submit.py:495} INFO - 2023-02-08 20:09:30,820 - py4j.java_gateway - INFO - Callback Server Starting
[2023-02-08T20:09:30.832+0000] {spark_submit.py:495} INFO - 2023-02-08 20:09:30,828 - py4j.java_gateway - INFO - Socket listening on ('127.0.0.1', 37561)
[2023-02-08T20:09:34.950+0000] {spark_submit.py:495} INFO - 2023-02-08 20:09:34,949 - py4j.clientserver - INFO - Python Server ready to receive messages
[2023-02-08T20:09:34.950+0000] {spark_submit.py:495} INFO - 2023-02-08 20:09:34,950 - py4j.clientserver - INFO - Received command c on object id p0
[2023-02-08T20:09:35.353+0000] {spark_submit.py:495} INFO - -------------------------------------------
[2023-02-08T20:09:35.353+0000] {spark_submit.py:495} INFO - Batch: 0
[2023-02-08T20:09:35.353+0000] {spark_submit.py:495} INFO - -------------------------------------------
[2023-02-08T20:09:35.432+0000] {spark_submit.py:495} INFO - +---+-------------+-----+-------------+----------+----------------+------------+-----------------+--------------+-------------+
[2023-02-08T20:09:35.432+0000] {spark_submit.py:495} INFO - |id |nameOfProduct|price|ProductStatus|SellerName|RegistrationDate|QuantitySold|QuantityAvailable|Free shipping?|Store ratings|
[2023-02-08T20:09:35.432+0000] {spark_submit.py:495} INFO - +---+-------------+-----+-------------+----------+----------------+------------+-----------------+--------------+-------------+
[2023-02-08T20:09:35.432+0000] {spark_submit.py:495} INFO - +---+-------------+-----+-------------+----------+----------------+------------+-----------------+--------------+-------------+
[2023-02-08T20:09:35.432+0000] {spark_submit.py:495} INFO - 
[2023-02-08T20:09:51.179+0000] {taskinstance.py:1327} INFO - Marking task as SUCCESS. dag_id=Streaming_pipeline_meli, task_id=consumer_data_of_topic, execution_date=20230208T200919, start_date=20230208T200922, end_date=20230208T200951
[2023-02-08T20:09:51.237+0000] {local_task_job.py:159} INFO - Task exited with return code 0
[2023-02-08T20:09:51.260+0000] {taskinstance.py:2582} INFO - 0 downstream tasks scheduled from follow-on schedule check
