[2023-01-30T20:13:17.351+0000] {taskinstance.py:1087} INFO - Dependencies all met for <TaskInstance: Streaming_pipeline_meli.consumer_data_of_topic manual__2023-01-27T18:49:27.597637+00:00 [queued]>
[2023-01-30T20:13:17.362+0000] {taskinstance.py:1087} INFO - Dependencies all met for <TaskInstance: Streaming_pipeline_meli.consumer_data_of_topic manual__2023-01-27T18:49:27.597637+00:00 [queued]>
[2023-01-30T20:13:17.362+0000] {taskinstance.py:1283} INFO - 
--------------------------------------------------------------------------------
[2023-01-30T20:13:17.362+0000] {taskinstance.py:1284} INFO - Starting attempt 93 of 98
[2023-01-30T20:13:17.362+0000] {taskinstance.py:1285} INFO - 
--------------------------------------------------------------------------------
[2023-01-30T20:13:17.377+0000] {taskinstance.py:1304} INFO - Executing <Task(SparkSubmitOperator): consumer_data_of_topic> on 2023-01-27 18:49:27.597637+00:00
[2023-01-30T20:13:17.381+0000] {standard_task_runner.py:55} INFO - Started process 33401 to run task
[2023-01-30T20:13:17.387+0000] {standard_task_runner.py:82} INFO - Running: ['***', 'tasks', 'run', 'Streaming_pipeline_meli', 'consumer_data_of_topic', 'manual__2023-01-27T18:49:27.597637+00:00', '--job-id', '1264', '--raw', '--subdir', 'DAGS_FOLDER/streamPipeline.py', '--cfg-path', '/tmp/tmp05p9um9v']
[2023-01-30T20:13:17.388+0000] {standard_task_runner.py:83} INFO - Job 1264: Subtask consumer_data_of_topic
[2023-01-30T20:13:17.443+0000] {task_command.py:389} INFO - Running <TaskInstance: Streaming_pipeline_meli.consumer_data_of_topic manual__2023-01-27T18:49:27.597637+00:00 [running]> on host 15c99fd3082a
[2023-01-30T20:13:17.512+0000] {taskinstance.py:1513} INFO - Exporting the following env vars:
AIRFLOW_CTX_DAG_OWNER=***
AIRFLOW_CTX_DAG_ID=Streaming_pipeline_meli
AIRFLOW_CTX_TASK_ID=consumer_data_of_topic
AIRFLOW_CTX_EXECUTION_DATE=2023-01-27T18:49:27.597637+00:00
AIRFLOW_CTX_TRY_NUMBER=93
AIRFLOW_CTX_DAG_RUN_ID=manual__2023-01-27T18:49:27.597637+00:00
[2023-01-30T20:13:17.521+0000] {base.py:73} INFO - Using connection ID 'spark_default' for task execution.
[2023-01-30T20:13:17.522+0000] {spark_submit.py:344} INFO - Spark-Submit cmd: spark-submit --master spark://tomi-H310:7077 --packages org.apache.spark:spark-sql-kafka-0-10_2.12:3.1.3,org.mongodb.spark:mongo-spark-connector_2.12:3.0.1 --name arrow-spark --queue root.default /opt/***/dags/consumerSpark.py
[2023-01-30T20:13:17.647+0000] {spark_submit.py:495} INFO - /home/***/.local/lib/python3.7/site-packages/pyspark/bin/load-spark-env.sh: line 68: ps: command not found
[2023-01-30T20:13:19.073+0000] {spark_submit.py:495} INFO - :: loading settings :: url = jar:file:/home/***/.local/lib/python3.7/site-packages/pyspark/jars/ivy-2.5.0.jar!/org/apache/ivy/core/settings/ivysettings.xml
[2023-01-30T20:13:19.137+0000] {spark_submit.py:495} INFO - Ivy Default Cache set to: /home/***/.ivy2/cache
[2023-01-30T20:13:19.138+0000] {spark_submit.py:495} INFO - The jars for the packages stored in: /home/***/.ivy2/jars
[2023-01-30T20:13:19.154+0000] {spark_submit.py:495} INFO - org.apache.spark#spark-sql-kafka-0-10_2.12 added as a dependency
[2023-01-30T20:13:19.155+0000] {spark_submit.py:495} INFO - org.mongodb.spark#mongo-spark-connector_2.12 added as a dependency
[2023-01-30T20:13:19.156+0000] {spark_submit.py:495} INFO - :: resolving dependencies :: org.apache.spark#spark-submit-parent-522f20d9-dfeb-4c0c-91d9-284ce2c19067;1.0
[2023-01-30T20:13:19.157+0000] {spark_submit.py:495} INFO - confs: [default]
[2023-01-30T20:13:19.321+0000] {spark_submit.py:495} INFO - found org.apache.spark#spark-sql-kafka-0-10_2.12;3.1.3 in central
[2023-01-30T20:13:19.372+0000] {spark_submit.py:495} INFO - found org.apache.spark#spark-token-provider-kafka-0-10_2.12;3.1.3 in central
[2023-01-30T20:13:19.395+0000] {spark_submit.py:495} INFO - found org.apache.kafka#kafka-clients;2.6.0 in central
[2023-01-30T20:13:19.416+0000] {spark_submit.py:495} INFO - found com.github.luben#zstd-jni;1.4.8-1 in central
[2023-01-30T20:13:19.432+0000] {spark_submit.py:495} INFO - found org.lz4#lz4-java;1.7.1 in central
[2023-01-30T20:13:19.446+0000] {spark_submit.py:495} INFO - found org.xerial.snappy#snappy-java;1.1.8.2 in central
[2023-01-30T20:13:19.459+0000] {spark_submit.py:495} INFO - found org.slf4j#slf4j-api;1.7.30 in central
[2023-01-30T20:13:19.470+0000] {spark_submit.py:495} INFO - found org.spark-project.spark#unused;1.0.0 in central
[2023-01-30T20:13:19.483+0000] {spark_submit.py:495} INFO - found org.apache.commons#commons-pool2;2.6.2 in central
[2023-01-30T20:13:19.492+0000] {spark_submit.py:495} INFO - found org.mongodb.spark#mongo-spark-connector_2.12;3.0.1 in central
[2023-01-30T20:13:19.501+0000] {spark_submit.py:495} INFO - found org.mongodb#mongodb-driver-sync;4.0.5 in central
[2023-01-30T20:13:19.511+0000] {spark_submit.py:495} INFO - found org.mongodb#bson;4.0.5 in central
[2023-01-30T20:13:19.520+0000] {spark_submit.py:495} INFO - found org.mongodb#mongodb-driver-core;4.0.5 in central
[2023-01-30T20:13:19.544+0000] {spark_submit.py:495} INFO - :: resolution report :: resolve 375ms :: artifacts dl 12ms
[2023-01-30T20:13:19.544+0000] {spark_submit.py:495} INFO - :: modules in use:
[2023-01-30T20:13:19.544+0000] {spark_submit.py:495} INFO - com.github.luben#zstd-jni;1.4.8-1 from central in [default]
[2023-01-30T20:13:19.545+0000] {spark_submit.py:495} INFO - org.apache.commons#commons-pool2;2.6.2 from central in [default]
[2023-01-30T20:13:19.545+0000] {spark_submit.py:495} INFO - org.apache.kafka#kafka-clients;2.6.0 from central in [default]
[2023-01-30T20:13:19.545+0000] {spark_submit.py:495} INFO - org.apache.spark#spark-sql-kafka-0-10_2.12;3.1.3 from central in [default]
[2023-01-30T20:13:19.545+0000] {spark_submit.py:495} INFO - org.apache.spark#spark-token-provider-kafka-0-10_2.12;3.1.3 from central in [default]
[2023-01-30T20:13:19.545+0000] {spark_submit.py:495} INFO - org.lz4#lz4-java;1.7.1 from central in [default]
[2023-01-30T20:13:19.546+0000] {spark_submit.py:495} INFO - org.mongodb#bson;4.0.5 from central in [default]
[2023-01-30T20:13:19.546+0000] {spark_submit.py:495} INFO - org.mongodb#mongodb-driver-core;4.0.5 from central in [default]
[2023-01-30T20:13:19.546+0000] {spark_submit.py:495} INFO - org.mongodb#mongodb-driver-sync;4.0.5 from central in [default]
[2023-01-30T20:13:19.546+0000] {spark_submit.py:495} INFO - org.mongodb.spark#mongo-spark-connector_2.12;3.0.1 from central in [default]
[2023-01-30T20:13:19.547+0000] {spark_submit.py:495} INFO - org.slf4j#slf4j-api;1.7.30 from central in [default]
[2023-01-30T20:13:19.547+0000] {spark_submit.py:495} INFO - org.spark-project.spark#unused;1.0.0 from central in [default]
[2023-01-30T20:13:19.547+0000] {spark_submit.py:495} INFO - org.xerial.snappy#snappy-java;1.1.8.2 from central in [default]
[2023-01-30T20:13:19.547+0000] {spark_submit.py:495} INFO - ---------------------------------------------------------------------
[2023-01-30T20:13:19.547+0000] {spark_submit.py:495} INFO - |                  |            modules            ||   artifacts   |
[2023-01-30T20:13:19.548+0000] {spark_submit.py:495} INFO - |       conf       | number| search|dwnlded|evicted|| number|dwnlded|
[2023-01-30T20:13:19.548+0000] {spark_submit.py:495} INFO - ---------------------------------------------------------------------
[2023-01-30T20:13:19.548+0000] {spark_submit.py:495} INFO - |      default     |   13  |   0   |   0   |   0   ||   13  |   0   |
[2023-01-30T20:13:19.548+0000] {spark_submit.py:495} INFO - ---------------------------------------------------------------------
[2023-01-30T20:13:19.554+0000] {spark_submit.py:495} INFO - :: retrieving :: org.apache.spark#spark-submit-parent-522f20d9-dfeb-4c0c-91d9-284ce2c19067
[2023-01-30T20:13:19.554+0000] {spark_submit.py:495} INFO - confs: [default]
[2023-01-30T20:13:19.561+0000] {spark_submit.py:495} INFO - 0 artifacts copied, 13 already retrieved (0kB/7ms)
[2023-01-30T20:13:19.748+0000] {spark_submit.py:495} INFO - 23/01/30 20:13:19 WARN NativeCodeLoader: Unable to load native-hadoop library for your platform... using builtin-java classes where applicable
[2023-01-30T20:13:20.566+0000] {spark_submit.py:495} INFO - 23/01/30 20:13:20 INFO SparkContext: Running Spark version 3.3.1
[2023-01-30T20:13:20.584+0000] {spark_submit.py:495} INFO - 23/01/30 20:13:20 INFO ResourceUtils: ==============================================================
[2023-01-30T20:13:20.585+0000] {spark_submit.py:495} INFO - 23/01/30 20:13:20 INFO ResourceUtils: No custom resources configured for spark.driver.
[2023-01-30T20:13:20.586+0000] {spark_submit.py:495} INFO - 23/01/30 20:13:20 INFO ResourceUtils: ==============================================================
[2023-01-30T20:13:20.586+0000] {spark_submit.py:495} INFO - 23/01/30 20:13:20 INFO SparkContext: Submitted application: arrow-spark
[2023-01-30T20:13:20.615+0000] {spark_submit.py:495} INFO - 23/01/30 20:13:20 INFO ResourceProfile: Default ResourceProfile created, executor resources: Map(cores -> name: cores, amount: 1, script: , vendor: , memory -> name: memory, amount: 1024, script: , vendor: , offHeap -> name: offHeap, amount: 0, script: , vendor: ), task resources: Map(cpus -> name: cpus, amount: 1.0)
[2023-01-30T20:13:20.628+0000] {spark_submit.py:495} INFO - 23/01/30 20:13:20 INFO ResourceProfile: Limiting resource is cpu
[2023-01-30T20:13:20.629+0000] {spark_submit.py:495} INFO - 23/01/30 20:13:20 INFO ResourceProfileManager: Added ResourceProfile id: 0
[2023-01-30T20:13:20.683+0000] {spark_submit.py:495} INFO - 23/01/30 20:13:20 INFO SecurityManager: Changing view acls to: default
[2023-01-30T20:13:20.683+0000] {spark_submit.py:495} INFO - 23/01/30 20:13:20 INFO SecurityManager: Changing modify acls to: default
[2023-01-30T20:13:20.684+0000] {spark_submit.py:495} INFO - 23/01/30 20:13:20 INFO SecurityManager: Changing view acls groups to:
[2023-01-30T20:13:20.685+0000] {spark_submit.py:495} INFO - 23/01/30 20:13:20 INFO SecurityManager: Changing modify acls groups to:
[2023-01-30T20:13:20.686+0000] {spark_submit.py:495} INFO - 23/01/30 20:13:20 INFO SecurityManager: SecurityManager: authentication disabled; ui acls disabled; users  with view permissions: Set(default); groups with view permissions: Set(); users  with modify permissions: Set(default); groups with modify permissions: Set()
[2023-01-30T20:13:20.916+0000] {spark_submit.py:495} INFO - 23/01/30 20:13:20 INFO Utils: Successfully started service 'sparkDriver' on port 40381.
[2023-01-30T20:13:20.944+0000] {spark_submit.py:495} INFO - 23/01/30 20:13:20 INFO SparkEnv: Registering MapOutputTracker
[2023-01-30T20:13:20.972+0000] {spark_submit.py:495} INFO - 23/01/30 20:13:20 INFO SparkEnv: Registering BlockManagerMaster
[2023-01-30T20:13:20.987+0000] {spark_submit.py:495} INFO - 23/01/30 20:13:20 INFO BlockManagerMasterEndpoint: Using org.apache.spark.storage.DefaultTopologyMapper for getting topology information
[2023-01-30T20:13:20.988+0000] {spark_submit.py:495} INFO - 23/01/30 20:13:20 INFO BlockManagerMasterEndpoint: BlockManagerMasterEndpoint up
[2023-01-30T20:13:21.003+0000] {spark_submit.py:495} INFO - 23/01/30 20:13:21 INFO SparkEnv: Registering BlockManagerMasterHeartbeat
[2023-01-30T20:13:21.023+0000] {spark_submit.py:495} INFO - 23/01/30 20:13:21 INFO DiskBlockManager: Created local directory at /tmp/blockmgr-543378c4-4018-4878-a3b8-ad942e3cec22
[2023-01-30T20:13:21.037+0000] {spark_submit.py:495} INFO - 23/01/30 20:13:21 INFO MemoryStore: MemoryStore started with capacity 434.4 MiB
[2023-01-30T20:13:21.049+0000] {spark_submit.py:495} INFO - 23/01/30 20:13:21 INFO SparkEnv: Registering OutputCommitCoordinator
[2023-01-30T20:13:21.214+0000] {spark_submit.py:495} INFO - 23/01/30 20:13:21 INFO Utils: Successfully started service 'SparkUI' on port 4040.
[2023-01-30T20:13:21.242+0000] {spark_submit.py:495} INFO - 23/01/30 20:13:21 INFO SparkContext: Added JAR file:///home/***/.ivy2/jars/org.apache.spark_spark-sql-kafka-0-10_2.12-3.1.3.jar at spark://15c99fd3082a:40381/jars/org.apache.spark_spark-sql-kafka-0-10_2.12-3.1.3.jar with timestamp 1675109600560
[2023-01-30T20:13:21.243+0000] {spark_submit.py:495} INFO - 23/01/30 20:13:21 INFO SparkContext: Added JAR file:///home/***/.ivy2/jars/org.mongodb.spark_mongo-spark-connector_2.12-3.0.1.jar at spark://15c99fd3082a:40381/jars/org.mongodb.spark_mongo-spark-connector_2.12-3.0.1.jar with timestamp 1675109600560
[2023-01-30T20:13:21.243+0000] {spark_submit.py:495} INFO - 23/01/30 20:13:21 INFO SparkContext: Added JAR file:///home/***/.ivy2/jars/org.apache.spark_spark-token-provider-kafka-0-10_2.12-3.1.3.jar at spark://15c99fd3082a:40381/jars/org.apache.spark_spark-token-provider-kafka-0-10_2.12-3.1.3.jar with timestamp 1675109600560
[2023-01-30T20:13:21.243+0000] {spark_submit.py:495} INFO - 23/01/30 20:13:21 INFO SparkContext: Added JAR file:///home/***/.ivy2/jars/org.apache.kafka_kafka-clients-2.6.0.jar at spark://15c99fd3082a:40381/jars/org.apache.kafka_kafka-clients-2.6.0.jar with timestamp 1675109600560
[2023-01-30T20:13:21.243+0000] {spark_submit.py:495} INFO - 23/01/30 20:13:21 INFO SparkContext: Added JAR file:///home/***/.ivy2/jars/org.apache.commons_commons-pool2-2.6.2.jar at spark://15c99fd3082a:40381/jars/org.apache.commons_commons-pool2-2.6.2.jar with timestamp 1675109600560
[2023-01-30T20:13:21.243+0000] {spark_submit.py:495} INFO - 23/01/30 20:13:21 INFO SparkContext: Added JAR file:///home/***/.ivy2/jars/org.spark-project.spark_unused-1.0.0.jar at spark://15c99fd3082a:40381/jars/org.spark-project.spark_unused-1.0.0.jar with timestamp 1675109600560
[2023-01-30T20:13:21.243+0000] {spark_submit.py:495} INFO - 23/01/30 20:13:21 INFO SparkContext: Added JAR file:///home/***/.ivy2/jars/com.github.luben_zstd-jni-1.4.8-1.jar at spark://15c99fd3082a:40381/jars/com.github.luben_zstd-jni-1.4.8-1.jar with timestamp 1675109600560
[2023-01-30T20:13:21.244+0000] {spark_submit.py:495} INFO - 23/01/30 20:13:21 INFO SparkContext: Added JAR file:///home/***/.ivy2/jars/org.lz4_lz4-java-1.7.1.jar at spark://15c99fd3082a:40381/jars/org.lz4_lz4-java-1.7.1.jar with timestamp 1675109600560
[2023-01-30T20:13:21.244+0000] {spark_submit.py:495} INFO - 23/01/30 20:13:21 INFO SparkContext: Added JAR file:///home/***/.ivy2/jars/org.xerial.snappy_snappy-java-1.1.8.2.jar at spark://15c99fd3082a:40381/jars/org.xerial.snappy_snappy-java-1.1.8.2.jar with timestamp 1675109600560
[2023-01-30T20:13:21.244+0000] {spark_submit.py:495} INFO - 23/01/30 20:13:21 INFO SparkContext: Added JAR file:///home/***/.ivy2/jars/org.slf4j_slf4j-api-1.7.30.jar at spark://15c99fd3082a:40381/jars/org.slf4j_slf4j-api-1.7.30.jar with timestamp 1675109600560
[2023-01-30T20:13:21.244+0000] {spark_submit.py:495} INFO - 23/01/30 20:13:21 INFO SparkContext: Added JAR file:///home/***/.ivy2/jars/org.mongodb_mongodb-driver-sync-4.0.5.jar at spark://15c99fd3082a:40381/jars/org.mongodb_mongodb-driver-sync-4.0.5.jar with timestamp 1675109600560
[2023-01-30T20:13:21.244+0000] {spark_submit.py:495} INFO - 23/01/30 20:13:21 INFO SparkContext: Added JAR file:///home/***/.ivy2/jars/org.mongodb_bson-4.0.5.jar at spark://15c99fd3082a:40381/jars/org.mongodb_bson-4.0.5.jar with timestamp 1675109600560
[2023-01-30T20:13:21.244+0000] {spark_submit.py:495} INFO - 23/01/30 20:13:21 INFO SparkContext: Added JAR file:///home/***/.ivy2/jars/org.mongodb_mongodb-driver-core-4.0.5.jar at spark://15c99fd3082a:40381/jars/org.mongodb_mongodb-driver-core-4.0.5.jar with timestamp 1675109600560
[2023-01-30T20:13:21.246+0000] {spark_submit.py:495} INFO - 23/01/30 20:13:21 INFO SparkContext: Added file file:///home/***/.ivy2/jars/org.apache.spark_spark-sql-kafka-0-10_2.12-3.1.3.jar at file:///home/***/.ivy2/jars/org.apache.spark_spark-sql-kafka-0-10_2.12-3.1.3.jar with timestamp 1675109600560
[2023-01-30T20:13:21.247+0000] {spark_submit.py:495} INFO - 23/01/30 20:13:21 INFO Utils: Copying /home/***/.ivy2/jars/org.apache.spark_spark-sql-kafka-0-10_2.12-3.1.3.jar to /tmp/spark-7915e4d4-c9ab-4cf6-9fa4-7e91730f4676/userFiles-f37969fe-00fc-403c-98ff-9895b40c0bd3/org.apache.spark_spark-sql-kafka-0-10_2.12-3.1.3.jar
[2023-01-30T20:13:21.260+0000] {spark_submit.py:495} INFO - 23/01/30 20:13:21 INFO SparkContext: Added file file:///home/***/.ivy2/jars/org.mongodb.spark_mongo-spark-connector_2.12-3.0.1.jar at file:///home/***/.ivy2/jars/org.mongodb.spark_mongo-spark-connector_2.12-3.0.1.jar with timestamp 1675109600560
[2023-01-30T20:13:21.260+0000] {spark_submit.py:495} INFO - 23/01/30 20:13:21 INFO Utils: Copying /home/***/.ivy2/jars/org.mongodb.spark_mongo-spark-connector_2.12-3.0.1.jar to /tmp/spark-7915e4d4-c9ab-4cf6-9fa4-7e91730f4676/userFiles-f37969fe-00fc-403c-98ff-9895b40c0bd3/org.mongodb.spark_mongo-spark-connector_2.12-3.0.1.jar
[2023-01-30T20:13:21.267+0000] {spark_submit.py:495} INFO - 23/01/30 20:13:21 INFO SparkContext: Added file file:///home/***/.ivy2/jars/org.apache.spark_spark-token-provider-kafka-0-10_2.12-3.1.3.jar at file:///home/***/.ivy2/jars/org.apache.spark_spark-token-provider-kafka-0-10_2.12-3.1.3.jar with timestamp 1675109600560
[2023-01-30T20:13:21.267+0000] {spark_submit.py:495} INFO - 23/01/30 20:13:21 INFO Utils: Copying /home/***/.ivy2/jars/org.apache.spark_spark-token-provider-kafka-0-10_2.12-3.1.3.jar to /tmp/spark-7915e4d4-c9ab-4cf6-9fa4-7e91730f4676/userFiles-f37969fe-00fc-403c-98ff-9895b40c0bd3/org.apache.spark_spark-token-provider-kafka-0-10_2.12-3.1.3.jar
[2023-01-30T20:13:21.272+0000] {spark_submit.py:495} INFO - 23/01/30 20:13:21 INFO SparkContext: Added file file:///home/***/.ivy2/jars/org.apache.kafka_kafka-clients-2.6.0.jar at file:///home/***/.ivy2/jars/org.apache.kafka_kafka-clients-2.6.0.jar with timestamp 1675109600560
[2023-01-30T20:13:21.272+0000] {spark_submit.py:495} INFO - 23/01/30 20:13:21 INFO Utils: Copying /home/***/.ivy2/jars/org.apache.kafka_kafka-clients-2.6.0.jar to /tmp/spark-7915e4d4-c9ab-4cf6-9fa4-7e91730f4676/userFiles-f37969fe-00fc-403c-98ff-9895b40c0bd3/org.apache.kafka_kafka-clients-2.6.0.jar
[2023-01-30T20:13:21.282+0000] {spark_submit.py:495} INFO - 23/01/30 20:13:21 INFO SparkContext: Added file file:///home/***/.ivy2/jars/org.apache.commons_commons-pool2-2.6.2.jar at file:///home/***/.ivy2/jars/org.apache.commons_commons-pool2-2.6.2.jar with timestamp 1675109600560
[2023-01-30T20:13:21.283+0000] {spark_submit.py:495} INFO - 23/01/30 20:13:21 INFO Utils: Copying /home/***/.ivy2/jars/org.apache.commons_commons-pool2-2.6.2.jar to /tmp/spark-7915e4d4-c9ab-4cf6-9fa4-7e91730f4676/userFiles-f37969fe-00fc-403c-98ff-9895b40c0bd3/org.apache.commons_commons-pool2-2.6.2.jar
[2023-01-30T20:13:21.292+0000] {spark_submit.py:495} INFO - 23/01/30 20:13:21 INFO SparkContext: Added file file:///home/***/.ivy2/jars/org.spark-project.spark_unused-1.0.0.jar at file:///home/***/.ivy2/jars/org.spark-project.spark_unused-1.0.0.jar with timestamp 1675109600560
[2023-01-30T20:13:21.293+0000] {spark_submit.py:495} INFO - 23/01/30 20:13:21 INFO Utils: Copying /home/***/.ivy2/jars/org.spark-project.spark_unused-1.0.0.jar to /tmp/spark-7915e4d4-c9ab-4cf6-9fa4-7e91730f4676/userFiles-f37969fe-00fc-403c-98ff-9895b40c0bd3/org.spark-project.spark_unused-1.0.0.jar
[2023-01-30T20:13:21.296+0000] {spark_submit.py:495} INFO - 23/01/30 20:13:21 INFO SparkContext: Added file file:///home/***/.ivy2/jars/com.github.luben_zstd-jni-1.4.8-1.jar at file:///home/***/.ivy2/jars/com.github.luben_zstd-jni-1.4.8-1.jar with timestamp 1675109600560
[2023-01-30T20:13:21.296+0000] {spark_submit.py:495} INFO - 23/01/30 20:13:21 INFO Utils: Copying /home/***/.ivy2/jars/com.github.luben_zstd-jni-1.4.8-1.jar to /tmp/spark-7915e4d4-c9ab-4cf6-9fa4-7e91730f4676/userFiles-f37969fe-00fc-403c-98ff-9895b40c0bd3/com.github.luben_zstd-jni-1.4.8-1.jar
[2023-01-30T20:13:21.305+0000] {spark_submit.py:495} INFO - 23/01/30 20:13:21 INFO SparkContext: Added file file:///home/***/.ivy2/jars/org.lz4_lz4-java-1.7.1.jar at file:///home/***/.ivy2/jars/org.lz4_lz4-java-1.7.1.jar with timestamp 1675109600560
[2023-01-30T20:13:21.305+0000] {spark_submit.py:495} INFO - 23/01/30 20:13:21 INFO Utils: Copying /home/***/.ivy2/jars/org.lz4_lz4-java-1.7.1.jar to /tmp/spark-7915e4d4-c9ab-4cf6-9fa4-7e91730f4676/userFiles-f37969fe-00fc-403c-98ff-9895b40c0bd3/org.lz4_lz4-java-1.7.1.jar
[2023-01-30T20:13:21.309+0000] {spark_submit.py:495} INFO - 23/01/30 20:13:21 INFO SparkContext: Added file file:///home/***/.ivy2/jars/org.xerial.snappy_snappy-java-1.1.8.2.jar at file:///home/***/.ivy2/jars/org.xerial.snappy_snappy-java-1.1.8.2.jar with timestamp 1675109600560
[2023-01-30T20:13:21.309+0000] {spark_submit.py:495} INFO - 23/01/30 20:13:21 INFO Utils: Copying /home/***/.ivy2/jars/org.xerial.snappy_snappy-java-1.1.8.2.jar to /tmp/spark-7915e4d4-c9ab-4cf6-9fa4-7e91730f4676/userFiles-f37969fe-00fc-403c-98ff-9895b40c0bd3/org.xerial.snappy_snappy-java-1.1.8.2.jar
[2023-01-30T20:13:21.315+0000] {spark_submit.py:495} INFO - 23/01/30 20:13:21 INFO SparkContext: Added file file:///home/***/.ivy2/jars/org.slf4j_slf4j-api-1.7.30.jar at file:///home/***/.ivy2/jars/org.slf4j_slf4j-api-1.7.30.jar with timestamp 1675109600560
[2023-01-30T20:13:21.315+0000] {spark_submit.py:495} INFO - 23/01/30 20:13:21 INFO Utils: Copying /home/***/.ivy2/jars/org.slf4j_slf4j-api-1.7.30.jar to /tmp/spark-7915e4d4-c9ab-4cf6-9fa4-7e91730f4676/userFiles-f37969fe-00fc-403c-98ff-9895b40c0bd3/org.slf4j_slf4j-api-1.7.30.jar
[2023-01-30T20:13:21.324+0000] {spark_submit.py:495} INFO - 23/01/30 20:13:21 INFO SparkContext: Added file file:///home/***/.ivy2/jars/org.mongodb_mongodb-driver-sync-4.0.5.jar at file:///home/***/.ivy2/jars/org.mongodb_mongodb-driver-sync-4.0.5.jar with timestamp 1675109600560
[2023-01-30T20:13:21.325+0000] {spark_submit.py:495} INFO - 23/01/30 20:13:21 INFO Utils: Copying /home/***/.ivy2/jars/org.mongodb_mongodb-driver-sync-4.0.5.jar to /tmp/spark-7915e4d4-c9ab-4cf6-9fa4-7e91730f4676/userFiles-f37969fe-00fc-403c-98ff-9895b40c0bd3/org.mongodb_mongodb-driver-sync-4.0.5.jar
[2023-01-30T20:13:21.326+0000] {spark_submit.py:495} INFO - 23/01/30 20:13:21 INFO SparkContext: Added file file:///home/***/.ivy2/jars/org.mongodb_bson-4.0.5.jar at file:///home/***/.ivy2/jars/org.mongodb_bson-4.0.5.jar with timestamp 1675109600560
[2023-01-30T20:13:21.326+0000] {spark_submit.py:495} INFO - 23/01/30 20:13:21 INFO Utils: Copying /home/***/.ivy2/jars/org.mongodb_bson-4.0.5.jar to /tmp/spark-7915e4d4-c9ab-4cf6-9fa4-7e91730f4676/userFiles-f37969fe-00fc-403c-98ff-9895b40c0bd3/org.mongodb_bson-4.0.5.jar
[2023-01-30T20:13:21.331+0000] {spark_submit.py:495} INFO - 23/01/30 20:13:21 INFO SparkContext: Added file file:///home/***/.ivy2/jars/org.mongodb_mongodb-driver-core-4.0.5.jar at file:///home/***/.ivy2/jars/org.mongodb_mongodb-driver-core-4.0.5.jar with timestamp 1675109600560
[2023-01-30T20:13:21.331+0000] {spark_submit.py:495} INFO - 23/01/30 20:13:21 INFO Utils: Copying /home/***/.ivy2/jars/org.mongodb_mongodb-driver-core-4.0.5.jar to /tmp/spark-7915e4d4-c9ab-4cf6-9fa4-7e91730f4676/userFiles-f37969fe-00fc-403c-98ff-9895b40c0bd3/org.mongodb_mongodb-driver-core-4.0.5.jar
[2023-01-30T20:13:21.412+0000] {spark_submit.py:495} INFO - 23/01/30 20:13:21 INFO Executor: Starting executor ID driver on host 15c99fd3082a
[2023-01-30T20:13:21.419+0000] {spark_submit.py:495} INFO - 23/01/30 20:13:21 INFO Executor: Starting executor with user classpath (userClassPathFirst = false): ''
[2023-01-30T20:13:21.436+0000] {spark_submit.py:495} INFO - 23/01/30 20:13:21 INFO Executor: Fetching file:///home/***/.ivy2/jars/org.apache.spark_spark-token-provider-kafka-0-10_2.12-3.1.3.jar with timestamp 1675109600560
[2023-01-30T20:13:21.463+0000] {spark_submit.py:495} INFO - 23/01/30 20:13:21 INFO Utils: /home/***/.ivy2/jars/org.apache.spark_spark-token-provider-kafka-0-10_2.12-3.1.3.jar has been previously copied to /tmp/spark-7915e4d4-c9ab-4cf6-9fa4-7e91730f4676/userFiles-f37969fe-00fc-403c-98ff-9895b40c0bd3/org.apache.spark_spark-token-provider-kafka-0-10_2.12-3.1.3.jar
[2023-01-30T20:13:21.467+0000] {spark_submit.py:495} INFO - 23/01/30 20:13:21 INFO Executor: Fetching file:///home/***/.ivy2/jars/org.mongodb_mongodb-driver-sync-4.0.5.jar with timestamp 1675109600560
[2023-01-30T20:13:21.468+0000] {spark_submit.py:495} INFO - 23/01/30 20:13:21 INFO Utils: /home/***/.ivy2/jars/org.mongodb_mongodb-driver-sync-4.0.5.jar has been previously copied to /tmp/spark-7915e4d4-c9ab-4cf6-9fa4-7e91730f4676/userFiles-f37969fe-00fc-403c-98ff-9895b40c0bd3/org.mongodb_mongodb-driver-sync-4.0.5.jar
[2023-01-30T20:13:21.471+0000] {spark_submit.py:495} INFO - 23/01/30 20:13:21 INFO Executor: Fetching file:///home/***/.ivy2/jars/org.apache.kafka_kafka-clients-2.6.0.jar with timestamp 1675109600560
[2023-01-30T20:13:21.490+0000] {spark_submit.py:495} INFO - 23/01/30 20:13:21 INFO Utils: /home/***/.ivy2/jars/org.apache.kafka_kafka-clients-2.6.0.jar has been previously copied to /tmp/spark-7915e4d4-c9ab-4cf6-9fa4-7e91730f4676/userFiles-f37969fe-00fc-403c-98ff-9895b40c0bd3/org.apache.kafka_kafka-clients-2.6.0.jar
[2023-01-30T20:13:21.514+0000] {spark_submit.py:495} INFO - 23/01/30 20:13:21 INFO Executor: Fetching file:///home/***/.ivy2/jars/org.mongodb_bson-4.0.5.jar with timestamp 1675109600560
[2023-01-30T20:13:21.519+0000] {spark_submit.py:495} INFO - 23/01/30 20:13:21 INFO Utils: /home/***/.ivy2/jars/org.mongodb_bson-4.0.5.jar has been previously copied to /tmp/spark-7915e4d4-c9ab-4cf6-9fa4-7e91730f4676/userFiles-f37969fe-00fc-403c-98ff-9895b40c0bd3/org.mongodb_bson-4.0.5.jar
[2023-01-30T20:13:21.522+0000] {spark_submit.py:495} INFO - 23/01/30 20:13:21 INFO Executor: Fetching file:///home/***/.ivy2/jars/com.github.luben_zstd-jni-1.4.8-1.jar with timestamp 1675109600560
[2023-01-30T20:13:21.535+0000] {spark_submit.py:495} INFO - 23/01/30 20:13:21 INFO Utils: /home/***/.ivy2/jars/com.github.luben_zstd-jni-1.4.8-1.jar has been previously copied to /tmp/spark-7915e4d4-c9ab-4cf6-9fa4-7e91730f4676/userFiles-f37969fe-00fc-403c-98ff-9895b40c0bd3/com.github.luben_zstd-jni-1.4.8-1.jar
[2023-01-30T20:13:21.559+0000] {spark_submit.py:495} INFO - 23/01/30 20:13:21 INFO Executor: Fetching file:///home/***/.ivy2/jars/org.lz4_lz4-java-1.7.1.jar with timestamp 1675109600560
[2023-01-30T20:13:21.559+0000] {spark_submit.py:495} INFO - 23/01/30 20:13:21 INFO Utils: /home/***/.ivy2/jars/org.lz4_lz4-java-1.7.1.jar has been previously copied to /tmp/spark-7915e4d4-c9ab-4cf6-9fa4-7e91730f4676/userFiles-f37969fe-00fc-403c-98ff-9895b40c0bd3/org.lz4_lz4-java-1.7.1.jar
[2023-01-30T20:13:21.568+0000] {spark_submit.py:495} INFO - 23/01/30 20:13:21 INFO Executor: Fetching file:///home/***/.ivy2/jars/org.spark-project.spark_unused-1.0.0.jar with timestamp 1675109600560
[2023-01-30T20:13:21.569+0000] {spark_submit.py:495} INFO - 23/01/30 20:13:21 INFO Utils: /home/***/.ivy2/jars/org.spark-project.spark_unused-1.0.0.jar has been previously copied to /tmp/spark-7915e4d4-c9ab-4cf6-9fa4-7e91730f4676/userFiles-f37969fe-00fc-403c-98ff-9895b40c0bd3/org.spark-project.spark_unused-1.0.0.jar
[2023-01-30T20:13:21.596+0000] {spark_submit.py:495} INFO - 23/01/30 20:13:21 INFO Executor: Fetching file:///home/***/.ivy2/jars/org.xerial.snappy_snappy-java-1.1.8.2.jar with timestamp 1675109600560
[2023-01-30T20:13:21.598+0000] {spark_submit.py:495} INFO - 23/01/30 20:13:21 INFO Utils: /home/***/.ivy2/jars/org.xerial.snappy_snappy-java-1.1.8.2.jar has been previously copied to /tmp/spark-7915e4d4-c9ab-4cf6-9fa4-7e91730f4676/userFiles-f37969fe-00fc-403c-98ff-9895b40c0bd3/org.xerial.snappy_snappy-java-1.1.8.2.jar
[2023-01-30T20:13:21.612+0000] {spark_submit.py:495} INFO - 23/01/30 20:13:21 INFO Executor: Fetching file:///home/***/.ivy2/jars/org.mongodb_mongodb-driver-core-4.0.5.jar with timestamp 1675109600560
[2023-01-30T20:13:21.618+0000] {spark_submit.py:495} INFO - 23/01/30 20:13:21 INFO Utils: /home/***/.ivy2/jars/org.mongodb_mongodb-driver-core-4.0.5.jar has been previously copied to /tmp/spark-7915e4d4-c9ab-4cf6-9fa4-7e91730f4676/userFiles-f37969fe-00fc-403c-98ff-9895b40c0bd3/org.mongodb_mongodb-driver-core-4.0.5.jar
[2023-01-30T20:13:21.630+0000] {spark_submit.py:495} INFO - 23/01/30 20:13:21 INFO Executor: Fetching file:///home/***/.ivy2/jars/org.apache.spark_spark-sql-kafka-0-10_2.12-3.1.3.jar with timestamp 1675109600560
[2023-01-30T20:13:21.631+0000] {spark_submit.py:495} INFO - 23/01/30 20:13:21 INFO Utils: /home/***/.ivy2/jars/org.apache.spark_spark-sql-kafka-0-10_2.12-3.1.3.jar has been previously copied to /tmp/spark-7915e4d4-c9ab-4cf6-9fa4-7e91730f4676/userFiles-f37969fe-00fc-403c-98ff-9895b40c0bd3/org.apache.spark_spark-sql-kafka-0-10_2.12-3.1.3.jar
[2023-01-30T20:13:21.636+0000] {spark_submit.py:495} INFO - 23/01/30 20:13:21 INFO Executor: Fetching file:///home/***/.ivy2/jars/org.mongodb.spark_mongo-spark-connector_2.12-3.0.1.jar with timestamp 1675109600560
[2023-01-30T20:13:21.639+0000] {spark_submit.py:495} INFO - 23/01/30 20:13:21 INFO Utils: /home/***/.ivy2/jars/org.mongodb.spark_mongo-spark-connector_2.12-3.0.1.jar has been previously copied to /tmp/spark-7915e4d4-c9ab-4cf6-9fa4-7e91730f4676/userFiles-f37969fe-00fc-403c-98ff-9895b40c0bd3/org.mongodb.spark_mongo-spark-connector_2.12-3.0.1.jar
[2023-01-30T20:13:21.650+0000] {spark_submit.py:495} INFO - 23/01/30 20:13:21 INFO Executor: Fetching file:///home/***/.ivy2/jars/org.apache.commons_commons-pool2-2.6.2.jar with timestamp 1675109600560
[2023-01-30T20:13:21.651+0000] {spark_submit.py:495} INFO - 23/01/30 20:13:21 INFO Utils: /home/***/.ivy2/jars/org.apache.commons_commons-pool2-2.6.2.jar has been previously copied to /tmp/spark-7915e4d4-c9ab-4cf6-9fa4-7e91730f4676/userFiles-f37969fe-00fc-403c-98ff-9895b40c0bd3/org.apache.commons_commons-pool2-2.6.2.jar
[2023-01-30T20:13:21.672+0000] {spark_submit.py:495} INFO - 23/01/30 20:13:21 INFO Executor: Fetching file:///home/***/.ivy2/jars/org.slf4j_slf4j-api-1.7.30.jar with timestamp 1675109600560
[2023-01-30T20:13:21.673+0000] {spark_submit.py:495} INFO - 23/01/30 20:13:21 INFO Utils: /home/***/.ivy2/jars/org.slf4j_slf4j-api-1.7.30.jar has been previously copied to /tmp/spark-7915e4d4-c9ab-4cf6-9fa4-7e91730f4676/userFiles-f37969fe-00fc-403c-98ff-9895b40c0bd3/org.slf4j_slf4j-api-1.7.30.jar
[2023-01-30T20:13:21.678+0000] {spark_submit.py:495} INFO - 23/01/30 20:13:21 INFO Executor: Fetching spark://15c99fd3082a:40381/jars/org.mongodb_bson-4.0.5.jar with timestamp 1675109600560
[2023-01-30T20:13:21.724+0000] {spark_submit.py:495} INFO - 23/01/30 20:13:21 INFO TransportClientFactory: Successfully created connection to 15c99fd3082a/172.20.0.7:40381 after 31 ms (0 ms spent in bootstraps)
[2023-01-30T20:13:21.732+0000] {spark_submit.py:495} INFO - 23/01/30 20:13:21 INFO Utils: Fetching spark://15c99fd3082a:40381/jars/org.mongodb_bson-4.0.5.jar to /tmp/spark-7915e4d4-c9ab-4cf6-9fa4-7e91730f4676/userFiles-f37969fe-00fc-403c-98ff-9895b40c0bd3/fetchFileTemp1915300929825078874.tmp
[2023-01-30T20:13:21.761+0000] {spark_submit.py:495} INFO - 23/01/30 20:13:21 INFO Utils: /tmp/spark-7915e4d4-c9ab-4cf6-9fa4-7e91730f4676/userFiles-f37969fe-00fc-403c-98ff-9895b40c0bd3/fetchFileTemp1915300929825078874.tmp has been previously copied to /tmp/spark-7915e4d4-c9ab-4cf6-9fa4-7e91730f4676/userFiles-f37969fe-00fc-403c-98ff-9895b40c0bd3/org.mongodb_bson-4.0.5.jar
[2023-01-30T20:13:21.766+0000] {spark_submit.py:495} INFO - 23/01/30 20:13:21 INFO Executor: Adding file:/tmp/spark-7915e4d4-c9ab-4cf6-9fa4-7e91730f4676/userFiles-f37969fe-00fc-403c-98ff-9895b40c0bd3/org.mongodb_bson-4.0.5.jar to class loader
[2023-01-30T20:13:21.766+0000] {spark_submit.py:495} INFO - 23/01/30 20:13:21 INFO Executor: Fetching spark://15c99fd3082a:40381/jars/org.apache.spark_spark-sql-kafka-0-10_2.12-3.1.3.jar with timestamp 1675109600560
[2023-01-30T20:13:21.767+0000] {spark_submit.py:495} INFO - 23/01/30 20:13:21 INFO Utils: Fetching spark://15c99fd3082a:40381/jars/org.apache.spark_spark-sql-kafka-0-10_2.12-3.1.3.jar to /tmp/spark-7915e4d4-c9ab-4cf6-9fa4-7e91730f4676/userFiles-f37969fe-00fc-403c-98ff-9895b40c0bd3/fetchFileTemp5158634749977393239.tmp
[2023-01-30T20:13:21.770+0000] {spark_submit.py:495} INFO - 23/01/30 20:13:21 INFO Utils: /tmp/spark-7915e4d4-c9ab-4cf6-9fa4-7e91730f4676/userFiles-f37969fe-00fc-403c-98ff-9895b40c0bd3/fetchFileTemp5158634749977393239.tmp has been previously copied to /tmp/spark-7915e4d4-c9ab-4cf6-9fa4-7e91730f4676/userFiles-f37969fe-00fc-403c-98ff-9895b40c0bd3/org.apache.spark_spark-sql-kafka-0-10_2.12-3.1.3.jar
[2023-01-30T20:13:21.773+0000] {spark_submit.py:495} INFO - 23/01/30 20:13:21 INFO Executor: Adding file:/tmp/spark-7915e4d4-c9ab-4cf6-9fa4-7e91730f4676/userFiles-f37969fe-00fc-403c-98ff-9895b40c0bd3/org.apache.spark_spark-sql-kafka-0-10_2.12-3.1.3.jar to class loader
[2023-01-30T20:13:21.773+0000] {spark_submit.py:495} INFO - 23/01/30 20:13:21 INFO Executor: Fetching spark://15c99fd3082a:40381/jars/org.slf4j_slf4j-api-1.7.30.jar with timestamp 1675109600560
[2023-01-30T20:13:21.774+0000] {spark_submit.py:495} INFO - 23/01/30 20:13:21 INFO Utils: Fetching spark://15c99fd3082a:40381/jars/org.slf4j_slf4j-api-1.7.30.jar to /tmp/spark-7915e4d4-c9ab-4cf6-9fa4-7e91730f4676/userFiles-f37969fe-00fc-403c-98ff-9895b40c0bd3/fetchFileTemp11926638975352127294.tmp
[2023-01-30T20:13:21.775+0000] {spark_submit.py:495} INFO - 23/01/30 20:13:21 INFO Utils: /tmp/spark-7915e4d4-c9ab-4cf6-9fa4-7e91730f4676/userFiles-f37969fe-00fc-403c-98ff-9895b40c0bd3/fetchFileTemp11926638975352127294.tmp has been previously copied to /tmp/spark-7915e4d4-c9ab-4cf6-9fa4-7e91730f4676/userFiles-f37969fe-00fc-403c-98ff-9895b40c0bd3/org.slf4j_slf4j-api-1.7.30.jar
[2023-01-30T20:13:21.779+0000] {spark_submit.py:495} INFO - 23/01/30 20:13:21 INFO Executor: Adding file:/tmp/spark-7915e4d4-c9ab-4cf6-9fa4-7e91730f4676/userFiles-f37969fe-00fc-403c-98ff-9895b40c0bd3/org.slf4j_slf4j-api-1.7.30.jar to class loader
[2023-01-30T20:13:21.779+0000] {spark_submit.py:495} INFO - 23/01/30 20:13:21 INFO Executor: Fetching spark://15c99fd3082a:40381/jars/org.lz4_lz4-java-1.7.1.jar with timestamp 1675109600560
[2023-01-30T20:13:21.779+0000] {spark_submit.py:495} INFO - 23/01/30 20:13:21 INFO Utils: Fetching spark://15c99fd3082a:40381/jars/org.lz4_lz4-java-1.7.1.jar to /tmp/spark-7915e4d4-c9ab-4cf6-9fa4-7e91730f4676/userFiles-f37969fe-00fc-403c-98ff-9895b40c0bd3/fetchFileTemp7465090330762307070.tmp
[2023-01-30T20:13:21.783+0000] {spark_submit.py:495} INFO - 23/01/30 20:13:21 INFO Utils: /tmp/spark-7915e4d4-c9ab-4cf6-9fa4-7e91730f4676/userFiles-f37969fe-00fc-403c-98ff-9895b40c0bd3/fetchFileTemp7465090330762307070.tmp has been previously copied to /tmp/spark-7915e4d4-c9ab-4cf6-9fa4-7e91730f4676/userFiles-f37969fe-00fc-403c-98ff-9895b40c0bd3/org.lz4_lz4-java-1.7.1.jar
[2023-01-30T20:13:21.786+0000] {spark_submit.py:495} INFO - 23/01/30 20:13:21 INFO Executor: Adding file:/tmp/spark-7915e4d4-c9ab-4cf6-9fa4-7e91730f4676/userFiles-f37969fe-00fc-403c-98ff-9895b40c0bd3/org.lz4_lz4-java-1.7.1.jar to class loader
[2023-01-30T20:13:21.787+0000] {spark_submit.py:495} INFO - 23/01/30 20:13:21 INFO Executor: Fetching spark://15c99fd3082a:40381/jars/org.apache.spark_spark-token-provider-kafka-0-10_2.12-3.1.3.jar with timestamp 1675109600560
[2023-01-30T20:13:21.787+0000] {spark_submit.py:495} INFO - 23/01/30 20:13:21 INFO Utils: Fetching spark://15c99fd3082a:40381/jars/org.apache.spark_spark-token-provider-kafka-0-10_2.12-3.1.3.jar to /tmp/spark-7915e4d4-c9ab-4cf6-9fa4-7e91730f4676/userFiles-f37969fe-00fc-403c-98ff-9895b40c0bd3/fetchFileTemp14260658994690767404.tmp
[2023-01-30T20:13:21.788+0000] {spark_submit.py:495} INFO - 23/01/30 20:13:21 INFO Utils: /tmp/spark-7915e4d4-c9ab-4cf6-9fa4-7e91730f4676/userFiles-f37969fe-00fc-403c-98ff-9895b40c0bd3/fetchFileTemp14260658994690767404.tmp has been previously copied to /tmp/spark-7915e4d4-c9ab-4cf6-9fa4-7e91730f4676/userFiles-f37969fe-00fc-403c-98ff-9895b40c0bd3/org.apache.spark_spark-token-provider-kafka-0-10_2.12-3.1.3.jar
[2023-01-30T20:13:21.791+0000] {spark_submit.py:495} INFO - 23/01/30 20:13:21 INFO Executor: Adding file:/tmp/spark-7915e4d4-c9ab-4cf6-9fa4-7e91730f4676/userFiles-f37969fe-00fc-403c-98ff-9895b40c0bd3/org.apache.spark_spark-token-provider-kafka-0-10_2.12-3.1.3.jar to class loader
[2023-01-30T20:13:21.791+0000] {spark_submit.py:495} INFO - 23/01/30 20:13:21 INFO Executor: Fetching spark://15c99fd3082a:40381/jars/org.mongodb.spark_mongo-spark-connector_2.12-3.0.1.jar with timestamp 1675109600560
[2023-01-30T20:13:21.792+0000] {spark_submit.py:495} INFO - 23/01/30 20:13:21 INFO Utils: Fetching spark://15c99fd3082a:40381/jars/org.mongodb.spark_mongo-spark-connector_2.12-3.0.1.jar to /tmp/spark-7915e4d4-c9ab-4cf6-9fa4-7e91730f4676/userFiles-f37969fe-00fc-403c-98ff-9895b40c0bd3/fetchFileTemp16938363666313404474.tmp
[2023-01-30T20:13:21.795+0000] {spark_submit.py:495} INFO - 23/01/30 20:13:21 INFO Utils: /tmp/spark-7915e4d4-c9ab-4cf6-9fa4-7e91730f4676/userFiles-f37969fe-00fc-403c-98ff-9895b40c0bd3/fetchFileTemp16938363666313404474.tmp has been previously copied to /tmp/spark-7915e4d4-c9ab-4cf6-9fa4-7e91730f4676/userFiles-f37969fe-00fc-403c-98ff-9895b40c0bd3/org.mongodb.spark_mongo-spark-connector_2.12-3.0.1.jar
[2023-01-30T20:13:21.798+0000] {spark_submit.py:495} INFO - 23/01/30 20:13:21 INFO Executor: Adding file:/tmp/spark-7915e4d4-c9ab-4cf6-9fa4-7e91730f4676/userFiles-f37969fe-00fc-403c-98ff-9895b40c0bd3/org.mongodb.spark_mongo-spark-connector_2.12-3.0.1.jar to class loader
[2023-01-30T20:13:21.798+0000] {spark_submit.py:495} INFO - 23/01/30 20:13:21 INFO Executor: Fetching spark://15c99fd3082a:40381/jars/org.mongodb_mongodb-driver-sync-4.0.5.jar with timestamp 1675109600560
[2023-01-30T20:13:21.799+0000] {spark_submit.py:495} INFO - 23/01/30 20:13:21 INFO Utils: Fetching spark://15c99fd3082a:40381/jars/org.mongodb_mongodb-driver-sync-4.0.5.jar to /tmp/spark-7915e4d4-c9ab-4cf6-9fa4-7e91730f4676/userFiles-f37969fe-00fc-403c-98ff-9895b40c0bd3/fetchFileTemp3549891576585339943.tmp
[2023-01-30T20:13:21.800+0000] {spark_submit.py:495} INFO - 23/01/30 20:13:21 INFO Utils: /tmp/spark-7915e4d4-c9ab-4cf6-9fa4-7e91730f4676/userFiles-f37969fe-00fc-403c-98ff-9895b40c0bd3/fetchFileTemp3549891576585339943.tmp has been previously copied to /tmp/spark-7915e4d4-c9ab-4cf6-9fa4-7e91730f4676/userFiles-f37969fe-00fc-403c-98ff-9895b40c0bd3/org.mongodb_mongodb-driver-sync-4.0.5.jar
[2023-01-30T20:13:21.803+0000] {spark_submit.py:495} INFO - 23/01/30 20:13:21 INFO Executor: Adding file:/tmp/spark-7915e4d4-c9ab-4cf6-9fa4-7e91730f4676/userFiles-f37969fe-00fc-403c-98ff-9895b40c0bd3/org.mongodb_mongodb-driver-sync-4.0.5.jar to class loader
[2023-01-30T20:13:21.803+0000] {spark_submit.py:495} INFO - 23/01/30 20:13:21 INFO Executor: Fetching spark://15c99fd3082a:40381/jars/com.github.luben_zstd-jni-1.4.8-1.jar with timestamp 1675109600560
[2023-01-30T20:13:21.804+0000] {spark_submit.py:495} INFO - 23/01/30 20:13:21 INFO Utils: Fetching spark://15c99fd3082a:40381/jars/com.github.luben_zstd-jni-1.4.8-1.jar to /tmp/spark-7915e4d4-c9ab-4cf6-9fa4-7e91730f4676/userFiles-f37969fe-00fc-403c-98ff-9895b40c0bd3/fetchFileTemp15472099565470807350.tmp
[2023-01-30T20:13:21.824+0000] {spark_submit.py:495} INFO - 23/01/30 20:13:21 INFO Utils: /tmp/spark-7915e4d4-c9ab-4cf6-9fa4-7e91730f4676/userFiles-f37969fe-00fc-403c-98ff-9895b40c0bd3/fetchFileTemp15472099565470807350.tmp has been previously copied to /tmp/spark-7915e4d4-c9ab-4cf6-9fa4-7e91730f4676/userFiles-f37969fe-00fc-403c-98ff-9895b40c0bd3/com.github.luben_zstd-jni-1.4.8-1.jar
[2023-01-30T20:13:21.838+0000] {spark_submit.py:495} INFO - 23/01/30 20:13:21 INFO Executor: Adding file:/tmp/spark-7915e4d4-c9ab-4cf6-9fa4-7e91730f4676/userFiles-f37969fe-00fc-403c-98ff-9895b40c0bd3/com.github.luben_zstd-jni-1.4.8-1.jar to class loader
[2023-01-30T20:13:21.838+0000] {spark_submit.py:495} INFO - 23/01/30 20:13:21 INFO Executor: Fetching spark://15c99fd3082a:40381/jars/org.apache.kafka_kafka-clients-2.6.0.jar with timestamp 1675109600560
[2023-01-30T20:13:21.838+0000] {spark_submit.py:495} INFO - 23/01/30 20:13:21 INFO Utils: Fetching spark://15c99fd3082a:40381/jars/org.apache.kafka_kafka-clients-2.6.0.jar to /tmp/spark-7915e4d4-c9ab-4cf6-9fa4-7e91730f4676/userFiles-f37969fe-00fc-403c-98ff-9895b40c0bd3/fetchFileTemp11908947889038212798.tmp
[2023-01-30T20:13:21.848+0000] {spark_submit.py:495} INFO - 23/01/30 20:13:21 INFO Utils: /tmp/spark-7915e4d4-c9ab-4cf6-9fa4-7e91730f4676/userFiles-f37969fe-00fc-403c-98ff-9895b40c0bd3/fetchFileTemp11908947889038212798.tmp has been previously copied to /tmp/spark-7915e4d4-c9ab-4cf6-9fa4-7e91730f4676/userFiles-f37969fe-00fc-403c-98ff-9895b40c0bd3/org.apache.kafka_kafka-clients-2.6.0.jar
[2023-01-30T20:13:21.894+0000] {spark_submit.py:495} INFO - 23/01/30 20:13:21 INFO Executor: Adding file:/tmp/spark-7915e4d4-c9ab-4cf6-9fa4-7e91730f4676/userFiles-f37969fe-00fc-403c-98ff-9895b40c0bd3/org.apache.kafka_kafka-clients-2.6.0.jar to class loader
[2023-01-30T20:13:21.894+0000] {spark_submit.py:495} INFO - 23/01/30 20:13:21 INFO Executor: Fetching spark://15c99fd3082a:40381/jars/org.apache.commons_commons-pool2-2.6.2.jar with timestamp 1675109600560
[2023-01-30T20:13:21.895+0000] {spark_submit.py:495} INFO - 23/01/30 20:13:21 INFO Utils: Fetching spark://15c99fd3082a:40381/jars/org.apache.commons_commons-pool2-2.6.2.jar to /tmp/spark-7915e4d4-c9ab-4cf6-9fa4-7e91730f4676/userFiles-f37969fe-00fc-403c-98ff-9895b40c0bd3/fetchFileTemp1654343874261886691.tmp
[2023-01-30T20:13:21.898+0000] {spark_submit.py:495} INFO - 23/01/30 20:13:21 INFO Utils: /tmp/spark-7915e4d4-c9ab-4cf6-9fa4-7e91730f4676/userFiles-f37969fe-00fc-403c-98ff-9895b40c0bd3/fetchFileTemp1654343874261886691.tmp has been previously copied to /tmp/spark-7915e4d4-c9ab-4cf6-9fa4-7e91730f4676/userFiles-f37969fe-00fc-403c-98ff-9895b40c0bd3/org.apache.commons_commons-pool2-2.6.2.jar
[2023-01-30T20:13:21.902+0000] {spark_submit.py:495} INFO - 23/01/30 20:13:21 INFO Executor: Adding file:/tmp/spark-7915e4d4-c9ab-4cf6-9fa4-7e91730f4676/userFiles-f37969fe-00fc-403c-98ff-9895b40c0bd3/org.apache.commons_commons-pool2-2.6.2.jar to class loader
[2023-01-30T20:13:21.902+0000] {spark_submit.py:495} INFO - 23/01/30 20:13:21 INFO Executor: Fetching spark://15c99fd3082a:40381/jars/org.spark-project.spark_unused-1.0.0.jar with timestamp 1675109600560
[2023-01-30T20:13:21.903+0000] {spark_submit.py:495} INFO - 23/01/30 20:13:21 INFO Utils: Fetching spark://15c99fd3082a:40381/jars/org.spark-project.spark_unused-1.0.0.jar to /tmp/spark-7915e4d4-c9ab-4cf6-9fa4-7e91730f4676/userFiles-f37969fe-00fc-403c-98ff-9895b40c0bd3/fetchFileTemp2366128373953065391.tmp
[2023-01-30T20:13:21.904+0000] {spark_submit.py:495} INFO - 23/01/30 20:13:21 INFO Utils: /tmp/spark-7915e4d4-c9ab-4cf6-9fa4-7e91730f4676/userFiles-f37969fe-00fc-403c-98ff-9895b40c0bd3/fetchFileTemp2366128373953065391.tmp has been previously copied to /tmp/spark-7915e4d4-c9ab-4cf6-9fa4-7e91730f4676/userFiles-f37969fe-00fc-403c-98ff-9895b40c0bd3/org.spark-project.spark_unused-1.0.0.jar
[2023-01-30T20:13:21.908+0000] {spark_submit.py:495} INFO - 23/01/30 20:13:21 INFO Executor: Adding file:/tmp/spark-7915e4d4-c9ab-4cf6-9fa4-7e91730f4676/userFiles-f37969fe-00fc-403c-98ff-9895b40c0bd3/org.spark-project.spark_unused-1.0.0.jar to class loader
[2023-01-30T20:13:21.908+0000] {spark_submit.py:495} INFO - 23/01/30 20:13:21 INFO Executor: Fetching spark://15c99fd3082a:40381/jars/org.xerial.snappy_snappy-java-1.1.8.2.jar with timestamp 1675109600560
[2023-01-30T20:13:21.909+0000] {spark_submit.py:495} INFO - 23/01/30 20:13:21 INFO Utils: Fetching spark://15c99fd3082a:40381/jars/org.xerial.snappy_snappy-java-1.1.8.2.jar to /tmp/spark-7915e4d4-c9ab-4cf6-9fa4-7e91730f4676/userFiles-f37969fe-00fc-403c-98ff-9895b40c0bd3/fetchFileTemp5543568546843797164.tmp
[2023-01-30T20:13:21.920+0000] {spark_submit.py:495} INFO - 23/01/30 20:13:21 INFO Utils: /tmp/spark-7915e4d4-c9ab-4cf6-9fa4-7e91730f4676/userFiles-f37969fe-00fc-403c-98ff-9895b40c0bd3/fetchFileTemp5543568546843797164.tmp has been previously copied to /tmp/spark-7915e4d4-c9ab-4cf6-9fa4-7e91730f4676/userFiles-f37969fe-00fc-403c-98ff-9895b40c0bd3/org.xerial.snappy_snappy-java-1.1.8.2.jar
[2023-01-30T20:13:22.001+0000] {spark_submit.py:495} INFO - 23/01/30 20:13:22 INFO Executor: Adding file:/tmp/spark-7915e4d4-c9ab-4cf6-9fa4-7e91730f4676/userFiles-f37969fe-00fc-403c-98ff-9895b40c0bd3/org.xerial.snappy_snappy-java-1.1.8.2.jar to class loader
[2023-01-30T20:13:22.002+0000] {spark_submit.py:495} INFO - 23/01/30 20:13:22 INFO Executor: Fetching spark://15c99fd3082a:40381/jars/org.mongodb_mongodb-driver-core-4.0.5.jar with timestamp 1675109600560
[2023-01-30T20:13:22.003+0000] {spark_submit.py:495} INFO - 23/01/30 20:13:22 INFO Utils: Fetching spark://15c99fd3082a:40381/jars/org.mongodb_mongodb-driver-core-4.0.5.jar to /tmp/spark-7915e4d4-c9ab-4cf6-9fa4-7e91730f4676/userFiles-f37969fe-00fc-403c-98ff-9895b40c0bd3/fetchFileTemp4135908983064642986.tmp
[2023-01-30T20:13:22.030+0000] {spark_submit.py:495} INFO - 23/01/30 20:13:22 INFO Utils: /tmp/spark-7915e4d4-c9ab-4cf6-9fa4-7e91730f4676/userFiles-f37969fe-00fc-403c-98ff-9895b40c0bd3/fetchFileTemp4135908983064642986.tmp has been previously copied to /tmp/spark-7915e4d4-c9ab-4cf6-9fa4-7e91730f4676/userFiles-f37969fe-00fc-403c-98ff-9895b40c0bd3/org.mongodb_mongodb-driver-core-4.0.5.jar
[2023-01-30T20:13:22.044+0000] {spark_submit.py:495} INFO - 23/01/30 20:13:22 INFO Executor: Adding file:/tmp/spark-7915e4d4-c9ab-4cf6-9fa4-7e91730f4676/userFiles-f37969fe-00fc-403c-98ff-9895b40c0bd3/org.mongodb_mongodb-driver-core-4.0.5.jar to class loader
[2023-01-30T20:13:22.074+0000] {spark_submit.py:495} INFO - 23/01/30 20:13:22 INFO Utils: Successfully started service 'org.apache.spark.network.netty.NettyBlockTransferService' on port 34707.
[2023-01-30T20:13:22.074+0000] {spark_submit.py:495} INFO - 23/01/30 20:13:22 INFO NettyBlockTransferService: Server created on 15c99fd3082a:34707
[2023-01-30T20:13:22.079+0000] {spark_submit.py:495} INFO - 23/01/30 20:13:22 INFO BlockManager: Using org.apache.spark.storage.RandomBlockReplicationPolicy for block replication policy
[2023-01-30T20:13:22.100+0000] {spark_submit.py:495} INFO - 23/01/30 20:13:22 INFO BlockManagerMaster: Registering BlockManager BlockManagerId(driver, 15c99fd3082a, 34707, None)
[2023-01-30T20:13:22.114+0000] {spark_submit.py:495} INFO - 23/01/30 20:13:22 INFO BlockManagerMasterEndpoint: Registering block manager 15c99fd3082a:34707 with 434.4 MiB RAM, BlockManagerId(driver, 15c99fd3082a, 34707, None)
[2023-01-30T20:13:22.120+0000] {spark_submit.py:495} INFO - 23/01/30 20:13:22 INFO BlockManagerMaster: Registered BlockManager BlockManagerId(driver, 15c99fd3082a, 34707, None)
[2023-01-30T20:13:22.123+0000] {spark_submit.py:495} INFO - 23/01/30 20:13:22 INFO BlockManager: Initialized BlockManager: BlockManagerId(driver, 15c99fd3082a, 34707, None)
[2023-01-30T20:13:27.126+0000] {spark_submit.py:495} INFO - 2023-01-30 20:13:27,116 - py4j.java_gateway - INFO - Callback Server Starting
[2023-01-30T20:13:27.127+0000] {spark_submit.py:495} INFO - 2023-01-30 20:13:27,116 - py4j.java_gateway - INFO - Socket listening on ('127.0.0.1', 35107)
[2023-01-30T20:13:27.491+0000] {local_task_job.py:207} WARNING - Recorded pid 33588 does not match the current pid 33401
[2023-01-30T20:13:27.498+0000] {process_utils.py:133} INFO - Sending Signals.SIGTERM to group 33401. PIDs of all processes in the group: [33402, 33455, 33401]
[2023-01-30T20:13:27.498+0000] {process_utils.py:84} INFO - Sending the signal Signals.SIGTERM to group 33401
[2023-01-30T20:13:27.499+0000] {taskinstance.py:1483} ERROR - Received SIGTERM. Terminating subprocesses.
[2023-01-30T20:13:27.500+0000] {spark_submit.py:620} INFO - Sending kill signal to spark-submit
[2023-01-30T20:13:27.513+0000] {taskinstance.py:1772} ERROR - Task failed with exception
Traceback (most recent call last):
  File "/home/airflow/.local/lib/python3.7/site-packages/airflow/providers/apache/spark/operators/spark_submit.py", line 157, in execute
    self._hook.submit(self._application)
  File "/home/airflow/.local/lib/python3.7/site-packages/airflow/providers/apache/spark/hooks/spark_submit.py", line 414, in submit
    self._process_spark_submit_log(iter(self._submit_sp.stdout))  # type: ignore
  File "/home/airflow/.local/lib/python3.7/site-packages/airflow/providers/apache/spark/hooks/spark_submit.py", line 463, in _process_spark_submit_log
    for line in itr:
  File "/home/airflow/.local/lib/python3.7/site-packages/airflow/models/taskinstance.py", line 1485, in signal_handler
    raise AirflowException("Task received SIGTERM signal")
airflow.exceptions.AirflowException: Task received SIGTERM signal
[2023-01-30T20:13:27.524+0000] {taskinstance.py:1327} INFO - Marking task as UP_FOR_RETRY. dag_id=Streaming_pipeline_meli, task_id=consumer_data_of_topic, execution_date=20230127T184927, start_date=20230130T201323, end_date=20230130T201327
[2023-01-30T20:13:27.561+0000] {standard_task_runner.py:105} ERROR - Failed to execute job 1264 for task consumer_data_of_topic (Task received SIGTERM signal; 33401)
[2023-01-30T20:13:27.600+0000] {process_utils.py:79} INFO - Process psutil.Process(pid=33401, status='terminated', exitcode=1, started='20:13:17') (33401) terminated with exit code 1
[2023-01-30T20:13:27.600+0000] {process_utils.py:79} INFO - Process psutil.Process(pid=33402, status='terminated', started='20:13:17') (33402) terminated with exit code None
[2023-01-30T20:13:27.600+0000] {process_utils.py:79} INFO - Process psutil.Process(pid=33455, status='terminated', started='20:13:19') (33455) terminated with exit code None
