[2023-01-29T00:44:00.194+0000] {taskinstance.py:1087} INFO - Dependencies all met for <TaskInstance: Streaming_pipeline_meli.consumer_data_of_topic manual__2023-01-27T18:49:27.597637+00:00 [queued]>
[2023-01-29T00:44:00.203+0000] {taskinstance.py:1087} INFO - Dependencies all met for <TaskInstance: Streaming_pipeline_meli.consumer_data_of_topic manual__2023-01-27T18:49:27.597637+00:00 [queued]>
[2023-01-29T00:44:00.203+0000] {taskinstance.py:1283} INFO - 
--------------------------------------------------------------------------------
[2023-01-29T00:44:00.203+0000] {taskinstance.py:1284} INFO - Starting attempt 17 of 22
[2023-01-29T00:44:00.203+0000] {taskinstance.py:1285} INFO - 
--------------------------------------------------------------------------------
[2023-01-29T00:44:00.216+0000] {taskinstance.py:1304} INFO - Executing <Task(SparkSubmitOperator): consumer_data_of_topic> on 2023-01-27 18:49:27.597637+00:00
[2023-01-29T00:44:00.220+0000] {standard_task_runner.py:55} INFO - Started process 4622 to run task
[2023-01-29T00:44:00.222+0000] {standard_task_runner.py:82} INFO - Running: ['***', 'tasks', 'run', 'Streaming_pipeline_meli', 'consumer_data_of_topic', 'manual__2023-01-27T18:49:27.597637+00:00', '--job-id', '1175', '--raw', '--subdir', 'DAGS_FOLDER/streamPipeline.py', '--cfg-path', '/tmp/tmpuzzzyr94']
[2023-01-29T00:44:00.223+0000] {standard_task_runner.py:83} INFO - Job 1175: Subtask consumer_data_of_topic
[2023-01-29T00:44:00.271+0000] {task_command.py:389} INFO - Running <TaskInstance: Streaming_pipeline_meli.consumer_data_of_topic manual__2023-01-27T18:49:27.597637+00:00 [running]> on host c581710b51ba
[2023-01-29T00:44:00.328+0000] {taskinstance.py:1513} INFO - Exporting the following env vars:
AIRFLOW_CTX_DAG_OWNER=***
AIRFLOW_CTX_DAG_ID=Streaming_pipeline_meli
AIRFLOW_CTX_TASK_ID=consumer_data_of_topic
AIRFLOW_CTX_EXECUTION_DATE=2023-01-27T18:49:27.597637+00:00
AIRFLOW_CTX_TRY_NUMBER=17
AIRFLOW_CTX_DAG_RUN_ID=manual__2023-01-27T18:49:27.597637+00:00
[2023-01-29T00:44:00.335+0000] {base.py:73} INFO - Using connection ID 'spark_default' for task execution.
[2023-01-29T00:44:00.336+0000] {spark_submit.py:344} INFO - Spark-Submit cmd: spark-submit --master spark://tomi-H310:7077 --packages org.apache.spark:spark-sql-kafka-0-10_2.12:3.1.3,org.mongodb.spark:mongo-spark-connector_2.12:3.0.1 --name arrow-spark --queue root.default /opt/***/dags/consumerSpark.py
[2023-01-29T00:44:00.436+0000] {spark_submit.py:495} INFO - /home/***/.local/lib/python3.7/site-packages/pyspark/bin/load-spark-env.sh: line 68: ps: command not found
[2023-01-29T00:44:01.837+0000] {spark_submit.py:495} INFO - :: loading settings :: url = jar:file:/home/***/.local/lib/python3.7/site-packages/pyspark/jars/ivy-2.5.0.jar!/org/apache/ivy/core/settings/ivysettings.xml
[2023-01-29T00:44:01.894+0000] {spark_submit.py:495} INFO - Ivy Default Cache set to: /home/***/.ivy2/cache
[2023-01-29T00:44:01.894+0000] {spark_submit.py:495} INFO - The jars for the packages stored in: /home/***/.ivy2/jars
[2023-01-29T00:44:01.899+0000] {spark_submit.py:495} INFO - org.apache.spark#spark-sql-kafka-0-10_2.12 added as a dependency
[2023-01-29T00:44:01.899+0000] {spark_submit.py:495} INFO - org.mongodb.spark#mongo-spark-connector_2.12 added as a dependency
[2023-01-29T00:44:01.900+0000] {spark_submit.py:495} INFO - :: resolving dependencies :: org.apache.spark#spark-submit-parent-bebb8b49-e9ee-46d5-ab8a-33fdbf2b161d;1.0
[2023-01-29T00:44:01.900+0000] {spark_submit.py:495} INFO - confs: [default]
[2023-01-29T00:44:02.028+0000] {spark_submit.py:495} INFO - found org.apache.spark#spark-sql-kafka-0-10_2.12;3.1.3 in central
[2023-01-29T00:44:02.078+0000] {spark_submit.py:495} INFO - found org.apache.spark#spark-token-provider-kafka-0-10_2.12;3.1.3 in central
[2023-01-29T00:44:02.099+0000] {spark_submit.py:495} INFO - found org.apache.kafka#kafka-clients;2.6.0 in central
[2023-01-29T00:44:02.121+0000] {spark_submit.py:495} INFO - found com.github.luben#zstd-jni;1.4.8-1 in central
[2023-01-29T00:44:02.137+0000] {spark_submit.py:495} INFO - found org.lz4#lz4-java;1.7.1 in central
[2023-01-29T00:44:02.151+0000] {spark_submit.py:495} INFO - found org.xerial.snappy#snappy-java;1.1.8.2 in central
[2023-01-29T00:44:02.164+0000] {spark_submit.py:495} INFO - found org.slf4j#slf4j-api;1.7.30 in central
[2023-01-29T00:44:02.176+0000] {spark_submit.py:495} INFO - found org.spark-project.spark#unused;1.0.0 in central
[2023-01-29T00:44:02.189+0000] {spark_submit.py:495} INFO - found org.apache.commons#commons-pool2;2.6.2 in central
[2023-01-29T00:44:02.199+0000] {spark_submit.py:495} INFO - found org.mongodb.spark#mongo-spark-connector_2.12;3.0.1 in central
[2023-01-29T00:44:02.207+0000] {spark_submit.py:495} INFO - found org.mongodb#mongodb-driver-sync;4.0.5 in central
[2023-01-29T00:44:02.216+0000] {spark_submit.py:495} INFO - found org.mongodb#bson;4.0.5 in central
[2023-01-29T00:44:02.227+0000] {spark_submit.py:495} INFO - found org.mongodb#mongodb-driver-core;4.0.5 in central
[2023-01-29T00:44:02.247+0000] {spark_submit.py:495} INFO - :: resolution report :: resolve 337ms :: artifacts dl 10ms
[2023-01-29T00:44:02.248+0000] {spark_submit.py:495} INFO - :: modules in use:
[2023-01-29T00:44:02.248+0000] {spark_submit.py:495} INFO - com.github.luben#zstd-jni;1.4.8-1 from central in [default]
[2023-01-29T00:44:02.248+0000] {spark_submit.py:495} INFO - org.apache.commons#commons-pool2;2.6.2 from central in [default]
[2023-01-29T00:44:02.249+0000] {spark_submit.py:495} INFO - org.apache.kafka#kafka-clients;2.6.0 from central in [default]
[2023-01-29T00:44:02.249+0000] {spark_submit.py:495} INFO - org.apache.spark#spark-sql-kafka-0-10_2.12;3.1.3 from central in [default]
[2023-01-29T00:44:02.249+0000] {spark_submit.py:495} INFO - org.apache.spark#spark-token-provider-kafka-0-10_2.12;3.1.3 from central in [default]
[2023-01-29T00:44:02.249+0000] {spark_submit.py:495} INFO - org.lz4#lz4-java;1.7.1 from central in [default]
[2023-01-29T00:44:02.249+0000] {spark_submit.py:495} INFO - org.mongodb#bson;4.0.5 from central in [default]
[2023-01-29T00:44:02.250+0000] {spark_submit.py:495} INFO - org.mongodb#mongodb-driver-core;4.0.5 from central in [default]
[2023-01-29T00:44:02.250+0000] {spark_submit.py:495} INFO - org.mongodb#mongodb-driver-sync;4.0.5 from central in [default]
[2023-01-29T00:44:02.250+0000] {spark_submit.py:495} INFO - org.mongodb.spark#mongo-spark-connector_2.12;3.0.1 from central in [default]
[2023-01-29T00:44:02.250+0000] {spark_submit.py:495} INFO - org.slf4j#slf4j-api;1.7.30 from central in [default]
[2023-01-29T00:44:02.251+0000] {spark_submit.py:495} INFO - org.spark-project.spark#unused;1.0.0 from central in [default]
[2023-01-29T00:44:02.251+0000] {spark_submit.py:495} INFO - org.xerial.snappy#snappy-java;1.1.8.2 from central in [default]
[2023-01-29T00:44:02.251+0000] {spark_submit.py:495} INFO - ---------------------------------------------------------------------
[2023-01-29T00:44:02.251+0000] {spark_submit.py:495} INFO - |                  |            modules            ||   artifacts   |
[2023-01-29T00:44:02.251+0000] {spark_submit.py:495} INFO - |       conf       | number| search|dwnlded|evicted|| number|dwnlded|
[2023-01-29T00:44:02.252+0000] {spark_submit.py:495} INFO - ---------------------------------------------------------------------
[2023-01-29T00:44:02.252+0000] {spark_submit.py:495} INFO - |      default     |   13  |   0   |   0   |   0   ||   13  |   0   |
[2023-01-29T00:44:02.252+0000] {spark_submit.py:495} INFO - ---------------------------------------------------------------------
[2023-01-29T00:44:02.257+0000] {spark_submit.py:495} INFO - :: retrieving :: org.apache.spark#spark-submit-parent-bebb8b49-e9ee-46d5-ab8a-33fdbf2b161d
[2023-01-29T00:44:02.257+0000] {spark_submit.py:495} INFO - confs: [default]
[2023-01-29T00:44:02.264+0000] {spark_submit.py:495} INFO - 0 artifacts copied, 13 already retrieved (0kB/7ms)
[2023-01-29T00:44:02.451+0000] {spark_submit.py:495} INFO - 23/01/29 00:44:02 WARN NativeCodeLoader: Unable to load native-hadoop library for your platform... using builtin-java classes where applicable
[2023-01-29T00:44:03.326+0000] {spark_submit.py:495} INFO - 23/01/29 00:44:03 INFO SparkContext: Running Spark version 3.3.1
[2023-01-29T00:44:03.344+0000] {spark_submit.py:495} INFO - 23/01/29 00:44:03 INFO ResourceUtils: ==============================================================
[2023-01-29T00:44:03.345+0000] {spark_submit.py:495} INFO - 23/01/29 00:44:03 INFO ResourceUtils: No custom resources configured for spark.driver.
[2023-01-29T00:44:03.345+0000] {spark_submit.py:495} INFO - 23/01/29 00:44:03 INFO ResourceUtils: ==============================================================
[2023-01-29T00:44:03.345+0000] {spark_submit.py:495} INFO - 23/01/29 00:44:03 INFO SparkContext: Submitted application: arrow-spark
[2023-01-29T00:44:03.361+0000] {spark_submit.py:495} INFO - 23/01/29 00:44:03 INFO ResourceProfile: Default ResourceProfile created, executor resources: Map(cores -> name: cores, amount: 1, script: , vendor: , memory -> name: memory, amount: 1024, script: , vendor: , offHeap -> name: offHeap, amount: 0, script: , vendor: ), task resources: Map(cpus -> name: cpus, amount: 1.0)
[2023-01-29T00:44:03.372+0000] {spark_submit.py:495} INFO - 23/01/29 00:44:03 INFO ResourceProfile: Limiting resource is cpu
[2023-01-29T00:44:03.373+0000] {spark_submit.py:495} INFO - 23/01/29 00:44:03 INFO ResourceProfileManager: Added ResourceProfile id: 0
[2023-01-29T00:44:03.410+0000] {spark_submit.py:495} INFO - 23/01/29 00:44:03 INFO SecurityManager: Changing view acls to: default
[2023-01-29T00:44:03.411+0000] {spark_submit.py:495} INFO - 23/01/29 00:44:03 INFO SecurityManager: Changing modify acls to: default
[2023-01-29T00:44:03.411+0000] {spark_submit.py:495} INFO - 23/01/29 00:44:03 INFO SecurityManager: Changing view acls groups to:
[2023-01-29T00:44:03.412+0000] {spark_submit.py:495} INFO - 23/01/29 00:44:03 INFO SecurityManager: Changing modify acls groups to:
[2023-01-29T00:44:03.413+0000] {spark_submit.py:495} INFO - 23/01/29 00:44:03 INFO SecurityManager: SecurityManager: authentication disabled; ui acls disabled; users  with view permissions: Set(default); groups with view permissions: Set(); users  with modify permissions: Set(default); groups with modify permissions: Set()
[2023-01-29T00:44:03.627+0000] {spark_submit.py:495} INFO - 23/01/29 00:44:03 INFO Utils: Successfully started service 'sparkDriver' on port 44065.
[2023-01-29T00:44:03.653+0000] {spark_submit.py:495} INFO - 23/01/29 00:44:03 INFO SparkEnv: Registering MapOutputTracker
[2023-01-29T00:44:03.678+0000] {spark_submit.py:495} INFO - 23/01/29 00:44:03 INFO SparkEnv: Registering BlockManagerMaster
[2023-01-29T00:44:03.691+0000] {spark_submit.py:495} INFO - 23/01/29 00:44:03 INFO BlockManagerMasterEndpoint: Using org.apache.spark.storage.DefaultTopologyMapper for getting topology information
[2023-01-29T00:44:03.691+0000] {spark_submit.py:495} INFO - 23/01/29 00:44:03 INFO BlockManagerMasterEndpoint: BlockManagerMasterEndpoint up
[2023-01-29T00:44:03.694+0000] {spark_submit.py:495} INFO - 23/01/29 00:44:03 INFO SparkEnv: Registering BlockManagerMasterHeartbeat
[2023-01-29T00:44:03.711+0000] {spark_submit.py:495} INFO - 23/01/29 00:44:03 INFO DiskBlockManager: Created local directory at /tmp/blockmgr-27641992-94dc-4a9a-a75c-a247b67334ec
[2023-01-29T00:44:03.722+0000] {spark_submit.py:495} INFO - 23/01/29 00:44:03 INFO MemoryStore: MemoryStore started with capacity 434.4 MiB
[2023-01-29T00:44:03.736+0000] {spark_submit.py:495} INFO - 23/01/29 00:44:03 INFO SparkEnv: Registering OutputCommitCoordinator
[2023-01-29T00:44:03.948+0000] {spark_submit.py:495} INFO - 23/01/29 00:44:03 INFO Utils: Successfully started service 'SparkUI' on port 4040.
[2023-01-29T00:44:03.977+0000] {spark_submit.py:495} INFO - 23/01/29 00:44:03 INFO SparkContext: Added JAR file:///home/***/.ivy2/jars/org.apache.spark_spark-sql-kafka-0-10_2.12-3.1.3.jar at spark://c581710b51ba:44065/jars/org.apache.spark_spark-sql-kafka-0-10_2.12-3.1.3.jar with timestamp 1674953043319
[2023-01-29T00:44:03.977+0000] {spark_submit.py:495} INFO - 23/01/29 00:44:03 INFO SparkContext: Added JAR file:///home/***/.ivy2/jars/org.mongodb.spark_mongo-spark-connector_2.12-3.0.1.jar at spark://c581710b51ba:44065/jars/org.mongodb.spark_mongo-spark-connector_2.12-3.0.1.jar with timestamp 1674953043319
[2023-01-29T00:44:03.977+0000] {spark_submit.py:495} INFO - 23/01/29 00:44:03 INFO SparkContext: Added JAR file:///home/***/.ivy2/jars/org.apache.spark_spark-token-provider-kafka-0-10_2.12-3.1.3.jar at spark://c581710b51ba:44065/jars/org.apache.spark_spark-token-provider-kafka-0-10_2.12-3.1.3.jar with timestamp 1674953043319
[2023-01-29T00:44:03.978+0000] {spark_submit.py:495} INFO - 23/01/29 00:44:03 INFO SparkContext: Added JAR file:///home/***/.ivy2/jars/org.apache.kafka_kafka-clients-2.6.0.jar at spark://c581710b51ba:44065/jars/org.apache.kafka_kafka-clients-2.6.0.jar with timestamp 1674953043319
[2023-01-29T00:44:03.978+0000] {spark_submit.py:495} INFO - 23/01/29 00:44:03 INFO SparkContext: Added JAR file:///home/***/.ivy2/jars/org.apache.commons_commons-pool2-2.6.2.jar at spark://c581710b51ba:44065/jars/org.apache.commons_commons-pool2-2.6.2.jar with timestamp 1674953043319
[2023-01-29T00:44:03.978+0000] {spark_submit.py:495} INFO - 23/01/29 00:44:03 INFO SparkContext: Added JAR file:///home/***/.ivy2/jars/org.spark-project.spark_unused-1.0.0.jar at spark://c581710b51ba:44065/jars/org.spark-project.spark_unused-1.0.0.jar with timestamp 1674953043319
[2023-01-29T00:44:03.978+0000] {spark_submit.py:495} INFO - 23/01/29 00:44:03 INFO SparkContext: Added JAR file:///home/***/.ivy2/jars/com.github.luben_zstd-jni-1.4.8-1.jar at spark://c581710b51ba:44065/jars/com.github.luben_zstd-jni-1.4.8-1.jar with timestamp 1674953043319
[2023-01-29T00:44:03.978+0000] {spark_submit.py:495} INFO - 23/01/29 00:44:03 INFO SparkContext: Added JAR file:///home/***/.ivy2/jars/org.lz4_lz4-java-1.7.1.jar at spark://c581710b51ba:44065/jars/org.lz4_lz4-java-1.7.1.jar with timestamp 1674953043319
[2023-01-29T00:44:03.978+0000] {spark_submit.py:495} INFO - 23/01/29 00:44:03 INFO SparkContext: Added JAR file:///home/***/.ivy2/jars/org.xerial.snappy_snappy-java-1.1.8.2.jar at spark://c581710b51ba:44065/jars/org.xerial.snappy_snappy-java-1.1.8.2.jar with timestamp 1674953043319
[2023-01-29T00:44:03.979+0000] {spark_submit.py:495} INFO - 23/01/29 00:44:03 INFO SparkContext: Added JAR file:///home/***/.ivy2/jars/org.slf4j_slf4j-api-1.7.30.jar at spark://c581710b51ba:44065/jars/org.slf4j_slf4j-api-1.7.30.jar with timestamp 1674953043319
[2023-01-29T00:44:03.979+0000] {spark_submit.py:495} INFO - 23/01/29 00:44:03 INFO SparkContext: Added JAR file:///home/***/.ivy2/jars/org.mongodb_mongodb-driver-sync-4.0.5.jar at spark://c581710b51ba:44065/jars/org.mongodb_mongodb-driver-sync-4.0.5.jar with timestamp 1674953043319
[2023-01-29T00:44:03.979+0000] {spark_submit.py:495} INFO - 23/01/29 00:44:03 INFO SparkContext: Added JAR file:///home/***/.ivy2/jars/org.mongodb_bson-4.0.5.jar at spark://c581710b51ba:44065/jars/org.mongodb_bson-4.0.5.jar with timestamp 1674953043319
[2023-01-29T00:44:03.979+0000] {spark_submit.py:495} INFO - 23/01/29 00:44:03 INFO SparkContext: Added JAR file:///home/***/.ivy2/jars/org.mongodb_mongodb-driver-core-4.0.5.jar at spark://c581710b51ba:44065/jars/org.mongodb_mongodb-driver-core-4.0.5.jar with timestamp 1674953043319
[2023-01-29T00:44:03.981+0000] {spark_submit.py:495} INFO - 23/01/29 00:44:03 INFO SparkContext: Added file file:///home/***/.ivy2/jars/org.apache.spark_spark-sql-kafka-0-10_2.12-3.1.3.jar at file:///home/***/.ivy2/jars/org.apache.spark_spark-sql-kafka-0-10_2.12-3.1.3.jar with timestamp 1674953043319
[2023-01-29T00:44:03.982+0000] {spark_submit.py:495} INFO - 23/01/29 00:44:03 INFO Utils: Copying /home/***/.ivy2/jars/org.apache.spark_spark-sql-kafka-0-10_2.12-3.1.3.jar to /tmp/spark-767f163c-b871-4e85-ac13-5e2179653aeb/userFiles-d9995754-ec53-4cf3-b565-6a151ad055c3/org.apache.spark_spark-sql-kafka-0-10_2.12-3.1.3.jar
[2023-01-29T00:44:03.988+0000] {spark_submit.py:495} INFO - 23/01/29 00:44:03 INFO SparkContext: Added file file:///home/***/.ivy2/jars/org.mongodb.spark_mongo-spark-connector_2.12-3.0.1.jar at file:///home/***/.ivy2/jars/org.mongodb.spark_mongo-spark-connector_2.12-3.0.1.jar with timestamp 1674953043319
[2023-01-29T00:44:03.988+0000] {spark_submit.py:495} INFO - 23/01/29 00:44:03 INFO Utils: Copying /home/***/.ivy2/jars/org.mongodb.spark_mongo-spark-connector_2.12-3.0.1.jar to /tmp/spark-767f163c-b871-4e85-ac13-5e2179653aeb/userFiles-d9995754-ec53-4cf3-b565-6a151ad055c3/org.mongodb.spark_mongo-spark-connector_2.12-3.0.1.jar
[2023-01-29T00:44:03.992+0000] {spark_submit.py:495} INFO - 23/01/29 00:44:03 INFO SparkContext: Added file file:///home/***/.ivy2/jars/org.apache.spark_spark-token-provider-kafka-0-10_2.12-3.1.3.jar at file:///home/***/.ivy2/jars/org.apache.spark_spark-token-provider-kafka-0-10_2.12-3.1.3.jar with timestamp 1674953043319
[2023-01-29T00:44:03.992+0000] {spark_submit.py:495} INFO - 23/01/29 00:44:03 INFO Utils: Copying /home/***/.ivy2/jars/org.apache.spark_spark-token-provider-kafka-0-10_2.12-3.1.3.jar to /tmp/spark-767f163c-b871-4e85-ac13-5e2179653aeb/userFiles-d9995754-ec53-4cf3-b565-6a151ad055c3/org.apache.spark_spark-token-provider-kafka-0-10_2.12-3.1.3.jar
[2023-01-29T00:44:03.995+0000] {spark_submit.py:495} INFO - 23/01/29 00:44:03 INFO SparkContext: Added file file:///home/***/.ivy2/jars/org.apache.kafka_kafka-clients-2.6.0.jar at file:///home/***/.ivy2/jars/org.apache.kafka_kafka-clients-2.6.0.jar with timestamp 1674953043319
[2023-01-29T00:44:03.995+0000] {spark_submit.py:495} INFO - 23/01/29 00:44:03 INFO Utils: Copying /home/***/.ivy2/jars/org.apache.kafka_kafka-clients-2.6.0.jar to /tmp/spark-767f163c-b871-4e85-ac13-5e2179653aeb/userFiles-d9995754-ec53-4cf3-b565-6a151ad055c3/org.apache.kafka_kafka-clients-2.6.0.jar
[2023-01-29T00:44:04.002+0000] {spark_submit.py:495} INFO - 23/01/29 00:44:04 INFO SparkContext: Added file file:///home/***/.ivy2/jars/org.apache.commons_commons-pool2-2.6.2.jar at file:///home/***/.ivy2/jars/org.apache.commons_commons-pool2-2.6.2.jar with timestamp 1674953043319
[2023-01-29T00:44:04.002+0000] {spark_submit.py:495} INFO - 23/01/29 00:44:04 INFO Utils: Copying /home/***/.ivy2/jars/org.apache.commons_commons-pool2-2.6.2.jar to /tmp/spark-767f163c-b871-4e85-ac13-5e2179653aeb/userFiles-d9995754-ec53-4cf3-b565-6a151ad055c3/org.apache.commons_commons-pool2-2.6.2.jar
[2023-01-29T00:44:04.005+0000] {spark_submit.py:495} INFO - 23/01/29 00:44:04 INFO SparkContext: Added file file:///home/***/.ivy2/jars/org.spark-project.spark_unused-1.0.0.jar at file:///home/***/.ivy2/jars/org.spark-project.spark_unused-1.0.0.jar with timestamp 1674953043319
[2023-01-29T00:44:04.005+0000] {spark_submit.py:495} INFO - 23/01/29 00:44:04 INFO Utils: Copying /home/***/.ivy2/jars/org.spark-project.spark_unused-1.0.0.jar to /tmp/spark-767f163c-b871-4e85-ac13-5e2179653aeb/userFiles-d9995754-ec53-4cf3-b565-6a151ad055c3/org.spark-project.spark_unused-1.0.0.jar
[2023-01-29T00:44:04.010+0000] {spark_submit.py:495} INFO - 23/01/29 00:44:04 INFO SparkContext: Added file file:///home/***/.ivy2/jars/com.github.luben_zstd-jni-1.4.8-1.jar at file:///home/***/.ivy2/jars/com.github.luben_zstd-jni-1.4.8-1.jar with timestamp 1674953043319
[2023-01-29T00:44:04.010+0000] {spark_submit.py:495} INFO - 23/01/29 00:44:04 INFO Utils: Copying /home/***/.ivy2/jars/com.github.luben_zstd-jni-1.4.8-1.jar to /tmp/spark-767f163c-b871-4e85-ac13-5e2179653aeb/userFiles-d9995754-ec53-4cf3-b565-6a151ad055c3/com.github.luben_zstd-jni-1.4.8-1.jar
[2023-01-29T00:44:04.016+0000] {spark_submit.py:495} INFO - 23/01/29 00:44:04 INFO SparkContext: Added file file:///home/***/.ivy2/jars/org.lz4_lz4-java-1.7.1.jar at file:///home/***/.ivy2/jars/org.lz4_lz4-java-1.7.1.jar with timestamp 1674953043319
[2023-01-29T00:44:04.017+0000] {spark_submit.py:495} INFO - 23/01/29 00:44:04 INFO Utils: Copying /home/***/.ivy2/jars/org.lz4_lz4-java-1.7.1.jar to /tmp/spark-767f163c-b871-4e85-ac13-5e2179653aeb/userFiles-d9995754-ec53-4cf3-b565-6a151ad055c3/org.lz4_lz4-java-1.7.1.jar
[2023-01-29T00:44:04.020+0000] {spark_submit.py:495} INFO - 23/01/29 00:44:04 INFO SparkContext: Added file file:///home/***/.ivy2/jars/org.xerial.snappy_snappy-java-1.1.8.2.jar at file:///home/***/.ivy2/jars/org.xerial.snappy_snappy-java-1.1.8.2.jar with timestamp 1674953043319
[2023-01-29T00:44:04.020+0000] {spark_submit.py:495} INFO - 23/01/29 00:44:04 INFO Utils: Copying /home/***/.ivy2/jars/org.xerial.snappy_snappy-java-1.1.8.2.jar to /tmp/spark-767f163c-b871-4e85-ac13-5e2179653aeb/userFiles-d9995754-ec53-4cf3-b565-6a151ad055c3/org.xerial.snappy_snappy-java-1.1.8.2.jar
[2023-01-29T00:44:04.025+0000] {spark_submit.py:495} INFO - 23/01/29 00:44:04 INFO SparkContext: Added file file:///home/***/.ivy2/jars/org.slf4j_slf4j-api-1.7.30.jar at file:///home/***/.ivy2/jars/org.slf4j_slf4j-api-1.7.30.jar with timestamp 1674953043319
[2023-01-29T00:44:04.025+0000] {spark_submit.py:495} INFO - 23/01/29 00:44:04 INFO Utils: Copying /home/***/.ivy2/jars/org.slf4j_slf4j-api-1.7.30.jar to /tmp/spark-767f163c-b871-4e85-ac13-5e2179653aeb/userFiles-d9995754-ec53-4cf3-b565-6a151ad055c3/org.slf4j_slf4j-api-1.7.30.jar
[2023-01-29T00:44:04.028+0000] {spark_submit.py:495} INFO - 23/01/29 00:44:04 INFO SparkContext: Added file file:///home/***/.ivy2/jars/org.mongodb_mongodb-driver-sync-4.0.5.jar at file:///home/***/.ivy2/jars/org.mongodb_mongodb-driver-sync-4.0.5.jar with timestamp 1674953043319
[2023-01-29T00:44:04.029+0000] {spark_submit.py:495} INFO - 23/01/29 00:44:04 INFO Utils: Copying /home/***/.ivy2/jars/org.mongodb_mongodb-driver-sync-4.0.5.jar to /tmp/spark-767f163c-b871-4e85-ac13-5e2179653aeb/userFiles-d9995754-ec53-4cf3-b565-6a151ad055c3/org.mongodb_mongodb-driver-sync-4.0.5.jar
[2023-01-29T00:44:04.032+0000] {spark_submit.py:495} INFO - 23/01/29 00:44:04 INFO SparkContext: Added file file:///home/***/.ivy2/jars/org.mongodb_bson-4.0.5.jar at file:///home/***/.ivy2/jars/org.mongodb_bson-4.0.5.jar with timestamp 1674953043319
[2023-01-29T00:44:04.032+0000] {spark_submit.py:495} INFO - 23/01/29 00:44:04 INFO Utils: Copying /home/***/.ivy2/jars/org.mongodb_bson-4.0.5.jar to /tmp/spark-767f163c-b871-4e85-ac13-5e2179653aeb/userFiles-d9995754-ec53-4cf3-b565-6a151ad055c3/org.mongodb_bson-4.0.5.jar
[2023-01-29T00:44:04.035+0000] {spark_submit.py:495} INFO - 23/01/29 00:44:04 INFO SparkContext: Added file file:///home/***/.ivy2/jars/org.mongodb_mongodb-driver-core-4.0.5.jar at file:///home/***/.ivy2/jars/org.mongodb_mongodb-driver-core-4.0.5.jar with timestamp 1674953043319
[2023-01-29T00:44:04.036+0000] {spark_submit.py:495} INFO - 23/01/29 00:44:04 INFO Utils: Copying /home/***/.ivy2/jars/org.mongodb_mongodb-driver-core-4.0.5.jar to /tmp/spark-767f163c-b871-4e85-ac13-5e2179653aeb/userFiles-d9995754-ec53-4cf3-b565-6a151ad055c3/org.mongodb_mongodb-driver-core-4.0.5.jar
[2023-01-29T00:44:04.086+0000] {spark_submit.py:495} INFO - 23/01/29 00:44:04 INFO Executor: Starting executor ID driver on host c581710b51ba
[2023-01-29T00:44:04.090+0000] {spark_submit.py:495} INFO - 23/01/29 00:44:04 INFO Executor: Starting executor with user classpath (userClassPathFirst = false): ''
[2023-01-29T00:44:04.099+0000] {spark_submit.py:495} INFO - 23/01/29 00:44:04 INFO Executor: Fetching file:///home/***/.ivy2/jars/org.apache.spark_spark-token-provider-kafka-0-10_2.12-3.1.3.jar with timestamp 1674953043319
[2023-01-29T00:44:04.113+0000] {spark_submit.py:495} INFO - 23/01/29 00:44:04 INFO Utils: /home/***/.ivy2/jars/org.apache.spark_spark-token-provider-kafka-0-10_2.12-3.1.3.jar has been previously copied to /tmp/spark-767f163c-b871-4e85-ac13-5e2179653aeb/userFiles-d9995754-ec53-4cf3-b565-6a151ad055c3/org.apache.spark_spark-token-provider-kafka-0-10_2.12-3.1.3.jar
[2023-01-29T00:44:04.116+0000] {spark_submit.py:495} INFO - 23/01/29 00:44:04 INFO Executor: Fetching file:///home/***/.ivy2/jars/org.mongodb_mongodb-driver-sync-4.0.5.jar with timestamp 1674953043319
[2023-01-29T00:44:04.117+0000] {spark_submit.py:495} INFO - 23/01/29 00:44:04 INFO Utils: /home/***/.ivy2/jars/org.mongodb_mongodb-driver-sync-4.0.5.jar has been previously copied to /tmp/spark-767f163c-b871-4e85-ac13-5e2179653aeb/userFiles-d9995754-ec53-4cf3-b565-6a151ad055c3/org.mongodb_mongodb-driver-sync-4.0.5.jar
[2023-01-29T00:44:04.121+0000] {spark_submit.py:495} INFO - 23/01/29 00:44:04 INFO Executor: Fetching file:///home/***/.ivy2/jars/org.apache.kafka_kafka-clients-2.6.0.jar with timestamp 1674953043319
[2023-01-29T00:44:04.129+0000] {spark_submit.py:495} INFO - 23/01/29 00:44:04 INFO Utils: /home/***/.ivy2/jars/org.apache.kafka_kafka-clients-2.6.0.jar has been previously copied to /tmp/spark-767f163c-b871-4e85-ac13-5e2179653aeb/userFiles-d9995754-ec53-4cf3-b565-6a151ad055c3/org.apache.kafka_kafka-clients-2.6.0.jar
[2023-01-29T00:44:04.137+0000] {spark_submit.py:495} INFO - 23/01/29 00:44:04 INFO Executor: Fetching file:///home/***/.ivy2/jars/org.mongodb_bson-4.0.5.jar with timestamp 1674953043319
[2023-01-29T00:44:04.137+0000] {spark_submit.py:495} INFO - 23/01/29 00:44:04 INFO Utils: /home/***/.ivy2/jars/org.mongodb_bson-4.0.5.jar has been previously copied to /tmp/spark-767f163c-b871-4e85-ac13-5e2179653aeb/userFiles-d9995754-ec53-4cf3-b565-6a151ad055c3/org.mongodb_bson-4.0.5.jar
[2023-01-29T00:44:04.144+0000] {spark_submit.py:495} INFO - 23/01/29 00:44:04 INFO Executor: Fetching file:///home/***/.ivy2/jars/com.github.luben_zstd-jni-1.4.8-1.jar with timestamp 1674953043319
[2023-01-29T00:44:04.149+0000] {spark_submit.py:495} INFO - 23/01/29 00:44:04 INFO Utils: /home/***/.ivy2/jars/com.github.luben_zstd-jni-1.4.8-1.jar has been previously copied to /tmp/spark-767f163c-b871-4e85-ac13-5e2179653aeb/userFiles-d9995754-ec53-4cf3-b565-6a151ad055c3/com.github.luben_zstd-jni-1.4.8-1.jar
[2023-01-29T00:44:04.158+0000] {spark_submit.py:495} INFO - 23/01/29 00:44:04 INFO Executor: Fetching file:///home/***/.ivy2/jars/org.lz4_lz4-java-1.7.1.jar with timestamp 1674953043319
[2023-01-29T00:44:04.159+0000] {spark_submit.py:495} INFO - 23/01/29 00:44:04 INFO Utils: /home/***/.ivy2/jars/org.lz4_lz4-java-1.7.1.jar has been previously copied to /tmp/spark-767f163c-b871-4e85-ac13-5e2179653aeb/userFiles-d9995754-ec53-4cf3-b565-6a151ad055c3/org.lz4_lz4-java-1.7.1.jar
[2023-01-29T00:44:04.163+0000] {spark_submit.py:495} INFO - 23/01/29 00:44:04 INFO Executor: Fetching file:///home/***/.ivy2/jars/org.spark-project.spark_unused-1.0.0.jar with timestamp 1674953043319
[2023-01-29T00:44:04.163+0000] {spark_submit.py:495} INFO - 23/01/29 00:44:04 INFO Utils: /home/***/.ivy2/jars/org.spark-project.spark_unused-1.0.0.jar has been previously copied to /tmp/spark-767f163c-b871-4e85-ac13-5e2179653aeb/userFiles-d9995754-ec53-4cf3-b565-6a151ad055c3/org.spark-project.spark_unused-1.0.0.jar
[2023-01-29T00:44:04.166+0000] {spark_submit.py:495} INFO - 23/01/29 00:44:04 INFO Executor: Fetching file:///home/***/.ivy2/jars/org.xerial.snappy_snappy-java-1.1.8.2.jar with timestamp 1674953043319
[2023-01-29T00:44:04.168+0000] {spark_submit.py:495} INFO - 23/01/29 00:44:04 INFO Utils: /home/***/.ivy2/jars/org.xerial.snappy_snappy-java-1.1.8.2.jar has been previously copied to /tmp/spark-767f163c-b871-4e85-ac13-5e2179653aeb/userFiles-d9995754-ec53-4cf3-b565-6a151ad055c3/org.xerial.snappy_snappy-java-1.1.8.2.jar
[2023-01-29T00:44:04.172+0000] {spark_submit.py:495} INFO - 23/01/29 00:44:04 INFO Executor: Fetching file:///home/***/.ivy2/jars/org.mongodb_mongodb-driver-core-4.0.5.jar with timestamp 1674953043319
[2023-01-29T00:44:04.173+0000] {spark_submit.py:495} INFO - 23/01/29 00:44:04 INFO Utils: /home/***/.ivy2/jars/org.mongodb_mongodb-driver-core-4.0.5.jar has been previously copied to /tmp/spark-767f163c-b871-4e85-ac13-5e2179653aeb/userFiles-d9995754-ec53-4cf3-b565-6a151ad055c3/org.mongodb_mongodb-driver-core-4.0.5.jar
[2023-01-29T00:44:04.175+0000] {spark_submit.py:495} INFO - 23/01/29 00:44:04 INFO Executor: Fetching file:///home/***/.ivy2/jars/org.apache.spark_spark-sql-kafka-0-10_2.12-3.1.3.jar with timestamp 1674953043319
[2023-01-29T00:44:04.176+0000] {spark_submit.py:495} INFO - 23/01/29 00:44:04 INFO Utils: /home/***/.ivy2/jars/org.apache.spark_spark-sql-kafka-0-10_2.12-3.1.3.jar has been previously copied to /tmp/spark-767f163c-b871-4e85-ac13-5e2179653aeb/userFiles-d9995754-ec53-4cf3-b565-6a151ad055c3/org.apache.spark_spark-sql-kafka-0-10_2.12-3.1.3.jar
[2023-01-29T00:44:04.179+0000] {spark_submit.py:495} INFO - 23/01/29 00:44:04 INFO Executor: Fetching file:///home/***/.ivy2/jars/org.mongodb.spark_mongo-spark-connector_2.12-3.0.1.jar with timestamp 1674953043319
[2023-01-29T00:44:04.180+0000] {spark_submit.py:495} INFO - 23/01/29 00:44:04 INFO Utils: /home/***/.ivy2/jars/org.mongodb.spark_mongo-spark-connector_2.12-3.0.1.jar has been previously copied to /tmp/spark-767f163c-b871-4e85-ac13-5e2179653aeb/userFiles-d9995754-ec53-4cf3-b565-6a151ad055c3/org.mongodb.spark_mongo-spark-connector_2.12-3.0.1.jar
[2023-01-29T00:44:04.183+0000] {spark_submit.py:495} INFO - 23/01/29 00:44:04 INFO Executor: Fetching file:///home/***/.ivy2/jars/org.apache.commons_commons-pool2-2.6.2.jar with timestamp 1674953043319
[2023-01-29T00:44:04.183+0000] {spark_submit.py:495} INFO - 23/01/29 00:44:04 INFO Utils: /home/***/.ivy2/jars/org.apache.commons_commons-pool2-2.6.2.jar has been previously copied to /tmp/spark-767f163c-b871-4e85-ac13-5e2179653aeb/userFiles-d9995754-ec53-4cf3-b565-6a151ad055c3/org.apache.commons_commons-pool2-2.6.2.jar
[2023-01-29T00:44:04.186+0000] {spark_submit.py:495} INFO - 23/01/29 00:44:04 INFO Executor: Fetching file:///home/***/.ivy2/jars/org.slf4j_slf4j-api-1.7.30.jar with timestamp 1674953043319
[2023-01-29T00:44:04.187+0000] {spark_submit.py:495} INFO - 23/01/29 00:44:04 INFO Utils: /home/***/.ivy2/jars/org.slf4j_slf4j-api-1.7.30.jar has been previously copied to /tmp/spark-767f163c-b871-4e85-ac13-5e2179653aeb/userFiles-d9995754-ec53-4cf3-b565-6a151ad055c3/org.slf4j_slf4j-api-1.7.30.jar
[2023-01-29T00:44:04.193+0000] {spark_submit.py:495} INFO - 23/01/29 00:44:04 INFO Executor: Fetching spark://c581710b51ba:44065/jars/org.mongodb_mongodb-driver-sync-4.0.5.jar with timestamp 1674953043319
[2023-01-29T00:44:04.219+0000] {spark_submit.py:495} INFO - 23/01/29 00:44:04 INFO TransportClientFactory: Successfully created connection to c581710b51ba/172.20.0.5:44065 after 19 ms (0 ms spent in bootstraps)
[2023-01-29T00:44:04.224+0000] {spark_submit.py:495} INFO - 23/01/29 00:44:04 INFO Utils: Fetching spark://c581710b51ba:44065/jars/org.mongodb_mongodb-driver-sync-4.0.5.jar to /tmp/spark-767f163c-b871-4e85-ac13-5e2179653aeb/userFiles-d9995754-ec53-4cf3-b565-6a151ad055c3/fetchFileTemp4976550972844188120.tmp
[2023-01-29T00:44:04.259+0000] {spark_submit.py:495} INFO - 23/01/29 00:44:04 INFO Utils: /tmp/spark-767f163c-b871-4e85-ac13-5e2179653aeb/userFiles-d9995754-ec53-4cf3-b565-6a151ad055c3/fetchFileTemp4976550972844188120.tmp has been previously copied to /tmp/spark-767f163c-b871-4e85-ac13-5e2179653aeb/userFiles-d9995754-ec53-4cf3-b565-6a151ad055c3/org.mongodb_mongodb-driver-sync-4.0.5.jar
[2023-01-29T00:44:04.262+0000] {spark_submit.py:495} INFO - 23/01/29 00:44:04 INFO Executor: Adding file:/tmp/spark-767f163c-b871-4e85-ac13-5e2179653aeb/userFiles-d9995754-ec53-4cf3-b565-6a151ad055c3/org.mongodb_mongodb-driver-sync-4.0.5.jar to class loader
[2023-01-29T00:44:04.263+0000] {spark_submit.py:495} INFO - 23/01/29 00:44:04 INFO Executor: Fetching spark://c581710b51ba:44065/jars/com.github.luben_zstd-jni-1.4.8-1.jar with timestamp 1674953043319
[2023-01-29T00:44:04.265+0000] {spark_submit.py:495} INFO - 23/01/29 00:44:04 INFO Utils: Fetching spark://c581710b51ba:44065/jars/com.github.luben_zstd-jni-1.4.8-1.jar to /tmp/spark-767f163c-b871-4e85-ac13-5e2179653aeb/userFiles-d9995754-ec53-4cf3-b565-6a151ad055c3/fetchFileTemp17819714849983463910.tmp
[2023-01-29T00:44:04.295+0000] {spark_submit.py:495} INFO - 23/01/29 00:44:04 INFO Utils: /tmp/spark-767f163c-b871-4e85-ac13-5e2179653aeb/userFiles-d9995754-ec53-4cf3-b565-6a151ad055c3/fetchFileTemp17819714849983463910.tmp has been previously copied to /tmp/spark-767f163c-b871-4e85-ac13-5e2179653aeb/userFiles-d9995754-ec53-4cf3-b565-6a151ad055c3/com.github.luben_zstd-jni-1.4.8-1.jar
[2023-01-29T00:44:04.314+0000] {spark_submit.py:495} INFO - 23/01/29 00:44:04 INFO Executor: Adding file:/tmp/spark-767f163c-b871-4e85-ac13-5e2179653aeb/userFiles-d9995754-ec53-4cf3-b565-6a151ad055c3/com.github.luben_zstd-jni-1.4.8-1.jar to class loader
[2023-01-29T00:44:04.315+0000] {spark_submit.py:495} INFO - 23/01/29 00:44:04 INFO Executor: Fetching spark://c581710b51ba:44065/jars/org.spark-project.spark_unused-1.0.0.jar with timestamp 1674953043319
[2023-01-29T00:44:04.315+0000] {spark_submit.py:495} INFO - 23/01/29 00:44:04 INFO Utils: Fetching spark://c581710b51ba:44065/jars/org.spark-project.spark_unused-1.0.0.jar to /tmp/spark-767f163c-b871-4e85-ac13-5e2179653aeb/userFiles-d9995754-ec53-4cf3-b565-6a151ad055c3/fetchFileTemp7351081686818803126.tmp
[2023-01-29T00:44:04.318+0000] {spark_submit.py:495} INFO - 23/01/29 00:44:04 INFO Utils: /tmp/spark-767f163c-b871-4e85-ac13-5e2179653aeb/userFiles-d9995754-ec53-4cf3-b565-6a151ad055c3/fetchFileTemp7351081686818803126.tmp has been previously copied to /tmp/spark-767f163c-b871-4e85-ac13-5e2179653aeb/userFiles-d9995754-ec53-4cf3-b565-6a151ad055c3/org.spark-project.spark_unused-1.0.0.jar
[2023-01-29T00:44:04.328+0000] {spark_submit.py:495} INFO - 23/01/29 00:44:04 INFO Executor: Adding file:/tmp/spark-767f163c-b871-4e85-ac13-5e2179653aeb/userFiles-d9995754-ec53-4cf3-b565-6a151ad055c3/org.spark-project.spark_unused-1.0.0.jar to class loader
[2023-01-29T00:44:04.332+0000] {spark_submit.py:495} INFO - 23/01/29 00:44:04 INFO Executor: Fetching spark://c581710b51ba:44065/jars/org.apache.commons_commons-pool2-2.6.2.jar with timestamp 1674953043319
[2023-01-29T00:44:04.334+0000] {spark_submit.py:495} INFO - 23/01/29 00:44:04 INFO Utils: Fetching spark://c581710b51ba:44065/jars/org.apache.commons_commons-pool2-2.6.2.jar to /tmp/spark-767f163c-b871-4e85-ac13-5e2179653aeb/userFiles-d9995754-ec53-4cf3-b565-6a151ad055c3/fetchFileTemp202507468120251655.tmp
[2023-01-29T00:44:04.339+0000] {spark_submit.py:495} INFO - 23/01/29 00:44:04 INFO Utils: /tmp/spark-767f163c-b871-4e85-ac13-5e2179653aeb/userFiles-d9995754-ec53-4cf3-b565-6a151ad055c3/fetchFileTemp202507468120251655.tmp has been previously copied to /tmp/spark-767f163c-b871-4e85-ac13-5e2179653aeb/userFiles-d9995754-ec53-4cf3-b565-6a151ad055c3/org.apache.commons_commons-pool2-2.6.2.jar
[2023-01-29T00:44:04.346+0000] {spark_submit.py:495} INFO - 23/01/29 00:44:04 INFO Executor: Adding file:/tmp/spark-767f163c-b871-4e85-ac13-5e2179653aeb/userFiles-d9995754-ec53-4cf3-b565-6a151ad055c3/org.apache.commons_commons-pool2-2.6.2.jar to class loader
[2023-01-29T00:44:04.346+0000] {spark_submit.py:495} INFO - 23/01/29 00:44:04 INFO Executor: Fetching spark://c581710b51ba:44065/jars/org.apache.spark_spark-sql-kafka-0-10_2.12-3.1.3.jar with timestamp 1674953043319
[2023-01-29T00:44:04.347+0000] {spark_submit.py:495} INFO - 23/01/29 00:44:04 INFO Utils: Fetching spark://c581710b51ba:44065/jars/org.apache.spark_spark-sql-kafka-0-10_2.12-3.1.3.jar to /tmp/spark-767f163c-b871-4e85-ac13-5e2179653aeb/userFiles-d9995754-ec53-4cf3-b565-6a151ad055c3/fetchFileTemp5811117847079987686.tmp
[2023-01-29T00:44:04.353+0000] {spark_submit.py:495} INFO - 23/01/29 00:44:04 INFO Utils: /tmp/spark-767f163c-b871-4e85-ac13-5e2179653aeb/userFiles-d9995754-ec53-4cf3-b565-6a151ad055c3/fetchFileTemp5811117847079987686.tmp has been previously copied to /tmp/spark-767f163c-b871-4e85-ac13-5e2179653aeb/userFiles-d9995754-ec53-4cf3-b565-6a151ad055c3/org.apache.spark_spark-sql-kafka-0-10_2.12-3.1.3.jar
[2023-01-29T00:44:04.361+0000] {spark_submit.py:495} INFO - 23/01/29 00:44:04 INFO Executor: Adding file:/tmp/spark-767f163c-b871-4e85-ac13-5e2179653aeb/userFiles-d9995754-ec53-4cf3-b565-6a151ad055c3/org.apache.spark_spark-sql-kafka-0-10_2.12-3.1.3.jar to class loader
[2023-01-29T00:44:04.361+0000] {spark_submit.py:495} INFO - 23/01/29 00:44:04 INFO Executor: Fetching spark://c581710b51ba:44065/jars/org.apache.spark_spark-token-provider-kafka-0-10_2.12-3.1.3.jar with timestamp 1674953043319
[2023-01-29T00:44:04.362+0000] {spark_submit.py:495} INFO - 23/01/29 00:44:04 INFO Utils: Fetching spark://c581710b51ba:44065/jars/org.apache.spark_spark-token-provider-kafka-0-10_2.12-3.1.3.jar to /tmp/spark-767f163c-b871-4e85-ac13-5e2179653aeb/userFiles-d9995754-ec53-4cf3-b565-6a151ad055c3/fetchFileTemp6943536826707470536.tmp
[2023-01-29T00:44:04.366+0000] {spark_submit.py:495} INFO - 23/01/29 00:44:04 INFO Utils: /tmp/spark-767f163c-b871-4e85-ac13-5e2179653aeb/userFiles-d9995754-ec53-4cf3-b565-6a151ad055c3/fetchFileTemp6943536826707470536.tmp has been previously copied to /tmp/spark-767f163c-b871-4e85-ac13-5e2179653aeb/userFiles-d9995754-ec53-4cf3-b565-6a151ad055c3/org.apache.spark_spark-token-provider-kafka-0-10_2.12-3.1.3.jar
[2023-01-29T00:44:04.373+0000] {spark_submit.py:495} INFO - 23/01/29 00:44:04 INFO Executor: Adding file:/tmp/spark-767f163c-b871-4e85-ac13-5e2179653aeb/userFiles-d9995754-ec53-4cf3-b565-6a151ad055c3/org.apache.spark_spark-token-provider-kafka-0-10_2.12-3.1.3.jar to class loader
[2023-01-29T00:44:04.374+0000] {spark_submit.py:495} INFO - 23/01/29 00:44:04 INFO Executor: Fetching spark://c581710b51ba:44065/jars/org.mongodb_mongodb-driver-core-4.0.5.jar with timestamp 1674953043319
[2023-01-29T00:44:04.375+0000] {spark_submit.py:495} INFO - 23/01/29 00:44:04 INFO Utils: Fetching spark://c581710b51ba:44065/jars/org.mongodb_mongodb-driver-core-4.0.5.jar to /tmp/spark-767f163c-b871-4e85-ac13-5e2179653aeb/userFiles-d9995754-ec53-4cf3-b565-6a151ad055c3/fetchFileTemp10635758975480085079.tmp
[2023-01-29T00:44:04.389+0000] {spark_submit.py:495} INFO - 23/01/29 00:44:04 INFO Utils: /tmp/spark-767f163c-b871-4e85-ac13-5e2179653aeb/userFiles-d9995754-ec53-4cf3-b565-6a151ad055c3/fetchFileTemp10635758975480085079.tmp has been previously copied to /tmp/spark-767f163c-b871-4e85-ac13-5e2179653aeb/userFiles-d9995754-ec53-4cf3-b565-6a151ad055c3/org.mongodb_mongodb-driver-core-4.0.5.jar
[2023-01-29T00:44:04.595+0000] {spark_submit.py:495} INFO - 23/01/29 00:44:04 INFO Executor: Adding file:/tmp/spark-767f163c-b871-4e85-ac13-5e2179653aeb/userFiles-d9995754-ec53-4cf3-b565-6a151ad055c3/org.mongodb_mongodb-driver-core-4.0.5.jar to class loader
[2023-01-29T00:44:04.596+0000] {spark_submit.py:495} INFO - 23/01/29 00:44:04 INFO Executor: Fetching spark://c581710b51ba:44065/jars/org.xerial.snappy_snappy-java-1.1.8.2.jar with timestamp 1674953043319
[2023-01-29T00:44:04.597+0000] {spark_submit.py:495} INFO - 23/01/29 00:44:04 INFO Utils: Fetching spark://c581710b51ba:44065/jars/org.xerial.snappy_snappy-java-1.1.8.2.jar to /tmp/spark-767f163c-b871-4e85-ac13-5e2179653aeb/userFiles-d9995754-ec53-4cf3-b565-6a151ad055c3/fetchFileTemp4940101571831680701.tmp
[2023-01-29T00:44:04.621+0000] {spark_submit.py:495} INFO - 23/01/29 00:44:04 INFO Utils: /tmp/spark-767f163c-b871-4e85-ac13-5e2179653aeb/userFiles-d9995754-ec53-4cf3-b565-6a151ad055c3/fetchFileTemp4940101571831680701.tmp has been previously copied to /tmp/spark-767f163c-b871-4e85-ac13-5e2179653aeb/userFiles-d9995754-ec53-4cf3-b565-6a151ad055c3/org.xerial.snappy_snappy-java-1.1.8.2.jar
[2023-01-29T00:44:05.150+0000] {spark_submit.py:495} INFO - 23/01/29 00:44:05 INFO Executor: Adding file:/tmp/spark-767f163c-b871-4e85-ac13-5e2179653aeb/userFiles-d9995754-ec53-4cf3-b565-6a151ad055c3/org.xerial.snappy_snappy-java-1.1.8.2.jar to class loader
[2023-01-29T00:44:05.151+0000] {spark_submit.py:495} INFO - 23/01/29 00:44:05 INFO Executor: Fetching spark://c581710b51ba:44065/jars/org.mongodb.spark_mongo-spark-connector_2.12-3.0.1.jar with timestamp 1674953043319
[2023-01-29T00:44:05.152+0000] {spark_submit.py:495} INFO - 23/01/29 00:44:05 INFO Utils: Fetching spark://c581710b51ba:44065/jars/org.mongodb.spark_mongo-spark-connector_2.12-3.0.1.jar to /tmp/spark-767f163c-b871-4e85-ac13-5e2179653aeb/userFiles-d9995754-ec53-4cf3-b565-6a151ad055c3/fetchFileTemp13887013313970331803.tmp
[2023-01-29T00:44:05.162+0000] {spark_submit.py:495} INFO - 23/01/29 00:44:05 INFO Utils: /tmp/spark-767f163c-b871-4e85-ac13-5e2179653aeb/userFiles-d9995754-ec53-4cf3-b565-6a151ad055c3/fetchFileTemp13887013313970331803.tmp has been previously copied to /tmp/spark-767f163c-b871-4e85-ac13-5e2179653aeb/userFiles-d9995754-ec53-4cf3-b565-6a151ad055c3/org.mongodb.spark_mongo-spark-connector_2.12-3.0.1.jar
[2023-01-29T00:44:05.222+0000] {spark_submit.py:495} INFO - 23/01/29 00:44:05 INFO Executor: Adding file:/tmp/spark-767f163c-b871-4e85-ac13-5e2179653aeb/userFiles-d9995754-ec53-4cf3-b565-6a151ad055c3/org.mongodb.spark_mongo-spark-connector_2.12-3.0.1.jar to class loader
[2023-01-29T00:44:05.223+0000] {spark_submit.py:495} INFO - 23/01/29 00:44:05 INFO Executor: Fetching spark://c581710b51ba:44065/jars/org.slf4j_slf4j-api-1.7.30.jar with timestamp 1674953043319
[2023-01-29T00:44:05.224+0000] {spark_submit.py:495} INFO - 23/01/29 00:44:05 INFO Utils: Fetching spark://c581710b51ba:44065/jars/org.slf4j_slf4j-api-1.7.30.jar to /tmp/spark-767f163c-b871-4e85-ac13-5e2179653aeb/userFiles-d9995754-ec53-4cf3-b565-6a151ad055c3/fetchFileTemp15572048927100212062.tmp
[2023-01-29T00:44:05.229+0000] {spark_submit.py:495} INFO - 23/01/29 00:44:05 INFO Utils: /tmp/spark-767f163c-b871-4e85-ac13-5e2179653aeb/userFiles-d9995754-ec53-4cf3-b565-6a151ad055c3/fetchFileTemp15572048927100212062.tmp has been previously copied to /tmp/spark-767f163c-b871-4e85-ac13-5e2179653aeb/userFiles-d9995754-ec53-4cf3-b565-6a151ad055c3/org.slf4j_slf4j-api-1.7.30.jar
[2023-01-29T00:44:05.258+0000] {spark_submit.py:495} INFO - 23/01/29 00:44:05 INFO Executor: Adding file:/tmp/spark-767f163c-b871-4e85-ac13-5e2179653aeb/userFiles-d9995754-ec53-4cf3-b565-6a151ad055c3/org.slf4j_slf4j-api-1.7.30.jar to class loader
[2023-01-29T00:44:05.258+0000] {spark_submit.py:495} INFO - 23/01/29 00:44:05 INFO Executor: Fetching spark://c581710b51ba:44065/jars/org.mongodb_bson-4.0.5.jar with timestamp 1674953043319
[2023-01-29T00:44:05.259+0000] {spark_submit.py:495} INFO - 23/01/29 00:44:05 INFO Utils: Fetching spark://c581710b51ba:44065/jars/org.mongodb_bson-4.0.5.jar to /tmp/spark-767f163c-b871-4e85-ac13-5e2179653aeb/userFiles-d9995754-ec53-4cf3-b565-6a151ad055c3/fetchFileTemp8820681119788785127.tmp
[2023-01-29T00:44:05.268+0000] {spark_submit.py:495} INFO - 23/01/29 00:44:05 INFO Utils: /tmp/spark-767f163c-b871-4e85-ac13-5e2179653aeb/userFiles-d9995754-ec53-4cf3-b565-6a151ad055c3/fetchFileTemp8820681119788785127.tmp has been previously copied to /tmp/spark-767f163c-b871-4e85-ac13-5e2179653aeb/userFiles-d9995754-ec53-4cf3-b565-6a151ad055c3/org.mongodb_bson-4.0.5.jar
[2023-01-29T00:44:05.300+0000] {spark_submit.py:495} INFO - 23/01/29 00:44:05 INFO Executor: Adding file:/tmp/spark-767f163c-b871-4e85-ac13-5e2179653aeb/userFiles-d9995754-ec53-4cf3-b565-6a151ad055c3/org.mongodb_bson-4.0.5.jar to class loader
[2023-01-29T00:44:05.300+0000] {spark_submit.py:495} INFO - 23/01/29 00:44:05 INFO Executor: Fetching spark://c581710b51ba:44065/jars/org.lz4_lz4-java-1.7.1.jar with timestamp 1674953043319
[2023-01-29T00:44:05.301+0000] {spark_submit.py:495} INFO - 23/01/29 00:44:05 INFO Utils: Fetching spark://c581710b51ba:44065/jars/org.lz4_lz4-java-1.7.1.jar to /tmp/spark-767f163c-b871-4e85-ac13-5e2179653aeb/userFiles-d9995754-ec53-4cf3-b565-6a151ad055c3/fetchFileTemp1156223014372164574.tmp
[2023-01-29T00:44:05.303+0000] {spark_submit.py:495} INFO - 23/01/29 00:44:05 INFO Utils: /tmp/spark-767f163c-b871-4e85-ac13-5e2179653aeb/userFiles-d9995754-ec53-4cf3-b565-6a151ad055c3/fetchFileTemp1156223014372164574.tmp has been previously copied to /tmp/spark-767f163c-b871-4e85-ac13-5e2179653aeb/userFiles-d9995754-ec53-4cf3-b565-6a151ad055c3/org.lz4_lz4-java-1.7.1.jar
[2023-01-29T00:44:05.358+0000] {spark_submit.py:495} INFO - 23/01/29 00:44:05 INFO Executor: Adding file:/tmp/spark-767f163c-b871-4e85-ac13-5e2179653aeb/userFiles-d9995754-ec53-4cf3-b565-6a151ad055c3/org.lz4_lz4-java-1.7.1.jar to class loader
[2023-01-29T00:44:05.359+0000] {spark_submit.py:495} INFO - 23/01/29 00:44:05 INFO Executor: Fetching spark://c581710b51ba:44065/jars/org.apache.kafka_kafka-clients-2.6.0.jar with timestamp 1674953043319
[2023-01-29T00:44:05.360+0000] {spark_submit.py:495} INFO - 23/01/29 00:44:05 INFO Utils: Fetching spark://c581710b51ba:44065/jars/org.apache.kafka_kafka-clients-2.6.0.jar to /tmp/spark-767f163c-b871-4e85-ac13-5e2179653aeb/userFiles-d9995754-ec53-4cf3-b565-6a151ad055c3/fetchFileTemp2202794056763999241.tmp
[2023-01-29T00:44:05.378+0000] {spark_submit.py:495} INFO - 23/01/29 00:44:05 INFO Utils: /tmp/spark-767f163c-b871-4e85-ac13-5e2179653aeb/userFiles-d9995754-ec53-4cf3-b565-6a151ad055c3/fetchFileTemp2202794056763999241.tmp has been previously copied to /tmp/spark-767f163c-b871-4e85-ac13-5e2179653aeb/userFiles-d9995754-ec53-4cf3-b565-6a151ad055c3/org.apache.kafka_kafka-clients-2.6.0.jar
[2023-01-29T00:44:05.619+0000] {spark_submit.py:495} INFO - 23/01/29 00:44:05 INFO Executor: Adding file:/tmp/spark-767f163c-b871-4e85-ac13-5e2179653aeb/userFiles-d9995754-ec53-4cf3-b565-6a151ad055c3/org.apache.kafka_kafka-clients-2.6.0.jar to class loader
[2023-01-29T00:44:05.646+0000] {spark_submit.py:495} INFO - 23/01/29 00:44:05 INFO Utils: Successfully started service 'org.apache.spark.network.netty.NettyBlockTransferService' on port 46537.
[2023-01-29T00:44:05.646+0000] {spark_submit.py:495} INFO - 23/01/29 00:44:05 INFO NettyBlockTransferService: Server created on c581710b51ba:46537
[2023-01-29T00:44:05.648+0000] {spark_submit.py:495} INFO - 23/01/29 00:44:05 INFO BlockManager: Using org.apache.spark.storage.RandomBlockReplicationPolicy for block replication policy
[2023-01-29T00:44:05.658+0000] {spark_submit.py:495} INFO - 23/01/29 00:44:05 INFO BlockManagerMaster: Registering BlockManager BlockManagerId(driver, c581710b51ba, 46537, None)
[2023-01-29T00:44:05.663+0000] {spark_submit.py:495} INFO - 23/01/29 00:44:05 INFO BlockManagerMasterEndpoint: Registering block manager c581710b51ba:46537 with 434.4 MiB RAM, BlockManagerId(driver, c581710b51ba, 46537, None)
[2023-01-29T00:44:05.687+0000] {spark_submit.py:495} INFO - 23/01/29 00:44:05 INFO BlockManagerMaster: Registered BlockManager BlockManagerId(driver, c581710b51ba, 46537, None)
[2023-01-29T00:44:05.688+0000] {spark_submit.py:495} INFO - 23/01/29 00:44:05 INFO BlockManager: Initialized BlockManager: BlockManagerId(driver, c581710b51ba, 46537, None)
[2023-01-29T00:44:09.163+0000] {spark_submit.py:495} INFO - 2023-01-29 00:44:09,162 - py4j.java_gateway - INFO - Callback Server Starting
[2023-01-29T00:44:09.163+0000] {spark_submit.py:495} INFO - 2023-01-29 00:44:09,163 - py4j.java_gateway - INFO - Socket listening on ('127.0.0.1', 35519)
[2023-01-29T00:44:10.342+0000] {local_task_job.py:224} WARNING - State of this instance has been externally set to up_for_retry. Terminating instance.
[2023-01-29T00:44:10.344+0000] {process_utils.py:133} INFO - Sending Signals.SIGTERM to group 4622. PIDs of all processes in the group: [4623, 4678, 4622]
[2023-01-29T00:44:10.344+0000] {process_utils.py:84} INFO - Sending the signal Signals.SIGTERM to group 4622
[2023-01-29T00:44:10.345+0000] {taskinstance.py:1483} ERROR - Received SIGTERM. Terminating subprocesses.
[2023-01-29T00:44:10.345+0000] {spark_submit.py:620} INFO - Sending kill signal to spark-submit
[2023-01-29T00:44:10.355+0000] {taskinstance.py:1772} ERROR - Task failed with exception
Traceback (most recent call last):
  File "/home/airflow/.local/lib/python3.7/site-packages/airflow/providers/apache/spark/operators/spark_submit.py", line 157, in execute
    self._hook.submit(self._application)
  File "/home/airflow/.local/lib/python3.7/site-packages/airflow/providers/apache/spark/hooks/spark_submit.py", line 414, in submit
    self._process_spark_submit_log(iter(self._submit_sp.stdout))  # type: ignore
  File "/home/airflow/.local/lib/python3.7/site-packages/airflow/providers/apache/spark/hooks/spark_submit.py", line 463, in _process_spark_submit_log
    for line in itr:
  File "/home/airflow/.local/lib/python3.7/site-packages/airflow/models/taskinstance.py", line 1485, in signal_handler
    raise AirflowException("Task received SIGTERM signal")
airflow.exceptions.AirflowException: Task received SIGTERM signal
[2023-01-29T00:44:10.359+0000] {taskinstance.py:1327} INFO - Marking task as UP_FOR_RETRY. dag_id=Streaming_pipeline_meli, task_id=consumer_data_of_topic, execution_date=20230127T184927, start_date=20230129T004400, end_date=20230129T004410
[2023-01-29T00:44:10.376+0000] {standard_task_runner.py:105} ERROR - Failed to execute job 1175 for task consumer_data_of_topic (Task received SIGTERM signal; 4622)
[2023-01-29T00:44:10.404+0000] {process_utils.py:79} INFO - Process psutil.Process(pid=4678, status='terminated', started='00:44:02') (4678) terminated with exit code None
[2023-01-29T00:44:10.405+0000] {process_utils.py:79} INFO - Process psutil.Process(pid=4622, status='terminated', exitcode=1, started='00:43:59') (4622) terminated with exit code 1
[2023-01-29T00:44:10.405+0000] {process_utils.py:79} INFO - Process psutil.Process(pid=4623, status='terminated', started='00:43:59') (4623) terminated with exit code None
