[2023-01-30T21:35:34.770+0000] {taskinstance.py:1087} INFO - Dependencies all met for <TaskInstance: Streaming_pipeline_meli.consumer_data_of_topic manual__2023-01-27T18:49:27.597637+00:00 [queued]>
[2023-01-30T21:35:34.780+0000] {taskinstance.py:1087} INFO - Dependencies all met for <TaskInstance: Streaming_pipeline_meli.consumer_data_of_topic manual__2023-01-27T18:49:27.597637+00:00 [queued]>
[2023-01-30T21:35:34.780+0000] {taskinstance.py:1283} INFO - 
--------------------------------------------------------------------------------
[2023-01-30T21:35:34.780+0000] {taskinstance.py:1284} INFO - Starting attempt 103 of 107
[2023-01-30T21:35:34.780+0000] {taskinstance.py:1285} INFO - 
--------------------------------------------------------------------------------
[2023-01-30T21:35:34.795+0000] {taskinstance.py:1304} INFO - Executing <Task(SparkSubmitOperator): consumer_data_of_topic> on 2023-01-27 18:49:27.597637+00:00
[2023-01-30T21:35:34.799+0000] {standard_task_runner.py:55} INFO - Started process 41601 to run task
[2023-01-30T21:35:34.802+0000] {standard_task_runner.py:82} INFO - Running: ['***', 'tasks', 'run', 'Streaming_pipeline_meli', 'consumer_data_of_topic', 'manual__2023-01-27T18:49:27.597637+00:00', '--job-id', '1274', '--raw', '--subdir', 'DAGS_FOLDER/streamPipeline.py', '--cfg-path', '/tmp/tmpx_rb2o2u']
[2023-01-30T21:35:34.802+0000] {standard_task_runner.py:83} INFO - Job 1274: Subtask consumer_data_of_topic
[2023-01-30T21:35:34.854+0000] {task_command.py:389} INFO - Running <TaskInstance: Streaming_pipeline_meli.consumer_data_of_topic manual__2023-01-27T18:49:27.597637+00:00 [running]> on host 15c99fd3082a
[2023-01-30T21:35:34.920+0000] {taskinstance.py:1513} INFO - Exporting the following env vars:
AIRFLOW_CTX_DAG_OWNER=***
AIRFLOW_CTX_DAG_ID=Streaming_pipeline_meli
AIRFLOW_CTX_TASK_ID=consumer_data_of_topic
AIRFLOW_CTX_EXECUTION_DATE=2023-01-27T18:49:27.597637+00:00
AIRFLOW_CTX_TRY_NUMBER=103
AIRFLOW_CTX_DAG_RUN_ID=manual__2023-01-27T18:49:27.597637+00:00
[2023-01-30T21:35:34.931+0000] {base.py:73} INFO - Using connection ID 'spark_default' for task execution.
[2023-01-30T21:35:34.932+0000] {spark_submit.py:344} INFO - Spark-Submit cmd: spark-submit --master spark://tomi-H310:7077 --packages org.apache.spark:spark-sql-kafka-0-10_2.12:3.1.3,org.mongodb.spark:mongo-spark-connector_2.12:3.0.1 --name arrow-spark --queue root.default /opt/***/dags/consumerSpark.py
[2023-01-30T21:35:35.047+0000] {spark_submit.py:495} INFO - /home/***/.local/lib/python3.7/site-packages/pyspark/bin/load-spark-env.sh: line 68: ps: command not found
[2023-01-30T21:35:36.612+0000] {spark_submit.py:495} INFO - :: loading settings :: url = jar:file:/home/***/.local/lib/python3.7/site-packages/pyspark/jars/ivy-2.5.0.jar!/org/apache/ivy/core/settings/ivysettings.xml
[2023-01-30T21:35:36.685+0000] {spark_submit.py:495} INFO - Ivy Default Cache set to: /home/***/.ivy2/cache
[2023-01-30T21:35:36.686+0000] {spark_submit.py:495} INFO - The jars for the packages stored in: /home/***/.ivy2/jars
[2023-01-30T21:35:36.690+0000] {spark_submit.py:495} INFO - org.apache.spark#spark-sql-kafka-0-10_2.12 added as a dependency
[2023-01-30T21:35:36.690+0000] {spark_submit.py:495} INFO - org.mongodb.spark#mongo-spark-connector_2.12 added as a dependency
[2023-01-30T21:35:36.692+0000] {spark_submit.py:495} INFO - :: resolving dependencies :: org.apache.spark#spark-submit-parent-dad1a5a8-2c63-4621-baa7-4aab7b44113e;1.0
[2023-01-30T21:35:36.692+0000] {spark_submit.py:495} INFO - confs: [default]
[2023-01-30T21:35:36.839+0000] {spark_submit.py:495} INFO - found org.apache.spark#spark-sql-kafka-0-10_2.12;3.1.3 in central
[2023-01-30T21:35:36.901+0000] {spark_submit.py:495} INFO - found org.apache.spark#spark-token-provider-kafka-0-10_2.12;3.1.3 in central
[2023-01-30T21:35:36.931+0000] {spark_submit.py:495} INFO - found org.apache.kafka#kafka-clients;2.6.0 in central
[2023-01-30T21:35:36.965+0000] {spark_submit.py:495} INFO - found com.github.luben#zstd-jni;1.4.8-1 in central
[2023-01-30T21:35:36.985+0000] {spark_submit.py:495} INFO - found org.lz4#lz4-java;1.7.1 in central
[2023-01-30T21:35:37.008+0000] {spark_submit.py:495} INFO - found org.xerial.snappy#snappy-java;1.1.8.2 in central
[2023-01-30T21:35:37.021+0000] {spark_submit.py:495} INFO - found org.slf4j#slf4j-api;1.7.30 in central
[2023-01-30T21:35:37.034+0000] {spark_submit.py:495} INFO - found org.spark-project.spark#unused;1.0.0 in central
[2023-01-30T21:35:37.048+0000] {spark_submit.py:495} INFO - found org.apache.commons#commons-pool2;2.6.2 in central
[2023-01-30T21:35:37.060+0000] {spark_submit.py:495} INFO - found org.mongodb.spark#mongo-spark-connector_2.12;3.0.1 in central
[2023-01-30T21:35:37.069+0000] {spark_submit.py:495} INFO - found org.mongodb#mongodb-driver-sync;4.0.5 in central
[2023-01-30T21:35:37.078+0000] {spark_submit.py:495} INFO - found org.mongodb#bson;4.0.5 in central
[2023-01-30T21:35:37.088+0000] {spark_submit.py:495} INFO - found org.mongodb#mongodb-driver-core;4.0.5 in central
[2023-01-30T21:35:37.118+0000] {spark_submit.py:495} INFO - :: resolution report :: resolve 409ms :: artifacts dl 18ms
[2023-01-30T21:35:37.119+0000] {spark_submit.py:495} INFO - :: modules in use:
[2023-01-30T21:35:37.119+0000] {spark_submit.py:495} INFO - com.github.luben#zstd-jni;1.4.8-1 from central in [default]
[2023-01-30T21:35:37.119+0000] {spark_submit.py:495} INFO - org.apache.commons#commons-pool2;2.6.2 from central in [default]
[2023-01-30T21:35:37.120+0000] {spark_submit.py:495} INFO - org.apache.kafka#kafka-clients;2.6.0 from central in [default]
[2023-01-30T21:35:37.120+0000] {spark_submit.py:495} INFO - org.apache.spark#spark-sql-kafka-0-10_2.12;3.1.3 from central in [default]
[2023-01-30T21:35:37.120+0000] {spark_submit.py:495} INFO - org.apache.spark#spark-token-provider-kafka-0-10_2.12;3.1.3 from central in [default]
[2023-01-30T21:35:37.120+0000] {spark_submit.py:495} INFO - org.lz4#lz4-java;1.7.1 from central in [default]
[2023-01-30T21:35:37.121+0000] {spark_submit.py:495} INFO - org.mongodb#bson;4.0.5 from central in [default]
[2023-01-30T21:35:37.121+0000] {spark_submit.py:495} INFO - org.mongodb#mongodb-driver-core;4.0.5 from central in [default]
[2023-01-30T21:35:37.121+0000] {spark_submit.py:495} INFO - org.mongodb#mongodb-driver-sync;4.0.5 from central in [default]
[2023-01-30T21:35:37.121+0000] {spark_submit.py:495} INFO - org.mongodb.spark#mongo-spark-connector_2.12;3.0.1 from central in [default]
[2023-01-30T21:35:37.122+0000] {spark_submit.py:495} INFO - org.slf4j#slf4j-api;1.7.30 from central in [default]
[2023-01-30T21:35:37.122+0000] {spark_submit.py:495} INFO - org.spark-project.spark#unused;1.0.0 from central in [default]
[2023-01-30T21:35:37.122+0000] {spark_submit.py:495} INFO - org.xerial.snappy#snappy-java;1.1.8.2 from central in [default]
[2023-01-30T21:35:37.122+0000] {spark_submit.py:495} INFO - ---------------------------------------------------------------------
[2023-01-30T21:35:37.122+0000] {spark_submit.py:495} INFO - |                  |            modules            ||   artifacts   |
[2023-01-30T21:35:37.123+0000] {spark_submit.py:495} INFO - |       conf       | number| search|dwnlded|evicted|| number|dwnlded|
[2023-01-30T21:35:37.123+0000] {spark_submit.py:495} INFO - ---------------------------------------------------------------------
[2023-01-30T21:35:37.123+0000] {spark_submit.py:495} INFO - |      default     |   13  |   0   |   0   |   0   ||   13  |   0   |
[2023-01-30T21:35:37.123+0000] {spark_submit.py:495} INFO - ---------------------------------------------------------------------
[2023-01-30T21:35:37.129+0000] {spark_submit.py:495} INFO - :: retrieving :: org.apache.spark#spark-submit-parent-dad1a5a8-2c63-4621-baa7-4aab7b44113e
[2023-01-30T21:35:37.129+0000] {spark_submit.py:495} INFO - confs: [default]
[2023-01-30T21:35:37.137+0000] {spark_submit.py:495} INFO - 0 artifacts copied, 13 already retrieved (0kB/8ms)
[2023-01-30T21:35:37.383+0000] {spark_submit.py:495} INFO - 23/01/30 21:35:37 WARN NativeCodeLoader: Unable to load native-hadoop library for your platform... using builtin-java classes where applicable
[2023-01-30T21:35:38.238+0000] {spark_submit.py:495} INFO - 23/01/30 21:35:38 INFO SparkContext: Running Spark version 3.3.1
[2023-01-30T21:35:38.255+0000] {spark_submit.py:495} INFO - 23/01/30 21:35:38 INFO ResourceUtils: ==============================================================
[2023-01-30T21:35:38.257+0000] {spark_submit.py:495} INFO - 23/01/30 21:35:38 INFO ResourceUtils: No custom resources configured for spark.driver.
[2023-01-30T21:35:38.258+0000] {spark_submit.py:495} INFO - 23/01/30 21:35:38 INFO ResourceUtils: ==============================================================
[2023-01-30T21:35:38.258+0000] {spark_submit.py:495} INFO - 23/01/30 21:35:38 INFO SparkContext: Submitted application: arrow-spark
[2023-01-30T21:35:38.272+0000] {spark_submit.py:495} INFO - 23/01/30 21:35:38 INFO ResourceProfile: Default ResourceProfile created, executor resources: Map(cores -> name: cores, amount: 1, script: , vendor: , memory -> name: memory, amount: 1024, script: , vendor: , offHeap -> name: offHeap, amount: 0, script: , vendor: ), task resources: Map(cpus -> name: cpus, amount: 1.0)
[2023-01-30T21:35:38.283+0000] {spark_submit.py:495} INFO - 23/01/30 21:35:38 INFO ResourceProfile: Limiting resource is cpu
[2023-01-30T21:35:38.283+0000] {spark_submit.py:495} INFO - 23/01/30 21:35:38 INFO ResourceProfileManager: Added ResourceProfile id: 0
[2023-01-30T21:35:38.320+0000] {spark_submit.py:495} INFO - 23/01/30 21:35:38 INFO SecurityManager: Changing view acls to: default
[2023-01-30T21:35:38.321+0000] {spark_submit.py:495} INFO - 23/01/30 21:35:38 INFO SecurityManager: Changing modify acls to: default
[2023-01-30T21:35:38.321+0000] {spark_submit.py:495} INFO - 23/01/30 21:35:38 INFO SecurityManager: Changing view acls groups to:
[2023-01-30T21:35:38.321+0000] {spark_submit.py:495} INFO - 23/01/30 21:35:38 INFO SecurityManager: Changing modify acls groups to:
[2023-01-30T21:35:38.322+0000] {spark_submit.py:495} INFO - 23/01/30 21:35:38 INFO SecurityManager: SecurityManager: authentication disabled; ui acls disabled; users  with view permissions: Set(default); groups with view permissions: Set(); users  with modify permissions: Set(default); groups with modify permissions: Set()
[2023-01-30T21:35:38.597+0000] {spark_submit.py:495} INFO - 23/01/30 21:35:38 INFO Utils: Successfully started service 'sparkDriver' on port 44709.
[2023-01-30T21:35:38.628+0000] {spark_submit.py:495} INFO - 23/01/30 21:35:38 INFO SparkEnv: Registering MapOutputTracker
[2023-01-30T21:35:38.655+0000] {spark_submit.py:495} INFO - 23/01/30 21:35:38 INFO SparkEnv: Registering BlockManagerMaster
[2023-01-30T21:35:38.668+0000] {spark_submit.py:495} INFO - 23/01/30 21:35:38 INFO BlockManagerMasterEndpoint: Using org.apache.spark.storage.DefaultTopologyMapper for getting topology information
[2023-01-30T21:35:38.669+0000] {spark_submit.py:495} INFO - 23/01/30 21:35:38 INFO BlockManagerMasterEndpoint: BlockManagerMasterEndpoint up
[2023-01-30T21:35:38.672+0000] {spark_submit.py:495} INFO - 23/01/30 21:35:38 INFO SparkEnv: Registering BlockManagerMasterHeartbeat
[2023-01-30T21:35:38.690+0000] {spark_submit.py:495} INFO - 23/01/30 21:35:38 INFO DiskBlockManager: Created local directory at /tmp/blockmgr-b734b5bb-7b33-4699-962b-312bceed34b2
[2023-01-30T21:35:38.703+0000] {spark_submit.py:495} INFO - 23/01/30 21:35:38 INFO MemoryStore: MemoryStore started with capacity 434.4 MiB
[2023-01-30T21:35:38.715+0000] {spark_submit.py:495} INFO - 23/01/30 21:35:38 INFO SparkEnv: Registering OutputCommitCoordinator
[2023-01-30T21:35:38.867+0000] {spark_submit.py:495} INFO - 23/01/30 21:35:38 INFO Utils: Successfully started service 'SparkUI' on port 4040.
[2023-01-30T21:35:38.902+0000] {spark_submit.py:495} INFO - 23/01/30 21:35:38 INFO SparkContext: Added JAR file:///home/***/.ivy2/jars/org.apache.spark_spark-sql-kafka-0-10_2.12-3.1.3.jar at spark://15c99fd3082a:44709/jars/org.apache.spark_spark-sql-kafka-0-10_2.12-3.1.3.jar with timestamp 1675114538232
[2023-01-30T21:35:38.902+0000] {spark_submit.py:495} INFO - 23/01/30 21:35:38 INFO SparkContext: Added JAR file:///home/***/.ivy2/jars/org.mongodb.spark_mongo-spark-connector_2.12-3.0.1.jar at spark://15c99fd3082a:44709/jars/org.mongodb.spark_mongo-spark-connector_2.12-3.0.1.jar with timestamp 1675114538232
[2023-01-30T21:35:38.902+0000] {spark_submit.py:495} INFO - 23/01/30 21:35:38 INFO SparkContext: Added JAR file:///home/***/.ivy2/jars/org.apache.spark_spark-token-provider-kafka-0-10_2.12-3.1.3.jar at spark://15c99fd3082a:44709/jars/org.apache.spark_spark-token-provider-kafka-0-10_2.12-3.1.3.jar with timestamp 1675114538232
[2023-01-30T21:35:38.902+0000] {spark_submit.py:495} INFO - 23/01/30 21:35:38 INFO SparkContext: Added JAR file:///home/***/.ivy2/jars/org.apache.kafka_kafka-clients-2.6.0.jar at spark://15c99fd3082a:44709/jars/org.apache.kafka_kafka-clients-2.6.0.jar with timestamp 1675114538232
[2023-01-30T21:35:38.902+0000] {spark_submit.py:495} INFO - 23/01/30 21:35:38 INFO SparkContext: Added JAR file:///home/***/.ivy2/jars/org.apache.commons_commons-pool2-2.6.2.jar at spark://15c99fd3082a:44709/jars/org.apache.commons_commons-pool2-2.6.2.jar with timestamp 1675114538232
[2023-01-30T21:35:38.903+0000] {spark_submit.py:495} INFO - 23/01/30 21:35:38 INFO SparkContext: Added JAR file:///home/***/.ivy2/jars/org.spark-project.spark_unused-1.0.0.jar at spark://15c99fd3082a:44709/jars/org.spark-project.spark_unused-1.0.0.jar with timestamp 1675114538232
[2023-01-30T21:35:38.903+0000] {spark_submit.py:495} INFO - 23/01/30 21:35:38 INFO SparkContext: Added JAR file:///home/***/.ivy2/jars/com.github.luben_zstd-jni-1.4.8-1.jar at spark://15c99fd3082a:44709/jars/com.github.luben_zstd-jni-1.4.8-1.jar with timestamp 1675114538232
[2023-01-30T21:35:38.903+0000] {spark_submit.py:495} INFO - 23/01/30 21:35:38 INFO SparkContext: Added JAR file:///home/***/.ivy2/jars/org.lz4_lz4-java-1.7.1.jar at spark://15c99fd3082a:44709/jars/org.lz4_lz4-java-1.7.1.jar with timestamp 1675114538232
[2023-01-30T21:35:38.903+0000] {spark_submit.py:495} INFO - 23/01/30 21:35:38 INFO SparkContext: Added JAR file:///home/***/.ivy2/jars/org.xerial.snappy_snappy-java-1.1.8.2.jar at spark://15c99fd3082a:44709/jars/org.xerial.snappy_snappy-java-1.1.8.2.jar with timestamp 1675114538232
[2023-01-30T21:35:38.903+0000] {spark_submit.py:495} INFO - 23/01/30 21:35:38 INFO SparkContext: Added JAR file:///home/***/.ivy2/jars/org.slf4j_slf4j-api-1.7.30.jar at spark://15c99fd3082a:44709/jars/org.slf4j_slf4j-api-1.7.30.jar with timestamp 1675114538232
[2023-01-30T21:35:38.903+0000] {spark_submit.py:495} INFO - 23/01/30 21:35:38 INFO SparkContext: Added JAR file:///home/***/.ivy2/jars/org.mongodb_mongodb-driver-sync-4.0.5.jar at spark://15c99fd3082a:44709/jars/org.mongodb_mongodb-driver-sync-4.0.5.jar with timestamp 1675114538232
[2023-01-30T21:35:38.903+0000] {spark_submit.py:495} INFO - 23/01/30 21:35:38 INFO SparkContext: Added JAR file:///home/***/.ivy2/jars/org.mongodb_bson-4.0.5.jar at spark://15c99fd3082a:44709/jars/org.mongodb_bson-4.0.5.jar with timestamp 1675114538232
[2023-01-30T21:35:38.903+0000] {spark_submit.py:495} INFO - 23/01/30 21:35:38 INFO SparkContext: Added JAR file:///home/***/.ivy2/jars/org.mongodb_mongodb-driver-core-4.0.5.jar at spark://15c99fd3082a:44709/jars/org.mongodb_mongodb-driver-core-4.0.5.jar with timestamp 1675114538232
[2023-01-30T21:35:38.905+0000] {spark_submit.py:495} INFO - 23/01/30 21:35:38 INFO SparkContext: Added file file:///home/***/.ivy2/jars/org.apache.spark_spark-sql-kafka-0-10_2.12-3.1.3.jar at file:///home/***/.ivy2/jars/org.apache.spark_spark-sql-kafka-0-10_2.12-3.1.3.jar with timestamp 1675114538232
[2023-01-30T21:35:38.906+0000] {spark_submit.py:495} INFO - 23/01/30 21:35:38 INFO Utils: Copying /home/***/.ivy2/jars/org.apache.spark_spark-sql-kafka-0-10_2.12-3.1.3.jar to /tmp/spark-71f2cf23-cfdc-4f72-b7f2-9363d9cc1c3f/userFiles-9cd1a5f2-56e6-4b11-af02-a0f102e191c5/org.apache.spark_spark-sql-kafka-0-10_2.12-3.1.3.jar
[2023-01-30T21:35:38.936+0000] {spark_submit.py:495} INFO - 23/01/30 21:35:38 INFO SparkContext: Added file file:///home/***/.ivy2/jars/org.mongodb.spark_mongo-spark-connector_2.12-3.0.1.jar at file:///home/***/.ivy2/jars/org.mongodb.spark_mongo-spark-connector_2.12-3.0.1.jar with timestamp 1675114538232
[2023-01-30T21:35:38.937+0000] {spark_submit.py:495} INFO - 23/01/30 21:35:38 INFO Utils: Copying /home/***/.ivy2/jars/org.mongodb.spark_mongo-spark-connector_2.12-3.0.1.jar to /tmp/spark-71f2cf23-cfdc-4f72-b7f2-9363d9cc1c3f/userFiles-9cd1a5f2-56e6-4b11-af02-a0f102e191c5/org.mongodb.spark_mongo-spark-connector_2.12-3.0.1.jar
[2023-01-30T21:35:38.941+0000] {spark_submit.py:495} INFO - 23/01/30 21:35:38 INFO SparkContext: Added file file:///home/***/.ivy2/jars/org.apache.spark_spark-token-provider-kafka-0-10_2.12-3.1.3.jar at file:///home/***/.ivy2/jars/org.apache.spark_spark-token-provider-kafka-0-10_2.12-3.1.3.jar with timestamp 1675114538232
[2023-01-30T21:35:38.941+0000] {spark_submit.py:495} INFO - 23/01/30 21:35:38 INFO Utils: Copying /home/***/.ivy2/jars/org.apache.spark_spark-token-provider-kafka-0-10_2.12-3.1.3.jar to /tmp/spark-71f2cf23-cfdc-4f72-b7f2-9363d9cc1c3f/userFiles-9cd1a5f2-56e6-4b11-af02-a0f102e191c5/org.apache.spark_spark-token-provider-kafka-0-10_2.12-3.1.3.jar
[2023-01-30T21:35:38.946+0000] {spark_submit.py:495} INFO - 23/01/30 21:35:38 INFO SparkContext: Added file file:///home/***/.ivy2/jars/org.apache.kafka_kafka-clients-2.6.0.jar at file:///home/***/.ivy2/jars/org.apache.kafka_kafka-clients-2.6.0.jar with timestamp 1675114538232
[2023-01-30T21:35:38.947+0000] {spark_submit.py:495} INFO - 23/01/30 21:35:38 INFO Utils: Copying /home/***/.ivy2/jars/org.apache.kafka_kafka-clients-2.6.0.jar to /tmp/spark-71f2cf23-cfdc-4f72-b7f2-9363d9cc1c3f/userFiles-9cd1a5f2-56e6-4b11-af02-a0f102e191c5/org.apache.kafka_kafka-clients-2.6.0.jar
[2023-01-30T21:35:38.953+0000] {spark_submit.py:495} INFO - 23/01/30 21:35:38 INFO SparkContext: Added file file:///home/***/.ivy2/jars/org.apache.commons_commons-pool2-2.6.2.jar at file:///home/***/.ivy2/jars/org.apache.commons_commons-pool2-2.6.2.jar with timestamp 1675114538232
[2023-01-30T21:35:38.953+0000] {spark_submit.py:495} INFO - 23/01/30 21:35:38 INFO Utils: Copying /home/***/.ivy2/jars/org.apache.commons_commons-pool2-2.6.2.jar to /tmp/spark-71f2cf23-cfdc-4f72-b7f2-9363d9cc1c3f/userFiles-9cd1a5f2-56e6-4b11-af02-a0f102e191c5/org.apache.commons_commons-pool2-2.6.2.jar
[2023-01-30T21:35:38.959+0000] {spark_submit.py:495} INFO - 23/01/30 21:35:38 INFO SparkContext: Added file file:///home/***/.ivy2/jars/org.spark-project.spark_unused-1.0.0.jar at file:///home/***/.ivy2/jars/org.spark-project.spark_unused-1.0.0.jar with timestamp 1675114538232
[2023-01-30T21:35:38.960+0000] {spark_submit.py:495} INFO - 23/01/30 21:35:38 INFO Utils: Copying /home/***/.ivy2/jars/org.spark-project.spark_unused-1.0.0.jar to /tmp/spark-71f2cf23-cfdc-4f72-b7f2-9363d9cc1c3f/userFiles-9cd1a5f2-56e6-4b11-af02-a0f102e191c5/org.spark-project.spark_unused-1.0.0.jar
[2023-01-30T21:35:38.963+0000] {spark_submit.py:495} INFO - 23/01/30 21:35:38 INFO SparkContext: Added file file:///home/***/.ivy2/jars/com.github.luben_zstd-jni-1.4.8-1.jar at file:///home/***/.ivy2/jars/com.github.luben_zstd-jni-1.4.8-1.jar with timestamp 1675114538232
[2023-01-30T21:35:38.963+0000] {spark_submit.py:495} INFO - 23/01/30 21:35:38 INFO Utils: Copying /home/***/.ivy2/jars/com.github.luben_zstd-jni-1.4.8-1.jar to /tmp/spark-71f2cf23-cfdc-4f72-b7f2-9363d9cc1c3f/userFiles-9cd1a5f2-56e6-4b11-af02-a0f102e191c5/com.github.luben_zstd-jni-1.4.8-1.jar
[2023-01-30T21:35:38.973+0000] {spark_submit.py:495} INFO - 23/01/30 21:35:38 INFO SparkContext: Added file file:///home/***/.ivy2/jars/org.lz4_lz4-java-1.7.1.jar at file:///home/***/.ivy2/jars/org.lz4_lz4-java-1.7.1.jar with timestamp 1675114538232
[2023-01-30T21:35:38.973+0000] {spark_submit.py:495} INFO - 23/01/30 21:35:38 INFO Utils: Copying /home/***/.ivy2/jars/org.lz4_lz4-java-1.7.1.jar to /tmp/spark-71f2cf23-cfdc-4f72-b7f2-9363d9cc1c3f/userFiles-9cd1a5f2-56e6-4b11-af02-a0f102e191c5/org.lz4_lz4-java-1.7.1.jar
[2023-01-30T21:35:38.976+0000] {spark_submit.py:495} INFO - 23/01/30 21:35:38 INFO SparkContext: Added file file:///home/***/.ivy2/jars/org.xerial.snappy_snappy-java-1.1.8.2.jar at file:///home/***/.ivy2/jars/org.xerial.snappy_snappy-java-1.1.8.2.jar with timestamp 1675114538232
[2023-01-30T21:35:38.977+0000] {spark_submit.py:495} INFO - 23/01/30 21:35:38 INFO Utils: Copying /home/***/.ivy2/jars/org.xerial.snappy_snappy-java-1.1.8.2.jar to /tmp/spark-71f2cf23-cfdc-4f72-b7f2-9363d9cc1c3f/userFiles-9cd1a5f2-56e6-4b11-af02-a0f102e191c5/org.xerial.snappy_snappy-java-1.1.8.2.jar
[2023-01-30T21:35:38.981+0000] {spark_submit.py:495} INFO - 23/01/30 21:35:38 INFO SparkContext: Added file file:///home/***/.ivy2/jars/org.slf4j_slf4j-api-1.7.30.jar at file:///home/***/.ivy2/jars/org.slf4j_slf4j-api-1.7.30.jar with timestamp 1675114538232
[2023-01-30T21:35:38.981+0000] {spark_submit.py:495} INFO - 23/01/30 21:35:38 INFO Utils: Copying /home/***/.ivy2/jars/org.slf4j_slf4j-api-1.7.30.jar to /tmp/spark-71f2cf23-cfdc-4f72-b7f2-9363d9cc1c3f/userFiles-9cd1a5f2-56e6-4b11-af02-a0f102e191c5/org.slf4j_slf4j-api-1.7.30.jar
[2023-01-30T21:35:38.984+0000] {spark_submit.py:495} INFO - 23/01/30 21:35:38 INFO SparkContext: Added file file:///home/***/.ivy2/jars/org.mongodb_mongodb-driver-sync-4.0.5.jar at file:///home/***/.ivy2/jars/org.mongodb_mongodb-driver-sync-4.0.5.jar with timestamp 1675114538232
[2023-01-30T21:35:38.985+0000] {spark_submit.py:495} INFO - 23/01/30 21:35:38 INFO Utils: Copying /home/***/.ivy2/jars/org.mongodb_mongodb-driver-sync-4.0.5.jar to /tmp/spark-71f2cf23-cfdc-4f72-b7f2-9363d9cc1c3f/userFiles-9cd1a5f2-56e6-4b11-af02-a0f102e191c5/org.mongodb_mongodb-driver-sync-4.0.5.jar
[2023-01-30T21:35:38.988+0000] {spark_submit.py:495} INFO - 23/01/30 21:35:38 INFO SparkContext: Added file file:///home/***/.ivy2/jars/org.mongodb_bson-4.0.5.jar at file:///home/***/.ivy2/jars/org.mongodb_bson-4.0.5.jar with timestamp 1675114538232
[2023-01-30T21:35:38.988+0000] {spark_submit.py:495} INFO - 23/01/30 21:35:38 INFO Utils: Copying /home/***/.ivy2/jars/org.mongodb_bson-4.0.5.jar to /tmp/spark-71f2cf23-cfdc-4f72-b7f2-9363d9cc1c3f/userFiles-9cd1a5f2-56e6-4b11-af02-a0f102e191c5/org.mongodb_bson-4.0.5.jar
[2023-01-30T21:35:38.991+0000] {spark_submit.py:495} INFO - 23/01/30 21:35:38 INFO SparkContext: Added file file:///home/***/.ivy2/jars/org.mongodb_mongodb-driver-core-4.0.5.jar at file:///home/***/.ivy2/jars/org.mongodb_mongodb-driver-core-4.0.5.jar with timestamp 1675114538232
[2023-01-30T21:35:38.992+0000] {spark_submit.py:495} INFO - 23/01/30 21:35:38 INFO Utils: Copying /home/***/.ivy2/jars/org.mongodb_mongodb-driver-core-4.0.5.jar to /tmp/spark-71f2cf23-cfdc-4f72-b7f2-9363d9cc1c3f/userFiles-9cd1a5f2-56e6-4b11-af02-a0f102e191c5/org.mongodb_mongodb-driver-core-4.0.5.jar
[2023-01-30T21:35:39.047+0000] {spark_submit.py:495} INFO - 23/01/30 21:35:39 INFO Executor: Starting executor ID driver on host 15c99fd3082a
[2023-01-30T21:35:39.053+0000] {spark_submit.py:495} INFO - 23/01/30 21:35:39 INFO Executor: Starting executor with user classpath (userClassPathFirst = false): ''
[2023-01-30T21:35:39.061+0000] {spark_submit.py:495} INFO - 23/01/30 21:35:39 INFO Executor: Fetching file:///home/***/.ivy2/jars/org.apache.spark_spark-token-provider-kafka-0-10_2.12-3.1.3.jar with timestamp 1675114538232
[2023-01-30T21:35:39.076+0000] {spark_submit.py:495} INFO - 23/01/30 21:35:39 INFO Utils: /home/***/.ivy2/jars/org.apache.spark_spark-token-provider-kafka-0-10_2.12-3.1.3.jar has been previously copied to /tmp/spark-71f2cf23-cfdc-4f72-b7f2-9363d9cc1c3f/userFiles-9cd1a5f2-56e6-4b11-af02-a0f102e191c5/org.apache.spark_spark-token-provider-kafka-0-10_2.12-3.1.3.jar
[2023-01-30T21:35:39.079+0000] {spark_submit.py:495} INFO - 23/01/30 21:35:39 INFO Executor: Fetching file:///home/***/.ivy2/jars/org.mongodb_mongodb-driver-sync-4.0.5.jar with timestamp 1675114538232
[2023-01-30T21:35:39.081+0000] {spark_submit.py:495} INFO - 23/01/30 21:35:39 INFO Utils: /home/***/.ivy2/jars/org.mongodb_mongodb-driver-sync-4.0.5.jar has been previously copied to /tmp/spark-71f2cf23-cfdc-4f72-b7f2-9363d9cc1c3f/userFiles-9cd1a5f2-56e6-4b11-af02-a0f102e191c5/org.mongodb_mongodb-driver-sync-4.0.5.jar
[2023-01-30T21:35:39.096+0000] {spark_submit.py:495} INFO - 23/01/30 21:35:39 INFO Executor: Fetching file:///home/***/.ivy2/jars/org.apache.kafka_kafka-clients-2.6.0.jar with timestamp 1675114538232
[2023-01-30T21:35:39.097+0000] {spark_submit.py:495} INFO - 23/01/30 21:35:39 INFO Utils: /home/***/.ivy2/jars/org.apache.kafka_kafka-clients-2.6.0.jar has been previously copied to /tmp/spark-71f2cf23-cfdc-4f72-b7f2-9363d9cc1c3f/userFiles-9cd1a5f2-56e6-4b11-af02-a0f102e191c5/org.apache.kafka_kafka-clients-2.6.0.jar
[2023-01-30T21:35:39.124+0000] {spark_submit.py:495} INFO - 23/01/30 21:35:39 INFO Executor: Fetching file:///home/***/.ivy2/jars/org.mongodb_bson-4.0.5.jar with timestamp 1675114538232
[2023-01-30T21:35:39.132+0000] {spark_submit.py:495} INFO - 23/01/30 21:35:39 INFO Utils: /home/***/.ivy2/jars/org.mongodb_bson-4.0.5.jar has been previously copied to /tmp/spark-71f2cf23-cfdc-4f72-b7f2-9363d9cc1c3f/userFiles-9cd1a5f2-56e6-4b11-af02-a0f102e191c5/org.mongodb_bson-4.0.5.jar
[2023-01-30T21:35:39.139+0000] {spark_submit.py:495} INFO - 23/01/30 21:35:39 INFO Executor: Fetching file:///home/***/.ivy2/jars/com.github.luben_zstd-jni-1.4.8-1.jar with timestamp 1675114538232
[2023-01-30T21:35:39.144+0000] {spark_submit.py:495} INFO - 23/01/30 21:35:39 INFO Utils: /home/***/.ivy2/jars/com.github.luben_zstd-jni-1.4.8-1.jar has been previously copied to /tmp/spark-71f2cf23-cfdc-4f72-b7f2-9363d9cc1c3f/userFiles-9cd1a5f2-56e6-4b11-af02-a0f102e191c5/com.github.luben_zstd-jni-1.4.8-1.jar
[2023-01-30T21:35:39.150+0000] {spark_submit.py:495} INFO - 23/01/30 21:35:39 INFO Executor: Fetching file:///home/***/.ivy2/jars/org.lz4_lz4-java-1.7.1.jar with timestamp 1675114538232
[2023-01-30T21:35:39.151+0000] {spark_submit.py:495} INFO - 23/01/30 21:35:39 INFO Utils: /home/***/.ivy2/jars/org.lz4_lz4-java-1.7.1.jar has been previously copied to /tmp/spark-71f2cf23-cfdc-4f72-b7f2-9363d9cc1c3f/userFiles-9cd1a5f2-56e6-4b11-af02-a0f102e191c5/org.lz4_lz4-java-1.7.1.jar
[2023-01-30T21:35:39.158+0000] {spark_submit.py:495} INFO - 23/01/30 21:35:39 INFO Executor: Fetching file:///home/***/.ivy2/jars/org.spark-project.spark_unused-1.0.0.jar with timestamp 1675114538232
[2023-01-30T21:35:39.158+0000] {spark_submit.py:495} INFO - 23/01/30 21:35:39 INFO Utils: /home/***/.ivy2/jars/org.spark-project.spark_unused-1.0.0.jar has been previously copied to /tmp/spark-71f2cf23-cfdc-4f72-b7f2-9363d9cc1c3f/userFiles-9cd1a5f2-56e6-4b11-af02-a0f102e191c5/org.spark-project.spark_unused-1.0.0.jar
[2023-01-30T21:35:39.169+0000] {spark_submit.py:495} INFO - 23/01/30 21:35:39 INFO Executor: Fetching file:///home/***/.ivy2/jars/org.xerial.snappy_snappy-java-1.1.8.2.jar with timestamp 1675114538232
[2023-01-30T21:35:39.171+0000] {spark_submit.py:495} INFO - 23/01/30 21:35:39 INFO Utils: /home/***/.ivy2/jars/org.xerial.snappy_snappy-java-1.1.8.2.jar has been previously copied to /tmp/spark-71f2cf23-cfdc-4f72-b7f2-9363d9cc1c3f/userFiles-9cd1a5f2-56e6-4b11-af02-a0f102e191c5/org.xerial.snappy_snappy-java-1.1.8.2.jar
[2023-01-30T21:35:39.180+0000] {spark_submit.py:495} INFO - 23/01/30 21:35:39 INFO Executor: Fetching file:///home/***/.ivy2/jars/org.mongodb_mongodb-driver-core-4.0.5.jar with timestamp 1675114538232
[2023-01-30T21:35:39.181+0000] {spark_submit.py:495} INFO - 23/01/30 21:35:39 INFO Utils: /home/***/.ivy2/jars/org.mongodb_mongodb-driver-core-4.0.5.jar has been previously copied to /tmp/spark-71f2cf23-cfdc-4f72-b7f2-9363d9cc1c3f/userFiles-9cd1a5f2-56e6-4b11-af02-a0f102e191c5/org.mongodb_mongodb-driver-core-4.0.5.jar
[2023-01-30T21:35:39.191+0000] {spark_submit.py:495} INFO - 23/01/30 21:35:39 INFO Executor: Fetching file:///home/***/.ivy2/jars/org.apache.spark_spark-sql-kafka-0-10_2.12-3.1.3.jar with timestamp 1675114538232
[2023-01-30T21:35:39.193+0000] {spark_submit.py:495} INFO - 23/01/30 21:35:39 INFO Utils: /home/***/.ivy2/jars/org.apache.spark_spark-sql-kafka-0-10_2.12-3.1.3.jar has been previously copied to /tmp/spark-71f2cf23-cfdc-4f72-b7f2-9363d9cc1c3f/userFiles-9cd1a5f2-56e6-4b11-af02-a0f102e191c5/org.apache.spark_spark-sql-kafka-0-10_2.12-3.1.3.jar
[2023-01-30T21:35:39.197+0000] {spark_submit.py:495} INFO - 23/01/30 21:35:39 INFO Executor: Fetching file:///home/***/.ivy2/jars/org.mongodb.spark_mongo-spark-connector_2.12-3.0.1.jar with timestamp 1675114538232
[2023-01-30T21:35:39.197+0000] {spark_submit.py:495} INFO - 23/01/30 21:35:39 INFO Utils: /home/***/.ivy2/jars/org.mongodb.spark_mongo-spark-connector_2.12-3.0.1.jar has been previously copied to /tmp/spark-71f2cf23-cfdc-4f72-b7f2-9363d9cc1c3f/userFiles-9cd1a5f2-56e6-4b11-af02-a0f102e191c5/org.mongodb.spark_mongo-spark-connector_2.12-3.0.1.jar
[2023-01-30T21:35:39.200+0000] {spark_submit.py:495} INFO - 23/01/30 21:35:39 INFO Executor: Fetching file:///home/***/.ivy2/jars/org.apache.commons_commons-pool2-2.6.2.jar with timestamp 1675114538232
[2023-01-30T21:35:39.201+0000] {spark_submit.py:495} INFO - 23/01/30 21:35:39 INFO Utils: /home/***/.ivy2/jars/org.apache.commons_commons-pool2-2.6.2.jar has been previously copied to /tmp/spark-71f2cf23-cfdc-4f72-b7f2-9363d9cc1c3f/userFiles-9cd1a5f2-56e6-4b11-af02-a0f102e191c5/org.apache.commons_commons-pool2-2.6.2.jar
[2023-01-30T21:35:39.204+0000] {spark_submit.py:495} INFO - 23/01/30 21:35:39 INFO Executor: Fetching file:///home/***/.ivy2/jars/org.slf4j_slf4j-api-1.7.30.jar with timestamp 1675114538232
[2023-01-30T21:35:39.204+0000] {spark_submit.py:495} INFO - 23/01/30 21:35:39 INFO Utils: /home/***/.ivy2/jars/org.slf4j_slf4j-api-1.7.30.jar has been previously copied to /tmp/spark-71f2cf23-cfdc-4f72-b7f2-9363d9cc1c3f/userFiles-9cd1a5f2-56e6-4b11-af02-a0f102e191c5/org.slf4j_slf4j-api-1.7.30.jar
[2023-01-30T21:35:39.211+0000] {spark_submit.py:495} INFO - 23/01/30 21:35:39 INFO Executor: Fetching spark://15c99fd3082a:44709/jars/org.spark-project.spark_unused-1.0.0.jar with timestamp 1675114538232
[2023-01-30T21:35:39.252+0000] {spark_submit.py:495} INFO - 23/01/30 21:35:39 INFO TransportClientFactory: Successfully created connection to 15c99fd3082a/172.20.0.7:44709 after 30 ms (0 ms spent in bootstraps)
[2023-01-30T21:35:39.259+0000] {spark_submit.py:495} INFO - 23/01/30 21:35:39 INFO Utils: Fetching spark://15c99fd3082a:44709/jars/org.spark-project.spark_unused-1.0.0.jar to /tmp/spark-71f2cf23-cfdc-4f72-b7f2-9363d9cc1c3f/userFiles-9cd1a5f2-56e6-4b11-af02-a0f102e191c5/fetchFileTemp9811603721568749322.tmp
[2023-01-30T21:35:39.285+0000] {spark_submit.py:495} INFO - 23/01/30 21:35:39 INFO Utils: /tmp/spark-71f2cf23-cfdc-4f72-b7f2-9363d9cc1c3f/userFiles-9cd1a5f2-56e6-4b11-af02-a0f102e191c5/fetchFileTemp9811603721568749322.tmp has been previously copied to /tmp/spark-71f2cf23-cfdc-4f72-b7f2-9363d9cc1c3f/userFiles-9cd1a5f2-56e6-4b11-af02-a0f102e191c5/org.spark-project.spark_unused-1.0.0.jar
[2023-01-30T21:35:39.288+0000] {spark_submit.py:495} INFO - 23/01/30 21:35:39 INFO Executor: Adding file:/tmp/spark-71f2cf23-cfdc-4f72-b7f2-9363d9cc1c3f/userFiles-9cd1a5f2-56e6-4b11-af02-a0f102e191c5/org.spark-project.spark_unused-1.0.0.jar to class loader
[2023-01-30T21:35:39.289+0000] {spark_submit.py:495} INFO - 23/01/30 21:35:39 INFO Executor: Fetching spark://15c99fd3082a:44709/jars/org.apache.spark_spark-token-provider-kafka-0-10_2.12-3.1.3.jar with timestamp 1675114538232
[2023-01-30T21:35:39.289+0000] {spark_submit.py:495} INFO - 23/01/30 21:35:39 INFO Utils: Fetching spark://15c99fd3082a:44709/jars/org.apache.spark_spark-token-provider-kafka-0-10_2.12-3.1.3.jar to /tmp/spark-71f2cf23-cfdc-4f72-b7f2-9363d9cc1c3f/userFiles-9cd1a5f2-56e6-4b11-af02-a0f102e191c5/fetchFileTemp6619779364772319659.tmp
[2023-01-30T21:35:39.291+0000] {spark_submit.py:495} INFO - 23/01/30 21:35:39 INFO Utils: /tmp/spark-71f2cf23-cfdc-4f72-b7f2-9363d9cc1c3f/userFiles-9cd1a5f2-56e6-4b11-af02-a0f102e191c5/fetchFileTemp6619779364772319659.tmp has been previously copied to /tmp/spark-71f2cf23-cfdc-4f72-b7f2-9363d9cc1c3f/userFiles-9cd1a5f2-56e6-4b11-af02-a0f102e191c5/org.apache.spark_spark-token-provider-kafka-0-10_2.12-3.1.3.jar
[2023-01-30T21:35:39.303+0000] {spark_submit.py:495} INFO - 23/01/30 21:35:39 INFO Executor: Adding file:/tmp/spark-71f2cf23-cfdc-4f72-b7f2-9363d9cc1c3f/userFiles-9cd1a5f2-56e6-4b11-af02-a0f102e191c5/org.apache.spark_spark-token-provider-kafka-0-10_2.12-3.1.3.jar to class loader
[2023-01-30T21:35:39.304+0000] {spark_submit.py:495} INFO - 23/01/30 21:35:39 INFO Executor: Fetching spark://15c99fd3082a:44709/jars/org.slf4j_slf4j-api-1.7.30.jar with timestamp 1675114538232
[2023-01-30T21:35:39.304+0000] {spark_submit.py:495} INFO - 23/01/30 21:35:39 INFO Utils: Fetching spark://15c99fd3082a:44709/jars/org.slf4j_slf4j-api-1.7.30.jar to /tmp/spark-71f2cf23-cfdc-4f72-b7f2-9363d9cc1c3f/userFiles-9cd1a5f2-56e6-4b11-af02-a0f102e191c5/fetchFileTemp10706836990745749776.tmp
[2023-01-30T21:35:39.305+0000] {spark_submit.py:495} INFO - 23/01/30 21:35:39 INFO Utils: /tmp/spark-71f2cf23-cfdc-4f72-b7f2-9363d9cc1c3f/userFiles-9cd1a5f2-56e6-4b11-af02-a0f102e191c5/fetchFileTemp10706836990745749776.tmp has been previously copied to /tmp/spark-71f2cf23-cfdc-4f72-b7f2-9363d9cc1c3f/userFiles-9cd1a5f2-56e6-4b11-af02-a0f102e191c5/org.slf4j_slf4j-api-1.7.30.jar
[2023-01-30T21:35:39.309+0000] {spark_submit.py:495} INFO - 23/01/30 21:35:39 INFO Executor: Adding file:/tmp/spark-71f2cf23-cfdc-4f72-b7f2-9363d9cc1c3f/userFiles-9cd1a5f2-56e6-4b11-af02-a0f102e191c5/org.slf4j_slf4j-api-1.7.30.jar to class loader
[2023-01-30T21:35:39.309+0000] {spark_submit.py:495} INFO - 23/01/30 21:35:39 INFO Executor: Fetching spark://15c99fd3082a:44709/jars/org.apache.spark_spark-sql-kafka-0-10_2.12-3.1.3.jar with timestamp 1675114538232
[2023-01-30T21:35:39.309+0000] {spark_submit.py:495} INFO - 23/01/30 21:35:39 INFO Utils: Fetching spark://15c99fd3082a:44709/jars/org.apache.spark_spark-sql-kafka-0-10_2.12-3.1.3.jar to /tmp/spark-71f2cf23-cfdc-4f72-b7f2-9363d9cc1c3f/userFiles-9cd1a5f2-56e6-4b11-af02-a0f102e191c5/fetchFileTemp173977539335549881.tmp
[2023-01-30T21:35:39.312+0000] {spark_submit.py:495} INFO - 23/01/30 21:35:39 INFO Utils: /tmp/spark-71f2cf23-cfdc-4f72-b7f2-9363d9cc1c3f/userFiles-9cd1a5f2-56e6-4b11-af02-a0f102e191c5/fetchFileTemp173977539335549881.tmp has been previously copied to /tmp/spark-71f2cf23-cfdc-4f72-b7f2-9363d9cc1c3f/userFiles-9cd1a5f2-56e6-4b11-af02-a0f102e191c5/org.apache.spark_spark-sql-kafka-0-10_2.12-3.1.3.jar
[2023-01-30T21:35:39.315+0000] {spark_submit.py:495} INFO - 23/01/30 21:35:39 INFO Executor: Adding file:/tmp/spark-71f2cf23-cfdc-4f72-b7f2-9363d9cc1c3f/userFiles-9cd1a5f2-56e6-4b11-af02-a0f102e191c5/org.apache.spark_spark-sql-kafka-0-10_2.12-3.1.3.jar to class loader
[2023-01-30T21:35:39.315+0000] {spark_submit.py:495} INFO - 23/01/30 21:35:39 INFO Executor: Fetching spark://15c99fd3082a:44709/jars/org.mongodb_mongodb-driver-core-4.0.5.jar with timestamp 1675114538232
[2023-01-30T21:35:39.316+0000] {spark_submit.py:495} INFO - 23/01/30 21:35:39 INFO Utils: Fetching spark://15c99fd3082a:44709/jars/org.mongodb_mongodb-driver-core-4.0.5.jar to /tmp/spark-71f2cf23-cfdc-4f72-b7f2-9363d9cc1c3f/userFiles-9cd1a5f2-56e6-4b11-af02-a0f102e191c5/fetchFileTemp15431923069956664633.tmp
[2023-01-30T21:35:39.322+0000] {spark_submit.py:495} INFO - 23/01/30 21:35:39 INFO Utils: /tmp/spark-71f2cf23-cfdc-4f72-b7f2-9363d9cc1c3f/userFiles-9cd1a5f2-56e6-4b11-af02-a0f102e191c5/fetchFileTemp15431923069956664633.tmp has been previously copied to /tmp/spark-71f2cf23-cfdc-4f72-b7f2-9363d9cc1c3f/userFiles-9cd1a5f2-56e6-4b11-af02-a0f102e191c5/org.mongodb_mongodb-driver-core-4.0.5.jar
[2023-01-30T21:35:39.327+0000] {spark_submit.py:495} INFO - 23/01/30 21:35:39 INFO Executor: Adding file:/tmp/spark-71f2cf23-cfdc-4f72-b7f2-9363d9cc1c3f/userFiles-9cd1a5f2-56e6-4b11-af02-a0f102e191c5/org.mongodb_mongodb-driver-core-4.0.5.jar to class loader
[2023-01-30T21:35:39.327+0000] {spark_submit.py:495} INFO - 23/01/30 21:35:39 INFO Executor: Fetching spark://15c99fd3082a:44709/jars/org.xerial.snappy_snappy-java-1.1.8.2.jar with timestamp 1675114538232
[2023-01-30T21:35:39.327+0000] {spark_submit.py:495} INFO - 23/01/30 21:35:39 INFO Utils: Fetching spark://15c99fd3082a:44709/jars/org.xerial.snappy_snappy-java-1.1.8.2.jar to /tmp/spark-71f2cf23-cfdc-4f72-b7f2-9363d9cc1c3f/userFiles-9cd1a5f2-56e6-4b11-af02-a0f102e191c5/fetchFileTemp12209852011531123313.tmp
[2023-01-30T21:35:39.337+0000] {spark_submit.py:495} INFO - 23/01/30 21:35:39 INFO Utils: /tmp/spark-71f2cf23-cfdc-4f72-b7f2-9363d9cc1c3f/userFiles-9cd1a5f2-56e6-4b11-af02-a0f102e191c5/fetchFileTemp12209852011531123313.tmp has been previously copied to /tmp/spark-71f2cf23-cfdc-4f72-b7f2-9363d9cc1c3f/userFiles-9cd1a5f2-56e6-4b11-af02-a0f102e191c5/org.xerial.snappy_snappy-java-1.1.8.2.jar
[2023-01-30T21:35:39.343+0000] {spark_submit.py:495} INFO - 23/01/30 21:35:39 INFO Executor: Adding file:/tmp/spark-71f2cf23-cfdc-4f72-b7f2-9363d9cc1c3f/userFiles-9cd1a5f2-56e6-4b11-af02-a0f102e191c5/org.xerial.snappy_snappy-java-1.1.8.2.jar to class loader
[2023-01-30T21:35:39.343+0000] {spark_submit.py:495} INFO - 23/01/30 21:35:39 INFO Executor: Fetching spark://15c99fd3082a:44709/jars/org.apache.commons_commons-pool2-2.6.2.jar with timestamp 1675114538232
[2023-01-30T21:35:39.343+0000] {spark_submit.py:495} INFO - 23/01/30 21:35:39 INFO Utils: Fetching spark://15c99fd3082a:44709/jars/org.apache.commons_commons-pool2-2.6.2.jar to /tmp/spark-71f2cf23-cfdc-4f72-b7f2-9363d9cc1c3f/userFiles-9cd1a5f2-56e6-4b11-af02-a0f102e191c5/fetchFileTemp6961164843744522331.tmp
[2023-01-30T21:35:39.345+0000] {spark_submit.py:495} INFO - 23/01/30 21:35:39 INFO Utils: /tmp/spark-71f2cf23-cfdc-4f72-b7f2-9363d9cc1c3f/userFiles-9cd1a5f2-56e6-4b11-af02-a0f102e191c5/fetchFileTemp6961164843744522331.tmp has been previously copied to /tmp/spark-71f2cf23-cfdc-4f72-b7f2-9363d9cc1c3f/userFiles-9cd1a5f2-56e6-4b11-af02-a0f102e191c5/org.apache.commons_commons-pool2-2.6.2.jar
[2023-01-30T21:35:39.347+0000] {spark_submit.py:495} INFO - 23/01/30 21:35:39 INFO Executor: Adding file:/tmp/spark-71f2cf23-cfdc-4f72-b7f2-9363d9cc1c3f/userFiles-9cd1a5f2-56e6-4b11-af02-a0f102e191c5/org.apache.commons_commons-pool2-2.6.2.jar to class loader
[2023-01-30T21:35:39.347+0000] {spark_submit.py:495} INFO - 23/01/30 21:35:39 INFO Executor: Fetching spark://15c99fd3082a:44709/jars/org.mongodb.spark_mongo-spark-connector_2.12-3.0.1.jar with timestamp 1675114538232
[2023-01-30T21:35:39.348+0000] {spark_submit.py:495} INFO - 23/01/30 21:35:39 INFO Utils: Fetching spark://15c99fd3082a:44709/jars/org.mongodb.spark_mongo-spark-connector_2.12-3.0.1.jar to /tmp/spark-71f2cf23-cfdc-4f72-b7f2-9363d9cc1c3f/userFiles-9cd1a5f2-56e6-4b11-af02-a0f102e191c5/fetchFileTemp13006050224930077365.tmp
[2023-01-30T21:35:39.350+0000] {spark_submit.py:495} INFO - 23/01/30 21:35:39 INFO Utils: /tmp/spark-71f2cf23-cfdc-4f72-b7f2-9363d9cc1c3f/userFiles-9cd1a5f2-56e6-4b11-af02-a0f102e191c5/fetchFileTemp13006050224930077365.tmp has been previously copied to /tmp/spark-71f2cf23-cfdc-4f72-b7f2-9363d9cc1c3f/userFiles-9cd1a5f2-56e6-4b11-af02-a0f102e191c5/org.mongodb.spark_mongo-spark-connector_2.12-3.0.1.jar
[2023-01-30T21:35:39.353+0000] {spark_submit.py:495} INFO - 23/01/30 21:35:39 INFO Executor: Adding file:/tmp/spark-71f2cf23-cfdc-4f72-b7f2-9363d9cc1c3f/userFiles-9cd1a5f2-56e6-4b11-af02-a0f102e191c5/org.mongodb.spark_mongo-spark-connector_2.12-3.0.1.jar to class loader
[2023-01-30T21:35:39.354+0000] {spark_submit.py:495} INFO - 23/01/30 21:35:39 INFO Executor: Fetching spark://15c99fd3082a:44709/jars/com.github.luben_zstd-jni-1.4.8-1.jar with timestamp 1675114538232
[2023-01-30T21:35:39.356+0000] {spark_submit.py:495} INFO - 23/01/30 21:35:39 INFO Utils: Fetching spark://15c99fd3082a:44709/jars/com.github.luben_zstd-jni-1.4.8-1.jar to /tmp/spark-71f2cf23-cfdc-4f72-b7f2-9363d9cc1c3f/userFiles-9cd1a5f2-56e6-4b11-af02-a0f102e191c5/fetchFileTemp8136733457118894443.tmp
[2023-01-30T21:35:39.375+0000] {spark_submit.py:495} INFO - 23/01/30 21:35:39 INFO Utils: /tmp/spark-71f2cf23-cfdc-4f72-b7f2-9363d9cc1c3f/userFiles-9cd1a5f2-56e6-4b11-af02-a0f102e191c5/fetchFileTemp8136733457118894443.tmp has been previously copied to /tmp/spark-71f2cf23-cfdc-4f72-b7f2-9363d9cc1c3f/userFiles-9cd1a5f2-56e6-4b11-af02-a0f102e191c5/com.github.luben_zstd-jni-1.4.8-1.jar
[2023-01-30T21:35:39.386+0000] {spark_submit.py:495} INFO - 23/01/30 21:35:39 INFO Executor: Adding file:/tmp/spark-71f2cf23-cfdc-4f72-b7f2-9363d9cc1c3f/userFiles-9cd1a5f2-56e6-4b11-af02-a0f102e191c5/com.github.luben_zstd-jni-1.4.8-1.jar to class loader
[2023-01-30T21:35:39.387+0000] {spark_submit.py:495} INFO - 23/01/30 21:35:39 INFO Executor: Fetching spark://15c99fd3082a:44709/jars/org.apache.kafka_kafka-clients-2.6.0.jar with timestamp 1675114538232
[2023-01-30T21:35:39.387+0000] {spark_submit.py:495} INFO - 23/01/30 21:35:39 INFO Utils: Fetching spark://15c99fd3082a:44709/jars/org.apache.kafka_kafka-clients-2.6.0.jar to /tmp/spark-71f2cf23-cfdc-4f72-b7f2-9363d9cc1c3f/userFiles-9cd1a5f2-56e6-4b11-af02-a0f102e191c5/fetchFileTemp6116260882276288201.tmp
[2023-01-30T21:35:39.397+0000] {spark_submit.py:495} INFO - 23/01/30 21:35:39 INFO Utils: /tmp/spark-71f2cf23-cfdc-4f72-b7f2-9363d9cc1c3f/userFiles-9cd1a5f2-56e6-4b11-af02-a0f102e191c5/fetchFileTemp6116260882276288201.tmp has been previously copied to /tmp/spark-71f2cf23-cfdc-4f72-b7f2-9363d9cc1c3f/userFiles-9cd1a5f2-56e6-4b11-af02-a0f102e191c5/org.apache.kafka_kafka-clients-2.6.0.jar
[2023-01-30T21:35:39.405+0000] {spark_submit.py:495} INFO - 23/01/30 21:35:39 INFO Executor: Adding file:/tmp/spark-71f2cf23-cfdc-4f72-b7f2-9363d9cc1c3f/userFiles-9cd1a5f2-56e6-4b11-af02-a0f102e191c5/org.apache.kafka_kafka-clients-2.6.0.jar to class loader
[2023-01-30T21:35:39.406+0000] {spark_submit.py:495} INFO - 23/01/30 21:35:39 INFO Executor: Fetching spark://15c99fd3082a:44709/jars/org.mongodb_mongodb-driver-sync-4.0.5.jar with timestamp 1675114538232
[2023-01-30T21:35:39.406+0000] {spark_submit.py:495} INFO - 23/01/30 21:35:39 INFO Utils: Fetching spark://15c99fd3082a:44709/jars/org.mongodb_mongodb-driver-sync-4.0.5.jar to /tmp/spark-71f2cf23-cfdc-4f72-b7f2-9363d9cc1c3f/userFiles-9cd1a5f2-56e6-4b11-af02-a0f102e191c5/fetchFileTemp2772073386597602733.tmp
[2023-01-30T21:35:39.407+0000] {spark_submit.py:495} INFO - 23/01/30 21:35:39 INFO Utils: /tmp/spark-71f2cf23-cfdc-4f72-b7f2-9363d9cc1c3f/userFiles-9cd1a5f2-56e6-4b11-af02-a0f102e191c5/fetchFileTemp2772073386597602733.tmp has been previously copied to /tmp/spark-71f2cf23-cfdc-4f72-b7f2-9363d9cc1c3f/userFiles-9cd1a5f2-56e6-4b11-af02-a0f102e191c5/org.mongodb_mongodb-driver-sync-4.0.5.jar
[2023-01-30T21:35:39.410+0000] {spark_submit.py:495} INFO - 23/01/30 21:35:39 INFO Executor: Adding file:/tmp/spark-71f2cf23-cfdc-4f72-b7f2-9363d9cc1c3f/userFiles-9cd1a5f2-56e6-4b11-af02-a0f102e191c5/org.mongodb_mongodb-driver-sync-4.0.5.jar to class loader
[2023-01-30T21:35:39.410+0000] {spark_submit.py:495} INFO - 23/01/30 21:35:39 INFO Executor: Fetching spark://15c99fd3082a:44709/jars/org.mongodb_bson-4.0.5.jar with timestamp 1675114538232
[2023-01-30T21:35:39.411+0000] {spark_submit.py:495} INFO - 23/01/30 21:35:39 INFO Utils: Fetching spark://15c99fd3082a:44709/jars/org.mongodb_bson-4.0.5.jar to /tmp/spark-71f2cf23-cfdc-4f72-b7f2-9363d9cc1c3f/userFiles-9cd1a5f2-56e6-4b11-af02-a0f102e191c5/fetchFileTemp9710760012801977738.tmp
[2023-01-30T21:35:39.412+0000] {spark_submit.py:495} INFO - 23/01/30 21:35:39 INFO Utils: /tmp/spark-71f2cf23-cfdc-4f72-b7f2-9363d9cc1c3f/userFiles-9cd1a5f2-56e6-4b11-af02-a0f102e191c5/fetchFileTemp9710760012801977738.tmp has been previously copied to /tmp/spark-71f2cf23-cfdc-4f72-b7f2-9363d9cc1c3f/userFiles-9cd1a5f2-56e6-4b11-af02-a0f102e191c5/org.mongodb_bson-4.0.5.jar
[2023-01-30T21:35:39.415+0000] {spark_submit.py:495} INFO - 23/01/30 21:35:39 INFO Executor: Adding file:/tmp/spark-71f2cf23-cfdc-4f72-b7f2-9363d9cc1c3f/userFiles-9cd1a5f2-56e6-4b11-af02-a0f102e191c5/org.mongodb_bson-4.0.5.jar to class loader
[2023-01-30T21:35:39.416+0000] {spark_submit.py:495} INFO - 23/01/30 21:35:39 INFO Executor: Fetching spark://15c99fd3082a:44709/jars/org.lz4_lz4-java-1.7.1.jar with timestamp 1675114538232
[2023-01-30T21:35:39.416+0000] {spark_submit.py:495} INFO - 23/01/30 21:35:39 INFO Utils: Fetching spark://15c99fd3082a:44709/jars/org.lz4_lz4-java-1.7.1.jar to /tmp/spark-71f2cf23-cfdc-4f72-b7f2-9363d9cc1c3f/userFiles-9cd1a5f2-56e6-4b11-af02-a0f102e191c5/fetchFileTemp10317563214057767743.tmp
[2023-01-30T21:35:39.418+0000] {spark_submit.py:495} INFO - 23/01/30 21:35:39 INFO Utils: /tmp/spark-71f2cf23-cfdc-4f72-b7f2-9363d9cc1c3f/userFiles-9cd1a5f2-56e6-4b11-af02-a0f102e191c5/fetchFileTemp10317563214057767743.tmp has been previously copied to /tmp/spark-71f2cf23-cfdc-4f72-b7f2-9363d9cc1c3f/userFiles-9cd1a5f2-56e6-4b11-af02-a0f102e191c5/org.lz4_lz4-java-1.7.1.jar
[2023-01-30T21:35:39.433+0000] {spark_submit.py:495} INFO - 23/01/30 21:35:39 INFO Executor: Adding file:/tmp/spark-71f2cf23-cfdc-4f72-b7f2-9363d9cc1c3f/userFiles-9cd1a5f2-56e6-4b11-af02-a0f102e191c5/org.lz4_lz4-java-1.7.1.jar to class loader
[2023-01-30T21:35:39.440+0000] {spark_submit.py:495} INFO - 23/01/30 21:35:39 INFO Utils: Successfully started service 'org.apache.spark.network.netty.NettyBlockTransferService' on port 42191.
[2023-01-30T21:35:39.440+0000] {spark_submit.py:495} INFO - 23/01/30 21:35:39 INFO NettyBlockTransferService: Server created on 15c99fd3082a:42191
[2023-01-30T21:35:39.441+0000] {spark_submit.py:495} INFO - 23/01/30 21:35:39 INFO BlockManager: Using org.apache.spark.storage.RandomBlockReplicationPolicy for block replication policy
[2023-01-30T21:35:39.445+0000] {spark_submit.py:495} INFO - 23/01/30 21:35:39 INFO BlockManagerMaster: Registering BlockManager BlockManagerId(driver, 15c99fd3082a, 42191, None)
[2023-01-30T21:35:39.448+0000] {spark_submit.py:495} INFO - 23/01/30 21:35:39 INFO BlockManagerMasterEndpoint: Registering block manager 15c99fd3082a:42191 with 434.4 MiB RAM, BlockManagerId(driver, 15c99fd3082a, 42191, None)
[2023-01-30T21:35:39.449+0000] {spark_submit.py:495} INFO - 23/01/30 21:35:39 INFO BlockManagerMaster: Registered BlockManager BlockManagerId(driver, 15c99fd3082a, 42191, None)
[2023-01-30T21:35:39.450+0000] {spark_submit.py:495} INFO - 23/01/30 21:35:39 INFO BlockManager: Initialized BlockManager: BlockManagerId(driver, 15c99fd3082a, 42191, None)
[2023-01-30T21:35:43.769+0000] {spark_submit.py:495} INFO - 2023-01-30 21:35:43,769 - py4j.java_gateway - INFO - Callback Server Starting
[2023-01-30T21:35:43.770+0000] {spark_submit.py:495} INFO - 2023-01-30 21:35:43,769 - py4j.java_gateway - INFO - Socket listening on ('127.0.0.1', 39751)
[2023-01-30T21:35:48.022+0000] {spark_submit.py:495} INFO - 2023-01-30 21:35:48,012 - py4j.clientserver - INFO - Python Server ready to receive messages
[2023-01-30T21:35:48.023+0000] {spark_submit.py:495} INFO - 2023-01-30 21:35:48,022 - py4j.clientserver - INFO - Received command c on object id p0
[2023-01-30T21:35:48.471+0000] {spark_submit.py:495} INFO - -------------------------------------------
[2023-01-30T21:35:48.471+0000] {spark_submit.py:495} INFO - Batch: 0
[2023-01-30T21:35:48.471+0000] {spark_submit.py:495} INFO - -------------------------------------------
[2023-01-30T21:35:48.524+0000] {spark_submit.py:495} INFO - +---+-------------+-----+-------------+----------+----------------+------------+-----------------+--------------+-------------+
[2023-01-30T21:35:48.524+0000] {spark_submit.py:495} INFO - |id |nameOfProduct|price|ProductStatus|SellerName|RegistrationDate|QuantitySold|QuantityAvailable|Free shipping?|Store ratings|
[2023-01-30T21:35:48.524+0000] {spark_submit.py:495} INFO - +---+-------------+-----+-------------+----------+----------------+------------+-----------------+--------------+-------------+
[2023-01-30T21:35:48.524+0000] {spark_submit.py:495} INFO - +---+-------------+-----+-------------+----------+----------------+------------+-----------------+--------------+-------------+
[2023-01-30T21:35:48.524+0000] {spark_submit.py:495} INFO - 
[2023-01-30T21:36:34.921+0000] {timeout.py:68} ERROR - Process timed out, PID: 41601
[2023-01-30T21:36:34.922+0000] {spark_submit.py:620} INFO - Sending kill signal to spark-submit
[2023-01-30T21:36:34.954+0000] {taskinstance.py:1772} ERROR - Task failed with exception
Traceback (most recent call last):
  File "/home/airflow/.local/lib/python3.7/site-packages/airflow/providers/apache/spark/operators/spark_submit.py", line 157, in execute
    self._hook.submit(self._application)
  File "/home/airflow/.local/lib/python3.7/site-packages/airflow/providers/apache/spark/hooks/spark_submit.py", line 414, in submit
    self._process_spark_submit_log(iter(self._submit_sp.stdout))  # type: ignore
  File "/home/airflow/.local/lib/python3.7/site-packages/airflow/providers/apache/spark/hooks/spark_submit.py", line 463, in _process_spark_submit_log
    for line in itr:
  File "/home/airflow/.local/lib/python3.7/site-packages/airflow/utils/timeout.py", line 69, in handle_timeout
    raise AirflowTaskTimeout(self.error_message)
airflow.exceptions.AirflowTaskTimeout: Timeout, PID: 41601
[2023-01-30T21:36:34.960+0000] {taskinstance.py:1327} INFO - Marking task as UP_FOR_RETRY. dag_id=Streaming_pipeline_meli, task_id=consumer_data_of_topic, execution_date=20230127T184927, start_date=20230130T213534, end_date=20230130T213634
[2023-01-30T21:36:34.976+0000] {standard_task_runner.py:105} ERROR - Failed to execute job 1274 for task consumer_data_of_topic (Timeout, PID: 41601; 41601)
[2023-01-30T21:36:35.012+0000] {local_task_job.py:159} INFO - Task exited with return code 1
[2023-01-30T21:36:35.026+0000] {taskinstance.py:2582} INFO - 0 downstream tasks scheduled from follow-on schedule check
