[2023-01-29T07:19:49.008+0000] {taskinstance.py:1087} INFO - Dependencies all met for <TaskInstance: Streaming_pipeline_meli.consumer_data_of_topic manual__2023-01-27T18:49:27.597637+00:00 [queued]>
[2023-01-29T07:19:49.019+0000] {taskinstance.py:1087} INFO - Dependencies all met for <TaskInstance: Streaming_pipeline_meli.consumer_data_of_topic manual__2023-01-27T18:49:27.597637+00:00 [queued]>
[2023-01-29T07:19:49.019+0000] {taskinstance.py:1283} INFO - 
--------------------------------------------------------------------------------
[2023-01-29T07:19:49.019+0000] {taskinstance.py:1284} INFO - Starting attempt 25 of 30
[2023-01-29T07:19:49.020+0000] {taskinstance.py:1285} INFO - 
--------------------------------------------------------------------------------
[2023-01-29T07:19:49.034+0000] {taskinstance.py:1304} INFO - Executing <Task(SparkSubmitOperator): consumer_data_of_topic> on 2023-01-27 18:49:27.597637+00:00
[2023-01-29T07:19:49.039+0000] {standard_task_runner.py:55} INFO - Started process 6737 to run task
[2023-01-29T07:19:49.046+0000] {standard_task_runner.py:82} INFO - Running: ['***', 'tasks', 'run', 'Streaming_pipeline_meli', 'consumer_data_of_topic', 'manual__2023-01-27T18:49:27.597637+00:00', '--job-id', '1189', '--raw', '--subdir', 'DAGS_FOLDER/streamPipeline.py', '--cfg-path', '/tmp/tmpp9qdvo4w']
[2023-01-29T07:19:49.046+0000] {standard_task_runner.py:83} INFO - Job 1189: Subtask consumer_data_of_topic
[2023-01-29T07:19:49.112+0000] {task_command.py:389} INFO - Running <TaskInstance: Streaming_pipeline_meli.consumer_data_of_topic manual__2023-01-27T18:49:27.597637+00:00 [running]> on host 15c99fd3082a
[2023-01-29T07:19:49.182+0000] {taskinstance.py:1513} INFO - Exporting the following env vars:
AIRFLOW_CTX_DAG_OWNER=***
AIRFLOW_CTX_DAG_ID=Streaming_pipeline_meli
AIRFLOW_CTX_TASK_ID=consumer_data_of_topic
AIRFLOW_CTX_EXECUTION_DATE=2023-01-27T18:49:27.597637+00:00
AIRFLOW_CTX_TRY_NUMBER=25
AIRFLOW_CTX_DAG_RUN_ID=manual__2023-01-27T18:49:27.597637+00:00
[2023-01-29T07:19:49.191+0000] {base.py:73} INFO - Using connection ID 'spark_default' for task execution.
[2023-01-29T07:19:49.192+0000] {spark_submit.py:344} INFO - Spark-Submit cmd: spark-submit --master spark://tomi-H310:7077 --packages org.apache.spark:spark-sql-kafka-0-10_2.12:3.1.3,org.mongodb.spark:mongo-spark-connector_2.12:3.0.1 --name arrow-spark --queue root.default /opt/***/dags/consumerSpark.py
[2023-01-29T07:19:49.354+0000] {spark_submit.py:495} INFO - /home/***/.local/lib/python3.7/site-packages/pyspark/bin/load-spark-env.sh: line 68: ps: command not found
[2023-01-29T07:19:51.478+0000] {spark_submit.py:495} INFO - :: loading settings :: url = jar:file:/home/***/.local/lib/python3.7/site-packages/pyspark/jars/ivy-2.5.0.jar!/org/apache/ivy/core/settings/ivysettings.xml
[2023-01-29T07:19:51.563+0000] {spark_submit.py:495} INFO - Ivy Default Cache set to: /home/***/.ivy2/cache
[2023-01-29T07:19:51.563+0000] {spark_submit.py:495} INFO - The jars for the packages stored in: /home/***/.ivy2/jars
[2023-01-29T07:19:51.577+0000] {spark_submit.py:495} INFO - org.apache.spark#spark-sql-kafka-0-10_2.12 added as a dependency
[2023-01-29T07:19:51.577+0000] {spark_submit.py:495} INFO - org.mongodb.spark#mongo-spark-connector_2.12 added as a dependency
[2023-01-29T07:19:51.578+0000] {spark_submit.py:495} INFO - :: resolving dependencies :: org.apache.spark#spark-submit-parent-0136dbd4-1c88-46a9-b3ee-e89dc0f95ead;1.0
[2023-01-29T07:19:51.578+0000] {spark_submit.py:495} INFO - confs: [default]
[2023-01-29T07:19:51.720+0000] {spark_submit.py:495} INFO - found org.apache.spark#spark-sql-kafka-0-10_2.12;3.1.3 in central
[2023-01-29T07:19:51.774+0000] {spark_submit.py:495} INFO - found org.apache.spark#spark-token-provider-kafka-0-10_2.12;3.1.3 in central
[2023-01-29T07:19:51.797+0000] {spark_submit.py:495} INFO - found org.apache.kafka#kafka-clients;2.6.0 in central
[2023-01-29T07:19:51.821+0000] {spark_submit.py:495} INFO - found com.github.luben#zstd-jni;1.4.8-1 in central
[2023-01-29T07:19:51.838+0000] {spark_submit.py:495} INFO - found org.lz4#lz4-java;1.7.1 in central
[2023-01-29T07:19:51.854+0000] {spark_submit.py:495} INFO - found org.xerial.snappy#snappy-java;1.1.8.2 in central
[2023-01-29T07:19:51.867+0000] {spark_submit.py:495} INFO - found org.slf4j#slf4j-api;1.7.30 in central
[2023-01-29T07:19:51.880+0000] {spark_submit.py:495} INFO - found org.spark-project.spark#unused;1.0.0 in central
[2023-01-29T07:19:51.892+0000] {spark_submit.py:495} INFO - found org.apache.commons#commons-pool2;2.6.2 in central
[2023-01-29T07:19:51.902+0000] {spark_submit.py:495} INFO - found org.mongodb.spark#mongo-spark-connector_2.12;3.0.1 in central
[2023-01-29T07:19:51.911+0000] {spark_submit.py:495} INFO - found org.mongodb#mongodb-driver-sync;4.0.5 in central
[2023-01-29T07:19:51.919+0000] {spark_submit.py:495} INFO - found org.mongodb#bson;4.0.5 in central
[2023-01-29T07:19:51.928+0000] {spark_submit.py:495} INFO - found org.mongodb#mongodb-driver-core;4.0.5 in central
[2023-01-29T07:19:51.952+0000] {spark_submit.py:495} INFO - :: resolution report :: resolve 361ms :: artifacts dl 13ms
[2023-01-29T07:19:51.953+0000] {spark_submit.py:495} INFO - :: modules in use:
[2023-01-29T07:19:51.953+0000] {spark_submit.py:495} INFO - com.github.luben#zstd-jni;1.4.8-1 from central in [default]
[2023-01-29T07:19:51.954+0000] {spark_submit.py:495} INFO - org.apache.commons#commons-pool2;2.6.2 from central in [default]
[2023-01-29T07:19:51.954+0000] {spark_submit.py:495} INFO - org.apache.kafka#kafka-clients;2.6.0 from central in [default]
[2023-01-29T07:19:51.954+0000] {spark_submit.py:495} INFO - org.apache.spark#spark-sql-kafka-0-10_2.12;3.1.3 from central in [default]
[2023-01-29T07:19:51.954+0000] {spark_submit.py:495} INFO - org.apache.spark#spark-token-provider-kafka-0-10_2.12;3.1.3 from central in [default]
[2023-01-29T07:19:51.954+0000] {spark_submit.py:495} INFO - org.lz4#lz4-java;1.7.1 from central in [default]
[2023-01-29T07:19:51.955+0000] {spark_submit.py:495} INFO - org.mongodb#bson;4.0.5 from central in [default]
[2023-01-29T07:19:51.955+0000] {spark_submit.py:495} INFO - org.mongodb#mongodb-driver-core;4.0.5 from central in [default]
[2023-01-29T07:19:51.955+0000] {spark_submit.py:495} INFO - org.mongodb#mongodb-driver-sync;4.0.5 from central in [default]
[2023-01-29T07:19:51.955+0000] {spark_submit.py:495} INFO - org.mongodb.spark#mongo-spark-connector_2.12;3.0.1 from central in [default]
[2023-01-29T07:19:51.956+0000] {spark_submit.py:495} INFO - org.slf4j#slf4j-api;1.7.30 from central in [default]
[2023-01-29T07:19:51.956+0000] {spark_submit.py:495} INFO - org.spark-project.spark#unused;1.0.0 from central in [default]
[2023-01-29T07:19:51.956+0000] {spark_submit.py:495} INFO - org.xerial.snappy#snappy-java;1.1.8.2 from central in [default]
[2023-01-29T07:19:51.956+0000] {spark_submit.py:495} INFO - ---------------------------------------------------------------------
[2023-01-29T07:19:51.956+0000] {spark_submit.py:495} INFO - |                  |            modules            ||   artifacts   |
[2023-01-29T07:19:51.957+0000] {spark_submit.py:495} INFO - |       conf       | number| search|dwnlded|evicted|| number|dwnlded|
[2023-01-29T07:19:51.957+0000] {spark_submit.py:495} INFO - ---------------------------------------------------------------------
[2023-01-29T07:19:51.957+0000] {spark_submit.py:495} INFO - |      default     |   13  |   0   |   0   |   0   ||   13  |   0   |
[2023-01-29T07:19:51.957+0000] {spark_submit.py:495} INFO - ---------------------------------------------------------------------
[2023-01-29T07:19:51.962+0000] {spark_submit.py:495} INFO - :: retrieving :: org.apache.spark#spark-submit-parent-0136dbd4-1c88-46a9-b3ee-e89dc0f95ead
[2023-01-29T07:19:51.963+0000] {spark_submit.py:495} INFO - confs: [default]
[2023-01-29T07:19:51.969+0000] {spark_submit.py:495} INFO - 0 artifacts copied, 13 already retrieved (0kB/6ms)
[2023-01-29T07:19:52.181+0000] {spark_submit.py:495} INFO - 23/01/29 07:19:52 WARN NativeCodeLoader: Unable to load native-hadoop library for your platform... using builtin-java classes where applicable
[2023-01-29T07:19:53.067+0000] {spark_submit.py:495} INFO - 23/01/29 07:19:53 INFO SparkContext: Running Spark version 3.3.1
[2023-01-29T07:19:53.090+0000] {spark_submit.py:495} INFO - 23/01/29 07:19:53 INFO ResourceUtils: ==============================================================
[2023-01-29T07:19:53.091+0000] {spark_submit.py:495} INFO - 23/01/29 07:19:53 INFO ResourceUtils: No custom resources configured for spark.driver.
[2023-01-29T07:19:53.091+0000] {spark_submit.py:495} INFO - 23/01/29 07:19:53 INFO ResourceUtils: ==============================================================
[2023-01-29T07:19:53.092+0000] {spark_submit.py:495} INFO - 23/01/29 07:19:53 INFO SparkContext: Submitted application: arrow-spark
[2023-01-29T07:19:53.109+0000] {spark_submit.py:495} INFO - 23/01/29 07:19:53 INFO ResourceProfile: Default ResourceProfile created, executor resources: Map(cores -> name: cores, amount: 1, script: , vendor: , memory -> name: memory, amount: 1024, script: , vendor: , offHeap -> name: offHeap, amount: 0, script: , vendor: ), task resources: Map(cpus -> name: cpus, amount: 1.0)
[2023-01-29T07:19:53.121+0000] {spark_submit.py:495} INFO - 23/01/29 07:19:53 INFO ResourceProfile: Limiting resource is cpu
[2023-01-29T07:19:53.122+0000] {spark_submit.py:495} INFO - 23/01/29 07:19:53 INFO ResourceProfileManager: Added ResourceProfile id: 0
[2023-01-29T07:19:53.162+0000] {spark_submit.py:495} INFO - 23/01/29 07:19:53 INFO SecurityManager: Changing view acls to: default
[2023-01-29T07:19:53.163+0000] {spark_submit.py:495} INFO - 23/01/29 07:19:53 INFO SecurityManager: Changing modify acls to: default
[2023-01-29T07:19:53.164+0000] {spark_submit.py:495} INFO - 23/01/29 07:19:53 INFO SecurityManager: Changing view acls groups to:
[2023-01-29T07:19:53.164+0000] {spark_submit.py:495} INFO - 23/01/29 07:19:53 INFO SecurityManager: Changing modify acls groups to:
[2023-01-29T07:19:53.165+0000] {spark_submit.py:495} INFO - 23/01/29 07:19:53 INFO SecurityManager: SecurityManager: authentication disabled; ui acls disabled; users  with view permissions: Set(default); groups with view permissions: Set(); users  with modify permissions: Set(default); groups with modify permissions: Set()
[2023-01-29T07:19:53.447+0000] {spark_submit.py:495} INFO - 23/01/29 07:19:53 INFO Utils: Successfully started service 'sparkDriver' on port 44143.
[2023-01-29T07:19:53.491+0000] {spark_submit.py:495} INFO - 23/01/29 07:19:53 INFO SparkEnv: Registering MapOutputTracker
[2023-01-29T07:19:53.517+0000] {spark_submit.py:495} INFO - 23/01/29 07:19:53 INFO SparkEnv: Registering BlockManagerMaster
[2023-01-29T07:19:53.532+0000] {spark_submit.py:495} INFO - 23/01/29 07:19:53 INFO BlockManagerMasterEndpoint: Using org.apache.spark.storage.DefaultTopologyMapper for getting topology information
[2023-01-29T07:19:53.533+0000] {spark_submit.py:495} INFO - 23/01/29 07:19:53 INFO BlockManagerMasterEndpoint: BlockManagerMasterEndpoint up
[2023-01-29T07:19:53.537+0000] {spark_submit.py:495} INFO - 23/01/29 07:19:53 INFO SparkEnv: Registering BlockManagerMasterHeartbeat
[2023-01-29T07:19:53.560+0000] {spark_submit.py:495} INFO - 23/01/29 07:19:53 INFO DiskBlockManager: Created local directory at /tmp/blockmgr-1195f630-92a5-414b-86ed-88341ae4cecd
[2023-01-29T07:19:53.577+0000] {spark_submit.py:495} INFO - 23/01/29 07:19:53 INFO MemoryStore: MemoryStore started with capacity 434.4 MiB
[2023-01-29T07:19:53.593+0000] {spark_submit.py:495} INFO - 23/01/29 07:19:53 INFO SparkEnv: Registering OutputCommitCoordinator
[2023-01-29T07:19:53.773+0000] {spark_submit.py:495} INFO - 23/01/29 07:19:53 INFO Utils: Successfully started service 'SparkUI' on port 4040.
[2023-01-29T07:19:53.812+0000] {spark_submit.py:495} INFO - 23/01/29 07:19:53 INFO SparkContext: Added JAR file:///home/***/.ivy2/jars/org.apache.spark_spark-sql-kafka-0-10_2.12-3.1.3.jar at spark://15c99fd3082a:44143/jars/org.apache.spark_spark-sql-kafka-0-10_2.12-3.1.3.jar with timestamp 1674976793061
[2023-01-29T07:19:53.812+0000] {spark_submit.py:495} INFO - 23/01/29 07:19:53 INFO SparkContext: Added JAR file:///home/***/.ivy2/jars/org.mongodb.spark_mongo-spark-connector_2.12-3.0.1.jar at spark://15c99fd3082a:44143/jars/org.mongodb.spark_mongo-spark-connector_2.12-3.0.1.jar with timestamp 1674976793061
[2023-01-29T07:19:53.813+0000] {spark_submit.py:495} INFO - 23/01/29 07:19:53 INFO SparkContext: Added JAR file:///home/***/.ivy2/jars/org.apache.spark_spark-token-provider-kafka-0-10_2.12-3.1.3.jar at spark://15c99fd3082a:44143/jars/org.apache.spark_spark-token-provider-kafka-0-10_2.12-3.1.3.jar with timestamp 1674976793061
[2023-01-29T07:19:53.813+0000] {spark_submit.py:495} INFO - 23/01/29 07:19:53 INFO SparkContext: Added JAR file:///home/***/.ivy2/jars/org.apache.kafka_kafka-clients-2.6.0.jar at spark://15c99fd3082a:44143/jars/org.apache.kafka_kafka-clients-2.6.0.jar with timestamp 1674976793061
[2023-01-29T07:19:53.813+0000] {spark_submit.py:495} INFO - 23/01/29 07:19:53 INFO SparkContext: Added JAR file:///home/***/.ivy2/jars/org.apache.commons_commons-pool2-2.6.2.jar at spark://15c99fd3082a:44143/jars/org.apache.commons_commons-pool2-2.6.2.jar with timestamp 1674976793061
[2023-01-29T07:19:53.813+0000] {spark_submit.py:495} INFO - 23/01/29 07:19:53 INFO SparkContext: Added JAR file:///home/***/.ivy2/jars/org.spark-project.spark_unused-1.0.0.jar at spark://15c99fd3082a:44143/jars/org.spark-project.spark_unused-1.0.0.jar with timestamp 1674976793061
[2023-01-29T07:19:53.813+0000] {spark_submit.py:495} INFO - 23/01/29 07:19:53 INFO SparkContext: Added JAR file:///home/***/.ivy2/jars/com.github.luben_zstd-jni-1.4.8-1.jar at spark://15c99fd3082a:44143/jars/com.github.luben_zstd-jni-1.4.8-1.jar with timestamp 1674976793061
[2023-01-29T07:19:53.813+0000] {spark_submit.py:495} INFO - 23/01/29 07:19:53 INFO SparkContext: Added JAR file:///home/***/.ivy2/jars/org.lz4_lz4-java-1.7.1.jar at spark://15c99fd3082a:44143/jars/org.lz4_lz4-java-1.7.1.jar with timestamp 1674976793061
[2023-01-29T07:19:53.813+0000] {spark_submit.py:495} INFO - 23/01/29 07:19:53 INFO SparkContext: Added JAR file:///home/***/.ivy2/jars/org.xerial.snappy_snappy-java-1.1.8.2.jar at spark://15c99fd3082a:44143/jars/org.xerial.snappy_snappy-java-1.1.8.2.jar with timestamp 1674976793061
[2023-01-29T07:19:53.813+0000] {spark_submit.py:495} INFO - 23/01/29 07:19:53 INFO SparkContext: Added JAR file:///home/***/.ivy2/jars/org.slf4j_slf4j-api-1.7.30.jar at spark://15c99fd3082a:44143/jars/org.slf4j_slf4j-api-1.7.30.jar with timestamp 1674976793061
[2023-01-29T07:19:53.814+0000] {spark_submit.py:495} INFO - 23/01/29 07:19:53 INFO SparkContext: Added JAR file:///home/***/.ivy2/jars/org.mongodb_mongodb-driver-sync-4.0.5.jar at spark://15c99fd3082a:44143/jars/org.mongodb_mongodb-driver-sync-4.0.5.jar with timestamp 1674976793061
[2023-01-29T07:19:53.814+0000] {spark_submit.py:495} INFO - 23/01/29 07:19:53 INFO SparkContext: Added JAR file:///home/***/.ivy2/jars/org.mongodb_bson-4.0.5.jar at spark://15c99fd3082a:44143/jars/org.mongodb_bson-4.0.5.jar with timestamp 1674976793061
[2023-01-29T07:19:53.814+0000] {spark_submit.py:495} INFO - 23/01/29 07:19:53 INFO SparkContext: Added JAR file:///home/***/.ivy2/jars/org.mongodb_mongodb-driver-core-4.0.5.jar at spark://15c99fd3082a:44143/jars/org.mongodb_mongodb-driver-core-4.0.5.jar with timestamp 1674976793061
[2023-01-29T07:19:53.815+0000] {spark_submit.py:495} INFO - 23/01/29 07:19:53 INFO SparkContext: Added file file:///home/***/.ivy2/jars/org.apache.spark_spark-sql-kafka-0-10_2.12-3.1.3.jar at file:///home/***/.ivy2/jars/org.apache.spark_spark-sql-kafka-0-10_2.12-3.1.3.jar with timestamp 1674976793061
[2023-01-29T07:19:53.817+0000] {spark_submit.py:495} INFO - 23/01/29 07:19:53 INFO Utils: Copying /home/***/.ivy2/jars/org.apache.spark_spark-sql-kafka-0-10_2.12-3.1.3.jar to /tmp/spark-1618f73d-14ed-43c3-ab62-b984835e71a5/userFiles-b8352b2d-237a-4b52-b3bb-afc1477357f3/org.apache.spark_spark-sql-kafka-0-10_2.12-3.1.3.jar
[2023-01-29T07:19:53.838+0000] {spark_submit.py:495} INFO - 23/01/29 07:19:53 INFO SparkContext: Added file file:///home/***/.ivy2/jars/org.mongodb.spark_mongo-spark-connector_2.12-3.0.1.jar at file:///home/***/.ivy2/jars/org.mongodb.spark_mongo-spark-connector_2.12-3.0.1.jar with timestamp 1674976793061
[2023-01-29T07:19:53.838+0000] {spark_submit.py:495} INFO - 23/01/29 07:19:53 INFO Utils: Copying /home/***/.ivy2/jars/org.mongodb.spark_mongo-spark-connector_2.12-3.0.1.jar to /tmp/spark-1618f73d-14ed-43c3-ab62-b984835e71a5/userFiles-b8352b2d-237a-4b52-b3bb-afc1477357f3/org.mongodb.spark_mongo-spark-connector_2.12-3.0.1.jar
[2023-01-29T07:19:53.846+0000] {spark_submit.py:495} INFO - 23/01/29 07:19:53 INFO SparkContext: Added file file:///home/***/.ivy2/jars/org.apache.spark_spark-token-provider-kafka-0-10_2.12-3.1.3.jar at file:///home/***/.ivy2/jars/org.apache.spark_spark-token-provider-kafka-0-10_2.12-3.1.3.jar with timestamp 1674976793061
[2023-01-29T07:19:53.847+0000] {spark_submit.py:495} INFO - 23/01/29 07:19:53 INFO Utils: Copying /home/***/.ivy2/jars/org.apache.spark_spark-token-provider-kafka-0-10_2.12-3.1.3.jar to /tmp/spark-1618f73d-14ed-43c3-ab62-b984835e71a5/userFiles-b8352b2d-237a-4b52-b3bb-afc1477357f3/org.apache.spark_spark-token-provider-kafka-0-10_2.12-3.1.3.jar
[2023-01-29T07:19:53.853+0000] {spark_submit.py:495} INFO - 23/01/29 07:19:53 INFO SparkContext: Added file file:///home/***/.ivy2/jars/org.apache.kafka_kafka-clients-2.6.0.jar at file:///home/***/.ivy2/jars/org.apache.kafka_kafka-clients-2.6.0.jar with timestamp 1674976793061
[2023-01-29T07:19:53.853+0000] {spark_submit.py:495} INFO - 23/01/29 07:19:53 INFO Utils: Copying /home/***/.ivy2/jars/org.apache.kafka_kafka-clients-2.6.0.jar to /tmp/spark-1618f73d-14ed-43c3-ab62-b984835e71a5/userFiles-b8352b2d-237a-4b52-b3bb-afc1477357f3/org.apache.kafka_kafka-clients-2.6.0.jar
[2023-01-29T07:19:53.862+0000] {spark_submit.py:495} INFO - 23/01/29 07:19:53 INFO SparkContext: Added file file:///home/***/.ivy2/jars/org.apache.commons_commons-pool2-2.6.2.jar at file:///home/***/.ivy2/jars/org.apache.commons_commons-pool2-2.6.2.jar with timestamp 1674976793061
[2023-01-29T07:19:53.862+0000] {spark_submit.py:495} INFO - 23/01/29 07:19:53 INFO Utils: Copying /home/***/.ivy2/jars/org.apache.commons_commons-pool2-2.6.2.jar to /tmp/spark-1618f73d-14ed-43c3-ab62-b984835e71a5/userFiles-b8352b2d-237a-4b52-b3bb-afc1477357f3/org.apache.commons_commons-pool2-2.6.2.jar
[2023-01-29T07:19:53.873+0000] {spark_submit.py:495} INFO - 23/01/29 07:19:53 INFO SparkContext: Added file file:///home/***/.ivy2/jars/org.spark-project.spark_unused-1.0.0.jar at file:///home/***/.ivy2/jars/org.spark-project.spark_unused-1.0.0.jar with timestamp 1674976793061
[2023-01-29T07:19:53.873+0000] {spark_submit.py:495} INFO - 23/01/29 07:19:53 INFO Utils: Copying /home/***/.ivy2/jars/org.spark-project.spark_unused-1.0.0.jar to /tmp/spark-1618f73d-14ed-43c3-ab62-b984835e71a5/userFiles-b8352b2d-237a-4b52-b3bb-afc1477357f3/org.spark-project.spark_unused-1.0.0.jar
[2023-01-29T07:19:53.877+0000] {spark_submit.py:495} INFO - 23/01/29 07:19:53 INFO SparkContext: Added file file:///home/***/.ivy2/jars/com.github.luben_zstd-jni-1.4.8-1.jar at file:///home/***/.ivy2/jars/com.github.luben_zstd-jni-1.4.8-1.jar with timestamp 1674976793061
[2023-01-29T07:19:53.877+0000] {spark_submit.py:495} INFO - 23/01/29 07:19:53 INFO Utils: Copying /home/***/.ivy2/jars/com.github.luben_zstd-jni-1.4.8-1.jar to /tmp/spark-1618f73d-14ed-43c3-ab62-b984835e71a5/userFiles-b8352b2d-237a-4b52-b3bb-afc1477357f3/com.github.luben_zstd-jni-1.4.8-1.jar
[2023-01-29T07:19:53.900+0000] {spark_submit.py:495} INFO - 23/01/29 07:19:53 INFO SparkContext: Added file file:///home/***/.ivy2/jars/org.lz4_lz4-java-1.7.1.jar at file:///home/***/.ivy2/jars/org.lz4_lz4-java-1.7.1.jar with timestamp 1674976793061
[2023-01-29T07:19:53.900+0000] {spark_submit.py:495} INFO - 23/01/29 07:19:53 INFO Utils: Copying /home/***/.ivy2/jars/org.lz4_lz4-java-1.7.1.jar to /tmp/spark-1618f73d-14ed-43c3-ab62-b984835e71a5/userFiles-b8352b2d-237a-4b52-b3bb-afc1477357f3/org.lz4_lz4-java-1.7.1.jar
[2023-01-29T07:19:53.906+0000] {spark_submit.py:495} INFO - 23/01/29 07:19:53 INFO SparkContext: Added file file:///home/***/.ivy2/jars/org.xerial.snappy_snappy-java-1.1.8.2.jar at file:///home/***/.ivy2/jars/org.xerial.snappy_snappy-java-1.1.8.2.jar with timestamp 1674976793061
[2023-01-29T07:19:53.906+0000] {spark_submit.py:495} INFO - 23/01/29 07:19:53 INFO Utils: Copying /home/***/.ivy2/jars/org.xerial.snappy_snappy-java-1.1.8.2.jar to /tmp/spark-1618f73d-14ed-43c3-ab62-b984835e71a5/userFiles-b8352b2d-237a-4b52-b3bb-afc1477357f3/org.xerial.snappy_snappy-java-1.1.8.2.jar
[2023-01-29T07:19:53.910+0000] {spark_submit.py:495} INFO - 23/01/29 07:19:53 INFO SparkContext: Added file file:///home/***/.ivy2/jars/org.slf4j_slf4j-api-1.7.30.jar at file:///home/***/.ivy2/jars/org.slf4j_slf4j-api-1.7.30.jar with timestamp 1674976793061
[2023-01-29T07:19:53.911+0000] {spark_submit.py:495} INFO - 23/01/29 07:19:53 INFO Utils: Copying /home/***/.ivy2/jars/org.slf4j_slf4j-api-1.7.30.jar to /tmp/spark-1618f73d-14ed-43c3-ab62-b984835e71a5/userFiles-b8352b2d-237a-4b52-b3bb-afc1477357f3/org.slf4j_slf4j-api-1.7.30.jar
[2023-01-29T07:19:53.914+0000] {spark_submit.py:495} INFO - 23/01/29 07:19:53 INFO SparkContext: Added file file:///home/***/.ivy2/jars/org.mongodb_mongodb-driver-sync-4.0.5.jar at file:///home/***/.ivy2/jars/org.mongodb_mongodb-driver-sync-4.0.5.jar with timestamp 1674976793061
[2023-01-29T07:19:53.915+0000] {spark_submit.py:495} INFO - 23/01/29 07:19:53 INFO Utils: Copying /home/***/.ivy2/jars/org.mongodb_mongodb-driver-sync-4.0.5.jar to /tmp/spark-1618f73d-14ed-43c3-ab62-b984835e71a5/userFiles-b8352b2d-237a-4b52-b3bb-afc1477357f3/org.mongodb_mongodb-driver-sync-4.0.5.jar
[2023-01-29T07:19:53.919+0000] {spark_submit.py:495} INFO - 23/01/29 07:19:53 INFO SparkContext: Added file file:///home/***/.ivy2/jars/org.mongodb_bson-4.0.5.jar at file:///home/***/.ivy2/jars/org.mongodb_bson-4.0.5.jar with timestamp 1674976793061
[2023-01-29T07:19:53.919+0000] {spark_submit.py:495} INFO - 23/01/29 07:19:53 INFO Utils: Copying /home/***/.ivy2/jars/org.mongodb_bson-4.0.5.jar to /tmp/spark-1618f73d-14ed-43c3-ab62-b984835e71a5/userFiles-b8352b2d-237a-4b52-b3bb-afc1477357f3/org.mongodb_bson-4.0.5.jar
[2023-01-29T07:19:53.923+0000] {spark_submit.py:495} INFO - 23/01/29 07:19:53 INFO SparkContext: Added file file:///home/***/.ivy2/jars/org.mongodb_mongodb-driver-core-4.0.5.jar at file:///home/***/.ivy2/jars/org.mongodb_mongodb-driver-core-4.0.5.jar with timestamp 1674976793061
[2023-01-29T07:19:53.924+0000] {spark_submit.py:495} INFO - 23/01/29 07:19:53 INFO Utils: Copying /home/***/.ivy2/jars/org.mongodb_mongodb-driver-core-4.0.5.jar to /tmp/spark-1618f73d-14ed-43c3-ab62-b984835e71a5/userFiles-b8352b2d-237a-4b52-b3bb-afc1477357f3/org.mongodb_mongodb-driver-core-4.0.5.jar
[2023-01-29T07:19:53.991+0000] {spark_submit.py:495} INFO - 23/01/29 07:19:53 INFO Executor: Starting executor ID driver on host 15c99fd3082a
[2023-01-29T07:19:54.008+0000] {spark_submit.py:495} INFO - 23/01/29 07:19:54 INFO Executor: Starting executor with user classpath (userClassPathFirst = false): ''
[2023-01-29T07:19:54.061+0000] {spark_submit.py:495} INFO - 23/01/29 07:19:54 INFO Executor: Fetching file:///home/***/.ivy2/jars/org.apache.spark_spark-token-provider-kafka-0-10_2.12-3.1.3.jar with timestamp 1674976793061
[2023-01-29T07:19:54.099+0000] {spark_submit.py:495} INFO - 23/01/29 07:19:54 INFO Utils: /home/***/.ivy2/jars/org.apache.spark_spark-token-provider-kafka-0-10_2.12-3.1.3.jar has been previously copied to /tmp/spark-1618f73d-14ed-43c3-ab62-b984835e71a5/userFiles-b8352b2d-237a-4b52-b3bb-afc1477357f3/org.apache.spark_spark-token-provider-kafka-0-10_2.12-3.1.3.jar
[2023-01-29T07:19:54.109+0000] {spark_submit.py:495} INFO - 23/01/29 07:19:54 INFO Executor: Fetching file:///home/***/.ivy2/jars/org.mongodb_mongodb-driver-sync-4.0.5.jar with timestamp 1674976793061
[2023-01-29T07:19:54.111+0000] {spark_submit.py:495} INFO - 23/01/29 07:19:54 INFO Utils: /home/***/.ivy2/jars/org.mongodb_mongodb-driver-sync-4.0.5.jar has been previously copied to /tmp/spark-1618f73d-14ed-43c3-ab62-b984835e71a5/userFiles-b8352b2d-237a-4b52-b3bb-afc1477357f3/org.mongodb_mongodb-driver-sync-4.0.5.jar
[2023-01-29T07:19:54.115+0000] {spark_submit.py:495} INFO - 23/01/29 07:19:54 INFO Executor: Fetching file:///home/***/.ivy2/jars/org.apache.kafka_kafka-clients-2.6.0.jar with timestamp 1674976793061
[2023-01-29T07:19:54.125+0000] {spark_submit.py:495} INFO - 23/01/29 07:19:54 INFO Utils: /home/***/.ivy2/jars/org.apache.kafka_kafka-clients-2.6.0.jar has been previously copied to /tmp/spark-1618f73d-14ed-43c3-ab62-b984835e71a5/userFiles-b8352b2d-237a-4b52-b3bb-afc1477357f3/org.apache.kafka_kafka-clients-2.6.0.jar
[2023-01-29T07:19:54.145+0000] {spark_submit.py:495} INFO - 23/01/29 07:19:54 INFO Executor: Fetching file:///home/***/.ivy2/jars/org.mongodb_bson-4.0.5.jar with timestamp 1674976793061
[2023-01-29T07:19:54.146+0000] {spark_submit.py:495} INFO - 23/01/29 07:19:54 INFO Utils: /home/***/.ivy2/jars/org.mongodb_bson-4.0.5.jar has been previously copied to /tmp/spark-1618f73d-14ed-43c3-ab62-b984835e71a5/userFiles-b8352b2d-237a-4b52-b3bb-afc1477357f3/org.mongodb_bson-4.0.5.jar
[2023-01-29T07:19:54.165+0000] {spark_submit.py:495} INFO - 23/01/29 07:19:54 INFO Executor: Fetching file:///home/***/.ivy2/jars/com.github.luben_zstd-jni-1.4.8-1.jar with timestamp 1674976793061
[2023-01-29T07:19:54.173+0000] {spark_submit.py:495} INFO - 23/01/29 07:19:54 INFO Utils: /home/***/.ivy2/jars/com.github.luben_zstd-jni-1.4.8-1.jar has been previously copied to /tmp/spark-1618f73d-14ed-43c3-ab62-b984835e71a5/userFiles-b8352b2d-237a-4b52-b3bb-afc1477357f3/com.github.luben_zstd-jni-1.4.8-1.jar
[2023-01-29T07:19:54.195+0000] {spark_submit.py:495} INFO - 23/01/29 07:19:54 INFO Executor: Fetching file:///home/***/.ivy2/jars/org.lz4_lz4-java-1.7.1.jar with timestamp 1674976793061
[2023-01-29T07:19:54.196+0000] {spark_submit.py:495} INFO - 23/01/29 07:19:54 INFO Utils: /home/***/.ivy2/jars/org.lz4_lz4-java-1.7.1.jar has been previously copied to /tmp/spark-1618f73d-14ed-43c3-ab62-b984835e71a5/userFiles-b8352b2d-237a-4b52-b3bb-afc1477357f3/org.lz4_lz4-java-1.7.1.jar
[2023-01-29T07:19:54.205+0000] {spark_submit.py:495} INFO - 23/01/29 07:19:54 INFO Executor: Fetching file:///home/***/.ivy2/jars/org.spark-project.spark_unused-1.0.0.jar with timestamp 1674976793061
[2023-01-29T07:19:54.205+0000] {spark_submit.py:495} INFO - 23/01/29 07:19:54 INFO Utils: /home/***/.ivy2/jars/org.spark-project.spark_unused-1.0.0.jar has been previously copied to /tmp/spark-1618f73d-14ed-43c3-ab62-b984835e71a5/userFiles-b8352b2d-237a-4b52-b3bb-afc1477357f3/org.spark-project.spark_unused-1.0.0.jar
[2023-01-29T07:19:54.208+0000] {spark_submit.py:495} INFO - 23/01/29 07:19:54 INFO Executor: Fetching file:///home/***/.ivy2/jars/org.xerial.snappy_snappy-java-1.1.8.2.jar with timestamp 1674976793061
[2023-01-29T07:19:54.210+0000] {spark_submit.py:495} INFO - 23/01/29 07:19:54 INFO Utils: /home/***/.ivy2/jars/org.xerial.snappy_snappy-java-1.1.8.2.jar has been previously copied to /tmp/spark-1618f73d-14ed-43c3-ab62-b984835e71a5/userFiles-b8352b2d-237a-4b52-b3bb-afc1477357f3/org.xerial.snappy_snappy-java-1.1.8.2.jar
[2023-01-29T07:19:54.214+0000] {spark_submit.py:495} INFO - 23/01/29 07:19:54 INFO Executor: Fetching file:///home/***/.ivy2/jars/org.mongodb_mongodb-driver-core-4.0.5.jar with timestamp 1674976793061
[2023-01-29T07:19:54.216+0000] {spark_submit.py:495} INFO - 23/01/29 07:19:54 INFO Utils: /home/***/.ivy2/jars/org.mongodb_mongodb-driver-core-4.0.5.jar has been previously copied to /tmp/spark-1618f73d-14ed-43c3-ab62-b984835e71a5/userFiles-b8352b2d-237a-4b52-b3bb-afc1477357f3/org.mongodb_mongodb-driver-core-4.0.5.jar
[2023-01-29T07:19:54.225+0000] {spark_submit.py:495} INFO - 23/01/29 07:19:54 INFO Executor: Fetching file:///home/***/.ivy2/jars/org.apache.spark_spark-sql-kafka-0-10_2.12-3.1.3.jar with timestamp 1674976793061
[2023-01-29T07:19:54.226+0000] {spark_submit.py:495} INFO - 23/01/29 07:19:54 INFO Utils: /home/***/.ivy2/jars/org.apache.spark_spark-sql-kafka-0-10_2.12-3.1.3.jar has been previously copied to /tmp/spark-1618f73d-14ed-43c3-ab62-b984835e71a5/userFiles-b8352b2d-237a-4b52-b3bb-afc1477357f3/org.apache.spark_spark-sql-kafka-0-10_2.12-3.1.3.jar
[2023-01-29T07:19:54.232+0000] {spark_submit.py:495} INFO - 23/01/29 07:19:54 INFO Executor: Fetching file:///home/***/.ivy2/jars/org.mongodb.spark_mongo-spark-connector_2.12-3.0.1.jar with timestamp 1674976793061
[2023-01-29T07:19:54.233+0000] {spark_submit.py:495} INFO - 23/01/29 07:19:54 INFO Utils: /home/***/.ivy2/jars/org.mongodb.spark_mongo-spark-connector_2.12-3.0.1.jar has been previously copied to /tmp/spark-1618f73d-14ed-43c3-ab62-b984835e71a5/userFiles-b8352b2d-237a-4b52-b3bb-afc1477357f3/org.mongodb.spark_mongo-spark-connector_2.12-3.0.1.jar
[2023-01-29T07:19:54.240+0000] {spark_submit.py:495} INFO - 23/01/29 07:19:54 INFO Executor: Fetching file:///home/***/.ivy2/jars/org.apache.commons_commons-pool2-2.6.2.jar with timestamp 1674976793061
[2023-01-29T07:19:54.240+0000] {spark_submit.py:495} INFO - 23/01/29 07:19:54 INFO Utils: /home/***/.ivy2/jars/org.apache.commons_commons-pool2-2.6.2.jar has been previously copied to /tmp/spark-1618f73d-14ed-43c3-ab62-b984835e71a5/userFiles-b8352b2d-237a-4b52-b3bb-afc1477357f3/org.apache.commons_commons-pool2-2.6.2.jar
[2023-01-29T07:19:54.248+0000] {spark_submit.py:495} INFO - 23/01/29 07:19:54 INFO Executor: Fetching file:///home/***/.ivy2/jars/org.slf4j_slf4j-api-1.7.30.jar with timestamp 1674976793061
[2023-01-29T07:19:54.250+0000] {spark_submit.py:495} INFO - 23/01/29 07:19:54 INFO Utils: /home/***/.ivy2/jars/org.slf4j_slf4j-api-1.7.30.jar has been previously copied to /tmp/spark-1618f73d-14ed-43c3-ab62-b984835e71a5/userFiles-b8352b2d-237a-4b52-b3bb-afc1477357f3/org.slf4j_slf4j-api-1.7.30.jar
[2023-01-29T07:19:54.264+0000] {spark_submit.py:495} INFO - 23/01/29 07:19:54 INFO Executor: Fetching spark://15c99fd3082a:44143/jars/org.apache.kafka_kafka-clients-2.6.0.jar with timestamp 1674976793061
[2023-01-29T07:19:54.336+0000] {spark_submit.py:495} INFO - 23/01/29 07:19:54 INFO TransportClientFactory: Successfully created connection to 15c99fd3082a/172.20.0.4:44143 after 54 ms (0 ms spent in bootstraps)
[2023-01-29T07:19:54.339+0000] {spark_submit.py:495} INFO - 23/01/29 07:19:54 INFO Utils: Fetching spark://15c99fd3082a:44143/jars/org.apache.kafka_kafka-clients-2.6.0.jar to /tmp/spark-1618f73d-14ed-43c3-ab62-b984835e71a5/userFiles-b8352b2d-237a-4b52-b3bb-afc1477357f3/fetchFileTemp5861670607146828724.tmp
[2023-01-29T07:19:54.397+0000] {spark_submit.py:495} INFO - 23/01/29 07:19:54 INFO Utils: /tmp/spark-1618f73d-14ed-43c3-ab62-b984835e71a5/userFiles-b8352b2d-237a-4b52-b3bb-afc1477357f3/fetchFileTemp5861670607146828724.tmp has been previously copied to /tmp/spark-1618f73d-14ed-43c3-ab62-b984835e71a5/userFiles-b8352b2d-237a-4b52-b3bb-afc1477357f3/org.apache.kafka_kafka-clients-2.6.0.jar
[2023-01-29T07:19:54.473+0000] {spark_submit.py:495} INFO - 23/01/29 07:19:54 INFO Executor: Adding file:/tmp/spark-1618f73d-14ed-43c3-ab62-b984835e71a5/userFiles-b8352b2d-237a-4b52-b3bb-afc1477357f3/org.apache.kafka_kafka-clients-2.6.0.jar to class loader
[2023-01-29T07:19:54.473+0000] {spark_submit.py:495} INFO - 23/01/29 07:19:54 INFO Executor: Fetching spark://15c99fd3082a:44143/jars/org.mongodb_mongodb-driver-sync-4.0.5.jar with timestamp 1674976793061
[2023-01-29T07:19:54.473+0000] {spark_submit.py:495} INFO - 23/01/29 07:19:54 INFO Utils: Fetching spark://15c99fd3082a:44143/jars/org.mongodb_mongodb-driver-sync-4.0.5.jar to /tmp/spark-1618f73d-14ed-43c3-ab62-b984835e71a5/userFiles-b8352b2d-237a-4b52-b3bb-afc1477357f3/fetchFileTemp2985218597816037825.tmp
[2023-01-29T07:19:54.478+0000] {spark_submit.py:495} INFO - 23/01/29 07:19:54 INFO Utils: /tmp/spark-1618f73d-14ed-43c3-ab62-b984835e71a5/userFiles-b8352b2d-237a-4b52-b3bb-afc1477357f3/fetchFileTemp2985218597816037825.tmp has been previously copied to /tmp/spark-1618f73d-14ed-43c3-ab62-b984835e71a5/userFiles-b8352b2d-237a-4b52-b3bb-afc1477357f3/org.mongodb_mongodb-driver-sync-4.0.5.jar
[2023-01-29T07:19:54.481+0000] {spark_submit.py:495} INFO - 23/01/29 07:19:54 INFO Executor: Adding file:/tmp/spark-1618f73d-14ed-43c3-ab62-b984835e71a5/userFiles-b8352b2d-237a-4b52-b3bb-afc1477357f3/org.mongodb_mongodb-driver-sync-4.0.5.jar to class loader
[2023-01-29T07:19:54.481+0000] {spark_submit.py:495} INFO - 23/01/29 07:19:54 INFO Executor: Fetching spark://15c99fd3082a:44143/jars/org.mongodb.spark_mongo-spark-connector_2.12-3.0.1.jar with timestamp 1674976793061
[2023-01-29T07:19:54.482+0000] {spark_submit.py:495} INFO - 23/01/29 07:19:54 INFO Utils: Fetching spark://15c99fd3082a:44143/jars/org.mongodb.spark_mongo-spark-connector_2.12-3.0.1.jar to /tmp/spark-1618f73d-14ed-43c3-ab62-b984835e71a5/userFiles-b8352b2d-237a-4b52-b3bb-afc1477357f3/fetchFileTemp14330223998822647463.tmp
[2023-01-29T07:19:54.512+0000] {spark_submit.py:495} INFO - 23/01/29 07:19:54 INFO Utils: /tmp/spark-1618f73d-14ed-43c3-ab62-b984835e71a5/userFiles-b8352b2d-237a-4b52-b3bb-afc1477357f3/fetchFileTemp14330223998822647463.tmp has been previously copied to /tmp/spark-1618f73d-14ed-43c3-ab62-b984835e71a5/userFiles-b8352b2d-237a-4b52-b3bb-afc1477357f3/org.mongodb.spark_mongo-spark-connector_2.12-3.0.1.jar
[2023-01-29T07:19:54.513+0000] {spark_submit.py:495} INFO - 23/01/29 07:19:54 INFO Executor: Adding file:/tmp/spark-1618f73d-14ed-43c3-ab62-b984835e71a5/userFiles-b8352b2d-237a-4b52-b3bb-afc1477357f3/org.mongodb.spark_mongo-spark-connector_2.12-3.0.1.jar to class loader
[2023-01-29T07:19:54.514+0000] {spark_submit.py:495} INFO - 23/01/29 07:19:54 INFO Executor: Fetching spark://15c99fd3082a:44143/jars/org.mongodb_bson-4.0.5.jar with timestamp 1674976793061
[2023-01-29T07:19:54.515+0000] {spark_submit.py:495} INFO - 23/01/29 07:19:54 INFO Utils: Fetching spark://15c99fd3082a:44143/jars/org.mongodb_bson-4.0.5.jar to /tmp/spark-1618f73d-14ed-43c3-ab62-b984835e71a5/userFiles-b8352b2d-237a-4b52-b3bb-afc1477357f3/fetchFileTemp16889518465958716248.tmp
[2023-01-29T07:19:54.519+0000] {spark_submit.py:495} INFO - 23/01/29 07:19:54 INFO Utils: /tmp/spark-1618f73d-14ed-43c3-ab62-b984835e71a5/userFiles-b8352b2d-237a-4b52-b3bb-afc1477357f3/fetchFileTemp16889518465958716248.tmp has been previously copied to /tmp/spark-1618f73d-14ed-43c3-ab62-b984835e71a5/userFiles-b8352b2d-237a-4b52-b3bb-afc1477357f3/org.mongodb_bson-4.0.5.jar
[2023-01-29T07:19:54.533+0000] {spark_submit.py:495} INFO - 23/01/29 07:19:54 INFO Executor: Adding file:/tmp/spark-1618f73d-14ed-43c3-ab62-b984835e71a5/userFiles-b8352b2d-237a-4b52-b3bb-afc1477357f3/org.mongodb_bson-4.0.5.jar to class loader
[2023-01-29T07:19:54.533+0000] {spark_submit.py:495} INFO - 23/01/29 07:19:54 INFO Executor: Fetching spark://15c99fd3082a:44143/jars/org.spark-project.spark_unused-1.0.0.jar with timestamp 1674976793061
[2023-01-29T07:19:54.533+0000] {spark_submit.py:495} INFO - 23/01/29 07:19:54 INFO Utils: Fetching spark://15c99fd3082a:44143/jars/org.spark-project.spark_unused-1.0.0.jar to /tmp/spark-1618f73d-14ed-43c3-ab62-b984835e71a5/userFiles-b8352b2d-237a-4b52-b3bb-afc1477357f3/fetchFileTemp8446485146603627482.tmp
[2023-01-29T07:19:54.539+0000] {spark_submit.py:495} INFO - 23/01/29 07:19:54 INFO Utils: /tmp/spark-1618f73d-14ed-43c3-ab62-b984835e71a5/userFiles-b8352b2d-237a-4b52-b3bb-afc1477357f3/fetchFileTemp8446485146603627482.tmp has been previously copied to /tmp/spark-1618f73d-14ed-43c3-ab62-b984835e71a5/userFiles-b8352b2d-237a-4b52-b3bb-afc1477357f3/org.spark-project.spark_unused-1.0.0.jar
[2023-01-29T07:19:54.544+0000] {spark_submit.py:495} INFO - 23/01/29 07:19:54 INFO Executor: Adding file:/tmp/spark-1618f73d-14ed-43c3-ab62-b984835e71a5/userFiles-b8352b2d-237a-4b52-b3bb-afc1477357f3/org.spark-project.spark_unused-1.0.0.jar to class loader
[2023-01-29T07:19:54.545+0000] {spark_submit.py:495} INFO - 23/01/29 07:19:54 INFO Executor: Fetching spark://15c99fd3082a:44143/jars/org.lz4_lz4-java-1.7.1.jar with timestamp 1674976793061
[2023-01-29T07:19:54.548+0000] {spark_submit.py:495} INFO - 23/01/29 07:19:54 INFO Utils: Fetching spark://15c99fd3082a:44143/jars/org.lz4_lz4-java-1.7.1.jar to /tmp/spark-1618f73d-14ed-43c3-ab62-b984835e71a5/userFiles-b8352b2d-237a-4b52-b3bb-afc1477357f3/fetchFileTemp13874539544330703262.tmp
[2023-01-29T07:19:54.559+0000] {spark_submit.py:495} INFO - 23/01/29 07:19:54 INFO Utils: /tmp/spark-1618f73d-14ed-43c3-ab62-b984835e71a5/userFiles-b8352b2d-237a-4b52-b3bb-afc1477357f3/fetchFileTemp13874539544330703262.tmp has been previously copied to /tmp/spark-1618f73d-14ed-43c3-ab62-b984835e71a5/userFiles-b8352b2d-237a-4b52-b3bb-afc1477357f3/org.lz4_lz4-java-1.7.1.jar
[2023-01-29T07:19:54.562+0000] {spark_submit.py:495} INFO - 23/01/29 07:19:54 INFO Executor: Adding file:/tmp/spark-1618f73d-14ed-43c3-ab62-b984835e71a5/userFiles-b8352b2d-237a-4b52-b3bb-afc1477357f3/org.lz4_lz4-java-1.7.1.jar to class loader
[2023-01-29T07:19:54.563+0000] {spark_submit.py:495} INFO - 23/01/29 07:19:54 INFO Executor: Fetching spark://15c99fd3082a:44143/jars/com.github.luben_zstd-jni-1.4.8-1.jar with timestamp 1674976793061
[2023-01-29T07:19:54.563+0000] {spark_submit.py:495} INFO - 23/01/29 07:19:54 INFO Utils: Fetching spark://15c99fd3082a:44143/jars/com.github.luben_zstd-jni-1.4.8-1.jar to /tmp/spark-1618f73d-14ed-43c3-ab62-b984835e71a5/userFiles-b8352b2d-237a-4b52-b3bb-afc1477357f3/fetchFileTemp16280163919999915714.tmp
[2023-01-29T07:19:54.597+0000] {spark_submit.py:495} INFO - 23/01/29 07:19:54 INFO Utils: /tmp/spark-1618f73d-14ed-43c3-ab62-b984835e71a5/userFiles-b8352b2d-237a-4b52-b3bb-afc1477357f3/fetchFileTemp16280163919999915714.tmp has been previously copied to /tmp/spark-1618f73d-14ed-43c3-ab62-b984835e71a5/userFiles-b8352b2d-237a-4b52-b3bb-afc1477357f3/com.github.luben_zstd-jni-1.4.8-1.jar
[2023-01-29T07:19:54.607+0000] {spark_submit.py:495} INFO - 23/01/29 07:19:54 INFO Executor: Adding file:/tmp/spark-1618f73d-14ed-43c3-ab62-b984835e71a5/userFiles-b8352b2d-237a-4b52-b3bb-afc1477357f3/com.github.luben_zstd-jni-1.4.8-1.jar to class loader
[2023-01-29T07:19:54.607+0000] {spark_submit.py:495} INFO - 23/01/29 07:19:54 INFO Executor: Fetching spark://15c99fd3082a:44143/jars/org.apache.spark_spark-sql-kafka-0-10_2.12-3.1.3.jar with timestamp 1674976793061
[2023-01-29T07:19:54.607+0000] {spark_submit.py:495} INFO - 23/01/29 07:19:54 INFO Utils: Fetching spark://15c99fd3082a:44143/jars/org.apache.spark_spark-sql-kafka-0-10_2.12-3.1.3.jar to /tmp/spark-1618f73d-14ed-43c3-ab62-b984835e71a5/userFiles-b8352b2d-237a-4b52-b3bb-afc1477357f3/fetchFileTemp4892750167362822492.tmp
[2023-01-29T07:19:54.610+0000] {spark_submit.py:495} INFO - 23/01/29 07:19:54 INFO Utils: /tmp/spark-1618f73d-14ed-43c3-ab62-b984835e71a5/userFiles-b8352b2d-237a-4b52-b3bb-afc1477357f3/fetchFileTemp4892750167362822492.tmp has been previously copied to /tmp/spark-1618f73d-14ed-43c3-ab62-b984835e71a5/userFiles-b8352b2d-237a-4b52-b3bb-afc1477357f3/org.apache.spark_spark-sql-kafka-0-10_2.12-3.1.3.jar
[2023-01-29T07:19:54.615+0000] {spark_submit.py:495} INFO - 23/01/29 07:19:54 INFO Executor: Adding file:/tmp/spark-1618f73d-14ed-43c3-ab62-b984835e71a5/userFiles-b8352b2d-237a-4b52-b3bb-afc1477357f3/org.apache.spark_spark-sql-kafka-0-10_2.12-3.1.3.jar to class loader
[2023-01-29T07:19:54.616+0000] {spark_submit.py:495} INFO - 23/01/29 07:19:54 INFO Executor: Fetching spark://15c99fd3082a:44143/jars/org.mongodb_mongodb-driver-core-4.0.5.jar with timestamp 1674976793061
[2023-01-29T07:19:54.617+0000] {spark_submit.py:495} INFO - 23/01/29 07:19:54 INFO Utils: Fetching spark://15c99fd3082a:44143/jars/org.mongodb_mongodb-driver-core-4.0.5.jar to /tmp/spark-1618f73d-14ed-43c3-ab62-b984835e71a5/userFiles-b8352b2d-237a-4b52-b3bb-afc1477357f3/fetchFileTemp8422195275864744410.tmp
[2023-01-29T07:19:54.626+0000] {spark_submit.py:495} INFO - 23/01/29 07:19:54 INFO Utils: /tmp/spark-1618f73d-14ed-43c3-ab62-b984835e71a5/userFiles-b8352b2d-237a-4b52-b3bb-afc1477357f3/fetchFileTemp8422195275864744410.tmp has been previously copied to /tmp/spark-1618f73d-14ed-43c3-ab62-b984835e71a5/userFiles-b8352b2d-237a-4b52-b3bb-afc1477357f3/org.mongodb_mongodb-driver-core-4.0.5.jar
[2023-01-29T07:19:54.698+0000] {spark_submit.py:495} INFO - 23/01/29 07:19:54 INFO Executor: Adding file:/tmp/spark-1618f73d-14ed-43c3-ab62-b984835e71a5/userFiles-b8352b2d-237a-4b52-b3bb-afc1477357f3/org.mongodb_mongodb-driver-core-4.0.5.jar to class loader
[2023-01-29T07:19:54.698+0000] {spark_submit.py:495} INFO - 23/01/29 07:19:54 INFO Executor: Fetching spark://15c99fd3082a:44143/jars/org.xerial.snappy_snappy-java-1.1.8.2.jar with timestamp 1674976793061
[2023-01-29T07:19:54.698+0000] {spark_submit.py:495} INFO - 23/01/29 07:19:54 INFO Utils: Fetching spark://15c99fd3082a:44143/jars/org.xerial.snappy_snappy-java-1.1.8.2.jar to /tmp/spark-1618f73d-14ed-43c3-ab62-b984835e71a5/userFiles-b8352b2d-237a-4b52-b3bb-afc1477357f3/fetchFileTemp8211738590243962707.tmp
[2023-01-29T07:19:54.712+0000] {spark_submit.py:495} INFO - 23/01/29 07:19:54 INFO Utils: /tmp/spark-1618f73d-14ed-43c3-ab62-b984835e71a5/userFiles-b8352b2d-237a-4b52-b3bb-afc1477357f3/fetchFileTemp8211738590243962707.tmp has been previously copied to /tmp/spark-1618f73d-14ed-43c3-ab62-b984835e71a5/userFiles-b8352b2d-237a-4b52-b3bb-afc1477357f3/org.xerial.snappy_snappy-java-1.1.8.2.jar
[2023-01-29T07:19:54.729+0000] {spark_submit.py:495} INFO - 23/01/29 07:19:54 INFO Executor: Adding file:/tmp/spark-1618f73d-14ed-43c3-ab62-b984835e71a5/userFiles-b8352b2d-237a-4b52-b3bb-afc1477357f3/org.xerial.snappy_snappy-java-1.1.8.2.jar to class loader
[2023-01-29T07:19:54.729+0000] {spark_submit.py:495} INFO - 23/01/29 07:19:54 INFO Executor: Fetching spark://15c99fd3082a:44143/jars/org.slf4j_slf4j-api-1.7.30.jar with timestamp 1674976793061
[2023-01-29T07:19:54.730+0000] {spark_submit.py:495} INFO - 23/01/29 07:19:54 INFO Utils: Fetching spark://15c99fd3082a:44143/jars/org.slf4j_slf4j-api-1.7.30.jar to /tmp/spark-1618f73d-14ed-43c3-ab62-b984835e71a5/userFiles-b8352b2d-237a-4b52-b3bb-afc1477357f3/fetchFileTemp11761657259880843807.tmp
[2023-01-29T07:19:54.731+0000] {spark_submit.py:495} INFO - 23/01/29 07:19:54 INFO Utils: /tmp/spark-1618f73d-14ed-43c3-ab62-b984835e71a5/userFiles-b8352b2d-237a-4b52-b3bb-afc1477357f3/fetchFileTemp11761657259880843807.tmp has been previously copied to /tmp/spark-1618f73d-14ed-43c3-ab62-b984835e71a5/userFiles-b8352b2d-237a-4b52-b3bb-afc1477357f3/org.slf4j_slf4j-api-1.7.30.jar
[2023-01-29T07:19:54.734+0000] {spark_submit.py:495} INFO - 23/01/29 07:19:54 INFO Executor: Adding file:/tmp/spark-1618f73d-14ed-43c3-ab62-b984835e71a5/userFiles-b8352b2d-237a-4b52-b3bb-afc1477357f3/org.slf4j_slf4j-api-1.7.30.jar to class loader
[2023-01-29T07:19:54.734+0000] {spark_submit.py:495} INFO - 23/01/29 07:19:54 INFO Executor: Fetching spark://15c99fd3082a:44143/jars/org.apache.commons_commons-pool2-2.6.2.jar with timestamp 1674976793061
[2023-01-29T07:19:54.735+0000] {spark_submit.py:495} INFO - 23/01/29 07:19:54 INFO Utils: Fetching spark://15c99fd3082a:44143/jars/org.apache.commons_commons-pool2-2.6.2.jar to /tmp/spark-1618f73d-14ed-43c3-ab62-b984835e71a5/userFiles-b8352b2d-237a-4b52-b3bb-afc1477357f3/fetchFileTemp6050315776690229538.tmp
[2023-01-29T07:19:54.737+0000] {spark_submit.py:495} INFO - 23/01/29 07:19:54 INFO Utils: /tmp/spark-1618f73d-14ed-43c3-ab62-b984835e71a5/userFiles-b8352b2d-237a-4b52-b3bb-afc1477357f3/fetchFileTemp6050315776690229538.tmp has been previously copied to /tmp/spark-1618f73d-14ed-43c3-ab62-b984835e71a5/userFiles-b8352b2d-237a-4b52-b3bb-afc1477357f3/org.apache.commons_commons-pool2-2.6.2.jar
[2023-01-29T07:19:54.741+0000] {spark_submit.py:495} INFO - 23/01/29 07:19:54 INFO Executor: Adding file:/tmp/spark-1618f73d-14ed-43c3-ab62-b984835e71a5/userFiles-b8352b2d-237a-4b52-b3bb-afc1477357f3/org.apache.commons_commons-pool2-2.6.2.jar to class loader
[2023-01-29T07:19:54.741+0000] {spark_submit.py:495} INFO - 23/01/29 07:19:54 INFO Executor: Fetching spark://15c99fd3082a:44143/jars/org.apache.spark_spark-token-provider-kafka-0-10_2.12-3.1.3.jar with timestamp 1674976793061
[2023-01-29T07:19:54.742+0000] {spark_submit.py:495} INFO - 23/01/29 07:19:54 INFO Utils: Fetching spark://15c99fd3082a:44143/jars/org.apache.spark_spark-token-provider-kafka-0-10_2.12-3.1.3.jar to /tmp/spark-1618f73d-14ed-43c3-ab62-b984835e71a5/userFiles-b8352b2d-237a-4b52-b3bb-afc1477357f3/fetchFileTemp4409585274775471930.tmp
[2023-01-29T07:19:54.743+0000] {spark_submit.py:495} INFO - 23/01/29 07:19:54 INFO Utils: /tmp/spark-1618f73d-14ed-43c3-ab62-b984835e71a5/userFiles-b8352b2d-237a-4b52-b3bb-afc1477357f3/fetchFileTemp4409585274775471930.tmp has been previously copied to /tmp/spark-1618f73d-14ed-43c3-ab62-b984835e71a5/userFiles-b8352b2d-237a-4b52-b3bb-afc1477357f3/org.apache.spark_spark-token-provider-kafka-0-10_2.12-3.1.3.jar
[2023-01-29T07:19:54.746+0000] {spark_submit.py:495} INFO - 23/01/29 07:19:54 INFO Executor: Adding file:/tmp/spark-1618f73d-14ed-43c3-ab62-b984835e71a5/userFiles-b8352b2d-237a-4b52-b3bb-afc1477357f3/org.apache.spark_spark-token-provider-kafka-0-10_2.12-3.1.3.jar to class loader
[2023-01-29T07:19:54.754+0000] {spark_submit.py:495} INFO - 23/01/29 07:19:54 INFO Utils: Successfully started service 'org.apache.spark.network.netty.NettyBlockTransferService' on port 44197.
[2023-01-29T07:19:54.754+0000] {spark_submit.py:495} INFO - 23/01/29 07:19:54 INFO NettyBlockTransferService: Server created on 15c99fd3082a:44197
[2023-01-29T07:19:54.756+0000] {spark_submit.py:495} INFO - 23/01/29 07:19:54 INFO BlockManager: Using org.apache.spark.storage.RandomBlockReplicationPolicy for block replication policy
[2023-01-29T07:19:54.761+0000] {spark_submit.py:495} INFO - 23/01/29 07:19:54 INFO BlockManagerMaster: Registering BlockManager BlockManagerId(driver, 15c99fd3082a, 44197, None)
[2023-01-29T07:19:54.763+0000] {spark_submit.py:495} INFO - 23/01/29 07:19:54 INFO BlockManagerMasterEndpoint: Registering block manager 15c99fd3082a:44197 with 434.4 MiB RAM, BlockManagerId(driver, 15c99fd3082a, 44197, None)
[2023-01-29T07:19:54.765+0000] {spark_submit.py:495} INFO - 23/01/29 07:19:54 INFO BlockManagerMaster: Registered BlockManager BlockManagerId(driver, 15c99fd3082a, 44197, None)
[2023-01-29T07:19:54.766+0000] {spark_submit.py:495} INFO - 23/01/29 07:19:54 INFO BlockManager: Initialized BlockManager: BlockManagerId(driver, 15c99fd3082a, 44197, None)
[2023-01-29T07:19:58.858+0000] {spark_submit.py:495} INFO - 2023-01-29 07:19:58,855 - py4j.java_gateway - INFO - Callback Server Starting
[2023-01-29T07:19:58.858+0000] {spark_submit.py:495} INFO - 2023-01-29 07:19:58,858 - py4j.java_gateway - INFO - Socket listening on ('127.0.0.1', 33597)
[2023-01-29T07:20:03.525+0000] {spark_submit.py:495} INFO - 2023-01-29 07:20:03,524 - py4j.clientserver - INFO - Python Server ready to receive messages
[2023-01-29T07:20:03.525+0000] {spark_submit.py:495} INFO - 2023-01-29 07:20:03,525 - py4j.clientserver - INFO - Received command c on object id p0
[2023-01-29T07:20:03.540+0000] {spark_submit.py:495} INFO - 2023-01-29 07:20:03,540 - __main__ - ERROR - Error al escribir en Mongo: 'DataFrameWriter' object has no attribute 'show'
[2023-01-29T07:20:03.806+0000] {spark_submit.py:495} INFO - -------------------------------------------
[2023-01-29T07:20:03.807+0000] {spark_submit.py:495} INFO - Batch: 0
[2023-01-29T07:20:03.807+0000] {spark_submit.py:495} INFO - -------------------------------------------
[2023-01-29T07:20:03.872+0000] {spark_submit.py:495} INFO - +---+-------------+-----+-------------+----------+----------------+------------+-----------------+--------------+-------------+
[2023-01-29T07:20:03.873+0000] {spark_submit.py:495} INFO - | id|nameOfProduct|price|ProductStatus|SellerName|RegistrationDate|QuantitySold|QuantityAvailable|Free shipping?|Store ratings|
[2023-01-29T07:20:03.873+0000] {spark_submit.py:495} INFO - +---+-------------+-----+-------------+----------+----------------+------------+-----------------+--------------+-------------+
[2023-01-29T07:20:03.873+0000] {spark_submit.py:495} INFO - +---+-------------+-----+-------------+----------+----------------+------------+-----------------+--------------+-------------+
[2023-01-29T07:20:03.873+0000] {spark_submit.py:495} INFO - 
[2023-01-29T07:20:13.103+0000] {spark_submit.py:495} INFO - 2023-01-29 07:20:13,102 - py4j.clientserver - INFO - Received command c on object id p0
[2023-01-29T07:20:13.147+0000] {spark_submit.py:495} INFO - 2023-01-29 07:20:13,146 - __main__ - ERROR - Error al escribir en Mongo: 'DataFrameWriter' object has no attribute 'show'
[2023-01-29T07:20:13.434+0000] {spark_submit.py:495} INFO - 2023-01-29 07:20:13,434 - py4j.clientserver - INFO - Received command c on object id p0
[2023-01-29T07:20:13.439+0000] {spark_submit.py:495} INFO - 2023-01-29 07:20:13,439 - __main__ - ERROR - Error al escribir en Mongo: 'DataFrameWriter' object has no attribute 'show'
[2023-01-29T07:20:16.589+0000] {spark_submit.py:495} INFO - -------------------------------------------
[2023-01-29T07:20:16.590+0000] {spark_submit.py:495} INFO - Batch: 1
[2023-01-29T07:20:16.590+0000] {spark_submit.py:495} INFO - -------------------------------------------
[2023-01-29T07:20:16.668+0000] {spark_submit.py:495} INFO - +-------------+--------------------+--------+-------------+--------------------+-------------------+------------+-----------------+--------------------+-------------+
[2023-01-29T07:20:16.669+0000] {spark_submit.py:495} INFO - |           id|       nameOfProduct|   price|ProductStatus|          SellerName|   RegistrationDate|QuantitySold|QuantityAvailable|      Free shipping?|Store ratings|
[2023-01-29T07:20:16.669+0000] {spark_submit.py:495} INFO - +-------------+--------------------+--------+-------------+--------------------+-------------------+------------+-----------------+--------------------+-------------+
[2023-01-29T07:20:16.669+0000] {spark_submit.py:495} INFO - |MLA1157512489|Placa De Video Nv...|124999.0|          new|      PCREGISTRADAOK|2020-11-02 13:17:33|          50|                1|Your shipment arr...|          4.5|
[2023-01-29T07:20:16.669+0000] {spark_submit.py:495} INFO - |MLA1163238194|Placa De Video Am...| 31424.0|          new|       MICYBERCOMPRA|2011-09-13 13:15:53|          50|               50|Your shipment arr...|          4.5|
[2023-01-29T07:20:16.669+0000] {spark_submit.py:495} INFO - | MLA923635582|Disco Slido Inte...| 13299.0|          new|DIAMONDSYSTEMSANJ...|2016-04-08 17:21:06|        5000|               50|You have to pay t...|          5.0|
[2023-01-29T07:20:16.669+0000] {spark_submit.py:495} INFO - | MLA882277177|Capturadora Video...|  2699.0|          new|         BSK-IMPORTS|2019-12-30 23:07:04|         500|               50|You have to pay t...|          3.0|
[2023-01-29T07:20:16.669+0000] {spark_submit.py:495} INFO - |MLA1148481665|Microprocesador P...| 58899.0|          new|            MALL WEB|2016-05-26 20:28:35|         150|                1|Your shipment arr...|          4.5|
[2023-01-29T07:20:16.669+0000] {spark_submit.py:495} INFO - |MLA1160204806|Memoria Ram Fury ...| 17399.0|          new|    OVERHARD DIGITAL|2015-01-08 12:19:41|         500|              100|Your shipment arr...|          4.5|
[2023-01-29T07:20:16.670+0000] {spark_submit.py:495} INFO - | MLA923637669|Placa De Video Ge...| 28699.0|          new|         INDIGOTRADE|2018-01-05 19:21:16|         500|               50|Your shipment arr...|          4.5|
[2023-01-29T07:20:16.670+0000] {spark_submit.py:495} INFO - | MLA844489972|Disco Duro Intern...| 11599.0|          new|           DALECLCK|2015-03-16 12:07:23|        5000|              500|You have to pay t...|          5.0|
[2023-01-29T07:20:16.670+0000] {spark_submit.py:495} INFO - |MLA1157627908|Disco Duro Extern...| 18429.0|          new|   TECNOSTOCK.COM.AR|2019-12-12 15:09:43|          25|               50|Your shipment arr...|          4.5|
[2023-01-29T07:20:16.670+0000] {spark_submit.py:495} INFO - |MLA1149343157|Microprocesador P...| 36529.0|          new|      PCREGISTRADAOK|2020-11-02 13:17:33|           0|                1|Your shipment arr...|          4.5|
[2023-01-29T07:20:16.670+0000] {spark_submit.py:495} INFO - |MLA1160178907|Memoria Ram Fury ...| 25799.0|          new|    OVERHARD DIGITAL|2015-01-08 12:19:41|         500|               50|Your shipment arr...|          4.5|
[2023-01-29T07:20:16.670+0000] {spark_submit.py:495} INFO - |MLA1302136118|Disco Duro Intern...| 18271.0|          new|DIAMONDSYSTEMSANJ...|2016-04-08 17:21:06|         150|               50|Your shipment arr...|          4.5|
[2023-01-29T07:20:16.670+0000] {spark_submit.py:495} INFO - |MLA1183925519|Placa De Video Nv...|299999.0|          new|ESTUDIOSMPSRLESTU...|2020-11-29 18:36:32|          50|                1|Your shipment arr...|          4.5|
[2023-01-29T07:20:16.670+0000] {spark_submit.py:495} INFO - |MLA1314590445|Disco Slido Inte...|  7799.0|          new|       ELECTRO-SHOWS|2010-03-26 01:08:16|         250|              250|You have to pay t...|          4.5|
[2023-01-29T07:20:16.671+0000] {spark_submit.py:495} INFO - |MLA1221192372|Disco Duro Extern...| 27899.0|          new|    OVERHARD DIGITAL|2015-01-08 12:19:41|         250|              100|Your shipment arr...|          4.5|
[2023-01-29T07:20:16.671+0000] {spark_submit.py:495} INFO - |MLA1294240592|Procesador Intel ...| 24043.0|          new|      PCREGISTRADAOK|2020-11-02 13:17:33|           4|                1|Your shipment arr...|          4.5|
[2023-01-29T07:20:16.671+0000] {spark_submit.py:495} INFO - |MLA1272836523|Disco Duro Intern...| 16999.0|          new|        TIENDA DELTA|2011-09-15 21:48:50|         150|                1|Your shipment arr...|          4.5|
[2023-01-29T07:20:16.671+0000] {spark_submit.py:495} INFO - |MLA1301642528|Placa De Video Nv...|134999.0|          new|     ITS-COMPUTACION|2012-10-18 20:37:49|           5|                1|Your shipment arr...|          4.5|
[2023-01-29T07:20:16.671+0000] {spark_submit.py:495} INFO - | MLA902808321|Procesador Gamer ...| 23699.0|          new|            MALL WEB|2016-05-26 20:28:35|         500|                1|Your shipment arr...|          4.5|
[2023-01-29T07:20:16.671+0000] {spark_submit.py:495} INFO - |MLA1163233412|Placa De Video Nv...| 34659.0|          new|      PCREGISTRADAOK|2020-11-02 13:17:33|           4|                1|Your shipment arr...|          4.5|
[2023-01-29T07:20:16.671+0000] {spark_submit.py:495} INFO - +-------------+--------------------+--------+-------------+--------------------+-------------------+------------+-----------------+--------------------+-------------+
[2023-01-29T07:20:16.671+0000] {spark_submit.py:495} INFO - only showing top 20 rows
[2023-01-29T07:20:16.671+0000] {spark_submit.py:495} INFO - 
[2023-01-29T07:21:20.149+0000] {local_task_job.py:207} WARNING - Recorded pid 7338 does not match the current pid 6737
[2023-01-29T07:21:20.152+0000] {process_utils.py:133} INFO - Sending Signals.SIGTERM to group 6737. PIDs of all processes in the group: [6738, 6791, 6737]
[2023-01-29T07:21:20.152+0000] {process_utils.py:84} INFO - Sending the signal Signals.SIGTERM to group 6737
[2023-01-29T07:21:20.152+0000] {taskinstance.py:1483} ERROR - Received SIGTERM. Terminating subprocesses.
[2023-01-29T07:21:20.154+0000] {spark_submit.py:620} INFO - Sending kill signal to spark-submit
[2023-01-29T07:21:20.170+0000] {taskinstance.py:1772} ERROR - Task failed with exception
Traceback (most recent call last):
  File "/home/airflow/.local/lib/python3.7/site-packages/airflow/providers/apache/spark/operators/spark_submit.py", line 157, in execute
    self._hook.submit(self._application)
  File "/home/airflow/.local/lib/python3.7/site-packages/airflow/providers/apache/spark/hooks/spark_submit.py", line 414, in submit
    self._process_spark_submit_log(iter(self._submit_sp.stdout))  # type: ignore
  File "/home/airflow/.local/lib/python3.7/site-packages/airflow/providers/apache/spark/hooks/spark_submit.py", line 463, in _process_spark_submit_log
    for line in itr:
  File "/home/airflow/.local/lib/python3.7/site-packages/airflow/models/taskinstance.py", line 1485, in signal_handler
    raise AirflowException("Task received SIGTERM signal")
airflow.exceptions.AirflowException: Task received SIGTERM signal
[2023-01-29T07:21:20.175+0000] {taskinstance.py:1327} INFO - Marking task as UP_FOR_RETRY. dag_id=Streaming_pipeline_meli, task_id=consumer_data_of_topic, execution_date=20230127T184927, start_date=20230129T072117, end_date=20230129T072120
[2023-01-29T07:21:20.204+0000] {standard_task_runner.py:105} ERROR - Failed to execute job 1189 for task consumer_data_of_topic (Task received SIGTERM signal; 6737)
[2023-01-29T07:21:20.265+0000] {process_utils.py:79} INFO - Process psutil.Process(pid=6791, status='terminated', started='07:19:51') (6791) terminated with exit code None
[2023-01-29T07:21:20.265+0000] {process_utils.py:79} INFO - Process psutil.Process(pid=6738, status='terminated', started='07:19:48') (6738) terminated with exit code None
[2023-01-29T07:21:20.266+0000] {process_utils.py:79} INFO - Process psutil.Process(pid=6737, status='terminated', exitcode=1, started='07:19:48') (6737) terminated with exit code 1
