[2023-01-31T15:25:37.488+0000] {taskinstance.py:1087} INFO - Dependencies all met for <TaskInstance: Streaming_pipeline_meli.consumer_data_of_topic manual__2023-01-27T18:49:27.597637+00:00 [queued]>
[2023-01-31T15:25:37.497+0000] {taskinstance.py:1087} INFO - Dependencies all met for <TaskInstance: Streaming_pipeline_meli.consumer_data_of_topic manual__2023-01-27T18:49:27.597637+00:00 [queued]>
[2023-01-31T15:25:37.497+0000] {taskinstance.py:1283} INFO - 
--------------------------------------------------------------------------------
[2023-01-31T15:25:37.497+0000] {taskinstance.py:1284} INFO - Starting attempt 113 of 118
[2023-01-31T15:25:37.497+0000] {taskinstance.py:1285} INFO - 
--------------------------------------------------------------------------------
[2023-01-31T15:25:37.510+0000] {taskinstance.py:1304} INFO - Executing <Task(SparkSubmitOperator): consumer_data_of_topic> on 2023-01-27 18:49:27.597637+00:00
[2023-01-31T15:25:37.513+0000] {standard_task_runner.py:55} INFO - Started process 1700 to run task
[2023-01-31T15:25:37.516+0000] {standard_task_runner.py:82} INFO - Running: ['***', 'tasks', 'run', 'Streaming_pipeline_meli', 'consumer_data_of_topic', 'manual__2023-01-27T18:49:27.597637+00:00', '--job-id', '1286', '--raw', '--subdir', 'DAGS_FOLDER/streamPipeline.py', '--cfg-path', '/tmp/tmp8g43u67h']
[2023-01-31T15:25:37.516+0000] {standard_task_runner.py:83} INFO - Job 1286: Subtask consumer_data_of_topic
[2023-01-31T15:25:37.563+0000] {task_command.py:389} INFO - Running <TaskInstance: Streaming_pipeline_meli.consumer_data_of_topic manual__2023-01-27T18:49:27.597637+00:00 [running]> on host 15c99fd3082a
[2023-01-31T15:25:37.620+0000] {taskinstance.py:1513} INFO - Exporting the following env vars:
AIRFLOW_CTX_DAG_OWNER=***
AIRFLOW_CTX_DAG_ID=Streaming_pipeline_meli
AIRFLOW_CTX_TASK_ID=consumer_data_of_topic
AIRFLOW_CTX_EXECUTION_DATE=2023-01-27T18:49:27.597637+00:00
AIRFLOW_CTX_TRY_NUMBER=113
AIRFLOW_CTX_DAG_RUN_ID=manual__2023-01-27T18:49:27.597637+00:00
[2023-01-31T15:25:37.628+0000] {base.py:73} INFO - Using connection ID 'spark_default' for task execution.
[2023-01-31T15:25:37.629+0000] {spark_submit.py:344} INFO - Spark-Submit cmd: spark-submit --master spark://tomi-H310:7077 --packages org.apache.spark:spark-sql-kafka-0-10_2.12:3.1.3,org.mongodb.spark:mongo-spark-connector_2.12:3.0.1 --name arrow-spark --queue root.default /opt/***/dags/consumerSpark.py
[2023-01-31T15:25:37.727+0000] {spark_submit.py:495} INFO - /home/***/.local/lib/python3.7/site-packages/pyspark/bin/load-spark-env.sh: line 68: ps: command not found
[2023-01-31T15:25:39.779+0000] {spark_submit.py:495} INFO - :: loading settings :: url = jar:file:/home/***/.local/lib/python3.7/site-packages/pyspark/jars/ivy-2.5.0.jar!/org/apache/ivy/core/settings/ivysettings.xml
[2023-01-31T15:25:39.855+0000] {spark_submit.py:495} INFO - Ivy Default Cache set to: /home/***/.ivy2/cache
[2023-01-31T15:25:39.855+0000] {spark_submit.py:495} INFO - The jars for the packages stored in: /home/***/.ivy2/jars
[2023-01-31T15:25:39.861+0000] {spark_submit.py:495} INFO - org.apache.spark#spark-sql-kafka-0-10_2.12 added as a dependency
[2023-01-31T15:25:39.861+0000] {spark_submit.py:495} INFO - org.mongodb.spark#mongo-spark-connector_2.12 added as a dependency
[2023-01-31T15:25:39.862+0000] {spark_submit.py:495} INFO - :: resolving dependencies :: org.apache.spark#spark-submit-parent-96c0d6b7-3e39-4d1e-952f-2511e85a9b7b;1.0
[2023-01-31T15:25:39.863+0000] {spark_submit.py:495} INFO - confs: [default]
[2023-01-31T15:25:40.014+0000] {spark_submit.py:495} INFO - found org.apache.spark#spark-sql-kafka-0-10_2.12;3.1.3 in central
[2023-01-31T15:25:40.066+0000] {spark_submit.py:495} INFO - found org.apache.spark#spark-token-provider-kafka-0-10_2.12;3.1.3 in central
[2023-01-31T15:25:40.089+0000] {spark_submit.py:495} INFO - found org.apache.kafka#kafka-clients;2.6.0 in central
[2023-01-31T15:25:40.111+0000] {spark_submit.py:495} INFO - found com.github.luben#zstd-jni;1.4.8-1 in central
[2023-01-31T15:25:40.138+0000] {spark_submit.py:495} INFO - found org.lz4#lz4-java;1.7.1 in central
[2023-01-31T15:25:40.154+0000] {spark_submit.py:495} INFO - found org.xerial.snappy#snappy-java;1.1.8.2 in central
[2023-01-31T15:25:40.166+0000] {spark_submit.py:495} INFO - found org.slf4j#slf4j-api;1.7.30 in central
[2023-01-31T15:25:40.196+0000] {spark_submit.py:495} INFO - found org.spark-project.spark#unused;1.0.0 in central
[2023-01-31T15:25:40.208+0000] {spark_submit.py:495} INFO - found org.apache.commons#commons-pool2;2.6.2 in central
[2023-01-31T15:25:40.222+0000] {spark_submit.py:495} INFO - found org.mongodb.spark#mongo-spark-connector_2.12;3.0.1 in central
[2023-01-31T15:25:40.232+0000] {spark_submit.py:495} INFO - found org.mongodb#mongodb-driver-sync;4.0.5 in central
[2023-01-31T15:25:40.248+0000] {spark_submit.py:495} INFO - found org.mongodb#bson;4.0.5 in central
[2023-01-31T15:25:40.268+0000] {spark_submit.py:495} INFO - found org.mongodb#mongodb-driver-core;4.0.5 in central
[2023-01-31T15:25:40.293+0000] {spark_submit.py:495} INFO - :: resolution report :: resolve 416ms :: artifacts dl 14ms
[2023-01-31T15:25:40.293+0000] {spark_submit.py:495} INFO - :: modules in use:
[2023-01-31T15:25:40.293+0000] {spark_submit.py:495} INFO - com.github.luben#zstd-jni;1.4.8-1 from central in [default]
[2023-01-31T15:25:40.294+0000] {spark_submit.py:495} INFO - org.apache.commons#commons-pool2;2.6.2 from central in [default]
[2023-01-31T15:25:40.294+0000] {spark_submit.py:495} INFO - org.apache.kafka#kafka-clients;2.6.0 from central in [default]
[2023-01-31T15:25:40.294+0000] {spark_submit.py:495} INFO - org.apache.spark#spark-sql-kafka-0-10_2.12;3.1.3 from central in [default]
[2023-01-31T15:25:40.294+0000] {spark_submit.py:495} INFO - org.apache.spark#spark-token-provider-kafka-0-10_2.12;3.1.3 from central in [default]
[2023-01-31T15:25:40.294+0000] {spark_submit.py:495} INFO - org.lz4#lz4-java;1.7.1 from central in [default]
[2023-01-31T15:25:40.294+0000] {spark_submit.py:495} INFO - org.mongodb#bson;4.0.5 from central in [default]
[2023-01-31T15:25:40.294+0000] {spark_submit.py:495} INFO - org.mongodb#mongodb-driver-core;4.0.5 from central in [default]
[2023-01-31T15:25:40.294+0000] {spark_submit.py:495} INFO - org.mongodb#mongodb-driver-sync;4.0.5 from central in [default]
[2023-01-31T15:25:40.294+0000] {spark_submit.py:495} INFO - org.mongodb.spark#mongo-spark-connector_2.12;3.0.1 from central in [default]
[2023-01-31T15:25:40.294+0000] {spark_submit.py:495} INFO - org.slf4j#slf4j-api;1.7.30 from central in [default]
[2023-01-31T15:25:40.294+0000] {spark_submit.py:495} INFO - org.spark-project.spark#unused;1.0.0 from central in [default]
[2023-01-31T15:25:40.294+0000] {spark_submit.py:495} INFO - org.xerial.snappy#snappy-java;1.1.8.2 from central in [default]
[2023-01-31T15:25:40.294+0000] {spark_submit.py:495} INFO - ---------------------------------------------------------------------
[2023-01-31T15:25:40.294+0000] {spark_submit.py:495} INFO - |                  |            modules            ||   artifacts   |
[2023-01-31T15:25:40.295+0000] {spark_submit.py:495} INFO - |       conf       | number| search|dwnlded|evicted|| number|dwnlded|
[2023-01-31T15:25:40.295+0000] {spark_submit.py:495} INFO - ---------------------------------------------------------------------
[2023-01-31T15:25:40.295+0000] {spark_submit.py:495} INFO - |      default     |   13  |   0   |   0   |   0   ||   13  |   0   |
[2023-01-31T15:25:40.295+0000] {spark_submit.py:495} INFO - ---------------------------------------------------------------------
[2023-01-31T15:25:40.298+0000] {spark_submit.py:495} INFO - :: retrieving :: org.apache.spark#spark-submit-parent-96c0d6b7-3e39-4d1e-952f-2511e85a9b7b
[2023-01-31T15:25:40.299+0000] {spark_submit.py:495} INFO - confs: [default]
[2023-01-31T15:25:40.306+0000] {spark_submit.py:495} INFO - 0 artifacts copied, 13 already retrieved (0kB/8ms)
[2023-01-31T15:25:40.688+0000] {spark_submit.py:495} INFO - 23/01/31 15:25:40 WARN NativeCodeLoader: Unable to load native-hadoop library for your platform... using builtin-java classes where applicable
[2023-01-31T15:25:42.447+0000] {spark_submit.py:495} INFO - 23/01/31 15:25:42 INFO SparkContext: Running Spark version 3.3.1
[2023-01-31T15:25:42.504+0000] {spark_submit.py:495} INFO - 23/01/31 15:25:42 INFO ResourceUtils: ==============================================================
[2023-01-31T15:25:42.506+0000] {spark_submit.py:495} INFO - 23/01/31 15:25:42 INFO ResourceUtils: No custom resources configured for spark.driver.
[2023-01-31T15:25:42.507+0000] {spark_submit.py:495} INFO - 23/01/31 15:25:42 INFO ResourceUtils: ==============================================================
[2023-01-31T15:25:42.508+0000] {spark_submit.py:495} INFO - 23/01/31 15:25:42 INFO SparkContext: Submitted application: arrow-spark
[2023-01-31T15:25:42.539+0000] {spark_submit.py:495} INFO - 23/01/31 15:25:42 INFO ResourceProfile: Default ResourceProfile created, executor resources: Map(cores -> name: cores, amount: 1, script: , vendor: , memory -> name: memory, amount: 1024, script: , vendor: , offHeap -> name: offHeap, amount: 0, script: , vendor: ), task resources: Map(cpus -> name: cpus, amount: 1.0)
[2023-01-31T15:25:42.578+0000] {spark_submit.py:495} INFO - 23/01/31 15:25:42 INFO ResourceProfile: Limiting resource is cpu
[2023-01-31T15:25:42.579+0000] {spark_submit.py:495} INFO - 23/01/31 15:25:42 INFO ResourceProfileManager: Added ResourceProfile id: 0
[2023-01-31T15:25:42.711+0000] {spark_submit.py:495} INFO - 23/01/31 15:25:42 INFO SecurityManager: Changing view acls to: default
[2023-01-31T15:25:42.714+0000] {spark_submit.py:495} INFO - 23/01/31 15:25:42 INFO SecurityManager: Changing modify acls to: default
[2023-01-31T15:25:42.718+0000] {spark_submit.py:495} INFO - 23/01/31 15:25:42 INFO SecurityManager: Changing view acls groups to:
[2023-01-31T15:25:42.722+0000] {spark_submit.py:495} INFO - 23/01/31 15:25:42 INFO SecurityManager: Changing modify acls groups to:
[2023-01-31T15:25:42.734+0000] {spark_submit.py:495} INFO - 23/01/31 15:25:42 INFO SecurityManager: SecurityManager: authentication disabled; ui acls disabled; users  with view permissions: Set(default); groups with view permissions: Set(); users  with modify permissions: Set(default); groups with modify permissions: Set()
[2023-01-31T15:25:43.562+0000] {spark_submit.py:495} INFO - 23/01/31 15:25:43 INFO Utils: Successfully started service 'sparkDriver' on port 42175.
[2023-01-31T15:25:43.678+0000] {spark_submit.py:495} INFO - 23/01/31 15:25:43 INFO SparkEnv: Registering MapOutputTracker
[2023-01-31T15:25:43.767+0000] {spark_submit.py:495} INFO - 23/01/31 15:25:43 INFO SparkEnv: Registering BlockManagerMaster
[2023-01-31T15:25:43.793+0000] {spark_submit.py:495} INFO - 23/01/31 15:25:43 INFO BlockManagerMasterEndpoint: Using org.apache.spark.storage.DefaultTopologyMapper for getting topology information
[2023-01-31T15:25:43.794+0000] {spark_submit.py:495} INFO - 23/01/31 15:25:43 INFO BlockManagerMasterEndpoint: BlockManagerMasterEndpoint up
[2023-01-31T15:25:43.827+0000] {spark_submit.py:495} INFO - 23/01/31 15:25:43 INFO SparkEnv: Registering BlockManagerMasterHeartbeat
[2023-01-31T15:25:43.873+0000] {spark_submit.py:495} INFO - 23/01/31 15:25:43 INFO DiskBlockManager: Created local directory at /tmp/blockmgr-9cd7acb9-fa59-42a2-bf09-79924c30d236
[2023-01-31T15:25:43.904+0000] {spark_submit.py:495} INFO - 23/01/31 15:25:43 INFO MemoryStore: MemoryStore started with capacity 434.4 MiB
[2023-01-31T15:25:43.937+0000] {spark_submit.py:495} INFO - 23/01/31 15:25:43 INFO SparkEnv: Registering OutputCommitCoordinator
[2023-01-31T15:25:44.381+0000] {spark_submit.py:495} INFO - 23/01/31 15:25:44 INFO Utils: Successfully started service 'SparkUI' on port 4040.
[2023-01-31T15:25:44.483+0000] {spark_submit.py:495} INFO - 23/01/31 15:25:44 INFO SparkContext: Added JAR file:///home/***/.ivy2/jars/org.apache.spark_spark-sql-kafka-0-10_2.12-3.1.3.jar at spark://15c99fd3082a:42175/jars/org.apache.spark_spark-sql-kafka-0-10_2.12-3.1.3.jar with timestamp 1675178742417
[2023-01-31T15:25:44.484+0000] {spark_submit.py:495} INFO - 23/01/31 15:25:44 INFO SparkContext: Added JAR file:///home/***/.ivy2/jars/org.mongodb.spark_mongo-spark-connector_2.12-3.0.1.jar at spark://15c99fd3082a:42175/jars/org.mongodb.spark_mongo-spark-connector_2.12-3.0.1.jar with timestamp 1675178742417
[2023-01-31T15:25:44.484+0000] {spark_submit.py:495} INFO - 23/01/31 15:25:44 INFO SparkContext: Added JAR file:///home/***/.ivy2/jars/org.apache.spark_spark-token-provider-kafka-0-10_2.12-3.1.3.jar at spark://15c99fd3082a:42175/jars/org.apache.spark_spark-token-provider-kafka-0-10_2.12-3.1.3.jar with timestamp 1675178742417
[2023-01-31T15:25:44.484+0000] {spark_submit.py:495} INFO - 23/01/31 15:25:44 INFO SparkContext: Added JAR file:///home/***/.ivy2/jars/org.apache.kafka_kafka-clients-2.6.0.jar at spark://15c99fd3082a:42175/jars/org.apache.kafka_kafka-clients-2.6.0.jar with timestamp 1675178742417
[2023-01-31T15:25:44.484+0000] {spark_submit.py:495} INFO - 23/01/31 15:25:44 INFO SparkContext: Added JAR file:///home/***/.ivy2/jars/org.apache.commons_commons-pool2-2.6.2.jar at spark://15c99fd3082a:42175/jars/org.apache.commons_commons-pool2-2.6.2.jar with timestamp 1675178742417
[2023-01-31T15:25:44.484+0000] {spark_submit.py:495} INFO - 23/01/31 15:25:44 INFO SparkContext: Added JAR file:///home/***/.ivy2/jars/org.spark-project.spark_unused-1.0.0.jar at spark://15c99fd3082a:42175/jars/org.spark-project.spark_unused-1.0.0.jar with timestamp 1675178742417
[2023-01-31T15:25:44.484+0000] {spark_submit.py:495} INFO - 23/01/31 15:25:44 INFO SparkContext: Added JAR file:///home/***/.ivy2/jars/com.github.luben_zstd-jni-1.4.8-1.jar at spark://15c99fd3082a:42175/jars/com.github.luben_zstd-jni-1.4.8-1.jar with timestamp 1675178742417
[2023-01-31T15:25:44.484+0000] {spark_submit.py:495} INFO - 23/01/31 15:25:44 INFO SparkContext: Added JAR file:///home/***/.ivy2/jars/org.lz4_lz4-java-1.7.1.jar at spark://15c99fd3082a:42175/jars/org.lz4_lz4-java-1.7.1.jar with timestamp 1675178742417
[2023-01-31T15:25:44.484+0000] {spark_submit.py:495} INFO - 23/01/31 15:25:44 INFO SparkContext: Added JAR file:///home/***/.ivy2/jars/org.xerial.snappy_snappy-java-1.1.8.2.jar at spark://15c99fd3082a:42175/jars/org.xerial.snappy_snappy-java-1.1.8.2.jar with timestamp 1675178742417
[2023-01-31T15:25:44.484+0000] {spark_submit.py:495} INFO - 23/01/31 15:25:44 INFO SparkContext: Added JAR file:///home/***/.ivy2/jars/org.slf4j_slf4j-api-1.7.30.jar at spark://15c99fd3082a:42175/jars/org.slf4j_slf4j-api-1.7.30.jar with timestamp 1675178742417
[2023-01-31T15:25:44.484+0000] {spark_submit.py:495} INFO - 23/01/31 15:25:44 INFO SparkContext: Added JAR file:///home/***/.ivy2/jars/org.mongodb_mongodb-driver-sync-4.0.5.jar at spark://15c99fd3082a:42175/jars/org.mongodb_mongodb-driver-sync-4.0.5.jar with timestamp 1675178742417
[2023-01-31T15:25:44.484+0000] {spark_submit.py:495} INFO - 23/01/31 15:25:44 INFO SparkContext: Added JAR file:///home/***/.ivy2/jars/org.mongodb_bson-4.0.5.jar at spark://15c99fd3082a:42175/jars/org.mongodb_bson-4.0.5.jar with timestamp 1675178742417
[2023-01-31T15:25:44.485+0000] {spark_submit.py:495} INFO - 23/01/31 15:25:44 INFO SparkContext: Added JAR file:///home/***/.ivy2/jars/org.mongodb_mongodb-driver-core-4.0.5.jar at spark://15c99fd3082a:42175/jars/org.mongodb_mongodb-driver-core-4.0.5.jar with timestamp 1675178742417
[2023-01-31T15:25:44.486+0000] {spark_submit.py:495} INFO - 23/01/31 15:25:44 INFO SparkContext: Added file file:///home/***/.ivy2/jars/org.apache.spark_spark-sql-kafka-0-10_2.12-3.1.3.jar at spark://15c99fd3082a:42175/files/org.apache.spark_spark-sql-kafka-0-10_2.12-3.1.3.jar with timestamp 1675178742417
[2023-01-31T15:25:44.487+0000] {spark_submit.py:495} INFO - 23/01/31 15:25:44 INFO Utils: Copying /home/***/.ivy2/jars/org.apache.spark_spark-sql-kafka-0-10_2.12-3.1.3.jar to /tmp/spark-a0514f50-2a7b-4d3c-8af6-d0dd5f89f369/userFiles-a401bd20-dc4c-458a-bd0e-6d1ad18a9bea/org.apache.spark_spark-sql-kafka-0-10_2.12-3.1.3.jar
[2023-01-31T15:25:44.524+0000] {spark_submit.py:495} INFO - 23/01/31 15:25:44 INFO SparkContext: Added file file:///home/***/.ivy2/jars/org.mongodb.spark_mongo-spark-connector_2.12-3.0.1.jar at spark://15c99fd3082a:42175/files/org.mongodb.spark_mongo-spark-connector_2.12-3.0.1.jar with timestamp 1675178742417
[2023-01-31T15:25:44.524+0000] {spark_submit.py:495} INFO - 23/01/31 15:25:44 INFO Utils: Copying /home/***/.ivy2/jars/org.mongodb.spark_mongo-spark-connector_2.12-3.0.1.jar to /tmp/spark-a0514f50-2a7b-4d3c-8af6-d0dd5f89f369/userFiles-a401bd20-dc4c-458a-bd0e-6d1ad18a9bea/org.mongodb.spark_mongo-spark-connector_2.12-3.0.1.jar
[2023-01-31T15:25:44.547+0000] {spark_submit.py:495} INFO - 23/01/31 15:25:44 INFO SparkContext: Added file file:///home/***/.ivy2/jars/org.apache.spark_spark-token-provider-kafka-0-10_2.12-3.1.3.jar at spark://15c99fd3082a:42175/files/org.apache.spark_spark-token-provider-kafka-0-10_2.12-3.1.3.jar with timestamp 1675178742417
[2023-01-31T15:25:44.547+0000] {spark_submit.py:495} INFO - 23/01/31 15:25:44 INFO Utils: Copying /home/***/.ivy2/jars/org.apache.spark_spark-token-provider-kafka-0-10_2.12-3.1.3.jar to /tmp/spark-a0514f50-2a7b-4d3c-8af6-d0dd5f89f369/userFiles-a401bd20-dc4c-458a-bd0e-6d1ad18a9bea/org.apache.spark_spark-token-provider-kafka-0-10_2.12-3.1.3.jar
[2023-01-31T15:25:44.562+0000] {spark_submit.py:495} INFO - 23/01/31 15:25:44 INFO SparkContext: Added file file:///home/***/.ivy2/jars/org.apache.kafka_kafka-clients-2.6.0.jar at spark://15c99fd3082a:42175/files/org.apache.kafka_kafka-clients-2.6.0.jar with timestamp 1675178742417
[2023-01-31T15:25:44.562+0000] {spark_submit.py:495} INFO - 23/01/31 15:25:44 INFO Utils: Copying /home/***/.ivy2/jars/org.apache.kafka_kafka-clients-2.6.0.jar to /tmp/spark-a0514f50-2a7b-4d3c-8af6-d0dd5f89f369/userFiles-a401bd20-dc4c-458a-bd0e-6d1ad18a9bea/org.apache.kafka_kafka-clients-2.6.0.jar
[2023-01-31T15:25:44.603+0000] {spark_submit.py:495} INFO - 23/01/31 15:25:44 INFO SparkContext: Added file file:///home/***/.ivy2/jars/org.apache.commons_commons-pool2-2.6.2.jar at spark://15c99fd3082a:42175/files/org.apache.commons_commons-pool2-2.6.2.jar with timestamp 1675178742417
[2023-01-31T15:25:44.603+0000] {spark_submit.py:495} INFO - 23/01/31 15:25:44 INFO Utils: Copying /home/***/.ivy2/jars/org.apache.commons_commons-pool2-2.6.2.jar to /tmp/spark-a0514f50-2a7b-4d3c-8af6-d0dd5f89f369/userFiles-a401bd20-dc4c-458a-bd0e-6d1ad18a9bea/org.apache.commons_commons-pool2-2.6.2.jar
[2023-01-31T15:25:44.615+0000] {spark_submit.py:495} INFO - 23/01/31 15:25:44 INFO SparkContext: Added file file:///home/***/.ivy2/jars/org.spark-project.spark_unused-1.0.0.jar at spark://15c99fd3082a:42175/files/org.spark-project.spark_unused-1.0.0.jar with timestamp 1675178742417
[2023-01-31T15:25:44.616+0000] {spark_submit.py:495} INFO - 23/01/31 15:25:44 INFO Utils: Copying /home/***/.ivy2/jars/org.spark-project.spark_unused-1.0.0.jar to /tmp/spark-a0514f50-2a7b-4d3c-8af6-d0dd5f89f369/userFiles-a401bd20-dc4c-458a-bd0e-6d1ad18a9bea/org.spark-project.spark_unused-1.0.0.jar
[2023-01-31T15:25:44.644+0000] {spark_submit.py:495} INFO - 23/01/31 15:25:44 INFO SparkContext: Added file file:///home/***/.ivy2/jars/com.github.luben_zstd-jni-1.4.8-1.jar at spark://15c99fd3082a:42175/files/com.github.luben_zstd-jni-1.4.8-1.jar with timestamp 1675178742417
[2023-01-31T15:25:44.645+0000] {spark_submit.py:495} INFO - 23/01/31 15:25:44 INFO Utils: Copying /home/***/.ivy2/jars/com.github.luben_zstd-jni-1.4.8-1.jar to /tmp/spark-a0514f50-2a7b-4d3c-8af6-d0dd5f89f369/userFiles-a401bd20-dc4c-458a-bd0e-6d1ad18a9bea/com.github.luben_zstd-jni-1.4.8-1.jar
[2023-01-31T15:25:44.679+0000] {spark_submit.py:495} INFO - 23/01/31 15:25:44 INFO SparkContext: Added file file:///home/***/.ivy2/jars/org.lz4_lz4-java-1.7.1.jar at spark://15c99fd3082a:42175/files/org.lz4_lz4-java-1.7.1.jar with timestamp 1675178742417
[2023-01-31T15:25:44.679+0000] {spark_submit.py:495} INFO - 23/01/31 15:25:44 INFO Utils: Copying /home/***/.ivy2/jars/org.lz4_lz4-java-1.7.1.jar to /tmp/spark-a0514f50-2a7b-4d3c-8af6-d0dd5f89f369/userFiles-a401bd20-dc4c-458a-bd0e-6d1ad18a9bea/org.lz4_lz4-java-1.7.1.jar
[2023-01-31T15:25:44.687+0000] {spark_submit.py:495} INFO - 23/01/31 15:25:44 INFO SparkContext: Added file file:///home/***/.ivy2/jars/org.xerial.snappy_snappy-java-1.1.8.2.jar at spark://15c99fd3082a:42175/files/org.xerial.snappy_snappy-java-1.1.8.2.jar with timestamp 1675178742417
[2023-01-31T15:25:44.687+0000] {spark_submit.py:495} INFO - 23/01/31 15:25:44 INFO Utils: Copying /home/***/.ivy2/jars/org.xerial.snappy_snappy-java-1.1.8.2.jar to /tmp/spark-a0514f50-2a7b-4d3c-8af6-d0dd5f89f369/userFiles-a401bd20-dc4c-458a-bd0e-6d1ad18a9bea/org.xerial.snappy_snappy-java-1.1.8.2.jar
[2023-01-31T15:25:44.705+0000] {spark_submit.py:495} INFO - 23/01/31 15:25:44 INFO SparkContext: Added file file:///home/***/.ivy2/jars/org.slf4j_slf4j-api-1.7.30.jar at spark://15c99fd3082a:42175/files/org.slf4j_slf4j-api-1.7.30.jar with timestamp 1675178742417
[2023-01-31T15:25:44.706+0000] {spark_submit.py:495} INFO - 23/01/31 15:25:44 INFO Utils: Copying /home/***/.ivy2/jars/org.slf4j_slf4j-api-1.7.30.jar to /tmp/spark-a0514f50-2a7b-4d3c-8af6-d0dd5f89f369/userFiles-a401bd20-dc4c-458a-bd0e-6d1ad18a9bea/org.slf4j_slf4j-api-1.7.30.jar
[2023-01-31T15:25:44.718+0000] {spark_submit.py:495} INFO - 23/01/31 15:25:44 INFO SparkContext: Added file file:///home/***/.ivy2/jars/org.mongodb_mongodb-driver-sync-4.0.5.jar at spark://15c99fd3082a:42175/files/org.mongodb_mongodb-driver-sync-4.0.5.jar with timestamp 1675178742417
[2023-01-31T15:25:44.719+0000] {spark_submit.py:495} INFO - 23/01/31 15:25:44 INFO Utils: Copying /home/***/.ivy2/jars/org.mongodb_mongodb-driver-sync-4.0.5.jar to /tmp/spark-a0514f50-2a7b-4d3c-8af6-d0dd5f89f369/userFiles-a401bd20-dc4c-458a-bd0e-6d1ad18a9bea/org.mongodb_mongodb-driver-sync-4.0.5.jar
[2023-01-31T15:25:44.743+0000] {spark_submit.py:495} INFO - 23/01/31 15:25:44 INFO SparkContext: Added file file:///home/***/.ivy2/jars/org.mongodb_bson-4.0.5.jar at spark://15c99fd3082a:42175/files/org.mongodb_bson-4.0.5.jar with timestamp 1675178742417
[2023-01-31T15:25:44.743+0000] {spark_submit.py:495} INFO - 23/01/31 15:25:44 INFO Utils: Copying /home/***/.ivy2/jars/org.mongodb_bson-4.0.5.jar to /tmp/spark-a0514f50-2a7b-4d3c-8af6-d0dd5f89f369/userFiles-a401bd20-dc4c-458a-bd0e-6d1ad18a9bea/org.mongodb_bson-4.0.5.jar
[2023-01-31T15:25:44.751+0000] {spark_submit.py:495} INFO - 23/01/31 15:25:44 INFO SparkContext: Added file file:///home/***/.ivy2/jars/org.mongodb_mongodb-driver-core-4.0.5.jar at spark://15c99fd3082a:42175/files/org.mongodb_mongodb-driver-core-4.0.5.jar with timestamp 1675178742417
[2023-01-31T15:25:44.752+0000] {spark_submit.py:495} INFO - 23/01/31 15:25:44 INFO Utils: Copying /home/***/.ivy2/jars/org.mongodb_mongodb-driver-core-4.0.5.jar to /tmp/spark-a0514f50-2a7b-4d3c-8af6-d0dd5f89f369/userFiles-a401bd20-dc4c-458a-bd0e-6d1ad18a9bea/org.mongodb_mongodb-driver-core-4.0.5.jar
[2023-01-31T15:25:44.970+0000] {spark_submit.py:495} INFO - 23/01/31 15:25:44 INFO StandaloneAppClient$ClientEndpoint: Connecting to master spark://tomi-H310:7077...
[2023-01-31T15:25:45.032+0000] {spark_submit.py:495} INFO - 23/01/31 15:25:45 WARN StandaloneAppClient$ClientEndpoint: Failed to connect to master tomi-H310:7077
[2023-01-31T15:25:45.032+0000] {spark_submit.py:495} INFO - org.apache.spark.SparkException: Exception thrown in awaitResult:
[2023-01-31T15:25:45.032+0000] {spark_submit.py:495} INFO - at org.apache.spark.util.ThreadUtils$.awaitResult(ThreadUtils.scala:301)
[2023-01-31T15:25:45.033+0000] {spark_submit.py:495} INFO - at org.apache.spark.rpc.RpcTimeout.awaitResult(RpcTimeout.scala:75)
[2023-01-31T15:25:45.033+0000] {spark_submit.py:495} INFO - at org.apache.spark.rpc.RpcEnv.setupEndpointRefByURI(RpcEnv.scala:102)
[2023-01-31T15:25:45.033+0000] {spark_submit.py:495} INFO - at org.apache.spark.rpc.RpcEnv.setupEndpointRef(RpcEnv.scala:110)
[2023-01-31T15:25:45.033+0000] {spark_submit.py:495} INFO - at org.apache.spark.deploy.client.StandaloneAppClient$ClientEndpoint$$anon$1.run(StandaloneAppClient.scala:107)
[2023-01-31T15:25:45.033+0000] {spark_submit.py:495} INFO - at java.base/java.util.concurrent.Executors$RunnableAdapter.call(Executors.java:515)
[2023-01-31T15:25:45.033+0000] {spark_submit.py:495} INFO - at java.base/java.util.concurrent.FutureTask.run(FutureTask.java:264)
[2023-01-31T15:25:45.033+0000] {spark_submit.py:495} INFO - at java.base/java.util.concurrent.ThreadPoolExecutor.runWorker(ThreadPoolExecutor.java:1128)
[2023-01-31T15:25:45.033+0000] {spark_submit.py:495} INFO - at java.base/java.util.concurrent.ThreadPoolExecutor$Worker.run(ThreadPoolExecutor.java:628)
[2023-01-31T15:25:45.033+0000] {spark_submit.py:495} INFO - at java.base/java.lang.Thread.run(Thread.java:829)
[2023-01-31T15:25:45.033+0000] {spark_submit.py:495} INFO - Caused by: java.io.IOException: Failed to connect to tomi-H310/127.0.1.1:7077
[2023-01-31T15:25:45.033+0000] {spark_submit.py:495} INFO - at org.apache.spark.network.client.TransportClientFactory.createClient(TransportClientFactory.java:288)
[2023-01-31T15:25:45.033+0000] {spark_submit.py:495} INFO - at org.apache.spark.network.client.TransportClientFactory.createClient(TransportClientFactory.java:218)
[2023-01-31T15:25:45.033+0000] {spark_submit.py:495} INFO - at org.apache.spark.network.client.TransportClientFactory.createClient(TransportClientFactory.java:230)
[2023-01-31T15:25:45.033+0000] {spark_submit.py:495} INFO - at org.apache.spark.rpc.netty.NettyRpcEnv.createClient(NettyRpcEnv.scala:204)
[2023-01-31T15:25:45.034+0000] {spark_submit.py:495} INFO - at org.apache.spark.rpc.netty.Outbox$$anon$1.call(Outbox.scala:202)
[2023-01-31T15:25:45.034+0000] {spark_submit.py:495} INFO - at org.apache.spark.rpc.netty.Outbox$$anon$1.call(Outbox.scala:198)
[2023-01-31T15:25:45.034+0000] {spark_submit.py:495} INFO - ... 4 more
[2023-01-31T15:25:45.034+0000] {spark_submit.py:495} INFO - Caused by: io.netty.channel.AbstractChannel$AnnotatedConnectException: Connection refused: tomi-H310/127.0.1.1:7077
[2023-01-31T15:25:45.034+0000] {spark_submit.py:495} INFO - Caused by: java.net.ConnectException: Connection refused
[2023-01-31T15:25:45.034+0000] {spark_submit.py:495} INFO - at java.base/sun.nio.ch.SocketChannelImpl.checkConnect(Native Method)
[2023-01-31T15:25:45.034+0000] {spark_submit.py:495} INFO - at java.base/sun.nio.ch.SocketChannelImpl.finishConnect(SocketChannelImpl.java:777)
[2023-01-31T15:25:45.034+0000] {spark_submit.py:495} INFO - at io.netty.channel.socket.nio.NioSocketChannel.doFinishConnect(NioSocketChannel.java:330)
[2023-01-31T15:25:45.034+0000] {spark_submit.py:495} INFO - at io.netty.channel.nio.AbstractNioChannel$AbstractNioUnsafe.finishConnect(AbstractNioChannel.java:334)
[2023-01-31T15:25:45.034+0000] {spark_submit.py:495} INFO - at io.netty.channel.nio.NioEventLoop.processSelectedKey(NioEventLoop.java:710)
[2023-01-31T15:25:45.034+0000] {spark_submit.py:495} INFO - at io.netty.channel.nio.NioEventLoop.processSelectedKeysOptimized(NioEventLoop.java:658)
[2023-01-31T15:25:45.034+0000] {spark_submit.py:495} INFO - at io.netty.channel.nio.NioEventLoop.processSelectedKeys(NioEventLoop.java:584)
[2023-01-31T15:25:45.034+0000] {spark_submit.py:495} INFO - at io.netty.channel.nio.NioEventLoop.run(NioEventLoop.java:496)
[2023-01-31T15:25:45.034+0000] {spark_submit.py:495} INFO - at io.netty.util.concurrent.SingleThreadEventExecutor$4.run(SingleThreadEventExecutor.java:986)
[2023-01-31T15:25:45.034+0000] {spark_submit.py:495} INFO - at io.netty.util.internal.ThreadExecutorMap$2.run(ThreadExecutorMap.java:74)
[2023-01-31T15:25:45.035+0000] {spark_submit.py:495} INFO - at io.netty.util.concurrent.FastThreadLocalRunnable.run(FastThreadLocalRunnable.java:30)
[2023-01-31T15:25:45.035+0000] {spark_submit.py:495} INFO - at java.base/java.lang.Thread.run(Thread.java:829)
[2023-01-31T15:26:04.971+0000] {spark_submit.py:495} INFO - 23/01/31 15:26:04 INFO StandaloneAppClient$ClientEndpoint: Connecting to master spark://tomi-H310:7077...
[2023-01-31T15:26:04.984+0000] {spark_submit.py:495} INFO - 23/01/31 15:26:04 WARN StandaloneAppClient$ClientEndpoint: Failed to connect to master tomi-H310:7077
[2023-01-31T15:26:04.984+0000] {spark_submit.py:495} INFO - org.apache.spark.SparkException: Exception thrown in awaitResult:
[2023-01-31T15:26:04.985+0000] {spark_submit.py:495} INFO - at org.apache.spark.util.ThreadUtils$.awaitResult(ThreadUtils.scala:301)
[2023-01-31T15:26:04.985+0000] {spark_submit.py:495} INFO - at org.apache.spark.rpc.RpcTimeout.awaitResult(RpcTimeout.scala:75)
[2023-01-31T15:26:04.986+0000] {spark_submit.py:495} INFO - at org.apache.spark.rpc.RpcEnv.setupEndpointRefByURI(RpcEnv.scala:102)
[2023-01-31T15:26:04.986+0000] {spark_submit.py:495} INFO - at org.apache.spark.rpc.RpcEnv.setupEndpointRef(RpcEnv.scala:110)
[2023-01-31T15:26:04.986+0000] {spark_submit.py:495} INFO - at org.apache.spark.deploy.client.StandaloneAppClient$ClientEndpoint$$anon$1.run(StandaloneAppClient.scala:107)
[2023-01-31T15:26:04.987+0000] {spark_submit.py:495} INFO - at java.base/java.util.concurrent.Executors$RunnableAdapter.call(Executors.java:515)
[2023-01-31T15:26:04.987+0000] {spark_submit.py:495} INFO - at java.base/java.util.concurrent.FutureTask.run(FutureTask.java:264)
[2023-01-31T15:26:04.988+0000] {spark_submit.py:495} INFO - at java.base/java.util.concurrent.ThreadPoolExecutor.runWorker(ThreadPoolExecutor.java:1128)
[2023-01-31T15:26:04.988+0000] {spark_submit.py:495} INFO - at java.base/java.util.concurrent.ThreadPoolExecutor$Worker.run(ThreadPoolExecutor.java:628)
[2023-01-31T15:26:04.988+0000] {spark_submit.py:495} INFO - at java.base/java.lang.Thread.run(Thread.java:829)
[2023-01-31T15:26:04.989+0000] {spark_submit.py:495} INFO - Caused by: java.io.IOException: Failed to connect to tomi-H310/127.0.1.1:7077
[2023-01-31T15:26:04.989+0000] {spark_submit.py:495} INFO - at org.apache.spark.network.client.TransportClientFactory.createClient(TransportClientFactory.java:288)
[2023-01-31T15:26:04.989+0000] {spark_submit.py:495} INFO - at org.apache.spark.network.client.TransportClientFactory.createClient(TransportClientFactory.java:218)
[2023-01-31T15:26:04.990+0000] {spark_submit.py:495} INFO - at org.apache.spark.network.client.TransportClientFactory.createClient(TransportClientFactory.java:230)
[2023-01-31T15:26:04.990+0000] {spark_submit.py:495} INFO - at org.apache.spark.rpc.netty.NettyRpcEnv.createClient(NettyRpcEnv.scala:204)
[2023-01-31T15:26:04.990+0000] {spark_submit.py:495} INFO - at org.apache.spark.rpc.netty.Outbox$$anon$1.call(Outbox.scala:202)
[2023-01-31T15:26:04.991+0000] {spark_submit.py:495} INFO - at org.apache.spark.rpc.netty.Outbox$$anon$1.call(Outbox.scala:198)
[2023-01-31T15:26:04.991+0000] {spark_submit.py:495} INFO - ... 4 more
[2023-01-31T15:26:04.991+0000] {spark_submit.py:495} INFO - Caused by: io.netty.channel.AbstractChannel$AnnotatedConnectException: Connection refused: tomi-H310/127.0.1.1:7077
[2023-01-31T15:26:04.992+0000] {spark_submit.py:495} INFO - Caused by: java.net.ConnectException: Connection refused
[2023-01-31T15:26:04.992+0000] {spark_submit.py:495} INFO - at java.base/sun.nio.ch.SocketChannelImpl.checkConnect(Native Method)
[2023-01-31T15:26:04.992+0000] {spark_submit.py:495} INFO - at java.base/sun.nio.ch.SocketChannelImpl.finishConnect(SocketChannelImpl.java:777)
[2023-01-31T15:26:04.993+0000] {spark_submit.py:495} INFO - at io.netty.channel.socket.nio.NioSocketChannel.doFinishConnect(NioSocketChannel.java:330)
[2023-01-31T15:26:04.993+0000] {spark_submit.py:495} INFO - at io.netty.channel.nio.AbstractNioChannel$AbstractNioUnsafe.finishConnect(AbstractNioChannel.java:334)
[2023-01-31T15:26:04.993+0000] {spark_submit.py:495} INFO - at io.netty.channel.nio.NioEventLoop.processSelectedKey(NioEventLoop.java:710)
[2023-01-31T15:26:04.994+0000] {spark_submit.py:495} INFO - at io.netty.channel.nio.NioEventLoop.processSelectedKeysOptimized(NioEventLoop.java:658)
[2023-01-31T15:26:04.994+0000] {spark_submit.py:495} INFO - at io.netty.channel.nio.NioEventLoop.processSelectedKeys(NioEventLoop.java:584)
[2023-01-31T15:26:04.994+0000] {spark_submit.py:495} INFO - at io.netty.channel.nio.NioEventLoop.run(NioEventLoop.java:496)
[2023-01-31T15:26:04.995+0000] {spark_submit.py:495} INFO - at io.netty.util.concurrent.SingleThreadEventExecutor$4.run(SingleThreadEventExecutor.java:986)
[2023-01-31T15:26:04.995+0000] {spark_submit.py:495} INFO - at io.netty.util.internal.ThreadExecutorMap$2.run(ThreadExecutorMap.java:74)
[2023-01-31T15:26:04.995+0000] {spark_submit.py:495} INFO - at io.netty.util.concurrent.FastThreadLocalRunnable.run(FastThreadLocalRunnable.java:30)
[2023-01-31T15:26:04.996+0000] {spark_submit.py:495} INFO - at java.base/java.lang.Thread.run(Thread.java:829)
[2023-01-31T15:26:24.971+0000] {spark_submit.py:495} INFO - 23/01/31 15:26:24 INFO StandaloneAppClient$ClientEndpoint: Connecting to master spark://tomi-H310:7077...
[2023-01-31T15:26:24.984+0000] {spark_submit.py:495} INFO - 23/01/31 15:26:24 WARN StandaloneAppClient$ClientEndpoint: Failed to connect to master tomi-H310:7077
[2023-01-31T15:26:24.985+0000] {spark_submit.py:495} INFO - org.apache.spark.SparkException: Exception thrown in awaitResult:
[2023-01-31T15:26:24.985+0000] {spark_submit.py:495} INFO - at org.apache.spark.util.ThreadUtils$.awaitResult(ThreadUtils.scala:301)
[2023-01-31T15:26:24.985+0000] {spark_submit.py:495} INFO - at org.apache.spark.rpc.RpcTimeout.awaitResult(RpcTimeout.scala:75)
[2023-01-31T15:26:24.986+0000] {spark_submit.py:495} INFO - at org.apache.spark.rpc.RpcEnv.setupEndpointRefByURI(RpcEnv.scala:102)
[2023-01-31T15:26:24.986+0000] {spark_submit.py:495} INFO - at org.apache.spark.rpc.RpcEnv.setupEndpointRef(RpcEnv.scala:110)
[2023-01-31T15:26:24.987+0000] {spark_submit.py:495} INFO - at org.apache.spark.deploy.client.StandaloneAppClient$ClientEndpoint$$anon$1.run(StandaloneAppClient.scala:107)
[2023-01-31T15:26:24.987+0000] {spark_submit.py:495} INFO - at java.base/java.util.concurrent.Executors$RunnableAdapter.call(Executors.java:515)
[2023-01-31T15:26:24.987+0000] {spark_submit.py:495} INFO - at java.base/java.util.concurrent.FutureTask.run(FutureTask.java:264)
[2023-01-31T15:26:24.988+0000] {spark_submit.py:495} INFO - at java.base/java.util.concurrent.ThreadPoolExecutor.runWorker(ThreadPoolExecutor.java:1128)
[2023-01-31T15:26:24.988+0000] {spark_submit.py:495} INFO - at java.base/java.util.concurrent.ThreadPoolExecutor$Worker.run(ThreadPoolExecutor.java:628)
[2023-01-31T15:26:24.989+0000] {spark_submit.py:495} INFO - at java.base/java.lang.Thread.run(Thread.java:829)
[2023-01-31T15:26:24.989+0000] {spark_submit.py:495} INFO - Caused by: java.io.IOException: Failed to connect to tomi-H310/127.0.1.1:7077
[2023-01-31T15:26:24.989+0000] {spark_submit.py:495} INFO - at org.apache.spark.network.client.TransportClientFactory.createClient(TransportClientFactory.java:288)
[2023-01-31T15:26:24.990+0000] {spark_submit.py:495} INFO - at org.apache.spark.network.client.TransportClientFactory.createClient(TransportClientFactory.java:218)
[2023-01-31T15:26:24.990+0000] {spark_submit.py:495} INFO - at org.apache.spark.network.client.TransportClientFactory.createClient(TransportClientFactory.java:230)
[2023-01-31T15:26:24.990+0000] {spark_submit.py:495} INFO - at org.apache.spark.rpc.netty.NettyRpcEnv.createClient(NettyRpcEnv.scala:204)
[2023-01-31T15:26:24.991+0000] {spark_submit.py:495} INFO - at org.apache.spark.rpc.netty.Outbox$$anon$1.call(Outbox.scala:202)
[2023-01-31T15:26:24.991+0000] {spark_submit.py:495} INFO - at org.apache.spark.rpc.netty.Outbox$$anon$1.call(Outbox.scala:198)
[2023-01-31T15:26:24.992+0000] {spark_submit.py:495} INFO - ... 4 more
[2023-01-31T15:26:24.992+0000] {spark_submit.py:495} INFO - Caused by: io.netty.channel.AbstractChannel$AnnotatedConnectException: Connection refused: tomi-H310/127.0.1.1:7077
[2023-01-31T15:26:24.992+0000] {spark_submit.py:495} INFO - Caused by: java.net.ConnectException: Connection refused
[2023-01-31T15:26:24.993+0000] {spark_submit.py:495} INFO - at java.base/sun.nio.ch.SocketChannelImpl.checkConnect(Native Method)
[2023-01-31T15:26:24.993+0000] {spark_submit.py:495} INFO - at java.base/sun.nio.ch.SocketChannelImpl.finishConnect(SocketChannelImpl.java:777)
[2023-01-31T15:26:24.993+0000] {spark_submit.py:495} INFO - at io.netty.channel.socket.nio.NioSocketChannel.doFinishConnect(NioSocketChannel.java:330)
[2023-01-31T15:26:24.994+0000] {spark_submit.py:495} INFO - at io.netty.channel.nio.AbstractNioChannel$AbstractNioUnsafe.finishConnect(AbstractNioChannel.java:334)
[2023-01-31T15:26:24.994+0000] {spark_submit.py:495} INFO - at io.netty.channel.nio.NioEventLoop.processSelectedKey(NioEventLoop.java:710)
[2023-01-31T15:26:24.994+0000] {spark_submit.py:495} INFO - at io.netty.channel.nio.NioEventLoop.processSelectedKeysOptimized(NioEventLoop.java:658)
[2023-01-31T15:26:24.995+0000] {spark_submit.py:495} INFO - at io.netty.channel.nio.NioEventLoop.processSelectedKeys(NioEventLoop.java:584)
[2023-01-31T15:26:24.995+0000] {spark_submit.py:495} INFO - at io.netty.channel.nio.NioEventLoop.run(NioEventLoop.java:496)
[2023-01-31T15:26:24.995+0000] {spark_submit.py:495} INFO - at io.netty.util.concurrent.SingleThreadEventExecutor$4.run(SingleThreadEventExecutor.java:986)
[2023-01-31T15:26:24.996+0000] {spark_submit.py:495} INFO - at io.netty.util.internal.ThreadExecutorMap$2.run(ThreadExecutorMap.java:74)
[2023-01-31T15:26:24.996+0000] {spark_submit.py:495} INFO - at io.netty.util.concurrent.FastThreadLocalRunnable.run(FastThreadLocalRunnable.java:30)
[2023-01-31T15:26:24.996+0000] {spark_submit.py:495} INFO - at java.base/java.lang.Thread.run(Thread.java:829)
[2023-01-31T15:26:44.972+0000] {spark_submit.py:495} INFO - 23/01/31 15:26:44 WARN StandaloneSchedulerBackend: Application ID is not initialized yet.
[2023-01-31T15:26:44.972+0000] {spark_submit.py:495} INFO - 23/01/31 15:26:44 ERROR StandaloneSchedulerBackend: Application has been killed. Reason: All masters are unresponsive! Giving up.
[2023-01-31T15:26:44.985+0000] {spark_submit.py:495} INFO - 23/01/31 15:26:44 INFO Utils: Successfully started service 'org.apache.spark.network.netty.NettyBlockTransferService' on port 33873.
[2023-01-31T15:26:44.985+0000] {spark_submit.py:495} INFO - 23/01/31 15:26:44 INFO NettyBlockTransferService: Server created on 15c99fd3082a:33873
[2023-01-31T15:26:44.987+0000] {spark_submit.py:495} INFO - 23/01/31 15:26:44 INFO BlockManager: Using org.apache.spark.storage.RandomBlockReplicationPolicy for block replication policy
[2023-01-31T15:26:44.999+0000] {spark_submit.py:495} INFO - 23/01/31 15:26:44 INFO SparkUI: Stopped Spark web UI at http://15c99fd3082a:4040
[2023-01-31T15:26:45.004+0000] {spark_submit.py:495} INFO - 23/01/31 15:26:45 INFO BlockManagerMaster: Registering BlockManager BlockManagerId(driver, 15c99fd3082a, 33873, None)
[2023-01-31T15:26:45.007+0000] {spark_submit.py:495} INFO - 23/01/31 15:26:45 INFO BlockManagerMasterEndpoint: Registering block manager 15c99fd3082a:33873 with 434.4 MiB RAM, BlockManagerId(driver, 15c99fd3082a, 33873, None)
[2023-01-31T15:26:45.010+0000] {spark_submit.py:495} INFO - 23/01/31 15:26:45 INFO BlockManagerMaster: Registered BlockManager BlockManagerId(driver, 15c99fd3082a, 33873, None)
[2023-01-31T15:26:45.016+0000] {spark_submit.py:495} INFO - 23/01/31 15:26:45 INFO StandaloneSchedulerBackend: Shutting down all executors
[2023-01-31T15:26:45.017+0000] {spark_submit.py:495} INFO - 23/01/31 15:26:45 INFO CoarseGrainedSchedulerBackend$DriverEndpoint: Asking each executor to shut down
[2023-01-31T15:26:45.020+0000] {spark_submit.py:495} INFO - 23/01/31 15:26:45 INFO BlockManager: Initialized BlockManager: BlockManagerId(driver, 15c99fd3082a, 33873, None)
[2023-01-31T15:26:45.027+0000] {spark_submit.py:495} INFO - 23/01/31 15:26:45 WARN StandaloneAppClient$ClientEndpoint: Drop UnregisterApplication(null) because has not yet connected to master
[2023-01-31T15:26:45.048+0000] {spark_submit.py:495} INFO - 23/01/31 15:26:45 INFO MapOutputTrackerMasterEndpoint: MapOutputTrackerMasterEndpoint stopped!
[2023-01-31T15:26:45.064+0000] {spark_submit.py:495} INFO - 23/01/31 15:26:45 INFO MemoryStore: MemoryStore cleared
[2023-01-31T15:26:45.064+0000] {spark_submit.py:495} INFO - 23/01/31 15:26:45 INFO BlockManager: BlockManager stopped
[2023-01-31T15:26:45.071+0000] {spark_submit.py:495} INFO - 23/01/31 15:26:45 INFO BlockManagerMaster: BlockManagerMaster stopped
[2023-01-31T15:26:45.071+0000] {spark_submit.py:495} INFO - 23/01/31 15:26:45 INFO OutputCommitCoordinator$OutputCommitCoordinatorEndpoint: OutputCommitCoordinator stopped!
[2023-01-31T15:26:45.090+0000] {spark_submit.py:495} INFO - 23/01/31 15:26:45 INFO SparkContext: Successfully stopped SparkContext
[2023-01-31T15:26:45.233+0000] {spark_submit.py:495} INFO - 23/01/31 15:26:45 ERROR AsyncEventQueue: Listener AppStatusListener threw an exception
[2023-01-31T15:26:45.233+0000] {spark_submit.py:495} INFO - java.lang.NullPointerException
[2023-01-31T15:26:45.233+0000] {spark_submit.py:495} INFO - at org.apache.spark.status.AppStatusListener.onApplicationEnd(AppStatusListener.scala:192)
[2023-01-31T15:26:45.233+0000] {spark_submit.py:495} INFO - at org.apache.spark.scheduler.SparkListenerBus.doPostEvent(SparkListenerBus.scala:57)
[2023-01-31T15:26:45.233+0000] {spark_submit.py:495} INFO - at org.apache.spark.scheduler.SparkListenerBus.doPostEvent$(SparkListenerBus.scala:28)
[2023-01-31T15:26:45.233+0000] {spark_submit.py:495} INFO - at org.apache.spark.scheduler.AsyncEventQueue.doPostEvent(AsyncEventQueue.scala:37)
[2023-01-31T15:26:45.233+0000] {spark_submit.py:495} INFO - at org.apache.spark.scheduler.AsyncEventQueue.doPostEvent(AsyncEventQueue.scala:37)
[2023-01-31T15:26:45.234+0000] {spark_submit.py:495} INFO - at org.apache.spark.util.ListenerBus.postToAll(ListenerBus.scala:117)
[2023-01-31T15:26:45.234+0000] {spark_submit.py:495} INFO - at org.apache.spark.util.ListenerBus.postToAll$(ListenerBus.scala:101)
[2023-01-31T15:26:45.234+0000] {spark_submit.py:495} INFO - at org.apache.spark.scheduler.AsyncEventQueue.super$postToAll(AsyncEventQueue.scala:105)
[2023-01-31T15:26:45.234+0000] {spark_submit.py:495} INFO - at org.apache.spark.scheduler.AsyncEventQueue.$anonfun$dispatch$1(AsyncEventQueue.scala:105)
[2023-01-31T15:26:45.234+0000] {spark_submit.py:495} INFO - at scala.runtime.java8.JFunction0$mcJ$sp.apply(JFunction0$mcJ$sp.java:23)
[2023-01-31T15:26:45.234+0000] {spark_submit.py:495} INFO - at scala.util.DynamicVariable.withValue(DynamicVariable.scala:62)
[2023-01-31T15:26:45.234+0000] {spark_submit.py:495} INFO - at org.apache.spark.scheduler.AsyncEventQueue.org$apache$spark$scheduler$AsyncEventQueue$$dispatch(AsyncEventQueue.scala:100)
[2023-01-31T15:26:45.235+0000] {spark_submit.py:495} INFO - at org.apache.spark.scheduler.AsyncEventQueue$$anon$2.$anonfun$run$1(AsyncEventQueue.scala:96)
[2023-01-31T15:26:45.235+0000] {spark_submit.py:495} INFO - at org.apache.spark.util.Utils$.tryOrStopSparkContext(Utils.scala:1446)
[2023-01-31T15:26:45.235+0000] {spark_submit.py:495} INFO - at org.apache.spark.scheduler.AsyncEventQueue$$anon$2.run(AsyncEventQueue.scala:96)
[2023-01-31T15:26:45.264+0000] {spark_submit.py:495} INFO - 23/01/31 15:26:45 ERROR SparkContext: Error initializing SparkContext.
[2023-01-31T15:26:45.264+0000] {spark_submit.py:495} INFO - java.lang.IllegalArgumentException: requirement failed: Can only call getServletHandlers on a running MetricsSystem
[2023-01-31T15:26:45.264+0000] {spark_submit.py:495} INFO - at scala.Predef$.require(Predef.scala:281)
[2023-01-31T15:26:45.264+0000] {spark_submit.py:495} INFO - at org.apache.spark.metrics.MetricsSystem.getServletHandlers(MetricsSystem.scala:89)
[2023-01-31T15:26:45.264+0000] {spark_submit.py:495} INFO - at org.apache.spark.SparkContext.<init>(SparkContext.scala:650)
[2023-01-31T15:26:45.264+0000] {spark_submit.py:495} INFO - at org.apache.spark.api.java.JavaSparkContext.<init>(JavaSparkContext.scala:58)
[2023-01-31T15:26:45.265+0000] {spark_submit.py:495} INFO - at java.base/jdk.internal.reflect.NativeConstructorAccessorImpl.newInstance0(Native Method)
[2023-01-31T15:26:45.265+0000] {spark_submit.py:495} INFO - at java.base/jdk.internal.reflect.NativeConstructorAccessorImpl.newInstance(NativeConstructorAccessorImpl.java:62)
[2023-01-31T15:26:45.265+0000] {spark_submit.py:495} INFO - at java.base/jdk.internal.reflect.DelegatingConstructorAccessorImpl.newInstance(DelegatingConstructorAccessorImpl.java:45)
[2023-01-31T15:26:45.265+0000] {spark_submit.py:495} INFO - at java.base/java.lang.reflect.Constructor.newInstance(Constructor.java:490)
[2023-01-31T15:26:45.265+0000] {spark_submit.py:495} INFO - at py4j.reflection.MethodInvoker.invoke(MethodInvoker.java:247)
[2023-01-31T15:26:45.265+0000] {spark_submit.py:495} INFO - at py4j.reflection.ReflectionEngine.invoke(ReflectionEngine.java:357)
[2023-01-31T15:26:45.265+0000] {spark_submit.py:495} INFO - at py4j.Gateway.invoke(Gateway.java:238)
[2023-01-31T15:26:45.265+0000] {spark_submit.py:495} INFO - at py4j.commands.ConstructorCommand.invokeConstructor(ConstructorCommand.java:80)
[2023-01-31T15:26:45.265+0000] {spark_submit.py:495} INFO - at py4j.commands.ConstructorCommand.execute(ConstructorCommand.java:69)
[2023-01-31T15:26:45.265+0000] {spark_submit.py:495} INFO - at py4j.ClientServerConnection.waitForCommands(ClientServerConnection.java:182)
[2023-01-31T15:26:45.265+0000] {spark_submit.py:495} INFO - at py4j.ClientServerConnection.run(ClientServerConnection.java:106)
[2023-01-31T15:26:45.265+0000] {spark_submit.py:495} INFO - at java.base/java.lang.Thread.run(Thread.java:829)
[2023-01-31T15:26:45.266+0000] {spark_submit.py:495} INFO - 23/01/31 15:26:45 INFO SparkContext: SparkContext already stopped.
[2023-01-31T15:26:45.267+0000] {spark_submit.py:495} INFO - Traceback (most recent call last):
[2023-01-31T15:26:45.268+0000] {spark_submit.py:495} INFO - File "/opt/***/dags/consumerSpark.py", line 71, in <module>
[2023-01-31T15:26:45.268+0000] {spark_submit.py:495} INFO - .config("spark.mongodb.output.uri", "mongodb://root:secret@172.20.0.2:27017/mercadolibredb.meliproduct") \
[2023-01-31T15:26:45.268+0000] {spark_submit.py:495} INFO - File "/home/***/.local/lib/python3.7/site-packages/pyspark/python/lib/pyspark.zip/pyspark/sql/session.py", line 269, in getOrCreate
[2023-01-31T15:26:45.268+0000] {spark_submit.py:495} INFO - File "/home/***/.local/lib/python3.7/site-packages/pyspark/python/lib/pyspark.zip/pyspark/context.py", line 483, in getOrCreate
[2023-01-31T15:26:45.268+0000] {spark_submit.py:495} INFO - File "/home/***/.local/lib/python3.7/site-packages/pyspark/python/lib/pyspark.zip/pyspark/context.py", line 208, in __init__
[2023-01-31T15:26:45.268+0000] {spark_submit.py:495} INFO - File "/home/***/.local/lib/python3.7/site-packages/pyspark/python/lib/pyspark.zip/pyspark/context.py", line 282, in _do_init
[2023-01-31T15:26:45.268+0000] {spark_submit.py:495} INFO - File "/home/***/.local/lib/python3.7/site-packages/pyspark/python/lib/pyspark.zip/pyspark/context.py", line 402, in _initialize_context
[2023-01-31T15:26:45.268+0000] {spark_submit.py:495} INFO - File "/home/***/.local/lib/python3.7/site-packages/pyspark/python/lib/py4j-0.10.9.5-src.zip/py4j/java_gateway.py", line 1586, in __call__
[2023-01-31T15:26:45.268+0000] {spark_submit.py:495} INFO - File "/home/***/.local/lib/python3.7/site-packages/pyspark/python/lib/py4j-0.10.9.5-src.zip/py4j/protocol.py", line 328, in get_return_value
[2023-01-31T15:26:45.268+0000] {spark_submit.py:495} INFO - py4j.protocol.Py4JJavaError: An error occurred while calling None.org.apache.spark.api.java.JavaSparkContext.
[2023-01-31T15:26:45.268+0000] {spark_submit.py:495} INFO - : java.lang.IllegalArgumentException: requirement failed: Can only call getServletHandlers on a running MetricsSystem
[2023-01-31T15:26:45.269+0000] {spark_submit.py:495} INFO - at scala.Predef$.require(Predef.scala:281)
[2023-01-31T15:26:45.269+0000] {spark_submit.py:495} INFO - at org.apache.spark.metrics.MetricsSystem.getServletHandlers(MetricsSystem.scala:89)
[2023-01-31T15:26:45.269+0000] {spark_submit.py:495} INFO - at org.apache.spark.SparkContext.<init>(SparkContext.scala:650)
[2023-01-31T15:26:45.269+0000] {spark_submit.py:495} INFO - at org.apache.spark.api.java.JavaSparkContext.<init>(JavaSparkContext.scala:58)
[2023-01-31T15:26:45.269+0000] {spark_submit.py:495} INFO - at java.base/jdk.internal.reflect.NativeConstructorAccessorImpl.newInstance0(Native Method)
[2023-01-31T15:26:45.269+0000] {spark_submit.py:495} INFO - at java.base/jdk.internal.reflect.NativeConstructorAccessorImpl.newInstance(NativeConstructorAccessorImpl.java:62)
[2023-01-31T15:26:45.269+0000] {spark_submit.py:495} INFO - at java.base/jdk.internal.reflect.DelegatingConstructorAccessorImpl.newInstance(DelegatingConstructorAccessorImpl.java:45)
[2023-01-31T15:26:45.269+0000] {spark_submit.py:495} INFO - at java.base/java.lang.reflect.Constructor.newInstance(Constructor.java:490)
[2023-01-31T15:26:45.269+0000] {spark_submit.py:495} INFO - at py4j.reflection.MethodInvoker.invoke(MethodInvoker.java:247)
[2023-01-31T15:26:45.269+0000] {spark_submit.py:495} INFO - at py4j.reflection.ReflectionEngine.invoke(ReflectionEngine.java:357)
[2023-01-31T15:26:45.269+0000] {spark_submit.py:495} INFO - at py4j.Gateway.invoke(Gateway.java:238)
[2023-01-31T15:26:45.269+0000] {spark_submit.py:495} INFO - at py4j.commands.ConstructorCommand.invokeConstructor(ConstructorCommand.java:80)
[2023-01-31T15:26:45.269+0000] {spark_submit.py:495} INFO - at py4j.commands.ConstructorCommand.execute(ConstructorCommand.java:69)
[2023-01-31T15:26:45.270+0000] {spark_submit.py:495} INFO - at py4j.ClientServerConnection.waitForCommands(ClientServerConnection.java:182)
[2023-01-31T15:26:45.270+0000] {spark_submit.py:495} INFO - at py4j.ClientServerConnection.run(ClientServerConnection.java:106)
[2023-01-31T15:26:45.270+0000] {spark_submit.py:495} INFO - at java.base/java.lang.Thread.run(Thread.java:829)
[2023-01-31T15:26:45.270+0000] {spark_submit.py:495} INFO - 
[2023-01-31T15:26:45.302+0000] {spark_submit.py:495} INFO - 23/01/31 15:26:45 INFO ShutdownHookManager: Shutdown hook called
[2023-01-31T15:26:45.303+0000] {spark_submit.py:495} INFO - 23/01/31 15:26:45 INFO ShutdownHookManager: Deleting directory /tmp/spark-2cb71221-7486-4e7e-a29d-a1a3a13604a4
[2023-01-31T15:26:45.306+0000] {spark_submit.py:495} INFO - 23/01/31 15:26:45 INFO ShutdownHookManager: Deleting directory /tmp/spark-a0514f50-2a7b-4d3c-8af6-d0dd5f89f369
[2023-01-31T15:26:45.348+0000] {taskinstance.py:1772} ERROR - Task failed with exception
Traceback (most recent call last):
  File "/home/airflow/.local/lib/python3.7/site-packages/airflow/providers/apache/spark/operators/spark_submit.py", line 157, in execute
    self._hook.submit(self._application)
  File "/home/airflow/.local/lib/python3.7/site-packages/airflow/providers/apache/spark/hooks/spark_submit.py", line 427, in submit
    f"Cannot execute: {self._mask_cmd(spark_submit_cmd)}. Error code is: {returncode}."
airflow.exceptions.AirflowException: Cannot execute: spark-submit --master spark://tomi-H310:7077 --packages org.apache.spark:spark-sql-kafka-0-10_2.12:3.1.3,org.mongodb.spark:mongo-spark-connector_2.12:3.0.1 --name arrow-spark --queue root.default /opt/***/dags/consumerSpark.py. Error code is: 1.
[2023-01-31T15:26:45.352+0000] {taskinstance.py:1327} INFO - Marking task as UP_FOR_RETRY. dag_id=Streaming_pipeline_meli, task_id=consumer_data_of_topic, execution_date=20230127T184927, start_date=20230131T152537, end_date=20230131T152645
[2023-01-31T15:26:45.369+0000] {standard_task_runner.py:105} ERROR - Failed to execute job 1286 for task consumer_data_of_topic (Cannot execute: spark-submit --master spark://tomi-H310:7077 --packages org.apache.spark:spark-sql-kafka-0-10_2.12:3.1.3,org.mongodb.spark:mongo-spark-connector_2.12:3.0.1 --name arrow-spark --queue root.default /opt/***/dags/consumerSpark.py. Error code is: 1.; 1700)
[2023-01-31T15:26:45.411+0000] {local_task_job.py:159} INFO - Task exited with return code 1
[2023-01-31T15:26:45.424+0000] {taskinstance.py:2582} INFO - 0 downstream tasks scheduled from follow-on schedule check
