[2023-01-30T19:50:21.486+0000] {taskinstance.py:1087} INFO - Dependencies all met for <TaskInstance: Streaming_pipeline_meli.consumer_data_of_topic manual__2023-01-27T18:49:27.597637+00:00 [queued]>
[2023-01-30T19:50:21.499+0000] {taskinstance.py:1087} INFO - Dependencies all met for <TaskInstance: Streaming_pipeline_meli.consumer_data_of_topic manual__2023-01-27T18:49:27.597637+00:00 [queued]>
[2023-01-30T19:50:21.499+0000] {taskinstance.py:1283} INFO - 
--------------------------------------------------------------------------------
[2023-01-30T19:50:21.499+0000] {taskinstance.py:1284} INFO - Starting attempt 86 of 91
[2023-01-30T19:50:21.500+0000] {taskinstance.py:1285} INFO - 
--------------------------------------------------------------------------------
[2023-01-30T19:50:21.516+0000] {taskinstance.py:1304} INFO - Executing <Task(SparkSubmitOperator): consumer_data_of_topic> on 2023-01-27 18:49:27.597637+00:00
[2023-01-30T19:50:21.521+0000] {standard_task_runner.py:55} INFO - Started process 28443 to run task
[2023-01-30T19:50:21.536+0000] {standard_task_runner.py:82} INFO - Running: ['***', 'tasks', 'run', 'Streaming_pipeline_meli', 'consumer_data_of_topic', 'manual__2023-01-27T18:49:27.597637+00:00', '--job-id', '1257', '--raw', '--subdir', 'DAGS_FOLDER/streamPipeline.py', '--cfg-path', '/tmp/tmpv76gn_2z']
[2023-01-30T19:50:21.536+0000] {standard_task_runner.py:83} INFO - Job 1257: Subtask consumer_data_of_topic
[2023-01-30T19:50:21.594+0000] {task_command.py:389} INFO - Running <TaskInstance: Streaming_pipeline_meli.consumer_data_of_topic manual__2023-01-27T18:49:27.597637+00:00 [running]> on host 15c99fd3082a
[2023-01-30T19:50:21.672+0000] {taskinstance.py:1513} INFO - Exporting the following env vars:
AIRFLOW_CTX_DAG_OWNER=***
AIRFLOW_CTX_DAG_ID=Streaming_pipeline_meli
AIRFLOW_CTX_TASK_ID=consumer_data_of_topic
AIRFLOW_CTX_EXECUTION_DATE=2023-01-27T18:49:27.597637+00:00
AIRFLOW_CTX_TRY_NUMBER=86
AIRFLOW_CTX_DAG_RUN_ID=manual__2023-01-27T18:49:27.597637+00:00
[2023-01-30T19:50:21.683+0000] {base.py:73} INFO - Using connection ID 'spark_default' for task execution.
[2023-01-30T19:50:21.684+0000] {spark_submit.py:344} INFO - Spark-Submit cmd: spark-submit --master spark://tomi-H310:7077 --packages org.apache.spark:spark-sql-kafka-0-10_2.12:3.1.3,org.mongodb.spark:mongo-spark-connector_2.12:3.0.1 --name arrow-spark --queue root.default /opt/***/dags/consumerSpark.py
[2023-01-30T19:50:21.814+0000] {spark_submit.py:495} INFO - /home/***/.local/lib/python3.7/site-packages/pyspark/bin/load-spark-env.sh: line 68: ps: command not found
[2023-01-30T19:50:23.991+0000] {spark_submit.py:495} INFO - :: loading settings :: url = jar:file:/home/***/.local/lib/python3.7/site-packages/pyspark/jars/ivy-2.5.0.jar!/org/apache/ivy/core/settings/ivysettings.xml
[2023-01-30T19:50:24.123+0000] {spark_submit.py:495} INFO - Ivy Default Cache set to: /home/***/.ivy2/cache
[2023-01-30T19:50:24.124+0000] {spark_submit.py:495} INFO - The jars for the packages stored in: /home/***/.ivy2/jars
[2023-01-30T19:50:24.140+0000] {spark_submit.py:495} INFO - org.apache.spark#spark-sql-kafka-0-10_2.12 added as a dependency
[2023-01-30T19:50:24.141+0000] {spark_submit.py:495} INFO - org.mongodb.spark#mongo-spark-connector_2.12 added as a dependency
[2023-01-30T19:50:24.142+0000] {spark_submit.py:495} INFO - :: resolving dependencies :: org.apache.spark#spark-submit-parent-0a5e2137-f123-423f-b4f6-183a5623b365;1.0
[2023-01-30T19:50:24.142+0000] {spark_submit.py:495} INFO - confs: [default]
[2023-01-30T19:50:24.440+0000] {spark_submit.py:495} INFO - found org.apache.spark#spark-sql-kafka-0-10_2.12;3.1.3 in central
[2023-01-30T19:50:24.493+0000] {spark_submit.py:495} INFO - found org.apache.spark#spark-token-provider-kafka-0-10_2.12;3.1.3 in central
[2023-01-30T19:50:24.519+0000] {spark_submit.py:495} INFO - found org.apache.kafka#kafka-clients;2.6.0 in central
[2023-01-30T19:50:24.543+0000] {spark_submit.py:495} INFO - found com.github.luben#zstd-jni;1.4.8-1 in central
[2023-01-30T19:50:24.562+0000] {spark_submit.py:495} INFO - found org.lz4#lz4-java;1.7.1 in central
[2023-01-30T19:50:24.585+0000] {spark_submit.py:495} INFO - found org.xerial.snappy#snappy-java;1.1.8.2 in central
[2023-01-30T19:50:24.600+0000] {spark_submit.py:495} INFO - found org.slf4j#slf4j-api;1.7.30 in central
[2023-01-30T19:50:24.613+0000] {spark_submit.py:495} INFO - found org.spark-project.spark#unused;1.0.0 in central
[2023-01-30T19:50:24.625+0000] {spark_submit.py:495} INFO - found org.apache.commons#commons-pool2;2.6.2 in central
[2023-01-30T19:50:24.635+0000] {spark_submit.py:495} INFO - found org.mongodb.spark#mongo-spark-connector_2.12;3.0.1 in central
[2023-01-30T19:50:24.644+0000] {spark_submit.py:495} INFO - found org.mongodb#mongodb-driver-sync;4.0.5 in central
[2023-01-30T19:50:24.653+0000] {spark_submit.py:495} INFO - found org.mongodb#bson;4.0.5 in central
[2023-01-30T19:50:24.662+0000] {spark_submit.py:495} INFO - found org.mongodb#mongodb-driver-core;4.0.5 in central
[2023-01-30T19:50:24.690+0000] {spark_submit.py:495} INFO - :: resolution report :: resolve 533ms :: artifacts dl 16ms
[2023-01-30T19:50:24.690+0000] {spark_submit.py:495} INFO - :: modules in use:
[2023-01-30T19:50:24.690+0000] {spark_submit.py:495} INFO - com.github.luben#zstd-jni;1.4.8-1 from central in [default]
[2023-01-30T19:50:24.691+0000] {spark_submit.py:495} INFO - org.apache.commons#commons-pool2;2.6.2 from central in [default]
[2023-01-30T19:50:24.691+0000] {spark_submit.py:495} INFO - org.apache.kafka#kafka-clients;2.6.0 from central in [default]
[2023-01-30T19:50:24.691+0000] {spark_submit.py:495} INFO - org.apache.spark#spark-sql-kafka-0-10_2.12;3.1.3 from central in [default]
[2023-01-30T19:50:24.691+0000] {spark_submit.py:495} INFO - org.apache.spark#spark-token-provider-kafka-0-10_2.12;3.1.3 from central in [default]
[2023-01-30T19:50:24.691+0000] {spark_submit.py:495} INFO - org.lz4#lz4-java;1.7.1 from central in [default]
[2023-01-30T19:50:24.692+0000] {spark_submit.py:495} INFO - org.mongodb#bson;4.0.5 from central in [default]
[2023-01-30T19:50:24.692+0000] {spark_submit.py:495} INFO - org.mongodb#mongodb-driver-core;4.0.5 from central in [default]
[2023-01-30T19:50:24.692+0000] {spark_submit.py:495} INFO - org.mongodb#mongodb-driver-sync;4.0.5 from central in [default]
[2023-01-30T19:50:24.692+0000] {spark_submit.py:495} INFO - org.mongodb.spark#mongo-spark-connector_2.12;3.0.1 from central in [default]
[2023-01-30T19:50:24.692+0000] {spark_submit.py:495} INFO - org.slf4j#slf4j-api;1.7.30 from central in [default]
[2023-01-30T19:50:24.693+0000] {spark_submit.py:495} INFO - org.spark-project.spark#unused;1.0.0 from central in [default]
[2023-01-30T19:50:24.693+0000] {spark_submit.py:495} INFO - org.xerial.snappy#snappy-java;1.1.8.2 from central in [default]
[2023-01-30T19:50:24.693+0000] {spark_submit.py:495} INFO - ---------------------------------------------------------------------
[2023-01-30T19:50:24.693+0000] {spark_submit.py:495} INFO - |                  |            modules            ||   artifacts   |
[2023-01-30T19:50:24.693+0000] {spark_submit.py:495} INFO - |       conf       | number| search|dwnlded|evicted|| number|dwnlded|
[2023-01-30T19:50:24.694+0000] {spark_submit.py:495} INFO - ---------------------------------------------------------------------
[2023-01-30T19:50:24.694+0000] {spark_submit.py:495} INFO - |      default     |   13  |   0   |   0   |   0   ||   13  |   0   |
[2023-01-30T19:50:24.694+0000] {spark_submit.py:495} INFO - ---------------------------------------------------------------------
[2023-01-30T19:50:24.700+0000] {spark_submit.py:495} INFO - :: retrieving :: org.apache.spark#spark-submit-parent-0a5e2137-f123-423f-b4f6-183a5623b365
[2023-01-30T19:50:24.700+0000] {spark_submit.py:495} INFO - confs: [default]
[2023-01-30T19:50:24.707+0000] {spark_submit.py:495} INFO - 0 artifacts copied, 13 already retrieved (0kB/7ms)
[2023-01-30T19:50:24.952+0000] {spark_submit.py:495} INFO - 23/01/30 19:50:24 WARN NativeCodeLoader: Unable to load native-hadoop library for your platform... using builtin-java classes where applicable
[2023-01-30T19:50:25.814+0000] {spark_submit.py:495} INFO - 23/01/30 19:50:25 INFO SparkContext: Running Spark version 3.3.1
[2023-01-30T19:50:25.829+0000] {spark_submit.py:495} INFO - 23/01/30 19:50:25 INFO ResourceUtils: ==============================================================
[2023-01-30T19:50:25.829+0000] {spark_submit.py:495} INFO - 23/01/30 19:50:25 INFO ResourceUtils: No custom resources configured for spark.driver.
[2023-01-30T19:50:25.830+0000] {spark_submit.py:495} INFO - 23/01/30 19:50:25 INFO ResourceUtils: ==============================================================
[2023-01-30T19:50:25.830+0000] {spark_submit.py:495} INFO - 23/01/30 19:50:25 INFO SparkContext: Submitted application: arrow-spark
[2023-01-30T19:50:25.845+0000] {spark_submit.py:495} INFO - 23/01/30 19:50:25 INFO ResourceProfile: Default ResourceProfile created, executor resources: Map(cores -> name: cores, amount: 1, script: , vendor: , memory -> name: memory, amount: 1024, script: , vendor: , offHeap -> name: offHeap, amount: 0, script: , vendor: ), task resources: Map(cpus -> name: cpus, amount: 1.0)
[2023-01-30T19:50:25.856+0000] {spark_submit.py:495} INFO - 23/01/30 19:50:25 INFO ResourceProfile: Limiting resource is cpu
[2023-01-30T19:50:25.856+0000] {spark_submit.py:495} INFO - 23/01/30 19:50:25 INFO ResourceProfileManager: Added ResourceProfile id: 0
[2023-01-30T19:50:25.892+0000] {spark_submit.py:495} INFO - 23/01/30 19:50:25 INFO SecurityManager: Changing view acls to: default
[2023-01-30T19:50:25.893+0000] {spark_submit.py:495} INFO - 23/01/30 19:50:25 INFO SecurityManager: Changing modify acls to: default
[2023-01-30T19:50:25.893+0000] {spark_submit.py:495} INFO - 23/01/30 19:50:25 INFO SecurityManager: Changing view acls groups to:
[2023-01-30T19:50:25.893+0000] {spark_submit.py:495} INFO - 23/01/30 19:50:25 INFO SecurityManager: Changing modify acls groups to:
[2023-01-30T19:50:25.894+0000] {spark_submit.py:495} INFO - 23/01/30 19:50:25 INFO SecurityManager: SecurityManager: authentication disabled; ui acls disabled; users  with view permissions: Set(default); groups with view permissions: Set(); users  with modify permissions: Set(default); groups with modify permissions: Set()
[2023-01-30T19:50:26.402+0000] {spark_submit.py:495} INFO - 23/01/30 19:50:26 INFO Utils: Successfully started service 'sparkDriver' on port 38313.
[2023-01-30T19:50:26.461+0000] {spark_submit.py:495} INFO - 23/01/30 19:50:26 INFO SparkEnv: Registering MapOutputTracker
[2023-01-30T19:50:26.523+0000] {spark_submit.py:495} INFO - 23/01/30 19:50:26 INFO SparkEnv: Registering BlockManagerMaster
[2023-01-30T19:50:26.567+0000] {spark_submit.py:495} INFO - 23/01/30 19:50:26 INFO BlockManagerMasterEndpoint: Using org.apache.spark.storage.DefaultTopologyMapper for getting topology information
[2023-01-30T19:50:26.573+0000] {spark_submit.py:495} INFO - 23/01/30 19:50:26 INFO BlockManagerMasterEndpoint: BlockManagerMasterEndpoint up
[2023-01-30T19:50:26.621+0000] {spark_submit.py:495} INFO - 23/01/30 19:50:26 INFO SparkEnv: Registering BlockManagerMasterHeartbeat
[2023-01-30T19:50:26.662+0000] {spark_submit.py:495} INFO - 23/01/30 19:50:26 INFO DiskBlockManager: Created local directory at /tmp/blockmgr-dd012a6d-8da6-4c2a-ae75-21efdf1b73d3
[2023-01-30T19:50:26.689+0000] {spark_submit.py:495} INFO - 23/01/30 19:50:26 INFO MemoryStore: MemoryStore started with capacity 434.4 MiB
[2023-01-30T19:50:26.737+0000] {spark_submit.py:495} INFO - 23/01/30 19:50:26 INFO SparkEnv: Registering OutputCommitCoordinator
[2023-01-30T19:50:27.186+0000] {spark_submit.py:495} INFO - 23/01/30 19:50:27 INFO Utils: Successfully started service 'SparkUI' on port 4040.
[2023-01-30T19:50:27.252+0000] {spark_submit.py:495} INFO - 23/01/30 19:50:27 INFO SparkContext: Added JAR file:///home/***/.ivy2/jars/org.apache.spark_spark-sql-kafka-0-10_2.12-3.1.3.jar at spark://15c99fd3082a:38313/jars/org.apache.spark_spark-sql-kafka-0-10_2.12-3.1.3.jar with timestamp 1675108225808
[2023-01-30T19:50:27.252+0000] {spark_submit.py:495} INFO - 23/01/30 19:50:27 INFO SparkContext: Added JAR file:///home/***/.ivy2/jars/org.mongodb.spark_mongo-spark-connector_2.12-3.0.1.jar at spark://15c99fd3082a:38313/jars/org.mongodb.spark_mongo-spark-connector_2.12-3.0.1.jar with timestamp 1675108225808
[2023-01-30T19:50:27.253+0000] {spark_submit.py:495} INFO - 23/01/30 19:50:27 INFO SparkContext: Added JAR file:///home/***/.ivy2/jars/org.apache.spark_spark-token-provider-kafka-0-10_2.12-3.1.3.jar at spark://15c99fd3082a:38313/jars/org.apache.spark_spark-token-provider-kafka-0-10_2.12-3.1.3.jar with timestamp 1675108225808
[2023-01-30T19:50:27.253+0000] {spark_submit.py:495} INFO - 23/01/30 19:50:27 INFO SparkContext: Added JAR file:///home/***/.ivy2/jars/org.apache.kafka_kafka-clients-2.6.0.jar at spark://15c99fd3082a:38313/jars/org.apache.kafka_kafka-clients-2.6.0.jar with timestamp 1675108225808
[2023-01-30T19:50:27.253+0000] {spark_submit.py:495} INFO - 23/01/30 19:50:27 INFO SparkContext: Added JAR file:///home/***/.ivy2/jars/org.apache.commons_commons-pool2-2.6.2.jar at spark://15c99fd3082a:38313/jars/org.apache.commons_commons-pool2-2.6.2.jar with timestamp 1675108225808
[2023-01-30T19:50:27.254+0000] {spark_submit.py:495} INFO - 23/01/30 19:50:27 INFO SparkContext: Added JAR file:///home/***/.ivy2/jars/org.spark-project.spark_unused-1.0.0.jar at spark://15c99fd3082a:38313/jars/org.spark-project.spark_unused-1.0.0.jar with timestamp 1675108225808
[2023-01-30T19:50:27.254+0000] {spark_submit.py:495} INFO - 23/01/30 19:50:27 INFO SparkContext: Added JAR file:///home/***/.ivy2/jars/com.github.luben_zstd-jni-1.4.8-1.jar at spark://15c99fd3082a:38313/jars/com.github.luben_zstd-jni-1.4.8-1.jar with timestamp 1675108225808
[2023-01-30T19:50:27.255+0000] {spark_submit.py:495} INFO - 23/01/30 19:50:27 INFO SparkContext: Added JAR file:///home/***/.ivy2/jars/org.lz4_lz4-java-1.7.1.jar at spark://15c99fd3082a:38313/jars/org.lz4_lz4-java-1.7.1.jar with timestamp 1675108225808
[2023-01-30T19:50:27.255+0000] {spark_submit.py:495} INFO - 23/01/30 19:50:27 INFO SparkContext: Added JAR file:///home/***/.ivy2/jars/org.xerial.snappy_snappy-java-1.1.8.2.jar at spark://15c99fd3082a:38313/jars/org.xerial.snappy_snappy-java-1.1.8.2.jar with timestamp 1675108225808
[2023-01-30T19:50:27.255+0000] {spark_submit.py:495} INFO - 23/01/30 19:50:27 INFO SparkContext: Added JAR file:///home/***/.ivy2/jars/org.slf4j_slf4j-api-1.7.30.jar at spark://15c99fd3082a:38313/jars/org.slf4j_slf4j-api-1.7.30.jar with timestamp 1675108225808
[2023-01-30T19:50:27.255+0000] {spark_submit.py:495} INFO - 23/01/30 19:50:27 INFO SparkContext: Added JAR file:///home/***/.ivy2/jars/org.mongodb_mongodb-driver-sync-4.0.5.jar at spark://15c99fd3082a:38313/jars/org.mongodb_mongodb-driver-sync-4.0.5.jar with timestamp 1675108225808
[2023-01-30T19:50:27.256+0000] {spark_submit.py:495} INFO - 23/01/30 19:50:27 INFO SparkContext: Added JAR file:///home/***/.ivy2/jars/org.mongodb_bson-4.0.5.jar at spark://15c99fd3082a:38313/jars/org.mongodb_bson-4.0.5.jar with timestamp 1675108225808
[2023-01-30T19:50:27.256+0000] {spark_submit.py:495} INFO - 23/01/30 19:50:27 INFO SparkContext: Added JAR file:///home/***/.ivy2/jars/org.mongodb_mongodb-driver-core-4.0.5.jar at spark://15c99fd3082a:38313/jars/org.mongodb_mongodb-driver-core-4.0.5.jar with timestamp 1675108225808
[2023-01-30T19:50:27.257+0000] {spark_submit.py:495} INFO - 23/01/30 19:50:27 INFO SparkContext: Added file file:///home/***/.ivy2/jars/org.apache.spark_spark-sql-kafka-0-10_2.12-3.1.3.jar at file:///home/***/.ivy2/jars/org.apache.spark_spark-sql-kafka-0-10_2.12-3.1.3.jar with timestamp 1675108225808
[2023-01-30T19:50:27.257+0000] {spark_submit.py:495} INFO - 23/01/30 19:50:27 INFO Utils: Copying /home/***/.ivy2/jars/org.apache.spark_spark-sql-kafka-0-10_2.12-3.1.3.jar to /tmp/spark-8310f545-06ef-493d-8dea-4ae286baa62a/userFiles-d48eb5e7-8abe-4fd7-81ba-5f2ec5840c8e/org.apache.spark_spark-sql-kafka-0-10_2.12-3.1.3.jar
[2023-01-30T19:50:27.279+0000] {spark_submit.py:495} INFO - 23/01/30 19:50:27 INFO SparkContext: Added file file:///home/***/.ivy2/jars/org.mongodb.spark_mongo-spark-connector_2.12-3.0.1.jar at file:///home/***/.ivy2/jars/org.mongodb.spark_mongo-spark-connector_2.12-3.0.1.jar with timestamp 1675108225808
[2023-01-30T19:50:27.279+0000] {spark_submit.py:495} INFO - 23/01/30 19:50:27 INFO Utils: Copying /home/***/.ivy2/jars/org.mongodb.spark_mongo-spark-connector_2.12-3.0.1.jar to /tmp/spark-8310f545-06ef-493d-8dea-4ae286baa62a/userFiles-d48eb5e7-8abe-4fd7-81ba-5f2ec5840c8e/org.mongodb.spark_mongo-spark-connector_2.12-3.0.1.jar
[2023-01-30T19:50:27.298+0000] {spark_submit.py:495} INFO - 23/01/30 19:50:27 INFO SparkContext: Added file file:///home/***/.ivy2/jars/org.apache.spark_spark-token-provider-kafka-0-10_2.12-3.1.3.jar at file:///home/***/.ivy2/jars/org.apache.spark_spark-token-provider-kafka-0-10_2.12-3.1.3.jar with timestamp 1675108225808
[2023-01-30T19:50:27.298+0000] {spark_submit.py:495} INFO - 23/01/30 19:50:27 INFO Utils: Copying /home/***/.ivy2/jars/org.apache.spark_spark-token-provider-kafka-0-10_2.12-3.1.3.jar to /tmp/spark-8310f545-06ef-493d-8dea-4ae286baa62a/userFiles-d48eb5e7-8abe-4fd7-81ba-5f2ec5840c8e/org.apache.spark_spark-token-provider-kafka-0-10_2.12-3.1.3.jar
[2023-01-30T19:50:27.311+0000] {spark_submit.py:495} INFO - 23/01/30 19:50:27 INFO SparkContext: Added file file:///home/***/.ivy2/jars/org.apache.kafka_kafka-clients-2.6.0.jar at file:///home/***/.ivy2/jars/org.apache.kafka_kafka-clients-2.6.0.jar with timestamp 1675108225808
[2023-01-30T19:50:27.312+0000] {spark_submit.py:495} INFO - 23/01/30 19:50:27 INFO Utils: Copying /home/***/.ivy2/jars/org.apache.kafka_kafka-clients-2.6.0.jar to /tmp/spark-8310f545-06ef-493d-8dea-4ae286baa62a/userFiles-d48eb5e7-8abe-4fd7-81ba-5f2ec5840c8e/org.apache.kafka_kafka-clients-2.6.0.jar
[2023-01-30T19:50:27.327+0000] {spark_submit.py:495} INFO - 23/01/30 19:50:27 INFO SparkContext: Added file file:///home/***/.ivy2/jars/org.apache.commons_commons-pool2-2.6.2.jar at file:///home/***/.ivy2/jars/org.apache.commons_commons-pool2-2.6.2.jar with timestamp 1675108225808
[2023-01-30T19:50:27.328+0000] {spark_submit.py:495} INFO - 23/01/30 19:50:27 INFO Utils: Copying /home/***/.ivy2/jars/org.apache.commons_commons-pool2-2.6.2.jar to /tmp/spark-8310f545-06ef-493d-8dea-4ae286baa62a/userFiles-d48eb5e7-8abe-4fd7-81ba-5f2ec5840c8e/org.apache.commons_commons-pool2-2.6.2.jar
[2023-01-30T19:50:27.333+0000] {spark_submit.py:495} INFO - 23/01/30 19:50:27 INFO SparkContext: Added file file:///home/***/.ivy2/jars/org.spark-project.spark_unused-1.0.0.jar at file:///home/***/.ivy2/jars/org.spark-project.spark_unused-1.0.0.jar with timestamp 1675108225808
[2023-01-30T19:50:27.334+0000] {spark_submit.py:495} INFO - 23/01/30 19:50:27 INFO Utils: Copying /home/***/.ivy2/jars/org.spark-project.spark_unused-1.0.0.jar to /tmp/spark-8310f545-06ef-493d-8dea-4ae286baa62a/userFiles-d48eb5e7-8abe-4fd7-81ba-5f2ec5840c8e/org.spark-project.spark_unused-1.0.0.jar
[2023-01-30T19:50:27.346+0000] {spark_submit.py:495} INFO - 23/01/30 19:50:27 INFO SparkContext: Added file file:///home/***/.ivy2/jars/com.github.luben_zstd-jni-1.4.8-1.jar at file:///home/***/.ivy2/jars/com.github.luben_zstd-jni-1.4.8-1.jar with timestamp 1675108225808
[2023-01-30T19:50:27.347+0000] {spark_submit.py:495} INFO - 23/01/30 19:50:27 INFO Utils: Copying /home/***/.ivy2/jars/com.github.luben_zstd-jni-1.4.8-1.jar to /tmp/spark-8310f545-06ef-493d-8dea-4ae286baa62a/userFiles-d48eb5e7-8abe-4fd7-81ba-5f2ec5840c8e/com.github.luben_zstd-jni-1.4.8-1.jar
[2023-01-30T19:50:27.368+0000] {spark_submit.py:495} INFO - 23/01/30 19:50:27 INFO SparkContext: Added file file:///home/***/.ivy2/jars/org.lz4_lz4-java-1.7.1.jar at file:///home/***/.ivy2/jars/org.lz4_lz4-java-1.7.1.jar with timestamp 1675108225808
[2023-01-30T19:50:27.368+0000] {spark_submit.py:495} INFO - 23/01/30 19:50:27 INFO Utils: Copying /home/***/.ivy2/jars/org.lz4_lz4-java-1.7.1.jar to /tmp/spark-8310f545-06ef-493d-8dea-4ae286baa62a/userFiles-d48eb5e7-8abe-4fd7-81ba-5f2ec5840c8e/org.lz4_lz4-java-1.7.1.jar
[2023-01-30T19:50:27.387+0000] {spark_submit.py:495} INFO - 23/01/30 19:50:27 INFO SparkContext: Added file file:///home/***/.ivy2/jars/org.xerial.snappy_snappy-java-1.1.8.2.jar at file:///home/***/.ivy2/jars/org.xerial.snappy_snappy-java-1.1.8.2.jar with timestamp 1675108225808
[2023-01-30T19:50:27.387+0000] {spark_submit.py:495} INFO - 23/01/30 19:50:27 INFO Utils: Copying /home/***/.ivy2/jars/org.xerial.snappy_snappy-java-1.1.8.2.jar to /tmp/spark-8310f545-06ef-493d-8dea-4ae286baa62a/userFiles-d48eb5e7-8abe-4fd7-81ba-5f2ec5840c8e/org.xerial.snappy_snappy-java-1.1.8.2.jar
[2023-01-30T19:50:27.401+0000] {spark_submit.py:495} INFO - 23/01/30 19:50:27 INFO SparkContext: Added file file:///home/***/.ivy2/jars/org.slf4j_slf4j-api-1.7.30.jar at file:///home/***/.ivy2/jars/org.slf4j_slf4j-api-1.7.30.jar with timestamp 1675108225808
[2023-01-30T19:50:27.402+0000] {spark_submit.py:495} INFO - 23/01/30 19:50:27 INFO Utils: Copying /home/***/.ivy2/jars/org.slf4j_slf4j-api-1.7.30.jar to /tmp/spark-8310f545-06ef-493d-8dea-4ae286baa62a/userFiles-d48eb5e7-8abe-4fd7-81ba-5f2ec5840c8e/org.slf4j_slf4j-api-1.7.30.jar
[2023-01-30T19:50:27.415+0000] {spark_submit.py:495} INFO - 23/01/30 19:50:27 INFO SparkContext: Added file file:///home/***/.ivy2/jars/org.mongodb_mongodb-driver-sync-4.0.5.jar at file:///home/***/.ivy2/jars/org.mongodb_mongodb-driver-sync-4.0.5.jar with timestamp 1675108225808
[2023-01-30T19:50:27.415+0000] {spark_submit.py:495} INFO - 23/01/30 19:50:27 INFO Utils: Copying /home/***/.ivy2/jars/org.mongodb_mongodb-driver-sync-4.0.5.jar to /tmp/spark-8310f545-06ef-493d-8dea-4ae286baa62a/userFiles-d48eb5e7-8abe-4fd7-81ba-5f2ec5840c8e/org.mongodb_mongodb-driver-sync-4.0.5.jar
[2023-01-30T19:50:27.422+0000] {spark_submit.py:495} INFO - 23/01/30 19:50:27 INFO SparkContext: Added file file:///home/***/.ivy2/jars/org.mongodb_bson-4.0.5.jar at file:///home/***/.ivy2/jars/org.mongodb_bson-4.0.5.jar with timestamp 1675108225808
[2023-01-30T19:50:27.422+0000] {spark_submit.py:495} INFO - 23/01/30 19:50:27 INFO Utils: Copying /home/***/.ivy2/jars/org.mongodb_bson-4.0.5.jar to /tmp/spark-8310f545-06ef-493d-8dea-4ae286baa62a/userFiles-d48eb5e7-8abe-4fd7-81ba-5f2ec5840c8e/org.mongodb_bson-4.0.5.jar
[2023-01-30T19:50:27.428+0000] {spark_submit.py:495} INFO - 23/01/30 19:50:27 INFO SparkContext: Added file file:///home/***/.ivy2/jars/org.mongodb_mongodb-driver-core-4.0.5.jar at file:///home/***/.ivy2/jars/org.mongodb_mongodb-driver-core-4.0.5.jar with timestamp 1675108225808
[2023-01-30T19:50:27.429+0000] {spark_submit.py:495} INFO - 23/01/30 19:50:27 INFO Utils: Copying /home/***/.ivy2/jars/org.mongodb_mongodb-driver-core-4.0.5.jar to /tmp/spark-8310f545-06ef-493d-8dea-4ae286baa62a/userFiles-d48eb5e7-8abe-4fd7-81ba-5f2ec5840c8e/org.mongodb_mongodb-driver-core-4.0.5.jar
[2023-01-30T19:50:27.640+0000] {spark_submit.py:495} INFO - 23/01/30 19:50:27 INFO Executor: Starting executor ID driver on host 15c99fd3082a
[2023-01-30T19:50:27.649+0000] {spark_submit.py:495} INFO - 23/01/30 19:50:27 INFO Executor: Starting executor with user classpath (userClassPathFirst = false): ''
[2023-01-30T19:50:27.708+0000] {spark_submit.py:495} INFO - 23/01/30 19:50:27 INFO Executor: Fetching file:///home/***/.ivy2/jars/org.apache.spark_spark-token-provider-kafka-0-10_2.12-3.1.3.jar with timestamp 1675108225808
[2023-01-30T19:50:27.748+0000] {spark_submit.py:495} INFO - 23/01/30 19:50:27 INFO Utils: /home/***/.ivy2/jars/org.apache.spark_spark-token-provider-kafka-0-10_2.12-3.1.3.jar has been previously copied to /tmp/spark-8310f545-06ef-493d-8dea-4ae286baa62a/userFiles-d48eb5e7-8abe-4fd7-81ba-5f2ec5840c8e/org.apache.spark_spark-token-provider-kafka-0-10_2.12-3.1.3.jar
[2023-01-30T19:50:27.769+0000] {spark_submit.py:495} INFO - 23/01/30 19:50:27 INFO Executor: Fetching file:///home/***/.ivy2/jars/org.mongodb_mongodb-driver-sync-4.0.5.jar with timestamp 1675108225808
[2023-01-30T19:50:27.771+0000] {spark_submit.py:495} INFO - 23/01/30 19:50:27 INFO Utils: /home/***/.ivy2/jars/org.mongodb_mongodb-driver-sync-4.0.5.jar has been previously copied to /tmp/spark-8310f545-06ef-493d-8dea-4ae286baa62a/userFiles-d48eb5e7-8abe-4fd7-81ba-5f2ec5840c8e/org.mongodb_mongodb-driver-sync-4.0.5.jar
[2023-01-30T19:50:27.788+0000] {spark_submit.py:495} INFO - 23/01/30 19:50:27 INFO Executor: Fetching file:///home/***/.ivy2/jars/org.apache.kafka_kafka-clients-2.6.0.jar with timestamp 1675108225808
[2023-01-30T19:50:27.795+0000] {spark_submit.py:495} INFO - 23/01/30 19:50:27 INFO Utils: /home/***/.ivy2/jars/org.apache.kafka_kafka-clients-2.6.0.jar has been previously copied to /tmp/spark-8310f545-06ef-493d-8dea-4ae286baa62a/userFiles-d48eb5e7-8abe-4fd7-81ba-5f2ec5840c8e/org.apache.kafka_kafka-clients-2.6.0.jar
[2023-01-30T19:50:27.801+0000] {spark_submit.py:495} INFO - 23/01/30 19:50:27 INFO Executor: Fetching file:///home/***/.ivy2/jars/org.mongodb_bson-4.0.5.jar with timestamp 1675108225808
[2023-01-30T19:50:27.803+0000] {spark_submit.py:495} INFO - 23/01/30 19:50:27 INFO Utils: /home/***/.ivy2/jars/org.mongodb_bson-4.0.5.jar has been previously copied to /tmp/spark-8310f545-06ef-493d-8dea-4ae286baa62a/userFiles-d48eb5e7-8abe-4fd7-81ba-5f2ec5840c8e/org.mongodb_bson-4.0.5.jar
[2023-01-30T19:50:27.818+0000] {spark_submit.py:495} INFO - 23/01/30 19:50:27 INFO Executor: Fetching file:///home/***/.ivy2/jars/com.github.luben_zstd-jni-1.4.8-1.jar with timestamp 1675108225808
[2023-01-30T19:50:27.826+0000] {spark_submit.py:495} INFO - 23/01/30 19:50:27 INFO Utils: /home/***/.ivy2/jars/com.github.luben_zstd-jni-1.4.8-1.jar has been previously copied to /tmp/spark-8310f545-06ef-493d-8dea-4ae286baa62a/userFiles-d48eb5e7-8abe-4fd7-81ba-5f2ec5840c8e/com.github.luben_zstd-jni-1.4.8-1.jar
[2023-01-30T19:50:27.832+0000] {spark_submit.py:495} INFO - 23/01/30 19:50:27 INFO Executor: Fetching file:///home/***/.ivy2/jars/org.lz4_lz4-java-1.7.1.jar with timestamp 1675108225808
[2023-01-30T19:50:27.840+0000] {spark_submit.py:495} INFO - 23/01/30 19:50:27 INFO Utils: /home/***/.ivy2/jars/org.lz4_lz4-java-1.7.1.jar has been previously copied to /tmp/spark-8310f545-06ef-493d-8dea-4ae286baa62a/userFiles-d48eb5e7-8abe-4fd7-81ba-5f2ec5840c8e/org.lz4_lz4-java-1.7.1.jar
[2023-01-30T19:50:27.858+0000] {spark_submit.py:495} INFO - 23/01/30 19:50:27 INFO Executor: Fetching file:///home/***/.ivy2/jars/org.spark-project.spark_unused-1.0.0.jar with timestamp 1675108225808
[2023-01-30T19:50:27.858+0000] {spark_submit.py:495} INFO - 23/01/30 19:50:27 INFO Utils: /home/***/.ivy2/jars/org.spark-project.spark_unused-1.0.0.jar has been previously copied to /tmp/spark-8310f545-06ef-493d-8dea-4ae286baa62a/userFiles-d48eb5e7-8abe-4fd7-81ba-5f2ec5840c8e/org.spark-project.spark_unused-1.0.0.jar
[2023-01-30T19:50:27.860+0000] {spark_submit.py:495} INFO - 23/01/30 19:50:27 INFO Executor: Fetching file:///home/***/.ivy2/jars/org.xerial.snappy_snappy-java-1.1.8.2.jar with timestamp 1675108225808
[2023-01-30T19:50:27.865+0000] {spark_submit.py:495} INFO - 23/01/30 19:50:27 INFO Utils: /home/***/.ivy2/jars/org.xerial.snappy_snappy-java-1.1.8.2.jar has been previously copied to /tmp/spark-8310f545-06ef-493d-8dea-4ae286baa62a/userFiles-d48eb5e7-8abe-4fd7-81ba-5f2ec5840c8e/org.xerial.snappy_snappy-java-1.1.8.2.jar
[2023-01-30T19:50:27.878+0000] {spark_submit.py:495} INFO - 23/01/30 19:50:27 INFO Executor: Fetching file:///home/***/.ivy2/jars/org.mongodb_mongodb-driver-core-4.0.5.jar with timestamp 1675108225808
[2023-01-30T19:50:27.881+0000] {spark_submit.py:495} INFO - 23/01/30 19:50:27 INFO Utils: /home/***/.ivy2/jars/org.mongodb_mongodb-driver-core-4.0.5.jar has been previously copied to /tmp/spark-8310f545-06ef-493d-8dea-4ae286baa62a/userFiles-d48eb5e7-8abe-4fd7-81ba-5f2ec5840c8e/org.mongodb_mongodb-driver-core-4.0.5.jar
[2023-01-30T19:50:27.892+0000] {spark_submit.py:495} INFO - 23/01/30 19:50:27 INFO Executor: Fetching file:///home/***/.ivy2/jars/org.apache.spark_spark-sql-kafka-0-10_2.12-3.1.3.jar with timestamp 1675108225808
[2023-01-30T19:50:27.893+0000] {spark_submit.py:495} INFO - 23/01/30 19:50:27 INFO Utils: /home/***/.ivy2/jars/org.apache.spark_spark-sql-kafka-0-10_2.12-3.1.3.jar has been previously copied to /tmp/spark-8310f545-06ef-493d-8dea-4ae286baa62a/userFiles-d48eb5e7-8abe-4fd7-81ba-5f2ec5840c8e/org.apache.spark_spark-sql-kafka-0-10_2.12-3.1.3.jar
[2023-01-30T19:50:27.903+0000] {spark_submit.py:495} INFO - 23/01/30 19:50:27 INFO Executor: Fetching file:///home/***/.ivy2/jars/org.mongodb.spark_mongo-spark-connector_2.12-3.0.1.jar with timestamp 1675108225808
[2023-01-30T19:50:27.905+0000] {spark_submit.py:495} INFO - 23/01/30 19:50:27 INFO Utils: /home/***/.ivy2/jars/org.mongodb.spark_mongo-spark-connector_2.12-3.0.1.jar has been previously copied to /tmp/spark-8310f545-06ef-493d-8dea-4ae286baa62a/userFiles-d48eb5e7-8abe-4fd7-81ba-5f2ec5840c8e/org.mongodb.spark_mongo-spark-connector_2.12-3.0.1.jar
[2023-01-30T19:50:27.916+0000] {spark_submit.py:495} INFO - 23/01/30 19:50:27 INFO Executor: Fetching file:///home/***/.ivy2/jars/org.apache.commons_commons-pool2-2.6.2.jar with timestamp 1675108225808
[2023-01-30T19:50:27.916+0000] {spark_submit.py:495} INFO - 23/01/30 19:50:27 INFO Utils: /home/***/.ivy2/jars/org.apache.commons_commons-pool2-2.6.2.jar has been previously copied to /tmp/spark-8310f545-06ef-493d-8dea-4ae286baa62a/userFiles-d48eb5e7-8abe-4fd7-81ba-5f2ec5840c8e/org.apache.commons_commons-pool2-2.6.2.jar
[2023-01-30T19:50:27.931+0000] {spark_submit.py:495} INFO - 23/01/30 19:50:27 INFO Executor: Fetching file:///home/***/.ivy2/jars/org.slf4j_slf4j-api-1.7.30.jar with timestamp 1675108225808
[2023-01-30T19:50:27.932+0000] {spark_submit.py:495} INFO - 23/01/30 19:50:27 INFO Utils: /home/***/.ivy2/jars/org.slf4j_slf4j-api-1.7.30.jar has been previously copied to /tmp/spark-8310f545-06ef-493d-8dea-4ae286baa62a/userFiles-d48eb5e7-8abe-4fd7-81ba-5f2ec5840c8e/org.slf4j_slf4j-api-1.7.30.jar
[2023-01-30T19:50:27.963+0000] {spark_submit.py:495} INFO - 23/01/30 19:50:27 INFO Executor: Fetching spark://15c99fd3082a:38313/jars/org.mongodb.spark_mongo-spark-connector_2.12-3.0.1.jar with timestamp 1675108225808
[2023-01-30T19:50:28.041+0000] {spark_submit.py:495} INFO - 23/01/30 19:50:28 INFO TransportClientFactory: Successfully created connection to 15c99fd3082a/172.20.0.7:38313 after 67 ms (0 ms spent in bootstraps)
[2023-01-30T19:50:28.049+0000] {spark_submit.py:495} INFO - 23/01/30 19:50:28 INFO Utils: Fetching spark://15c99fd3082a:38313/jars/org.mongodb.spark_mongo-spark-connector_2.12-3.0.1.jar to /tmp/spark-8310f545-06ef-493d-8dea-4ae286baa62a/userFiles-d48eb5e7-8abe-4fd7-81ba-5f2ec5840c8e/fetchFileTemp10659305580220992238.tmp
[2023-01-30T19:50:28.115+0000] {spark_submit.py:495} INFO - 23/01/30 19:50:28 INFO Utils: /tmp/spark-8310f545-06ef-493d-8dea-4ae286baa62a/userFiles-d48eb5e7-8abe-4fd7-81ba-5f2ec5840c8e/fetchFileTemp10659305580220992238.tmp has been previously copied to /tmp/spark-8310f545-06ef-493d-8dea-4ae286baa62a/userFiles-d48eb5e7-8abe-4fd7-81ba-5f2ec5840c8e/org.mongodb.spark_mongo-spark-connector_2.12-3.0.1.jar
[2023-01-30T19:50:28.130+0000] {spark_submit.py:495} INFO - 23/01/30 19:50:28 INFO Executor: Adding file:/tmp/spark-8310f545-06ef-493d-8dea-4ae286baa62a/userFiles-d48eb5e7-8abe-4fd7-81ba-5f2ec5840c8e/org.mongodb.spark_mongo-spark-connector_2.12-3.0.1.jar to class loader
[2023-01-30T19:50:28.131+0000] {spark_submit.py:495} INFO - 23/01/30 19:50:28 INFO Executor: Fetching spark://15c99fd3082a:38313/jars/org.slf4j_slf4j-api-1.7.30.jar with timestamp 1675108225808
[2023-01-30T19:50:28.131+0000] {spark_submit.py:495} INFO - 23/01/30 19:50:28 INFO Utils: Fetching spark://15c99fd3082a:38313/jars/org.slf4j_slf4j-api-1.7.30.jar to /tmp/spark-8310f545-06ef-493d-8dea-4ae286baa62a/userFiles-d48eb5e7-8abe-4fd7-81ba-5f2ec5840c8e/fetchFileTemp7932906129313261044.tmp
[2023-01-30T19:50:28.132+0000] {spark_submit.py:495} INFO - 23/01/30 19:50:28 INFO Utils: /tmp/spark-8310f545-06ef-493d-8dea-4ae286baa62a/userFiles-d48eb5e7-8abe-4fd7-81ba-5f2ec5840c8e/fetchFileTemp7932906129313261044.tmp has been previously copied to /tmp/spark-8310f545-06ef-493d-8dea-4ae286baa62a/userFiles-d48eb5e7-8abe-4fd7-81ba-5f2ec5840c8e/org.slf4j_slf4j-api-1.7.30.jar
[2023-01-30T19:50:28.144+0000] {spark_submit.py:495} INFO - 23/01/30 19:50:28 INFO Executor: Adding file:/tmp/spark-8310f545-06ef-493d-8dea-4ae286baa62a/userFiles-d48eb5e7-8abe-4fd7-81ba-5f2ec5840c8e/org.slf4j_slf4j-api-1.7.30.jar to class loader
[2023-01-30T19:50:28.144+0000] {spark_submit.py:495} INFO - 23/01/30 19:50:28 INFO Executor: Fetching spark://15c99fd3082a:38313/jars/org.mongodb_mongodb-driver-sync-4.0.5.jar with timestamp 1675108225808
[2023-01-30T19:50:28.144+0000] {spark_submit.py:495} INFO - 23/01/30 19:50:28 INFO Utils: Fetching spark://15c99fd3082a:38313/jars/org.mongodb_mongodb-driver-sync-4.0.5.jar to /tmp/spark-8310f545-06ef-493d-8dea-4ae286baa62a/userFiles-d48eb5e7-8abe-4fd7-81ba-5f2ec5840c8e/fetchFileTemp5520652610830841367.tmp
[2023-01-30T19:50:28.147+0000] {spark_submit.py:495} INFO - 23/01/30 19:50:28 INFO Utils: /tmp/spark-8310f545-06ef-493d-8dea-4ae286baa62a/userFiles-d48eb5e7-8abe-4fd7-81ba-5f2ec5840c8e/fetchFileTemp5520652610830841367.tmp has been previously copied to /tmp/spark-8310f545-06ef-493d-8dea-4ae286baa62a/userFiles-d48eb5e7-8abe-4fd7-81ba-5f2ec5840c8e/org.mongodb_mongodb-driver-sync-4.0.5.jar
[2023-01-30T19:50:28.158+0000] {spark_submit.py:495} INFO - 23/01/30 19:50:28 INFO Executor: Adding file:/tmp/spark-8310f545-06ef-493d-8dea-4ae286baa62a/userFiles-d48eb5e7-8abe-4fd7-81ba-5f2ec5840c8e/org.mongodb_mongodb-driver-sync-4.0.5.jar to class loader
[2023-01-30T19:50:28.160+0000] {spark_submit.py:495} INFO - 23/01/30 19:50:28 INFO Executor: Fetching spark://15c99fd3082a:38313/jars/com.github.luben_zstd-jni-1.4.8-1.jar with timestamp 1675108225808
[2023-01-30T19:50:28.160+0000] {spark_submit.py:495} INFO - 23/01/30 19:50:28 INFO Utils: Fetching spark://15c99fd3082a:38313/jars/com.github.luben_zstd-jni-1.4.8-1.jar to /tmp/spark-8310f545-06ef-493d-8dea-4ae286baa62a/userFiles-d48eb5e7-8abe-4fd7-81ba-5f2ec5840c8e/fetchFileTemp3384198788336446235.tmp
[2023-01-30T19:50:28.235+0000] {spark_submit.py:495} INFO - 23/01/30 19:50:28 INFO Utils: /tmp/spark-8310f545-06ef-493d-8dea-4ae286baa62a/userFiles-d48eb5e7-8abe-4fd7-81ba-5f2ec5840c8e/fetchFileTemp3384198788336446235.tmp has been previously copied to /tmp/spark-8310f545-06ef-493d-8dea-4ae286baa62a/userFiles-d48eb5e7-8abe-4fd7-81ba-5f2ec5840c8e/com.github.luben_zstd-jni-1.4.8-1.jar
[2023-01-30T19:50:28.247+0000] {spark_submit.py:495} INFO - 23/01/30 19:50:28 INFO Executor: Adding file:/tmp/spark-8310f545-06ef-493d-8dea-4ae286baa62a/userFiles-d48eb5e7-8abe-4fd7-81ba-5f2ec5840c8e/com.github.luben_zstd-jni-1.4.8-1.jar to class loader
[2023-01-30T19:50:28.248+0000] {spark_submit.py:495} INFO - 23/01/30 19:50:28 INFO Executor: Fetching spark://15c99fd3082a:38313/jars/org.apache.spark_spark-sql-kafka-0-10_2.12-3.1.3.jar with timestamp 1675108225808
[2023-01-30T19:50:28.251+0000] {spark_submit.py:495} INFO - 23/01/30 19:50:28 INFO Utils: Fetching spark://15c99fd3082a:38313/jars/org.apache.spark_spark-sql-kafka-0-10_2.12-3.1.3.jar to /tmp/spark-8310f545-06ef-493d-8dea-4ae286baa62a/userFiles-d48eb5e7-8abe-4fd7-81ba-5f2ec5840c8e/fetchFileTemp11142240972941264521.tmp
[2023-01-30T19:50:28.256+0000] {spark_submit.py:495} INFO - 23/01/30 19:50:28 INFO Utils: /tmp/spark-8310f545-06ef-493d-8dea-4ae286baa62a/userFiles-d48eb5e7-8abe-4fd7-81ba-5f2ec5840c8e/fetchFileTemp11142240972941264521.tmp has been previously copied to /tmp/spark-8310f545-06ef-493d-8dea-4ae286baa62a/userFiles-d48eb5e7-8abe-4fd7-81ba-5f2ec5840c8e/org.apache.spark_spark-sql-kafka-0-10_2.12-3.1.3.jar
[2023-01-30T19:50:28.268+0000] {spark_submit.py:495} INFO - 23/01/30 19:50:28 INFO Executor: Adding file:/tmp/spark-8310f545-06ef-493d-8dea-4ae286baa62a/userFiles-d48eb5e7-8abe-4fd7-81ba-5f2ec5840c8e/org.apache.spark_spark-sql-kafka-0-10_2.12-3.1.3.jar to class loader
[2023-01-30T19:50:28.268+0000] {spark_submit.py:495} INFO - 23/01/30 19:50:28 INFO Executor: Fetching spark://15c99fd3082a:38313/jars/org.apache.commons_commons-pool2-2.6.2.jar with timestamp 1675108225808
[2023-01-30T19:50:28.272+0000] {spark_submit.py:495} INFO - 23/01/30 19:50:28 INFO Utils: Fetching spark://15c99fd3082a:38313/jars/org.apache.commons_commons-pool2-2.6.2.jar to /tmp/spark-8310f545-06ef-493d-8dea-4ae286baa62a/userFiles-d48eb5e7-8abe-4fd7-81ba-5f2ec5840c8e/fetchFileTemp10385022718732059310.tmp
[2023-01-30T19:50:28.274+0000] {spark_submit.py:495} INFO - 23/01/30 19:50:28 INFO Utils: /tmp/spark-8310f545-06ef-493d-8dea-4ae286baa62a/userFiles-d48eb5e7-8abe-4fd7-81ba-5f2ec5840c8e/fetchFileTemp10385022718732059310.tmp has been previously copied to /tmp/spark-8310f545-06ef-493d-8dea-4ae286baa62a/userFiles-d48eb5e7-8abe-4fd7-81ba-5f2ec5840c8e/org.apache.commons_commons-pool2-2.6.2.jar
[2023-01-30T19:50:28.282+0000] {spark_submit.py:495} INFO - 23/01/30 19:50:28 INFO Executor: Adding file:/tmp/spark-8310f545-06ef-493d-8dea-4ae286baa62a/userFiles-d48eb5e7-8abe-4fd7-81ba-5f2ec5840c8e/org.apache.commons_commons-pool2-2.6.2.jar to class loader
[2023-01-30T19:50:28.286+0000] {spark_submit.py:495} INFO - 23/01/30 19:50:28 INFO Executor: Fetching spark://15c99fd3082a:38313/jars/org.apache.kafka_kafka-clients-2.6.0.jar with timestamp 1675108225808
[2023-01-30T19:50:28.289+0000] {spark_submit.py:495} INFO - 23/01/30 19:50:28 INFO Utils: Fetching spark://15c99fd3082a:38313/jars/org.apache.kafka_kafka-clients-2.6.0.jar to /tmp/spark-8310f545-06ef-493d-8dea-4ae286baa62a/userFiles-d48eb5e7-8abe-4fd7-81ba-5f2ec5840c8e/fetchFileTemp13960591390493396070.tmp
[2023-01-30T19:50:28.318+0000] {spark_submit.py:495} INFO - 23/01/30 19:50:28 INFO Utils: /tmp/spark-8310f545-06ef-493d-8dea-4ae286baa62a/userFiles-d48eb5e7-8abe-4fd7-81ba-5f2ec5840c8e/fetchFileTemp13960591390493396070.tmp has been previously copied to /tmp/spark-8310f545-06ef-493d-8dea-4ae286baa62a/userFiles-d48eb5e7-8abe-4fd7-81ba-5f2ec5840c8e/org.apache.kafka_kafka-clients-2.6.0.jar
[2023-01-30T19:50:28.325+0000] {spark_submit.py:495} INFO - 23/01/30 19:50:28 INFO Executor: Adding file:/tmp/spark-8310f545-06ef-493d-8dea-4ae286baa62a/userFiles-d48eb5e7-8abe-4fd7-81ba-5f2ec5840c8e/org.apache.kafka_kafka-clients-2.6.0.jar to class loader
[2023-01-30T19:50:28.326+0000] {spark_submit.py:495} INFO - 23/01/30 19:50:28 INFO Executor: Fetching spark://15c99fd3082a:38313/jars/org.spark-project.spark_unused-1.0.0.jar with timestamp 1675108225808
[2023-01-30T19:50:28.332+0000] {spark_submit.py:495} INFO - 23/01/30 19:50:28 INFO Utils: Fetching spark://15c99fd3082a:38313/jars/org.spark-project.spark_unused-1.0.0.jar to /tmp/spark-8310f545-06ef-493d-8dea-4ae286baa62a/userFiles-d48eb5e7-8abe-4fd7-81ba-5f2ec5840c8e/fetchFileTemp5395235627562940831.tmp
[2023-01-30T19:50:28.332+0000] {spark_submit.py:495} INFO - 23/01/30 19:50:28 INFO Utils: /tmp/spark-8310f545-06ef-493d-8dea-4ae286baa62a/userFiles-d48eb5e7-8abe-4fd7-81ba-5f2ec5840c8e/fetchFileTemp5395235627562940831.tmp has been previously copied to /tmp/spark-8310f545-06ef-493d-8dea-4ae286baa62a/userFiles-d48eb5e7-8abe-4fd7-81ba-5f2ec5840c8e/org.spark-project.spark_unused-1.0.0.jar
[2023-01-30T19:50:28.337+0000] {spark_submit.py:495} INFO - 23/01/30 19:50:28 INFO Executor: Adding file:/tmp/spark-8310f545-06ef-493d-8dea-4ae286baa62a/userFiles-d48eb5e7-8abe-4fd7-81ba-5f2ec5840c8e/org.spark-project.spark_unused-1.0.0.jar to class loader
[2023-01-30T19:50:28.337+0000] {spark_submit.py:495} INFO - 23/01/30 19:50:28 INFO Executor: Fetching spark://15c99fd3082a:38313/jars/org.mongodb_bson-4.0.5.jar with timestamp 1675108225808
[2023-01-30T19:50:28.337+0000] {spark_submit.py:495} INFO - 23/01/30 19:50:28 INFO Utils: Fetching spark://15c99fd3082a:38313/jars/org.mongodb_bson-4.0.5.jar to /tmp/spark-8310f545-06ef-493d-8dea-4ae286baa62a/userFiles-d48eb5e7-8abe-4fd7-81ba-5f2ec5840c8e/fetchFileTemp10913561014841719007.tmp
[2023-01-30T19:50:28.343+0000] {spark_submit.py:495} INFO - 23/01/30 19:50:28 INFO Utils: /tmp/spark-8310f545-06ef-493d-8dea-4ae286baa62a/userFiles-d48eb5e7-8abe-4fd7-81ba-5f2ec5840c8e/fetchFileTemp10913561014841719007.tmp has been previously copied to /tmp/spark-8310f545-06ef-493d-8dea-4ae286baa62a/userFiles-d48eb5e7-8abe-4fd7-81ba-5f2ec5840c8e/org.mongodb_bson-4.0.5.jar
[2023-01-30T19:50:28.348+0000] {spark_submit.py:495} INFO - 23/01/30 19:50:28 INFO Executor: Adding file:/tmp/spark-8310f545-06ef-493d-8dea-4ae286baa62a/userFiles-d48eb5e7-8abe-4fd7-81ba-5f2ec5840c8e/org.mongodb_bson-4.0.5.jar to class loader
[2023-01-30T19:50:28.348+0000] {spark_submit.py:495} INFO - 23/01/30 19:50:28 INFO Executor: Fetching spark://15c99fd3082a:38313/jars/org.lz4_lz4-java-1.7.1.jar with timestamp 1675108225808
[2023-01-30T19:50:28.348+0000] {spark_submit.py:495} INFO - 23/01/30 19:50:28 INFO Utils: Fetching spark://15c99fd3082a:38313/jars/org.lz4_lz4-java-1.7.1.jar to /tmp/spark-8310f545-06ef-493d-8dea-4ae286baa62a/userFiles-d48eb5e7-8abe-4fd7-81ba-5f2ec5840c8e/fetchFileTemp2593380401956963618.tmp
[2023-01-30T19:50:28.356+0000] {spark_submit.py:495} INFO - 23/01/30 19:50:28 INFO Utils: /tmp/spark-8310f545-06ef-493d-8dea-4ae286baa62a/userFiles-d48eb5e7-8abe-4fd7-81ba-5f2ec5840c8e/fetchFileTemp2593380401956963618.tmp has been previously copied to /tmp/spark-8310f545-06ef-493d-8dea-4ae286baa62a/userFiles-d48eb5e7-8abe-4fd7-81ba-5f2ec5840c8e/org.lz4_lz4-java-1.7.1.jar
[2023-01-30T19:50:28.364+0000] {spark_submit.py:495} INFO - 23/01/30 19:50:28 INFO Executor: Adding file:/tmp/spark-8310f545-06ef-493d-8dea-4ae286baa62a/userFiles-d48eb5e7-8abe-4fd7-81ba-5f2ec5840c8e/org.lz4_lz4-java-1.7.1.jar to class loader
[2023-01-30T19:50:28.364+0000] {spark_submit.py:495} INFO - 23/01/30 19:50:28 INFO Executor: Fetching spark://15c99fd3082a:38313/jars/org.xerial.snappy_snappy-java-1.1.8.2.jar with timestamp 1675108225808
[2023-01-30T19:50:28.364+0000] {spark_submit.py:495} INFO - 23/01/30 19:50:28 INFO Utils: Fetching spark://15c99fd3082a:38313/jars/org.xerial.snappy_snappy-java-1.1.8.2.jar to /tmp/spark-8310f545-06ef-493d-8dea-4ae286baa62a/userFiles-d48eb5e7-8abe-4fd7-81ba-5f2ec5840c8e/fetchFileTemp16687503272772562231.tmp
[2023-01-30T19:50:28.378+0000] {spark_submit.py:495} INFO - 23/01/30 19:50:28 INFO Utils: /tmp/spark-8310f545-06ef-493d-8dea-4ae286baa62a/userFiles-d48eb5e7-8abe-4fd7-81ba-5f2ec5840c8e/fetchFileTemp16687503272772562231.tmp has been previously copied to /tmp/spark-8310f545-06ef-493d-8dea-4ae286baa62a/userFiles-d48eb5e7-8abe-4fd7-81ba-5f2ec5840c8e/org.xerial.snappy_snappy-java-1.1.8.2.jar
[2023-01-30T19:50:28.383+0000] {spark_submit.py:495} INFO - 23/01/30 19:50:28 INFO Executor: Adding file:/tmp/spark-8310f545-06ef-493d-8dea-4ae286baa62a/userFiles-d48eb5e7-8abe-4fd7-81ba-5f2ec5840c8e/org.xerial.snappy_snappy-java-1.1.8.2.jar to class loader
[2023-01-30T19:50:28.384+0000] {spark_submit.py:495} INFO - 23/01/30 19:50:28 INFO Executor: Fetching spark://15c99fd3082a:38313/jars/org.mongodb_mongodb-driver-core-4.0.5.jar with timestamp 1675108225808
[2023-01-30T19:50:28.390+0000] {spark_submit.py:495} INFO - 23/01/30 19:50:28 INFO Utils: Fetching spark://15c99fd3082a:38313/jars/org.mongodb_mongodb-driver-core-4.0.5.jar to /tmp/spark-8310f545-06ef-493d-8dea-4ae286baa62a/userFiles-d48eb5e7-8abe-4fd7-81ba-5f2ec5840c8e/fetchFileTemp4079608844050261812.tmp
[2023-01-30T19:50:28.406+0000] {spark_submit.py:495} INFO - 23/01/30 19:50:28 INFO Utils: /tmp/spark-8310f545-06ef-493d-8dea-4ae286baa62a/userFiles-d48eb5e7-8abe-4fd7-81ba-5f2ec5840c8e/fetchFileTemp4079608844050261812.tmp has been previously copied to /tmp/spark-8310f545-06ef-493d-8dea-4ae286baa62a/userFiles-d48eb5e7-8abe-4fd7-81ba-5f2ec5840c8e/org.mongodb_mongodb-driver-core-4.0.5.jar
[2023-01-30T19:50:28.422+0000] {spark_submit.py:495} INFO - 23/01/30 19:50:28 INFO Executor: Adding file:/tmp/spark-8310f545-06ef-493d-8dea-4ae286baa62a/userFiles-d48eb5e7-8abe-4fd7-81ba-5f2ec5840c8e/org.mongodb_mongodb-driver-core-4.0.5.jar to class loader
[2023-01-30T19:50:28.423+0000] {spark_submit.py:495} INFO - 23/01/30 19:50:28 INFO Executor: Fetching spark://15c99fd3082a:38313/jars/org.apache.spark_spark-token-provider-kafka-0-10_2.12-3.1.3.jar with timestamp 1675108225808
[2023-01-30T19:50:28.423+0000] {spark_submit.py:495} INFO - 23/01/30 19:50:28 INFO Utils: Fetching spark://15c99fd3082a:38313/jars/org.apache.spark_spark-token-provider-kafka-0-10_2.12-3.1.3.jar to /tmp/spark-8310f545-06ef-493d-8dea-4ae286baa62a/userFiles-d48eb5e7-8abe-4fd7-81ba-5f2ec5840c8e/fetchFileTemp2759458289988448714.tmp
[2023-01-30T19:50:28.424+0000] {spark_submit.py:495} INFO - 23/01/30 19:50:28 INFO Utils: /tmp/spark-8310f545-06ef-493d-8dea-4ae286baa62a/userFiles-d48eb5e7-8abe-4fd7-81ba-5f2ec5840c8e/fetchFileTemp2759458289988448714.tmp has been previously copied to /tmp/spark-8310f545-06ef-493d-8dea-4ae286baa62a/userFiles-d48eb5e7-8abe-4fd7-81ba-5f2ec5840c8e/org.apache.spark_spark-token-provider-kafka-0-10_2.12-3.1.3.jar
[2023-01-30T19:50:28.429+0000] {spark_submit.py:495} INFO - 23/01/30 19:50:28 INFO Executor: Adding file:/tmp/spark-8310f545-06ef-493d-8dea-4ae286baa62a/userFiles-d48eb5e7-8abe-4fd7-81ba-5f2ec5840c8e/org.apache.spark_spark-token-provider-kafka-0-10_2.12-3.1.3.jar to class loader
[2023-01-30T19:50:28.445+0000] {spark_submit.py:495} INFO - 23/01/30 19:50:28 INFO Utils: Successfully started service 'org.apache.spark.network.netty.NettyBlockTransferService' on port 38861.
[2023-01-30T19:50:28.445+0000] {spark_submit.py:495} INFO - 23/01/30 19:50:28 INFO NettyBlockTransferService: Server created on 15c99fd3082a:38861
[2023-01-30T19:50:28.450+0000] {spark_submit.py:495} INFO - 23/01/30 19:50:28 INFO BlockManager: Using org.apache.spark.storage.RandomBlockReplicationPolicy for block replication policy
[2023-01-30T19:50:28.458+0000] {spark_submit.py:495} INFO - 23/01/30 19:50:28 INFO BlockManagerMaster: Registering BlockManager BlockManagerId(driver, 15c99fd3082a, 38861, None)
[2023-01-30T19:50:28.461+0000] {spark_submit.py:495} INFO - 23/01/30 19:50:28 INFO BlockManagerMasterEndpoint: Registering block manager 15c99fd3082a:38861 with 434.4 MiB RAM, BlockManagerId(driver, 15c99fd3082a, 38861, None)
[2023-01-30T19:50:28.465+0000] {spark_submit.py:495} INFO - 23/01/30 19:50:28 INFO BlockManagerMaster: Registered BlockManager BlockManagerId(driver, 15c99fd3082a, 38861, None)
[2023-01-30T19:50:28.467+0000] {spark_submit.py:495} INFO - 23/01/30 19:50:28 INFO BlockManager: Initialized BlockManager: BlockManagerId(driver, 15c99fd3082a, 38861, None)
[2023-01-30T19:50:31.666+0000] {local_task_job.py:224} WARNING - State of this instance has been externally set to up_for_retry. Terminating instance.
[2023-01-30T19:50:31.669+0000] {process_utils.py:133} INFO - Sending Signals.SIGTERM to group 28443. PIDs of all processes in the group: [28444, 28509, 28443]
[2023-01-30T19:50:31.669+0000] {process_utils.py:84} INFO - Sending the signal Signals.SIGTERM to group 28443
[2023-01-30T19:50:31.669+0000] {taskinstance.py:1483} ERROR - Received SIGTERM. Terminating subprocesses.
[2023-01-30T19:50:31.673+0000] {spark_submit.py:620} INFO - Sending kill signal to spark-submit
[2023-01-30T19:50:31.685+0000] {taskinstance.py:1772} ERROR - Task failed with exception
Traceback (most recent call last):
  File "/home/airflow/.local/lib/python3.7/site-packages/airflow/providers/apache/spark/operators/spark_submit.py", line 157, in execute
    self._hook.submit(self._application)
  File "/home/airflow/.local/lib/python3.7/site-packages/airflow/providers/apache/spark/hooks/spark_submit.py", line 414, in submit
    self._process_spark_submit_log(iter(self._submit_sp.stdout))  # type: ignore
  File "/home/airflow/.local/lib/python3.7/site-packages/airflow/providers/apache/spark/hooks/spark_submit.py", line 463, in _process_spark_submit_log
    for line in itr:
  File "/home/airflow/.local/lib/python3.7/site-packages/airflow/models/taskinstance.py", line 1485, in signal_handler
    raise AirflowException("Task received SIGTERM signal")
airflow.exceptions.AirflowException: Task received SIGTERM signal
[2023-01-30T19:50:31.689+0000] {taskinstance.py:1327} INFO - Marking task as UP_FOR_RETRY. dag_id=Streaming_pipeline_meli, task_id=consumer_data_of_topic, execution_date=20230127T184927, start_date=20230130T195021, end_date=20230130T195031
[2023-01-30T19:50:31.702+0000] {standard_task_runner.py:105} ERROR - Failed to execute job 1257 for task consumer_data_of_topic (Task received SIGTERM signal; 28443)
[2023-01-30T19:50:31.729+0000] {process_utils.py:79} INFO - Process psutil.Process(pid=28444, status='terminated', started='19:50:21') (28444) terminated with exit code None
[2023-01-30T19:50:31.729+0000] {process_utils.py:79} INFO - Process psutil.Process(pid=28509, status='terminated', started='19:50:25') (28509) terminated with exit code None
[2023-01-30T19:50:31.730+0000] {process_utils.py:79} INFO - Process psutil.Process(pid=28443, status='terminated', exitcode=1, started='19:50:21') (28443) terminated with exit code 1
