[2023-01-30T17:53:55.380+0000] {taskinstance.py:1087} INFO - Dependencies all met for <TaskInstance: Streaming_pipeline_meli.consumer_data_of_topic manual__2023-01-27T18:49:27.597637+00:00 [queued]>
[2023-01-30T17:53:55.389+0000] {taskinstance.py:1087} INFO - Dependencies all met for <TaskInstance: Streaming_pipeline_meli.consumer_data_of_topic manual__2023-01-27T18:49:27.597637+00:00 [queued]>
[2023-01-30T17:53:55.389+0000] {taskinstance.py:1283} INFO - 
--------------------------------------------------------------------------------
[2023-01-30T17:53:55.389+0000] {taskinstance.py:1284} INFO - Starting attempt 62 of 67
[2023-01-30T17:53:55.389+0000] {taskinstance.py:1285} INFO - 
--------------------------------------------------------------------------------
[2023-01-30T17:53:55.403+0000] {taskinstance.py:1304} INFO - Executing <Task(SparkSubmitOperator): consumer_data_of_topic> on 2023-01-27 18:49:27.597637+00:00
[2023-01-30T17:53:55.407+0000] {standard_task_runner.py:55} INFO - Started process 12313 to run task
[2023-01-30T17:53:55.410+0000] {standard_task_runner.py:82} INFO - Running: ['***', 'tasks', 'run', 'Streaming_pipeline_meli', 'consumer_data_of_topic', 'manual__2023-01-27T18:49:27.597637+00:00', '--job-id', '1232', '--raw', '--subdir', 'DAGS_FOLDER/streamPipeline.py', '--cfg-path', '/tmp/tmpyqyiivb5']
[2023-01-30T17:53:55.411+0000] {standard_task_runner.py:83} INFO - Job 1232: Subtask consumer_data_of_topic
[2023-01-30T17:53:55.459+0000] {task_command.py:389} INFO - Running <TaskInstance: Streaming_pipeline_meli.consumer_data_of_topic manual__2023-01-27T18:49:27.597637+00:00 [running]> on host 15c99fd3082a
[2023-01-30T17:53:55.516+0000] {taskinstance.py:1513} INFO - Exporting the following env vars:
AIRFLOW_CTX_DAG_OWNER=***
AIRFLOW_CTX_DAG_ID=Streaming_pipeline_meli
AIRFLOW_CTX_TASK_ID=consumer_data_of_topic
AIRFLOW_CTX_EXECUTION_DATE=2023-01-27T18:49:27.597637+00:00
AIRFLOW_CTX_TRY_NUMBER=62
AIRFLOW_CTX_DAG_RUN_ID=manual__2023-01-27T18:49:27.597637+00:00
[2023-01-30T17:53:55.523+0000] {base.py:73} INFO - Using connection ID 'spark_default' for task execution.
[2023-01-30T17:53:55.524+0000] {spark_submit.py:344} INFO - Spark-Submit cmd: spark-submit --master spark://tomi-H310:7077 --packages org.apache.spark:spark-sql-kafka-0-10_2.12:3.1.3,org.mongodb.spark:mongo-spark-connector_2.12:3.0.1 --name arrow-spark --queue root.default /opt/***/dags/consumerSpark.py
[2023-01-30T17:53:55.622+0000] {spark_submit.py:495} INFO - /home/***/.local/lib/python3.7/site-packages/pyspark/bin/load-spark-env.sh: line 68: ps: command not found
[2023-01-30T17:53:56.970+0000] {spark_submit.py:495} INFO - :: loading settings :: url = jar:file:/home/***/.local/lib/python3.7/site-packages/pyspark/jars/ivy-2.5.0.jar!/org/apache/ivy/core/settings/ivysettings.xml
[2023-01-30T17:53:57.028+0000] {spark_submit.py:495} INFO - Ivy Default Cache set to: /home/***/.ivy2/cache
[2023-01-30T17:53:57.029+0000] {spark_submit.py:495} INFO - The jars for the packages stored in: /home/***/.ivy2/jars
[2023-01-30T17:53:57.034+0000] {spark_submit.py:495} INFO - org.apache.spark#spark-sql-kafka-0-10_2.12 added as a dependency
[2023-01-30T17:53:57.034+0000] {spark_submit.py:495} INFO - org.mongodb.spark#mongo-spark-connector_2.12 added as a dependency
[2023-01-30T17:53:57.035+0000] {spark_submit.py:495} INFO - :: resolving dependencies :: org.apache.spark#spark-submit-parent-f92460f0-0424-457b-b22f-8f8b0458fef9;1.0
[2023-01-30T17:53:57.036+0000] {spark_submit.py:495} INFO - confs: [default]
[2023-01-30T17:53:57.202+0000] {spark_submit.py:495} INFO - found org.apache.spark#spark-sql-kafka-0-10_2.12;3.1.3 in central
[2023-01-30T17:53:57.260+0000] {spark_submit.py:495} INFO - found org.apache.spark#spark-token-provider-kafka-0-10_2.12;3.1.3 in central
[2023-01-30T17:53:57.283+0000] {spark_submit.py:495} INFO - found org.apache.kafka#kafka-clients;2.6.0 in central
[2023-01-30T17:53:57.306+0000] {spark_submit.py:495} INFO - found com.github.luben#zstd-jni;1.4.8-1 in central
[2023-01-30T17:53:57.326+0000] {spark_submit.py:495} INFO - found org.lz4#lz4-java;1.7.1 in central
[2023-01-30T17:53:57.341+0000] {spark_submit.py:495} INFO - found org.xerial.snappy#snappy-java;1.1.8.2 in central
[2023-01-30T17:53:57.354+0000] {spark_submit.py:495} INFO - found org.slf4j#slf4j-api;1.7.30 in central
[2023-01-30T17:53:57.366+0000] {spark_submit.py:495} INFO - found org.spark-project.spark#unused;1.0.0 in central
[2023-01-30T17:53:57.379+0000] {spark_submit.py:495} INFO - found org.apache.commons#commons-pool2;2.6.2 in central
[2023-01-30T17:53:57.388+0000] {spark_submit.py:495} INFO - found org.mongodb.spark#mongo-spark-connector_2.12;3.0.1 in central
[2023-01-30T17:53:57.397+0000] {spark_submit.py:495} INFO - found org.mongodb#mongodb-driver-sync;4.0.5 in central
[2023-01-30T17:53:57.406+0000] {spark_submit.py:495} INFO - found org.mongodb#bson;4.0.5 in central
[2023-01-30T17:53:57.415+0000] {spark_submit.py:495} INFO - found org.mongodb#mongodb-driver-core;4.0.5 in central
[2023-01-30T17:53:57.446+0000] {spark_submit.py:495} INFO - :: resolution report :: resolve 398ms :: artifacts dl 12ms
[2023-01-30T17:53:57.447+0000] {spark_submit.py:495} INFO - :: modules in use:
[2023-01-30T17:53:57.447+0000] {spark_submit.py:495} INFO - com.github.luben#zstd-jni;1.4.8-1 from central in [default]
[2023-01-30T17:53:57.448+0000] {spark_submit.py:495} INFO - org.apache.commons#commons-pool2;2.6.2 from central in [default]
[2023-01-30T17:53:57.448+0000] {spark_submit.py:495} INFO - org.apache.kafka#kafka-clients;2.6.0 from central in [default]
[2023-01-30T17:53:57.448+0000] {spark_submit.py:495} INFO - org.apache.spark#spark-sql-kafka-0-10_2.12;3.1.3 from central in [default]
[2023-01-30T17:53:57.448+0000] {spark_submit.py:495} INFO - org.apache.spark#spark-token-provider-kafka-0-10_2.12;3.1.3 from central in [default]
[2023-01-30T17:53:57.449+0000] {spark_submit.py:495} INFO - org.lz4#lz4-java;1.7.1 from central in [default]
[2023-01-30T17:53:57.449+0000] {spark_submit.py:495} INFO - org.mongodb#bson;4.0.5 from central in [default]
[2023-01-30T17:53:57.449+0000] {spark_submit.py:495} INFO - org.mongodb#mongodb-driver-core;4.0.5 from central in [default]
[2023-01-30T17:53:57.449+0000] {spark_submit.py:495} INFO - org.mongodb#mongodb-driver-sync;4.0.5 from central in [default]
[2023-01-30T17:53:57.449+0000] {spark_submit.py:495} INFO - org.mongodb.spark#mongo-spark-connector_2.12;3.0.1 from central in [default]
[2023-01-30T17:53:57.449+0000] {spark_submit.py:495} INFO - org.slf4j#slf4j-api;1.7.30 from central in [default]
[2023-01-30T17:53:57.449+0000] {spark_submit.py:495} INFO - org.spark-project.spark#unused;1.0.0 from central in [default]
[2023-01-30T17:53:57.449+0000] {spark_submit.py:495} INFO - org.xerial.snappy#snappy-java;1.1.8.2 from central in [default]
[2023-01-30T17:53:57.450+0000] {spark_submit.py:495} INFO - ---------------------------------------------------------------------
[2023-01-30T17:53:57.450+0000] {spark_submit.py:495} INFO - |                  |            modules            ||   artifacts   |
[2023-01-30T17:53:57.450+0000] {spark_submit.py:495} INFO - |       conf       | number| search|dwnlded|evicted|| number|dwnlded|
[2023-01-30T17:53:57.450+0000] {spark_submit.py:495} INFO - ---------------------------------------------------------------------
[2023-01-30T17:53:57.450+0000] {spark_submit.py:495} INFO - |      default     |   13  |   0   |   0   |   0   ||   13  |   0   |
[2023-01-30T17:53:57.450+0000] {spark_submit.py:495} INFO - ---------------------------------------------------------------------
[2023-01-30T17:53:57.454+0000] {spark_submit.py:495} INFO - :: retrieving :: org.apache.spark#spark-submit-parent-f92460f0-0424-457b-b22f-8f8b0458fef9
[2023-01-30T17:53:57.465+0000] {spark_submit.py:495} INFO - confs: [default]
[2023-01-30T17:53:57.488+0000] {spark_submit.py:495} INFO - 0 artifacts copied, 13 already retrieved (0kB/22ms)
[2023-01-30T17:53:57.714+0000] {spark_submit.py:495} INFO - 23/01/30 17:53:57 WARN NativeCodeLoader: Unable to load native-hadoop library for your platform... using builtin-java classes where applicable
[2023-01-30T17:53:58.564+0000] {spark_submit.py:495} INFO - 23/01/30 17:53:58 INFO SparkContext: Running Spark version 3.3.1
[2023-01-30T17:53:58.580+0000] {spark_submit.py:495} INFO - 23/01/30 17:53:58 INFO ResourceUtils: ==============================================================
[2023-01-30T17:53:58.580+0000] {spark_submit.py:495} INFO - 23/01/30 17:53:58 INFO ResourceUtils: No custom resources configured for spark.driver.
[2023-01-30T17:53:58.580+0000] {spark_submit.py:495} INFO - 23/01/30 17:53:58 INFO ResourceUtils: ==============================================================
[2023-01-30T17:53:58.580+0000] {spark_submit.py:495} INFO - 23/01/30 17:53:58 INFO SparkContext: Submitted application: arrow-spark
[2023-01-30T17:53:58.595+0000] {spark_submit.py:495} INFO - 23/01/30 17:53:58 INFO ResourceProfile: Default ResourceProfile created, executor resources: Map(cores -> name: cores, amount: 1, script: , vendor: , memory -> name: memory, amount: 1024, script: , vendor: , offHeap -> name: offHeap, amount: 0, script: , vendor: ), task resources: Map(cpus -> name: cpus, amount: 1.0)
[2023-01-30T17:53:58.606+0000] {spark_submit.py:495} INFO - 23/01/30 17:53:58 INFO ResourceProfile: Limiting resource is cpu
[2023-01-30T17:53:58.606+0000] {spark_submit.py:495} INFO - 23/01/30 17:53:58 INFO ResourceProfileManager: Added ResourceProfile id: 0
[2023-01-30T17:53:58.640+0000] {spark_submit.py:495} INFO - 23/01/30 17:53:58 INFO SecurityManager: Changing view acls to: default
[2023-01-30T17:53:58.640+0000] {spark_submit.py:495} INFO - 23/01/30 17:53:58 INFO SecurityManager: Changing modify acls to: default
[2023-01-30T17:53:58.641+0000] {spark_submit.py:495} INFO - 23/01/30 17:53:58 INFO SecurityManager: Changing view acls groups to:
[2023-01-30T17:53:58.641+0000] {spark_submit.py:495} INFO - 23/01/30 17:53:58 INFO SecurityManager: Changing modify acls groups to:
[2023-01-30T17:53:58.641+0000] {spark_submit.py:495} INFO - 23/01/30 17:53:58 INFO SecurityManager: SecurityManager: authentication disabled; ui acls disabled; users  with view permissions: Set(default); groups with view permissions: Set(); users  with modify permissions: Set(default); groups with modify permissions: Set()
[2023-01-30T17:53:58.861+0000] {spark_submit.py:495} INFO - 23/01/30 17:53:58 INFO Utils: Successfully started service 'sparkDriver' on port 40097.
[2023-01-30T17:53:58.881+0000] {spark_submit.py:495} INFO - 23/01/30 17:53:58 INFO SparkEnv: Registering MapOutputTracker
[2023-01-30T17:53:58.906+0000] {spark_submit.py:495} INFO - 23/01/30 17:53:58 INFO SparkEnv: Registering BlockManagerMaster
[2023-01-30T17:53:58.919+0000] {spark_submit.py:495} INFO - 23/01/30 17:53:58 INFO BlockManagerMasterEndpoint: Using org.apache.spark.storage.DefaultTopologyMapper for getting topology information
[2023-01-30T17:53:58.920+0000] {spark_submit.py:495} INFO - 23/01/30 17:53:58 INFO BlockManagerMasterEndpoint: BlockManagerMasterEndpoint up
[2023-01-30T17:53:58.923+0000] {spark_submit.py:495} INFO - 23/01/30 17:53:58 INFO SparkEnv: Registering BlockManagerMasterHeartbeat
[2023-01-30T17:53:58.943+0000] {spark_submit.py:495} INFO - 23/01/30 17:53:58 INFO DiskBlockManager: Created local directory at /tmp/blockmgr-8234b53c-16fb-4f1f-8c55-c7d45a0958bd
[2023-01-30T17:53:58.960+0000] {spark_submit.py:495} INFO - 23/01/30 17:53:58 INFO MemoryStore: MemoryStore started with capacity 434.4 MiB
[2023-01-30T17:53:58.973+0000] {spark_submit.py:495} INFO - 23/01/30 17:53:58 INFO SparkEnv: Registering OutputCommitCoordinator
[2023-01-30T17:53:59.235+0000] {spark_submit.py:495} INFO - 23/01/30 17:53:59 INFO Utils: Successfully started service 'SparkUI' on port 4040.
[2023-01-30T17:53:59.310+0000] {spark_submit.py:495} INFO - 23/01/30 17:53:59 INFO SparkContext: Added JAR file:///home/***/.ivy2/jars/org.apache.spark_spark-sql-kafka-0-10_2.12-3.1.3.jar at spark://15c99fd3082a:40097/jars/org.apache.spark_spark-sql-kafka-0-10_2.12-3.1.3.jar with timestamp 1675101238558
[2023-01-30T17:53:59.310+0000] {spark_submit.py:495} INFO - 23/01/30 17:53:59 INFO SparkContext: Added JAR file:///home/***/.ivy2/jars/org.mongodb.spark_mongo-spark-connector_2.12-3.0.1.jar at spark://15c99fd3082a:40097/jars/org.mongodb.spark_mongo-spark-connector_2.12-3.0.1.jar with timestamp 1675101238558
[2023-01-30T17:53:59.310+0000] {spark_submit.py:495} INFO - 23/01/30 17:53:59 INFO SparkContext: Added JAR file:///home/***/.ivy2/jars/org.apache.spark_spark-token-provider-kafka-0-10_2.12-3.1.3.jar at spark://15c99fd3082a:40097/jars/org.apache.spark_spark-token-provider-kafka-0-10_2.12-3.1.3.jar with timestamp 1675101238558
[2023-01-30T17:53:59.310+0000] {spark_submit.py:495} INFO - 23/01/30 17:53:59 INFO SparkContext: Added JAR file:///home/***/.ivy2/jars/org.apache.kafka_kafka-clients-2.6.0.jar at spark://15c99fd3082a:40097/jars/org.apache.kafka_kafka-clients-2.6.0.jar with timestamp 1675101238558
[2023-01-30T17:53:59.310+0000] {spark_submit.py:495} INFO - 23/01/30 17:53:59 INFO SparkContext: Added JAR file:///home/***/.ivy2/jars/org.apache.commons_commons-pool2-2.6.2.jar at spark://15c99fd3082a:40097/jars/org.apache.commons_commons-pool2-2.6.2.jar with timestamp 1675101238558
[2023-01-30T17:53:59.311+0000] {spark_submit.py:495} INFO - 23/01/30 17:53:59 INFO SparkContext: Added JAR file:///home/***/.ivy2/jars/org.spark-project.spark_unused-1.0.0.jar at spark://15c99fd3082a:40097/jars/org.spark-project.spark_unused-1.0.0.jar with timestamp 1675101238558
[2023-01-30T17:53:59.311+0000] {spark_submit.py:495} INFO - 23/01/30 17:53:59 INFO SparkContext: Added JAR file:///home/***/.ivy2/jars/com.github.luben_zstd-jni-1.4.8-1.jar at spark://15c99fd3082a:40097/jars/com.github.luben_zstd-jni-1.4.8-1.jar with timestamp 1675101238558
[2023-01-30T17:53:59.311+0000] {spark_submit.py:495} INFO - 23/01/30 17:53:59 INFO SparkContext: Added JAR file:///home/***/.ivy2/jars/org.lz4_lz4-java-1.7.1.jar at spark://15c99fd3082a:40097/jars/org.lz4_lz4-java-1.7.1.jar with timestamp 1675101238558
[2023-01-30T17:53:59.311+0000] {spark_submit.py:495} INFO - 23/01/30 17:53:59 INFO SparkContext: Added JAR file:///home/***/.ivy2/jars/org.xerial.snappy_snappy-java-1.1.8.2.jar at spark://15c99fd3082a:40097/jars/org.xerial.snappy_snappy-java-1.1.8.2.jar with timestamp 1675101238558
[2023-01-30T17:53:59.311+0000] {spark_submit.py:495} INFO - 23/01/30 17:53:59 INFO SparkContext: Added JAR file:///home/***/.ivy2/jars/org.slf4j_slf4j-api-1.7.30.jar at spark://15c99fd3082a:40097/jars/org.slf4j_slf4j-api-1.7.30.jar with timestamp 1675101238558
[2023-01-30T17:53:59.311+0000] {spark_submit.py:495} INFO - 23/01/30 17:53:59 INFO SparkContext: Added JAR file:///home/***/.ivy2/jars/org.mongodb_mongodb-driver-sync-4.0.5.jar at spark://15c99fd3082a:40097/jars/org.mongodb_mongodb-driver-sync-4.0.5.jar with timestamp 1675101238558
[2023-01-30T17:53:59.311+0000] {spark_submit.py:495} INFO - 23/01/30 17:53:59 INFO SparkContext: Added JAR file:///home/***/.ivy2/jars/org.mongodb_bson-4.0.5.jar at spark://15c99fd3082a:40097/jars/org.mongodb_bson-4.0.5.jar with timestamp 1675101238558
[2023-01-30T17:53:59.311+0000] {spark_submit.py:495} INFO - 23/01/30 17:53:59 INFO SparkContext: Added JAR file:///home/***/.ivy2/jars/org.mongodb_mongodb-driver-core-4.0.5.jar at spark://15c99fd3082a:40097/jars/org.mongodb_mongodb-driver-core-4.0.5.jar with timestamp 1675101238558
[2023-01-30T17:53:59.316+0000] {spark_submit.py:495} INFO - 23/01/30 17:53:59 INFO SparkContext: Added file file:///home/***/.ivy2/jars/org.apache.spark_spark-sql-kafka-0-10_2.12-3.1.3.jar at file:///home/***/.ivy2/jars/org.apache.spark_spark-sql-kafka-0-10_2.12-3.1.3.jar with timestamp 1675101238558
[2023-01-30T17:53:59.316+0000] {spark_submit.py:495} INFO - 23/01/30 17:53:59 INFO Utils: Copying /home/***/.ivy2/jars/org.apache.spark_spark-sql-kafka-0-10_2.12-3.1.3.jar to /tmp/spark-adfe43f4-b990-4307-a6bd-76f9c1d88795/userFiles-dcafe7f5-4452-487f-852c-561588b50e95/org.apache.spark_spark-sql-kafka-0-10_2.12-3.1.3.jar
[2023-01-30T17:53:59.333+0000] {spark_submit.py:495} INFO - 23/01/30 17:53:59 INFO SparkContext: Added file file:///home/***/.ivy2/jars/org.mongodb.spark_mongo-spark-connector_2.12-3.0.1.jar at file:///home/***/.ivy2/jars/org.mongodb.spark_mongo-spark-connector_2.12-3.0.1.jar with timestamp 1675101238558
[2023-01-30T17:53:59.333+0000] {spark_submit.py:495} INFO - 23/01/30 17:53:59 INFO Utils: Copying /home/***/.ivy2/jars/org.mongodb.spark_mongo-spark-connector_2.12-3.0.1.jar to /tmp/spark-adfe43f4-b990-4307-a6bd-76f9c1d88795/userFiles-dcafe7f5-4452-487f-852c-561588b50e95/org.mongodb.spark_mongo-spark-connector_2.12-3.0.1.jar
[2023-01-30T17:53:59.346+0000] {spark_submit.py:495} INFO - 23/01/30 17:53:59 INFO SparkContext: Added file file:///home/***/.ivy2/jars/org.apache.spark_spark-token-provider-kafka-0-10_2.12-3.1.3.jar at file:///home/***/.ivy2/jars/org.apache.spark_spark-token-provider-kafka-0-10_2.12-3.1.3.jar with timestamp 1675101238558
[2023-01-30T17:53:59.347+0000] {spark_submit.py:495} INFO - 23/01/30 17:53:59 INFO Utils: Copying /home/***/.ivy2/jars/org.apache.spark_spark-token-provider-kafka-0-10_2.12-3.1.3.jar to /tmp/spark-adfe43f4-b990-4307-a6bd-76f9c1d88795/userFiles-dcafe7f5-4452-487f-852c-561588b50e95/org.apache.spark_spark-token-provider-kafka-0-10_2.12-3.1.3.jar
[2023-01-30T17:53:59.356+0000] {spark_submit.py:495} INFO - 23/01/30 17:53:59 INFO SparkContext: Added file file:///home/***/.ivy2/jars/org.apache.kafka_kafka-clients-2.6.0.jar at file:///home/***/.ivy2/jars/org.apache.kafka_kafka-clients-2.6.0.jar with timestamp 1675101238558
[2023-01-30T17:53:59.356+0000] {spark_submit.py:495} INFO - 23/01/30 17:53:59 INFO Utils: Copying /home/***/.ivy2/jars/org.apache.kafka_kafka-clients-2.6.0.jar to /tmp/spark-adfe43f4-b990-4307-a6bd-76f9c1d88795/userFiles-dcafe7f5-4452-487f-852c-561588b50e95/org.apache.kafka_kafka-clients-2.6.0.jar
[2023-01-30T17:53:59.366+0000] {spark_submit.py:495} INFO - 23/01/30 17:53:59 INFO SparkContext: Added file file:///home/***/.ivy2/jars/org.apache.commons_commons-pool2-2.6.2.jar at file:///home/***/.ivy2/jars/org.apache.commons_commons-pool2-2.6.2.jar with timestamp 1675101238558
[2023-01-30T17:53:59.366+0000] {spark_submit.py:495} INFO - 23/01/30 17:53:59 INFO Utils: Copying /home/***/.ivy2/jars/org.apache.commons_commons-pool2-2.6.2.jar to /tmp/spark-adfe43f4-b990-4307-a6bd-76f9c1d88795/userFiles-dcafe7f5-4452-487f-852c-561588b50e95/org.apache.commons_commons-pool2-2.6.2.jar
[2023-01-30T17:53:59.371+0000] {spark_submit.py:495} INFO - 23/01/30 17:53:59 INFO SparkContext: Added file file:///home/***/.ivy2/jars/org.spark-project.spark_unused-1.0.0.jar at file:///home/***/.ivy2/jars/org.spark-project.spark_unused-1.0.0.jar with timestamp 1675101238558
[2023-01-30T17:53:59.371+0000] {spark_submit.py:495} INFO - 23/01/30 17:53:59 INFO Utils: Copying /home/***/.ivy2/jars/org.spark-project.spark_unused-1.0.0.jar to /tmp/spark-adfe43f4-b990-4307-a6bd-76f9c1d88795/userFiles-dcafe7f5-4452-487f-852c-561588b50e95/org.spark-project.spark_unused-1.0.0.jar
[2023-01-30T17:53:59.374+0000] {spark_submit.py:495} INFO - 23/01/30 17:53:59 INFO SparkContext: Added file file:///home/***/.ivy2/jars/com.github.luben_zstd-jni-1.4.8-1.jar at file:///home/***/.ivy2/jars/com.github.luben_zstd-jni-1.4.8-1.jar with timestamp 1675101238558
[2023-01-30T17:53:59.374+0000] {spark_submit.py:495} INFO - 23/01/30 17:53:59 INFO Utils: Copying /home/***/.ivy2/jars/com.github.luben_zstd-jni-1.4.8-1.jar to /tmp/spark-adfe43f4-b990-4307-a6bd-76f9c1d88795/userFiles-dcafe7f5-4452-487f-852c-561588b50e95/com.github.luben_zstd-jni-1.4.8-1.jar
[2023-01-30T17:53:59.385+0000] {spark_submit.py:495} INFO - 23/01/30 17:53:59 INFO SparkContext: Added file file:///home/***/.ivy2/jars/org.lz4_lz4-java-1.7.1.jar at file:///home/***/.ivy2/jars/org.lz4_lz4-java-1.7.1.jar with timestamp 1675101238558
[2023-01-30T17:53:59.386+0000] {spark_submit.py:495} INFO - 23/01/30 17:53:59 INFO Utils: Copying /home/***/.ivy2/jars/org.lz4_lz4-java-1.7.1.jar to /tmp/spark-adfe43f4-b990-4307-a6bd-76f9c1d88795/userFiles-dcafe7f5-4452-487f-852c-561588b50e95/org.lz4_lz4-java-1.7.1.jar
[2023-01-30T17:53:59.391+0000] {spark_submit.py:495} INFO - 23/01/30 17:53:59 INFO SparkContext: Added file file:///home/***/.ivy2/jars/org.xerial.snappy_snappy-java-1.1.8.2.jar at file:///home/***/.ivy2/jars/org.xerial.snappy_snappy-java-1.1.8.2.jar with timestamp 1675101238558
[2023-01-30T17:53:59.391+0000] {spark_submit.py:495} INFO - 23/01/30 17:53:59 INFO Utils: Copying /home/***/.ivy2/jars/org.xerial.snappy_snappy-java-1.1.8.2.jar to /tmp/spark-adfe43f4-b990-4307-a6bd-76f9c1d88795/userFiles-dcafe7f5-4452-487f-852c-561588b50e95/org.xerial.snappy_snappy-java-1.1.8.2.jar
[2023-01-30T17:53:59.396+0000] {spark_submit.py:495} INFO - 23/01/30 17:53:59 INFO SparkContext: Added file file:///home/***/.ivy2/jars/org.slf4j_slf4j-api-1.7.30.jar at file:///home/***/.ivy2/jars/org.slf4j_slf4j-api-1.7.30.jar with timestamp 1675101238558
[2023-01-30T17:53:59.396+0000] {spark_submit.py:495} INFO - 23/01/30 17:53:59 INFO Utils: Copying /home/***/.ivy2/jars/org.slf4j_slf4j-api-1.7.30.jar to /tmp/spark-adfe43f4-b990-4307-a6bd-76f9c1d88795/userFiles-dcafe7f5-4452-487f-852c-561588b50e95/org.slf4j_slf4j-api-1.7.30.jar
[2023-01-30T17:53:59.400+0000] {spark_submit.py:495} INFO - 23/01/30 17:53:59 INFO SparkContext: Added file file:///home/***/.ivy2/jars/org.mongodb_mongodb-driver-sync-4.0.5.jar at file:///home/***/.ivy2/jars/org.mongodb_mongodb-driver-sync-4.0.5.jar with timestamp 1675101238558
[2023-01-30T17:53:59.400+0000] {spark_submit.py:495} INFO - 23/01/30 17:53:59 INFO Utils: Copying /home/***/.ivy2/jars/org.mongodb_mongodb-driver-sync-4.0.5.jar to /tmp/spark-adfe43f4-b990-4307-a6bd-76f9c1d88795/userFiles-dcafe7f5-4452-487f-852c-561588b50e95/org.mongodb_mongodb-driver-sync-4.0.5.jar
[2023-01-30T17:53:59.404+0000] {spark_submit.py:495} INFO - 23/01/30 17:53:59 INFO SparkContext: Added file file:///home/***/.ivy2/jars/org.mongodb_bson-4.0.5.jar at file:///home/***/.ivy2/jars/org.mongodb_bson-4.0.5.jar with timestamp 1675101238558
[2023-01-30T17:53:59.404+0000] {spark_submit.py:495} INFO - 23/01/30 17:53:59 INFO Utils: Copying /home/***/.ivy2/jars/org.mongodb_bson-4.0.5.jar to /tmp/spark-adfe43f4-b990-4307-a6bd-76f9c1d88795/userFiles-dcafe7f5-4452-487f-852c-561588b50e95/org.mongodb_bson-4.0.5.jar
[2023-01-30T17:53:59.412+0000] {spark_submit.py:495} INFO - 23/01/30 17:53:59 INFO SparkContext: Added file file:///home/***/.ivy2/jars/org.mongodb_mongodb-driver-core-4.0.5.jar at file:///home/***/.ivy2/jars/org.mongodb_mongodb-driver-core-4.0.5.jar with timestamp 1675101238558
[2023-01-30T17:53:59.412+0000] {spark_submit.py:495} INFO - 23/01/30 17:53:59 INFO Utils: Copying /home/***/.ivy2/jars/org.mongodb_mongodb-driver-core-4.0.5.jar to /tmp/spark-adfe43f4-b990-4307-a6bd-76f9c1d88795/userFiles-dcafe7f5-4452-487f-852c-561588b50e95/org.mongodb_mongodb-driver-core-4.0.5.jar
[2023-01-30T17:53:59.521+0000] {spark_submit.py:495} INFO - 23/01/30 17:53:59 INFO Executor: Starting executor ID driver on host 15c99fd3082a
[2023-01-30T17:53:59.531+0000] {spark_submit.py:495} INFO - 23/01/30 17:53:59 INFO Executor: Starting executor with user classpath (userClassPathFirst = false): ''
[2023-01-30T17:53:59.554+0000] {spark_submit.py:495} INFO - 23/01/30 17:53:59 INFO Executor: Fetching file:///home/***/.ivy2/jars/org.apache.spark_spark-token-provider-kafka-0-10_2.12-3.1.3.jar with timestamp 1675101238558
[2023-01-30T17:53:59.584+0000] {spark_submit.py:495} INFO - 23/01/30 17:53:59 INFO Utils: /home/***/.ivy2/jars/org.apache.spark_spark-token-provider-kafka-0-10_2.12-3.1.3.jar has been previously copied to /tmp/spark-adfe43f4-b990-4307-a6bd-76f9c1d88795/userFiles-dcafe7f5-4452-487f-852c-561588b50e95/org.apache.spark_spark-token-provider-kafka-0-10_2.12-3.1.3.jar
[2023-01-30T17:53:59.612+0000] {spark_submit.py:495} INFO - 23/01/30 17:53:59 INFO Executor: Fetching file:///home/***/.ivy2/jars/org.mongodb_mongodb-driver-sync-4.0.5.jar with timestamp 1675101238558
[2023-01-30T17:53:59.613+0000] {spark_submit.py:495} INFO - 23/01/30 17:53:59 INFO Utils: /home/***/.ivy2/jars/org.mongodb_mongodb-driver-sync-4.0.5.jar has been previously copied to /tmp/spark-adfe43f4-b990-4307-a6bd-76f9c1d88795/userFiles-dcafe7f5-4452-487f-852c-561588b50e95/org.mongodb_mongodb-driver-sync-4.0.5.jar
[2023-01-30T17:53:59.626+0000] {spark_submit.py:495} INFO - 23/01/30 17:53:59 INFO Executor: Fetching file:///home/***/.ivy2/jars/org.apache.kafka_kafka-clients-2.6.0.jar with timestamp 1675101238558
[2023-01-30T17:53:59.636+0000] {spark_submit.py:495} INFO - 23/01/30 17:53:59 INFO Utils: /home/***/.ivy2/jars/org.apache.kafka_kafka-clients-2.6.0.jar has been previously copied to /tmp/spark-adfe43f4-b990-4307-a6bd-76f9c1d88795/userFiles-dcafe7f5-4452-487f-852c-561588b50e95/org.apache.kafka_kafka-clients-2.6.0.jar
[2023-01-30T17:53:59.649+0000] {spark_submit.py:495} INFO - 23/01/30 17:53:59 INFO Executor: Fetching file:///home/***/.ivy2/jars/org.mongodb_bson-4.0.5.jar with timestamp 1675101238558
[2023-01-30T17:53:59.650+0000] {spark_submit.py:495} INFO - 23/01/30 17:53:59 INFO Utils: /home/***/.ivy2/jars/org.mongodb_bson-4.0.5.jar has been previously copied to /tmp/spark-adfe43f4-b990-4307-a6bd-76f9c1d88795/userFiles-dcafe7f5-4452-487f-852c-561588b50e95/org.mongodb_bson-4.0.5.jar
[2023-01-30T17:53:59.663+0000] {spark_submit.py:495} INFO - 23/01/30 17:53:59 INFO Executor: Fetching file:///home/***/.ivy2/jars/com.github.luben_zstd-jni-1.4.8-1.jar with timestamp 1675101238558
[2023-01-30T17:53:59.669+0000] {spark_submit.py:495} INFO - 23/01/30 17:53:59 INFO Utils: /home/***/.ivy2/jars/com.github.luben_zstd-jni-1.4.8-1.jar has been previously copied to /tmp/spark-adfe43f4-b990-4307-a6bd-76f9c1d88795/userFiles-dcafe7f5-4452-487f-852c-561588b50e95/com.github.luben_zstd-jni-1.4.8-1.jar
[2023-01-30T17:53:59.689+0000] {spark_submit.py:495} INFO - 23/01/30 17:53:59 INFO Executor: Fetching file:///home/***/.ivy2/jars/org.lz4_lz4-java-1.7.1.jar with timestamp 1675101238558
[2023-01-30T17:53:59.689+0000] {spark_submit.py:495} INFO - 23/01/30 17:53:59 INFO Utils: /home/***/.ivy2/jars/org.lz4_lz4-java-1.7.1.jar has been previously copied to /tmp/spark-adfe43f4-b990-4307-a6bd-76f9c1d88795/userFiles-dcafe7f5-4452-487f-852c-561588b50e95/org.lz4_lz4-java-1.7.1.jar
[2023-01-30T17:53:59.709+0000] {spark_submit.py:495} INFO - 23/01/30 17:53:59 INFO Executor: Fetching file:///home/***/.ivy2/jars/org.spark-project.spark_unused-1.0.0.jar with timestamp 1675101238558
[2023-01-30T17:53:59.709+0000] {spark_submit.py:495} INFO - 23/01/30 17:53:59 INFO Utils: /home/***/.ivy2/jars/org.spark-project.spark_unused-1.0.0.jar has been previously copied to /tmp/spark-adfe43f4-b990-4307-a6bd-76f9c1d88795/userFiles-dcafe7f5-4452-487f-852c-561588b50e95/org.spark-project.spark_unused-1.0.0.jar
[2023-01-30T17:53:59.716+0000] {spark_submit.py:495} INFO - 23/01/30 17:53:59 INFO Executor: Fetching file:///home/***/.ivy2/jars/org.xerial.snappy_snappy-java-1.1.8.2.jar with timestamp 1675101238558
[2023-01-30T17:53:59.718+0000] {spark_submit.py:495} INFO - 23/01/30 17:53:59 INFO Utils: /home/***/.ivy2/jars/org.xerial.snappy_snappy-java-1.1.8.2.jar has been previously copied to /tmp/spark-adfe43f4-b990-4307-a6bd-76f9c1d88795/userFiles-dcafe7f5-4452-487f-852c-561588b50e95/org.xerial.snappy_snappy-java-1.1.8.2.jar
[2023-01-30T17:53:59.726+0000] {spark_submit.py:495} INFO - 23/01/30 17:53:59 INFO Executor: Fetching file:///home/***/.ivy2/jars/org.mongodb_mongodb-driver-core-4.0.5.jar with timestamp 1675101238558
[2023-01-30T17:53:59.727+0000] {spark_submit.py:495} INFO - 23/01/30 17:53:59 INFO Utils: /home/***/.ivy2/jars/org.mongodb_mongodb-driver-core-4.0.5.jar has been previously copied to /tmp/spark-adfe43f4-b990-4307-a6bd-76f9c1d88795/userFiles-dcafe7f5-4452-487f-852c-561588b50e95/org.mongodb_mongodb-driver-core-4.0.5.jar
[2023-01-30T17:53:59.734+0000] {spark_submit.py:495} INFO - 23/01/30 17:53:59 INFO Executor: Fetching file:///home/***/.ivy2/jars/org.apache.spark_spark-sql-kafka-0-10_2.12-3.1.3.jar with timestamp 1675101238558
[2023-01-30T17:53:59.734+0000] {spark_submit.py:495} INFO - 23/01/30 17:53:59 INFO Utils: /home/***/.ivy2/jars/org.apache.spark_spark-sql-kafka-0-10_2.12-3.1.3.jar has been previously copied to /tmp/spark-adfe43f4-b990-4307-a6bd-76f9c1d88795/userFiles-dcafe7f5-4452-487f-852c-561588b50e95/org.apache.spark_spark-sql-kafka-0-10_2.12-3.1.3.jar
[2023-01-30T17:53:59.738+0000] {spark_submit.py:495} INFO - 23/01/30 17:53:59 INFO Executor: Fetching file:///home/***/.ivy2/jars/org.mongodb.spark_mongo-spark-connector_2.12-3.0.1.jar with timestamp 1675101238558
[2023-01-30T17:53:59.738+0000] {spark_submit.py:495} INFO - 23/01/30 17:53:59 INFO Utils: /home/***/.ivy2/jars/org.mongodb.spark_mongo-spark-connector_2.12-3.0.1.jar has been previously copied to /tmp/spark-adfe43f4-b990-4307-a6bd-76f9c1d88795/userFiles-dcafe7f5-4452-487f-852c-561588b50e95/org.mongodb.spark_mongo-spark-connector_2.12-3.0.1.jar
[2023-01-30T17:53:59.741+0000] {spark_submit.py:495} INFO - 23/01/30 17:53:59 INFO Executor: Fetching file:///home/***/.ivy2/jars/org.apache.commons_commons-pool2-2.6.2.jar with timestamp 1675101238558
[2023-01-30T17:53:59.742+0000] {spark_submit.py:495} INFO - 23/01/30 17:53:59 INFO Utils: /home/***/.ivy2/jars/org.apache.commons_commons-pool2-2.6.2.jar has been previously copied to /tmp/spark-adfe43f4-b990-4307-a6bd-76f9c1d88795/userFiles-dcafe7f5-4452-487f-852c-561588b50e95/org.apache.commons_commons-pool2-2.6.2.jar
[2023-01-30T17:53:59.746+0000] {spark_submit.py:495} INFO - 23/01/30 17:53:59 INFO Executor: Fetching file:///home/***/.ivy2/jars/org.slf4j_slf4j-api-1.7.30.jar with timestamp 1675101238558
[2023-01-30T17:53:59.746+0000] {spark_submit.py:495} INFO - 23/01/30 17:53:59 INFO Utils: /home/***/.ivy2/jars/org.slf4j_slf4j-api-1.7.30.jar has been previously copied to /tmp/spark-adfe43f4-b990-4307-a6bd-76f9c1d88795/userFiles-dcafe7f5-4452-487f-852c-561588b50e95/org.slf4j_slf4j-api-1.7.30.jar
[2023-01-30T17:53:59.751+0000] {spark_submit.py:495} INFO - 23/01/30 17:53:59 INFO Executor: Fetching spark://15c99fd3082a:40097/jars/org.mongodb.spark_mongo-spark-connector_2.12-3.0.1.jar with timestamp 1675101238558
[2023-01-30T17:53:59.786+0000] {spark_submit.py:495} INFO - 23/01/30 17:53:59 INFO TransportClientFactory: Successfully created connection to 15c99fd3082a/172.20.0.7:40097 after 23 ms (0 ms spent in bootstraps)
[2023-01-30T17:53:59.790+0000] {spark_submit.py:495} INFO - 23/01/30 17:53:59 INFO Utils: Fetching spark://15c99fd3082a:40097/jars/org.mongodb.spark_mongo-spark-connector_2.12-3.0.1.jar to /tmp/spark-adfe43f4-b990-4307-a6bd-76f9c1d88795/userFiles-dcafe7f5-4452-487f-852c-561588b50e95/fetchFileTemp18399482657614248571.tmp
[2023-01-30T17:53:59.821+0000] {spark_submit.py:495} INFO - 23/01/30 17:53:59 INFO Utils: /tmp/spark-adfe43f4-b990-4307-a6bd-76f9c1d88795/userFiles-dcafe7f5-4452-487f-852c-561588b50e95/fetchFileTemp18399482657614248571.tmp has been previously copied to /tmp/spark-adfe43f4-b990-4307-a6bd-76f9c1d88795/userFiles-dcafe7f5-4452-487f-852c-561588b50e95/org.mongodb.spark_mongo-spark-connector_2.12-3.0.1.jar
[2023-01-30T17:53:59.826+0000] {spark_submit.py:495} INFO - 23/01/30 17:53:59 INFO Executor: Adding file:/tmp/spark-adfe43f4-b990-4307-a6bd-76f9c1d88795/userFiles-dcafe7f5-4452-487f-852c-561588b50e95/org.mongodb.spark_mongo-spark-connector_2.12-3.0.1.jar to class loader
[2023-01-30T17:53:59.826+0000] {spark_submit.py:495} INFO - 23/01/30 17:53:59 INFO Executor: Fetching spark://15c99fd3082a:40097/jars/org.apache.commons_commons-pool2-2.6.2.jar with timestamp 1675101238558
[2023-01-30T17:53:59.827+0000] {spark_submit.py:495} INFO - 23/01/30 17:53:59 INFO Utils: Fetching spark://15c99fd3082a:40097/jars/org.apache.commons_commons-pool2-2.6.2.jar to /tmp/spark-adfe43f4-b990-4307-a6bd-76f9c1d88795/userFiles-dcafe7f5-4452-487f-852c-561588b50e95/fetchFileTemp1766539339606919346.tmp
[2023-01-30T17:53:59.828+0000] {spark_submit.py:495} INFO - 23/01/30 17:53:59 INFO Utils: /tmp/spark-adfe43f4-b990-4307-a6bd-76f9c1d88795/userFiles-dcafe7f5-4452-487f-852c-561588b50e95/fetchFileTemp1766539339606919346.tmp has been previously copied to /tmp/spark-adfe43f4-b990-4307-a6bd-76f9c1d88795/userFiles-dcafe7f5-4452-487f-852c-561588b50e95/org.apache.commons_commons-pool2-2.6.2.jar
[2023-01-30T17:53:59.833+0000] {spark_submit.py:495} INFO - 23/01/30 17:53:59 INFO Executor: Adding file:/tmp/spark-adfe43f4-b990-4307-a6bd-76f9c1d88795/userFiles-dcafe7f5-4452-487f-852c-561588b50e95/org.apache.commons_commons-pool2-2.6.2.jar to class loader
[2023-01-30T17:53:59.834+0000] {spark_submit.py:495} INFO - 23/01/30 17:53:59 INFO Executor: Fetching spark://15c99fd3082a:40097/jars/org.slf4j_slf4j-api-1.7.30.jar with timestamp 1675101238558
[2023-01-30T17:53:59.835+0000] {spark_submit.py:495} INFO - 23/01/30 17:53:59 INFO Utils: Fetching spark://15c99fd3082a:40097/jars/org.slf4j_slf4j-api-1.7.30.jar to /tmp/spark-adfe43f4-b990-4307-a6bd-76f9c1d88795/userFiles-dcafe7f5-4452-487f-852c-561588b50e95/fetchFileTemp8425310524713652034.tmp
[2023-01-30T17:53:59.836+0000] {spark_submit.py:495} INFO - 23/01/30 17:53:59 INFO Utils: /tmp/spark-adfe43f4-b990-4307-a6bd-76f9c1d88795/userFiles-dcafe7f5-4452-487f-852c-561588b50e95/fetchFileTemp8425310524713652034.tmp has been previously copied to /tmp/spark-adfe43f4-b990-4307-a6bd-76f9c1d88795/userFiles-dcafe7f5-4452-487f-852c-561588b50e95/org.slf4j_slf4j-api-1.7.30.jar
[2023-01-30T17:53:59.840+0000] {spark_submit.py:495} INFO - 23/01/30 17:53:59 INFO Executor: Adding file:/tmp/spark-adfe43f4-b990-4307-a6bd-76f9c1d88795/userFiles-dcafe7f5-4452-487f-852c-561588b50e95/org.slf4j_slf4j-api-1.7.30.jar to class loader
[2023-01-30T17:53:59.840+0000] {spark_submit.py:495} INFO - 23/01/30 17:53:59 INFO Executor: Fetching spark://15c99fd3082a:40097/jars/org.apache.spark_spark-sql-kafka-0-10_2.12-3.1.3.jar with timestamp 1675101238558
[2023-01-30T17:53:59.841+0000] {spark_submit.py:495} INFO - 23/01/30 17:53:59 INFO Utils: Fetching spark://15c99fd3082a:40097/jars/org.apache.spark_spark-sql-kafka-0-10_2.12-3.1.3.jar to /tmp/spark-adfe43f4-b990-4307-a6bd-76f9c1d88795/userFiles-dcafe7f5-4452-487f-852c-561588b50e95/fetchFileTemp5383712121239105782.tmp
[2023-01-30T17:53:59.844+0000] {spark_submit.py:495} INFO - 23/01/30 17:53:59 INFO Utils: /tmp/spark-adfe43f4-b990-4307-a6bd-76f9c1d88795/userFiles-dcafe7f5-4452-487f-852c-561588b50e95/fetchFileTemp5383712121239105782.tmp has been previously copied to /tmp/spark-adfe43f4-b990-4307-a6bd-76f9c1d88795/userFiles-dcafe7f5-4452-487f-852c-561588b50e95/org.apache.spark_spark-sql-kafka-0-10_2.12-3.1.3.jar
[2023-01-30T17:53:59.847+0000] {spark_submit.py:495} INFO - 23/01/30 17:53:59 INFO Executor: Adding file:/tmp/spark-adfe43f4-b990-4307-a6bd-76f9c1d88795/userFiles-dcafe7f5-4452-487f-852c-561588b50e95/org.apache.spark_spark-sql-kafka-0-10_2.12-3.1.3.jar to class loader
[2023-01-30T17:53:59.847+0000] {spark_submit.py:495} INFO - 23/01/30 17:53:59 INFO Executor: Fetching spark://15c99fd3082a:40097/jars/org.mongodb_mongodb-driver-sync-4.0.5.jar with timestamp 1675101238558
[2023-01-30T17:53:59.848+0000] {spark_submit.py:495} INFO - 23/01/30 17:53:59 INFO Utils: Fetching spark://15c99fd3082a:40097/jars/org.mongodb_mongodb-driver-sync-4.0.5.jar to /tmp/spark-adfe43f4-b990-4307-a6bd-76f9c1d88795/userFiles-dcafe7f5-4452-487f-852c-561588b50e95/fetchFileTemp5314215241583283868.tmp
[2023-01-30T17:53:59.851+0000] {spark_submit.py:495} INFO - 23/01/30 17:53:59 INFO Utils: /tmp/spark-adfe43f4-b990-4307-a6bd-76f9c1d88795/userFiles-dcafe7f5-4452-487f-852c-561588b50e95/fetchFileTemp5314215241583283868.tmp has been previously copied to /tmp/spark-adfe43f4-b990-4307-a6bd-76f9c1d88795/userFiles-dcafe7f5-4452-487f-852c-561588b50e95/org.mongodb_mongodb-driver-sync-4.0.5.jar
[2023-01-30T17:53:59.856+0000] {spark_submit.py:495} INFO - 23/01/30 17:53:59 INFO Executor: Adding file:/tmp/spark-adfe43f4-b990-4307-a6bd-76f9c1d88795/userFiles-dcafe7f5-4452-487f-852c-561588b50e95/org.mongodb_mongodb-driver-sync-4.0.5.jar to class loader
[2023-01-30T17:53:59.856+0000] {spark_submit.py:495} INFO - 23/01/30 17:53:59 INFO Executor: Fetching spark://15c99fd3082a:40097/jars/org.mongodb_bson-4.0.5.jar with timestamp 1675101238558
[2023-01-30T17:53:59.856+0000] {spark_submit.py:495} INFO - 23/01/30 17:53:59 INFO Utils: Fetching spark://15c99fd3082a:40097/jars/org.mongodb_bson-4.0.5.jar to /tmp/spark-adfe43f4-b990-4307-a6bd-76f9c1d88795/userFiles-dcafe7f5-4452-487f-852c-561588b50e95/fetchFileTemp11797659536561492695.tmp
[2023-01-30T17:53:59.861+0000] {spark_submit.py:495} INFO - 23/01/30 17:53:59 INFO Utils: /tmp/spark-adfe43f4-b990-4307-a6bd-76f9c1d88795/userFiles-dcafe7f5-4452-487f-852c-561588b50e95/fetchFileTemp11797659536561492695.tmp has been previously copied to /tmp/spark-adfe43f4-b990-4307-a6bd-76f9c1d88795/userFiles-dcafe7f5-4452-487f-852c-561588b50e95/org.mongodb_bson-4.0.5.jar
[2023-01-30T17:53:59.865+0000] {spark_submit.py:495} INFO - 23/01/30 17:53:59 INFO Executor: Adding file:/tmp/spark-adfe43f4-b990-4307-a6bd-76f9c1d88795/userFiles-dcafe7f5-4452-487f-852c-561588b50e95/org.mongodb_bson-4.0.5.jar to class loader
[2023-01-30T17:53:59.867+0000] {spark_submit.py:495} INFO - 23/01/30 17:53:59 INFO Executor: Fetching spark://15c99fd3082a:40097/jars/org.apache.spark_spark-token-provider-kafka-0-10_2.12-3.1.3.jar with timestamp 1675101238558
[2023-01-30T17:53:59.867+0000] {spark_submit.py:495} INFO - 23/01/30 17:53:59 INFO Utils: Fetching spark://15c99fd3082a:40097/jars/org.apache.spark_spark-token-provider-kafka-0-10_2.12-3.1.3.jar to /tmp/spark-adfe43f4-b990-4307-a6bd-76f9c1d88795/userFiles-dcafe7f5-4452-487f-852c-561588b50e95/fetchFileTemp8990574505282799048.tmp
[2023-01-30T17:53:59.869+0000] {spark_submit.py:495} INFO - 23/01/30 17:53:59 INFO Utils: /tmp/spark-adfe43f4-b990-4307-a6bd-76f9c1d88795/userFiles-dcafe7f5-4452-487f-852c-561588b50e95/fetchFileTemp8990574505282799048.tmp has been previously copied to /tmp/spark-adfe43f4-b990-4307-a6bd-76f9c1d88795/userFiles-dcafe7f5-4452-487f-852c-561588b50e95/org.apache.spark_spark-token-provider-kafka-0-10_2.12-3.1.3.jar
[2023-01-30T17:53:59.872+0000] {spark_submit.py:495} INFO - 23/01/30 17:53:59 INFO Executor: Adding file:/tmp/spark-adfe43f4-b990-4307-a6bd-76f9c1d88795/userFiles-dcafe7f5-4452-487f-852c-561588b50e95/org.apache.spark_spark-token-provider-kafka-0-10_2.12-3.1.3.jar to class loader
[2023-01-30T17:53:59.872+0000] {spark_submit.py:495} INFO - 23/01/30 17:53:59 INFO Executor: Fetching spark://15c99fd3082a:40097/jars/org.lz4_lz4-java-1.7.1.jar with timestamp 1675101238558
[2023-01-30T17:53:59.873+0000] {spark_submit.py:495} INFO - 23/01/30 17:53:59 INFO Utils: Fetching spark://15c99fd3082a:40097/jars/org.lz4_lz4-java-1.7.1.jar to /tmp/spark-adfe43f4-b990-4307-a6bd-76f9c1d88795/userFiles-dcafe7f5-4452-487f-852c-561588b50e95/fetchFileTemp2662564584157777142.tmp
[2023-01-30T17:53:59.879+0000] {spark_submit.py:495} INFO - 23/01/30 17:53:59 INFO Utils: /tmp/spark-adfe43f4-b990-4307-a6bd-76f9c1d88795/userFiles-dcafe7f5-4452-487f-852c-561588b50e95/fetchFileTemp2662564584157777142.tmp has been previously copied to /tmp/spark-adfe43f4-b990-4307-a6bd-76f9c1d88795/userFiles-dcafe7f5-4452-487f-852c-561588b50e95/org.lz4_lz4-java-1.7.1.jar
[2023-01-30T17:53:59.884+0000] {spark_submit.py:495} INFO - 23/01/30 17:53:59 INFO Executor: Adding file:/tmp/spark-adfe43f4-b990-4307-a6bd-76f9c1d88795/userFiles-dcafe7f5-4452-487f-852c-561588b50e95/org.lz4_lz4-java-1.7.1.jar to class loader
[2023-01-30T17:53:59.884+0000] {spark_submit.py:495} INFO - 23/01/30 17:53:59 INFO Executor: Fetching spark://15c99fd3082a:40097/jars/com.github.luben_zstd-jni-1.4.8-1.jar with timestamp 1675101238558
[2023-01-30T17:53:59.885+0000] {spark_submit.py:495} INFO - 23/01/30 17:53:59 INFO Utils: Fetching spark://15c99fd3082a:40097/jars/com.github.luben_zstd-jni-1.4.8-1.jar to /tmp/spark-adfe43f4-b990-4307-a6bd-76f9c1d88795/userFiles-dcafe7f5-4452-487f-852c-561588b50e95/fetchFileTemp2510822704759696315.tmp
[2023-01-30T17:53:59.922+0000] {spark_submit.py:495} INFO - 23/01/30 17:53:59 INFO Utils: /tmp/spark-adfe43f4-b990-4307-a6bd-76f9c1d88795/userFiles-dcafe7f5-4452-487f-852c-561588b50e95/fetchFileTemp2510822704759696315.tmp has been previously copied to /tmp/spark-adfe43f4-b990-4307-a6bd-76f9c1d88795/userFiles-dcafe7f5-4452-487f-852c-561588b50e95/com.github.luben_zstd-jni-1.4.8-1.jar
[2023-01-30T17:53:59.948+0000] {spark_submit.py:495} INFO - 23/01/30 17:53:59 INFO Executor: Adding file:/tmp/spark-adfe43f4-b990-4307-a6bd-76f9c1d88795/userFiles-dcafe7f5-4452-487f-852c-561588b50e95/com.github.luben_zstd-jni-1.4.8-1.jar to class loader
[2023-01-30T17:53:59.948+0000] {spark_submit.py:495} INFO - 23/01/30 17:53:59 INFO Executor: Fetching spark://15c99fd3082a:40097/jars/org.mongodb_mongodb-driver-core-4.0.5.jar with timestamp 1675101238558
[2023-01-30T17:53:59.948+0000] {spark_submit.py:495} INFO - 23/01/30 17:53:59 INFO Utils: Fetching spark://15c99fd3082a:40097/jars/org.mongodb_mongodb-driver-core-4.0.5.jar to /tmp/spark-adfe43f4-b990-4307-a6bd-76f9c1d88795/userFiles-dcafe7f5-4452-487f-852c-561588b50e95/fetchFileTemp4917930649841948943.tmp
[2023-01-30T17:53:59.955+0000] {spark_submit.py:495} INFO - 23/01/30 17:53:59 INFO Utils: /tmp/spark-adfe43f4-b990-4307-a6bd-76f9c1d88795/userFiles-dcafe7f5-4452-487f-852c-561588b50e95/fetchFileTemp4917930649841948943.tmp has been previously copied to /tmp/spark-adfe43f4-b990-4307-a6bd-76f9c1d88795/userFiles-dcafe7f5-4452-487f-852c-561588b50e95/org.mongodb_mongodb-driver-core-4.0.5.jar
[2023-01-30T17:53:59.964+0000] {spark_submit.py:495} INFO - 23/01/30 17:53:59 INFO Executor: Adding file:/tmp/spark-adfe43f4-b990-4307-a6bd-76f9c1d88795/userFiles-dcafe7f5-4452-487f-852c-561588b50e95/org.mongodb_mongodb-driver-core-4.0.5.jar to class loader
[2023-01-30T17:53:59.966+0000] {spark_submit.py:495} INFO - 23/01/30 17:53:59 INFO Executor: Fetching spark://15c99fd3082a:40097/jars/org.xerial.snappy_snappy-java-1.1.8.2.jar with timestamp 1675101238558
[2023-01-30T17:53:59.966+0000] {spark_submit.py:495} INFO - 23/01/30 17:53:59 INFO Utils: Fetching spark://15c99fd3082a:40097/jars/org.xerial.snappy_snappy-java-1.1.8.2.jar to /tmp/spark-adfe43f4-b990-4307-a6bd-76f9c1d88795/userFiles-dcafe7f5-4452-487f-852c-561588b50e95/fetchFileTemp9402174353113824997.tmp
[2023-01-30T17:53:59.986+0000] {spark_submit.py:495} INFO - 23/01/30 17:53:59 INFO Utils: /tmp/spark-adfe43f4-b990-4307-a6bd-76f9c1d88795/userFiles-dcafe7f5-4452-487f-852c-561588b50e95/fetchFileTemp9402174353113824997.tmp has been previously copied to /tmp/spark-adfe43f4-b990-4307-a6bd-76f9c1d88795/userFiles-dcafe7f5-4452-487f-852c-561588b50e95/org.xerial.snappy_snappy-java-1.1.8.2.jar
[2023-01-30T17:53:59.988+0000] {spark_submit.py:495} INFO - 23/01/30 17:53:59 INFO Executor: Adding file:/tmp/spark-adfe43f4-b990-4307-a6bd-76f9c1d88795/userFiles-dcafe7f5-4452-487f-852c-561588b50e95/org.xerial.snappy_snappy-java-1.1.8.2.jar to class loader
[2023-01-30T17:53:59.989+0000] {spark_submit.py:495} INFO - 23/01/30 17:53:59 INFO Executor: Fetching spark://15c99fd3082a:40097/jars/org.apache.kafka_kafka-clients-2.6.0.jar with timestamp 1675101238558
[2023-01-30T17:53:59.989+0000] {spark_submit.py:495} INFO - 23/01/30 17:53:59 INFO Utils: Fetching spark://15c99fd3082a:40097/jars/org.apache.kafka_kafka-clients-2.6.0.jar to /tmp/spark-adfe43f4-b990-4307-a6bd-76f9c1d88795/userFiles-dcafe7f5-4452-487f-852c-561588b50e95/fetchFileTemp3946818393252779915.tmp
[2023-01-30T17:54:00.011+0000] {spark_submit.py:495} INFO - 23/01/30 17:54:00 INFO Utils: /tmp/spark-adfe43f4-b990-4307-a6bd-76f9c1d88795/userFiles-dcafe7f5-4452-487f-852c-561588b50e95/fetchFileTemp3946818393252779915.tmp has been previously copied to /tmp/spark-adfe43f4-b990-4307-a6bd-76f9c1d88795/userFiles-dcafe7f5-4452-487f-852c-561588b50e95/org.apache.kafka_kafka-clients-2.6.0.jar
[2023-01-30T17:54:00.019+0000] {spark_submit.py:495} INFO - 23/01/30 17:54:00 INFO Executor: Adding file:/tmp/spark-adfe43f4-b990-4307-a6bd-76f9c1d88795/userFiles-dcafe7f5-4452-487f-852c-561588b50e95/org.apache.kafka_kafka-clients-2.6.0.jar to class loader
[2023-01-30T17:54:00.020+0000] {spark_submit.py:495} INFO - 23/01/30 17:54:00 INFO Executor: Fetching spark://15c99fd3082a:40097/jars/org.spark-project.spark_unused-1.0.0.jar with timestamp 1675101238558
[2023-01-30T17:54:00.020+0000] {spark_submit.py:495} INFO - 23/01/30 17:54:00 INFO Utils: Fetching spark://15c99fd3082a:40097/jars/org.spark-project.spark_unused-1.0.0.jar to /tmp/spark-adfe43f4-b990-4307-a6bd-76f9c1d88795/userFiles-dcafe7f5-4452-487f-852c-561588b50e95/fetchFileTemp17417454339956763365.tmp
[2023-01-30T17:54:00.036+0000] {spark_submit.py:495} INFO - 23/01/30 17:54:00 INFO Utils: /tmp/spark-adfe43f4-b990-4307-a6bd-76f9c1d88795/userFiles-dcafe7f5-4452-487f-852c-561588b50e95/fetchFileTemp17417454339956763365.tmp has been previously copied to /tmp/spark-adfe43f4-b990-4307-a6bd-76f9c1d88795/userFiles-dcafe7f5-4452-487f-852c-561588b50e95/org.spark-project.spark_unused-1.0.0.jar
[2023-01-30T17:54:00.042+0000] {spark_submit.py:495} INFO - 23/01/30 17:54:00 INFO Executor: Adding file:/tmp/spark-adfe43f4-b990-4307-a6bd-76f9c1d88795/userFiles-dcafe7f5-4452-487f-852c-561588b50e95/org.spark-project.spark_unused-1.0.0.jar to class loader
[2023-01-30T17:54:00.069+0000] {spark_submit.py:495} INFO - 23/01/30 17:54:00 INFO Utils: Successfully started service 'org.apache.spark.network.netty.NettyBlockTransferService' on port 37993.
[2023-01-30T17:54:00.072+0000] {spark_submit.py:495} INFO - 23/01/30 17:54:00 INFO NettyBlockTransferService: Server created on 15c99fd3082a:37993
[2023-01-30T17:54:00.075+0000] {spark_submit.py:495} INFO - 23/01/30 17:54:00 INFO BlockManager: Using org.apache.spark.storage.RandomBlockReplicationPolicy for block replication policy
[2023-01-30T17:54:00.099+0000] {spark_submit.py:495} INFO - 23/01/30 17:54:00 INFO BlockManagerMaster: Registering BlockManager BlockManagerId(driver, 15c99fd3082a, 37993, None)
[2023-01-30T17:54:00.109+0000] {spark_submit.py:495} INFO - 23/01/30 17:54:00 INFO BlockManagerMasterEndpoint: Registering block manager 15c99fd3082a:37993 with 434.4 MiB RAM, BlockManagerId(driver, 15c99fd3082a, 37993, None)
[2023-01-30T17:54:00.131+0000] {spark_submit.py:495} INFO - 23/01/30 17:54:00 INFO BlockManagerMaster: Registered BlockManager BlockManagerId(driver, 15c99fd3082a, 37993, None)
[2023-01-30T17:54:00.135+0000] {spark_submit.py:495} INFO - 23/01/30 17:54:00 INFO BlockManager: Initialized BlockManager: BlockManagerId(driver, 15c99fd3082a, 37993, None)
[2023-01-30T17:54:05.419+0000] {spark_submit.py:495} INFO - 2023-01-30 17:54:05,418 - py4j.java_gateway - INFO - Callback Server Starting
[2023-01-30T17:54:05.419+0000] {spark_submit.py:495} INFO - 2023-01-30 17:54:05,419 - py4j.java_gateway - INFO - Socket listening on ('127.0.0.1', 40801)
[2023-01-30T17:54:05.539+0000] {local_task_job.py:207} WARNING - Recorded pid 12501 does not match the current pid 12313
[2023-01-30T17:54:05.540+0000] {process_utils.py:133} INFO - Sending Signals.SIGTERM to group 12313. PIDs of all processes in the group: [12314, 12368, 12596, 12313]
[2023-01-30T17:54:05.541+0000] {process_utils.py:84} INFO - Sending the signal Signals.SIGTERM to group 12313
[2023-01-30T17:54:05.541+0000] {taskinstance.py:1483} ERROR - Received SIGTERM. Terminating subprocesses.
[2023-01-30T17:54:05.541+0000] {spark_submit.py:620} INFO - Sending kill signal to spark-submit
[2023-01-30T17:54:05.552+0000] {taskinstance.py:1772} ERROR - Task failed with exception
Traceback (most recent call last):
  File "/home/airflow/.local/lib/python3.7/site-packages/airflow/providers/apache/spark/operators/spark_submit.py", line 157, in execute
    self._hook.submit(self._application)
  File "/home/airflow/.local/lib/python3.7/site-packages/airflow/providers/apache/spark/hooks/spark_submit.py", line 414, in submit
    self._process_spark_submit_log(iter(self._submit_sp.stdout))  # type: ignore
  File "/home/airflow/.local/lib/python3.7/site-packages/airflow/providers/apache/spark/hooks/spark_submit.py", line 463, in _process_spark_submit_log
    for line in itr:
  File "/home/airflow/.local/lib/python3.7/site-packages/airflow/models/taskinstance.py", line 1485, in signal_handler
    raise AirflowException("Task received SIGTERM signal")
airflow.exceptions.AirflowException: Task received SIGTERM signal
[2023-01-30T17:54:05.561+0000] {taskinstance.py:1327} INFO - Marking task as UP_FOR_RETRY. dag_id=Streaming_pipeline_meli, task_id=consumer_data_of_topic, execution_date=20230127T184927, start_date=20230130T175401, end_date=20230130T175405
[2023-01-30T17:54:05.592+0000] {standard_task_runner.py:105} ERROR - Failed to execute job 1232 for task consumer_data_of_topic (Task received SIGTERM signal; 12313)
[2023-01-30T17:54:05.607+0000] {process_utils.py:79} INFO - Process psutil.Process(pid=12596, status='terminated', started='17:54:05') (12596) terminated with exit code None
[2023-01-30T17:54:05.614+0000] {process_utils.py:79} INFO - Process psutil.Process(pid=12313, status='terminated', exitcode=1, started='17:53:55') (12313) terminated with exit code 1
[2023-01-30T17:54:05.614+0000] {process_utils.py:79} INFO - Process psutil.Process(pid=12314, status='terminated', started='17:53:55') (12314) terminated with exit code None
[2023-01-30T17:54:05.614+0000] {process_utils.py:79} INFO - Process psutil.Process(pid=12368, status='terminated', started='17:53:57') (12368) terminated with exit code None
