[2023-01-29T08:03:23.511+0000] {taskinstance.py:1087} INFO - Dependencies all met for <TaskInstance: Streaming_pipeline_meli.consumer_data_of_topic manual__2023-01-27T18:49:27.597637+00:00 [queued]>
[2023-01-29T08:03:23.527+0000] {taskinstance.py:1087} INFO - Dependencies all met for <TaskInstance: Streaming_pipeline_meli.consumer_data_of_topic manual__2023-01-27T18:49:27.597637+00:00 [queued]>
[2023-01-29T08:03:23.527+0000] {taskinstance.py:1283} INFO - 
--------------------------------------------------------------------------------
[2023-01-29T08:03:23.527+0000] {taskinstance.py:1284} INFO - Starting attempt 31 of 36
[2023-01-29T08:03:23.527+0000] {taskinstance.py:1285} INFO - 
--------------------------------------------------------------------------------
[2023-01-29T08:03:23.549+0000] {taskinstance.py:1304} INFO - Executing <Task(SparkSubmitOperator): consumer_data_of_topic> on 2023-01-27 18:49:27.597637+00:00
[2023-01-29T08:03:23.554+0000] {standard_task_runner.py:55} INFO - Started process 16965 to run task
[2023-01-29T08:03:23.557+0000] {standard_task_runner.py:82} INFO - Running: ['***', 'tasks', 'run', 'Streaming_pipeline_meli', 'consumer_data_of_topic', 'manual__2023-01-27T18:49:27.597637+00:00', '--job-id', '1195', '--raw', '--subdir', 'DAGS_FOLDER/streamPipeline.py', '--cfg-path', '/tmp/tmp77v13p2t']
[2023-01-29T08:03:23.557+0000] {standard_task_runner.py:83} INFO - Job 1195: Subtask consumer_data_of_topic
[2023-01-29T08:03:23.623+0000] {task_command.py:389} INFO - Running <TaskInstance: Streaming_pipeline_meli.consumer_data_of_topic manual__2023-01-27T18:49:27.597637+00:00 [running]> on host 15c99fd3082a
[2023-01-29T08:03:23.691+0000] {taskinstance.py:1513} INFO - Exporting the following env vars:
AIRFLOW_CTX_DAG_OWNER=***
AIRFLOW_CTX_DAG_ID=Streaming_pipeline_meli
AIRFLOW_CTX_TASK_ID=consumer_data_of_topic
AIRFLOW_CTX_EXECUTION_DATE=2023-01-27T18:49:27.597637+00:00
AIRFLOW_CTX_TRY_NUMBER=31
AIRFLOW_CTX_DAG_RUN_ID=manual__2023-01-27T18:49:27.597637+00:00
[2023-01-29T08:03:23.699+0000] {base.py:73} INFO - Using connection ID 'spark_default' for task execution.
[2023-01-29T08:03:23.700+0000] {spark_submit.py:344} INFO - Spark-Submit cmd: spark-submit --master spark://tomi-H310:7077 --packages org.apache.spark:spark-sql-kafka-0-10_2.12:3.1.3,org.mongodb.spark:mongo-spark-connector_2.12:3.0.1 --name arrow-spark --queue root.default /opt/***/dags/consumerSpark.py
[2023-01-29T08:03:23.817+0000] {spark_submit.py:495} INFO - /home/***/.local/lib/python3.7/site-packages/pyspark/bin/load-spark-env.sh: line 68: ps: command not found
[2023-01-29T08:03:25.685+0000] {spark_submit.py:495} INFO - :: loading settings :: url = jar:file:/home/***/.local/lib/python3.7/site-packages/pyspark/jars/ivy-2.5.0.jar!/org/apache/ivy/core/settings/ivysettings.xml
[2023-01-29T08:03:25.835+0000] {spark_submit.py:495} INFO - Ivy Default Cache set to: /home/***/.ivy2/cache
[2023-01-29T08:03:25.836+0000] {spark_submit.py:495} INFO - The jars for the packages stored in: /home/***/.ivy2/jars
[2023-01-29T08:03:25.857+0000] {spark_submit.py:495} INFO - org.apache.spark#spark-sql-kafka-0-10_2.12 added as a dependency
[2023-01-29T08:03:25.859+0000] {spark_submit.py:495} INFO - org.mongodb.spark#mongo-spark-connector_2.12 added as a dependency
[2023-01-29T08:03:25.861+0000] {spark_submit.py:495} INFO - :: resolving dependencies :: org.apache.spark#spark-submit-parent-dcc452c2-519b-4699-9109-74f803076efd;1.0
[2023-01-29T08:03:25.861+0000] {spark_submit.py:495} INFO - confs: [default]
[2023-01-29T08:03:26.195+0000] {spark_submit.py:495} INFO - found org.apache.spark#spark-sql-kafka-0-10_2.12;3.1.3 in central
[2023-01-29T08:03:26.288+0000] {spark_submit.py:495} INFO - found org.apache.spark#spark-token-provider-kafka-0-10_2.12;3.1.3 in central
[2023-01-29T08:03:26.314+0000] {spark_submit.py:495} INFO - found org.apache.kafka#kafka-clients;2.6.0 in central
[2023-01-29T08:03:26.388+0000] {spark_submit.py:495} INFO - found com.github.luben#zstd-jni;1.4.8-1 in central
[2023-01-29T08:03:26.433+0000] {spark_submit.py:495} INFO - found org.lz4#lz4-java;1.7.1 in central
[2023-01-29T08:03:26.466+0000] {spark_submit.py:495} INFO - found org.xerial.snappy#snappy-java;1.1.8.2 in central
[2023-01-29T08:03:26.493+0000] {spark_submit.py:495} INFO - found org.slf4j#slf4j-api;1.7.30 in central
[2023-01-29T08:03:26.513+0000] {spark_submit.py:495} INFO - found org.spark-project.spark#unused;1.0.0 in central
[2023-01-29T08:03:26.538+0000] {spark_submit.py:495} INFO - found org.apache.commons#commons-pool2;2.6.2 in central
[2023-01-29T08:03:26.558+0000] {spark_submit.py:495} INFO - found org.mongodb.spark#mongo-spark-connector_2.12;3.0.1 in central
[2023-01-29T08:03:26.577+0000] {spark_submit.py:495} INFO - found org.mongodb#mongodb-driver-sync;4.0.5 in central
[2023-01-29T08:03:26.592+0000] {spark_submit.py:495} INFO - found org.mongodb#bson;4.0.5 in central
[2023-01-29T08:03:26.607+0000] {spark_submit.py:495} INFO - found org.mongodb#mongodb-driver-core;4.0.5 in central
[2023-01-29T08:03:26.655+0000] {spark_submit.py:495} INFO - :: resolution report :: resolve 766ms :: artifacts dl 30ms
[2023-01-29T08:03:26.655+0000] {spark_submit.py:495} INFO - :: modules in use:
[2023-01-29T08:03:26.656+0000] {spark_submit.py:495} INFO - com.github.luben#zstd-jni;1.4.8-1 from central in [default]
[2023-01-29T08:03:26.656+0000] {spark_submit.py:495} INFO - org.apache.commons#commons-pool2;2.6.2 from central in [default]
[2023-01-29T08:03:26.656+0000] {spark_submit.py:495} INFO - org.apache.kafka#kafka-clients;2.6.0 from central in [default]
[2023-01-29T08:03:26.656+0000] {spark_submit.py:495} INFO - org.apache.spark#spark-sql-kafka-0-10_2.12;3.1.3 from central in [default]
[2023-01-29T08:03:26.658+0000] {spark_submit.py:495} INFO - org.apache.spark#spark-token-provider-kafka-0-10_2.12;3.1.3 from central in [default]
[2023-01-29T08:03:26.658+0000] {spark_submit.py:495} INFO - org.lz4#lz4-java;1.7.1 from central in [default]
[2023-01-29T08:03:26.658+0000] {spark_submit.py:495} INFO - org.mongodb#bson;4.0.5 from central in [default]
[2023-01-29T08:03:26.659+0000] {spark_submit.py:495} INFO - org.mongodb#mongodb-driver-core;4.0.5 from central in [default]
[2023-01-29T08:03:26.659+0000] {spark_submit.py:495} INFO - org.mongodb#mongodb-driver-sync;4.0.5 from central in [default]
[2023-01-29T08:03:26.659+0000] {spark_submit.py:495} INFO - org.mongodb.spark#mongo-spark-connector_2.12;3.0.1 from central in [default]
[2023-01-29T08:03:26.659+0000] {spark_submit.py:495} INFO - org.slf4j#slf4j-api;1.7.30 from central in [default]
[2023-01-29T08:03:26.660+0000] {spark_submit.py:495} INFO - org.spark-project.spark#unused;1.0.0 from central in [default]
[2023-01-29T08:03:26.660+0000] {spark_submit.py:495} INFO - org.xerial.snappy#snappy-java;1.1.8.2 from central in [default]
[2023-01-29T08:03:26.661+0000] {spark_submit.py:495} INFO - ---------------------------------------------------------------------
[2023-01-29T08:03:26.661+0000] {spark_submit.py:495} INFO - |                  |            modules            ||   artifacts   |
[2023-01-29T08:03:26.661+0000] {spark_submit.py:495} INFO - |       conf       | number| search|dwnlded|evicted|| number|dwnlded|
[2023-01-29T08:03:26.661+0000] {spark_submit.py:495} INFO - ---------------------------------------------------------------------
[2023-01-29T08:03:26.662+0000] {spark_submit.py:495} INFO - |      default     |   13  |   0   |   0   |   0   ||   13  |   0   |
[2023-01-29T08:03:26.663+0000] {spark_submit.py:495} INFO - ---------------------------------------------------------------------
[2023-01-29T08:03:26.689+0000] {spark_submit.py:495} INFO - :: retrieving :: org.apache.spark#spark-submit-parent-dcc452c2-519b-4699-9109-74f803076efd
[2023-01-29T08:03:26.689+0000] {spark_submit.py:495} INFO - confs: [default]
[2023-01-29T08:03:26.711+0000] {spark_submit.py:495} INFO - 0 artifacts copied, 13 already retrieved (0kB/20ms)
[2023-01-29T08:03:27.122+0000] {spark_submit.py:495} INFO - 23/01/29 08:03:27 WARN NativeCodeLoader: Unable to load native-hadoop library for your platform... using builtin-java classes where applicable
[2023-01-29T08:03:28.308+0000] {spark_submit.py:495} INFO - 23/01/29 08:03:28 INFO SparkContext: Running Spark version 3.3.1
[2023-01-29T08:03:28.338+0000] {spark_submit.py:495} INFO - 23/01/29 08:03:28 INFO ResourceUtils: ==============================================================
[2023-01-29T08:03:28.338+0000] {spark_submit.py:495} INFO - 23/01/29 08:03:28 INFO ResourceUtils: No custom resources configured for spark.driver.
[2023-01-29T08:03:28.339+0000] {spark_submit.py:495} INFO - 23/01/29 08:03:28 INFO ResourceUtils: ==============================================================
[2023-01-29T08:03:28.340+0000] {spark_submit.py:495} INFO - 23/01/29 08:03:28 INFO SparkContext: Submitted application: arrow-spark
[2023-01-29T08:03:28.382+0000] {spark_submit.py:495} INFO - 23/01/29 08:03:28 INFO ResourceProfile: Default ResourceProfile created, executor resources: Map(cores -> name: cores, amount: 1, script: , vendor: , memory -> name: memory, amount: 1024, script: , vendor: , offHeap -> name: offHeap, amount: 0, script: , vendor: ), task resources: Map(cpus -> name: cpus, amount: 1.0)
[2023-01-29T08:03:28.397+0000] {spark_submit.py:495} INFO - 23/01/29 08:03:28 INFO ResourceProfile: Limiting resource is cpu
[2023-01-29T08:03:28.398+0000] {spark_submit.py:495} INFO - 23/01/29 08:03:28 INFO ResourceProfileManager: Added ResourceProfile id: 0
[2023-01-29T08:03:28.453+0000] {spark_submit.py:495} INFO - 23/01/29 08:03:28 INFO SecurityManager: Changing view acls to: default
[2023-01-29T08:03:28.454+0000] {spark_submit.py:495} INFO - 23/01/29 08:03:28 INFO SecurityManager: Changing modify acls to: default
[2023-01-29T08:03:28.462+0000] {spark_submit.py:495} INFO - 23/01/29 08:03:28 INFO SecurityManager: Changing view acls groups to:
[2023-01-29T08:03:28.466+0000] {spark_submit.py:495} INFO - 23/01/29 08:03:28 INFO SecurityManager: Changing modify acls groups to:
[2023-01-29T08:03:28.466+0000] {spark_submit.py:495} INFO - 23/01/29 08:03:28 INFO SecurityManager: SecurityManager: authentication disabled; ui acls disabled; users  with view permissions: Set(default); groups with view permissions: Set(); users  with modify permissions: Set(default); groups with modify permissions: Set()
[2023-01-29T08:03:28.761+0000] {spark_submit.py:495} INFO - 23/01/29 08:03:28 INFO Utils: Successfully started service 'sparkDriver' on port 37515.
[2023-01-29T08:03:28.799+0000] {spark_submit.py:495} INFO - 23/01/29 08:03:28 INFO SparkEnv: Registering MapOutputTracker
[2023-01-29T08:03:28.837+0000] {spark_submit.py:495} INFO - 23/01/29 08:03:28 INFO SparkEnv: Registering BlockManagerMaster
[2023-01-29T08:03:28.858+0000] {spark_submit.py:495} INFO - 23/01/29 08:03:28 INFO BlockManagerMasterEndpoint: Using org.apache.spark.storage.DefaultTopologyMapper for getting topology information
[2023-01-29T08:03:28.858+0000] {spark_submit.py:495} INFO - 23/01/29 08:03:28 INFO BlockManagerMasterEndpoint: BlockManagerMasterEndpoint up
[2023-01-29T08:03:28.861+0000] {spark_submit.py:495} INFO - 23/01/29 08:03:28 INFO SparkEnv: Registering BlockManagerMasterHeartbeat
[2023-01-29T08:03:28.884+0000] {spark_submit.py:495} INFO - 23/01/29 08:03:28 INFO DiskBlockManager: Created local directory at /tmp/blockmgr-69aaf9cc-05d9-4a75-95b9-222d9e6285ee
[2023-01-29T08:03:28.905+0000] {spark_submit.py:495} INFO - 23/01/29 08:03:28 INFO MemoryStore: MemoryStore started with capacity 434.4 MiB
[2023-01-29T08:03:28.921+0000] {spark_submit.py:495} INFO - 23/01/29 08:03:28 INFO SparkEnv: Registering OutputCommitCoordinator
[2023-01-29T08:03:29.097+0000] {spark_submit.py:495} INFO - 23/01/29 08:03:29 INFO Utils: Successfully started service 'SparkUI' on port 4040.
[2023-01-29T08:03:29.130+0000] {spark_submit.py:495} INFO - 23/01/29 08:03:29 INFO SparkContext: Added JAR file:///home/***/.ivy2/jars/org.apache.spark_spark-sql-kafka-0-10_2.12-3.1.3.jar at spark://15c99fd3082a:37515/jars/org.apache.spark_spark-sql-kafka-0-10_2.12-3.1.3.jar with timestamp 1674979408296
[2023-01-29T08:03:29.131+0000] {spark_submit.py:495} INFO - 23/01/29 08:03:29 INFO SparkContext: Added JAR file:///home/***/.ivy2/jars/org.mongodb.spark_mongo-spark-connector_2.12-3.0.1.jar at spark://15c99fd3082a:37515/jars/org.mongodb.spark_mongo-spark-connector_2.12-3.0.1.jar with timestamp 1674979408296
[2023-01-29T08:03:29.132+0000] {spark_submit.py:495} INFO - 23/01/29 08:03:29 INFO SparkContext: Added JAR file:///home/***/.ivy2/jars/org.apache.spark_spark-token-provider-kafka-0-10_2.12-3.1.3.jar at spark://15c99fd3082a:37515/jars/org.apache.spark_spark-token-provider-kafka-0-10_2.12-3.1.3.jar with timestamp 1674979408296
[2023-01-29T08:03:29.133+0000] {spark_submit.py:495} INFO - 23/01/29 08:03:29 INFO SparkContext: Added JAR file:///home/***/.ivy2/jars/org.apache.kafka_kafka-clients-2.6.0.jar at spark://15c99fd3082a:37515/jars/org.apache.kafka_kafka-clients-2.6.0.jar with timestamp 1674979408296
[2023-01-29T08:03:29.134+0000] {spark_submit.py:495} INFO - 23/01/29 08:03:29 INFO SparkContext: Added JAR file:///home/***/.ivy2/jars/org.apache.commons_commons-pool2-2.6.2.jar at spark://15c99fd3082a:37515/jars/org.apache.commons_commons-pool2-2.6.2.jar with timestamp 1674979408296
[2023-01-29T08:03:29.134+0000] {spark_submit.py:495} INFO - 23/01/29 08:03:29 INFO SparkContext: Added JAR file:///home/***/.ivy2/jars/org.spark-project.spark_unused-1.0.0.jar at spark://15c99fd3082a:37515/jars/org.spark-project.spark_unused-1.0.0.jar with timestamp 1674979408296
[2023-01-29T08:03:29.135+0000] {spark_submit.py:495} INFO - 23/01/29 08:03:29 INFO SparkContext: Added JAR file:///home/***/.ivy2/jars/com.github.luben_zstd-jni-1.4.8-1.jar at spark://15c99fd3082a:37515/jars/com.github.luben_zstd-jni-1.4.8-1.jar with timestamp 1674979408296
[2023-01-29T08:03:29.135+0000] {spark_submit.py:495} INFO - 23/01/29 08:03:29 INFO SparkContext: Added JAR file:///home/***/.ivy2/jars/org.lz4_lz4-java-1.7.1.jar at spark://15c99fd3082a:37515/jars/org.lz4_lz4-java-1.7.1.jar with timestamp 1674979408296
[2023-01-29T08:03:29.135+0000] {spark_submit.py:495} INFO - 23/01/29 08:03:29 INFO SparkContext: Added JAR file:///home/***/.ivy2/jars/org.xerial.snappy_snappy-java-1.1.8.2.jar at spark://15c99fd3082a:37515/jars/org.xerial.snappy_snappy-java-1.1.8.2.jar with timestamp 1674979408296
[2023-01-29T08:03:29.136+0000] {spark_submit.py:495} INFO - 23/01/29 08:03:29 INFO SparkContext: Added JAR file:///home/***/.ivy2/jars/org.slf4j_slf4j-api-1.7.30.jar at spark://15c99fd3082a:37515/jars/org.slf4j_slf4j-api-1.7.30.jar with timestamp 1674979408296
[2023-01-29T08:03:29.136+0000] {spark_submit.py:495} INFO - 23/01/29 08:03:29 INFO SparkContext: Added JAR file:///home/***/.ivy2/jars/org.mongodb_mongodb-driver-sync-4.0.5.jar at spark://15c99fd3082a:37515/jars/org.mongodb_mongodb-driver-sync-4.0.5.jar with timestamp 1674979408296
[2023-01-29T08:03:29.136+0000] {spark_submit.py:495} INFO - 23/01/29 08:03:29 INFO SparkContext: Added JAR file:///home/***/.ivy2/jars/org.mongodb_bson-4.0.5.jar at spark://15c99fd3082a:37515/jars/org.mongodb_bson-4.0.5.jar with timestamp 1674979408296
[2023-01-29T08:03:29.137+0000] {spark_submit.py:495} INFO - 23/01/29 08:03:29 INFO SparkContext: Added JAR file:///home/***/.ivy2/jars/org.mongodb_mongodb-driver-core-4.0.5.jar at spark://15c99fd3082a:37515/jars/org.mongodb_mongodb-driver-core-4.0.5.jar with timestamp 1674979408296
[2023-01-29T08:03:29.144+0000] {spark_submit.py:495} INFO - 23/01/29 08:03:29 INFO SparkContext: Added file file:///home/***/.ivy2/jars/org.apache.spark_spark-sql-kafka-0-10_2.12-3.1.3.jar at file:///home/***/.ivy2/jars/org.apache.spark_spark-sql-kafka-0-10_2.12-3.1.3.jar with timestamp 1674979408296
[2023-01-29T08:03:29.145+0000] {spark_submit.py:495} INFO - 23/01/29 08:03:29 INFO Utils: Copying /home/***/.ivy2/jars/org.apache.spark_spark-sql-kafka-0-10_2.12-3.1.3.jar to /tmp/spark-dbb48625-c0f9-43e8-90e4-62528a0ad85c/userFiles-9cca5117-4e39-4dfb-820b-2514ecf47f67/org.apache.spark_spark-sql-kafka-0-10_2.12-3.1.3.jar
[2023-01-29T08:03:29.153+0000] {spark_submit.py:495} INFO - 23/01/29 08:03:29 INFO SparkContext: Added file file:///home/***/.ivy2/jars/org.mongodb.spark_mongo-spark-connector_2.12-3.0.1.jar at file:///home/***/.ivy2/jars/org.mongodb.spark_mongo-spark-connector_2.12-3.0.1.jar with timestamp 1674979408296
[2023-01-29T08:03:29.154+0000] {spark_submit.py:495} INFO - 23/01/29 08:03:29 INFO Utils: Copying /home/***/.ivy2/jars/org.mongodb.spark_mongo-spark-connector_2.12-3.0.1.jar to /tmp/spark-dbb48625-c0f9-43e8-90e4-62528a0ad85c/userFiles-9cca5117-4e39-4dfb-820b-2514ecf47f67/org.mongodb.spark_mongo-spark-connector_2.12-3.0.1.jar
[2023-01-29T08:03:29.161+0000] {spark_submit.py:495} INFO - 23/01/29 08:03:29 INFO SparkContext: Added file file:///home/***/.ivy2/jars/org.apache.spark_spark-token-provider-kafka-0-10_2.12-3.1.3.jar at file:///home/***/.ivy2/jars/org.apache.spark_spark-token-provider-kafka-0-10_2.12-3.1.3.jar with timestamp 1674979408296
[2023-01-29T08:03:29.162+0000] {spark_submit.py:495} INFO - 23/01/29 08:03:29 INFO Utils: Copying /home/***/.ivy2/jars/org.apache.spark_spark-token-provider-kafka-0-10_2.12-3.1.3.jar to /tmp/spark-dbb48625-c0f9-43e8-90e4-62528a0ad85c/userFiles-9cca5117-4e39-4dfb-820b-2514ecf47f67/org.apache.spark_spark-token-provider-kafka-0-10_2.12-3.1.3.jar
[2023-01-29T08:03:29.173+0000] {spark_submit.py:495} INFO - 23/01/29 08:03:29 INFO SparkContext: Added file file:///home/***/.ivy2/jars/org.apache.kafka_kafka-clients-2.6.0.jar at file:///home/***/.ivy2/jars/org.apache.kafka_kafka-clients-2.6.0.jar with timestamp 1674979408296
[2023-01-29T08:03:29.173+0000] {spark_submit.py:495} INFO - 23/01/29 08:03:29 INFO Utils: Copying /home/***/.ivy2/jars/org.apache.kafka_kafka-clients-2.6.0.jar to /tmp/spark-dbb48625-c0f9-43e8-90e4-62528a0ad85c/userFiles-9cca5117-4e39-4dfb-820b-2514ecf47f67/org.apache.kafka_kafka-clients-2.6.0.jar
[2023-01-29T08:03:29.181+0000] {spark_submit.py:495} INFO - 23/01/29 08:03:29 INFO SparkContext: Added file file:///home/***/.ivy2/jars/org.apache.commons_commons-pool2-2.6.2.jar at file:///home/***/.ivy2/jars/org.apache.commons_commons-pool2-2.6.2.jar with timestamp 1674979408296
[2023-01-29T08:03:29.182+0000] {spark_submit.py:495} INFO - 23/01/29 08:03:29 INFO Utils: Copying /home/***/.ivy2/jars/org.apache.commons_commons-pool2-2.6.2.jar to /tmp/spark-dbb48625-c0f9-43e8-90e4-62528a0ad85c/userFiles-9cca5117-4e39-4dfb-820b-2514ecf47f67/org.apache.commons_commons-pool2-2.6.2.jar
[2023-01-29T08:03:29.187+0000] {spark_submit.py:495} INFO - 23/01/29 08:03:29 INFO SparkContext: Added file file:///home/***/.ivy2/jars/org.spark-project.spark_unused-1.0.0.jar at file:///home/***/.ivy2/jars/org.spark-project.spark_unused-1.0.0.jar with timestamp 1674979408296
[2023-01-29T08:03:29.187+0000] {spark_submit.py:495} INFO - 23/01/29 08:03:29 INFO Utils: Copying /home/***/.ivy2/jars/org.spark-project.spark_unused-1.0.0.jar to /tmp/spark-dbb48625-c0f9-43e8-90e4-62528a0ad85c/userFiles-9cca5117-4e39-4dfb-820b-2514ecf47f67/org.spark-project.spark_unused-1.0.0.jar
[2023-01-29T08:03:29.192+0000] {spark_submit.py:495} INFO - 23/01/29 08:03:29 INFO SparkContext: Added file file:///home/***/.ivy2/jars/com.github.luben_zstd-jni-1.4.8-1.jar at file:///home/***/.ivy2/jars/com.github.luben_zstd-jni-1.4.8-1.jar with timestamp 1674979408296
[2023-01-29T08:03:29.192+0000] {spark_submit.py:495} INFO - 23/01/29 08:03:29 INFO Utils: Copying /home/***/.ivy2/jars/com.github.luben_zstd-jni-1.4.8-1.jar to /tmp/spark-dbb48625-c0f9-43e8-90e4-62528a0ad85c/userFiles-9cca5117-4e39-4dfb-820b-2514ecf47f67/com.github.luben_zstd-jni-1.4.8-1.jar
[2023-01-29T08:03:29.201+0000] {spark_submit.py:495} INFO - 23/01/29 08:03:29 INFO SparkContext: Added file file:///home/***/.ivy2/jars/org.lz4_lz4-java-1.7.1.jar at file:///home/***/.ivy2/jars/org.lz4_lz4-java-1.7.1.jar with timestamp 1674979408296
[2023-01-29T08:03:29.201+0000] {spark_submit.py:495} INFO - 23/01/29 08:03:29 INFO Utils: Copying /home/***/.ivy2/jars/org.lz4_lz4-java-1.7.1.jar to /tmp/spark-dbb48625-c0f9-43e8-90e4-62528a0ad85c/userFiles-9cca5117-4e39-4dfb-820b-2514ecf47f67/org.lz4_lz4-java-1.7.1.jar
[2023-01-29T08:03:29.204+0000] {spark_submit.py:495} INFO - 23/01/29 08:03:29 INFO SparkContext: Added file file:///home/***/.ivy2/jars/org.xerial.snappy_snappy-java-1.1.8.2.jar at file:///home/***/.ivy2/jars/org.xerial.snappy_snappy-java-1.1.8.2.jar with timestamp 1674979408296
[2023-01-29T08:03:29.205+0000] {spark_submit.py:495} INFO - 23/01/29 08:03:29 INFO Utils: Copying /home/***/.ivy2/jars/org.xerial.snappy_snappy-java-1.1.8.2.jar to /tmp/spark-dbb48625-c0f9-43e8-90e4-62528a0ad85c/userFiles-9cca5117-4e39-4dfb-820b-2514ecf47f67/org.xerial.snappy_snappy-java-1.1.8.2.jar
[2023-01-29T08:03:29.209+0000] {spark_submit.py:495} INFO - 23/01/29 08:03:29 INFO SparkContext: Added file file:///home/***/.ivy2/jars/org.slf4j_slf4j-api-1.7.30.jar at file:///home/***/.ivy2/jars/org.slf4j_slf4j-api-1.7.30.jar with timestamp 1674979408296
[2023-01-29T08:03:29.209+0000] {spark_submit.py:495} INFO - 23/01/29 08:03:29 INFO Utils: Copying /home/***/.ivy2/jars/org.slf4j_slf4j-api-1.7.30.jar to /tmp/spark-dbb48625-c0f9-43e8-90e4-62528a0ad85c/userFiles-9cca5117-4e39-4dfb-820b-2514ecf47f67/org.slf4j_slf4j-api-1.7.30.jar
[2023-01-29T08:03:29.213+0000] {spark_submit.py:495} INFO - 23/01/29 08:03:29 INFO SparkContext: Added file file:///home/***/.ivy2/jars/org.mongodb_mongodb-driver-sync-4.0.5.jar at file:///home/***/.ivy2/jars/org.mongodb_mongodb-driver-sync-4.0.5.jar with timestamp 1674979408296
[2023-01-29T08:03:29.213+0000] {spark_submit.py:495} INFO - 23/01/29 08:03:29 INFO Utils: Copying /home/***/.ivy2/jars/org.mongodb_mongodb-driver-sync-4.0.5.jar to /tmp/spark-dbb48625-c0f9-43e8-90e4-62528a0ad85c/userFiles-9cca5117-4e39-4dfb-820b-2514ecf47f67/org.mongodb_mongodb-driver-sync-4.0.5.jar
[2023-01-29T08:03:29.216+0000] {spark_submit.py:495} INFO - 23/01/29 08:03:29 INFO SparkContext: Added file file:///home/***/.ivy2/jars/org.mongodb_bson-4.0.5.jar at file:///home/***/.ivy2/jars/org.mongodb_bson-4.0.5.jar with timestamp 1674979408296
[2023-01-29T08:03:29.216+0000] {spark_submit.py:495} INFO - 23/01/29 08:03:29 INFO Utils: Copying /home/***/.ivy2/jars/org.mongodb_bson-4.0.5.jar to /tmp/spark-dbb48625-c0f9-43e8-90e4-62528a0ad85c/userFiles-9cca5117-4e39-4dfb-820b-2514ecf47f67/org.mongodb_bson-4.0.5.jar
[2023-01-29T08:03:29.220+0000] {spark_submit.py:495} INFO - 23/01/29 08:03:29 INFO SparkContext: Added file file:///home/***/.ivy2/jars/org.mongodb_mongodb-driver-core-4.0.5.jar at file:///home/***/.ivy2/jars/org.mongodb_mongodb-driver-core-4.0.5.jar with timestamp 1674979408296
[2023-01-29T08:03:29.221+0000] {spark_submit.py:495} INFO - 23/01/29 08:03:29 INFO Utils: Copying /home/***/.ivy2/jars/org.mongodb_mongodb-driver-core-4.0.5.jar to /tmp/spark-dbb48625-c0f9-43e8-90e4-62528a0ad85c/userFiles-9cca5117-4e39-4dfb-820b-2514ecf47f67/org.mongodb_mongodb-driver-core-4.0.5.jar
[2023-01-29T08:03:29.293+0000] {spark_submit.py:495} INFO - 23/01/29 08:03:29 INFO Executor: Starting executor ID driver on host 15c99fd3082a
[2023-01-29T08:03:29.300+0000] {spark_submit.py:495} INFO - 23/01/29 08:03:29 INFO Executor: Starting executor with user classpath (userClassPathFirst = false): ''
[2023-01-29T08:03:29.309+0000] {spark_submit.py:495} INFO - 23/01/29 08:03:29 INFO Executor: Fetching file:///home/***/.ivy2/jars/org.apache.spark_spark-token-provider-kafka-0-10_2.12-3.1.3.jar with timestamp 1674979408296
[2023-01-29T08:03:29.328+0000] {spark_submit.py:495} INFO - 23/01/29 08:03:29 INFO Utils: /home/***/.ivy2/jars/org.apache.spark_spark-token-provider-kafka-0-10_2.12-3.1.3.jar has been previously copied to /tmp/spark-dbb48625-c0f9-43e8-90e4-62528a0ad85c/userFiles-9cca5117-4e39-4dfb-820b-2514ecf47f67/org.apache.spark_spark-token-provider-kafka-0-10_2.12-3.1.3.jar
[2023-01-29T08:03:29.335+0000] {spark_submit.py:495} INFO - 23/01/29 08:03:29 INFO Executor: Fetching file:///home/***/.ivy2/jars/org.mongodb_mongodb-driver-sync-4.0.5.jar with timestamp 1674979408296
[2023-01-29T08:03:29.337+0000] {spark_submit.py:495} INFO - 23/01/29 08:03:29 INFO Utils: /home/***/.ivy2/jars/org.mongodb_mongodb-driver-sync-4.0.5.jar has been previously copied to /tmp/spark-dbb48625-c0f9-43e8-90e4-62528a0ad85c/userFiles-9cca5117-4e39-4dfb-820b-2514ecf47f67/org.mongodb_mongodb-driver-sync-4.0.5.jar
[2023-01-29T08:03:29.340+0000] {spark_submit.py:495} INFO - 23/01/29 08:03:29 INFO Executor: Fetching file:///home/***/.ivy2/jars/org.apache.kafka_kafka-clients-2.6.0.jar with timestamp 1674979408296
[2023-01-29T08:03:29.350+0000] {spark_submit.py:495} INFO - 23/01/29 08:03:29 INFO Utils: /home/***/.ivy2/jars/org.apache.kafka_kafka-clients-2.6.0.jar has been previously copied to /tmp/spark-dbb48625-c0f9-43e8-90e4-62528a0ad85c/userFiles-9cca5117-4e39-4dfb-820b-2514ecf47f67/org.apache.kafka_kafka-clients-2.6.0.jar
[2023-01-29T08:03:29.353+0000] {spark_submit.py:495} INFO - 23/01/29 08:03:29 INFO Executor: Fetching file:///home/***/.ivy2/jars/org.mongodb_bson-4.0.5.jar with timestamp 1674979408296
[2023-01-29T08:03:29.354+0000] {spark_submit.py:495} INFO - 23/01/29 08:03:29 INFO Utils: /home/***/.ivy2/jars/org.mongodb_bson-4.0.5.jar has been previously copied to /tmp/spark-dbb48625-c0f9-43e8-90e4-62528a0ad85c/userFiles-9cca5117-4e39-4dfb-820b-2514ecf47f67/org.mongodb_bson-4.0.5.jar
[2023-01-29T08:03:29.357+0000] {spark_submit.py:495} INFO - 23/01/29 08:03:29 INFO Executor: Fetching file:///home/***/.ivy2/jars/com.github.luben_zstd-jni-1.4.8-1.jar with timestamp 1674979408296
[2023-01-29T08:03:29.363+0000] {spark_submit.py:495} INFO - 23/01/29 08:03:29 INFO Utils: /home/***/.ivy2/jars/com.github.luben_zstd-jni-1.4.8-1.jar has been previously copied to /tmp/spark-dbb48625-c0f9-43e8-90e4-62528a0ad85c/userFiles-9cca5117-4e39-4dfb-820b-2514ecf47f67/com.github.luben_zstd-jni-1.4.8-1.jar
[2023-01-29T08:03:29.374+0000] {spark_submit.py:495} INFO - 23/01/29 08:03:29 INFO Executor: Fetching file:///home/***/.ivy2/jars/org.lz4_lz4-java-1.7.1.jar with timestamp 1674979408296
[2023-01-29T08:03:29.378+0000] {spark_submit.py:495} INFO - 23/01/29 08:03:29 INFO Utils: /home/***/.ivy2/jars/org.lz4_lz4-java-1.7.1.jar has been previously copied to /tmp/spark-dbb48625-c0f9-43e8-90e4-62528a0ad85c/userFiles-9cca5117-4e39-4dfb-820b-2514ecf47f67/org.lz4_lz4-java-1.7.1.jar
[2023-01-29T08:03:29.396+0000] {spark_submit.py:495} INFO - 23/01/29 08:03:29 INFO Executor: Fetching file:///home/***/.ivy2/jars/org.spark-project.spark_unused-1.0.0.jar with timestamp 1674979408296
[2023-01-29T08:03:29.397+0000] {spark_submit.py:495} INFO - 23/01/29 08:03:29 INFO Utils: /home/***/.ivy2/jars/org.spark-project.spark_unused-1.0.0.jar has been previously copied to /tmp/spark-dbb48625-c0f9-43e8-90e4-62528a0ad85c/userFiles-9cca5117-4e39-4dfb-820b-2514ecf47f67/org.spark-project.spark_unused-1.0.0.jar
[2023-01-29T08:03:29.410+0000] {spark_submit.py:495} INFO - 23/01/29 08:03:29 INFO Executor: Fetching file:///home/***/.ivy2/jars/org.xerial.snappy_snappy-java-1.1.8.2.jar with timestamp 1674979408296
[2023-01-29T08:03:29.412+0000] {spark_submit.py:495} INFO - 23/01/29 08:03:29 INFO Utils: /home/***/.ivy2/jars/org.xerial.snappy_snappy-java-1.1.8.2.jar has been previously copied to /tmp/spark-dbb48625-c0f9-43e8-90e4-62528a0ad85c/userFiles-9cca5117-4e39-4dfb-820b-2514ecf47f67/org.xerial.snappy_snappy-java-1.1.8.2.jar
[2023-01-29T08:03:29.415+0000] {spark_submit.py:495} INFO - 23/01/29 08:03:29 INFO Executor: Fetching file:///home/***/.ivy2/jars/org.mongodb_mongodb-driver-core-4.0.5.jar with timestamp 1674979408296
[2023-01-29T08:03:29.417+0000] {spark_submit.py:495} INFO - 23/01/29 08:03:29 INFO Utils: /home/***/.ivy2/jars/org.mongodb_mongodb-driver-core-4.0.5.jar has been previously copied to /tmp/spark-dbb48625-c0f9-43e8-90e4-62528a0ad85c/userFiles-9cca5117-4e39-4dfb-820b-2514ecf47f67/org.mongodb_mongodb-driver-core-4.0.5.jar
[2023-01-29T08:03:29.420+0000] {spark_submit.py:495} INFO - 23/01/29 08:03:29 INFO Executor: Fetching file:///home/***/.ivy2/jars/org.apache.spark_spark-sql-kafka-0-10_2.12-3.1.3.jar with timestamp 1674979408296
[2023-01-29T08:03:29.421+0000] {spark_submit.py:495} INFO - 23/01/29 08:03:29 INFO Utils: /home/***/.ivy2/jars/org.apache.spark_spark-sql-kafka-0-10_2.12-3.1.3.jar has been previously copied to /tmp/spark-dbb48625-c0f9-43e8-90e4-62528a0ad85c/userFiles-9cca5117-4e39-4dfb-820b-2514ecf47f67/org.apache.spark_spark-sql-kafka-0-10_2.12-3.1.3.jar
[2023-01-29T08:03:29.423+0000] {spark_submit.py:495} INFO - 23/01/29 08:03:29 INFO Executor: Fetching file:///home/***/.ivy2/jars/org.mongodb.spark_mongo-spark-connector_2.12-3.0.1.jar with timestamp 1674979408296
[2023-01-29T08:03:29.424+0000] {spark_submit.py:495} INFO - 23/01/29 08:03:29 INFO Utils: /home/***/.ivy2/jars/org.mongodb.spark_mongo-spark-connector_2.12-3.0.1.jar has been previously copied to /tmp/spark-dbb48625-c0f9-43e8-90e4-62528a0ad85c/userFiles-9cca5117-4e39-4dfb-820b-2514ecf47f67/org.mongodb.spark_mongo-spark-connector_2.12-3.0.1.jar
[2023-01-29T08:03:29.427+0000] {spark_submit.py:495} INFO - 23/01/29 08:03:29 INFO Executor: Fetching file:///home/***/.ivy2/jars/org.apache.commons_commons-pool2-2.6.2.jar with timestamp 1674979408296
[2023-01-29T08:03:29.427+0000] {spark_submit.py:495} INFO - 23/01/29 08:03:29 INFO Utils: /home/***/.ivy2/jars/org.apache.commons_commons-pool2-2.6.2.jar has been previously copied to /tmp/spark-dbb48625-c0f9-43e8-90e4-62528a0ad85c/userFiles-9cca5117-4e39-4dfb-820b-2514ecf47f67/org.apache.commons_commons-pool2-2.6.2.jar
[2023-01-29T08:03:29.432+0000] {spark_submit.py:495} INFO - 23/01/29 08:03:29 INFO Executor: Fetching file:///home/***/.ivy2/jars/org.slf4j_slf4j-api-1.7.30.jar with timestamp 1674979408296
[2023-01-29T08:03:29.433+0000] {spark_submit.py:495} INFO - 23/01/29 08:03:29 INFO Utils: /home/***/.ivy2/jars/org.slf4j_slf4j-api-1.7.30.jar has been previously copied to /tmp/spark-dbb48625-c0f9-43e8-90e4-62528a0ad85c/userFiles-9cca5117-4e39-4dfb-820b-2514ecf47f67/org.slf4j_slf4j-api-1.7.30.jar
[2023-01-29T08:03:29.438+0000] {spark_submit.py:495} INFO - 23/01/29 08:03:29 INFO Executor: Fetching spark://15c99fd3082a:37515/jars/org.apache.spark_spark-sql-kafka-0-10_2.12-3.1.3.jar with timestamp 1674979408296
[2023-01-29T08:03:29.468+0000] {spark_submit.py:495} INFO - 23/01/29 08:03:29 INFO TransportClientFactory: Successfully created connection to 15c99fd3082a/172.20.0.4:37515 after 22 ms (0 ms spent in bootstraps)
[2023-01-29T08:03:29.473+0000] {spark_submit.py:495} INFO - 23/01/29 08:03:29 INFO Utils: Fetching spark://15c99fd3082a:37515/jars/org.apache.spark_spark-sql-kafka-0-10_2.12-3.1.3.jar to /tmp/spark-dbb48625-c0f9-43e8-90e4-62528a0ad85c/userFiles-9cca5117-4e39-4dfb-820b-2514ecf47f67/fetchFileTemp17306386094896144458.tmp
[2023-01-29T08:03:29.507+0000] {spark_submit.py:495} INFO - 23/01/29 08:03:29 INFO Utils: /tmp/spark-dbb48625-c0f9-43e8-90e4-62528a0ad85c/userFiles-9cca5117-4e39-4dfb-820b-2514ecf47f67/fetchFileTemp17306386094896144458.tmp has been previously copied to /tmp/spark-dbb48625-c0f9-43e8-90e4-62528a0ad85c/userFiles-9cca5117-4e39-4dfb-820b-2514ecf47f67/org.apache.spark_spark-sql-kafka-0-10_2.12-3.1.3.jar
[2023-01-29T08:03:29.511+0000] {spark_submit.py:495} INFO - 23/01/29 08:03:29 INFO Executor: Adding file:/tmp/spark-dbb48625-c0f9-43e8-90e4-62528a0ad85c/userFiles-9cca5117-4e39-4dfb-820b-2514ecf47f67/org.apache.spark_spark-sql-kafka-0-10_2.12-3.1.3.jar to class loader
[2023-01-29T08:03:29.511+0000] {spark_submit.py:495} INFO - 23/01/29 08:03:29 INFO Executor: Fetching spark://15c99fd3082a:37515/jars/org.apache.kafka_kafka-clients-2.6.0.jar with timestamp 1674979408296
[2023-01-29T08:03:29.513+0000] {spark_submit.py:495} INFO - 23/01/29 08:03:29 INFO Utils: Fetching spark://15c99fd3082a:37515/jars/org.apache.kafka_kafka-clients-2.6.0.jar to /tmp/spark-dbb48625-c0f9-43e8-90e4-62528a0ad85c/userFiles-9cca5117-4e39-4dfb-820b-2514ecf47f67/fetchFileTemp15482499865395872999.tmp
[2023-01-29T08:03:29.529+0000] {spark_submit.py:495} INFO - 23/01/29 08:03:29 INFO Utils: /tmp/spark-dbb48625-c0f9-43e8-90e4-62528a0ad85c/userFiles-9cca5117-4e39-4dfb-820b-2514ecf47f67/fetchFileTemp15482499865395872999.tmp has been previously copied to /tmp/spark-dbb48625-c0f9-43e8-90e4-62528a0ad85c/userFiles-9cca5117-4e39-4dfb-820b-2514ecf47f67/org.apache.kafka_kafka-clients-2.6.0.jar
[2023-01-29T08:03:29.536+0000] {spark_submit.py:495} INFO - 23/01/29 08:03:29 INFO Executor: Adding file:/tmp/spark-dbb48625-c0f9-43e8-90e4-62528a0ad85c/userFiles-9cca5117-4e39-4dfb-820b-2514ecf47f67/org.apache.kafka_kafka-clients-2.6.0.jar to class loader
[2023-01-29T08:03:29.536+0000] {spark_submit.py:495} INFO - 23/01/29 08:03:29 INFO Executor: Fetching spark://15c99fd3082a:37515/jars/com.github.luben_zstd-jni-1.4.8-1.jar with timestamp 1674979408296
[2023-01-29T08:03:29.536+0000] {spark_submit.py:495} INFO - 23/01/29 08:03:29 INFO Utils: Fetching spark://15c99fd3082a:37515/jars/com.github.luben_zstd-jni-1.4.8-1.jar to /tmp/spark-dbb48625-c0f9-43e8-90e4-62528a0ad85c/userFiles-9cca5117-4e39-4dfb-820b-2514ecf47f67/fetchFileTemp6017572063773906026.tmp
[2023-01-29T08:03:29.560+0000] {spark_submit.py:495} INFO - 23/01/29 08:03:29 INFO Utils: /tmp/spark-dbb48625-c0f9-43e8-90e4-62528a0ad85c/userFiles-9cca5117-4e39-4dfb-820b-2514ecf47f67/fetchFileTemp6017572063773906026.tmp has been previously copied to /tmp/spark-dbb48625-c0f9-43e8-90e4-62528a0ad85c/userFiles-9cca5117-4e39-4dfb-820b-2514ecf47f67/com.github.luben_zstd-jni-1.4.8-1.jar
[2023-01-29T08:03:29.572+0000] {spark_submit.py:495} INFO - 23/01/29 08:03:29 INFO Executor: Adding file:/tmp/spark-dbb48625-c0f9-43e8-90e4-62528a0ad85c/userFiles-9cca5117-4e39-4dfb-820b-2514ecf47f67/com.github.luben_zstd-jni-1.4.8-1.jar to class loader
[2023-01-29T08:03:29.572+0000] {spark_submit.py:495} INFO - 23/01/29 08:03:29 INFO Executor: Fetching spark://15c99fd3082a:37515/jars/org.mongodb_bson-4.0.5.jar with timestamp 1674979408296
[2023-01-29T08:03:29.572+0000] {spark_submit.py:495} INFO - 23/01/29 08:03:29 INFO Utils: Fetching spark://15c99fd3082a:37515/jars/org.mongodb_bson-4.0.5.jar to /tmp/spark-dbb48625-c0f9-43e8-90e4-62528a0ad85c/userFiles-9cca5117-4e39-4dfb-820b-2514ecf47f67/fetchFileTemp493096358364088491.tmp
[2023-01-29T08:03:29.574+0000] {spark_submit.py:495} INFO - 23/01/29 08:03:29 INFO Utils: /tmp/spark-dbb48625-c0f9-43e8-90e4-62528a0ad85c/userFiles-9cca5117-4e39-4dfb-820b-2514ecf47f67/fetchFileTemp493096358364088491.tmp has been previously copied to /tmp/spark-dbb48625-c0f9-43e8-90e4-62528a0ad85c/userFiles-9cca5117-4e39-4dfb-820b-2514ecf47f67/org.mongodb_bson-4.0.5.jar
[2023-01-29T08:03:29.578+0000] {spark_submit.py:495} INFO - 23/01/29 08:03:29 INFO Executor: Adding file:/tmp/spark-dbb48625-c0f9-43e8-90e4-62528a0ad85c/userFiles-9cca5117-4e39-4dfb-820b-2514ecf47f67/org.mongodb_bson-4.0.5.jar to class loader
[2023-01-29T08:03:29.578+0000] {spark_submit.py:495} INFO - 23/01/29 08:03:29 INFO Executor: Fetching spark://15c99fd3082a:37515/jars/org.mongodb_mongodb-driver-sync-4.0.5.jar with timestamp 1674979408296
[2023-01-29T08:03:29.578+0000] {spark_submit.py:495} INFO - 23/01/29 08:03:29 INFO Utils: Fetching spark://15c99fd3082a:37515/jars/org.mongodb_mongodb-driver-sync-4.0.5.jar to /tmp/spark-dbb48625-c0f9-43e8-90e4-62528a0ad85c/userFiles-9cca5117-4e39-4dfb-820b-2514ecf47f67/fetchFileTemp18420350316903546437.tmp
[2023-01-29T08:03:29.581+0000] {spark_submit.py:495} INFO - 23/01/29 08:03:29 INFO Utils: /tmp/spark-dbb48625-c0f9-43e8-90e4-62528a0ad85c/userFiles-9cca5117-4e39-4dfb-820b-2514ecf47f67/fetchFileTemp18420350316903546437.tmp has been previously copied to /tmp/spark-dbb48625-c0f9-43e8-90e4-62528a0ad85c/userFiles-9cca5117-4e39-4dfb-820b-2514ecf47f67/org.mongodb_mongodb-driver-sync-4.0.5.jar
[2023-01-29T08:03:29.584+0000] {spark_submit.py:495} INFO - 23/01/29 08:03:29 INFO Executor: Adding file:/tmp/spark-dbb48625-c0f9-43e8-90e4-62528a0ad85c/userFiles-9cca5117-4e39-4dfb-820b-2514ecf47f67/org.mongodb_mongodb-driver-sync-4.0.5.jar to class loader
[2023-01-29T08:03:29.584+0000] {spark_submit.py:495} INFO - 23/01/29 08:03:29 INFO Executor: Fetching spark://15c99fd3082a:37515/jars/org.spark-project.spark_unused-1.0.0.jar with timestamp 1674979408296
[2023-01-29T08:03:29.585+0000] {spark_submit.py:495} INFO - 23/01/29 08:03:29 INFO Utils: Fetching spark://15c99fd3082a:37515/jars/org.spark-project.spark_unused-1.0.0.jar to /tmp/spark-dbb48625-c0f9-43e8-90e4-62528a0ad85c/userFiles-9cca5117-4e39-4dfb-820b-2514ecf47f67/fetchFileTemp16609581223364403802.tmp
[2023-01-29T08:03:29.586+0000] {spark_submit.py:495} INFO - 23/01/29 08:03:29 INFO Utils: /tmp/spark-dbb48625-c0f9-43e8-90e4-62528a0ad85c/userFiles-9cca5117-4e39-4dfb-820b-2514ecf47f67/fetchFileTemp16609581223364403802.tmp has been previously copied to /tmp/spark-dbb48625-c0f9-43e8-90e4-62528a0ad85c/userFiles-9cca5117-4e39-4dfb-820b-2514ecf47f67/org.spark-project.spark_unused-1.0.0.jar
[2023-01-29T08:03:29.588+0000] {spark_submit.py:495} INFO - 23/01/29 08:03:29 INFO Executor: Adding file:/tmp/spark-dbb48625-c0f9-43e8-90e4-62528a0ad85c/userFiles-9cca5117-4e39-4dfb-820b-2514ecf47f67/org.spark-project.spark_unused-1.0.0.jar to class loader
[2023-01-29T08:03:29.589+0000] {spark_submit.py:495} INFO - 23/01/29 08:03:29 INFO Executor: Fetching spark://15c99fd3082a:37515/jars/org.apache.commons_commons-pool2-2.6.2.jar with timestamp 1674979408296
[2023-01-29T08:03:29.589+0000] {spark_submit.py:495} INFO - 23/01/29 08:03:29 INFO Utils: Fetching spark://15c99fd3082a:37515/jars/org.apache.commons_commons-pool2-2.6.2.jar to /tmp/spark-dbb48625-c0f9-43e8-90e4-62528a0ad85c/userFiles-9cca5117-4e39-4dfb-820b-2514ecf47f67/fetchFileTemp3684603762728292466.tmp
[2023-01-29T08:03:29.591+0000] {spark_submit.py:495} INFO - 23/01/29 08:03:29 INFO Utils: /tmp/spark-dbb48625-c0f9-43e8-90e4-62528a0ad85c/userFiles-9cca5117-4e39-4dfb-820b-2514ecf47f67/fetchFileTemp3684603762728292466.tmp has been previously copied to /tmp/spark-dbb48625-c0f9-43e8-90e4-62528a0ad85c/userFiles-9cca5117-4e39-4dfb-820b-2514ecf47f67/org.apache.commons_commons-pool2-2.6.2.jar
[2023-01-29T08:03:29.594+0000] {spark_submit.py:495} INFO - 23/01/29 08:03:29 INFO Executor: Adding file:/tmp/spark-dbb48625-c0f9-43e8-90e4-62528a0ad85c/userFiles-9cca5117-4e39-4dfb-820b-2514ecf47f67/org.apache.commons_commons-pool2-2.6.2.jar to class loader
[2023-01-29T08:03:29.595+0000] {spark_submit.py:495} INFO - 23/01/29 08:03:29 INFO Executor: Fetching spark://15c99fd3082a:37515/jars/org.lz4_lz4-java-1.7.1.jar with timestamp 1674979408296
[2023-01-29T08:03:29.596+0000] {spark_submit.py:495} INFO - 23/01/29 08:03:29 INFO Utils: Fetching spark://15c99fd3082a:37515/jars/org.lz4_lz4-java-1.7.1.jar to /tmp/spark-dbb48625-c0f9-43e8-90e4-62528a0ad85c/userFiles-9cca5117-4e39-4dfb-820b-2514ecf47f67/fetchFileTemp4168955262058774446.tmp
[2023-01-29T08:03:29.600+0000] {spark_submit.py:495} INFO - 23/01/29 08:03:29 INFO Utils: /tmp/spark-dbb48625-c0f9-43e8-90e4-62528a0ad85c/userFiles-9cca5117-4e39-4dfb-820b-2514ecf47f67/fetchFileTemp4168955262058774446.tmp has been previously copied to /tmp/spark-dbb48625-c0f9-43e8-90e4-62528a0ad85c/userFiles-9cca5117-4e39-4dfb-820b-2514ecf47f67/org.lz4_lz4-java-1.7.1.jar
[2023-01-29T08:03:29.603+0000] {spark_submit.py:495} INFO - 23/01/29 08:03:29 INFO Executor: Adding file:/tmp/spark-dbb48625-c0f9-43e8-90e4-62528a0ad85c/userFiles-9cca5117-4e39-4dfb-820b-2514ecf47f67/org.lz4_lz4-java-1.7.1.jar to class loader
[2023-01-29T08:03:29.604+0000] {spark_submit.py:495} INFO - 23/01/29 08:03:29 INFO Executor: Fetching spark://15c99fd3082a:37515/jars/org.slf4j_slf4j-api-1.7.30.jar with timestamp 1674979408296
[2023-01-29T08:03:29.605+0000] {spark_submit.py:495} INFO - 23/01/29 08:03:29 INFO Utils: Fetching spark://15c99fd3082a:37515/jars/org.slf4j_slf4j-api-1.7.30.jar to /tmp/spark-dbb48625-c0f9-43e8-90e4-62528a0ad85c/userFiles-9cca5117-4e39-4dfb-820b-2514ecf47f67/fetchFileTemp14193771796810684885.tmp
[2023-01-29T08:03:29.605+0000] {spark_submit.py:495} INFO - 23/01/29 08:03:29 INFO Utils: /tmp/spark-dbb48625-c0f9-43e8-90e4-62528a0ad85c/userFiles-9cca5117-4e39-4dfb-820b-2514ecf47f67/fetchFileTemp14193771796810684885.tmp has been previously copied to /tmp/spark-dbb48625-c0f9-43e8-90e4-62528a0ad85c/userFiles-9cca5117-4e39-4dfb-820b-2514ecf47f67/org.slf4j_slf4j-api-1.7.30.jar
[2023-01-29T08:03:29.608+0000] {spark_submit.py:495} INFO - 23/01/29 08:03:29 INFO Executor: Adding file:/tmp/spark-dbb48625-c0f9-43e8-90e4-62528a0ad85c/userFiles-9cca5117-4e39-4dfb-820b-2514ecf47f67/org.slf4j_slf4j-api-1.7.30.jar to class loader
[2023-01-29T08:03:29.608+0000] {spark_submit.py:495} INFO - 23/01/29 08:03:29 INFO Executor: Fetching spark://15c99fd3082a:37515/jars/org.xerial.snappy_snappy-java-1.1.8.2.jar with timestamp 1674979408296
[2023-01-29T08:03:29.609+0000] {spark_submit.py:495} INFO - 23/01/29 08:03:29 INFO Utils: Fetching spark://15c99fd3082a:37515/jars/org.xerial.snappy_snappy-java-1.1.8.2.jar to /tmp/spark-dbb48625-c0f9-43e8-90e4-62528a0ad85c/userFiles-9cca5117-4e39-4dfb-820b-2514ecf47f67/fetchFileTemp1218695889511829385.tmp
[2023-01-29T08:03:29.614+0000] {spark_submit.py:495} INFO - 23/01/29 08:03:29 INFO Utils: /tmp/spark-dbb48625-c0f9-43e8-90e4-62528a0ad85c/userFiles-9cca5117-4e39-4dfb-820b-2514ecf47f67/fetchFileTemp1218695889511829385.tmp has been previously copied to /tmp/spark-dbb48625-c0f9-43e8-90e4-62528a0ad85c/userFiles-9cca5117-4e39-4dfb-820b-2514ecf47f67/org.xerial.snappy_snappy-java-1.1.8.2.jar
[2023-01-29T08:03:29.619+0000] {spark_submit.py:495} INFO - 23/01/29 08:03:29 INFO Executor: Adding file:/tmp/spark-dbb48625-c0f9-43e8-90e4-62528a0ad85c/userFiles-9cca5117-4e39-4dfb-820b-2514ecf47f67/org.xerial.snappy_snappy-java-1.1.8.2.jar to class loader
[2023-01-29T08:03:29.619+0000] {spark_submit.py:495} INFO - 23/01/29 08:03:29 INFO Executor: Fetching spark://15c99fd3082a:37515/jars/org.mongodb_mongodb-driver-core-4.0.5.jar with timestamp 1674979408296
[2023-01-29T08:03:29.619+0000] {spark_submit.py:495} INFO - 23/01/29 08:03:29 INFO Utils: Fetching spark://15c99fd3082a:37515/jars/org.mongodb_mongodb-driver-core-4.0.5.jar to /tmp/spark-dbb48625-c0f9-43e8-90e4-62528a0ad85c/userFiles-9cca5117-4e39-4dfb-820b-2514ecf47f67/fetchFileTemp15869450729524486283.tmp
[2023-01-29T08:03:29.624+0000] {spark_submit.py:495} INFO - 23/01/29 08:03:29 INFO Utils: /tmp/spark-dbb48625-c0f9-43e8-90e4-62528a0ad85c/userFiles-9cca5117-4e39-4dfb-820b-2514ecf47f67/fetchFileTemp15869450729524486283.tmp has been previously copied to /tmp/spark-dbb48625-c0f9-43e8-90e4-62528a0ad85c/userFiles-9cca5117-4e39-4dfb-820b-2514ecf47f67/org.mongodb_mongodb-driver-core-4.0.5.jar
[2023-01-29T08:03:29.629+0000] {spark_submit.py:495} INFO - 23/01/29 08:03:29 INFO Executor: Adding file:/tmp/spark-dbb48625-c0f9-43e8-90e4-62528a0ad85c/userFiles-9cca5117-4e39-4dfb-820b-2514ecf47f67/org.mongodb_mongodb-driver-core-4.0.5.jar to class loader
[2023-01-29T08:03:29.630+0000] {spark_submit.py:495} INFO - 23/01/29 08:03:29 INFO Executor: Fetching spark://15c99fd3082a:37515/jars/org.apache.spark_spark-token-provider-kafka-0-10_2.12-3.1.3.jar with timestamp 1674979408296
[2023-01-29T08:03:29.630+0000] {spark_submit.py:495} INFO - 23/01/29 08:03:29 INFO Utils: Fetching spark://15c99fd3082a:37515/jars/org.apache.spark_spark-token-provider-kafka-0-10_2.12-3.1.3.jar to /tmp/spark-dbb48625-c0f9-43e8-90e4-62528a0ad85c/userFiles-9cca5117-4e39-4dfb-820b-2514ecf47f67/fetchFileTemp1315944872343014298.tmp
[2023-01-29T08:03:29.632+0000] {spark_submit.py:495} INFO - 23/01/29 08:03:29 INFO Utils: /tmp/spark-dbb48625-c0f9-43e8-90e4-62528a0ad85c/userFiles-9cca5117-4e39-4dfb-820b-2514ecf47f67/fetchFileTemp1315944872343014298.tmp has been previously copied to /tmp/spark-dbb48625-c0f9-43e8-90e4-62528a0ad85c/userFiles-9cca5117-4e39-4dfb-820b-2514ecf47f67/org.apache.spark_spark-token-provider-kafka-0-10_2.12-3.1.3.jar
[2023-01-29T08:03:29.634+0000] {spark_submit.py:495} INFO - 23/01/29 08:03:29 INFO Executor: Adding file:/tmp/spark-dbb48625-c0f9-43e8-90e4-62528a0ad85c/userFiles-9cca5117-4e39-4dfb-820b-2514ecf47f67/org.apache.spark_spark-token-provider-kafka-0-10_2.12-3.1.3.jar to class loader
[2023-01-29T08:03:29.635+0000] {spark_submit.py:495} INFO - 23/01/29 08:03:29 INFO Executor: Fetching spark://15c99fd3082a:37515/jars/org.mongodb.spark_mongo-spark-connector_2.12-3.0.1.jar with timestamp 1674979408296
[2023-01-29T08:03:29.635+0000] {spark_submit.py:495} INFO - 23/01/29 08:03:29 INFO Utils: Fetching spark://15c99fd3082a:37515/jars/org.mongodb.spark_mongo-spark-connector_2.12-3.0.1.jar to /tmp/spark-dbb48625-c0f9-43e8-90e4-62528a0ad85c/userFiles-9cca5117-4e39-4dfb-820b-2514ecf47f67/fetchFileTemp5503978495772165505.tmp
[2023-01-29T08:03:29.637+0000] {spark_submit.py:495} INFO - 23/01/29 08:03:29 INFO Utils: /tmp/spark-dbb48625-c0f9-43e8-90e4-62528a0ad85c/userFiles-9cca5117-4e39-4dfb-820b-2514ecf47f67/fetchFileTemp5503978495772165505.tmp has been previously copied to /tmp/spark-dbb48625-c0f9-43e8-90e4-62528a0ad85c/userFiles-9cca5117-4e39-4dfb-820b-2514ecf47f67/org.mongodb.spark_mongo-spark-connector_2.12-3.0.1.jar
[2023-01-29T08:03:29.641+0000] {spark_submit.py:495} INFO - 23/01/29 08:03:29 INFO Executor: Adding file:/tmp/spark-dbb48625-c0f9-43e8-90e4-62528a0ad85c/userFiles-9cca5117-4e39-4dfb-820b-2514ecf47f67/org.mongodb.spark_mongo-spark-connector_2.12-3.0.1.jar to class loader
[2023-01-29T08:03:29.645+0000] {spark_submit.py:495} INFO - 23/01/29 08:03:29 INFO Utils: Successfully started service 'org.apache.spark.network.netty.NettyBlockTransferService' on port 46129.
[2023-01-29T08:03:29.646+0000] {spark_submit.py:495} INFO - 23/01/29 08:03:29 INFO NettyBlockTransferService: Server created on 15c99fd3082a:46129
[2023-01-29T08:03:29.647+0000] {spark_submit.py:495} INFO - 23/01/29 08:03:29 INFO BlockManager: Using org.apache.spark.storage.RandomBlockReplicationPolicy for block replication policy
[2023-01-29T08:03:29.651+0000] {spark_submit.py:495} INFO - 23/01/29 08:03:29 INFO BlockManagerMaster: Registering BlockManager BlockManagerId(driver, 15c99fd3082a, 46129, None)
[2023-01-29T08:03:29.653+0000] {spark_submit.py:495} INFO - 23/01/29 08:03:29 INFO BlockManagerMasterEndpoint: Registering block manager 15c99fd3082a:46129 with 434.4 MiB RAM, BlockManagerId(driver, 15c99fd3082a, 46129, None)
[2023-01-29T08:03:29.655+0000] {spark_submit.py:495} INFO - 23/01/29 08:03:29 INFO BlockManagerMaster: Registered BlockManager BlockManagerId(driver, 15c99fd3082a, 46129, None)
[2023-01-29T08:03:29.656+0000] {spark_submit.py:495} INFO - 23/01/29 08:03:29 INFO BlockManager: Initialized BlockManager: BlockManagerId(driver, 15c99fd3082a, 46129, None)
[2023-01-29T08:03:32.883+0000] {spark_submit.py:495} INFO - 2023-01-29 08:03:32,880 - py4j.java_gateway - INFO - Callback Server Starting
[2023-01-29T08:03:32.884+0000] {spark_submit.py:495} INFO - 2023-01-29 08:03:32,880 - py4j.java_gateway - INFO - Socket listening on ('127.0.0.1', 36887)
[2023-01-29T08:03:37.660+0000] {spark_submit.py:495} INFO - 2023-01-29 08:03:37,656 - py4j.clientserver - INFO - Python Server ready to receive messages
[2023-01-29T08:03:37.661+0000] {spark_submit.py:495} INFO - 2023-01-29 08:03:37,656 - py4j.clientserver - INFO - Received command c on object id p0
[2023-01-29T08:03:38.687+0000] {spark_submit.py:495} INFO - -------------------------------------------
[2023-01-29T08:03:38.687+0000] {spark_submit.py:495} INFO - Batch: 0
[2023-01-29T08:03:38.688+0000] {spark_submit.py:495} INFO - -------------------------------------------
[2023-01-29T08:03:38.871+0000] {spark_submit.py:495} INFO - +---+-------------+-----+-------------+----------+----------------+------------+-----------------+--------------+-------------+
[2023-01-29T08:03:38.872+0000] {spark_submit.py:495} INFO - |id |nameOfProduct|price|ProductStatus|SellerName|RegistrationDate|QuantitySold|QuantityAvailable|Free shipping?|Store ratings|
[2023-01-29T08:03:38.872+0000] {spark_submit.py:495} INFO - +---+-------------+-----+-------------+----------+----------------+------------+-----------------+--------------+-------------+
[2023-01-29T08:03:38.872+0000] {spark_submit.py:495} INFO - +---+-------------+-----+-------------+----------+----------------+------------+-----------------+--------------+-------------+
[2023-01-29T08:03:38.872+0000] {spark_submit.py:495} INFO - 
[2023-01-29T08:04:07.240+0000] {spark_submit.py:495} INFO - 2023-01-29 08:04:07,240 - py4j.clientserver - INFO - Received command c on object id p0
[2023-01-29T08:04:08.795+0000] {spark_submit.py:495} INFO - 2023-01-29 08:04:08,795 - py4j.clientserver - INFO - Received command c on object id p0
[2023-01-29T08:04:10.706+0000] {spark_submit.py:495} INFO - -------------------------------------------
[2023-01-29T08:04:10.707+0000] {spark_submit.py:495} INFO - Batch: 1
[2023-01-29T08:04:10.707+0000] {spark_submit.py:495} INFO - -------------------------------------------
[2023-01-29T08:04:10.761+0000] {spark_submit.py:495} INFO - +-------------+-------------------------------------------------------------------------------------------------------------------------------------------------------------+--------+-------------+--------------------------+-------------------+------------+-----------------+------------------------------+-------------+
[2023-01-29T08:04:10.761+0000] {spark_submit.py:495} INFO - |id           |nameOfProduct                                                                                                                                                |price   |ProductStatus|SellerName                |RegistrationDate   |QuantitySold|QuantityAvailable|Free shipping?                |Store ratings|
[2023-01-29T08:04:10.762+0000] {spark_submit.py:495} INFO - +-------------+-------------------------------------------------------------------------------------------------------------------------------------------------------------+--------+-------------+--------------------------+-------------------+------------+-----------------+------------------------------+-------------+
[2023-01-29T08:04:10.762+0000] {spark_submit.py:495} INFO - |MLA1157512489|Placa De Video Nvidia Evga  Sc Gaming Geforce Gtx 16 Series Gtx 1660 Super 06g-p4-1068-kr 6gb                                                                |124999.0|new          |PCREGISTRADAOK            |2020-11-02 13:17:33|50          |1                |Your shipment arrives today   |4.5          |
[2023-01-29T08:04:10.762+0000] {spark_submit.py:495} INFO - |MLA1163238194|Placa De Video Amd Asrock  Phantom Gaming Radeon Rx 500 Series Rx 550 Phantom G R Rx550 2g 2gb                                                               |31424.0 |new          |MICYBERCOMPRA             |2011-09-13 13:15:53|50          |50               |Your shipment arrives today   |4.5          |
[2023-01-29T08:04:10.762+0000] {spark_submit.py:495} INFO - |MLA923635582 |Disco Slido Interno Kingston Sa400s37/480g 480gb Negro                                                                                                      |13299.0 |new          |DIAMONDSYSTEMSANJUSTOML   |2016-04-08 17:21:06|5000        |50               |You have to pay the shipping  |5.0          |
[2023-01-29T08:04:10.762+0000] {spark_submit.py:495} INFO - |MLA882277177 |Capturadora Video Hdmi Digital Full Hd Usb Streaming                                                                                                         |2699.0  |new          |BSK-IMPORTS               |2019-12-30 23:07:04|500         |50               |You have to pay the shipping  |3.0          |
[2023-01-29T08:04:10.762+0000] {spark_submit.py:495} INFO - |MLA1148481665|Microprocesador Pc Amd Ryzen 5 4600g 8mb 3.7ghz Socket Am4 100-100000147box 6 Nucleos 12 Hilos                                                               |58899.0 |new          |MALL WEB                  |2016-05-26 20:28:35|150         |1                |Your shipment arrives today   |4.5          |
[2023-01-29T08:04:10.762+0000] {spark_submit.py:495} INFO - |MLA1160204806|Memoria Ram Fury Beast Ddr4 Gamer Color Negro  8gb 1 Kingston Kf432c16bb/8                                                                                   |17399.0 |new          |OVERHARD DIGITAL          |2015-01-08 12:19:41|500         |100              |Your shipment arrives tomorrow|4.5          |
[2023-01-29T08:04:10.763+0000] {spark_submit.py:495} INFO - |MLA923637669 |Placa De Video Geforce Gt 740 2gb Gddr5 Hdmi Vga Fortnite                                                                                                    |28699.0 |new          |INDIGOTRADE               |2018-01-05 19:21:16|500         |50               |Your shipment arrives today   |4.5          |
[2023-01-29T08:04:10.763+0000] {spark_submit.py:495} INFO - |MLA844489972 |Disco Duro Interno Seagate Barracuda St1000dm010 1tb                                                                                                         |11599.0 |new          |DALECLCK                 |2015-03-16 12:07:23|5000        |500              |You have to pay the shipping  |5.0          |
[2023-01-29T08:04:10.763+0000] {spark_submit.py:495} INFO - |MLA1157627908|Disco Duro Externo Seagate Expansion Stkm1000400 1tb Negro                                                                                                   |18429.0 |new          |TECNOSTOCK.COM.AR         |2019-12-12 15:09:43|25          |50               |Your shipment arrives tomorrow|4.5          |
[2023-01-29T08:04:10.763+0000] {spark_submit.py:495} INFO - |MLA1149343157|Microprocesador Pc Intel Core I3 12100 12mb Bx8071512100 3.3ghz Socket 1700 4 Ncleos 8 Hilos 12va Generacin Socket Fclga1700 Intel Hd Graphics X86-64  Ddr4|36529.0 |new          |PCREGISTRADAOK            |2020-11-02 13:17:33|0           |1                |Your shipment arrives today   |4.5          |
[2023-01-29T08:04:10.763+0000] {spark_submit.py:495} INFO - |MLA1160178907|Memoria Ram Fury Beast Gamer Color Negro  16gb 1 Kingston Kf432c16bb/16                                                                                      |25799.0 |new          |OVERHARD DIGITAL          |2015-01-08 12:19:41|500         |50               |Your shipment arrives today   |4.5          |
[2023-01-29T08:04:10.763+0000] {spark_submit.py:495} INFO - |MLA1302136118|Disco Duro Interno Seagate Barracuda St2000dm008 2tb Plata                                                                                                   |18271.0 |new          |DIAMONDSYSTEMSANJUSTOML   |2016-04-08 17:21:06|150         |50               |Your shipment arrives tomorrow|4.5          |
[2023-01-29T08:04:10.763+0000] {spark_submit.py:495} INFO - |MLA1183925519|Placa De Video Nvidia Zotac  Gaming Geforce Rtx 30 Series Rtx 3080 Ti Zt-a30810d-10p 12gb                                                                    |299999.0|new          |ESTUDIOSMPSRLESTUDIOSMPSRL|2020-11-29 18:36:32|50          |1                |Your shipment arrives today   |4.5          |
[2023-01-29T08:04:10.763+0000] {spark_submit.py:495} INFO - |MLA1314590445|Disco Slido Interno Pny Ssd7cs900-240-rb 240gb Negro                                                                                                        |7799.0  |new          |ELECTRO-SHOWS             |2010-03-26 01:08:16|250         |250              |You have to pay the shipping  |4.5          |
[2023-01-29T08:04:10.764+0000] {spark_submit.py:495} INFO - |MLA1221192372|Disco Duro Externo Western Digital Wd Elements Portable Wdbu6y0020bbk 2tb Negro                                                                              |27899.0 |new          |OVERHARD DIGITAL          |2015-01-08 12:19:41|250         |100              |Your shipment arrives today   |4.5          |
[2023-01-29T08:04:10.764+0000] {spark_submit.py:495} INFO - |MLA1294240592|Procesador Intel Core I3-10105f Bx8070110105f De 4 Ncleos Y  4.4ghz De Frecuencia                                                                           |24043.0 |new          |PCREGISTRADAOK            |2020-11-02 13:17:33|4           |1                |Your shipment arrives tomorrow|4.5          |
[2023-01-29T08:04:10.764+0000] {spark_submit.py:495} INFO - |MLA1272836523|Disco Duro Interno Western Digital  Wd20ezaz 2tb Azul                                                                                                        |16999.0 |new          |TIENDA DELTA              |2011-09-15 21:48:50|150         |1                |Your shipment arrives tomorrow|4.5          |
[2023-01-29T08:04:10.764+0000] {spark_submit.py:495} INFO - |MLA1301642528|Placa De Video Nvidia Msi  Ventus Geforce Rtx 20 Series Rtx 2060 Geforce Rtx 2060 Ventus 6g Oc Oc Edition 6gb                                                |134999.0|new          |ITS-COMPUTACION           |2012-10-18 20:37:49|5           |1                |Your shipment arrives today   |4.5          |
[2023-01-29T08:04:10.764+0000] {spark_submit.py:495} INFO - |MLA902808321 |Procesador Gamer Intel Core I3-10100f Bx8070110100f De 4 Ncleos Y  4.3ghz De Frecuencia                                                                     |23699.0 |new          |MALL WEB                  |2016-05-26 20:28:35|500         |1                |Your shipment arrives tomorrow|4.5          |
[2023-01-29T08:04:10.764+0000] {spark_submit.py:495} INFO - |MLA1163233412|Placa De Video Nvidia Msi  Geforce 700 Series Gt 730 N730k-2gd3h/lpv1 2gb                                                                                    |34659.0 |new          |PCREGISTRADAOK            |2020-11-02 13:17:33|4           |1                |Your shipment arrives today   |4.5          |
[2023-01-29T08:04:10.764+0000] {spark_submit.py:495} INFO - +-------------+-------------------------------------------------------------------------------------------------------------------------------------------------------------+--------+-------------+--------------------------+-------------------+------------+-----------------+------------------------------+-------------+
[2023-01-29T08:04:10.765+0000] {spark_submit.py:495} INFO - only showing top 20 rows
[2023-01-29T08:04:10.765+0000] {spark_submit.py:495} INFO - 
[2023-01-29T08:05:14.919+0000] {local_task_job.py:207} WARNING - Recorded pid 17624 does not match the current pid 16965
[2023-01-29T08:05:14.921+0000] {process_utils.py:133} INFO - Sending Signals.SIGTERM to group 16965. PIDs of all processes in the group: [16966, 17025, 16965]
[2023-01-29T08:05:14.921+0000] {process_utils.py:84} INFO - Sending the signal Signals.SIGTERM to group 16965
[2023-01-29T08:05:14.921+0000] {taskinstance.py:1483} ERROR - Received SIGTERM. Terminating subprocesses.
[2023-01-29T08:05:14.922+0000] {spark_submit.py:620} INFO - Sending kill signal to spark-submit
[2023-01-29T08:05:14.933+0000] {taskinstance.py:1772} ERROR - Task failed with exception
Traceback (most recent call last):
  File "/home/airflow/.local/lib/python3.7/site-packages/airflow/providers/apache/spark/operators/spark_submit.py", line 157, in execute
    self._hook.submit(self._application)
  File "/home/airflow/.local/lib/python3.7/site-packages/airflow/providers/apache/spark/hooks/spark_submit.py", line 414, in submit
    self._process_spark_submit_log(iter(self._submit_sp.stdout))  # type: ignore
  File "/home/airflow/.local/lib/python3.7/site-packages/airflow/providers/apache/spark/hooks/spark_submit.py", line 463, in _process_spark_submit_log
    for line in itr:
  File "/home/airflow/.local/lib/python3.7/site-packages/airflow/models/taskinstance.py", line 1485, in signal_handler
    raise AirflowException("Task received SIGTERM signal")
airflow.exceptions.AirflowException: Task received SIGTERM signal
[2023-01-29T08:05:14.951+0000] {taskinstance.py:1327} INFO - Marking task as UP_FOR_RETRY. dag_id=Streaming_pipeline_meli, task_id=consumer_data_of_topic, execution_date=20230127T184927, start_date=20230129T080513, end_date=20230129T080514
[2023-01-29T08:05:14.966+0000] {standard_task_runner.py:105} ERROR - Failed to execute job 1195 for task consumer_data_of_topic (Task received SIGTERM signal; 16965)
[2023-01-29T08:05:14.989+0000] {process_utils.py:79} INFO - Process psutil.Process(pid=16966, status='terminated', started='08:03:22') (16966) terminated with exit code None
[2023-01-29T08:05:14.989+0000] {process_utils.py:79} INFO - Process psutil.Process(pid=17025, status='terminated', started='08:03:26') (17025) terminated with exit code None
[2023-01-29T08:05:14.990+0000] {process_utils.py:79} INFO - Process psutil.Process(pid=16965, status='terminated', exitcode=1, started='08:03:22') (16965) terminated with exit code 1
