[2023-01-29T07:21:47.954+0000] {taskinstance.py:1087} INFO - Dependencies all met for <TaskInstance: Streaming_pipeline_meli.consumer_data_of_topic manual__2023-01-27T18:49:27.597637+00:00 [queued]>
[2023-01-29T07:21:47.963+0000] {taskinstance.py:1087} INFO - Dependencies all met for <TaskInstance: Streaming_pipeline_meli.consumer_data_of_topic manual__2023-01-27T18:49:27.597637+00:00 [queued]>
[2023-01-29T07:21:47.963+0000] {taskinstance.py:1283} INFO - 
--------------------------------------------------------------------------------
[2023-01-29T07:21:47.964+0000] {taskinstance.py:1284} INFO - Starting attempt 27 of 32
[2023-01-29T07:21:47.964+0000] {taskinstance.py:1285} INFO - 
--------------------------------------------------------------------------------
[2023-01-29T07:21:47.977+0000] {taskinstance.py:1304} INFO - Executing <Task(SparkSubmitOperator): consumer_data_of_topic> on 2023-01-27 18:49:27.597637+00:00
[2023-01-29T07:21:47.981+0000] {standard_task_runner.py:55} INFO - Started process 7617 to run task
[2023-01-29T07:21:47.984+0000] {standard_task_runner.py:82} INFO - Running: ['***', 'tasks', 'run', 'Streaming_pipeline_meli', 'consumer_data_of_topic', 'manual__2023-01-27T18:49:27.597637+00:00', '--job-id', '1191', '--raw', '--subdir', 'DAGS_FOLDER/streamPipeline.py', '--cfg-path', '/tmp/tmp6pefbm5b']
[2023-01-29T07:21:47.985+0000] {standard_task_runner.py:83} INFO - Job 1191: Subtask consumer_data_of_topic
[2023-01-29T07:21:48.033+0000] {task_command.py:389} INFO - Running <TaskInstance: Streaming_pipeline_meli.consumer_data_of_topic manual__2023-01-27T18:49:27.597637+00:00 [running]> on host 15c99fd3082a
[2023-01-29T07:21:48.091+0000] {taskinstance.py:1513} INFO - Exporting the following env vars:
AIRFLOW_CTX_DAG_OWNER=***
AIRFLOW_CTX_DAG_ID=Streaming_pipeline_meli
AIRFLOW_CTX_TASK_ID=consumer_data_of_topic
AIRFLOW_CTX_EXECUTION_DATE=2023-01-27T18:49:27.597637+00:00
AIRFLOW_CTX_TRY_NUMBER=27
AIRFLOW_CTX_DAG_RUN_ID=manual__2023-01-27T18:49:27.597637+00:00
[2023-01-29T07:21:48.098+0000] {base.py:73} INFO - Using connection ID 'spark_default' for task execution.
[2023-01-29T07:21:48.099+0000] {spark_submit.py:344} INFO - Spark-Submit cmd: spark-submit --master spark://tomi-H310:7077 --packages org.apache.spark:spark-sql-kafka-0-10_2.12:3.1.3,org.mongodb.spark:mongo-spark-connector_2.12:3.0.1 --name arrow-spark --queue root.default /opt/***/dags/consumerSpark.py
[2023-01-29T07:21:48.217+0000] {spark_submit.py:495} INFO - /home/***/.local/lib/python3.7/site-packages/pyspark/bin/load-spark-env.sh: line 68: ps: command not found
[2023-01-29T07:21:49.602+0000] {spark_submit.py:495} INFO - :: loading settings :: url = jar:file:/home/***/.local/lib/python3.7/site-packages/pyspark/jars/ivy-2.5.0.jar!/org/apache/ivy/core/settings/ivysettings.xml
[2023-01-29T07:21:49.663+0000] {spark_submit.py:495} INFO - Ivy Default Cache set to: /home/***/.ivy2/cache
[2023-01-29T07:21:49.664+0000] {spark_submit.py:495} INFO - The jars for the packages stored in: /home/***/.ivy2/jars
[2023-01-29T07:21:49.668+0000] {spark_submit.py:495} INFO - org.apache.spark#spark-sql-kafka-0-10_2.12 added as a dependency
[2023-01-29T07:21:49.669+0000] {spark_submit.py:495} INFO - org.mongodb.spark#mongo-spark-connector_2.12 added as a dependency
[2023-01-29T07:21:49.670+0000] {spark_submit.py:495} INFO - :: resolving dependencies :: org.apache.spark#spark-submit-parent-cfcfe246-ad94-4039-835d-e1864bdb2a06;1.0
[2023-01-29T07:21:49.670+0000] {spark_submit.py:495} INFO - confs: [default]
[2023-01-29T07:21:49.836+0000] {spark_submit.py:495} INFO - found org.apache.spark#spark-sql-kafka-0-10_2.12;3.1.3 in central
[2023-01-29T07:21:49.913+0000] {spark_submit.py:495} INFO - found org.apache.spark#spark-token-provider-kafka-0-10_2.12;3.1.3 in central
[2023-01-29T07:21:49.942+0000] {spark_submit.py:495} INFO - found org.apache.kafka#kafka-clients;2.6.0 in central
[2023-01-29T07:21:49.971+0000] {spark_submit.py:495} INFO - found com.github.luben#zstd-jni;1.4.8-1 in central
[2023-01-29T07:21:49.993+0000] {spark_submit.py:495} INFO - found org.lz4#lz4-java;1.7.1 in central
[2023-01-29T07:21:50.027+0000] {spark_submit.py:495} INFO - found org.xerial.snappy#snappy-java;1.1.8.2 in central
[2023-01-29T07:21:50.044+0000] {spark_submit.py:495} INFO - found org.slf4j#slf4j-api;1.7.30 in central
[2023-01-29T07:21:50.061+0000] {spark_submit.py:495} INFO - found org.spark-project.spark#unused;1.0.0 in central
[2023-01-29T07:21:50.078+0000] {spark_submit.py:495} INFO - found org.apache.commons#commons-pool2;2.6.2 in central
[2023-01-29T07:21:50.109+0000] {spark_submit.py:495} INFO - found org.mongodb.spark#mongo-spark-connector_2.12;3.0.1 in central
[2023-01-29T07:21:50.120+0000] {spark_submit.py:495} INFO - found org.mongodb#mongodb-driver-sync;4.0.5 in central
[2023-01-29T07:21:50.133+0000] {spark_submit.py:495} INFO - found org.mongodb#bson;4.0.5 in central
[2023-01-29T07:21:50.149+0000] {spark_submit.py:495} INFO - found org.mongodb#mongodb-driver-core;4.0.5 in central
[2023-01-29T07:21:50.193+0000] {spark_submit.py:495} INFO - :: resolution report :: resolve 492ms :: artifacts dl 31ms
[2023-01-29T07:21:50.194+0000] {spark_submit.py:495} INFO - :: modules in use:
[2023-01-29T07:21:50.194+0000] {spark_submit.py:495} INFO - com.github.luben#zstd-jni;1.4.8-1 from central in [default]
[2023-01-29T07:21:50.194+0000] {spark_submit.py:495} INFO - org.apache.commons#commons-pool2;2.6.2 from central in [default]
[2023-01-29T07:21:50.194+0000] {spark_submit.py:495} INFO - org.apache.kafka#kafka-clients;2.6.0 from central in [default]
[2023-01-29T07:21:50.194+0000] {spark_submit.py:495} INFO - org.apache.spark#spark-sql-kafka-0-10_2.12;3.1.3 from central in [default]
[2023-01-29T07:21:50.194+0000] {spark_submit.py:495} INFO - org.apache.spark#spark-token-provider-kafka-0-10_2.12;3.1.3 from central in [default]
[2023-01-29T07:21:50.194+0000] {spark_submit.py:495} INFO - org.lz4#lz4-java;1.7.1 from central in [default]
[2023-01-29T07:21:50.194+0000] {spark_submit.py:495} INFO - org.mongodb#bson;4.0.5 from central in [default]
[2023-01-29T07:21:50.194+0000] {spark_submit.py:495} INFO - org.mongodb#mongodb-driver-core;4.0.5 from central in [default]
[2023-01-29T07:21:50.195+0000] {spark_submit.py:495} INFO - org.mongodb#mongodb-driver-sync;4.0.5 from central in [default]
[2023-01-29T07:21:50.195+0000] {spark_submit.py:495} INFO - org.mongodb.spark#mongo-spark-connector_2.12;3.0.1 from central in [default]
[2023-01-29T07:21:50.195+0000] {spark_submit.py:495} INFO - org.slf4j#slf4j-api;1.7.30 from central in [default]
[2023-01-29T07:21:50.195+0000] {spark_submit.py:495} INFO - org.spark-project.spark#unused;1.0.0 from central in [default]
[2023-01-29T07:21:50.195+0000] {spark_submit.py:495} INFO - org.xerial.snappy#snappy-java;1.1.8.2 from central in [default]
[2023-01-29T07:21:50.195+0000] {spark_submit.py:495} INFO - ---------------------------------------------------------------------
[2023-01-29T07:21:50.195+0000] {spark_submit.py:495} INFO - |                  |            modules            ||   artifacts   |
[2023-01-29T07:21:50.195+0000] {spark_submit.py:495} INFO - |       conf       | number| search|dwnlded|evicted|| number|dwnlded|
[2023-01-29T07:21:50.196+0000] {spark_submit.py:495} INFO - ---------------------------------------------------------------------
[2023-01-29T07:21:50.196+0000] {spark_submit.py:495} INFO - |      default     |   13  |   0   |   0   |   0   ||   13  |   0   |
[2023-01-29T07:21:50.196+0000] {spark_submit.py:495} INFO - ---------------------------------------------------------------------
[2023-01-29T07:21:50.201+0000] {spark_submit.py:495} INFO - :: retrieving :: org.apache.spark#spark-submit-parent-cfcfe246-ad94-4039-835d-e1864bdb2a06
[2023-01-29T07:21:50.201+0000] {spark_submit.py:495} INFO - confs: [default]
[2023-01-29T07:21:50.207+0000] {spark_submit.py:495} INFO - 0 artifacts copied, 13 already retrieved (0kB/7ms)
[2023-01-29T07:21:50.394+0000] {spark_submit.py:495} INFO - 23/01/29 07:21:50 WARN NativeCodeLoader: Unable to load native-hadoop library for your platform... using builtin-java classes where applicable
[2023-01-29T07:21:51.268+0000] {spark_submit.py:495} INFO - 23/01/29 07:21:51 INFO SparkContext: Running Spark version 3.3.1
[2023-01-29T07:21:51.286+0000] {spark_submit.py:495} INFO - 23/01/29 07:21:51 INFO ResourceUtils: ==============================================================
[2023-01-29T07:21:51.286+0000] {spark_submit.py:495} INFO - 23/01/29 07:21:51 INFO ResourceUtils: No custom resources configured for spark.driver.
[2023-01-29T07:21:51.286+0000] {spark_submit.py:495} INFO - 23/01/29 07:21:51 INFO ResourceUtils: ==============================================================
[2023-01-29T07:21:51.287+0000] {spark_submit.py:495} INFO - 23/01/29 07:21:51 INFO SparkContext: Submitted application: arrow-spark
[2023-01-29T07:21:51.304+0000] {spark_submit.py:495} INFO - 23/01/29 07:21:51 INFO ResourceProfile: Default ResourceProfile created, executor resources: Map(cores -> name: cores, amount: 1, script: , vendor: , memory -> name: memory, amount: 1024, script: , vendor: , offHeap -> name: offHeap, amount: 0, script: , vendor: ), task resources: Map(cpus -> name: cpus, amount: 1.0)
[2023-01-29T07:21:51.315+0000] {spark_submit.py:495} INFO - 23/01/29 07:21:51 INFO ResourceProfile: Limiting resource is cpu
[2023-01-29T07:21:51.316+0000] {spark_submit.py:495} INFO - 23/01/29 07:21:51 INFO ResourceProfileManager: Added ResourceProfile id: 0
[2023-01-29T07:21:51.355+0000] {spark_submit.py:495} INFO - 23/01/29 07:21:51 INFO SecurityManager: Changing view acls to: default
[2023-01-29T07:21:51.355+0000] {spark_submit.py:495} INFO - 23/01/29 07:21:51 INFO SecurityManager: Changing modify acls to: default
[2023-01-29T07:21:51.357+0000] {spark_submit.py:495} INFO - 23/01/29 07:21:51 INFO SecurityManager: Changing view acls groups to:
[2023-01-29T07:21:51.357+0000] {spark_submit.py:495} INFO - 23/01/29 07:21:51 INFO SecurityManager: Changing modify acls groups to:
[2023-01-29T07:21:51.357+0000] {spark_submit.py:495} INFO - 23/01/29 07:21:51 INFO SecurityManager: SecurityManager: authentication disabled; ui acls disabled; users  with view permissions: Set(default); groups with view permissions: Set(); users  with modify permissions: Set(default); groups with modify permissions: Set()
[2023-01-29T07:21:51.571+0000] {spark_submit.py:495} INFO - 23/01/29 07:21:51 INFO Utils: Successfully started service 'sparkDriver' on port 43271.
[2023-01-29T07:21:51.592+0000] {spark_submit.py:495} INFO - 23/01/29 07:21:51 INFO SparkEnv: Registering MapOutputTracker
[2023-01-29T07:21:51.617+0000] {spark_submit.py:495} INFO - 23/01/29 07:21:51 INFO SparkEnv: Registering BlockManagerMaster
[2023-01-29T07:21:51.630+0000] {spark_submit.py:495} INFO - 23/01/29 07:21:51 INFO BlockManagerMasterEndpoint: Using org.apache.spark.storage.DefaultTopologyMapper for getting topology information
[2023-01-29T07:21:51.630+0000] {spark_submit.py:495} INFO - 23/01/29 07:21:51 INFO BlockManagerMasterEndpoint: BlockManagerMasterEndpoint up
[2023-01-29T07:21:51.633+0000] {spark_submit.py:495} INFO - 23/01/29 07:21:51 INFO SparkEnv: Registering BlockManagerMasterHeartbeat
[2023-01-29T07:21:51.652+0000] {spark_submit.py:495} INFO - 23/01/29 07:21:51 INFO DiskBlockManager: Created local directory at /tmp/blockmgr-4d09b8c8-0a49-4465-9983-e2efb6b22ddc
[2023-01-29T07:21:51.664+0000] {spark_submit.py:495} INFO - 23/01/29 07:21:51 INFO MemoryStore: MemoryStore started with capacity 434.4 MiB
[2023-01-29T07:21:51.677+0000] {spark_submit.py:495} INFO - 23/01/29 07:21:51 INFO SparkEnv: Registering OutputCommitCoordinator
[2023-01-29T07:21:51.830+0000] {spark_submit.py:495} INFO - 23/01/29 07:21:51 INFO Utils: Successfully started service 'SparkUI' on port 4040.
[2023-01-29T07:21:51.868+0000] {spark_submit.py:495} INFO - 23/01/29 07:21:51 INFO SparkContext: Added JAR file:///home/***/.ivy2/jars/org.apache.spark_spark-sql-kafka-0-10_2.12-3.1.3.jar at spark://15c99fd3082a:43271/jars/org.apache.spark_spark-sql-kafka-0-10_2.12-3.1.3.jar with timestamp 1674976911262
[2023-01-29T07:21:51.869+0000] {spark_submit.py:495} INFO - 23/01/29 07:21:51 INFO SparkContext: Added JAR file:///home/***/.ivy2/jars/org.mongodb.spark_mongo-spark-connector_2.12-3.0.1.jar at spark://15c99fd3082a:43271/jars/org.mongodb.spark_mongo-spark-connector_2.12-3.0.1.jar with timestamp 1674976911262
[2023-01-29T07:21:51.869+0000] {spark_submit.py:495} INFO - 23/01/29 07:21:51 INFO SparkContext: Added JAR file:///home/***/.ivy2/jars/org.apache.spark_spark-token-provider-kafka-0-10_2.12-3.1.3.jar at spark://15c99fd3082a:43271/jars/org.apache.spark_spark-token-provider-kafka-0-10_2.12-3.1.3.jar with timestamp 1674976911262
[2023-01-29T07:21:51.870+0000] {spark_submit.py:495} INFO - 23/01/29 07:21:51 INFO SparkContext: Added JAR file:///home/***/.ivy2/jars/org.apache.kafka_kafka-clients-2.6.0.jar at spark://15c99fd3082a:43271/jars/org.apache.kafka_kafka-clients-2.6.0.jar with timestamp 1674976911262
[2023-01-29T07:21:51.870+0000] {spark_submit.py:495} INFO - 23/01/29 07:21:51 INFO SparkContext: Added JAR file:///home/***/.ivy2/jars/org.apache.commons_commons-pool2-2.6.2.jar at spark://15c99fd3082a:43271/jars/org.apache.commons_commons-pool2-2.6.2.jar with timestamp 1674976911262
[2023-01-29T07:21:51.870+0000] {spark_submit.py:495} INFO - 23/01/29 07:21:51 INFO SparkContext: Added JAR file:///home/***/.ivy2/jars/org.spark-project.spark_unused-1.0.0.jar at spark://15c99fd3082a:43271/jars/org.spark-project.spark_unused-1.0.0.jar with timestamp 1674976911262
[2023-01-29T07:21:51.871+0000] {spark_submit.py:495} INFO - 23/01/29 07:21:51 INFO SparkContext: Added JAR file:///home/***/.ivy2/jars/com.github.luben_zstd-jni-1.4.8-1.jar at spark://15c99fd3082a:43271/jars/com.github.luben_zstd-jni-1.4.8-1.jar with timestamp 1674976911262
[2023-01-29T07:21:51.871+0000] {spark_submit.py:495} INFO - 23/01/29 07:21:51 INFO SparkContext: Added JAR file:///home/***/.ivy2/jars/org.lz4_lz4-java-1.7.1.jar at spark://15c99fd3082a:43271/jars/org.lz4_lz4-java-1.7.1.jar with timestamp 1674976911262
[2023-01-29T07:21:51.871+0000] {spark_submit.py:495} INFO - 23/01/29 07:21:51 INFO SparkContext: Added JAR file:///home/***/.ivy2/jars/org.xerial.snappy_snappy-java-1.1.8.2.jar at spark://15c99fd3082a:43271/jars/org.xerial.snappy_snappy-java-1.1.8.2.jar with timestamp 1674976911262
[2023-01-29T07:21:51.871+0000] {spark_submit.py:495} INFO - 23/01/29 07:21:51 INFO SparkContext: Added JAR file:///home/***/.ivy2/jars/org.slf4j_slf4j-api-1.7.30.jar at spark://15c99fd3082a:43271/jars/org.slf4j_slf4j-api-1.7.30.jar with timestamp 1674976911262
[2023-01-29T07:21:51.872+0000] {spark_submit.py:495} INFO - 23/01/29 07:21:51 INFO SparkContext: Added JAR file:///home/***/.ivy2/jars/org.mongodb_mongodb-driver-sync-4.0.5.jar at spark://15c99fd3082a:43271/jars/org.mongodb_mongodb-driver-sync-4.0.5.jar with timestamp 1674976911262
[2023-01-29T07:21:51.872+0000] {spark_submit.py:495} INFO - 23/01/29 07:21:51 INFO SparkContext: Added JAR file:///home/***/.ivy2/jars/org.mongodb_bson-4.0.5.jar at spark://15c99fd3082a:43271/jars/org.mongodb_bson-4.0.5.jar with timestamp 1674976911262
[2023-01-29T07:21:51.872+0000] {spark_submit.py:495} INFO - 23/01/29 07:21:51 INFO SparkContext: Added JAR file:///home/***/.ivy2/jars/org.mongodb_mongodb-driver-core-4.0.5.jar at spark://15c99fd3082a:43271/jars/org.mongodb_mongodb-driver-core-4.0.5.jar with timestamp 1674976911262
[2023-01-29T07:21:51.875+0000] {spark_submit.py:495} INFO - 23/01/29 07:21:51 INFO SparkContext: Added file file:///home/***/.ivy2/jars/org.apache.spark_spark-sql-kafka-0-10_2.12-3.1.3.jar at file:///home/***/.ivy2/jars/org.apache.spark_spark-sql-kafka-0-10_2.12-3.1.3.jar with timestamp 1674976911262
[2023-01-29T07:21:51.876+0000] {spark_submit.py:495} INFO - 23/01/29 07:21:51 INFO Utils: Copying /home/***/.ivy2/jars/org.apache.spark_spark-sql-kafka-0-10_2.12-3.1.3.jar to /tmp/spark-fcc0e5a4-32b3-4959-bdb6-8551ba30d6f8/userFiles-649109df-6078-442c-b435-32dc8953abb5/org.apache.spark_spark-sql-kafka-0-10_2.12-3.1.3.jar
[2023-01-29T07:21:51.885+0000] {spark_submit.py:495} INFO - 23/01/29 07:21:51 INFO SparkContext: Added file file:///home/***/.ivy2/jars/org.mongodb.spark_mongo-spark-connector_2.12-3.0.1.jar at file:///home/***/.ivy2/jars/org.mongodb.spark_mongo-spark-connector_2.12-3.0.1.jar with timestamp 1674976911262
[2023-01-29T07:21:51.886+0000] {spark_submit.py:495} INFO - 23/01/29 07:21:51 INFO Utils: Copying /home/***/.ivy2/jars/org.mongodb.spark_mongo-spark-connector_2.12-3.0.1.jar to /tmp/spark-fcc0e5a4-32b3-4959-bdb6-8551ba30d6f8/userFiles-649109df-6078-442c-b435-32dc8953abb5/org.mongodb.spark_mongo-spark-connector_2.12-3.0.1.jar
[2023-01-29T07:21:51.893+0000] {spark_submit.py:495} INFO - 23/01/29 07:21:51 INFO SparkContext: Added file file:///home/***/.ivy2/jars/org.apache.spark_spark-token-provider-kafka-0-10_2.12-3.1.3.jar at file:///home/***/.ivy2/jars/org.apache.spark_spark-token-provider-kafka-0-10_2.12-3.1.3.jar with timestamp 1674976911262
[2023-01-29T07:21:51.893+0000] {spark_submit.py:495} INFO - 23/01/29 07:21:51 INFO Utils: Copying /home/***/.ivy2/jars/org.apache.spark_spark-token-provider-kafka-0-10_2.12-3.1.3.jar to /tmp/spark-fcc0e5a4-32b3-4959-bdb6-8551ba30d6f8/userFiles-649109df-6078-442c-b435-32dc8953abb5/org.apache.spark_spark-token-provider-kafka-0-10_2.12-3.1.3.jar
[2023-01-29T07:21:51.899+0000] {spark_submit.py:495} INFO - 23/01/29 07:21:51 INFO SparkContext: Added file file:///home/***/.ivy2/jars/org.apache.kafka_kafka-clients-2.6.0.jar at file:///home/***/.ivy2/jars/org.apache.kafka_kafka-clients-2.6.0.jar with timestamp 1674976911262
[2023-01-29T07:21:51.900+0000] {spark_submit.py:495} INFO - 23/01/29 07:21:51 INFO Utils: Copying /home/***/.ivy2/jars/org.apache.kafka_kafka-clients-2.6.0.jar to /tmp/spark-fcc0e5a4-32b3-4959-bdb6-8551ba30d6f8/userFiles-649109df-6078-442c-b435-32dc8953abb5/org.apache.kafka_kafka-clients-2.6.0.jar
[2023-01-29T07:21:51.919+0000] {spark_submit.py:495} INFO - 23/01/29 07:21:51 INFO SparkContext: Added file file:///home/***/.ivy2/jars/org.apache.commons_commons-pool2-2.6.2.jar at file:///home/***/.ivy2/jars/org.apache.commons_commons-pool2-2.6.2.jar with timestamp 1674976911262
[2023-01-29T07:21:51.919+0000] {spark_submit.py:495} INFO - 23/01/29 07:21:51 INFO Utils: Copying /home/***/.ivy2/jars/org.apache.commons_commons-pool2-2.6.2.jar to /tmp/spark-fcc0e5a4-32b3-4959-bdb6-8551ba30d6f8/userFiles-649109df-6078-442c-b435-32dc8953abb5/org.apache.commons_commons-pool2-2.6.2.jar
[2023-01-29T07:21:51.923+0000] {spark_submit.py:495} INFO - 23/01/29 07:21:51 INFO SparkContext: Added file file:///home/***/.ivy2/jars/org.spark-project.spark_unused-1.0.0.jar at file:///home/***/.ivy2/jars/org.spark-project.spark_unused-1.0.0.jar with timestamp 1674976911262
[2023-01-29T07:21:51.924+0000] {spark_submit.py:495} INFO - 23/01/29 07:21:51 INFO Utils: Copying /home/***/.ivy2/jars/org.spark-project.spark_unused-1.0.0.jar to /tmp/spark-fcc0e5a4-32b3-4959-bdb6-8551ba30d6f8/userFiles-649109df-6078-442c-b435-32dc8953abb5/org.spark-project.spark_unused-1.0.0.jar
[2023-01-29T07:21:51.927+0000] {spark_submit.py:495} INFO - 23/01/29 07:21:51 INFO SparkContext: Added file file:///home/***/.ivy2/jars/com.github.luben_zstd-jni-1.4.8-1.jar at file:///home/***/.ivy2/jars/com.github.luben_zstd-jni-1.4.8-1.jar with timestamp 1674976911262
[2023-01-29T07:21:51.927+0000] {spark_submit.py:495} INFO - 23/01/29 07:21:51 INFO Utils: Copying /home/***/.ivy2/jars/com.github.luben_zstd-jni-1.4.8-1.jar to /tmp/spark-fcc0e5a4-32b3-4959-bdb6-8551ba30d6f8/userFiles-649109df-6078-442c-b435-32dc8953abb5/com.github.luben_zstd-jni-1.4.8-1.jar
[2023-01-29T07:21:51.949+0000] {spark_submit.py:495} INFO - 23/01/29 07:21:51 INFO SparkContext: Added file file:///home/***/.ivy2/jars/org.lz4_lz4-java-1.7.1.jar at file:///home/***/.ivy2/jars/org.lz4_lz4-java-1.7.1.jar with timestamp 1674976911262
[2023-01-29T07:21:51.950+0000] {spark_submit.py:495} INFO - 23/01/29 07:21:51 INFO Utils: Copying /home/***/.ivy2/jars/org.lz4_lz4-java-1.7.1.jar to /tmp/spark-fcc0e5a4-32b3-4959-bdb6-8551ba30d6f8/userFiles-649109df-6078-442c-b435-32dc8953abb5/org.lz4_lz4-java-1.7.1.jar
[2023-01-29T07:21:51.977+0000] {spark_submit.py:495} INFO - 23/01/29 07:21:51 INFO SparkContext: Added file file:///home/***/.ivy2/jars/org.xerial.snappy_snappy-java-1.1.8.2.jar at file:///home/***/.ivy2/jars/org.xerial.snappy_snappy-java-1.1.8.2.jar with timestamp 1674976911262
[2023-01-29T07:21:51.977+0000] {spark_submit.py:495} INFO - 23/01/29 07:21:51 INFO Utils: Copying /home/***/.ivy2/jars/org.xerial.snappy_snappy-java-1.1.8.2.jar to /tmp/spark-fcc0e5a4-32b3-4959-bdb6-8551ba30d6f8/userFiles-649109df-6078-442c-b435-32dc8953abb5/org.xerial.snappy_snappy-java-1.1.8.2.jar
[2023-01-29T07:21:51.982+0000] {spark_submit.py:495} INFO - 23/01/29 07:21:51 INFO SparkContext: Added file file:///home/***/.ivy2/jars/org.slf4j_slf4j-api-1.7.30.jar at file:///home/***/.ivy2/jars/org.slf4j_slf4j-api-1.7.30.jar with timestamp 1674976911262
[2023-01-29T07:21:51.983+0000] {spark_submit.py:495} INFO - 23/01/29 07:21:51 INFO Utils: Copying /home/***/.ivy2/jars/org.slf4j_slf4j-api-1.7.30.jar to /tmp/spark-fcc0e5a4-32b3-4959-bdb6-8551ba30d6f8/userFiles-649109df-6078-442c-b435-32dc8953abb5/org.slf4j_slf4j-api-1.7.30.jar
[2023-01-29T07:21:51.988+0000] {spark_submit.py:495} INFO - 23/01/29 07:21:51 INFO SparkContext: Added file file:///home/***/.ivy2/jars/org.mongodb_mongodb-driver-sync-4.0.5.jar at file:///home/***/.ivy2/jars/org.mongodb_mongodb-driver-sync-4.0.5.jar with timestamp 1674976911262
[2023-01-29T07:21:51.988+0000] {spark_submit.py:495} INFO - 23/01/29 07:21:51 INFO Utils: Copying /home/***/.ivy2/jars/org.mongodb_mongodb-driver-sync-4.0.5.jar to /tmp/spark-fcc0e5a4-32b3-4959-bdb6-8551ba30d6f8/userFiles-649109df-6078-442c-b435-32dc8953abb5/org.mongodb_mongodb-driver-sync-4.0.5.jar
[2023-01-29T07:21:51.991+0000] {spark_submit.py:495} INFO - 23/01/29 07:21:51 INFO SparkContext: Added file file:///home/***/.ivy2/jars/org.mongodb_bson-4.0.5.jar at file:///home/***/.ivy2/jars/org.mongodb_bson-4.0.5.jar with timestamp 1674976911262
[2023-01-29T07:21:51.991+0000] {spark_submit.py:495} INFO - 23/01/29 07:21:51 INFO Utils: Copying /home/***/.ivy2/jars/org.mongodb_bson-4.0.5.jar to /tmp/spark-fcc0e5a4-32b3-4959-bdb6-8551ba30d6f8/userFiles-649109df-6078-442c-b435-32dc8953abb5/org.mongodb_bson-4.0.5.jar
[2023-01-29T07:21:51.995+0000] {spark_submit.py:495} INFO - 23/01/29 07:21:51 INFO SparkContext: Added file file:///home/***/.ivy2/jars/org.mongodb_mongodb-driver-core-4.0.5.jar at file:///home/***/.ivy2/jars/org.mongodb_mongodb-driver-core-4.0.5.jar with timestamp 1674976911262
[2023-01-29T07:21:51.995+0000] {spark_submit.py:495} INFO - 23/01/29 07:21:51 INFO Utils: Copying /home/***/.ivy2/jars/org.mongodb_mongodb-driver-core-4.0.5.jar to /tmp/spark-fcc0e5a4-32b3-4959-bdb6-8551ba30d6f8/userFiles-649109df-6078-442c-b435-32dc8953abb5/org.mongodb_mongodb-driver-core-4.0.5.jar
[2023-01-29T07:21:52.059+0000] {spark_submit.py:495} INFO - 23/01/29 07:21:52 INFO Executor: Starting executor ID driver on host 15c99fd3082a
[2023-01-29T07:21:52.066+0000] {spark_submit.py:495} INFO - 23/01/29 07:21:52 INFO Executor: Starting executor with user classpath (userClassPathFirst = false): ''
[2023-01-29T07:21:52.106+0000] {spark_submit.py:495} INFO - 23/01/29 07:21:52 INFO Executor: Fetching file:///home/***/.ivy2/jars/org.apache.spark_spark-token-provider-kafka-0-10_2.12-3.1.3.jar with timestamp 1674976911262
[2023-01-29T07:21:52.122+0000] {spark_submit.py:495} INFO - 23/01/29 07:21:52 INFO Utils: /home/***/.ivy2/jars/org.apache.spark_spark-token-provider-kafka-0-10_2.12-3.1.3.jar has been previously copied to /tmp/spark-fcc0e5a4-32b3-4959-bdb6-8551ba30d6f8/userFiles-649109df-6078-442c-b435-32dc8953abb5/org.apache.spark_spark-token-provider-kafka-0-10_2.12-3.1.3.jar
[2023-01-29T07:21:52.149+0000] {spark_submit.py:495} INFO - 23/01/29 07:21:52 INFO Executor: Fetching file:///home/***/.ivy2/jars/org.mongodb_mongodb-driver-sync-4.0.5.jar with timestamp 1674976911262
[2023-01-29T07:21:52.150+0000] {spark_submit.py:495} INFO - 23/01/29 07:21:52 INFO Utils: /home/***/.ivy2/jars/org.mongodb_mongodb-driver-sync-4.0.5.jar has been previously copied to /tmp/spark-fcc0e5a4-32b3-4959-bdb6-8551ba30d6f8/userFiles-649109df-6078-442c-b435-32dc8953abb5/org.mongodb_mongodb-driver-sync-4.0.5.jar
[2023-01-29T07:21:52.160+0000] {spark_submit.py:495} INFO - 23/01/29 07:21:52 INFO Executor: Fetching file:///home/***/.ivy2/jars/org.apache.kafka_kafka-clients-2.6.0.jar with timestamp 1674976911262
[2023-01-29T07:21:52.170+0000] {spark_submit.py:495} INFO - 23/01/29 07:21:52 INFO Utils: /home/***/.ivy2/jars/org.apache.kafka_kafka-clients-2.6.0.jar has been previously copied to /tmp/spark-fcc0e5a4-32b3-4959-bdb6-8551ba30d6f8/userFiles-649109df-6078-442c-b435-32dc8953abb5/org.apache.kafka_kafka-clients-2.6.0.jar
[2023-01-29T07:21:52.188+0000] {spark_submit.py:495} INFO - 23/01/29 07:21:52 INFO Executor: Fetching file:///home/***/.ivy2/jars/org.mongodb_bson-4.0.5.jar with timestamp 1674976911262
[2023-01-29T07:21:52.190+0000] {spark_submit.py:495} INFO - 23/01/29 07:21:52 INFO Utils: /home/***/.ivy2/jars/org.mongodb_bson-4.0.5.jar has been previously copied to /tmp/spark-fcc0e5a4-32b3-4959-bdb6-8551ba30d6f8/userFiles-649109df-6078-442c-b435-32dc8953abb5/org.mongodb_bson-4.0.5.jar
[2023-01-29T07:21:52.221+0000] {spark_submit.py:495} INFO - 23/01/29 07:21:52 INFO Executor: Fetching file:///home/***/.ivy2/jars/com.github.luben_zstd-jni-1.4.8-1.jar with timestamp 1674976911262
[2023-01-29T07:21:52.227+0000] {spark_submit.py:495} INFO - 23/01/29 07:21:52 INFO Utils: /home/***/.ivy2/jars/com.github.luben_zstd-jni-1.4.8-1.jar has been previously copied to /tmp/spark-fcc0e5a4-32b3-4959-bdb6-8551ba30d6f8/userFiles-649109df-6078-442c-b435-32dc8953abb5/com.github.luben_zstd-jni-1.4.8-1.jar
[2023-01-29T07:21:52.245+0000] {spark_submit.py:495} INFO - 23/01/29 07:21:52 INFO Executor: Fetching file:///home/***/.ivy2/jars/org.lz4_lz4-java-1.7.1.jar with timestamp 1674976911262
[2023-01-29T07:21:52.248+0000] {spark_submit.py:495} INFO - 23/01/29 07:21:52 INFO Utils: /home/***/.ivy2/jars/org.lz4_lz4-java-1.7.1.jar has been previously copied to /tmp/spark-fcc0e5a4-32b3-4959-bdb6-8551ba30d6f8/userFiles-649109df-6078-442c-b435-32dc8953abb5/org.lz4_lz4-java-1.7.1.jar
[2023-01-29T07:21:52.253+0000] {spark_submit.py:495} INFO - 23/01/29 07:21:52 INFO Executor: Fetching file:///home/***/.ivy2/jars/org.spark-project.spark_unused-1.0.0.jar with timestamp 1674976911262
[2023-01-29T07:21:52.258+0000] {spark_submit.py:495} INFO - 23/01/29 07:21:52 INFO Utils: /home/***/.ivy2/jars/org.spark-project.spark_unused-1.0.0.jar has been previously copied to /tmp/spark-fcc0e5a4-32b3-4959-bdb6-8551ba30d6f8/userFiles-649109df-6078-442c-b435-32dc8953abb5/org.spark-project.spark_unused-1.0.0.jar
[2023-01-29T07:21:52.262+0000] {spark_submit.py:495} INFO - 23/01/29 07:21:52 INFO Executor: Fetching file:///home/***/.ivy2/jars/org.xerial.snappy_snappy-java-1.1.8.2.jar with timestamp 1674976911262
[2023-01-29T07:21:52.263+0000] {spark_submit.py:495} INFO - 23/01/29 07:21:52 INFO Utils: /home/***/.ivy2/jars/org.xerial.snappy_snappy-java-1.1.8.2.jar has been previously copied to /tmp/spark-fcc0e5a4-32b3-4959-bdb6-8551ba30d6f8/userFiles-649109df-6078-442c-b435-32dc8953abb5/org.xerial.snappy_snappy-java-1.1.8.2.jar
[2023-01-29T07:21:52.273+0000] {spark_submit.py:495} INFO - 23/01/29 07:21:52 INFO Executor: Fetching file:///home/***/.ivy2/jars/org.mongodb_mongodb-driver-core-4.0.5.jar with timestamp 1674976911262
[2023-01-29T07:21:52.273+0000] {spark_submit.py:495} INFO - 23/01/29 07:21:52 INFO Utils: /home/***/.ivy2/jars/org.mongodb_mongodb-driver-core-4.0.5.jar has been previously copied to /tmp/spark-fcc0e5a4-32b3-4959-bdb6-8551ba30d6f8/userFiles-649109df-6078-442c-b435-32dc8953abb5/org.mongodb_mongodb-driver-core-4.0.5.jar
[2023-01-29T07:21:52.276+0000] {spark_submit.py:495} INFO - 23/01/29 07:21:52 INFO Executor: Fetching file:///home/***/.ivy2/jars/org.apache.spark_spark-sql-kafka-0-10_2.12-3.1.3.jar with timestamp 1674976911262
[2023-01-29T07:21:52.277+0000] {spark_submit.py:495} INFO - 23/01/29 07:21:52 INFO Utils: /home/***/.ivy2/jars/org.apache.spark_spark-sql-kafka-0-10_2.12-3.1.3.jar has been previously copied to /tmp/spark-fcc0e5a4-32b3-4959-bdb6-8551ba30d6f8/userFiles-649109df-6078-442c-b435-32dc8953abb5/org.apache.spark_spark-sql-kafka-0-10_2.12-3.1.3.jar
[2023-01-29T07:21:52.281+0000] {spark_submit.py:495} INFO - 23/01/29 07:21:52 INFO Executor: Fetching file:///home/***/.ivy2/jars/org.mongodb.spark_mongo-spark-connector_2.12-3.0.1.jar with timestamp 1674976911262
[2023-01-29T07:21:52.281+0000] {spark_submit.py:495} INFO - 23/01/29 07:21:52 INFO Utils: /home/***/.ivy2/jars/org.mongodb.spark_mongo-spark-connector_2.12-3.0.1.jar has been previously copied to /tmp/spark-fcc0e5a4-32b3-4959-bdb6-8551ba30d6f8/userFiles-649109df-6078-442c-b435-32dc8953abb5/org.mongodb.spark_mongo-spark-connector_2.12-3.0.1.jar
[2023-01-29T07:21:52.284+0000] {spark_submit.py:495} INFO - 23/01/29 07:21:52 INFO Executor: Fetching file:///home/***/.ivy2/jars/org.apache.commons_commons-pool2-2.6.2.jar with timestamp 1674976911262
[2023-01-29T07:21:52.284+0000] {spark_submit.py:495} INFO - 23/01/29 07:21:52 INFO Utils: /home/***/.ivy2/jars/org.apache.commons_commons-pool2-2.6.2.jar has been previously copied to /tmp/spark-fcc0e5a4-32b3-4959-bdb6-8551ba30d6f8/userFiles-649109df-6078-442c-b435-32dc8953abb5/org.apache.commons_commons-pool2-2.6.2.jar
[2023-01-29T07:21:52.287+0000] {spark_submit.py:495} INFO - 23/01/29 07:21:52 INFO Executor: Fetching file:///home/***/.ivy2/jars/org.slf4j_slf4j-api-1.7.30.jar with timestamp 1674976911262
[2023-01-29T07:21:52.288+0000] {spark_submit.py:495} INFO - 23/01/29 07:21:52 INFO Utils: /home/***/.ivy2/jars/org.slf4j_slf4j-api-1.7.30.jar has been previously copied to /tmp/spark-fcc0e5a4-32b3-4959-bdb6-8551ba30d6f8/userFiles-649109df-6078-442c-b435-32dc8953abb5/org.slf4j_slf4j-api-1.7.30.jar
[2023-01-29T07:21:52.294+0000] {spark_submit.py:495} INFO - 23/01/29 07:21:52 INFO Executor: Fetching spark://15c99fd3082a:43271/jars/org.apache.kafka_kafka-clients-2.6.0.jar with timestamp 1674976911262
[2023-01-29T07:21:52.322+0000] {spark_submit.py:495} INFO - 23/01/29 07:21:52 INFO TransportClientFactory: Successfully created connection to 15c99fd3082a/172.20.0.4:43271 after 19 ms (0 ms spent in bootstraps)
[2023-01-29T07:21:52.330+0000] {spark_submit.py:495} INFO - 23/01/29 07:21:52 INFO Utils: Fetching spark://15c99fd3082a:43271/jars/org.apache.kafka_kafka-clients-2.6.0.jar to /tmp/spark-fcc0e5a4-32b3-4959-bdb6-8551ba30d6f8/userFiles-649109df-6078-442c-b435-32dc8953abb5/fetchFileTemp13958883060229168771.tmp
[2023-01-29T07:21:52.392+0000] {spark_submit.py:495} INFO - 23/01/29 07:21:52 INFO Utils: /tmp/spark-fcc0e5a4-32b3-4959-bdb6-8551ba30d6f8/userFiles-649109df-6078-442c-b435-32dc8953abb5/fetchFileTemp13958883060229168771.tmp has been previously copied to /tmp/spark-fcc0e5a4-32b3-4959-bdb6-8551ba30d6f8/userFiles-649109df-6078-442c-b435-32dc8953abb5/org.apache.kafka_kafka-clients-2.6.0.jar
[2023-01-29T07:21:52.401+0000] {spark_submit.py:495} INFO - 23/01/29 07:21:52 INFO Executor: Adding file:/tmp/spark-fcc0e5a4-32b3-4959-bdb6-8551ba30d6f8/userFiles-649109df-6078-442c-b435-32dc8953abb5/org.apache.kafka_kafka-clients-2.6.0.jar to class loader
[2023-01-29T07:21:52.401+0000] {spark_submit.py:495} INFO - 23/01/29 07:21:52 INFO Executor: Fetching spark://15c99fd3082a:43271/jars/org.mongodb.spark_mongo-spark-connector_2.12-3.0.1.jar with timestamp 1674976911262
[2023-01-29T07:21:52.402+0000] {spark_submit.py:495} INFO - 23/01/29 07:21:52 INFO Utils: Fetching spark://15c99fd3082a:43271/jars/org.mongodb.spark_mongo-spark-connector_2.12-3.0.1.jar to /tmp/spark-fcc0e5a4-32b3-4959-bdb6-8551ba30d6f8/userFiles-649109df-6078-442c-b435-32dc8953abb5/fetchFileTemp12352681599724405399.tmp
[2023-01-29T07:21:52.406+0000] {spark_submit.py:495} INFO - 23/01/29 07:21:52 INFO Utils: /tmp/spark-fcc0e5a4-32b3-4959-bdb6-8551ba30d6f8/userFiles-649109df-6078-442c-b435-32dc8953abb5/fetchFileTemp12352681599724405399.tmp has been previously copied to /tmp/spark-fcc0e5a4-32b3-4959-bdb6-8551ba30d6f8/userFiles-649109df-6078-442c-b435-32dc8953abb5/org.mongodb.spark_mongo-spark-connector_2.12-3.0.1.jar
[2023-01-29T07:21:52.410+0000] {spark_submit.py:495} INFO - 23/01/29 07:21:52 INFO Executor: Adding file:/tmp/spark-fcc0e5a4-32b3-4959-bdb6-8551ba30d6f8/userFiles-649109df-6078-442c-b435-32dc8953abb5/org.mongodb.spark_mongo-spark-connector_2.12-3.0.1.jar to class loader
[2023-01-29T07:21:52.410+0000] {spark_submit.py:495} INFO - 23/01/29 07:21:52 INFO Executor: Fetching spark://15c99fd3082a:43271/jars/org.spark-project.spark_unused-1.0.0.jar with timestamp 1674976911262
[2023-01-29T07:21:52.411+0000] {spark_submit.py:495} INFO - 23/01/29 07:21:52 INFO Utils: Fetching spark://15c99fd3082a:43271/jars/org.spark-project.spark_unused-1.0.0.jar to /tmp/spark-fcc0e5a4-32b3-4959-bdb6-8551ba30d6f8/userFiles-649109df-6078-442c-b435-32dc8953abb5/fetchFileTemp3282619009380714523.tmp
[2023-01-29T07:21:52.416+0000] {spark_submit.py:495} INFO - 23/01/29 07:21:52 INFO Utils: /tmp/spark-fcc0e5a4-32b3-4959-bdb6-8551ba30d6f8/userFiles-649109df-6078-442c-b435-32dc8953abb5/fetchFileTemp3282619009380714523.tmp has been previously copied to /tmp/spark-fcc0e5a4-32b3-4959-bdb6-8551ba30d6f8/userFiles-649109df-6078-442c-b435-32dc8953abb5/org.spark-project.spark_unused-1.0.0.jar
[2023-01-29T07:21:52.419+0000] {spark_submit.py:495} INFO - 23/01/29 07:21:52 INFO Executor: Adding file:/tmp/spark-fcc0e5a4-32b3-4959-bdb6-8551ba30d6f8/userFiles-649109df-6078-442c-b435-32dc8953abb5/org.spark-project.spark_unused-1.0.0.jar to class loader
[2023-01-29T07:21:52.420+0000] {spark_submit.py:495} INFO - 23/01/29 07:21:52 INFO Executor: Fetching spark://15c99fd3082a:43271/jars/org.mongodb_bson-4.0.5.jar with timestamp 1674976911262
[2023-01-29T07:21:52.420+0000] {spark_submit.py:495} INFO - 23/01/29 07:21:52 INFO Utils: Fetching spark://15c99fd3082a:43271/jars/org.mongodb_bson-4.0.5.jar to /tmp/spark-fcc0e5a4-32b3-4959-bdb6-8551ba30d6f8/userFiles-649109df-6078-442c-b435-32dc8953abb5/fetchFileTemp8391552110153097068.tmp
[2023-01-29T07:21:52.425+0000] {spark_submit.py:495} INFO - 23/01/29 07:21:52 INFO Utils: /tmp/spark-fcc0e5a4-32b3-4959-bdb6-8551ba30d6f8/userFiles-649109df-6078-442c-b435-32dc8953abb5/fetchFileTemp8391552110153097068.tmp has been previously copied to /tmp/spark-fcc0e5a4-32b3-4959-bdb6-8551ba30d6f8/userFiles-649109df-6078-442c-b435-32dc8953abb5/org.mongodb_bson-4.0.5.jar
[2023-01-29T07:21:52.427+0000] {spark_submit.py:495} INFO - 23/01/29 07:21:52 INFO Executor: Adding file:/tmp/spark-fcc0e5a4-32b3-4959-bdb6-8551ba30d6f8/userFiles-649109df-6078-442c-b435-32dc8953abb5/org.mongodb_bson-4.0.5.jar to class loader
[2023-01-29T07:21:52.427+0000] {spark_submit.py:495} INFO - 23/01/29 07:21:52 INFO Executor: Fetching spark://15c99fd3082a:43271/jars/org.lz4_lz4-java-1.7.1.jar with timestamp 1674976911262
[2023-01-29T07:21:52.428+0000] {spark_submit.py:495} INFO - 23/01/29 07:21:52 INFO Utils: Fetching spark://15c99fd3082a:43271/jars/org.lz4_lz4-java-1.7.1.jar to /tmp/spark-fcc0e5a4-32b3-4959-bdb6-8551ba30d6f8/userFiles-649109df-6078-442c-b435-32dc8953abb5/fetchFileTemp8659878728412477112.tmp
[2023-01-29T07:21:52.436+0000] {spark_submit.py:495} INFO - 23/01/29 07:21:52 INFO Utils: /tmp/spark-fcc0e5a4-32b3-4959-bdb6-8551ba30d6f8/userFiles-649109df-6078-442c-b435-32dc8953abb5/fetchFileTemp8659878728412477112.tmp has been previously copied to /tmp/spark-fcc0e5a4-32b3-4959-bdb6-8551ba30d6f8/userFiles-649109df-6078-442c-b435-32dc8953abb5/org.lz4_lz4-java-1.7.1.jar
[2023-01-29T07:21:52.439+0000] {spark_submit.py:495} INFO - 23/01/29 07:21:52 INFO Executor: Adding file:/tmp/spark-fcc0e5a4-32b3-4959-bdb6-8551ba30d6f8/userFiles-649109df-6078-442c-b435-32dc8953abb5/org.lz4_lz4-java-1.7.1.jar to class loader
[2023-01-29T07:21:52.439+0000] {spark_submit.py:495} INFO - 23/01/29 07:21:52 INFO Executor: Fetching spark://15c99fd3082a:43271/jars/org.mongodb_mongodb-driver-sync-4.0.5.jar with timestamp 1674976911262
[2023-01-29T07:21:52.440+0000] {spark_submit.py:495} INFO - 23/01/29 07:21:52 INFO Utils: Fetching spark://15c99fd3082a:43271/jars/org.mongodb_mongodb-driver-sync-4.0.5.jar to /tmp/spark-fcc0e5a4-32b3-4959-bdb6-8551ba30d6f8/userFiles-649109df-6078-442c-b435-32dc8953abb5/fetchFileTemp5031348060149479376.tmp
[2023-01-29T07:21:52.441+0000] {spark_submit.py:495} INFO - 23/01/29 07:21:52 INFO Utils: /tmp/spark-fcc0e5a4-32b3-4959-bdb6-8551ba30d6f8/userFiles-649109df-6078-442c-b435-32dc8953abb5/fetchFileTemp5031348060149479376.tmp has been previously copied to /tmp/spark-fcc0e5a4-32b3-4959-bdb6-8551ba30d6f8/userFiles-649109df-6078-442c-b435-32dc8953abb5/org.mongodb_mongodb-driver-sync-4.0.5.jar
[2023-01-29T07:21:52.445+0000] {spark_submit.py:495} INFO - 23/01/29 07:21:52 INFO Executor: Adding file:/tmp/spark-fcc0e5a4-32b3-4959-bdb6-8551ba30d6f8/userFiles-649109df-6078-442c-b435-32dc8953abb5/org.mongodb_mongodb-driver-sync-4.0.5.jar to class loader
[2023-01-29T07:21:52.445+0000] {spark_submit.py:495} INFO - 23/01/29 07:21:52 INFO Executor: Fetching spark://15c99fd3082a:43271/jars/org.apache.spark_spark-token-provider-kafka-0-10_2.12-3.1.3.jar with timestamp 1674976911262
[2023-01-29T07:21:52.446+0000] {spark_submit.py:495} INFO - 23/01/29 07:21:52 INFO Utils: Fetching spark://15c99fd3082a:43271/jars/org.apache.spark_spark-token-provider-kafka-0-10_2.12-3.1.3.jar to /tmp/spark-fcc0e5a4-32b3-4959-bdb6-8551ba30d6f8/userFiles-649109df-6078-442c-b435-32dc8953abb5/fetchFileTemp17936766581161710373.tmp
[2023-01-29T07:21:52.446+0000] {spark_submit.py:495} INFO - 23/01/29 07:21:52 INFO Utils: /tmp/spark-fcc0e5a4-32b3-4959-bdb6-8551ba30d6f8/userFiles-649109df-6078-442c-b435-32dc8953abb5/fetchFileTemp17936766581161710373.tmp has been previously copied to /tmp/spark-fcc0e5a4-32b3-4959-bdb6-8551ba30d6f8/userFiles-649109df-6078-442c-b435-32dc8953abb5/org.apache.spark_spark-token-provider-kafka-0-10_2.12-3.1.3.jar
[2023-01-29T07:21:52.451+0000] {spark_submit.py:495} INFO - 23/01/29 07:21:52 INFO Executor: Adding file:/tmp/spark-fcc0e5a4-32b3-4959-bdb6-8551ba30d6f8/userFiles-649109df-6078-442c-b435-32dc8953abb5/org.apache.spark_spark-token-provider-kafka-0-10_2.12-3.1.3.jar to class loader
[2023-01-29T07:21:52.452+0000] {spark_submit.py:495} INFO - 23/01/29 07:21:52 INFO Executor: Fetching spark://15c99fd3082a:43271/jars/com.github.luben_zstd-jni-1.4.8-1.jar with timestamp 1674976911262
[2023-01-29T07:21:52.455+0000] {spark_submit.py:495} INFO - 23/01/29 07:21:52 INFO Utils: Fetching spark://15c99fd3082a:43271/jars/com.github.luben_zstd-jni-1.4.8-1.jar to /tmp/spark-fcc0e5a4-32b3-4959-bdb6-8551ba30d6f8/userFiles-649109df-6078-442c-b435-32dc8953abb5/fetchFileTemp8933413745430283031.tmp
[2023-01-29T07:21:52.480+0000] {spark_submit.py:495} INFO - 23/01/29 07:21:52 INFO Utils: /tmp/spark-fcc0e5a4-32b3-4959-bdb6-8551ba30d6f8/userFiles-649109df-6078-442c-b435-32dc8953abb5/fetchFileTemp8933413745430283031.tmp has been previously copied to /tmp/spark-fcc0e5a4-32b3-4959-bdb6-8551ba30d6f8/userFiles-649109df-6078-442c-b435-32dc8953abb5/com.github.luben_zstd-jni-1.4.8-1.jar
[2023-01-29T07:21:52.492+0000] {spark_submit.py:495} INFO - 23/01/29 07:21:52 INFO Executor: Adding file:/tmp/spark-fcc0e5a4-32b3-4959-bdb6-8551ba30d6f8/userFiles-649109df-6078-442c-b435-32dc8953abb5/com.github.luben_zstd-jni-1.4.8-1.jar to class loader
[2023-01-29T07:21:52.492+0000] {spark_submit.py:495} INFO - 23/01/29 07:21:52 INFO Executor: Fetching spark://15c99fd3082a:43271/jars/org.apache.spark_spark-sql-kafka-0-10_2.12-3.1.3.jar with timestamp 1674976911262
[2023-01-29T07:21:52.493+0000] {spark_submit.py:495} INFO - 23/01/29 07:21:52 INFO Utils: Fetching spark://15c99fd3082a:43271/jars/org.apache.spark_spark-sql-kafka-0-10_2.12-3.1.3.jar to /tmp/spark-fcc0e5a4-32b3-4959-bdb6-8551ba30d6f8/userFiles-649109df-6078-442c-b435-32dc8953abb5/fetchFileTemp15156136780563264307.tmp
[2023-01-29T07:21:52.495+0000] {spark_submit.py:495} INFO - 23/01/29 07:21:52 INFO Utils: /tmp/spark-fcc0e5a4-32b3-4959-bdb6-8551ba30d6f8/userFiles-649109df-6078-442c-b435-32dc8953abb5/fetchFileTemp15156136780563264307.tmp has been previously copied to /tmp/spark-fcc0e5a4-32b3-4959-bdb6-8551ba30d6f8/userFiles-649109df-6078-442c-b435-32dc8953abb5/org.apache.spark_spark-sql-kafka-0-10_2.12-3.1.3.jar
[2023-01-29T07:21:52.500+0000] {spark_submit.py:495} INFO - 23/01/29 07:21:52 INFO Executor: Adding file:/tmp/spark-fcc0e5a4-32b3-4959-bdb6-8551ba30d6f8/userFiles-649109df-6078-442c-b435-32dc8953abb5/org.apache.spark_spark-sql-kafka-0-10_2.12-3.1.3.jar to class loader
[2023-01-29T07:21:52.501+0000] {spark_submit.py:495} INFO - 23/01/29 07:21:52 INFO Executor: Fetching spark://15c99fd3082a:43271/jars/org.mongodb_mongodb-driver-core-4.0.5.jar with timestamp 1674976911262
[2023-01-29T07:21:52.501+0000] {spark_submit.py:495} INFO - 23/01/29 07:21:52 INFO Utils: Fetching spark://15c99fd3082a:43271/jars/org.mongodb_mongodb-driver-core-4.0.5.jar to /tmp/spark-fcc0e5a4-32b3-4959-bdb6-8551ba30d6f8/userFiles-649109df-6078-442c-b435-32dc8953abb5/fetchFileTemp7145223122613310501.tmp
[2023-01-29T07:21:52.507+0000] {spark_submit.py:495} INFO - 23/01/29 07:21:52 INFO Utils: /tmp/spark-fcc0e5a4-32b3-4959-bdb6-8551ba30d6f8/userFiles-649109df-6078-442c-b435-32dc8953abb5/fetchFileTemp7145223122613310501.tmp has been previously copied to /tmp/spark-fcc0e5a4-32b3-4959-bdb6-8551ba30d6f8/userFiles-649109df-6078-442c-b435-32dc8953abb5/org.mongodb_mongodb-driver-core-4.0.5.jar
[2023-01-29T07:21:52.515+0000] {spark_submit.py:495} INFO - 23/01/29 07:21:52 INFO Executor: Adding file:/tmp/spark-fcc0e5a4-32b3-4959-bdb6-8551ba30d6f8/userFiles-649109df-6078-442c-b435-32dc8953abb5/org.mongodb_mongodb-driver-core-4.0.5.jar to class loader
[2023-01-29T07:21:52.516+0000] {spark_submit.py:495} INFO - 23/01/29 07:21:52 INFO Executor: Fetching spark://15c99fd3082a:43271/jars/org.xerial.snappy_snappy-java-1.1.8.2.jar with timestamp 1674976911262
[2023-01-29T07:21:52.516+0000] {spark_submit.py:495} INFO - 23/01/29 07:21:52 INFO Utils: Fetching spark://15c99fd3082a:43271/jars/org.xerial.snappy_snappy-java-1.1.8.2.jar to /tmp/spark-fcc0e5a4-32b3-4959-bdb6-8551ba30d6f8/userFiles-649109df-6078-442c-b435-32dc8953abb5/fetchFileTemp3358639677138117526.tmp
[2023-01-29T07:21:52.526+0000] {spark_submit.py:495} INFO - 23/01/29 07:21:52 INFO Utils: /tmp/spark-fcc0e5a4-32b3-4959-bdb6-8551ba30d6f8/userFiles-649109df-6078-442c-b435-32dc8953abb5/fetchFileTemp3358639677138117526.tmp has been previously copied to /tmp/spark-fcc0e5a4-32b3-4959-bdb6-8551ba30d6f8/userFiles-649109df-6078-442c-b435-32dc8953abb5/org.xerial.snappy_snappy-java-1.1.8.2.jar
[2023-01-29T07:21:52.533+0000] {spark_submit.py:495} INFO - 23/01/29 07:21:52 INFO Executor: Adding file:/tmp/spark-fcc0e5a4-32b3-4959-bdb6-8551ba30d6f8/userFiles-649109df-6078-442c-b435-32dc8953abb5/org.xerial.snappy_snappy-java-1.1.8.2.jar to class loader
[2023-01-29T07:21:52.534+0000] {spark_submit.py:495} INFO - 23/01/29 07:21:52 INFO Executor: Fetching spark://15c99fd3082a:43271/jars/org.apache.commons_commons-pool2-2.6.2.jar with timestamp 1674976911262
[2023-01-29T07:21:52.534+0000] {spark_submit.py:495} INFO - 23/01/29 07:21:52 INFO Utils: Fetching spark://15c99fd3082a:43271/jars/org.apache.commons_commons-pool2-2.6.2.jar to /tmp/spark-fcc0e5a4-32b3-4959-bdb6-8551ba30d6f8/userFiles-649109df-6078-442c-b435-32dc8953abb5/fetchFileTemp4752201730438514482.tmp
[2023-01-29T07:21:52.538+0000] {spark_submit.py:495} INFO - 23/01/29 07:21:52 INFO Utils: /tmp/spark-fcc0e5a4-32b3-4959-bdb6-8551ba30d6f8/userFiles-649109df-6078-442c-b435-32dc8953abb5/fetchFileTemp4752201730438514482.tmp has been previously copied to /tmp/spark-fcc0e5a4-32b3-4959-bdb6-8551ba30d6f8/userFiles-649109df-6078-442c-b435-32dc8953abb5/org.apache.commons_commons-pool2-2.6.2.jar
[2023-01-29T07:21:52.541+0000] {spark_submit.py:495} INFO - 23/01/29 07:21:52 INFO Executor: Adding file:/tmp/spark-fcc0e5a4-32b3-4959-bdb6-8551ba30d6f8/userFiles-649109df-6078-442c-b435-32dc8953abb5/org.apache.commons_commons-pool2-2.6.2.jar to class loader
[2023-01-29T07:21:52.541+0000] {spark_submit.py:495} INFO - 23/01/29 07:21:52 INFO Executor: Fetching spark://15c99fd3082a:43271/jars/org.slf4j_slf4j-api-1.7.30.jar with timestamp 1674976911262
[2023-01-29T07:21:52.542+0000] {spark_submit.py:495} INFO - 23/01/29 07:21:52 INFO Utils: Fetching spark://15c99fd3082a:43271/jars/org.slf4j_slf4j-api-1.7.30.jar to /tmp/spark-fcc0e5a4-32b3-4959-bdb6-8551ba30d6f8/userFiles-649109df-6078-442c-b435-32dc8953abb5/fetchFileTemp11114375296940560403.tmp
[2023-01-29T07:21:52.543+0000] {spark_submit.py:495} INFO - 23/01/29 07:21:52 INFO Utils: /tmp/spark-fcc0e5a4-32b3-4959-bdb6-8551ba30d6f8/userFiles-649109df-6078-442c-b435-32dc8953abb5/fetchFileTemp11114375296940560403.tmp has been previously copied to /tmp/spark-fcc0e5a4-32b3-4959-bdb6-8551ba30d6f8/userFiles-649109df-6078-442c-b435-32dc8953abb5/org.slf4j_slf4j-api-1.7.30.jar
[2023-01-29T07:21:52.551+0000] {spark_submit.py:495} INFO - 23/01/29 07:21:52 INFO Executor: Adding file:/tmp/spark-fcc0e5a4-32b3-4959-bdb6-8551ba30d6f8/userFiles-649109df-6078-442c-b435-32dc8953abb5/org.slf4j_slf4j-api-1.7.30.jar to class loader
[2023-01-29T07:21:52.554+0000] {spark_submit.py:495} INFO - 23/01/29 07:21:52 INFO Utils: Successfully started service 'org.apache.spark.network.netty.NettyBlockTransferService' on port 44033.
[2023-01-29T07:21:52.554+0000] {spark_submit.py:495} INFO - 23/01/29 07:21:52 INFO NettyBlockTransferService: Server created on 15c99fd3082a:44033
[2023-01-29T07:21:52.556+0000] {spark_submit.py:495} INFO - 23/01/29 07:21:52 INFO BlockManager: Using org.apache.spark.storage.RandomBlockReplicationPolicy for block replication policy
[2023-01-29T07:21:52.561+0000] {spark_submit.py:495} INFO - 23/01/29 07:21:52 INFO BlockManagerMaster: Registering BlockManager BlockManagerId(driver, 15c99fd3082a, 44033, None)
[2023-01-29T07:21:52.564+0000] {spark_submit.py:495} INFO - 23/01/29 07:21:52 INFO BlockManagerMasterEndpoint: Registering block manager 15c99fd3082a:44033 with 434.4 MiB RAM, BlockManagerId(driver, 15c99fd3082a, 44033, None)
[2023-01-29T07:21:52.566+0000] {spark_submit.py:495} INFO - 23/01/29 07:21:52 INFO BlockManagerMaster: Registered BlockManager BlockManagerId(driver, 15c99fd3082a, 44033, None)
[2023-01-29T07:21:52.567+0000] {spark_submit.py:495} INFO - 23/01/29 07:21:52 INFO BlockManager: Initialized BlockManager: BlockManagerId(driver, 15c99fd3082a, 44033, None)
[2023-01-29T07:21:57.822+0000] {spark_submit.py:495} INFO - 2023-01-29 07:21:57,816 - py4j.java_gateway - INFO - Callback Server Starting
[2023-01-29T07:21:57.825+0000] {spark_submit.py:495} INFO - 2023-01-29 07:21:57,825 - py4j.java_gateway - INFO - Socket listening on ('127.0.0.1', 38849)
[2023-01-29T07:22:02.288+0000] {spark_submit.py:495} INFO - 2023-01-29 07:22:02,288 - py4j.clientserver - INFO - Python Server ready to receive messages
[2023-01-29T07:22:02.288+0000] {spark_submit.py:495} INFO - 2023-01-29 07:22:02,288 - py4j.clientserver - INFO - Received command c on object id p0
[2023-01-29T07:22:02.618+0000] {spark_submit.py:495} INFO - -------------------------------------------
[2023-01-29T07:22:02.618+0000] {spark_submit.py:495} INFO - Batch: 0
[2023-01-29T07:22:02.618+0000] {spark_submit.py:495} INFO - -------------------------------------------
[2023-01-29T07:22:02.670+0000] {spark_submit.py:495} INFO - +---+-------------+-----+-------------+----------+----------------+------------+-----------------+--------------+-------------+
[2023-01-29T07:22:02.670+0000] {spark_submit.py:495} INFO - | id|nameOfProduct|price|ProductStatus|SellerName|RegistrationDate|QuantitySold|QuantityAvailable|Free shipping?|Store ratings|
[2023-01-29T07:22:02.670+0000] {spark_submit.py:495} INFO - +---+-------------+-----+-------------+----------+----------------+------------+-----------------+--------------+-------------+
[2023-01-29T07:22:02.671+0000] {spark_submit.py:495} INFO - +---+-------------+-----+-------------+----------+----------------+------------+-----------------+--------------+-------------+
[2023-01-29T07:22:02.671+0000] {spark_submit.py:495} INFO - 
[2023-01-29T07:22:08.549+0000] {spark_submit.py:495} INFO - 2023-01-29 07:22:08,545 - py4j.clientserver - INFO - Received command c on object id p0
[2023-01-29T07:22:10.147+0000] {spark_submit.py:495} INFO - 2023-01-29 07:22:10,147 - py4j.clientserver - INFO - Received command c on object id p0
[2023-01-29T07:22:10.744+0000] {spark_submit.py:495} INFO - -------------------------------------------
[2023-01-29T07:22:10.744+0000] {spark_submit.py:495} INFO - Batch: 1
[2023-01-29T07:22:10.744+0000] {spark_submit.py:495} INFO - -------------------------------------------
[2023-01-29T07:22:10.797+0000] {spark_submit.py:495} INFO - +-------------+--------------------+--------+-------------+--------------------+-------------------+------------+-----------------+--------------------+-------------+
[2023-01-29T07:22:10.797+0000] {spark_submit.py:495} INFO - |           id|       nameOfProduct|   price|ProductStatus|          SellerName|   RegistrationDate|QuantitySold|QuantityAvailable|      Free shipping?|Store ratings|
[2023-01-29T07:22:10.798+0000] {spark_submit.py:495} INFO - +-------------+--------------------+--------+-------------+--------------------+-------------------+------------+-----------------+--------------------+-------------+
[2023-01-29T07:22:10.798+0000] {spark_submit.py:495} INFO - |MLA1157512489|Placa De Video Nv...|124999.0|          new|      PCREGISTRADAOK|2020-11-02 13:17:33|          50|                1|Your shipment arr...|          4.5|
[2023-01-29T07:22:10.798+0000] {spark_submit.py:495} INFO - |MLA1163238194|Placa De Video Am...| 31424.0|          new|       MICYBERCOMPRA|2011-09-13 13:15:53|          50|               50|Your shipment arr...|          4.5|
[2023-01-29T07:22:10.798+0000] {spark_submit.py:495} INFO - | MLA923635582|Disco Slido Inte...| 13299.0|          new|DIAMONDSYSTEMSANJ...|2016-04-08 17:21:06|        5000|               50|You have to pay t...|          5.0|
[2023-01-29T07:22:10.798+0000] {spark_submit.py:495} INFO - | MLA882277177|Capturadora Video...|  2699.0|          new|         BSK-IMPORTS|2019-12-30 23:07:04|         500|               50|You have to pay t...|          3.0|
[2023-01-29T07:22:10.798+0000] {spark_submit.py:495} INFO - |MLA1148481665|Microprocesador P...| 58899.0|          new|            MALL WEB|2016-05-26 20:28:35|         150|                1|Your shipment arr...|          4.5|
[2023-01-29T07:22:10.798+0000] {spark_submit.py:495} INFO - |MLA1160204806|Memoria Ram Fury ...| 17399.0|          new|    OVERHARD DIGITAL|2015-01-08 12:19:41|         500|              100|Your shipment arr...|          4.5|
[2023-01-29T07:22:10.799+0000] {spark_submit.py:495} INFO - | MLA923637669|Placa De Video Ge...| 28699.0|          new|         INDIGOTRADE|2018-01-05 19:21:16|         500|               50|Your shipment arr...|          4.5|
[2023-01-29T07:22:10.799+0000] {spark_submit.py:495} INFO - | MLA844489972|Disco Duro Intern...| 11599.0|          new|           DALECLCK|2015-03-16 12:07:23|        5000|              500|You have to pay t...|          5.0|
[2023-01-29T07:22:10.799+0000] {spark_submit.py:495} INFO - |MLA1157627908|Disco Duro Extern...| 18429.0|          new|   TECNOSTOCK.COM.AR|2019-12-12 15:09:43|          25|               50|Your shipment arr...|          4.5|
[2023-01-29T07:22:10.799+0000] {spark_submit.py:495} INFO - |MLA1149343157|Microprocesador P...| 36529.0|          new|      PCREGISTRADAOK|2020-11-02 13:17:33|           0|                1|Your shipment arr...|          4.5|
[2023-01-29T07:22:10.799+0000] {spark_submit.py:495} INFO - |MLA1160178907|Memoria Ram Fury ...| 25799.0|          new|    OVERHARD DIGITAL|2015-01-08 12:19:41|         500|               50|Your shipment arr...|          4.5|
[2023-01-29T07:22:10.799+0000] {spark_submit.py:495} INFO - |MLA1302136118|Disco Duro Intern...| 18271.0|          new|DIAMONDSYSTEMSANJ...|2016-04-08 17:21:06|         150|               50|Your shipment arr...|          4.5|
[2023-01-29T07:22:10.799+0000] {spark_submit.py:495} INFO - |MLA1183925519|Placa De Video Nv...|299999.0|          new|ESTUDIOSMPSRLESTU...|2020-11-29 18:36:32|          50|                1|Your shipment arr...|          4.5|
[2023-01-29T07:22:10.800+0000] {spark_submit.py:495} INFO - |MLA1314590445|Disco Slido Inte...|  7799.0|          new|       ELECTRO-SHOWS|2010-03-26 01:08:16|         250|              250|You have to pay t...|          4.5|
[2023-01-29T07:22:10.800+0000] {spark_submit.py:495} INFO - |MLA1221192372|Disco Duro Extern...| 27899.0|          new|    OVERHARD DIGITAL|2015-01-08 12:19:41|         250|              100|Your shipment arr...|          4.5|
[2023-01-29T07:22:10.800+0000] {spark_submit.py:495} INFO - |MLA1294240592|Procesador Intel ...| 24043.0|          new|      PCREGISTRADAOK|2020-11-02 13:17:33|           4|                1|Your shipment arr...|          4.5|
[2023-01-29T07:22:10.800+0000] {spark_submit.py:495} INFO - |MLA1272836523|Disco Duro Intern...| 16999.0|          new|        TIENDA DELTA|2011-09-15 21:48:50|         150|                1|Your shipment arr...|          4.5|
[2023-01-29T07:22:10.800+0000] {spark_submit.py:495} INFO - |MLA1301642528|Placa De Video Nv...|134999.0|          new|     ITS-COMPUTACION|2012-10-18 20:37:49|           5|                1|Your shipment arr...|          4.5|
[2023-01-29T07:22:10.800+0000] {spark_submit.py:495} INFO - | MLA902808321|Procesador Gamer ...| 23699.0|          new|            MALL WEB|2016-05-26 20:28:35|         500|                1|Your shipment arr...|          4.5|
[2023-01-29T07:22:10.800+0000] {spark_submit.py:495} INFO - |MLA1163233412|Placa De Video Nv...| 34659.0|          new|      PCREGISTRADAOK|2020-11-02 13:17:33|           4|                1|Your shipment arr...|          4.5|
[2023-01-29T07:22:10.801+0000] {spark_submit.py:495} INFO - +-------------+--------------------+--------+-------------+--------------------+-------------------+------------+-----------------+--------------------+-------------+
[2023-01-29T07:22:10.801+0000] {spark_submit.py:495} INFO - only showing top 20 rows
[2023-01-29T07:22:10.802+0000] {spark_submit.py:495} INFO - 
[2023-01-29T07:47:43.432+0000] {spark_submit.py:495} INFO - 2023-01-29 07:47:43,432 - py4j.clientserver - INFO - Received command c on object id p0
[2023-01-29T07:47:44.314+0000] {spark_submit.py:495} INFO - 2023-01-29 07:47:44,314 - py4j.clientserver - INFO - Received command c on object id p0
[2023-01-29T07:47:45.665+0000] {spark_submit.py:495} INFO - -------------------------------------------
[2023-01-29T07:47:45.666+0000] {spark_submit.py:495} INFO - Batch: 2
[2023-01-29T07:47:45.666+0000] {spark_submit.py:495} INFO - -------------------------------------------
[2023-01-29T07:47:45.697+0000] {spark_submit.py:495} INFO - +-------------+--------------------+--------+-------------+--------------------+-------------------+------------+-----------------+--------------------+-------------+
[2023-01-29T07:47:45.697+0000] {spark_submit.py:495} INFO - |           id|       nameOfProduct|   price|ProductStatus|          SellerName|   RegistrationDate|QuantitySold|QuantityAvailable|      Free shipping?|Store ratings|
[2023-01-29T07:47:45.697+0000] {spark_submit.py:495} INFO - +-------------+--------------------+--------+-------------+--------------------+-------------------+------------+-----------------+--------------------+-------------+
[2023-01-29T07:47:45.698+0000] {spark_submit.py:495} INFO - |MLA1157512489|Placa De Video Nv...|124999.0|          new|      PCREGISTRADAOK|2020-11-02 13:17:33|          50|                1|Your shipment arr...|          4.5|
[2023-01-29T07:47:45.698+0000] {spark_submit.py:495} INFO - |MLA1163238194|Placa De Video Am...| 31424.0|          new|       MICYBERCOMPRA|2011-09-13 13:15:53|          50|               50|Your shipment arr...|          4.5|
[2023-01-29T07:47:45.698+0000] {spark_submit.py:495} INFO - | MLA923635582|Disco Slido Inte...| 13299.0|          new|DIAMONDSYSTEMSANJ...|2016-04-08 17:21:06|        5000|               50|You have to pay t...|          5.0|
[2023-01-29T07:47:45.698+0000] {spark_submit.py:495} INFO - | MLA882277177|Capturadora Video...|  2699.0|          new|         BSK-IMPORTS|2019-12-30 23:07:04|         500|               50|You have to pay t...|          3.0|
[2023-01-29T07:47:45.698+0000] {spark_submit.py:495} INFO - |MLA1148481665|Microprocesador P...| 58899.0|          new|            MALL WEB|2016-05-26 20:28:35|         150|                1|Your shipment arr...|          4.5|
[2023-01-29T07:47:45.698+0000] {spark_submit.py:495} INFO - |MLA1160204806|Memoria Ram Fury ...| 17399.0|          new|    OVERHARD DIGITAL|2015-01-08 12:19:41|         500|              100|Your shipment arr...|          4.5|
[2023-01-29T07:47:45.698+0000] {spark_submit.py:495} INFO - | MLA923637669|Placa De Video Ge...| 28699.0|          new|         INDIGOTRADE|2018-01-05 19:21:16|         500|               50|Your shipment arr...|          4.5|
[2023-01-29T07:47:45.698+0000] {spark_submit.py:495} INFO - | MLA844489972|Disco Duro Intern...| 11599.0|          new|           DALECLCK|2015-03-16 12:07:23|        5000|              500|You have to pay t...|          5.0|
[2023-01-29T07:47:45.698+0000] {spark_submit.py:495} INFO - |MLA1157627908|Disco Duro Extern...| 18429.0|          new|   TECNOSTOCK.COM.AR|2019-12-12 15:09:43|          25|               50|Your shipment arr...|          4.5|
[2023-01-29T07:47:45.698+0000] {spark_submit.py:495} INFO - |MLA1149343157|Microprocesador P...| 36529.0|          new|      PCREGISTRADAOK|2020-11-02 13:17:33|           0|                1|Your shipment arr...|          4.5|
[2023-01-29T07:47:45.698+0000] {spark_submit.py:495} INFO - |MLA1160178907|Memoria Ram Fury ...| 25799.0|          new|    OVERHARD DIGITAL|2015-01-08 12:19:41|         500|               50|Your shipment arr...|          4.5|
[2023-01-29T07:47:45.698+0000] {spark_submit.py:495} INFO - |MLA1302136118|Disco Duro Intern...| 18271.0|          new|DIAMONDSYSTEMSANJ...|2016-04-08 17:21:06|         150|               50|Your shipment arr...|          4.5|
[2023-01-29T07:47:45.698+0000] {spark_submit.py:495} INFO - |MLA1183925519|Placa De Video Nv...|299999.0|          new|ESTUDIOSMPSRLESTU...|2020-11-29 18:36:32|          50|                1|Your shipment arr...|          4.5|
[2023-01-29T07:47:45.699+0000] {spark_submit.py:495} INFO - |MLA1314590445|Disco Slido Inte...|  7799.0|          new|       ELECTRO-SHOWS|2010-03-26 01:08:16|         250|              250|You have to pay t...|          4.5|
[2023-01-29T07:47:45.699+0000] {spark_submit.py:495} INFO - |MLA1221192372|Disco Duro Extern...| 27899.0|          new|    OVERHARD DIGITAL|2015-01-08 12:19:41|         250|              100|Your shipment arr...|          4.5|
[2023-01-29T07:47:45.699+0000] {spark_submit.py:495} INFO - |MLA1294240592|Procesador Intel ...| 24043.0|          new|      PCREGISTRADAOK|2020-11-02 13:17:33|           4|                1|Your shipment arr...|          4.5|
[2023-01-29T07:47:45.699+0000] {spark_submit.py:495} INFO - |MLA1272836523|Disco Duro Intern...| 16999.0|          new|        TIENDA DELTA|2011-09-15 21:48:50|         150|                1|Your shipment arr...|          4.5|
[2023-01-29T07:47:45.699+0000] {spark_submit.py:495} INFO - |MLA1301642528|Placa De Video Nv...|134999.0|          new|     ITS-COMPUTACION|2012-10-18 20:37:49|           5|                1|Your shipment arr...|          4.5|
[2023-01-29T07:47:45.699+0000] {spark_submit.py:495} INFO - | MLA902808321|Procesador Gamer ...| 23699.0|          new|            MALL WEB|2016-05-26 20:28:35|         500|                1|Your shipment arr...|          4.5|
[2023-01-29T07:47:45.699+0000] {spark_submit.py:495} INFO - |MLA1163233412|Placa De Video Nv...| 34659.0|          new|      PCREGISTRADAOK|2020-11-02 13:17:33|           4|                1|Your shipment arr...|          4.5|
[2023-01-29T07:47:45.699+0000] {spark_submit.py:495} INFO - +-------------+--------------------+--------+-------------+--------------------+-------------------+------------+-----------------+--------------------+-------------+
[2023-01-29T07:47:45.699+0000] {spark_submit.py:495} INFO - only showing top 20 rows
[2023-01-29T07:47:45.699+0000] {spark_submit.py:495} INFO - 
[2023-01-29T07:47:58.772+0000] {spark_submit.py:495} INFO - 2023-01-29 07:47:58,771 - py4j.clientserver - INFO - Received command c on object id p0
[2023-01-29T07:47:59.523+0000] {spark_submit.py:495} INFO - 2023-01-29 07:47:59,523 - py4j.clientserver - INFO - Received command c on object id p0
[2023-01-29T07:48:00.623+0000] {spark_submit.py:495} INFO - -------------------------------------------
[2023-01-29T07:48:00.623+0000] {spark_submit.py:495} INFO - Batch: 3
[2023-01-29T07:48:00.623+0000] {spark_submit.py:495} INFO - -------------------------------------------
[2023-01-29T07:48:00.659+0000] {spark_submit.py:495} INFO - +-------------+--------------------+--------+-------------+--------------------+-------------------+------------+-----------------+--------------------+-------------+
[2023-01-29T07:48:00.660+0000] {spark_submit.py:495} INFO - |           id|       nameOfProduct|   price|ProductStatus|          SellerName|   RegistrationDate|QuantitySold|QuantityAvailable|      Free shipping?|Store ratings|
[2023-01-29T07:48:00.660+0000] {spark_submit.py:495} INFO - +-------------+--------------------+--------+-------------+--------------------+-------------------+------------+-----------------+--------------------+-------------+
[2023-01-29T07:48:00.660+0000] {spark_submit.py:495} INFO - |MLA1157512489|Placa De Video Nv...|124999.0|          new|      PCREGISTRADAOK|2020-11-02 13:17:33|          50|                1|Your shipment arr...|          4.5|
[2023-01-29T07:48:00.660+0000] {spark_submit.py:495} INFO - |MLA1163238194|Placa De Video Am...| 31424.0|          new|       MICYBERCOMPRA|2011-09-13 13:15:53|          50|               50|Your shipment arr...|          4.5|
[2023-01-29T07:48:00.660+0000] {spark_submit.py:495} INFO - | MLA923635582|Disco Slido Inte...| 13299.0|          new|DIAMONDSYSTEMSANJ...|2016-04-08 17:21:06|        5000|               50|You have to pay t...|          5.0|
[2023-01-29T07:48:00.660+0000] {spark_submit.py:495} INFO - | MLA882277177|Capturadora Video...|  2699.0|          new|         BSK-IMPORTS|2019-12-30 23:07:04|         500|               50|You have to pay t...|          3.0|
[2023-01-29T07:48:00.661+0000] {spark_submit.py:495} INFO - |MLA1148481665|Microprocesador P...| 58899.0|          new|            MALL WEB|2016-05-26 20:28:35|         150|                1|Your shipment arr...|          4.5|
[2023-01-29T07:48:00.661+0000] {spark_submit.py:495} INFO - |MLA1160204806|Memoria Ram Fury ...| 17399.0|          new|    OVERHARD DIGITAL|2015-01-08 12:19:41|         500|              100|Your shipment arr...|          4.5|
[2023-01-29T07:48:00.661+0000] {spark_submit.py:495} INFO - | MLA923637669|Placa De Video Ge...| 28699.0|          new|         INDIGOTRADE|2018-01-05 19:21:16|         500|               50|Your shipment arr...|          4.5|
[2023-01-29T07:48:00.661+0000] {spark_submit.py:495} INFO - | MLA844489972|Disco Duro Intern...| 11599.0|          new|           DALECLCK|2015-03-16 12:07:23|        5000|              500|You have to pay t...|          5.0|
[2023-01-29T07:48:00.661+0000] {spark_submit.py:495} INFO - |MLA1157627908|Disco Duro Extern...| 18429.0|          new|   TECNOSTOCK.COM.AR|2019-12-12 15:09:43|          25|               50|Your shipment arr...|          4.5|
[2023-01-29T07:48:00.661+0000] {spark_submit.py:495} INFO - |MLA1149343157|Microprocesador P...| 36529.0|          new|      PCREGISTRADAOK|2020-11-02 13:17:33|           0|                1|Your shipment arr...|          4.5|
[2023-01-29T07:48:00.661+0000] {spark_submit.py:495} INFO - |MLA1160178907|Memoria Ram Fury ...| 25799.0|          new|    OVERHARD DIGITAL|2015-01-08 12:19:41|         500|               50|Your shipment arr...|          4.5|
[2023-01-29T07:48:00.662+0000] {spark_submit.py:495} INFO - |MLA1302136118|Disco Duro Intern...| 18271.0|          new|DIAMONDSYSTEMSANJ...|2016-04-08 17:21:06|         150|               50|Your shipment arr...|          4.5|
[2023-01-29T07:48:00.662+0000] {spark_submit.py:495} INFO - |MLA1183925519|Placa De Video Nv...|299999.0|          new|ESTUDIOSMPSRLESTU...|2020-11-29 18:36:32|          50|                1|Your shipment arr...|          4.5|
[2023-01-29T07:48:00.662+0000] {spark_submit.py:495} INFO - |MLA1314590445|Disco Slido Inte...|  7799.0|          new|       ELECTRO-SHOWS|2010-03-26 01:08:16|         250|              250|You have to pay t...|          4.5|
[2023-01-29T07:48:00.662+0000] {spark_submit.py:495} INFO - |MLA1221192372|Disco Duro Extern...| 27899.0|          new|    OVERHARD DIGITAL|2015-01-08 12:19:41|         250|              100|Your shipment arr...|          4.5|
[2023-01-29T07:48:00.662+0000] {spark_submit.py:495} INFO - |MLA1294240592|Procesador Intel ...| 24043.0|          new|      PCREGISTRADAOK|2020-11-02 13:17:33|           4|                1|Your shipment arr...|          4.5|
[2023-01-29T07:48:00.662+0000] {spark_submit.py:495} INFO - |MLA1272836523|Disco Duro Intern...| 16999.0|          new|        TIENDA DELTA|2011-09-15 21:48:50|         150|                1|Your shipment arr...|          4.5|
[2023-01-29T07:48:00.663+0000] {spark_submit.py:495} INFO - |MLA1301642528|Placa De Video Nv...|134999.0|          new|     ITS-COMPUTACION|2012-10-18 20:37:49|           5|                1|Your shipment arr...|          4.5|
[2023-01-29T07:48:00.663+0000] {spark_submit.py:495} INFO - | MLA902808321|Procesador Gamer ...| 23699.0|          new|            MALL WEB|2016-05-26 20:28:35|         500|                1|Your shipment arr...|          4.5|
[2023-01-29T07:48:00.663+0000] {spark_submit.py:495} INFO - |MLA1163233412|Placa De Video Nv...| 34659.0|          new|      PCREGISTRADAOK|2020-11-02 13:17:33|           4|                1|Your shipment arr...|          4.5|
[2023-01-29T07:48:00.663+0000] {spark_submit.py:495} INFO - +-------------+--------------------+--------+-------------+--------------------+-------------------+------------+-----------------+--------------------+-------------+
[2023-01-29T07:48:00.663+0000] {spark_submit.py:495} INFO - only showing top 20 rows
[2023-01-29T07:48:00.664+0000] {spark_submit.py:495} INFO - 
[2023-01-29T07:48:33.470+0000] {spark_submit.py:495} INFO - 2023-01-29 07:48:33,468 - py4j.clientserver - INFO - Received command c on object id p0
[2023-01-29T07:48:35.757+0000] {spark_submit.py:495} INFO - -------------------------------------------
[2023-01-29T07:48:35.758+0000] {spark_submit.py:495} INFO - Batch: 4
[2023-01-29T07:48:35.758+0000] {spark_submit.py:495} INFO - -------------------------------------------
[2023-01-29T07:48:35.813+0000] {spark_submit.py:495} INFO - +-------------+--------------------+--------+-------------+--------------------+-------------------+------------+-----------------+--------------------+-------------+
[2023-01-29T07:48:35.814+0000] {spark_submit.py:495} INFO - |           id|       nameOfProduct|   price|ProductStatus|          SellerName|   RegistrationDate|QuantitySold|QuantityAvailable|      Free shipping?|Store ratings|
[2023-01-29T07:48:35.814+0000] {spark_submit.py:495} INFO - +-------------+--------------------+--------+-------------+--------------------+-------------------+------------+-----------------+--------------------+-------------+
[2023-01-29T07:48:35.814+0000] {spark_submit.py:495} INFO - |MLA1157512489|Placa De Video Nv...|124999.0|          new|      PCREGISTRADAOK|2020-11-02 13:17:33|          50|                1|Your shipment arr...|          4.5|
[2023-01-29T07:48:35.814+0000] {spark_submit.py:495} INFO - |MLA1163238194|Placa De Video Am...| 31424.0|          new|       MICYBERCOMPRA|2011-09-13 13:15:53|          50|               50|Your shipment arr...|          4.5|
[2023-01-29T07:48:35.814+0000] {spark_submit.py:495} INFO - | MLA923635582|Disco Slido Inte...| 13299.0|          new|DIAMONDSYSTEMSANJ...|2016-04-08 17:21:06|        5000|               50|You have to pay t...|          5.0|
[2023-01-29T07:48:35.815+0000] {spark_submit.py:495} INFO - | MLA882277177|Capturadora Video...|  2699.0|          new|         BSK-IMPORTS|2019-12-30 23:07:04|         500|               50|You have to pay t...|          3.0|
[2023-01-29T07:48:35.815+0000] {spark_submit.py:495} INFO - |MLA1148481665|Microprocesador P...| 58899.0|          new|            MALL WEB|2016-05-26 20:28:35|         150|                1|Your shipment arr...|          4.5|
[2023-01-29T07:48:35.815+0000] {spark_submit.py:495} INFO - |MLA1160204806|Memoria Ram Fury ...| 17399.0|          new|    OVERHARD DIGITAL|2015-01-08 12:19:41|         500|              100|Your shipment arr...|          4.5|
[2023-01-29T07:48:35.815+0000] {spark_submit.py:495} INFO - | MLA923637669|Placa De Video Ge...| 28699.0|          new|         INDIGOTRADE|2018-01-05 19:21:16|         500|               50|Your shipment arr...|          4.5|
[2023-01-29T07:48:35.815+0000] {spark_submit.py:495} INFO - | MLA844489972|Disco Duro Intern...| 11599.0|          new|           DALECLCK|2015-03-16 12:07:23|        5000|              500|You have to pay t...|          5.0|
[2023-01-29T07:48:35.815+0000] {spark_submit.py:495} INFO - |MLA1157627908|Disco Duro Extern...| 18429.0|          new|   TECNOSTOCK.COM.AR|2019-12-12 15:09:43|          25|               50|Your shipment arr...|          4.5|
[2023-01-29T07:48:35.816+0000] {spark_submit.py:495} INFO - |MLA1149343157|Microprocesador P...| 36529.0|          new|      PCREGISTRADAOK|2020-11-02 13:17:33|           0|                1|Your shipment arr...|          4.5|
[2023-01-29T07:48:35.816+0000] {spark_submit.py:495} INFO - |MLA1160178907|Memoria Ram Fury ...| 25799.0|          new|    OVERHARD DIGITAL|2015-01-08 12:19:41|         500|               50|Your shipment arr...|          4.5|
[2023-01-29T07:48:35.816+0000] {spark_submit.py:495} INFO - |MLA1302136118|Disco Duro Intern...| 18271.0|          new|DIAMONDSYSTEMSANJ...|2016-04-08 17:21:06|         150|               50|Your shipment arr...|          4.5|
[2023-01-29T07:48:35.816+0000] {spark_submit.py:495} INFO - |MLA1183925519|Placa De Video Nv...|299999.0|          new|ESTUDIOSMPSRLESTU...|2020-11-29 18:36:32|          50|                1|Your shipment arr...|          4.5|
[2023-01-29T07:48:35.816+0000] {spark_submit.py:495} INFO - |MLA1314590445|Disco Slido Inte...|  7799.0|          new|       ELECTRO-SHOWS|2010-03-26 01:08:16|         250|              250|You have to pay t...|          4.5|
[2023-01-29T07:48:35.816+0000] {spark_submit.py:495} INFO - |MLA1221192372|Disco Duro Extern...| 27899.0|          new|    OVERHARD DIGITAL|2015-01-08 12:19:41|         250|              100|Your shipment arr...|          4.5|
[2023-01-29T07:48:35.816+0000] {spark_submit.py:495} INFO - |MLA1294240592|Procesador Intel ...| 24043.0|          new|      PCREGISTRADAOK|2020-11-02 13:17:33|           4|                1|Your shipment arr...|          4.5|
[2023-01-29T07:48:35.816+0000] {spark_submit.py:495} INFO - |MLA1272836523|Disco Duro Intern...| 16999.0|          new|        TIENDA DELTA|2011-09-15 21:48:50|         150|                1|Your shipment arr...|          4.5|
[2023-01-29T07:48:35.817+0000] {spark_submit.py:495} INFO - |MLA1301642528|Placa De Video Nv...|134999.0|          new|     ITS-COMPUTACION|2012-10-18 20:37:49|           5|                1|Your shipment arr...|          4.5|
[2023-01-29T07:48:35.817+0000] {spark_submit.py:495} INFO - | MLA902808321|Procesador Gamer ...| 23699.0|          new|            MALL WEB|2016-05-26 20:28:35|         500|                1|Your shipment arr...|          4.5|
[2023-01-29T07:48:35.817+0000] {spark_submit.py:495} INFO - |MLA1163233412|Placa De Video Nv...| 34659.0|          new|      PCREGISTRADAOK|2020-11-02 13:17:33|           4|                1|Your shipment arr...|          4.5|
[2023-01-29T07:48:35.817+0000] {spark_submit.py:495} INFO - +-------------+--------------------+--------+-------------+--------------------+-------------------+------------+-----------------+--------------------+-------------+
[2023-01-29T07:48:35.817+0000] {spark_submit.py:495} INFO - only showing top 20 rows
[2023-01-29T07:48:35.817+0000] {spark_submit.py:495} INFO - 
[2023-01-29T07:51:31.377+0000] {local_task_job.py:207} WARNING - Recorded pid 10351 does not match the current pid 7617
[2023-01-29T07:51:31.381+0000] {process_utils.py:133} INFO - Sending Signals.SIGTERM to group 7617. PIDs of all processes in the group: [7618, 7671, 7617]
[2023-01-29T07:51:31.382+0000] {process_utils.py:84} INFO - Sending the signal Signals.SIGTERM to group 7617
[2023-01-29T07:51:31.382+0000] {taskinstance.py:1483} ERROR - Received SIGTERM. Terminating subprocesses.
[2023-01-29T07:51:31.382+0000] {spark_submit.py:620} INFO - Sending kill signal to spark-submit
[2023-01-29T07:51:31.402+0000] {taskinstance.py:1772} ERROR - Task failed with exception
Traceback (most recent call last):
  File "/home/airflow/.local/lib/python3.7/site-packages/airflow/providers/apache/spark/operators/spark_submit.py", line 157, in execute
    self._hook.submit(self._application)
  File "/home/airflow/.local/lib/python3.7/site-packages/airflow/providers/apache/spark/hooks/spark_submit.py", line 414, in submit
    self._process_spark_submit_log(iter(self._submit_sp.stdout))  # type: ignore
  File "/home/airflow/.local/lib/python3.7/site-packages/airflow/providers/apache/spark/hooks/spark_submit.py", line 463, in _process_spark_submit_log
    for line in itr:
  File "/home/airflow/.local/lib/python3.7/site-packages/airflow/models/taskinstance.py", line 1485, in signal_handler
    raise AirflowException("Task received SIGTERM signal")
airflow.exceptions.AirflowException: Task received SIGTERM signal
[2023-01-29T07:51:31.406+0000] {taskinstance.py:1327} INFO - Marking task as UP_FOR_RETRY. dag_id=Streaming_pipeline_meli, task_id=consumer_data_of_topic, execution_date=20230127T184927, start_date=20230129T075128, end_date=20230129T075131
[2023-01-29T07:51:31.432+0000] {standard_task_runner.py:105} ERROR - Failed to execute job 1191 for task consumer_data_of_topic (Task received SIGTERM signal; 7617)
[2023-01-29T07:51:31.460+0000] {process_utils.py:79} INFO - Process psutil.Process(pid=7617, status='terminated', exitcode=1, started='07:21:47') (7617) terminated with exit code 1
[2023-01-29T07:51:31.477+0000] {process_utils.py:79} INFO - Process psutil.Process(pid=7671, status='terminated', started='07:21:49') (7671) terminated with exit code None
[2023-01-29T07:51:31.478+0000] {process_utils.py:79} INFO - Process psutil.Process(pid=7618, status='terminated', started='07:21:47') (7618) terminated with exit code None
