[2023-01-28T22:30:53.996+0000] {taskinstance.py:1087} INFO - Dependencies all met for <TaskInstance: Streaming_pipeline_meli.consumer_data_of_topic manual__2023-01-27T18:49:27.597637+00:00 [queued]>
[2023-01-28T22:30:54.005+0000] {taskinstance.py:1087} INFO - Dependencies all met for <TaskInstance: Streaming_pipeline_meli.consumer_data_of_topic manual__2023-01-27T18:49:27.597637+00:00 [queued]>
[2023-01-28T22:30:54.005+0000] {taskinstance.py:1283} INFO - 
--------------------------------------------------------------------------------
[2023-01-28T22:30:54.005+0000] {taskinstance.py:1284} INFO - Starting attempt 3 of 8
[2023-01-28T22:30:54.005+0000] {taskinstance.py:1285} INFO - 
--------------------------------------------------------------------------------
[2023-01-28T22:30:54.017+0000] {taskinstance.py:1304} INFO - Executing <Task(SparkSubmitOperator): consumer_data_of_topic> on 2023-01-27 18:49:27.597637+00:00
[2023-01-28T22:30:54.021+0000] {standard_task_runner.py:55} INFO - Started process 128 to run task
[2023-01-28T22:30:54.024+0000] {standard_task_runner.py:82} INFO - Running: ['***', 'tasks', 'run', 'Streaming_pipeline_meli', 'consumer_data_of_topic', 'manual__2023-01-27T18:49:27.597637+00:00', '--job-id', '1154', '--raw', '--subdir', 'DAGS_FOLDER/streamPipeline.py', '--cfg-path', '/tmp/tmp1u4x4yja']
[2023-01-28T22:30:54.024+0000] {standard_task_runner.py:83} INFO - Job 1154: Subtask consumer_data_of_topic
[2023-01-28T22:30:54.073+0000] {task_command.py:389} INFO - Running <TaskInstance: Streaming_pipeline_meli.consumer_data_of_topic manual__2023-01-27T18:49:27.597637+00:00 [running]> on host c581710b51ba
[2023-01-28T22:30:54.133+0000] {taskinstance.py:1513} INFO - Exporting the following env vars:
AIRFLOW_CTX_DAG_OWNER=***
AIRFLOW_CTX_DAG_ID=Streaming_pipeline_meli
AIRFLOW_CTX_TASK_ID=consumer_data_of_topic
AIRFLOW_CTX_EXECUTION_DATE=2023-01-27T18:49:27.597637+00:00
AIRFLOW_CTX_TRY_NUMBER=3
AIRFLOW_CTX_DAG_RUN_ID=manual__2023-01-27T18:49:27.597637+00:00
[2023-01-28T22:30:54.140+0000] {base.py:73} INFO - Using connection ID 'spark_default' for task execution.
[2023-01-28T22:30:54.141+0000] {spark_submit.py:344} INFO - Spark-Submit cmd: spark-submit --master spark://tomi-H310:7077 --packages org.apache.spark:spark-sql-kafka-0-10_2.12:3.1.3,org.mongodb.spark:mongo-spark-connector_2.12:3.0.1 --name arrow-spark --queue root.default /home/tomi/streamingPipelineMercadoLibre/docker_***/dags/consumerSpark.py
[2023-01-28T22:30:54.248+0000] {spark_submit.py:495} INFO - /home/***/.local/lib/python3.7/site-packages/pyspark/bin/load-spark-env.sh: line 68: ps: command not found
[2023-01-28T22:30:55.798+0000] {spark_submit.py:495} INFO - :: loading settings :: url = jar:file:/home/***/.local/lib/python3.7/site-packages/pyspark/jars/ivy-2.5.0.jar!/org/apache/ivy/core/settings/ivysettings.xml
[2023-01-28T22:30:55.857+0000] {spark_submit.py:495} INFO - Ivy Default Cache set to: /home/***/.ivy2/cache
[2023-01-28T22:30:55.857+0000] {spark_submit.py:495} INFO - The jars for the packages stored in: /home/***/.ivy2/jars
[2023-01-28T22:30:55.862+0000] {spark_submit.py:495} INFO - org.apache.spark#spark-sql-kafka-0-10_2.12 added as a dependency
[2023-01-28T22:30:55.862+0000] {spark_submit.py:495} INFO - org.mongodb.spark#mongo-spark-connector_2.12 added as a dependency
[2023-01-28T22:30:55.864+0000] {spark_submit.py:495} INFO - :: resolving dependencies :: org.apache.spark#spark-submit-parent-46fa3f76-6731-45dd-93a5-fd3cdc9cf7ad;1.0
[2023-01-28T22:30:55.864+0000] {spark_submit.py:495} INFO - confs: [default]
[2023-01-28T22:31:00.615+0000] {spark_submit.py:495} INFO - found org.apache.spark#spark-sql-kafka-0-10_2.12;3.1.3 in central
[2023-01-28T22:31:01.127+0000] {spark_submit.py:495} INFO - found org.apache.spark#spark-token-provider-kafka-0-10_2.12;3.1.3 in central
[2023-01-28T22:31:01.487+0000] {spark_submit.py:495} INFO - found org.apache.kafka#kafka-clients;2.6.0 in central
[2023-01-28T22:31:01.953+0000] {spark_submit.py:495} INFO - found com.github.luben#zstd-jni;1.4.8-1 in central
[2023-01-28T22:31:02.338+0000] {spark_submit.py:495} INFO - found org.lz4#lz4-java;1.7.1 in central
[2023-01-28T22:31:02.715+0000] {spark_submit.py:495} INFO - found org.xerial.snappy#snappy-java;1.1.8.2 in central
[2023-01-28T22:31:04.386+0000] {spark_submit.py:495} INFO - found org.slf4j#slf4j-api;1.7.30 in central
[2023-01-28T22:31:06.035+0000] {spark_submit.py:495} INFO - found org.spark-project.spark#unused;1.0.0 in central
[2023-01-28T22:31:08.983+0000] {spark_submit.py:495} INFO - found org.apache.commons#commons-pool2;2.6.2 in central
[2023-01-28T22:31:09.336+0000] {spark_submit.py:495} INFO - found org.mongodb.spark#mongo-spark-connector_2.12;3.0.1 in central
[2023-01-28T22:31:09.677+0000] {spark_submit.py:495} INFO - found org.mongodb#mongodb-driver-sync;4.0.5 in central
[2023-01-28T22:31:10.011+0000] {spark_submit.py:495} INFO - found org.mongodb#bson;4.0.5 in central
[2023-01-28T22:31:10.354+0000] {spark_submit.py:495} INFO - found org.mongodb#mongodb-driver-core;4.0.5 in central
[2023-01-28T22:31:10.549+0000] {spark_submit.py:495} INFO - downloading https://repo1.maven.org/maven2/org/apache/spark/spark-sql-kafka-0-10_2.12/3.1.3/spark-sql-kafka-0-10_2.12-3.1.3.jar ...
[2023-01-28T22:31:10.953+0000] {spark_submit.py:495} INFO - [SUCCESSFUL ] org.apache.spark#spark-sql-kafka-0-10_2.12;3.1.3!spark-sql-kafka-0-10_2.12.jar (564ms)
[2023-01-28T22:31:11.112+0000] {spark_submit.py:495} INFO - downloading https://repo1.maven.org/maven2/org/mongodb/spark/mongo-spark-connector_2.12/3.0.1/mongo-spark-connector_2.12-3.0.1.jar ...
[2023-01-28T22:31:11.443+0000] {spark_submit.py:495} INFO - [SUCCESSFUL ] org.mongodb.spark#mongo-spark-connector_2.12;3.0.1!mongo-spark-connector_2.12.jar (492ms)
[2023-01-28T22:31:11.606+0000] {spark_submit.py:495} INFO - downloading https://repo1.maven.org/maven2/org/apache/spark/spark-token-provider-kafka-0-10_2.12/3.1.3/spark-token-provider-kafka-0-10_2.12-3.1.3.jar ...
[2023-01-28T22:31:11.774+0000] {spark_submit.py:495} INFO - [SUCCESSFUL ] org.apache.spark#spark-token-provider-kafka-0-10_2.12;3.1.3!spark-token-provider-kafka-0-10_2.12.jar (328ms)
[2023-01-28T22:31:11.946+0000] {spark_submit.py:495} INFO - downloading https://repo1.maven.org/maven2/org/apache/kafka/kafka-clients/2.6.0/kafka-clients-2.6.0.jar ...
[2023-01-28T22:31:12.501+0000] {spark_submit.py:495} INFO - [SUCCESSFUL ] org.apache.kafka#kafka-clients;2.6.0!kafka-clients.jar (725ms)
[2023-01-28T22:31:12.664+0000] {spark_submit.py:495} INFO - downloading https://repo1.maven.org/maven2/org/apache/commons/commons-pool2/2.6.2/commons-pool2-2.6.2.jar ...
[2023-01-28T22:31:12.836+0000] {spark_submit.py:495} INFO - [SUCCESSFUL ] org.apache.commons#commons-pool2;2.6.2!commons-pool2.jar (334ms)
[2023-01-28T22:31:13.002+0000] {spark_submit.py:495} INFO - downloading https://repo1.maven.org/maven2/org/spark-project/spark/unused/1.0.0/unused-1.0.0.jar ...
[2023-01-28T22:31:13.162+0000] {spark_submit.py:495} INFO - [SUCCESSFUL ] org.spark-project.spark#unused;1.0.0!unused.jar (323ms)
[2023-01-28T22:31:13.333+0000] {spark_submit.py:495} INFO - downloading https://repo1.maven.org/maven2/com/github/luben/zstd-jni/1.4.8-1/zstd-jni-1.4.8-1.jar ...
[2023-01-28T22:31:14.197+0000] {spark_submit.py:495} INFO - [SUCCESSFUL ] com.github.luben#zstd-jni;1.4.8-1!zstd-jni.jar (1029ms)
[2023-01-28T22:31:14.360+0000] {spark_submit.py:495} INFO - downloading https://repo1.maven.org/maven2/org/lz4/lz4-java/1.7.1/lz4-java-1.7.1.jar ...
[2023-01-28T22:31:14.577+0000] {spark_submit.py:495} INFO - [SUCCESSFUL ] org.lz4#lz4-java;1.7.1!lz4-java.jar (379ms)
[2023-01-28T22:31:14.746+0000] {spark_submit.py:495} INFO - downloading https://repo1.maven.org/maven2/org/xerial/snappy/snappy-java/1.1.8.2/snappy-java-1.1.8.2.jar ...
[2023-01-28T22:31:15.071+0000] {spark_submit.py:495} INFO - [SUCCESSFUL ] org.xerial.snappy#snappy-java;1.1.8.2!snappy-java.jar(bundle) (491ms)
[2023-01-28T22:31:15.232+0000] {spark_submit.py:495} INFO - downloading https://repo1.maven.org/maven2/org/slf4j/slf4j-api/1.7.30/slf4j-api-1.7.30.jar ...
[2023-01-28T22:31:15.397+0000] {spark_submit.py:495} INFO - [SUCCESSFUL ] org.slf4j#slf4j-api;1.7.30!slf4j-api.jar (327ms)
[2023-01-28T22:31:15.556+0000] {spark_submit.py:495} INFO - downloading https://repo1.maven.org/maven2/org/mongodb/mongodb-driver-sync/4.0.5/mongodb-driver-sync-4.0.5.jar ...
[2023-01-28T22:31:15.726+0000] {spark_submit.py:495} INFO - [SUCCESSFUL ] org.mongodb#mongodb-driver-sync;4.0.5!mongodb-driver-sync.jar (328ms)
[2023-01-28T22:31:15.902+0000] {spark_submit.py:495} INFO - downloading https://repo1.maven.org/maven2/org/mongodb/bson/4.0.5/bson-4.0.5.jar ...
[2023-01-28T22:31:16.162+0000] {spark_submit.py:495} INFO - [SUCCESSFUL ] org.mongodb#bson;4.0.5!bson.jar (425ms)
[2023-01-28T22:31:16.315+0000] {spark_submit.py:495} INFO - downloading https://repo1.maven.org/maven2/org/mongodb/mongodb-driver-core/4.0.5/mongodb-driver-core-4.0.5.jar ...
[2023-01-28T22:31:16.622+0000] {spark_submit.py:495} INFO - [SUCCESSFUL ] org.mongodb#mongodb-driver-core;4.0.5!mongodb-driver-core.jar (471ms)
[2023-01-28T22:31:16.623+0000] {spark_submit.py:495} INFO - :: resolution report :: resolve 14520ms :: artifacts dl 6240ms
[2023-01-28T22:31:16.623+0000] {spark_submit.py:495} INFO - :: modules in use:
[2023-01-28T22:31:16.624+0000] {spark_submit.py:495} INFO - com.github.luben#zstd-jni;1.4.8-1 from central in [default]
[2023-01-28T22:31:16.624+0000] {spark_submit.py:495} INFO - org.apache.commons#commons-pool2;2.6.2 from central in [default]
[2023-01-28T22:31:16.624+0000] {spark_submit.py:495} INFO - org.apache.kafka#kafka-clients;2.6.0 from central in [default]
[2023-01-28T22:31:16.624+0000] {spark_submit.py:495} INFO - org.apache.spark#spark-sql-kafka-0-10_2.12;3.1.3 from central in [default]
[2023-01-28T22:31:16.624+0000] {spark_submit.py:495} INFO - org.apache.spark#spark-token-provider-kafka-0-10_2.12;3.1.3 from central in [default]
[2023-01-28T22:31:16.625+0000] {spark_submit.py:495} INFO - org.lz4#lz4-java;1.7.1 from central in [default]
[2023-01-28T22:31:16.625+0000] {spark_submit.py:495} INFO - org.mongodb#bson;4.0.5 from central in [default]
[2023-01-28T22:31:16.625+0000] {spark_submit.py:495} INFO - org.mongodb#mongodb-driver-core;4.0.5 from central in [default]
[2023-01-28T22:31:16.625+0000] {spark_submit.py:495} INFO - org.mongodb#mongodb-driver-sync;4.0.5 from central in [default]
[2023-01-28T22:31:16.626+0000] {spark_submit.py:495} INFO - org.mongodb.spark#mongo-spark-connector_2.12;3.0.1 from central in [default]
[2023-01-28T22:31:16.626+0000] {spark_submit.py:495} INFO - org.slf4j#slf4j-api;1.7.30 from central in [default]
[2023-01-28T22:31:16.626+0000] {spark_submit.py:495} INFO - org.spark-project.spark#unused;1.0.0 from central in [default]
[2023-01-28T22:31:16.626+0000] {spark_submit.py:495} INFO - org.xerial.snappy#snappy-java;1.1.8.2 from central in [default]
[2023-01-28T22:31:16.627+0000] {spark_submit.py:495} INFO - ---------------------------------------------------------------------
[2023-01-28T22:31:16.627+0000] {spark_submit.py:495} INFO - |                  |            modules            ||   artifacts   |
[2023-01-28T22:31:16.627+0000] {spark_submit.py:495} INFO - |       conf       | number| search|dwnlded|evicted|| number|dwnlded|
[2023-01-28T22:31:16.627+0000] {spark_submit.py:495} INFO - ---------------------------------------------------------------------
[2023-01-28T22:31:16.628+0000] {spark_submit.py:495} INFO - |      default     |   13  |   13  |   13  |   0   ||   13  |   13  |
[2023-01-28T22:31:16.628+0000] {spark_submit.py:495} INFO - ---------------------------------------------------------------------
[2023-01-28T22:31:16.637+0000] {spark_submit.py:495} INFO - :: retrieving :: org.apache.spark#spark-submit-parent-46fa3f76-6731-45dd-93a5-fd3cdc9cf7ad
[2023-01-28T22:31:16.637+0000] {spark_submit.py:495} INFO - confs: [default]
[2023-01-28T22:31:16.666+0000] {spark_submit.py:495} INFO - 13 artifacts copied, 0 already retrieved (15812kB/29ms)
[2023-01-28T22:31:17.005+0000] {spark_submit.py:495} INFO - 23/01/28 22:31:17 WARN NativeCodeLoader: Unable to load native-hadoop library for your platform... using builtin-java classes where applicable
[2023-01-28T22:31:17.443+0000] {spark_submit.py:495} INFO - python3: can't open file '/home/tomi/streamingPipelineMercadoLibre/docker_***/dags/consumerSpark.py': [Errno 2] No such file or directory
[2023-01-28T22:31:17.450+0000] {spark_submit.py:495} INFO - 23/01/28 22:31:17 INFO ShutdownHookManager: Shutdown hook called
[2023-01-28T22:31:17.450+0000] {spark_submit.py:495} INFO - 23/01/28 22:31:17 INFO ShutdownHookManager: Deleting directory /tmp/spark-0fc68c17-2a43-4d4d-9c4c-44ec572bb537
[2023-01-28T22:31:17.509+0000] {taskinstance.py:1772} ERROR - Task failed with exception
Traceback (most recent call last):
  File "/home/airflow/.local/lib/python3.7/site-packages/airflow/providers/apache/spark/operators/spark_submit.py", line 157, in execute
    self._hook.submit(self._application)
  File "/home/airflow/.local/lib/python3.7/site-packages/airflow/providers/apache/spark/hooks/spark_submit.py", line 427, in submit
    f"Cannot execute: {self._mask_cmd(spark_submit_cmd)}. Error code is: {returncode}."
airflow.exceptions.AirflowException: Cannot execute: spark-submit --master spark://tomi-H310:7077 --packages org.apache.spark:spark-sql-kafka-0-10_2.12:3.1.3,org.mongodb.spark:mongo-spark-connector_2.12:3.0.1 --name arrow-spark --queue root.default /home/tomi/streamingPipelineMercadoLibre/docker_***/dags/consumerSpark.py. Error code is: 2.
[2023-01-28T22:31:17.513+0000] {taskinstance.py:1327} INFO - Marking task as UP_FOR_RETRY. dag_id=Streaming_pipeline_meli, task_id=consumer_data_of_topic, execution_date=20230127T184927, start_date=20230128T223053, end_date=20230128T223117
[2023-01-28T22:31:17.526+0000] {standard_task_runner.py:105} ERROR - Failed to execute job 1154 for task consumer_data_of_topic (Cannot execute: spark-submit --master spark://tomi-H310:7077 --packages org.apache.spark:spark-sql-kafka-0-10_2.12:3.1.3,org.mongodb.spark:mongo-spark-connector_2.12:3.0.1 --name arrow-spark --queue root.default /home/tomi/streamingPipelineMercadoLibre/docker_***/dags/consumerSpark.py. Error code is: 2.; 128)
[2023-01-28T22:31:17.553+0000] {local_task_job.py:159} INFO - Task exited with return code 1
[2023-01-28T22:31:17.570+0000] {taskinstance.py:2582} INFO - 0 downstream tasks scheduled from follow-on schedule check
