[2023-01-29T00:40:18.090+0000] {taskinstance.py:1087} INFO - Dependencies all met for <TaskInstance: Streaming_pipeline_meli.consumer_data_of_topic manual__2023-01-27T18:49:27.597637+00:00 [queued]>
[2023-01-29T00:40:18.108+0000] {taskinstance.py:1087} INFO - Dependencies all met for <TaskInstance: Streaming_pipeline_meli.consumer_data_of_topic manual__2023-01-27T18:49:27.597637+00:00 [queued]>
[2023-01-29T00:40:18.108+0000] {taskinstance.py:1283} INFO - 
--------------------------------------------------------------------------------
[2023-01-29T00:40:18.108+0000] {taskinstance.py:1284} INFO - Starting attempt 15 of 20
[2023-01-29T00:40:18.108+0000] {taskinstance.py:1285} INFO - 
--------------------------------------------------------------------------------
[2023-01-29T00:40:18.129+0000] {taskinstance.py:1304} INFO - Executing <Task(SparkSubmitOperator): consumer_data_of_topic> on 2023-01-27 18:49:27.597637+00:00
[2023-01-29T00:40:18.135+0000] {standard_task_runner.py:55} INFO - Started process 3861 to run task
[2023-01-29T00:40:18.139+0000] {standard_task_runner.py:82} INFO - Running: ['***', 'tasks', 'run', 'Streaming_pipeline_meli', 'consumer_data_of_topic', 'manual__2023-01-27T18:49:27.597637+00:00', '--job-id', '1173', '--raw', '--subdir', 'DAGS_FOLDER/streamPipeline.py', '--cfg-path', '/tmp/tmperrscalt']
[2023-01-29T00:40:18.140+0000] {standard_task_runner.py:83} INFO - Job 1173: Subtask consumer_data_of_topic
[2023-01-29T00:40:18.230+0000] {task_command.py:389} INFO - Running <TaskInstance: Streaming_pipeline_meli.consumer_data_of_topic manual__2023-01-27T18:49:27.597637+00:00 [running]> on host c581710b51ba
[2023-01-29T00:40:18.324+0000] {taskinstance.py:1513} INFO - Exporting the following env vars:
AIRFLOW_CTX_DAG_OWNER=***
AIRFLOW_CTX_DAG_ID=Streaming_pipeline_meli
AIRFLOW_CTX_TASK_ID=consumer_data_of_topic
AIRFLOW_CTX_EXECUTION_DATE=2023-01-27T18:49:27.597637+00:00
AIRFLOW_CTX_TRY_NUMBER=15
AIRFLOW_CTX_DAG_RUN_ID=manual__2023-01-27T18:49:27.597637+00:00
[2023-01-29T00:40:18.337+0000] {base.py:73} INFO - Using connection ID 'spark_default' for task execution.
[2023-01-29T00:40:18.338+0000] {spark_submit.py:344} INFO - Spark-Submit cmd: spark-submit --master spark://tomi-H310:7077 --packages org.apache.spark:spark-sql-kafka-0-10_2.12:3.1.3,org.mongodb.spark:mongo-spark-connector_2.12:3.0.1 --name arrow-spark --queue root.default /home/tomi/streamingPipelineMercadoLibre/docker_***/dags/consumerSpark.py
[2023-01-29T00:40:18.525+0000] {spark_submit.py:495} INFO - /home/***/.local/lib/python3.7/site-packages/pyspark/bin/load-spark-env.sh: line 68: ps: command not found
[2023-01-29T00:40:20.879+0000] {spark_submit.py:495} INFO - :: loading settings :: url = jar:file:/home/***/.local/lib/python3.7/site-packages/pyspark/jars/ivy-2.5.0.jar!/org/apache/ivy/core/settings/ivysettings.xml
[2023-01-29T00:40:20.974+0000] {spark_submit.py:495} INFO - Ivy Default Cache set to: /home/***/.ivy2/cache
[2023-01-29T00:40:20.974+0000] {spark_submit.py:495} INFO - The jars for the packages stored in: /home/***/.ivy2/jars
[2023-01-29T00:40:20.991+0000] {spark_submit.py:495} INFO - org.apache.spark#spark-sql-kafka-0-10_2.12 added as a dependency
[2023-01-29T00:40:20.991+0000] {spark_submit.py:495} INFO - org.mongodb.spark#mongo-spark-connector_2.12 added as a dependency
[2023-01-29T00:40:20.992+0000] {spark_submit.py:495} INFO - :: resolving dependencies :: org.apache.spark#spark-submit-parent-365d423c-3f36-4f2f-a8ff-93ec35a224dd;1.0
[2023-01-29T00:40:20.993+0000] {spark_submit.py:495} INFO - confs: [default]
[2023-01-29T00:40:21.203+0000] {spark_submit.py:495} INFO - found org.apache.spark#spark-sql-kafka-0-10_2.12;3.1.3 in central
[2023-01-29T00:40:21.299+0000] {spark_submit.py:495} INFO - found org.apache.spark#spark-token-provider-kafka-0-10_2.12;3.1.3 in central
[2023-01-29T00:40:21.340+0000] {spark_submit.py:495} INFO - found org.apache.kafka#kafka-clients;2.6.0 in central
[2023-01-29T00:40:21.367+0000] {spark_submit.py:495} INFO - found com.github.luben#zstd-jni;1.4.8-1 in central
[2023-01-29T00:40:21.387+0000] {spark_submit.py:495} INFO - found org.lz4#lz4-java;1.7.1 in central
[2023-01-29T00:40:21.412+0000] {spark_submit.py:495} INFO - found org.xerial.snappy#snappy-java;1.1.8.2 in central
[2023-01-29T00:40:21.427+0000] {spark_submit.py:495} INFO - found org.slf4j#slf4j-api;1.7.30 in central
[2023-01-29T00:40:21.442+0000] {spark_submit.py:495} INFO - found org.spark-project.spark#unused;1.0.0 in central
[2023-01-29T00:40:21.460+0000] {spark_submit.py:495} INFO - found org.apache.commons#commons-pool2;2.6.2 in central
[2023-01-29T00:40:21.477+0000] {spark_submit.py:495} INFO - found org.mongodb.spark#mongo-spark-connector_2.12;3.0.1 in central
[2023-01-29T00:40:21.508+0000] {spark_submit.py:495} INFO - found org.mongodb#mongodb-driver-sync;4.0.5 in central
[2023-01-29T00:40:21.518+0000] {spark_submit.py:495} INFO - found org.mongodb#bson;4.0.5 in central
[2023-01-29T00:40:21.536+0000] {spark_submit.py:495} INFO - found org.mongodb#mongodb-driver-core;4.0.5 in central
[2023-01-29T00:40:21.567+0000] {spark_submit.py:495} INFO - :: resolution report :: resolve 554ms :: artifacts dl 13ms
[2023-01-29T00:40:21.567+0000] {spark_submit.py:495} INFO - :: modules in use:
[2023-01-29T00:40:21.567+0000] {spark_submit.py:495} INFO - com.github.luben#zstd-jni;1.4.8-1 from central in [default]
[2023-01-29T00:40:21.567+0000] {spark_submit.py:495} INFO - org.apache.commons#commons-pool2;2.6.2 from central in [default]
[2023-01-29T00:40:21.567+0000] {spark_submit.py:495} INFO - org.apache.kafka#kafka-clients;2.6.0 from central in [default]
[2023-01-29T00:40:21.568+0000] {spark_submit.py:495} INFO - org.apache.spark#spark-sql-kafka-0-10_2.12;3.1.3 from central in [default]
[2023-01-29T00:40:21.568+0000] {spark_submit.py:495} INFO - org.apache.spark#spark-token-provider-kafka-0-10_2.12;3.1.3 from central in [default]
[2023-01-29T00:40:21.568+0000] {spark_submit.py:495} INFO - org.lz4#lz4-java;1.7.1 from central in [default]
[2023-01-29T00:40:21.568+0000] {spark_submit.py:495} INFO - org.mongodb#bson;4.0.5 from central in [default]
[2023-01-29T00:40:21.568+0000] {spark_submit.py:495} INFO - org.mongodb#mongodb-driver-core;4.0.5 from central in [default]
[2023-01-29T00:40:21.568+0000] {spark_submit.py:495} INFO - org.mongodb#mongodb-driver-sync;4.0.5 from central in [default]
[2023-01-29T00:40:21.568+0000] {spark_submit.py:495} INFO - org.mongodb.spark#mongo-spark-connector_2.12;3.0.1 from central in [default]
[2023-01-29T00:40:21.568+0000] {spark_submit.py:495} INFO - org.slf4j#slf4j-api;1.7.30 from central in [default]
[2023-01-29T00:40:21.568+0000] {spark_submit.py:495} INFO - org.spark-project.spark#unused;1.0.0 from central in [default]
[2023-01-29T00:40:21.568+0000] {spark_submit.py:495} INFO - org.xerial.snappy#snappy-java;1.1.8.2 from central in [default]
[2023-01-29T00:40:21.568+0000] {spark_submit.py:495} INFO - ---------------------------------------------------------------------
[2023-01-29T00:40:21.568+0000] {spark_submit.py:495} INFO - |                  |            modules            ||   artifacts   |
[2023-01-29T00:40:21.568+0000] {spark_submit.py:495} INFO - |       conf       | number| search|dwnlded|evicted|| number|dwnlded|
[2023-01-29T00:40:21.568+0000] {spark_submit.py:495} INFO - ---------------------------------------------------------------------
[2023-01-29T00:40:21.569+0000] {spark_submit.py:495} INFO - |      default     |   13  |   0   |   0   |   0   ||   13  |   0   |
[2023-01-29T00:40:21.569+0000] {spark_submit.py:495} INFO - ---------------------------------------------------------------------
[2023-01-29T00:40:21.569+0000] {spark_submit.py:495} INFO - :: retrieving :: org.apache.spark#spark-submit-parent-365d423c-3f36-4f2f-a8ff-93ec35a224dd
[2023-01-29T00:40:21.569+0000] {spark_submit.py:495} INFO - confs: [default]
[2023-01-29T00:40:21.580+0000] {spark_submit.py:495} INFO - 0 artifacts copied, 13 already retrieved (0kB/8ms)
[2023-01-29T00:40:21.788+0000] {spark_submit.py:495} INFO - 23/01/29 00:40:21 WARN NativeCodeLoader: Unable to load native-hadoop library for your platform... using builtin-java classes where applicable
[2023-01-29T00:40:22.077+0000] {spark_submit.py:495} INFO - python3: can't open file '/home/tomi/streamingPipelineMercadoLibre/docker_***/dags/consumerSpark.py': [Errno 2] No such file or directory
[2023-01-29T00:40:22.085+0000] {spark_submit.py:495} INFO - 23/01/29 00:40:22 INFO ShutdownHookManager: Shutdown hook called
[2023-01-29T00:40:22.085+0000] {spark_submit.py:495} INFO - 23/01/29 00:40:22 INFO ShutdownHookManager: Deleting directory /tmp/spark-5524bd40-aac5-4dee-a869-92f45809bdf9
[2023-01-29T00:40:22.211+0000] {taskinstance.py:1772} ERROR - Task failed with exception
Traceback (most recent call last):
  File "/home/airflow/.local/lib/python3.7/site-packages/airflow/providers/apache/spark/operators/spark_submit.py", line 157, in execute
    self._hook.submit(self._application)
  File "/home/airflow/.local/lib/python3.7/site-packages/airflow/providers/apache/spark/hooks/spark_submit.py", line 427, in submit
    f"Cannot execute: {self._mask_cmd(spark_submit_cmd)}. Error code is: {returncode}."
airflow.exceptions.AirflowException: Cannot execute: spark-submit --master spark://tomi-H310:7077 --packages org.apache.spark:spark-sql-kafka-0-10_2.12:3.1.3,org.mongodb.spark:mongo-spark-connector_2.12:3.0.1 --name arrow-spark --queue root.default /home/tomi/streamingPipelineMercadoLibre/docker_***/dags/consumerSpark.py. Error code is: 2.
[2023-01-29T00:40:22.220+0000] {taskinstance.py:1327} INFO - Marking task as UP_FOR_RETRY. dag_id=Streaming_pipeline_meli, task_id=consumer_data_of_topic, execution_date=20230127T184927, start_date=20230129T004018, end_date=20230129T004022
[2023-01-29T00:40:22.243+0000] {standard_task_runner.py:105} ERROR - Failed to execute job 1173 for task consumer_data_of_topic (Cannot execute: spark-submit --master spark://tomi-H310:7077 --packages org.apache.spark:spark-sql-kafka-0-10_2.12:3.1.3,org.mongodb.spark:mongo-spark-connector_2.12:3.0.1 --name arrow-spark --queue root.default /home/tomi/streamingPipelineMercadoLibre/docker_***/dags/consumerSpark.py. Error code is: 2.; 3861)
[2023-01-29T00:40:22.255+0000] {local_task_job.py:159} INFO - Task exited with return code 1
[2023-01-29T00:40:22.273+0000] {taskinstance.py:2582} INFO - 0 downstream tasks scheduled from follow-on schedule check
