[2023-01-29T07:16:13.531+0000] {taskinstance.py:1087} INFO - Dependencies all met for <TaskInstance: Streaming_pipeline_meli.consumer_data_of_topic manual__2023-01-27T18:49:27.597637+00:00 [queued]>
[2023-01-29T07:16:13.541+0000] {taskinstance.py:1087} INFO - Dependencies all met for <TaskInstance: Streaming_pipeline_meli.consumer_data_of_topic manual__2023-01-27T18:49:27.597637+00:00 [queued]>
[2023-01-29T07:16:13.541+0000] {taskinstance.py:1283} INFO - 
--------------------------------------------------------------------------------
[2023-01-29T07:16:13.541+0000] {taskinstance.py:1284} INFO - Starting attempt 23 of 28
[2023-01-29T07:16:13.542+0000] {taskinstance.py:1285} INFO - 
--------------------------------------------------------------------------------
[2023-01-29T07:16:13.554+0000] {taskinstance.py:1304} INFO - Executing <Task(SparkSubmitOperator): consumer_data_of_topic> on 2023-01-27 18:49:27.597637+00:00
[2023-01-29T07:16:13.558+0000] {standard_task_runner.py:55} INFO - Started process 5514 to run task
[2023-01-29T07:16:13.563+0000] {standard_task_runner.py:82} INFO - Running: ['***', 'tasks', 'run', 'Streaming_pipeline_meli', 'consumer_data_of_topic', 'manual__2023-01-27T18:49:27.597637+00:00', '--job-id', '1187', '--raw', '--subdir', 'DAGS_FOLDER/streamPipeline.py', '--cfg-path', '/tmp/tmpb5d2br3p']
[2023-01-29T07:16:13.564+0000] {standard_task_runner.py:83} INFO - Job 1187: Subtask consumer_data_of_topic
[2023-01-29T07:16:13.627+0000] {task_command.py:389} INFO - Running <TaskInstance: Streaming_pipeline_meli.consumer_data_of_topic manual__2023-01-27T18:49:27.597637+00:00 [running]> on host 15c99fd3082a
[2023-01-29T07:16:13.691+0000] {taskinstance.py:1513} INFO - Exporting the following env vars:
AIRFLOW_CTX_DAG_OWNER=***
AIRFLOW_CTX_DAG_ID=Streaming_pipeline_meli
AIRFLOW_CTX_TASK_ID=consumer_data_of_topic
AIRFLOW_CTX_EXECUTION_DATE=2023-01-27T18:49:27.597637+00:00
AIRFLOW_CTX_TRY_NUMBER=23
AIRFLOW_CTX_DAG_RUN_ID=manual__2023-01-27T18:49:27.597637+00:00
[2023-01-29T07:16:13.698+0000] {base.py:73} INFO - Using connection ID 'spark_default' for task execution.
[2023-01-29T07:16:13.699+0000] {spark_submit.py:344} INFO - Spark-Submit cmd: spark-submit --master spark://tomi-H310:7077 --packages org.apache.spark:spark-sql-kafka-0-10_2.12:3.1.3,org.mongodb.spark:mongo-spark-connector_2.12:3.0.1 --name arrow-spark --queue root.default /opt/***/dags/consumerSpark.py
[2023-01-29T07:16:13.797+0000] {spark_submit.py:495} INFO - /home/***/.local/lib/python3.7/site-packages/pyspark/bin/load-spark-env.sh: line 68: ps: command not found
[2023-01-29T07:16:15.143+0000] {spark_submit.py:495} INFO - :: loading settings :: url = jar:file:/home/***/.local/lib/python3.7/site-packages/pyspark/jars/ivy-2.5.0.jar!/org/apache/ivy/core/settings/ivysettings.xml
[2023-01-29T07:16:15.196+0000] {spark_submit.py:495} INFO - Ivy Default Cache set to: /home/***/.ivy2/cache
[2023-01-29T07:16:15.196+0000] {spark_submit.py:495} INFO - The jars for the packages stored in: /home/***/.ivy2/jars
[2023-01-29T07:16:15.200+0000] {spark_submit.py:495} INFO - org.apache.spark#spark-sql-kafka-0-10_2.12 added as a dependency
[2023-01-29T07:16:15.201+0000] {spark_submit.py:495} INFO - org.mongodb.spark#mongo-spark-connector_2.12 added as a dependency
[2023-01-29T07:16:15.202+0000] {spark_submit.py:495} INFO - :: resolving dependencies :: org.apache.spark#spark-submit-parent-de2c8579-4c90-49bc-a45c-d7149f5f99ef;1.0
[2023-01-29T07:16:15.202+0000] {spark_submit.py:495} INFO - confs: [default]
[2023-01-29T07:16:15.327+0000] {spark_submit.py:495} INFO - found org.apache.spark#spark-sql-kafka-0-10_2.12;3.1.3 in central
[2023-01-29T07:16:15.375+0000] {spark_submit.py:495} INFO - found org.apache.spark#spark-token-provider-kafka-0-10_2.12;3.1.3 in central
[2023-01-29T07:16:15.406+0000] {spark_submit.py:495} INFO - found org.apache.kafka#kafka-clients;2.6.0 in central
[2023-01-29T07:16:15.430+0000] {spark_submit.py:495} INFO - found com.github.luben#zstd-jni;1.4.8-1 in central
[2023-01-29T07:16:15.455+0000] {spark_submit.py:495} INFO - found org.lz4#lz4-java;1.7.1 in central
[2023-01-29T07:16:15.474+0000] {spark_submit.py:495} INFO - found org.xerial.snappy#snappy-java;1.1.8.2 in central
[2023-01-29T07:16:15.490+0000] {spark_submit.py:495} INFO - found org.slf4j#slf4j-api;1.7.30 in central
[2023-01-29T07:16:15.503+0000] {spark_submit.py:495} INFO - found org.spark-project.spark#unused;1.0.0 in central
[2023-01-29T07:16:15.516+0000] {spark_submit.py:495} INFO - found org.apache.commons#commons-pool2;2.6.2 in central
[2023-01-29T07:16:15.526+0000] {spark_submit.py:495} INFO - found org.mongodb.spark#mongo-spark-connector_2.12;3.0.1 in central
[2023-01-29T07:16:15.534+0000] {spark_submit.py:495} INFO - found org.mongodb#mongodb-driver-sync;4.0.5 in central
[2023-01-29T07:16:15.543+0000] {spark_submit.py:495} INFO - found org.mongodb#bson;4.0.5 in central
[2023-01-29T07:16:15.552+0000] {spark_submit.py:495} INFO - found org.mongodb#mongodb-driver-core;4.0.5 in central
[2023-01-29T07:16:15.574+0000] {spark_submit.py:495} INFO - :: resolution report :: resolve 361ms :: artifacts dl 11ms
[2023-01-29T07:16:15.574+0000] {spark_submit.py:495} INFO - :: modules in use:
[2023-01-29T07:16:15.574+0000] {spark_submit.py:495} INFO - com.github.luben#zstd-jni;1.4.8-1 from central in [default]
[2023-01-29T07:16:15.574+0000] {spark_submit.py:495} INFO - org.apache.commons#commons-pool2;2.6.2 from central in [default]
[2023-01-29T07:16:15.575+0000] {spark_submit.py:495} INFO - org.apache.kafka#kafka-clients;2.6.0 from central in [default]
[2023-01-29T07:16:15.575+0000] {spark_submit.py:495} INFO - org.apache.spark#spark-sql-kafka-0-10_2.12;3.1.3 from central in [default]
[2023-01-29T07:16:15.575+0000] {spark_submit.py:495} INFO - org.apache.spark#spark-token-provider-kafka-0-10_2.12;3.1.3 from central in [default]
[2023-01-29T07:16:15.575+0000] {spark_submit.py:495} INFO - org.lz4#lz4-java;1.7.1 from central in [default]
[2023-01-29T07:16:15.576+0000] {spark_submit.py:495} INFO - org.mongodb#bson;4.0.5 from central in [default]
[2023-01-29T07:16:15.576+0000] {spark_submit.py:495} INFO - org.mongodb#mongodb-driver-core;4.0.5 from central in [default]
[2023-01-29T07:16:15.576+0000] {spark_submit.py:495} INFO - org.mongodb#mongodb-driver-sync;4.0.5 from central in [default]
[2023-01-29T07:16:15.576+0000] {spark_submit.py:495} INFO - org.mongodb.spark#mongo-spark-connector_2.12;3.0.1 from central in [default]
[2023-01-29T07:16:15.576+0000] {spark_submit.py:495} INFO - org.slf4j#slf4j-api;1.7.30 from central in [default]
[2023-01-29T07:16:15.577+0000] {spark_submit.py:495} INFO - org.spark-project.spark#unused;1.0.0 from central in [default]
[2023-01-29T07:16:15.577+0000] {spark_submit.py:495} INFO - org.xerial.snappy#snappy-java;1.1.8.2 from central in [default]
[2023-01-29T07:16:15.577+0000] {spark_submit.py:495} INFO - ---------------------------------------------------------------------
[2023-01-29T07:16:15.577+0000] {spark_submit.py:495} INFO - |                  |            modules            ||   artifacts   |
[2023-01-29T07:16:15.577+0000] {spark_submit.py:495} INFO - |       conf       | number| search|dwnlded|evicted|| number|dwnlded|
[2023-01-29T07:16:15.578+0000] {spark_submit.py:495} INFO - ---------------------------------------------------------------------
[2023-01-29T07:16:15.578+0000] {spark_submit.py:495} INFO - |      default     |   13  |   0   |   0   |   0   ||   13  |   0   |
[2023-01-29T07:16:15.578+0000] {spark_submit.py:495} INFO - ---------------------------------------------------------------------
[2023-01-29T07:16:15.583+0000] {spark_submit.py:495} INFO - :: retrieving :: org.apache.spark#spark-submit-parent-de2c8579-4c90-49bc-a45c-d7149f5f99ef
[2023-01-29T07:16:15.584+0000] {spark_submit.py:495} INFO - confs: [default]
[2023-01-29T07:16:15.590+0000] {spark_submit.py:495} INFO - 0 artifacts copied, 13 already retrieved (0kB/6ms)
[2023-01-29T07:16:15.791+0000] {spark_submit.py:495} INFO - 23/01/29 07:16:15 WARN NativeCodeLoader: Unable to load native-hadoop library for your platform... using builtin-java classes where applicable
[2023-01-29T07:16:16.686+0000] {spark_submit.py:495} INFO - 23/01/29 07:16:16 INFO SparkContext: Running Spark version 3.3.1
[2023-01-29T07:16:16.716+0000] {spark_submit.py:495} INFO - 23/01/29 07:16:16 INFO ResourceUtils: ==============================================================
[2023-01-29T07:16:16.717+0000] {spark_submit.py:495} INFO - 23/01/29 07:16:16 INFO ResourceUtils: No custom resources configured for spark.driver.
[2023-01-29T07:16:16.717+0000] {spark_submit.py:495} INFO - 23/01/29 07:16:16 INFO ResourceUtils: ==============================================================
[2023-01-29T07:16:16.718+0000] {spark_submit.py:495} INFO - 23/01/29 07:16:16 INFO SparkContext: Submitted application: arrow-spark
[2023-01-29T07:16:16.745+0000] {spark_submit.py:495} INFO - 23/01/29 07:16:16 INFO ResourceProfile: Default ResourceProfile created, executor resources: Map(cores -> name: cores, amount: 1, script: , vendor: , memory -> name: memory, amount: 1024, script: , vendor: , offHeap -> name: offHeap, amount: 0, script: , vendor: ), task resources: Map(cpus -> name: cpus, amount: 1.0)
[2023-01-29T07:16:16.756+0000] {spark_submit.py:495} INFO - 23/01/29 07:16:16 INFO ResourceProfile: Limiting resource is cpu
[2023-01-29T07:16:16.757+0000] {spark_submit.py:495} INFO - 23/01/29 07:16:16 INFO ResourceProfileManager: Added ResourceProfile id: 0
[2023-01-29T07:16:16.818+0000] {spark_submit.py:495} INFO - 23/01/29 07:16:16 INFO SecurityManager: Changing view acls to: default
[2023-01-29T07:16:16.819+0000] {spark_submit.py:495} INFO - 23/01/29 07:16:16 INFO SecurityManager: Changing modify acls to: default
[2023-01-29T07:16:16.821+0000] {spark_submit.py:495} INFO - 23/01/29 07:16:16 INFO SecurityManager: Changing view acls groups to:
[2023-01-29T07:16:16.821+0000] {spark_submit.py:495} INFO - 23/01/29 07:16:16 INFO SecurityManager: Changing modify acls groups to:
[2023-01-29T07:16:16.822+0000] {spark_submit.py:495} INFO - 23/01/29 07:16:16 INFO SecurityManager: SecurityManager: authentication disabled; ui acls disabled; users  with view permissions: Set(default); groups with view permissions: Set(); users  with modify permissions: Set(default); groups with modify permissions: Set()
[2023-01-29T07:16:17.141+0000] {spark_submit.py:495} INFO - 23/01/29 07:16:17 INFO Utils: Successfully started service 'sparkDriver' on port 37953.
[2023-01-29T07:16:17.187+0000] {spark_submit.py:495} INFO - 23/01/29 07:16:17 INFO SparkEnv: Registering MapOutputTracker
[2023-01-29T07:16:17.219+0000] {spark_submit.py:495} INFO - 23/01/29 07:16:17 INFO SparkEnv: Registering BlockManagerMaster
[2023-01-29T07:16:17.243+0000] {spark_submit.py:495} INFO - 23/01/29 07:16:17 INFO BlockManagerMasterEndpoint: Using org.apache.spark.storage.DefaultTopologyMapper for getting topology information
[2023-01-29T07:16:17.244+0000] {spark_submit.py:495} INFO - 23/01/29 07:16:17 INFO BlockManagerMasterEndpoint: BlockManagerMasterEndpoint up
[2023-01-29T07:16:17.248+0000] {spark_submit.py:495} INFO - 23/01/29 07:16:17 INFO SparkEnv: Registering BlockManagerMasterHeartbeat
[2023-01-29T07:16:17.271+0000] {spark_submit.py:495} INFO - 23/01/29 07:16:17 INFO DiskBlockManager: Created local directory at /tmp/blockmgr-d7453e36-0a12-491d-9909-f94bc6cdbdec
[2023-01-29T07:16:17.290+0000] {spark_submit.py:495} INFO - 23/01/29 07:16:17 INFO MemoryStore: MemoryStore started with capacity 434.4 MiB
[2023-01-29T07:16:17.315+0000] {spark_submit.py:495} INFO - 23/01/29 07:16:17 INFO SparkEnv: Registering OutputCommitCoordinator
[2023-01-29T07:16:18.378+0000] {spark_submit.py:495} INFO - 23/01/29 07:16:18 WARN Utils: Service 'SparkUI' could not bind on port 4040. Attempting port 4041.
[2023-01-29T07:16:18.397+0000] {spark_submit.py:495} INFO - 23/01/29 07:16:18 INFO Utils: Successfully started service 'SparkUI' on port 4041.
[2023-01-29T07:16:18.567+0000] {spark_submit.py:495} INFO - 23/01/29 07:16:18 INFO SparkContext: Added JAR file:///home/***/.ivy2/jars/org.apache.spark_spark-sql-kafka-0-10_2.12-3.1.3.jar at spark://15c99fd3082a:37953/jars/org.apache.spark_spark-sql-kafka-0-10_2.12-3.1.3.jar with timestamp 1674976576667
[2023-01-29T07:16:18.568+0000] {spark_submit.py:495} INFO - 23/01/29 07:16:18 INFO SparkContext: Added JAR file:///home/***/.ivy2/jars/org.mongodb.spark_mongo-spark-connector_2.12-3.0.1.jar at spark://15c99fd3082a:37953/jars/org.mongodb.spark_mongo-spark-connector_2.12-3.0.1.jar with timestamp 1674976576667
[2023-01-29T07:16:18.568+0000] {spark_submit.py:495} INFO - 23/01/29 07:16:18 INFO SparkContext: Added JAR file:///home/***/.ivy2/jars/org.apache.spark_spark-token-provider-kafka-0-10_2.12-3.1.3.jar at spark://15c99fd3082a:37953/jars/org.apache.spark_spark-token-provider-kafka-0-10_2.12-3.1.3.jar with timestamp 1674976576667
[2023-01-29T07:16:18.568+0000] {spark_submit.py:495} INFO - 23/01/29 07:16:18 INFO SparkContext: Added JAR file:///home/***/.ivy2/jars/org.apache.kafka_kafka-clients-2.6.0.jar at spark://15c99fd3082a:37953/jars/org.apache.kafka_kafka-clients-2.6.0.jar with timestamp 1674976576667
[2023-01-29T07:16:18.568+0000] {spark_submit.py:495} INFO - 23/01/29 07:16:18 INFO SparkContext: Added JAR file:///home/***/.ivy2/jars/org.apache.commons_commons-pool2-2.6.2.jar at spark://15c99fd3082a:37953/jars/org.apache.commons_commons-pool2-2.6.2.jar with timestamp 1674976576667
[2023-01-29T07:16:18.568+0000] {spark_submit.py:495} INFO - 23/01/29 07:16:18 INFO SparkContext: Added JAR file:///home/***/.ivy2/jars/org.spark-project.spark_unused-1.0.0.jar at spark://15c99fd3082a:37953/jars/org.spark-project.spark_unused-1.0.0.jar with timestamp 1674976576667
[2023-01-29T07:16:18.569+0000] {spark_submit.py:495} INFO - 23/01/29 07:16:18 INFO SparkContext: Added JAR file:///home/***/.ivy2/jars/com.github.luben_zstd-jni-1.4.8-1.jar at spark://15c99fd3082a:37953/jars/com.github.luben_zstd-jni-1.4.8-1.jar with timestamp 1674976576667
[2023-01-29T07:16:18.569+0000] {spark_submit.py:495} INFO - 23/01/29 07:16:18 INFO SparkContext: Added JAR file:///home/***/.ivy2/jars/org.lz4_lz4-java-1.7.1.jar at spark://15c99fd3082a:37953/jars/org.lz4_lz4-java-1.7.1.jar with timestamp 1674976576667
[2023-01-29T07:16:18.569+0000] {spark_submit.py:495} INFO - 23/01/29 07:16:18 INFO SparkContext: Added JAR file:///home/***/.ivy2/jars/org.xerial.snappy_snappy-java-1.1.8.2.jar at spark://15c99fd3082a:37953/jars/org.xerial.snappy_snappy-java-1.1.8.2.jar with timestamp 1674976576667
[2023-01-29T07:16:18.569+0000] {spark_submit.py:495} INFO - 23/01/29 07:16:18 INFO SparkContext: Added JAR file:///home/***/.ivy2/jars/org.slf4j_slf4j-api-1.7.30.jar at spark://15c99fd3082a:37953/jars/org.slf4j_slf4j-api-1.7.30.jar with timestamp 1674976576667
[2023-01-29T07:16:18.570+0000] {spark_submit.py:495} INFO - 23/01/29 07:16:18 INFO SparkContext: Added JAR file:///home/***/.ivy2/jars/org.mongodb_mongodb-driver-sync-4.0.5.jar at spark://15c99fd3082a:37953/jars/org.mongodb_mongodb-driver-sync-4.0.5.jar with timestamp 1674976576667
[2023-01-29T07:16:18.572+0000] {spark_submit.py:495} INFO - 23/01/29 07:16:18 INFO SparkContext: Added JAR file:///home/***/.ivy2/jars/org.mongodb_bson-4.0.5.jar at spark://15c99fd3082a:37953/jars/org.mongodb_bson-4.0.5.jar with timestamp 1674976576667
[2023-01-29T07:16:18.582+0000] {spark_submit.py:495} INFO - 23/01/29 07:16:18 INFO SparkContext: Added JAR file:///home/***/.ivy2/jars/org.mongodb_mongodb-driver-core-4.0.5.jar at spark://15c99fd3082a:37953/jars/org.mongodb_mongodb-driver-core-4.0.5.jar with timestamp 1674976576667
[2023-01-29T07:16:18.587+0000] {spark_submit.py:495} INFO - 23/01/29 07:16:18 INFO SparkContext: Added file file:///home/***/.ivy2/jars/org.apache.spark_spark-sql-kafka-0-10_2.12-3.1.3.jar at file:///home/***/.ivy2/jars/org.apache.spark_spark-sql-kafka-0-10_2.12-3.1.3.jar with timestamp 1674976576667
[2023-01-29T07:16:18.587+0000] {spark_submit.py:495} INFO - 23/01/29 07:16:18 INFO Utils: Copying /home/***/.ivy2/jars/org.apache.spark_spark-sql-kafka-0-10_2.12-3.1.3.jar to /tmp/spark-14a3987f-ac52-4571-bd52-27a5e9ce3dc7/userFiles-2f88cb3a-6c34-43e4-ac26-48fc081e2aab/org.apache.spark_spark-sql-kafka-0-10_2.12-3.1.3.jar
[2023-01-29T07:16:18.686+0000] {spark_submit.py:495} INFO - 23/01/29 07:16:18 INFO SparkContext: Added file file:///home/***/.ivy2/jars/org.mongodb.spark_mongo-spark-connector_2.12-3.0.1.jar at file:///home/***/.ivy2/jars/org.mongodb.spark_mongo-spark-connector_2.12-3.0.1.jar with timestamp 1674976576667
[2023-01-29T07:16:18.686+0000] {spark_submit.py:495} INFO - 23/01/29 07:16:18 INFO Utils: Copying /home/***/.ivy2/jars/org.mongodb.spark_mongo-spark-connector_2.12-3.0.1.jar to /tmp/spark-14a3987f-ac52-4571-bd52-27a5e9ce3dc7/userFiles-2f88cb3a-6c34-43e4-ac26-48fc081e2aab/org.mongodb.spark_mongo-spark-connector_2.12-3.0.1.jar
[2023-01-29T07:16:18.712+0000] {spark_submit.py:495} INFO - 23/01/29 07:16:18 INFO SparkContext: Added file file:///home/***/.ivy2/jars/org.apache.spark_spark-token-provider-kafka-0-10_2.12-3.1.3.jar at file:///home/***/.ivy2/jars/org.apache.spark_spark-token-provider-kafka-0-10_2.12-3.1.3.jar with timestamp 1674976576667
[2023-01-29T07:16:18.713+0000] {spark_submit.py:495} INFO - 23/01/29 07:16:18 INFO Utils: Copying /home/***/.ivy2/jars/org.apache.spark_spark-token-provider-kafka-0-10_2.12-3.1.3.jar to /tmp/spark-14a3987f-ac52-4571-bd52-27a5e9ce3dc7/userFiles-2f88cb3a-6c34-43e4-ac26-48fc081e2aab/org.apache.spark_spark-token-provider-kafka-0-10_2.12-3.1.3.jar
[2023-01-29T07:16:18.740+0000] {spark_submit.py:495} INFO - 23/01/29 07:16:18 INFO SparkContext: Added file file:///home/***/.ivy2/jars/org.apache.kafka_kafka-clients-2.6.0.jar at file:///home/***/.ivy2/jars/org.apache.kafka_kafka-clients-2.6.0.jar with timestamp 1674976576667
[2023-01-29T07:16:18.741+0000] {spark_submit.py:495} INFO - 23/01/29 07:16:18 INFO Utils: Copying /home/***/.ivy2/jars/org.apache.kafka_kafka-clients-2.6.0.jar to /tmp/spark-14a3987f-ac52-4571-bd52-27a5e9ce3dc7/userFiles-2f88cb3a-6c34-43e4-ac26-48fc081e2aab/org.apache.kafka_kafka-clients-2.6.0.jar
[2023-01-29T07:16:18.766+0000] {spark_submit.py:495} INFO - 23/01/29 07:16:18 INFO SparkContext: Added file file:///home/***/.ivy2/jars/org.apache.commons_commons-pool2-2.6.2.jar at file:///home/***/.ivy2/jars/org.apache.commons_commons-pool2-2.6.2.jar with timestamp 1674976576667
[2023-01-29T07:16:18.766+0000] {spark_submit.py:495} INFO - 23/01/29 07:16:18 INFO Utils: Copying /home/***/.ivy2/jars/org.apache.commons_commons-pool2-2.6.2.jar to /tmp/spark-14a3987f-ac52-4571-bd52-27a5e9ce3dc7/userFiles-2f88cb3a-6c34-43e4-ac26-48fc081e2aab/org.apache.commons_commons-pool2-2.6.2.jar
[2023-01-29T07:16:18.772+0000] {spark_submit.py:495} INFO - 23/01/29 07:16:18 INFO SparkContext: Added file file:///home/***/.ivy2/jars/org.spark-project.spark_unused-1.0.0.jar at file:///home/***/.ivy2/jars/org.spark-project.spark_unused-1.0.0.jar with timestamp 1674976576667
[2023-01-29T07:16:18.773+0000] {spark_submit.py:495} INFO - 23/01/29 07:16:18 INFO Utils: Copying /home/***/.ivy2/jars/org.spark-project.spark_unused-1.0.0.jar to /tmp/spark-14a3987f-ac52-4571-bd52-27a5e9ce3dc7/userFiles-2f88cb3a-6c34-43e4-ac26-48fc081e2aab/org.spark-project.spark_unused-1.0.0.jar
[2023-01-29T07:16:18.795+0000] {spark_submit.py:495} INFO - 23/01/29 07:16:18 INFO SparkContext: Added file file:///home/***/.ivy2/jars/com.github.luben_zstd-jni-1.4.8-1.jar at file:///home/***/.ivy2/jars/com.github.luben_zstd-jni-1.4.8-1.jar with timestamp 1674976576667
[2023-01-29T07:16:18.796+0000] {spark_submit.py:495} INFO - 23/01/29 07:16:18 INFO Utils: Copying /home/***/.ivy2/jars/com.github.luben_zstd-jni-1.4.8-1.jar to /tmp/spark-14a3987f-ac52-4571-bd52-27a5e9ce3dc7/userFiles-2f88cb3a-6c34-43e4-ac26-48fc081e2aab/com.github.luben_zstd-jni-1.4.8-1.jar
[2023-01-29T07:16:18.807+0000] {spark_submit.py:495} INFO - 23/01/29 07:16:18 INFO SparkContext: Added file file:///home/***/.ivy2/jars/org.lz4_lz4-java-1.7.1.jar at file:///home/***/.ivy2/jars/org.lz4_lz4-java-1.7.1.jar with timestamp 1674976576667
[2023-01-29T07:16:18.807+0000] {spark_submit.py:495} INFO - 23/01/29 07:16:18 INFO Utils: Copying /home/***/.ivy2/jars/org.lz4_lz4-java-1.7.1.jar to /tmp/spark-14a3987f-ac52-4571-bd52-27a5e9ce3dc7/userFiles-2f88cb3a-6c34-43e4-ac26-48fc081e2aab/org.lz4_lz4-java-1.7.1.jar
[2023-01-29T07:16:18.813+0000] {spark_submit.py:495} INFO - 23/01/29 07:16:18 INFO SparkContext: Added file file:///home/***/.ivy2/jars/org.xerial.snappy_snappy-java-1.1.8.2.jar at file:///home/***/.ivy2/jars/org.xerial.snappy_snappy-java-1.1.8.2.jar with timestamp 1674976576667
[2023-01-29T07:16:18.813+0000] {spark_submit.py:495} INFO - 23/01/29 07:16:18 INFO Utils: Copying /home/***/.ivy2/jars/org.xerial.snappy_snappy-java-1.1.8.2.jar to /tmp/spark-14a3987f-ac52-4571-bd52-27a5e9ce3dc7/userFiles-2f88cb3a-6c34-43e4-ac26-48fc081e2aab/org.xerial.snappy_snappy-java-1.1.8.2.jar
[2023-01-29T07:16:18.828+0000] {spark_submit.py:495} INFO - 23/01/29 07:16:18 INFO SparkContext: Added file file:///home/***/.ivy2/jars/org.slf4j_slf4j-api-1.7.30.jar at file:///home/***/.ivy2/jars/org.slf4j_slf4j-api-1.7.30.jar with timestamp 1674976576667
[2023-01-29T07:16:18.829+0000] {spark_submit.py:495} INFO - 23/01/29 07:16:18 INFO Utils: Copying /home/***/.ivy2/jars/org.slf4j_slf4j-api-1.7.30.jar to /tmp/spark-14a3987f-ac52-4571-bd52-27a5e9ce3dc7/userFiles-2f88cb3a-6c34-43e4-ac26-48fc081e2aab/org.slf4j_slf4j-api-1.7.30.jar
[2023-01-29T07:16:18.839+0000] {spark_submit.py:495} INFO - 23/01/29 07:16:18 INFO SparkContext: Added file file:///home/***/.ivy2/jars/org.mongodb_mongodb-driver-sync-4.0.5.jar at file:///home/***/.ivy2/jars/org.mongodb_mongodb-driver-sync-4.0.5.jar with timestamp 1674976576667
[2023-01-29T07:16:18.839+0000] {spark_submit.py:495} INFO - 23/01/29 07:16:18 INFO Utils: Copying /home/***/.ivy2/jars/org.mongodb_mongodb-driver-sync-4.0.5.jar to /tmp/spark-14a3987f-ac52-4571-bd52-27a5e9ce3dc7/userFiles-2f88cb3a-6c34-43e4-ac26-48fc081e2aab/org.mongodb_mongodb-driver-sync-4.0.5.jar
[2023-01-29T07:16:18.846+0000] {spark_submit.py:495} INFO - 23/01/29 07:16:18 INFO SparkContext: Added file file:///home/***/.ivy2/jars/org.mongodb_bson-4.0.5.jar at file:///home/***/.ivy2/jars/org.mongodb_bson-4.0.5.jar with timestamp 1674976576667
[2023-01-29T07:16:18.846+0000] {spark_submit.py:495} INFO - 23/01/29 07:16:18 INFO Utils: Copying /home/***/.ivy2/jars/org.mongodb_bson-4.0.5.jar to /tmp/spark-14a3987f-ac52-4571-bd52-27a5e9ce3dc7/userFiles-2f88cb3a-6c34-43e4-ac26-48fc081e2aab/org.mongodb_bson-4.0.5.jar
[2023-01-29T07:16:18.851+0000] {spark_submit.py:495} INFO - 23/01/29 07:16:18 INFO SparkContext: Added file file:///home/***/.ivy2/jars/org.mongodb_mongodb-driver-core-4.0.5.jar at file:///home/***/.ivy2/jars/org.mongodb_mongodb-driver-core-4.0.5.jar with timestamp 1674976576667
[2023-01-29T07:16:18.852+0000] {spark_submit.py:495} INFO - 23/01/29 07:16:18 INFO Utils: Copying /home/***/.ivy2/jars/org.mongodb_mongodb-driver-core-4.0.5.jar to /tmp/spark-14a3987f-ac52-4571-bd52-27a5e9ce3dc7/userFiles-2f88cb3a-6c34-43e4-ac26-48fc081e2aab/org.mongodb_mongodb-driver-core-4.0.5.jar
[2023-01-29T07:16:18.967+0000] {spark_submit.py:495} INFO - 23/01/29 07:16:18 INFO Executor: Starting executor ID driver on host 15c99fd3082a
[2023-01-29T07:16:18.972+0000] {spark_submit.py:495} INFO - 23/01/29 07:16:18 INFO Executor: Starting executor with user classpath (userClassPathFirst = false): ''
[2023-01-29T07:16:18.990+0000] {spark_submit.py:495} INFO - 23/01/29 07:16:18 INFO Executor: Fetching file:///home/***/.ivy2/jars/org.apache.spark_spark-token-provider-kafka-0-10_2.12-3.1.3.jar with timestamp 1674976576667
[2023-01-29T07:16:19.020+0000] {spark_submit.py:495} INFO - 23/01/29 07:16:19 INFO Utils: /home/***/.ivy2/jars/org.apache.spark_spark-token-provider-kafka-0-10_2.12-3.1.3.jar has been previously copied to /tmp/spark-14a3987f-ac52-4571-bd52-27a5e9ce3dc7/userFiles-2f88cb3a-6c34-43e4-ac26-48fc081e2aab/org.apache.spark_spark-token-provider-kafka-0-10_2.12-3.1.3.jar
[2023-01-29T07:16:19.048+0000] {spark_submit.py:495} INFO - 23/01/29 07:16:19 INFO Executor: Fetching file:///home/***/.ivy2/jars/org.mongodb_mongodb-driver-sync-4.0.5.jar with timestamp 1674976576667
[2023-01-29T07:16:19.050+0000] {spark_submit.py:495} INFO - 23/01/29 07:16:19 INFO Utils: /home/***/.ivy2/jars/org.mongodb_mongodb-driver-sync-4.0.5.jar has been previously copied to /tmp/spark-14a3987f-ac52-4571-bd52-27a5e9ce3dc7/userFiles-2f88cb3a-6c34-43e4-ac26-48fc081e2aab/org.mongodb_mongodb-driver-sync-4.0.5.jar
[2023-01-29T07:16:19.067+0000] {spark_submit.py:495} INFO - 23/01/29 07:16:19 INFO Executor: Fetching file:///home/***/.ivy2/jars/org.apache.kafka_kafka-clients-2.6.0.jar with timestamp 1674976576667
[2023-01-29T07:16:19.076+0000] {spark_submit.py:495} INFO - 23/01/29 07:16:19 INFO Utils: /home/***/.ivy2/jars/org.apache.kafka_kafka-clients-2.6.0.jar has been previously copied to /tmp/spark-14a3987f-ac52-4571-bd52-27a5e9ce3dc7/userFiles-2f88cb3a-6c34-43e4-ac26-48fc081e2aab/org.apache.kafka_kafka-clients-2.6.0.jar
[2023-01-29T07:16:19.094+0000] {spark_submit.py:495} INFO - 23/01/29 07:16:19 INFO Executor: Fetching file:///home/***/.ivy2/jars/org.mongodb_bson-4.0.5.jar with timestamp 1674976576667
[2023-01-29T07:16:19.094+0000] {spark_submit.py:495} INFO - 23/01/29 07:16:19 INFO Utils: /home/***/.ivy2/jars/org.mongodb_bson-4.0.5.jar has been previously copied to /tmp/spark-14a3987f-ac52-4571-bd52-27a5e9ce3dc7/userFiles-2f88cb3a-6c34-43e4-ac26-48fc081e2aab/org.mongodb_bson-4.0.5.jar
[2023-01-29T07:16:19.113+0000] {spark_submit.py:495} INFO - 23/01/29 07:16:19 INFO Executor: Fetching file:///home/***/.ivy2/jars/com.github.luben_zstd-jni-1.4.8-1.jar with timestamp 1674976576667
[2023-01-29T07:16:19.121+0000] {spark_submit.py:495} INFO - 23/01/29 07:16:19 INFO Utils: /home/***/.ivy2/jars/com.github.luben_zstd-jni-1.4.8-1.jar has been previously copied to /tmp/spark-14a3987f-ac52-4571-bd52-27a5e9ce3dc7/userFiles-2f88cb3a-6c34-43e4-ac26-48fc081e2aab/com.github.luben_zstd-jni-1.4.8-1.jar
[2023-01-29T07:16:19.130+0000] {spark_submit.py:495} INFO - 23/01/29 07:16:19 INFO Executor: Fetching file:///home/***/.ivy2/jars/org.lz4_lz4-java-1.7.1.jar with timestamp 1674976576667
[2023-01-29T07:16:19.131+0000] {spark_submit.py:495} INFO - 23/01/29 07:16:19 INFO Utils: /home/***/.ivy2/jars/org.lz4_lz4-java-1.7.1.jar has been previously copied to /tmp/spark-14a3987f-ac52-4571-bd52-27a5e9ce3dc7/userFiles-2f88cb3a-6c34-43e4-ac26-48fc081e2aab/org.lz4_lz4-java-1.7.1.jar
[2023-01-29T07:16:19.143+0000] {spark_submit.py:495} INFO - 23/01/29 07:16:19 INFO Executor: Fetching file:///home/***/.ivy2/jars/org.spark-project.spark_unused-1.0.0.jar with timestamp 1674976576667
[2023-01-29T07:16:19.143+0000] {spark_submit.py:495} INFO - 23/01/29 07:16:19 INFO Utils: /home/***/.ivy2/jars/org.spark-project.spark_unused-1.0.0.jar has been previously copied to /tmp/spark-14a3987f-ac52-4571-bd52-27a5e9ce3dc7/userFiles-2f88cb3a-6c34-43e4-ac26-48fc081e2aab/org.spark-project.spark_unused-1.0.0.jar
[2023-01-29T07:16:19.167+0000] {spark_submit.py:495} INFO - 23/01/29 07:16:19 INFO Executor: Fetching file:///home/***/.ivy2/jars/org.xerial.snappy_snappy-java-1.1.8.2.jar with timestamp 1674976576667
[2023-01-29T07:16:19.169+0000] {spark_submit.py:495} INFO - 23/01/29 07:16:19 INFO Utils: /home/***/.ivy2/jars/org.xerial.snappy_snappy-java-1.1.8.2.jar has been previously copied to /tmp/spark-14a3987f-ac52-4571-bd52-27a5e9ce3dc7/userFiles-2f88cb3a-6c34-43e4-ac26-48fc081e2aab/org.xerial.snappy_snappy-java-1.1.8.2.jar
[2023-01-29T07:16:19.181+0000] {spark_submit.py:495} INFO - 23/01/29 07:16:19 INFO Executor: Fetching file:///home/***/.ivy2/jars/org.mongodb_mongodb-driver-core-4.0.5.jar with timestamp 1674976576667
[2023-01-29T07:16:19.182+0000] {spark_submit.py:495} INFO - 23/01/29 07:16:19 INFO Utils: /home/***/.ivy2/jars/org.mongodb_mongodb-driver-core-4.0.5.jar has been previously copied to /tmp/spark-14a3987f-ac52-4571-bd52-27a5e9ce3dc7/userFiles-2f88cb3a-6c34-43e4-ac26-48fc081e2aab/org.mongodb_mongodb-driver-core-4.0.5.jar
[2023-01-29T07:16:19.190+0000] {spark_submit.py:495} INFO - 23/01/29 07:16:19 INFO Executor: Fetching file:///home/***/.ivy2/jars/org.apache.spark_spark-sql-kafka-0-10_2.12-3.1.3.jar with timestamp 1674976576667
[2023-01-29T07:16:19.190+0000] {spark_submit.py:495} INFO - 23/01/29 07:16:19 INFO Utils: /home/***/.ivy2/jars/org.apache.spark_spark-sql-kafka-0-10_2.12-3.1.3.jar has been previously copied to /tmp/spark-14a3987f-ac52-4571-bd52-27a5e9ce3dc7/userFiles-2f88cb3a-6c34-43e4-ac26-48fc081e2aab/org.apache.spark_spark-sql-kafka-0-10_2.12-3.1.3.jar
[2023-01-29T07:16:19.213+0000] {spark_submit.py:495} INFO - 23/01/29 07:16:19 INFO Executor: Fetching file:///home/***/.ivy2/jars/org.mongodb.spark_mongo-spark-connector_2.12-3.0.1.jar with timestamp 1674976576667
[2023-01-29T07:16:19.213+0000] {spark_submit.py:495} INFO - 23/01/29 07:16:19 INFO Utils: /home/***/.ivy2/jars/org.mongodb.spark_mongo-spark-connector_2.12-3.0.1.jar has been previously copied to /tmp/spark-14a3987f-ac52-4571-bd52-27a5e9ce3dc7/userFiles-2f88cb3a-6c34-43e4-ac26-48fc081e2aab/org.mongodb.spark_mongo-spark-connector_2.12-3.0.1.jar
[2023-01-29T07:16:19.220+0000] {spark_submit.py:495} INFO - 23/01/29 07:16:19 INFO Executor: Fetching file:///home/***/.ivy2/jars/org.apache.commons_commons-pool2-2.6.2.jar with timestamp 1674976576667
[2023-01-29T07:16:19.220+0000] {spark_submit.py:495} INFO - 23/01/29 07:16:19 INFO Utils: /home/***/.ivy2/jars/org.apache.commons_commons-pool2-2.6.2.jar has been previously copied to /tmp/spark-14a3987f-ac52-4571-bd52-27a5e9ce3dc7/userFiles-2f88cb3a-6c34-43e4-ac26-48fc081e2aab/org.apache.commons_commons-pool2-2.6.2.jar
[2023-01-29T07:16:19.237+0000] {spark_submit.py:495} INFO - 23/01/29 07:16:19 INFO Executor: Fetching file:///home/***/.ivy2/jars/org.slf4j_slf4j-api-1.7.30.jar with timestamp 1674976576667
[2023-01-29T07:16:19.237+0000] {spark_submit.py:495} INFO - 23/01/29 07:16:19 INFO Utils: /home/***/.ivy2/jars/org.slf4j_slf4j-api-1.7.30.jar has been previously copied to /tmp/spark-14a3987f-ac52-4571-bd52-27a5e9ce3dc7/userFiles-2f88cb3a-6c34-43e4-ac26-48fc081e2aab/org.slf4j_slf4j-api-1.7.30.jar
[2023-01-29T07:16:19.257+0000] {spark_submit.py:495} INFO - 23/01/29 07:16:19 INFO Executor: Fetching spark://15c99fd3082a:37953/jars/com.github.luben_zstd-jni-1.4.8-1.jar with timestamp 1674976576667
[2023-01-29T07:16:19.314+0000] {spark_submit.py:495} INFO - 23/01/29 07:16:19 INFO TransportClientFactory: Successfully created connection to 15c99fd3082a/172.20.0.4:37953 after 42 ms (0 ms spent in bootstraps)
[2023-01-29T07:16:19.329+0000] {spark_submit.py:495} INFO - 23/01/29 07:16:19 INFO Utils: Fetching spark://15c99fd3082a:37953/jars/com.github.luben_zstd-jni-1.4.8-1.jar to /tmp/spark-14a3987f-ac52-4571-bd52-27a5e9ce3dc7/userFiles-2f88cb3a-6c34-43e4-ac26-48fc081e2aab/fetchFileTemp3376751589798966373.tmp
[2023-01-29T07:16:19.444+0000] {spark_submit.py:495} INFO - 23/01/29 07:16:19 INFO Utils: /tmp/spark-14a3987f-ac52-4571-bd52-27a5e9ce3dc7/userFiles-2f88cb3a-6c34-43e4-ac26-48fc081e2aab/fetchFileTemp3376751589798966373.tmp has been previously copied to /tmp/spark-14a3987f-ac52-4571-bd52-27a5e9ce3dc7/userFiles-2f88cb3a-6c34-43e4-ac26-48fc081e2aab/com.github.luben_zstd-jni-1.4.8-1.jar
[2023-01-29T07:16:19.452+0000] {spark_submit.py:495} INFO - 23/01/29 07:16:19 INFO Executor: Adding file:/tmp/spark-14a3987f-ac52-4571-bd52-27a5e9ce3dc7/userFiles-2f88cb3a-6c34-43e4-ac26-48fc081e2aab/com.github.luben_zstd-jni-1.4.8-1.jar to class loader
[2023-01-29T07:16:19.453+0000] {spark_submit.py:495} INFO - 23/01/29 07:16:19 INFO Executor: Fetching spark://15c99fd3082a:37953/jars/org.apache.spark_spark-sql-kafka-0-10_2.12-3.1.3.jar with timestamp 1674976576667
[2023-01-29T07:16:19.453+0000] {spark_submit.py:495} INFO - 23/01/29 07:16:19 INFO Utils: Fetching spark://15c99fd3082a:37953/jars/org.apache.spark_spark-sql-kafka-0-10_2.12-3.1.3.jar to /tmp/spark-14a3987f-ac52-4571-bd52-27a5e9ce3dc7/userFiles-2f88cb3a-6c34-43e4-ac26-48fc081e2aab/fetchFileTemp6100460415210430904.tmp
[2023-01-29T07:16:19.458+0000] {spark_submit.py:495} INFO - 23/01/29 07:16:19 INFO Utils: /tmp/spark-14a3987f-ac52-4571-bd52-27a5e9ce3dc7/userFiles-2f88cb3a-6c34-43e4-ac26-48fc081e2aab/fetchFileTemp6100460415210430904.tmp has been previously copied to /tmp/spark-14a3987f-ac52-4571-bd52-27a5e9ce3dc7/userFiles-2f88cb3a-6c34-43e4-ac26-48fc081e2aab/org.apache.spark_spark-sql-kafka-0-10_2.12-3.1.3.jar
[2023-01-29T07:16:19.474+0000] {spark_submit.py:495} INFO - 23/01/29 07:16:19 INFO Executor: Adding file:/tmp/spark-14a3987f-ac52-4571-bd52-27a5e9ce3dc7/userFiles-2f88cb3a-6c34-43e4-ac26-48fc081e2aab/org.apache.spark_spark-sql-kafka-0-10_2.12-3.1.3.jar to class loader
[2023-01-29T07:16:19.474+0000] {spark_submit.py:495} INFO - 23/01/29 07:16:19 INFO Executor: Fetching spark://15c99fd3082a:37953/jars/org.mongodb_mongodb-driver-core-4.0.5.jar with timestamp 1674976576667
[2023-01-29T07:16:19.474+0000] {spark_submit.py:495} INFO - 23/01/29 07:16:19 INFO Utils: Fetching spark://15c99fd3082a:37953/jars/org.mongodb_mongodb-driver-core-4.0.5.jar to /tmp/spark-14a3987f-ac52-4571-bd52-27a5e9ce3dc7/userFiles-2f88cb3a-6c34-43e4-ac26-48fc081e2aab/fetchFileTemp840151365984736565.tmp
[2023-01-29T07:16:19.490+0000] {spark_submit.py:495} INFO - 23/01/29 07:16:19 INFO Utils: /tmp/spark-14a3987f-ac52-4571-bd52-27a5e9ce3dc7/userFiles-2f88cb3a-6c34-43e4-ac26-48fc081e2aab/fetchFileTemp840151365984736565.tmp has been previously copied to /tmp/spark-14a3987f-ac52-4571-bd52-27a5e9ce3dc7/userFiles-2f88cb3a-6c34-43e4-ac26-48fc081e2aab/org.mongodb_mongodb-driver-core-4.0.5.jar
[2023-01-29T07:16:19.495+0000] {spark_submit.py:495} INFO - 23/01/29 07:16:19 INFO Executor: Adding file:/tmp/spark-14a3987f-ac52-4571-bd52-27a5e9ce3dc7/userFiles-2f88cb3a-6c34-43e4-ac26-48fc081e2aab/org.mongodb_mongodb-driver-core-4.0.5.jar to class loader
[2023-01-29T07:16:19.495+0000] {spark_submit.py:495} INFO - 23/01/29 07:16:19 INFO Executor: Fetching spark://15c99fd3082a:37953/jars/org.xerial.snappy_snappy-java-1.1.8.2.jar with timestamp 1674976576667
[2023-01-29T07:16:19.495+0000] {spark_submit.py:495} INFO - 23/01/29 07:16:19 INFO Utils: Fetching spark://15c99fd3082a:37953/jars/org.xerial.snappy_snappy-java-1.1.8.2.jar to /tmp/spark-14a3987f-ac52-4571-bd52-27a5e9ce3dc7/userFiles-2f88cb3a-6c34-43e4-ac26-48fc081e2aab/fetchFileTemp2442786872646344702.tmp
[2023-01-29T07:16:19.506+0000] {spark_submit.py:495} INFO - 23/01/29 07:16:19 INFO Utils: /tmp/spark-14a3987f-ac52-4571-bd52-27a5e9ce3dc7/userFiles-2f88cb3a-6c34-43e4-ac26-48fc081e2aab/fetchFileTemp2442786872646344702.tmp has been previously copied to /tmp/spark-14a3987f-ac52-4571-bd52-27a5e9ce3dc7/userFiles-2f88cb3a-6c34-43e4-ac26-48fc081e2aab/org.xerial.snappy_snappy-java-1.1.8.2.jar
[2023-01-29T07:16:19.511+0000] {spark_submit.py:495} INFO - 23/01/29 07:16:19 INFO Executor: Adding file:/tmp/spark-14a3987f-ac52-4571-bd52-27a5e9ce3dc7/userFiles-2f88cb3a-6c34-43e4-ac26-48fc081e2aab/org.xerial.snappy_snappy-java-1.1.8.2.jar to class loader
[2023-01-29T07:16:19.511+0000] {spark_submit.py:495} INFO - 23/01/29 07:16:19 INFO Executor: Fetching spark://15c99fd3082a:37953/jars/org.slf4j_slf4j-api-1.7.30.jar with timestamp 1674976576667
[2023-01-29T07:16:19.511+0000] {spark_submit.py:495} INFO - 23/01/29 07:16:19 INFO Utils: Fetching spark://15c99fd3082a:37953/jars/org.slf4j_slf4j-api-1.7.30.jar to /tmp/spark-14a3987f-ac52-4571-bd52-27a5e9ce3dc7/userFiles-2f88cb3a-6c34-43e4-ac26-48fc081e2aab/fetchFileTemp3580718605099170412.tmp
[2023-01-29T07:16:19.516+0000] {spark_submit.py:495} INFO - 23/01/29 07:16:19 INFO Utils: /tmp/spark-14a3987f-ac52-4571-bd52-27a5e9ce3dc7/userFiles-2f88cb3a-6c34-43e4-ac26-48fc081e2aab/fetchFileTemp3580718605099170412.tmp has been previously copied to /tmp/spark-14a3987f-ac52-4571-bd52-27a5e9ce3dc7/userFiles-2f88cb3a-6c34-43e4-ac26-48fc081e2aab/org.slf4j_slf4j-api-1.7.30.jar
[2023-01-29T07:16:19.533+0000] {spark_submit.py:495} INFO - 23/01/29 07:16:19 INFO Executor: Adding file:/tmp/spark-14a3987f-ac52-4571-bd52-27a5e9ce3dc7/userFiles-2f88cb3a-6c34-43e4-ac26-48fc081e2aab/org.slf4j_slf4j-api-1.7.30.jar to class loader
[2023-01-29T07:16:19.533+0000] {spark_submit.py:495} INFO - 23/01/29 07:16:19 INFO Executor: Fetching spark://15c99fd3082a:37953/jars/org.apache.kafka_kafka-clients-2.6.0.jar with timestamp 1674976576667
[2023-01-29T07:16:19.533+0000] {spark_submit.py:495} INFO - 23/01/29 07:16:19 INFO Utils: Fetching spark://15c99fd3082a:37953/jars/org.apache.kafka_kafka-clients-2.6.0.jar to /tmp/spark-14a3987f-ac52-4571-bd52-27a5e9ce3dc7/userFiles-2f88cb3a-6c34-43e4-ac26-48fc081e2aab/fetchFileTemp1766056904594480176.tmp
[2023-01-29T07:16:19.556+0000] {spark_submit.py:495} INFO - 23/01/29 07:16:19 INFO Utils: /tmp/spark-14a3987f-ac52-4571-bd52-27a5e9ce3dc7/userFiles-2f88cb3a-6c34-43e4-ac26-48fc081e2aab/fetchFileTemp1766056904594480176.tmp has been previously copied to /tmp/spark-14a3987f-ac52-4571-bd52-27a5e9ce3dc7/userFiles-2f88cb3a-6c34-43e4-ac26-48fc081e2aab/org.apache.kafka_kafka-clients-2.6.0.jar
[2023-01-29T07:16:19.559+0000] {spark_submit.py:495} INFO - 23/01/29 07:16:19 INFO Executor: Adding file:/tmp/spark-14a3987f-ac52-4571-bd52-27a5e9ce3dc7/userFiles-2f88cb3a-6c34-43e4-ac26-48fc081e2aab/org.apache.kafka_kafka-clients-2.6.0.jar to class loader
[2023-01-29T07:16:19.559+0000] {spark_submit.py:495} INFO - 23/01/29 07:16:19 INFO Executor: Fetching spark://15c99fd3082a:37953/jars/org.spark-project.spark_unused-1.0.0.jar with timestamp 1674976576667
[2023-01-29T07:16:19.569+0000] {spark_submit.py:495} INFO - 23/01/29 07:16:19 INFO Utils: Fetching spark://15c99fd3082a:37953/jars/org.spark-project.spark_unused-1.0.0.jar to /tmp/spark-14a3987f-ac52-4571-bd52-27a5e9ce3dc7/userFiles-2f88cb3a-6c34-43e4-ac26-48fc081e2aab/fetchFileTemp4968875305710231371.tmp
[2023-01-29T07:16:19.570+0000] {spark_submit.py:495} INFO - 23/01/29 07:16:19 INFO Utils: /tmp/spark-14a3987f-ac52-4571-bd52-27a5e9ce3dc7/userFiles-2f88cb3a-6c34-43e4-ac26-48fc081e2aab/fetchFileTemp4968875305710231371.tmp has been previously copied to /tmp/spark-14a3987f-ac52-4571-bd52-27a5e9ce3dc7/userFiles-2f88cb3a-6c34-43e4-ac26-48fc081e2aab/org.spark-project.spark_unused-1.0.0.jar
[2023-01-29T07:16:19.577+0000] {spark_submit.py:495} INFO - 23/01/29 07:16:19 INFO Executor: Adding file:/tmp/spark-14a3987f-ac52-4571-bd52-27a5e9ce3dc7/userFiles-2f88cb3a-6c34-43e4-ac26-48fc081e2aab/org.spark-project.spark_unused-1.0.0.jar to class loader
[2023-01-29T07:16:19.577+0000] {spark_submit.py:495} INFO - 23/01/29 07:16:19 INFO Executor: Fetching spark://15c99fd3082a:37953/jars/org.apache.spark_spark-token-provider-kafka-0-10_2.12-3.1.3.jar with timestamp 1674976576667
[2023-01-29T07:16:19.578+0000] {spark_submit.py:495} INFO - 23/01/29 07:16:19 INFO Utils: Fetching spark://15c99fd3082a:37953/jars/org.apache.spark_spark-token-provider-kafka-0-10_2.12-3.1.3.jar to /tmp/spark-14a3987f-ac52-4571-bd52-27a5e9ce3dc7/userFiles-2f88cb3a-6c34-43e4-ac26-48fc081e2aab/fetchFileTemp4566906609955533582.tmp
[2023-01-29T07:16:19.579+0000] {spark_submit.py:495} INFO - 23/01/29 07:16:19 INFO Utils: /tmp/spark-14a3987f-ac52-4571-bd52-27a5e9ce3dc7/userFiles-2f88cb3a-6c34-43e4-ac26-48fc081e2aab/fetchFileTemp4566906609955533582.tmp has been previously copied to /tmp/spark-14a3987f-ac52-4571-bd52-27a5e9ce3dc7/userFiles-2f88cb3a-6c34-43e4-ac26-48fc081e2aab/org.apache.spark_spark-token-provider-kafka-0-10_2.12-3.1.3.jar
[2023-01-29T07:16:19.583+0000] {spark_submit.py:495} INFO - 23/01/29 07:16:19 INFO Executor: Adding file:/tmp/spark-14a3987f-ac52-4571-bd52-27a5e9ce3dc7/userFiles-2f88cb3a-6c34-43e4-ac26-48fc081e2aab/org.apache.spark_spark-token-provider-kafka-0-10_2.12-3.1.3.jar to class loader
[2023-01-29T07:16:19.583+0000] {spark_submit.py:495} INFO - 23/01/29 07:16:19 INFO Executor: Fetching spark://15c99fd3082a:37953/jars/org.mongodb.spark_mongo-spark-connector_2.12-3.0.1.jar with timestamp 1674976576667
[2023-01-29T07:16:19.585+0000] {spark_submit.py:495} INFO - 23/01/29 07:16:19 INFO Utils: Fetching spark://15c99fd3082a:37953/jars/org.mongodb.spark_mongo-spark-connector_2.12-3.0.1.jar to /tmp/spark-14a3987f-ac52-4571-bd52-27a5e9ce3dc7/userFiles-2f88cb3a-6c34-43e4-ac26-48fc081e2aab/fetchFileTemp4963553726276422805.tmp
[2023-01-29T07:16:19.588+0000] {spark_submit.py:495} INFO - 23/01/29 07:16:19 INFO Utils: /tmp/spark-14a3987f-ac52-4571-bd52-27a5e9ce3dc7/userFiles-2f88cb3a-6c34-43e4-ac26-48fc081e2aab/fetchFileTemp4963553726276422805.tmp has been previously copied to /tmp/spark-14a3987f-ac52-4571-bd52-27a5e9ce3dc7/userFiles-2f88cb3a-6c34-43e4-ac26-48fc081e2aab/org.mongodb.spark_mongo-spark-connector_2.12-3.0.1.jar
[2023-01-29T07:16:19.598+0000] {spark_submit.py:495} INFO - 23/01/29 07:16:19 INFO Executor: Adding file:/tmp/spark-14a3987f-ac52-4571-bd52-27a5e9ce3dc7/userFiles-2f88cb3a-6c34-43e4-ac26-48fc081e2aab/org.mongodb.spark_mongo-spark-connector_2.12-3.0.1.jar to class loader
[2023-01-29T07:16:19.599+0000] {spark_submit.py:495} INFO - 23/01/29 07:16:19 INFO Executor: Fetching spark://15c99fd3082a:37953/jars/org.apache.commons_commons-pool2-2.6.2.jar with timestamp 1674976576667
[2023-01-29T07:16:19.599+0000] {spark_submit.py:495} INFO - 23/01/29 07:16:19 INFO Utils: Fetching spark://15c99fd3082a:37953/jars/org.apache.commons_commons-pool2-2.6.2.jar to /tmp/spark-14a3987f-ac52-4571-bd52-27a5e9ce3dc7/userFiles-2f88cb3a-6c34-43e4-ac26-48fc081e2aab/fetchFileTemp1165701213418222351.tmp
[2023-01-29T07:16:19.603+0000] {spark_submit.py:495} INFO - 23/01/29 07:16:19 INFO Utils: /tmp/spark-14a3987f-ac52-4571-bd52-27a5e9ce3dc7/userFiles-2f88cb3a-6c34-43e4-ac26-48fc081e2aab/fetchFileTemp1165701213418222351.tmp has been previously copied to /tmp/spark-14a3987f-ac52-4571-bd52-27a5e9ce3dc7/userFiles-2f88cb3a-6c34-43e4-ac26-48fc081e2aab/org.apache.commons_commons-pool2-2.6.2.jar
[2023-01-29T07:16:19.606+0000] {spark_submit.py:495} INFO - 23/01/29 07:16:19 INFO Executor: Adding file:/tmp/spark-14a3987f-ac52-4571-bd52-27a5e9ce3dc7/userFiles-2f88cb3a-6c34-43e4-ac26-48fc081e2aab/org.apache.commons_commons-pool2-2.6.2.jar to class loader
[2023-01-29T07:16:19.606+0000] {spark_submit.py:495} INFO - 23/01/29 07:16:19 INFO Executor: Fetching spark://15c99fd3082a:37953/jars/org.mongodb_bson-4.0.5.jar with timestamp 1674976576667
[2023-01-29T07:16:19.606+0000] {spark_submit.py:495} INFO - 23/01/29 07:16:19 INFO Utils: Fetching spark://15c99fd3082a:37953/jars/org.mongodb_bson-4.0.5.jar to /tmp/spark-14a3987f-ac52-4571-bd52-27a5e9ce3dc7/userFiles-2f88cb3a-6c34-43e4-ac26-48fc081e2aab/fetchFileTemp11642081160812699.tmp
[2023-01-29T07:16:19.612+0000] {spark_submit.py:495} INFO - 23/01/29 07:16:19 INFO Utils: /tmp/spark-14a3987f-ac52-4571-bd52-27a5e9ce3dc7/userFiles-2f88cb3a-6c34-43e4-ac26-48fc081e2aab/fetchFileTemp11642081160812699.tmp has been previously copied to /tmp/spark-14a3987f-ac52-4571-bd52-27a5e9ce3dc7/userFiles-2f88cb3a-6c34-43e4-ac26-48fc081e2aab/org.mongodb_bson-4.0.5.jar
[2023-01-29T07:16:19.618+0000] {spark_submit.py:495} INFO - 23/01/29 07:16:19 INFO Executor: Adding file:/tmp/spark-14a3987f-ac52-4571-bd52-27a5e9ce3dc7/userFiles-2f88cb3a-6c34-43e4-ac26-48fc081e2aab/org.mongodb_bson-4.0.5.jar to class loader
[2023-01-29T07:16:19.620+0000] {spark_submit.py:495} INFO - 23/01/29 07:16:19 INFO Executor: Fetching spark://15c99fd3082a:37953/jars/org.lz4_lz4-java-1.7.1.jar with timestamp 1674976576667
[2023-01-29T07:16:19.622+0000] {spark_submit.py:495} INFO - 23/01/29 07:16:19 INFO Utils: Fetching spark://15c99fd3082a:37953/jars/org.lz4_lz4-java-1.7.1.jar to /tmp/spark-14a3987f-ac52-4571-bd52-27a5e9ce3dc7/userFiles-2f88cb3a-6c34-43e4-ac26-48fc081e2aab/fetchFileTemp6445203987713436458.tmp
[2023-01-29T07:16:19.626+0000] {spark_submit.py:495} INFO - 23/01/29 07:16:19 INFO Utils: /tmp/spark-14a3987f-ac52-4571-bd52-27a5e9ce3dc7/userFiles-2f88cb3a-6c34-43e4-ac26-48fc081e2aab/fetchFileTemp6445203987713436458.tmp has been previously copied to /tmp/spark-14a3987f-ac52-4571-bd52-27a5e9ce3dc7/userFiles-2f88cb3a-6c34-43e4-ac26-48fc081e2aab/org.lz4_lz4-java-1.7.1.jar
[2023-01-29T07:16:19.635+0000] {spark_submit.py:495} INFO - 23/01/29 07:16:19 INFO Executor: Adding file:/tmp/spark-14a3987f-ac52-4571-bd52-27a5e9ce3dc7/userFiles-2f88cb3a-6c34-43e4-ac26-48fc081e2aab/org.lz4_lz4-java-1.7.1.jar to class loader
[2023-01-29T07:16:19.636+0000] {spark_submit.py:495} INFO - 23/01/29 07:16:19 INFO Executor: Fetching spark://15c99fd3082a:37953/jars/org.mongodb_mongodb-driver-sync-4.0.5.jar with timestamp 1674976576667
[2023-01-29T07:16:19.636+0000] {spark_submit.py:495} INFO - 23/01/29 07:16:19 INFO Utils: Fetching spark://15c99fd3082a:37953/jars/org.mongodb_mongodb-driver-sync-4.0.5.jar to /tmp/spark-14a3987f-ac52-4571-bd52-27a5e9ce3dc7/userFiles-2f88cb3a-6c34-43e4-ac26-48fc081e2aab/fetchFileTemp5406008564674240975.tmp
[2023-01-29T07:16:19.640+0000] {spark_submit.py:495} INFO - 23/01/29 07:16:19 INFO Utils: /tmp/spark-14a3987f-ac52-4571-bd52-27a5e9ce3dc7/userFiles-2f88cb3a-6c34-43e4-ac26-48fc081e2aab/fetchFileTemp5406008564674240975.tmp has been previously copied to /tmp/spark-14a3987f-ac52-4571-bd52-27a5e9ce3dc7/userFiles-2f88cb3a-6c34-43e4-ac26-48fc081e2aab/org.mongodb_mongodb-driver-sync-4.0.5.jar
[2023-01-29T07:16:19.649+0000] {spark_submit.py:495} INFO - 23/01/29 07:16:19 INFO Executor: Adding file:/tmp/spark-14a3987f-ac52-4571-bd52-27a5e9ce3dc7/userFiles-2f88cb3a-6c34-43e4-ac26-48fc081e2aab/org.mongodb_mongodb-driver-sync-4.0.5.jar to class loader
[2023-01-29T07:16:19.665+0000] {spark_submit.py:495} INFO - 23/01/29 07:16:19 INFO Utils: Successfully started service 'org.apache.spark.network.netty.NettyBlockTransferService' on port 38181.
[2023-01-29T07:16:19.666+0000] {spark_submit.py:495} INFO - 23/01/29 07:16:19 INFO NettyBlockTransferService: Server created on 15c99fd3082a:38181
[2023-01-29T07:16:19.667+0000] {spark_submit.py:495} INFO - 23/01/29 07:16:19 INFO BlockManager: Using org.apache.spark.storage.RandomBlockReplicationPolicy for block replication policy
[2023-01-29T07:16:19.686+0000] {spark_submit.py:495} INFO - 23/01/29 07:16:19 INFO BlockManagerMaster: Registering BlockManager BlockManagerId(driver, 15c99fd3082a, 38181, None)
[2023-01-29T07:16:19.690+0000] {spark_submit.py:495} INFO - 23/01/29 07:16:19 INFO BlockManagerMasterEndpoint: Registering block manager 15c99fd3082a:38181 with 434.4 MiB RAM, BlockManagerId(driver, 15c99fd3082a, 38181, None)
[2023-01-29T07:16:19.691+0000] {spark_submit.py:495} INFO - 23/01/29 07:16:19 INFO BlockManagerMaster: Registered BlockManager BlockManagerId(driver, 15c99fd3082a, 38181, None)
[2023-01-29T07:16:19.693+0000] {spark_submit.py:495} INFO - 23/01/29 07:16:19 INFO BlockManager: Initialized BlockManager: BlockManagerId(driver, 15c99fd3082a, 38181, None)
[2023-01-29T07:16:23.403+0000] {spark_submit.py:495} INFO - 2023-01-29 07:16:23,403 - py4j.java_gateway - INFO - Callback Server Starting
[2023-01-29T07:16:23.403+0000] {spark_submit.py:495} INFO - 2023-01-29 07:16:23,403 - py4j.java_gateway - INFO - Socket listening on ('127.0.0.1', 39789)
[2023-01-29T07:16:27.763+0000] {spark_submit.py:495} INFO - 2023-01-29 07:16:27,763 - py4j.clientserver - INFO - Python Server ready to receive messages
[2023-01-29T07:16:27.763+0000] {spark_submit.py:495} INFO - 2023-01-29 07:16:27,763 - py4j.clientserver - INFO - Received command c on object id p0
[2023-01-29T07:16:28.271+0000] {spark_submit.py:495} INFO - -------------------------------------------
[2023-01-29T07:16:28.271+0000] {spark_submit.py:495} INFO - Batch: 0
[2023-01-29T07:16:28.271+0000] {spark_submit.py:495} INFO - -------------------------------------------
[2023-01-29T07:16:28.444+0000] {spark_submit.py:495} INFO - +---+-------------+-----+-------------+----------+----------------+------------+-----------------+--------------+-------------+
[2023-01-29T07:16:28.445+0000] {spark_submit.py:495} INFO - | id|nameOfProduct|price|ProductStatus|SellerName|RegistrationDate|QuantitySold|QuantityAvailable|Free shipping?|Store ratings|
[2023-01-29T07:16:28.445+0000] {spark_submit.py:495} INFO - +---+-------------+-----+-------------+----------+----------------+------------+-----------------+--------------+-------------+
[2023-01-29T07:16:28.445+0000] {spark_submit.py:495} INFO - +---+-------------+-----+-------------+----------+----------------+------------+-----------------+--------------+-------------+
[2023-01-29T07:16:28.446+0000] {spark_submit.py:495} INFO - 
[2023-01-29T07:16:28.757+0000] {local_task_job.py:224} WARNING - State of this instance has been externally set to up_for_retry. Terminating instance.
[2023-01-29T07:16:28.758+0000] {process_utils.py:133} INFO - Sending Signals.SIGTERM to group 5514. PIDs of all processes in the group: [5517, 5568, 5514]
[2023-01-29T07:16:28.758+0000] {process_utils.py:84} INFO - Sending the signal Signals.SIGTERM to group 5514
[2023-01-29T07:16:28.759+0000] {taskinstance.py:1483} ERROR - Received SIGTERM. Terminating subprocesses.
[2023-01-29T07:16:28.759+0000] {spark_submit.py:620} INFO - Sending kill signal to spark-submit
[2023-01-29T07:16:28.768+0000] {taskinstance.py:1772} ERROR - Task failed with exception
Traceback (most recent call last):
  File "/home/airflow/.local/lib/python3.7/site-packages/airflow/providers/apache/spark/operators/spark_submit.py", line 157, in execute
    self._hook.submit(self._application)
  File "/home/airflow/.local/lib/python3.7/site-packages/airflow/providers/apache/spark/hooks/spark_submit.py", line 414, in submit
    self._process_spark_submit_log(iter(self._submit_sp.stdout))  # type: ignore
  File "/home/airflow/.local/lib/python3.7/site-packages/airflow/providers/apache/spark/hooks/spark_submit.py", line 463, in _process_spark_submit_log
    for line in itr:
  File "/home/airflow/.local/lib/python3.7/site-packages/airflow/models/taskinstance.py", line 1485, in signal_handler
    raise AirflowException("Task received SIGTERM signal")
airflow.exceptions.AirflowException: Task received SIGTERM signal
[2023-01-29T07:16:28.772+0000] {taskinstance.py:1327} INFO - Marking task as UP_FOR_RETRY. dag_id=Streaming_pipeline_meli, task_id=consumer_data_of_topic, execution_date=20230127T184927, start_date=20230129T071613, end_date=20230129T071628
[2023-01-29T07:16:28.784+0000] {standard_task_runner.py:105} ERROR - Failed to execute job 1187 for task consumer_data_of_topic (Task received SIGTERM signal; 5514)
[2023-01-29T07:16:28.813+0000] {process_utils.py:79} INFO - Process psutil.Process(pid=5517, status='terminated', started='07:16:12') (5517) terminated with exit code None
[2023-01-29T07:16:28.813+0000] {process_utils.py:79} INFO - Process psutil.Process(pid=5514, status='terminated', exitcode=1, started='07:16:12') (5514) terminated with exit code 1
[2023-01-29T07:16:28.813+0000] {process_utils.py:79} INFO - Process psutil.Process(pid=5568, status='terminated', started='07:16:15') (5568) terminated with exit code None
