[2023-01-29T07:16:03.425+0000] {taskinstance.py:1087} INFO - Dependencies all met for <TaskInstance: Streaming_pipeline_meli.consumer_data_of_topic manual__2023-01-27T18:49:27.597637+00:00 [queued]>
[2023-01-29T07:16:03.433+0000] {taskinstance.py:1087} INFO - Dependencies all met for <TaskInstance: Streaming_pipeline_meli.consumer_data_of_topic manual__2023-01-27T18:49:27.597637+00:00 [queued]>
[2023-01-29T07:16:03.434+0000] {taskinstance.py:1283} INFO - 
--------------------------------------------------------------------------------
[2023-01-29T07:16:03.434+0000] {taskinstance.py:1284} INFO - Starting attempt 22 of 27
[2023-01-29T07:16:03.434+0000] {taskinstance.py:1285} INFO - 
--------------------------------------------------------------------------------
[2023-01-29T07:16:03.446+0000] {taskinstance.py:1304} INFO - Executing <Task(SparkSubmitOperator): consumer_data_of_topic> on 2023-01-27 18:49:27.597637+00:00
[2023-01-29T07:16:03.450+0000] {standard_task_runner.py:55} INFO - Started process 5254 to run task
[2023-01-29T07:16:03.452+0000] {standard_task_runner.py:82} INFO - Running: ['***', 'tasks', 'run', 'Streaming_pipeline_meli', 'consumer_data_of_topic', 'manual__2023-01-27T18:49:27.597637+00:00', '--job-id', '1186', '--raw', '--subdir', 'DAGS_FOLDER/streamPipeline.py', '--cfg-path', '/tmp/tmpav6prmpf']
[2023-01-29T07:16:03.453+0000] {standard_task_runner.py:83} INFO - Job 1186: Subtask consumer_data_of_topic
[2023-01-29T07:16:03.509+0000] {task_command.py:389} INFO - Running <TaskInstance: Streaming_pipeline_meli.consumer_data_of_topic manual__2023-01-27T18:49:27.597637+00:00 [running]> on host 15c99fd3082a
[2023-01-29T07:16:03.569+0000] {taskinstance.py:1513} INFO - Exporting the following env vars:
AIRFLOW_CTX_DAG_OWNER=***
AIRFLOW_CTX_DAG_ID=Streaming_pipeline_meli
AIRFLOW_CTX_TASK_ID=consumer_data_of_topic
AIRFLOW_CTX_EXECUTION_DATE=2023-01-27T18:49:27.597637+00:00
AIRFLOW_CTX_TRY_NUMBER=22
AIRFLOW_CTX_DAG_RUN_ID=manual__2023-01-27T18:49:27.597637+00:00
[2023-01-29T07:16:03.576+0000] {base.py:73} INFO - Using connection ID 'spark_default' for task execution.
[2023-01-29T07:16:03.577+0000] {spark_submit.py:344} INFO - Spark-Submit cmd: spark-submit --master spark://tomi-H310:7077 --packages org.apache.spark:spark-sql-kafka-0-10_2.12:3.1.3,org.mongodb.spark:mongo-spark-connector_2.12:3.0.1 --name arrow-spark --queue root.default /opt/***/dags/consumerSpark.py
[2023-01-29T07:16:03.687+0000] {spark_submit.py:495} INFO - /home/***/.local/lib/python3.7/site-packages/pyspark/bin/load-spark-env.sh: line 68: ps: command not found
[2023-01-29T07:16:05.339+0000] {spark_submit.py:495} INFO - :: loading settings :: url = jar:file:/home/***/.local/lib/python3.7/site-packages/pyspark/jars/ivy-2.5.0.jar!/org/apache/ivy/core/settings/ivysettings.xml
[2023-01-29T07:16:05.489+0000] {spark_submit.py:495} INFO - Ivy Default Cache set to: /home/***/.ivy2/cache
[2023-01-29T07:16:05.490+0000] {spark_submit.py:495} INFO - The jars for the packages stored in: /home/***/.ivy2/jars
[2023-01-29T07:16:05.499+0000] {spark_submit.py:495} INFO - org.apache.spark#spark-sql-kafka-0-10_2.12 added as a dependency
[2023-01-29T07:16:05.499+0000] {spark_submit.py:495} INFO - org.mongodb.spark#mongo-spark-connector_2.12 added as a dependency
[2023-01-29T07:16:05.499+0000] {spark_submit.py:495} INFO - :: resolving dependencies :: org.apache.spark#spark-submit-parent-62fb46b5-2c6b-4812-b62f-0e8207e1d5c9;1.0
[2023-01-29T07:16:05.500+0000] {spark_submit.py:495} INFO - confs: [default]
[2023-01-29T07:16:05.843+0000] {spark_submit.py:495} INFO - found org.apache.spark#spark-sql-kafka-0-10_2.12;3.1.3 in central
[2023-01-29T07:16:06.017+0000] {spark_submit.py:495} INFO - found org.apache.spark#spark-token-provider-kafka-0-10_2.12;3.1.3 in central
[2023-01-29T07:16:06.061+0000] {spark_submit.py:495} INFO - found org.apache.kafka#kafka-clients;2.6.0 in central
[2023-01-29T07:16:06.126+0000] {spark_submit.py:495} INFO - found com.github.luben#zstd-jni;1.4.8-1 in central
[2023-01-29T07:16:06.192+0000] {spark_submit.py:495} INFO - found org.lz4#lz4-java;1.7.1 in central
[2023-01-29T07:16:06.239+0000] {spark_submit.py:495} INFO - found org.xerial.snappy#snappy-java;1.1.8.2 in central
[2023-01-29T07:16:06.290+0000] {spark_submit.py:495} INFO - found org.slf4j#slf4j-api;1.7.30 in central
[2023-01-29T07:16:06.384+0000] {spark_submit.py:495} INFO - found org.spark-project.spark#unused;1.0.0 in central
[2023-01-29T07:16:06.419+0000] {spark_submit.py:495} INFO - found org.apache.commons#commons-pool2;2.6.2 in central
[2023-01-29T07:16:06.453+0000] {spark_submit.py:495} INFO - found org.mongodb.spark#mongo-spark-connector_2.12;3.0.1 in central
[2023-01-29T07:16:06.465+0000] {spark_submit.py:495} INFO - found org.mongodb#mongodb-driver-sync;4.0.5 in central
[2023-01-29T07:16:06.490+0000] {spark_submit.py:495} INFO - found org.mongodb#bson;4.0.5 in central
[2023-01-29T07:16:06.514+0000] {spark_submit.py:495} INFO - found org.mongodb#mongodb-driver-core;4.0.5 in central
[2023-01-29T07:16:06.576+0000] {spark_submit.py:495} INFO - :: resolution report :: resolve 1037ms :: artifacts dl 39ms
[2023-01-29T07:16:06.577+0000] {spark_submit.py:495} INFO - :: modules in use:
[2023-01-29T07:16:06.577+0000] {spark_submit.py:495} INFO - com.github.luben#zstd-jni;1.4.8-1 from central in [default]
[2023-01-29T07:16:06.578+0000] {spark_submit.py:495} INFO - org.apache.commons#commons-pool2;2.6.2 from central in [default]
[2023-01-29T07:16:06.578+0000] {spark_submit.py:495} INFO - org.apache.kafka#kafka-clients;2.6.0 from central in [default]
[2023-01-29T07:16:06.578+0000] {spark_submit.py:495} INFO - org.apache.spark#spark-sql-kafka-0-10_2.12;3.1.3 from central in [default]
[2023-01-29T07:16:06.579+0000] {spark_submit.py:495} INFO - org.apache.spark#spark-token-provider-kafka-0-10_2.12;3.1.3 from central in [default]
[2023-01-29T07:16:06.579+0000] {spark_submit.py:495} INFO - org.lz4#lz4-java;1.7.1 from central in [default]
[2023-01-29T07:16:06.581+0000] {spark_submit.py:495} INFO - org.mongodb#bson;4.0.5 from central in [default]
[2023-01-29T07:16:06.581+0000] {spark_submit.py:495} INFO - org.mongodb#mongodb-driver-core;4.0.5 from central in [default]
[2023-01-29T07:16:06.581+0000] {spark_submit.py:495} INFO - org.mongodb#mongodb-driver-sync;4.0.5 from central in [default]
[2023-01-29T07:16:06.582+0000] {spark_submit.py:495} INFO - org.mongodb.spark#mongo-spark-connector_2.12;3.0.1 from central in [default]
[2023-01-29T07:16:06.582+0000] {spark_submit.py:495} INFO - org.slf4j#slf4j-api;1.7.30 from central in [default]
[2023-01-29T07:16:06.582+0000] {spark_submit.py:495} INFO - org.spark-project.spark#unused;1.0.0 from central in [default]
[2023-01-29T07:16:06.582+0000] {spark_submit.py:495} INFO - org.xerial.snappy#snappy-java;1.1.8.2 from central in [default]
[2023-01-29T07:16:06.583+0000] {spark_submit.py:495} INFO - ---------------------------------------------------------------------
[2023-01-29T07:16:06.583+0000] {spark_submit.py:495} INFO - |                  |            modules            ||   artifacts   |
[2023-01-29T07:16:06.584+0000] {spark_submit.py:495} INFO - |       conf       | number| search|dwnlded|evicted|| number|dwnlded|
[2023-01-29T07:16:06.584+0000] {spark_submit.py:495} INFO - ---------------------------------------------------------------------
[2023-01-29T07:16:06.584+0000] {spark_submit.py:495} INFO - |      default     |   13  |   0   |   0   |   0   ||   13  |   0   |
[2023-01-29T07:16:06.584+0000] {spark_submit.py:495} INFO - ---------------------------------------------------------------------
[2023-01-29T07:16:06.601+0000] {spark_submit.py:495} INFO - :: retrieving :: org.apache.spark#spark-submit-parent-62fb46b5-2c6b-4812-b62f-0e8207e1d5c9
[2023-01-29T07:16:06.602+0000] {spark_submit.py:495} INFO - confs: [default]
[2023-01-29T07:16:06.634+0000] {spark_submit.py:495} INFO - 0 artifacts copied, 13 already retrieved (0kB/25ms)
[2023-01-29T07:16:07.092+0000] {spark_submit.py:495} INFO - 23/01/29 07:16:07 WARN NativeCodeLoader: Unable to load native-hadoop library for your platform... using builtin-java classes where applicable
[2023-01-29T07:16:08.361+0000] {spark_submit.py:495} INFO - 23/01/29 07:16:08 INFO SparkContext: Running Spark version 3.3.1
[2023-01-29T07:16:08.378+0000] {spark_submit.py:495} INFO - 23/01/29 07:16:08 INFO ResourceUtils: ==============================================================
[2023-01-29T07:16:08.378+0000] {spark_submit.py:495} INFO - 23/01/29 07:16:08 INFO ResourceUtils: No custom resources configured for spark.driver.
[2023-01-29T07:16:08.378+0000] {spark_submit.py:495} INFO - 23/01/29 07:16:08 INFO ResourceUtils: ==============================================================
[2023-01-29T07:16:08.379+0000] {spark_submit.py:495} INFO - 23/01/29 07:16:08 INFO SparkContext: Submitted application: arrow-spark
[2023-01-29T07:16:08.396+0000] {spark_submit.py:495} INFO - 23/01/29 07:16:08 INFO ResourceProfile: Default ResourceProfile created, executor resources: Map(cores -> name: cores, amount: 1, script: , vendor: , memory -> name: memory, amount: 1024, script: , vendor: , offHeap -> name: offHeap, amount: 0, script: , vendor: ), task resources: Map(cpus -> name: cpus, amount: 1.0)
[2023-01-29T07:16:08.410+0000] {spark_submit.py:495} INFO - 23/01/29 07:16:08 INFO ResourceProfile: Limiting resource is cpu
[2023-01-29T07:16:08.411+0000] {spark_submit.py:495} INFO - 23/01/29 07:16:08 INFO ResourceProfileManager: Added ResourceProfile id: 0
[2023-01-29T07:16:08.451+0000] {spark_submit.py:495} INFO - 23/01/29 07:16:08 INFO SecurityManager: Changing view acls to: default
[2023-01-29T07:16:08.452+0000] {spark_submit.py:495} INFO - 23/01/29 07:16:08 INFO SecurityManager: Changing modify acls to: default
[2023-01-29T07:16:08.453+0000] {spark_submit.py:495} INFO - 23/01/29 07:16:08 INFO SecurityManager: Changing view acls groups to:
[2023-01-29T07:16:08.454+0000] {spark_submit.py:495} INFO - 23/01/29 07:16:08 INFO SecurityManager: Changing modify acls groups to:
[2023-01-29T07:16:08.454+0000] {spark_submit.py:495} INFO - 23/01/29 07:16:08 INFO SecurityManager: SecurityManager: authentication disabled; ui acls disabled; users  with view permissions: Set(default); groups with view permissions: Set(); users  with modify permissions: Set(default); groups with modify permissions: Set()
[2023-01-29T07:16:08.655+0000] {spark_submit.py:495} INFO - 23/01/29 07:16:08 INFO Utils: Successfully started service 'sparkDriver' on port 42009.
[2023-01-29T07:16:08.680+0000] {spark_submit.py:495} INFO - 23/01/29 07:16:08 INFO SparkEnv: Registering MapOutputTracker
[2023-01-29T07:16:08.707+0000] {spark_submit.py:495} INFO - 23/01/29 07:16:08 INFO SparkEnv: Registering BlockManagerMaster
[2023-01-29T07:16:08.722+0000] {spark_submit.py:495} INFO - 23/01/29 07:16:08 INFO BlockManagerMasterEndpoint: Using org.apache.spark.storage.DefaultTopologyMapper for getting topology information
[2023-01-29T07:16:08.723+0000] {spark_submit.py:495} INFO - 23/01/29 07:16:08 INFO BlockManagerMasterEndpoint: BlockManagerMasterEndpoint up
[2023-01-29T07:16:08.727+0000] {spark_submit.py:495} INFO - 23/01/29 07:16:08 INFO SparkEnv: Registering BlockManagerMasterHeartbeat
[2023-01-29T07:16:08.746+0000] {spark_submit.py:495} INFO - 23/01/29 07:16:08 INFO DiskBlockManager: Created local directory at /tmp/blockmgr-afc663e4-d286-404e-ac8a-b245fa5d8b85
[2023-01-29T07:16:08.758+0000] {spark_submit.py:495} INFO - 23/01/29 07:16:08 INFO MemoryStore: MemoryStore started with capacity 434.4 MiB
[2023-01-29T07:16:08.771+0000] {spark_submit.py:495} INFO - 23/01/29 07:16:08 INFO SparkEnv: Registering OutputCommitCoordinator
[2023-01-29T07:16:08.922+0000] {spark_submit.py:495} INFO - 23/01/29 07:16:08 INFO Utils: Successfully started service 'SparkUI' on port 4040.
[2023-01-29T07:16:08.953+0000] {spark_submit.py:495} INFO - 23/01/29 07:16:08 INFO SparkContext: Added JAR file:///home/***/.ivy2/jars/org.apache.spark_spark-sql-kafka-0-10_2.12-3.1.3.jar at spark://15c99fd3082a:42009/jars/org.apache.spark_spark-sql-kafka-0-10_2.12-3.1.3.jar with timestamp 1674976568355
[2023-01-29T07:16:08.953+0000] {spark_submit.py:495} INFO - 23/01/29 07:16:08 INFO SparkContext: Added JAR file:///home/***/.ivy2/jars/org.mongodb.spark_mongo-spark-connector_2.12-3.0.1.jar at spark://15c99fd3082a:42009/jars/org.mongodb.spark_mongo-spark-connector_2.12-3.0.1.jar with timestamp 1674976568355
[2023-01-29T07:16:08.953+0000] {spark_submit.py:495} INFO - 23/01/29 07:16:08 INFO SparkContext: Added JAR file:///home/***/.ivy2/jars/org.apache.spark_spark-token-provider-kafka-0-10_2.12-3.1.3.jar at spark://15c99fd3082a:42009/jars/org.apache.spark_spark-token-provider-kafka-0-10_2.12-3.1.3.jar with timestamp 1674976568355
[2023-01-29T07:16:08.953+0000] {spark_submit.py:495} INFO - 23/01/29 07:16:08 INFO SparkContext: Added JAR file:///home/***/.ivy2/jars/org.apache.kafka_kafka-clients-2.6.0.jar at spark://15c99fd3082a:42009/jars/org.apache.kafka_kafka-clients-2.6.0.jar with timestamp 1674976568355
[2023-01-29T07:16:08.954+0000] {spark_submit.py:495} INFO - 23/01/29 07:16:08 INFO SparkContext: Added JAR file:///home/***/.ivy2/jars/org.apache.commons_commons-pool2-2.6.2.jar at spark://15c99fd3082a:42009/jars/org.apache.commons_commons-pool2-2.6.2.jar with timestamp 1674976568355
[2023-01-29T07:16:08.954+0000] {spark_submit.py:495} INFO - 23/01/29 07:16:08 INFO SparkContext: Added JAR file:///home/***/.ivy2/jars/org.spark-project.spark_unused-1.0.0.jar at spark://15c99fd3082a:42009/jars/org.spark-project.spark_unused-1.0.0.jar with timestamp 1674976568355
[2023-01-29T07:16:08.954+0000] {spark_submit.py:495} INFO - 23/01/29 07:16:08 INFO SparkContext: Added JAR file:///home/***/.ivy2/jars/com.github.luben_zstd-jni-1.4.8-1.jar at spark://15c99fd3082a:42009/jars/com.github.luben_zstd-jni-1.4.8-1.jar with timestamp 1674976568355
[2023-01-29T07:16:08.954+0000] {spark_submit.py:495} INFO - 23/01/29 07:16:08 INFO SparkContext: Added JAR file:///home/***/.ivy2/jars/org.lz4_lz4-java-1.7.1.jar at spark://15c99fd3082a:42009/jars/org.lz4_lz4-java-1.7.1.jar with timestamp 1674976568355
[2023-01-29T07:16:08.954+0000] {spark_submit.py:495} INFO - 23/01/29 07:16:08 INFO SparkContext: Added JAR file:///home/***/.ivy2/jars/org.xerial.snappy_snappy-java-1.1.8.2.jar at spark://15c99fd3082a:42009/jars/org.xerial.snappy_snappy-java-1.1.8.2.jar with timestamp 1674976568355
[2023-01-29T07:16:08.954+0000] {spark_submit.py:495} INFO - 23/01/29 07:16:08 INFO SparkContext: Added JAR file:///home/***/.ivy2/jars/org.slf4j_slf4j-api-1.7.30.jar at spark://15c99fd3082a:42009/jars/org.slf4j_slf4j-api-1.7.30.jar with timestamp 1674976568355
[2023-01-29T07:16:08.954+0000] {spark_submit.py:495} INFO - 23/01/29 07:16:08 INFO SparkContext: Added JAR file:///home/***/.ivy2/jars/org.mongodb_mongodb-driver-sync-4.0.5.jar at spark://15c99fd3082a:42009/jars/org.mongodb_mongodb-driver-sync-4.0.5.jar with timestamp 1674976568355
[2023-01-29T07:16:08.954+0000] {spark_submit.py:495} INFO - 23/01/29 07:16:08 INFO SparkContext: Added JAR file:///home/***/.ivy2/jars/org.mongodb_bson-4.0.5.jar at spark://15c99fd3082a:42009/jars/org.mongodb_bson-4.0.5.jar with timestamp 1674976568355
[2023-01-29T07:16:08.955+0000] {spark_submit.py:495} INFO - 23/01/29 07:16:08 INFO SparkContext: Added JAR file:///home/***/.ivy2/jars/org.mongodb_mongodb-driver-core-4.0.5.jar at spark://15c99fd3082a:42009/jars/org.mongodb_mongodb-driver-core-4.0.5.jar with timestamp 1674976568355
[2023-01-29T07:16:08.956+0000] {spark_submit.py:495} INFO - 23/01/29 07:16:08 INFO SparkContext: Added file file:///home/***/.ivy2/jars/org.apache.spark_spark-sql-kafka-0-10_2.12-3.1.3.jar at file:///home/***/.ivy2/jars/org.apache.spark_spark-sql-kafka-0-10_2.12-3.1.3.jar with timestamp 1674976568355
[2023-01-29T07:16:08.957+0000] {spark_submit.py:495} INFO - 23/01/29 07:16:08 INFO Utils: Copying /home/***/.ivy2/jars/org.apache.spark_spark-sql-kafka-0-10_2.12-3.1.3.jar to /tmp/spark-5b8c2703-ab3e-410b-aad1-d2e355c61b14/userFiles-dd5cd812-e442-45c1-b336-4112c47b397c/org.apache.spark_spark-sql-kafka-0-10_2.12-3.1.3.jar
[2023-01-29T07:16:08.965+0000] {spark_submit.py:495} INFO - 23/01/29 07:16:08 INFO SparkContext: Added file file:///home/***/.ivy2/jars/org.mongodb.spark_mongo-spark-connector_2.12-3.0.1.jar at file:///home/***/.ivy2/jars/org.mongodb.spark_mongo-spark-connector_2.12-3.0.1.jar with timestamp 1674976568355
[2023-01-29T07:16:08.965+0000] {spark_submit.py:495} INFO - 23/01/29 07:16:08 INFO Utils: Copying /home/***/.ivy2/jars/org.mongodb.spark_mongo-spark-connector_2.12-3.0.1.jar to /tmp/spark-5b8c2703-ab3e-410b-aad1-d2e355c61b14/userFiles-dd5cd812-e442-45c1-b336-4112c47b397c/org.mongodb.spark_mongo-spark-connector_2.12-3.0.1.jar
[2023-01-29T07:16:08.969+0000] {spark_submit.py:495} INFO - 23/01/29 07:16:08 INFO SparkContext: Added file file:///home/***/.ivy2/jars/org.apache.spark_spark-token-provider-kafka-0-10_2.12-3.1.3.jar at file:///home/***/.ivy2/jars/org.apache.spark_spark-token-provider-kafka-0-10_2.12-3.1.3.jar with timestamp 1674976568355
[2023-01-29T07:16:08.970+0000] {spark_submit.py:495} INFO - 23/01/29 07:16:08 INFO Utils: Copying /home/***/.ivy2/jars/org.apache.spark_spark-token-provider-kafka-0-10_2.12-3.1.3.jar to /tmp/spark-5b8c2703-ab3e-410b-aad1-d2e355c61b14/userFiles-dd5cd812-e442-45c1-b336-4112c47b397c/org.apache.spark_spark-token-provider-kafka-0-10_2.12-3.1.3.jar
[2023-01-29T07:16:08.972+0000] {spark_submit.py:495} INFO - 23/01/29 07:16:08 INFO SparkContext: Added file file:///home/***/.ivy2/jars/org.apache.kafka_kafka-clients-2.6.0.jar at file:///home/***/.ivy2/jars/org.apache.kafka_kafka-clients-2.6.0.jar with timestamp 1674976568355
[2023-01-29T07:16:08.973+0000] {spark_submit.py:495} INFO - 23/01/29 07:16:08 INFO Utils: Copying /home/***/.ivy2/jars/org.apache.kafka_kafka-clients-2.6.0.jar to /tmp/spark-5b8c2703-ab3e-410b-aad1-d2e355c61b14/userFiles-dd5cd812-e442-45c1-b336-4112c47b397c/org.apache.kafka_kafka-clients-2.6.0.jar
[2023-01-29T07:16:08.982+0000] {spark_submit.py:495} INFO - 23/01/29 07:16:08 INFO SparkContext: Added file file:///home/***/.ivy2/jars/org.apache.commons_commons-pool2-2.6.2.jar at file:///home/***/.ivy2/jars/org.apache.commons_commons-pool2-2.6.2.jar with timestamp 1674976568355
[2023-01-29T07:16:08.982+0000] {spark_submit.py:495} INFO - 23/01/29 07:16:08 INFO Utils: Copying /home/***/.ivy2/jars/org.apache.commons_commons-pool2-2.6.2.jar to /tmp/spark-5b8c2703-ab3e-410b-aad1-d2e355c61b14/userFiles-dd5cd812-e442-45c1-b336-4112c47b397c/org.apache.commons_commons-pool2-2.6.2.jar
[2023-01-29T07:16:08.988+0000] {spark_submit.py:495} INFO - 23/01/29 07:16:08 INFO SparkContext: Added file file:///home/***/.ivy2/jars/org.spark-project.spark_unused-1.0.0.jar at file:///home/***/.ivy2/jars/org.spark-project.spark_unused-1.0.0.jar with timestamp 1674976568355
[2023-01-29T07:16:08.989+0000] {spark_submit.py:495} INFO - 23/01/29 07:16:08 INFO Utils: Copying /home/***/.ivy2/jars/org.spark-project.spark_unused-1.0.0.jar to /tmp/spark-5b8c2703-ab3e-410b-aad1-d2e355c61b14/userFiles-dd5cd812-e442-45c1-b336-4112c47b397c/org.spark-project.spark_unused-1.0.0.jar
[2023-01-29T07:16:08.996+0000] {spark_submit.py:495} INFO - 23/01/29 07:16:08 INFO SparkContext: Added file file:///home/***/.ivy2/jars/com.github.luben_zstd-jni-1.4.8-1.jar at file:///home/***/.ivy2/jars/com.github.luben_zstd-jni-1.4.8-1.jar with timestamp 1674976568355
[2023-01-29T07:16:08.997+0000] {spark_submit.py:495} INFO - 23/01/29 07:16:08 INFO Utils: Copying /home/***/.ivy2/jars/com.github.luben_zstd-jni-1.4.8-1.jar to /tmp/spark-5b8c2703-ab3e-410b-aad1-d2e355c61b14/userFiles-dd5cd812-e442-45c1-b336-4112c47b397c/com.github.luben_zstd-jni-1.4.8-1.jar
[2023-01-29T07:16:09.001+0000] {spark_submit.py:495} INFO - 23/01/29 07:16:09 INFO SparkContext: Added file file:///home/***/.ivy2/jars/org.lz4_lz4-java-1.7.1.jar at file:///home/***/.ivy2/jars/org.lz4_lz4-java-1.7.1.jar with timestamp 1674976568355
[2023-01-29T07:16:09.002+0000] {spark_submit.py:495} INFO - 23/01/29 07:16:09 INFO Utils: Copying /home/***/.ivy2/jars/org.lz4_lz4-java-1.7.1.jar to /tmp/spark-5b8c2703-ab3e-410b-aad1-d2e355c61b14/userFiles-dd5cd812-e442-45c1-b336-4112c47b397c/org.lz4_lz4-java-1.7.1.jar
[2023-01-29T07:16:09.005+0000] {spark_submit.py:495} INFO - 23/01/29 07:16:09 INFO SparkContext: Added file file:///home/***/.ivy2/jars/org.xerial.snappy_snappy-java-1.1.8.2.jar at file:///home/***/.ivy2/jars/org.xerial.snappy_snappy-java-1.1.8.2.jar with timestamp 1674976568355
[2023-01-29T07:16:09.005+0000] {spark_submit.py:495} INFO - 23/01/29 07:16:09 INFO Utils: Copying /home/***/.ivy2/jars/org.xerial.snappy_snappy-java-1.1.8.2.jar to /tmp/spark-5b8c2703-ab3e-410b-aad1-d2e355c61b14/userFiles-dd5cd812-e442-45c1-b336-4112c47b397c/org.xerial.snappy_snappy-java-1.1.8.2.jar
[2023-01-29T07:16:09.014+0000] {spark_submit.py:495} INFO - 23/01/29 07:16:09 INFO SparkContext: Added file file:///home/***/.ivy2/jars/org.slf4j_slf4j-api-1.7.30.jar at file:///home/***/.ivy2/jars/org.slf4j_slf4j-api-1.7.30.jar with timestamp 1674976568355
[2023-01-29T07:16:09.014+0000] {spark_submit.py:495} INFO - 23/01/29 07:16:09 INFO Utils: Copying /home/***/.ivy2/jars/org.slf4j_slf4j-api-1.7.30.jar to /tmp/spark-5b8c2703-ab3e-410b-aad1-d2e355c61b14/userFiles-dd5cd812-e442-45c1-b336-4112c47b397c/org.slf4j_slf4j-api-1.7.30.jar
[2023-01-29T07:16:09.017+0000] {spark_submit.py:495} INFO - 23/01/29 07:16:09 INFO SparkContext: Added file file:///home/***/.ivy2/jars/org.mongodb_mongodb-driver-sync-4.0.5.jar at file:///home/***/.ivy2/jars/org.mongodb_mongodb-driver-sync-4.0.5.jar with timestamp 1674976568355
[2023-01-29T07:16:09.017+0000] {spark_submit.py:495} INFO - 23/01/29 07:16:09 INFO Utils: Copying /home/***/.ivy2/jars/org.mongodb_mongodb-driver-sync-4.0.5.jar to /tmp/spark-5b8c2703-ab3e-410b-aad1-d2e355c61b14/userFiles-dd5cd812-e442-45c1-b336-4112c47b397c/org.mongodb_mongodb-driver-sync-4.0.5.jar
[2023-01-29T07:16:09.020+0000] {spark_submit.py:495} INFO - 23/01/29 07:16:09 INFO SparkContext: Added file file:///home/***/.ivy2/jars/org.mongodb_bson-4.0.5.jar at file:///home/***/.ivy2/jars/org.mongodb_bson-4.0.5.jar with timestamp 1674976568355
[2023-01-29T07:16:09.020+0000] {spark_submit.py:495} INFO - 23/01/29 07:16:09 INFO Utils: Copying /home/***/.ivy2/jars/org.mongodb_bson-4.0.5.jar to /tmp/spark-5b8c2703-ab3e-410b-aad1-d2e355c61b14/userFiles-dd5cd812-e442-45c1-b336-4112c47b397c/org.mongodb_bson-4.0.5.jar
[2023-01-29T07:16:09.023+0000] {spark_submit.py:495} INFO - 23/01/29 07:16:09 INFO SparkContext: Added file file:///home/***/.ivy2/jars/org.mongodb_mongodb-driver-core-4.0.5.jar at file:///home/***/.ivy2/jars/org.mongodb_mongodb-driver-core-4.0.5.jar with timestamp 1674976568355
[2023-01-29T07:16:09.023+0000] {spark_submit.py:495} INFO - 23/01/29 07:16:09 INFO Utils: Copying /home/***/.ivy2/jars/org.mongodb_mongodb-driver-core-4.0.5.jar to /tmp/spark-5b8c2703-ab3e-410b-aad1-d2e355c61b14/userFiles-dd5cd812-e442-45c1-b336-4112c47b397c/org.mongodb_mongodb-driver-core-4.0.5.jar
[2023-01-29T07:16:09.080+0000] {spark_submit.py:495} INFO - 23/01/29 07:16:09 INFO Executor: Starting executor ID driver on host 15c99fd3082a
[2023-01-29T07:16:09.091+0000] {spark_submit.py:495} INFO - 23/01/29 07:16:09 INFO Executor: Starting executor with user classpath (userClassPathFirst = false): ''
[2023-01-29T07:16:09.113+0000] {spark_submit.py:495} INFO - 23/01/29 07:16:09 INFO Executor: Fetching file:///home/***/.ivy2/jars/org.apache.spark_spark-token-provider-kafka-0-10_2.12-3.1.3.jar with timestamp 1674976568355
[2023-01-29T07:16:09.131+0000] {spark_submit.py:495} INFO - 23/01/29 07:16:09 INFO Utils: /home/***/.ivy2/jars/org.apache.spark_spark-token-provider-kafka-0-10_2.12-3.1.3.jar has been previously copied to /tmp/spark-5b8c2703-ab3e-410b-aad1-d2e355c61b14/userFiles-dd5cd812-e442-45c1-b336-4112c47b397c/org.apache.spark_spark-token-provider-kafka-0-10_2.12-3.1.3.jar
[2023-01-29T07:16:09.136+0000] {spark_submit.py:495} INFO - 23/01/29 07:16:09 INFO Executor: Fetching file:///home/***/.ivy2/jars/org.mongodb_mongodb-driver-sync-4.0.5.jar with timestamp 1674976568355
[2023-01-29T07:16:09.137+0000] {spark_submit.py:495} INFO - 23/01/29 07:16:09 INFO Utils: /home/***/.ivy2/jars/org.mongodb_mongodb-driver-sync-4.0.5.jar has been previously copied to /tmp/spark-5b8c2703-ab3e-410b-aad1-d2e355c61b14/userFiles-dd5cd812-e442-45c1-b336-4112c47b397c/org.mongodb_mongodb-driver-sync-4.0.5.jar
[2023-01-29T07:16:09.149+0000] {spark_submit.py:495} INFO - 23/01/29 07:16:09 INFO Executor: Fetching file:///home/***/.ivy2/jars/org.apache.kafka_kafka-clients-2.6.0.jar with timestamp 1674976568355
[2023-01-29T07:16:09.157+0000] {spark_submit.py:495} INFO - 23/01/29 07:16:09 INFO Utils: /home/***/.ivy2/jars/org.apache.kafka_kafka-clients-2.6.0.jar has been previously copied to /tmp/spark-5b8c2703-ab3e-410b-aad1-d2e355c61b14/userFiles-dd5cd812-e442-45c1-b336-4112c47b397c/org.apache.kafka_kafka-clients-2.6.0.jar
[2023-01-29T07:16:09.164+0000] {spark_submit.py:495} INFO - 23/01/29 07:16:09 INFO Executor: Fetching file:///home/***/.ivy2/jars/org.mongodb_bson-4.0.5.jar with timestamp 1674976568355
[2023-01-29T07:16:09.165+0000] {spark_submit.py:495} INFO - 23/01/29 07:16:09 INFO Utils: /home/***/.ivy2/jars/org.mongodb_bson-4.0.5.jar has been previously copied to /tmp/spark-5b8c2703-ab3e-410b-aad1-d2e355c61b14/userFiles-dd5cd812-e442-45c1-b336-4112c47b397c/org.mongodb_bson-4.0.5.jar
[2023-01-29T07:16:09.168+0000] {spark_submit.py:495} INFO - 23/01/29 07:16:09 INFO Executor: Fetching file:///home/***/.ivy2/jars/com.github.luben_zstd-jni-1.4.8-1.jar with timestamp 1674976568355
[2023-01-29T07:16:09.174+0000] {spark_submit.py:495} INFO - 23/01/29 07:16:09 INFO Utils: /home/***/.ivy2/jars/com.github.luben_zstd-jni-1.4.8-1.jar has been previously copied to /tmp/spark-5b8c2703-ab3e-410b-aad1-d2e355c61b14/userFiles-dd5cd812-e442-45c1-b336-4112c47b397c/com.github.luben_zstd-jni-1.4.8-1.jar
[2023-01-29T07:16:09.181+0000] {spark_submit.py:495} INFO - 23/01/29 07:16:09 INFO Executor: Fetching file:///home/***/.ivy2/jars/org.lz4_lz4-java-1.7.1.jar with timestamp 1674976568355
[2023-01-29T07:16:09.181+0000] {spark_submit.py:495} INFO - 23/01/29 07:16:09 INFO Utils: /home/***/.ivy2/jars/org.lz4_lz4-java-1.7.1.jar has been previously copied to /tmp/spark-5b8c2703-ab3e-410b-aad1-d2e355c61b14/userFiles-dd5cd812-e442-45c1-b336-4112c47b397c/org.lz4_lz4-java-1.7.1.jar
[2023-01-29T07:16:09.185+0000] {spark_submit.py:495} INFO - 23/01/29 07:16:09 INFO Executor: Fetching file:///home/***/.ivy2/jars/org.spark-project.spark_unused-1.0.0.jar with timestamp 1674976568355
[2023-01-29T07:16:09.186+0000] {spark_submit.py:495} INFO - 23/01/29 07:16:09 INFO Utils: /home/***/.ivy2/jars/org.spark-project.spark_unused-1.0.0.jar has been previously copied to /tmp/spark-5b8c2703-ab3e-410b-aad1-d2e355c61b14/userFiles-dd5cd812-e442-45c1-b336-4112c47b397c/org.spark-project.spark_unused-1.0.0.jar
[2023-01-29T07:16:09.191+0000] {spark_submit.py:495} INFO - 23/01/29 07:16:09 INFO Executor: Fetching file:///home/***/.ivy2/jars/org.xerial.snappy_snappy-java-1.1.8.2.jar with timestamp 1674976568355
[2023-01-29T07:16:09.193+0000] {spark_submit.py:495} INFO - 23/01/29 07:16:09 INFO Utils: /home/***/.ivy2/jars/org.xerial.snappy_snappy-java-1.1.8.2.jar has been previously copied to /tmp/spark-5b8c2703-ab3e-410b-aad1-d2e355c61b14/userFiles-dd5cd812-e442-45c1-b336-4112c47b397c/org.xerial.snappy_snappy-java-1.1.8.2.jar
[2023-01-29T07:16:09.195+0000] {spark_submit.py:495} INFO - 23/01/29 07:16:09 INFO Executor: Fetching file:///home/***/.ivy2/jars/org.mongodb_mongodb-driver-core-4.0.5.jar with timestamp 1674976568355
[2023-01-29T07:16:09.197+0000] {spark_submit.py:495} INFO - 23/01/29 07:16:09 INFO Utils: /home/***/.ivy2/jars/org.mongodb_mongodb-driver-core-4.0.5.jar has been previously copied to /tmp/spark-5b8c2703-ab3e-410b-aad1-d2e355c61b14/userFiles-dd5cd812-e442-45c1-b336-4112c47b397c/org.mongodb_mongodb-driver-core-4.0.5.jar
[2023-01-29T07:16:09.203+0000] {spark_submit.py:495} INFO - 23/01/29 07:16:09 INFO Executor: Fetching file:///home/***/.ivy2/jars/org.apache.spark_spark-sql-kafka-0-10_2.12-3.1.3.jar with timestamp 1674976568355
[2023-01-29T07:16:09.204+0000] {spark_submit.py:495} INFO - 23/01/29 07:16:09 INFO Utils: /home/***/.ivy2/jars/org.apache.spark_spark-sql-kafka-0-10_2.12-3.1.3.jar has been previously copied to /tmp/spark-5b8c2703-ab3e-410b-aad1-d2e355c61b14/userFiles-dd5cd812-e442-45c1-b336-4112c47b397c/org.apache.spark_spark-sql-kafka-0-10_2.12-3.1.3.jar
[2023-01-29T07:16:09.208+0000] {spark_submit.py:495} INFO - 23/01/29 07:16:09 INFO Executor: Fetching file:///home/***/.ivy2/jars/org.mongodb.spark_mongo-spark-connector_2.12-3.0.1.jar with timestamp 1674976568355
[2023-01-29T07:16:09.210+0000] {spark_submit.py:495} INFO - 23/01/29 07:16:09 INFO Utils: /home/***/.ivy2/jars/org.mongodb.spark_mongo-spark-connector_2.12-3.0.1.jar has been previously copied to /tmp/spark-5b8c2703-ab3e-410b-aad1-d2e355c61b14/userFiles-dd5cd812-e442-45c1-b336-4112c47b397c/org.mongodb.spark_mongo-spark-connector_2.12-3.0.1.jar
[2023-01-29T07:16:09.213+0000] {spark_submit.py:495} INFO - 23/01/29 07:16:09 INFO Executor: Fetching file:///home/***/.ivy2/jars/org.apache.commons_commons-pool2-2.6.2.jar with timestamp 1674976568355
[2023-01-29T07:16:09.213+0000] {spark_submit.py:495} INFO - 23/01/29 07:16:09 INFO Utils: /home/***/.ivy2/jars/org.apache.commons_commons-pool2-2.6.2.jar has been previously copied to /tmp/spark-5b8c2703-ab3e-410b-aad1-d2e355c61b14/userFiles-dd5cd812-e442-45c1-b336-4112c47b397c/org.apache.commons_commons-pool2-2.6.2.jar
[2023-01-29T07:16:09.216+0000] {spark_submit.py:495} INFO - 23/01/29 07:16:09 INFO Executor: Fetching file:///home/***/.ivy2/jars/org.slf4j_slf4j-api-1.7.30.jar with timestamp 1674976568355
[2023-01-29T07:16:09.217+0000] {spark_submit.py:495} INFO - 23/01/29 07:16:09 INFO Utils: /home/***/.ivy2/jars/org.slf4j_slf4j-api-1.7.30.jar has been previously copied to /tmp/spark-5b8c2703-ab3e-410b-aad1-d2e355c61b14/userFiles-dd5cd812-e442-45c1-b336-4112c47b397c/org.slf4j_slf4j-api-1.7.30.jar
[2023-01-29T07:16:09.227+0000] {spark_submit.py:495} INFO - 23/01/29 07:16:09 INFO Executor: Fetching spark://15c99fd3082a:42009/jars/org.lz4_lz4-java-1.7.1.jar with timestamp 1674976568355
[2023-01-29T07:16:09.265+0000] {spark_submit.py:495} INFO - 23/01/29 07:16:09 INFO TransportClientFactory: Successfully created connection to 15c99fd3082a/172.20.0.4:42009 after 24 ms (0 ms spent in bootstraps)
[2023-01-29T07:16:09.273+0000] {spark_submit.py:495} INFO - 23/01/29 07:16:09 INFO Utils: Fetching spark://15c99fd3082a:42009/jars/org.lz4_lz4-java-1.7.1.jar to /tmp/spark-5b8c2703-ab3e-410b-aad1-d2e355c61b14/userFiles-dd5cd812-e442-45c1-b336-4112c47b397c/fetchFileTemp557170437427559867.tmp
[2023-01-29T07:16:09.303+0000] {spark_submit.py:495} INFO - 23/01/29 07:16:09 INFO Utils: /tmp/spark-5b8c2703-ab3e-410b-aad1-d2e355c61b14/userFiles-dd5cd812-e442-45c1-b336-4112c47b397c/fetchFileTemp557170437427559867.tmp has been previously copied to /tmp/spark-5b8c2703-ab3e-410b-aad1-d2e355c61b14/userFiles-dd5cd812-e442-45c1-b336-4112c47b397c/org.lz4_lz4-java-1.7.1.jar
[2023-01-29T07:16:09.308+0000] {spark_submit.py:495} INFO - 23/01/29 07:16:09 INFO Executor: Adding file:/tmp/spark-5b8c2703-ab3e-410b-aad1-d2e355c61b14/userFiles-dd5cd812-e442-45c1-b336-4112c47b397c/org.lz4_lz4-java-1.7.1.jar to class loader
[2023-01-29T07:16:09.309+0000] {spark_submit.py:495} INFO - 23/01/29 07:16:09 INFO Executor: Fetching spark://15c99fd3082a:42009/jars/com.github.luben_zstd-jni-1.4.8-1.jar with timestamp 1674976568355
[2023-01-29T07:16:09.309+0000] {spark_submit.py:495} INFO - 23/01/29 07:16:09 INFO Utils: Fetching spark://15c99fd3082a:42009/jars/com.github.luben_zstd-jni-1.4.8-1.jar to /tmp/spark-5b8c2703-ab3e-410b-aad1-d2e355c61b14/userFiles-dd5cd812-e442-45c1-b336-4112c47b397c/fetchFileTemp16439906396923409406.tmp
[2023-01-29T07:16:09.358+0000] {spark_submit.py:495} INFO - 23/01/29 07:16:09 INFO Utils: /tmp/spark-5b8c2703-ab3e-410b-aad1-d2e355c61b14/userFiles-dd5cd812-e442-45c1-b336-4112c47b397c/fetchFileTemp16439906396923409406.tmp has been previously copied to /tmp/spark-5b8c2703-ab3e-410b-aad1-d2e355c61b14/userFiles-dd5cd812-e442-45c1-b336-4112c47b397c/com.github.luben_zstd-jni-1.4.8-1.jar
[2023-01-29T07:16:09.363+0000] {spark_submit.py:495} INFO - 23/01/29 07:16:09 INFO Executor: Adding file:/tmp/spark-5b8c2703-ab3e-410b-aad1-d2e355c61b14/userFiles-dd5cd812-e442-45c1-b336-4112c47b397c/com.github.luben_zstd-jni-1.4.8-1.jar to class loader
[2023-01-29T07:16:09.363+0000] {spark_submit.py:495} INFO - 23/01/29 07:16:09 INFO Executor: Fetching spark://15c99fd3082a:42009/jars/org.spark-project.spark_unused-1.0.0.jar with timestamp 1674976568355
[2023-01-29T07:16:09.365+0000] {spark_submit.py:495} INFO - 23/01/29 07:16:09 INFO Utils: Fetching spark://15c99fd3082a:42009/jars/org.spark-project.spark_unused-1.0.0.jar to /tmp/spark-5b8c2703-ab3e-410b-aad1-d2e355c61b14/userFiles-dd5cd812-e442-45c1-b336-4112c47b397c/fetchFileTemp14539553015504694830.tmp
[2023-01-29T07:16:09.366+0000] {spark_submit.py:495} INFO - 23/01/29 07:16:09 INFO Utils: /tmp/spark-5b8c2703-ab3e-410b-aad1-d2e355c61b14/userFiles-dd5cd812-e442-45c1-b336-4112c47b397c/fetchFileTemp14539553015504694830.tmp has been previously copied to /tmp/spark-5b8c2703-ab3e-410b-aad1-d2e355c61b14/userFiles-dd5cd812-e442-45c1-b336-4112c47b397c/org.spark-project.spark_unused-1.0.0.jar
[2023-01-29T07:16:09.372+0000] {spark_submit.py:495} INFO - 23/01/29 07:16:09 INFO Executor: Adding file:/tmp/spark-5b8c2703-ab3e-410b-aad1-d2e355c61b14/userFiles-dd5cd812-e442-45c1-b336-4112c47b397c/org.spark-project.spark_unused-1.0.0.jar to class loader
[2023-01-29T07:16:09.372+0000] {spark_submit.py:495} INFO - 23/01/29 07:16:09 INFO Executor: Fetching spark://15c99fd3082a:42009/jars/org.apache.kafka_kafka-clients-2.6.0.jar with timestamp 1674976568355
[2023-01-29T07:16:09.373+0000] {spark_submit.py:495} INFO - 23/01/29 07:16:09 INFO Utils: Fetching spark://15c99fd3082a:42009/jars/org.apache.kafka_kafka-clients-2.6.0.jar to /tmp/spark-5b8c2703-ab3e-410b-aad1-d2e355c61b14/userFiles-dd5cd812-e442-45c1-b336-4112c47b397c/fetchFileTemp10908616980471912208.tmp
[2023-01-29T07:16:09.391+0000] {spark_submit.py:495} INFO - 23/01/29 07:16:09 INFO Utils: /tmp/spark-5b8c2703-ab3e-410b-aad1-d2e355c61b14/userFiles-dd5cd812-e442-45c1-b336-4112c47b397c/fetchFileTemp10908616980471912208.tmp has been previously copied to /tmp/spark-5b8c2703-ab3e-410b-aad1-d2e355c61b14/userFiles-dd5cd812-e442-45c1-b336-4112c47b397c/org.apache.kafka_kafka-clients-2.6.0.jar
[2023-01-29T07:16:09.398+0000] {spark_submit.py:495} INFO - 23/01/29 07:16:09 INFO Executor: Adding file:/tmp/spark-5b8c2703-ab3e-410b-aad1-d2e355c61b14/userFiles-dd5cd812-e442-45c1-b336-4112c47b397c/org.apache.kafka_kafka-clients-2.6.0.jar to class loader
[2023-01-29T07:16:09.398+0000] {spark_submit.py:495} INFO - 23/01/29 07:16:09 INFO Executor: Fetching spark://15c99fd3082a:42009/jars/org.mongodb_mongodb-driver-sync-4.0.5.jar with timestamp 1674976568355
[2023-01-29T07:16:09.398+0000] {spark_submit.py:495} INFO - 23/01/29 07:16:09 INFO Utils: Fetching spark://15c99fd3082a:42009/jars/org.mongodb_mongodb-driver-sync-4.0.5.jar to /tmp/spark-5b8c2703-ab3e-410b-aad1-d2e355c61b14/userFiles-dd5cd812-e442-45c1-b336-4112c47b397c/fetchFileTemp12679114125932363151.tmp
[2023-01-29T07:16:09.399+0000] {spark_submit.py:495} INFO - 23/01/29 07:16:09 INFO Utils: /tmp/spark-5b8c2703-ab3e-410b-aad1-d2e355c61b14/userFiles-dd5cd812-e442-45c1-b336-4112c47b397c/fetchFileTemp12679114125932363151.tmp has been previously copied to /tmp/spark-5b8c2703-ab3e-410b-aad1-d2e355c61b14/userFiles-dd5cd812-e442-45c1-b336-4112c47b397c/org.mongodb_mongodb-driver-sync-4.0.5.jar
[2023-01-29T07:16:09.402+0000] {spark_submit.py:495} INFO - 23/01/29 07:16:09 INFO Executor: Adding file:/tmp/spark-5b8c2703-ab3e-410b-aad1-d2e355c61b14/userFiles-dd5cd812-e442-45c1-b336-4112c47b397c/org.mongodb_mongodb-driver-sync-4.0.5.jar to class loader
[2023-01-29T07:16:09.403+0000] {spark_submit.py:495} INFO - 23/01/29 07:16:09 INFO Executor: Fetching spark://15c99fd3082a:42009/jars/org.apache.spark_spark-token-provider-kafka-0-10_2.12-3.1.3.jar with timestamp 1674976568355
[2023-01-29T07:16:09.403+0000] {spark_submit.py:495} INFO - 23/01/29 07:16:09 INFO Utils: Fetching spark://15c99fd3082a:42009/jars/org.apache.spark_spark-token-provider-kafka-0-10_2.12-3.1.3.jar to /tmp/spark-5b8c2703-ab3e-410b-aad1-d2e355c61b14/userFiles-dd5cd812-e442-45c1-b336-4112c47b397c/fetchFileTemp13151622807268811059.tmp
[2023-01-29T07:16:09.404+0000] {spark_submit.py:495} INFO - 23/01/29 07:16:09 INFO Utils: /tmp/spark-5b8c2703-ab3e-410b-aad1-d2e355c61b14/userFiles-dd5cd812-e442-45c1-b336-4112c47b397c/fetchFileTemp13151622807268811059.tmp has been previously copied to /tmp/spark-5b8c2703-ab3e-410b-aad1-d2e355c61b14/userFiles-dd5cd812-e442-45c1-b336-4112c47b397c/org.apache.spark_spark-token-provider-kafka-0-10_2.12-3.1.3.jar
[2023-01-29T07:16:09.407+0000] {spark_submit.py:495} INFO - 23/01/29 07:16:09 INFO Executor: Adding file:/tmp/spark-5b8c2703-ab3e-410b-aad1-d2e355c61b14/userFiles-dd5cd812-e442-45c1-b336-4112c47b397c/org.apache.spark_spark-token-provider-kafka-0-10_2.12-3.1.3.jar to class loader
[2023-01-29T07:16:09.407+0000] {spark_submit.py:495} INFO - 23/01/29 07:16:09 INFO Executor: Fetching spark://15c99fd3082a:42009/jars/org.apache.commons_commons-pool2-2.6.2.jar with timestamp 1674976568355
[2023-01-29T07:16:09.408+0000] {spark_submit.py:495} INFO - 23/01/29 07:16:09 INFO Utils: Fetching spark://15c99fd3082a:42009/jars/org.apache.commons_commons-pool2-2.6.2.jar to /tmp/spark-5b8c2703-ab3e-410b-aad1-d2e355c61b14/userFiles-dd5cd812-e442-45c1-b336-4112c47b397c/fetchFileTemp17093210467856980338.tmp
[2023-01-29T07:16:09.410+0000] {spark_submit.py:495} INFO - 23/01/29 07:16:09 INFO Utils: /tmp/spark-5b8c2703-ab3e-410b-aad1-d2e355c61b14/userFiles-dd5cd812-e442-45c1-b336-4112c47b397c/fetchFileTemp17093210467856980338.tmp has been previously copied to /tmp/spark-5b8c2703-ab3e-410b-aad1-d2e355c61b14/userFiles-dd5cd812-e442-45c1-b336-4112c47b397c/org.apache.commons_commons-pool2-2.6.2.jar
[2023-01-29T07:16:09.413+0000] {spark_submit.py:495} INFO - 23/01/29 07:16:09 INFO Executor: Adding file:/tmp/spark-5b8c2703-ab3e-410b-aad1-d2e355c61b14/userFiles-dd5cd812-e442-45c1-b336-4112c47b397c/org.apache.commons_commons-pool2-2.6.2.jar to class loader
[2023-01-29T07:16:09.413+0000] {spark_submit.py:495} INFO - 23/01/29 07:16:09 INFO Executor: Fetching spark://15c99fd3082a:42009/jars/org.mongodb_mongodb-driver-core-4.0.5.jar with timestamp 1674976568355
[2023-01-29T07:16:09.414+0000] {spark_submit.py:495} INFO - 23/01/29 07:16:09 INFO Utils: Fetching spark://15c99fd3082a:42009/jars/org.mongodb_mongodb-driver-core-4.0.5.jar to /tmp/spark-5b8c2703-ab3e-410b-aad1-d2e355c61b14/userFiles-dd5cd812-e442-45c1-b336-4112c47b397c/fetchFileTemp14420661081264124422.tmp
[2023-01-29T07:16:09.419+0000] {spark_submit.py:495} INFO - 23/01/29 07:16:09 INFO Utils: /tmp/spark-5b8c2703-ab3e-410b-aad1-d2e355c61b14/userFiles-dd5cd812-e442-45c1-b336-4112c47b397c/fetchFileTemp14420661081264124422.tmp has been previously copied to /tmp/spark-5b8c2703-ab3e-410b-aad1-d2e355c61b14/userFiles-dd5cd812-e442-45c1-b336-4112c47b397c/org.mongodb_mongodb-driver-core-4.0.5.jar
[2023-01-29T07:16:09.439+0000] {spark_submit.py:495} INFO - 23/01/29 07:16:09 INFO Executor: Adding file:/tmp/spark-5b8c2703-ab3e-410b-aad1-d2e355c61b14/userFiles-dd5cd812-e442-45c1-b336-4112c47b397c/org.mongodb_mongodb-driver-core-4.0.5.jar to class loader
[2023-01-29T07:16:09.439+0000] {spark_submit.py:495} INFO - 23/01/29 07:16:09 INFO Executor: Fetching spark://15c99fd3082a:42009/jars/org.apache.spark_spark-sql-kafka-0-10_2.12-3.1.3.jar with timestamp 1674976568355
[2023-01-29T07:16:09.439+0000] {spark_submit.py:495} INFO - 23/01/29 07:16:09 INFO Utils: Fetching spark://15c99fd3082a:42009/jars/org.apache.spark_spark-sql-kafka-0-10_2.12-3.1.3.jar to /tmp/spark-5b8c2703-ab3e-410b-aad1-d2e355c61b14/userFiles-dd5cd812-e442-45c1-b336-4112c47b397c/fetchFileTemp18134157468287257204.tmp
[2023-01-29T07:16:09.441+0000] {spark_submit.py:495} INFO - 23/01/29 07:16:09 INFO Utils: /tmp/spark-5b8c2703-ab3e-410b-aad1-d2e355c61b14/userFiles-dd5cd812-e442-45c1-b336-4112c47b397c/fetchFileTemp18134157468287257204.tmp has been previously copied to /tmp/spark-5b8c2703-ab3e-410b-aad1-d2e355c61b14/userFiles-dd5cd812-e442-45c1-b336-4112c47b397c/org.apache.spark_spark-sql-kafka-0-10_2.12-3.1.3.jar
[2023-01-29T07:16:09.444+0000] {spark_submit.py:495} INFO - 23/01/29 07:16:09 INFO Executor: Adding file:/tmp/spark-5b8c2703-ab3e-410b-aad1-d2e355c61b14/userFiles-dd5cd812-e442-45c1-b336-4112c47b397c/org.apache.spark_spark-sql-kafka-0-10_2.12-3.1.3.jar to class loader
[2023-01-29T07:16:09.445+0000] {spark_submit.py:495} INFO - 23/01/29 07:16:09 INFO Executor: Fetching spark://15c99fd3082a:42009/jars/org.xerial.snappy_snappy-java-1.1.8.2.jar with timestamp 1674976568355
[2023-01-29T07:16:09.445+0000] {spark_submit.py:495} INFO - 23/01/29 07:16:09 INFO Utils: Fetching spark://15c99fd3082a:42009/jars/org.xerial.snappy_snappy-java-1.1.8.2.jar to /tmp/spark-5b8c2703-ab3e-410b-aad1-d2e355c61b14/userFiles-dd5cd812-e442-45c1-b336-4112c47b397c/fetchFileTemp1857162482896822541.tmp
[2023-01-29T07:16:09.452+0000] {spark_submit.py:495} INFO - 23/01/29 07:16:09 INFO Utils: /tmp/spark-5b8c2703-ab3e-410b-aad1-d2e355c61b14/userFiles-dd5cd812-e442-45c1-b336-4112c47b397c/fetchFileTemp1857162482896822541.tmp has been previously copied to /tmp/spark-5b8c2703-ab3e-410b-aad1-d2e355c61b14/userFiles-dd5cd812-e442-45c1-b336-4112c47b397c/org.xerial.snappy_snappy-java-1.1.8.2.jar
[2023-01-29T07:16:09.460+0000] {spark_submit.py:495} INFO - 23/01/29 07:16:09 INFO Executor: Adding file:/tmp/spark-5b8c2703-ab3e-410b-aad1-d2e355c61b14/userFiles-dd5cd812-e442-45c1-b336-4112c47b397c/org.xerial.snappy_snappy-java-1.1.8.2.jar to class loader
[2023-01-29T07:16:09.460+0000] {spark_submit.py:495} INFO - 23/01/29 07:16:09 INFO Executor: Fetching spark://15c99fd3082a:42009/jars/org.slf4j_slf4j-api-1.7.30.jar with timestamp 1674976568355
[2023-01-29T07:16:09.461+0000] {spark_submit.py:495} INFO - 23/01/29 07:16:09 INFO Utils: Fetching spark://15c99fd3082a:42009/jars/org.slf4j_slf4j-api-1.7.30.jar to /tmp/spark-5b8c2703-ab3e-410b-aad1-d2e355c61b14/userFiles-dd5cd812-e442-45c1-b336-4112c47b397c/fetchFileTemp5240817341650034216.tmp
[2023-01-29T07:16:09.462+0000] {spark_submit.py:495} INFO - 23/01/29 07:16:09 INFO Utils: /tmp/spark-5b8c2703-ab3e-410b-aad1-d2e355c61b14/userFiles-dd5cd812-e442-45c1-b336-4112c47b397c/fetchFileTemp5240817341650034216.tmp has been previously copied to /tmp/spark-5b8c2703-ab3e-410b-aad1-d2e355c61b14/userFiles-dd5cd812-e442-45c1-b336-4112c47b397c/org.slf4j_slf4j-api-1.7.30.jar
[2023-01-29T07:16:09.464+0000] {spark_submit.py:495} INFO - 23/01/29 07:16:09 INFO Executor: Adding file:/tmp/spark-5b8c2703-ab3e-410b-aad1-d2e355c61b14/userFiles-dd5cd812-e442-45c1-b336-4112c47b397c/org.slf4j_slf4j-api-1.7.30.jar to class loader
[2023-01-29T07:16:09.465+0000] {spark_submit.py:495} INFO - 23/01/29 07:16:09 INFO Executor: Fetching spark://15c99fd3082a:42009/jars/org.mongodb_bson-4.0.5.jar with timestamp 1674976568355
[2023-01-29T07:16:09.465+0000] {spark_submit.py:495} INFO - 23/01/29 07:16:09 INFO Utils: Fetching spark://15c99fd3082a:42009/jars/org.mongodb_bson-4.0.5.jar to /tmp/spark-5b8c2703-ab3e-410b-aad1-d2e355c61b14/userFiles-dd5cd812-e442-45c1-b336-4112c47b397c/fetchFileTemp16470524729615136663.tmp
[2023-01-29T07:16:09.468+0000] {spark_submit.py:495} INFO - 23/01/29 07:16:09 INFO Utils: /tmp/spark-5b8c2703-ab3e-410b-aad1-d2e355c61b14/userFiles-dd5cd812-e442-45c1-b336-4112c47b397c/fetchFileTemp16470524729615136663.tmp has been previously copied to /tmp/spark-5b8c2703-ab3e-410b-aad1-d2e355c61b14/userFiles-dd5cd812-e442-45c1-b336-4112c47b397c/org.mongodb_bson-4.0.5.jar
[2023-01-29T07:16:09.471+0000] {spark_submit.py:495} INFO - 23/01/29 07:16:09 INFO Executor: Adding file:/tmp/spark-5b8c2703-ab3e-410b-aad1-d2e355c61b14/userFiles-dd5cd812-e442-45c1-b336-4112c47b397c/org.mongodb_bson-4.0.5.jar to class loader
[2023-01-29T07:16:09.471+0000] {spark_submit.py:495} INFO - 23/01/29 07:16:09 INFO Executor: Fetching spark://15c99fd3082a:42009/jars/org.mongodb.spark_mongo-spark-connector_2.12-3.0.1.jar with timestamp 1674976568355
[2023-01-29T07:16:09.473+0000] {spark_submit.py:495} INFO - 23/01/29 07:16:09 INFO Utils: Fetching spark://15c99fd3082a:42009/jars/org.mongodb.spark_mongo-spark-connector_2.12-3.0.1.jar to /tmp/spark-5b8c2703-ab3e-410b-aad1-d2e355c61b14/userFiles-dd5cd812-e442-45c1-b336-4112c47b397c/fetchFileTemp10432294365221988589.tmp
[2023-01-29T07:16:09.476+0000] {spark_submit.py:495} INFO - 23/01/29 07:16:09 INFO Utils: /tmp/spark-5b8c2703-ab3e-410b-aad1-d2e355c61b14/userFiles-dd5cd812-e442-45c1-b336-4112c47b397c/fetchFileTemp10432294365221988589.tmp has been previously copied to /tmp/spark-5b8c2703-ab3e-410b-aad1-d2e355c61b14/userFiles-dd5cd812-e442-45c1-b336-4112c47b397c/org.mongodb.spark_mongo-spark-connector_2.12-3.0.1.jar
[2023-01-29T07:16:09.479+0000] {spark_submit.py:495} INFO - 23/01/29 07:16:09 INFO Executor: Adding file:/tmp/spark-5b8c2703-ab3e-410b-aad1-d2e355c61b14/userFiles-dd5cd812-e442-45c1-b336-4112c47b397c/org.mongodb.spark_mongo-spark-connector_2.12-3.0.1.jar to class loader
[2023-01-29T07:16:09.486+0000] {spark_submit.py:495} INFO - 23/01/29 07:16:09 INFO Utils: Successfully started service 'org.apache.spark.network.netty.NettyBlockTransferService' on port 36271.
[2023-01-29T07:16:09.486+0000] {spark_submit.py:495} INFO - 23/01/29 07:16:09 INFO NettyBlockTransferService: Server created on 15c99fd3082a:36271
[2023-01-29T07:16:09.486+0000] {spark_submit.py:495} INFO - 23/01/29 07:16:09 INFO BlockManager: Using org.apache.spark.storage.RandomBlockReplicationPolicy for block replication policy
[2023-01-29T07:16:09.492+0000] {spark_submit.py:495} INFO - 23/01/29 07:16:09 INFO BlockManagerMaster: Registering BlockManager BlockManagerId(driver, 15c99fd3082a, 36271, None)
[2023-01-29T07:16:09.494+0000] {spark_submit.py:495} INFO - 23/01/29 07:16:09 INFO BlockManagerMasterEndpoint: Registering block manager 15c99fd3082a:36271 with 434.4 MiB RAM, BlockManagerId(driver, 15c99fd3082a, 36271, None)
[2023-01-29T07:16:09.496+0000] {spark_submit.py:495} INFO - 23/01/29 07:16:09 INFO BlockManagerMaster: Registered BlockManager BlockManagerId(driver, 15c99fd3082a, 36271, None)
[2023-01-29T07:16:09.497+0000] {spark_submit.py:495} INFO - 23/01/29 07:16:09 INFO BlockManager: Initialized BlockManager: BlockManagerId(driver, 15c99fd3082a, 36271, None)
[2023-01-29T07:16:13.065+0000] {spark_submit.py:495} INFO - 2023-01-29 07:16:13,052 - py4j.java_gateway - INFO - Callback Server Starting
[2023-01-29T07:16:13.065+0000] {spark_submit.py:495} INFO - 2023-01-29 07:16:13,062 - py4j.java_gateway - INFO - Socket listening on ('127.0.0.1', 38337)
[2023-01-29T07:16:18.659+0000] {local_task_job.py:207} WARNING - Recorded pid 5514 does not match the current pid 5254
[2023-01-29T07:16:18.660+0000] {process_utils.py:133} INFO - Sending Signals.SIGTERM to group 5254. PIDs of all processes in the group: [5255, 5319, 5254]
[2023-01-29T07:16:18.661+0000] {process_utils.py:84} INFO - Sending the signal Signals.SIGTERM to group 5254
[2023-01-29T07:16:18.661+0000] {taskinstance.py:1483} ERROR - Received SIGTERM. Terminating subprocesses.
[2023-01-29T07:16:18.661+0000] {spark_submit.py:620} INFO - Sending kill signal to spark-submit
[2023-01-29T07:16:18.672+0000] {taskinstance.py:1772} ERROR - Task failed with exception
Traceback (most recent call last):
  File "/home/airflow/.local/lib/python3.7/site-packages/airflow/providers/apache/spark/operators/spark_submit.py", line 157, in execute
    self._hook.submit(self._application)
  File "/home/airflow/.local/lib/python3.7/site-packages/airflow/providers/apache/spark/hooks/spark_submit.py", line 414, in submit
    self._process_spark_submit_log(iter(self._submit_sp.stdout))  # type: ignore
  File "/home/airflow/.local/lib/python3.7/site-packages/airflow/providers/apache/spark/hooks/spark_submit.py", line 463, in _process_spark_submit_log
    for line in itr:
  File "/home/airflow/.local/lib/python3.7/site-packages/airflow/models/taskinstance.py", line 1485, in signal_handler
    raise AirflowException("Task received SIGTERM signal")
airflow.exceptions.AirflowException: Task received SIGTERM signal
[2023-01-29T07:16:18.679+0000] {taskinstance.py:1327} INFO - Marking task as UP_FOR_RETRY. dag_id=Streaming_pipeline_meli, task_id=consumer_data_of_topic, execution_date=20230127T184927, start_date=20230129T071613, end_date=20230129T071618
[2023-01-29T07:16:18.736+0000] {standard_task_runner.py:105} ERROR - Failed to execute job 1186 for task consumer_data_of_topic (Task received SIGTERM signal; 5254)
[2023-01-29T07:16:18.808+0000] {process_utils.py:79} INFO - Process psutil.Process(pid=5319, status='terminated', started='07:16:06') (5319) terminated with exit code None
[2023-01-29T07:16:18.808+0000] {process_utils.py:79} INFO - Process psutil.Process(pid=5254, status='terminated', exitcode=1, started='07:16:02') (5254) terminated with exit code 1
[2023-01-29T07:16:18.808+0000] {process_utils.py:79} INFO - Process psutil.Process(pid=5255, status='terminated', started='07:16:02') (5255) terminated with exit code None
