[2023-01-30T20:06:23.504+0000] {taskinstance.py:1087} INFO - Dependencies all met for <TaskInstance: Streaming_pipeline_meli.consumer_data_of_topic manual__2023-01-27T18:49:27.597637+00:00 [queued]>
[2023-01-30T20:06:23.514+0000] {taskinstance.py:1087} INFO - Dependencies all met for <TaskInstance: Streaming_pipeline_meli.consumer_data_of_topic manual__2023-01-27T18:49:27.597637+00:00 [queued]>
[2023-01-30T20:06:23.514+0000] {taskinstance.py:1283} INFO - 
--------------------------------------------------------------------------------
[2023-01-30T20:06:23.514+0000] {taskinstance.py:1284} INFO - Starting attempt 92 of 97
[2023-01-30T20:06:23.514+0000] {taskinstance.py:1285} INFO - 
--------------------------------------------------------------------------------
[2023-01-30T20:06:23.532+0000] {taskinstance.py:1304} INFO - Executing <Task(SparkSubmitOperator): consumer_data_of_topic> on 2023-01-27 18:49:27.597637+00:00
[2023-01-30T20:06:23.536+0000] {standard_task_runner.py:55} INFO - Started process 32342 to run task
[2023-01-30T20:06:23.539+0000] {standard_task_runner.py:82} INFO - Running: ['***', 'tasks', 'run', 'Streaming_pipeline_meli', 'consumer_data_of_topic', 'manual__2023-01-27T18:49:27.597637+00:00', '--job-id', '1263', '--raw', '--subdir', 'DAGS_FOLDER/streamPipeline.py', '--cfg-path', '/tmp/tmph0kdvsxt']
[2023-01-30T20:06:23.539+0000] {standard_task_runner.py:83} INFO - Job 1263: Subtask consumer_data_of_topic
[2023-01-30T20:06:23.623+0000] {task_command.py:389} INFO - Running <TaskInstance: Streaming_pipeline_meli.consumer_data_of_topic manual__2023-01-27T18:49:27.597637+00:00 [running]> on host 15c99fd3082a
[2023-01-30T20:06:23.700+0000] {taskinstance.py:1513} INFO - Exporting the following env vars:
AIRFLOW_CTX_DAG_OWNER=***
AIRFLOW_CTX_DAG_ID=Streaming_pipeline_meli
AIRFLOW_CTX_TASK_ID=consumer_data_of_topic
AIRFLOW_CTX_EXECUTION_DATE=2023-01-27T18:49:27.597637+00:00
AIRFLOW_CTX_TRY_NUMBER=92
AIRFLOW_CTX_DAG_RUN_ID=manual__2023-01-27T18:49:27.597637+00:00
[2023-01-30T20:06:23.710+0000] {base.py:73} INFO - Using connection ID 'spark_default' for task execution.
[2023-01-30T20:06:23.711+0000] {spark_submit.py:344} INFO - Spark-Submit cmd: spark-submit --master spark://tomi-H310:7077 --packages org.apache.spark:spark-sql-kafka-0-10_2.12:3.1.3,org.mongodb.spark:mongo-spark-connector_2.12:3.0.1 --name arrow-spark --queue root.default /opt/***/dags/consumerSpark.py
[2023-01-30T20:06:23.822+0000] {spark_submit.py:495} INFO - /home/***/.local/lib/python3.7/site-packages/pyspark/bin/load-spark-env.sh: line 68: ps: command not found
[2023-01-30T20:06:25.503+0000] {spark_submit.py:495} INFO - :: loading settings :: url = jar:file:/home/***/.local/lib/python3.7/site-packages/pyspark/jars/ivy-2.5.0.jar!/org/apache/ivy/core/settings/ivysettings.xml
[2023-01-30T20:06:25.560+0000] {spark_submit.py:495} INFO - Ivy Default Cache set to: /home/***/.ivy2/cache
[2023-01-30T20:06:25.561+0000] {spark_submit.py:495} INFO - The jars for the packages stored in: /home/***/.ivy2/jars
[2023-01-30T20:06:25.566+0000] {spark_submit.py:495} INFO - org.apache.spark#spark-sql-kafka-0-10_2.12 added as a dependency
[2023-01-30T20:06:25.566+0000] {spark_submit.py:495} INFO - org.mongodb.spark#mongo-spark-connector_2.12 added as a dependency
[2023-01-30T20:06:25.567+0000] {spark_submit.py:495} INFO - :: resolving dependencies :: org.apache.spark#spark-submit-parent-1368cafd-dc85-4752-aa57-bfe3e6432109;1.0
[2023-01-30T20:06:25.568+0000] {spark_submit.py:495} INFO - confs: [default]
[2023-01-30T20:06:25.710+0000] {spark_submit.py:495} INFO - found org.apache.spark#spark-sql-kafka-0-10_2.12;3.1.3 in central
[2023-01-30T20:06:25.762+0000] {spark_submit.py:495} INFO - found org.apache.spark#spark-token-provider-kafka-0-10_2.12;3.1.3 in central
[2023-01-30T20:06:25.787+0000] {spark_submit.py:495} INFO - found org.apache.kafka#kafka-clients;2.6.0 in central
[2023-01-30T20:06:25.807+0000] {spark_submit.py:495} INFO - found com.github.luben#zstd-jni;1.4.8-1 in central
[2023-01-30T20:06:25.829+0000] {spark_submit.py:495} INFO - found org.lz4#lz4-java;1.7.1 in central
[2023-01-30T20:06:25.847+0000] {spark_submit.py:495} INFO - found org.xerial.snappy#snappy-java;1.1.8.2 in central
[2023-01-30T20:06:25.865+0000] {spark_submit.py:495} INFO - found org.slf4j#slf4j-api;1.7.30 in central
[2023-01-30T20:06:25.879+0000] {spark_submit.py:495} INFO - found org.spark-project.spark#unused;1.0.0 in central
[2023-01-30T20:06:25.906+0000] {spark_submit.py:495} INFO - found org.apache.commons#commons-pool2;2.6.2 in central
[2023-01-30T20:06:25.927+0000] {spark_submit.py:495} INFO - found org.mongodb.spark#mongo-spark-connector_2.12;3.0.1 in central
[2023-01-30T20:06:25.928+0000] {spark_submit.py:495} INFO - found org.mongodb#mongodb-driver-sync;4.0.5 in central
[2023-01-30T20:06:25.944+0000] {spark_submit.py:495} INFO - found org.mongodb#bson;4.0.5 in central
[2023-01-30T20:06:25.951+0000] {spark_submit.py:495} INFO - found org.mongodb#mongodb-driver-core;4.0.5 in central
[2023-01-30T20:06:25.980+0000] {spark_submit.py:495} INFO - :: resolution report :: resolve 394ms :: artifacts dl 19ms
[2023-01-30T20:06:25.981+0000] {spark_submit.py:495} INFO - :: modules in use:
[2023-01-30T20:06:25.981+0000] {spark_submit.py:495} INFO - com.github.luben#zstd-jni;1.4.8-1 from central in [default]
[2023-01-30T20:06:25.981+0000] {spark_submit.py:495} INFO - org.apache.commons#commons-pool2;2.6.2 from central in [default]
[2023-01-30T20:06:25.981+0000] {spark_submit.py:495} INFO - org.apache.kafka#kafka-clients;2.6.0 from central in [default]
[2023-01-30T20:06:25.981+0000] {spark_submit.py:495} INFO - org.apache.spark#spark-sql-kafka-0-10_2.12;3.1.3 from central in [default]
[2023-01-30T20:06:25.981+0000] {spark_submit.py:495} INFO - org.apache.spark#spark-token-provider-kafka-0-10_2.12;3.1.3 from central in [default]
[2023-01-30T20:06:25.981+0000] {spark_submit.py:495} INFO - org.lz4#lz4-java;1.7.1 from central in [default]
[2023-01-30T20:06:25.981+0000] {spark_submit.py:495} INFO - org.mongodb#bson;4.0.5 from central in [default]
[2023-01-30T20:06:25.982+0000] {spark_submit.py:495} INFO - org.mongodb#mongodb-driver-core;4.0.5 from central in [default]
[2023-01-30T20:06:25.982+0000] {spark_submit.py:495} INFO - org.mongodb#mongodb-driver-sync;4.0.5 from central in [default]
[2023-01-30T20:06:25.982+0000] {spark_submit.py:495} INFO - org.mongodb.spark#mongo-spark-connector_2.12;3.0.1 from central in [default]
[2023-01-30T20:06:25.982+0000] {spark_submit.py:495} INFO - org.slf4j#slf4j-api;1.7.30 from central in [default]
[2023-01-30T20:06:25.982+0000] {spark_submit.py:495} INFO - org.spark-project.spark#unused;1.0.0 from central in [default]
[2023-01-30T20:06:25.982+0000] {spark_submit.py:495} INFO - org.xerial.snappy#snappy-java;1.1.8.2 from central in [default]
[2023-01-30T20:06:25.982+0000] {spark_submit.py:495} INFO - ---------------------------------------------------------------------
[2023-01-30T20:06:25.983+0000] {spark_submit.py:495} INFO - |                  |            modules            ||   artifacts   |
[2023-01-30T20:06:25.983+0000] {spark_submit.py:495} INFO - |       conf       | number| search|dwnlded|evicted|| number|dwnlded|
[2023-01-30T20:06:25.983+0000] {spark_submit.py:495} INFO - ---------------------------------------------------------------------
[2023-01-30T20:06:25.983+0000] {spark_submit.py:495} INFO - |      default     |   13  |   0   |   0   |   0   ||   13  |   0   |
[2023-01-30T20:06:25.983+0000] {spark_submit.py:495} INFO - ---------------------------------------------------------------------
[2023-01-30T20:06:25.987+0000] {spark_submit.py:495} INFO - :: retrieving :: org.apache.spark#spark-submit-parent-1368cafd-dc85-4752-aa57-bfe3e6432109
[2023-01-30T20:06:25.987+0000] {spark_submit.py:495} INFO - confs: [default]
[2023-01-30T20:06:25.994+0000] {spark_submit.py:495} INFO - 0 artifacts copied, 13 already retrieved (0kB/7ms)
[2023-01-30T20:06:26.206+0000] {spark_submit.py:495} INFO - 23/01/30 20:06:26 WARN NativeCodeLoader: Unable to load native-hadoop library for your platform... using builtin-java classes where applicable
[2023-01-30T20:06:27.107+0000] {spark_submit.py:495} INFO - 23/01/30 20:06:27 INFO SparkContext: Running Spark version 3.3.1
[2023-01-30T20:06:27.127+0000] {spark_submit.py:495} INFO - 23/01/30 20:06:27 INFO ResourceUtils: ==============================================================
[2023-01-30T20:06:27.128+0000] {spark_submit.py:495} INFO - 23/01/30 20:06:27 INFO ResourceUtils: No custom resources configured for spark.driver.
[2023-01-30T20:06:27.129+0000] {spark_submit.py:495} INFO - 23/01/30 20:06:27 INFO ResourceUtils: ==============================================================
[2023-01-30T20:06:27.129+0000] {spark_submit.py:495} INFO - 23/01/30 20:06:27 INFO SparkContext: Submitted application: arrow-spark
[2023-01-30T20:06:27.146+0000] {spark_submit.py:495} INFO - 23/01/30 20:06:27 INFO ResourceProfile: Default ResourceProfile created, executor resources: Map(cores -> name: cores, amount: 1, script: , vendor: , memory -> name: memory, amount: 1024, script: , vendor: , offHeap -> name: offHeap, amount: 0, script: , vendor: ), task resources: Map(cpus -> name: cpus, amount: 1.0)
[2023-01-30T20:06:27.182+0000] {spark_submit.py:495} INFO - 23/01/30 20:06:27 INFO ResourceProfile: Limiting resource is cpu
[2023-01-30T20:06:27.182+0000] {spark_submit.py:495} INFO - 23/01/30 20:06:27 INFO ResourceProfileManager: Added ResourceProfile id: 0
[2023-01-30T20:06:27.243+0000] {spark_submit.py:495} INFO - 23/01/30 20:06:27 INFO SecurityManager: Changing view acls to: default
[2023-01-30T20:06:27.244+0000] {spark_submit.py:495} INFO - 23/01/30 20:06:27 INFO SecurityManager: Changing modify acls to: default
[2023-01-30T20:06:27.246+0000] {spark_submit.py:495} INFO - 23/01/30 20:06:27 INFO SecurityManager: Changing view acls groups to:
[2023-01-30T20:06:27.246+0000] {spark_submit.py:495} INFO - 23/01/30 20:06:27 INFO SecurityManager: Changing modify acls groups to:
[2023-01-30T20:06:27.247+0000] {spark_submit.py:495} INFO - 23/01/30 20:06:27 INFO SecurityManager: SecurityManager: authentication disabled; ui acls disabled; users  with view permissions: Set(default); groups with view permissions: Set(); users  with modify permissions: Set(default); groups with modify permissions: Set()
[2023-01-30T20:06:27.548+0000] {spark_submit.py:495} INFO - 23/01/30 20:06:27 INFO Utils: Successfully started service 'sparkDriver' on port 44943.
[2023-01-30T20:06:27.589+0000] {spark_submit.py:495} INFO - 23/01/30 20:06:27 INFO SparkEnv: Registering MapOutputTracker
[2023-01-30T20:06:27.623+0000] {spark_submit.py:495} INFO - 23/01/30 20:06:27 INFO SparkEnv: Registering BlockManagerMaster
[2023-01-30T20:06:27.638+0000] {spark_submit.py:495} INFO - 23/01/30 20:06:27 INFO BlockManagerMasterEndpoint: Using org.apache.spark.storage.DefaultTopologyMapper for getting topology information
[2023-01-30T20:06:27.638+0000] {spark_submit.py:495} INFO - 23/01/30 20:06:27 INFO BlockManagerMasterEndpoint: BlockManagerMasterEndpoint up
[2023-01-30T20:06:27.641+0000] {spark_submit.py:495} INFO - 23/01/30 20:06:27 INFO SparkEnv: Registering BlockManagerMasterHeartbeat
[2023-01-30T20:06:27.659+0000] {spark_submit.py:495} INFO - 23/01/30 20:06:27 INFO DiskBlockManager: Created local directory at /tmp/blockmgr-13dd9ca2-89bc-435a-89e7-5760709844ca
[2023-01-30T20:06:27.672+0000] {spark_submit.py:495} INFO - 23/01/30 20:06:27 INFO MemoryStore: MemoryStore started with capacity 434.4 MiB
[2023-01-30T20:06:27.690+0000] {spark_submit.py:495} INFO - 23/01/30 20:06:27 INFO SparkEnv: Registering OutputCommitCoordinator
[2023-01-30T20:06:27.850+0000] {spark_submit.py:495} INFO - 23/01/30 20:06:27 INFO Utils: Successfully started service 'SparkUI' on port 4040.
[2023-01-30T20:06:27.882+0000] {spark_submit.py:495} INFO - 23/01/30 20:06:27 INFO SparkContext: Added JAR file:///home/***/.ivy2/jars/org.apache.spark_spark-sql-kafka-0-10_2.12-3.1.3.jar at spark://15c99fd3082a:44943/jars/org.apache.spark_spark-sql-kafka-0-10_2.12-3.1.3.jar with timestamp 1675109187098
[2023-01-30T20:06:27.883+0000] {spark_submit.py:495} INFO - 23/01/30 20:06:27 INFO SparkContext: Added JAR file:///home/***/.ivy2/jars/org.mongodb.spark_mongo-spark-connector_2.12-3.0.1.jar at spark://15c99fd3082a:44943/jars/org.mongodb.spark_mongo-spark-connector_2.12-3.0.1.jar with timestamp 1675109187098
[2023-01-30T20:06:27.883+0000] {spark_submit.py:495} INFO - 23/01/30 20:06:27 INFO SparkContext: Added JAR file:///home/***/.ivy2/jars/org.apache.spark_spark-token-provider-kafka-0-10_2.12-3.1.3.jar at spark://15c99fd3082a:44943/jars/org.apache.spark_spark-token-provider-kafka-0-10_2.12-3.1.3.jar with timestamp 1675109187098
[2023-01-30T20:06:27.883+0000] {spark_submit.py:495} INFO - 23/01/30 20:06:27 INFO SparkContext: Added JAR file:///home/***/.ivy2/jars/org.apache.kafka_kafka-clients-2.6.0.jar at spark://15c99fd3082a:44943/jars/org.apache.kafka_kafka-clients-2.6.0.jar with timestamp 1675109187098
[2023-01-30T20:06:27.883+0000] {spark_submit.py:495} INFO - 23/01/30 20:06:27 INFO SparkContext: Added JAR file:///home/***/.ivy2/jars/org.apache.commons_commons-pool2-2.6.2.jar at spark://15c99fd3082a:44943/jars/org.apache.commons_commons-pool2-2.6.2.jar with timestamp 1675109187098
[2023-01-30T20:06:27.883+0000] {spark_submit.py:495} INFO - 23/01/30 20:06:27 INFO SparkContext: Added JAR file:///home/***/.ivy2/jars/org.spark-project.spark_unused-1.0.0.jar at spark://15c99fd3082a:44943/jars/org.spark-project.spark_unused-1.0.0.jar with timestamp 1675109187098
[2023-01-30T20:06:27.883+0000] {spark_submit.py:495} INFO - 23/01/30 20:06:27 INFO SparkContext: Added JAR file:///home/***/.ivy2/jars/com.github.luben_zstd-jni-1.4.8-1.jar at spark://15c99fd3082a:44943/jars/com.github.luben_zstd-jni-1.4.8-1.jar with timestamp 1675109187098
[2023-01-30T20:06:27.884+0000] {spark_submit.py:495} INFO - 23/01/30 20:06:27 INFO SparkContext: Added JAR file:///home/***/.ivy2/jars/org.lz4_lz4-java-1.7.1.jar at spark://15c99fd3082a:44943/jars/org.lz4_lz4-java-1.7.1.jar with timestamp 1675109187098
[2023-01-30T20:06:27.884+0000] {spark_submit.py:495} INFO - 23/01/30 20:06:27 INFO SparkContext: Added JAR file:///home/***/.ivy2/jars/org.xerial.snappy_snappy-java-1.1.8.2.jar at spark://15c99fd3082a:44943/jars/org.xerial.snappy_snappy-java-1.1.8.2.jar with timestamp 1675109187098
[2023-01-30T20:06:27.884+0000] {spark_submit.py:495} INFO - 23/01/30 20:06:27 INFO SparkContext: Added JAR file:///home/***/.ivy2/jars/org.slf4j_slf4j-api-1.7.30.jar at spark://15c99fd3082a:44943/jars/org.slf4j_slf4j-api-1.7.30.jar with timestamp 1675109187098
[2023-01-30T20:06:27.884+0000] {spark_submit.py:495} INFO - 23/01/30 20:06:27 INFO SparkContext: Added JAR file:///home/***/.ivy2/jars/org.mongodb_mongodb-driver-sync-4.0.5.jar at spark://15c99fd3082a:44943/jars/org.mongodb_mongodb-driver-sync-4.0.5.jar with timestamp 1675109187098
[2023-01-30T20:06:27.886+0000] {spark_submit.py:495} INFO - 23/01/30 20:06:27 INFO SparkContext: Added JAR file:///home/***/.ivy2/jars/org.mongodb_bson-4.0.5.jar at spark://15c99fd3082a:44943/jars/org.mongodb_bson-4.0.5.jar with timestamp 1675109187098
[2023-01-30T20:06:27.886+0000] {spark_submit.py:495} INFO - 23/01/30 20:06:27 INFO SparkContext: Added JAR file:///home/***/.ivy2/jars/org.mongodb_mongodb-driver-core-4.0.5.jar at spark://15c99fd3082a:44943/jars/org.mongodb_mongodb-driver-core-4.0.5.jar with timestamp 1675109187098
[2023-01-30T20:06:27.886+0000] {spark_submit.py:495} INFO - 23/01/30 20:06:27 INFO SparkContext: Added file file:///home/***/.ivy2/jars/org.apache.spark_spark-sql-kafka-0-10_2.12-3.1.3.jar at file:///home/***/.ivy2/jars/org.apache.spark_spark-sql-kafka-0-10_2.12-3.1.3.jar with timestamp 1675109187098
[2023-01-30T20:06:27.887+0000] {spark_submit.py:495} INFO - 23/01/30 20:06:27 INFO Utils: Copying /home/***/.ivy2/jars/org.apache.spark_spark-sql-kafka-0-10_2.12-3.1.3.jar to /tmp/spark-d1ac9dab-9079-4a7c-8567-d71653a4b382/userFiles-8a8c854f-d77a-431a-8263-1e713a78fe7b/org.apache.spark_spark-sql-kafka-0-10_2.12-3.1.3.jar
[2023-01-30T20:06:27.902+0000] {spark_submit.py:495} INFO - 23/01/30 20:06:27 INFO SparkContext: Added file file:///home/***/.ivy2/jars/org.mongodb.spark_mongo-spark-connector_2.12-3.0.1.jar at file:///home/***/.ivy2/jars/org.mongodb.spark_mongo-spark-connector_2.12-3.0.1.jar with timestamp 1675109187098
[2023-01-30T20:06:27.903+0000] {spark_submit.py:495} INFO - 23/01/30 20:06:27 INFO Utils: Copying /home/***/.ivy2/jars/org.mongodb.spark_mongo-spark-connector_2.12-3.0.1.jar to /tmp/spark-d1ac9dab-9079-4a7c-8567-d71653a4b382/userFiles-8a8c854f-d77a-431a-8263-1e713a78fe7b/org.mongodb.spark_mongo-spark-connector_2.12-3.0.1.jar
[2023-01-30T20:06:27.913+0000] {spark_submit.py:495} INFO - 23/01/30 20:06:27 INFO SparkContext: Added file file:///home/***/.ivy2/jars/org.apache.spark_spark-token-provider-kafka-0-10_2.12-3.1.3.jar at file:///home/***/.ivy2/jars/org.apache.spark_spark-token-provider-kafka-0-10_2.12-3.1.3.jar with timestamp 1675109187098
[2023-01-30T20:06:27.914+0000] {spark_submit.py:495} INFO - 23/01/30 20:06:27 INFO Utils: Copying /home/***/.ivy2/jars/org.apache.spark_spark-token-provider-kafka-0-10_2.12-3.1.3.jar to /tmp/spark-d1ac9dab-9079-4a7c-8567-d71653a4b382/userFiles-8a8c854f-d77a-431a-8263-1e713a78fe7b/org.apache.spark_spark-token-provider-kafka-0-10_2.12-3.1.3.jar
[2023-01-30T20:06:27.917+0000] {spark_submit.py:495} INFO - 23/01/30 20:06:27 INFO SparkContext: Added file file:///home/***/.ivy2/jars/org.apache.kafka_kafka-clients-2.6.0.jar at file:///home/***/.ivy2/jars/org.apache.kafka_kafka-clients-2.6.0.jar with timestamp 1675109187098
[2023-01-30T20:06:27.918+0000] {spark_submit.py:495} INFO - 23/01/30 20:06:27 INFO Utils: Copying /home/***/.ivy2/jars/org.apache.kafka_kafka-clients-2.6.0.jar to /tmp/spark-d1ac9dab-9079-4a7c-8567-d71653a4b382/userFiles-8a8c854f-d77a-431a-8263-1e713a78fe7b/org.apache.kafka_kafka-clients-2.6.0.jar
[2023-01-30T20:06:27.925+0000] {spark_submit.py:495} INFO - 23/01/30 20:06:27 INFO SparkContext: Added file file:///home/***/.ivy2/jars/org.apache.commons_commons-pool2-2.6.2.jar at file:///home/***/.ivy2/jars/org.apache.commons_commons-pool2-2.6.2.jar with timestamp 1675109187098
[2023-01-30T20:06:27.925+0000] {spark_submit.py:495} INFO - 23/01/30 20:06:27 INFO Utils: Copying /home/***/.ivy2/jars/org.apache.commons_commons-pool2-2.6.2.jar to /tmp/spark-d1ac9dab-9079-4a7c-8567-d71653a4b382/userFiles-8a8c854f-d77a-431a-8263-1e713a78fe7b/org.apache.commons_commons-pool2-2.6.2.jar
[2023-01-30T20:06:27.932+0000] {spark_submit.py:495} INFO - 23/01/30 20:06:27 INFO SparkContext: Added file file:///home/***/.ivy2/jars/org.spark-project.spark_unused-1.0.0.jar at file:///home/***/.ivy2/jars/org.spark-project.spark_unused-1.0.0.jar with timestamp 1675109187098
[2023-01-30T20:06:27.933+0000] {spark_submit.py:495} INFO - 23/01/30 20:06:27 INFO Utils: Copying /home/***/.ivy2/jars/org.spark-project.spark_unused-1.0.0.jar to /tmp/spark-d1ac9dab-9079-4a7c-8567-d71653a4b382/userFiles-8a8c854f-d77a-431a-8263-1e713a78fe7b/org.spark-project.spark_unused-1.0.0.jar
[2023-01-30T20:06:27.948+0000] {spark_submit.py:495} INFO - 23/01/30 20:06:27 INFO SparkContext: Added file file:///home/***/.ivy2/jars/com.github.luben_zstd-jni-1.4.8-1.jar at file:///home/***/.ivy2/jars/com.github.luben_zstd-jni-1.4.8-1.jar with timestamp 1675109187098
[2023-01-30T20:06:27.948+0000] {spark_submit.py:495} INFO - 23/01/30 20:06:27 INFO Utils: Copying /home/***/.ivy2/jars/com.github.luben_zstd-jni-1.4.8-1.jar to /tmp/spark-d1ac9dab-9079-4a7c-8567-d71653a4b382/userFiles-8a8c854f-d77a-431a-8263-1e713a78fe7b/com.github.luben_zstd-jni-1.4.8-1.jar
[2023-01-30T20:06:27.957+0000] {spark_submit.py:495} INFO - 23/01/30 20:06:27 INFO SparkContext: Added file file:///home/***/.ivy2/jars/org.lz4_lz4-java-1.7.1.jar at file:///home/***/.ivy2/jars/org.lz4_lz4-java-1.7.1.jar with timestamp 1675109187098
[2023-01-30T20:06:27.957+0000] {spark_submit.py:495} INFO - 23/01/30 20:06:27 INFO Utils: Copying /home/***/.ivy2/jars/org.lz4_lz4-java-1.7.1.jar to /tmp/spark-d1ac9dab-9079-4a7c-8567-d71653a4b382/userFiles-8a8c854f-d77a-431a-8263-1e713a78fe7b/org.lz4_lz4-java-1.7.1.jar
[2023-01-30T20:06:27.961+0000] {spark_submit.py:495} INFO - 23/01/30 20:06:27 INFO SparkContext: Added file file:///home/***/.ivy2/jars/org.xerial.snappy_snappy-java-1.1.8.2.jar at file:///home/***/.ivy2/jars/org.xerial.snappy_snappy-java-1.1.8.2.jar with timestamp 1675109187098
[2023-01-30T20:06:27.961+0000] {spark_submit.py:495} INFO - 23/01/30 20:06:27 INFO Utils: Copying /home/***/.ivy2/jars/org.xerial.snappy_snappy-java-1.1.8.2.jar to /tmp/spark-d1ac9dab-9079-4a7c-8567-d71653a4b382/userFiles-8a8c854f-d77a-431a-8263-1e713a78fe7b/org.xerial.snappy_snappy-java-1.1.8.2.jar
[2023-01-30T20:06:27.969+0000] {spark_submit.py:495} INFO - 23/01/30 20:06:27 INFO SparkContext: Added file file:///home/***/.ivy2/jars/org.slf4j_slf4j-api-1.7.30.jar at file:///home/***/.ivy2/jars/org.slf4j_slf4j-api-1.7.30.jar with timestamp 1675109187098
[2023-01-30T20:06:27.970+0000] {spark_submit.py:495} INFO - 23/01/30 20:06:27 INFO Utils: Copying /home/***/.ivy2/jars/org.slf4j_slf4j-api-1.7.30.jar to /tmp/spark-d1ac9dab-9079-4a7c-8567-d71653a4b382/userFiles-8a8c854f-d77a-431a-8263-1e713a78fe7b/org.slf4j_slf4j-api-1.7.30.jar
[2023-01-30T20:06:27.973+0000] {spark_submit.py:495} INFO - 23/01/30 20:06:27 INFO SparkContext: Added file file:///home/***/.ivy2/jars/org.mongodb_mongodb-driver-sync-4.0.5.jar at file:///home/***/.ivy2/jars/org.mongodb_mongodb-driver-sync-4.0.5.jar with timestamp 1675109187098
[2023-01-30T20:06:27.973+0000] {spark_submit.py:495} INFO - 23/01/30 20:06:27 INFO Utils: Copying /home/***/.ivy2/jars/org.mongodb_mongodb-driver-sync-4.0.5.jar to /tmp/spark-d1ac9dab-9079-4a7c-8567-d71653a4b382/userFiles-8a8c854f-d77a-431a-8263-1e713a78fe7b/org.mongodb_mongodb-driver-sync-4.0.5.jar
[2023-01-30T20:06:27.976+0000] {spark_submit.py:495} INFO - 23/01/30 20:06:27 INFO SparkContext: Added file file:///home/***/.ivy2/jars/org.mongodb_bson-4.0.5.jar at file:///home/***/.ivy2/jars/org.mongodb_bson-4.0.5.jar with timestamp 1675109187098
[2023-01-30T20:06:27.976+0000] {spark_submit.py:495} INFO - 23/01/30 20:06:27 INFO Utils: Copying /home/***/.ivy2/jars/org.mongodb_bson-4.0.5.jar to /tmp/spark-d1ac9dab-9079-4a7c-8567-d71653a4b382/userFiles-8a8c854f-d77a-431a-8263-1e713a78fe7b/org.mongodb_bson-4.0.5.jar
[2023-01-30T20:06:27.980+0000] {spark_submit.py:495} INFO - 23/01/30 20:06:27 INFO SparkContext: Added file file:///home/***/.ivy2/jars/org.mongodb_mongodb-driver-core-4.0.5.jar at file:///home/***/.ivy2/jars/org.mongodb_mongodb-driver-core-4.0.5.jar with timestamp 1675109187098
[2023-01-30T20:06:27.980+0000] {spark_submit.py:495} INFO - 23/01/30 20:06:27 INFO Utils: Copying /home/***/.ivy2/jars/org.mongodb_mongodb-driver-core-4.0.5.jar to /tmp/spark-d1ac9dab-9079-4a7c-8567-d71653a4b382/userFiles-8a8c854f-d77a-431a-8263-1e713a78fe7b/org.mongodb_mongodb-driver-core-4.0.5.jar
[2023-01-30T20:06:28.045+0000] {spark_submit.py:495} INFO - 23/01/30 20:06:28 INFO Executor: Starting executor ID driver on host 15c99fd3082a
[2023-01-30T20:06:28.050+0000] {spark_submit.py:495} INFO - 23/01/30 20:06:28 INFO Executor: Starting executor with user classpath (userClassPathFirst = false): ''
[2023-01-30T20:06:28.064+0000] {spark_submit.py:495} INFO - 23/01/30 20:06:28 INFO Executor: Fetching file:///home/***/.ivy2/jars/org.apache.spark_spark-token-provider-kafka-0-10_2.12-3.1.3.jar with timestamp 1675109187098
[2023-01-30T20:06:28.080+0000] {spark_submit.py:495} INFO - 23/01/30 20:06:28 INFO Utils: /home/***/.ivy2/jars/org.apache.spark_spark-token-provider-kafka-0-10_2.12-3.1.3.jar has been previously copied to /tmp/spark-d1ac9dab-9079-4a7c-8567-d71653a4b382/userFiles-8a8c854f-d77a-431a-8263-1e713a78fe7b/org.apache.spark_spark-token-provider-kafka-0-10_2.12-3.1.3.jar
[2023-01-30T20:06:28.087+0000] {spark_submit.py:495} INFO - 23/01/30 20:06:28 INFO Executor: Fetching file:///home/***/.ivy2/jars/org.mongodb_mongodb-driver-sync-4.0.5.jar with timestamp 1675109187098
[2023-01-30T20:06:28.088+0000] {spark_submit.py:495} INFO - 23/01/30 20:06:28 INFO Utils: /home/***/.ivy2/jars/org.mongodb_mongodb-driver-sync-4.0.5.jar has been previously copied to /tmp/spark-d1ac9dab-9079-4a7c-8567-d71653a4b382/userFiles-8a8c854f-d77a-431a-8263-1e713a78fe7b/org.mongodb_mongodb-driver-sync-4.0.5.jar
[2023-01-30T20:06:28.095+0000] {spark_submit.py:495} INFO - 23/01/30 20:06:28 INFO Executor: Fetching file:///home/***/.ivy2/jars/org.apache.kafka_kafka-clients-2.6.0.jar with timestamp 1675109187098
[2023-01-30T20:06:28.104+0000] {spark_submit.py:495} INFO - 23/01/30 20:06:28 INFO Utils: /home/***/.ivy2/jars/org.apache.kafka_kafka-clients-2.6.0.jar has been previously copied to /tmp/spark-d1ac9dab-9079-4a7c-8567-d71653a4b382/userFiles-8a8c854f-d77a-431a-8263-1e713a78fe7b/org.apache.kafka_kafka-clients-2.6.0.jar
[2023-01-30T20:06:28.120+0000] {spark_submit.py:495} INFO - 23/01/30 20:06:28 INFO Executor: Fetching file:///home/***/.ivy2/jars/org.mongodb_bson-4.0.5.jar with timestamp 1675109187098
[2023-01-30T20:06:28.122+0000] {spark_submit.py:495} INFO - 23/01/30 20:06:28 INFO Utils: /home/***/.ivy2/jars/org.mongodb_bson-4.0.5.jar has been previously copied to /tmp/spark-d1ac9dab-9079-4a7c-8567-d71653a4b382/userFiles-8a8c854f-d77a-431a-8263-1e713a78fe7b/org.mongodb_bson-4.0.5.jar
[2023-01-30T20:06:28.128+0000] {spark_submit.py:495} INFO - 23/01/30 20:06:28 INFO Executor: Fetching file:///home/***/.ivy2/jars/com.github.luben_zstd-jni-1.4.8-1.jar with timestamp 1675109187098
[2023-01-30T20:06:28.133+0000] {spark_submit.py:495} INFO - 23/01/30 20:06:28 INFO Utils: /home/***/.ivy2/jars/com.github.luben_zstd-jni-1.4.8-1.jar has been previously copied to /tmp/spark-d1ac9dab-9079-4a7c-8567-d71653a4b382/userFiles-8a8c854f-d77a-431a-8263-1e713a78fe7b/com.github.luben_zstd-jni-1.4.8-1.jar
[2023-01-30T20:06:28.151+0000] {spark_submit.py:495} INFO - 23/01/30 20:06:28 INFO Executor: Fetching file:///home/***/.ivy2/jars/org.lz4_lz4-java-1.7.1.jar with timestamp 1675109187098
[2023-01-30T20:06:28.152+0000] {spark_submit.py:495} INFO - 23/01/30 20:06:28 INFO Utils: /home/***/.ivy2/jars/org.lz4_lz4-java-1.7.1.jar has been previously copied to /tmp/spark-d1ac9dab-9079-4a7c-8567-d71653a4b382/userFiles-8a8c854f-d77a-431a-8263-1e713a78fe7b/org.lz4_lz4-java-1.7.1.jar
[2023-01-30T20:06:28.152+0000] {spark_submit.py:495} INFO - 23/01/30 20:06:28 INFO Executor: Fetching file:///home/***/.ivy2/jars/org.spark-project.spark_unused-1.0.0.jar with timestamp 1675109187098
[2023-01-30T20:06:28.153+0000] {spark_submit.py:495} INFO - 23/01/30 20:06:28 INFO Utils: /home/***/.ivy2/jars/org.spark-project.spark_unused-1.0.0.jar has been previously copied to /tmp/spark-d1ac9dab-9079-4a7c-8567-d71653a4b382/userFiles-8a8c854f-d77a-431a-8263-1e713a78fe7b/org.spark-project.spark_unused-1.0.0.jar
[2023-01-30T20:06:28.155+0000] {spark_submit.py:495} INFO - 23/01/30 20:06:28 INFO Executor: Fetching file:///home/***/.ivy2/jars/org.xerial.snappy_snappy-java-1.1.8.2.jar with timestamp 1675109187098
[2023-01-30T20:06:28.158+0000] {spark_submit.py:495} INFO - 23/01/30 20:06:28 INFO Utils: /home/***/.ivy2/jars/org.xerial.snappy_snappy-java-1.1.8.2.jar has been previously copied to /tmp/spark-d1ac9dab-9079-4a7c-8567-d71653a4b382/userFiles-8a8c854f-d77a-431a-8263-1e713a78fe7b/org.xerial.snappy_snappy-java-1.1.8.2.jar
[2023-01-30T20:06:28.162+0000] {spark_submit.py:495} INFO - 23/01/30 20:06:28 INFO Executor: Fetching file:///home/***/.ivy2/jars/org.mongodb_mongodb-driver-core-4.0.5.jar with timestamp 1675109187098
[2023-01-30T20:06:28.164+0000] {spark_submit.py:495} INFO - 23/01/30 20:06:28 INFO Utils: /home/***/.ivy2/jars/org.mongodb_mongodb-driver-core-4.0.5.jar has been previously copied to /tmp/spark-d1ac9dab-9079-4a7c-8567-d71653a4b382/userFiles-8a8c854f-d77a-431a-8263-1e713a78fe7b/org.mongodb_mongodb-driver-core-4.0.5.jar
[2023-01-30T20:06:28.167+0000] {spark_submit.py:495} INFO - 23/01/30 20:06:28 INFO Executor: Fetching file:///home/***/.ivy2/jars/org.apache.spark_spark-sql-kafka-0-10_2.12-3.1.3.jar with timestamp 1675109187098
[2023-01-30T20:06:28.168+0000] {spark_submit.py:495} INFO - 23/01/30 20:06:28 INFO Utils: /home/***/.ivy2/jars/org.apache.spark_spark-sql-kafka-0-10_2.12-3.1.3.jar has been previously copied to /tmp/spark-d1ac9dab-9079-4a7c-8567-d71653a4b382/userFiles-8a8c854f-d77a-431a-8263-1e713a78fe7b/org.apache.spark_spark-sql-kafka-0-10_2.12-3.1.3.jar
[2023-01-30T20:06:28.171+0000] {spark_submit.py:495} INFO - 23/01/30 20:06:28 INFO Executor: Fetching file:///home/***/.ivy2/jars/org.mongodb.spark_mongo-spark-connector_2.12-3.0.1.jar with timestamp 1675109187098
[2023-01-30T20:06:28.172+0000] {spark_submit.py:495} INFO - 23/01/30 20:06:28 INFO Utils: /home/***/.ivy2/jars/org.mongodb.spark_mongo-spark-connector_2.12-3.0.1.jar has been previously copied to /tmp/spark-d1ac9dab-9079-4a7c-8567-d71653a4b382/userFiles-8a8c854f-d77a-431a-8263-1e713a78fe7b/org.mongodb.spark_mongo-spark-connector_2.12-3.0.1.jar
[2023-01-30T20:06:28.175+0000] {spark_submit.py:495} INFO - 23/01/30 20:06:28 INFO Executor: Fetching file:///home/***/.ivy2/jars/org.apache.commons_commons-pool2-2.6.2.jar with timestamp 1675109187098
[2023-01-30T20:06:28.175+0000] {spark_submit.py:495} INFO - 23/01/30 20:06:28 INFO Utils: /home/***/.ivy2/jars/org.apache.commons_commons-pool2-2.6.2.jar has been previously copied to /tmp/spark-d1ac9dab-9079-4a7c-8567-d71653a4b382/userFiles-8a8c854f-d77a-431a-8263-1e713a78fe7b/org.apache.commons_commons-pool2-2.6.2.jar
[2023-01-30T20:06:28.179+0000] {spark_submit.py:495} INFO - 23/01/30 20:06:28 INFO Executor: Fetching file:///home/***/.ivy2/jars/org.slf4j_slf4j-api-1.7.30.jar with timestamp 1675109187098
[2023-01-30T20:06:28.179+0000] {spark_submit.py:495} INFO - 23/01/30 20:06:28 INFO Utils: /home/***/.ivy2/jars/org.slf4j_slf4j-api-1.7.30.jar has been previously copied to /tmp/spark-d1ac9dab-9079-4a7c-8567-d71653a4b382/userFiles-8a8c854f-d77a-431a-8263-1e713a78fe7b/org.slf4j_slf4j-api-1.7.30.jar
[2023-01-30T20:06:28.183+0000] {spark_submit.py:495} INFO - 23/01/30 20:06:28 INFO Executor: Fetching spark://15c99fd3082a:44943/jars/org.apache.spark_spark-sql-kafka-0-10_2.12-3.1.3.jar with timestamp 1675109187098
[2023-01-30T20:06:28.216+0000] {spark_submit.py:495} INFO - 23/01/30 20:06:28 INFO TransportClientFactory: Successfully created connection to 15c99fd3082a/172.20.0.7:44943 after 22 ms (0 ms spent in bootstraps)
[2023-01-30T20:06:28.221+0000] {spark_submit.py:495} INFO - 23/01/30 20:06:28 INFO Utils: Fetching spark://15c99fd3082a:44943/jars/org.apache.spark_spark-sql-kafka-0-10_2.12-3.1.3.jar to /tmp/spark-d1ac9dab-9079-4a7c-8567-d71653a4b382/userFiles-8a8c854f-d77a-431a-8263-1e713a78fe7b/fetchFileTemp12980508967909135943.tmp
[2023-01-30T20:06:28.252+0000] {spark_submit.py:495} INFO - 23/01/30 20:06:28 INFO Utils: /tmp/spark-d1ac9dab-9079-4a7c-8567-d71653a4b382/userFiles-8a8c854f-d77a-431a-8263-1e713a78fe7b/fetchFileTemp12980508967909135943.tmp has been previously copied to /tmp/spark-d1ac9dab-9079-4a7c-8567-d71653a4b382/userFiles-8a8c854f-d77a-431a-8263-1e713a78fe7b/org.apache.spark_spark-sql-kafka-0-10_2.12-3.1.3.jar
[2023-01-30T20:06:28.259+0000] {spark_submit.py:495} INFO - 23/01/30 20:06:28 INFO Executor: Adding file:/tmp/spark-d1ac9dab-9079-4a7c-8567-d71653a4b382/userFiles-8a8c854f-d77a-431a-8263-1e713a78fe7b/org.apache.spark_spark-sql-kafka-0-10_2.12-3.1.3.jar to class loader
[2023-01-30T20:06:28.259+0000] {spark_submit.py:495} INFO - 23/01/30 20:06:28 INFO Executor: Fetching spark://15c99fd3082a:44943/jars/org.mongodb_bson-4.0.5.jar with timestamp 1675109187098
[2023-01-30T20:06:28.259+0000] {spark_submit.py:495} INFO - 23/01/30 20:06:28 INFO Utils: Fetching spark://15c99fd3082a:44943/jars/org.mongodb_bson-4.0.5.jar to /tmp/spark-d1ac9dab-9079-4a7c-8567-d71653a4b382/userFiles-8a8c854f-d77a-431a-8263-1e713a78fe7b/fetchFileTemp4015043795831527942.tmp
[2023-01-30T20:06:28.263+0000] {spark_submit.py:495} INFO - 23/01/30 20:06:28 INFO Utils: /tmp/spark-d1ac9dab-9079-4a7c-8567-d71653a4b382/userFiles-8a8c854f-d77a-431a-8263-1e713a78fe7b/fetchFileTemp4015043795831527942.tmp has been previously copied to /tmp/spark-d1ac9dab-9079-4a7c-8567-d71653a4b382/userFiles-8a8c854f-d77a-431a-8263-1e713a78fe7b/org.mongodb_bson-4.0.5.jar
[2023-01-30T20:06:28.267+0000] {spark_submit.py:495} INFO - 23/01/30 20:06:28 INFO Executor: Adding file:/tmp/spark-d1ac9dab-9079-4a7c-8567-d71653a4b382/userFiles-8a8c854f-d77a-431a-8263-1e713a78fe7b/org.mongodb_bson-4.0.5.jar to class loader
[2023-01-30T20:06:28.267+0000] {spark_submit.py:495} INFO - 23/01/30 20:06:28 INFO Executor: Fetching spark://15c99fd3082a:44943/jars/com.github.luben_zstd-jni-1.4.8-1.jar with timestamp 1675109187098
[2023-01-30T20:06:28.267+0000] {spark_submit.py:495} INFO - 23/01/30 20:06:28 INFO Utils: Fetching spark://15c99fd3082a:44943/jars/com.github.luben_zstd-jni-1.4.8-1.jar to /tmp/spark-d1ac9dab-9079-4a7c-8567-d71653a4b382/userFiles-8a8c854f-d77a-431a-8263-1e713a78fe7b/fetchFileTemp15666974556860589587.tmp
[2023-01-30T20:06:28.296+0000] {spark_submit.py:495} INFO - 23/01/30 20:06:28 INFO Utils: /tmp/spark-d1ac9dab-9079-4a7c-8567-d71653a4b382/userFiles-8a8c854f-d77a-431a-8263-1e713a78fe7b/fetchFileTemp15666974556860589587.tmp has been previously copied to /tmp/spark-d1ac9dab-9079-4a7c-8567-d71653a4b382/userFiles-8a8c854f-d77a-431a-8263-1e713a78fe7b/com.github.luben_zstd-jni-1.4.8-1.jar
[2023-01-30T20:06:28.383+0000] {spark_submit.py:495} INFO - 23/01/30 20:06:28 INFO Executor: Adding file:/tmp/spark-d1ac9dab-9079-4a7c-8567-d71653a4b382/userFiles-8a8c854f-d77a-431a-8263-1e713a78fe7b/com.github.luben_zstd-jni-1.4.8-1.jar to class loader
[2023-01-30T20:06:28.383+0000] {spark_submit.py:495} INFO - 23/01/30 20:06:28 INFO Executor: Fetching spark://15c99fd3082a:44943/jars/org.lz4_lz4-java-1.7.1.jar with timestamp 1675109187098
[2023-01-30T20:06:28.388+0000] {spark_submit.py:495} INFO - 23/01/30 20:06:28 INFO Utils: Fetching spark://15c99fd3082a:44943/jars/org.lz4_lz4-java-1.7.1.jar to /tmp/spark-d1ac9dab-9079-4a7c-8567-d71653a4b382/userFiles-8a8c854f-d77a-431a-8263-1e713a78fe7b/fetchFileTemp4256721439975249711.tmp
[2023-01-30T20:06:28.416+0000] {spark_submit.py:495} INFO - 23/01/30 20:06:28 INFO Utils: /tmp/spark-d1ac9dab-9079-4a7c-8567-d71653a4b382/userFiles-8a8c854f-d77a-431a-8263-1e713a78fe7b/fetchFileTemp4256721439975249711.tmp has been previously copied to /tmp/spark-d1ac9dab-9079-4a7c-8567-d71653a4b382/userFiles-8a8c854f-d77a-431a-8263-1e713a78fe7b/org.lz4_lz4-java-1.7.1.jar
[2023-01-30T20:06:28.437+0000] {spark_submit.py:495} INFO - 23/01/30 20:06:28 INFO Executor: Adding file:/tmp/spark-d1ac9dab-9079-4a7c-8567-d71653a4b382/userFiles-8a8c854f-d77a-431a-8263-1e713a78fe7b/org.lz4_lz4-java-1.7.1.jar to class loader
[2023-01-30T20:06:28.438+0000] {spark_submit.py:495} INFO - 23/01/30 20:06:28 INFO Executor: Fetching spark://15c99fd3082a:44943/jars/org.xerial.snappy_snappy-java-1.1.8.2.jar with timestamp 1675109187098
[2023-01-30T20:06:28.439+0000] {spark_submit.py:495} INFO - 23/01/30 20:06:28 INFO Utils: Fetching spark://15c99fd3082a:44943/jars/org.xerial.snappy_snappy-java-1.1.8.2.jar to /tmp/spark-d1ac9dab-9079-4a7c-8567-d71653a4b382/userFiles-8a8c854f-d77a-431a-8263-1e713a78fe7b/fetchFileTemp721550890289911966.tmp
[2023-01-30T20:06:28.485+0000] {spark_submit.py:495} INFO - 23/01/30 20:06:28 INFO Utils: /tmp/spark-d1ac9dab-9079-4a7c-8567-d71653a4b382/userFiles-8a8c854f-d77a-431a-8263-1e713a78fe7b/fetchFileTemp721550890289911966.tmp has been previously copied to /tmp/spark-d1ac9dab-9079-4a7c-8567-d71653a4b382/userFiles-8a8c854f-d77a-431a-8263-1e713a78fe7b/org.xerial.snappy_snappy-java-1.1.8.2.jar
[2023-01-30T20:06:28.499+0000] {spark_submit.py:495} INFO - 23/01/30 20:06:28 INFO Executor: Adding file:/tmp/spark-d1ac9dab-9079-4a7c-8567-d71653a4b382/userFiles-8a8c854f-d77a-431a-8263-1e713a78fe7b/org.xerial.snappy_snappy-java-1.1.8.2.jar to class loader
[2023-01-30T20:06:28.500+0000] {spark_submit.py:495} INFO - 23/01/30 20:06:28 INFO Executor: Fetching spark://15c99fd3082a:44943/jars/org.mongodb_mongodb-driver-core-4.0.5.jar with timestamp 1675109187098
[2023-01-30T20:06:28.500+0000] {spark_submit.py:495} INFO - 23/01/30 20:06:28 INFO Utils: Fetching spark://15c99fd3082a:44943/jars/org.mongodb_mongodb-driver-core-4.0.5.jar to /tmp/spark-d1ac9dab-9079-4a7c-8567-d71653a4b382/userFiles-8a8c854f-d77a-431a-8263-1e713a78fe7b/fetchFileTemp17178458313435706379.tmp
[2023-01-30T20:06:28.512+0000] {spark_submit.py:495} INFO - 23/01/30 20:06:28 INFO Utils: /tmp/spark-d1ac9dab-9079-4a7c-8567-d71653a4b382/userFiles-8a8c854f-d77a-431a-8263-1e713a78fe7b/fetchFileTemp17178458313435706379.tmp has been previously copied to /tmp/spark-d1ac9dab-9079-4a7c-8567-d71653a4b382/userFiles-8a8c854f-d77a-431a-8263-1e713a78fe7b/org.mongodb_mongodb-driver-core-4.0.5.jar
[2023-01-30T20:06:28.517+0000] {spark_submit.py:495} INFO - 23/01/30 20:06:28 INFO Executor: Adding file:/tmp/spark-d1ac9dab-9079-4a7c-8567-d71653a4b382/userFiles-8a8c854f-d77a-431a-8263-1e713a78fe7b/org.mongodb_mongodb-driver-core-4.0.5.jar to class loader
[2023-01-30T20:06:28.517+0000] {spark_submit.py:495} INFO - 23/01/30 20:06:28 INFO Executor: Fetching spark://15c99fd3082a:44943/jars/org.mongodb.spark_mongo-spark-connector_2.12-3.0.1.jar with timestamp 1675109187098
[2023-01-30T20:06:28.518+0000] {spark_submit.py:495} INFO - 23/01/30 20:06:28 INFO Utils: Fetching spark://15c99fd3082a:44943/jars/org.mongodb.spark_mongo-spark-connector_2.12-3.0.1.jar to /tmp/spark-d1ac9dab-9079-4a7c-8567-d71653a4b382/userFiles-8a8c854f-d77a-431a-8263-1e713a78fe7b/fetchFileTemp16291481638608456947.tmp
[2023-01-30T20:06:28.523+0000] {spark_submit.py:495} INFO - 23/01/30 20:06:28 INFO Utils: /tmp/spark-d1ac9dab-9079-4a7c-8567-d71653a4b382/userFiles-8a8c854f-d77a-431a-8263-1e713a78fe7b/fetchFileTemp16291481638608456947.tmp has been previously copied to /tmp/spark-d1ac9dab-9079-4a7c-8567-d71653a4b382/userFiles-8a8c854f-d77a-431a-8263-1e713a78fe7b/org.mongodb.spark_mongo-spark-connector_2.12-3.0.1.jar
[2023-01-30T20:06:28.527+0000] {spark_submit.py:495} INFO - 23/01/30 20:06:28 INFO Executor: Adding file:/tmp/spark-d1ac9dab-9079-4a7c-8567-d71653a4b382/userFiles-8a8c854f-d77a-431a-8263-1e713a78fe7b/org.mongodb.spark_mongo-spark-connector_2.12-3.0.1.jar to class loader
[2023-01-30T20:06:28.527+0000] {spark_submit.py:495} INFO - 23/01/30 20:06:28 INFO Executor: Fetching spark://15c99fd3082a:44943/jars/org.apache.spark_spark-token-provider-kafka-0-10_2.12-3.1.3.jar with timestamp 1675109187098
[2023-01-30T20:06:28.527+0000] {spark_submit.py:495} INFO - 23/01/30 20:06:28 INFO Utils: Fetching spark://15c99fd3082a:44943/jars/org.apache.spark_spark-token-provider-kafka-0-10_2.12-3.1.3.jar to /tmp/spark-d1ac9dab-9079-4a7c-8567-d71653a4b382/userFiles-8a8c854f-d77a-431a-8263-1e713a78fe7b/fetchFileTemp7096806134943781973.tmp
[2023-01-30T20:06:28.531+0000] {spark_submit.py:495} INFO - 23/01/30 20:06:28 INFO Utils: /tmp/spark-d1ac9dab-9079-4a7c-8567-d71653a4b382/userFiles-8a8c854f-d77a-431a-8263-1e713a78fe7b/fetchFileTemp7096806134943781973.tmp has been previously copied to /tmp/spark-d1ac9dab-9079-4a7c-8567-d71653a4b382/userFiles-8a8c854f-d77a-431a-8263-1e713a78fe7b/org.apache.spark_spark-token-provider-kafka-0-10_2.12-3.1.3.jar
[2023-01-30T20:06:28.546+0000] {spark_submit.py:495} INFO - 23/01/30 20:06:28 INFO Executor: Adding file:/tmp/spark-d1ac9dab-9079-4a7c-8567-d71653a4b382/userFiles-8a8c854f-d77a-431a-8263-1e713a78fe7b/org.apache.spark_spark-token-provider-kafka-0-10_2.12-3.1.3.jar to class loader
[2023-01-30T20:06:28.546+0000] {spark_submit.py:495} INFO - 23/01/30 20:06:28 INFO Executor: Fetching spark://15c99fd3082a:44943/jars/org.apache.kafka_kafka-clients-2.6.0.jar with timestamp 1675109187098
[2023-01-30T20:06:28.547+0000] {spark_submit.py:495} INFO - 23/01/30 20:06:28 INFO Utils: Fetching spark://15c99fd3082a:44943/jars/org.apache.kafka_kafka-clients-2.6.0.jar to /tmp/spark-d1ac9dab-9079-4a7c-8567-d71653a4b382/userFiles-8a8c854f-d77a-431a-8263-1e713a78fe7b/fetchFileTemp2004019555507573461.tmp
[2023-01-30T20:06:28.564+0000] {spark_submit.py:495} INFO - 23/01/30 20:06:28 INFO Utils: /tmp/spark-d1ac9dab-9079-4a7c-8567-d71653a4b382/userFiles-8a8c854f-d77a-431a-8263-1e713a78fe7b/fetchFileTemp2004019555507573461.tmp has been previously copied to /tmp/spark-d1ac9dab-9079-4a7c-8567-d71653a4b382/userFiles-8a8c854f-d77a-431a-8263-1e713a78fe7b/org.apache.kafka_kafka-clients-2.6.0.jar
[2023-01-30T20:06:28.581+0000] {spark_submit.py:495} INFO - 23/01/30 20:06:28 INFO Executor: Adding file:/tmp/spark-d1ac9dab-9079-4a7c-8567-d71653a4b382/userFiles-8a8c854f-d77a-431a-8263-1e713a78fe7b/org.apache.kafka_kafka-clients-2.6.0.jar to class loader
[2023-01-30T20:06:28.581+0000] {spark_submit.py:495} INFO - 23/01/30 20:06:28 INFO Executor: Fetching spark://15c99fd3082a:44943/jars/org.spark-project.spark_unused-1.0.0.jar with timestamp 1675109187098
[2023-01-30T20:06:28.581+0000] {spark_submit.py:495} INFO - 23/01/30 20:06:28 INFO Utils: Fetching spark://15c99fd3082a:44943/jars/org.spark-project.spark_unused-1.0.0.jar to /tmp/spark-d1ac9dab-9079-4a7c-8567-d71653a4b382/userFiles-8a8c854f-d77a-431a-8263-1e713a78fe7b/fetchFileTemp2498011695884688632.tmp
[2023-01-30T20:06:28.584+0000] {spark_submit.py:495} INFO - 23/01/30 20:06:28 INFO Utils: /tmp/spark-d1ac9dab-9079-4a7c-8567-d71653a4b382/userFiles-8a8c854f-d77a-431a-8263-1e713a78fe7b/fetchFileTemp2498011695884688632.tmp has been previously copied to /tmp/spark-d1ac9dab-9079-4a7c-8567-d71653a4b382/userFiles-8a8c854f-d77a-431a-8263-1e713a78fe7b/org.spark-project.spark_unused-1.0.0.jar
[2023-01-30T20:06:28.589+0000] {spark_submit.py:495} INFO - 23/01/30 20:06:28 INFO Executor: Adding file:/tmp/spark-d1ac9dab-9079-4a7c-8567-d71653a4b382/userFiles-8a8c854f-d77a-431a-8263-1e713a78fe7b/org.spark-project.spark_unused-1.0.0.jar to class loader
[2023-01-30T20:06:28.589+0000] {spark_submit.py:495} INFO - 23/01/30 20:06:28 INFO Executor: Fetching spark://15c99fd3082a:44943/jars/org.slf4j_slf4j-api-1.7.30.jar with timestamp 1675109187098
[2023-01-30T20:06:28.589+0000] {spark_submit.py:495} INFO - 23/01/30 20:06:28 INFO Utils: Fetching spark://15c99fd3082a:44943/jars/org.slf4j_slf4j-api-1.7.30.jar to /tmp/spark-d1ac9dab-9079-4a7c-8567-d71653a4b382/userFiles-8a8c854f-d77a-431a-8263-1e713a78fe7b/fetchFileTemp9285473674487675969.tmp
[2023-01-30T20:06:28.591+0000] {spark_submit.py:495} INFO - 23/01/30 20:06:28 INFO Utils: /tmp/spark-d1ac9dab-9079-4a7c-8567-d71653a4b382/userFiles-8a8c854f-d77a-431a-8263-1e713a78fe7b/fetchFileTemp9285473674487675969.tmp has been previously copied to /tmp/spark-d1ac9dab-9079-4a7c-8567-d71653a4b382/userFiles-8a8c854f-d77a-431a-8263-1e713a78fe7b/org.slf4j_slf4j-api-1.7.30.jar
[2023-01-30T20:06:28.603+0000] {spark_submit.py:495} INFO - 23/01/30 20:06:28 INFO Executor: Adding file:/tmp/spark-d1ac9dab-9079-4a7c-8567-d71653a4b382/userFiles-8a8c854f-d77a-431a-8263-1e713a78fe7b/org.slf4j_slf4j-api-1.7.30.jar to class loader
[2023-01-30T20:06:28.603+0000] {spark_submit.py:495} INFO - 23/01/30 20:06:28 INFO Executor: Fetching spark://15c99fd3082a:44943/jars/org.mongodb_mongodb-driver-sync-4.0.5.jar with timestamp 1675109187098
[2023-01-30T20:06:28.603+0000] {spark_submit.py:495} INFO - 23/01/30 20:06:28 INFO Utils: Fetching spark://15c99fd3082a:44943/jars/org.mongodb_mongodb-driver-sync-4.0.5.jar to /tmp/spark-d1ac9dab-9079-4a7c-8567-d71653a4b382/userFiles-8a8c854f-d77a-431a-8263-1e713a78fe7b/fetchFileTemp12464520818202582621.tmp
[2023-01-30T20:06:28.605+0000] {spark_submit.py:495} INFO - 23/01/30 20:06:28 INFO Utils: /tmp/spark-d1ac9dab-9079-4a7c-8567-d71653a4b382/userFiles-8a8c854f-d77a-431a-8263-1e713a78fe7b/fetchFileTemp12464520818202582621.tmp has been previously copied to /tmp/spark-d1ac9dab-9079-4a7c-8567-d71653a4b382/userFiles-8a8c854f-d77a-431a-8263-1e713a78fe7b/org.mongodb_mongodb-driver-sync-4.0.5.jar
[2023-01-30T20:06:28.611+0000] {spark_submit.py:495} INFO - 23/01/30 20:06:28 INFO Executor: Adding file:/tmp/spark-d1ac9dab-9079-4a7c-8567-d71653a4b382/userFiles-8a8c854f-d77a-431a-8263-1e713a78fe7b/org.mongodb_mongodb-driver-sync-4.0.5.jar to class loader
[2023-01-30T20:06:28.611+0000] {spark_submit.py:495} INFO - 23/01/30 20:06:28 INFO Executor: Fetching spark://15c99fd3082a:44943/jars/org.apache.commons_commons-pool2-2.6.2.jar with timestamp 1675109187098
[2023-01-30T20:06:28.613+0000] {spark_submit.py:495} INFO - 23/01/30 20:06:28 INFO Utils: Fetching spark://15c99fd3082a:44943/jars/org.apache.commons_commons-pool2-2.6.2.jar to /tmp/spark-d1ac9dab-9079-4a7c-8567-d71653a4b382/userFiles-8a8c854f-d77a-431a-8263-1e713a78fe7b/fetchFileTemp2843138665288099722.tmp
[2023-01-30T20:06:28.621+0000] {spark_submit.py:495} INFO - 23/01/30 20:06:28 INFO Utils: /tmp/spark-d1ac9dab-9079-4a7c-8567-d71653a4b382/userFiles-8a8c854f-d77a-431a-8263-1e713a78fe7b/fetchFileTemp2843138665288099722.tmp has been previously copied to /tmp/spark-d1ac9dab-9079-4a7c-8567-d71653a4b382/userFiles-8a8c854f-d77a-431a-8263-1e713a78fe7b/org.apache.commons_commons-pool2-2.6.2.jar
[2023-01-30T20:06:28.627+0000] {spark_submit.py:495} INFO - 23/01/30 20:06:28 INFO Executor: Adding file:/tmp/spark-d1ac9dab-9079-4a7c-8567-d71653a4b382/userFiles-8a8c854f-d77a-431a-8263-1e713a78fe7b/org.apache.commons_commons-pool2-2.6.2.jar to class loader
[2023-01-30T20:06:28.643+0000] {spark_submit.py:495} INFO - 23/01/30 20:06:28 INFO Utils: Successfully started service 'org.apache.spark.network.netty.NettyBlockTransferService' on port 37501.
[2023-01-30T20:06:28.644+0000] {spark_submit.py:495} INFO - 23/01/30 20:06:28 INFO NettyBlockTransferService: Server created on 15c99fd3082a:37501
[2023-01-30T20:06:28.647+0000] {spark_submit.py:495} INFO - 23/01/30 20:06:28 INFO BlockManager: Using org.apache.spark.storage.RandomBlockReplicationPolicy for block replication policy
[2023-01-30T20:06:28.661+0000] {spark_submit.py:495} INFO - 23/01/30 20:06:28 INFO BlockManagerMaster: Registering BlockManager BlockManagerId(driver, 15c99fd3082a, 37501, None)
[2023-01-30T20:06:28.673+0000] {spark_submit.py:495} INFO - 23/01/30 20:06:28 INFO BlockManagerMasterEndpoint: Registering block manager 15c99fd3082a:37501 with 434.4 MiB RAM, BlockManagerId(driver, 15c99fd3082a, 37501, None)
[2023-01-30T20:06:28.676+0000] {spark_submit.py:495} INFO - 23/01/30 20:06:28 INFO BlockManagerMaster: Registered BlockManager BlockManagerId(driver, 15c99fd3082a, 37501, None)
[2023-01-30T20:06:28.678+0000] {spark_submit.py:495} INFO - 23/01/30 20:06:28 INFO BlockManager: Initialized BlockManager: BlockManagerId(driver, 15c99fd3082a, 37501, None)
[2023-01-30T20:06:34.551+0000] {spark_submit.py:495} INFO - 2023-01-30 20:06:34,551 - py4j.java_gateway - INFO - Callback Server Starting
[2023-01-30T20:06:34.560+0000] {spark_submit.py:495} INFO - 2023-01-30 20:06:34,559 - py4j.java_gateway - INFO - Socket listening on ('127.0.0.1', 40937)
[2023-01-30T20:06:38.943+0000] {spark_submit.py:495} INFO - 2023-01-30 20:06:38,942 - py4j.clientserver - INFO - Python Server ready to receive messages
[2023-01-30T20:06:38.944+0000] {spark_submit.py:495} INFO - 2023-01-30 20:06:38,943 - py4j.clientserver - INFO - Received command c on object id p0
[2023-01-30T20:06:39.424+0000] {spark_submit.py:495} INFO - -------------------------------------------
[2023-01-30T20:06:39.424+0000] {spark_submit.py:495} INFO - Batch: 0
[2023-01-30T20:06:39.424+0000] {spark_submit.py:495} INFO - -------------------------------------------
[2023-01-30T20:06:39.507+0000] {spark_submit.py:495} INFO - +---+-------------+-----+-------------+----------+----------------+------------+-----------------+--------------+-------------+
[2023-01-30T20:06:39.507+0000] {spark_submit.py:495} INFO - |id |nameOfProduct|price|ProductStatus|SellerName|RegistrationDate|QuantitySold|QuantityAvailable|Free shipping?|Store ratings|
[2023-01-30T20:06:39.507+0000] {spark_submit.py:495} INFO - +---+-------------+-----+-------------+----------+----------------+------------+-----------------+--------------+-------------+
[2023-01-30T20:06:39.508+0000] {spark_submit.py:495} INFO - +---+-------------+-----+-------------+----------+----------------+------------+-----------------+--------------+-------------+
[2023-01-30T20:06:39.508+0000] {spark_submit.py:495} INFO - 
[2023-01-30T20:07:25.827+0000] {spark_submit.py:495} INFO - 2023-01-30 20:07:25,827 - py4j.clientserver - INFO - Received command c on object id p0
[2023-01-30T20:07:27.337+0000] {spark_submit.py:495} INFO - 2023-01-30 20:07:27,337 - py4j.clientserver - INFO - Received command c on object id p0
[2023-01-30T20:08:00.675+0000] {spark_submit.py:495} INFO - -------------------------------------------
[2023-01-30T20:08:00.676+0000] {spark_submit.py:495} INFO - Batch: 1
[2023-01-30T20:08:00.676+0000] {spark_submit.py:495} INFO - -------------------------------------------
[2023-01-30T20:08:00.747+0000] {spark_submit.py:495} INFO - +-------------+-------------------------------------------------------------------------------------------------------------+---------+-------------+--------------------------+-------------------+------------+-----------------+------------------------------+-------------+
[2023-01-30T20:08:00.747+0000] {spark_submit.py:495} INFO - |id           |nameOfProduct                                                                                                |price    |ProductStatus|SellerName                |RegistrationDate   |QuantitySold|QuantityAvailable|Free shipping?                |Store ratings|
[2023-01-30T20:08:00.748+0000] {spark_submit.py:495} INFO - +-------------+-------------------------------------------------------------------------------------------------------------+---------+-------------+--------------------------+-------------------+------------+-----------------+------------------------------+-------------+
[2023-01-30T20:08:00.748+0000] {spark_submit.py:495} INFO - |MLA1221192372|Disco Duro Externo Western Digital Wd Elements Portable Wdbu6y0020bbk 2tb Negro                              |25999.0  |new          |OVERHARD DIGITAL          |2015-01-08 12:19:41|500         |50               |Your shipment arrives today   |4.5          |
[2023-01-30T20:08:00.748+0000] {spark_submit.py:495} INFO - |MLA1157512489|Placa De Video Nvidia Evga  Sc Gaming Geforce Gtx 16 Series Gtx 1660 Super 06g-p4-1068-kr 6gb                |124999.0 |new          |PCREGISTRADAOK            |2020-11-02 13:17:33|50          |1                |Your shipment arrives today   |4.5          |
[2023-01-30T20:08:00.748+0000] {spark_submit.py:495} INFO - |MLA1160178907|Memoria Ram Fury Beast Gamer Color Negro  16gb 1 Kingston Kf432c16bb/16                                      |22999.0  |new          |OVERHARD DIGITAL          |2015-01-08 12:19:41|500         |1                |Your shipment arrives tomorrow|4.5          |
[2023-01-30T20:08:00.748+0000] {spark_submit.py:495} INFO - |MLA882277177 |Capturadora Video Hdmi Digital Full Hd Usb Streaming                                                         |2699.0   |new          |BSK-IMPORTS               |2019-12-30 23:07:04|500         |1                |You have to pay the shipping  |3.0          |
[2023-01-30T20:08:00.748+0000] {spark_submit.py:495} INFO - |MLA1168362675|Memoria Ram Fury Beast Ddr4 Rgb Gamer Color Negro  16gb 1 Kingston Kf432c16bba/16                            |26773.76 |new          |MARSTECHSRLMARSTECHSRL    |2020-08-05 14:27:59|150         |1                |Your shipment arrives today   |4.5          |
[2023-01-30T20:08:00.748+0000] {spark_submit.py:495} INFO - |MLA923637669 |Placa De Video Geforce Gt 740 2gb Gddr5 Hdmi Vga Fortnite                                                    |28699.0  |new          |INDIGOTRADE               |2018-01-05 19:21:16|500         |50               |Your shipment arrives today   |4.5          |
[2023-01-30T20:08:00.749+0000] {spark_submit.py:495} INFO - |MLA902808321 |Procesador Gamer Intel Core I3-10100f Bx8070110100f De 4 Ncleos Y  4.3ghz De Frecuencia                     |23699.0  |new          |MALL WEB                  |2016-05-26 20:28:35|500         |1                |Your shipment arrives tomorrow|4.5          |
[2023-01-30T20:08:00.749+0000] {spark_submit.py:495} INFO - |MLA844489972 |Disco Duro Interno Seagate Barracuda St1000dm010 1tb                                                         |11599.0  |new          |DALECLCK                 |2015-03-16 12:07:23|5000        |500              |You have to pay the shipping  |5.0          |
[2023-01-30T20:08:00.749+0000] {spark_submit.py:495} INFO - |MLA1160204806|Memoria Ram Fury Beast Ddr4 Gamer Color Negro  8gb 1 Kingston Kf432c16bb/8                                   |14999.0  |new          |OVERHARD DIGITAL          |2015-01-08 12:19:41|500         |50               |You have to pay the shipping  |4.5          |
[2023-01-30T20:08:00.749+0000] {spark_submit.py:495} INFO - |MLA1157627908|Disco Duro Externo Seagate Expansion Stkm1000400 1tb Negro                                                   |18495.0  |new          |TECNOSTOCK.COM.AR         |2019-12-12 15:09:43|50          |50               |Your shipment arrives tomorrow|4.5          |
[2023-01-30T20:08:00.749+0000] {spark_submit.py:495} INFO - |MLA1302136118|Disco Duro Interno Seagate Barracuda St2000dm008 2tb Plata                                                   |18271.0  |new          |DIAMONDSYSTEMSANJUSTOML   |2016-04-08 17:21:06|150         |1                |Your shipment arrives tomorrow|4.5          |
[2023-01-30T20:08:00.749+0000] {spark_submit.py:495} INFO - |MLA1220964588|Procesador Gamer Intel Core I5-10400f Bx8070110400f De 6 Ncleos Y  4.3ghz De Frecuencia                     |45899.0  |new          |OVERHARD DIGITAL          |2015-01-08 12:19:41|50          |1                |Your shipment arrives today   |4.5          |
[2023-01-30T20:08:00.749+0000] {spark_submit.py:495} INFO - |MLA1183925519|Placa De Video Nvidia Zotac  Gaming Geforce Rtx 30 Series Rtx 3080 Ti Zt-a30810d-10p 12gb                    |299999.0 |new          |ESTUDIOSMPSRLESTUDIOSMPSRL|2020-11-29 18:36:32|50          |1                |Your shipment arrives today   |4.5          |
[2023-01-30T20:08:00.749+0000] {spark_submit.py:495} INFO - |MLA1314590445|Disco Slido Interno Pny Ssd7cs900-240-rb 240gb Negro                                                        |7799.0   |new          |ELECTRO-SHOWS             |2010-03-26 01:08:16|250         |250              |You have to pay the shipping  |4.5          |
[2023-01-30T20:08:00.750+0000] {spark_submit.py:495} INFO - |MLA917698539 |Capturadora Video Usb Easycap Vhs A Dvd Digital Rca Easy Cap                                                 |2899.0   |new          |BSK-IMPORTS               |2019-12-30 23:07:04|500         |50               |You have to pay the shipping  |3.0          |
[2023-01-30T20:08:00.750+0000] {spark_submit.py:495} INFO - |MLA1301642528|Placa De Video Nvidia Msi  Ventus Geforce Rtx 20 Series Rtx 2060 Geforce Rtx 2060 Ventus 6g Oc Oc Edition 6gb|134999.0 |new          |ITS-COMPUTACION           |2012-10-18 20:37:49|5           |1                |Your shipment arrives today   |4.5          |
[2023-01-30T20:08:00.750+0000] {spark_submit.py:495} INFO - |MLA872881277 |Procesador Intel Core I5-10400 Bx8070110400 De 6 Ncleos Y  4.3ghz De Frecuencia Con Grfica Integrada       |51099.0  |new          |MALL WEB                  |2016-05-26 20:28:35|500         |1                |Your shipment arrives today   |4.5          |
[2023-01-30T20:08:00.750+0000] {spark_submit.py:495} INFO - |MLA1272836523|Disco Duro Interno Western Digital  Wd20ezaz 2tb Azul                                                        |16999.0  |new          |TIENDA DELTA              |2011-09-15 21:48:50|200         |1                |Your shipment arrives tomorrow|4.5          |
[2023-01-30T20:08:00.750+0000] {spark_submit.py:495} INFO - |MLA1140325892|Disco Slido Interno Kingston Sa400s37/240g 240gb Gris                                                       |8339.0   |new          |DIAMONDSYSTEMPADUAML      |2015-07-01 12:32:22|500         |250              |You have to pay the shipping  |4.5          |
[2023-01-30T20:08:00.750+0000] {spark_submit.py:495} INFO - |MLA1148481665|Microprocesador Pc Amd Ryzen 5 4600g 8mb 3.7ghz Socket Am4 100-100000147box 6 Nucleos 12 Hilos               |58899.0  |new          |MALL WEB                  |2016-05-26 20:28:35|150         |1                |Your shipment arrives today   |4.5          |
[2023-01-30T20:08:00.750+0000] {spark_submit.py:495} INFO - |MLA1163233412|Placa De Video Nvidia Msi  Geforce 700 Series Gt 730 N730k-2gd3h/lpv1 2gb                                    |34659.0  |new          |PCREGISTRADAOK            |2020-11-02 13:17:33|4           |1                |Your shipment arrives today   |4.5          |
[2023-01-30T20:08:00.750+0000] {spark_submit.py:495} INFO - |MLA1150584684|Fuente De Alimentacin Para Pc Aureox Unlimited Series Arxgu-80pbz-550w 550w Negra 230v                      |16890.0  |new          |JORGEVOLUTION             |2015-12-03 13:39:36|25          |1                |Your shipment arrives tomorrow|4.5          |
[2023-01-30T20:08:00.750+0000] {spark_submit.py:495} INFO - |MLA1222229742|Placa De Video Nvidia Evga  Ko Gaming Geforce Rtx 20 Series Rtx 2060 06g-p4-2068-kr 6gb                      |128597.78|new          |MARSTECHSRLMARSTECHSRL    |2020-08-05 14:27:59|5           |1                |Your shipment arrives today   |4.5          |
[2023-01-30T20:08:00.751+0000] {spark_submit.py:495} INFO - |MLA1309797523|Micro Procesador Ryzen 5 4500 6 Nucleos 4.1ghz Amd Ddr4 Pc                                                   |43725.86 |new          |MARSTECHSRLMARSTECHSRL    |2020-08-05 14:27:59|5           |1                |Your shipment arrives today   |4.5          |
[2023-01-30T20:08:00.751+0000] {spark_submit.py:495} INFO - |MLA1103890625|Placa De Video Geforce Gigabyte Gt 1030 2gb Ddr4 Low Profile                                                 |65373.0  |new          |DIAMONDSYSTEMSANJUSTOML   |2016-04-08 17:21:06|3           |1                |Your shipment arrives today   |4.5          |
[2023-01-30T20:08:00.751+0000] {spark_submit.py:495} INFO - |MLA1224499067|Fuente De Alimentacion Pc Iqual 600w Cooler 80mm Atx Oficial                                                 |3999.0   |new          |DALECLCK                 |2015-03-16 12:07:23|250         |50               |You have to pay the shipping  |3.5          |
[2023-01-30T20:08:00.751+0000] {spark_submit.py:495} INFO - |MLA1288628607|Placa De Video Amd Asrock Challenger D Radeon Rx 6700 Series Rx 6700 Xt Rx6700xt Cld 12gb                    |172403.0 |new          |LAPLATA.NOTEBOOKS         |2017-08-03 20:43:24|5           |1                |Your shipment arrives today   |4.5          |
[2023-01-30T20:08:00.751+0000] {spark_submit.py:495} INFO - |MLA1313972631|Disco Duro Externo Seagate Expansion Stkm2000400 2tb Negro                                                   |25899.0  |new          |TECNOSTOCK.COM.AR         |2019-12-12 15:09:43|5           |50               |Your shipment arrives today   |4.5          |
[2023-01-30T20:08:00.751+0000] {spark_submit.py:495} INFO - +-------------+-------------------------------------------------------------------------------------------------------------+---------+-------------+--------------------------+-------------------+------------+-----------------+------------------------------+-------------+
[2023-01-30T20:08:00.751+0000] {spark_submit.py:495} INFO - 
[2023-01-30T20:08:30.716+0000] {spark_submit.py:495} INFO - 2023-01-30 20:08:30,714 - py4j.clientserver - INFO - Received command c on object id p0
[2023-01-30T20:09:00.886+0000] {spark_submit.py:495} INFO - -------------------------------------------
[2023-01-30T20:09:00.886+0000] {spark_submit.py:495} INFO - Batch: 2
[2023-01-30T20:09:00.886+0000] {spark_submit.py:495} INFO - -------------------------------------------
[2023-01-30T20:09:00.912+0000] {spark_submit.py:495} INFO - +-------------+-------------------------------------------------------------------------------------------------------------+---------+-------------+--------------------------+-------------------+------------+-----------------+------------------------------+-------------+
[2023-01-30T20:09:00.912+0000] {spark_submit.py:495} INFO - |id           |nameOfProduct                                                                                                |price    |ProductStatus|SellerName                |RegistrationDate   |QuantitySold|QuantityAvailable|Free shipping?                |Store ratings|
[2023-01-30T20:09:00.912+0000] {spark_submit.py:495} INFO - +-------------+-------------------------------------------------------------------------------------------------------------+---------+-------------+--------------------------+-------------------+------------+-----------------+------------------------------+-------------+
[2023-01-30T20:09:00.912+0000] {spark_submit.py:495} INFO - |MLA1221192372|Disco Duro Externo Western Digital Wd Elements Portable Wdbu6y0020bbk 2tb Negro                              |25999.0  |new          |OVERHARD DIGITAL          |2015-01-08 12:19:41|500         |50               |Your shipment arrives today   |4.5          |
[2023-01-30T20:09:00.912+0000] {spark_submit.py:495} INFO - |MLA1157512489|Placa De Video Nvidia Evga  Sc Gaming Geforce Gtx 16 Series Gtx 1660 Super 06g-p4-1068-kr 6gb                |124999.0 |new          |PCREGISTRADAOK            |2020-11-02 13:17:33|50          |1                |Your shipment arrives today   |4.5          |
[2023-01-30T20:09:00.913+0000] {spark_submit.py:495} INFO - |MLA1160178907|Memoria Ram Fury Beast Gamer Color Negro  16gb 1 Kingston Kf432c16bb/16                                      |22999.0  |new          |OVERHARD DIGITAL          |2015-01-08 12:19:41|500         |1                |Your shipment arrives tomorrow|4.5          |
[2023-01-30T20:09:00.913+0000] {spark_submit.py:495} INFO - |MLA882277177 |Capturadora Video Hdmi Digital Full Hd Usb Streaming                                                         |2699.0   |new          |BSK-IMPORTS               |2019-12-30 23:07:04|500         |1                |You have to pay the shipping  |3.0          |
[2023-01-30T20:09:00.913+0000] {spark_submit.py:495} INFO - |MLA1168362675|Memoria Ram Fury Beast Ddr4 Rgb Gamer Color Negro  16gb 1 Kingston Kf432c16bba/16                            |26773.76 |new          |MARSTECHSRLMARSTECHSRL    |2020-08-05 14:27:59|150         |1                |Your shipment arrives today   |4.5          |
[2023-01-30T20:09:00.913+0000] {spark_submit.py:495} INFO - |MLA923637669 |Placa De Video Geforce Gt 740 2gb Gddr5 Hdmi Vga Fortnite                                                    |28699.0  |new          |INDIGOTRADE               |2018-01-05 19:21:16|500         |50               |Your shipment arrives today   |4.5          |
[2023-01-30T20:09:00.913+0000] {spark_submit.py:495} INFO - |MLA902808321 |Procesador Gamer Intel Core I3-10100f Bx8070110100f De 4 Ncleos Y  4.3ghz De Frecuencia                     |23699.0  |new          |MALL WEB                  |2016-05-26 20:28:35|500         |1                |Your shipment arrives tomorrow|4.5          |
[2023-01-30T20:09:00.913+0000] {spark_submit.py:495} INFO - |MLA844489972 |Disco Duro Interno Seagate Barracuda St1000dm010 1tb                                                         |11599.0  |new          |DALECLCK                 |2015-03-16 12:07:23|5000        |500              |You have to pay the shipping  |5.0          |
[2023-01-30T20:09:00.913+0000] {spark_submit.py:495} INFO - |MLA1160204806|Memoria Ram Fury Beast Ddr4 Gamer Color Negro  8gb 1 Kingston Kf432c16bb/8                                   |14999.0  |new          |OVERHARD DIGITAL          |2015-01-08 12:19:41|500         |50               |You have to pay the shipping  |4.5          |
[2023-01-30T20:09:00.913+0000] {spark_submit.py:495} INFO - |MLA1157627908|Disco Duro Externo Seagate Expansion Stkm1000400 1tb Negro                                                   |18495.0  |new          |TECNOSTOCK.COM.AR         |2019-12-12 15:09:43|50          |50               |Your shipment arrives tomorrow|4.5          |
[2023-01-30T20:09:00.914+0000] {spark_submit.py:495} INFO - |MLA1302136118|Disco Duro Interno Seagate Barracuda St2000dm008 2tb Plata                                                   |18271.0  |new          |DIAMONDSYSTEMSANJUSTOML   |2016-04-08 17:21:06|150         |1                |Your shipment arrives tomorrow|4.5          |
[2023-01-30T20:09:00.914+0000] {spark_submit.py:495} INFO - |MLA1220964588|Procesador Gamer Intel Core I5-10400f Bx8070110400f De 6 Ncleos Y  4.3ghz De Frecuencia                     |45899.0  |new          |OVERHARD DIGITAL          |2015-01-08 12:19:41|50          |1                |Your shipment arrives today   |4.5          |
[2023-01-30T20:09:00.914+0000] {spark_submit.py:495} INFO - |MLA1183925519|Placa De Video Nvidia Zotac  Gaming Geforce Rtx 30 Series Rtx 3080 Ti Zt-a30810d-10p 12gb                    |299999.0 |new          |ESTUDIOSMPSRLESTUDIOSMPSRL|2020-11-29 18:36:32|50          |1                |Your shipment arrives today   |4.5          |
[2023-01-30T20:09:00.914+0000] {spark_submit.py:495} INFO - |MLA1314590445|Disco Slido Interno Pny Ssd7cs900-240-rb 240gb Negro                                                        |7799.0   |new          |ELECTRO-SHOWS             |2010-03-26 01:08:16|250         |250              |You have to pay the shipping  |4.5          |
[2023-01-30T20:09:00.914+0000] {spark_submit.py:495} INFO - |MLA917698539 |Capturadora Video Usb Easycap Vhs A Dvd Digital Rca Easy Cap                                                 |2899.0   |new          |BSK-IMPORTS               |2019-12-30 23:07:04|500         |50               |You have to pay the shipping  |3.0          |
[2023-01-30T20:09:00.914+0000] {spark_submit.py:495} INFO - |MLA1301642528|Placa De Video Nvidia Msi  Ventus Geforce Rtx 20 Series Rtx 2060 Geforce Rtx 2060 Ventus 6g Oc Oc Edition 6gb|134999.0 |new          |ITS-COMPUTACION           |2012-10-18 20:37:49|5           |1                |Your shipment arrives today   |4.5          |
[2023-01-30T20:09:00.914+0000] {spark_submit.py:495} INFO - |MLA872881277 |Procesador Intel Core I5-10400 Bx8070110400 De 6 Ncleos Y  4.3ghz De Frecuencia Con Grfica Integrada       |51099.0  |new          |MALL WEB                  |2016-05-26 20:28:35|500         |1                |Your shipment arrives today   |4.5          |
[2023-01-30T20:09:00.914+0000] {spark_submit.py:495} INFO - |MLA1272836523|Disco Duro Interno Western Digital  Wd20ezaz 2tb Azul                                                        |16999.0  |new          |TIENDA DELTA              |2011-09-15 21:48:50|200         |1                |Your shipment arrives tomorrow|4.5          |
[2023-01-30T20:09:00.914+0000] {spark_submit.py:495} INFO - |MLA1140325892|Disco Slido Interno Kingston Sa400s37/240g 240gb Gris                                                       |8339.0   |new          |DIAMONDSYSTEMPADUAML      |2015-07-01 12:32:22|500         |250              |You have to pay the shipping  |4.5          |
[2023-01-30T20:09:00.915+0000] {spark_submit.py:495} INFO - |MLA1148481665|Microprocesador Pc Amd Ryzen 5 4600g 8mb 3.7ghz Socket Am4 100-100000147box 6 Nucleos 12 Hilos               |58899.0  |new          |MALL WEB                  |2016-05-26 20:28:35|150         |1                |Your shipment arrives today   |4.5          |
[2023-01-30T20:09:00.915+0000] {spark_submit.py:495} INFO - |MLA1163233412|Placa De Video Nvidia Msi  Geforce 700 Series Gt 730 N730k-2gd3h/lpv1 2gb                                    |34659.0  |new          |PCREGISTRADAOK            |2020-11-02 13:17:33|4           |1                |Your shipment arrives today   |4.5          |
[2023-01-30T20:09:00.915+0000] {spark_submit.py:495} INFO - |MLA1150584684|Fuente De Alimentacin Para Pc Aureox Unlimited Series Arxgu-80pbz-550w 550w Negra 230v                      |16890.0  |new          |JORGEVOLUTION             |2015-12-03 13:39:36|25          |1                |Your shipment arrives tomorrow|4.5          |
[2023-01-30T20:09:00.915+0000] {spark_submit.py:495} INFO - |MLA1222229742|Placa De Video Nvidia Evga  Ko Gaming Geforce Rtx 20 Series Rtx 2060 06g-p4-2068-kr 6gb                      |128597.78|new          |MARSTECHSRLMARSTECHSRL    |2020-08-05 14:27:59|5           |1                |Your shipment arrives today   |4.5          |
[2023-01-30T20:09:00.915+0000] {spark_submit.py:495} INFO - |MLA1309797523|Micro Procesador Ryzen 5 4500 6 Nucleos 4.1ghz Amd Ddr4 Pc                                                   |43725.86 |new          |MARSTECHSRLMARSTECHSRL    |2020-08-05 14:27:59|5           |1                |Your shipment arrives today   |4.5          |
[2023-01-30T20:09:00.915+0000] {spark_submit.py:495} INFO - |MLA1103890625|Placa De Video Geforce Gigabyte Gt 1030 2gb Ddr4 Low Profile                                                 |65373.0  |new          |DIAMONDSYSTEMSANJUSTOML   |2016-04-08 17:21:06|3           |1                |Your shipment arrives today   |4.5          |
[2023-01-30T20:09:00.915+0000] {spark_submit.py:495} INFO - |MLA1224499067|Fuente De Alimentacion Pc Iqual 600w Cooler 80mm Atx Oficial                                                 |3999.0   |new          |DALECLCK                 |2015-03-16 12:07:23|250         |50               |You have to pay the shipping  |3.5          |
[2023-01-30T20:09:00.915+0000] {spark_submit.py:495} INFO - |MLA1288628607|Placa De Video Amd Asrock Challenger D Radeon Rx 6700 Series Rx 6700 Xt Rx6700xt Cld 12gb                    |172403.0 |new          |LAPLATA.NOTEBOOKS         |2017-08-03 20:43:24|5           |1                |Your shipment arrives today   |4.5          |
[2023-01-30T20:09:00.915+0000] {spark_submit.py:495} INFO - |MLA1313972631|Disco Duro Externo Seagate Expansion Stkm2000400 2tb Negro                                                   |25899.0  |new          |TECNOSTOCK.COM.AR         |2019-12-12 15:09:43|5           |50               |Your shipment arrives today   |4.5          |
[2023-01-30T20:09:00.915+0000] {spark_submit.py:495} INFO - +-------------+-------------------------------------------------------------------------------------------------------------+---------+-------------+--------------------------+-------------------+------------+-----------------+------------------------------+-------------+
[2023-01-30T20:09:00.916+0000] {spark_submit.py:495} INFO - 
[2023-01-30T20:13:19.126+0000] {local_task_job.py:207} WARNING - Recorded pid 33401 does not match the current pid 32342
[2023-01-30T20:13:19.128+0000] {process_utils.py:133} INFO - Sending Signals.SIGTERM to group 32342. PIDs of all processes in the group: [32343, 32396, 32342]
[2023-01-30T20:13:19.128+0000] {process_utils.py:84} INFO - Sending the signal Signals.SIGTERM to group 32342
[2023-01-30T20:13:19.128+0000] {taskinstance.py:1483} ERROR - Received SIGTERM. Terminating subprocesses.
[2023-01-30T20:13:19.129+0000] {spark_submit.py:620} INFO - Sending kill signal to spark-submit
[2023-01-30T20:13:19.147+0000] {taskinstance.py:1772} ERROR - Task failed with exception
Traceback (most recent call last):
  File "/home/airflow/.local/lib/python3.7/site-packages/airflow/providers/apache/spark/operators/spark_submit.py", line 157, in execute
    self._hook.submit(self._application)
  File "/home/airflow/.local/lib/python3.7/site-packages/airflow/providers/apache/spark/hooks/spark_submit.py", line 414, in submit
    self._process_spark_submit_log(iter(self._submit_sp.stdout))  # type: ignore
  File "/home/airflow/.local/lib/python3.7/site-packages/airflow/providers/apache/spark/hooks/spark_submit.py", line 463, in _process_spark_submit_log
    for line in itr:
  File "/home/airflow/.local/lib/python3.7/site-packages/airflow/models/taskinstance.py", line 1485, in signal_handler
    raise AirflowException("Task received SIGTERM signal")
airflow.exceptions.AirflowException: Task received SIGTERM signal
[2023-01-30T20:13:19.151+0000] {taskinstance.py:1327} INFO - Marking task as UP_FOR_RETRY. dag_id=Streaming_pipeline_meli, task_id=consumer_data_of_topic, execution_date=20230127T184927, start_date=20230130T201317, end_date=20230130T201319
[2023-01-30T20:13:19.168+0000] {standard_task_runner.py:105} ERROR - Failed to execute job 1263 for task consumer_data_of_topic (Task received SIGTERM signal; 32342)
[2023-01-30T20:13:19.233+0000] {process_utils.py:79} INFO - Process psutil.Process(pid=32396, status='terminated', started='20:06:26') (32396) terminated with exit code None
[2023-01-30T20:13:19.234+0000] {process_utils.py:79} INFO - Process psutil.Process(pid=32342, status='terminated', exitcode=1, started='20:06:23') (32342) terminated with exit code 1
[2023-01-30T20:13:19.234+0000] {process_utils.py:79} INFO - Process psutil.Process(pid=32343, status='terminated', started='20:06:23') (32343) terminated with exit code None
