[2023-01-30T18:50:17.877+0000] {taskinstance.py:1087} INFO - Dependencies all met for <TaskInstance: Streaming_pipeline_meli.consumer_data_of_topic manual__2023-01-27T18:49:27.597637+00:00 [queued]>
[2023-01-30T18:50:17.887+0000] {taskinstance.py:1087} INFO - Dependencies all met for <TaskInstance: Streaming_pipeline_meli.consumer_data_of_topic manual__2023-01-27T18:49:27.597637+00:00 [queued]>
[2023-01-30T18:50:17.887+0000] {taskinstance.py:1283} INFO - 
--------------------------------------------------------------------------------
[2023-01-30T18:50:17.888+0000] {taskinstance.py:1284} INFO - Starting attempt 70 of 75
[2023-01-30T18:50:17.888+0000] {taskinstance.py:1285} INFO - 
--------------------------------------------------------------------------------
[2023-01-30T18:50:17.906+0000] {taskinstance.py:1304} INFO - Executing <Task(SparkSubmitOperator): consumer_data_of_topic> on 2023-01-27 18:49:27.597637+00:00
[2023-01-30T18:50:17.913+0000] {standard_task_runner.py:55} INFO - Started process 18485 to run task
[2023-01-30T18:50:17.931+0000] {standard_task_runner.py:82} INFO - Running: ['***', 'tasks', 'run', 'Streaming_pipeline_meli', 'consumer_data_of_topic', 'manual__2023-01-27T18:49:27.597637+00:00', '--job-id', '1240', '--raw', '--subdir', 'DAGS_FOLDER/streamPipeline.py', '--cfg-path', '/tmp/tmp4j78mxj5']
[2023-01-30T18:50:17.931+0000] {standard_task_runner.py:83} INFO - Job 1240: Subtask consumer_data_of_topic
[2023-01-30T18:50:18.006+0000] {task_command.py:389} INFO - Running <TaskInstance: Streaming_pipeline_meli.consumer_data_of_topic manual__2023-01-27T18:49:27.597637+00:00 [running]> on host 15c99fd3082a
[2023-01-30T18:50:18.099+0000] {taskinstance.py:1513} INFO - Exporting the following env vars:
AIRFLOW_CTX_DAG_OWNER=***
AIRFLOW_CTX_DAG_ID=Streaming_pipeline_meli
AIRFLOW_CTX_TASK_ID=consumer_data_of_topic
AIRFLOW_CTX_EXECUTION_DATE=2023-01-27T18:49:27.597637+00:00
AIRFLOW_CTX_TRY_NUMBER=70
AIRFLOW_CTX_DAG_RUN_ID=manual__2023-01-27T18:49:27.597637+00:00
[2023-01-30T18:50:18.109+0000] {base.py:73} INFO - Using connection ID 'spark_default' for task execution.
[2023-01-30T18:50:18.110+0000] {spark_submit.py:344} INFO - Spark-Submit cmd: spark-submit --master spark://tomi-H310:7077 --packages org.apache.spark:spark-sql-kafka-0-10_2.12:3.1.3,org.mongodb.spark:mongo-spark-connector_2.12:3.0.1 --name arrow-spark --queue root.default /opt/***/dags/consumerSpark.py
[2023-01-30T18:50:18.265+0000] {spark_submit.py:495} INFO - /home/***/.local/lib/python3.7/site-packages/pyspark/bin/load-spark-env.sh: line 68: ps: command not found
[2023-01-30T18:50:22.260+0000] {spark_submit.py:495} INFO - :: loading settings :: url = jar:file:/home/***/.local/lib/python3.7/site-packages/pyspark/jars/ivy-2.5.0.jar!/org/apache/ivy/core/settings/ivysettings.xml
[2023-01-30T18:50:22.372+0000] {spark_submit.py:495} INFO - Ivy Default Cache set to: /home/***/.ivy2/cache
[2023-01-30T18:50:22.372+0000] {spark_submit.py:495} INFO - The jars for the packages stored in: /home/***/.ivy2/jars
[2023-01-30T18:50:22.392+0000] {spark_submit.py:495} INFO - org.apache.spark#spark-sql-kafka-0-10_2.12 added as a dependency
[2023-01-30T18:50:22.392+0000] {spark_submit.py:495} INFO - org.mongodb.spark#mongo-spark-connector_2.12 added as a dependency
[2023-01-30T18:50:22.394+0000] {spark_submit.py:495} INFO - :: resolving dependencies :: org.apache.spark#spark-submit-parent-a0dffb89-11dd-4e9a-96c9-015b943dcee6;1.0
[2023-01-30T18:50:22.394+0000] {spark_submit.py:495} INFO - confs: [default]
[2023-01-30T18:50:22.617+0000] {spark_submit.py:495} INFO - found org.apache.spark#spark-sql-kafka-0-10_2.12;3.1.3 in central
[2023-01-30T18:50:22.739+0000] {spark_submit.py:495} INFO - found org.apache.spark#spark-token-provider-kafka-0-10_2.12;3.1.3 in central
[2023-01-30T18:50:22.792+0000] {spark_submit.py:495} INFO - found org.apache.kafka#kafka-clients;2.6.0 in central
[2023-01-30T18:50:22.841+0000] {spark_submit.py:495} INFO - found com.github.luben#zstd-jni;1.4.8-1 in central
[2023-01-30T18:50:22.881+0000] {spark_submit.py:495} INFO - found org.lz4#lz4-java;1.7.1 in central
[2023-01-30T18:50:22.923+0000] {spark_submit.py:495} INFO - found org.xerial.snappy#snappy-java;1.1.8.2 in central
[2023-01-30T18:50:22.970+0000] {spark_submit.py:495} INFO - found org.slf4j#slf4j-api;1.7.30 in central
[2023-01-30T18:50:23.029+0000] {spark_submit.py:495} INFO - found org.spark-project.spark#unused;1.0.0 in central
[2023-01-30T18:50:23.078+0000] {spark_submit.py:495} INFO - found org.apache.commons#commons-pool2;2.6.2 in central
[2023-01-30T18:50:23.123+0000] {spark_submit.py:495} INFO - found org.mongodb.spark#mongo-spark-connector_2.12;3.0.1 in central
[2023-01-30T18:50:23.156+0000] {spark_submit.py:495} INFO - found org.mongodb#mongodb-driver-sync;4.0.5 in central
[2023-01-30T18:50:23.171+0000] {spark_submit.py:495} INFO - found org.mongodb#bson;4.0.5 in central
[2023-01-30T18:50:23.180+0000] {spark_submit.py:495} INFO - found org.mongodb#mongodb-driver-core;4.0.5 in central
[2023-01-30T18:50:23.262+0000] {spark_submit.py:495} INFO - :: resolution report :: resolve 824ms :: artifacts dl 44ms
[2023-01-30T18:50:23.263+0000] {spark_submit.py:495} INFO - :: modules in use:
[2023-01-30T18:50:23.263+0000] {spark_submit.py:495} INFO - com.github.luben#zstd-jni;1.4.8-1 from central in [default]
[2023-01-30T18:50:23.264+0000] {spark_submit.py:495} INFO - org.apache.commons#commons-pool2;2.6.2 from central in [default]
[2023-01-30T18:50:23.266+0000] {spark_submit.py:495} INFO - org.apache.kafka#kafka-clients;2.6.0 from central in [default]
[2023-01-30T18:50:23.266+0000] {spark_submit.py:495} INFO - org.apache.spark#spark-sql-kafka-0-10_2.12;3.1.3 from central in [default]
[2023-01-30T18:50:23.267+0000] {spark_submit.py:495} INFO - org.apache.spark#spark-token-provider-kafka-0-10_2.12;3.1.3 from central in [default]
[2023-01-30T18:50:23.267+0000] {spark_submit.py:495} INFO - org.lz4#lz4-java;1.7.1 from central in [default]
[2023-01-30T18:50:23.267+0000] {spark_submit.py:495} INFO - org.mongodb#bson;4.0.5 from central in [default]
[2023-01-30T18:50:23.268+0000] {spark_submit.py:495} INFO - org.mongodb#mongodb-driver-core;4.0.5 from central in [default]
[2023-01-30T18:50:23.268+0000] {spark_submit.py:495} INFO - org.mongodb#mongodb-driver-sync;4.0.5 from central in [default]
[2023-01-30T18:50:23.268+0000] {spark_submit.py:495} INFO - org.mongodb.spark#mongo-spark-connector_2.12;3.0.1 from central in [default]
[2023-01-30T18:50:23.268+0000] {spark_submit.py:495} INFO - org.slf4j#slf4j-api;1.7.30 from central in [default]
[2023-01-30T18:50:23.268+0000] {spark_submit.py:495} INFO - org.spark-project.spark#unused;1.0.0 from central in [default]
[2023-01-30T18:50:23.269+0000] {spark_submit.py:495} INFO - org.xerial.snappy#snappy-java;1.1.8.2 from central in [default]
[2023-01-30T18:50:23.269+0000] {spark_submit.py:495} INFO - ---------------------------------------------------------------------
[2023-01-30T18:50:23.269+0000] {spark_submit.py:495} INFO - |                  |            modules            ||   artifacts   |
[2023-01-30T18:50:23.269+0000] {spark_submit.py:495} INFO - |       conf       | number| search|dwnlded|evicted|| number|dwnlded|
[2023-01-30T18:50:23.269+0000] {spark_submit.py:495} INFO - ---------------------------------------------------------------------
[2023-01-30T18:50:23.269+0000] {spark_submit.py:495} INFO - |      default     |   13  |   0   |   0   |   0   ||   13  |   0   |
[2023-01-30T18:50:23.269+0000] {spark_submit.py:495} INFO - ---------------------------------------------------------------------
[2023-01-30T18:50:23.274+0000] {spark_submit.py:495} INFO - :: retrieving :: org.apache.spark#spark-submit-parent-a0dffb89-11dd-4e9a-96c9-015b943dcee6
[2023-01-30T18:50:23.275+0000] {spark_submit.py:495} INFO - confs: [default]
[2023-01-30T18:50:23.288+0000] {spark_submit.py:495} INFO - 0 artifacts copied, 13 already retrieved (0kB/14ms)
[2023-01-30T18:50:23.496+0000] {spark_submit.py:495} INFO - 23/01/30 18:50:23 WARN NativeCodeLoader: Unable to load native-hadoop library for your platform... using builtin-java classes where applicable
[2023-01-30T18:50:24.320+0000] {spark_submit.py:495} INFO - 23/01/30 18:50:24 INFO SparkContext: Running Spark version 3.3.1
[2023-01-30T18:50:24.339+0000] {spark_submit.py:495} INFO - 23/01/30 18:50:24 INFO ResourceUtils: ==============================================================
[2023-01-30T18:50:24.339+0000] {spark_submit.py:495} INFO - 23/01/30 18:50:24 INFO ResourceUtils: No custom resources configured for spark.driver.
[2023-01-30T18:50:24.339+0000] {spark_submit.py:495} INFO - 23/01/30 18:50:24 INFO ResourceUtils: ==============================================================
[2023-01-30T18:50:24.340+0000] {spark_submit.py:495} INFO - 23/01/30 18:50:24 INFO SparkContext: Submitted application: arrow-spark
[2023-01-30T18:50:24.372+0000] {spark_submit.py:495} INFO - 23/01/30 18:50:24 INFO ResourceProfile: Default ResourceProfile created, executor resources: Map(cores -> name: cores, amount: 1, script: , vendor: , memory -> name: memory, amount: 1024, script: , vendor: , offHeap -> name: offHeap, amount: 0, script: , vendor: ), task resources: Map(cpus -> name: cpus, amount: 1.0)
[2023-01-30T18:50:24.385+0000] {spark_submit.py:495} INFO - 23/01/30 18:50:24 INFO ResourceProfile: Limiting resource is cpu
[2023-01-30T18:50:24.385+0000] {spark_submit.py:495} INFO - 23/01/30 18:50:24 INFO ResourceProfileManager: Added ResourceProfile id: 0
[2023-01-30T18:50:24.425+0000] {spark_submit.py:495} INFO - 23/01/30 18:50:24 INFO SecurityManager: Changing view acls to: default
[2023-01-30T18:50:24.425+0000] {spark_submit.py:495} INFO - 23/01/30 18:50:24 INFO SecurityManager: Changing modify acls to: default
[2023-01-30T18:50:24.426+0000] {spark_submit.py:495} INFO - 23/01/30 18:50:24 INFO SecurityManager: Changing view acls groups to:
[2023-01-30T18:50:24.426+0000] {spark_submit.py:495} INFO - 23/01/30 18:50:24 INFO SecurityManager: Changing modify acls groups to:
[2023-01-30T18:50:24.426+0000] {spark_submit.py:495} INFO - 23/01/30 18:50:24 INFO SecurityManager: SecurityManager: authentication disabled; ui acls disabled; users  with view permissions: Set(default); groups with view permissions: Set(); users  with modify permissions: Set(default); groups with modify permissions: Set()
[2023-01-30T18:50:24.647+0000] {spark_submit.py:495} INFO - 23/01/30 18:50:24 INFO Utils: Successfully started service 'sparkDriver' on port 35497.
[2023-01-30T18:50:24.674+0000] {spark_submit.py:495} INFO - 23/01/30 18:50:24 INFO SparkEnv: Registering MapOutputTracker
[2023-01-30T18:50:24.708+0000] {spark_submit.py:495} INFO - 23/01/30 18:50:24 INFO SparkEnv: Registering BlockManagerMaster
[2023-01-30T18:50:24.722+0000] {spark_submit.py:495} INFO - 23/01/30 18:50:24 INFO BlockManagerMasterEndpoint: Using org.apache.spark.storage.DefaultTopologyMapper for getting topology information
[2023-01-30T18:50:24.723+0000] {spark_submit.py:495} INFO - 23/01/30 18:50:24 INFO BlockManagerMasterEndpoint: BlockManagerMasterEndpoint up
[2023-01-30T18:50:24.726+0000] {spark_submit.py:495} INFO - 23/01/30 18:50:24 INFO SparkEnv: Registering BlockManagerMasterHeartbeat
[2023-01-30T18:50:24.743+0000] {spark_submit.py:495} INFO - 23/01/30 18:50:24 INFO DiskBlockManager: Created local directory at /tmp/blockmgr-c758633b-0b49-42e7-acd3-87e8606a00f4
[2023-01-30T18:50:24.755+0000] {spark_submit.py:495} INFO - 23/01/30 18:50:24 INFO MemoryStore: MemoryStore started with capacity 434.4 MiB
[2023-01-30T18:50:24.766+0000] {spark_submit.py:495} INFO - 23/01/30 18:50:24 INFO SparkEnv: Registering OutputCommitCoordinator
[2023-01-30T18:50:24.908+0000] {spark_submit.py:495} INFO - 23/01/30 18:50:24 INFO Utils: Successfully started service 'SparkUI' on port 4040.
[2023-01-30T18:50:24.933+0000] {spark_submit.py:495} INFO - 23/01/30 18:50:24 INFO SparkContext: Added JAR file:///home/***/.ivy2/jars/org.apache.spark_spark-sql-kafka-0-10_2.12-3.1.3.jar at spark://15c99fd3082a:35497/jars/org.apache.spark_spark-sql-kafka-0-10_2.12-3.1.3.jar with timestamp 1675104624313
[2023-01-30T18:50:24.933+0000] {spark_submit.py:495} INFO - 23/01/30 18:50:24 INFO SparkContext: Added JAR file:///home/***/.ivy2/jars/org.mongodb.spark_mongo-spark-connector_2.12-3.0.1.jar at spark://15c99fd3082a:35497/jars/org.mongodb.spark_mongo-spark-connector_2.12-3.0.1.jar with timestamp 1675104624313
[2023-01-30T18:50:24.933+0000] {spark_submit.py:495} INFO - 23/01/30 18:50:24 INFO SparkContext: Added JAR file:///home/***/.ivy2/jars/org.apache.spark_spark-token-provider-kafka-0-10_2.12-3.1.3.jar at spark://15c99fd3082a:35497/jars/org.apache.spark_spark-token-provider-kafka-0-10_2.12-3.1.3.jar with timestamp 1675104624313
[2023-01-30T18:50:24.933+0000] {spark_submit.py:495} INFO - 23/01/30 18:50:24 INFO SparkContext: Added JAR file:///home/***/.ivy2/jars/org.apache.kafka_kafka-clients-2.6.0.jar at spark://15c99fd3082a:35497/jars/org.apache.kafka_kafka-clients-2.6.0.jar with timestamp 1675104624313
[2023-01-30T18:50:24.933+0000] {spark_submit.py:495} INFO - 23/01/30 18:50:24 INFO SparkContext: Added JAR file:///home/***/.ivy2/jars/org.apache.commons_commons-pool2-2.6.2.jar at spark://15c99fd3082a:35497/jars/org.apache.commons_commons-pool2-2.6.2.jar with timestamp 1675104624313
[2023-01-30T18:50:24.934+0000] {spark_submit.py:495} INFO - 23/01/30 18:50:24 INFO SparkContext: Added JAR file:///home/***/.ivy2/jars/org.spark-project.spark_unused-1.0.0.jar at spark://15c99fd3082a:35497/jars/org.spark-project.spark_unused-1.0.0.jar with timestamp 1675104624313
[2023-01-30T18:50:24.934+0000] {spark_submit.py:495} INFO - 23/01/30 18:50:24 INFO SparkContext: Added JAR file:///home/***/.ivy2/jars/com.github.luben_zstd-jni-1.4.8-1.jar at spark://15c99fd3082a:35497/jars/com.github.luben_zstd-jni-1.4.8-1.jar with timestamp 1675104624313
[2023-01-30T18:50:24.934+0000] {spark_submit.py:495} INFO - 23/01/30 18:50:24 INFO SparkContext: Added JAR file:///home/***/.ivy2/jars/org.lz4_lz4-java-1.7.1.jar at spark://15c99fd3082a:35497/jars/org.lz4_lz4-java-1.7.1.jar with timestamp 1675104624313
[2023-01-30T18:50:24.934+0000] {spark_submit.py:495} INFO - 23/01/30 18:50:24 INFO SparkContext: Added JAR file:///home/***/.ivy2/jars/org.xerial.snappy_snappy-java-1.1.8.2.jar at spark://15c99fd3082a:35497/jars/org.xerial.snappy_snappy-java-1.1.8.2.jar with timestamp 1675104624313
[2023-01-30T18:50:24.934+0000] {spark_submit.py:495} INFO - 23/01/30 18:50:24 INFO SparkContext: Added JAR file:///home/***/.ivy2/jars/org.slf4j_slf4j-api-1.7.30.jar at spark://15c99fd3082a:35497/jars/org.slf4j_slf4j-api-1.7.30.jar with timestamp 1675104624313
[2023-01-30T18:50:24.934+0000] {spark_submit.py:495} INFO - 23/01/30 18:50:24 INFO SparkContext: Added JAR file:///home/***/.ivy2/jars/org.mongodb_mongodb-driver-sync-4.0.5.jar at spark://15c99fd3082a:35497/jars/org.mongodb_mongodb-driver-sync-4.0.5.jar with timestamp 1675104624313
[2023-01-30T18:50:24.934+0000] {spark_submit.py:495} INFO - 23/01/30 18:50:24 INFO SparkContext: Added JAR file:///home/***/.ivy2/jars/org.mongodb_bson-4.0.5.jar at spark://15c99fd3082a:35497/jars/org.mongodb_bson-4.0.5.jar with timestamp 1675104624313
[2023-01-30T18:50:24.934+0000] {spark_submit.py:495} INFO - 23/01/30 18:50:24 INFO SparkContext: Added JAR file:///home/***/.ivy2/jars/org.mongodb_mongodb-driver-core-4.0.5.jar at spark://15c99fd3082a:35497/jars/org.mongodb_mongodb-driver-core-4.0.5.jar with timestamp 1675104624313
[2023-01-30T18:50:24.936+0000] {spark_submit.py:495} INFO - 23/01/30 18:50:24 INFO SparkContext: Added file file:///home/***/.ivy2/jars/org.apache.spark_spark-sql-kafka-0-10_2.12-3.1.3.jar at file:///home/***/.ivy2/jars/org.apache.spark_spark-sql-kafka-0-10_2.12-3.1.3.jar with timestamp 1675104624313
[2023-01-30T18:50:24.937+0000] {spark_submit.py:495} INFO - 23/01/30 18:50:24 INFO Utils: Copying /home/***/.ivy2/jars/org.apache.spark_spark-sql-kafka-0-10_2.12-3.1.3.jar to /tmp/spark-e69414ea-21f5-4687-9690-4aa4e6126287/userFiles-d4423010-b6f2-4ec9-844a-92b7a192e7c0/org.apache.spark_spark-sql-kafka-0-10_2.12-3.1.3.jar
[2023-01-30T18:50:24.944+0000] {spark_submit.py:495} INFO - 23/01/30 18:50:24 INFO SparkContext: Added file file:///home/***/.ivy2/jars/org.mongodb.spark_mongo-spark-connector_2.12-3.0.1.jar at file:///home/***/.ivy2/jars/org.mongodb.spark_mongo-spark-connector_2.12-3.0.1.jar with timestamp 1675104624313
[2023-01-30T18:50:24.944+0000] {spark_submit.py:495} INFO - 23/01/30 18:50:24 INFO Utils: Copying /home/***/.ivy2/jars/org.mongodb.spark_mongo-spark-connector_2.12-3.0.1.jar to /tmp/spark-e69414ea-21f5-4687-9690-4aa4e6126287/userFiles-d4423010-b6f2-4ec9-844a-92b7a192e7c0/org.mongodb.spark_mongo-spark-connector_2.12-3.0.1.jar
[2023-01-30T18:50:24.947+0000] {spark_submit.py:495} INFO - 23/01/30 18:50:24 INFO SparkContext: Added file file:///home/***/.ivy2/jars/org.apache.spark_spark-token-provider-kafka-0-10_2.12-3.1.3.jar at file:///home/***/.ivy2/jars/org.apache.spark_spark-token-provider-kafka-0-10_2.12-3.1.3.jar with timestamp 1675104624313
[2023-01-30T18:50:24.947+0000] {spark_submit.py:495} INFO - 23/01/30 18:50:24 INFO Utils: Copying /home/***/.ivy2/jars/org.apache.spark_spark-token-provider-kafka-0-10_2.12-3.1.3.jar to /tmp/spark-e69414ea-21f5-4687-9690-4aa4e6126287/userFiles-d4423010-b6f2-4ec9-844a-92b7a192e7c0/org.apache.spark_spark-token-provider-kafka-0-10_2.12-3.1.3.jar
[2023-01-30T18:50:24.956+0000] {spark_submit.py:495} INFO - 23/01/30 18:50:24 INFO SparkContext: Added file file:///home/***/.ivy2/jars/org.apache.kafka_kafka-clients-2.6.0.jar at file:///home/***/.ivy2/jars/org.apache.kafka_kafka-clients-2.6.0.jar with timestamp 1675104624313
[2023-01-30T18:50:24.957+0000] {spark_submit.py:495} INFO - 23/01/30 18:50:24 INFO Utils: Copying /home/***/.ivy2/jars/org.apache.kafka_kafka-clients-2.6.0.jar to /tmp/spark-e69414ea-21f5-4687-9690-4aa4e6126287/userFiles-d4423010-b6f2-4ec9-844a-92b7a192e7c0/org.apache.kafka_kafka-clients-2.6.0.jar
[2023-01-30T18:50:24.963+0000] {spark_submit.py:495} INFO - 23/01/30 18:50:24 INFO SparkContext: Added file file:///home/***/.ivy2/jars/org.apache.commons_commons-pool2-2.6.2.jar at file:///home/***/.ivy2/jars/org.apache.commons_commons-pool2-2.6.2.jar with timestamp 1675104624313
[2023-01-30T18:50:24.963+0000] {spark_submit.py:495} INFO - 23/01/30 18:50:24 INFO Utils: Copying /home/***/.ivy2/jars/org.apache.commons_commons-pool2-2.6.2.jar to /tmp/spark-e69414ea-21f5-4687-9690-4aa4e6126287/userFiles-d4423010-b6f2-4ec9-844a-92b7a192e7c0/org.apache.commons_commons-pool2-2.6.2.jar
[2023-01-30T18:50:24.971+0000] {spark_submit.py:495} INFO - 23/01/30 18:50:24 INFO SparkContext: Added file file:///home/***/.ivy2/jars/org.spark-project.spark_unused-1.0.0.jar at file:///home/***/.ivy2/jars/org.spark-project.spark_unused-1.0.0.jar with timestamp 1675104624313
[2023-01-30T18:50:24.972+0000] {spark_submit.py:495} INFO - 23/01/30 18:50:24 INFO Utils: Copying /home/***/.ivy2/jars/org.spark-project.spark_unused-1.0.0.jar to /tmp/spark-e69414ea-21f5-4687-9690-4aa4e6126287/userFiles-d4423010-b6f2-4ec9-844a-92b7a192e7c0/org.spark-project.spark_unused-1.0.0.jar
[2023-01-30T18:50:24.974+0000] {spark_submit.py:495} INFO - 23/01/30 18:50:24 INFO SparkContext: Added file file:///home/***/.ivy2/jars/com.github.luben_zstd-jni-1.4.8-1.jar at file:///home/***/.ivy2/jars/com.github.luben_zstd-jni-1.4.8-1.jar with timestamp 1675104624313
[2023-01-30T18:50:24.974+0000] {spark_submit.py:495} INFO - 23/01/30 18:50:24 INFO Utils: Copying /home/***/.ivy2/jars/com.github.luben_zstd-jni-1.4.8-1.jar to /tmp/spark-e69414ea-21f5-4687-9690-4aa4e6126287/userFiles-d4423010-b6f2-4ec9-844a-92b7a192e7c0/com.github.luben_zstd-jni-1.4.8-1.jar
[2023-01-30T18:50:24.982+0000] {spark_submit.py:495} INFO - 23/01/30 18:50:24 INFO SparkContext: Added file file:///home/***/.ivy2/jars/org.lz4_lz4-java-1.7.1.jar at file:///home/***/.ivy2/jars/org.lz4_lz4-java-1.7.1.jar with timestamp 1675104624313
[2023-01-30T18:50:24.983+0000] {spark_submit.py:495} INFO - 23/01/30 18:50:24 INFO Utils: Copying /home/***/.ivy2/jars/org.lz4_lz4-java-1.7.1.jar to /tmp/spark-e69414ea-21f5-4687-9690-4aa4e6126287/userFiles-d4423010-b6f2-4ec9-844a-92b7a192e7c0/org.lz4_lz4-java-1.7.1.jar
[2023-01-30T18:50:24.986+0000] {spark_submit.py:495} INFO - 23/01/30 18:50:24 INFO SparkContext: Added file file:///home/***/.ivy2/jars/org.xerial.snappy_snappy-java-1.1.8.2.jar at file:///home/***/.ivy2/jars/org.xerial.snappy_snappy-java-1.1.8.2.jar with timestamp 1675104624313
[2023-01-30T18:50:24.986+0000] {spark_submit.py:495} INFO - 23/01/30 18:50:24 INFO Utils: Copying /home/***/.ivy2/jars/org.xerial.snappy_snappy-java-1.1.8.2.jar to /tmp/spark-e69414ea-21f5-4687-9690-4aa4e6126287/userFiles-d4423010-b6f2-4ec9-844a-92b7a192e7c0/org.xerial.snappy_snappy-java-1.1.8.2.jar
[2023-01-30T18:50:24.991+0000] {spark_submit.py:495} INFO - 23/01/30 18:50:24 INFO SparkContext: Added file file:///home/***/.ivy2/jars/org.slf4j_slf4j-api-1.7.30.jar at file:///home/***/.ivy2/jars/org.slf4j_slf4j-api-1.7.30.jar with timestamp 1675104624313
[2023-01-30T18:50:24.991+0000] {spark_submit.py:495} INFO - 23/01/30 18:50:24 INFO Utils: Copying /home/***/.ivy2/jars/org.slf4j_slf4j-api-1.7.30.jar to /tmp/spark-e69414ea-21f5-4687-9690-4aa4e6126287/userFiles-d4423010-b6f2-4ec9-844a-92b7a192e7c0/org.slf4j_slf4j-api-1.7.30.jar
[2023-01-30T18:50:24.995+0000] {spark_submit.py:495} INFO - 23/01/30 18:50:24 INFO SparkContext: Added file file:///home/***/.ivy2/jars/org.mongodb_mongodb-driver-sync-4.0.5.jar at file:///home/***/.ivy2/jars/org.mongodb_mongodb-driver-sync-4.0.5.jar with timestamp 1675104624313
[2023-01-30T18:50:24.995+0000] {spark_submit.py:495} INFO - 23/01/30 18:50:24 INFO Utils: Copying /home/***/.ivy2/jars/org.mongodb_mongodb-driver-sync-4.0.5.jar to /tmp/spark-e69414ea-21f5-4687-9690-4aa4e6126287/userFiles-d4423010-b6f2-4ec9-844a-92b7a192e7c0/org.mongodb_mongodb-driver-sync-4.0.5.jar
[2023-01-30T18:50:24.998+0000] {spark_submit.py:495} INFO - 23/01/30 18:50:24 INFO SparkContext: Added file file:///home/***/.ivy2/jars/org.mongodb_bson-4.0.5.jar at file:///home/***/.ivy2/jars/org.mongodb_bson-4.0.5.jar with timestamp 1675104624313
[2023-01-30T18:50:24.998+0000] {spark_submit.py:495} INFO - 23/01/30 18:50:24 INFO Utils: Copying /home/***/.ivy2/jars/org.mongodb_bson-4.0.5.jar to /tmp/spark-e69414ea-21f5-4687-9690-4aa4e6126287/userFiles-d4423010-b6f2-4ec9-844a-92b7a192e7c0/org.mongodb_bson-4.0.5.jar
[2023-01-30T18:50:25.002+0000] {spark_submit.py:495} INFO - 23/01/30 18:50:25 INFO SparkContext: Added file file:///home/***/.ivy2/jars/org.mongodb_mongodb-driver-core-4.0.5.jar at file:///home/***/.ivy2/jars/org.mongodb_mongodb-driver-core-4.0.5.jar with timestamp 1675104624313
[2023-01-30T18:50:25.002+0000] {spark_submit.py:495} INFO - 23/01/30 18:50:25 INFO Utils: Copying /home/***/.ivy2/jars/org.mongodb_mongodb-driver-core-4.0.5.jar to /tmp/spark-e69414ea-21f5-4687-9690-4aa4e6126287/userFiles-d4423010-b6f2-4ec9-844a-92b7a192e7c0/org.mongodb_mongodb-driver-core-4.0.5.jar
[2023-01-30T18:50:25.056+0000] {spark_submit.py:495} INFO - 23/01/30 18:50:25 INFO Executor: Starting executor ID driver on host 15c99fd3082a
[2023-01-30T18:50:25.061+0000] {spark_submit.py:495} INFO - 23/01/30 18:50:25 INFO Executor: Starting executor with user classpath (userClassPathFirst = false): ''
[2023-01-30T18:50:25.071+0000] {spark_submit.py:495} INFO - 23/01/30 18:50:25 INFO Executor: Fetching file:///home/***/.ivy2/jars/org.apache.spark_spark-token-provider-kafka-0-10_2.12-3.1.3.jar with timestamp 1675104624313
[2023-01-30T18:50:25.083+0000] {spark_submit.py:495} INFO - 23/01/30 18:50:25 INFO Utils: /home/***/.ivy2/jars/org.apache.spark_spark-token-provider-kafka-0-10_2.12-3.1.3.jar has been previously copied to /tmp/spark-e69414ea-21f5-4687-9690-4aa4e6126287/userFiles-d4423010-b6f2-4ec9-844a-92b7a192e7c0/org.apache.spark_spark-token-provider-kafka-0-10_2.12-3.1.3.jar
[2023-01-30T18:50:25.088+0000] {spark_submit.py:495} INFO - 23/01/30 18:50:25 INFO Executor: Fetching file:///home/***/.ivy2/jars/org.mongodb_mongodb-driver-sync-4.0.5.jar with timestamp 1675104624313
[2023-01-30T18:50:25.089+0000] {spark_submit.py:495} INFO - 23/01/30 18:50:25 INFO Utils: /home/***/.ivy2/jars/org.mongodb_mongodb-driver-sync-4.0.5.jar has been previously copied to /tmp/spark-e69414ea-21f5-4687-9690-4aa4e6126287/userFiles-d4423010-b6f2-4ec9-844a-92b7a192e7c0/org.mongodb_mongodb-driver-sync-4.0.5.jar
[2023-01-30T18:50:25.093+0000] {spark_submit.py:495} INFO - 23/01/30 18:50:25 INFO Executor: Fetching file:///home/***/.ivy2/jars/org.apache.kafka_kafka-clients-2.6.0.jar with timestamp 1675104624313
[2023-01-30T18:50:25.099+0000] {spark_submit.py:495} INFO - 23/01/30 18:50:25 INFO Utils: /home/***/.ivy2/jars/org.apache.kafka_kafka-clients-2.6.0.jar has been previously copied to /tmp/spark-e69414ea-21f5-4687-9690-4aa4e6126287/userFiles-d4423010-b6f2-4ec9-844a-92b7a192e7c0/org.apache.kafka_kafka-clients-2.6.0.jar
[2023-01-30T18:50:25.102+0000] {spark_submit.py:495} INFO - 23/01/30 18:50:25 INFO Executor: Fetching file:///home/***/.ivy2/jars/org.mongodb_bson-4.0.5.jar with timestamp 1675104624313
[2023-01-30T18:50:25.103+0000] {spark_submit.py:495} INFO - 23/01/30 18:50:25 INFO Utils: /home/***/.ivy2/jars/org.mongodb_bson-4.0.5.jar has been previously copied to /tmp/spark-e69414ea-21f5-4687-9690-4aa4e6126287/userFiles-d4423010-b6f2-4ec9-844a-92b7a192e7c0/org.mongodb_bson-4.0.5.jar
[2023-01-30T18:50:25.107+0000] {spark_submit.py:495} INFO - 23/01/30 18:50:25 INFO Executor: Fetching file:///home/***/.ivy2/jars/com.github.luben_zstd-jni-1.4.8-1.jar with timestamp 1675104624313
[2023-01-30T18:50:25.114+0000] {spark_submit.py:495} INFO - 23/01/30 18:50:25 INFO Utils: /home/***/.ivy2/jars/com.github.luben_zstd-jni-1.4.8-1.jar has been previously copied to /tmp/spark-e69414ea-21f5-4687-9690-4aa4e6126287/userFiles-d4423010-b6f2-4ec9-844a-92b7a192e7c0/com.github.luben_zstd-jni-1.4.8-1.jar
[2023-01-30T18:50:25.128+0000] {spark_submit.py:495} INFO - 23/01/30 18:50:25 INFO Executor: Fetching file:///home/***/.ivy2/jars/org.lz4_lz4-java-1.7.1.jar with timestamp 1675104624313
[2023-01-30T18:50:25.130+0000] {spark_submit.py:495} INFO - 23/01/30 18:50:25 INFO Utils: /home/***/.ivy2/jars/org.lz4_lz4-java-1.7.1.jar has been previously copied to /tmp/spark-e69414ea-21f5-4687-9690-4aa4e6126287/userFiles-d4423010-b6f2-4ec9-844a-92b7a192e7c0/org.lz4_lz4-java-1.7.1.jar
[2023-01-30T18:50:25.139+0000] {spark_submit.py:495} INFO - 23/01/30 18:50:25 INFO Executor: Fetching file:///home/***/.ivy2/jars/org.spark-project.spark_unused-1.0.0.jar with timestamp 1675104624313
[2023-01-30T18:50:25.140+0000] {spark_submit.py:495} INFO - 23/01/30 18:50:25 INFO Utils: /home/***/.ivy2/jars/org.spark-project.spark_unused-1.0.0.jar has been previously copied to /tmp/spark-e69414ea-21f5-4687-9690-4aa4e6126287/userFiles-d4423010-b6f2-4ec9-844a-92b7a192e7c0/org.spark-project.spark_unused-1.0.0.jar
[2023-01-30T18:50:25.151+0000] {spark_submit.py:495} INFO - 23/01/30 18:50:25 INFO Executor: Fetching file:///home/***/.ivy2/jars/org.xerial.snappy_snappy-java-1.1.8.2.jar with timestamp 1675104624313
[2023-01-30T18:50:25.153+0000] {spark_submit.py:495} INFO - 23/01/30 18:50:25 INFO Utils: /home/***/.ivy2/jars/org.xerial.snappy_snappy-java-1.1.8.2.jar has been previously copied to /tmp/spark-e69414ea-21f5-4687-9690-4aa4e6126287/userFiles-d4423010-b6f2-4ec9-844a-92b7a192e7c0/org.xerial.snappy_snappy-java-1.1.8.2.jar
[2023-01-30T18:50:25.159+0000] {spark_submit.py:495} INFO - 23/01/30 18:50:25 INFO Executor: Fetching file:///home/***/.ivy2/jars/org.mongodb_mongodb-driver-core-4.0.5.jar with timestamp 1675104624313
[2023-01-30T18:50:25.161+0000] {spark_submit.py:495} INFO - 23/01/30 18:50:25 INFO Utils: /home/***/.ivy2/jars/org.mongodb_mongodb-driver-core-4.0.5.jar has been previously copied to /tmp/spark-e69414ea-21f5-4687-9690-4aa4e6126287/userFiles-d4423010-b6f2-4ec9-844a-92b7a192e7c0/org.mongodb_mongodb-driver-core-4.0.5.jar
[2023-01-30T18:50:25.165+0000] {spark_submit.py:495} INFO - 23/01/30 18:50:25 INFO Executor: Fetching file:///home/***/.ivy2/jars/org.apache.spark_spark-sql-kafka-0-10_2.12-3.1.3.jar with timestamp 1675104624313
[2023-01-30T18:50:25.166+0000] {spark_submit.py:495} INFO - 23/01/30 18:50:25 INFO Utils: /home/***/.ivy2/jars/org.apache.spark_spark-sql-kafka-0-10_2.12-3.1.3.jar has been previously copied to /tmp/spark-e69414ea-21f5-4687-9690-4aa4e6126287/userFiles-d4423010-b6f2-4ec9-844a-92b7a192e7c0/org.apache.spark_spark-sql-kafka-0-10_2.12-3.1.3.jar
[2023-01-30T18:50:25.176+0000] {spark_submit.py:495} INFO - 23/01/30 18:50:25 INFO Executor: Fetching file:///home/***/.ivy2/jars/org.mongodb.spark_mongo-spark-connector_2.12-3.0.1.jar with timestamp 1675104624313
[2023-01-30T18:50:25.176+0000] {spark_submit.py:495} INFO - 23/01/30 18:50:25 INFO Utils: /home/***/.ivy2/jars/org.mongodb.spark_mongo-spark-connector_2.12-3.0.1.jar has been previously copied to /tmp/spark-e69414ea-21f5-4687-9690-4aa4e6126287/userFiles-d4423010-b6f2-4ec9-844a-92b7a192e7c0/org.mongodb.spark_mongo-spark-connector_2.12-3.0.1.jar
[2023-01-30T18:50:25.179+0000] {spark_submit.py:495} INFO - 23/01/30 18:50:25 INFO Executor: Fetching file:///home/***/.ivy2/jars/org.apache.commons_commons-pool2-2.6.2.jar with timestamp 1675104624313
[2023-01-30T18:50:25.179+0000] {spark_submit.py:495} INFO - 23/01/30 18:50:25 INFO Utils: /home/***/.ivy2/jars/org.apache.commons_commons-pool2-2.6.2.jar has been previously copied to /tmp/spark-e69414ea-21f5-4687-9690-4aa4e6126287/userFiles-d4423010-b6f2-4ec9-844a-92b7a192e7c0/org.apache.commons_commons-pool2-2.6.2.jar
[2023-01-30T18:50:25.182+0000] {spark_submit.py:495} INFO - 23/01/30 18:50:25 INFO Executor: Fetching file:///home/***/.ivy2/jars/org.slf4j_slf4j-api-1.7.30.jar with timestamp 1675104624313
[2023-01-30T18:50:25.183+0000] {spark_submit.py:495} INFO - 23/01/30 18:50:25 INFO Utils: /home/***/.ivy2/jars/org.slf4j_slf4j-api-1.7.30.jar has been previously copied to /tmp/spark-e69414ea-21f5-4687-9690-4aa4e6126287/userFiles-d4423010-b6f2-4ec9-844a-92b7a192e7c0/org.slf4j_slf4j-api-1.7.30.jar
[2023-01-30T18:50:25.187+0000] {spark_submit.py:495} INFO - 23/01/30 18:50:25 INFO Executor: Fetching spark://15c99fd3082a:35497/jars/org.apache.spark_spark-token-provider-kafka-0-10_2.12-3.1.3.jar with timestamp 1675104624313
[2023-01-30T18:50:25.219+0000] {spark_submit.py:495} INFO - 23/01/30 18:50:25 INFO TransportClientFactory: Successfully created connection to 15c99fd3082a/172.20.0.7:35497 after 20 ms (0 ms spent in bootstraps)
[2023-01-30T18:50:25.224+0000] {spark_submit.py:495} INFO - 23/01/30 18:50:25 INFO Utils: Fetching spark://15c99fd3082a:35497/jars/org.apache.spark_spark-token-provider-kafka-0-10_2.12-3.1.3.jar to /tmp/spark-e69414ea-21f5-4687-9690-4aa4e6126287/userFiles-d4423010-b6f2-4ec9-844a-92b7a192e7c0/fetchFileTemp9116180341980448875.tmp
[2023-01-30T18:50:25.261+0000] {spark_submit.py:495} INFO - 23/01/30 18:50:25 INFO Utils: /tmp/spark-e69414ea-21f5-4687-9690-4aa4e6126287/userFiles-d4423010-b6f2-4ec9-844a-92b7a192e7c0/fetchFileTemp9116180341980448875.tmp has been previously copied to /tmp/spark-e69414ea-21f5-4687-9690-4aa4e6126287/userFiles-d4423010-b6f2-4ec9-844a-92b7a192e7c0/org.apache.spark_spark-token-provider-kafka-0-10_2.12-3.1.3.jar
[2023-01-30T18:50:25.265+0000] {spark_submit.py:495} INFO - 23/01/30 18:50:25 INFO Executor: Adding file:/tmp/spark-e69414ea-21f5-4687-9690-4aa4e6126287/userFiles-d4423010-b6f2-4ec9-844a-92b7a192e7c0/org.apache.spark_spark-token-provider-kafka-0-10_2.12-3.1.3.jar to class loader
[2023-01-30T18:50:25.265+0000] {spark_submit.py:495} INFO - 23/01/30 18:50:25 INFO Executor: Fetching spark://15c99fd3082a:35497/jars/org.apache.spark_spark-sql-kafka-0-10_2.12-3.1.3.jar with timestamp 1675104624313
[2023-01-30T18:50:25.265+0000] {spark_submit.py:495} INFO - 23/01/30 18:50:25 INFO Utils: Fetching spark://15c99fd3082a:35497/jars/org.apache.spark_spark-sql-kafka-0-10_2.12-3.1.3.jar to /tmp/spark-e69414ea-21f5-4687-9690-4aa4e6126287/userFiles-d4423010-b6f2-4ec9-844a-92b7a192e7c0/fetchFileTemp6848091571033871778.tmp
[2023-01-30T18:50:25.272+0000] {spark_submit.py:495} INFO - 23/01/30 18:50:25 INFO Utils: /tmp/spark-e69414ea-21f5-4687-9690-4aa4e6126287/userFiles-d4423010-b6f2-4ec9-844a-92b7a192e7c0/fetchFileTemp6848091571033871778.tmp has been previously copied to /tmp/spark-e69414ea-21f5-4687-9690-4aa4e6126287/userFiles-d4423010-b6f2-4ec9-844a-92b7a192e7c0/org.apache.spark_spark-sql-kafka-0-10_2.12-3.1.3.jar
[2023-01-30T18:50:25.275+0000] {spark_submit.py:495} INFO - 23/01/30 18:50:25 INFO Executor: Adding file:/tmp/spark-e69414ea-21f5-4687-9690-4aa4e6126287/userFiles-d4423010-b6f2-4ec9-844a-92b7a192e7c0/org.apache.spark_spark-sql-kafka-0-10_2.12-3.1.3.jar to class loader
[2023-01-30T18:50:25.275+0000] {spark_submit.py:495} INFO - 23/01/30 18:50:25 INFO Executor: Fetching spark://15c99fd3082a:35497/jars/org.mongodb_mongodb-driver-sync-4.0.5.jar with timestamp 1675104624313
[2023-01-30T18:50:25.275+0000] {spark_submit.py:495} INFO - 23/01/30 18:50:25 INFO Utils: Fetching spark://15c99fd3082a:35497/jars/org.mongodb_mongodb-driver-sync-4.0.5.jar to /tmp/spark-e69414ea-21f5-4687-9690-4aa4e6126287/userFiles-d4423010-b6f2-4ec9-844a-92b7a192e7c0/fetchFileTemp4146737709421393882.tmp
[2023-01-30T18:50:25.277+0000] {spark_submit.py:495} INFO - 23/01/30 18:50:25 INFO Utils: /tmp/spark-e69414ea-21f5-4687-9690-4aa4e6126287/userFiles-d4423010-b6f2-4ec9-844a-92b7a192e7c0/fetchFileTemp4146737709421393882.tmp has been previously copied to /tmp/spark-e69414ea-21f5-4687-9690-4aa4e6126287/userFiles-d4423010-b6f2-4ec9-844a-92b7a192e7c0/org.mongodb_mongodb-driver-sync-4.0.5.jar
[2023-01-30T18:50:25.280+0000] {spark_submit.py:495} INFO - 23/01/30 18:50:25 INFO Executor: Adding file:/tmp/spark-e69414ea-21f5-4687-9690-4aa4e6126287/userFiles-d4423010-b6f2-4ec9-844a-92b7a192e7c0/org.mongodb_mongodb-driver-sync-4.0.5.jar to class loader
[2023-01-30T18:50:25.280+0000] {spark_submit.py:495} INFO - 23/01/30 18:50:25 INFO Executor: Fetching spark://15c99fd3082a:35497/jars/org.apache.kafka_kafka-clients-2.6.0.jar with timestamp 1675104624313
[2023-01-30T18:50:25.280+0000] {spark_submit.py:495} INFO - 23/01/30 18:50:25 INFO Utils: Fetching spark://15c99fd3082a:35497/jars/org.apache.kafka_kafka-clients-2.6.0.jar to /tmp/spark-e69414ea-21f5-4687-9690-4aa4e6126287/userFiles-d4423010-b6f2-4ec9-844a-92b7a192e7c0/fetchFileTemp11123611021140965482.tmp
[2023-01-30T18:50:25.295+0000] {spark_submit.py:495} INFO - 23/01/30 18:50:25 INFO Utils: /tmp/spark-e69414ea-21f5-4687-9690-4aa4e6126287/userFiles-d4423010-b6f2-4ec9-844a-92b7a192e7c0/fetchFileTemp11123611021140965482.tmp has been previously copied to /tmp/spark-e69414ea-21f5-4687-9690-4aa4e6126287/userFiles-d4423010-b6f2-4ec9-844a-92b7a192e7c0/org.apache.kafka_kafka-clients-2.6.0.jar
[2023-01-30T18:50:25.535+0000] {spark_submit.py:495} INFO - 23/01/30 18:50:25 INFO Executor: Adding file:/tmp/spark-e69414ea-21f5-4687-9690-4aa4e6126287/userFiles-d4423010-b6f2-4ec9-844a-92b7a192e7c0/org.apache.kafka_kafka-clients-2.6.0.jar to class loader
[2023-01-30T18:50:25.536+0000] {spark_submit.py:495} INFO - 23/01/30 18:50:25 INFO Executor: Fetching spark://15c99fd3082a:35497/jars/org.spark-project.spark_unused-1.0.0.jar with timestamp 1675104624313
[2023-01-30T18:50:25.537+0000] {spark_submit.py:495} INFO - 23/01/30 18:50:25 INFO Utils: Fetching spark://15c99fd3082a:35497/jars/org.spark-project.spark_unused-1.0.0.jar to /tmp/spark-e69414ea-21f5-4687-9690-4aa4e6126287/userFiles-d4423010-b6f2-4ec9-844a-92b7a192e7c0/fetchFileTemp11839308025284741493.tmp
[2023-01-30T18:50:25.542+0000] {spark_submit.py:495} INFO - 23/01/30 18:50:25 INFO Utils: /tmp/spark-e69414ea-21f5-4687-9690-4aa4e6126287/userFiles-d4423010-b6f2-4ec9-844a-92b7a192e7c0/fetchFileTemp11839308025284741493.tmp has been previously copied to /tmp/spark-e69414ea-21f5-4687-9690-4aa4e6126287/userFiles-d4423010-b6f2-4ec9-844a-92b7a192e7c0/org.spark-project.spark_unused-1.0.0.jar
[2023-01-30T18:50:26.004+0000] {spark_submit.py:495} INFO - 23/01/30 18:50:26 INFO Executor: Adding file:/tmp/spark-e69414ea-21f5-4687-9690-4aa4e6126287/userFiles-d4423010-b6f2-4ec9-844a-92b7a192e7c0/org.spark-project.spark_unused-1.0.0.jar to class loader
[2023-01-30T18:50:26.005+0000] {spark_submit.py:495} INFO - 23/01/30 18:50:26 INFO Executor: Fetching spark://15c99fd3082a:35497/jars/org.apache.commons_commons-pool2-2.6.2.jar with timestamp 1675104624313
[2023-01-30T18:50:26.007+0000] {spark_submit.py:495} INFO - 23/01/30 18:50:26 INFO Utils: Fetching spark://15c99fd3082a:35497/jars/org.apache.commons_commons-pool2-2.6.2.jar to /tmp/spark-e69414ea-21f5-4687-9690-4aa4e6126287/userFiles-d4423010-b6f2-4ec9-844a-92b7a192e7c0/fetchFileTemp11991875950867482522.tmp
[2023-01-30T18:50:26.013+0000] {spark_submit.py:495} INFO - 23/01/30 18:50:26 INFO Utils: /tmp/spark-e69414ea-21f5-4687-9690-4aa4e6126287/userFiles-d4423010-b6f2-4ec9-844a-92b7a192e7c0/fetchFileTemp11991875950867482522.tmp has been previously copied to /tmp/spark-e69414ea-21f5-4687-9690-4aa4e6126287/userFiles-d4423010-b6f2-4ec9-844a-92b7a192e7c0/org.apache.commons_commons-pool2-2.6.2.jar
[2023-01-30T18:50:26.039+0000] {spark_submit.py:495} INFO - 23/01/30 18:50:26 INFO Executor: Adding file:/tmp/spark-e69414ea-21f5-4687-9690-4aa4e6126287/userFiles-d4423010-b6f2-4ec9-844a-92b7a192e7c0/org.apache.commons_commons-pool2-2.6.2.jar to class loader
[2023-01-30T18:50:26.040+0000] {spark_submit.py:495} INFO - 23/01/30 18:50:26 INFO Executor: Fetching spark://15c99fd3082a:35497/jars/org.mongodb.spark_mongo-spark-connector_2.12-3.0.1.jar with timestamp 1675104624313
[2023-01-30T18:50:26.042+0000] {spark_submit.py:495} INFO - 23/01/30 18:50:26 INFO Utils: Fetching spark://15c99fd3082a:35497/jars/org.mongodb.spark_mongo-spark-connector_2.12-3.0.1.jar to /tmp/spark-e69414ea-21f5-4687-9690-4aa4e6126287/userFiles-d4423010-b6f2-4ec9-844a-92b7a192e7c0/fetchFileTemp17114861688618001914.tmp
[2023-01-30T18:50:26.052+0000] {spark_submit.py:495} INFO - 23/01/30 18:50:26 INFO Utils: /tmp/spark-e69414ea-21f5-4687-9690-4aa4e6126287/userFiles-d4423010-b6f2-4ec9-844a-92b7a192e7c0/fetchFileTemp17114861688618001914.tmp has been previously copied to /tmp/spark-e69414ea-21f5-4687-9690-4aa4e6126287/userFiles-d4423010-b6f2-4ec9-844a-92b7a192e7c0/org.mongodb.spark_mongo-spark-connector_2.12-3.0.1.jar
[2023-01-30T18:50:26.100+0000] {spark_submit.py:495} INFO - 23/01/30 18:50:26 INFO Executor: Adding file:/tmp/spark-e69414ea-21f5-4687-9690-4aa4e6126287/userFiles-d4423010-b6f2-4ec9-844a-92b7a192e7c0/org.mongodb.spark_mongo-spark-connector_2.12-3.0.1.jar to class loader
[2023-01-30T18:50:26.100+0000] {spark_submit.py:495} INFO - 23/01/30 18:50:26 INFO Executor: Fetching spark://15c99fd3082a:35497/jars/com.github.luben_zstd-jni-1.4.8-1.jar with timestamp 1675104624313
[2023-01-30T18:50:26.102+0000] {spark_submit.py:495} INFO - 23/01/30 18:50:26 INFO Utils: Fetching spark://15c99fd3082a:35497/jars/com.github.luben_zstd-jni-1.4.8-1.jar to /tmp/spark-e69414ea-21f5-4687-9690-4aa4e6126287/userFiles-d4423010-b6f2-4ec9-844a-92b7a192e7c0/fetchFileTemp5896424739109451082.tmp
[2023-01-30T18:50:26.181+0000] {spark_submit.py:495} INFO - 23/01/30 18:50:26 INFO Utils: /tmp/spark-e69414ea-21f5-4687-9690-4aa4e6126287/userFiles-d4423010-b6f2-4ec9-844a-92b7a192e7c0/fetchFileTemp5896424739109451082.tmp has been previously copied to /tmp/spark-e69414ea-21f5-4687-9690-4aa4e6126287/userFiles-d4423010-b6f2-4ec9-844a-92b7a192e7c0/com.github.luben_zstd-jni-1.4.8-1.jar
[2023-01-30T18:50:26.437+0000] {spark_submit.py:495} INFO - 23/01/30 18:50:26 INFO Executor: Adding file:/tmp/spark-e69414ea-21f5-4687-9690-4aa4e6126287/userFiles-d4423010-b6f2-4ec9-844a-92b7a192e7c0/com.github.luben_zstd-jni-1.4.8-1.jar to class loader
[2023-01-30T18:50:26.438+0000] {spark_submit.py:495} INFO - 23/01/30 18:50:26 INFO Executor: Fetching spark://15c99fd3082a:35497/jars/org.xerial.snappy_snappy-java-1.1.8.2.jar with timestamp 1675104624313
[2023-01-30T18:50:26.442+0000] {spark_submit.py:495} INFO - 23/01/30 18:50:26 INFO Utils: Fetching spark://15c99fd3082a:35497/jars/org.xerial.snappy_snappy-java-1.1.8.2.jar to /tmp/spark-e69414ea-21f5-4687-9690-4aa4e6126287/userFiles-d4423010-b6f2-4ec9-844a-92b7a192e7c0/fetchFileTemp13408567284740895501.tmp
[2023-01-30T18:50:26.469+0000] {spark_submit.py:495} INFO - 23/01/30 18:50:26 INFO Utils: /tmp/spark-e69414ea-21f5-4687-9690-4aa4e6126287/userFiles-d4423010-b6f2-4ec9-844a-92b7a192e7c0/fetchFileTemp13408567284740895501.tmp has been previously copied to /tmp/spark-e69414ea-21f5-4687-9690-4aa4e6126287/userFiles-d4423010-b6f2-4ec9-844a-92b7a192e7c0/org.xerial.snappy_snappy-java-1.1.8.2.jar
[2023-01-30T18:50:26.547+0000] {spark_submit.py:495} INFO - 23/01/30 18:50:26 INFO Executor: Adding file:/tmp/spark-e69414ea-21f5-4687-9690-4aa4e6126287/userFiles-d4423010-b6f2-4ec9-844a-92b7a192e7c0/org.xerial.snappy_snappy-java-1.1.8.2.jar to class loader
[2023-01-30T18:50:26.548+0000] {spark_submit.py:495} INFO - 23/01/30 18:50:26 INFO Executor: Fetching spark://15c99fd3082a:35497/jars/org.mongodb_mongodb-driver-core-4.0.5.jar with timestamp 1675104624313
[2023-01-30T18:50:26.550+0000] {spark_submit.py:495} INFO - 23/01/30 18:50:26 INFO Utils: Fetching spark://15c99fd3082a:35497/jars/org.mongodb_mongodb-driver-core-4.0.5.jar to /tmp/spark-e69414ea-21f5-4687-9690-4aa4e6126287/userFiles-d4423010-b6f2-4ec9-844a-92b7a192e7c0/fetchFileTemp8785981051714133001.tmp
[2023-01-30T18:50:26.575+0000] {spark_submit.py:495} INFO - 23/01/30 18:50:26 INFO Utils: /tmp/spark-e69414ea-21f5-4687-9690-4aa4e6126287/userFiles-d4423010-b6f2-4ec9-844a-92b7a192e7c0/fetchFileTemp8785981051714133001.tmp has been previously copied to /tmp/spark-e69414ea-21f5-4687-9690-4aa4e6126287/userFiles-d4423010-b6f2-4ec9-844a-92b7a192e7c0/org.mongodb_mongodb-driver-core-4.0.5.jar
[2023-01-30T18:50:26.640+0000] {spark_submit.py:495} INFO - 23/01/30 18:50:26 INFO Executor: Adding file:/tmp/spark-e69414ea-21f5-4687-9690-4aa4e6126287/userFiles-d4423010-b6f2-4ec9-844a-92b7a192e7c0/org.mongodb_mongodb-driver-core-4.0.5.jar to class loader
[2023-01-30T18:50:26.641+0000] {spark_submit.py:495} INFO - 23/01/30 18:50:26 INFO Executor: Fetching spark://15c99fd3082a:35497/jars/org.mongodb_bson-4.0.5.jar with timestamp 1675104624313
[2023-01-30T18:50:26.642+0000] {spark_submit.py:495} INFO - 23/01/30 18:50:26 INFO Utils: Fetching spark://15c99fd3082a:35497/jars/org.mongodb_bson-4.0.5.jar to /tmp/spark-e69414ea-21f5-4687-9690-4aa4e6126287/userFiles-d4423010-b6f2-4ec9-844a-92b7a192e7c0/fetchFileTemp8858192369649806490.tmp
[2023-01-30T18:50:26.652+0000] {spark_submit.py:495} INFO - 23/01/30 18:50:26 INFO Utils: /tmp/spark-e69414ea-21f5-4687-9690-4aa4e6126287/userFiles-d4423010-b6f2-4ec9-844a-92b7a192e7c0/fetchFileTemp8858192369649806490.tmp has been previously copied to /tmp/spark-e69414ea-21f5-4687-9690-4aa4e6126287/userFiles-d4423010-b6f2-4ec9-844a-92b7a192e7c0/org.mongodb_bson-4.0.5.jar
[2023-01-30T18:50:26.670+0000] {spark_submit.py:495} INFO - 23/01/30 18:50:26 INFO Executor: Adding file:/tmp/spark-e69414ea-21f5-4687-9690-4aa4e6126287/userFiles-d4423010-b6f2-4ec9-844a-92b7a192e7c0/org.mongodb_bson-4.0.5.jar to class loader
[2023-01-30T18:50:26.671+0000] {spark_submit.py:495} INFO - 23/01/30 18:50:26 INFO Executor: Fetching spark://15c99fd3082a:35497/jars/org.lz4_lz4-java-1.7.1.jar with timestamp 1675104624313
[2023-01-30T18:50:26.675+0000] {spark_submit.py:495} INFO - 23/01/30 18:50:26 INFO Utils: Fetching spark://15c99fd3082a:35497/jars/org.lz4_lz4-java-1.7.1.jar to /tmp/spark-e69414ea-21f5-4687-9690-4aa4e6126287/userFiles-d4423010-b6f2-4ec9-844a-92b7a192e7c0/fetchFileTemp5947338652440069813.tmp
[2023-01-30T18:50:26.694+0000] {spark_submit.py:495} INFO - 23/01/30 18:50:26 INFO Utils: /tmp/spark-e69414ea-21f5-4687-9690-4aa4e6126287/userFiles-d4423010-b6f2-4ec9-844a-92b7a192e7c0/fetchFileTemp5947338652440069813.tmp has been previously copied to /tmp/spark-e69414ea-21f5-4687-9690-4aa4e6126287/userFiles-d4423010-b6f2-4ec9-844a-92b7a192e7c0/org.lz4_lz4-java-1.7.1.jar
[2023-01-30T18:50:26.724+0000] {spark_submit.py:495} INFO - 23/01/30 18:50:26 INFO Executor: Adding file:/tmp/spark-e69414ea-21f5-4687-9690-4aa4e6126287/userFiles-d4423010-b6f2-4ec9-844a-92b7a192e7c0/org.lz4_lz4-java-1.7.1.jar to class loader
[2023-01-30T18:50:26.725+0000] {spark_submit.py:495} INFO - 23/01/30 18:50:26 INFO Executor: Fetching spark://15c99fd3082a:35497/jars/org.slf4j_slf4j-api-1.7.30.jar with timestamp 1675104624313
[2023-01-30T18:50:26.726+0000] {spark_submit.py:495} INFO - 23/01/30 18:50:26 INFO Utils: Fetching spark://15c99fd3082a:35497/jars/org.slf4j_slf4j-api-1.7.30.jar to /tmp/spark-e69414ea-21f5-4687-9690-4aa4e6126287/userFiles-d4423010-b6f2-4ec9-844a-92b7a192e7c0/fetchFileTemp9257927078205501040.tmp
[2023-01-30T18:50:26.730+0000] {spark_submit.py:495} INFO - 23/01/30 18:50:26 INFO Utils: /tmp/spark-e69414ea-21f5-4687-9690-4aa4e6126287/userFiles-d4423010-b6f2-4ec9-844a-92b7a192e7c0/fetchFileTemp9257927078205501040.tmp has been previously copied to /tmp/spark-e69414ea-21f5-4687-9690-4aa4e6126287/userFiles-d4423010-b6f2-4ec9-844a-92b7a192e7c0/org.slf4j_slf4j-api-1.7.30.jar
[2023-01-30T18:50:26.741+0000] {spark_submit.py:495} INFO - 23/01/30 18:50:26 INFO Executor: Adding file:/tmp/spark-e69414ea-21f5-4687-9690-4aa4e6126287/userFiles-d4423010-b6f2-4ec9-844a-92b7a192e7c0/org.slf4j_slf4j-api-1.7.30.jar to class loader
[2023-01-30T18:50:26.761+0000] {spark_submit.py:495} INFO - 23/01/30 18:50:26 INFO Utils: Successfully started service 'org.apache.spark.network.netty.NettyBlockTransferService' on port 36665.
[2023-01-30T18:50:26.762+0000] {spark_submit.py:495} INFO - 23/01/30 18:50:26 INFO NettyBlockTransferService: Server created on 15c99fd3082a:36665
[2023-01-30T18:50:26.766+0000] {spark_submit.py:495} INFO - 23/01/30 18:50:26 INFO BlockManager: Using org.apache.spark.storage.RandomBlockReplicationPolicy for block replication policy
[2023-01-30T18:50:26.786+0000] {spark_submit.py:495} INFO - 23/01/30 18:50:26 INFO BlockManagerMaster: Registering BlockManager BlockManagerId(driver, 15c99fd3082a, 36665, None)
[2023-01-30T18:50:26.793+0000] {spark_submit.py:495} INFO - 23/01/30 18:50:26 INFO BlockManagerMasterEndpoint: Registering block manager 15c99fd3082a:36665 with 434.4 MiB RAM, BlockManagerId(driver, 15c99fd3082a, 36665, None)
[2023-01-30T18:50:26.802+0000] {spark_submit.py:495} INFO - 23/01/30 18:50:26 INFO BlockManagerMaster: Registered BlockManager BlockManagerId(driver, 15c99fd3082a, 36665, None)
[2023-01-30T18:50:26.806+0000] {spark_submit.py:495} INFO - 23/01/30 18:50:26 INFO BlockManager: Initialized BlockManager: BlockManagerId(driver, 15c99fd3082a, 36665, None)
[2023-01-30T18:50:28.002+0000] {local_task_job.py:224} WARNING - State of this instance has been externally set to up_for_retry. Terminating instance.
[2023-01-30T18:50:28.003+0000] {process_utils.py:133} INFO - Sending Signals.SIGTERM to group 18485. PIDs of all processes in the group: [18489, 18544, 18485]
[2023-01-30T18:50:28.003+0000] {process_utils.py:84} INFO - Sending the signal Signals.SIGTERM to group 18485
[2023-01-30T18:50:28.004+0000] {taskinstance.py:1483} ERROR - Received SIGTERM. Terminating subprocesses.
[2023-01-30T18:50:28.007+0000] {spark_submit.py:620} INFO - Sending kill signal to spark-submit
[2023-01-30T18:50:28.017+0000] {taskinstance.py:1772} ERROR - Task failed with exception
Traceback (most recent call last):
  File "/home/airflow/.local/lib/python3.7/site-packages/airflow/providers/apache/spark/operators/spark_submit.py", line 157, in execute
    self._hook.submit(self._application)
  File "/home/airflow/.local/lib/python3.7/site-packages/airflow/providers/apache/spark/hooks/spark_submit.py", line 414, in submit
    self._process_spark_submit_log(iter(self._submit_sp.stdout))  # type: ignore
  File "/home/airflow/.local/lib/python3.7/site-packages/airflow/providers/apache/spark/hooks/spark_submit.py", line 463, in _process_spark_submit_log
    for line in itr:
  File "/home/airflow/.local/lib/python3.7/site-packages/airflow/models/taskinstance.py", line 1485, in signal_handler
    raise AirflowException("Task received SIGTERM signal")
airflow.exceptions.AirflowException: Task received SIGTERM signal
[2023-01-30T18:50:28.021+0000] {taskinstance.py:1327} INFO - Marking task as UP_FOR_RETRY. dag_id=Streaming_pipeline_meli, task_id=consumer_data_of_topic, execution_date=20230127T184927, start_date=20230130T185017, end_date=20230130T185028
[2023-01-30T18:50:28.032+0000] {standard_task_runner.py:105} ERROR - Failed to execute job 1240 for task consumer_data_of_topic (Task received SIGTERM signal; 18485)
[2023-01-30T18:50:28.042+0000] {process_utils.py:79} INFO - Process psutil.Process(pid=18489, status='terminated', started='18:50:18') (18489) terminated with exit code None
[2023-01-30T18:50:28.042+0000] {process_utils.py:79} INFO - Process psutil.Process(pid=18485, status='terminated', exitcode=1, started='18:50:17') (18485) terminated with exit code 1
[2023-01-30T18:50:28.043+0000] {process_utils.py:79} INFO - Process psutil.Process(pid=18544, status='terminated', started='18:50:23') (18544) terminated with exit code None
