[2023-01-30T17:49:47.236+0000] {taskinstance.py:1087} INFO - Dependencies all met for <TaskInstance: Streaming_pipeline_meli.consumer_data_of_topic manual__2023-01-27T18:49:27.597637+00:00 [queued]>
[2023-01-30T17:49:47.247+0000] {taskinstance.py:1087} INFO - Dependencies all met for <TaskInstance: Streaming_pipeline_meli.consumer_data_of_topic manual__2023-01-27T18:49:27.597637+00:00 [queued]>
[2023-01-30T17:49:47.247+0000] {taskinstance.py:1283} INFO - 
--------------------------------------------------------------------------------
[2023-01-30T17:49:47.247+0000] {taskinstance.py:1284} INFO - Starting attempt 60 of 65
[2023-01-30T17:49:47.247+0000] {taskinstance.py:1285} INFO - 
--------------------------------------------------------------------------------
[2023-01-30T17:49:47.262+0000] {taskinstance.py:1304} INFO - Executing <Task(SparkSubmitOperator): consumer_data_of_topic> on 2023-01-27 18:49:27.597637+00:00
[2023-01-30T17:49:47.267+0000] {standard_task_runner.py:55} INFO - Started process 11094 to run task
[2023-01-30T17:49:47.271+0000] {standard_task_runner.py:82} INFO - Running: ['***', 'tasks', 'run', 'Streaming_pipeline_meli', 'consumer_data_of_topic', 'manual__2023-01-27T18:49:27.597637+00:00', '--job-id', '1230', '--raw', '--subdir', 'DAGS_FOLDER/streamPipeline.py', '--cfg-path', '/tmp/tmpxoej0xhm']
[2023-01-30T17:49:47.271+0000] {standard_task_runner.py:83} INFO - Job 1230: Subtask consumer_data_of_topic
[2023-01-30T17:49:47.328+0000] {task_command.py:389} INFO - Running <TaskInstance: Streaming_pipeline_meli.consumer_data_of_topic manual__2023-01-27T18:49:27.597637+00:00 [running]> on host 15c99fd3082a
[2023-01-30T17:49:47.390+0000] {taskinstance.py:1513} INFO - Exporting the following env vars:
AIRFLOW_CTX_DAG_OWNER=***
AIRFLOW_CTX_DAG_ID=Streaming_pipeline_meli
AIRFLOW_CTX_TASK_ID=consumer_data_of_topic
AIRFLOW_CTX_EXECUTION_DATE=2023-01-27T18:49:27.597637+00:00
AIRFLOW_CTX_TRY_NUMBER=60
AIRFLOW_CTX_DAG_RUN_ID=manual__2023-01-27T18:49:27.597637+00:00
[2023-01-30T17:49:47.398+0000] {base.py:73} INFO - Using connection ID 'spark_default' for task execution.
[2023-01-30T17:49:47.399+0000] {spark_submit.py:344} INFO - Spark-Submit cmd: spark-submit --master spark://tomi-H310:7077 --packages org.apache.spark:spark-sql-kafka-0-10_2.12:3.1.3,org.mongodb.spark:mongo-spark-connector_2.12:3.0.1 --name arrow-spark --queue root.default /opt/***/dags/consumerSpark.py
[2023-01-30T17:49:47.532+0000] {spark_submit.py:495} INFO - /home/***/.local/lib/python3.7/site-packages/pyspark/bin/load-spark-env.sh: line 68: ps: command not found
[2023-01-30T17:49:48.915+0000] {spark_submit.py:495} INFO - :: loading settings :: url = jar:file:/home/***/.local/lib/python3.7/site-packages/pyspark/jars/ivy-2.5.0.jar!/org/apache/ivy/core/settings/ivysettings.xml
[2023-01-30T17:49:48.972+0000] {spark_submit.py:495} INFO - Ivy Default Cache set to: /home/***/.ivy2/cache
[2023-01-30T17:49:48.973+0000] {spark_submit.py:495} INFO - The jars for the packages stored in: /home/***/.ivy2/jars
[2023-01-30T17:49:48.978+0000] {spark_submit.py:495} INFO - org.apache.spark#spark-sql-kafka-0-10_2.12 added as a dependency
[2023-01-30T17:49:48.978+0000] {spark_submit.py:495} INFO - org.mongodb.spark#mongo-spark-connector_2.12 added as a dependency
[2023-01-30T17:49:48.979+0000] {spark_submit.py:495} INFO - :: resolving dependencies :: org.apache.spark#spark-submit-parent-848c4d75-9b54-48b7-ba83-3b6faa29eba5;1.0
[2023-01-30T17:49:48.979+0000] {spark_submit.py:495} INFO - confs: [default]
[2023-01-30T17:49:49.114+0000] {spark_submit.py:495} INFO - found org.apache.spark#spark-sql-kafka-0-10_2.12;3.1.3 in central
[2023-01-30T17:49:49.164+0000] {spark_submit.py:495} INFO - found org.apache.spark#spark-token-provider-kafka-0-10_2.12;3.1.3 in central
[2023-01-30T17:49:49.184+0000] {spark_submit.py:495} INFO - found org.apache.kafka#kafka-clients;2.6.0 in central
[2023-01-30T17:49:49.203+0000] {spark_submit.py:495} INFO - found com.github.luben#zstd-jni;1.4.8-1 in central
[2023-01-30T17:49:49.220+0000] {spark_submit.py:495} INFO - found org.lz4#lz4-java;1.7.1 in central
[2023-01-30T17:49:49.235+0000] {spark_submit.py:495} INFO - found org.xerial.snappy#snappy-java;1.1.8.2 in central
[2023-01-30T17:49:49.247+0000] {spark_submit.py:495} INFO - found org.slf4j#slf4j-api;1.7.30 in central
[2023-01-30T17:49:49.258+0000] {spark_submit.py:495} INFO - found org.spark-project.spark#unused;1.0.0 in central
[2023-01-30T17:49:49.271+0000] {spark_submit.py:495} INFO - found org.apache.commons#commons-pool2;2.6.2 in central
[2023-01-30T17:49:49.284+0000] {spark_submit.py:495} INFO - found org.mongodb.spark#mongo-spark-connector_2.12;3.0.1 in central
[2023-01-30T17:49:49.292+0000] {spark_submit.py:495} INFO - found org.mongodb#mongodb-driver-sync;4.0.5 in central
[2023-01-30T17:49:49.303+0000] {spark_submit.py:495} INFO - found org.mongodb#bson;4.0.5 in central
[2023-01-30T17:49:49.311+0000] {spark_submit.py:495} INFO - found org.mongodb#mongodb-driver-core;4.0.5 in central
[2023-01-30T17:49:49.331+0000] {spark_submit.py:495} INFO - :: resolution report :: resolve 342ms :: artifacts dl 10ms
[2023-01-30T17:49:49.331+0000] {spark_submit.py:495} INFO - :: modules in use:
[2023-01-30T17:49:49.332+0000] {spark_submit.py:495} INFO - com.github.luben#zstd-jni;1.4.8-1 from central in [default]
[2023-01-30T17:49:49.332+0000] {spark_submit.py:495} INFO - org.apache.commons#commons-pool2;2.6.2 from central in [default]
[2023-01-30T17:49:49.332+0000] {spark_submit.py:495} INFO - org.apache.kafka#kafka-clients;2.6.0 from central in [default]
[2023-01-30T17:49:49.332+0000] {spark_submit.py:495} INFO - org.apache.spark#spark-sql-kafka-0-10_2.12;3.1.3 from central in [default]
[2023-01-30T17:49:49.333+0000] {spark_submit.py:495} INFO - org.apache.spark#spark-token-provider-kafka-0-10_2.12;3.1.3 from central in [default]
[2023-01-30T17:49:49.333+0000] {spark_submit.py:495} INFO - org.lz4#lz4-java;1.7.1 from central in [default]
[2023-01-30T17:49:49.333+0000] {spark_submit.py:495} INFO - org.mongodb#bson;4.0.5 from central in [default]
[2023-01-30T17:49:49.333+0000] {spark_submit.py:495} INFO - org.mongodb#mongodb-driver-core;4.0.5 from central in [default]
[2023-01-30T17:49:49.334+0000] {spark_submit.py:495} INFO - org.mongodb#mongodb-driver-sync;4.0.5 from central in [default]
[2023-01-30T17:49:49.334+0000] {spark_submit.py:495} INFO - org.mongodb.spark#mongo-spark-connector_2.12;3.0.1 from central in [default]
[2023-01-30T17:49:49.334+0000] {spark_submit.py:495} INFO - org.slf4j#slf4j-api;1.7.30 from central in [default]
[2023-01-30T17:49:49.334+0000] {spark_submit.py:495} INFO - org.spark-project.spark#unused;1.0.0 from central in [default]
[2023-01-30T17:49:49.335+0000] {spark_submit.py:495} INFO - org.xerial.snappy#snappy-java;1.1.8.2 from central in [default]
[2023-01-30T17:49:49.335+0000] {spark_submit.py:495} INFO - ---------------------------------------------------------------------
[2023-01-30T17:49:49.335+0000] {spark_submit.py:495} INFO - |                  |            modules            ||   artifacts   |
[2023-01-30T17:49:49.335+0000] {spark_submit.py:495} INFO - |       conf       | number| search|dwnlded|evicted|| number|dwnlded|
[2023-01-30T17:49:49.335+0000] {spark_submit.py:495} INFO - ---------------------------------------------------------------------
[2023-01-30T17:49:49.336+0000] {spark_submit.py:495} INFO - |      default     |   13  |   0   |   0   |   0   ||   13  |   0   |
[2023-01-30T17:49:49.336+0000] {spark_submit.py:495} INFO - ---------------------------------------------------------------------
[2023-01-30T17:49:49.341+0000] {spark_submit.py:495} INFO - :: retrieving :: org.apache.spark#spark-submit-parent-848c4d75-9b54-48b7-ba83-3b6faa29eba5
[2023-01-30T17:49:49.342+0000] {spark_submit.py:495} INFO - confs: [default]
[2023-01-30T17:49:49.349+0000] {spark_submit.py:495} INFO - 0 artifacts copied, 13 already retrieved (0kB/7ms)
[2023-01-30T17:49:49.548+0000] {spark_submit.py:495} INFO - 23/01/30 17:49:49 WARN NativeCodeLoader: Unable to load native-hadoop library for your platform... using builtin-java classes where applicable
[2023-01-30T17:49:50.388+0000] {spark_submit.py:495} INFO - 23/01/30 17:49:50 INFO SparkContext: Running Spark version 3.3.1
[2023-01-30T17:49:50.404+0000] {spark_submit.py:495} INFO - 23/01/30 17:49:50 INFO ResourceUtils: ==============================================================
[2023-01-30T17:49:50.404+0000] {spark_submit.py:495} INFO - 23/01/30 17:49:50 INFO ResourceUtils: No custom resources configured for spark.driver.
[2023-01-30T17:49:50.405+0000] {spark_submit.py:495} INFO - 23/01/30 17:49:50 INFO ResourceUtils: ==============================================================
[2023-01-30T17:49:50.405+0000] {spark_submit.py:495} INFO - 23/01/30 17:49:50 INFO SparkContext: Submitted application: arrow-spark
[2023-01-30T17:49:50.421+0000] {spark_submit.py:495} INFO - 23/01/30 17:49:50 INFO ResourceProfile: Default ResourceProfile created, executor resources: Map(cores -> name: cores, amount: 1, script: , vendor: , memory -> name: memory, amount: 1024, script: , vendor: , offHeap -> name: offHeap, amount: 0, script: , vendor: ), task resources: Map(cpus -> name: cpus, amount: 1.0)
[2023-01-30T17:49:50.433+0000] {spark_submit.py:495} INFO - 23/01/30 17:49:50 INFO ResourceProfile: Limiting resource is cpu
[2023-01-30T17:49:50.433+0000] {spark_submit.py:495} INFO - 23/01/30 17:49:50 INFO ResourceProfileManager: Added ResourceProfile id: 0
[2023-01-30T17:49:50.474+0000] {spark_submit.py:495} INFO - 23/01/30 17:49:50 INFO SecurityManager: Changing view acls to: default
[2023-01-30T17:49:50.475+0000] {spark_submit.py:495} INFO - 23/01/30 17:49:50 INFO SecurityManager: Changing modify acls to: default
[2023-01-30T17:49:50.475+0000] {spark_submit.py:495} INFO - 23/01/30 17:49:50 INFO SecurityManager: Changing view acls groups to:
[2023-01-30T17:49:50.476+0000] {spark_submit.py:495} INFO - 23/01/30 17:49:50 INFO SecurityManager: Changing modify acls groups to:
[2023-01-30T17:49:50.477+0000] {spark_submit.py:495} INFO - 23/01/30 17:49:50 INFO SecurityManager: SecurityManager: authentication disabled; ui acls disabled; users  with view permissions: Set(default); groups with view permissions: Set(); users  with modify permissions: Set(default); groups with modify permissions: Set()
[2023-01-30T17:49:50.698+0000] {spark_submit.py:495} INFO - 23/01/30 17:49:50 INFO Utils: Successfully started service 'sparkDriver' on port 36543.
[2023-01-30T17:49:50.733+0000] {spark_submit.py:495} INFO - 23/01/30 17:49:50 INFO SparkEnv: Registering MapOutputTracker
[2023-01-30T17:49:50.766+0000] {spark_submit.py:495} INFO - 23/01/30 17:49:50 INFO SparkEnv: Registering BlockManagerMaster
[2023-01-30T17:49:50.784+0000] {spark_submit.py:495} INFO - 23/01/30 17:49:50 INFO BlockManagerMasterEndpoint: Using org.apache.spark.storage.DefaultTopologyMapper for getting topology information
[2023-01-30T17:49:50.784+0000] {spark_submit.py:495} INFO - 23/01/30 17:49:50 INFO BlockManagerMasterEndpoint: BlockManagerMasterEndpoint up
[2023-01-30T17:49:50.785+0000] {spark_submit.py:495} INFO - 23/01/30 17:49:50 INFO SparkEnv: Registering BlockManagerMasterHeartbeat
[2023-01-30T17:49:50.805+0000] {spark_submit.py:495} INFO - 23/01/30 17:49:50 INFO DiskBlockManager: Created local directory at /tmp/blockmgr-04c40c86-f891-4f98-8c4f-1b4e67400fa3
[2023-01-30T17:49:50.820+0000] {spark_submit.py:495} INFO - 23/01/30 17:49:50 INFO MemoryStore: MemoryStore started with capacity 434.4 MiB
[2023-01-30T17:49:50.832+0000] {spark_submit.py:495} INFO - 23/01/30 17:49:50 INFO SparkEnv: Registering OutputCommitCoordinator
[2023-01-30T17:49:50.970+0000] {spark_submit.py:495} INFO - 23/01/30 17:49:50 INFO Utils: Successfully started service 'SparkUI' on port 4040.
[2023-01-30T17:49:51.002+0000] {spark_submit.py:495} INFO - 23/01/30 17:49:51 INFO SparkContext: Added JAR file:///home/***/.ivy2/jars/org.apache.spark_spark-sql-kafka-0-10_2.12-3.1.3.jar at spark://15c99fd3082a:36543/jars/org.apache.spark_spark-sql-kafka-0-10_2.12-3.1.3.jar with timestamp 1675100990382
[2023-01-30T17:49:51.002+0000] {spark_submit.py:495} INFO - 23/01/30 17:49:51 INFO SparkContext: Added JAR file:///home/***/.ivy2/jars/org.mongodb.spark_mongo-spark-connector_2.12-3.0.1.jar at spark://15c99fd3082a:36543/jars/org.mongodb.spark_mongo-spark-connector_2.12-3.0.1.jar with timestamp 1675100990382
[2023-01-30T17:49:51.003+0000] {spark_submit.py:495} INFO - 23/01/30 17:49:51 INFO SparkContext: Added JAR file:///home/***/.ivy2/jars/org.apache.spark_spark-token-provider-kafka-0-10_2.12-3.1.3.jar at spark://15c99fd3082a:36543/jars/org.apache.spark_spark-token-provider-kafka-0-10_2.12-3.1.3.jar with timestamp 1675100990382
[2023-01-30T17:49:51.003+0000] {spark_submit.py:495} INFO - 23/01/30 17:49:51 INFO SparkContext: Added JAR file:///home/***/.ivy2/jars/org.apache.kafka_kafka-clients-2.6.0.jar at spark://15c99fd3082a:36543/jars/org.apache.kafka_kafka-clients-2.6.0.jar with timestamp 1675100990382
[2023-01-30T17:49:51.004+0000] {spark_submit.py:495} INFO - 23/01/30 17:49:51 INFO SparkContext: Added JAR file:///home/***/.ivy2/jars/org.apache.commons_commons-pool2-2.6.2.jar at spark://15c99fd3082a:36543/jars/org.apache.commons_commons-pool2-2.6.2.jar with timestamp 1675100990382
[2023-01-30T17:49:51.004+0000] {spark_submit.py:495} INFO - 23/01/30 17:49:51 INFO SparkContext: Added JAR file:///home/***/.ivy2/jars/org.spark-project.spark_unused-1.0.0.jar at spark://15c99fd3082a:36543/jars/org.spark-project.spark_unused-1.0.0.jar with timestamp 1675100990382
[2023-01-30T17:49:51.005+0000] {spark_submit.py:495} INFO - 23/01/30 17:49:51 INFO SparkContext: Added JAR file:///home/***/.ivy2/jars/com.github.luben_zstd-jni-1.4.8-1.jar at spark://15c99fd3082a:36543/jars/com.github.luben_zstd-jni-1.4.8-1.jar with timestamp 1675100990382
[2023-01-30T17:49:51.005+0000] {spark_submit.py:495} INFO - 23/01/30 17:49:51 INFO SparkContext: Added JAR file:///home/***/.ivy2/jars/org.lz4_lz4-java-1.7.1.jar at spark://15c99fd3082a:36543/jars/org.lz4_lz4-java-1.7.1.jar with timestamp 1675100990382
[2023-01-30T17:49:51.005+0000] {spark_submit.py:495} INFO - 23/01/30 17:49:51 INFO SparkContext: Added JAR file:///home/***/.ivy2/jars/org.xerial.snappy_snappy-java-1.1.8.2.jar at spark://15c99fd3082a:36543/jars/org.xerial.snappy_snappy-java-1.1.8.2.jar with timestamp 1675100990382
[2023-01-30T17:49:51.006+0000] {spark_submit.py:495} INFO - 23/01/30 17:49:51 INFO SparkContext: Added JAR file:///home/***/.ivy2/jars/org.slf4j_slf4j-api-1.7.30.jar at spark://15c99fd3082a:36543/jars/org.slf4j_slf4j-api-1.7.30.jar with timestamp 1675100990382
[2023-01-30T17:49:51.006+0000] {spark_submit.py:495} INFO - 23/01/30 17:49:51 INFO SparkContext: Added JAR file:///home/***/.ivy2/jars/org.mongodb_mongodb-driver-sync-4.0.5.jar at spark://15c99fd3082a:36543/jars/org.mongodb_mongodb-driver-sync-4.0.5.jar with timestamp 1675100990382
[2023-01-30T17:49:51.007+0000] {spark_submit.py:495} INFO - 23/01/30 17:49:51 INFO SparkContext: Added JAR file:///home/***/.ivy2/jars/org.mongodb_bson-4.0.5.jar at spark://15c99fd3082a:36543/jars/org.mongodb_bson-4.0.5.jar with timestamp 1675100990382
[2023-01-30T17:49:51.007+0000] {spark_submit.py:495} INFO - 23/01/30 17:49:51 INFO SparkContext: Added JAR file:///home/***/.ivy2/jars/org.mongodb_mongodb-driver-core-4.0.5.jar at spark://15c99fd3082a:36543/jars/org.mongodb_mongodb-driver-core-4.0.5.jar with timestamp 1675100990382
[2023-01-30T17:49:51.009+0000] {spark_submit.py:495} INFO - 23/01/30 17:49:51 INFO SparkContext: Added file file:///home/***/.ivy2/jars/org.apache.spark_spark-sql-kafka-0-10_2.12-3.1.3.jar at file:///home/***/.ivy2/jars/org.apache.spark_spark-sql-kafka-0-10_2.12-3.1.3.jar with timestamp 1675100990382
[2023-01-30T17:49:51.010+0000] {spark_submit.py:495} INFO - 23/01/30 17:49:51 INFO Utils: Copying /home/***/.ivy2/jars/org.apache.spark_spark-sql-kafka-0-10_2.12-3.1.3.jar to /tmp/spark-ee7c6bb3-0eae-4a73-9bb8-618b3ddbe300/userFiles-da8448e1-224e-44af-932c-84e949995084/org.apache.spark_spark-sql-kafka-0-10_2.12-3.1.3.jar
[2023-01-30T17:49:51.020+0000] {spark_submit.py:495} INFO - 23/01/30 17:49:51 INFO SparkContext: Added file file:///home/***/.ivy2/jars/org.mongodb.spark_mongo-spark-connector_2.12-3.0.1.jar at file:///home/***/.ivy2/jars/org.mongodb.spark_mongo-spark-connector_2.12-3.0.1.jar with timestamp 1675100990382
[2023-01-30T17:49:51.020+0000] {spark_submit.py:495} INFO - 23/01/30 17:49:51 INFO Utils: Copying /home/***/.ivy2/jars/org.mongodb.spark_mongo-spark-connector_2.12-3.0.1.jar to /tmp/spark-ee7c6bb3-0eae-4a73-9bb8-618b3ddbe300/userFiles-da8448e1-224e-44af-932c-84e949995084/org.mongodb.spark_mongo-spark-connector_2.12-3.0.1.jar
[2023-01-30T17:49:51.023+0000] {spark_submit.py:495} INFO - 23/01/30 17:49:51 INFO SparkContext: Added file file:///home/***/.ivy2/jars/org.apache.spark_spark-token-provider-kafka-0-10_2.12-3.1.3.jar at file:///home/***/.ivy2/jars/org.apache.spark_spark-token-provider-kafka-0-10_2.12-3.1.3.jar with timestamp 1675100990382
[2023-01-30T17:49:51.023+0000] {spark_submit.py:495} INFO - 23/01/30 17:49:51 INFO Utils: Copying /home/***/.ivy2/jars/org.apache.spark_spark-token-provider-kafka-0-10_2.12-3.1.3.jar to /tmp/spark-ee7c6bb3-0eae-4a73-9bb8-618b3ddbe300/userFiles-da8448e1-224e-44af-932c-84e949995084/org.apache.spark_spark-token-provider-kafka-0-10_2.12-3.1.3.jar
[2023-01-30T17:49:51.029+0000] {spark_submit.py:495} INFO - 23/01/30 17:49:51 INFO SparkContext: Added file file:///home/***/.ivy2/jars/org.apache.kafka_kafka-clients-2.6.0.jar at file:///home/***/.ivy2/jars/org.apache.kafka_kafka-clients-2.6.0.jar with timestamp 1675100990382
[2023-01-30T17:49:51.031+0000] {spark_submit.py:495} INFO - 23/01/30 17:49:51 INFO Utils: Copying /home/***/.ivy2/jars/org.apache.kafka_kafka-clients-2.6.0.jar to /tmp/spark-ee7c6bb3-0eae-4a73-9bb8-618b3ddbe300/userFiles-da8448e1-224e-44af-932c-84e949995084/org.apache.kafka_kafka-clients-2.6.0.jar
[2023-01-30T17:49:51.039+0000] {spark_submit.py:495} INFO - 23/01/30 17:49:51 INFO SparkContext: Added file file:///home/***/.ivy2/jars/org.apache.commons_commons-pool2-2.6.2.jar at file:///home/***/.ivy2/jars/org.apache.commons_commons-pool2-2.6.2.jar with timestamp 1675100990382
[2023-01-30T17:49:51.040+0000] {spark_submit.py:495} INFO - 23/01/30 17:49:51 INFO Utils: Copying /home/***/.ivy2/jars/org.apache.commons_commons-pool2-2.6.2.jar to /tmp/spark-ee7c6bb3-0eae-4a73-9bb8-618b3ddbe300/userFiles-da8448e1-224e-44af-932c-84e949995084/org.apache.commons_commons-pool2-2.6.2.jar
[2023-01-30T17:49:51.043+0000] {spark_submit.py:495} INFO - 23/01/30 17:49:51 INFO SparkContext: Added file file:///home/***/.ivy2/jars/org.spark-project.spark_unused-1.0.0.jar at file:///home/***/.ivy2/jars/org.spark-project.spark_unused-1.0.0.jar with timestamp 1675100990382
[2023-01-30T17:49:51.043+0000] {spark_submit.py:495} INFO - 23/01/30 17:49:51 INFO Utils: Copying /home/***/.ivy2/jars/org.spark-project.spark_unused-1.0.0.jar to /tmp/spark-ee7c6bb3-0eae-4a73-9bb8-618b3ddbe300/userFiles-da8448e1-224e-44af-932c-84e949995084/org.spark-project.spark_unused-1.0.0.jar
[2023-01-30T17:49:51.045+0000] {spark_submit.py:495} INFO - 23/01/30 17:49:51 INFO SparkContext: Added file file:///home/***/.ivy2/jars/com.github.luben_zstd-jni-1.4.8-1.jar at file:///home/***/.ivy2/jars/com.github.luben_zstd-jni-1.4.8-1.jar with timestamp 1675100990382
[2023-01-30T17:49:51.045+0000] {spark_submit.py:495} INFO - 23/01/30 17:49:51 INFO Utils: Copying /home/***/.ivy2/jars/com.github.luben_zstd-jni-1.4.8-1.jar to /tmp/spark-ee7c6bb3-0eae-4a73-9bb8-618b3ddbe300/userFiles-da8448e1-224e-44af-932c-84e949995084/com.github.luben_zstd-jni-1.4.8-1.jar
[2023-01-30T17:49:51.059+0000] {spark_submit.py:495} INFO - 23/01/30 17:49:51 INFO SparkContext: Added file file:///home/***/.ivy2/jars/org.lz4_lz4-java-1.7.1.jar at file:///home/***/.ivy2/jars/org.lz4_lz4-java-1.7.1.jar with timestamp 1675100990382
[2023-01-30T17:49:51.059+0000] {spark_submit.py:495} INFO - 23/01/30 17:49:51 INFO Utils: Copying /home/***/.ivy2/jars/org.lz4_lz4-java-1.7.1.jar to /tmp/spark-ee7c6bb3-0eae-4a73-9bb8-618b3ddbe300/userFiles-da8448e1-224e-44af-932c-84e949995084/org.lz4_lz4-java-1.7.1.jar
[2023-01-30T17:49:51.067+0000] {spark_submit.py:495} INFO - 23/01/30 17:49:51 INFO SparkContext: Added file file:///home/***/.ivy2/jars/org.xerial.snappy_snappy-java-1.1.8.2.jar at file:///home/***/.ivy2/jars/org.xerial.snappy_snappy-java-1.1.8.2.jar with timestamp 1675100990382
[2023-01-30T17:49:51.067+0000] {spark_submit.py:495} INFO - 23/01/30 17:49:51 INFO Utils: Copying /home/***/.ivy2/jars/org.xerial.snappy_snappy-java-1.1.8.2.jar to /tmp/spark-ee7c6bb3-0eae-4a73-9bb8-618b3ddbe300/userFiles-da8448e1-224e-44af-932c-84e949995084/org.xerial.snappy_snappy-java-1.1.8.2.jar
[2023-01-30T17:49:51.070+0000] {spark_submit.py:495} INFO - 23/01/30 17:49:51 INFO SparkContext: Added file file:///home/***/.ivy2/jars/org.slf4j_slf4j-api-1.7.30.jar at file:///home/***/.ivy2/jars/org.slf4j_slf4j-api-1.7.30.jar with timestamp 1675100990382
[2023-01-30T17:49:51.070+0000] {spark_submit.py:495} INFO - 23/01/30 17:49:51 INFO Utils: Copying /home/***/.ivy2/jars/org.slf4j_slf4j-api-1.7.30.jar to /tmp/spark-ee7c6bb3-0eae-4a73-9bb8-618b3ddbe300/userFiles-da8448e1-224e-44af-932c-84e949995084/org.slf4j_slf4j-api-1.7.30.jar
[2023-01-30T17:49:51.073+0000] {spark_submit.py:495} INFO - 23/01/30 17:49:51 INFO SparkContext: Added file file:///home/***/.ivy2/jars/org.mongodb_mongodb-driver-sync-4.0.5.jar at file:///home/***/.ivy2/jars/org.mongodb_mongodb-driver-sync-4.0.5.jar with timestamp 1675100990382
[2023-01-30T17:49:51.074+0000] {spark_submit.py:495} INFO - 23/01/30 17:49:51 INFO Utils: Copying /home/***/.ivy2/jars/org.mongodb_mongodb-driver-sync-4.0.5.jar to /tmp/spark-ee7c6bb3-0eae-4a73-9bb8-618b3ddbe300/userFiles-da8448e1-224e-44af-932c-84e949995084/org.mongodb_mongodb-driver-sync-4.0.5.jar
[2023-01-30T17:49:51.077+0000] {spark_submit.py:495} INFO - 23/01/30 17:49:51 INFO SparkContext: Added file file:///home/***/.ivy2/jars/org.mongodb_bson-4.0.5.jar at file:///home/***/.ivy2/jars/org.mongodb_bson-4.0.5.jar with timestamp 1675100990382
[2023-01-30T17:49:51.077+0000] {spark_submit.py:495} INFO - 23/01/30 17:49:51 INFO Utils: Copying /home/***/.ivy2/jars/org.mongodb_bson-4.0.5.jar to /tmp/spark-ee7c6bb3-0eae-4a73-9bb8-618b3ddbe300/userFiles-da8448e1-224e-44af-932c-84e949995084/org.mongodb_bson-4.0.5.jar
[2023-01-30T17:49:51.080+0000] {spark_submit.py:495} INFO - 23/01/30 17:49:51 INFO SparkContext: Added file file:///home/***/.ivy2/jars/org.mongodb_mongodb-driver-core-4.0.5.jar at file:///home/***/.ivy2/jars/org.mongodb_mongodb-driver-core-4.0.5.jar with timestamp 1675100990382
[2023-01-30T17:49:51.080+0000] {spark_submit.py:495} INFO - 23/01/30 17:49:51 INFO Utils: Copying /home/***/.ivy2/jars/org.mongodb_mongodb-driver-core-4.0.5.jar to /tmp/spark-ee7c6bb3-0eae-4a73-9bb8-618b3ddbe300/userFiles-da8448e1-224e-44af-932c-84e949995084/org.mongodb_mongodb-driver-core-4.0.5.jar
[2023-01-30T17:49:51.134+0000] {spark_submit.py:495} INFO - 23/01/30 17:49:51 INFO Executor: Starting executor ID driver on host 15c99fd3082a
[2023-01-30T17:49:51.139+0000] {spark_submit.py:495} INFO - 23/01/30 17:49:51 INFO Executor: Starting executor with user classpath (userClassPathFirst = false): ''
[2023-01-30T17:49:51.147+0000] {spark_submit.py:495} INFO - 23/01/30 17:49:51 INFO Executor: Fetching file:///home/***/.ivy2/jars/org.apache.spark_spark-token-provider-kafka-0-10_2.12-3.1.3.jar with timestamp 1675100990382
[2023-01-30T17:49:51.161+0000] {spark_submit.py:495} INFO - 23/01/30 17:49:51 INFO Utils: /home/***/.ivy2/jars/org.apache.spark_spark-token-provider-kafka-0-10_2.12-3.1.3.jar has been previously copied to /tmp/spark-ee7c6bb3-0eae-4a73-9bb8-618b3ddbe300/userFiles-da8448e1-224e-44af-932c-84e949995084/org.apache.spark_spark-token-provider-kafka-0-10_2.12-3.1.3.jar
[2023-01-30T17:49:51.169+0000] {spark_submit.py:495} INFO - 23/01/30 17:49:51 INFO Executor: Fetching file:///home/***/.ivy2/jars/org.mongodb_mongodb-driver-sync-4.0.5.jar with timestamp 1675100990382
[2023-01-30T17:49:51.169+0000] {spark_submit.py:495} INFO - 23/01/30 17:49:51 INFO Utils: /home/***/.ivy2/jars/org.mongodb_mongodb-driver-sync-4.0.5.jar has been previously copied to /tmp/spark-ee7c6bb3-0eae-4a73-9bb8-618b3ddbe300/userFiles-da8448e1-224e-44af-932c-84e949995084/org.mongodb_mongodb-driver-sync-4.0.5.jar
[2023-01-30T17:49:51.172+0000] {spark_submit.py:495} INFO - 23/01/30 17:49:51 INFO Executor: Fetching file:///home/***/.ivy2/jars/org.apache.kafka_kafka-clients-2.6.0.jar with timestamp 1675100990382
[2023-01-30T17:49:51.178+0000] {spark_submit.py:495} INFO - 23/01/30 17:49:51 INFO Utils: /home/***/.ivy2/jars/org.apache.kafka_kafka-clients-2.6.0.jar has been previously copied to /tmp/spark-ee7c6bb3-0eae-4a73-9bb8-618b3ddbe300/userFiles-da8448e1-224e-44af-932c-84e949995084/org.apache.kafka_kafka-clients-2.6.0.jar
[2023-01-30T17:49:51.181+0000] {spark_submit.py:495} INFO - 23/01/30 17:49:51 INFO Executor: Fetching file:///home/***/.ivy2/jars/org.mongodb_bson-4.0.5.jar with timestamp 1675100990382
[2023-01-30T17:49:51.182+0000] {spark_submit.py:495} INFO - 23/01/30 17:49:51 INFO Utils: /home/***/.ivy2/jars/org.mongodb_bson-4.0.5.jar has been previously copied to /tmp/spark-ee7c6bb3-0eae-4a73-9bb8-618b3ddbe300/userFiles-da8448e1-224e-44af-932c-84e949995084/org.mongodb_bson-4.0.5.jar
[2023-01-30T17:49:51.188+0000] {spark_submit.py:495} INFO - 23/01/30 17:49:51 INFO Executor: Fetching file:///home/***/.ivy2/jars/com.github.luben_zstd-jni-1.4.8-1.jar with timestamp 1675100990382
[2023-01-30T17:49:51.193+0000] {spark_submit.py:495} INFO - 23/01/30 17:49:51 INFO Utils: /home/***/.ivy2/jars/com.github.luben_zstd-jni-1.4.8-1.jar has been previously copied to /tmp/spark-ee7c6bb3-0eae-4a73-9bb8-618b3ddbe300/userFiles-da8448e1-224e-44af-932c-84e949995084/com.github.luben_zstd-jni-1.4.8-1.jar
[2023-01-30T17:49:51.203+0000] {spark_submit.py:495} INFO - 23/01/30 17:49:51 INFO Executor: Fetching file:///home/***/.ivy2/jars/org.lz4_lz4-java-1.7.1.jar with timestamp 1675100990382
[2023-01-30T17:49:51.204+0000] {spark_submit.py:495} INFO - 23/01/30 17:49:51 INFO Utils: /home/***/.ivy2/jars/org.lz4_lz4-java-1.7.1.jar has been previously copied to /tmp/spark-ee7c6bb3-0eae-4a73-9bb8-618b3ddbe300/userFiles-da8448e1-224e-44af-932c-84e949995084/org.lz4_lz4-java-1.7.1.jar
[2023-01-30T17:49:51.214+0000] {spark_submit.py:495} INFO - 23/01/30 17:49:51 INFO Executor: Fetching file:///home/***/.ivy2/jars/org.spark-project.spark_unused-1.0.0.jar with timestamp 1675100990382
[2023-01-30T17:49:51.215+0000] {spark_submit.py:495} INFO - 23/01/30 17:49:51 INFO Utils: /home/***/.ivy2/jars/org.spark-project.spark_unused-1.0.0.jar has been previously copied to /tmp/spark-ee7c6bb3-0eae-4a73-9bb8-618b3ddbe300/userFiles-da8448e1-224e-44af-932c-84e949995084/org.spark-project.spark_unused-1.0.0.jar
[2023-01-30T17:49:51.218+0000] {spark_submit.py:495} INFO - 23/01/30 17:49:51 INFO Executor: Fetching file:///home/***/.ivy2/jars/org.xerial.snappy_snappy-java-1.1.8.2.jar with timestamp 1675100990382
[2023-01-30T17:49:51.219+0000] {spark_submit.py:495} INFO - 23/01/30 17:49:51 INFO Utils: /home/***/.ivy2/jars/org.xerial.snappy_snappy-java-1.1.8.2.jar has been previously copied to /tmp/spark-ee7c6bb3-0eae-4a73-9bb8-618b3ddbe300/userFiles-da8448e1-224e-44af-932c-84e949995084/org.xerial.snappy_snappy-java-1.1.8.2.jar
[2023-01-30T17:49:51.225+0000] {spark_submit.py:495} INFO - 23/01/30 17:49:51 INFO Executor: Fetching file:///home/***/.ivy2/jars/org.mongodb_mongodb-driver-core-4.0.5.jar with timestamp 1675100990382
[2023-01-30T17:49:51.227+0000] {spark_submit.py:495} INFO - 23/01/30 17:49:51 INFO Utils: /home/***/.ivy2/jars/org.mongodb_mongodb-driver-core-4.0.5.jar has been previously copied to /tmp/spark-ee7c6bb3-0eae-4a73-9bb8-618b3ddbe300/userFiles-da8448e1-224e-44af-932c-84e949995084/org.mongodb_mongodb-driver-core-4.0.5.jar
[2023-01-30T17:49:51.230+0000] {spark_submit.py:495} INFO - 23/01/30 17:49:51 INFO Executor: Fetching file:///home/***/.ivy2/jars/org.apache.spark_spark-sql-kafka-0-10_2.12-3.1.3.jar with timestamp 1675100990382
[2023-01-30T17:49:51.231+0000] {spark_submit.py:495} INFO - 23/01/30 17:49:51 INFO Utils: /home/***/.ivy2/jars/org.apache.spark_spark-sql-kafka-0-10_2.12-3.1.3.jar has been previously copied to /tmp/spark-ee7c6bb3-0eae-4a73-9bb8-618b3ddbe300/userFiles-da8448e1-224e-44af-932c-84e949995084/org.apache.spark_spark-sql-kafka-0-10_2.12-3.1.3.jar
[2023-01-30T17:49:51.235+0000] {spark_submit.py:495} INFO - 23/01/30 17:49:51 INFO Executor: Fetching file:///home/***/.ivy2/jars/org.mongodb.spark_mongo-spark-connector_2.12-3.0.1.jar with timestamp 1675100990382
[2023-01-30T17:49:51.236+0000] {spark_submit.py:495} INFO - 23/01/30 17:49:51 INFO Utils: /home/***/.ivy2/jars/org.mongodb.spark_mongo-spark-connector_2.12-3.0.1.jar has been previously copied to /tmp/spark-ee7c6bb3-0eae-4a73-9bb8-618b3ddbe300/userFiles-da8448e1-224e-44af-932c-84e949995084/org.mongodb.spark_mongo-spark-connector_2.12-3.0.1.jar
[2023-01-30T17:49:51.240+0000] {spark_submit.py:495} INFO - 23/01/30 17:49:51 INFO Executor: Fetching file:///home/***/.ivy2/jars/org.apache.commons_commons-pool2-2.6.2.jar with timestamp 1675100990382
[2023-01-30T17:49:51.240+0000] {spark_submit.py:495} INFO - 23/01/30 17:49:51 INFO Utils: /home/***/.ivy2/jars/org.apache.commons_commons-pool2-2.6.2.jar has been previously copied to /tmp/spark-ee7c6bb3-0eae-4a73-9bb8-618b3ddbe300/userFiles-da8448e1-224e-44af-932c-84e949995084/org.apache.commons_commons-pool2-2.6.2.jar
[2023-01-30T17:49:51.243+0000] {spark_submit.py:495} INFO - 23/01/30 17:49:51 INFO Executor: Fetching file:///home/***/.ivy2/jars/org.slf4j_slf4j-api-1.7.30.jar with timestamp 1675100990382
[2023-01-30T17:49:51.244+0000] {spark_submit.py:495} INFO - 23/01/30 17:49:51 INFO Utils: /home/***/.ivy2/jars/org.slf4j_slf4j-api-1.7.30.jar has been previously copied to /tmp/spark-ee7c6bb3-0eae-4a73-9bb8-618b3ddbe300/userFiles-da8448e1-224e-44af-932c-84e949995084/org.slf4j_slf4j-api-1.7.30.jar
[2023-01-30T17:49:51.248+0000] {spark_submit.py:495} INFO - 23/01/30 17:49:51 INFO Executor: Fetching spark://15c99fd3082a:36543/jars/org.mongodb.spark_mongo-spark-connector_2.12-3.0.1.jar with timestamp 1675100990382
[2023-01-30T17:49:51.282+0000] {spark_submit.py:495} INFO - 23/01/30 17:49:51 INFO TransportClientFactory: Successfully created connection to 15c99fd3082a/172.20.0.7:36543 after 23 ms (0 ms spent in bootstraps)
[2023-01-30T17:49:51.288+0000] {spark_submit.py:495} INFO - 23/01/30 17:49:51 INFO Utils: Fetching spark://15c99fd3082a:36543/jars/org.mongodb.spark_mongo-spark-connector_2.12-3.0.1.jar to /tmp/spark-ee7c6bb3-0eae-4a73-9bb8-618b3ddbe300/userFiles-da8448e1-224e-44af-932c-84e949995084/fetchFileTemp16868268267569566258.tmp
[2023-01-30T17:49:51.319+0000] {spark_submit.py:495} INFO - 23/01/30 17:49:51 INFO Utils: /tmp/spark-ee7c6bb3-0eae-4a73-9bb8-618b3ddbe300/userFiles-da8448e1-224e-44af-932c-84e949995084/fetchFileTemp16868268267569566258.tmp has been previously copied to /tmp/spark-ee7c6bb3-0eae-4a73-9bb8-618b3ddbe300/userFiles-da8448e1-224e-44af-932c-84e949995084/org.mongodb.spark_mongo-spark-connector_2.12-3.0.1.jar
[2023-01-30T17:49:51.322+0000] {spark_submit.py:495} INFO - 23/01/30 17:49:51 INFO Executor: Adding file:/tmp/spark-ee7c6bb3-0eae-4a73-9bb8-618b3ddbe300/userFiles-da8448e1-224e-44af-932c-84e949995084/org.mongodb.spark_mongo-spark-connector_2.12-3.0.1.jar to class loader
[2023-01-30T17:49:51.322+0000] {spark_submit.py:495} INFO - 23/01/30 17:49:51 INFO Executor: Fetching spark://15c99fd3082a:36543/jars/org.lz4_lz4-java-1.7.1.jar with timestamp 1675100990382
[2023-01-30T17:49:51.327+0000] {spark_submit.py:495} INFO - 23/01/30 17:49:51 INFO Utils: Fetching spark://15c99fd3082a:36543/jars/org.lz4_lz4-java-1.7.1.jar to /tmp/spark-ee7c6bb3-0eae-4a73-9bb8-618b3ddbe300/userFiles-da8448e1-224e-44af-932c-84e949995084/fetchFileTemp3379339300711225079.tmp
[2023-01-30T17:49:51.331+0000] {spark_submit.py:495} INFO - 23/01/30 17:49:51 INFO Utils: /tmp/spark-ee7c6bb3-0eae-4a73-9bb8-618b3ddbe300/userFiles-da8448e1-224e-44af-932c-84e949995084/fetchFileTemp3379339300711225079.tmp has been previously copied to /tmp/spark-ee7c6bb3-0eae-4a73-9bb8-618b3ddbe300/userFiles-da8448e1-224e-44af-932c-84e949995084/org.lz4_lz4-java-1.7.1.jar
[2023-01-30T17:49:51.334+0000] {spark_submit.py:495} INFO - 23/01/30 17:49:51 INFO Executor: Adding file:/tmp/spark-ee7c6bb3-0eae-4a73-9bb8-618b3ddbe300/userFiles-da8448e1-224e-44af-932c-84e949995084/org.lz4_lz4-java-1.7.1.jar to class loader
[2023-01-30T17:49:51.334+0000] {spark_submit.py:495} INFO - 23/01/30 17:49:51 INFO Executor: Fetching spark://15c99fd3082a:36543/jars/org.slf4j_slf4j-api-1.7.30.jar with timestamp 1675100990382
[2023-01-30T17:49:51.335+0000] {spark_submit.py:495} INFO - 23/01/30 17:49:51 INFO Utils: Fetching spark://15c99fd3082a:36543/jars/org.slf4j_slf4j-api-1.7.30.jar to /tmp/spark-ee7c6bb3-0eae-4a73-9bb8-618b3ddbe300/userFiles-da8448e1-224e-44af-932c-84e949995084/fetchFileTemp8733627465194597055.tmp
[2023-01-30T17:49:51.336+0000] {spark_submit.py:495} INFO - 23/01/30 17:49:51 INFO Utils: /tmp/spark-ee7c6bb3-0eae-4a73-9bb8-618b3ddbe300/userFiles-da8448e1-224e-44af-932c-84e949995084/fetchFileTemp8733627465194597055.tmp has been previously copied to /tmp/spark-ee7c6bb3-0eae-4a73-9bb8-618b3ddbe300/userFiles-da8448e1-224e-44af-932c-84e949995084/org.slf4j_slf4j-api-1.7.30.jar
[2023-01-30T17:49:51.339+0000] {spark_submit.py:495} INFO - 23/01/30 17:49:51 INFO Executor: Adding file:/tmp/spark-ee7c6bb3-0eae-4a73-9bb8-618b3ddbe300/userFiles-da8448e1-224e-44af-932c-84e949995084/org.slf4j_slf4j-api-1.7.30.jar to class loader
[2023-01-30T17:49:51.339+0000] {spark_submit.py:495} INFO - 23/01/30 17:49:51 INFO Executor: Fetching spark://15c99fd3082a:36543/jars/org.apache.commons_commons-pool2-2.6.2.jar with timestamp 1675100990382
[2023-01-30T17:49:51.340+0000] {spark_submit.py:495} INFO - 23/01/30 17:49:51 INFO Utils: Fetching spark://15c99fd3082a:36543/jars/org.apache.commons_commons-pool2-2.6.2.jar to /tmp/spark-ee7c6bb3-0eae-4a73-9bb8-618b3ddbe300/userFiles-da8448e1-224e-44af-932c-84e949995084/fetchFileTemp4916313715928243490.tmp
[2023-01-30T17:49:51.345+0000] {spark_submit.py:495} INFO - 23/01/30 17:49:51 INFO Utils: /tmp/spark-ee7c6bb3-0eae-4a73-9bb8-618b3ddbe300/userFiles-da8448e1-224e-44af-932c-84e949995084/fetchFileTemp4916313715928243490.tmp has been previously copied to /tmp/spark-ee7c6bb3-0eae-4a73-9bb8-618b3ddbe300/userFiles-da8448e1-224e-44af-932c-84e949995084/org.apache.commons_commons-pool2-2.6.2.jar
[2023-01-30T17:49:51.349+0000] {spark_submit.py:495} INFO - 23/01/30 17:49:51 INFO Executor: Adding file:/tmp/spark-ee7c6bb3-0eae-4a73-9bb8-618b3ddbe300/userFiles-da8448e1-224e-44af-932c-84e949995084/org.apache.commons_commons-pool2-2.6.2.jar to class loader
[2023-01-30T17:49:51.349+0000] {spark_submit.py:495} INFO - 23/01/30 17:49:51 INFO Executor: Fetching spark://15c99fd3082a:36543/jars/org.mongodb_mongodb-driver-sync-4.0.5.jar with timestamp 1675100990382
[2023-01-30T17:49:51.349+0000] {spark_submit.py:495} INFO - 23/01/30 17:49:51 INFO Utils: Fetching spark://15c99fd3082a:36543/jars/org.mongodb_mongodb-driver-sync-4.0.5.jar to /tmp/spark-ee7c6bb3-0eae-4a73-9bb8-618b3ddbe300/userFiles-da8448e1-224e-44af-932c-84e949995084/fetchFileTemp7640556110303875036.tmp
[2023-01-30T17:49:51.372+0000] {spark_submit.py:495} INFO - 23/01/30 17:49:51 INFO Utils: /tmp/spark-ee7c6bb3-0eae-4a73-9bb8-618b3ddbe300/userFiles-da8448e1-224e-44af-932c-84e949995084/fetchFileTemp7640556110303875036.tmp has been previously copied to /tmp/spark-ee7c6bb3-0eae-4a73-9bb8-618b3ddbe300/userFiles-da8448e1-224e-44af-932c-84e949995084/org.mongodb_mongodb-driver-sync-4.0.5.jar
[2023-01-30T17:49:51.377+0000] {spark_submit.py:495} INFO - 23/01/30 17:49:51 INFO Executor: Adding file:/tmp/spark-ee7c6bb3-0eae-4a73-9bb8-618b3ddbe300/userFiles-da8448e1-224e-44af-932c-84e949995084/org.mongodb_mongodb-driver-sync-4.0.5.jar to class loader
[2023-01-30T17:49:51.377+0000] {spark_submit.py:495} INFO - 23/01/30 17:49:51 INFO Executor: Fetching spark://15c99fd3082a:36543/jars/org.apache.kafka_kafka-clients-2.6.0.jar with timestamp 1675100990382
[2023-01-30T17:49:51.381+0000] {spark_submit.py:495} INFO - 23/01/30 17:49:51 INFO Utils: Fetching spark://15c99fd3082a:36543/jars/org.apache.kafka_kafka-clients-2.6.0.jar to /tmp/spark-ee7c6bb3-0eae-4a73-9bb8-618b3ddbe300/userFiles-da8448e1-224e-44af-932c-84e949995084/fetchFileTemp11279746832111054971.tmp
[2023-01-30T17:49:51.405+0000] {spark_submit.py:495} INFO - 23/01/30 17:49:51 INFO Utils: /tmp/spark-ee7c6bb3-0eae-4a73-9bb8-618b3ddbe300/userFiles-da8448e1-224e-44af-932c-84e949995084/fetchFileTemp11279746832111054971.tmp has been previously copied to /tmp/spark-ee7c6bb3-0eae-4a73-9bb8-618b3ddbe300/userFiles-da8448e1-224e-44af-932c-84e949995084/org.apache.kafka_kafka-clients-2.6.0.jar
[2023-01-30T17:49:51.413+0000] {spark_submit.py:495} INFO - 23/01/30 17:49:51 INFO Executor: Adding file:/tmp/spark-ee7c6bb3-0eae-4a73-9bb8-618b3ddbe300/userFiles-da8448e1-224e-44af-932c-84e949995084/org.apache.kafka_kafka-clients-2.6.0.jar to class loader
[2023-01-30T17:49:51.413+0000] {spark_submit.py:495} INFO - 23/01/30 17:49:51 INFO Executor: Fetching spark://15c99fd3082a:36543/jars/org.spark-project.spark_unused-1.0.0.jar with timestamp 1675100990382
[2023-01-30T17:49:51.415+0000] {spark_submit.py:495} INFO - 23/01/30 17:49:51 INFO Utils: Fetching spark://15c99fd3082a:36543/jars/org.spark-project.spark_unused-1.0.0.jar to /tmp/spark-ee7c6bb3-0eae-4a73-9bb8-618b3ddbe300/userFiles-da8448e1-224e-44af-932c-84e949995084/fetchFileTemp544488330919979550.tmp
[2023-01-30T17:49:51.415+0000] {spark_submit.py:495} INFO - 23/01/30 17:49:51 INFO Utils: /tmp/spark-ee7c6bb3-0eae-4a73-9bb8-618b3ddbe300/userFiles-da8448e1-224e-44af-932c-84e949995084/fetchFileTemp544488330919979550.tmp has been previously copied to /tmp/spark-ee7c6bb3-0eae-4a73-9bb8-618b3ddbe300/userFiles-da8448e1-224e-44af-932c-84e949995084/org.spark-project.spark_unused-1.0.0.jar
[2023-01-30T17:49:51.418+0000] {spark_submit.py:495} INFO - 23/01/30 17:49:51 INFO Executor: Adding file:/tmp/spark-ee7c6bb3-0eae-4a73-9bb8-618b3ddbe300/userFiles-da8448e1-224e-44af-932c-84e949995084/org.spark-project.spark_unused-1.0.0.jar to class loader
[2023-01-30T17:49:51.418+0000] {spark_submit.py:495} INFO - 23/01/30 17:49:51 INFO Executor: Fetching spark://15c99fd3082a:36543/jars/org.apache.spark_spark-sql-kafka-0-10_2.12-3.1.3.jar with timestamp 1675100990382
[2023-01-30T17:49:51.419+0000] {spark_submit.py:495} INFO - 23/01/30 17:49:51 INFO Utils: Fetching spark://15c99fd3082a:36543/jars/org.apache.spark_spark-sql-kafka-0-10_2.12-3.1.3.jar to /tmp/spark-ee7c6bb3-0eae-4a73-9bb8-618b3ddbe300/userFiles-da8448e1-224e-44af-932c-84e949995084/fetchFileTemp490447057924973202.tmp
[2023-01-30T17:49:51.421+0000] {spark_submit.py:495} INFO - 23/01/30 17:49:51 INFO Utils: /tmp/spark-ee7c6bb3-0eae-4a73-9bb8-618b3ddbe300/userFiles-da8448e1-224e-44af-932c-84e949995084/fetchFileTemp490447057924973202.tmp has been previously copied to /tmp/spark-ee7c6bb3-0eae-4a73-9bb8-618b3ddbe300/userFiles-da8448e1-224e-44af-932c-84e949995084/org.apache.spark_spark-sql-kafka-0-10_2.12-3.1.3.jar
[2023-01-30T17:49:51.424+0000] {spark_submit.py:495} INFO - 23/01/30 17:49:51 INFO Executor: Adding file:/tmp/spark-ee7c6bb3-0eae-4a73-9bb8-618b3ddbe300/userFiles-da8448e1-224e-44af-932c-84e949995084/org.apache.spark_spark-sql-kafka-0-10_2.12-3.1.3.jar to class loader
[2023-01-30T17:49:51.424+0000] {spark_submit.py:495} INFO - 23/01/30 17:49:51 INFO Executor: Fetching spark://15c99fd3082a:36543/jars/com.github.luben_zstd-jni-1.4.8-1.jar with timestamp 1675100990382
[2023-01-30T17:49:51.425+0000] {spark_submit.py:495} INFO - 23/01/30 17:49:51 INFO Utils: Fetching spark://15c99fd3082a:36543/jars/com.github.luben_zstd-jni-1.4.8-1.jar to /tmp/spark-ee7c6bb3-0eae-4a73-9bb8-618b3ddbe300/userFiles-da8448e1-224e-44af-932c-84e949995084/fetchFileTemp11152515770988426649.tmp
[2023-01-30T17:49:51.449+0000] {spark_submit.py:495} INFO - 23/01/30 17:49:51 INFO Utils: /tmp/spark-ee7c6bb3-0eae-4a73-9bb8-618b3ddbe300/userFiles-da8448e1-224e-44af-932c-84e949995084/fetchFileTemp11152515770988426649.tmp has been previously copied to /tmp/spark-ee7c6bb3-0eae-4a73-9bb8-618b3ddbe300/userFiles-da8448e1-224e-44af-932c-84e949995084/com.github.luben_zstd-jni-1.4.8-1.jar
[2023-01-30T17:49:51.524+0000] {spark_submit.py:495} INFO - 23/01/30 17:49:51 INFO Executor: Adding file:/tmp/spark-ee7c6bb3-0eae-4a73-9bb8-618b3ddbe300/userFiles-da8448e1-224e-44af-932c-84e949995084/com.github.luben_zstd-jni-1.4.8-1.jar to class loader
[2023-01-30T17:49:51.524+0000] {spark_submit.py:495} INFO - 23/01/30 17:49:51 INFO Executor: Fetching spark://15c99fd3082a:36543/jars/org.apache.spark_spark-token-provider-kafka-0-10_2.12-3.1.3.jar with timestamp 1675100990382
[2023-01-30T17:49:51.525+0000] {spark_submit.py:495} INFO - 23/01/30 17:49:51 INFO Utils: Fetching spark://15c99fd3082a:36543/jars/org.apache.spark_spark-token-provider-kafka-0-10_2.12-3.1.3.jar to /tmp/spark-ee7c6bb3-0eae-4a73-9bb8-618b3ddbe300/userFiles-da8448e1-224e-44af-932c-84e949995084/fetchFileTemp16606091662054206526.tmp
[2023-01-30T17:49:51.526+0000] {spark_submit.py:495} INFO - 23/01/30 17:49:51 INFO Utils: /tmp/spark-ee7c6bb3-0eae-4a73-9bb8-618b3ddbe300/userFiles-da8448e1-224e-44af-932c-84e949995084/fetchFileTemp16606091662054206526.tmp has been previously copied to /tmp/spark-ee7c6bb3-0eae-4a73-9bb8-618b3ddbe300/userFiles-da8448e1-224e-44af-932c-84e949995084/org.apache.spark_spark-token-provider-kafka-0-10_2.12-3.1.3.jar
[2023-01-30T17:49:51.529+0000] {spark_submit.py:495} INFO - 23/01/30 17:49:51 INFO Executor: Adding file:/tmp/spark-ee7c6bb3-0eae-4a73-9bb8-618b3ddbe300/userFiles-da8448e1-224e-44af-932c-84e949995084/org.apache.spark_spark-token-provider-kafka-0-10_2.12-3.1.3.jar to class loader
[2023-01-30T17:49:51.529+0000] {spark_submit.py:495} INFO - 23/01/30 17:49:51 INFO Executor: Fetching spark://15c99fd3082a:36543/jars/org.mongodb_mongodb-driver-core-4.0.5.jar with timestamp 1675100990382
[2023-01-30T17:49:51.529+0000] {spark_submit.py:495} INFO - 23/01/30 17:49:51 INFO Utils: Fetching spark://15c99fd3082a:36543/jars/org.mongodb_mongodb-driver-core-4.0.5.jar to /tmp/spark-ee7c6bb3-0eae-4a73-9bb8-618b3ddbe300/userFiles-da8448e1-224e-44af-932c-84e949995084/fetchFileTemp4950194409750701524.tmp
[2023-01-30T17:49:51.535+0000] {spark_submit.py:495} INFO - 23/01/30 17:49:51 INFO Utils: /tmp/spark-ee7c6bb3-0eae-4a73-9bb8-618b3ddbe300/userFiles-da8448e1-224e-44af-932c-84e949995084/fetchFileTemp4950194409750701524.tmp has been previously copied to /tmp/spark-ee7c6bb3-0eae-4a73-9bb8-618b3ddbe300/userFiles-da8448e1-224e-44af-932c-84e949995084/org.mongodb_mongodb-driver-core-4.0.5.jar
[2023-01-30T17:49:51.540+0000] {spark_submit.py:495} INFO - 23/01/30 17:49:51 INFO Executor: Adding file:/tmp/spark-ee7c6bb3-0eae-4a73-9bb8-618b3ddbe300/userFiles-da8448e1-224e-44af-932c-84e949995084/org.mongodb_mongodb-driver-core-4.0.5.jar to class loader
[2023-01-30T17:49:51.540+0000] {spark_submit.py:495} INFO - 23/01/30 17:49:51 INFO Executor: Fetching spark://15c99fd3082a:36543/jars/org.xerial.snappy_snappy-java-1.1.8.2.jar with timestamp 1675100990382
[2023-01-30T17:49:51.545+0000] {spark_submit.py:495} INFO - 23/01/30 17:49:51 INFO Utils: Fetching spark://15c99fd3082a:36543/jars/org.xerial.snappy_snappy-java-1.1.8.2.jar to /tmp/spark-ee7c6bb3-0eae-4a73-9bb8-618b3ddbe300/userFiles-da8448e1-224e-44af-932c-84e949995084/fetchFileTemp13106944719787724418.tmp
[2023-01-30T17:49:51.549+0000] {spark_submit.py:495} INFO - 23/01/30 17:49:51 INFO Utils: /tmp/spark-ee7c6bb3-0eae-4a73-9bb8-618b3ddbe300/userFiles-da8448e1-224e-44af-932c-84e949995084/fetchFileTemp13106944719787724418.tmp has been previously copied to /tmp/spark-ee7c6bb3-0eae-4a73-9bb8-618b3ddbe300/userFiles-da8448e1-224e-44af-932c-84e949995084/org.xerial.snappy_snappy-java-1.1.8.2.jar
[2023-01-30T17:49:51.555+0000] {spark_submit.py:495} INFO - 23/01/30 17:49:51 INFO Executor: Adding file:/tmp/spark-ee7c6bb3-0eae-4a73-9bb8-618b3ddbe300/userFiles-da8448e1-224e-44af-932c-84e949995084/org.xerial.snappy_snappy-java-1.1.8.2.jar to class loader
[2023-01-30T17:49:51.556+0000] {spark_submit.py:495} INFO - 23/01/30 17:49:51 INFO Executor: Fetching spark://15c99fd3082a:36543/jars/org.mongodb_bson-4.0.5.jar with timestamp 1675100990382
[2023-01-30T17:49:51.556+0000] {spark_submit.py:495} INFO - 23/01/30 17:49:51 INFO Utils: Fetching spark://15c99fd3082a:36543/jars/org.mongodb_bson-4.0.5.jar to /tmp/spark-ee7c6bb3-0eae-4a73-9bb8-618b3ddbe300/userFiles-da8448e1-224e-44af-932c-84e949995084/fetchFileTemp219774305009118856.tmp
[2023-01-30T17:49:51.559+0000] {spark_submit.py:495} INFO - 23/01/30 17:49:51 INFO Utils: /tmp/spark-ee7c6bb3-0eae-4a73-9bb8-618b3ddbe300/userFiles-da8448e1-224e-44af-932c-84e949995084/fetchFileTemp219774305009118856.tmp has been previously copied to /tmp/spark-ee7c6bb3-0eae-4a73-9bb8-618b3ddbe300/userFiles-da8448e1-224e-44af-932c-84e949995084/org.mongodb_bson-4.0.5.jar
[2023-01-30T17:49:51.565+0000] {spark_submit.py:495} INFO - 23/01/30 17:49:51 INFO Executor: Adding file:/tmp/spark-ee7c6bb3-0eae-4a73-9bb8-618b3ddbe300/userFiles-da8448e1-224e-44af-932c-84e949995084/org.mongodb_bson-4.0.5.jar to class loader
[2023-01-30T17:49:51.570+0000] {spark_submit.py:495} INFO - 23/01/30 17:49:51 INFO Utils: Successfully started service 'org.apache.spark.network.netty.NettyBlockTransferService' on port 46253.
[2023-01-30T17:49:51.570+0000] {spark_submit.py:495} INFO - 23/01/30 17:49:51 INFO NettyBlockTransferService: Server created on 15c99fd3082a:46253
[2023-01-30T17:49:51.571+0000] {spark_submit.py:495} INFO - 23/01/30 17:49:51 INFO BlockManager: Using org.apache.spark.storage.RandomBlockReplicationPolicy for block replication policy
[2023-01-30T17:49:51.575+0000] {spark_submit.py:495} INFO - 23/01/30 17:49:51 INFO BlockManagerMaster: Registering BlockManager BlockManagerId(driver, 15c99fd3082a, 46253, None)
[2023-01-30T17:49:51.578+0000] {spark_submit.py:495} INFO - 23/01/30 17:49:51 INFO BlockManagerMasterEndpoint: Registering block manager 15c99fd3082a:46253 with 434.4 MiB RAM, BlockManagerId(driver, 15c99fd3082a, 46253, None)
[2023-01-30T17:49:51.579+0000] {spark_submit.py:495} INFO - 23/01/30 17:49:51 INFO BlockManagerMaster: Registered BlockManager BlockManagerId(driver, 15c99fd3082a, 46253, None)
[2023-01-30T17:49:51.583+0000] {spark_submit.py:495} INFO - 23/01/30 17:49:51 INFO BlockManager: Initialized BlockManager: BlockManagerId(driver, 15c99fd3082a, 46253, None)
[2023-01-30T17:49:57.324+0000] {spark_submit.py:495} INFO - 2023-01-30 17:49:57,323 - py4j.java_gateway - INFO - Callback Server Starting
[2023-01-30T17:49:57.324+0000] {spark_submit.py:495} INFO - 2023-01-30 17:49:57,324 - py4j.java_gateway - INFO - Socket listening on ('127.0.0.1', 37833)
[2023-01-30T17:50:01.492+0000] {spark_submit.py:495} INFO - 2023-01-30 17:50:01,492 - py4j.clientserver - INFO - Python Server ready to receive messages
[2023-01-30T17:50:01.493+0000] {spark_submit.py:495} INFO - 2023-01-30 17:50:01,493 - py4j.clientserver - INFO - Received command c on object id p0
[2023-01-30T17:50:01.521+0000] {spark_submit.py:495} INFO - 2023-01-30 17:50:01,521 - __main__ - ERROR - Error al escribir en Mongo: Unknown save mode: complete. Accepted save modes are 'overwrite', 'append', 'ignore', 'error', 'errorifexists', 'default'.
[2023-01-30T17:50:01.804+0000] {spark_submit.py:495} INFO - -------------------------------------------
[2023-01-30T17:50:01.804+0000] {spark_submit.py:495} INFO - Batch: 0
[2023-01-30T17:50:01.805+0000] {spark_submit.py:495} INFO - -------------------------------------------
[2023-01-30T17:50:01.867+0000] {spark_submit.py:495} INFO - +---+-------------+-----+-------------+----------+----------------+------------+-----------------+--------------+-------------+
[2023-01-30T17:50:01.867+0000] {spark_submit.py:495} INFO - |id |nameOfProduct|price|ProductStatus|SellerName|RegistrationDate|QuantitySold|QuantityAvailable|Free shipping?|Store ratings|
[2023-01-30T17:50:01.867+0000] {spark_submit.py:495} INFO - +---+-------------+-----+-------------+----------+----------------+------------+-----------------+--------------+-------------+
[2023-01-30T17:50:01.867+0000] {spark_submit.py:495} INFO - +---+-------------+-----+-------------+----------+----------------+------------+-----------------+--------------+-------------+
[2023-01-30T17:50:01.868+0000] {spark_submit.py:495} INFO - 
[2023-01-30T17:50:09.145+0000] {spark_submit.py:495} INFO - 2023-01-30 17:50:09,145 - py4j.clientserver - INFO - Received command c on object id p0
[2023-01-30T17:50:09.163+0000] {spark_submit.py:495} INFO - 2023-01-30 17:50:09,161 - __main__ - ERROR - Error al escribir en Mongo: Unknown save mode: complete. Accepted save modes are 'overwrite', 'append', 'ignore', 'error', 'errorifexists', 'default'.
[2023-01-30T17:50:11.581+0000] {spark_submit.py:495} INFO - -------------------------------------------
[2023-01-30T17:50:11.581+0000] {spark_submit.py:495} INFO - Batch: 1
[2023-01-30T17:50:11.582+0000] {spark_submit.py:495} INFO - -------------------------------------------
[2023-01-30T17:50:11.673+0000] {spark_submit.py:495} INFO - +-------------+-------------------------------------------------------------------------------------------------------------+---------+-------------+--------------------------+-------------------+------------+-----------------+------------------------------+-------------+
[2023-01-30T17:50:11.674+0000] {spark_submit.py:495} INFO - |id           |nameOfProduct                                                                                                |price    |ProductStatus|SellerName                |RegistrationDate   |QuantitySold|QuantityAvailable|Free shipping?                |Store ratings|
[2023-01-30T17:50:11.674+0000] {spark_submit.py:495} INFO - +-------------+-------------------------------------------------------------------------------------------------------------+---------+-------------+--------------------------+-------------------+------------+-----------------+------------------------------+-------------+
[2023-01-30T17:50:11.674+0000] {spark_submit.py:495} INFO - |MLA1221192372|Disco Duro Externo Western Digital Wd Elements Portable Wdbu6y0020bbk 2tb Negro                              |25999.0  |new          |OVERHARD DIGITAL          |2015-01-08 12:19:41|500         |100              |Your shipment arrives today   |4.5          |
[2023-01-30T17:50:11.674+0000] {spark_submit.py:495} INFO - |MLA1142490711|Placa De Video Amd Asrock  Phantom Gaming Radeon Rx 500 Series Rx 550 Phantom G R Rx550 2g 2gb               |34000.0  |new          |PCREGISTRADAOK            |2020-11-02 13:17:33|500         |100              |Your shipment arrives today   |4.5          |
[2023-01-30T17:50:11.674+0000] {spark_submit.py:495} INFO - |MLA1157512489|Placa De Video Nvidia Evga  Sc Gaming Geforce Gtx 16 Series Gtx 1660 Super 06g-p4-1068-kr 6gb                |124999.0 |new          |PCREGISTRADAOK            |2020-11-02 13:17:33|50          |1                |Your shipment arrives today   |4.5          |
[2023-01-30T17:50:11.674+0000] {spark_submit.py:495} INFO - |MLA1160178907|Memoria Ram Fury Beast Gamer Color Negro  16gb 1 Kingston Kf432c16bb/16                                      |22999.0  |new          |OVERHARD DIGITAL          |2015-01-08 12:19:41|500         |50               |Your shipment arrives tomorrow|4.5          |
[2023-01-30T17:50:11.674+0000] {spark_submit.py:495} INFO - |MLA882277177 |Capturadora Video Hdmi Digital Full Hd Usb Streaming                                                         |2699.0   |new          |BSK-IMPORTS               |2019-12-30 23:07:04|500         |1                |You have to pay the shipping  |3.0          |
[2023-01-30T17:50:11.674+0000] {spark_submit.py:495} INFO - |MLA1294240592|Procesador Intel Core I3-10105f Bx8070110105f De 4 Ncleos Y  4.4ghz De Frecuencia                           |24043.0  |new          |PCREGISTRADAOK            |2020-11-02 13:17:33|4           |1                |Your shipment arrives tomorrow|4.5          |
[2023-01-30T17:50:11.675+0000] {spark_submit.py:495} INFO - |MLA1160198557|Memoria Ram Fury Beast Ddr4 Rgb Gamer Color Negro  16gb 1 Kingston Kf432c16bba/16                            |26599.0  |new          |OVERHARD DIGITAL          |2015-01-08 12:19:41|500         |50               |Your shipment arrives today   |4.5          |
[2023-01-30T17:50:11.675+0000] {spark_submit.py:495} INFO - |MLA923902194 |Disco Slido Interno Kingston Sa400s37/480g 480gb Negro                                                      |13249.0  |new          |MALL WEB                  |2016-05-26 20:28:35|5000        |1                |You have to pay the shipping  |5.0          |
[2023-01-30T17:50:11.675+0000] {spark_submit.py:495} INFO - |MLA1160204806|Memoria Ram Fury Beast Ddr4 Gamer Color Negro  8gb 1 Kingston Kf432c16bb/8                                   |14999.0  |new          |OVERHARD DIGITAL          |2015-01-08 12:19:41|500         |100              |You have to pay the shipping  |4.5          |
[2023-01-30T17:50:11.675+0000] {spark_submit.py:495} INFO - |MLA923637669 |Placa De Video Geforce Gt 740 2gb Gddr5 Hdmi Vga Fortnite                                                    |28699.0  |new          |INDIGOTRADE               |2018-01-05 19:21:16|500         |50               |Your shipment arrives today   |4.5          |
[2023-01-30T17:50:11.675+0000] {spark_submit.py:495} INFO - |MLA844489972 |Disco Duro Interno Seagate Barracuda St1000dm010 1tb                                                         |11599.0  |new          |DALECLCK                 |2015-03-16 12:07:23|5000        |500              |You have to pay the shipping  |5.0          |
[2023-01-30T17:50:11.675+0000] {spark_submit.py:495} INFO - |MLA1157627908|Disco Duro Externo Seagate Expansion Stkm1000400 1tb Negro                                                   |18429.0  |new          |TECNOSTOCK.COM.AR         |2019-12-12 15:09:43|50          |50               |Your shipment arrives tomorrow|4.5          |
[2023-01-30T17:50:11.675+0000] {spark_submit.py:495} INFO - |MLA1302136118|Disco Duro Interno Seagate Barracuda St2000dm008 2tb Plata                                                   |18271.0  |new          |DIAMONDSYSTEMSANJUSTOML   |2016-04-08 17:21:06|150         |1                |Your shipment arrives tomorrow|4.5          |
[2023-01-30T17:50:11.675+0000] {spark_submit.py:495} INFO - |MLA902808321 |Procesador Gamer Intel Core I3-10100f Bx8070110100f De 4 Ncleos Y  4.3ghz De Frecuencia                     |23699.0  |new          |MALL WEB                  |2016-05-26 20:28:35|500         |1                |Your shipment arrives tomorrow|4.5          |
[2023-01-30T17:50:11.675+0000] {spark_submit.py:495} INFO - |MLA1183925519|Placa De Video Nvidia Zotac  Gaming Geforce Rtx 30 Series Rtx 3080 Ti Zt-a30810d-10p 12gb                    |299999.0 |new          |ESTUDIOSMPSRLESTUDIOSMPSRL|2020-11-29 18:36:32|50          |1                |Your shipment arrives today   |4.5          |
[2023-01-30T17:50:11.675+0000] {spark_submit.py:495} INFO - |MLA1314590445|Disco Slido Interno Pny Ssd7cs900-240-rb 240gb Negro                                                        |7799.0   |new          |ELECTRO-SHOWS             |2010-03-26 01:08:16|250         |250              |You have to pay the shipping  |4.5          |
[2023-01-30T17:50:11.675+0000] {spark_submit.py:495} INFO - |MLA1301642528|Placa De Video Nvidia Msi  Ventus Geforce Rtx 20 Series Rtx 2060 Geforce Rtx 2060 Ventus 6g Oc Oc Edition 6gb|134999.0 |new          |ITS-COMPUTACION           |2012-10-18 20:37:49|5           |1                |Your shipment arrives today   |4.5          |
[2023-01-30T17:50:11.675+0000] {spark_submit.py:495} INFO - |MLA1220964588|Procesador Gamer Intel Core I5-10400f Bx8070110400f De 6 Ncleos Y  4.3ghz De Frecuencia                     |48065.0  |new          |OVERHARD DIGITAL          |2015-01-08 12:19:41|50          |1                |Your shipment arrives today   |4.5          |
[2023-01-30T17:50:11.675+0000] {spark_submit.py:495} INFO - |MLA1272836523|Disco Duro Interno Western Digital  Wd20ezaz 2tb Azul                                                        |16999.0  |new          |TIENDA DELTA              |2011-09-15 21:48:50|200         |1                |Your shipment arrives tomorrow|4.5          |
[2023-01-30T17:50:11.676+0000] {spark_submit.py:495} INFO - |MLA1140325892|Disco Slido Interno Kingston Sa400s37/240g 240gb Gris                                                       |8339.0   |new          |DIAMONDSYSTEMPADUAML      |2015-07-01 12:32:22|500         |250              |You have to pay the shipping  |4.5          |
[2023-01-30T17:50:11.676+0000] {spark_submit.py:495} INFO - |MLA872881277 |Procesador Intel Core I5-10400 Bx8070110400 De 6 Ncleos Y  4.3ghz De Frecuencia Con Grfica Integrada       |51099.0  |new          |MALL WEB                  |2016-05-26 20:28:35|500         |1                |Your shipment arrives today   |4.5          |
[2023-01-30T17:50:11.676+0000] {spark_submit.py:495} INFO - |MLA1163233412|Placa De Video Nvidia Msi  Geforce 700 Series Gt 730 N730k-2gd3h/lpv1 2gb                                    |34659.0  |new          |PCREGISTRADAOK            |2020-11-02 13:17:33|4           |1                |Your shipment arrives today   |4.5          |
[2023-01-30T17:50:11.676+0000] {spark_submit.py:495} INFO - |MLA1150584684|Fuente De Alimentacin Para Pc Aureox Unlimited Series Arxgu-80pbz-550w 550w Negra 230v                      |16890.0  |new          |JORGEVOLUTION             |2015-12-03 13:39:36|25          |1                |Your shipment arrives tomorrow|4.5          |
[2023-01-30T17:50:11.676+0000] {spark_submit.py:495} INFO - |MLA917698539 |Capturadora Video Usb Easycap Vhs A Dvd Digital Rca Easy Cap                                                 |2899.0   |new          |BSK-IMPORTS               |2019-12-30 23:07:04|500         |50               |You have to pay the shipping  |3.0          |
[2023-01-30T17:50:11.676+0000] {spark_submit.py:495} INFO - |MLA1222229742|Placa De Video Nvidia Evga  Ko Gaming Geforce Rtx 20 Series Rtx 2060 06g-p4-2068-kr 6gb                      |128597.78|new          |MARSTECHSRLMARSTECHSRL    |2020-08-05 14:27:59|5           |1                |Your shipment arrives today   |4.5          |
[2023-01-30T17:50:11.676+0000] {spark_submit.py:495} INFO - |MLA1148481665|Microprocesador Pc Amd Ryzen 5 4600g 8mb 3.7ghz Socket Am4 100-100000147box 6 Nucleos 12 Hilos               |58899.0  |new          |MALL WEB                  |2016-05-26 20:28:35|150         |1                |Your shipment arrives today   |4.5          |
[2023-01-30T17:50:11.676+0000] {spark_submit.py:495} INFO - |MLA1103890625|Placa De Video Geforce Gigabyte Gt 1030 2gb Ddr4 Low Profile                                                 |65373.0  |new          |DIAMONDSYSTEMSANJUSTOML   |2016-04-08 17:21:06|3           |1                |Your shipment arrives today   |4.5          |
[2023-01-30T17:50:11.677+0000] {spark_submit.py:495} INFO - |MLA1224499067|Fuente De Alimentacion Pc Iqual 600w Cooler 80mm Atx Oficial                                                 |3999.0   |new          |DALECLCK                 |2015-03-16 12:07:23|250         |50               |You have to pay the shipping  |3.5          |
[2023-01-30T17:50:11.677+0000] {spark_submit.py:495} INFO - |MLA1288628607|Placa De Video Amd Asrock Challenger D Radeon Rx 6700 Series Rx 6700 Xt Rx6700xt Cld 12gb                    |172403.0 |new          |LAPLATA.NOTEBOOKS         |2017-08-03 20:43:24|5           |1                |Your shipment arrives today   |4.5          |
[2023-01-30T17:50:11.677+0000] {spark_submit.py:495} INFO - |MLA1309797523|Micro Procesador Ryzen 5 4500 6 Nucleos 4.1ghz Amd Ddr4 Pc                                                   |43725.86 |new          |MARSTECHSRLMARSTECHSRL    |2020-08-05 14:27:59|5           |1                |Your shipment arrives today   |4.5          |
[2023-01-30T17:50:11.677+0000] {spark_submit.py:495} INFO - +-------------+-------------------------------------------------------------------------------------------------------------+---------+-------------+--------------------------+-------------------+------------+-----------------+------------------------------+-------------+
[2023-01-30T17:50:11.677+0000] {spark_submit.py:495} INFO - 
[2023-01-30T17:51:43.733+0000] {local_task_job.py:224} WARNING - State of this instance has been externally set to restarting. Terminating instance.
[2023-01-30T17:51:43.734+0000] {process_utils.py:133} INFO - Sending Signals.SIGTERM to group 11094. PIDs of all processes in the group: [11095, 11148, 11094]
[2023-01-30T17:51:43.735+0000] {process_utils.py:84} INFO - Sending the signal Signals.SIGTERM to group 11094
[2023-01-30T17:51:43.735+0000] {taskinstance.py:1483} ERROR - Received SIGTERM. Terminating subprocesses.
[2023-01-30T17:51:43.735+0000] {spark_submit.py:620} INFO - Sending kill signal to spark-submit
[2023-01-30T17:51:43.750+0000] {taskinstance.py:1772} ERROR - Task failed with exception
Traceback (most recent call last):
  File "/home/airflow/.local/lib/python3.7/site-packages/airflow/providers/apache/spark/operators/spark_submit.py", line 157, in execute
    self._hook.submit(self._application)
  File "/home/airflow/.local/lib/python3.7/site-packages/airflow/providers/apache/spark/hooks/spark_submit.py", line 414, in submit
    self._process_spark_submit_log(iter(self._submit_sp.stdout))  # type: ignore
  File "/home/airflow/.local/lib/python3.7/site-packages/airflow/providers/apache/spark/hooks/spark_submit.py", line 463, in _process_spark_submit_log
    for line in itr:
  File "/home/airflow/.local/lib/python3.7/site-packages/airflow/models/taskinstance.py", line 1485, in signal_handler
    raise AirflowException("Task received SIGTERM signal")
airflow.exceptions.AirflowException: Task received SIGTERM signal
[2023-01-30T17:51:43.754+0000] {taskinstance.py:1327} INFO - Marking task as UP_FOR_RETRY. dag_id=Streaming_pipeline_meli, task_id=consumer_data_of_topic, execution_date=20230127T184927, start_date=20230130T174947, end_date=20230130T175143
[2023-01-30T17:51:43.770+0000] {standard_task_runner.py:105} ERROR - Failed to execute job 1230 for task consumer_data_of_topic (Task received SIGTERM signal; 11094)
[2023-01-30T17:51:43.800+0000] {process_utils.py:79} INFO - Process psutil.Process(pid=11148, status='terminated', started='17:49:49') (11148) terminated with exit code None
[2023-01-30T17:51:43.800+0000] {process_utils.py:79} INFO - Process psutil.Process(pid=11095, status='terminated', started='17:49:47') (11095) terminated with exit code None
[2023-01-30T17:51:43.800+0000] {process_utils.py:79} INFO - Process psutil.Process(pid=11094, status='terminated', exitcode=1, started='17:49:47') (11094) terminated with exit code 1
