[2023-01-30T19:01:40.854+0000] {taskinstance.py:1087} INFO - Dependencies all met for <TaskInstance: Streaming_pipeline_meli.consumer_data_of_topic manual__2023-01-27T18:49:27.597637+00:00 [queued]>
[2023-01-30T19:01:40.863+0000] {taskinstance.py:1087} INFO - Dependencies all met for <TaskInstance: Streaming_pipeline_meli.consumer_data_of_topic manual__2023-01-27T18:49:27.597637+00:00 [queued]>
[2023-01-30T19:01:40.863+0000] {taskinstance.py:1283} INFO - 
--------------------------------------------------------------------------------
[2023-01-30T19:01:40.863+0000] {taskinstance.py:1284} INFO - Starting attempt 78 of 83
[2023-01-30T19:01:40.863+0000] {taskinstance.py:1285} INFO - 
--------------------------------------------------------------------------------
[2023-01-30T19:01:40.877+0000] {taskinstance.py:1304} INFO - Executing <Task(SparkSubmitOperator): consumer_data_of_topic> on 2023-01-27 18:49:27.597637+00:00
[2023-01-30T19:01:40.881+0000] {standard_task_runner.py:55} INFO - Started process 22339 to run task
[2023-01-30T19:01:40.884+0000] {standard_task_runner.py:82} INFO - Running: ['***', 'tasks', 'run', 'Streaming_pipeline_meli', 'consumer_data_of_topic', 'manual__2023-01-27T18:49:27.597637+00:00', '--job-id', '1249', '--raw', '--subdir', 'DAGS_FOLDER/streamPipeline.py', '--cfg-path', '/tmp/tmp_7i_yg8c']
[2023-01-30T19:01:40.884+0000] {standard_task_runner.py:83} INFO - Job 1249: Subtask consumer_data_of_topic
[2023-01-30T19:01:40.937+0000] {task_command.py:389} INFO - Running <TaskInstance: Streaming_pipeline_meli.consumer_data_of_topic manual__2023-01-27T18:49:27.597637+00:00 [running]> on host 15c99fd3082a
[2023-01-30T19:01:40.997+0000] {taskinstance.py:1513} INFO - Exporting the following env vars:
AIRFLOW_CTX_DAG_OWNER=***
AIRFLOW_CTX_DAG_ID=Streaming_pipeline_meli
AIRFLOW_CTX_TASK_ID=consumer_data_of_topic
AIRFLOW_CTX_EXECUTION_DATE=2023-01-27T18:49:27.597637+00:00
AIRFLOW_CTX_TRY_NUMBER=78
AIRFLOW_CTX_DAG_RUN_ID=manual__2023-01-27T18:49:27.597637+00:00
[2023-01-30T19:01:41.005+0000] {base.py:73} INFO - Using connection ID 'spark_default' for task execution.
[2023-01-30T19:01:41.006+0000] {spark_submit.py:344} INFO - Spark-Submit cmd: spark-submit --master spark://tomi-H310:7077 --packages org.apache.spark:spark-sql-kafka-0-10_2.12:3.1.3,org.mongodb.spark:mongo-spark-connector_2.12:3.0.1 --name arrow-spark --queue root.default /opt/***/dags/consumerSpark.py
[2023-01-30T19:01:41.105+0000] {spark_submit.py:495} INFO - /home/***/.local/lib/python3.7/site-packages/pyspark/bin/load-spark-env.sh: line 68: ps: command not found
[2023-01-30T19:01:42.794+0000] {spark_submit.py:495} INFO - :: loading settings :: url = jar:file:/home/***/.local/lib/python3.7/site-packages/pyspark/jars/ivy-2.5.0.jar!/org/apache/ivy/core/settings/ivysettings.xml
[2023-01-30T19:01:42.850+0000] {spark_submit.py:495} INFO - Ivy Default Cache set to: /home/***/.ivy2/cache
[2023-01-30T19:01:42.850+0000] {spark_submit.py:495} INFO - The jars for the packages stored in: /home/***/.ivy2/jars
[2023-01-30T19:01:42.854+0000] {spark_submit.py:495} INFO - org.apache.spark#spark-sql-kafka-0-10_2.12 added as a dependency
[2023-01-30T19:01:42.855+0000] {spark_submit.py:495} INFO - org.mongodb.spark#mongo-spark-connector_2.12 added as a dependency
[2023-01-30T19:01:42.856+0000] {spark_submit.py:495} INFO - :: resolving dependencies :: org.apache.spark#spark-submit-parent-cf09d76e-4b0d-4fb9-a0a6-01d67c416dee;1.0
[2023-01-30T19:01:42.856+0000] {spark_submit.py:495} INFO - confs: [default]
[2023-01-30T19:01:42.983+0000] {spark_submit.py:495} INFO - found org.apache.spark#spark-sql-kafka-0-10_2.12;3.1.3 in central
[2023-01-30T19:01:43.033+0000] {spark_submit.py:495} INFO - found org.apache.spark#spark-token-provider-kafka-0-10_2.12;3.1.3 in central
[2023-01-30T19:01:43.055+0000] {spark_submit.py:495} INFO - found org.apache.kafka#kafka-clients;2.6.0 in central
[2023-01-30T19:01:43.077+0000] {spark_submit.py:495} INFO - found com.github.luben#zstd-jni;1.4.8-1 in central
[2023-01-30T19:01:43.092+0000] {spark_submit.py:495} INFO - found org.lz4#lz4-java;1.7.1 in central
[2023-01-30T19:01:43.107+0000] {spark_submit.py:495} INFO - found org.xerial.snappy#snappy-java;1.1.8.2 in central
[2023-01-30T19:01:43.119+0000] {spark_submit.py:495} INFO - found org.slf4j#slf4j-api;1.7.30 in central
[2023-01-30T19:01:43.132+0000] {spark_submit.py:495} INFO - found org.spark-project.spark#unused;1.0.0 in central
[2023-01-30T19:01:43.145+0000] {spark_submit.py:495} INFO - found org.apache.commons#commons-pool2;2.6.2 in central
[2023-01-30T19:01:43.158+0000] {spark_submit.py:495} INFO - found org.mongodb.spark#mongo-spark-connector_2.12;3.0.1 in central
[2023-01-30T19:01:43.174+0000] {spark_submit.py:495} INFO - found org.mongodb#mongodb-driver-sync;4.0.5 in central
[2023-01-30T19:01:43.186+0000] {spark_submit.py:495} INFO - found org.mongodb#bson;4.0.5 in central
[2023-01-30T19:01:43.200+0000] {spark_submit.py:495} INFO - found org.mongodb#mongodb-driver-core;4.0.5 in central
[2023-01-30T19:01:43.224+0000] {spark_submit.py:495} INFO - :: resolution report :: resolve 355ms :: artifacts dl 13ms
[2023-01-30T19:01:43.225+0000] {spark_submit.py:495} INFO - :: modules in use:
[2023-01-30T19:01:43.225+0000] {spark_submit.py:495} INFO - com.github.luben#zstd-jni;1.4.8-1 from central in [default]
[2023-01-30T19:01:43.225+0000] {spark_submit.py:495} INFO - org.apache.commons#commons-pool2;2.6.2 from central in [default]
[2023-01-30T19:01:43.226+0000] {spark_submit.py:495} INFO - org.apache.kafka#kafka-clients;2.6.0 from central in [default]
[2023-01-30T19:01:43.226+0000] {spark_submit.py:495} INFO - org.apache.spark#spark-sql-kafka-0-10_2.12;3.1.3 from central in [default]
[2023-01-30T19:01:43.226+0000] {spark_submit.py:495} INFO - org.apache.spark#spark-token-provider-kafka-0-10_2.12;3.1.3 from central in [default]
[2023-01-30T19:01:43.227+0000] {spark_submit.py:495} INFO - org.lz4#lz4-java;1.7.1 from central in [default]
[2023-01-30T19:01:43.227+0000] {spark_submit.py:495} INFO - org.mongodb#bson;4.0.5 from central in [default]
[2023-01-30T19:01:43.227+0000] {spark_submit.py:495} INFO - org.mongodb#mongodb-driver-core;4.0.5 from central in [default]
[2023-01-30T19:01:43.227+0000] {spark_submit.py:495} INFO - org.mongodb#mongodb-driver-sync;4.0.5 from central in [default]
[2023-01-30T19:01:43.228+0000] {spark_submit.py:495} INFO - org.mongodb.spark#mongo-spark-connector_2.12;3.0.1 from central in [default]
[2023-01-30T19:01:43.228+0000] {spark_submit.py:495} INFO - org.slf4j#slf4j-api;1.7.30 from central in [default]
[2023-01-30T19:01:43.228+0000] {spark_submit.py:495} INFO - org.spark-project.spark#unused;1.0.0 from central in [default]
[2023-01-30T19:01:43.228+0000] {spark_submit.py:495} INFO - org.xerial.snappy#snappy-java;1.1.8.2 from central in [default]
[2023-01-30T19:01:43.229+0000] {spark_submit.py:495} INFO - ---------------------------------------------------------------------
[2023-01-30T19:01:43.229+0000] {spark_submit.py:495} INFO - |                  |            modules            ||   artifacts   |
[2023-01-30T19:01:43.229+0000] {spark_submit.py:495} INFO - |       conf       | number| search|dwnlded|evicted|| number|dwnlded|
[2023-01-30T19:01:43.229+0000] {spark_submit.py:495} INFO - ---------------------------------------------------------------------
[2023-01-30T19:01:43.230+0000] {spark_submit.py:495} INFO - |      default     |   13  |   0   |   0   |   0   ||   13  |   0   |
[2023-01-30T19:01:43.230+0000] {spark_submit.py:495} INFO - ---------------------------------------------------------------------
[2023-01-30T19:01:43.236+0000] {spark_submit.py:495} INFO - :: retrieving :: org.apache.spark#spark-submit-parent-cf09d76e-4b0d-4fb9-a0a6-01d67c416dee
[2023-01-30T19:01:43.237+0000] {spark_submit.py:495} INFO - confs: [default]
[2023-01-30T19:01:43.244+0000] {spark_submit.py:495} INFO - 0 artifacts copied, 13 already retrieved (0kB/8ms)
[2023-01-30T19:01:43.471+0000] {spark_submit.py:495} INFO - 23/01/30 19:01:43 WARN NativeCodeLoader: Unable to load native-hadoop library for your platform... using builtin-java classes where applicable
[2023-01-30T19:01:44.304+0000] {spark_submit.py:495} INFO - 23/01/30 19:01:44 INFO SparkContext: Running Spark version 3.3.1
[2023-01-30T19:01:44.324+0000] {spark_submit.py:495} INFO - 23/01/30 19:01:44 INFO ResourceUtils: ==============================================================
[2023-01-30T19:01:44.324+0000] {spark_submit.py:495} INFO - 23/01/30 19:01:44 INFO ResourceUtils: No custom resources configured for spark.driver.
[2023-01-30T19:01:44.324+0000] {spark_submit.py:495} INFO - 23/01/30 19:01:44 INFO ResourceUtils: ==============================================================
[2023-01-30T19:01:44.325+0000] {spark_submit.py:495} INFO - 23/01/30 19:01:44 INFO SparkContext: Submitted application: arrow-spark
[2023-01-30T19:01:44.341+0000] {spark_submit.py:495} INFO - 23/01/30 19:01:44 INFO ResourceProfile: Default ResourceProfile created, executor resources: Map(cores -> name: cores, amount: 1, script: , vendor: , memory -> name: memory, amount: 1024, script: , vendor: , offHeap -> name: offHeap, amount: 0, script: , vendor: ), task resources: Map(cpus -> name: cpus, amount: 1.0)
[2023-01-30T19:01:44.352+0000] {spark_submit.py:495} INFO - 23/01/30 19:01:44 INFO ResourceProfile: Limiting resource is cpu
[2023-01-30T19:01:44.352+0000] {spark_submit.py:495} INFO - 23/01/30 19:01:44 INFO ResourceProfileManager: Added ResourceProfile id: 0
[2023-01-30T19:01:44.390+0000] {spark_submit.py:495} INFO - 23/01/30 19:01:44 INFO SecurityManager: Changing view acls to: default
[2023-01-30T19:01:44.390+0000] {spark_submit.py:495} INFO - 23/01/30 19:01:44 INFO SecurityManager: Changing modify acls to: default
[2023-01-30T19:01:44.390+0000] {spark_submit.py:495} INFO - 23/01/30 19:01:44 INFO SecurityManager: Changing view acls groups to:
[2023-01-30T19:01:44.391+0000] {spark_submit.py:495} INFO - 23/01/30 19:01:44 INFO SecurityManager: Changing modify acls groups to:
[2023-01-30T19:01:44.391+0000] {spark_submit.py:495} INFO - 23/01/30 19:01:44 INFO SecurityManager: SecurityManager: authentication disabled; ui acls disabled; users  with view permissions: Set(default); groups with view permissions: Set(); users  with modify permissions: Set(default); groups with modify permissions: Set()
[2023-01-30T19:01:44.622+0000] {spark_submit.py:495} INFO - 23/01/30 19:01:44 INFO Utils: Successfully started service 'sparkDriver' on port 33669.
[2023-01-30T19:01:44.653+0000] {spark_submit.py:495} INFO - 23/01/30 19:01:44 INFO SparkEnv: Registering MapOutputTracker
[2023-01-30T19:01:44.678+0000] {spark_submit.py:495} INFO - 23/01/30 19:01:44 INFO SparkEnv: Registering BlockManagerMaster
[2023-01-30T19:01:44.691+0000] {spark_submit.py:495} INFO - 23/01/30 19:01:44 INFO BlockManagerMasterEndpoint: Using org.apache.spark.storage.DefaultTopologyMapper for getting topology information
[2023-01-30T19:01:44.691+0000] {spark_submit.py:495} INFO - 23/01/30 19:01:44 INFO BlockManagerMasterEndpoint: BlockManagerMasterEndpoint up
[2023-01-30T19:01:44.694+0000] {spark_submit.py:495} INFO - 23/01/30 19:01:44 INFO SparkEnv: Registering BlockManagerMasterHeartbeat
[2023-01-30T19:01:44.714+0000] {spark_submit.py:495} INFO - 23/01/30 19:01:44 INFO DiskBlockManager: Created local directory at /tmp/blockmgr-7ccb711d-02ee-4d34-9758-59902293b6d2
[2023-01-30T19:01:44.726+0000] {spark_submit.py:495} INFO - 23/01/30 19:01:44 INFO MemoryStore: MemoryStore started with capacity 434.4 MiB
[2023-01-30T19:01:44.737+0000] {spark_submit.py:495} INFO - 23/01/30 19:01:44 INFO SparkEnv: Registering OutputCommitCoordinator
[2023-01-30T19:01:44.911+0000] {spark_submit.py:495} INFO - 23/01/30 19:01:44 INFO Utils: Successfully started service 'SparkUI' on port 4040.
[2023-01-30T19:01:44.961+0000] {spark_submit.py:495} INFO - 23/01/30 19:01:44 INFO SparkContext: Added JAR file:///home/***/.ivy2/jars/org.apache.spark_spark-sql-kafka-0-10_2.12-3.1.3.jar at spark://15c99fd3082a:33669/jars/org.apache.spark_spark-sql-kafka-0-10_2.12-3.1.3.jar with timestamp 1675105304297
[2023-01-30T19:01:44.961+0000] {spark_submit.py:495} INFO - 23/01/30 19:01:44 INFO SparkContext: Added JAR file:///home/***/.ivy2/jars/org.mongodb.spark_mongo-spark-connector_2.12-3.0.1.jar at spark://15c99fd3082a:33669/jars/org.mongodb.spark_mongo-spark-connector_2.12-3.0.1.jar with timestamp 1675105304297
[2023-01-30T19:01:44.967+0000] {spark_submit.py:495} INFO - 23/01/30 19:01:44 INFO SparkContext: Added JAR file:///home/***/.ivy2/jars/org.apache.spark_spark-token-provider-kafka-0-10_2.12-3.1.3.jar at spark://15c99fd3082a:33669/jars/org.apache.spark_spark-token-provider-kafka-0-10_2.12-3.1.3.jar with timestamp 1675105304297
[2023-01-30T19:01:44.967+0000] {spark_submit.py:495} INFO - 23/01/30 19:01:44 INFO SparkContext: Added JAR file:///home/***/.ivy2/jars/org.apache.kafka_kafka-clients-2.6.0.jar at spark://15c99fd3082a:33669/jars/org.apache.kafka_kafka-clients-2.6.0.jar with timestamp 1675105304297
[2023-01-30T19:01:44.967+0000] {spark_submit.py:495} INFO - 23/01/30 19:01:44 INFO SparkContext: Added JAR file:///home/***/.ivy2/jars/org.apache.commons_commons-pool2-2.6.2.jar at spark://15c99fd3082a:33669/jars/org.apache.commons_commons-pool2-2.6.2.jar with timestamp 1675105304297
[2023-01-30T19:01:44.967+0000] {spark_submit.py:495} INFO - 23/01/30 19:01:44 INFO SparkContext: Added JAR file:///home/***/.ivy2/jars/org.spark-project.spark_unused-1.0.0.jar at spark://15c99fd3082a:33669/jars/org.spark-project.spark_unused-1.0.0.jar with timestamp 1675105304297
[2023-01-30T19:01:44.967+0000] {spark_submit.py:495} INFO - 23/01/30 19:01:44 INFO SparkContext: Added JAR file:///home/***/.ivy2/jars/com.github.luben_zstd-jni-1.4.8-1.jar at spark://15c99fd3082a:33669/jars/com.github.luben_zstd-jni-1.4.8-1.jar with timestamp 1675105304297
[2023-01-30T19:01:44.968+0000] {spark_submit.py:495} INFO - 23/01/30 19:01:44 INFO SparkContext: Added JAR file:///home/***/.ivy2/jars/org.lz4_lz4-java-1.7.1.jar at spark://15c99fd3082a:33669/jars/org.lz4_lz4-java-1.7.1.jar with timestamp 1675105304297
[2023-01-30T19:01:44.968+0000] {spark_submit.py:495} INFO - 23/01/30 19:01:44 INFO SparkContext: Added JAR file:///home/***/.ivy2/jars/org.xerial.snappy_snappy-java-1.1.8.2.jar at spark://15c99fd3082a:33669/jars/org.xerial.snappy_snappy-java-1.1.8.2.jar with timestamp 1675105304297
[2023-01-30T19:01:44.968+0000] {spark_submit.py:495} INFO - 23/01/30 19:01:44 INFO SparkContext: Added JAR file:///home/***/.ivy2/jars/org.slf4j_slf4j-api-1.7.30.jar at spark://15c99fd3082a:33669/jars/org.slf4j_slf4j-api-1.7.30.jar with timestamp 1675105304297
[2023-01-30T19:01:44.968+0000] {spark_submit.py:495} INFO - 23/01/30 19:01:44 INFO SparkContext: Added JAR file:///home/***/.ivy2/jars/org.mongodb_mongodb-driver-sync-4.0.5.jar at spark://15c99fd3082a:33669/jars/org.mongodb_mongodb-driver-sync-4.0.5.jar with timestamp 1675105304297
[2023-01-30T19:01:44.968+0000] {spark_submit.py:495} INFO - 23/01/30 19:01:44 INFO SparkContext: Added JAR file:///home/***/.ivy2/jars/org.mongodb_bson-4.0.5.jar at spark://15c99fd3082a:33669/jars/org.mongodb_bson-4.0.5.jar with timestamp 1675105304297
[2023-01-30T19:01:44.968+0000] {spark_submit.py:495} INFO - 23/01/30 19:01:44 INFO SparkContext: Added JAR file:///home/***/.ivy2/jars/org.mongodb_mongodb-driver-core-4.0.5.jar at spark://15c99fd3082a:33669/jars/org.mongodb_mongodb-driver-core-4.0.5.jar with timestamp 1675105304297
[2023-01-30T19:01:44.968+0000] {spark_submit.py:495} INFO - 23/01/30 19:01:44 INFO SparkContext: Added file file:///home/***/.ivy2/jars/org.apache.spark_spark-sql-kafka-0-10_2.12-3.1.3.jar at file:///home/***/.ivy2/jars/org.apache.spark_spark-sql-kafka-0-10_2.12-3.1.3.jar with timestamp 1675105304297
[2023-01-30T19:01:44.968+0000] {spark_submit.py:495} INFO - 23/01/30 19:01:44 INFO Utils: Copying /home/***/.ivy2/jars/org.apache.spark_spark-sql-kafka-0-10_2.12-3.1.3.jar to /tmp/spark-15b4ec1e-10f7-4f00-9a95-a28c713e25d8/userFiles-8f320b52-8dbe-4167-bdde-671729eb07ff/org.apache.spark_spark-sql-kafka-0-10_2.12-3.1.3.jar
[2023-01-30T19:01:44.984+0000] {spark_submit.py:495} INFO - 23/01/30 19:01:44 INFO SparkContext: Added file file:///home/***/.ivy2/jars/org.mongodb.spark_mongo-spark-connector_2.12-3.0.1.jar at file:///home/***/.ivy2/jars/org.mongodb.spark_mongo-spark-connector_2.12-3.0.1.jar with timestamp 1675105304297
[2023-01-30T19:01:44.984+0000] {spark_submit.py:495} INFO - 23/01/30 19:01:44 INFO Utils: Copying /home/***/.ivy2/jars/org.mongodb.spark_mongo-spark-connector_2.12-3.0.1.jar to /tmp/spark-15b4ec1e-10f7-4f00-9a95-a28c713e25d8/userFiles-8f320b52-8dbe-4167-bdde-671729eb07ff/org.mongodb.spark_mongo-spark-connector_2.12-3.0.1.jar
[2023-01-30T19:01:44.989+0000] {spark_submit.py:495} INFO - 23/01/30 19:01:44 INFO SparkContext: Added file file:///home/***/.ivy2/jars/org.apache.spark_spark-token-provider-kafka-0-10_2.12-3.1.3.jar at file:///home/***/.ivy2/jars/org.apache.spark_spark-token-provider-kafka-0-10_2.12-3.1.3.jar with timestamp 1675105304297
[2023-01-30T19:01:44.989+0000] {spark_submit.py:495} INFO - 23/01/30 19:01:44 INFO Utils: Copying /home/***/.ivy2/jars/org.apache.spark_spark-token-provider-kafka-0-10_2.12-3.1.3.jar to /tmp/spark-15b4ec1e-10f7-4f00-9a95-a28c713e25d8/userFiles-8f320b52-8dbe-4167-bdde-671729eb07ff/org.apache.spark_spark-token-provider-kafka-0-10_2.12-3.1.3.jar
[2023-01-30T19:01:44.996+0000] {spark_submit.py:495} INFO - 23/01/30 19:01:44 INFO SparkContext: Added file file:///home/***/.ivy2/jars/org.apache.kafka_kafka-clients-2.6.0.jar at file:///home/***/.ivy2/jars/org.apache.kafka_kafka-clients-2.6.0.jar with timestamp 1675105304297
[2023-01-30T19:01:44.996+0000] {spark_submit.py:495} INFO - 23/01/30 19:01:44 INFO Utils: Copying /home/***/.ivy2/jars/org.apache.kafka_kafka-clients-2.6.0.jar to /tmp/spark-15b4ec1e-10f7-4f00-9a95-a28c713e25d8/userFiles-8f320b52-8dbe-4167-bdde-671729eb07ff/org.apache.kafka_kafka-clients-2.6.0.jar
[2023-01-30T19:01:45.015+0000] {spark_submit.py:495} INFO - 23/01/30 19:01:45 INFO SparkContext: Added file file:///home/***/.ivy2/jars/org.apache.commons_commons-pool2-2.6.2.jar at file:///home/***/.ivy2/jars/org.apache.commons_commons-pool2-2.6.2.jar with timestamp 1675105304297
[2023-01-30T19:01:45.015+0000] {spark_submit.py:495} INFO - 23/01/30 19:01:45 INFO Utils: Copying /home/***/.ivy2/jars/org.apache.commons_commons-pool2-2.6.2.jar to /tmp/spark-15b4ec1e-10f7-4f00-9a95-a28c713e25d8/userFiles-8f320b52-8dbe-4167-bdde-671729eb07ff/org.apache.commons_commons-pool2-2.6.2.jar
[2023-01-30T19:01:45.021+0000] {spark_submit.py:495} INFO - 23/01/30 19:01:45 INFO SparkContext: Added file file:///home/***/.ivy2/jars/org.spark-project.spark_unused-1.0.0.jar at file:///home/***/.ivy2/jars/org.spark-project.spark_unused-1.0.0.jar with timestamp 1675105304297
[2023-01-30T19:01:45.021+0000] {spark_submit.py:495} INFO - 23/01/30 19:01:45 INFO Utils: Copying /home/***/.ivy2/jars/org.spark-project.spark_unused-1.0.0.jar to /tmp/spark-15b4ec1e-10f7-4f00-9a95-a28c713e25d8/userFiles-8f320b52-8dbe-4167-bdde-671729eb07ff/org.spark-project.spark_unused-1.0.0.jar
[2023-01-30T19:01:45.027+0000] {spark_submit.py:495} INFO - 23/01/30 19:01:45 INFO SparkContext: Added file file:///home/***/.ivy2/jars/com.github.luben_zstd-jni-1.4.8-1.jar at file:///home/***/.ivy2/jars/com.github.luben_zstd-jni-1.4.8-1.jar with timestamp 1675105304297
[2023-01-30T19:01:45.029+0000] {spark_submit.py:495} INFO - 23/01/30 19:01:45 INFO Utils: Copying /home/***/.ivy2/jars/com.github.luben_zstd-jni-1.4.8-1.jar to /tmp/spark-15b4ec1e-10f7-4f00-9a95-a28c713e25d8/userFiles-8f320b52-8dbe-4167-bdde-671729eb07ff/com.github.luben_zstd-jni-1.4.8-1.jar
[2023-01-30T19:01:45.036+0000] {spark_submit.py:495} INFO - 23/01/30 19:01:45 INFO SparkContext: Added file file:///home/***/.ivy2/jars/org.lz4_lz4-java-1.7.1.jar at file:///home/***/.ivy2/jars/org.lz4_lz4-java-1.7.1.jar with timestamp 1675105304297
[2023-01-30T19:01:45.036+0000] {spark_submit.py:495} INFO - 23/01/30 19:01:45 INFO Utils: Copying /home/***/.ivy2/jars/org.lz4_lz4-java-1.7.1.jar to /tmp/spark-15b4ec1e-10f7-4f00-9a95-a28c713e25d8/userFiles-8f320b52-8dbe-4167-bdde-671729eb07ff/org.lz4_lz4-java-1.7.1.jar
[2023-01-30T19:01:45.039+0000] {spark_submit.py:495} INFO - 23/01/30 19:01:45 INFO SparkContext: Added file file:///home/***/.ivy2/jars/org.xerial.snappy_snappy-java-1.1.8.2.jar at file:///home/***/.ivy2/jars/org.xerial.snappy_snappy-java-1.1.8.2.jar with timestamp 1675105304297
[2023-01-30T19:01:45.040+0000] {spark_submit.py:495} INFO - 23/01/30 19:01:45 INFO Utils: Copying /home/***/.ivy2/jars/org.xerial.snappy_snappy-java-1.1.8.2.jar to /tmp/spark-15b4ec1e-10f7-4f00-9a95-a28c713e25d8/userFiles-8f320b52-8dbe-4167-bdde-671729eb07ff/org.xerial.snappy_snappy-java-1.1.8.2.jar
[2023-01-30T19:01:45.044+0000] {spark_submit.py:495} INFO - 23/01/30 19:01:45 INFO SparkContext: Added file file:///home/***/.ivy2/jars/org.slf4j_slf4j-api-1.7.30.jar at file:///home/***/.ivy2/jars/org.slf4j_slf4j-api-1.7.30.jar with timestamp 1675105304297
[2023-01-30T19:01:45.045+0000] {spark_submit.py:495} INFO - 23/01/30 19:01:45 INFO Utils: Copying /home/***/.ivy2/jars/org.slf4j_slf4j-api-1.7.30.jar to /tmp/spark-15b4ec1e-10f7-4f00-9a95-a28c713e25d8/userFiles-8f320b52-8dbe-4167-bdde-671729eb07ff/org.slf4j_slf4j-api-1.7.30.jar
[2023-01-30T19:01:45.048+0000] {spark_submit.py:495} INFO - 23/01/30 19:01:45 INFO SparkContext: Added file file:///home/***/.ivy2/jars/org.mongodb_mongodb-driver-sync-4.0.5.jar at file:///home/***/.ivy2/jars/org.mongodb_mongodb-driver-sync-4.0.5.jar with timestamp 1675105304297
[2023-01-30T19:01:45.048+0000] {spark_submit.py:495} INFO - 23/01/30 19:01:45 INFO Utils: Copying /home/***/.ivy2/jars/org.mongodb_mongodb-driver-sync-4.0.5.jar to /tmp/spark-15b4ec1e-10f7-4f00-9a95-a28c713e25d8/userFiles-8f320b52-8dbe-4167-bdde-671729eb07ff/org.mongodb_mongodb-driver-sync-4.0.5.jar
[2023-01-30T19:01:45.051+0000] {spark_submit.py:495} INFO - 23/01/30 19:01:45 INFO SparkContext: Added file file:///home/***/.ivy2/jars/org.mongodb_bson-4.0.5.jar at file:///home/***/.ivy2/jars/org.mongodb_bson-4.0.5.jar with timestamp 1675105304297
[2023-01-30T19:01:45.051+0000] {spark_submit.py:495} INFO - 23/01/30 19:01:45 INFO Utils: Copying /home/***/.ivy2/jars/org.mongodb_bson-4.0.5.jar to /tmp/spark-15b4ec1e-10f7-4f00-9a95-a28c713e25d8/userFiles-8f320b52-8dbe-4167-bdde-671729eb07ff/org.mongodb_bson-4.0.5.jar
[2023-01-30T19:01:45.055+0000] {spark_submit.py:495} INFO - 23/01/30 19:01:45 INFO SparkContext: Added file file:///home/***/.ivy2/jars/org.mongodb_mongodb-driver-core-4.0.5.jar at file:///home/***/.ivy2/jars/org.mongodb_mongodb-driver-core-4.0.5.jar with timestamp 1675105304297
[2023-01-30T19:01:45.055+0000] {spark_submit.py:495} INFO - 23/01/30 19:01:45 INFO Utils: Copying /home/***/.ivy2/jars/org.mongodb_mongodb-driver-core-4.0.5.jar to /tmp/spark-15b4ec1e-10f7-4f00-9a95-a28c713e25d8/userFiles-8f320b52-8dbe-4167-bdde-671729eb07ff/org.mongodb_mongodb-driver-core-4.0.5.jar
[2023-01-30T19:01:45.114+0000] {spark_submit.py:495} INFO - 23/01/30 19:01:45 INFO Executor: Starting executor ID driver on host 15c99fd3082a
[2023-01-30T19:01:45.118+0000] {spark_submit.py:495} INFO - 23/01/30 19:01:45 INFO Executor: Starting executor with user classpath (userClassPathFirst = false): ''
[2023-01-30T19:01:45.126+0000] {spark_submit.py:495} INFO - 23/01/30 19:01:45 INFO Executor: Fetching file:///home/***/.ivy2/jars/org.apache.spark_spark-token-provider-kafka-0-10_2.12-3.1.3.jar with timestamp 1675105304297
[2023-01-30T19:01:45.141+0000] {spark_submit.py:495} INFO - 23/01/30 19:01:45 INFO Utils: /home/***/.ivy2/jars/org.apache.spark_spark-token-provider-kafka-0-10_2.12-3.1.3.jar has been previously copied to /tmp/spark-15b4ec1e-10f7-4f00-9a95-a28c713e25d8/userFiles-8f320b52-8dbe-4167-bdde-671729eb07ff/org.apache.spark_spark-token-provider-kafka-0-10_2.12-3.1.3.jar
[2023-01-30T19:01:45.145+0000] {spark_submit.py:495} INFO - 23/01/30 19:01:45 INFO Executor: Fetching file:///home/***/.ivy2/jars/org.mongodb_mongodb-driver-sync-4.0.5.jar with timestamp 1675105304297
[2023-01-30T19:01:45.147+0000] {spark_submit.py:495} INFO - 23/01/30 19:01:45 INFO Utils: /home/***/.ivy2/jars/org.mongodb_mongodb-driver-sync-4.0.5.jar has been previously copied to /tmp/spark-15b4ec1e-10f7-4f00-9a95-a28c713e25d8/userFiles-8f320b52-8dbe-4167-bdde-671729eb07ff/org.mongodb_mongodb-driver-sync-4.0.5.jar
[2023-01-30T19:01:45.153+0000] {spark_submit.py:495} INFO - 23/01/30 19:01:45 INFO Executor: Fetching file:///home/***/.ivy2/jars/org.apache.kafka_kafka-clients-2.6.0.jar with timestamp 1675105304297
[2023-01-30T19:01:45.158+0000] {spark_submit.py:495} INFO - 23/01/30 19:01:45 INFO Utils: /home/***/.ivy2/jars/org.apache.kafka_kafka-clients-2.6.0.jar has been previously copied to /tmp/spark-15b4ec1e-10f7-4f00-9a95-a28c713e25d8/userFiles-8f320b52-8dbe-4167-bdde-671729eb07ff/org.apache.kafka_kafka-clients-2.6.0.jar
[2023-01-30T19:01:45.167+0000] {spark_submit.py:495} INFO - 23/01/30 19:01:45 INFO Executor: Fetching file:///home/***/.ivy2/jars/org.mongodb_bson-4.0.5.jar with timestamp 1675105304297
[2023-01-30T19:01:45.168+0000] {spark_submit.py:495} INFO - 23/01/30 19:01:45 INFO Utils: /home/***/.ivy2/jars/org.mongodb_bson-4.0.5.jar has been previously copied to /tmp/spark-15b4ec1e-10f7-4f00-9a95-a28c713e25d8/userFiles-8f320b52-8dbe-4167-bdde-671729eb07ff/org.mongodb_bson-4.0.5.jar
[2023-01-30T19:01:45.171+0000] {spark_submit.py:495} INFO - 23/01/30 19:01:45 INFO Executor: Fetching file:///home/***/.ivy2/jars/com.github.luben_zstd-jni-1.4.8-1.jar with timestamp 1675105304297
[2023-01-30T19:01:45.176+0000] {spark_submit.py:495} INFO - 23/01/30 19:01:45 INFO Utils: /home/***/.ivy2/jars/com.github.luben_zstd-jni-1.4.8-1.jar has been previously copied to /tmp/spark-15b4ec1e-10f7-4f00-9a95-a28c713e25d8/userFiles-8f320b52-8dbe-4167-bdde-671729eb07ff/com.github.luben_zstd-jni-1.4.8-1.jar
[2023-01-30T19:01:45.179+0000] {spark_submit.py:495} INFO - 23/01/30 19:01:45 INFO Executor: Fetching file:///home/***/.ivy2/jars/org.lz4_lz4-java-1.7.1.jar with timestamp 1675105304297
[2023-01-30T19:01:45.180+0000] {spark_submit.py:495} INFO - 23/01/30 19:01:45 INFO Utils: /home/***/.ivy2/jars/org.lz4_lz4-java-1.7.1.jar has been previously copied to /tmp/spark-15b4ec1e-10f7-4f00-9a95-a28c713e25d8/userFiles-8f320b52-8dbe-4167-bdde-671729eb07ff/org.lz4_lz4-java-1.7.1.jar
[2023-01-30T19:01:45.183+0000] {spark_submit.py:495} INFO - 23/01/30 19:01:45 INFO Executor: Fetching file:///home/***/.ivy2/jars/org.spark-project.spark_unused-1.0.0.jar with timestamp 1675105304297
[2023-01-30T19:01:45.184+0000] {spark_submit.py:495} INFO - 23/01/30 19:01:45 INFO Utils: /home/***/.ivy2/jars/org.spark-project.spark_unused-1.0.0.jar has been previously copied to /tmp/spark-15b4ec1e-10f7-4f00-9a95-a28c713e25d8/userFiles-8f320b52-8dbe-4167-bdde-671729eb07ff/org.spark-project.spark_unused-1.0.0.jar
[2023-01-30T19:01:45.187+0000] {spark_submit.py:495} INFO - 23/01/30 19:01:45 INFO Executor: Fetching file:///home/***/.ivy2/jars/org.xerial.snappy_snappy-java-1.1.8.2.jar with timestamp 1675105304297
[2023-01-30T19:01:45.189+0000] {spark_submit.py:495} INFO - 23/01/30 19:01:45 INFO Utils: /home/***/.ivy2/jars/org.xerial.snappy_snappy-java-1.1.8.2.jar has been previously copied to /tmp/spark-15b4ec1e-10f7-4f00-9a95-a28c713e25d8/userFiles-8f320b52-8dbe-4167-bdde-671729eb07ff/org.xerial.snappy_snappy-java-1.1.8.2.jar
[2023-01-30T19:01:45.191+0000] {spark_submit.py:495} INFO - 23/01/30 19:01:45 INFO Executor: Fetching file:///home/***/.ivy2/jars/org.mongodb_mongodb-driver-core-4.0.5.jar with timestamp 1675105304297
[2023-01-30T19:01:45.193+0000] {spark_submit.py:495} INFO - 23/01/30 19:01:45 INFO Utils: /home/***/.ivy2/jars/org.mongodb_mongodb-driver-core-4.0.5.jar has been previously copied to /tmp/spark-15b4ec1e-10f7-4f00-9a95-a28c713e25d8/userFiles-8f320b52-8dbe-4167-bdde-671729eb07ff/org.mongodb_mongodb-driver-core-4.0.5.jar
[2023-01-30T19:01:45.196+0000] {spark_submit.py:495} INFO - 23/01/30 19:01:45 INFO Executor: Fetching file:///home/***/.ivy2/jars/org.apache.spark_spark-sql-kafka-0-10_2.12-3.1.3.jar with timestamp 1675105304297
[2023-01-30T19:01:45.196+0000] {spark_submit.py:495} INFO - 23/01/30 19:01:45 INFO Utils: /home/***/.ivy2/jars/org.apache.spark_spark-sql-kafka-0-10_2.12-3.1.3.jar has been previously copied to /tmp/spark-15b4ec1e-10f7-4f00-9a95-a28c713e25d8/userFiles-8f320b52-8dbe-4167-bdde-671729eb07ff/org.apache.spark_spark-sql-kafka-0-10_2.12-3.1.3.jar
[2023-01-30T19:01:45.199+0000] {spark_submit.py:495} INFO - 23/01/30 19:01:45 INFO Executor: Fetching file:///home/***/.ivy2/jars/org.mongodb.spark_mongo-spark-connector_2.12-3.0.1.jar with timestamp 1675105304297
[2023-01-30T19:01:45.200+0000] {spark_submit.py:495} INFO - 23/01/30 19:01:45 INFO Utils: /home/***/.ivy2/jars/org.mongodb.spark_mongo-spark-connector_2.12-3.0.1.jar has been previously copied to /tmp/spark-15b4ec1e-10f7-4f00-9a95-a28c713e25d8/userFiles-8f320b52-8dbe-4167-bdde-671729eb07ff/org.mongodb.spark_mongo-spark-connector_2.12-3.0.1.jar
[2023-01-30T19:01:45.210+0000] {spark_submit.py:495} INFO - 23/01/30 19:01:45 INFO Executor: Fetching file:///home/***/.ivy2/jars/org.apache.commons_commons-pool2-2.6.2.jar with timestamp 1675105304297
[2023-01-30T19:01:45.210+0000] {spark_submit.py:495} INFO - 23/01/30 19:01:45 INFO Utils: /home/***/.ivy2/jars/org.apache.commons_commons-pool2-2.6.2.jar has been previously copied to /tmp/spark-15b4ec1e-10f7-4f00-9a95-a28c713e25d8/userFiles-8f320b52-8dbe-4167-bdde-671729eb07ff/org.apache.commons_commons-pool2-2.6.2.jar
[2023-01-30T19:01:45.213+0000] {spark_submit.py:495} INFO - 23/01/30 19:01:45 INFO Executor: Fetching file:///home/***/.ivy2/jars/org.slf4j_slf4j-api-1.7.30.jar with timestamp 1675105304297
[2023-01-30T19:01:45.213+0000] {spark_submit.py:495} INFO - 23/01/30 19:01:45 INFO Utils: /home/***/.ivy2/jars/org.slf4j_slf4j-api-1.7.30.jar has been previously copied to /tmp/spark-15b4ec1e-10f7-4f00-9a95-a28c713e25d8/userFiles-8f320b52-8dbe-4167-bdde-671729eb07ff/org.slf4j_slf4j-api-1.7.30.jar
[2023-01-30T19:01:45.218+0000] {spark_submit.py:495} INFO - 23/01/30 19:01:45 INFO Executor: Fetching spark://15c99fd3082a:33669/jars/org.mongodb_bson-4.0.5.jar with timestamp 1675105304297
[2023-01-30T19:01:45.258+0000] {spark_submit.py:495} INFO - 23/01/30 19:01:45 INFO TransportClientFactory: Successfully created connection to 15c99fd3082a/172.20.0.7:33669 after 30 ms (0 ms spent in bootstraps)
[2023-01-30T19:01:45.264+0000] {spark_submit.py:495} INFO - 23/01/30 19:01:45 INFO Utils: Fetching spark://15c99fd3082a:33669/jars/org.mongodb_bson-4.0.5.jar to /tmp/spark-15b4ec1e-10f7-4f00-9a95-a28c713e25d8/userFiles-8f320b52-8dbe-4167-bdde-671729eb07ff/fetchFileTemp7322167267570140975.tmp
[2023-01-30T19:01:45.299+0000] {spark_submit.py:495} INFO - 23/01/30 19:01:45 INFO Utils: /tmp/spark-15b4ec1e-10f7-4f00-9a95-a28c713e25d8/userFiles-8f320b52-8dbe-4167-bdde-671729eb07ff/fetchFileTemp7322167267570140975.tmp has been previously copied to /tmp/spark-15b4ec1e-10f7-4f00-9a95-a28c713e25d8/userFiles-8f320b52-8dbe-4167-bdde-671729eb07ff/org.mongodb_bson-4.0.5.jar
[2023-01-30T19:01:45.306+0000] {spark_submit.py:495} INFO - 23/01/30 19:01:45 INFO Executor: Adding file:/tmp/spark-15b4ec1e-10f7-4f00-9a95-a28c713e25d8/userFiles-8f320b52-8dbe-4167-bdde-671729eb07ff/org.mongodb_bson-4.0.5.jar to class loader
[2023-01-30T19:01:45.306+0000] {spark_submit.py:495} INFO - 23/01/30 19:01:45 INFO Executor: Fetching spark://15c99fd3082a:33669/jars/org.lz4_lz4-java-1.7.1.jar with timestamp 1675105304297
[2023-01-30T19:01:45.307+0000] {spark_submit.py:495} INFO - 23/01/30 19:01:45 INFO Utils: Fetching spark://15c99fd3082a:33669/jars/org.lz4_lz4-java-1.7.1.jar to /tmp/spark-15b4ec1e-10f7-4f00-9a95-a28c713e25d8/userFiles-8f320b52-8dbe-4167-bdde-671729eb07ff/fetchFileTemp11219500898328012619.tmp
[2023-01-30T19:01:45.312+0000] {spark_submit.py:495} INFO - 23/01/30 19:01:45 INFO Utils: /tmp/spark-15b4ec1e-10f7-4f00-9a95-a28c713e25d8/userFiles-8f320b52-8dbe-4167-bdde-671729eb07ff/fetchFileTemp11219500898328012619.tmp has been previously copied to /tmp/spark-15b4ec1e-10f7-4f00-9a95-a28c713e25d8/userFiles-8f320b52-8dbe-4167-bdde-671729eb07ff/org.lz4_lz4-java-1.7.1.jar
[2023-01-30T19:01:45.315+0000] {spark_submit.py:495} INFO - 23/01/30 19:01:45 INFO Executor: Adding file:/tmp/spark-15b4ec1e-10f7-4f00-9a95-a28c713e25d8/userFiles-8f320b52-8dbe-4167-bdde-671729eb07ff/org.lz4_lz4-java-1.7.1.jar to class loader
[2023-01-30T19:01:45.316+0000] {spark_submit.py:495} INFO - 23/01/30 19:01:45 INFO Executor: Fetching spark://15c99fd3082a:33669/jars/org.apache.kafka_kafka-clients-2.6.0.jar with timestamp 1675105304297
[2023-01-30T19:01:45.316+0000] {spark_submit.py:495} INFO - 23/01/30 19:01:45 INFO Utils: Fetching spark://15c99fd3082a:33669/jars/org.apache.kafka_kafka-clients-2.6.0.jar to /tmp/spark-15b4ec1e-10f7-4f00-9a95-a28c713e25d8/userFiles-8f320b52-8dbe-4167-bdde-671729eb07ff/fetchFileTemp9294235973650981124.tmp
[2023-01-30T19:01:45.338+0000] {spark_submit.py:495} INFO - 23/01/30 19:01:45 INFO Utils: /tmp/spark-15b4ec1e-10f7-4f00-9a95-a28c713e25d8/userFiles-8f320b52-8dbe-4167-bdde-671729eb07ff/fetchFileTemp9294235973650981124.tmp has been previously copied to /tmp/spark-15b4ec1e-10f7-4f00-9a95-a28c713e25d8/userFiles-8f320b52-8dbe-4167-bdde-671729eb07ff/org.apache.kafka_kafka-clients-2.6.0.jar
[2023-01-30T19:01:45.346+0000] {spark_submit.py:495} INFO - 23/01/30 19:01:45 INFO Executor: Adding file:/tmp/spark-15b4ec1e-10f7-4f00-9a95-a28c713e25d8/userFiles-8f320b52-8dbe-4167-bdde-671729eb07ff/org.apache.kafka_kafka-clients-2.6.0.jar to class loader
[2023-01-30T19:01:45.346+0000] {spark_submit.py:495} INFO - 23/01/30 19:01:45 INFO Executor: Fetching spark://15c99fd3082a:33669/jars/org.mongodb_mongodb-driver-core-4.0.5.jar with timestamp 1675105304297
[2023-01-30T19:01:45.348+0000] {spark_submit.py:495} INFO - 23/01/30 19:01:45 INFO Utils: Fetching spark://15c99fd3082a:33669/jars/org.mongodb_mongodb-driver-core-4.0.5.jar to /tmp/spark-15b4ec1e-10f7-4f00-9a95-a28c713e25d8/userFiles-8f320b52-8dbe-4167-bdde-671729eb07ff/fetchFileTemp5114297635233867041.tmp
[2023-01-30T19:01:45.354+0000] {spark_submit.py:495} INFO - 23/01/30 19:01:45 INFO Utils: /tmp/spark-15b4ec1e-10f7-4f00-9a95-a28c713e25d8/userFiles-8f320b52-8dbe-4167-bdde-671729eb07ff/fetchFileTemp5114297635233867041.tmp has been previously copied to /tmp/spark-15b4ec1e-10f7-4f00-9a95-a28c713e25d8/userFiles-8f320b52-8dbe-4167-bdde-671729eb07ff/org.mongodb_mongodb-driver-core-4.0.5.jar
[2023-01-30T19:01:45.359+0000] {spark_submit.py:495} INFO - 23/01/30 19:01:45 INFO Executor: Adding file:/tmp/spark-15b4ec1e-10f7-4f00-9a95-a28c713e25d8/userFiles-8f320b52-8dbe-4167-bdde-671729eb07ff/org.mongodb_mongodb-driver-core-4.0.5.jar to class loader
[2023-01-30T19:01:45.359+0000] {spark_submit.py:495} INFO - 23/01/30 19:01:45 INFO Executor: Fetching spark://15c99fd3082a:33669/jars/org.apache.spark_spark-sql-kafka-0-10_2.12-3.1.3.jar with timestamp 1675105304297
[2023-01-30T19:01:45.359+0000] {spark_submit.py:495} INFO - 23/01/30 19:01:45 INFO Utils: Fetching spark://15c99fd3082a:33669/jars/org.apache.spark_spark-sql-kafka-0-10_2.12-3.1.3.jar to /tmp/spark-15b4ec1e-10f7-4f00-9a95-a28c713e25d8/userFiles-8f320b52-8dbe-4167-bdde-671729eb07ff/fetchFileTemp8728825396530697603.tmp
[2023-01-30T19:01:45.362+0000] {spark_submit.py:495} INFO - 23/01/30 19:01:45 INFO Utils: /tmp/spark-15b4ec1e-10f7-4f00-9a95-a28c713e25d8/userFiles-8f320b52-8dbe-4167-bdde-671729eb07ff/fetchFileTemp8728825396530697603.tmp has been previously copied to /tmp/spark-15b4ec1e-10f7-4f00-9a95-a28c713e25d8/userFiles-8f320b52-8dbe-4167-bdde-671729eb07ff/org.apache.spark_spark-sql-kafka-0-10_2.12-3.1.3.jar
[2023-01-30T19:01:45.366+0000] {spark_submit.py:495} INFO - 23/01/30 19:01:45 INFO Executor: Adding file:/tmp/spark-15b4ec1e-10f7-4f00-9a95-a28c713e25d8/userFiles-8f320b52-8dbe-4167-bdde-671729eb07ff/org.apache.spark_spark-sql-kafka-0-10_2.12-3.1.3.jar to class loader
[2023-01-30T19:01:45.367+0000] {spark_submit.py:495} INFO - 23/01/30 19:01:45 INFO Executor: Fetching spark://15c99fd3082a:33669/jars/org.mongodb.spark_mongo-spark-connector_2.12-3.0.1.jar with timestamp 1675105304297
[2023-01-30T19:01:45.368+0000] {spark_submit.py:495} INFO - 23/01/30 19:01:45 INFO Utils: Fetching spark://15c99fd3082a:33669/jars/org.mongodb.spark_mongo-spark-connector_2.12-3.0.1.jar to /tmp/spark-15b4ec1e-10f7-4f00-9a95-a28c713e25d8/userFiles-8f320b52-8dbe-4167-bdde-671729eb07ff/fetchFileTemp14214034423089513006.tmp
[2023-01-30T19:01:45.370+0000] {spark_submit.py:495} INFO - 23/01/30 19:01:45 INFO Utils: /tmp/spark-15b4ec1e-10f7-4f00-9a95-a28c713e25d8/userFiles-8f320b52-8dbe-4167-bdde-671729eb07ff/fetchFileTemp14214034423089513006.tmp has been previously copied to /tmp/spark-15b4ec1e-10f7-4f00-9a95-a28c713e25d8/userFiles-8f320b52-8dbe-4167-bdde-671729eb07ff/org.mongodb.spark_mongo-spark-connector_2.12-3.0.1.jar
[2023-01-30T19:01:45.373+0000] {spark_submit.py:495} INFO - 23/01/30 19:01:45 INFO Executor: Adding file:/tmp/spark-15b4ec1e-10f7-4f00-9a95-a28c713e25d8/userFiles-8f320b52-8dbe-4167-bdde-671729eb07ff/org.mongodb.spark_mongo-spark-connector_2.12-3.0.1.jar to class loader
[2023-01-30T19:01:45.373+0000] {spark_submit.py:495} INFO - 23/01/30 19:01:45 INFO Executor: Fetching spark://15c99fd3082a:33669/jars/org.xerial.snappy_snappy-java-1.1.8.2.jar with timestamp 1675105304297
[2023-01-30T19:01:45.373+0000] {spark_submit.py:495} INFO - 23/01/30 19:01:45 INFO Utils: Fetching spark://15c99fd3082a:33669/jars/org.xerial.snappy_snappy-java-1.1.8.2.jar to /tmp/spark-15b4ec1e-10f7-4f00-9a95-a28c713e25d8/userFiles-8f320b52-8dbe-4167-bdde-671729eb07ff/fetchFileTemp2888748339500306402.tmp
[2023-01-30T19:01:45.379+0000] {spark_submit.py:495} INFO - 23/01/30 19:01:45 INFO Utils: /tmp/spark-15b4ec1e-10f7-4f00-9a95-a28c713e25d8/userFiles-8f320b52-8dbe-4167-bdde-671729eb07ff/fetchFileTemp2888748339500306402.tmp has been previously copied to /tmp/spark-15b4ec1e-10f7-4f00-9a95-a28c713e25d8/userFiles-8f320b52-8dbe-4167-bdde-671729eb07ff/org.xerial.snappy_snappy-java-1.1.8.2.jar
[2023-01-30T19:01:45.384+0000] {spark_submit.py:495} INFO - 23/01/30 19:01:45 INFO Executor: Adding file:/tmp/spark-15b4ec1e-10f7-4f00-9a95-a28c713e25d8/userFiles-8f320b52-8dbe-4167-bdde-671729eb07ff/org.xerial.snappy_snappy-java-1.1.8.2.jar to class loader
[2023-01-30T19:01:45.384+0000] {spark_submit.py:495} INFO - 23/01/30 19:01:45 INFO Executor: Fetching spark://15c99fd3082a:33669/jars/org.spark-project.spark_unused-1.0.0.jar with timestamp 1675105304297
[2023-01-30T19:01:45.385+0000] {spark_submit.py:495} INFO - 23/01/30 19:01:45 INFO Utils: Fetching spark://15c99fd3082a:33669/jars/org.spark-project.spark_unused-1.0.0.jar to /tmp/spark-15b4ec1e-10f7-4f00-9a95-a28c713e25d8/userFiles-8f320b52-8dbe-4167-bdde-671729eb07ff/fetchFileTemp9538608052632741408.tmp
[2023-01-30T19:01:45.385+0000] {spark_submit.py:495} INFO - 23/01/30 19:01:45 INFO Utils: /tmp/spark-15b4ec1e-10f7-4f00-9a95-a28c713e25d8/userFiles-8f320b52-8dbe-4167-bdde-671729eb07ff/fetchFileTemp9538608052632741408.tmp has been previously copied to /tmp/spark-15b4ec1e-10f7-4f00-9a95-a28c713e25d8/userFiles-8f320b52-8dbe-4167-bdde-671729eb07ff/org.spark-project.spark_unused-1.0.0.jar
[2023-01-30T19:01:45.388+0000] {spark_submit.py:495} INFO - 23/01/30 19:01:45 INFO Executor: Adding file:/tmp/spark-15b4ec1e-10f7-4f00-9a95-a28c713e25d8/userFiles-8f320b52-8dbe-4167-bdde-671729eb07ff/org.spark-project.spark_unused-1.0.0.jar to class loader
[2023-01-30T19:01:45.388+0000] {spark_submit.py:495} INFO - 23/01/30 19:01:45 INFO Executor: Fetching spark://15c99fd3082a:33669/jars/com.github.luben_zstd-jni-1.4.8-1.jar with timestamp 1675105304297
[2023-01-30T19:01:45.388+0000] {spark_submit.py:495} INFO - 23/01/30 19:01:45 INFO Utils: Fetching spark://15c99fd3082a:33669/jars/com.github.luben_zstd-jni-1.4.8-1.jar to /tmp/spark-15b4ec1e-10f7-4f00-9a95-a28c713e25d8/userFiles-8f320b52-8dbe-4167-bdde-671729eb07ff/fetchFileTemp7841144429142426502.tmp
[2023-01-30T19:01:45.405+0000] {spark_submit.py:495} INFO - 23/01/30 19:01:45 INFO Utils: /tmp/spark-15b4ec1e-10f7-4f00-9a95-a28c713e25d8/userFiles-8f320b52-8dbe-4167-bdde-671729eb07ff/fetchFileTemp7841144429142426502.tmp has been previously copied to /tmp/spark-15b4ec1e-10f7-4f00-9a95-a28c713e25d8/userFiles-8f320b52-8dbe-4167-bdde-671729eb07ff/com.github.luben_zstd-jni-1.4.8-1.jar
[2023-01-30T19:01:45.426+0000] {spark_submit.py:495} INFO - 23/01/30 19:01:45 INFO Executor: Adding file:/tmp/spark-15b4ec1e-10f7-4f00-9a95-a28c713e25d8/userFiles-8f320b52-8dbe-4167-bdde-671729eb07ff/com.github.luben_zstd-jni-1.4.8-1.jar to class loader
[2023-01-30T19:01:45.427+0000] {spark_submit.py:495} INFO - 23/01/30 19:01:45 INFO Executor: Fetching spark://15c99fd3082a:33669/jars/org.slf4j_slf4j-api-1.7.30.jar with timestamp 1675105304297
[2023-01-30T19:01:45.428+0000] {spark_submit.py:495} INFO - 23/01/30 19:01:45 INFO Utils: Fetching spark://15c99fd3082a:33669/jars/org.slf4j_slf4j-api-1.7.30.jar to /tmp/spark-15b4ec1e-10f7-4f00-9a95-a28c713e25d8/userFiles-8f320b52-8dbe-4167-bdde-671729eb07ff/fetchFileTemp13604732609748594798.tmp
[2023-01-30T19:01:45.432+0000] {spark_submit.py:495} INFO - 23/01/30 19:01:45 INFO Utils: /tmp/spark-15b4ec1e-10f7-4f00-9a95-a28c713e25d8/userFiles-8f320b52-8dbe-4167-bdde-671729eb07ff/fetchFileTemp13604732609748594798.tmp has been previously copied to /tmp/spark-15b4ec1e-10f7-4f00-9a95-a28c713e25d8/userFiles-8f320b52-8dbe-4167-bdde-671729eb07ff/org.slf4j_slf4j-api-1.7.30.jar
[2023-01-30T19:01:45.443+0000] {spark_submit.py:495} INFO - 23/01/30 19:01:45 INFO Executor: Adding file:/tmp/spark-15b4ec1e-10f7-4f00-9a95-a28c713e25d8/userFiles-8f320b52-8dbe-4167-bdde-671729eb07ff/org.slf4j_slf4j-api-1.7.30.jar to class loader
[2023-01-30T19:01:45.443+0000] {spark_submit.py:495} INFO - 23/01/30 19:01:45 INFO Executor: Fetching spark://15c99fd3082a:33669/jars/org.apache.spark_spark-token-provider-kafka-0-10_2.12-3.1.3.jar with timestamp 1675105304297
[2023-01-30T19:01:45.444+0000] {spark_submit.py:495} INFO - 23/01/30 19:01:45 INFO Utils: Fetching spark://15c99fd3082a:33669/jars/org.apache.spark_spark-token-provider-kafka-0-10_2.12-3.1.3.jar to /tmp/spark-15b4ec1e-10f7-4f00-9a95-a28c713e25d8/userFiles-8f320b52-8dbe-4167-bdde-671729eb07ff/fetchFileTemp12769559025974751324.tmp
[2023-01-30T19:01:45.448+0000] {spark_submit.py:495} INFO - 23/01/30 19:01:45 INFO Utils: /tmp/spark-15b4ec1e-10f7-4f00-9a95-a28c713e25d8/userFiles-8f320b52-8dbe-4167-bdde-671729eb07ff/fetchFileTemp12769559025974751324.tmp has been previously copied to /tmp/spark-15b4ec1e-10f7-4f00-9a95-a28c713e25d8/userFiles-8f320b52-8dbe-4167-bdde-671729eb07ff/org.apache.spark_spark-token-provider-kafka-0-10_2.12-3.1.3.jar
[2023-01-30T19:01:45.459+0000] {spark_submit.py:495} INFO - 23/01/30 19:01:45 INFO Executor: Adding file:/tmp/spark-15b4ec1e-10f7-4f00-9a95-a28c713e25d8/userFiles-8f320b52-8dbe-4167-bdde-671729eb07ff/org.apache.spark_spark-token-provider-kafka-0-10_2.12-3.1.3.jar to class loader
[2023-01-30T19:01:45.459+0000] {spark_submit.py:495} INFO - 23/01/30 19:01:45 INFO Executor: Fetching spark://15c99fd3082a:33669/jars/org.apache.commons_commons-pool2-2.6.2.jar with timestamp 1675105304297
[2023-01-30T19:01:45.461+0000] {spark_submit.py:495} INFO - 23/01/30 19:01:45 INFO Utils: Fetching spark://15c99fd3082a:33669/jars/org.apache.commons_commons-pool2-2.6.2.jar to /tmp/spark-15b4ec1e-10f7-4f00-9a95-a28c713e25d8/userFiles-8f320b52-8dbe-4167-bdde-671729eb07ff/fetchFileTemp7062208386004057698.tmp
[2023-01-30T19:01:45.465+0000] {spark_submit.py:495} INFO - 23/01/30 19:01:45 INFO Utils: /tmp/spark-15b4ec1e-10f7-4f00-9a95-a28c713e25d8/userFiles-8f320b52-8dbe-4167-bdde-671729eb07ff/fetchFileTemp7062208386004057698.tmp has been previously copied to /tmp/spark-15b4ec1e-10f7-4f00-9a95-a28c713e25d8/userFiles-8f320b52-8dbe-4167-bdde-671729eb07ff/org.apache.commons_commons-pool2-2.6.2.jar
[2023-01-30T19:01:45.480+0000] {spark_submit.py:495} INFO - 23/01/30 19:01:45 INFO Executor: Adding file:/tmp/spark-15b4ec1e-10f7-4f00-9a95-a28c713e25d8/userFiles-8f320b52-8dbe-4167-bdde-671729eb07ff/org.apache.commons_commons-pool2-2.6.2.jar to class loader
[2023-01-30T19:01:45.481+0000] {spark_submit.py:495} INFO - 23/01/30 19:01:45 INFO Executor: Fetching spark://15c99fd3082a:33669/jars/org.mongodb_mongodb-driver-sync-4.0.5.jar with timestamp 1675105304297
[2023-01-30T19:01:45.482+0000] {spark_submit.py:495} INFO - 23/01/30 19:01:45 INFO Utils: Fetching spark://15c99fd3082a:33669/jars/org.mongodb_mongodb-driver-sync-4.0.5.jar to /tmp/spark-15b4ec1e-10f7-4f00-9a95-a28c713e25d8/userFiles-8f320b52-8dbe-4167-bdde-671729eb07ff/fetchFileTemp16390640745120616208.tmp
[2023-01-30T19:01:45.489+0000] {spark_submit.py:495} INFO - 23/01/30 19:01:45 INFO Utils: /tmp/spark-15b4ec1e-10f7-4f00-9a95-a28c713e25d8/userFiles-8f320b52-8dbe-4167-bdde-671729eb07ff/fetchFileTemp16390640745120616208.tmp has been previously copied to /tmp/spark-15b4ec1e-10f7-4f00-9a95-a28c713e25d8/userFiles-8f320b52-8dbe-4167-bdde-671729eb07ff/org.mongodb_mongodb-driver-sync-4.0.5.jar
[2023-01-30T19:01:45.506+0000] {spark_submit.py:495} INFO - 23/01/30 19:01:45 INFO Executor: Adding file:/tmp/spark-15b4ec1e-10f7-4f00-9a95-a28c713e25d8/userFiles-8f320b52-8dbe-4167-bdde-671729eb07ff/org.mongodb_mongodb-driver-sync-4.0.5.jar to class loader
[2023-01-30T19:01:45.525+0000] {spark_submit.py:495} INFO - 23/01/30 19:01:45 INFO Utils: Successfully started service 'org.apache.spark.network.netty.NettyBlockTransferService' on port 42251.
[2023-01-30T19:01:45.526+0000] {spark_submit.py:495} INFO - 23/01/30 19:01:45 INFO NettyBlockTransferService: Server created on 15c99fd3082a:42251
[2023-01-30T19:01:45.530+0000] {spark_submit.py:495} INFO - 23/01/30 19:01:45 INFO BlockManager: Using org.apache.spark.storage.RandomBlockReplicationPolicy for block replication policy
[2023-01-30T19:01:45.548+0000] {spark_submit.py:495} INFO - 23/01/30 19:01:45 INFO BlockManagerMaster: Registering BlockManager BlockManagerId(driver, 15c99fd3082a, 42251, None)
[2023-01-30T19:01:45.556+0000] {spark_submit.py:495} INFO - 23/01/30 19:01:45 INFO BlockManagerMasterEndpoint: Registering block manager 15c99fd3082a:42251 with 434.4 MiB RAM, BlockManagerId(driver, 15c99fd3082a, 42251, None)
[2023-01-30T19:01:45.564+0000] {spark_submit.py:495} INFO - 23/01/30 19:01:45 INFO BlockManagerMaster: Registered BlockManager BlockManagerId(driver, 15c99fd3082a, 42251, None)
[2023-01-30T19:01:45.567+0000] {spark_submit.py:495} INFO - 23/01/30 19:01:45 INFO BlockManager: Initialized BlockManager: BlockManagerId(driver, 15c99fd3082a, 42251, None)
[2023-01-30T19:01:49.893+0000] {spark_submit.py:495} INFO - 2023-01-30 19:01:49,893 - py4j.java_gateway - INFO - Callback Server Starting
[2023-01-30T19:01:49.893+0000] {spark_submit.py:495} INFO - 2023-01-30 19:01:49,893 - py4j.java_gateway - INFO - Socket listening on ('127.0.0.1', 35393)
[2023-01-30T19:01:54.702+0000] {spark_submit.py:495} INFO - 2023-01-30 19:01:54,702 - py4j.clientserver - INFO - Python Server ready to receive messages
[2023-01-30T19:01:54.703+0000] {spark_submit.py:495} INFO - 2023-01-30 19:01:54,702 - py4j.clientserver - INFO - Received command c on object id p0
[2023-01-30T19:01:55.180+0000] {spark_submit.py:495} INFO - -------------------------------------------
[2023-01-30T19:01:55.181+0000] {spark_submit.py:495} INFO - Batch: 0
[2023-01-30T19:01:55.181+0000] {spark_submit.py:495} INFO - -------------------------------------------
[2023-01-30T19:01:55.303+0000] {spark_submit.py:495} INFO - +---+-------------+-----+-------------+----------+----------------+------------+-----------------+--------------+-------------+
[2023-01-30T19:01:55.303+0000] {spark_submit.py:495} INFO - |id |nameOfProduct|price|ProductStatus|SellerName|RegistrationDate|QuantitySold|QuantityAvailable|Free shipping?|Store ratings|
[2023-01-30T19:01:55.303+0000] {spark_submit.py:495} INFO - +---+-------------+-----+-------------+----------+----------------+------------+-----------------+--------------+-------------+
[2023-01-30T19:01:55.304+0000] {spark_submit.py:495} INFO - +---+-------------+-----+-------------+----------+----------------+------------+-----------------+--------------+-------------+
[2023-01-30T19:01:55.304+0000] {spark_submit.py:495} INFO - 
[2023-01-30T19:02:03.871+0000] {spark_submit.py:495} INFO - 2023-01-30 19:02:03,870 - py4j.clientserver - INFO - Received command c on object id p0
[2023-01-30T19:02:06.151+0000] {spark_submit.py:495} INFO - -------------------------------------------
[2023-01-30T19:02:06.152+0000] {spark_submit.py:495} INFO - Batch: 1
[2023-01-30T19:02:06.152+0000] {spark_submit.py:495} INFO - -------------------------------------------
[2023-01-30T19:02:06.287+0000] {spark_submit.py:495} INFO - +-------------+-------------------------------------------------------------------------------------------------------------+---------+-------------+--------------------------+-------------------+------------+-----------------+------------------------------+-------------+
[2023-01-30T19:02:06.287+0000] {spark_submit.py:495} INFO - |id           |nameOfProduct                                                                                                |price    |ProductStatus|SellerName                |RegistrationDate   |QuantitySold|QuantityAvailable|Free shipping?                |Store ratings|
[2023-01-30T19:02:06.288+0000] {spark_submit.py:495} INFO - +-------------+-------------------------------------------------------------------------------------------------------------+---------+-------------+--------------------------+-------------------+------------+-----------------+------------------------------+-------------+
[2023-01-30T19:02:06.288+0000] {spark_submit.py:495} INFO - |MLA1221192372|Disco Duro Externo Western Digital Wd Elements Portable Wdbu6y0020bbk 2tb Negro                              |25999.0  |new          |OVERHARD DIGITAL          |2015-01-08 12:19:41|500         |50               |Your shipment arrives today   |4.5          |
[2023-01-30T19:02:06.288+0000] {spark_submit.py:495} INFO - |MLA1142490711|Placa De Video Amd Asrock  Phantom Gaming Radeon Rx 500 Series Rx 550 Phantom G R Rx550 2g 2gb               |34000.0  |new          |PCREGISTRADAOK            |2020-11-02 13:17:33|500         |100              |Your shipment arrives today   |4.5          |
[2023-01-30T19:02:06.288+0000] {spark_submit.py:495} INFO - |MLA1157512489|Placa De Video Nvidia Evga  Sc Gaming Geforce Gtx 16 Series Gtx 1660 Super 06g-p4-1068-kr 6gb                |124999.0 |new          |PCREGISTRADAOK            |2020-11-02 13:17:33|50          |1                |Your shipment arrives today   |4.5          |
[2023-01-30T19:02:06.288+0000] {spark_submit.py:495} INFO - |MLA1160178907|Memoria Ram Fury Beast Gamer Color Negro  16gb 1 Kingston Kf432c16bb/16                                      |22999.0  |new          |OVERHARD DIGITAL          |2015-01-08 12:19:41|500         |50               |Your shipment arrives tomorrow|4.5          |
[2023-01-30T19:02:06.288+0000] {spark_submit.py:495} INFO - |MLA882277177 |Capturadora Video Hdmi Digital Full Hd Usb Streaming                                                         |2699.0   |new          |BSK-IMPORTS               |2019-12-30 23:07:04|500         |1                |You have to pay the shipping  |3.0          |
[2023-01-30T19:02:06.288+0000] {spark_submit.py:495} INFO - |MLA1168362675|Memoria Ram Fury Beast Ddr4 Rgb Gamer Color Negro  16gb 1 Kingston Kf432c16bba/16                            |26773.76 |new          |MARSTECHSRLMARSTECHSRL    |2020-08-05 14:27:59|150         |1                |Your shipment arrives today   |4.5          |
[2023-01-30T19:02:06.288+0000] {spark_submit.py:495} INFO - |MLA923902194 |Disco Slido Interno Kingston Sa400s37/480g 480gb Negro                                                      |13249.0  |new          |MALL WEB                  |2016-05-26 20:28:35|5000        |1                |You have to pay the shipping  |5.0          |
[2023-01-30T19:02:06.289+0000] {spark_submit.py:495} INFO - |MLA923637669 |Placa De Video Geforce Gt 740 2gb Gddr5 Hdmi Vga Fortnite                                                    |28699.0  |new          |INDIGOTRADE               |2018-01-05 19:21:16|500         |50               |Your shipment arrives today   |4.5          |
[2023-01-30T19:02:06.289+0000] {spark_submit.py:495} INFO - |MLA902808321 |Procesador Gamer Intel Core I3-10100f Bx8070110100f De 4 Ncleos Y  4.3ghz De Frecuencia                     |23699.0  |new          |MALL WEB                  |2016-05-26 20:28:35|500         |1                |Your shipment arrives tomorrow|4.5          |
[2023-01-30T19:02:06.289+0000] {spark_submit.py:495} INFO - |MLA844489972 |Disco Duro Interno Seagate Barracuda St1000dm010 1tb                                                         |11599.0  |new          |DALECLCK                 |2015-03-16 12:07:23|5000        |500              |You have to pay the shipping  |5.0          |
[2023-01-30T19:02:06.289+0000] {spark_submit.py:495} INFO - |MLA1160204806|Memoria Ram Fury Beast Ddr4 Gamer Color Negro  8gb 1 Kingston Kf432c16bb/8                                   |14999.0  |new          |OVERHARD DIGITAL          |2015-01-08 12:19:41|500         |50               |You have to pay the shipping  |4.5          |
[2023-01-30T19:02:06.289+0000] {spark_submit.py:495} INFO - |MLA1157627908|Disco Duro Externo Seagate Expansion Stkm1000400 1tb Negro                                                   |18429.0  |new          |TECNOSTOCK.COM.AR         |2019-12-12 15:09:43|50          |50               |Your shipment arrives tomorrow|4.5          |
[2023-01-30T19:02:06.289+0000] {spark_submit.py:495} INFO - |MLA1302136118|Disco Duro Interno Seagate Barracuda St2000dm008 2tb Plata                                                   |18271.0  |new          |DIAMONDSYSTEMSANJUSTOML   |2016-04-08 17:21:06|150         |1                |Your shipment arrives tomorrow|4.5          |
[2023-01-30T19:02:06.289+0000] {spark_submit.py:495} INFO - |MLA1220964588|Procesador Gamer Intel Core I5-10400f Bx8070110400f De 6 Ncleos Y  4.3ghz De Frecuencia                     |48065.0  |new          |OVERHARD DIGITAL          |2015-01-08 12:19:41|50          |1                |Your shipment arrives today   |4.5          |
[2023-01-30T19:02:06.289+0000] {spark_submit.py:495} INFO - |MLA1183925519|Placa De Video Nvidia Zotac  Gaming Geforce Rtx 30 Series Rtx 3080 Ti Zt-a30810d-10p 12gb                    |299999.0 |new          |ESTUDIOSMPSRLESTUDIOSMPSRL|2020-11-29 18:36:32|50          |1                |Your shipment arrives today   |4.5          |
[2023-01-30T19:02:06.290+0000] {spark_submit.py:495} INFO - |MLA1314590445|Disco Slido Interno Pny Ssd7cs900-240-rb 240gb Negro                                                        |7799.0   |new          |ELECTRO-SHOWS             |2010-03-26 01:08:16|250         |250              |You have to pay the shipping  |4.5          |
[2023-01-30T19:02:06.290+0000] {spark_submit.py:495} INFO - |MLA1301642528|Placa De Video Nvidia Msi  Ventus Geforce Rtx 20 Series Rtx 2060 Geforce Rtx 2060 Ventus 6g Oc Oc Edition 6gb|134999.0 |new          |ITS-COMPUTACION           |2012-10-18 20:37:49|5           |1                |Your shipment arrives today   |4.5          |
[2023-01-30T19:02:06.290+0000] {spark_submit.py:495} INFO - |MLA872881277 |Procesador Intel Core I5-10400 Bx8070110400 De 6 Ncleos Y  4.3ghz De Frecuencia Con Grfica Integrada       |51099.0  |new          |MALL WEB                  |2016-05-26 20:28:35|500         |1                |Your shipment arrives today   |4.5          |
[2023-01-30T19:02:06.290+0000] {spark_submit.py:495} INFO - |MLA1272836523|Disco Duro Interno Western Digital  Wd20ezaz 2tb Azul                                                        |16999.0  |new          |TIENDA DELTA              |2011-09-15 21:48:50|200         |1                |Your shipment arrives tomorrow|4.5          |
[2023-01-30T19:02:06.290+0000] {spark_submit.py:495} INFO - |MLA1140325892|Disco Slido Interno Kingston Sa400s37/240g 240gb Gris                                                       |8339.0   |new          |DIAMONDSYSTEMPADUAML      |2015-07-01 12:32:22|500         |250              |You have to pay the shipping  |4.5          |
[2023-01-30T19:02:06.290+0000] {spark_submit.py:495} INFO - |MLA1148481665|Microprocesador Pc Amd Ryzen 5 4600g 8mb 3.7ghz Socket Am4 100-100000147box 6 Nucleos 12 Hilos               |58899.0  |new          |MALL WEB                  |2016-05-26 20:28:35|150         |1                |Your shipment arrives today   |4.5          |
[2023-01-30T19:02:06.290+0000] {spark_submit.py:495} INFO - |MLA1163233412|Placa De Video Nvidia Msi  Geforce 700 Series Gt 730 N730k-2gd3h/lpv1 2gb                                    |34659.0  |new          |PCREGISTRADAOK            |2020-11-02 13:17:33|4           |1                |Your shipment arrives today   |4.5          |
[2023-01-30T19:02:06.290+0000] {spark_submit.py:495} INFO - |MLA1150584684|Fuente De Alimentacin Para Pc Aureox Unlimited Series Arxgu-80pbz-550w 550w Negra 230v                      |16890.0  |new          |JORGEVOLUTION             |2015-12-03 13:39:36|25          |1                |Your shipment arrives tomorrow|4.5          |
[2023-01-30T19:02:06.291+0000] {spark_submit.py:495} INFO - |MLA917698539 |Capturadora Video Usb Easycap Vhs A Dvd Digital Rca Easy Cap                                                 |2899.0   |new          |BSK-IMPORTS               |2019-12-30 23:07:04|500         |50               |You have to pay the shipping  |3.0          |
[2023-01-30T19:02:06.291+0000] {spark_submit.py:495} INFO - |MLA1222229742|Placa De Video Nvidia Evga  Ko Gaming Geforce Rtx 20 Series Rtx 2060 06g-p4-2068-kr 6gb                      |128597.78|new          |MARSTECHSRLMARSTECHSRL    |2020-08-05 14:27:59|5           |1                |Your shipment arrives today   |4.5          |
[2023-01-30T19:02:06.291+0000] {spark_submit.py:495} INFO - |MLA1309797523|Micro Procesador Ryzen 5 4500 6 Nucleos 4.1ghz Amd Ddr4 Pc                                                   |43725.86 |new          |MARSTECHSRLMARSTECHSRL    |2020-08-05 14:27:59|5           |1                |Your shipment arrives today   |4.5          |
[2023-01-30T19:02:06.291+0000] {spark_submit.py:495} INFO - |MLA1103890625|Placa De Video Geforce Gigabyte Gt 1030 2gb Ddr4 Low Profile                                                 |65373.0  |new          |DIAMONDSYSTEMSANJUSTOML   |2016-04-08 17:21:06|3           |1                |Your shipment arrives today   |4.5          |
[2023-01-30T19:02:06.291+0000] {spark_submit.py:495} INFO - |MLA1224499067|Fuente De Alimentacion Pc Iqual 600w Cooler 80mm Atx Oficial                                                 |3999.0   |new          |DALECLCK                 |2015-03-16 12:07:23|250         |50               |You have to pay the shipping  |3.5          |
[2023-01-30T19:02:06.291+0000] {spark_submit.py:495} INFO - |MLA1288628607|Placa De Video Amd Asrock Challenger D Radeon Rx 6700 Series Rx 6700 Xt Rx6700xt Cld 12gb                    |172403.0 |new          |LAPLATA.NOTEBOOKS         |2017-08-03 20:43:24|5           |1                |Your shipment arrives today   |4.5          |
[2023-01-30T19:02:06.291+0000] {spark_submit.py:495} INFO - +-------------+-------------------------------------------------------------------------------------------------------------+---------+-------------+--------------------------+-------------------+------------+-----------------+------------------------------+-------------+
[2023-01-30T19:02:06.291+0000] {spark_submit.py:495} INFO - 
[2023-01-30T19:03:37.150+0000] {local_task_job.py:224} WARNING - State of this instance has been externally set to queued. Terminating instance.
[2023-01-30T19:03:37.151+0000] {process_utils.py:133} INFO - Sending Signals.SIGTERM to group 22339. PIDs of all processes in the group: [22342, 22398, 22339]
[2023-01-30T19:03:37.151+0000] {process_utils.py:84} INFO - Sending the signal Signals.SIGTERM to group 22339
[2023-01-30T19:03:37.152+0000] {taskinstance.py:1483} ERROR - Received SIGTERM. Terminating subprocesses.
[2023-01-30T19:03:37.156+0000] {spark_submit.py:620} INFO - Sending kill signal to spark-submit
[2023-01-30T19:03:37.168+0000] {taskinstance.py:1772} ERROR - Task failed with exception
Traceback (most recent call last):
  File "/home/airflow/.local/lib/python3.7/site-packages/airflow/providers/apache/spark/operators/spark_submit.py", line 157, in execute
    self._hook.submit(self._application)
  File "/home/airflow/.local/lib/python3.7/site-packages/airflow/providers/apache/spark/hooks/spark_submit.py", line 414, in submit
    self._process_spark_submit_log(iter(self._submit_sp.stdout))  # type: ignore
  File "/home/airflow/.local/lib/python3.7/site-packages/airflow/providers/apache/spark/hooks/spark_submit.py", line 463, in _process_spark_submit_log
    for line in itr:
  File "/home/airflow/.local/lib/python3.7/site-packages/airflow/models/taskinstance.py", line 1485, in signal_handler
    raise AirflowException("Task received SIGTERM signal")
airflow.exceptions.AirflowException: Task received SIGTERM signal
[2023-01-30T19:03:37.172+0000] {taskinstance.py:1327} INFO - Marking task as UP_FOR_RETRY. dag_id=Streaming_pipeline_meli, task_id=consumer_data_of_topic, execution_date=20230127T184927, start_date=20230130T190140, end_date=20230130T190337
[2023-01-30T19:03:37.186+0000] {standard_task_runner.py:105} ERROR - Failed to execute job 1249 for task consumer_data_of_topic (Task received SIGTERM signal; 22339)
[2023-01-30T19:03:37.249+0000] {process_utils.py:79} INFO - Process psutil.Process(pid=22342, status='terminated', started='19:01:40') (22342) terminated with exit code None
[2023-01-30T19:03:37.249+0000] {process_utils.py:79} INFO - Process psutil.Process(pid=22339, status='terminated', exitcode=1, started='19:01:40') (22339) terminated with exit code 1
[2023-01-30T19:03:37.250+0000] {process_utils.py:79} INFO - Process psutil.Process(pid=22398, status='terminated', started='19:01:43') (22398) terminated with exit code None
