[2023-01-29T00:39:31.028+0000] {taskinstance.py:1087} INFO - Dependencies all met for <TaskInstance: Streaming_pipeline_meli.consumer_data_of_topic manual__2023-01-27T18:49:27.597637+00:00 [queued]>
[2023-01-29T00:39:31.037+0000] {taskinstance.py:1087} INFO - Dependencies all met for <TaskInstance: Streaming_pipeline_meli.consumer_data_of_topic manual__2023-01-27T18:49:27.597637+00:00 [queued]>
[2023-01-29T00:39:31.037+0000] {taskinstance.py:1283} INFO - 
--------------------------------------------------------------------------------
[2023-01-29T00:39:31.037+0000] {taskinstance.py:1284} INFO - Starting attempt 14 of 19
[2023-01-29T00:39:31.037+0000] {taskinstance.py:1285} INFO - 
--------------------------------------------------------------------------------
[2023-01-29T00:39:31.057+0000] {taskinstance.py:1304} INFO - Executing <Task(SparkSubmitOperator): consumer_data_of_topic> on 2023-01-27 18:49:27.597637+00:00
[2023-01-29T00:39:31.061+0000] {standard_task_runner.py:55} INFO - Started process 3755 to run task
[2023-01-29T00:39:31.064+0000] {standard_task_runner.py:82} INFO - Running: ['***', 'tasks', 'run', 'Streaming_pipeline_meli', 'consumer_data_of_topic', 'manual__2023-01-27T18:49:27.597637+00:00', '--job-id', '1172', '--raw', '--subdir', 'DAGS_FOLDER/streamPipeline.py', '--cfg-path', '/tmp/tmplskjqoxg']
[2023-01-29T00:39:31.064+0000] {standard_task_runner.py:83} INFO - Job 1172: Subtask consumer_data_of_topic
[2023-01-29T00:39:31.156+0000] {task_command.py:389} INFO - Running <TaskInstance: Streaming_pipeline_meli.consumer_data_of_topic manual__2023-01-27T18:49:27.597637+00:00 [running]> on host c581710b51ba
[2023-01-29T00:39:31.226+0000] {taskinstance.py:1513} INFO - Exporting the following env vars:
AIRFLOW_CTX_DAG_OWNER=***
AIRFLOW_CTX_DAG_ID=Streaming_pipeline_meli
AIRFLOW_CTX_TASK_ID=consumer_data_of_topic
AIRFLOW_CTX_EXECUTION_DATE=2023-01-27T18:49:27.597637+00:00
AIRFLOW_CTX_TRY_NUMBER=14
AIRFLOW_CTX_DAG_RUN_ID=manual__2023-01-27T18:49:27.597637+00:00
[2023-01-29T00:39:31.234+0000] {base.py:73} INFO - Using connection ID 'spark_default' for task execution.
[2023-01-29T00:39:31.235+0000] {spark_submit.py:344} INFO - Spark-Submit cmd: spark-submit --master spark://tomi-H310:7077 --packages org.apache.spark:spark-sql-kafka-0-10_2.12:3.1.3,org.mongodb.spark:mongo-spark-connector_2.12:3.0.1 --name arrow-spark --queue root.default /home/tomi/streamingPipelineMercadoLibre/docker_***/dags/consumerSpark.py
[2023-01-29T00:39:31.336+0000] {spark_submit.py:495} INFO - /home/***/.local/lib/python3.7/site-packages/pyspark/bin/load-spark-env.sh: line 68: ps: command not found
[2023-01-29T00:39:32.738+0000] {spark_submit.py:495} INFO - :: loading settings :: url = jar:file:/home/***/.local/lib/python3.7/site-packages/pyspark/jars/ivy-2.5.0.jar!/org/apache/ivy/core/settings/ivysettings.xml
[2023-01-29T00:39:32.794+0000] {spark_submit.py:495} INFO - Ivy Default Cache set to: /home/***/.ivy2/cache
[2023-01-29T00:39:32.794+0000] {spark_submit.py:495} INFO - The jars for the packages stored in: /home/***/.ivy2/jars
[2023-01-29T00:39:32.799+0000] {spark_submit.py:495} INFO - org.apache.spark#spark-sql-kafka-0-10_2.12 added as a dependency
[2023-01-29T00:39:32.799+0000] {spark_submit.py:495} INFO - org.mongodb.spark#mongo-spark-connector_2.12 added as a dependency
[2023-01-29T00:39:32.799+0000] {spark_submit.py:495} INFO - :: resolving dependencies :: org.apache.spark#spark-submit-parent-a23c1b6a-6619-4af5-b406-95fdc364e3db;1.0
[2023-01-29T00:39:32.799+0000] {spark_submit.py:495} INFO - confs: [default]
[2023-01-29T00:39:32.970+0000] {spark_submit.py:495} INFO - found org.apache.spark#spark-sql-kafka-0-10_2.12;3.1.3 in central
[2023-01-29T00:39:33.020+0000] {spark_submit.py:495} INFO - found org.apache.spark#spark-token-provider-kafka-0-10_2.12;3.1.3 in central
[2023-01-29T00:39:33.046+0000] {spark_submit.py:495} INFO - found org.apache.kafka#kafka-clients;2.6.0 in central
[2023-01-29T00:39:33.068+0000] {spark_submit.py:495} INFO - found com.github.luben#zstd-jni;1.4.8-1 in central
[2023-01-29T00:39:33.085+0000] {spark_submit.py:495} INFO - found org.lz4#lz4-java;1.7.1 in central
[2023-01-29T00:39:33.100+0000] {spark_submit.py:495} INFO - found org.xerial.snappy#snappy-java;1.1.8.2 in central
[2023-01-29T00:39:33.114+0000] {spark_submit.py:495} INFO - found org.slf4j#slf4j-api;1.7.30 in central
[2023-01-29T00:39:33.128+0000] {spark_submit.py:495} INFO - found org.spark-project.spark#unused;1.0.0 in central
[2023-01-29T00:39:33.140+0000] {spark_submit.py:495} INFO - found org.apache.commons#commons-pool2;2.6.2 in central
[2023-01-29T00:39:33.151+0000] {spark_submit.py:495} INFO - found org.mongodb.spark#mongo-spark-connector_2.12;3.0.1 in central
[2023-01-29T00:39:33.161+0000] {spark_submit.py:495} INFO - found org.mongodb#mongodb-driver-sync;4.0.5 in central
[2023-01-29T00:39:33.171+0000] {spark_submit.py:495} INFO - found org.mongodb#bson;4.0.5 in central
[2023-01-29T00:39:33.182+0000] {spark_submit.py:495} INFO - found org.mongodb#mongodb-driver-core;4.0.5 in central
[2023-01-29T00:39:33.205+0000] {spark_submit.py:495} INFO - :: resolution report :: resolve 397ms :: artifacts dl 10ms
[2023-01-29T00:39:33.206+0000] {spark_submit.py:495} INFO - :: modules in use:
[2023-01-29T00:39:33.206+0000] {spark_submit.py:495} INFO - com.github.luben#zstd-jni;1.4.8-1 from central in [default]
[2023-01-29T00:39:33.207+0000] {spark_submit.py:495} INFO - org.apache.commons#commons-pool2;2.6.2 from central in [default]
[2023-01-29T00:39:33.207+0000] {spark_submit.py:495} INFO - org.apache.kafka#kafka-clients;2.6.0 from central in [default]
[2023-01-29T00:39:33.207+0000] {spark_submit.py:495} INFO - org.apache.spark#spark-sql-kafka-0-10_2.12;3.1.3 from central in [default]
[2023-01-29T00:39:33.207+0000] {spark_submit.py:495} INFO - org.apache.spark#spark-token-provider-kafka-0-10_2.12;3.1.3 from central in [default]
[2023-01-29T00:39:33.208+0000] {spark_submit.py:495} INFO - org.lz4#lz4-java;1.7.1 from central in [default]
[2023-01-29T00:39:33.208+0000] {spark_submit.py:495} INFO - org.mongodb#bson;4.0.5 from central in [default]
[2023-01-29T00:39:33.208+0000] {spark_submit.py:495} INFO - org.mongodb#mongodb-driver-core;4.0.5 from central in [default]
[2023-01-29T00:39:33.209+0000] {spark_submit.py:495} INFO - org.mongodb#mongodb-driver-sync;4.0.5 from central in [default]
[2023-01-29T00:39:33.209+0000] {spark_submit.py:495} INFO - org.mongodb.spark#mongo-spark-connector_2.12;3.0.1 from central in [default]
[2023-01-29T00:39:33.210+0000] {spark_submit.py:495} INFO - org.slf4j#slf4j-api;1.7.30 from central in [default]
[2023-01-29T00:39:33.210+0000] {spark_submit.py:495} INFO - org.spark-project.spark#unused;1.0.0 from central in [default]
[2023-01-29T00:39:33.210+0000] {spark_submit.py:495} INFO - org.xerial.snappy#snappy-java;1.1.8.2 from central in [default]
[2023-01-29T00:39:33.211+0000] {spark_submit.py:495} INFO - ---------------------------------------------------------------------
[2023-01-29T00:39:33.211+0000] {spark_submit.py:495} INFO - |                  |            modules            ||   artifacts   |
[2023-01-29T00:39:33.212+0000] {spark_submit.py:495} INFO - |       conf       | number| search|dwnlded|evicted|| number|dwnlded|
[2023-01-29T00:39:33.212+0000] {spark_submit.py:495} INFO - ---------------------------------------------------------------------
[2023-01-29T00:39:33.212+0000] {spark_submit.py:495} INFO - |      default     |   13  |   0   |   0   |   0   ||   13  |   0   |
[2023-01-29T00:39:33.212+0000] {spark_submit.py:495} INFO - ---------------------------------------------------------------------
[2023-01-29T00:39:33.218+0000] {spark_submit.py:495} INFO - :: retrieving :: org.apache.spark#spark-submit-parent-a23c1b6a-6619-4af5-b406-95fdc364e3db
[2023-01-29T00:39:33.218+0000] {spark_submit.py:495} INFO - confs: [default]
[2023-01-29T00:39:33.225+0000] {spark_submit.py:495} INFO - 0 artifacts copied, 13 already retrieved (0kB/7ms)
[2023-01-29T00:39:33.440+0000] {spark_submit.py:495} INFO - 23/01/29 00:39:33 WARN NativeCodeLoader: Unable to load native-hadoop library for your platform... using builtin-java classes where applicable
[2023-01-29T00:39:33.728+0000] {spark_submit.py:495} INFO - python3: can't open file '/home/tomi/streamingPipelineMercadoLibre/docker_***/dags/consumerSpark.py': [Errno 2] No such file or directory
[2023-01-29T00:39:33.735+0000] {spark_submit.py:495} INFO - 23/01/29 00:39:33 INFO ShutdownHookManager: Shutdown hook called
[2023-01-29T00:39:33.736+0000] {spark_submit.py:495} INFO - 23/01/29 00:39:33 INFO ShutdownHookManager: Deleting directory /tmp/spark-5611c035-ee90-4096-976a-63bd45efb2dd
[2023-01-29T00:39:33.784+0000] {taskinstance.py:1772} ERROR - Task failed with exception
Traceback (most recent call last):
  File "/home/airflow/.local/lib/python3.7/site-packages/airflow/providers/apache/spark/operators/spark_submit.py", line 157, in execute
    self._hook.submit(self._application)
  File "/home/airflow/.local/lib/python3.7/site-packages/airflow/providers/apache/spark/hooks/spark_submit.py", line 427, in submit
    f"Cannot execute: {self._mask_cmd(spark_submit_cmd)}. Error code is: {returncode}."
airflow.exceptions.AirflowException: Cannot execute: spark-submit --master spark://tomi-H310:7077 --packages org.apache.spark:spark-sql-kafka-0-10_2.12:3.1.3,org.mongodb.spark:mongo-spark-connector_2.12:3.0.1 --name arrow-spark --queue root.default /home/tomi/streamingPipelineMercadoLibre/docker_***/dags/consumerSpark.py. Error code is: 2.
[2023-01-29T00:39:33.787+0000] {taskinstance.py:1327} INFO - Marking task as UP_FOR_RETRY. dag_id=Streaming_pipeline_meli, task_id=consumer_data_of_topic, execution_date=20230127T184927, start_date=20230129T003931, end_date=20230129T003933
[2023-01-29T00:39:33.800+0000] {standard_task_runner.py:105} ERROR - Failed to execute job 1172 for task consumer_data_of_topic (Cannot execute: spark-submit --master spark://tomi-H310:7077 --packages org.apache.spark:spark-sql-kafka-0-10_2.12:3.1.3,org.mongodb.spark:mongo-spark-connector_2.12:3.0.1 --name arrow-spark --queue root.default /home/tomi/streamingPipelineMercadoLibre/docker_***/dags/consumerSpark.py. Error code is: 2.; 3755)
[2023-01-29T00:39:33.846+0000] {local_task_job.py:159} INFO - Task exited with return code 1
[2023-01-29T00:39:33.916+0000] {taskinstance.py:2582} INFO - 0 downstream tasks scheduled from follow-on schedule check
