[2023-01-30T17:46:42.283+0000] {taskinstance.py:1087} INFO - Dependencies all met for <TaskInstance: Streaming_pipeline_meli.consumer_data_of_topic manual__2023-01-27T18:49:27.597637+00:00 [queued]>
[2023-01-30T17:46:42.292+0000] {taskinstance.py:1087} INFO - Dependencies all met for <TaskInstance: Streaming_pipeline_meli.consumer_data_of_topic manual__2023-01-27T18:49:27.597637+00:00 [queued]>
[2023-01-30T17:46:42.292+0000] {taskinstance.py:1283} INFO - 
--------------------------------------------------------------------------------
[2023-01-30T17:46:42.292+0000] {taskinstance.py:1284} INFO - Starting attempt 58 of 63
[2023-01-30T17:46:42.292+0000] {taskinstance.py:1285} INFO - 
--------------------------------------------------------------------------------
[2023-01-30T17:46:42.305+0000] {taskinstance.py:1304} INFO - Executing <Task(SparkSubmitOperator): consumer_data_of_topic> on 2023-01-27 18:49:27.597637+00:00
[2023-01-30T17:46:42.309+0000] {standard_task_runner.py:55} INFO - Started process 10046 to run task
[2023-01-30T17:46:42.312+0000] {standard_task_runner.py:82} INFO - Running: ['***', 'tasks', 'run', 'Streaming_pipeline_meli', 'consumer_data_of_topic', 'manual__2023-01-27T18:49:27.597637+00:00', '--job-id', '1228', '--raw', '--subdir', 'DAGS_FOLDER/streamPipeline.py', '--cfg-path', '/tmp/tmpbuzf0aus']
[2023-01-30T17:46:42.312+0000] {standard_task_runner.py:83} INFO - Job 1228: Subtask consumer_data_of_topic
[2023-01-30T17:46:42.363+0000] {task_command.py:389} INFO - Running <TaskInstance: Streaming_pipeline_meli.consumer_data_of_topic manual__2023-01-27T18:49:27.597637+00:00 [running]> on host 15c99fd3082a
[2023-01-30T17:46:42.427+0000] {taskinstance.py:1513} INFO - Exporting the following env vars:
AIRFLOW_CTX_DAG_OWNER=***
AIRFLOW_CTX_DAG_ID=Streaming_pipeline_meli
AIRFLOW_CTX_TASK_ID=consumer_data_of_topic
AIRFLOW_CTX_EXECUTION_DATE=2023-01-27T18:49:27.597637+00:00
AIRFLOW_CTX_TRY_NUMBER=58
AIRFLOW_CTX_DAG_RUN_ID=manual__2023-01-27T18:49:27.597637+00:00
[2023-01-30T17:46:42.436+0000] {base.py:73} INFO - Using connection ID 'spark_default' for task execution.
[2023-01-30T17:46:42.437+0000] {spark_submit.py:344} INFO - Spark-Submit cmd: spark-submit --master spark://tomi-H310:7077 --packages org.apache.spark:spark-sql-kafka-0-10_2.12:3.1.3,org.mongodb.spark:mongo-spark-connector_2.12:3.0.1 --name arrow-spark --queue root.default /opt/***/dags/consumerSpark.py
[2023-01-30T17:46:42.542+0000] {spark_submit.py:495} INFO - /home/***/.local/lib/python3.7/site-packages/pyspark/bin/load-spark-env.sh: line 68: ps: command not found
[2023-01-30T17:46:44.070+0000] {spark_submit.py:495} INFO - :: loading settings :: url = jar:file:/home/***/.local/lib/python3.7/site-packages/pyspark/jars/ivy-2.5.0.jar!/org/apache/ivy/core/settings/ivysettings.xml
[2023-01-30T17:46:44.125+0000] {spark_submit.py:495} INFO - Ivy Default Cache set to: /home/***/.ivy2/cache
[2023-01-30T17:46:44.126+0000] {spark_submit.py:495} INFO - The jars for the packages stored in: /home/***/.ivy2/jars
[2023-01-30T17:46:44.130+0000] {spark_submit.py:495} INFO - org.apache.spark#spark-sql-kafka-0-10_2.12 added as a dependency
[2023-01-30T17:46:44.130+0000] {spark_submit.py:495} INFO - org.mongodb.spark#mongo-spark-connector_2.12 added as a dependency
[2023-01-30T17:46:44.131+0000] {spark_submit.py:495} INFO - :: resolving dependencies :: org.apache.spark#spark-submit-parent-cae778bc-37ac-4c07-9b35-67f84047f3a2;1.0
[2023-01-30T17:46:44.131+0000] {spark_submit.py:495} INFO - confs: [default]
[2023-01-30T17:46:44.265+0000] {spark_submit.py:495} INFO - found org.apache.spark#spark-sql-kafka-0-10_2.12;3.1.3 in central
[2023-01-30T17:46:44.311+0000] {spark_submit.py:495} INFO - found org.apache.spark#spark-token-provider-kafka-0-10_2.12;3.1.3 in central
[2023-01-30T17:46:44.332+0000] {spark_submit.py:495} INFO - found org.apache.kafka#kafka-clients;2.6.0 in central
[2023-01-30T17:46:44.351+0000] {spark_submit.py:495} INFO - found com.github.luben#zstd-jni;1.4.8-1 in central
[2023-01-30T17:46:44.366+0000] {spark_submit.py:495} INFO - found org.lz4#lz4-java;1.7.1 in central
[2023-01-30T17:46:44.380+0000] {spark_submit.py:495} INFO - found org.xerial.snappy#snappy-java;1.1.8.2 in central
[2023-01-30T17:46:44.392+0000] {spark_submit.py:495} INFO - found org.slf4j#slf4j-api;1.7.30 in central
[2023-01-30T17:46:44.404+0000] {spark_submit.py:495} INFO - found org.spark-project.spark#unused;1.0.0 in central
[2023-01-30T17:46:44.416+0000] {spark_submit.py:495} INFO - found org.apache.commons#commons-pool2;2.6.2 in central
[2023-01-30T17:46:44.426+0000] {spark_submit.py:495} INFO - found org.mongodb.spark#mongo-spark-connector_2.12;3.0.1 in central
[2023-01-30T17:46:44.435+0000] {spark_submit.py:495} INFO - found org.mongodb#mongodb-driver-sync;4.0.5 in central
[2023-01-30T17:46:44.447+0000] {spark_submit.py:495} INFO - found org.mongodb#bson;4.0.5 in central
[2023-01-30T17:46:44.456+0000] {spark_submit.py:495} INFO - found org.mongodb#mongodb-driver-core;4.0.5 in central
[2023-01-30T17:46:44.477+0000] {spark_submit.py:495} INFO - :: resolution report :: resolve 335ms :: artifacts dl 11ms
[2023-01-30T17:46:44.477+0000] {spark_submit.py:495} INFO - :: modules in use:
[2023-01-30T17:46:44.477+0000] {spark_submit.py:495} INFO - com.github.luben#zstd-jni;1.4.8-1 from central in [default]
[2023-01-30T17:46:44.478+0000] {spark_submit.py:495} INFO - org.apache.commons#commons-pool2;2.6.2 from central in [default]
[2023-01-30T17:46:44.478+0000] {spark_submit.py:495} INFO - org.apache.kafka#kafka-clients;2.6.0 from central in [default]
[2023-01-30T17:46:44.478+0000] {spark_submit.py:495} INFO - org.apache.spark#spark-sql-kafka-0-10_2.12;3.1.3 from central in [default]
[2023-01-30T17:46:44.478+0000] {spark_submit.py:495} INFO - org.apache.spark#spark-token-provider-kafka-0-10_2.12;3.1.3 from central in [default]
[2023-01-30T17:46:44.478+0000] {spark_submit.py:495} INFO - org.lz4#lz4-java;1.7.1 from central in [default]
[2023-01-30T17:46:44.479+0000] {spark_submit.py:495} INFO - org.mongodb#bson;4.0.5 from central in [default]
[2023-01-30T17:46:44.479+0000] {spark_submit.py:495} INFO - org.mongodb#mongodb-driver-core;4.0.5 from central in [default]
[2023-01-30T17:46:44.479+0000] {spark_submit.py:495} INFO - org.mongodb#mongodb-driver-sync;4.0.5 from central in [default]
[2023-01-30T17:46:44.479+0000] {spark_submit.py:495} INFO - org.mongodb.spark#mongo-spark-connector_2.12;3.0.1 from central in [default]
[2023-01-30T17:46:44.480+0000] {spark_submit.py:495} INFO - org.slf4j#slf4j-api;1.7.30 from central in [default]
[2023-01-30T17:46:44.480+0000] {spark_submit.py:495} INFO - org.spark-project.spark#unused;1.0.0 from central in [default]
[2023-01-30T17:46:44.480+0000] {spark_submit.py:495} INFO - org.xerial.snappy#snappy-java;1.1.8.2 from central in [default]
[2023-01-30T17:46:44.480+0000] {spark_submit.py:495} INFO - ---------------------------------------------------------------------
[2023-01-30T17:46:44.480+0000] {spark_submit.py:495} INFO - |                  |            modules            ||   artifacts   |
[2023-01-30T17:46:44.481+0000] {spark_submit.py:495} INFO - |       conf       | number| search|dwnlded|evicted|| number|dwnlded|
[2023-01-30T17:46:44.481+0000] {spark_submit.py:495} INFO - ---------------------------------------------------------------------
[2023-01-30T17:46:44.481+0000] {spark_submit.py:495} INFO - |      default     |   13  |   0   |   0   |   0   ||   13  |   0   |
[2023-01-30T17:46:44.481+0000] {spark_submit.py:495} INFO - ---------------------------------------------------------------------
[2023-01-30T17:46:44.486+0000] {spark_submit.py:495} INFO - :: retrieving :: org.apache.spark#spark-submit-parent-cae778bc-37ac-4c07-9b35-67f84047f3a2
[2023-01-30T17:46:44.486+0000] {spark_submit.py:495} INFO - confs: [default]
[2023-01-30T17:46:44.493+0000] {spark_submit.py:495} INFO - 0 artifacts copied, 13 already retrieved (0kB/7ms)
[2023-01-30T17:46:44.671+0000] {spark_submit.py:495} INFO - 23/01/30 17:46:44 WARN NativeCodeLoader: Unable to load native-hadoop library for your platform... using builtin-java classes where applicable
[2023-01-30T17:46:45.559+0000] {spark_submit.py:495} INFO - 23/01/30 17:46:45 INFO SparkContext: Running Spark version 3.3.1
[2023-01-30T17:46:45.587+0000] {spark_submit.py:495} INFO - 23/01/30 17:46:45 INFO ResourceUtils: ==============================================================
[2023-01-30T17:46:45.587+0000] {spark_submit.py:495} INFO - 23/01/30 17:46:45 INFO ResourceUtils: No custom resources configured for spark.driver.
[2023-01-30T17:46:45.588+0000] {spark_submit.py:495} INFO - 23/01/30 17:46:45 INFO ResourceUtils: ==============================================================
[2023-01-30T17:46:45.588+0000] {spark_submit.py:495} INFO - 23/01/30 17:46:45 INFO SparkContext: Submitted application: arrow-spark
[2023-01-30T17:46:45.603+0000] {spark_submit.py:495} INFO - 23/01/30 17:46:45 INFO ResourceProfile: Default ResourceProfile created, executor resources: Map(cores -> name: cores, amount: 1, script: , vendor: , memory -> name: memory, amount: 1024, script: , vendor: , offHeap -> name: offHeap, amount: 0, script: , vendor: ), task resources: Map(cpus -> name: cpus, amount: 1.0)
[2023-01-30T17:46:45.614+0000] {spark_submit.py:495} INFO - 23/01/30 17:46:45 INFO ResourceProfile: Limiting resource is cpu
[2023-01-30T17:46:45.614+0000] {spark_submit.py:495} INFO - 23/01/30 17:46:45 INFO ResourceProfileManager: Added ResourceProfile id: 0
[2023-01-30T17:46:45.653+0000] {spark_submit.py:495} INFO - 23/01/30 17:46:45 INFO SecurityManager: Changing view acls to: default
[2023-01-30T17:46:45.653+0000] {spark_submit.py:495} INFO - 23/01/30 17:46:45 INFO SecurityManager: Changing modify acls to: default
[2023-01-30T17:46:45.653+0000] {spark_submit.py:495} INFO - 23/01/30 17:46:45 INFO SecurityManager: Changing view acls groups to:
[2023-01-30T17:46:45.654+0000] {spark_submit.py:495} INFO - 23/01/30 17:46:45 INFO SecurityManager: Changing modify acls groups to:
[2023-01-30T17:46:45.654+0000] {spark_submit.py:495} INFO - 23/01/30 17:46:45 INFO SecurityManager: SecurityManager: authentication disabled; ui acls disabled; users  with view permissions: Set(default); groups with view permissions: Set(); users  with modify permissions: Set(default); groups with modify permissions: Set()
[2023-01-30T17:46:45.836+0000] {spark_submit.py:495} INFO - 23/01/30 17:46:45 INFO Utils: Successfully started service 'sparkDriver' on port 34055.
[2023-01-30T17:46:45.857+0000] {spark_submit.py:495} INFO - 23/01/30 17:46:45 INFO SparkEnv: Registering MapOutputTracker
[2023-01-30T17:46:45.880+0000] {spark_submit.py:495} INFO - 23/01/30 17:46:45 INFO SparkEnv: Registering BlockManagerMaster
[2023-01-30T17:46:45.893+0000] {spark_submit.py:495} INFO - 23/01/30 17:46:45 INFO BlockManagerMasterEndpoint: Using org.apache.spark.storage.DefaultTopologyMapper for getting topology information
[2023-01-30T17:46:45.894+0000] {spark_submit.py:495} INFO - 23/01/30 17:46:45 INFO BlockManagerMasterEndpoint: BlockManagerMasterEndpoint up
[2023-01-30T17:46:45.896+0000] {spark_submit.py:495} INFO - 23/01/30 17:46:45 INFO SparkEnv: Registering BlockManagerMasterHeartbeat
[2023-01-30T17:46:45.913+0000] {spark_submit.py:495} INFO - 23/01/30 17:46:45 INFO DiskBlockManager: Created local directory at /tmp/blockmgr-2b8ff7f9-6f42-495c-b789-18864517a66c
[2023-01-30T17:46:45.926+0000] {spark_submit.py:495} INFO - 23/01/30 17:46:45 INFO MemoryStore: MemoryStore started with capacity 434.4 MiB
[2023-01-30T17:46:45.939+0000] {spark_submit.py:495} INFO - 23/01/30 17:46:45 INFO SparkEnv: Registering OutputCommitCoordinator
[2023-01-30T17:46:46.081+0000] {spark_submit.py:495} INFO - 23/01/30 17:46:46 WARN Utils: Service 'SparkUI' could not bind on port 4040. Attempting port 4041.
[2023-01-30T17:46:46.087+0000] {spark_submit.py:495} INFO - 23/01/30 17:46:46 INFO Utils: Successfully started service 'SparkUI' on port 4041.
[2023-01-30T17:46:46.125+0000] {spark_submit.py:495} INFO - 23/01/30 17:46:46 INFO SparkContext: Added JAR file:///home/***/.ivy2/jars/org.apache.spark_spark-sql-kafka-0-10_2.12-3.1.3.jar at spark://15c99fd3082a:34055/jars/org.apache.spark_spark-sql-kafka-0-10_2.12-3.1.3.jar with timestamp 1675100805553
[2023-01-30T17:46:46.125+0000] {spark_submit.py:495} INFO - 23/01/30 17:46:46 INFO SparkContext: Added JAR file:///home/***/.ivy2/jars/org.mongodb.spark_mongo-spark-connector_2.12-3.0.1.jar at spark://15c99fd3082a:34055/jars/org.mongodb.spark_mongo-spark-connector_2.12-3.0.1.jar with timestamp 1675100805553
[2023-01-30T17:46:46.126+0000] {spark_submit.py:495} INFO - 23/01/30 17:46:46 INFO SparkContext: Added JAR file:///home/***/.ivy2/jars/org.apache.spark_spark-token-provider-kafka-0-10_2.12-3.1.3.jar at spark://15c99fd3082a:34055/jars/org.apache.spark_spark-token-provider-kafka-0-10_2.12-3.1.3.jar with timestamp 1675100805553
[2023-01-30T17:46:46.126+0000] {spark_submit.py:495} INFO - 23/01/30 17:46:46 INFO SparkContext: Added JAR file:///home/***/.ivy2/jars/org.apache.kafka_kafka-clients-2.6.0.jar at spark://15c99fd3082a:34055/jars/org.apache.kafka_kafka-clients-2.6.0.jar with timestamp 1675100805553
[2023-01-30T17:46:46.126+0000] {spark_submit.py:495} INFO - 23/01/30 17:46:46 INFO SparkContext: Added JAR file:///home/***/.ivy2/jars/org.apache.commons_commons-pool2-2.6.2.jar at spark://15c99fd3082a:34055/jars/org.apache.commons_commons-pool2-2.6.2.jar with timestamp 1675100805553
[2023-01-30T17:46:46.126+0000] {spark_submit.py:495} INFO - 23/01/30 17:46:46 INFO SparkContext: Added JAR file:///home/***/.ivy2/jars/org.spark-project.spark_unused-1.0.0.jar at spark://15c99fd3082a:34055/jars/org.spark-project.spark_unused-1.0.0.jar with timestamp 1675100805553
[2023-01-30T17:46:46.126+0000] {spark_submit.py:495} INFO - 23/01/30 17:46:46 INFO SparkContext: Added JAR file:///home/***/.ivy2/jars/com.github.luben_zstd-jni-1.4.8-1.jar at spark://15c99fd3082a:34055/jars/com.github.luben_zstd-jni-1.4.8-1.jar with timestamp 1675100805553
[2023-01-30T17:46:46.126+0000] {spark_submit.py:495} INFO - 23/01/30 17:46:46 INFO SparkContext: Added JAR file:///home/***/.ivy2/jars/org.lz4_lz4-java-1.7.1.jar at spark://15c99fd3082a:34055/jars/org.lz4_lz4-java-1.7.1.jar with timestamp 1675100805553
[2023-01-30T17:46:46.127+0000] {spark_submit.py:495} INFO - 23/01/30 17:46:46 INFO SparkContext: Added JAR file:///home/***/.ivy2/jars/org.xerial.snappy_snappy-java-1.1.8.2.jar at spark://15c99fd3082a:34055/jars/org.xerial.snappy_snappy-java-1.1.8.2.jar with timestamp 1675100805553
[2023-01-30T17:46:46.127+0000] {spark_submit.py:495} INFO - 23/01/30 17:46:46 INFO SparkContext: Added JAR file:///home/***/.ivy2/jars/org.slf4j_slf4j-api-1.7.30.jar at spark://15c99fd3082a:34055/jars/org.slf4j_slf4j-api-1.7.30.jar with timestamp 1675100805553
[2023-01-30T17:46:46.127+0000] {spark_submit.py:495} INFO - 23/01/30 17:46:46 INFO SparkContext: Added JAR file:///home/***/.ivy2/jars/org.mongodb_mongodb-driver-sync-4.0.5.jar at spark://15c99fd3082a:34055/jars/org.mongodb_mongodb-driver-sync-4.0.5.jar with timestamp 1675100805553
[2023-01-30T17:46:46.127+0000] {spark_submit.py:495} INFO - 23/01/30 17:46:46 INFO SparkContext: Added JAR file:///home/***/.ivy2/jars/org.mongodb_bson-4.0.5.jar at spark://15c99fd3082a:34055/jars/org.mongodb_bson-4.0.5.jar with timestamp 1675100805553
[2023-01-30T17:46:46.127+0000] {spark_submit.py:495} INFO - 23/01/30 17:46:46 INFO SparkContext: Added JAR file:///home/***/.ivy2/jars/org.mongodb_mongodb-driver-core-4.0.5.jar at spark://15c99fd3082a:34055/jars/org.mongodb_mongodb-driver-core-4.0.5.jar with timestamp 1675100805553
[2023-01-30T17:46:46.129+0000] {spark_submit.py:495} INFO - 23/01/30 17:46:46 INFO SparkContext: Added file file:///home/***/.ivy2/jars/org.apache.spark_spark-sql-kafka-0-10_2.12-3.1.3.jar at file:///home/***/.ivy2/jars/org.apache.spark_spark-sql-kafka-0-10_2.12-3.1.3.jar with timestamp 1675100805553
[2023-01-30T17:46:46.130+0000] {spark_submit.py:495} INFO - 23/01/30 17:46:46 INFO Utils: Copying /home/***/.ivy2/jars/org.apache.spark_spark-sql-kafka-0-10_2.12-3.1.3.jar to /tmp/spark-c07399d7-3d85-4421-8d38-6b4d68e6bea6/userFiles-901f2299-aa92-491e-ae61-3a416b61a8c9/org.apache.spark_spark-sql-kafka-0-10_2.12-3.1.3.jar
[2023-01-30T17:46:46.145+0000] {spark_submit.py:495} INFO - 23/01/30 17:46:46 INFO SparkContext: Added file file:///home/***/.ivy2/jars/org.mongodb.spark_mongo-spark-connector_2.12-3.0.1.jar at file:///home/***/.ivy2/jars/org.mongodb.spark_mongo-spark-connector_2.12-3.0.1.jar with timestamp 1675100805553
[2023-01-30T17:46:46.145+0000] {spark_submit.py:495} INFO - 23/01/30 17:46:46 INFO Utils: Copying /home/***/.ivy2/jars/org.mongodb.spark_mongo-spark-connector_2.12-3.0.1.jar to /tmp/spark-c07399d7-3d85-4421-8d38-6b4d68e6bea6/userFiles-901f2299-aa92-491e-ae61-3a416b61a8c9/org.mongodb.spark_mongo-spark-connector_2.12-3.0.1.jar
[2023-01-30T17:46:46.157+0000] {spark_submit.py:495} INFO - 23/01/30 17:46:46 INFO SparkContext: Added file file:///home/***/.ivy2/jars/org.apache.spark_spark-token-provider-kafka-0-10_2.12-3.1.3.jar at file:///home/***/.ivy2/jars/org.apache.spark_spark-token-provider-kafka-0-10_2.12-3.1.3.jar with timestamp 1675100805553
[2023-01-30T17:46:46.157+0000] {spark_submit.py:495} INFO - 23/01/30 17:46:46 INFO Utils: Copying /home/***/.ivy2/jars/org.apache.spark_spark-token-provider-kafka-0-10_2.12-3.1.3.jar to /tmp/spark-c07399d7-3d85-4421-8d38-6b4d68e6bea6/userFiles-901f2299-aa92-491e-ae61-3a416b61a8c9/org.apache.spark_spark-token-provider-kafka-0-10_2.12-3.1.3.jar
[2023-01-30T17:46:46.161+0000] {spark_submit.py:495} INFO - 23/01/30 17:46:46 INFO SparkContext: Added file file:///home/***/.ivy2/jars/org.apache.kafka_kafka-clients-2.6.0.jar at file:///home/***/.ivy2/jars/org.apache.kafka_kafka-clients-2.6.0.jar with timestamp 1675100805553
[2023-01-30T17:46:46.161+0000] {spark_submit.py:495} INFO - 23/01/30 17:46:46 INFO Utils: Copying /home/***/.ivy2/jars/org.apache.kafka_kafka-clients-2.6.0.jar to /tmp/spark-c07399d7-3d85-4421-8d38-6b4d68e6bea6/userFiles-901f2299-aa92-491e-ae61-3a416b61a8c9/org.apache.kafka_kafka-clients-2.6.0.jar
[2023-01-30T17:46:46.173+0000] {spark_submit.py:495} INFO - 23/01/30 17:46:46 INFO SparkContext: Added file file:///home/***/.ivy2/jars/org.apache.commons_commons-pool2-2.6.2.jar at file:///home/***/.ivy2/jars/org.apache.commons_commons-pool2-2.6.2.jar with timestamp 1675100805553
[2023-01-30T17:46:46.173+0000] {spark_submit.py:495} INFO - 23/01/30 17:46:46 INFO Utils: Copying /home/***/.ivy2/jars/org.apache.commons_commons-pool2-2.6.2.jar to /tmp/spark-c07399d7-3d85-4421-8d38-6b4d68e6bea6/userFiles-901f2299-aa92-491e-ae61-3a416b61a8c9/org.apache.commons_commons-pool2-2.6.2.jar
[2023-01-30T17:46:46.182+0000] {spark_submit.py:495} INFO - 23/01/30 17:46:46 INFO SparkContext: Added file file:///home/***/.ivy2/jars/org.spark-project.spark_unused-1.0.0.jar at file:///home/***/.ivy2/jars/org.spark-project.spark_unused-1.0.0.jar with timestamp 1675100805553
[2023-01-30T17:46:46.183+0000] {spark_submit.py:495} INFO - 23/01/30 17:46:46 INFO Utils: Copying /home/***/.ivy2/jars/org.spark-project.spark_unused-1.0.0.jar to /tmp/spark-c07399d7-3d85-4421-8d38-6b4d68e6bea6/userFiles-901f2299-aa92-491e-ae61-3a416b61a8c9/org.spark-project.spark_unused-1.0.0.jar
[2023-01-30T17:46:46.190+0000] {spark_submit.py:495} INFO - 23/01/30 17:46:46 INFO SparkContext: Added file file:///home/***/.ivy2/jars/com.github.luben_zstd-jni-1.4.8-1.jar at file:///home/***/.ivy2/jars/com.github.luben_zstd-jni-1.4.8-1.jar with timestamp 1675100805553
[2023-01-30T17:46:46.190+0000] {spark_submit.py:495} INFO - 23/01/30 17:46:46 INFO Utils: Copying /home/***/.ivy2/jars/com.github.luben_zstd-jni-1.4.8-1.jar to /tmp/spark-c07399d7-3d85-4421-8d38-6b4d68e6bea6/userFiles-901f2299-aa92-491e-ae61-3a416b61a8c9/com.github.luben_zstd-jni-1.4.8-1.jar
[2023-01-30T17:46:46.203+0000] {spark_submit.py:495} INFO - 23/01/30 17:46:46 INFO SparkContext: Added file file:///home/***/.ivy2/jars/org.lz4_lz4-java-1.7.1.jar at file:///home/***/.ivy2/jars/org.lz4_lz4-java-1.7.1.jar with timestamp 1675100805553
[2023-01-30T17:46:46.203+0000] {spark_submit.py:495} INFO - 23/01/30 17:46:46 INFO Utils: Copying /home/***/.ivy2/jars/org.lz4_lz4-java-1.7.1.jar to /tmp/spark-c07399d7-3d85-4421-8d38-6b4d68e6bea6/userFiles-901f2299-aa92-491e-ae61-3a416b61a8c9/org.lz4_lz4-java-1.7.1.jar
[2023-01-30T17:46:46.206+0000] {spark_submit.py:495} INFO - 23/01/30 17:46:46 INFO SparkContext: Added file file:///home/***/.ivy2/jars/org.xerial.snappy_snappy-java-1.1.8.2.jar at file:///home/***/.ivy2/jars/org.xerial.snappy_snappy-java-1.1.8.2.jar with timestamp 1675100805553
[2023-01-30T17:46:46.207+0000] {spark_submit.py:495} INFO - 23/01/30 17:46:46 INFO Utils: Copying /home/***/.ivy2/jars/org.xerial.snappy_snappy-java-1.1.8.2.jar to /tmp/spark-c07399d7-3d85-4421-8d38-6b4d68e6bea6/userFiles-901f2299-aa92-491e-ae61-3a416b61a8c9/org.xerial.snappy_snappy-java-1.1.8.2.jar
[2023-01-30T17:46:46.213+0000] {spark_submit.py:495} INFO - 23/01/30 17:46:46 INFO SparkContext: Added file file:///home/***/.ivy2/jars/org.slf4j_slf4j-api-1.7.30.jar at file:///home/***/.ivy2/jars/org.slf4j_slf4j-api-1.7.30.jar with timestamp 1675100805553
[2023-01-30T17:46:46.213+0000] {spark_submit.py:495} INFO - 23/01/30 17:46:46 INFO Utils: Copying /home/***/.ivy2/jars/org.slf4j_slf4j-api-1.7.30.jar to /tmp/spark-c07399d7-3d85-4421-8d38-6b4d68e6bea6/userFiles-901f2299-aa92-491e-ae61-3a416b61a8c9/org.slf4j_slf4j-api-1.7.30.jar
[2023-01-30T17:46:46.217+0000] {spark_submit.py:495} INFO - 23/01/30 17:46:46 INFO SparkContext: Added file file:///home/***/.ivy2/jars/org.mongodb_mongodb-driver-sync-4.0.5.jar at file:///home/***/.ivy2/jars/org.mongodb_mongodb-driver-sync-4.0.5.jar with timestamp 1675100805553
[2023-01-30T17:46:46.218+0000] {spark_submit.py:495} INFO - 23/01/30 17:46:46 INFO Utils: Copying /home/***/.ivy2/jars/org.mongodb_mongodb-driver-sync-4.0.5.jar to /tmp/spark-c07399d7-3d85-4421-8d38-6b4d68e6bea6/userFiles-901f2299-aa92-491e-ae61-3a416b61a8c9/org.mongodb_mongodb-driver-sync-4.0.5.jar
[2023-01-30T17:46:46.225+0000] {spark_submit.py:495} INFO - 23/01/30 17:46:46 INFO SparkContext: Added file file:///home/***/.ivy2/jars/org.mongodb_bson-4.0.5.jar at file:///home/***/.ivy2/jars/org.mongodb_bson-4.0.5.jar with timestamp 1675100805553
[2023-01-30T17:46:46.225+0000] {spark_submit.py:495} INFO - 23/01/30 17:46:46 INFO Utils: Copying /home/***/.ivy2/jars/org.mongodb_bson-4.0.5.jar to /tmp/spark-c07399d7-3d85-4421-8d38-6b4d68e6bea6/userFiles-901f2299-aa92-491e-ae61-3a416b61a8c9/org.mongodb_bson-4.0.5.jar
[2023-01-30T17:46:46.232+0000] {spark_submit.py:495} INFO - 23/01/30 17:46:46 INFO SparkContext: Added file file:///home/***/.ivy2/jars/org.mongodb_mongodb-driver-core-4.0.5.jar at file:///home/***/.ivy2/jars/org.mongodb_mongodb-driver-core-4.0.5.jar with timestamp 1675100805553
[2023-01-30T17:46:46.233+0000] {spark_submit.py:495} INFO - 23/01/30 17:46:46 INFO Utils: Copying /home/***/.ivy2/jars/org.mongodb_mongodb-driver-core-4.0.5.jar to /tmp/spark-c07399d7-3d85-4421-8d38-6b4d68e6bea6/userFiles-901f2299-aa92-491e-ae61-3a416b61a8c9/org.mongodb_mongodb-driver-core-4.0.5.jar
[2023-01-30T17:46:46.308+0000] {spark_submit.py:495} INFO - 23/01/30 17:46:46 INFO Executor: Starting executor ID driver on host 15c99fd3082a
[2023-01-30T17:46:46.313+0000] {spark_submit.py:495} INFO - 23/01/30 17:46:46 INFO Executor: Starting executor with user classpath (userClassPathFirst = false): ''
[2023-01-30T17:46:46.323+0000] {spark_submit.py:495} INFO - 23/01/30 17:46:46 INFO Executor: Fetching file:///home/***/.ivy2/jars/org.apache.spark_spark-token-provider-kafka-0-10_2.12-3.1.3.jar with timestamp 1675100805553
[2023-01-30T17:46:46.340+0000] {spark_submit.py:495} INFO - 23/01/30 17:46:46 INFO Utils: /home/***/.ivy2/jars/org.apache.spark_spark-token-provider-kafka-0-10_2.12-3.1.3.jar has been previously copied to /tmp/spark-c07399d7-3d85-4421-8d38-6b4d68e6bea6/userFiles-901f2299-aa92-491e-ae61-3a416b61a8c9/org.apache.spark_spark-token-provider-kafka-0-10_2.12-3.1.3.jar
[2023-01-30T17:46:46.343+0000] {spark_submit.py:495} INFO - 23/01/30 17:46:46 INFO Executor: Fetching file:///home/***/.ivy2/jars/org.mongodb_mongodb-driver-sync-4.0.5.jar with timestamp 1675100805553
[2023-01-30T17:46:46.345+0000] {spark_submit.py:495} INFO - 23/01/30 17:46:46 INFO Utils: /home/***/.ivy2/jars/org.mongodb_mongodb-driver-sync-4.0.5.jar has been previously copied to /tmp/spark-c07399d7-3d85-4421-8d38-6b4d68e6bea6/userFiles-901f2299-aa92-491e-ae61-3a416b61a8c9/org.mongodb_mongodb-driver-sync-4.0.5.jar
[2023-01-30T17:46:46.348+0000] {spark_submit.py:495} INFO - 23/01/30 17:46:46 INFO Executor: Fetching file:///home/***/.ivy2/jars/org.apache.kafka_kafka-clients-2.6.0.jar with timestamp 1675100805553
[2023-01-30T17:46:46.355+0000] {spark_submit.py:495} INFO - 23/01/30 17:46:46 INFO Utils: /home/***/.ivy2/jars/org.apache.kafka_kafka-clients-2.6.0.jar has been previously copied to /tmp/spark-c07399d7-3d85-4421-8d38-6b4d68e6bea6/userFiles-901f2299-aa92-491e-ae61-3a416b61a8c9/org.apache.kafka_kafka-clients-2.6.0.jar
[2023-01-30T17:46:46.357+0000] {spark_submit.py:495} INFO - 23/01/30 17:46:46 INFO Executor: Fetching file:///home/***/.ivy2/jars/org.mongodb_bson-4.0.5.jar with timestamp 1675100805553
[2023-01-30T17:46:46.358+0000] {spark_submit.py:495} INFO - 23/01/30 17:46:46 INFO Utils: /home/***/.ivy2/jars/org.mongodb_bson-4.0.5.jar has been previously copied to /tmp/spark-c07399d7-3d85-4421-8d38-6b4d68e6bea6/userFiles-901f2299-aa92-491e-ae61-3a416b61a8c9/org.mongodb_bson-4.0.5.jar
[2023-01-30T17:46:46.361+0000] {spark_submit.py:495} INFO - 23/01/30 17:46:46 INFO Executor: Fetching file:///home/***/.ivy2/jars/com.github.luben_zstd-jni-1.4.8-1.jar with timestamp 1675100805553
[2023-01-30T17:46:46.367+0000] {spark_submit.py:495} INFO - 23/01/30 17:46:46 INFO Utils: /home/***/.ivy2/jars/com.github.luben_zstd-jni-1.4.8-1.jar has been previously copied to /tmp/spark-c07399d7-3d85-4421-8d38-6b4d68e6bea6/userFiles-901f2299-aa92-491e-ae61-3a416b61a8c9/com.github.luben_zstd-jni-1.4.8-1.jar
[2023-01-30T17:46:46.373+0000] {spark_submit.py:495} INFO - 23/01/30 17:46:46 INFO Executor: Fetching file:///home/***/.ivy2/jars/org.lz4_lz4-java-1.7.1.jar with timestamp 1675100805553
[2023-01-30T17:46:46.374+0000] {spark_submit.py:495} INFO - 23/01/30 17:46:46 INFO Utils: /home/***/.ivy2/jars/org.lz4_lz4-java-1.7.1.jar has been previously copied to /tmp/spark-c07399d7-3d85-4421-8d38-6b4d68e6bea6/userFiles-901f2299-aa92-491e-ae61-3a416b61a8c9/org.lz4_lz4-java-1.7.1.jar
[2023-01-30T17:46:46.377+0000] {spark_submit.py:495} INFO - 23/01/30 17:46:46 INFO Executor: Fetching file:///home/***/.ivy2/jars/org.spark-project.spark_unused-1.0.0.jar with timestamp 1675100805553
[2023-01-30T17:46:46.377+0000] {spark_submit.py:495} INFO - 23/01/30 17:46:46 INFO Utils: /home/***/.ivy2/jars/org.spark-project.spark_unused-1.0.0.jar has been previously copied to /tmp/spark-c07399d7-3d85-4421-8d38-6b4d68e6bea6/userFiles-901f2299-aa92-491e-ae61-3a416b61a8c9/org.spark-project.spark_unused-1.0.0.jar
[2023-01-30T17:46:46.381+0000] {spark_submit.py:495} INFO - 23/01/30 17:46:46 INFO Executor: Fetching file:///home/***/.ivy2/jars/org.xerial.snappy_snappy-java-1.1.8.2.jar with timestamp 1675100805553
[2023-01-30T17:46:46.384+0000] {spark_submit.py:495} INFO - 23/01/30 17:46:46 INFO Utils: /home/***/.ivy2/jars/org.xerial.snappy_snappy-java-1.1.8.2.jar has been previously copied to /tmp/spark-c07399d7-3d85-4421-8d38-6b4d68e6bea6/userFiles-901f2299-aa92-491e-ae61-3a416b61a8c9/org.xerial.snappy_snappy-java-1.1.8.2.jar
[2023-01-30T17:46:46.389+0000] {spark_submit.py:495} INFO - 23/01/30 17:46:46 INFO Executor: Fetching file:///home/***/.ivy2/jars/org.mongodb_mongodb-driver-core-4.0.5.jar with timestamp 1675100805553
[2023-01-30T17:46:46.391+0000] {spark_submit.py:495} INFO - 23/01/30 17:46:46 INFO Utils: /home/***/.ivy2/jars/org.mongodb_mongodb-driver-core-4.0.5.jar has been previously copied to /tmp/spark-c07399d7-3d85-4421-8d38-6b4d68e6bea6/userFiles-901f2299-aa92-491e-ae61-3a416b61a8c9/org.mongodb_mongodb-driver-core-4.0.5.jar
[2023-01-30T17:46:46.395+0000] {spark_submit.py:495} INFO - 23/01/30 17:46:46 INFO Executor: Fetching file:///home/***/.ivy2/jars/org.apache.spark_spark-sql-kafka-0-10_2.12-3.1.3.jar with timestamp 1675100805553
[2023-01-30T17:46:46.404+0000] {spark_submit.py:495} INFO - 23/01/30 17:46:46 INFO Utils: /home/***/.ivy2/jars/org.apache.spark_spark-sql-kafka-0-10_2.12-3.1.3.jar has been previously copied to /tmp/spark-c07399d7-3d85-4421-8d38-6b4d68e6bea6/userFiles-901f2299-aa92-491e-ae61-3a416b61a8c9/org.apache.spark_spark-sql-kafka-0-10_2.12-3.1.3.jar
[2023-01-30T17:46:46.418+0000] {spark_submit.py:495} INFO - 23/01/30 17:46:46 INFO Executor: Fetching file:///home/***/.ivy2/jars/org.mongodb.spark_mongo-spark-connector_2.12-3.0.1.jar with timestamp 1675100805553
[2023-01-30T17:46:46.418+0000] {spark_submit.py:495} INFO - 23/01/30 17:46:46 INFO Utils: /home/***/.ivy2/jars/org.mongodb.spark_mongo-spark-connector_2.12-3.0.1.jar has been previously copied to /tmp/spark-c07399d7-3d85-4421-8d38-6b4d68e6bea6/userFiles-901f2299-aa92-491e-ae61-3a416b61a8c9/org.mongodb.spark_mongo-spark-connector_2.12-3.0.1.jar
[2023-01-30T17:46:46.421+0000] {spark_submit.py:495} INFO - 23/01/30 17:46:46 INFO Executor: Fetching file:///home/***/.ivy2/jars/org.apache.commons_commons-pool2-2.6.2.jar with timestamp 1675100805553
[2023-01-30T17:46:46.422+0000] {spark_submit.py:495} INFO - 23/01/30 17:46:46 INFO Utils: /home/***/.ivy2/jars/org.apache.commons_commons-pool2-2.6.2.jar has been previously copied to /tmp/spark-c07399d7-3d85-4421-8d38-6b4d68e6bea6/userFiles-901f2299-aa92-491e-ae61-3a416b61a8c9/org.apache.commons_commons-pool2-2.6.2.jar
[2023-01-30T17:46:46.425+0000] {spark_submit.py:495} INFO - 23/01/30 17:46:46 INFO Executor: Fetching file:///home/***/.ivy2/jars/org.slf4j_slf4j-api-1.7.30.jar with timestamp 1675100805553
[2023-01-30T17:46:46.426+0000] {spark_submit.py:495} INFO - 23/01/30 17:46:46 INFO Utils: /home/***/.ivy2/jars/org.slf4j_slf4j-api-1.7.30.jar has been previously copied to /tmp/spark-c07399d7-3d85-4421-8d38-6b4d68e6bea6/userFiles-901f2299-aa92-491e-ae61-3a416b61a8c9/org.slf4j_slf4j-api-1.7.30.jar
[2023-01-30T17:46:46.432+0000] {spark_submit.py:495} INFO - 23/01/30 17:46:46 INFO Executor: Fetching spark://15c99fd3082a:34055/jars/org.apache.kafka_kafka-clients-2.6.0.jar with timestamp 1675100805553
[2023-01-30T17:46:46.471+0000] {spark_submit.py:495} INFO - 23/01/30 17:46:46 INFO TransportClientFactory: Successfully created connection to 15c99fd3082a/172.20.0.7:34055 after 30 ms (0 ms spent in bootstraps)
[2023-01-30T17:46:46.475+0000] {spark_submit.py:495} INFO - 23/01/30 17:46:46 INFO Utils: Fetching spark://15c99fd3082a:34055/jars/org.apache.kafka_kafka-clients-2.6.0.jar to /tmp/spark-c07399d7-3d85-4421-8d38-6b4d68e6bea6/userFiles-901f2299-aa92-491e-ae61-3a416b61a8c9/fetchFileTemp1362502956167558136.tmp
[2023-01-30T17:46:46.536+0000] {spark_submit.py:495} INFO - 23/01/30 17:46:46 INFO Utils: /tmp/spark-c07399d7-3d85-4421-8d38-6b4d68e6bea6/userFiles-901f2299-aa92-491e-ae61-3a416b61a8c9/fetchFileTemp1362502956167558136.tmp has been previously copied to /tmp/spark-c07399d7-3d85-4421-8d38-6b4d68e6bea6/userFiles-901f2299-aa92-491e-ae61-3a416b61a8c9/org.apache.kafka_kafka-clients-2.6.0.jar
[2023-01-30T17:46:46.541+0000] {spark_submit.py:495} INFO - 23/01/30 17:46:46 INFO Executor: Adding file:/tmp/spark-c07399d7-3d85-4421-8d38-6b4d68e6bea6/userFiles-901f2299-aa92-491e-ae61-3a416b61a8c9/org.apache.kafka_kafka-clients-2.6.0.jar to class loader
[2023-01-30T17:46:46.541+0000] {spark_submit.py:495} INFO - 23/01/30 17:46:46 INFO Executor: Fetching spark://15c99fd3082a:34055/jars/org.spark-project.spark_unused-1.0.0.jar with timestamp 1675100805553
[2023-01-30T17:46:46.542+0000] {spark_submit.py:495} INFO - 23/01/30 17:46:46 INFO Utils: Fetching spark://15c99fd3082a:34055/jars/org.spark-project.spark_unused-1.0.0.jar to /tmp/spark-c07399d7-3d85-4421-8d38-6b4d68e6bea6/userFiles-901f2299-aa92-491e-ae61-3a416b61a8c9/fetchFileTemp5200666517537509655.tmp
[2023-01-30T17:46:46.544+0000] {spark_submit.py:495} INFO - 23/01/30 17:46:46 INFO Utils: /tmp/spark-c07399d7-3d85-4421-8d38-6b4d68e6bea6/userFiles-901f2299-aa92-491e-ae61-3a416b61a8c9/fetchFileTemp5200666517537509655.tmp has been previously copied to /tmp/spark-c07399d7-3d85-4421-8d38-6b4d68e6bea6/userFiles-901f2299-aa92-491e-ae61-3a416b61a8c9/org.spark-project.spark_unused-1.0.0.jar
[2023-01-30T17:46:46.550+0000] {spark_submit.py:495} INFO - 23/01/30 17:46:46 INFO Executor: Adding file:/tmp/spark-c07399d7-3d85-4421-8d38-6b4d68e6bea6/userFiles-901f2299-aa92-491e-ae61-3a416b61a8c9/org.spark-project.spark_unused-1.0.0.jar to class loader
[2023-01-30T17:46:46.551+0000] {spark_submit.py:495} INFO - 23/01/30 17:46:46 INFO Executor: Fetching spark://15c99fd3082a:34055/jars/org.apache.spark_spark-sql-kafka-0-10_2.12-3.1.3.jar with timestamp 1675100805553
[2023-01-30T17:46:46.551+0000] {spark_submit.py:495} INFO - 23/01/30 17:46:46 INFO Utils: Fetching spark://15c99fd3082a:34055/jars/org.apache.spark_spark-sql-kafka-0-10_2.12-3.1.3.jar to /tmp/spark-c07399d7-3d85-4421-8d38-6b4d68e6bea6/userFiles-901f2299-aa92-491e-ae61-3a416b61a8c9/fetchFileTemp5967644409154264150.tmp
[2023-01-30T17:46:46.556+0000] {spark_submit.py:495} INFO - 23/01/30 17:46:46 INFO Utils: /tmp/spark-c07399d7-3d85-4421-8d38-6b4d68e6bea6/userFiles-901f2299-aa92-491e-ae61-3a416b61a8c9/fetchFileTemp5967644409154264150.tmp has been previously copied to /tmp/spark-c07399d7-3d85-4421-8d38-6b4d68e6bea6/userFiles-901f2299-aa92-491e-ae61-3a416b61a8c9/org.apache.spark_spark-sql-kafka-0-10_2.12-3.1.3.jar
[2023-01-30T17:46:46.562+0000] {spark_submit.py:495} INFO - 23/01/30 17:46:46 INFO Executor: Adding file:/tmp/spark-c07399d7-3d85-4421-8d38-6b4d68e6bea6/userFiles-901f2299-aa92-491e-ae61-3a416b61a8c9/org.apache.spark_spark-sql-kafka-0-10_2.12-3.1.3.jar to class loader
[2023-01-30T17:46:46.562+0000] {spark_submit.py:495} INFO - 23/01/30 17:46:46 INFO Executor: Fetching spark://15c99fd3082a:34055/jars/org.lz4_lz4-java-1.7.1.jar with timestamp 1675100805553
[2023-01-30T17:46:46.564+0000] {spark_submit.py:495} INFO - 23/01/30 17:46:46 INFO Utils: Fetching spark://15c99fd3082a:34055/jars/org.lz4_lz4-java-1.7.1.jar to /tmp/spark-c07399d7-3d85-4421-8d38-6b4d68e6bea6/userFiles-901f2299-aa92-491e-ae61-3a416b61a8c9/fetchFileTemp10304699986377653131.tmp
[2023-01-30T17:46:46.566+0000] {spark_submit.py:495} INFO - 23/01/30 17:46:46 INFO Utils: /tmp/spark-c07399d7-3d85-4421-8d38-6b4d68e6bea6/userFiles-901f2299-aa92-491e-ae61-3a416b61a8c9/fetchFileTemp10304699986377653131.tmp has been previously copied to /tmp/spark-c07399d7-3d85-4421-8d38-6b4d68e6bea6/userFiles-901f2299-aa92-491e-ae61-3a416b61a8c9/org.lz4_lz4-java-1.7.1.jar
[2023-01-30T17:46:46.570+0000] {spark_submit.py:495} INFO - 23/01/30 17:46:46 INFO Executor: Adding file:/tmp/spark-c07399d7-3d85-4421-8d38-6b4d68e6bea6/userFiles-901f2299-aa92-491e-ae61-3a416b61a8c9/org.lz4_lz4-java-1.7.1.jar to class loader
[2023-01-30T17:46:46.570+0000] {spark_submit.py:495} INFO - 23/01/30 17:46:46 INFO Executor: Fetching spark://15c99fd3082a:34055/jars/org.mongodb_mongodb-driver-sync-4.0.5.jar with timestamp 1675100805553
[2023-01-30T17:46:46.572+0000] {spark_submit.py:495} INFO - 23/01/30 17:46:46 INFO Utils: Fetching spark://15c99fd3082a:34055/jars/org.mongodb_mongodb-driver-sync-4.0.5.jar to /tmp/spark-c07399d7-3d85-4421-8d38-6b4d68e6bea6/userFiles-901f2299-aa92-491e-ae61-3a416b61a8c9/fetchFileTemp6786154719180473635.tmp
[2023-01-30T17:46:46.573+0000] {spark_submit.py:495} INFO - 23/01/30 17:46:46 INFO Utils: /tmp/spark-c07399d7-3d85-4421-8d38-6b4d68e6bea6/userFiles-901f2299-aa92-491e-ae61-3a416b61a8c9/fetchFileTemp6786154719180473635.tmp has been previously copied to /tmp/spark-c07399d7-3d85-4421-8d38-6b4d68e6bea6/userFiles-901f2299-aa92-491e-ae61-3a416b61a8c9/org.mongodb_mongodb-driver-sync-4.0.5.jar
[2023-01-30T17:46:46.577+0000] {spark_submit.py:495} INFO - 23/01/30 17:46:46 INFO Executor: Adding file:/tmp/spark-c07399d7-3d85-4421-8d38-6b4d68e6bea6/userFiles-901f2299-aa92-491e-ae61-3a416b61a8c9/org.mongodb_mongodb-driver-sync-4.0.5.jar to class loader
[2023-01-30T17:46:46.577+0000] {spark_submit.py:495} INFO - 23/01/30 17:46:46 INFO Executor: Fetching spark://15c99fd3082a:34055/jars/org.apache.commons_commons-pool2-2.6.2.jar with timestamp 1675100805553
[2023-01-30T17:46:46.579+0000] {spark_submit.py:495} INFO - 23/01/30 17:46:46 INFO Utils: Fetching spark://15c99fd3082a:34055/jars/org.apache.commons_commons-pool2-2.6.2.jar to /tmp/spark-c07399d7-3d85-4421-8d38-6b4d68e6bea6/userFiles-901f2299-aa92-491e-ae61-3a416b61a8c9/fetchFileTemp14363906873515725295.tmp
[2023-01-30T17:46:46.579+0000] {spark_submit.py:495} INFO - 23/01/30 17:46:46 INFO Utils: /tmp/spark-c07399d7-3d85-4421-8d38-6b4d68e6bea6/userFiles-901f2299-aa92-491e-ae61-3a416b61a8c9/fetchFileTemp14363906873515725295.tmp has been previously copied to /tmp/spark-c07399d7-3d85-4421-8d38-6b4d68e6bea6/userFiles-901f2299-aa92-491e-ae61-3a416b61a8c9/org.apache.commons_commons-pool2-2.6.2.jar
[2023-01-30T17:46:46.582+0000] {spark_submit.py:495} INFO - 23/01/30 17:46:46 INFO Executor: Adding file:/tmp/spark-c07399d7-3d85-4421-8d38-6b4d68e6bea6/userFiles-901f2299-aa92-491e-ae61-3a416b61a8c9/org.apache.commons_commons-pool2-2.6.2.jar to class loader
[2023-01-30T17:46:46.583+0000] {spark_submit.py:495} INFO - 23/01/30 17:46:46 INFO Executor: Fetching spark://15c99fd3082a:34055/jars/org.apache.spark_spark-token-provider-kafka-0-10_2.12-3.1.3.jar with timestamp 1675100805553
[2023-01-30T17:46:46.583+0000] {spark_submit.py:495} INFO - 23/01/30 17:46:46 INFO Utils: Fetching spark://15c99fd3082a:34055/jars/org.apache.spark_spark-token-provider-kafka-0-10_2.12-3.1.3.jar to /tmp/spark-c07399d7-3d85-4421-8d38-6b4d68e6bea6/userFiles-901f2299-aa92-491e-ae61-3a416b61a8c9/fetchFileTemp13302431604336486519.tmp
[2023-01-30T17:46:46.585+0000] {spark_submit.py:495} INFO - 23/01/30 17:46:46 INFO Utils: /tmp/spark-c07399d7-3d85-4421-8d38-6b4d68e6bea6/userFiles-901f2299-aa92-491e-ae61-3a416b61a8c9/fetchFileTemp13302431604336486519.tmp has been previously copied to /tmp/spark-c07399d7-3d85-4421-8d38-6b4d68e6bea6/userFiles-901f2299-aa92-491e-ae61-3a416b61a8c9/org.apache.spark_spark-token-provider-kafka-0-10_2.12-3.1.3.jar
[2023-01-30T17:46:46.588+0000] {spark_submit.py:495} INFO - 23/01/30 17:46:46 INFO Executor: Adding file:/tmp/spark-c07399d7-3d85-4421-8d38-6b4d68e6bea6/userFiles-901f2299-aa92-491e-ae61-3a416b61a8c9/org.apache.spark_spark-token-provider-kafka-0-10_2.12-3.1.3.jar to class loader
[2023-01-30T17:46:46.588+0000] {spark_submit.py:495} INFO - 23/01/30 17:46:46 INFO Executor: Fetching spark://15c99fd3082a:34055/jars/org.mongodb.spark_mongo-spark-connector_2.12-3.0.1.jar with timestamp 1675100805553
[2023-01-30T17:46:46.588+0000] {spark_submit.py:495} INFO - 23/01/30 17:46:46 INFO Utils: Fetching spark://15c99fd3082a:34055/jars/org.mongodb.spark_mongo-spark-connector_2.12-3.0.1.jar to /tmp/spark-c07399d7-3d85-4421-8d38-6b4d68e6bea6/userFiles-901f2299-aa92-491e-ae61-3a416b61a8c9/fetchFileTemp17506775789639434854.tmp
[2023-01-30T17:46:46.591+0000] {spark_submit.py:495} INFO - 23/01/30 17:46:46 INFO Utils: /tmp/spark-c07399d7-3d85-4421-8d38-6b4d68e6bea6/userFiles-901f2299-aa92-491e-ae61-3a416b61a8c9/fetchFileTemp17506775789639434854.tmp has been previously copied to /tmp/spark-c07399d7-3d85-4421-8d38-6b4d68e6bea6/userFiles-901f2299-aa92-491e-ae61-3a416b61a8c9/org.mongodb.spark_mongo-spark-connector_2.12-3.0.1.jar
[2023-01-30T17:46:46.594+0000] {spark_submit.py:495} INFO - 23/01/30 17:46:46 INFO Executor: Adding file:/tmp/spark-c07399d7-3d85-4421-8d38-6b4d68e6bea6/userFiles-901f2299-aa92-491e-ae61-3a416b61a8c9/org.mongodb.spark_mongo-spark-connector_2.12-3.0.1.jar to class loader
[2023-01-30T17:46:46.595+0000] {spark_submit.py:495} INFO - 23/01/30 17:46:46 INFO Executor: Fetching spark://15c99fd3082a:34055/jars/org.xerial.snappy_snappy-java-1.1.8.2.jar with timestamp 1675100805553
[2023-01-30T17:46:46.596+0000] {spark_submit.py:495} INFO - 23/01/30 17:46:46 INFO Utils: Fetching spark://15c99fd3082a:34055/jars/org.xerial.snappy_snappy-java-1.1.8.2.jar to /tmp/spark-c07399d7-3d85-4421-8d38-6b4d68e6bea6/userFiles-901f2299-aa92-491e-ae61-3a416b61a8c9/fetchFileTemp16598991329219711995.tmp
[2023-01-30T17:46:46.601+0000] {spark_submit.py:495} INFO - 23/01/30 17:46:46 INFO Utils: /tmp/spark-c07399d7-3d85-4421-8d38-6b4d68e6bea6/userFiles-901f2299-aa92-491e-ae61-3a416b61a8c9/fetchFileTemp16598991329219711995.tmp has been previously copied to /tmp/spark-c07399d7-3d85-4421-8d38-6b4d68e6bea6/userFiles-901f2299-aa92-491e-ae61-3a416b61a8c9/org.xerial.snappy_snappy-java-1.1.8.2.jar
[2023-01-30T17:46:46.607+0000] {spark_submit.py:495} INFO - 23/01/30 17:46:46 INFO Executor: Adding file:/tmp/spark-c07399d7-3d85-4421-8d38-6b4d68e6bea6/userFiles-901f2299-aa92-491e-ae61-3a416b61a8c9/org.xerial.snappy_snappy-java-1.1.8.2.jar to class loader
[2023-01-30T17:46:46.608+0000] {spark_submit.py:495} INFO - 23/01/30 17:46:46 INFO Executor: Fetching spark://15c99fd3082a:34055/jars/org.mongodb_mongodb-driver-core-4.0.5.jar with timestamp 1675100805553
[2023-01-30T17:46:46.608+0000] {spark_submit.py:495} INFO - 23/01/30 17:46:46 INFO Utils: Fetching spark://15c99fd3082a:34055/jars/org.mongodb_mongodb-driver-core-4.0.5.jar to /tmp/spark-c07399d7-3d85-4421-8d38-6b4d68e6bea6/userFiles-901f2299-aa92-491e-ae61-3a416b61a8c9/fetchFileTemp12637750463880072850.tmp
[2023-01-30T17:46:46.614+0000] {spark_submit.py:495} INFO - 23/01/30 17:46:46 INFO Utils: /tmp/spark-c07399d7-3d85-4421-8d38-6b4d68e6bea6/userFiles-901f2299-aa92-491e-ae61-3a416b61a8c9/fetchFileTemp12637750463880072850.tmp has been previously copied to /tmp/spark-c07399d7-3d85-4421-8d38-6b4d68e6bea6/userFiles-901f2299-aa92-491e-ae61-3a416b61a8c9/org.mongodb_mongodb-driver-core-4.0.5.jar
[2023-01-30T17:46:46.619+0000] {spark_submit.py:495} INFO - 23/01/30 17:46:46 INFO Executor: Adding file:/tmp/spark-c07399d7-3d85-4421-8d38-6b4d68e6bea6/userFiles-901f2299-aa92-491e-ae61-3a416b61a8c9/org.mongodb_mongodb-driver-core-4.0.5.jar to class loader
[2023-01-30T17:46:46.619+0000] {spark_submit.py:495} INFO - 23/01/30 17:46:46 INFO Executor: Fetching spark://15c99fd3082a:34055/jars/org.mongodb_bson-4.0.5.jar with timestamp 1675100805553
[2023-01-30T17:46:46.619+0000] {spark_submit.py:495} INFO - 23/01/30 17:46:46 INFO Utils: Fetching spark://15c99fd3082a:34055/jars/org.mongodb_bson-4.0.5.jar to /tmp/spark-c07399d7-3d85-4421-8d38-6b4d68e6bea6/userFiles-901f2299-aa92-491e-ae61-3a416b61a8c9/fetchFileTemp12742599097080106049.tmp
[2023-01-30T17:46:46.622+0000] {spark_submit.py:495} INFO - 23/01/30 17:46:46 INFO Utils: /tmp/spark-c07399d7-3d85-4421-8d38-6b4d68e6bea6/userFiles-901f2299-aa92-491e-ae61-3a416b61a8c9/fetchFileTemp12742599097080106049.tmp has been previously copied to /tmp/spark-c07399d7-3d85-4421-8d38-6b4d68e6bea6/userFiles-901f2299-aa92-491e-ae61-3a416b61a8c9/org.mongodb_bson-4.0.5.jar
[2023-01-30T17:46:46.625+0000] {spark_submit.py:495} INFO - 23/01/30 17:46:46 INFO Executor: Adding file:/tmp/spark-c07399d7-3d85-4421-8d38-6b4d68e6bea6/userFiles-901f2299-aa92-491e-ae61-3a416b61a8c9/org.mongodb_bson-4.0.5.jar to class loader
[2023-01-30T17:46:46.625+0000] {spark_submit.py:495} INFO - 23/01/30 17:46:46 INFO Executor: Fetching spark://15c99fd3082a:34055/jars/org.slf4j_slf4j-api-1.7.30.jar with timestamp 1675100805553
[2023-01-30T17:46:46.626+0000] {spark_submit.py:495} INFO - 23/01/30 17:46:46 INFO Utils: Fetching spark://15c99fd3082a:34055/jars/org.slf4j_slf4j-api-1.7.30.jar to /tmp/spark-c07399d7-3d85-4421-8d38-6b4d68e6bea6/userFiles-901f2299-aa92-491e-ae61-3a416b61a8c9/fetchFileTemp5254378827408220026.tmp
[2023-01-30T17:46:46.627+0000] {spark_submit.py:495} INFO - 23/01/30 17:46:46 INFO Utils: /tmp/spark-c07399d7-3d85-4421-8d38-6b4d68e6bea6/userFiles-901f2299-aa92-491e-ae61-3a416b61a8c9/fetchFileTemp5254378827408220026.tmp has been previously copied to /tmp/spark-c07399d7-3d85-4421-8d38-6b4d68e6bea6/userFiles-901f2299-aa92-491e-ae61-3a416b61a8c9/org.slf4j_slf4j-api-1.7.30.jar
[2023-01-30T17:46:46.629+0000] {spark_submit.py:495} INFO - 23/01/30 17:46:46 INFO Executor: Adding file:/tmp/spark-c07399d7-3d85-4421-8d38-6b4d68e6bea6/userFiles-901f2299-aa92-491e-ae61-3a416b61a8c9/org.slf4j_slf4j-api-1.7.30.jar to class loader
[2023-01-30T17:46:46.630+0000] {spark_submit.py:495} INFO - 23/01/30 17:46:46 INFO Executor: Fetching spark://15c99fd3082a:34055/jars/com.github.luben_zstd-jni-1.4.8-1.jar with timestamp 1675100805553
[2023-01-30T17:46:46.630+0000] {spark_submit.py:495} INFO - 23/01/30 17:46:46 INFO Utils: Fetching spark://15c99fd3082a:34055/jars/com.github.luben_zstd-jni-1.4.8-1.jar to /tmp/spark-c07399d7-3d85-4421-8d38-6b4d68e6bea6/userFiles-901f2299-aa92-491e-ae61-3a416b61a8c9/fetchFileTemp1969513670371711015.tmp
[2023-01-30T17:46:46.656+0000] {spark_submit.py:495} INFO - 23/01/30 17:46:46 INFO Utils: /tmp/spark-c07399d7-3d85-4421-8d38-6b4d68e6bea6/userFiles-901f2299-aa92-491e-ae61-3a416b61a8c9/fetchFileTemp1969513670371711015.tmp has been previously copied to /tmp/spark-c07399d7-3d85-4421-8d38-6b4d68e6bea6/userFiles-901f2299-aa92-491e-ae61-3a416b61a8c9/com.github.luben_zstd-jni-1.4.8-1.jar
[2023-01-30T17:46:46.661+0000] {spark_submit.py:495} INFO - 23/01/30 17:46:46 INFO Executor: Adding file:/tmp/spark-c07399d7-3d85-4421-8d38-6b4d68e6bea6/userFiles-901f2299-aa92-491e-ae61-3a416b61a8c9/com.github.luben_zstd-jni-1.4.8-1.jar to class loader
[2023-01-30T17:46:46.667+0000] {spark_submit.py:495} INFO - 23/01/30 17:46:46 INFO Utils: Successfully started service 'org.apache.spark.network.netty.NettyBlockTransferService' on port 41703.
[2023-01-30T17:46:46.667+0000] {spark_submit.py:495} INFO - 23/01/30 17:46:46 INFO NettyBlockTransferService: Server created on 15c99fd3082a:41703
[2023-01-30T17:46:46.668+0000] {spark_submit.py:495} INFO - 23/01/30 17:46:46 INFO BlockManager: Using org.apache.spark.storage.RandomBlockReplicationPolicy for block replication policy
[2023-01-30T17:46:46.673+0000] {spark_submit.py:495} INFO - 23/01/30 17:46:46 INFO BlockManagerMaster: Registering BlockManager BlockManagerId(driver, 15c99fd3082a, 41703, None)
[2023-01-30T17:46:46.676+0000] {spark_submit.py:495} INFO - 23/01/30 17:46:46 INFO BlockManagerMasterEndpoint: Registering block manager 15c99fd3082a:41703 with 434.4 MiB RAM, BlockManagerId(driver, 15c99fd3082a, 41703, None)
[2023-01-30T17:46:46.678+0000] {spark_submit.py:495} INFO - 23/01/30 17:46:46 INFO BlockManagerMaster: Registered BlockManager BlockManagerId(driver, 15c99fd3082a, 41703, None)
[2023-01-30T17:46:46.680+0000] {spark_submit.py:495} INFO - 23/01/30 17:46:46 INFO BlockManager: Initialized BlockManager: BlockManagerId(driver, 15c99fd3082a, 41703, None)
[2023-01-30T17:46:52.386+0000] {spark_submit.py:495} INFO - 2023-01-30 17:46:52,385 - py4j.java_gateway - INFO - Callback Server Starting
[2023-01-30T17:46:52.386+0000] {spark_submit.py:495} INFO - 2023-01-30 17:46:52,386 - py4j.java_gateway - INFO - Socket listening on ('127.0.0.1', 39931)
[2023-01-30T17:46:56.751+0000] {spark_submit.py:495} INFO - 2023-01-30 17:46:56,750 - py4j.clientserver - INFO - Python Server ready to receive messages
[2023-01-30T17:46:56.751+0000] {spark_submit.py:495} INFO - 2023-01-30 17:46:56,751 - py4j.clientserver - INFO - Received command c on object id p0
[2023-01-30T17:46:57.192+0000] {spark_submit.py:495} INFO - -------------------------------------------
[2023-01-30T17:46:57.193+0000] {spark_submit.py:495} INFO - Batch: 0
[2023-01-30T17:46:57.193+0000] {spark_submit.py:495} INFO - -------------------------------------------
[2023-01-30T17:46:57.269+0000] {spark_submit.py:495} INFO - +---+-------------+-----+-------------+----------+----------------+------------+-----------------+--------------+-------------+
[2023-01-30T17:46:57.269+0000] {spark_submit.py:495} INFO - |id |nameOfProduct|price|ProductStatus|SellerName|RegistrationDate|QuantitySold|QuantityAvailable|Free shipping?|Store ratings|
[2023-01-30T17:46:57.269+0000] {spark_submit.py:495} INFO - +---+-------------+-----+-------------+----------+----------------+------------+-----------------+--------------+-------------+
[2023-01-30T17:46:57.269+0000] {spark_submit.py:495} INFO - +---+-------------+-----+-------------+----------+----------------+------------+-----------------+--------------+-------------+
[2023-01-30T17:46:57.269+0000] {spark_submit.py:495} INFO - 
[2023-01-30T17:46:57.434+0000] {local_task_job.py:224} WARNING - State of this instance has been externally set to up_for_retry. Terminating instance.
[2023-01-30T17:46:57.435+0000] {process_utils.py:133} INFO - Sending Signals.SIGTERM to group 10046. PIDs of all processes in the group: [10047, 10101, 10046]
[2023-01-30T17:46:57.435+0000] {process_utils.py:84} INFO - Sending the signal Signals.SIGTERM to group 10046
[2023-01-30T17:46:57.436+0000] {taskinstance.py:1483} ERROR - Received SIGTERM. Terminating subprocesses.
[2023-01-30T17:46:57.436+0000] {spark_submit.py:620} INFO - Sending kill signal to spark-submit
[2023-01-30T17:46:57.446+0000] {taskinstance.py:1772} ERROR - Task failed with exception
Traceback (most recent call last):
  File "/home/airflow/.local/lib/python3.7/site-packages/airflow/providers/apache/spark/operators/spark_submit.py", line 157, in execute
    self._hook.submit(self._application)
  File "/home/airflow/.local/lib/python3.7/site-packages/airflow/providers/apache/spark/hooks/spark_submit.py", line 414, in submit
    self._process_spark_submit_log(iter(self._submit_sp.stdout))  # type: ignore
  File "/home/airflow/.local/lib/python3.7/site-packages/airflow/providers/apache/spark/hooks/spark_submit.py", line 463, in _process_spark_submit_log
    for line in itr:
  File "/home/airflow/.local/lib/python3.7/site-packages/airflow/models/taskinstance.py", line 1485, in signal_handler
    raise AirflowException("Task received SIGTERM signal")
airflow.exceptions.AirflowException: Task received SIGTERM signal
[2023-01-30T17:46:57.449+0000] {taskinstance.py:1327} INFO - Marking task as UP_FOR_RETRY. dag_id=Streaming_pipeline_meli, task_id=consumer_data_of_topic, execution_date=20230127T184927, start_date=20230130T174642, end_date=20230130T174657
[2023-01-30T17:46:57.461+0000] {standard_task_runner.py:105} ERROR - Failed to execute job 1228 for task consumer_data_of_topic (Task received SIGTERM signal; 10046)
[2023-01-30T17:46:57.488+0000] {process_utils.py:79} INFO - Process psutil.Process(pid=10101, status='terminated', started='17:46:44') (10101) terminated with exit code None
[2023-01-30T17:46:57.488+0000] {process_utils.py:79} INFO - Process psutil.Process(pid=10046, status='terminated', exitcode=1, started='17:46:42') (10046) terminated with exit code 1
[2023-01-30T17:46:57.488+0000] {process_utils.py:79} INFO - Process psutil.Process(pid=10047, status='terminated', started='17:46:42') (10047) terminated with exit code None
