[2023-01-29T08:08:34.724+0000] {taskinstance.py:1087} INFO - Dependencies all met for <TaskInstance: Streaming_pipeline_meli.consumer_data_of_topic manual__2023-01-27T18:49:27.597637+00:00 [queued]>
[2023-01-29T08:08:34.757+0000] {taskinstance.py:1087} INFO - Dependencies all met for <TaskInstance: Streaming_pipeline_meli.consumer_data_of_topic manual__2023-01-27T18:49:27.597637+00:00 [queued]>
[2023-01-29T08:08:34.757+0000] {taskinstance.py:1283} INFO - 
--------------------------------------------------------------------------------
[2023-01-29T08:08:34.757+0000] {taskinstance.py:1284} INFO - Starting attempt 34 of 39
[2023-01-29T08:08:34.757+0000] {taskinstance.py:1285} INFO - 
--------------------------------------------------------------------------------
[2023-01-29T08:08:34.778+0000] {taskinstance.py:1304} INFO - Executing <Task(SparkSubmitOperator): consumer_data_of_topic> on 2023-01-27 18:49:27.597637+00:00
[2023-01-29T08:08:34.782+0000] {standard_task_runner.py:55} INFO - Started process 18875 to run task
[2023-01-29T08:08:34.787+0000] {standard_task_runner.py:82} INFO - Running: ['***', 'tasks', 'run', 'Streaming_pipeline_meli', 'consumer_data_of_topic', 'manual__2023-01-27T18:49:27.597637+00:00', '--job-id', '1198', '--raw', '--subdir', 'DAGS_FOLDER/streamPipeline.py', '--cfg-path', '/tmp/tmpozxjc9p_']
[2023-01-29T08:08:34.788+0000] {standard_task_runner.py:83} INFO - Job 1198: Subtask consumer_data_of_topic
[2023-01-29T08:08:34.850+0000] {task_command.py:389} INFO - Running <TaskInstance: Streaming_pipeline_meli.consumer_data_of_topic manual__2023-01-27T18:49:27.597637+00:00 [running]> on host 15c99fd3082a
[2023-01-29T08:08:34.927+0000] {taskinstance.py:1513} INFO - Exporting the following env vars:
AIRFLOW_CTX_DAG_OWNER=***
AIRFLOW_CTX_DAG_ID=Streaming_pipeline_meli
AIRFLOW_CTX_TASK_ID=consumer_data_of_topic
AIRFLOW_CTX_EXECUTION_DATE=2023-01-27T18:49:27.597637+00:00
AIRFLOW_CTX_TRY_NUMBER=34
AIRFLOW_CTX_DAG_RUN_ID=manual__2023-01-27T18:49:27.597637+00:00
[2023-01-29T08:08:34.937+0000] {base.py:73} INFO - Using connection ID 'spark_default' for task execution.
[2023-01-29T08:08:34.939+0000] {spark_submit.py:344} INFO - Spark-Submit cmd: spark-submit --master spark://tomi-H310:7077 --packages org.apache.spark:spark-sql-kafka-0-10_2.12:3.1.3,org.mongodb.spark:mongo-spark-connector_2.12:3.0.1 --name arrow-spark --queue root.default /opt/***/dags/consumerSpark.py
[2023-01-29T08:08:35.073+0000] {spark_submit.py:495} INFO - /home/***/.local/lib/python3.7/site-packages/pyspark/bin/load-spark-env.sh: line 68: ps: command not found
[2023-01-29T08:08:37.087+0000] {spark_submit.py:495} INFO - :: loading settings :: url = jar:file:/home/***/.local/lib/python3.7/site-packages/pyspark/jars/ivy-2.5.0.jar!/org/apache/ivy/core/settings/ivysettings.xml
[2023-01-29T08:08:37.144+0000] {spark_submit.py:495} INFO - Ivy Default Cache set to: /home/***/.ivy2/cache
[2023-01-29T08:08:37.144+0000] {spark_submit.py:495} INFO - The jars for the packages stored in: /home/***/.ivy2/jars
[2023-01-29T08:08:37.149+0000] {spark_submit.py:495} INFO - org.apache.spark#spark-sql-kafka-0-10_2.12 added as a dependency
[2023-01-29T08:08:37.149+0000] {spark_submit.py:495} INFO - org.mongodb.spark#mongo-spark-connector_2.12 added as a dependency
[2023-01-29T08:08:37.150+0000] {spark_submit.py:495} INFO - :: resolving dependencies :: org.apache.spark#spark-submit-parent-54921a9f-5eca-4d30-8fc2-ea9b5291a732;1.0
[2023-01-29T08:08:37.150+0000] {spark_submit.py:495} INFO - confs: [default]
[2023-01-29T08:08:37.325+0000] {spark_submit.py:495} INFO - found org.apache.spark#spark-sql-kafka-0-10_2.12;3.1.3 in central
[2023-01-29T08:08:37.382+0000] {spark_submit.py:495} INFO - found org.apache.spark#spark-token-provider-kafka-0-10_2.12;3.1.3 in central
[2023-01-29T08:08:37.409+0000] {spark_submit.py:495} INFO - found org.apache.kafka#kafka-clients;2.6.0 in central
[2023-01-29T08:08:37.432+0000] {spark_submit.py:495} INFO - found com.github.luben#zstd-jni;1.4.8-1 in central
[2023-01-29T08:08:37.452+0000] {spark_submit.py:495} INFO - found org.lz4#lz4-java;1.7.1 in central
[2023-01-29T08:08:37.466+0000] {spark_submit.py:495} INFO - found org.xerial.snappy#snappy-java;1.1.8.2 in central
[2023-01-29T08:08:37.483+0000] {spark_submit.py:495} INFO - found org.slf4j#slf4j-api;1.7.30 in central
[2023-01-29T08:08:37.498+0000] {spark_submit.py:495} INFO - found org.spark-project.spark#unused;1.0.0 in central
[2023-01-29T08:08:37.512+0000] {spark_submit.py:495} INFO - found org.apache.commons#commons-pool2;2.6.2 in central
[2023-01-29T08:08:37.525+0000] {spark_submit.py:495} INFO - found org.mongodb.spark#mongo-spark-connector_2.12;3.0.1 in central
[2023-01-29T08:08:37.535+0000] {spark_submit.py:495} INFO - found org.mongodb#mongodb-driver-sync;4.0.5 in central
[2023-01-29T08:08:37.543+0000] {spark_submit.py:495} INFO - found org.mongodb#bson;4.0.5 in central
[2023-01-29T08:08:37.552+0000] {spark_submit.py:495} INFO - found org.mongodb#mongodb-driver-core;4.0.5 in central
[2023-01-29T08:08:37.577+0000] {spark_submit.py:495} INFO - :: resolution report :: resolve 413ms :: artifacts dl 14ms
[2023-01-29T08:08:37.577+0000] {spark_submit.py:495} INFO - :: modules in use:
[2023-01-29T08:08:37.578+0000] {spark_submit.py:495} INFO - com.github.luben#zstd-jni;1.4.8-1 from central in [default]
[2023-01-29T08:08:37.578+0000] {spark_submit.py:495} INFO - org.apache.commons#commons-pool2;2.6.2 from central in [default]
[2023-01-29T08:08:37.578+0000] {spark_submit.py:495} INFO - org.apache.kafka#kafka-clients;2.6.0 from central in [default]
[2023-01-29T08:08:37.578+0000] {spark_submit.py:495} INFO - org.apache.spark#spark-sql-kafka-0-10_2.12;3.1.3 from central in [default]
[2023-01-29T08:08:37.579+0000] {spark_submit.py:495} INFO - org.apache.spark#spark-token-provider-kafka-0-10_2.12;3.1.3 from central in [default]
[2023-01-29T08:08:37.579+0000] {spark_submit.py:495} INFO - org.lz4#lz4-java;1.7.1 from central in [default]
[2023-01-29T08:08:37.579+0000] {spark_submit.py:495} INFO - org.mongodb#bson;4.0.5 from central in [default]
[2023-01-29T08:08:37.580+0000] {spark_submit.py:495} INFO - org.mongodb#mongodb-driver-core;4.0.5 from central in [default]
[2023-01-29T08:08:37.580+0000] {spark_submit.py:495} INFO - org.mongodb#mongodb-driver-sync;4.0.5 from central in [default]
[2023-01-29T08:08:37.580+0000] {spark_submit.py:495} INFO - org.mongodb.spark#mongo-spark-connector_2.12;3.0.1 from central in [default]
[2023-01-29T08:08:37.580+0000] {spark_submit.py:495} INFO - org.slf4j#slf4j-api;1.7.30 from central in [default]
[2023-01-29T08:08:37.580+0000] {spark_submit.py:495} INFO - org.spark-project.spark#unused;1.0.0 from central in [default]
[2023-01-29T08:08:37.581+0000] {spark_submit.py:495} INFO - org.xerial.snappy#snappy-java;1.1.8.2 from central in [default]
[2023-01-29T08:08:37.581+0000] {spark_submit.py:495} INFO - ---------------------------------------------------------------------
[2023-01-29T08:08:37.581+0000] {spark_submit.py:495} INFO - |                  |            modules            ||   artifacts   |
[2023-01-29T08:08:37.581+0000] {spark_submit.py:495} INFO - |       conf       | number| search|dwnlded|evicted|| number|dwnlded|
[2023-01-29T08:08:37.581+0000] {spark_submit.py:495} INFO - ---------------------------------------------------------------------
[2023-01-29T08:08:37.582+0000] {spark_submit.py:495} INFO - |      default     |   13  |   0   |   0   |   0   ||   13  |   0   |
[2023-01-29T08:08:37.582+0000] {spark_submit.py:495} INFO - ---------------------------------------------------------------------
[2023-01-29T08:08:37.587+0000] {spark_submit.py:495} INFO - :: retrieving :: org.apache.spark#spark-submit-parent-54921a9f-5eca-4d30-8fc2-ea9b5291a732
[2023-01-29T08:08:37.587+0000] {spark_submit.py:495} INFO - confs: [default]
[2023-01-29T08:08:37.594+0000] {spark_submit.py:495} INFO - 0 artifacts copied, 13 already retrieved (0kB/7ms)
[2023-01-29T08:08:37.780+0000] {spark_submit.py:495} INFO - 23/01/29 08:08:37 WARN NativeCodeLoader: Unable to load native-hadoop library for your platform... using builtin-java classes where applicable
[2023-01-29T08:08:38.591+0000] {spark_submit.py:495} INFO - 23/01/29 08:08:38 INFO SparkContext: Running Spark version 3.3.1
[2023-01-29T08:08:38.607+0000] {spark_submit.py:495} INFO - 23/01/29 08:08:38 INFO ResourceUtils: ==============================================================
[2023-01-29T08:08:38.607+0000] {spark_submit.py:495} INFO - 23/01/29 08:08:38 INFO ResourceUtils: No custom resources configured for spark.driver.
[2023-01-29T08:08:38.608+0000] {spark_submit.py:495} INFO - 23/01/29 08:08:38 INFO ResourceUtils: ==============================================================
[2023-01-29T08:08:38.608+0000] {spark_submit.py:495} INFO - 23/01/29 08:08:38 INFO SparkContext: Submitted application: arrow-spark
[2023-01-29T08:08:38.625+0000] {spark_submit.py:495} INFO - 23/01/29 08:08:38 INFO ResourceProfile: Default ResourceProfile created, executor resources: Map(cores -> name: cores, amount: 1, script: , vendor: , memory -> name: memory, amount: 1024, script: , vendor: , offHeap -> name: offHeap, amount: 0, script: , vendor: ), task resources: Map(cpus -> name: cpus, amount: 1.0)
[2023-01-29T08:08:38.637+0000] {spark_submit.py:495} INFO - 23/01/29 08:08:38 INFO ResourceProfile: Limiting resource is cpu
[2023-01-29T08:08:38.638+0000] {spark_submit.py:495} INFO - 23/01/29 08:08:38 INFO ResourceProfileManager: Added ResourceProfile id: 0
[2023-01-29T08:08:38.681+0000] {spark_submit.py:495} INFO - 23/01/29 08:08:38 INFO SecurityManager: Changing view acls to: default
[2023-01-29T08:08:38.683+0000] {spark_submit.py:495} INFO - 23/01/29 08:08:38 INFO SecurityManager: Changing modify acls to: default
[2023-01-29T08:08:38.685+0000] {spark_submit.py:495} INFO - 23/01/29 08:08:38 INFO SecurityManager: Changing view acls groups to:
[2023-01-29T08:08:38.686+0000] {spark_submit.py:495} INFO - 23/01/29 08:08:38 INFO SecurityManager: Changing modify acls groups to:
[2023-01-29T08:08:38.689+0000] {spark_submit.py:495} INFO - 23/01/29 08:08:38 INFO SecurityManager: SecurityManager: authentication disabled; ui acls disabled; users  with view permissions: Set(default); groups with view permissions: Set(); users  with modify permissions: Set(default); groups with modify permissions: Set()
[2023-01-29T08:08:38.932+0000] {spark_submit.py:495} INFO - 23/01/29 08:08:38 INFO Utils: Successfully started service 'sparkDriver' on port 46585.
[2023-01-29T08:08:38.958+0000] {spark_submit.py:495} INFO - 23/01/29 08:08:38 INFO SparkEnv: Registering MapOutputTracker
[2023-01-29T08:08:38.985+0000] {spark_submit.py:495} INFO - 23/01/29 08:08:38 INFO SparkEnv: Registering BlockManagerMaster
[2023-01-29T08:08:38.998+0000] {spark_submit.py:495} INFO - 23/01/29 08:08:38 INFO BlockManagerMasterEndpoint: Using org.apache.spark.storage.DefaultTopologyMapper for getting topology information
[2023-01-29T08:08:38.998+0000] {spark_submit.py:495} INFO - 23/01/29 08:08:38 INFO BlockManagerMasterEndpoint: BlockManagerMasterEndpoint up
[2023-01-29T08:08:39.002+0000] {spark_submit.py:495} INFO - 23/01/29 08:08:39 INFO SparkEnv: Registering BlockManagerMasterHeartbeat
[2023-01-29T08:08:39.020+0000] {spark_submit.py:495} INFO - 23/01/29 08:08:39 INFO DiskBlockManager: Created local directory at /tmp/blockmgr-361ff264-d835-4a9c-9e5e-114345378404
[2023-01-29T08:08:39.033+0000] {spark_submit.py:495} INFO - 23/01/29 08:08:39 INFO MemoryStore: MemoryStore started with capacity 434.4 MiB
[2023-01-29T08:08:39.048+0000] {spark_submit.py:495} INFO - 23/01/29 08:08:39 INFO SparkEnv: Registering OutputCommitCoordinator
[2023-01-29T08:08:39.194+0000] {spark_submit.py:495} INFO - 23/01/29 08:08:39 INFO Utils: Successfully started service 'SparkUI' on port 4040.
[2023-01-29T08:08:39.223+0000] {spark_submit.py:495} INFO - 23/01/29 08:08:39 INFO SparkContext: Added JAR file:///home/***/.ivy2/jars/org.apache.spark_spark-sql-kafka-0-10_2.12-3.1.3.jar at spark://15c99fd3082a:46585/jars/org.apache.spark_spark-sql-kafka-0-10_2.12-3.1.3.jar with timestamp 1674979718585
[2023-01-29T08:08:39.223+0000] {spark_submit.py:495} INFO - 23/01/29 08:08:39 INFO SparkContext: Added JAR file:///home/***/.ivy2/jars/org.mongodb.spark_mongo-spark-connector_2.12-3.0.1.jar at spark://15c99fd3082a:46585/jars/org.mongodb.spark_mongo-spark-connector_2.12-3.0.1.jar with timestamp 1674979718585
[2023-01-29T08:08:39.224+0000] {spark_submit.py:495} INFO - 23/01/29 08:08:39 INFO SparkContext: Added JAR file:///home/***/.ivy2/jars/org.apache.spark_spark-token-provider-kafka-0-10_2.12-3.1.3.jar at spark://15c99fd3082a:46585/jars/org.apache.spark_spark-token-provider-kafka-0-10_2.12-3.1.3.jar with timestamp 1674979718585
[2023-01-29T08:08:39.224+0000] {spark_submit.py:495} INFO - 23/01/29 08:08:39 INFO SparkContext: Added JAR file:///home/***/.ivy2/jars/org.apache.kafka_kafka-clients-2.6.0.jar at spark://15c99fd3082a:46585/jars/org.apache.kafka_kafka-clients-2.6.0.jar with timestamp 1674979718585
[2023-01-29T08:08:39.225+0000] {spark_submit.py:495} INFO - 23/01/29 08:08:39 INFO SparkContext: Added JAR file:///home/***/.ivy2/jars/org.apache.commons_commons-pool2-2.6.2.jar at spark://15c99fd3082a:46585/jars/org.apache.commons_commons-pool2-2.6.2.jar with timestamp 1674979718585
[2023-01-29T08:08:39.225+0000] {spark_submit.py:495} INFO - 23/01/29 08:08:39 INFO SparkContext: Added JAR file:///home/***/.ivy2/jars/org.spark-project.spark_unused-1.0.0.jar at spark://15c99fd3082a:46585/jars/org.spark-project.spark_unused-1.0.0.jar with timestamp 1674979718585
[2023-01-29T08:08:39.225+0000] {spark_submit.py:495} INFO - 23/01/29 08:08:39 INFO SparkContext: Added JAR file:///home/***/.ivy2/jars/com.github.luben_zstd-jni-1.4.8-1.jar at spark://15c99fd3082a:46585/jars/com.github.luben_zstd-jni-1.4.8-1.jar with timestamp 1674979718585
[2023-01-29T08:08:39.226+0000] {spark_submit.py:495} INFO - 23/01/29 08:08:39 INFO SparkContext: Added JAR file:///home/***/.ivy2/jars/org.lz4_lz4-java-1.7.1.jar at spark://15c99fd3082a:46585/jars/org.lz4_lz4-java-1.7.1.jar with timestamp 1674979718585
[2023-01-29T08:08:39.226+0000] {spark_submit.py:495} INFO - 23/01/29 08:08:39 INFO SparkContext: Added JAR file:///home/***/.ivy2/jars/org.xerial.snappy_snappy-java-1.1.8.2.jar at spark://15c99fd3082a:46585/jars/org.xerial.snappy_snappy-java-1.1.8.2.jar with timestamp 1674979718585
[2023-01-29T08:08:39.226+0000] {spark_submit.py:495} INFO - 23/01/29 08:08:39 INFO SparkContext: Added JAR file:///home/***/.ivy2/jars/org.slf4j_slf4j-api-1.7.30.jar at spark://15c99fd3082a:46585/jars/org.slf4j_slf4j-api-1.7.30.jar with timestamp 1674979718585
[2023-01-29T08:08:39.227+0000] {spark_submit.py:495} INFO - 23/01/29 08:08:39 INFO SparkContext: Added JAR file:///home/***/.ivy2/jars/org.mongodb_mongodb-driver-sync-4.0.5.jar at spark://15c99fd3082a:46585/jars/org.mongodb_mongodb-driver-sync-4.0.5.jar with timestamp 1674979718585
[2023-01-29T08:08:39.227+0000] {spark_submit.py:495} INFO - 23/01/29 08:08:39 INFO SparkContext: Added JAR file:///home/***/.ivy2/jars/org.mongodb_bson-4.0.5.jar at spark://15c99fd3082a:46585/jars/org.mongodb_bson-4.0.5.jar with timestamp 1674979718585
[2023-01-29T08:08:39.227+0000] {spark_submit.py:495} INFO - 23/01/29 08:08:39 INFO SparkContext: Added JAR file:///home/***/.ivy2/jars/org.mongodb_mongodb-driver-core-4.0.5.jar at spark://15c99fd3082a:46585/jars/org.mongodb_mongodb-driver-core-4.0.5.jar with timestamp 1674979718585
[2023-01-29T08:08:39.229+0000] {spark_submit.py:495} INFO - 23/01/29 08:08:39 INFO SparkContext: Added file file:///home/***/.ivy2/jars/org.apache.spark_spark-sql-kafka-0-10_2.12-3.1.3.jar at file:///home/***/.ivy2/jars/org.apache.spark_spark-sql-kafka-0-10_2.12-3.1.3.jar with timestamp 1674979718585
[2023-01-29T08:08:39.230+0000] {spark_submit.py:495} INFO - 23/01/29 08:08:39 INFO Utils: Copying /home/***/.ivy2/jars/org.apache.spark_spark-sql-kafka-0-10_2.12-3.1.3.jar to /tmp/spark-913aac61-a4b6-4c55-9c2d-f7414844ad7b/userFiles-f44c9f20-bd42-43a3-b49a-55e28efaa9ff/org.apache.spark_spark-sql-kafka-0-10_2.12-3.1.3.jar
[2023-01-29T08:08:39.238+0000] {spark_submit.py:495} INFO - 23/01/29 08:08:39 INFO SparkContext: Added file file:///home/***/.ivy2/jars/org.mongodb.spark_mongo-spark-connector_2.12-3.0.1.jar at file:///home/***/.ivy2/jars/org.mongodb.spark_mongo-spark-connector_2.12-3.0.1.jar with timestamp 1674979718585
[2023-01-29T08:08:39.239+0000] {spark_submit.py:495} INFO - 23/01/29 08:08:39 INFO Utils: Copying /home/***/.ivy2/jars/org.mongodb.spark_mongo-spark-connector_2.12-3.0.1.jar to /tmp/spark-913aac61-a4b6-4c55-9c2d-f7414844ad7b/userFiles-f44c9f20-bd42-43a3-b49a-55e28efaa9ff/org.mongodb.spark_mongo-spark-connector_2.12-3.0.1.jar
[2023-01-29T08:08:39.242+0000] {spark_submit.py:495} INFO - 23/01/29 08:08:39 INFO SparkContext: Added file file:///home/***/.ivy2/jars/org.apache.spark_spark-token-provider-kafka-0-10_2.12-3.1.3.jar at file:///home/***/.ivy2/jars/org.apache.spark_spark-token-provider-kafka-0-10_2.12-3.1.3.jar with timestamp 1674979718585
[2023-01-29T08:08:39.243+0000] {spark_submit.py:495} INFO - 23/01/29 08:08:39 INFO Utils: Copying /home/***/.ivy2/jars/org.apache.spark_spark-token-provider-kafka-0-10_2.12-3.1.3.jar to /tmp/spark-913aac61-a4b6-4c55-9c2d-f7414844ad7b/userFiles-f44c9f20-bd42-43a3-b49a-55e28efaa9ff/org.apache.spark_spark-token-provider-kafka-0-10_2.12-3.1.3.jar
[2023-01-29T08:08:39.248+0000] {spark_submit.py:495} INFO - 23/01/29 08:08:39 INFO SparkContext: Added file file:///home/***/.ivy2/jars/org.apache.kafka_kafka-clients-2.6.0.jar at file:///home/***/.ivy2/jars/org.apache.kafka_kafka-clients-2.6.0.jar with timestamp 1674979718585
[2023-01-29T08:08:39.248+0000] {spark_submit.py:495} INFO - 23/01/29 08:08:39 INFO Utils: Copying /home/***/.ivy2/jars/org.apache.kafka_kafka-clients-2.6.0.jar to /tmp/spark-913aac61-a4b6-4c55-9c2d-f7414844ad7b/userFiles-f44c9f20-bd42-43a3-b49a-55e28efaa9ff/org.apache.kafka_kafka-clients-2.6.0.jar
[2023-01-29T08:08:39.263+0000] {spark_submit.py:495} INFO - 23/01/29 08:08:39 INFO SparkContext: Added file file:///home/***/.ivy2/jars/org.apache.commons_commons-pool2-2.6.2.jar at file:///home/***/.ivy2/jars/org.apache.commons_commons-pool2-2.6.2.jar with timestamp 1674979718585
[2023-01-29T08:08:39.263+0000] {spark_submit.py:495} INFO - 23/01/29 08:08:39 INFO Utils: Copying /home/***/.ivy2/jars/org.apache.commons_commons-pool2-2.6.2.jar to /tmp/spark-913aac61-a4b6-4c55-9c2d-f7414844ad7b/userFiles-f44c9f20-bd42-43a3-b49a-55e28efaa9ff/org.apache.commons_commons-pool2-2.6.2.jar
[2023-01-29T08:08:39.266+0000] {spark_submit.py:495} INFO - 23/01/29 08:08:39 INFO SparkContext: Added file file:///home/***/.ivy2/jars/org.spark-project.spark_unused-1.0.0.jar at file:///home/***/.ivy2/jars/org.spark-project.spark_unused-1.0.0.jar with timestamp 1674979718585
[2023-01-29T08:08:39.266+0000] {spark_submit.py:495} INFO - 23/01/29 08:08:39 INFO Utils: Copying /home/***/.ivy2/jars/org.spark-project.spark_unused-1.0.0.jar to /tmp/spark-913aac61-a4b6-4c55-9c2d-f7414844ad7b/userFiles-f44c9f20-bd42-43a3-b49a-55e28efaa9ff/org.spark-project.spark_unused-1.0.0.jar
[2023-01-29T08:08:39.275+0000] {spark_submit.py:495} INFO - 23/01/29 08:08:39 INFO SparkContext: Added file file:///home/***/.ivy2/jars/com.github.luben_zstd-jni-1.4.8-1.jar at file:///home/***/.ivy2/jars/com.github.luben_zstd-jni-1.4.8-1.jar with timestamp 1674979718585
[2023-01-29T08:08:39.276+0000] {spark_submit.py:495} INFO - 23/01/29 08:08:39 INFO Utils: Copying /home/***/.ivy2/jars/com.github.luben_zstd-jni-1.4.8-1.jar to /tmp/spark-913aac61-a4b6-4c55-9c2d-f7414844ad7b/userFiles-f44c9f20-bd42-43a3-b49a-55e28efaa9ff/com.github.luben_zstd-jni-1.4.8-1.jar
[2023-01-29T08:08:39.278+0000] {spark_submit.py:495} INFO - 23/01/29 08:08:39 INFO SparkContext: Added file file:///home/***/.ivy2/jars/org.lz4_lz4-java-1.7.1.jar at file:///home/***/.ivy2/jars/org.lz4_lz4-java-1.7.1.jar with timestamp 1674979718585
[2023-01-29T08:08:39.279+0000] {spark_submit.py:495} INFO - 23/01/29 08:08:39 INFO Utils: Copying /home/***/.ivy2/jars/org.lz4_lz4-java-1.7.1.jar to /tmp/spark-913aac61-a4b6-4c55-9c2d-f7414844ad7b/userFiles-f44c9f20-bd42-43a3-b49a-55e28efaa9ff/org.lz4_lz4-java-1.7.1.jar
[2023-01-29T08:08:39.286+0000] {spark_submit.py:495} INFO - 23/01/29 08:08:39 INFO SparkContext: Added file file:///home/***/.ivy2/jars/org.xerial.snappy_snappy-java-1.1.8.2.jar at file:///home/***/.ivy2/jars/org.xerial.snappy_snappy-java-1.1.8.2.jar with timestamp 1674979718585
[2023-01-29T08:08:39.286+0000] {spark_submit.py:495} INFO - 23/01/29 08:08:39 INFO Utils: Copying /home/***/.ivy2/jars/org.xerial.snappy_snappy-java-1.1.8.2.jar to /tmp/spark-913aac61-a4b6-4c55-9c2d-f7414844ad7b/userFiles-f44c9f20-bd42-43a3-b49a-55e28efaa9ff/org.xerial.snappy_snappy-java-1.1.8.2.jar
[2023-01-29T08:08:39.292+0000] {spark_submit.py:495} INFO - 23/01/29 08:08:39 INFO SparkContext: Added file file:///home/***/.ivy2/jars/org.slf4j_slf4j-api-1.7.30.jar at file:///home/***/.ivy2/jars/org.slf4j_slf4j-api-1.7.30.jar with timestamp 1674979718585
[2023-01-29T08:08:39.292+0000] {spark_submit.py:495} INFO - 23/01/29 08:08:39 INFO Utils: Copying /home/***/.ivy2/jars/org.slf4j_slf4j-api-1.7.30.jar to /tmp/spark-913aac61-a4b6-4c55-9c2d-f7414844ad7b/userFiles-f44c9f20-bd42-43a3-b49a-55e28efaa9ff/org.slf4j_slf4j-api-1.7.30.jar
[2023-01-29T08:08:39.295+0000] {spark_submit.py:495} INFO - 23/01/29 08:08:39 INFO SparkContext: Added file file:///home/***/.ivy2/jars/org.mongodb_mongodb-driver-sync-4.0.5.jar at file:///home/***/.ivy2/jars/org.mongodb_mongodb-driver-sync-4.0.5.jar with timestamp 1674979718585
[2023-01-29T08:08:39.296+0000] {spark_submit.py:495} INFO - 23/01/29 08:08:39 INFO Utils: Copying /home/***/.ivy2/jars/org.mongodb_mongodb-driver-sync-4.0.5.jar to /tmp/spark-913aac61-a4b6-4c55-9c2d-f7414844ad7b/userFiles-f44c9f20-bd42-43a3-b49a-55e28efaa9ff/org.mongodb_mongodb-driver-sync-4.0.5.jar
[2023-01-29T08:08:39.299+0000] {spark_submit.py:495} INFO - 23/01/29 08:08:39 INFO SparkContext: Added file file:///home/***/.ivy2/jars/org.mongodb_bson-4.0.5.jar at file:///home/***/.ivy2/jars/org.mongodb_bson-4.0.5.jar with timestamp 1674979718585
[2023-01-29T08:08:39.299+0000] {spark_submit.py:495} INFO - 23/01/29 08:08:39 INFO Utils: Copying /home/***/.ivy2/jars/org.mongodb_bson-4.0.5.jar to /tmp/spark-913aac61-a4b6-4c55-9c2d-f7414844ad7b/userFiles-f44c9f20-bd42-43a3-b49a-55e28efaa9ff/org.mongodb_bson-4.0.5.jar
[2023-01-29T08:08:39.304+0000] {spark_submit.py:495} INFO - 23/01/29 08:08:39 INFO SparkContext: Added file file:///home/***/.ivy2/jars/org.mongodb_mongodb-driver-core-4.0.5.jar at file:///home/***/.ivy2/jars/org.mongodb_mongodb-driver-core-4.0.5.jar with timestamp 1674979718585
[2023-01-29T08:08:39.304+0000] {spark_submit.py:495} INFO - 23/01/29 08:08:39 INFO Utils: Copying /home/***/.ivy2/jars/org.mongodb_mongodb-driver-core-4.0.5.jar to /tmp/spark-913aac61-a4b6-4c55-9c2d-f7414844ad7b/userFiles-f44c9f20-bd42-43a3-b49a-55e28efaa9ff/org.mongodb_mongodb-driver-core-4.0.5.jar
[2023-01-29T08:08:39.362+0000] {spark_submit.py:495} INFO - 23/01/29 08:08:39 INFO Executor: Starting executor ID driver on host 15c99fd3082a
[2023-01-29T08:08:39.368+0000] {spark_submit.py:495} INFO - 23/01/29 08:08:39 INFO Executor: Starting executor with user classpath (userClassPathFirst = false): ''
[2023-01-29T08:08:39.377+0000] {spark_submit.py:495} INFO - 23/01/29 08:08:39 INFO Executor: Fetching file:///home/***/.ivy2/jars/org.apache.spark_spark-token-provider-kafka-0-10_2.12-3.1.3.jar with timestamp 1674979718585
[2023-01-29T08:08:39.395+0000] {spark_submit.py:495} INFO - 23/01/29 08:08:39 INFO Utils: /home/***/.ivy2/jars/org.apache.spark_spark-token-provider-kafka-0-10_2.12-3.1.3.jar has been previously copied to /tmp/spark-913aac61-a4b6-4c55-9c2d-f7414844ad7b/userFiles-f44c9f20-bd42-43a3-b49a-55e28efaa9ff/org.apache.spark_spark-token-provider-kafka-0-10_2.12-3.1.3.jar
[2023-01-29T08:08:39.398+0000] {spark_submit.py:495} INFO - 23/01/29 08:08:39 INFO Executor: Fetching file:///home/***/.ivy2/jars/org.mongodb_mongodb-driver-sync-4.0.5.jar with timestamp 1674979718585
[2023-01-29T08:08:39.400+0000] {spark_submit.py:495} INFO - 23/01/29 08:08:39 INFO Utils: /home/***/.ivy2/jars/org.mongodb_mongodb-driver-sync-4.0.5.jar has been previously copied to /tmp/spark-913aac61-a4b6-4c55-9c2d-f7414844ad7b/userFiles-f44c9f20-bd42-43a3-b49a-55e28efaa9ff/org.mongodb_mongodb-driver-sync-4.0.5.jar
[2023-01-29T08:08:39.403+0000] {spark_submit.py:495} INFO - 23/01/29 08:08:39 INFO Executor: Fetching file:///home/***/.ivy2/jars/org.apache.kafka_kafka-clients-2.6.0.jar with timestamp 1674979718585
[2023-01-29T08:08:39.410+0000] {spark_submit.py:495} INFO - 23/01/29 08:08:39 INFO Utils: /home/***/.ivy2/jars/org.apache.kafka_kafka-clients-2.6.0.jar has been previously copied to /tmp/spark-913aac61-a4b6-4c55-9c2d-f7414844ad7b/userFiles-f44c9f20-bd42-43a3-b49a-55e28efaa9ff/org.apache.kafka_kafka-clients-2.6.0.jar
[2023-01-29T08:08:39.416+0000] {spark_submit.py:495} INFO - 23/01/29 08:08:39 INFO Executor: Fetching file:///home/***/.ivy2/jars/org.mongodb_bson-4.0.5.jar with timestamp 1674979718585
[2023-01-29T08:08:39.417+0000] {spark_submit.py:495} INFO - 23/01/29 08:08:39 INFO Utils: /home/***/.ivy2/jars/org.mongodb_bson-4.0.5.jar has been previously copied to /tmp/spark-913aac61-a4b6-4c55-9c2d-f7414844ad7b/userFiles-f44c9f20-bd42-43a3-b49a-55e28efaa9ff/org.mongodb_bson-4.0.5.jar
[2023-01-29T08:08:39.422+0000] {spark_submit.py:495} INFO - 23/01/29 08:08:39 INFO Executor: Fetching file:///home/***/.ivy2/jars/com.github.luben_zstd-jni-1.4.8-1.jar with timestamp 1674979718585
[2023-01-29T08:08:39.427+0000] {spark_submit.py:495} INFO - 23/01/29 08:08:39 INFO Utils: /home/***/.ivy2/jars/com.github.luben_zstd-jni-1.4.8-1.jar has been previously copied to /tmp/spark-913aac61-a4b6-4c55-9c2d-f7414844ad7b/userFiles-f44c9f20-bd42-43a3-b49a-55e28efaa9ff/com.github.luben_zstd-jni-1.4.8-1.jar
[2023-01-29T08:08:39.430+0000] {spark_submit.py:495} INFO - 23/01/29 08:08:39 INFO Executor: Fetching file:///home/***/.ivy2/jars/org.lz4_lz4-java-1.7.1.jar with timestamp 1674979718585
[2023-01-29T08:08:39.431+0000] {spark_submit.py:495} INFO - 23/01/29 08:08:39 INFO Utils: /home/***/.ivy2/jars/org.lz4_lz4-java-1.7.1.jar has been previously copied to /tmp/spark-913aac61-a4b6-4c55-9c2d-f7414844ad7b/userFiles-f44c9f20-bd42-43a3-b49a-55e28efaa9ff/org.lz4_lz4-java-1.7.1.jar
[2023-01-29T08:08:39.441+0000] {spark_submit.py:495} INFO - 23/01/29 08:08:39 INFO Executor: Fetching file:///home/***/.ivy2/jars/org.spark-project.spark_unused-1.0.0.jar with timestamp 1674979718585
[2023-01-29T08:08:39.441+0000] {spark_submit.py:495} INFO - 23/01/29 08:08:39 INFO Utils: /home/***/.ivy2/jars/org.spark-project.spark_unused-1.0.0.jar has been previously copied to /tmp/spark-913aac61-a4b6-4c55-9c2d-f7414844ad7b/userFiles-f44c9f20-bd42-43a3-b49a-55e28efaa9ff/org.spark-project.spark_unused-1.0.0.jar
[2023-01-29T08:08:39.446+0000] {spark_submit.py:495} INFO - 23/01/29 08:08:39 INFO Executor: Fetching file:///home/***/.ivy2/jars/org.xerial.snappy_snappy-java-1.1.8.2.jar with timestamp 1674979718585
[2023-01-29T08:08:39.447+0000] {spark_submit.py:495} INFO - 23/01/29 08:08:39 INFO Utils: /home/***/.ivy2/jars/org.xerial.snappy_snappy-java-1.1.8.2.jar has been previously copied to /tmp/spark-913aac61-a4b6-4c55-9c2d-f7414844ad7b/userFiles-f44c9f20-bd42-43a3-b49a-55e28efaa9ff/org.xerial.snappy_snappy-java-1.1.8.2.jar
[2023-01-29T08:08:39.449+0000] {spark_submit.py:495} INFO - 23/01/29 08:08:39 INFO Executor: Fetching file:///home/***/.ivy2/jars/org.mongodb_mongodb-driver-core-4.0.5.jar with timestamp 1674979718585
[2023-01-29T08:08:39.451+0000] {spark_submit.py:495} INFO - 23/01/29 08:08:39 INFO Utils: /home/***/.ivy2/jars/org.mongodb_mongodb-driver-core-4.0.5.jar has been previously copied to /tmp/spark-913aac61-a4b6-4c55-9c2d-f7414844ad7b/userFiles-f44c9f20-bd42-43a3-b49a-55e28efaa9ff/org.mongodb_mongodb-driver-core-4.0.5.jar
[2023-01-29T08:08:39.455+0000] {spark_submit.py:495} INFO - 23/01/29 08:08:39 INFO Executor: Fetching file:///home/***/.ivy2/jars/org.apache.spark_spark-sql-kafka-0-10_2.12-3.1.3.jar with timestamp 1674979718585
[2023-01-29T08:08:39.455+0000] {spark_submit.py:495} INFO - 23/01/29 08:08:39 INFO Utils: /home/***/.ivy2/jars/org.apache.spark_spark-sql-kafka-0-10_2.12-3.1.3.jar has been previously copied to /tmp/spark-913aac61-a4b6-4c55-9c2d-f7414844ad7b/userFiles-f44c9f20-bd42-43a3-b49a-55e28efaa9ff/org.apache.spark_spark-sql-kafka-0-10_2.12-3.1.3.jar
[2023-01-29T08:08:39.459+0000] {spark_submit.py:495} INFO - 23/01/29 08:08:39 INFO Executor: Fetching file:///home/***/.ivy2/jars/org.mongodb.spark_mongo-spark-connector_2.12-3.0.1.jar with timestamp 1674979718585
[2023-01-29T08:08:39.459+0000] {spark_submit.py:495} INFO - 23/01/29 08:08:39 INFO Utils: /home/***/.ivy2/jars/org.mongodb.spark_mongo-spark-connector_2.12-3.0.1.jar has been previously copied to /tmp/spark-913aac61-a4b6-4c55-9c2d-f7414844ad7b/userFiles-f44c9f20-bd42-43a3-b49a-55e28efaa9ff/org.mongodb.spark_mongo-spark-connector_2.12-3.0.1.jar
[2023-01-29T08:08:39.464+0000] {spark_submit.py:495} INFO - 23/01/29 08:08:39 INFO Executor: Fetching file:///home/***/.ivy2/jars/org.apache.commons_commons-pool2-2.6.2.jar with timestamp 1674979718585
[2023-01-29T08:08:39.464+0000] {spark_submit.py:495} INFO - 23/01/29 08:08:39 INFO Utils: /home/***/.ivy2/jars/org.apache.commons_commons-pool2-2.6.2.jar has been previously copied to /tmp/spark-913aac61-a4b6-4c55-9c2d-f7414844ad7b/userFiles-f44c9f20-bd42-43a3-b49a-55e28efaa9ff/org.apache.commons_commons-pool2-2.6.2.jar
[2023-01-29T08:08:39.468+0000] {spark_submit.py:495} INFO - 23/01/29 08:08:39 INFO Executor: Fetching file:///home/***/.ivy2/jars/org.slf4j_slf4j-api-1.7.30.jar with timestamp 1674979718585
[2023-01-29T08:08:39.468+0000] {spark_submit.py:495} INFO - 23/01/29 08:08:39 INFO Utils: /home/***/.ivy2/jars/org.slf4j_slf4j-api-1.7.30.jar has been previously copied to /tmp/spark-913aac61-a4b6-4c55-9c2d-f7414844ad7b/userFiles-f44c9f20-bd42-43a3-b49a-55e28efaa9ff/org.slf4j_slf4j-api-1.7.30.jar
[2023-01-29T08:08:39.472+0000] {spark_submit.py:495} INFO - 23/01/29 08:08:39 INFO Executor: Fetching spark://15c99fd3082a:46585/jars/org.apache.spark_spark-sql-kafka-0-10_2.12-3.1.3.jar with timestamp 1674979718585
[2023-01-29T08:08:39.508+0000] {spark_submit.py:495} INFO - 23/01/29 08:08:39 INFO TransportClientFactory: Successfully created connection to 15c99fd3082a/172.20.0.4:46585 after 22 ms (0 ms spent in bootstraps)
[2023-01-29T08:08:39.516+0000] {spark_submit.py:495} INFO - 23/01/29 08:08:39 INFO Utils: Fetching spark://15c99fd3082a:46585/jars/org.apache.spark_spark-sql-kafka-0-10_2.12-3.1.3.jar to /tmp/spark-913aac61-a4b6-4c55-9c2d-f7414844ad7b/userFiles-f44c9f20-bd42-43a3-b49a-55e28efaa9ff/fetchFileTemp1795769781041322053.tmp
[2023-01-29T08:08:39.553+0000] {spark_submit.py:495} INFO - 23/01/29 08:08:39 INFO Utils: /tmp/spark-913aac61-a4b6-4c55-9c2d-f7414844ad7b/userFiles-f44c9f20-bd42-43a3-b49a-55e28efaa9ff/fetchFileTemp1795769781041322053.tmp has been previously copied to /tmp/spark-913aac61-a4b6-4c55-9c2d-f7414844ad7b/userFiles-f44c9f20-bd42-43a3-b49a-55e28efaa9ff/org.apache.spark_spark-sql-kafka-0-10_2.12-3.1.3.jar
[2023-01-29T08:08:39.557+0000] {spark_submit.py:495} INFO - 23/01/29 08:08:39 INFO Executor: Adding file:/tmp/spark-913aac61-a4b6-4c55-9c2d-f7414844ad7b/userFiles-f44c9f20-bd42-43a3-b49a-55e28efaa9ff/org.apache.spark_spark-sql-kafka-0-10_2.12-3.1.3.jar to class loader
[2023-01-29T08:08:39.558+0000] {spark_submit.py:495} INFO - 23/01/29 08:08:39 INFO Executor: Fetching spark://15c99fd3082a:46585/jars/org.lz4_lz4-java-1.7.1.jar with timestamp 1674979718585
[2023-01-29T08:08:39.558+0000] {spark_submit.py:495} INFO - 23/01/29 08:08:39 INFO Utils: Fetching spark://15c99fd3082a:46585/jars/org.lz4_lz4-java-1.7.1.jar to /tmp/spark-913aac61-a4b6-4c55-9c2d-f7414844ad7b/userFiles-f44c9f20-bd42-43a3-b49a-55e28efaa9ff/fetchFileTemp2359730467317274240.tmp
[2023-01-29T08:08:39.564+0000] {spark_submit.py:495} INFO - 23/01/29 08:08:39 INFO Utils: /tmp/spark-913aac61-a4b6-4c55-9c2d-f7414844ad7b/userFiles-f44c9f20-bd42-43a3-b49a-55e28efaa9ff/fetchFileTemp2359730467317274240.tmp has been previously copied to /tmp/spark-913aac61-a4b6-4c55-9c2d-f7414844ad7b/userFiles-f44c9f20-bd42-43a3-b49a-55e28efaa9ff/org.lz4_lz4-java-1.7.1.jar
[2023-01-29T08:08:39.568+0000] {spark_submit.py:495} INFO - 23/01/29 08:08:39 INFO Executor: Adding file:/tmp/spark-913aac61-a4b6-4c55-9c2d-f7414844ad7b/userFiles-f44c9f20-bd42-43a3-b49a-55e28efaa9ff/org.lz4_lz4-java-1.7.1.jar to class loader
[2023-01-29T08:08:39.568+0000] {spark_submit.py:495} INFO - 23/01/29 08:08:39 INFO Executor: Fetching spark://15c99fd3082a:46585/jars/org.apache.commons_commons-pool2-2.6.2.jar with timestamp 1674979718585
[2023-01-29T08:08:39.568+0000] {spark_submit.py:495} INFO - 23/01/29 08:08:39 INFO Utils: Fetching spark://15c99fd3082a:46585/jars/org.apache.commons_commons-pool2-2.6.2.jar to /tmp/spark-913aac61-a4b6-4c55-9c2d-f7414844ad7b/userFiles-f44c9f20-bd42-43a3-b49a-55e28efaa9ff/fetchFileTemp1976100681857629220.tmp
[2023-01-29T08:08:39.571+0000] {spark_submit.py:495} INFO - 23/01/29 08:08:39 INFO Utils: /tmp/spark-913aac61-a4b6-4c55-9c2d-f7414844ad7b/userFiles-f44c9f20-bd42-43a3-b49a-55e28efaa9ff/fetchFileTemp1976100681857629220.tmp has been previously copied to /tmp/spark-913aac61-a4b6-4c55-9c2d-f7414844ad7b/userFiles-f44c9f20-bd42-43a3-b49a-55e28efaa9ff/org.apache.commons_commons-pool2-2.6.2.jar
[2023-01-29T08:08:39.577+0000] {spark_submit.py:495} INFO - 23/01/29 08:08:39 INFO Executor: Adding file:/tmp/spark-913aac61-a4b6-4c55-9c2d-f7414844ad7b/userFiles-f44c9f20-bd42-43a3-b49a-55e28efaa9ff/org.apache.commons_commons-pool2-2.6.2.jar to class loader
[2023-01-29T08:08:39.577+0000] {spark_submit.py:495} INFO - 23/01/29 08:08:39 INFO Executor: Fetching spark://15c99fd3082a:46585/jars/org.apache.spark_spark-token-provider-kafka-0-10_2.12-3.1.3.jar with timestamp 1674979718585
[2023-01-29T08:08:39.577+0000] {spark_submit.py:495} INFO - 23/01/29 08:08:39 INFO Utils: Fetching spark://15c99fd3082a:46585/jars/org.apache.spark_spark-token-provider-kafka-0-10_2.12-3.1.3.jar to /tmp/spark-913aac61-a4b6-4c55-9c2d-f7414844ad7b/userFiles-f44c9f20-bd42-43a3-b49a-55e28efaa9ff/fetchFileTemp1638711065331822164.tmp
[2023-01-29T08:08:39.579+0000] {spark_submit.py:495} INFO - 23/01/29 08:08:39 INFO Utils: /tmp/spark-913aac61-a4b6-4c55-9c2d-f7414844ad7b/userFiles-f44c9f20-bd42-43a3-b49a-55e28efaa9ff/fetchFileTemp1638711065331822164.tmp has been previously copied to /tmp/spark-913aac61-a4b6-4c55-9c2d-f7414844ad7b/userFiles-f44c9f20-bd42-43a3-b49a-55e28efaa9ff/org.apache.spark_spark-token-provider-kafka-0-10_2.12-3.1.3.jar
[2023-01-29T08:08:39.582+0000] {spark_submit.py:495} INFO - 23/01/29 08:08:39 INFO Executor: Adding file:/tmp/spark-913aac61-a4b6-4c55-9c2d-f7414844ad7b/userFiles-f44c9f20-bd42-43a3-b49a-55e28efaa9ff/org.apache.spark_spark-token-provider-kafka-0-10_2.12-3.1.3.jar to class loader
[2023-01-29T08:08:39.582+0000] {spark_submit.py:495} INFO - 23/01/29 08:08:39 INFO Executor: Fetching spark://15c99fd3082a:46585/jars/org.xerial.snappy_snappy-java-1.1.8.2.jar with timestamp 1674979718585
[2023-01-29T08:08:39.583+0000] {spark_submit.py:495} INFO - 23/01/29 08:08:39 INFO Utils: Fetching spark://15c99fd3082a:46585/jars/org.xerial.snappy_snappy-java-1.1.8.2.jar to /tmp/spark-913aac61-a4b6-4c55-9c2d-f7414844ad7b/userFiles-f44c9f20-bd42-43a3-b49a-55e28efaa9ff/fetchFileTemp12194810547065092676.tmp
[2023-01-29T08:08:39.596+0000] {spark_submit.py:495} INFO - 23/01/29 08:08:39 INFO Utils: /tmp/spark-913aac61-a4b6-4c55-9c2d-f7414844ad7b/userFiles-f44c9f20-bd42-43a3-b49a-55e28efaa9ff/fetchFileTemp12194810547065092676.tmp has been previously copied to /tmp/spark-913aac61-a4b6-4c55-9c2d-f7414844ad7b/userFiles-f44c9f20-bd42-43a3-b49a-55e28efaa9ff/org.xerial.snappy_snappy-java-1.1.8.2.jar
[2023-01-29T08:08:39.602+0000] {spark_submit.py:495} INFO - 23/01/29 08:08:39 INFO Executor: Adding file:/tmp/spark-913aac61-a4b6-4c55-9c2d-f7414844ad7b/userFiles-f44c9f20-bd42-43a3-b49a-55e28efaa9ff/org.xerial.snappy_snappy-java-1.1.8.2.jar to class loader
[2023-01-29T08:08:39.602+0000] {spark_submit.py:495} INFO - 23/01/29 08:08:39 INFO Executor: Fetching spark://15c99fd3082a:46585/jars/org.mongodb_mongodb-driver-core-4.0.5.jar with timestamp 1674979718585
[2023-01-29T08:08:39.602+0000] {spark_submit.py:495} INFO - 23/01/29 08:08:39 INFO Utils: Fetching spark://15c99fd3082a:46585/jars/org.mongodb_mongodb-driver-core-4.0.5.jar to /tmp/spark-913aac61-a4b6-4c55-9c2d-f7414844ad7b/userFiles-f44c9f20-bd42-43a3-b49a-55e28efaa9ff/fetchFileTemp903554122008845652.tmp
[2023-01-29T08:08:39.611+0000] {spark_submit.py:495} INFO - 23/01/29 08:08:39 INFO Utils: /tmp/spark-913aac61-a4b6-4c55-9c2d-f7414844ad7b/userFiles-f44c9f20-bd42-43a3-b49a-55e28efaa9ff/fetchFileTemp903554122008845652.tmp has been previously copied to /tmp/spark-913aac61-a4b6-4c55-9c2d-f7414844ad7b/userFiles-f44c9f20-bd42-43a3-b49a-55e28efaa9ff/org.mongodb_mongodb-driver-core-4.0.5.jar
[2023-01-29T08:08:39.616+0000] {spark_submit.py:495} INFO - 23/01/29 08:08:39 INFO Executor: Adding file:/tmp/spark-913aac61-a4b6-4c55-9c2d-f7414844ad7b/userFiles-f44c9f20-bd42-43a3-b49a-55e28efaa9ff/org.mongodb_mongodb-driver-core-4.0.5.jar to class loader
[2023-01-29T08:08:39.617+0000] {spark_submit.py:495} INFO - 23/01/29 08:08:39 INFO Executor: Fetching spark://15c99fd3082a:46585/jars/org.mongodb.spark_mongo-spark-connector_2.12-3.0.1.jar with timestamp 1674979718585
[2023-01-29T08:08:39.618+0000] {spark_submit.py:495} INFO - 23/01/29 08:08:39 INFO Utils: Fetching spark://15c99fd3082a:46585/jars/org.mongodb.spark_mongo-spark-connector_2.12-3.0.1.jar to /tmp/spark-913aac61-a4b6-4c55-9c2d-f7414844ad7b/userFiles-f44c9f20-bd42-43a3-b49a-55e28efaa9ff/fetchFileTemp5998341750743954491.tmp
[2023-01-29T08:08:39.620+0000] {spark_submit.py:495} INFO - 23/01/29 08:08:39 INFO Utils: /tmp/spark-913aac61-a4b6-4c55-9c2d-f7414844ad7b/userFiles-f44c9f20-bd42-43a3-b49a-55e28efaa9ff/fetchFileTemp5998341750743954491.tmp has been previously copied to /tmp/spark-913aac61-a4b6-4c55-9c2d-f7414844ad7b/userFiles-f44c9f20-bd42-43a3-b49a-55e28efaa9ff/org.mongodb.spark_mongo-spark-connector_2.12-3.0.1.jar
[2023-01-29T08:08:39.623+0000] {spark_submit.py:495} INFO - 23/01/29 08:08:39 INFO Executor: Adding file:/tmp/spark-913aac61-a4b6-4c55-9c2d-f7414844ad7b/userFiles-f44c9f20-bd42-43a3-b49a-55e28efaa9ff/org.mongodb.spark_mongo-spark-connector_2.12-3.0.1.jar to class loader
[2023-01-29T08:08:39.624+0000] {spark_submit.py:495} INFO - 23/01/29 08:08:39 INFO Executor: Fetching spark://15c99fd3082a:46585/jars/org.apache.kafka_kafka-clients-2.6.0.jar with timestamp 1674979718585
[2023-01-29T08:08:39.624+0000] {spark_submit.py:495} INFO - 23/01/29 08:08:39 INFO Utils: Fetching spark://15c99fd3082a:46585/jars/org.apache.kafka_kafka-clients-2.6.0.jar to /tmp/spark-913aac61-a4b6-4c55-9c2d-f7414844ad7b/userFiles-f44c9f20-bd42-43a3-b49a-55e28efaa9ff/fetchFileTemp11563866562347171915.tmp
[2023-01-29T08:08:39.635+0000] {spark_submit.py:495} INFO - 23/01/29 08:08:39 INFO Utils: /tmp/spark-913aac61-a4b6-4c55-9c2d-f7414844ad7b/userFiles-f44c9f20-bd42-43a3-b49a-55e28efaa9ff/fetchFileTemp11563866562347171915.tmp has been previously copied to /tmp/spark-913aac61-a4b6-4c55-9c2d-f7414844ad7b/userFiles-f44c9f20-bd42-43a3-b49a-55e28efaa9ff/org.apache.kafka_kafka-clients-2.6.0.jar
[2023-01-29T08:08:39.650+0000] {spark_submit.py:495} INFO - 23/01/29 08:08:39 INFO Executor: Adding file:/tmp/spark-913aac61-a4b6-4c55-9c2d-f7414844ad7b/userFiles-f44c9f20-bd42-43a3-b49a-55e28efaa9ff/org.apache.kafka_kafka-clients-2.6.0.jar to class loader
[2023-01-29T08:08:39.653+0000] {spark_submit.py:495} INFO - 23/01/29 08:08:39 INFO Executor: Fetching spark://15c99fd3082a:46585/jars/com.github.luben_zstd-jni-1.4.8-1.jar with timestamp 1674979718585
[2023-01-29T08:08:39.657+0000] {spark_submit.py:495} INFO - 23/01/29 08:08:39 INFO Utils: Fetching spark://15c99fd3082a:46585/jars/com.github.luben_zstd-jni-1.4.8-1.jar to /tmp/spark-913aac61-a4b6-4c55-9c2d-f7414844ad7b/userFiles-f44c9f20-bd42-43a3-b49a-55e28efaa9ff/fetchFileTemp9291215289253594574.tmp
[2023-01-29T08:08:39.797+0000] {spark_submit.py:495} INFO - 23/01/29 08:08:39 INFO Utils: /tmp/spark-913aac61-a4b6-4c55-9c2d-f7414844ad7b/userFiles-f44c9f20-bd42-43a3-b49a-55e28efaa9ff/fetchFileTemp9291215289253594574.tmp has been previously copied to /tmp/spark-913aac61-a4b6-4c55-9c2d-f7414844ad7b/userFiles-f44c9f20-bd42-43a3-b49a-55e28efaa9ff/com.github.luben_zstd-jni-1.4.8-1.jar
[2023-01-29T08:08:39.810+0000] {spark_submit.py:495} INFO - 23/01/29 08:08:39 INFO Executor: Adding file:/tmp/spark-913aac61-a4b6-4c55-9c2d-f7414844ad7b/userFiles-f44c9f20-bd42-43a3-b49a-55e28efaa9ff/com.github.luben_zstd-jni-1.4.8-1.jar to class loader
[2023-01-29T08:08:39.810+0000] {spark_submit.py:495} INFO - 23/01/29 08:08:39 INFO Executor: Fetching spark://15c99fd3082a:46585/jars/org.slf4j_slf4j-api-1.7.30.jar with timestamp 1674979718585
[2023-01-29T08:08:39.811+0000] {spark_submit.py:495} INFO - 23/01/29 08:08:39 INFO Utils: Fetching spark://15c99fd3082a:46585/jars/org.slf4j_slf4j-api-1.7.30.jar to /tmp/spark-913aac61-a4b6-4c55-9c2d-f7414844ad7b/userFiles-f44c9f20-bd42-43a3-b49a-55e28efaa9ff/fetchFileTemp6556785662077010352.tmp
[2023-01-29T08:08:39.816+0000] {spark_submit.py:495} INFO - 23/01/29 08:08:39 INFO Utils: /tmp/spark-913aac61-a4b6-4c55-9c2d-f7414844ad7b/userFiles-f44c9f20-bd42-43a3-b49a-55e28efaa9ff/fetchFileTemp6556785662077010352.tmp has been previously copied to /tmp/spark-913aac61-a4b6-4c55-9c2d-f7414844ad7b/userFiles-f44c9f20-bd42-43a3-b49a-55e28efaa9ff/org.slf4j_slf4j-api-1.7.30.jar
[2023-01-29T08:08:39.824+0000] {spark_submit.py:495} INFO - 23/01/29 08:08:39 INFO Executor: Adding file:/tmp/spark-913aac61-a4b6-4c55-9c2d-f7414844ad7b/userFiles-f44c9f20-bd42-43a3-b49a-55e28efaa9ff/org.slf4j_slf4j-api-1.7.30.jar to class loader
[2023-01-29T08:08:39.824+0000] {spark_submit.py:495} INFO - 23/01/29 08:08:39 INFO Executor: Fetching spark://15c99fd3082a:46585/jars/org.spark-project.spark_unused-1.0.0.jar with timestamp 1674979718585
[2023-01-29T08:08:39.824+0000] {spark_submit.py:495} INFO - 23/01/29 08:08:39 INFO Utils: Fetching spark://15c99fd3082a:46585/jars/org.spark-project.spark_unused-1.0.0.jar to /tmp/spark-913aac61-a4b6-4c55-9c2d-f7414844ad7b/userFiles-f44c9f20-bd42-43a3-b49a-55e28efaa9ff/fetchFileTemp11416634046552621551.tmp
[2023-01-29T08:08:39.824+0000] {spark_submit.py:495} INFO - 23/01/29 08:08:39 INFO Utils: /tmp/spark-913aac61-a4b6-4c55-9c2d-f7414844ad7b/userFiles-f44c9f20-bd42-43a3-b49a-55e28efaa9ff/fetchFileTemp11416634046552621551.tmp has been previously copied to /tmp/spark-913aac61-a4b6-4c55-9c2d-f7414844ad7b/userFiles-f44c9f20-bd42-43a3-b49a-55e28efaa9ff/org.spark-project.spark_unused-1.0.0.jar
[2023-01-29T08:08:39.828+0000] {spark_submit.py:495} INFO - 23/01/29 08:08:39 INFO Executor: Adding file:/tmp/spark-913aac61-a4b6-4c55-9c2d-f7414844ad7b/userFiles-f44c9f20-bd42-43a3-b49a-55e28efaa9ff/org.spark-project.spark_unused-1.0.0.jar to class loader
[2023-01-29T08:08:39.828+0000] {spark_submit.py:495} INFO - 23/01/29 08:08:39 INFO Executor: Fetching spark://15c99fd3082a:46585/jars/org.mongodb_mongodb-driver-sync-4.0.5.jar with timestamp 1674979718585
[2023-01-29T08:08:39.829+0000] {spark_submit.py:495} INFO - 23/01/29 08:08:39 INFO Utils: Fetching spark://15c99fd3082a:46585/jars/org.mongodb_mongodb-driver-sync-4.0.5.jar to /tmp/spark-913aac61-a4b6-4c55-9c2d-f7414844ad7b/userFiles-f44c9f20-bd42-43a3-b49a-55e28efaa9ff/fetchFileTemp1379475483763063526.tmp
[2023-01-29T08:08:39.830+0000] {spark_submit.py:495} INFO - 23/01/29 08:08:39 INFO Utils: /tmp/spark-913aac61-a4b6-4c55-9c2d-f7414844ad7b/userFiles-f44c9f20-bd42-43a3-b49a-55e28efaa9ff/fetchFileTemp1379475483763063526.tmp has been previously copied to /tmp/spark-913aac61-a4b6-4c55-9c2d-f7414844ad7b/userFiles-f44c9f20-bd42-43a3-b49a-55e28efaa9ff/org.mongodb_mongodb-driver-sync-4.0.5.jar
[2023-01-29T08:08:39.837+0000] {spark_submit.py:495} INFO - 23/01/29 08:08:39 INFO Executor: Adding file:/tmp/spark-913aac61-a4b6-4c55-9c2d-f7414844ad7b/userFiles-f44c9f20-bd42-43a3-b49a-55e28efaa9ff/org.mongodb_mongodb-driver-sync-4.0.5.jar to class loader
[2023-01-29T08:08:39.839+0000] {spark_submit.py:495} INFO - 23/01/29 08:08:39 INFO Executor: Fetching spark://15c99fd3082a:46585/jars/org.mongodb_bson-4.0.5.jar with timestamp 1674979718585
[2023-01-29T08:08:39.839+0000] {spark_submit.py:495} INFO - 23/01/29 08:08:39 INFO Utils: Fetching spark://15c99fd3082a:46585/jars/org.mongodb_bson-4.0.5.jar to /tmp/spark-913aac61-a4b6-4c55-9c2d-f7414844ad7b/userFiles-f44c9f20-bd42-43a3-b49a-55e28efaa9ff/fetchFileTemp9868487631855548500.tmp
[2023-01-29T08:08:39.842+0000] {spark_submit.py:495} INFO - 23/01/29 08:08:39 INFO Utils: /tmp/spark-913aac61-a4b6-4c55-9c2d-f7414844ad7b/userFiles-f44c9f20-bd42-43a3-b49a-55e28efaa9ff/fetchFileTemp9868487631855548500.tmp has been previously copied to /tmp/spark-913aac61-a4b6-4c55-9c2d-f7414844ad7b/userFiles-f44c9f20-bd42-43a3-b49a-55e28efaa9ff/org.mongodb_bson-4.0.5.jar
[2023-01-29T08:08:39.846+0000] {spark_submit.py:495} INFO - 23/01/29 08:08:39 INFO Executor: Adding file:/tmp/spark-913aac61-a4b6-4c55-9c2d-f7414844ad7b/userFiles-f44c9f20-bd42-43a3-b49a-55e28efaa9ff/org.mongodb_bson-4.0.5.jar to class loader
[2023-01-29T08:08:39.852+0000] {spark_submit.py:495} INFO - 23/01/29 08:08:39 INFO Utils: Successfully started service 'org.apache.spark.network.netty.NettyBlockTransferService' on port 35545.
[2023-01-29T08:08:39.852+0000] {spark_submit.py:495} INFO - 23/01/29 08:08:39 INFO NettyBlockTransferService: Server created on 15c99fd3082a:35545
[2023-01-29T08:08:39.853+0000] {spark_submit.py:495} INFO - 23/01/29 08:08:39 INFO BlockManager: Using org.apache.spark.storage.RandomBlockReplicationPolicy for block replication policy
[2023-01-29T08:08:39.858+0000] {spark_submit.py:495} INFO - 23/01/29 08:08:39 INFO BlockManagerMaster: Registering BlockManager BlockManagerId(driver, 15c99fd3082a, 35545, None)
[2023-01-29T08:08:39.861+0000] {spark_submit.py:495} INFO - 23/01/29 08:08:39 INFO BlockManagerMasterEndpoint: Registering block manager 15c99fd3082a:35545 with 434.4 MiB RAM, BlockManagerId(driver, 15c99fd3082a, 35545, None)
[2023-01-29T08:08:39.862+0000] {spark_submit.py:495} INFO - 23/01/29 08:08:39 INFO BlockManagerMaster: Registered BlockManager BlockManagerId(driver, 15c99fd3082a, 35545, None)
[2023-01-29T08:08:39.865+0000] {spark_submit.py:495} INFO - 23/01/29 08:08:39 INFO BlockManager: Initialized BlockManager: BlockManagerId(driver, 15c99fd3082a, 35545, None)
[2023-01-29T08:08:43.517+0000] {spark_submit.py:495} INFO - Traceback (most recent call last):
[2023-01-29T08:08:43.520+0000] {spark_submit.py:495} INFO - File "/opt/***/dags/consumerSpark.py", line 108, in <module>
[2023-01-29T08:08:43.520+0000] {spark_submit.py:495} INFO - .format("console") \
[2023-01-29T08:08:43.520+0000] {spark_submit.py:495} INFO - File "/home/***/.local/lib/python3.7/site-packages/pyspark/python/lib/pyspark.zip/pyspark/sql/streaming.py", line 1389, in start
[2023-01-29T08:08:43.520+0000] {spark_submit.py:495} INFO - File "/home/***/.local/lib/python3.7/site-packages/pyspark/python/lib/py4j-0.10.9.5-src.zip/py4j/java_gateway.py", line 1322, in __call__
[2023-01-29T08:08:43.520+0000] {spark_submit.py:495} INFO - File "/home/***/.local/lib/python3.7/site-packages/pyspark/python/lib/pyspark.zip/pyspark/sql/utils.py", line 196, in deco
[2023-01-29T08:08:43.524+0000] {spark_submit.py:495} INFO - pyspark.sql.utils.AnalysisException: Complete output mode not supported when there are no streaming aggregations on streaming DataFrames/Datasets;
[2023-01-29T08:08:43.525+0000] {spark_submit.py:495} INFO - Project [id#25, nameOfProduct#26, price#27, ProductStatus#28, SellerName#29, RegistrationDate#30, QuantitySold#31, QuantityAvailable#32, Free shipping?#41, CASE WHEN ((price#27 > cast(10000 as float)) AND (QuantitySold#31 > 500)) THEN 5.0 WHEN ((price#27 > cast(5000 as float)) AND (QuantitySold#31 <= 500)) THEN 4.5 WHEN ((price#27 >= cast(8500 as float)) AND (QuantitySold#31 > 50)) THEN 4.0 WHEN ((price#27 >= cast(1000 as float)) AND (QuantitySold#31 <= 250)) THEN 3.5 ELSE 3.0 END AS Store ratings#51]
[2023-01-29T08:08:43.525+0000] {spark_submit.py:495} INFO - +- Project [id#25, nameOfProduct#26, price#27, ProductStatus#28, SellerName#29, RegistrationDate#30, QuantitySold#31, QuantityAvailable#32, CASE WHEN (price#27 >= cast(25000 as float)) THEN Your shipment arrives today WHEN ((price#27 >= cast(15000 as float)) AND (price#27 < cast(25000 as float))) THEN Your shipment arrives tomorrow WHEN ((price#27 >= cast(5000 as float)) AND (price#27 <= cast(3500 as float))) THEN It arrives in a few days ELSE You have to pay the shipping END AS Free shipping?#41]
[2023-01-29T08:08:43.525+0000] {spark_submit.py:495} INFO - +- Filter (RegistrationDate#30 > cast(2010 as timestamp))
[2023-01-29T08:08:43.525+0000] {spark_submit.py:495} INFO - +- Project [data#23.id AS id#25, data#23.nameOfProduct AS nameOfProduct#26, data#23.price AS price#27, data#23.ProductStatus AS ProductStatus#28, data#23.SellerName AS SellerName#29, data#23.RegistrationDate AS RegistrationDate#30, data#23.QuantitySold AS QuantitySold#31, data#23.QuantityAvailable AS QuantityAvailable#32]
[2023-01-29T08:08:43.525+0000] {spark_submit.py:495} INFO - +- Project [from_json(StructField(id,StringType,true), StructField(nameOfProduct,StringType,true), StructField(price,FloatType,true), StructField(ProductStatus,StringType,true), StructField(SellerName,StringType,true), StructField(RegistrationDate,TimestampType,true), StructField(QuantitySold,IntegerType,true), StructField(QuantityAvailable,IntegerType,true), value#21, Some(Etc/UTC)) AS data#23]
[2023-01-29T08:08:43.525+0000] {spark_submit.py:495} INFO - +- Project [cast(value#8 as string) AS value#21]
[2023-01-29T08:08:43.525+0000] {spark_submit.py:495} INFO - +- StreamingRelationV2 org.apache.spark.sql.kafka010.KafkaSourceProvider@4609d78e, kafka, org.apache.spark.sql.kafka010.KafkaSourceProvider$KafkaTable@34181fc5, [kafka.bootstrap.servers=172.17.0.1:9092, subscribe=myTopic], [key#7, value#8, topic#9, partition#10, offset#11L, timestamp#12, timestampType#13], StreamingRelation DataSource(org.apache.spark.sql.SparkSession@33b67c38,kafka,List(),None,List(),None,Map(kafka.bootstrap.servers -> 172.17.0.1:9092, subscribe -> myTopic),None), kafka, [key#0, value#1, topic#2, partition#3, offset#4L, timestamp#5, timestampType#6]
[2023-01-29T08:08:43.525+0000] {spark_submit.py:495} INFO - 
[2023-01-29T08:08:43.709+0000] {taskinstance.py:1772} ERROR - Task failed with exception
Traceback (most recent call last):
  File "/home/airflow/.local/lib/python3.7/site-packages/airflow/providers/apache/spark/operators/spark_submit.py", line 157, in execute
    self._hook.submit(self._application)
  File "/home/airflow/.local/lib/python3.7/site-packages/airflow/providers/apache/spark/hooks/spark_submit.py", line 427, in submit
    f"Cannot execute: {self._mask_cmd(spark_submit_cmd)}. Error code is: {returncode}."
airflow.exceptions.AirflowException: Cannot execute: spark-submit --master spark://tomi-H310:7077 --packages org.apache.spark:spark-sql-kafka-0-10_2.12:3.1.3,org.mongodb.spark:mongo-spark-connector_2.12:3.0.1 --name arrow-spark --queue root.default /opt/***/dags/consumerSpark.py. Error code is: 1.
[2023-01-29T08:08:43.711+0000] {taskinstance.py:1327} INFO - Marking task as UP_FOR_RETRY. dag_id=Streaming_pipeline_meli, task_id=consumer_data_of_topic, execution_date=20230127T184927, start_date=20230129T080834, end_date=20230129T080843
[2023-01-29T08:08:43.725+0000] {standard_task_runner.py:105} ERROR - Failed to execute job 1198 for task consumer_data_of_topic (Cannot execute: spark-submit --master spark://tomi-H310:7077 --packages org.apache.spark:spark-sql-kafka-0-10_2.12:3.1.3,org.mongodb.spark:mongo-spark-connector_2.12:3.0.1 --name arrow-spark --queue root.default /opt/***/dags/consumerSpark.py. Error code is: 1.; 18875)
[2023-01-29T08:08:43.735+0000] {local_task_job.py:159} INFO - Task exited with return code 1
[2023-01-29T08:08:43.748+0000] {taskinstance.py:2582} INFO - 0 downstream tasks scheduled from follow-on schedule check
