[2023-01-29T07:51:28.144+0000] {taskinstance.py:1087} INFO - Dependencies all met for <TaskInstance: Streaming_pipeline_meli.consumer_data_of_topic manual__2023-01-27T18:49:27.597637+00:00 [queued]>
[2023-01-29T07:51:28.153+0000] {taskinstance.py:1087} INFO - Dependencies all met for <TaskInstance: Streaming_pipeline_meli.consumer_data_of_topic manual__2023-01-27T18:49:27.597637+00:00 [queued]>
[2023-01-29T07:51:28.153+0000] {taskinstance.py:1283} INFO - 
--------------------------------------------------------------------------------
[2023-01-29T07:51:28.154+0000] {taskinstance.py:1284} INFO - Starting attempt 28 of 33
[2023-01-29T07:51:28.154+0000] {taskinstance.py:1285} INFO - 
--------------------------------------------------------------------------------
[2023-01-29T07:51:28.166+0000] {taskinstance.py:1304} INFO - Executing <Task(SparkSubmitOperator): consumer_data_of_topic> on 2023-01-27 18:49:27.597637+00:00
[2023-01-29T07:51:28.170+0000] {standard_task_runner.py:55} INFO - Started process 10351 to run task
[2023-01-29T07:51:28.173+0000] {standard_task_runner.py:82} INFO - Running: ['***', 'tasks', 'run', 'Streaming_pipeline_meli', 'consumer_data_of_topic', 'manual__2023-01-27T18:49:27.597637+00:00', '--job-id', '1192', '--raw', '--subdir', 'DAGS_FOLDER/streamPipeline.py', '--cfg-path', '/tmp/tmphewtahys']
[2023-01-29T07:51:28.174+0000] {standard_task_runner.py:83} INFO - Job 1192: Subtask consumer_data_of_topic
[2023-01-29T07:51:28.235+0000] {task_command.py:389} INFO - Running <TaskInstance: Streaming_pipeline_meli.consumer_data_of_topic manual__2023-01-27T18:49:27.597637+00:00 [running]> on host 15c99fd3082a
[2023-01-29T07:51:28.298+0000] {taskinstance.py:1513} INFO - Exporting the following env vars:
AIRFLOW_CTX_DAG_OWNER=***
AIRFLOW_CTX_DAG_ID=Streaming_pipeline_meli
AIRFLOW_CTX_TASK_ID=consumer_data_of_topic
AIRFLOW_CTX_EXECUTION_DATE=2023-01-27T18:49:27.597637+00:00
AIRFLOW_CTX_TRY_NUMBER=28
AIRFLOW_CTX_DAG_RUN_ID=manual__2023-01-27T18:49:27.597637+00:00
[2023-01-29T07:51:28.305+0000] {base.py:73} INFO - Using connection ID 'spark_default' for task execution.
[2023-01-29T07:51:28.306+0000] {spark_submit.py:344} INFO - Spark-Submit cmd: spark-submit --master spark://tomi-H310:7077 --packages org.apache.spark:spark-sql-kafka-0-10_2.12:3.1.3,org.mongodb.spark:mongo-spark-connector_2.12:3.0.1 --name arrow-spark --queue root.default /opt/***/dags/consumerSpark.py
[2023-01-29T07:51:28.414+0000] {spark_submit.py:495} INFO - /home/***/.local/lib/python3.7/site-packages/pyspark/bin/load-spark-env.sh: line 68: ps: command not found
[2023-01-29T07:51:30.003+0000] {spark_submit.py:495} INFO - :: loading settings :: url = jar:file:/home/***/.local/lib/python3.7/site-packages/pyspark/jars/ivy-2.5.0.jar!/org/apache/ivy/core/settings/ivysettings.xml
[2023-01-29T07:51:30.062+0000] {spark_submit.py:495} INFO - Ivy Default Cache set to: /home/***/.ivy2/cache
[2023-01-29T07:51:30.062+0000] {spark_submit.py:495} INFO - The jars for the packages stored in: /home/***/.ivy2/jars
[2023-01-29T07:51:30.067+0000] {spark_submit.py:495} INFO - org.apache.spark#spark-sql-kafka-0-10_2.12 added as a dependency
[2023-01-29T07:51:30.067+0000] {spark_submit.py:495} INFO - org.mongodb.spark#mongo-spark-connector_2.12 added as a dependency
[2023-01-29T07:51:30.068+0000] {spark_submit.py:495} INFO - :: resolving dependencies :: org.apache.spark#spark-submit-parent-9efdedfa-0503-47b3-b9d4-5054ba4043ac;1.0
[2023-01-29T07:51:30.069+0000] {spark_submit.py:495} INFO - confs: [default]
[2023-01-29T07:51:30.205+0000] {spark_submit.py:495} INFO - found org.apache.spark#spark-sql-kafka-0-10_2.12;3.1.3 in central
[2023-01-29T07:51:30.257+0000] {spark_submit.py:495} INFO - found org.apache.spark#spark-token-provider-kafka-0-10_2.12;3.1.3 in central
[2023-01-29T07:51:30.280+0000] {spark_submit.py:495} INFO - found org.apache.kafka#kafka-clients;2.6.0 in central
[2023-01-29T07:51:30.303+0000] {spark_submit.py:495} INFO - found com.github.luben#zstd-jni;1.4.8-1 in central
[2023-01-29T07:51:30.319+0000] {spark_submit.py:495} INFO - found org.lz4#lz4-java;1.7.1 in central
[2023-01-29T07:51:30.334+0000] {spark_submit.py:495} INFO - found org.xerial.snappy#snappy-java;1.1.8.2 in central
[2023-01-29T07:51:30.347+0000] {spark_submit.py:495} INFO - found org.slf4j#slf4j-api;1.7.30 in central
[2023-01-29T07:51:30.358+0000] {spark_submit.py:495} INFO - found org.spark-project.spark#unused;1.0.0 in central
[2023-01-29T07:51:30.372+0000] {spark_submit.py:495} INFO - found org.apache.commons#commons-pool2;2.6.2 in central
[2023-01-29T07:51:30.382+0000] {spark_submit.py:495} INFO - found org.mongodb.spark#mongo-spark-connector_2.12;3.0.1 in central
[2023-01-29T07:51:30.391+0000] {spark_submit.py:495} INFO - found org.mongodb#mongodb-driver-sync;4.0.5 in central
[2023-01-29T07:51:30.400+0000] {spark_submit.py:495} INFO - found org.mongodb#bson;4.0.5 in central
[2023-01-29T07:51:30.409+0000] {spark_submit.py:495} INFO - found org.mongodb#mongodb-driver-core;4.0.5 in central
[2023-01-29T07:51:30.431+0000] {spark_submit.py:495} INFO - :: resolution report :: resolve 352ms :: artifacts dl 11ms
[2023-01-29T07:51:30.432+0000] {spark_submit.py:495} INFO - :: modules in use:
[2023-01-29T07:51:30.432+0000] {spark_submit.py:495} INFO - com.github.luben#zstd-jni;1.4.8-1 from central in [default]
[2023-01-29T07:51:30.432+0000] {spark_submit.py:495} INFO - org.apache.commons#commons-pool2;2.6.2 from central in [default]
[2023-01-29T07:51:30.433+0000] {spark_submit.py:495} INFO - org.apache.kafka#kafka-clients;2.6.0 from central in [default]
[2023-01-29T07:51:30.433+0000] {spark_submit.py:495} INFO - org.apache.spark#spark-sql-kafka-0-10_2.12;3.1.3 from central in [default]
[2023-01-29T07:51:30.433+0000] {spark_submit.py:495} INFO - org.apache.spark#spark-token-provider-kafka-0-10_2.12;3.1.3 from central in [default]
[2023-01-29T07:51:30.433+0000] {spark_submit.py:495} INFO - org.lz4#lz4-java;1.7.1 from central in [default]
[2023-01-29T07:51:30.433+0000] {spark_submit.py:495} INFO - org.mongodb#bson;4.0.5 from central in [default]
[2023-01-29T07:51:30.434+0000] {spark_submit.py:495} INFO - org.mongodb#mongodb-driver-core;4.0.5 from central in [default]
[2023-01-29T07:51:30.434+0000] {spark_submit.py:495} INFO - org.mongodb#mongodb-driver-sync;4.0.5 from central in [default]
[2023-01-29T07:51:30.434+0000] {spark_submit.py:495} INFO - org.mongodb.spark#mongo-spark-connector_2.12;3.0.1 from central in [default]
[2023-01-29T07:51:30.434+0000] {spark_submit.py:495} INFO - org.slf4j#slf4j-api;1.7.30 from central in [default]
[2023-01-29T07:51:30.435+0000] {spark_submit.py:495} INFO - org.spark-project.spark#unused;1.0.0 from central in [default]
[2023-01-29T07:51:30.435+0000] {spark_submit.py:495} INFO - org.xerial.snappy#snappy-java;1.1.8.2 from central in [default]
[2023-01-29T07:51:30.435+0000] {spark_submit.py:495} INFO - ---------------------------------------------------------------------
[2023-01-29T07:51:30.435+0000] {spark_submit.py:495} INFO - |                  |            modules            ||   artifacts   |
[2023-01-29T07:51:30.435+0000] {spark_submit.py:495} INFO - |       conf       | number| search|dwnlded|evicted|| number|dwnlded|
[2023-01-29T07:51:30.436+0000] {spark_submit.py:495} INFO - ---------------------------------------------------------------------
[2023-01-29T07:51:30.436+0000] {spark_submit.py:495} INFO - |      default     |   13  |   0   |   0   |   0   ||   13  |   0   |
[2023-01-29T07:51:30.436+0000] {spark_submit.py:495} INFO - ---------------------------------------------------------------------
[2023-01-29T07:51:30.441+0000] {spark_submit.py:495} INFO - :: retrieving :: org.apache.spark#spark-submit-parent-9efdedfa-0503-47b3-b9d4-5054ba4043ac
[2023-01-29T07:51:30.442+0000] {spark_submit.py:495} INFO - confs: [default]
[2023-01-29T07:51:30.468+0000] {spark_submit.py:495} INFO - 0 artifacts copied, 13 already retrieved (0kB/23ms)
[2023-01-29T07:51:30.739+0000] {spark_submit.py:495} INFO - 23/01/29 07:51:30 WARN NativeCodeLoader: Unable to load native-hadoop library for your platform... using builtin-java classes where applicable
[2023-01-29T07:51:32.091+0000] {spark_submit.py:495} INFO - 23/01/29 07:51:32 INFO SparkContext: Running Spark version 3.3.1
[2023-01-29T07:51:32.119+0000] {spark_submit.py:495} INFO - 23/01/29 07:51:32 INFO ResourceUtils: ==============================================================
[2023-01-29T07:51:32.120+0000] {spark_submit.py:495} INFO - 23/01/29 07:51:32 INFO ResourceUtils: No custom resources configured for spark.driver.
[2023-01-29T07:51:32.121+0000] {spark_submit.py:495} INFO - 23/01/29 07:51:32 INFO ResourceUtils: ==============================================================
[2023-01-29T07:51:32.122+0000] {spark_submit.py:495} INFO - 23/01/29 07:51:32 INFO SparkContext: Submitted application: arrow-spark
[2023-01-29T07:51:32.144+0000] {spark_submit.py:495} INFO - 23/01/29 07:51:32 INFO ResourceProfile: Default ResourceProfile created, executor resources: Map(cores -> name: cores, amount: 1, script: , vendor: , memory -> name: memory, amount: 1024, script: , vendor: , offHeap -> name: offHeap, amount: 0, script: , vendor: ), task resources: Map(cpus -> name: cpus, amount: 1.0)
[2023-01-29T07:51:32.157+0000] {spark_submit.py:495} INFO - 23/01/29 07:51:32 INFO ResourceProfile: Limiting resource is cpu
[2023-01-29T07:51:32.158+0000] {spark_submit.py:495} INFO - 23/01/29 07:51:32 INFO ResourceProfileManager: Added ResourceProfile id: 0
[2023-01-29T07:51:32.213+0000] {spark_submit.py:495} INFO - 23/01/29 07:51:32 INFO SecurityManager: Changing view acls to: default
[2023-01-29T07:51:32.214+0000] {spark_submit.py:495} INFO - 23/01/29 07:51:32 INFO SecurityManager: Changing modify acls to: default
[2023-01-29T07:51:32.215+0000] {spark_submit.py:495} INFO - 23/01/29 07:51:32 INFO SecurityManager: Changing view acls groups to:
[2023-01-29T07:51:32.216+0000] {spark_submit.py:495} INFO - 23/01/29 07:51:32 INFO SecurityManager: Changing modify acls groups to:
[2023-01-29T07:51:32.216+0000] {spark_submit.py:495} INFO - 23/01/29 07:51:32 INFO SecurityManager: SecurityManager: authentication disabled; ui acls disabled; users  with view permissions: Set(default); groups with view permissions: Set(); users  with modify permissions: Set(default); groups with modify permissions: Set()
[2023-01-29T07:51:32.579+0000] {spark_submit.py:495} INFO - 23/01/29 07:51:32 INFO Utils: Successfully started service 'sparkDriver' on port 33689.
[2023-01-29T07:51:32.612+0000] {spark_submit.py:495} INFO - 23/01/29 07:51:32 INFO SparkEnv: Registering MapOutputTracker
[2023-01-29T07:51:32.644+0000] {spark_submit.py:495} INFO - 23/01/29 07:51:32 INFO SparkEnv: Registering BlockManagerMaster
[2023-01-29T07:51:32.659+0000] {spark_submit.py:495} INFO - 23/01/29 07:51:32 INFO BlockManagerMasterEndpoint: Using org.apache.spark.storage.DefaultTopologyMapper for getting topology information
[2023-01-29T07:51:32.660+0000] {spark_submit.py:495} INFO - 23/01/29 07:51:32 INFO BlockManagerMasterEndpoint: BlockManagerMasterEndpoint up
[2023-01-29T07:51:32.666+0000] {spark_submit.py:495} INFO - 23/01/29 07:51:32 INFO SparkEnv: Registering BlockManagerMasterHeartbeat
[2023-01-29T07:51:32.701+0000] {spark_submit.py:495} INFO - 23/01/29 07:51:32 INFO DiskBlockManager: Created local directory at /tmp/blockmgr-e9fe7f96-f107-46e3-b159-4eccfb57738c
[2023-01-29T07:51:32.718+0000] {spark_submit.py:495} INFO - 23/01/29 07:51:32 INFO MemoryStore: MemoryStore started with capacity 434.4 MiB
[2023-01-29T07:51:32.733+0000] {spark_submit.py:495} INFO - 23/01/29 07:51:32 INFO SparkEnv: Registering OutputCommitCoordinator
[2023-01-29T07:51:33.107+0000] {spark_submit.py:495} INFO - 23/01/29 07:51:33 INFO Utils: Successfully started service 'SparkUI' on port 4040.
[2023-01-29T07:51:33.305+0000] {spark_submit.py:495} INFO - 23/01/29 07:51:33 INFO SparkContext: Added JAR file:///home/***/.ivy2/jars/org.apache.spark_spark-sql-kafka-0-10_2.12-3.1.3.jar at spark://15c99fd3082a:33689/jars/org.apache.spark_spark-sql-kafka-0-10_2.12-3.1.3.jar with timestamp 1674978692055
[2023-01-29T07:51:33.307+0000] {spark_submit.py:495} INFO - 23/01/29 07:51:33 INFO SparkContext: Added JAR file:///home/***/.ivy2/jars/org.mongodb.spark_mongo-spark-connector_2.12-3.0.1.jar at spark://15c99fd3082a:33689/jars/org.mongodb.spark_mongo-spark-connector_2.12-3.0.1.jar with timestamp 1674978692055
[2023-01-29T07:51:33.308+0000] {spark_submit.py:495} INFO - 23/01/29 07:51:33 INFO SparkContext: Added JAR file:///home/***/.ivy2/jars/org.apache.spark_spark-token-provider-kafka-0-10_2.12-3.1.3.jar at spark://15c99fd3082a:33689/jars/org.apache.spark_spark-token-provider-kafka-0-10_2.12-3.1.3.jar with timestamp 1674978692055
[2023-01-29T07:51:33.308+0000] {spark_submit.py:495} INFO - 23/01/29 07:51:33 INFO SparkContext: Added JAR file:///home/***/.ivy2/jars/org.apache.kafka_kafka-clients-2.6.0.jar at spark://15c99fd3082a:33689/jars/org.apache.kafka_kafka-clients-2.6.0.jar with timestamp 1674978692055
[2023-01-29T07:51:33.309+0000] {spark_submit.py:495} INFO - 23/01/29 07:51:33 INFO SparkContext: Added JAR file:///home/***/.ivy2/jars/org.apache.commons_commons-pool2-2.6.2.jar at spark://15c99fd3082a:33689/jars/org.apache.commons_commons-pool2-2.6.2.jar with timestamp 1674978692055
[2023-01-29T07:51:33.310+0000] {spark_submit.py:495} INFO - 23/01/29 07:51:33 INFO SparkContext: Added JAR file:///home/***/.ivy2/jars/org.spark-project.spark_unused-1.0.0.jar at spark://15c99fd3082a:33689/jars/org.spark-project.spark_unused-1.0.0.jar with timestamp 1674978692055
[2023-01-29T07:51:33.310+0000] {spark_submit.py:495} INFO - 23/01/29 07:51:33 INFO SparkContext: Added JAR file:///home/***/.ivy2/jars/com.github.luben_zstd-jni-1.4.8-1.jar at spark://15c99fd3082a:33689/jars/com.github.luben_zstd-jni-1.4.8-1.jar with timestamp 1674978692055
[2023-01-29T07:51:33.311+0000] {spark_submit.py:495} INFO - 23/01/29 07:51:33 INFO SparkContext: Added JAR file:///home/***/.ivy2/jars/org.lz4_lz4-java-1.7.1.jar at spark://15c99fd3082a:33689/jars/org.lz4_lz4-java-1.7.1.jar with timestamp 1674978692055
[2023-01-29T07:51:33.311+0000] {spark_submit.py:495} INFO - 23/01/29 07:51:33 INFO SparkContext: Added JAR file:///home/***/.ivy2/jars/org.xerial.snappy_snappy-java-1.1.8.2.jar at spark://15c99fd3082a:33689/jars/org.xerial.snappy_snappy-java-1.1.8.2.jar with timestamp 1674978692055
[2023-01-29T07:51:33.311+0000] {spark_submit.py:495} INFO - 23/01/29 07:51:33 INFO SparkContext: Added JAR file:///home/***/.ivy2/jars/org.slf4j_slf4j-api-1.7.30.jar at spark://15c99fd3082a:33689/jars/org.slf4j_slf4j-api-1.7.30.jar with timestamp 1674978692055
[2023-01-29T07:51:33.311+0000] {spark_submit.py:495} INFO - 23/01/29 07:51:33 INFO SparkContext: Added JAR file:///home/***/.ivy2/jars/org.mongodb_mongodb-driver-sync-4.0.5.jar at spark://15c99fd3082a:33689/jars/org.mongodb_mongodb-driver-sync-4.0.5.jar with timestamp 1674978692055
[2023-01-29T07:51:33.312+0000] {spark_submit.py:495} INFO - 23/01/29 07:51:33 INFO SparkContext: Added JAR file:///home/***/.ivy2/jars/org.mongodb_bson-4.0.5.jar at spark://15c99fd3082a:33689/jars/org.mongodb_bson-4.0.5.jar with timestamp 1674978692055
[2023-01-29T07:51:33.312+0000] {spark_submit.py:495} INFO - 23/01/29 07:51:33 INFO SparkContext: Added JAR file:///home/***/.ivy2/jars/org.mongodb_mongodb-driver-core-4.0.5.jar at spark://15c99fd3082a:33689/jars/org.mongodb_mongodb-driver-core-4.0.5.jar with timestamp 1674978692055
[2023-01-29T07:51:33.320+0000] {spark_submit.py:495} INFO - 23/01/29 07:51:33 INFO SparkContext: Added file file:///home/***/.ivy2/jars/org.apache.spark_spark-sql-kafka-0-10_2.12-3.1.3.jar at file:///home/***/.ivy2/jars/org.apache.spark_spark-sql-kafka-0-10_2.12-3.1.3.jar with timestamp 1674978692055
[2023-01-29T07:51:33.338+0000] {spark_submit.py:495} INFO - 23/01/29 07:51:33 INFO Utils: Copying /home/***/.ivy2/jars/org.apache.spark_spark-sql-kafka-0-10_2.12-3.1.3.jar to /tmp/spark-8c1405cc-f2d8-4e60-8afe-7bfd629ee669/userFiles-2950c29b-1cf0-472f-9a83-0c7cacac9d42/org.apache.spark_spark-sql-kafka-0-10_2.12-3.1.3.jar
[2023-01-29T07:51:33.388+0000] {spark_submit.py:495} INFO - 23/01/29 07:51:33 INFO SparkContext: Added file file:///home/***/.ivy2/jars/org.mongodb.spark_mongo-spark-connector_2.12-3.0.1.jar at file:///home/***/.ivy2/jars/org.mongodb.spark_mongo-spark-connector_2.12-3.0.1.jar with timestamp 1674978692055
[2023-01-29T07:51:33.389+0000] {spark_submit.py:495} INFO - 23/01/29 07:51:33 INFO Utils: Copying /home/***/.ivy2/jars/org.mongodb.spark_mongo-spark-connector_2.12-3.0.1.jar to /tmp/spark-8c1405cc-f2d8-4e60-8afe-7bfd629ee669/userFiles-2950c29b-1cf0-472f-9a83-0c7cacac9d42/org.mongodb.spark_mongo-spark-connector_2.12-3.0.1.jar
[2023-01-29T07:51:33.394+0000] {spark_submit.py:495} INFO - 23/01/29 07:51:33 INFO SparkContext: Added file file:///home/***/.ivy2/jars/org.apache.spark_spark-token-provider-kafka-0-10_2.12-3.1.3.jar at file:///home/***/.ivy2/jars/org.apache.spark_spark-token-provider-kafka-0-10_2.12-3.1.3.jar with timestamp 1674978692055
[2023-01-29T07:51:33.395+0000] {spark_submit.py:495} INFO - 23/01/29 07:51:33 INFO Utils: Copying /home/***/.ivy2/jars/org.apache.spark_spark-token-provider-kafka-0-10_2.12-3.1.3.jar to /tmp/spark-8c1405cc-f2d8-4e60-8afe-7bfd629ee669/userFiles-2950c29b-1cf0-472f-9a83-0c7cacac9d42/org.apache.spark_spark-token-provider-kafka-0-10_2.12-3.1.3.jar
[2023-01-29T07:51:33.400+0000] {spark_submit.py:495} INFO - 23/01/29 07:51:33 INFO SparkContext: Added file file:///home/***/.ivy2/jars/org.apache.kafka_kafka-clients-2.6.0.jar at file:///home/***/.ivy2/jars/org.apache.kafka_kafka-clients-2.6.0.jar with timestamp 1674978692055
[2023-01-29T07:51:33.400+0000] {spark_submit.py:495} INFO - 23/01/29 07:51:33 INFO Utils: Copying /home/***/.ivy2/jars/org.apache.kafka_kafka-clients-2.6.0.jar to /tmp/spark-8c1405cc-f2d8-4e60-8afe-7bfd629ee669/userFiles-2950c29b-1cf0-472f-9a83-0c7cacac9d42/org.apache.kafka_kafka-clients-2.6.0.jar
[2023-01-29T07:51:33.415+0000] {spark_submit.py:495} INFO - 23/01/29 07:51:33 INFO SparkContext: Added file file:///home/***/.ivy2/jars/org.apache.commons_commons-pool2-2.6.2.jar at file:///home/***/.ivy2/jars/org.apache.commons_commons-pool2-2.6.2.jar with timestamp 1674978692055
[2023-01-29T07:51:33.415+0000] {spark_submit.py:495} INFO - 23/01/29 07:51:33 INFO Utils: Copying /home/***/.ivy2/jars/org.apache.commons_commons-pool2-2.6.2.jar to /tmp/spark-8c1405cc-f2d8-4e60-8afe-7bfd629ee669/userFiles-2950c29b-1cf0-472f-9a83-0c7cacac9d42/org.apache.commons_commons-pool2-2.6.2.jar
[2023-01-29T07:51:33.428+0000] {spark_submit.py:495} INFO - 23/01/29 07:51:33 INFO SparkContext: Added file file:///home/***/.ivy2/jars/org.spark-project.spark_unused-1.0.0.jar at file:///home/***/.ivy2/jars/org.spark-project.spark_unused-1.0.0.jar with timestamp 1674978692055
[2023-01-29T07:51:33.429+0000] {spark_submit.py:495} INFO - 23/01/29 07:51:33 INFO Utils: Copying /home/***/.ivy2/jars/org.spark-project.spark_unused-1.0.0.jar to /tmp/spark-8c1405cc-f2d8-4e60-8afe-7bfd629ee669/userFiles-2950c29b-1cf0-472f-9a83-0c7cacac9d42/org.spark-project.spark_unused-1.0.0.jar
[2023-01-29T07:51:33.434+0000] {spark_submit.py:495} INFO - 23/01/29 07:51:33 INFO SparkContext: Added file file:///home/***/.ivy2/jars/com.github.luben_zstd-jni-1.4.8-1.jar at file:///home/***/.ivy2/jars/com.github.luben_zstd-jni-1.4.8-1.jar with timestamp 1674978692055
[2023-01-29T07:51:33.434+0000] {spark_submit.py:495} INFO - 23/01/29 07:51:33 INFO Utils: Copying /home/***/.ivy2/jars/com.github.luben_zstd-jni-1.4.8-1.jar to /tmp/spark-8c1405cc-f2d8-4e60-8afe-7bfd629ee669/userFiles-2950c29b-1cf0-472f-9a83-0c7cacac9d42/com.github.luben_zstd-jni-1.4.8-1.jar
[2023-01-29T07:51:33.461+0000] {spark_submit.py:495} INFO - 23/01/29 07:51:33 INFO SparkContext: Added file file:///home/***/.ivy2/jars/org.lz4_lz4-java-1.7.1.jar at file:///home/***/.ivy2/jars/org.lz4_lz4-java-1.7.1.jar with timestamp 1674978692055
[2023-01-29T07:51:33.462+0000] {spark_submit.py:495} INFO - 23/01/29 07:51:33 INFO Utils: Copying /home/***/.ivy2/jars/org.lz4_lz4-java-1.7.1.jar to /tmp/spark-8c1405cc-f2d8-4e60-8afe-7bfd629ee669/userFiles-2950c29b-1cf0-472f-9a83-0c7cacac9d42/org.lz4_lz4-java-1.7.1.jar
[2023-01-29T07:51:33.470+0000] {spark_submit.py:495} INFO - 23/01/29 07:51:33 INFO SparkContext: Added file file:///home/***/.ivy2/jars/org.xerial.snappy_snappy-java-1.1.8.2.jar at file:///home/***/.ivy2/jars/org.xerial.snappy_snappy-java-1.1.8.2.jar with timestamp 1674978692055
[2023-01-29T07:51:33.470+0000] {spark_submit.py:495} INFO - 23/01/29 07:51:33 INFO Utils: Copying /home/***/.ivy2/jars/org.xerial.snappy_snappy-java-1.1.8.2.jar to /tmp/spark-8c1405cc-f2d8-4e60-8afe-7bfd629ee669/userFiles-2950c29b-1cf0-472f-9a83-0c7cacac9d42/org.xerial.snappy_snappy-java-1.1.8.2.jar
[2023-01-29T07:51:33.475+0000] {spark_submit.py:495} INFO - 23/01/29 07:51:33 INFO SparkContext: Added file file:///home/***/.ivy2/jars/org.slf4j_slf4j-api-1.7.30.jar at file:///home/***/.ivy2/jars/org.slf4j_slf4j-api-1.7.30.jar with timestamp 1674978692055
[2023-01-29T07:51:33.476+0000] {spark_submit.py:495} INFO - 23/01/29 07:51:33 INFO Utils: Copying /home/***/.ivy2/jars/org.slf4j_slf4j-api-1.7.30.jar to /tmp/spark-8c1405cc-f2d8-4e60-8afe-7bfd629ee669/userFiles-2950c29b-1cf0-472f-9a83-0c7cacac9d42/org.slf4j_slf4j-api-1.7.30.jar
[2023-01-29T07:51:33.481+0000] {spark_submit.py:495} INFO - 23/01/29 07:51:33 INFO SparkContext: Added file file:///home/***/.ivy2/jars/org.mongodb_mongodb-driver-sync-4.0.5.jar at file:///home/***/.ivy2/jars/org.mongodb_mongodb-driver-sync-4.0.5.jar with timestamp 1674978692055
[2023-01-29T07:51:33.481+0000] {spark_submit.py:495} INFO - 23/01/29 07:51:33 INFO Utils: Copying /home/***/.ivy2/jars/org.mongodb_mongodb-driver-sync-4.0.5.jar to /tmp/spark-8c1405cc-f2d8-4e60-8afe-7bfd629ee669/userFiles-2950c29b-1cf0-472f-9a83-0c7cacac9d42/org.mongodb_mongodb-driver-sync-4.0.5.jar
[2023-01-29T07:51:33.492+0000] {spark_submit.py:495} INFO - 23/01/29 07:51:33 INFO SparkContext: Added file file:///home/***/.ivy2/jars/org.mongodb_bson-4.0.5.jar at file:///home/***/.ivy2/jars/org.mongodb_bson-4.0.5.jar with timestamp 1674978692055
[2023-01-29T07:51:33.493+0000] {spark_submit.py:495} INFO - 23/01/29 07:51:33 INFO Utils: Copying /home/***/.ivy2/jars/org.mongodb_bson-4.0.5.jar to /tmp/spark-8c1405cc-f2d8-4e60-8afe-7bfd629ee669/userFiles-2950c29b-1cf0-472f-9a83-0c7cacac9d42/org.mongodb_bson-4.0.5.jar
[2023-01-29T07:51:33.506+0000] {spark_submit.py:495} INFO - 23/01/29 07:51:33 INFO SparkContext: Added file file:///home/***/.ivy2/jars/org.mongodb_mongodb-driver-core-4.0.5.jar at file:///home/***/.ivy2/jars/org.mongodb_mongodb-driver-core-4.0.5.jar with timestamp 1674978692055
[2023-01-29T07:51:33.507+0000] {spark_submit.py:495} INFO - 23/01/29 07:51:33 INFO Utils: Copying /home/***/.ivy2/jars/org.mongodb_mongodb-driver-core-4.0.5.jar to /tmp/spark-8c1405cc-f2d8-4e60-8afe-7bfd629ee669/userFiles-2950c29b-1cf0-472f-9a83-0c7cacac9d42/org.mongodb_mongodb-driver-core-4.0.5.jar
[2023-01-29T07:51:33.620+0000] {spark_submit.py:495} INFO - 23/01/29 07:51:33 INFO Executor: Starting executor ID driver on host 15c99fd3082a
[2023-01-29T07:51:33.626+0000] {spark_submit.py:495} INFO - 23/01/29 07:51:33 INFO Executor: Starting executor with user classpath (userClassPathFirst = false): ''
[2023-01-29T07:51:33.641+0000] {spark_submit.py:495} INFO - 23/01/29 07:51:33 INFO Executor: Fetching file:///home/***/.ivy2/jars/org.apache.spark_spark-token-provider-kafka-0-10_2.12-3.1.3.jar with timestamp 1674978692055
[2023-01-29T07:51:33.663+0000] {spark_submit.py:495} INFO - 23/01/29 07:51:33 INFO Utils: /home/***/.ivy2/jars/org.apache.spark_spark-token-provider-kafka-0-10_2.12-3.1.3.jar has been previously copied to /tmp/spark-8c1405cc-f2d8-4e60-8afe-7bfd629ee669/userFiles-2950c29b-1cf0-472f-9a83-0c7cacac9d42/org.apache.spark_spark-token-provider-kafka-0-10_2.12-3.1.3.jar
[2023-01-29T07:51:33.672+0000] {spark_submit.py:495} INFO - 23/01/29 07:51:33 INFO Executor: Fetching file:///home/***/.ivy2/jars/org.mongodb_mongodb-driver-sync-4.0.5.jar with timestamp 1674978692055
[2023-01-29T07:51:33.673+0000] {spark_submit.py:495} INFO - 23/01/29 07:51:33 INFO Utils: /home/***/.ivy2/jars/org.mongodb_mongodb-driver-sync-4.0.5.jar has been previously copied to /tmp/spark-8c1405cc-f2d8-4e60-8afe-7bfd629ee669/userFiles-2950c29b-1cf0-472f-9a83-0c7cacac9d42/org.mongodb_mongodb-driver-sync-4.0.5.jar
[2023-01-29T07:51:33.680+0000] {spark_submit.py:495} INFO - 23/01/29 07:51:33 INFO Executor: Fetching file:///home/***/.ivy2/jars/org.apache.kafka_kafka-clients-2.6.0.jar with timestamp 1674978692055
[2023-01-29T07:51:33.688+0000] {spark_submit.py:495} INFO - 23/01/29 07:51:33 INFO Utils: /home/***/.ivy2/jars/org.apache.kafka_kafka-clients-2.6.0.jar has been previously copied to /tmp/spark-8c1405cc-f2d8-4e60-8afe-7bfd629ee669/userFiles-2950c29b-1cf0-472f-9a83-0c7cacac9d42/org.apache.kafka_kafka-clients-2.6.0.jar
[2023-01-29T07:51:33.708+0000] {spark_submit.py:495} INFO - 23/01/29 07:51:33 INFO Executor: Fetching file:///home/***/.ivy2/jars/org.mongodb_bson-4.0.5.jar with timestamp 1674978692055
[2023-01-29T07:51:33.708+0000] {spark_submit.py:495} INFO - 23/01/29 07:51:33 INFO Utils: /home/***/.ivy2/jars/org.mongodb_bson-4.0.5.jar has been previously copied to /tmp/spark-8c1405cc-f2d8-4e60-8afe-7bfd629ee669/userFiles-2950c29b-1cf0-472f-9a83-0c7cacac9d42/org.mongodb_bson-4.0.5.jar
[2023-01-29T07:51:33.731+0000] {spark_submit.py:495} INFO - 23/01/29 07:51:33 INFO Executor: Fetching file:///home/***/.ivy2/jars/com.github.luben_zstd-jni-1.4.8-1.jar with timestamp 1674978692055
[2023-01-29T07:51:33.742+0000] {spark_submit.py:495} INFO - 23/01/29 07:51:33 INFO Utils: /home/***/.ivy2/jars/com.github.luben_zstd-jni-1.4.8-1.jar has been previously copied to /tmp/spark-8c1405cc-f2d8-4e60-8afe-7bfd629ee669/userFiles-2950c29b-1cf0-472f-9a83-0c7cacac9d42/com.github.luben_zstd-jni-1.4.8-1.jar
[2023-01-29T07:51:33.747+0000] {spark_submit.py:495} INFO - 23/01/29 07:51:33 INFO Executor: Fetching file:///home/***/.ivy2/jars/org.lz4_lz4-java-1.7.1.jar with timestamp 1674978692055
[2023-01-29T07:51:33.750+0000] {spark_submit.py:495} INFO - 23/01/29 07:51:33 INFO Utils: /home/***/.ivy2/jars/org.lz4_lz4-java-1.7.1.jar has been previously copied to /tmp/spark-8c1405cc-f2d8-4e60-8afe-7bfd629ee669/userFiles-2950c29b-1cf0-472f-9a83-0c7cacac9d42/org.lz4_lz4-java-1.7.1.jar
[2023-01-29T07:51:33.755+0000] {spark_submit.py:495} INFO - 23/01/29 07:51:33 INFO Executor: Fetching file:///home/***/.ivy2/jars/org.spark-project.spark_unused-1.0.0.jar with timestamp 1674978692055
[2023-01-29T07:51:33.755+0000] {spark_submit.py:495} INFO - 23/01/29 07:51:33 INFO Utils: /home/***/.ivy2/jars/org.spark-project.spark_unused-1.0.0.jar has been previously copied to /tmp/spark-8c1405cc-f2d8-4e60-8afe-7bfd629ee669/userFiles-2950c29b-1cf0-472f-9a83-0c7cacac9d42/org.spark-project.spark_unused-1.0.0.jar
[2023-01-29T07:51:33.764+0000] {spark_submit.py:495} INFO - 23/01/29 07:51:33 INFO Executor: Fetching file:///home/***/.ivy2/jars/org.xerial.snappy_snappy-java-1.1.8.2.jar with timestamp 1674978692055
[2023-01-29T07:51:33.765+0000] {spark_submit.py:495} INFO - 23/01/29 07:51:33 INFO Utils: /home/***/.ivy2/jars/org.xerial.snappy_snappy-java-1.1.8.2.jar has been previously copied to /tmp/spark-8c1405cc-f2d8-4e60-8afe-7bfd629ee669/userFiles-2950c29b-1cf0-472f-9a83-0c7cacac9d42/org.xerial.snappy_snappy-java-1.1.8.2.jar
[2023-01-29T07:51:33.768+0000] {spark_submit.py:495} INFO - 23/01/29 07:51:33 INFO Executor: Fetching file:///home/***/.ivy2/jars/org.mongodb_mongodb-driver-core-4.0.5.jar with timestamp 1674978692055
[2023-01-29T07:51:33.770+0000] {spark_submit.py:495} INFO - 23/01/29 07:51:33 INFO Utils: /home/***/.ivy2/jars/org.mongodb_mongodb-driver-core-4.0.5.jar has been previously copied to /tmp/spark-8c1405cc-f2d8-4e60-8afe-7bfd629ee669/userFiles-2950c29b-1cf0-472f-9a83-0c7cacac9d42/org.mongodb_mongodb-driver-core-4.0.5.jar
[2023-01-29T07:51:33.777+0000] {spark_submit.py:495} INFO - 23/01/29 07:51:33 INFO Executor: Fetching file:///home/***/.ivy2/jars/org.apache.spark_spark-sql-kafka-0-10_2.12-3.1.3.jar with timestamp 1674978692055
[2023-01-29T07:51:33.778+0000] {spark_submit.py:495} INFO - 23/01/29 07:51:33 INFO Utils: /home/***/.ivy2/jars/org.apache.spark_spark-sql-kafka-0-10_2.12-3.1.3.jar has been previously copied to /tmp/spark-8c1405cc-f2d8-4e60-8afe-7bfd629ee669/userFiles-2950c29b-1cf0-472f-9a83-0c7cacac9d42/org.apache.spark_spark-sql-kafka-0-10_2.12-3.1.3.jar
[2023-01-29T07:51:33.790+0000] {spark_submit.py:495} INFO - 23/01/29 07:51:33 INFO Executor: Fetching file:///home/***/.ivy2/jars/org.mongodb.spark_mongo-spark-connector_2.12-3.0.1.jar with timestamp 1674978692055
[2023-01-29T07:51:33.791+0000] {spark_submit.py:495} INFO - 23/01/29 07:51:33 INFO Utils: /home/***/.ivy2/jars/org.mongodb.spark_mongo-spark-connector_2.12-3.0.1.jar has been previously copied to /tmp/spark-8c1405cc-f2d8-4e60-8afe-7bfd629ee669/userFiles-2950c29b-1cf0-472f-9a83-0c7cacac9d42/org.mongodb.spark_mongo-spark-connector_2.12-3.0.1.jar
[2023-01-29T07:51:33.812+0000] {spark_submit.py:495} INFO - 23/01/29 07:51:33 INFO Executor: Fetching file:///home/***/.ivy2/jars/org.apache.commons_commons-pool2-2.6.2.jar with timestamp 1674978692055
[2023-01-29T07:51:33.813+0000] {spark_submit.py:495} INFO - 23/01/29 07:51:33 INFO Utils: /home/***/.ivy2/jars/org.apache.commons_commons-pool2-2.6.2.jar has been previously copied to /tmp/spark-8c1405cc-f2d8-4e60-8afe-7bfd629ee669/userFiles-2950c29b-1cf0-472f-9a83-0c7cacac9d42/org.apache.commons_commons-pool2-2.6.2.jar
[2023-01-29T07:51:33.817+0000] {spark_submit.py:495} INFO - 23/01/29 07:51:33 INFO Executor: Fetching file:///home/***/.ivy2/jars/org.slf4j_slf4j-api-1.7.30.jar with timestamp 1674978692055
[2023-01-29T07:51:33.822+0000] {spark_submit.py:495} INFO - 23/01/29 07:51:33 INFO Utils: /home/***/.ivy2/jars/org.slf4j_slf4j-api-1.7.30.jar has been previously copied to /tmp/spark-8c1405cc-f2d8-4e60-8afe-7bfd629ee669/userFiles-2950c29b-1cf0-472f-9a83-0c7cacac9d42/org.slf4j_slf4j-api-1.7.30.jar
[2023-01-29T07:51:33.840+0000] {spark_submit.py:495} INFO - 23/01/29 07:51:33 INFO Executor: Fetching spark://15c99fd3082a:33689/jars/org.slf4j_slf4j-api-1.7.30.jar with timestamp 1674978692055
[2023-01-29T07:51:33.984+0000] {spark_submit.py:495} INFO - 23/01/29 07:51:33 INFO TransportClientFactory: Successfully created connection to 15c99fd3082a/172.20.0.4:33689 after 104 ms (0 ms spent in bootstraps)
[2023-01-29T07:51:33.988+0000] {spark_submit.py:495} INFO - 23/01/29 07:51:33 INFO Utils: Fetching spark://15c99fd3082a:33689/jars/org.slf4j_slf4j-api-1.7.30.jar to /tmp/spark-8c1405cc-f2d8-4e60-8afe-7bfd629ee669/userFiles-2950c29b-1cf0-472f-9a83-0c7cacac9d42/fetchFileTemp12188679401649991128.tmp
[2023-01-29T07:51:34.072+0000] {spark_submit.py:495} INFO - 23/01/29 07:51:34 INFO Utils: /tmp/spark-8c1405cc-f2d8-4e60-8afe-7bfd629ee669/userFiles-2950c29b-1cf0-472f-9a83-0c7cacac9d42/fetchFileTemp12188679401649991128.tmp has been previously copied to /tmp/spark-8c1405cc-f2d8-4e60-8afe-7bfd629ee669/userFiles-2950c29b-1cf0-472f-9a83-0c7cacac9d42/org.slf4j_slf4j-api-1.7.30.jar
[2023-01-29T07:51:34.080+0000] {spark_submit.py:495} INFO - 23/01/29 07:51:34 INFO Executor: Adding file:/tmp/spark-8c1405cc-f2d8-4e60-8afe-7bfd629ee669/userFiles-2950c29b-1cf0-472f-9a83-0c7cacac9d42/org.slf4j_slf4j-api-1.7.30.jar to class loader
[2023-01-29T07:51:34.081+0000] {spark_submit.py:495} INFO - 23/01/29 07:51:34 INFO Executor: Fetching spark://15c99fd3082a:33689/jars/org.mongodb_mongodb-driver-sync-4.0.5.jar with timestamp 1674978692055
[2023-01-29T07:51:34.082+0000] {spark_submit.py:495} INFO - 23/01/29 07:51:34 INFO Utils: Fetching spark://15c99fd3082a:33689/jars/org.mongodb_mongodb-driver-sync-4.0.5.jar to /tmp/spark-8c1405cc-f2d8-4e60-8afe-7bfd629ee669/userFiles-2950c29b-1cf0-472f-9a83-0c7cacac9d42/fetchFileTemp16286429564334012263.tmp
[2023-01-29T07:51:34.085+0000] {spark_submit.py:495} INFO - 23/01/29 07:51:34 INFO Utils: /tmp/spark-8c1405cc-f2d8-4e60-8afe-7bfd629ee669/userFiles-2950c29b-1cf0-472f-9a83-0c7cacac9d42/fetchFileTemp16286429564334012263.tmp has been previously copied to /tmp/spark-8c1405cc-f2d8-4e60-8afe-7bfd629ee669/userFiles-2950c29b-1cf0-472f-9a83-0c7cacac9d42/org.mongodb_mongodb-driver-sync-4.0.5.jar
[2023-01-29T07:51:34.090+0000] {spark_submit.py:495} INFO - 23/01/29 07:51:34 INFO Executor: Adding file:/tmp/spark-8c1405cc-f2d8-4e60-8afe-7bfd629ee669/userFiles-2950c29b-1cf0-472f-9a83-0c7cacac9d42/org.mongodb_mongodb-driver-sync-4.0.5.jar to class loader
[2023-01-29T07:51:34.091+0000] {spark_submit.py:495} INFO - 23/01/29 07:51:34 INFO Executor: Fetching spark://15c99fd3082a:33689/jars/org.apache.commons_commons-pool2-2.6.2.jar with timestamp 1674978692055
[2023-01-29T07:51:34.091+0000] {spark_submit.py:495} INFO - 23/01/29 07:51:34 INFO Utils: Fetching spark://15c99fd3082a:33689/jars/org.apache.commons_commons-pool2-2.6.2.jar to /tmp/spark-8c1405cc-f2d8-4e60-8afe-7bfd629ee669/userFiles-2950c29b-1cf0-472f-9a83-0c7cacac9d42/fetchFileTemp14994679195956765258.tmp
[2023-01-29T07:51:34.097+0000] {spark_submit.py:495} INFO - 23/01/29 07:51:34 INFO Utils: /tmp/spark-8c1405cc-f2d8-4e60-8afe-7bfd629ee669/userFiles-2950c29b-1cf0-472f-9a83-0c7cacac9d42/fetchFileTemp14994679195956765258.tmp has been previously copied to /tmp/spark-8c1405cc-f2d8-4e60-8afe-7bfd629ee669/userFiles-2950c29b-1cf0-472f-9a83-0c7cacac9d42/org.apache.commons_commons-pool2-2.6.2.jar
[2023-01-29T07:51:34.101+0000] {spark_submit.py:495} INFO - 23/01/29 07:51:34 INFO Executor: Adding file:/tmp/spark-8c1405cc-f2d8-4e60-8afe-7bfd629ee669/userFiles-2950c29b-1cf0-472f-9a83-0c7cacac9d42/org.apache.commons_commons-pool2-2.6.2.jar to class loader
[2023-01-29T07:51:34.102+0000] {spark_submit.py:495} INFO - 23/01/29 07:51:34 INFO Executor: Fetching spark://15c99fd3082a:33689/jars/org.apache.spark_spark-token-provider-kafka-0-10_2.12-3.1.3.jar with timestamp 1674978692055
[2023-01-29T07:51:34.102+0000] {spark_submit.py:495} INFO - 23/01/29 07:51:34 INFO Utils: Fetching spark://15c99fd3082a:33689/jars/org.apache.spark_spark-token-provider-kafka-0-10_2.12-3.1.3.jar to /tmp/spark-8c1405cc-f2d8-4e60-8afe-7bfd629ee669/userFiles-2950c29b-1cf0-472f-9a83-0c7cacac9d42/fetchFileTemp3926417996786157621.tmp
[2023-01-29T07:51:34.105+0000] {spark_submit.py:495} INFO - 23/01/29 07:51:34 INFO Utils: /tmp/spark-8c1405cc-f2d8-4e60-8afe-7bfd629ee669/userFiles-2950c29b-1cf0-472f-9a83-0c7cacac9d42/fetchFileTemp3926417996786157621.tmp has been previously copied to /tmp/spark-8c1405cc-f2d8-4e60-8afe-7bfd629ee669/userFiles-2950c29b-1cf0-472f-9a83-0c7cacac9d42/org.apache.spark_spark-token-provider-kafka-0-10_2.12-3.1.3.jar
[2023-01-29T07:51:34.111+0000] {spark_submit.py:495} INFO - 23/01/29 07:51:34 INFO Executor: Adding file:/tmp/spark-8c1405cc-f2d8-4e60-8afe-7bfd629ee669/userFiles-2950c29b-1cf0-472f-9a83-0c7cacac9d42/org.apache.spark_spark-token-provider-kafka-0-10_2.12-3.1.3.jar to class loader
[2023-01-29T07:51:34.111+0000] {spark_submit.py:495} INFO - 23/01/29 07:51:34 INFO Executor: Fetching spark://15c99fd3082a:33689/jars/org.mongodb_bson-4.0.5.jar with timestamp 1674978692055
[2023-01-29T07:51:34.111+0000] {spark_submit.py:495} INFO - 23/01/29 07:51:34 INFO Utils: Fetching spark://15c99fd3082a:33689/jars/org.mongodb_bson-4.0.5.jar to /tmp/spark-8c1405cc-f2d8-4e60-8afe-7bfd629ee669/userFiles-2950c29b-1cf0-472f-9a83-0c7cacac9d42/fetchFileTemp8949968418651226612.tmp
[2023-01-29T07:51:34.119+0000] {spark_submit.py:495} INFO - 23/01/29 07:51:34 INFO Utils: /tmp/spark-8c1405cc-f2d8-4e60-8afe-7bfd629ee669/userFiles-2950c29b-1cf0-472f-9a83-0c7cacac9d42/fetchFileTemp8949968418651226612.tmp has been previously copied to /tmp/spark-8c1405cc-f2d8-4e60-8afe-7bfd629ee669/userFiles-2950c29b-1cf0-472f-9a83-0c7cacac9d42/org.mongodb_bson-4.0.5.jar
[2023-01-29T07:51:34.125+0000] {spark_submit.py:495} INFO - 23/01/29 07:51:34 INFO Executor: Adding file:/tmp/spark-8c1405cc-f2d8-4e60-8afe-7bfd629ee669/userFiles-2950c29b-1cf0-472f-9a83-0c7cacac9d42/org.mongodb_bson-4.0.5.jar to class loader
[2023-01-29T07:51:34.125+0000] {spark_submit.py:495} INFO - 23/01/29 07:51:34 INFO Executor: Fetching spark://15c99fd3082a:33689/jars/org.apache.spark_spark-sql-kafka-0-10_2.12-3.1.3.jar with timestamp 1674978692055
[2023-01-29T07:51:34.129+0000] {spark_submit.py:495} INFO - 23/01/29 07:51:34 INFO Utils: Fetching spark://15c99fd3082a:33689/jars/org.apache.spark_spark-sql-kafka-0-10_2.12-3.1.3.jar to /tmp/spark-8c1405cc-f2d8-4e60-8afe-7bfd629ee669/userFiles-2950c29b-1cf0-472f-9a83-0c7cacac9d42/fetchFileTemp158051922904053581.tmp
[2023-01-29T07:51:34.136+0000] {spark_submit.py:495} INFO - 23/01/29 07:51:34 INFO Utils: /tmp/spark-8c1405cc-f2d8-4e60-8afe-7bfd629ee669/userFiles-2950c29b-1cf0-472f-9a83-0c7cacac9d42/fetchFileTemp158051922904053581.tmp has been previously copied to /tmp/spark-8c1405cc-f2d8-4e60-8afe-7bfd629ee669/userFiles-2950c29b-1cf0-472f-9a83-0c7cacac9d42/org.apache.spark_spark-sql-kafka-0-10_2.12-3.1.3.jar
[2023-01-29T07:51:34.140+0000] {spark_submit.py:495} INFO - 23/01/29 07:51:34 INFO Executor: Adding file:/tmp/spark-8c1405cc-f2d8-4e60-8afe-7bfd629ee669/userFiles-2950c29b-1cf0-472f-9a83-0c7cacac9d42/org.apache.spark_spark-sql-kafka-0-10_2.12-3.1.3.jar to class loader
[2023-01-29T07:51:34.140+0000] {spark_submit.py:495} INFO - 23/01/29 07:51:34 INFO Executor: Fetching spark://15c99fd3082a:33689/jars/org.mongodb_mongodb-driver-core-4.0.5.jar with timestamp 1674978692055
[2023-01-29T07:51:34.140+0000] {spark_submit.py:495} INFO - 23/01/29 07:51:34 INFO Utils: Fetching spark://15c99fd3082a:33689/jars/org.mongodb_mongodb-driver-core-4.0.5.jar to /tmp/spark-8c1405cc-f2d8-4e60-8afe-7bfd629ee669/userFiles-2950c29b-1cf0-472f-9a83-0c7cacac9d42/fetchFileTemp5014685262656792713.tmp
[2023-01-29T07:51:34.156+0000] {spark_submit.py:495} INFO - 23/01/29 07:51:34 INFO Utils: /tmp/spark-8c1405cc-f2d8-4e60-8afe-7bfd629ee669/userFiles-2950c29b-1cf0-472f-9a83-0c7cacac9d42/fetchFileTemp5014685262656792713.tmp has been previously copied to /tmp/spark-8c1405cc-f2d8-4e60-8afe-7bfd629ee669/userFiles-2950c29b-1cf0-472f-9a83-0c7cacac9d42/org.mongodb_mongodb-driver-core-4.0.5.jar
[2023-01-29T07:51:34.161+0000] {spark_submit.py:495} INFO - 23/01/29 07:51:34 INFO Executor: Adding file:/tmp/spark-8c1405cc-f2d8-4e60-8afe-7bfd629ee669/userFiles-2950c29b-1cf0-472f-9a83-0c7cacac9d42/org.mongodb_mongodb-driver-core-4.0.5.jar to class loader
[2023-01-29T07:51:34.169+0000] {spark_submit.py:495} INFO - 23/01/29 07:51:34 INFO Executor: Fetching spark://15c99fd3082a:33689/jars/org.xerial.snappy_snappy-java-1.1.8.2.jar with timestamp 1674978692055
[2023-01-29T07:51:34.170+0000] {spark_submit.py:495} INFO - 23/01/29 07:51:34 INFO Utils: Fetching spark://15c99fd3082a:33689/jars/org.xerial.snappy_snappy-java-1.1.8.2.jar to /tmp/spark-8c1405cc-f2d8-4e60-8afe-7bfd629ee669/userFiles-2950c29b-1cf0-472f-9a83-0c7cacac9d42/fetchFileTemp7883699397266712325.tmp
[2023-01-29T07:51:34.187+0000] {spark_submit.py:495} INFO - 23/01/29 07:51:34 INFO Utils: /tmp/spark-8c1405cc-f2d8-4e60-8afe-7bfd629ee669/userFiles-2950c29b-1cf0-472f-9a83-0c7cacac9d42/fetchFileTemp7883699397266712325.tmp has been previously copied to /tmp/spark-8c1405cc-f2d8-4e60-8afe-7bfd629ee669/userFiles-2950c29b-1cf0-472f-9a83-0c7cacac9d42/org.xerial.snappy_snappy-java-1.1.8.2.jar
[2023-01-29T07:51:34.190+0000] {spark_submit.py:495} INFO - 23/01/29 07:51:34 INFO Executor: Adding file:/tmp/spark-8c1405cc-f2d8-4e60-8afe-7bfd629ee669/userFiles-2950c29b-1cf0-472f-9a83-0c7cacac9d42/org.xerial.snappy_snappy-java-1.1.8.2.jar to class loader
[2023-01-29T07:51:34.190+0000] {spark_submit.py:495} INFO - 23/01/29 07:51:34 INFO Executor: Fetching spark://15c99fd3082a:33689/jars/org.lz4_lz4-java-1.7.1.jar with timestamp 1674978692055
[2023-01-29T07:51:34.190+0000] {spark_submit.py:495} INFO - 23/01/29 07:51:34 INFO Utils: Fetching spark://15c99fd3082a:33689/jars/org.lz4_lz4-java-1.7.1.jar to /tmp/spark-8c1405cc-f2d8-4e60-8afe-7bfd629ee669/userFiles-2950c29b-1cf0-472f-9a83-0c7cacac9d42/fetchFileTemp3182781502861133701.tmp
[2023-01-29T07:51:34.198+0000] {spark_submit.py:495} INFO - 23/01/29 07:51:34 INFO Utils: /tmp/spark-8c1405cc-f2d8-4e60-8afe-7bfd629ee669/userFiles-2950c29b-1cf0-472f-9a83-0c7cacac9d42/fetchFileTemp3182781502861133701.tmp has been previously copied to /tmp/spark-8c1405cc-f2d8-4e60-8afe-7bfd629ee669/userFiles-2950c29b-1cf0-472f-9a83-0c7cacac9d42/org.lz4_lz4-java-1.7.1.jar
[2023-01-29T07:51:34.207+0000] {spark_submit.py:495} INFO - 23/01/29 07:51:34 INFO Executor: Adding file:/tmp/spark-8c1405cc-f2d8-4e60-8afe-7bfd629ee669/userFiles-2950c29b-1cf0-472f-9a83-0c7cacac9d42/org.lz4_lz4-java-1.7.1.jar to class loader
[2023-01-29T07:51:34.207+0000] {spark_submit.py:495} INFO - 23/01/29 07:51:34 INFO Executor: Fetching spark://15c99fd3082a:33689/jars/org.apache.kafka_kafka-clients-2.6.0.jar with timestamp 1674978692055
[2023-01-29T07:51:34.209+0000] {spark_submit.py:495} INFO - 23/01/29 07:51:34 INFO Utils: Fetching spark://15c99fd3082a:33689/jars/org.apache.kafka_kafka-clients-2.6.0.jar to /tmp/spark-8c1405cc-f2d8-4e60-8afe-7bfd629ee669/userFiles-2950c29b-1cf0-472f-9a83-0c7cacac9d42/fetchFileTemp2504630398598387511.tmp
[2023-01-29T07:51:34.235+0000] {spark_submit.py:495} INFO - 23/01/29 07:51:34 INFO Utils: /tmp/spark-8c1405cc-f2d8-4e60-8afe-7bfd629ee669/userFiles-2950c29b-1cf0-472f-9a83-0c7cacac9d42/fetchFileTemp2504630398598387511.tmp has been previously copied to /tmp/spark-8c1405cc-f2d8-4e60-8afe-7bfd629ee669/userFiles-2950c29b-1cf0-472f-9a83-0c7cacac9d42/org.apache.kafka_kafka-clients-2.6.0.jar
[2023-01-29T07:51:34.245+0000] {spark_submit.py:495} INFO - 23/01/29 07:51:34 INFO Executor: Adding file:/tmp/spark-8c1405cc-f2d8-4e60-8afe-7bfd629ee669/userFiles-2950c29b-1cf0-472f-9a83-0c7cacac9d42/org.apache.kafka_kafka-clients-2.6.0.jar to class loader
[2023-01-29T07:51:34.246+0000] {spark_submit.py:495} INFO - 23/01/29 07:51:34 INFO Executor: Fetching spark://15c99fd3082a:33689/jars/com.github.luben_zstd-jni-1.4.8-1.jar with timestamp 1674978692055
[2023-01-29T07:51:34.246+0000] {spark_submit.py:495} INFO - 23/01/29 07:51:34 INFO Utils: Fetching spark://15c99fd3082a:33689/jars/com.github.luben_zstd-jni-1.4.8-1.jar to /tmp/spark-8c1405cc-f2d8-4e60-8afe-7bfd629ee669/userFiles-2950c29b-1cf0-472f-9a83-0c7cacac9d42/fetchFileTemp4383105675828126489.tmp
[2023-01-29T07:51:34.294+0000] {spark_submit.py:495} INFO - 23/01/29 07:51:34 INFO Utils: /tmp/spark-8c1405cc-f2d8-4e60-8afe-7bfd629ee669/userFiles-2950c29b-1cf0-472f-9a83-0c7cacac9d42/fetchFileTemp4383105675828126489.tmp has been previously copied to /tmp/spark-8c1405cc-f2d8-4e60-8afe-7bfd629ee669/userFiles-2950c29b-1cf0-472f-9a83-0c7cacac9d42/com.github.luben_zstd-jni-1.4.8-1.jar
[2023-01-29T07:51:34.306+0000] {spark_submit.py:495} INFO - 23/01/29 07:51:34 INFO Executor: Adding file:/tmp/spark-8c1405cc-f2d8-4e60-8afe-7bfd629ee669/userFiles-2950c29b-1cf0-472f-9a83-0c7cacac9d42/com.github.luben_zstd-jni-1.4.8-1.jar to class loader
[2023-01-29T07:51:34.306+0000] {spark_submit.py:495} INFO - 23/01/29 07:51:34 INFO Executor: Fetching spark://15c99fd3082a:33689/jars/org.mongodb.spark_mongo-spark-connector_2.12-3.0.1.jar with timestamp 1674978692055
[2023-01-29T07:51:34.306+0000] {spark_submit.py:495} INFO - 23/01/29 07:51:34 INFO Utils: Fetching spark://15c99fd3082a:33689/jars/org.mongodb.spark_mongo-spark-connector_2.12-3.0.1.jar to /tmp/spark-8c1405cc-f2d8-4e60-8afe-7bfd629ee669/userFiles-2950c29b-1cf0-472f-9a83-0c7cacac9d42/fetchFileTemp12850238678608759403.tmp
[2023-01-29T07:51:34.315+0000] {spark_submit.py:495} INFO - 23/01/29 07:51:34 INFO Utils: /tmp/spark-8c1405cc-f2d8-4e60-8afe-7bfd629ee669/userFiles-2950c29b-1cf0-472f-9a83-0c7cacac9d42/fetchFileTemp12850238678608759403.tmp has been previously copied to /tmp/spark-8c1405cc-f2d8-4e60-8afe-7bfd629ee669/userFiles-2950c29b-1cf0-472f-9a83-0c7cacac9d42/org.mongodb.spark_mongo-spark-connector_2.12-3.0.1.jar
[2023-01-29T07:51:34.320+0000] {spark_submit.py:495} INFO - 23/01/29 07:51:34 INFO Executor: Adding file:/tmp/spark-8c1405cc-f2d8-4e60-8afe-7bfd629ee669/userFiles-2950c29b-1cf0-472f-9a83-0c7cacac9d42/org.mongodb.spark_mongo-spark-connector_2.12-3.0.1.jar to class loader
[2023-01-29T07:51:34.320+0000] {spark_submit.py:495} INFO - 23/01/29 07:51:34 INFO Executor: Fetching spark://15c99fd3082a:33689/jars/org.spark-project.spark_unused-1.0.0.jar with timestamp 1674978692055
[2023-01-29T07:51:34.322+0000] {spark_submit.py:495} INFO - 23/01/29 07:51:34 INFO Utils: Fetching spark://15c99fd3082a:33689/jars/org.spark-project.spark_unused-1.0.0.jar to /tmp/spark-8c1405cc-f2d8-4e60-8afe-7bfd629ee669/userFiles-2950c29b-1cf0-472f-9a83-0c7cacac9d42/fetchFileTemp5630106231011281700.tmp
[2023-01-29T07:51:34.322+0000] {spark_submit.py:495} INFO - 23/01/29 07:51:34 INFO Utils: /tmp/spark-8c1405cc-f2d8-4e60-8afe-7bfd629ee669/userFiles-2950c29b-1cf0-472f-9a83-0c7cacac9d42/fetchFileTemp5630106231011281700.tmp has been previously copied to /tmp/spark-8c1405cc-f2d8-4e60-8afe-7bfd629ee669/userFiles-2950c29b-1cf0-472f-9a83-0c7cacac9d42/org.spark-project.spark_unused-1.0.0.jar
[2023-01-29T07:51:34.325+0000] {spark_submit.py:495} INFO - 23/01/29 07:51:34 INFO Executor: Adding file:/tmp/spark-8c1405cc-f2d8-4e60-8afe-7bfd629ee669/userFiles-2950c29b-1cf0-472f-9a83-0c7cacac9d42/org.spark-project.spark_unused-1.0.0.jar to class loader
[2023-01-29T07:51:34.331+0000] {spark_submit.py:495} INFO - 23/01/29 07:51:34 INFO Utils: Successfully started service 'org.apache.spark.network.netty.NettyBlockTransferService' on port 35187.
[2023-01-29T07:51:34.331+0000] {spark_submit.py:495} INFO - 23/01/29 07:51:34 INFO NettyBlockTransferService: Server created on 15c99fd3082a:35187
[2023-01-29T07:51:34.332+0000] {spark_submit.py:495} INFO - 23/01/29 07:51:34 INFO BlockManager: Using org.apache.spark.storage.RandomBlockReplicationPolicy for block replication policy
[2023-01-29T07:51:34.337+0000] {spark_submit.py:495} INFO - 23/01/29 07:51:34 INFO BlockManagerMaster: Registering BlockManager BlockManagerId(driver, 15c99fd3082a, 35187, None)
[2023-01-29T07:51:34.339+0000] {spark_submit.py:495} INFO - 23/01/29 07:51:34 INFO BlockManagerMasterEndpoint: Registering block manager 15c99fd3082a:35187 with 434.4 MiB RAM, BlockManagerId(driver, 15c99fd3082a, 35187, None)
[2023-01-29T07:51:34.341+0000] {spark_submit.py:495} INFO - 23/01/29 07:51:34 INFO BlockManagerMaster: Registered BlockManager BlockManagerId(driver, 15c99fd3082a, 35187, None)
[2023-01-29T07:51:34.341+0000] {spark_submit.py:495} INFO - 23/01/29 07:51:34 INFO BlockManager: Initialized BlockManager: BlockManagerId(driver, 15c99fd3082a, 35187, None)
[2023-01-29T07:51:37.533+0000] {spark_submit.py:495} INFO - 2023-01-29 07:51:37,531 - py4j.java_gateway - INFO - Callback Server Starting
[2023-01-29T07:51:37.533+0000] {spark_submit.py:495} INFO - 2023-01-29 07:51:37,531 - py4j.java_gateway - INFO - Socket listening on ('127.0.0.1', 35023)
[2023-01-29T07:51:38.331+0000] {local_task_job.py:224} WARNING - State of this instance has been externally set to up_for_retry. Terminating instance.
[2023-01-29T07:51:38.336+0000] {process_utils.py:133} INFO - Sending Signals.SIGTERM to group 10351. PIDs of all processes in the group: [10352, 10408, 10351]
[2023-01-29T07:51:38.337+0000] {process_utils.py:84} INFO - Sending the signal Signals.SIGTERM to group 10351
[2023-01-29T07:51:38.343+0000] {taskinstance.py:1483} ERROR - Received SIGTERM. Terminating subprocesses.
[2023-01-29T07:51:38.343+0000] {spark_submit.py:620} INFO - Sending kill signal to spark-submit
[2023-01-29T07:51:38.364+0000] {taskinstance.py:1772} ERROR - Task failed with exception
Traceback (most recent call last):
  File "/home/airflow/.local/lib/python3.7/site-packages/airflow/providers/apache/spark/operators/spark_submit.py", line 157, in execute
    self._hook.submit(self._application)
  File "/home/airflow/.local/lib/python3.7/site-packages/airflow/providers/apache/spark/hooks/spark_submit.py", line 414, in submit
    self._process_spark_submit_log(iter(self._submit_sp.stdout))  # type: ignore
  File "/home/airflow/.local/lib/python3.7/site-packages/airflow/providers/apache/spark/hooks/spark_submit.py", line 463, in _process_spark_submit_log
    for line in itr:
  File "/home/airflow/.local/lib/python3.7/site-packages/airflow/models/taskinstance.py", line 1485, in signal_handler
    raise AirflowException("Task received SIGTERM signal")
airflow.exceptions.AirflowException: Task received SIGTERM signal
[2023-01-29T07:51:38.369+0000] {taskinstance.py:1327} INFO - Marking task as UP_FOR_RETRY. dag_id=Streaming_pipeline_meli, task_id=consumer_data_of_topic, execution_date=20230127T184927, start_date=20230129T075128, end_date=20230129T075138
[2023-01-29T07:51:38.383+0000] {standard_task_runner.py:105} ERROR - Failed to execute job 1192 for task consumer_data_of_topic (Task received SIGTERM signal; 10351)
[2023-01-29T07:51:38.401+0000] {process_utils.py:79} INFO - Process psutil.Process(pid=10351, status='terminated', exitcode=1, started='07:51:27') (10351) terminated with exit code 1
[2023-01-29T07:51:38.401+0000] {process_utils.py:79} INFO - Process psutil.Process(pid=10408, status='terminated', started='07:51:30') (10408) terminated with exit code None
[2023-01-29T07:51:38.402+0000] {process_utils.py:79} INFO - Process psutil.Process(pid=10352, status='terminated', started='07:51:27') (10352) terminated with exit code None
