[2023-01-30T17:37:55.748+0000] {taskinstance.py:1087} INFO - Dependencies all met for <TaskInstance: Streaming_pipeline_meli.consumer_data_of_topic manual__2023-01-27T18:49:27.597637+00:00 [queued]>
[2023-01-30T17:37:55.756+0000] {taskinstance.py:1087} INFO - Dependencies all met for <TaskInstance: Streaming_pipeline_meli.consumer_data_of_topic manual__2023-01-27T18:49:27.597637+00:00 [queued]>
[2023-01-30T17:37:55.756+0000] {taskinstance.py:1283} INFO - 
--------------------------------------------------------------------------------
[2023-01-30T17:37:55.756+0000] {taskinstance.py:1284} INFO - Starting attempt 57 of 62
[2023-01-30T17:37:55.756+0000] {taskinstance.py:1285} INFO - 
--------------------------------------------------------------------------------
[2023-01-30T17:37:55.769+0000] {taskinstance.py:1304} INFO - Executing <Task(SparkSubmitOperator): consumer_data_of_topic> on 2023-01-27 18:49:27.597637+00:00
[2023-01-30T17:37:55.773+0000] {standard_task_runner.py:55} INFO - Started process 8539 to run task
[2023-01-30T17:37:55.775+0000] {standard_task_runner.py:82} INFO - Running: ['***', 'tasks', 'run', 'Streaming_pipeline_meli', 'consumer_data_of_topic', 'manual__2023-01-27T18:49:27.597637+00:00', '--job-id', '1227', '--raw', '--subdir', 'DAGS_FOLDER/streamPipeline.py', '--cfg-path', '/tmp/tmp0lso5xv4']
[2023-01-30T17:37:55.776+0000] {standard_task_runner.py:83} INFO - Job 1227: Subtask consumer_data_of_topic
[2023-01-30T17:37:55.822+0000] {task_command.py:389} INFO - Running <TaskInstance: Streaming_pipeline_meli.consumer_data_of_topic manual__2023-01-27T18:49:27.597637+00:00 [running]> on host 15c99fd3082a
[2023-01-30T17:37:55.877+0000] {taskinstance.py:1513} INFO - Exporting the following env vars:
AIRFLOW_CTX_DAG_OWNER=***
AIRFLOW_CTX_DAG_ID=Streaming_pipeline_meli
AIRFLOW_CTX_TASK_ID=consumer_data_of_topic
AIRFLOW_CTX_EXECUTION_DATE=2023-01-27T18:49:27.597637+00:00
AIRFLOW_CTX_TRY_NUMBER=57
AIRFLOW_CTX_DAG_RUN_ID=manual__2023-01-27T18:49:27.597637+00:00
[2023-01-30T17:37:55.885+0000] {base.py:73} INFO - Using connection ID 'spark_default' for task execution.
[2023-01-30T17:37:55.886+0000] {spark_submit.py:344} INFO - Spark-Submit cmd: spark-submit --master spark://tomi-H310:7077 --packages org.apache.spark:spark-sql-kafka-0-10_2.12:3.1.3,org.mongodb.spark:mongo-spark-connector_2.12:3.0.1 --name arrow-spark --queue root.default /opt/***/dags/consumerSpark.py
[2023-01-30T17:37:55.981+0000] {spark_submit.py:495} INFO - /home/***/.local/lib/python3.7/site-packages/pyspark/bin/load-spark-env.sh: line 68: ps: command not found
[2023-01-30T17:37:57.237+0000] {spark_submit.py:495} INFO - :: loading settings :: url = jar:file:/home/***/.local/lib/python3.7/site-packages/pyspark/jars/ivy-2.5.0.jar!/org/apache/ivy/core/settings/ivysettings.xml
[2023-01-30T17:37:57.291+0000] {spark_submit.py:495} INFO - Ivy Default Cache set to: /home/***/.ivy2/cache
[2023-01-30T17:37:57.292+0000] {spark_submit.py:495} INFO - The jars for the packages stored in: /home/***/.ivy2/jars
[2023-01-30T17:37:57.295+0000] {spark_submit.py:495} INFO - org.apache.spark#spark-sql-kafka-0-10_2.12 added as a dependency
[2023-01-30T17:37:57.296+0000] {spark_submit.py:495} INFO - org.mongodb.spark#mongo-spark-connector_2.12 added as a dependency
[2023-01-30T17:37:57.296+0000] {spark_submit.py:495} INFO - :: resolving dependencies :: org.apache.spark#spark-submit-parent-2d97ba0f-9946-4029-a512-3cc8c40f7a16;1.0
[2023-01-30T17:37:57.296+0000] {spark_submit.py:495} INFO - confs: [default]
[2023-01-30T17:37:57.422+0000] {spark_submit.py:495} INFO - found org.apache.spark#spark-sql-kafka-0-10_2.12;3.1.3 in central
[2023-01-30T17:37:57.471+0000] {spark_submit.py:495} INFO - found org.apache.spark#spark-token-provider-kafka-0-10_2.12;3.1.3 in central
[2023-01-30T17:37:57.494+0000] {spark_submit.py:495} INFO - found org.apache.kafka#kafka-clients;2.6.0 in central
[2023-01-30T17:37:57.516+0000] {spark_submit.py:495} INFO - found com.github.luben#zstd-jni;1.4.8-1 in central
[2023-01-30T17:37:57.532+0000] {spark_submit.py:495} INFO - found org.lz4#lz4-java;1.7.1 in central
[2023-01-30T17:37:57.545+0000] {spark_submit.py:495} INFO - found org.xerial.snappy#snappy-java;1.1.8.2 in central
[2023-01-30T17:37:57.557+0000] {spark_submit.py:495} INFO - found org.slf4j#slf4j-api;1.7.30 in central
[2023-01-30T17:37:57.568+0000] {spark_submit.py:495} INFO - found org.spark-project.spark#unused;1.0.0 in central
[2023-01-30T17:37:57.579+0000] {spark_submit.py:495} INFO - found org.apache.commons#commons-pool2;2.6.2 in central
[2023-01-30T17:37:57.589+0000] {spark_submit.py:495} INFO - found org.mongodb.spark#mongo-spark-connector_2.12;3.0.1 in central
[2023-01-30T17:37:57.597+0000] {spark_submit.py:495} INFO - found org.mongodb#mongodb-driver-sync;4.0.5 in central
[2023-01-30T17:37:57.611+0000] {spark_submit.py:495} INFO - found org.mongodb#bson;4.0.5 in central
[2023-01-30T17:37:57.620+0000] {spark_submit.py:495} INFO - found org.mongodb#mongodb-driver-core;4.0.5 in central
[2023-01-30T17:37:57.645+0000] {spark_submit.py:495} INFO - :: resolution report :: resolve 335ms :: artifacts dl 13ms
[2023-01-30T17:37:57.645+0000] {spark_submit.py:495} INFO - :: modules in use:
[2023-01-30T17:37:57.645+0000] {spark_submit.py:495} INFO - com.github.luben#zstd-jni;1.4.8-1 from central in [default]
[2023-01-30T17:37:57.646+0000] {spark_submit.py:495} INFO - org.apache.commons#commons-pool2;2.6.2 from central in [default]
[2023-01-30T17:37:57.646+0000] {spark_submit.py:495} INFO - org.apache.kafka#kafka-clients;2.6.0 from central in [default]
[2023-01-30T17:37:57.646+0000] {spark_submit.py:495} INFO - org.apache.spark#spark-sql-kafka-0-10_2.12;3.1.3 from central in [default]
[2023-01-30T17:37:57.646+0000] {spark_submit.py:495} INFO - org.apache.spark#spark-token-provider-kafka-0-10_2.12;3.1.3 from central in [default]
[2023-01-30T17:37:57.647+0000] {spark_submit.py:495} INFO - org.lz4#lz4-java;1.7.1 from central in [default]
[2023-01-30T17:37:57.647+0000] {spark_submit.py:495} INFO - org.mongodb#bson;4.0.5 from central in [default]
[2023-01-30T17:37:57.647+0000] {spark_submit.py:495} INFO - org.mongodb#mongodb-driver-core;4.0.5 from central in [default]
[2023-01-30T17:37:57.647+0000] {spark_submit.py:495} INFO - org.mongodb#mongodb-driver-sync;4.0.5 from central in [default]
[2023-01-30T17:37:57.648+0000] {spark_submit.py:495} INFO - org.mongodb.spark#mongo-spark-connector_2.12;3.0.1 from central in [default]
[2023-01-30T17:37:57.648+0000] {spark_submit.py:495} INFO - org.slf4j#slf4j-api;1.7.30 from central in [default]
[2023-01-30T17:37:57.648+0000] {spark_submit.py:495} INFO - org.spark-project.spark#unused;1.0.0 from central in [default]
[2023-01-30T17:37:57.648+0000] {spark_submit.py:495} INFO - org.xerial.snappy#snappy-java;1.1.8.2 from central in [default]
[2023-01-30T17:37:57.649+0000] {spark_submit.py:495} INFO - ---------------------------------------------------------------------
[2023-01-30T17:37:57.649+0000] {spark_submit.py:495} INFO - |                  |            modules            ||   artifacts   |
[2023-01-30T17:37:57.649+0000] {spark_submit.py:495} INFO - |       conf       | number| search|dwnlded|evicted|| number|dwnlded|
[2023-01-30T17:37:57.649+0000] {spark_submit.py:495} INFO - ---------------------------------------------------------------------
[2023-01-30T17:37:57.650+0000] {spark_submit.py:495} INFO - |      default     |   13  |   0   |   0   |   0   ||   13  |   0   |
[2023-01-30T17:37:57.650+0000] {spark_submit.py:495} INFO - ---------------------------------------------------------------------
[2023-01-30T17:37:57.655+0000] {spark_submit.py:495} INFO - :: retrieving :: org.apache.spark#spark-submit-parent-2d97ba0f-9946-4029-a512-3cc8c40f7a16
[2023-01-30T17:37:57.655+0000] {spark_submit.py:495} INFO - confs: [default]
[2023-01-30T17:37:57.662+0000] {spark_submit.py:495} INFO - 0 artifacts copied, 13 already retrieved (0kB/7ms)
[2023-01-30T17:37:57.896+0000] {spark_submit.py:495} INFO - 23/01/30 17:37:57 WARN NativeCodeLoader: Unable to load native-hadoop library for your platform... using builtin-java classes where applicable
[2023-01-30T17:37:58.796+0000] {spark_submit.py:495} INFO - 23/01/30 17:37:58 INFO SparkContext: Running Spark version 3.3.1
[2023-01-30T17:37:58.812+0000] {spark_submit.py:495} INFO - 23/01/30 17:37:58 INFO ResourceUtils: ==============================================================
[2023-01-30T17:37:58.813+0000] {spark_submit.py:495} INFO - 23/01/30 17:37:58 INFO ResourceUtils: No custom resources configured for spark.driver.
[2023-01-30T17:37:58.813+0000] {spark_submit.py:495} INFO - 23/01/30 17:37:58 INFO ResourceUtils: ==============================================================
[2023-01-30T17:37:58.813+0000] {spark_submit.py:495} INFO - 23/01/30 17:37:58 INFO SparkContext: Submitted application: arrow-spark
[2023-01-30T17:37:58.829+0000] {spark_submit.py:495} INFO - 23/01/30 17:37:58 INFO ResourceProfile: Default ResourceProfile created, executor resources: Map(cores -> name: cores, amount: 1, script: , vendor: , memory -> name: memory, amount: 1024, script: , vendor: , offHeap -> name: offHeap, amount: 0, script: , vendor: ), task resources: Map(cpus -> name: cpus, amount: 1.0)
[2023-01-30T17:37:58.841+0000] {spark_submit.py:495} INFO - 23/01/30 17:37:58 INFO ResourceProfile: Limiting resource is cpu
[2023-01-30T17:37:58.842+0000] {spark_submit.py:495} INFO - 23/01/30 17:37:58 INFO ResourceProfileManager: Added ResourceProfile id: 0
[2023-01-30T17:37:58.881+0000] {spark_submit.py:495} INFO - 23/01/30 17:37:58 INFO SecurityManager: Changing view acls to: default
[2023-01-30T17:37:58.881+0000] {spark_submit.py:495} INFO - 23/01/30 17:37:58 INFO SecurityManager: Changing modify acls to: default
[2023-01-30T17:37:58.882+0000] {spark_submit.py:495} INFO - 23/01/30 17:37:58 INFO SecurityManager: Changing view acls groups to:
[2023-01-30T17:37:58.882+0000] {spark_submit.py:495} INFO - 23/01/30 17:37:58 INFO SecurityManager: Changing modify acls groups to:
[2023-01-30T17:37:58.882+0000] {spark_submit.py:495} INFO - 23/01/30 17:37:58 INFO SecurityManager: SecurityManager: authentication disabled; ui acls disabled; users  with view permissions: Set(default); groups with view permissions: Set(); users  with modify permissions: Set(default); groups with modify permissions: Set()
[2023-01-30T17:37:59.111+0000] {spark_submit.py:495} INFO - 23/01/30 17:37:59 INFO Utils: Successfully started service 'sparkDriver' on port 38877.
[2023-01-30T17:37:59.147+0000] {spark_submit.py:495} INFO - 23/01/30 17:37:59 INFO SparkEnv: Registering MapOutputTracker
[2023-01-30T17:37:59.180+0000] {spark_submit.py:495} INFO - 23/01/30 17:37:59 INFO SparkEnv: Registering BlockManagerMaster
[2023-01-30T17:37:59.195+0000] {spark_submit.py:495} INFO - 23/01/30 17:37:59 INFO BlockManagerMasterEndpoint: Using org.apache.spark.storage.DefaultTopologyMapper for getting topology information
[2023-01-30T17:37:59.196+0000] {spark_submit.py:495} INFO - 23/01/30 17:37:59 INFO BlockManagerMasterEndpoint: BlockManagerMasterEndpoint up
[2023-01-30T17:37:59.200+0000] {spark_submit.py:495} INFO - 23/01/30 17:37:59 INFO SparkEnv: Registering BlockManagerMasterHeartbeat
[2023-01-30T17:37:59.220+0000] {spark_submit.py:495} INFO - 23/01/30 17:37:59 INFO DiskBlockManager: Created local directory at /tmp/blockmgr-b0453060-f1c9-40d3-a405-3d39ddd92c6f
[2023-01-30T17:37:59.234+0000] {spark_submit.py:495} INFO - 23/01/30 17:37:59 INFO MemoryStore: MemoryStore started with capacity 434.4 MiB
[2023-01-30T17:37:59.246+0000] {spark_submit.py:495} INFO - 23/01/30 17:37:59 INFO SparkEnv: Registering OutputCommitCoordinator
[2023-01-30T17:37:59.456+0000] {spark_submit.py:495} INFO - 23/01/30 17:37:59 INFO Utils: Successfully started service 'SparkUI' on port 4040.
[2023-01-30T17:37:59.489+0000] {spark_submit.py:495} INFO - 23/01/30 17:37:59 INFO SparkContext: Added JAR file:///home/***/.ivy2/jars/org.apache.spark_spark-sql-kafka-0-10_2.12-3.1.3.jar at spark://15c99fd3082a:38877/jars/org.apache.spark_spark-sql-kafka-0-10_2.12-3.1.3.jar with timestamp 1675100278789
[2023-01-30T17:37:59.489+0000] {spark_submit.py:495} INFO - 23/01/30 17:37:59 INFO SparkContext: Added JAR file:///home/***/.ivy2/jars/org.mongodb.spark_mongo-spark-connector_2.12-3.0.1.jar at spark://15c99fd3082a:38877/jars/org.mongodb.spark_mongo-spark-connector_2.12-3.0.1.jar with timestamp 1675100278789
[2023-01-30T17:37:59.489+0000] {spark_submit.py:495} INFO - 23/01/30 17:37:59 INFO SparkContext: Added JAR file:///home/***/.ivy2/jars/org.apache.spark_spark-token-provider-kafka-0-10_2.12-3.1.3.jar at spark://15c99fd3082a:38877/jars/org.apache.spark_spark-token-provider-kafka-0-10_2.12-3.1.3.jar with timestamp 1675100278789
[2023-01-30T17:37:59.490+0000] {spark_submit.py:495} INFO - 23/01/30 17:37:59 INFO SparkContext: Added JAR file:///home/***/.ivy2/jars/org.apache.kafka_kafka-clients-2.6.0.jar at spark://15c99fd3082a:38877/jars/org.apache.kafka_kafka-clients-2.6.0.jar with timestamp 1675100278789
[2023-01-30T17:37:59.490+0000] {spark_submit.py:495} INFO - 23/01/30 17:37:59 INFO SparkContext: Added JAR file:///home/***/.ivy2/jars/org.apache.commons_commons-pool2-2.6.2.jar at spark://15c99fd3082a:38877/jars/org.apache.commons_commons-pool2-2.6.2.jar with timestamp 1675100278789
[2023-01-30T17:37:59.490+0000] {spark_submit.py:495} INFO - 23/01/30 17:37:59 INFO SparkContext: Added JAR file:///home/***/.ivy2/jars/org.spark-project.spark_unused-1.0.0.jar at spark://15c99fd3082a:38877/jars/org.spark-project.spark_unused-1.0.0.jar with timestamp 1675100278789
[2023-01-30T17:37:59.490+0000] {spark_submit.py:495} INFO - 23/01/30 17:37:59 INFO SparkContext: Added JAR file:///home/***/.ivy2/jars/com.github.luben_zstd-jni-1.4.8-1.jar at spark://15c99fd3082a:38877/jars/com.github.luben_zstd-jni-1.4.8-1.jar with timestamp 1675100278789
[2023-01-30T17:37:59.490+0000] {spark_submit.py:495} INFO - 23/01/30 17:37:59 INFO SparkContext: Added JAR file:///home/***/.ivy2/jars/org.lz4_lz4-java-1.7.1.jar at spark://15c99fd3082a:38877/jars/org.lz4_lz4-java-1.7.1.jar with timestamp 1675100278789
[2023-01-30T17:37:59.490+0000] {spark_submit.py:495} INFO - 23/01/30 17:37:59 INFO SparkContext: Added JAR file:///home/***/.ivy2/jars/org.xerial.snappy_snappy-java-1.1.8.2.jar at spark://15c99fd3082a:38877/jars/org.xerial.snappy_snappy-java-1.1.8.2.jar with timestamp 1675100278789
[2023-01-30T17:37:59.490+0000] {spark_submit.py:495} INFO - 23/01/30 17:37:59 INFO SparkContext: Added JAR file:///home/***/.ivy2/jars/org.slf4j_slf4j-api-1.7.30.jar at spark://15c99fd3082a:38877/jars/org.slf4j_slf4j-api-1.7.30.jar with timestamp 1675100278789
[2023-01-30T17:37:59.491+0000] {spark_submit.py:495} INFO - 23/01/30 17:37:59 INFO SparkContext: Added JAR file:///home/***/.ivy2/jars/org.mongodb_mongodb-driver-sync-4.0.5.jar at spark://15c99fd3082a:38877/jars/org.mongodb_mongodb-driver-sync-4.0.5.jar with timestamp 1675100278789
[2023-01-30T17:37:59.491+0000] {spark_submit.py:495} INFO - 23/01/30 17:37:59 INFO SparkContext: Added JAR file:///home/***/.ivy2/jars/org.mongodb_bson-4.0.5.jar at spark://15c99fd3082a:38877/jars/org.mongodb_bson-4.0.5.jar with timestamp 1675100278789
[2023-01-30T17:37:59.491+0000] {spark_submit.py:495} INFO - 23/01/30 17:37:59 INFO SparkContext: Added JAR file:///home/***/.ivy2/jars/org.mongodb_mongodb-driver-core-4.0.5.jar at spark://15c99fd3082a:38877/jars/org.mongodb_mongodb-driver-core-4.0.5.jar with timestamp 1675100278789
[2023-01-30T17:37:59.493+0000] {spark_submit.py:495} INFO - 23/01/30 17:37:59 INFO SparkContext: Added file file:///home/***/.ivy2/jars/org.apache.spark_spark-sql-kafka-0-10_2.12-3.1.3.jar at file:///home/***/.ivy2/jars/org.apache.spark_spark-sql-kafka-0-10_2.12-3.1.3.jar with timestamp 1675100278789
[2023-01-30T17:37:59.494+0000] {spark_submit.py:495} INFO - 23/01/30 17:37:59 INFO Utils: Copying /home/***/.ivy2/jars/org.apache.spark_spark-sql-kafka-0-10_2.12-3.1.3.jar to /tmp/spark-b1b9686f-4c48-4eba-b8af-805f342b90e5/userFiles-3a800ffa-2619-44a7-89c8-ab1e471e88b0/org.apache.spark_spark-sql-kafka-0-10_2.12-3.1.3.jar
[2023-01-30T17:37:59.503+0000] {spark_submit.py:495} INFO - 23/01/30 17:37:59 INFO SparkContext: Added file file:///home/***/.ivy2/jars/org.mongodb.spark_mongo-spark-connector_2.12-3.0.1.jar at file:///home/***/.ivy2/jars/org.mongodb.spark_mongo-spark-connector_2.12-3.0.1.jar with timestamp 1675100278789
[2023-01-30T17:37:59.503+0000] {spark_submit.py:495} INFO - 23/01/30 17:37:59 INFO Utils: Copying /home/***/.ivy2/jars/org.mongodb.spark_mongo-spark-connector_2.12-3.0.1.jar to /tmp/spark-b1b9686f-4c48-4eba-b8af-805f342b90e5/userFiles-3a800ffa-2619-44a7-89c8-ab1e471e88b0/org.mongodb.spark_mongo-spark-connector_2.12-3.0.1.jar
[2023-01-30T17:37:59.513+0000] {spark_submit.py:495} INFO - 23/01/30 17:37:59 INFO SparkContext: Added file file:///home/***/.ivy2/jars/org.apache.spark_spark-token-provider-kafka-0-10_2.12-3.1.3.jar at file:///home/***/.ivy2/jars/org.apache.spark_spark-token-provider-kafka-0-10_2.12-3.1.3.jar with timestamp 1675100278789
[2023-01-30T17:37:59.513+0000] {spark_submit.py:495} INFO - 23/01/30 17:37:59 INFO Utils: Copying /home/***/.ivy2/jars/org.apache.spark_spark-token-provider-kafka-0-10_2.12-3.1.3.jar to /tmp/spark-b1b9686f-4c48-4eba-b8af-805f342b90e5/userFiles-3a800ffa-2619-44a7-89c8-ab1e471e88b0/org.apache.spark_spark-token-provider-kafka-0-10_2.12-3.1.3.jar
[2023-01-30T17:37:59.518+0000] {spark_submit.py:495} INFO - 23/01/30 17:37:59 INFO SparkContext: Added file file:///home/***/.ivy2/jars/org.apache.kafka_kafka-clients-2.6.0.jar at file:///home/***/.ivy2/jars/org.apache.kafka_kafka-clients-2.6.0.jar with timestamp 1675100278789
[2023-01-30T17:37:59.520+0000] {spark_submit.py:495} INFO - 23/01/30 17:37:59 INFO Utils: Copying /home/***/.ivy2/jars/org.apache.kafka_kafka-clients-2.6.0.jar to /tmp/spark-b1b9686f-4c48-4eba-b8af-805f342b90e5/userFiles-3a800ffa-2619-44a7-89c8-ab1e471e88b0/org.apache.kafka_kafka-clients-2.6.0.jar
[2023-01-30T17:37:59.530+0000] {spark_submit.py:495} INFO - 23/01/30 17:37:59 INFO SparkContext: Added file file:///home/***/.ivy2/jars/org.apache.commons_commons-pool2-2.6.2.jar at file:///home/***/.ivy2/jars/org.apache.commons_commons-pool2-2.6.2.jar with timestamp 1675100278789
[2023-01-30T17:37:59.530+0000] {spark_submit.py:495} INFO - 23/01/30 17:37:59 INFO Utils: Copying /home/***/.ivy2/jars/org.apache.commons_commons-pool2-2.6.2.jar to /tmp/spark-b1b9686f-4c48-4eba-b8af-805f342b90e5/userFiles-3a800ffa-2619-44a7-89c8-ab1e471e88b0/org.apache.commons_commons-pool2-2.6.2.jar
[2023-01-30T17:37:59.537+0000] {spark_submit.py:495} INFO - 23/01/30 17:37:59 INFO SparkContext: Added file file:///home/***/.ivy2/jars/org.spark-project.spark_unused-1.0.0.jar at file:///home/***/.ivy2/jars/org.spark-project.spark_unused-1.0.0.jar with timestamp 1675100278789
[2023-01-30T17:37:59.537+0000] {spark_submit.py:495} INFO - 23/01/30 17:37:59 INFO Utils: Copying /home/***/.ivy2/jars/org.spark-project.spark_unused-1.0.0.jar to /tmp/spark-b1b9686f-4c48-4eba-b8af-805f342b90e5/userFiles-3a800ffa-2619-44a7-89c8-ab1e471e88b0/org.spark-project.spark_unused-1.0.0.jar
[2023-01-30T17:37:59.543+0000] {spark_submit.py:495} INFO - 23/01/30 17:37:59 INFO SparkContext: Added file file:///home/***/.ivy2/jars/com.github.luben_zstd-jni-1.4.8-1.jar at file:///home/***/.ivy2/jars/com.github.luben_zstd-jni-1.4.8-1.jar with timestamp 1675100278789
[2023-01-30T17:37:59.543+0000] {spark_submit.py:495} INFO - 23/01/30 17:37:59 INFO Utils: Copying /home/***/.ivy2/jars/com.github.luben_zstd-jni-1.4.8-1.jar to /tmp/spark-b1b9686f-4c48-4eba-b8af-805f342b90e5/userFiles-3a800ffa-2619-44a7-89c8-ab1e471e88b0/com.github.luben_zstd-jni-1.4.8-1.jar
[2023-01-30T17:37:59.552+0000] {spark_submit.py:495} INFO - 23/01/30 17:37:59 INFO SparkContext: Added file file:///home/***/.ivy2/jars/org.lz4_lz4-java-1.7.1.jar at file:///home/***/.ivy2/jars/org.lz4_lz4-java-1.7.1.jar with timestamp 1675100278789
[2023-01-30T17:37:59.552+0000] {spark_submit.py:495} INFO - 23/01/30 17:37:59 INFO Utils: Copying /home/***/.ivy2/jars/org.lz4_lz4-java-1.7.1.jar to /tmp/spark-b1b9686f-4c48-4eba-b8af-805f342b90e5/userFiles-3a800ffa-2619-44a7-89c8-ab1e471e88b0/org.lz4_lz4-java-1.7.1.jar
[2023-01-30T17:37:59.557+0000] {spark_submit.py:495} INFO - 23/01/30 17:37:59 INFO SparkContext: Added file file:///home/***/.ivy2/jars/org.xerial.snappy_snappy-java-1.1.8.2.jar at file:///home/***/.ivy2/jars/org.xerial.snappy_snappy-java-1.1.8.2.jar with timestamp 1675100278789
[2023-01-30T17:37:59.557+0000] {spark_submit.py:495} INFO - 23/01/30 17:37:59 INFO Utils: Copying /home/***/.ivy2/jars/org.xerial.snappy_snappy-java-1.1.8.2.jar to /tmp/spark-b1b9686f-4c48-4eba-b8af-805f342b90e5/userFiles-3a800ffa-2619-44a7-89c8-ab1e471e88b0/org.xerial.snappy_snappy-java-1.1.8.2.jar
[2023-01-30T17:37:59.566+0000] {spark_submit.py:495} INFO - 23/01/30 17:37:59 INFO SparkContext: Added file file:///home/***/.ivy2/jars/org.slf4j_slf4j-api-1.7.30.jar at file:///home/***/.ivy2/jars/org.slf4j_slf4j-api-1.7.30.jar with timestamp 1675100278789
[2023-01-30T17:37:59.566+0000] {spark_submit.py:495} INFO - 23/01/30 17:37:59 INFO Utils: Copying /home/***/.ivy2/jars/org.slf4j_slf4j-api-1.7.30.jar to /tmp/spark-b1b9686f-4c48-4eba-b8af-805f342b90e5/userFiles-3a800ffa-2619-44a7-89c8-ab1e471e88b0/org.slf4j_slf4j-api-1.7.30.jar
[2023-01-30T17:37:59.571+0000] {spark_submit.py:495} INFO - 23/01/30 17:37:59 INFO SparkContext: Added file file:///home/***/.ivy2/jars/org.mongodb_mongodb-driver-sync-4.0.5.jar at file:///home/***/.ivy2/jars/org.mongodb_mongodb-driver-sync-4.0.5.jar with timestamp 1675100278789
[2023-01-30T17:37:59.571+0000] {spark_submit.py:495} INFO - 23/01/30 17:37:59 INFO Utils: Copying /home/***/.ivy2/jars/org.mongodb_mongodb-driver-sync-4.0.5.jar to /tmp/spark-b1b9686f-4c48-4eba-b8af-805f342b90e5/userFiles-3a800ffa-2619-44a7-89c8-ab1e471e88b0/org.mongodb_mongodb-driver-sync-4.0.5.jar
[2023-01-30T17:37:59.575+0000] {spark_submit.py:495} INFO - 23/01/30 17:37:59 INFO SparkContext: Added file file:///home/***/.ivy2/jars/org.mongodb_bson-4.0.5.jar at file:///home/***/.ivy2/jars/org.mongodb_bson-4.0.5.jar with timestamp 1675100278789
[2023-01-30T17:37:59.576+0000] {spark_submit.py:495} INFO - 23/01/30 17:37:59 INFO Utils: Copying /home/***/.ivy2/jars/org.mongodb_bson-4.0.5.jar to /tmp/spark-b1b9686f-4c48-4eba-b8af-805f342b90e5/userFiles-3a800ffa-2619-44a7-89c8-ab1e471e88b0/org.mongodb_bson-4.0.5.jar
[2023-01-30T17:37:59.587+0000] {spark_submit.py:495} INFO - 23/01/30 17:37:59 INFO SparkContext: Added file file:///home/***/.ivy2/jars/org.mongodb_mongodb-driver-core-4.0.5.jar at file:///home/***/.ivy2/jars/org.mongodb_mongodb-driver-core-4.0.5.jar with timestamp 1675100278789
[2023-01-30T17:37:59.588+0000] {spark_submit.py:495} INFO - 23/01/30 17:37:59 INFO Utils: Copying /home/***/.ivy2/jars/org.mongodb_mongodb-driver-core-4.0.5.jar to /tmp/spark-b1b9686f-4c48-4eba-b8af-805f342b90e5/userFiles-3a800ffa-2619-44a7-89c8-ab1e471e88b0/org.mongodb_mongodb-driver-core-4.0.5.jar
[2023-01-30T17:37:59.687+0000] {spark_submit.py:495} INFO - 23/01/30 17:37:59 INFO Executor: Starting executor ID driver on host 15c99fd3082a
[2023-01-30T17:37:59.695+0000] {spark_submit.py:495} INFO - 23/01/30 17:37:59 INFO Executor: Starting executor with user classpath (userClassPathFirst = false): ''
[2023-01-30T17:37:59.704+0000] {spark_submit.py:495} INFO - 23/01/30 17:37:59 INFO Executor: Fetching file:///home/***/.ivy2/jars/org.apache.spark_spark-token-provider-kafka-0-10_2.12-3.1.3.jar with timestamp 1675100278789
[2023-01-30T17:37:59.719+0000] {spark_submit.py:495} INFO - 23/01/30 17:37:59 INFO Utils: /home/***/.ivy2/jars/org.apache.spark_spark-token-provider-kafka-0-10_2.12-3.1.3.jar has been previously copied to /tmp/spark-b1b9686f-4c48-4eba-b8af-805f342b90e5/userFiles-3a800ffa-2619-44a7-89c8-ab1e471e88b0/org.apache.spark_spark-token-provider-kafka-0-10_2.12-3.1.3.jar
[2023-01-30T17:37:59.730+0000] {spark_submit.py:495} INFO - 23/01/30 17:37:59 INFO Executor: Fetching file:///home/***/.ivy2/jars/org.mongodb_mongodb-driver-sync-4.0.5.jar with timestamp 1675100278789
[2023-01-30T17:37:59.731+0000] {spark_submit.py:495} INFO - 23/01/30 17:37:59 INFO Utils: /home/***/.ivy2/jars/org.mongodb_mongodb-driver-sync-4.0.5.jar has been previously copied to /tmp/spark-b1b9686f-4c48-4eba-b8af-805f342b90e5/userFiles-3a800ffa-2619-44a7-89c8-ab1e471e88b0/org.mongodb_mongodb-driver-sync-4.0.5.jar
[2023-01-30T17:37:59.749+0000] {spark_submit.py:495} INFO - 23/01/30 17:37:59 INFO Executor: Fetching file:///home/***/.ivy2/jars/org.apache.kafka_kafka-clients-2.6.0.jar with timestamp 1675100278789
[2023-01-30T17:37:59.754+0000] {spark_submit.py:495} INFO - 23/01/30 17:37:59 INFO Utils: /home/***/.ivy2/jars/org.apache.kafka_kafka-clients-2.6.0.jar has been previously copied to /tmp/spark-b1b9686f-4c48-4eba-b8af-805f342b90e5/userFiles-3a800ffa-2619-44a7-89c8-ab1e471e88b0/org.apache.kafka_kafka-clients-2.6.0.jar
[2023-01-30T17:37:59.758+0000] {spark_submit.py:495} INFO - 23/01/30 17:37:59 INFO Executor: Fetching file:///home/***/.ivy2/jars/org.mongodb_bson-4.0.5.jar with timestamp 1675100278789
[2023-01-30T17:37:59.758+0000] {spark_submit.py:495} INFO - 23/01/30 17:37:59 INFO Utils: /home/***/.ivy2/jars/org.mongodb_bson-4.0.5.jar has been previously copied to /tmp/spark-b1b9686f-4c48-4eba-b8af-805f342b90e5/userFiles-3a800ffa-2619-44a7-89c8-ab1e471e88b0/org.mongodb_bson-4.0.5.jar
[2023-01-30T17:37:59.763+0000] {spark_submit.py:495} INFO - 23/01/30 17:37:59 INFO Executor: Fetching file:///home/***/.ivy2/jars/com.github.luben_zstd-jni-1.4.8-1.jar with timestamp 1675100278789
[2023-01-30T17:37:59.768+0000] {spark_submit.py:495} INFO - 23/01/30 17:37:59 INFO Utils: /home/***/.ivy2/jars/com.github.luben_zstd-jni-1.4.8-1.jar has been previously copied to /tmp/spark-b1b9686f-4c48-4eba-b8af-805f342b90e5/userFiles-3a800ffa-2619-44a7-89c8-ab1e471e88b0/com.github.luben_zstd-jni-1.4.8-1.jar
[2023-01-30T17:37:59.775+0000] {spark_submit.py:495} INFO - 23/01/30 17:37:59 INFO Executor: Fetching file:///home/***/.ivy2/jars/org.lz4_lz4-java-1.7.1.jar with timestamp 1675100278789
[2023-01-30T17:37:59.776+0000] {spark_submit.py:495} INFO - 23/01/30 17:37:59 INFO Utils: /home/***/.ivy2/jars/org.lz4_lz4-java-1.7.1.jar has been previously copied to /tmp/spark-b1b9686f-4c48-4eba-b8af-805f342b90e5/userFiles-3a800ffa-2619-44a7-89c8-ab1e471e88b0/org.lz4_lz4-java-1.7.1.jar
[2023-01-30T17:37:59.780+0000] {spark_submit.py:495} INFO - 23/01/30 17:37:59 INFO Executor: Fetching file:///home/***/.ivy2/jars/org.spark-project.spark_unused-1.0.0.jar with timestamp 1675100278789
[2023-01-30T17:37:59.780+0000] {spark_submit.py:495} INFO - 23/01/30 17:37:59 INFO Utils: /home/***/.ivy2/jars/org.spark-project.spark_unused-1.0.0.jar has been previously copied to /tmp/spark-b1b9686f-4c48-4eba-b8af-805f342b90e5/userFiles-3a800ffa-2619-44a7-89c8-ab1e471e88b0/org.spark-project.spark_unused-1.0.0.jar
[2023-01-30T17:37:59.790+0000] {spark_submit.py:495} INFO - 23/01/30 17:37:59 INFO Executor: Fetching file:///home/***/.ivy2/jars/org.xerial.snappy_snappy-java-1.1.8.2.jar with timestamp 1675100278789
[2023-01-30T17:37:59.792+0000] {spark_submit.py:495} INFO - 23/01/30 17:37:59 INFO Utils: /home/***/.ivy2/jars/org.xerial.snappy_snappy-java-1.1.8.2.jar has been previously copied to /tmp/spark-b1b9686f-4c48-4eba-b8af-805f342b90e5/userFiles-3a800ffa-2619-44a7-89c8-ab1e471e88b0/org.xerial.snappy_snappy-java-1.1.8.2.jar
[2023-01-30T17:37:59.795+0000] {spark_submit.py:495} INFO - 23/01/30 17:37:59 INFO Executor: Fetching file:///home/***/.ivy2/jars/org.mongodb_mongodb-driver-core-4.0.5.jar with timestamp 1675100278789
[2023-01-30T17:37:59.796+0000] {spark_submit.py:495} INFO - 23/01/30 17:37:59 INFO Utils: /home/***/.ivy2/jars/org.mongodb_mongodb-driver-core-4.0.5.jar has been previously copied to /tmp/spark-b1b9686f-4c48-4eba-b8af-805f342b90e5/userFiles-3a800ffa-2619-44a7-89c8-ab1e471e88b0/org.mongodb_mongodb-driver-core-4.0.5.jar
[2023-01-30T17:37:59.800+0000] {spark_submit.py:495} INFO - 23/01/30 17:37:59 INFO Executor: Fetching file:///home/***/.ivy2/jars/org.apache.spark_spark-sql-kafka-0-10_2.12-3.1.3.jar with timestamp 1675100278789
[2023-01-30T17:37:59.801+0000] {spark_submit.py:495} INFO - 23/01/30 17:37:59 INFO Utils: /home/***/.ivy2/jars/org.apache.spark_spark-sql-kafka-0-10_2.12-3.1.3.jar has been previously copied to /tmp/spark-b1b9686f-4c48-4eba-b8af-805f342b90e5/userFiles-3a800ffa-2619-44a7-89c8-ab1e471e88b0/org.apache.spark_spark-sql-kafka-0-10_2.12-3.1.3.jar
[2023-01-30T17:37:59.804+0000] {spark_submit.py:495} INFO - 23/01/30 17:37:59 INFO Executor: Fetching file:///home/***/.ivy2/jars/org.mongodb.spark_mongo-spark-connector_2.12-3.0.1.jar with timestamp 1675100278789
[2023-01-30T17:37:59.804+0000] {spark_submit.py:495} INFO - 23/01/30 17:37:59 INFO Utils: /home/***/.ivy2/jars/org.mongodb.spark_mongo-spark-connector_2.12-3.0.1.jar has been previously copied to /tmp/spark-b1b9686f-4c48-4eba-b8af-805f342b90e5/userFiles-3a800ffa-2619-44a7-89c8-ab1e471e88b0/org.mongodb.spark_mongo-spark-connector_2.12-3.0.1.jar
[2023-01-30T17:37:59.807+0000] {spark_submit.py:495} INFO - 23/01/30 17:37:59 INFO Executor: Fetching file:///home/***/.ivy2/jars/org.apache.commons_commons-pool2-2.6.2.jar with timestamp 1675100278789
[2023-01-30T17:37:59.808+0000] {spark_submit.py:495} INFO - 23/01/30 17:37:59 INFO Utils: /home/***/.ivy2/jars/org.apache.commons_commons-pool2-2.6.2.jar has been previously copied to /tmp/spark-b1b9686f-4c48-4eba-b8af-805f342b90e5/userFiles-3a800ffa-2619-44a7-89c8-ab1e471e88b0/org.apache.commons_commons-pool2-2.6.2.jar
[2023-01-30T17:37:59.810+0000] {spark_submit.py:495} INFO - 23/01/30 17:37:59 INFO Executor: Fetching file:///home/***/.ivy2/jars/org.slf4j_slf4j-api-1.7.30.jar with timestamp 1675100278789
[2023-01-30T17:37:59.811+0000] {spark_submit.py:495} INFO - 23/01/30 17:37:59 INFO Utils: /home/***/.ivy2/jars/org.slf4j_slf4j-api-1.7.30.jar has been previously copied to /tmp/spark-b1b9686f-4c48-4eba-b8af-805f342b90e5/userFiles-3a800ffa-2619-44a7-89c8-ab1e471e88b0/org.slf4j_slf4j-api-1.7.30.jar
[2023-01-30T17:37:59.815+0000] {spark_submit.py:495} INFO - 23/01/30 17:37:59 INFO Executor: Fetching spark://15c99fd3082a:38877/jars/com.github.luben_zstd-jni-1.4.8-1.jar with timestamp 1675100278789
[2023-01-30T17:37:59.854+0000] {spark_submit.py:495} INFO - 23/01/30 17:37:59 INFO TransportClientFactory: Successfully created connection to 15c99fd3082a/172.20.0.7:38877 after 29 ms (0 ms spent in bootstraps)
[2023-01-30T17:37:59.869+0000] {spark_submit.py:495} INFO - 23/01/30 17:37:59 INFO Utils: Fetching spark://15c99fd3082a:38877/jars/com.github.luben_zstd-jni-1.4.8-1.jar to /tmp/spark-b1b9686f-4c48-4eba-b8af-805f342b90e5/userFiles-3a800ffa-2619-44a7-89c8-ab1e471e88b0/fetchFileTemp12332953918306617467.tmp
[2023-01-30T17:37:59.940+0000] {spark_submit.py:495} INFO - 23/01/30 17:37:59 INFO Utils: /tmp/spark-b1b9686f-4c48-4eba-b8af-805f342b90e5/userFiles-3a800ffa-2619-44a7-89c8-ab1e471e88b0/fetchFileTemp12332953918306617467.tmp has been previously copied to /tmp/spark-b1b9686f-4c48-4eba-b8af-805f342b90e5/userFiles-3a800ffa-2619-44a7-89c8-ab1e471e88b0/com.github.luben_zstd-jni-1.4.8-1.jar
[2023-01-30T17:37:59.949+0000] {spark_submit.py:495} INFO - 23/01/30 17:37:59 INFO Executor: Adding file:/tmp/spark-b1b9686f-4c48-4eba-b8af-805f342b90e5/userFiles-3a800ffa-2619-44a7-89c8-ab1e471e88b0/com.github.luben_zstd-jni-1.4.8-1.jar to class loader
[2023-01-30T17:37:59.949+0000] {spark_submit.py:495} INFO - 23/01/30 17:37:59 INFO Executor: Fetching spark://15c99fd3082a:38877/jars/org.apache.spark_spark-sql-kafka-0-10_2.12-3.1.3.jar with timestamp 1675100278789
[2023-01-30T17:37:59.952+0000] {spark_submit.py:495} INFO - 23/01/30 17:37:59 INFO Utils: Fetching spark://15c99fd3082a:38877/jars/org.apache.spark_spark-sql-kafka-0-10_2.12-3.1.3.jar to /tmp/spark-b1b9686f-4c48-4eba-b8af-805f342b90e5/userFiles-3a800ffa-2619-44a7-89c8-ab1e471e88b0/fetchFileTemp8046648550793530457.tmp
[2023-01-30T17:37:59.955+0000] {spark_submit.py:495} INFO - 23/01/30 17:37:59 INFO Utils: /tmp/spark-b1b9686f-4c48-4eba-b8af-805f342b90e5/userFiles-3a800ffa-2619-44a7-89c8-ab1e471e88b0/fetchFileTemp8046648550793530457.tmp has been previously copied to /tmp/spark-b1b9686f-4c48-4eba-b8af-805f342b90e5/userFiles-3a800ffa-2619-44a7-89c8-ab1e471e88b0/org.apache.spark_spark-sql-kafka-0-10_2.12-3.1.3.jar
[2023-01-30T17:37:59.959+0000] {spark_submit.py:495} INFO - 23/01/30 17:37:59 INFO Executor: Adding file:/tmp/spark-b1b9686f-4c48-4eba-b8af-805f342b90e5/userFiles-3a800ffa-2619-44a7-89c8-ab1e471e88b0/org.apache.spark_spark-sql-kafka-0-10_2.12-3.1.3.jar to class loader
[2023-01-30T17:37:59.960+0000] {spark_submit.py:495} INFO - 23/01/30 17:37:59 INFO Executor: Fetching spark://15c99fd3082a:38877/jars/org.apache.commons_commons-pool2-2.6.2.jar with timestamp 1675100278789
[2023-01-30T17:37:59.961+0000] {spark_submit.py:495} INFO - 23/01/30 17:37:59 INFO Utils: Fetching spark://15c99fd3082a:38877/jars/org.apache.commons_commons-pool2-2.6.2.jar to /tmp/spark-b1b9686f-4c48-4eba-b8af-805f342b90e5/userFiles-3a800ffa-2619-44a7-89c8-ab1e471e88b0/fetchFileTemp16260727200547252146.tmp
[2023-01-30T17:37:59.962+0000] {spark_submit.py:495} INFO - 23/01/30 17:37:59 INFO Utils: /tmp/spark-b1b9686f-4c48-4eba-b8af-805f342b90e5/userFiles-3a800ffa-2619-44a7-89c8-ab1e471e88b0/fetchFileTemp16260727200547252146.tmp has been previously copied to /tmp/spark-b1b9686f-4c48-4eba-b8af-805f342b90e5/userFiles-3a800ffa-2619-44a7-89c8-ab1e471e88b0/org.apache.commons_commons-pool2-2.6.2.jar
[2023-01-30T17:37:59.966+0000] {spark_submit.py:495} INFO - 23/01/30 17:37:59 INFO Executor: Adding file:/tmp/spark-b1b9686f-4c48-4eba-b8af-805f342b90e5/userFiles-3a800ffa-2619-44a7-89c8-ab1e471e88b0/org.apache.commons_commons-pool2-2.6.2.jar to class loader
[2023-01-30T17:37:59.966+0000] {spark_submit.py:495} INFO - 23/01/30 17:37:59 INFO Executor: Fetching spark://15c99fd3082a:38877/jars/org.apache.spark_spark-token-provider-kafka-0-10_2.12-3.1.3.jar with timestamp 1675100278789
[2023-01-30T17:37:59.967+0000] {spark_submit.py:495} INFO - 23/01/30 17:37:59 INFO Utils: Fetching spark://15c99fd3082a:38877/jars/org.apache.spark_spark-token-provider-kafka-0-10_2.12-3.1.3.jar to /tmp/spark-b1b9686f-4c48-4eba-b8af-805f342b90e5/userFiles-3a800ffa-2619-44a7-89c8-ab1e471e88b0/fetchFileTemp327902210719094622.tmp
[2023-01-30T17:37:59.968+0000] {spark_submit.py:495} INFO - 23/01/30 17:37:59 INFO Utils: /tmp/spark-b1b9686f-4c48-4eba-b8af-805f342b90e5/userFiles-3a800ffa-2619-44a7-89c8-ab1e471e88b0/fetchFileTemp327902210719094622.tmp has been previously copied to /tmp/spark-b1b9686f-4c48-4eba-b8af-805f342b90e5/userFiles-3a800ffa-2619-44a7-89c8-ab1e471e88b0/org.apache.spark_spark-token-provider-kafka-0-10_2.12-3.1.3.jar
[2023-01-30T17:37:59.971+0000] {spark_submit.py:495} INFO - 23/01/30 17:37:59 INFO Executor: Adding file:/tmp/spark-b1b9686f-4c48-4eba-b8af-805f342b90e5/userFiles-3a800ffa-2619-44a7-89c8-ab1e471e88b0/org.apache.spark_spark-token-provider-kafka-0-10_2.12-3.1.3.jar to class loader
[2023-01-30T17:37:59.971+0000] {spark_submit.py:495} INFO - 23/01/30 17:37:59 INFO Executor: Fetching spark://15c99fd3082a:38877/jars/org.mongodb_mongodb-driver-core-4.0.5.jar with timestamp 1675100278789
[2023-01-30T17:37:59.972+0000] {spark_submit.py:495} INFO - 23/01/30 17:37:59 INFO Utils: Fetching spark://15c99fd3082a:38877/jars/org.mongodb_mongodb-driver-core-4.0.5.jar to /tmp/spark-b1b9686f-4c48-4eba-b8af-805f342b90e5/userFiles-3a800ffa-2619-44a7-89c8-ab1e471e88b0/fetchFileTemp1337765300884845007.tmp
[2023-01-30T17:37:59.980+0000] {spark_submit.py:495} INFO - 23/01/30 17:37:59 INFO Utils: /tmp/spark-b1b9686f-4c48-4eba-b8af-805f342b90e5/userFiles-3a800ffa-2619-44a7-89c8-ab1e471e88b0/fetchFileTemp1337765300884845007.tmp has been previously copied to /tmp/spark-b1b9686f-4c48-4eba-b8af-805f342b90e5/userFiles-3a800ffa-2619-44a7-89c8-ab1e471e88b0/org.mongodb_mongodb-driver-core-4.0.5.jar
[2023-01-30T17:37:59.986+0000] {spark_submit.py:495} INFO - 23/01/30 17:37:59 INFO Executor: Adding file:/tmp/spark-b1b9686f-4c48-4eba-b8af-805f342b90e5/userFiles-3a800ffa-2619-44a7-89c8-ab1e471e88b0/org.mongodb_mongodb-driver-core-4.0.5.jar to class loader
[2023-01-30T17:37:59.986+0000] {spark_submit.py:495} INFO - 23/01/30 17:37:59 INFO Executor: Fetching spark://15c99fd3082a:38877/jars/org.xerial.snappy_snappy-java-1.1.8.2.jar with timestamp 1675100278789
[2023-01-30T17:37:59.987+0000] {spark_submit.py:495} INFO - 23/01/30 17:37:59 INFO Utils: Fetching spark://15c99fd3082a:38877/jars/org.xerial.snappy_snappy-java-1.1.8.2.jar to /tmp/spark-b1b9686f-4c48-4eba-b8af-805f342b90e5/userFiles-3a800ffa-2619-44a7-89c8-ab1e471e88b0/fetchFileTemp16801203698049488561.tmp
[2023-01-30T17:37:59.995+0000] {spark_submit.py:495} INFO - 23/01/30 17:37:59 INFO Utils: /tmp/spark-b1b9686f-4c48-4eba-b8af-805f342b90e5/userFiles-3a800ffa-2619-44a7-89c8-ab1e471e88b0/fetchFileTemp16801203698049488561.tmp has been previously copied to /tmp/spark-b1b9686f-4c48-4eba-b8af-805f342b90e5/userFiles-3a800ffa-2619-44a7-89c8-ab1e471e88b0/org.xerial.snappy_snappy-java-1.1.8.2.jar
[2023-01-30T17:38:00.003+0000] {spark_submit.py:495} INFO - 23/01/30 17:38:00 INFO Executor: Adding file:/tmp/spark-b1b9686f-4c48-4eba-b8af-805f342b90e5/userFiles-3a800ffa-2619-44a7-89c8-ab1e471e88b0/org.xerial.snappy_snappy-java-1.1.8.2.jar to class loader
[2023-01-30T17:38:00.003+0000] {spark_submit.py:495} INFO - 23/01/30 17:38:00 INFO Executor: Fetching spark://15c99fd3082a:38877/jars/org.mongodb_bson-4.0.5.jar with timestamp 1675100278789
[2023-01-30T17:38:00.003+0000] {spark_submit.py:495} INFO - 23/01/30 17:38:00 INFO Utils: Fetching spark://15c99fd3082a:38877/jars/org.mongodb_bson-4.0.5.jar to /tmp/spark-b1b9686f-4c48-4eba-b8af-805f342b90e5/userFiles-3a800ffa-2619-44a7-89c8-ab1e471e88b0/fetchFileTemp12690562225565704242.tmp
[2023-01-30T17:38:00.005+0000] {spark_submit.py:495} INFO - 23/01/30 17:38:00 INFO Utils: /tmp/spark-b1b9686f-4c48-4eba-b8af-805f342b90e5/userFiles-3a800ffa-2619-44a7-89c8-ab1e471e88b0/fetchFileTemp12690562225565704242.tmp has been previously copied to /tmp/spark-b1b9686f-4c48-4eba-b8af-805f342b90e5/userFiles-3a800ffa-2619-44a7-89c8-ab1e471e88b0/org.mongodb_bson-4.0.5.jar
[2023-01-30T17:38:00.009+0000] {spark_submit.py:495} INFO - 23/01/30 17:38:00 INFO Executor: Adding file:/tmp/spark-b1b9686f-4c48-4eba-b8af-805f342b90e5/userFiles-3a800ffa-2619-44a7-89c8-ab1e471e88b0/org.mongodb_bson-4.0.5.jar to class loader
[2023-01-30T17:38:00.009+0000] {spark_submit.py:495} INFO - 23/01/30 17:38:00 INFO Executor: Fetching spark://15c99fd3082a:38877/jars/org.lz4_lz4-java-1.7.1.jar with timestamp 1675100278789
[2023-01-30T17:38:00.009+0000] {spark_submit.py:495} INFO - 23/01/30 17:38:00 INFO Utils: Fetching spark://15c99fd3082a:38877/jars/org.lz4_lz4-java-1.7.1.jar to /tmp/spark-b1b9686f-4c48-4eba-b8af-805f342b90e5/userFiles-3a800ffa-2619-44a7-89c8-ab1e471e88b0/fetchFileTemp3909151937264468662.tmp
[2023-01-30T17:38:00.013+0000] {spark_submit.py:495} INFO - 23/01/30 17:38:00 INFO Utils: /tmp/spark-b1b9686f-4c48-4eba-b8af-805f342b90e5/userFiles-3a800ffa-2619-44a7-89c8-ab1e471e88b0/fetchFileTemp3909151937264468662.tmp has been previously copied to /tmp/spark-b1b9686f-4c48-4eba-b8af-805f342b90e5/userFiles-3a800ffa-2619-44a7-89c8-ab1e471e88b0/org.lz4_lz4-java-1.7.1.jar
[2023-01-30T17:38:00.016+0000] {spark_submit.py:495} INFO - 23/01/30 17:38:00 INFO Executor: Adding file:/tmp/spark-b1b9686f-4c48-4eba-b8af-805f342b90e5/userFiles-3a800ffa-2619-44a7-89c8-ab1e471e88b0/org.lz4_lz4-java-1.7.1.jar to class loader
[2023-01-30T17:38:00.016+0000] {spark_submit.py:495} INFO - 23/01/30 17:38:00 INFO Executor: Fetching spark://15c99fd3082a:38877/jars/org.slf4j_slf4j-api-1.7.30.jar with timestamp 1675100278789
[2023-01-30T17:38:00.017+0000] {spark_submit.py:495} INFO - 23/01/30 17:38:00 INFO Utils: Fetching spark://15c99fd3082a:38877/jars/org.slf4j_slf4j-api-1.7.30.jar to /tmp/spark-b1b9686f-4c48-4eba-b8af-805f342b90e5/userFiles-3a800ffa-2619-44a7-89c8-ab1e471e88b0/fetchFileTemp16830647896390813978.tmp
[2023-01-30T17:38:00.018+0000] {spark_submit.py:495} INFO - 23/01/30 17:38:00 INFO Utils: /tmp/spark-b1b9686f-4c48-4eba-b8af-805f342b90e5/userFiles-3a800ffa-2619-44a7-89c8-ab1e471e88b0/fetchFileTemp16830647896390813978.tmp has been previously copied to /tmp/spark-b1b9686f-4c48-4eba-b8af-805f342b90e5/userFiles-3a800ffa-2619-44a7-89c8-ab1e471e88b0/org.slf4j_slf4j-api-1.7.30.jar
[2023-01-30T17:38:00.027+0000] {spark_submit.py:495} INFO - 23/01/30 17:38:00 INFO Executor: Adding file:/tmp/spark-b1b9686f-4c48-4eba-b8af-805f342b90e5/userFiles-3a800ffa-2619-44a7-89c8-ab1e471e88b0/org.slf4j_slf4j-api-1.7.30.jar to class loader
[2023-01-30T17:38:00.027+0000] {spark_submit.py:495} INFO - 23/01/30 17:38:00 INFO Executor: Fetching spark://15c99fd3082a:38877/jars/org.spark-project.spark_unused-1.0.0.jar with timestamp 1675100278789
[2023-01-30T17:38:00.027+0000] {spark_submit.py:495} INFO - 23/01/30 17:38:00 INFO Utils: Fetching spark://15c99fd3082a:38877/jars/org.spark-project.spark_unused-1.0.0.jar to /tmp/spark-b1b9686f-4c48-4eba-b8af-805f342b90e5/userFiles-3a800ffa-2619-44a7-89c8-ab1e471e88b0/fetchFileTemp5019470044046096195.tmp
[2023-01-30T17:38:00.029+0000] {spark_submit.py:495} INFO - 23/01/30 17:38:00 INFO Utils: /tmp/spark-b1b9686f-4c48-4eba-b8af-805f342b90e5/userFiles-3a800ffa-2619-44a7-89c8-ab1e471e88b0/fetchFileTemp5019470044046096195.tmp has been previously copied to /tmp/spark-b1b9686f-4c48-4eba-b8af-805f342b90e5/userFiles-3a800ffa-2619-44a7-89c8-ab1e471e88b0/org.spark-project.spark_unused-1.0.0.jar
[2023-01-30T17:38:00.034+0000] {spark_submit.py:495} INFO - 23/01/30 17:38:00 INFO Executor: Adding file:/tmp/spark-b1b9686f-4c48-4eba-b8af-805f342b90e5/userFiles-3a800ffa-2619-44a7-89c8-ab1e471e88b0/org.spark-project.spark_unused-1.0.0.jar to class loader
[2023-01-30T17:38:00.034+0000] {spark_submit.py:495} INFO - 23/01/30 17:38:00 INFO Executor: Fetching spark://15c99fd3082a:38877/jars/org.mongodb_mongodb-driver-sync-4.0.5.jar with timestamp 1675100278789
[2023-01-30T17:38:00.035+0000] {spark_submit.py:495} INFO - 23/01/30 17:38:00 INFO Utils: Fetching spark://15c99fd3082a:38877/jars/org.mongodb_mongodb-driver-sync-4.0.5.jar to /tmp/spark-b1b9686f-4c48-4eba-b8af-805f342b90e5/userFiles-3a800ffa-2619-44a7-89c8-ab1e471e88b0/fetchFileTemp3103754356674139219.tmp
[2023-01-30T17:38:00.037+0000] {spark_submit.py:495} INFO - 23/01/30 17:38:00 INFO Utils: /tmp/spark-b1b9686f-4c48-4eba-b8af-805f342b90e5/userFiles-3a800ffa-2619-44a7-89c8-ab1e471e88b0/fetchFileTemp3103754356674139219.tmp has been previously copied to /tmp/spark-b1b9686f-4c48-4eba-b8af-805f342b90e5/userFiles-3a800ffa-2619-44a7-89c8-ab1e471e88b0/org.mongodb_mongodb-driver-sync-4.0.5.jar
[2023-01-30T17:38:00.039+0000] {spark_submit.py:495} INFO - 23/01/30 17:38:00 INFO Executor: Adding file:/tmp/spark-b1b9686f-4c48-4eba-b8af-805f342b90e5/userFiles-3a800ffa-2619-44a7-89c8-ab1e471e88b0/org.mongodb_mongodb-driver-sync-4.0.5.jar to class loader
[2023-01-30T17:38:00.039+0000] {spark_submit.py:495} INFO - 23/01/30 17:38:00 INFO Executor: Fetching spark://15c99fd3082a:38877/jars/org.apache.kafka_kafka-clients-2.6.0.jar with timestamp 1675100278789
[2023-01-30T17:38:00.040+0000] {spark_submit.py:495} INFO - 23/01/30 17:38:00 INFO Utils: Fetching spark://15c99fd3082a:38877/jars/org.apache.kafka_kafka-clients-2.6.0.jar to /tmp/spark-b1b9686f-4c48-4eba-b8af-805f342b90e5/userFiles-3a800ffa-2619-44a7-89c8-ab1e471e88b0/fetchFileTemp978455254091420744.tmp
[2023-01-30T17:38:00.053+0000] {spark_submit.py:495} INFO - 23/01/30 17:38:00 INFO Utils: /tmp/spark-b1b9686f-4c48-4eba-b8af-805f342b90e5/userFiles-3a800ffa-2619-44a7-89c8-ab1e471e88b0/fetchFileTemp978455254091420744.tmp has been previously copied to /tmp/spark-b1b9686f-4c48-4eba-b8af-805f342b90e5/userFiles-3a800ffa-2619-44a7-89c8-ab1e471e88b0/org.apache.kafka_kafka-clients-2.6.0.jar
[2023-01-30T17:38:00.060+0000] {spark_submit.py:495} INFO - 23/01/30 17:38:00 INFO Executor: Adding file:/tmp/spark-b1b9686f-4c48-4eba-b8af-805f342b90e5/userFiles-3a800ffa-2619-44a7-89c8-ab1e471e88b0/org.apache.kafka_kafka-clients-2.6.0.jar to class loader
[2023-01-30T17:38:00.060+0000] {spark_submit.py:495} INFO - 23/01/30 17:38:00 INFO Executor: Fetching spark://15c99fd3082a:38877/jars/org.mongodb.spark_mongo-spark-connector_2.12-3.0.1.jar with timestamp 1675100278789
[2023-01-30T17:38:00.061+0000] {spark_submit.py:495} INFO - 23/01/30 17:38:00 INFO Utils: Fetching spark://15c99fd3082a:38877/jars/org.mongodb.spark_mongo-spark-connector_2.12-3.0.1.jar to /tmp/spark-b1b9686f-4c48-4eba-b8af-805f342b90e5/userFiles-3a800ffa-2619-44a7-89c8-ab1e471e88b0/fetchFileTemp2518933479251793346.tmp
[2023-01-30T17:38:00.063+0000] {spark_submit.py:495} INFO - 23/01/30 17:38:00 INFO Utils: /tmp/spark-b1b9686f-4c48-4eba-b8af-805f342b90e5/userFiles-3a800ffa-2619-44a7-89c8-ab1e471e88b0/fetchFileTemp2518933479251793346.tmp has been previously copied to /tmp/spark-b1b9686f-4c48-4eba-b8af-805f342b90e5/userFiles-3a800ffa-2619-44a7-89c8-ab1e471e88b0/org.mongodb.spark_mongo-spark-connector_2.12-3.0.1.jar
[2023-01-30T17:38:00.066+0000] {spark_submit.py:495} INFO - 23/01/30 17:38:00 INFO Executor: Adding file:/tmp/spark-b1b9686f-4c48-4eba-b8af-805f342b90e5/userFiles-3a800ffa-2619-44a7-89c8-ab1e471e88b0/org.mongodb.spark_mongo-spark-connector_2.12-3.0.1.jar to class loader
[2023-01-30T17:38:00.075+0000] {spark_submit.py:495} INFO - 23/01/30 17:38:00 INFO Utils: Successfully started service 'org.apache.spark.network.netty.NettyBlockTransferService' on port 34681.
[2023-01-30T17:38:00.076+0000] {spark_submit.py:495} INFO - 23/01/30 17:38:00 INFO NettyBlockTransferService: Server created on 15c99fd3082a:34681
[2023-01-30T17:38:00.076+0000] {spark_submit.py:495} INFO - 23/01/30 17:38:00 INFO BlockManager: Using org.apache.spark.storage.RandomBlockReplicationPolicy for block replication policy
[2023-01-30T17:38:00.081+0000] {spark_submit.py:495} INFO - 23/01/30 17:38:00 INFO BlockManagerMaster: Registering BlockManager BlockManagerId(driver, 15c99fd3082a, 34681, None)
[2023-01-30T17:38:00.085+0000] {spark_submit.py:495} INFO - 23/01/30 17:38:00 INFO BlockManagerMasterEndpoint: Registering block manager 15c99fd3082a:34681 with 434.4 MiB RAM, BlockManagerId(driver, 15c99fd3082a, 34681, None)
[2023-01-30T17:38:00.086+0000] {spark_submit.py:495} INFO - 23/01/30 17:38:00 INFO BlockManagerMaster: Registered BlockManager BlockManagerId(driver, 15c99fd3082a, 34681, None)
[2023-01-30T17:38:00.087+0000] {spark_submit.py:495} INFO - 23/01/30 17:38:00 INFO BlockManager: Initialized BlockManager: BlockManagerId(driver, 15c99fd3082a, 34681, None)
[2023-01-30T17:38:05.336+0000] {spark_submit.py:495} INFO - 2023-01-30 17:38:05,320 - py4j.java_gateway - INFO - Callback Server Starting
[2023-01-30T17:38:05.336+0000] {spark_submit.py:495} INFO - 2023-01-30 17:38:05,321 - py4j.java_gateway - INFO - Socket listening on ('127.0.0.1', 36271)
[2023-01-30T17:40:27.110+0000] {spark_submit.py:495} INFO - 2023-01-30 17:40:27,108 - py4j.clientserver - INFO - Python Server ready to receive messages
[2023-01-30T17:40:27.110+0000] {spark_submit.py:495} INFO - 2023-01-30 17:40:27,108 - py4j.clientserver - INFO - Received command c on object id p0
[2023-01-30T17:40:27.448+0000] {spark_submit.py:495} INFO - -------------------------------------------
[2023-01-30T17:40:27.448+0000] {spark_submit.py:495} INFO - Batch: 0
[2023-01-30T17:40:27.448+0000] {spark_submit.py:495} INFO - -------------------------------------------
[2023-01-30T17:40:27.503+0000] {spark_submit.py:495} INFO - +---+-------------+-----+-------------+----------+----------------+------------+-----------------+--------------+-------------+
[2023-01-30T17:40:27.503+0000] {spark_submit.py:495} INFO - |id |nameOfProduct|price|ProductStatus|SellerName|RegistrationDate|QuantitySold|QuantityAvailable|Free shipping?|Store ratings|
[2023-01-30T17:40:27.503+0000] {spark_submit.py:495} INFO - +---+-------------+-----+-------------+----------+----------------+------------+-----------------+--------------+-------------+
[2023-01-30T17:40:27.503+0000] {spark_submit.py:495} INFO - +---+-------------+-----+-------------+----------+----------------+------------+-----------------+--------------+-------------+
[2023-01-30T17:40:27.503+0000] {spark_submit.py:495} INFO - 
[2023-01-30T17:40:47.460+0000] {spark_submit.py:495} INFO - 2023-01-30 17:40:47,460 - py4j.clientserver - INFO - Received command c on object id p0
[2023-01-30T17:40:49.213+0000] {spark_submit.py:495} INFO - 2023-01-30 17:40:49,213 - py4j.clientserver - INFO - Received command c on object id p0
[2023-01-30T17:40:50.754+0000] {spark_submit.py:495} INFO - -------------------------------------------
[2023-01-30T17:40:50.754+0000] {spark_submit.py:495} INFO - Batch: 1
[2023-01-30T17:40:50.754+0000] {spark_submit.py:495} INFO - -------------------------------------------
[2023-01-30T17:40:50.814+0000] {spark_submit.py:495} INFO - +-------------+----------------------------------------------------------------------------------------------+--------+-------------+----------------+-------------------+------------+-----------------+------------------------------+-------------+
[2023-01-30T17:40:50.814+0000] {spark_submit.py:495} INFO - |id           |nameOfProduct                                                                                 |price   |ProductStatus|SellerName      |RegistrationDate   |QuantitySold|QuantityAvailable|Free shipping?                |Store ratings|
[2023-01-30T17:40:50.814+0000] {spark_submit.py:495} INFO - +-------------+----------------------------------------------------------------------------------------------+--------+-------------+----------------+-------------------+------------+-----------------+------------------------------+-------------+
[2023-01-30T17:40:50.814+0000] {spark_submit.py:495} INFO - |MLA1221192372|Disco Duro Externo Western Digital Wd Elements Portable Wdbu6y0020bbk 2tb Negro               |25999.0 |new          |OVERHARD DIGITAL|2015-01-08 12:19:41|500         |100              |Your shipment arrives today   |4.5          |
[2023-01-30T17:40:50.815+0000] {spark_submit.py:495} INFO - |MLA1142490711|Placa De Video Amd Asrock  Phantom Gaming Radeon Rx 500 Series Rx 550 Phantom G R Rx550 2g 2gb|34000.0 |new          |PCREGISTRADAOK  |2020-11-02 13:17:33|500         |100              |Your shipment arrives today   |4.5          |
[2023-01-30T17:40:50.815+0000] {spark_submit.py:495} INFO - |MLA1157512489|Placa De Video Nvidia Evga  Sc Gaming Geforce Gtx 16 Series Gtx 1660 Super 06g-p4-1068-kr 6gb |124999.0|new          |PCREGISTRADAOK  |2020-11-02 13:17:33|50          |1                |Your shipment arrives today   |4.5          |
[2023-01-30T17:40:50.815+0000] {spark_submit.py:495} INFO - |MLA1160178907|Memoria Ram Fury Beast Gamer Color Negro  16gb 1 Kingston Kf432c16bb/16                       |22999.0 |new          |OVERHARD DIGITAL|2015-01-08 12:19:41|500         |50               |Your shipment arrives tomorrow|4.5          |
[2023-01-30T17:40:50.815+0000] {spark_submit.py:495} INFO - |MLA882277177 |Capturadora Video Hdmi Digital Full Hd Usb Streaming                                          |2699.0  |new          |BSK-IMPORTS     |2019-12-30 23:07:04|500         |1                |You have to pay the shipping  |3.0          |
[2023-01-30T17:40:50.815+0000] {spark_submit.py:495} INFO - |MLA1294240592|Procesador Intel Core I3-10105f Bx8070110105f De 4 Ncleos Y  4.4ghz De Frecuencia            |24043.0 |new          |PCREGISTRADAOK  |2020-11-02 13:17:33|4           |1                |Your shipment arrives tomorrow|4.5          |
[2023-01-30T17:40:50.815+0000] {spark_submit.py:495} INFO - |MLA1160198557|Memoria Ram Fury Beast Ddr4 Rgb Gamer Color Negro  16gb 1 Kingston Kf432c16bba/16             |26599.0 |new          |OVERHARD DIGITAL|2015-01-08 12:19:41|500         |50               |Your shipment arrives today   |4.5          |
[2023-01-30T17:40:50.815+0000] {spark_submit.py:495} INFO - |MLA1160204806|Memoria Ram Fury Beast Ddr4 Gamer Color Negro  8gb 1 Kingston Kf432c16bb/8                    |14999.0 |new          |OVERHARD DIGITAL|2015-01-08 12:19:41|500         |100              |You have to pay the shipping  |4.5          |
[2023-01-30T17:40:50.815+0000] {spark_submit.py:495} INFO - |MLA923637669 |Placa De Video Geforce Gt 740 2gb Gddr5 Hdmi Vga Fortnite                                     |28699.0 |new          |INDIGOTRADE     |2018-01-05 19:21:16|500         |50               |Your shipment arrives today   |4.5          |
[2023-01-30T17:40:50.815+0000] {spark_submit.py:495} INFO - |MLA844489972 |Disco Duro Interno Seagate Barracuda St1000dm010 1tb                                          |11599.0 |new          |DALECLCK       |2015-03-16 12:07:23|5000        |500              |You have to pay the shipping  |5.0          |
[2023-01-30T17:40:50.815+0000] {spark_submit.py:495} INFO - +-------------+----------------------------------------------------------------------------------------------+--------+-------------+----------------+-------------------+------------+-----------------+------------------------------+-------------+
[2023-01-30T17:40:50.815+0000] {spark_submit.py:495} INFO - only showing top 10 rows
[2023-01-30T17:40:50.815+0000] {spark_submit.py:495} INFO - 
[2023-01-30T17:41:39.337+0000] {spark_submit.py:495} INFO - 2023-01-30 17:41:39,337 - py4j.clientserver - INFO - Received command c on object id p0
[2023-01-30T17:41:40.232+0000] {spark_submit.py:495} INFO - 2023-01-30 17:41:40,229 - py4j.clientserver - INFO - Received command c on object id p0
[2023-01-30T17:41:40.745+0000] {spark_submit.py:495} INFO - -------------------------------------------
[2023-01-30T17:41:40.746+0000] {spark_submit.py:495} INFO - Batch: 2
[2023-01-30T17:41:40.746+0000] {spark_submit.py:495} INFO - -------------------------------------------
[2023-01-30T17:41:40.797+0000] {spark_submit.py:495} INFO - +-------------+----------------------------------------------------------------------------------------------+--------+-------------+----------------+-------------------+------------+-----------------+------------------------------+-------------+
[2023-01-30T17:41:40.797+0000] {spark_submit.py:495} INFO - |id           |nameOfProduct                                                                                 |price   |ProductStatus|SellerName      |RegistrationDate   |QuantitySold|QuantityAvailable|Free shipping?                |Store ratings|
[2023-01-30T17:41:40.797+0000] {spark_submit.py:495} INFO - +-------------+----------------------------------------------------------------------------------------------+--------+-------------+----------------+-------------------+------------+-----------------+------------------------------+-------------+
[2023-01-30T17:41:40.797+0000] {spark_submit.py:495} INFO - |MLA1221192372|Disco Duro Externo Western Digital Wd Elements Portable Wdbu6y0020bbk 2tb Negro               |25999.0 |new          |OVERHARD DIGITAL|2015-01-08 12:19:41|500         |100              |Your shipment arrives today   |4.5          |
[2023-01-30T17:41:40.797+0000] {spark_submit.py:495} INFO - |MLA1142490711|Placa De Video Amd Asrock  Phantom Gaming Radeon Rx 500 Series Rx 550 Phantom G R Rx550 2g 2gb|34000.0 |new          |PCREGISTRADAOK  |2020-11-02 13:17:33|500         |100              |Your shipment arrives today   |4.5          |
[2023-01-30T17:41:40.798+0000] {spark_submit.py:495} INFO - |MLA1157512489|Placa De Video Nvidia Evga  Sc Gaming Geforce Gtx 16 Series Gtx 1660 Super 06g-p4-1068-kr 6gb |124999.0|new          |PCREGISTRADAOK  |2020-11-02 13:17:33|50          |1                |Your shipment arrives today   |4.5          |
[2023-01-30T17:41:40.798+0000] {spark_submit.py:495} INFO - |MLA1160178907|Memoria Ram Fury Beast Gamer Color Negro  16gb 1 Kingston Kf432c16bb/16                       |22999.0 |new          |OVERHARD DIGITAL|2015-01-08 12:19:41|500         |50               |Your shipment arrives tomorrow|4.5          |
[2023-01-30T17:41:40.798+0000] {spark_submit.py:495} INFO - |MLA882277177 |Capturadora Video Hdmi Digital Full Hd Usb Streaming                                          |2699.0  |new          |BSK-IMPORTS     |2019-12-30 23:07:04|500         |1                |You have to pay the shipping  |3.0          |
[2023-01-30T17:41:40.798+0000] {spark_submit.py:495} INFO - |MLA1294240592|Procesador Intel Core I3-10105f Bx8070110105f De 4 Ncleos Y  4.4ghz De Frecuencia            |24043.0 |new          |PCREGISTRADAOK  |2020-11-02 13:17:33|4           |1                |Your shipment arrives tomorrow|4.5          |
[2023-01-30T17:41:40.798+0000] {spark_submit.py:495} INFO - |MLA1160198557|Memoria Ram Fury Beast Ddr4 Rgb Gamer Color Negro  16gb 1 Kingston Kf432c16bba/16             |26599.0 |new          |OVERHARD DIGITAL|2015-01-08 12:19:41|500         |50               |Your shipment arrives today   |4.5          |
[2023-01-30T17:41:40.798+0000] {spark_submit.py:495} INFO - |MLA1160204806|Memoria Ram Fury Beast Ddr4 Gamer Color Negro  8gb 1 Kingston Kf432c16bb/8                    |14999.0 |new          |OVERHARD DIGITAL|2015-01-08 12:19:41|500         |100              |You have to pay the shipping  |4.5          |
[2023-01-30T17:41:40.798+0000] {spark_submit.py:495} INFO - |MLA923637669 |Placa De Video Geforce Gt 740 2gb Gddr5 Hdmi Vga Fortnite                                     |28699.0 |new          |INDIGOTRADE     |2018-01-05 19:21:16|500         |50               |Your shipment arrives today   |4.5          |
[2023-01-30T17:41:40.798+0000] {spark_submit.py:495} INFO - |MLA844489972 |Disco Duro Interno Seagate Barracuda St1000dm010 1tb                                          |11599.0 |new          |DALECLCK       |2015-03-16 12:07:23|5000        |500              |You have to pay the shipping  |5.0          |
[2023-01-30T17:41:40.798+0000] {spark_submit.py:495} INFO - +-------------+----------------------------------------------------------------------------------------------+--------+-------------+----------------+-------------------+------------+-----------------+------------------------------+-------------+
[2023-01-30T17:41:40.798+0000] {spark_submit.py:495} INFO - only showing top 10 rows
[2023-01-30T17:41:40.798+0000] {spark_submit.py:495} INFO - 
[2023-01-30T17:44:42.712+0000] {spark_submit.py:495} INFO - 2023-01-30 17:44:42,712 - py4j.clientserver - INFO - Received command c on object id p0
[2023-01-30T17:44:43.486+0000] {spark_submit.py:495} INFO - 2023-01-30 17:44:43,485 - py4j.clientserver - INFO - Received command c on object id p0
[2023-01-30T17:44:50.662+0000] {spark_submit.py:495} INFO - -------------------------------------------
[2023-01-30T17:44:50.662+0000] {spark_submit.py:495} INFO - Batch: 3
[2023-01-30T17:44:50.662+0000] {spark_submit.py:495} INFO - -------------------------------------------
[2023-01-30T17:44:50.680+0000] {spark_submit.py:495} INFO - +-------------+----------------------------------------------------------------------------------------------+--------+-------------+----------------+-------------------+------------+-----------------+------------------------------+-------------+
[2023-01-30T17:44:50.680+0000] {spark_submit.py:495} INFO - |id           |nameOfProduct                                                                                 |price   |ProductStatus|SellerName      |RegistrationDate   |QuantitySold|QuantityAvailable|Free shipping?                |Store ratings|
[2023-01-30T17:44:50.680+0000] {spark_submit.py:495} INFO - +-------------+----------------------------------------------------------------------------------------------+--------+-------------+----------------+-------------------+------------+-----------------+------------------------------+-------------+
[2023-01-30T17:44:50.680+0000] {spark_submit.py:495} INFO - |MLA1221192372|Disco Duro Externo Western Digital Wd Elements Portable Wdbu6y0020bbk 2tb Negro               |25999.0 |new          |OVERHARD DIGITAL|2015-01-08 12:19:41|500         |100              |Your shipment arrives today   |4.5          |
[2023-01-30T17:44:50.680+0000] {spark_submit.py:495} INFO - |MLA1142490711|Placa De Video Amd Asrock  Phantom Gaming Radeon Rx 500 Series Rx 550 Phantom G R Rx550 2g 2gb|34000.0 |new          |PCREGISTRADAOK  |2020-11-02 13:17:33|500         |100              |Your shipment arrives today   |4.5          |
[2023-01-30T17:44:50.680+0000] {spark_submit.py:495} INFO - |MLA1157512489|Placa De Video Nvidia Evga  Sc Gaming Geforce Gtx 16 Series Gtx 1660 Super 06g-p4-1068-kr 6gb |124999.0|new          |PCREGISTRADAOK  |2020-11-02 13:17:33|50          |1                |Your shipment arrives today   |4.5          |
[2023-01-30T17:44:50.681+0000] {spark_submit.py:495} INFO - |MLA1160178907|Memoria Ram Fury Beast Gamer Color Negro  16gb 1 Kingston Kf432c16bb/16                       |22999.0 |new          |OVERHARD DIGITAL|2015-01-08 12:19:41|500         |50               |Your shipment arrives tomorrow|4.5          |
[2023-01-30T17:44:50.681+0000] {spark_submit.py:495} INFO - |MLA882277177 |Capturadora Video Hdmi Digital Full Hd Usb Streaming                                          |2699.0  |new          |BSK-IMPORTS     |2019-12-30 23:07:04|500         |1                |You have to pay the shipping  |3.0          |
[2023-01-30T17:44:50.681+0000] {spark_submit.py:495} INFO - |MLA1294240592|Procesador Intel Core I3-10105f Bx8070110105f De 4 Ncleos Y  4.4ghz De Frecuencia            |24043.0 |new          |PCREGISTRADAOK  |2020-11-02 13:17:33|4           |1                |Your shipment arrives tomorrow|4.5          |
[2023-01-30T17:44:50.681+0000] {spark_submit.py:495} INFO - |MLA1160198557|Memoria Ram Fury Beast Ddr4 Rgb Gamer Color Negro  16gb 1 Kingston Kf432c16bba/16             |26599.0 |new          |OVERHARD DIGITAL|2015-01-08 12:19:41|500         |50               |Your shipment arrives today   |4.5          |
[2023-01-30T17:44:50.681+0000] {spark_submit.py:495} INFO - |MLA1160204806|Memoria Ram Fury Beast Ddr4 Gamer Color Negro  8gb 1 Kingston Kf432c16bb/8                    |14999.0 |new          |OVERHARD DIGITAL|2015-01-08 12:19:41|500         |100              |You have to pay the shipping  |4.5          |
[2023-01-30T17:44:50.681+0000] {spark_submit.py:495} INFO - |MLA923637669 |Placa De Video Geforce Gt 740 2gb Gddr5 Hdmi Vga Fortnite                                     |28699.0 |new          |INDIGOTRADE     |2018-01-05 19:21:16|500         |50               |Your shipment arrives today   |4.5          |
[2023-01-30T17:44:50.681+0000] {spark_submit.py:495} INFO - |MLA844489972 |Disco Duro Interno Seagate Barracuda St1000dm010 1tb                                          |11599.0 |new          |DALECLCK       |2015-03-16 12:07:23|5000        |500              |You have to pay the shipping  |5.0          |
[2023-01-30T17:44:50.681+0000] {spark_submit.py:495} INFO - +-------------+----------------------------------------------------------------------------------------------+--------+-------------+----------------+-------------------+------------+-----------------+------------------------------+-------------+
[2023-01-30T17:44:50.681+0000] {spark_submit.py:495} INFO - only showing top 10 rows
[2023-01-30T17:44:50.681+0000] {spark_submit.py:495} INFO - 
[2023-01-30T17:46:27.425+0000] {spark_submit.py:495} INFO - 2023-01-30 17:46:27,425 - py4j.clientserver - INFO - Received command c on object id p0
[2023-01-30T17:46:28.191+0000] {spark_submit.py:495} INFO - 2023-01-30 17:46:28,191 - py4j.clientserver - INFO - Received command c on object id p0
[2023-01-30T17:46:30.639+0000] {spark_submit.py:495} INFO - -------------------------------------------
[2023-01-30T17:46:30.640+0000] {spark_submit.py:495} INFO - Batch: 4
[2023-01-30T17:46:30.640+0000] {spark_submit.py:495} INFO - -------------------------------------------
[2023-01-30T17:46:30.659+0000] {spark_submit.py:495} INFO - +-------------+----------------------------------------------------------------------------------------------+--------+-------------+----------------+-------------------+------------+-----------------+------------------------------+-------------+
[2023-01-30T17:46:30.659+0000] {spark_submit.py:495} INFO - |id           |nameOfProduct                                                                                 |price   |ProductStatus|SellerName      |RegistrationDate   |QuantitySold|QuantityAvailable|Free shipping?                |Store ratings|
[2023-01-30T17:46:30.659+0000] {spark_submit.py:495} INFO - +-------------+----------------------------------------------------------------------------------------------+--------+-------------+----------------+-------------------+------------+-----------------+------------------------------+-------------+
[2023-01-30T17:46:30.659+0000] {spark_submit.py:495} INFO - |MLA1221192372|Disco Duro Externo Western Digital Wd Elements Portable Wdbu6y0020bbk 2tb Negro               |25999.0 |new          |OVERHARD DIGITAL|2015-01-08 12:19:41|500         |100              |Your shipment arrives today   |4.5          |
[2023-01-30T17:46:30.659+0000] {spark_submit.py:495} INFO - |MLA1142490711|Placa De Video Amd Asrock  Phantom Gaming Radeon Rx 500 Series Rx 550 Phantom G R Rx550 2g 2gb|34000.0 |new          |PCREGISTRADAOK  |2020-11-02 13:17:33|500         |100              |Your shipment arrives today   |4.5          |
[2023-01-30T17:46:30.659+0000] {spark_submit.py:495} INFO - |MLA1157512489|Placa De Video Nvidia Evga  Sc Gaming Geforce Gtx 16 Series Gtx 1660 Super 06g-p4-1068-kr 6gb |124999.0|new          |PCREGISTRADAOK  |2020-11-02 13:17:33|50          |1                |Your shipment arrives today   |4.5          |
[2023-01-30T17:46:30.660+0000] {spark_submit.py:495} INFO - |MLA1160178907|Memoria Ram Fury Beast Gamer Color Negro  16gb 1 Kingston Kf432c16bb/16                       |22999.0 |new          |OVERHARD DIGITAL|2015-01-08 12:19:41|500         |50               |Your shipment arrives tomorrow|4.5          |
[2023-01-30T17:46:30.660+0000] {spark_submit.py:495} INFO - |MLA882277177 |Capturadora Video Hdmi Digital Full Hd Usb Streaming                                          |2699.0  |new          |BSK-IMPORTS     |2019-12-30 23:07:04|500         |1                |You have to pay the shipping  |3.0          |
[2023-01-30T17:46:30.660+0000] {spark_submit.py:495} INFO - |MLA1294240592|Procesador Intel Core I3-10105f Bx8070110105f De 4 Ncleos Y  4.4ghz De Frecuencia            |24043.0 |new          |PCREGISTRADAOK  |2020-11-02 13:17:33|4           |1                |Your shipment arrives tomorrow|4.5          |
[2023-01-30T17:46:30.660+0000] {spark_submit.py:495} INFO - |MLA1160198557|Memoria Ram Fury Beast Ddr4 Rgb Gamer Color Negro  16gb 1 Kingston Kf432c16bba/16             |26599.0 |new          |OVERHARD DIGITAL|2015-01-08 12:19:41|500         |50               |Your shipment arrives today   |4.5          |
[2023-01-30T17:46:30.660+0000] {spark_submit.py:495} INFO - |MLA1160204806|Memoria Ram Fury Beast Ddr4 Gamer Color Negro  8gb 1 Kingston Kf432c16bb/8                    |14999.0 |new          |OVERHARD DIGITAL|2015-01-08 12:19:41|500         |100              |You have to pay the shipping  |4.5          |
[2023-01-30T17:46:30.660+0000] {spark_submit.py:495} INFO - |MLA923637669 |Placa De Video Geforce Gt 740 2gb Gddr5 Hdmi Vga Fortnite                                     |28699.0 |new          |INDIGOTRADE     |2018-01-05 19:21:16|500         |50               |Your shipment arrives today   |4.5          |
[2023-01-30T17:46:30.660+0000] {spark_submit.py:495} INFO - |MLA844489972 |Disco Duro Interno Seagate Barracuda St1000dm010 1tb                                          |11599.0 |new          |DALECLCK       |2015-03-16 12:07:23|5000        |500              |You have to pay the shipping  |5.0          |
[2023-01-30T17:46:30.660+0000] {spark_submit.py:495} INFO - +-------------+----------------------------------------------------------------------------------------------+--------+-------------+----------------+-------------------+------------+-----------------+------------------------------+-------------+
[2023-01-30T17:46:30.660+0000] {spark_submit.py:495} INFO - only showing top 10 rows
[2023-01-30T17:46:30.660+0000] {spark_submit.py:495} INFO - 
[2023-01-30T17:46:47.480+0000] {local_task_job.py:207} WARNING - Recorded pid 10046 does not match the current pid 8539
[2023-01-30T17:46:47.482+0000] {process_utils.py:133} INFO - Sending Signals.SIGTERM to group 8539. PIDs of all processes in the group: [8540, 8593, 8539]
[2023-01-30T17:46:47.482+0000] {process_utils.py:84} INFO - Sending the signal Signals.SIGTERM to group 8539
[2023-01-30T17:46:47.482+0000] {taskinstance.py:1483} ERROR - Received SIGTERM. Terminating subprocesses.
[2023-01-30T17:46:47.483+0000] {spark_submit.py:620} INFO - Sending kill signal to spark-submit
[2023-01-30T17:46:47.560+0000] {taskinstance.py:1772} ERROR - Task failed with exception
Traceback (most recent call last):
  File "/home/airflow/.local/lib/python3.7/site-packages/airflow/providers/apache/spark/operators/spark_submit.py", line 157, in execute
    self._hook.submit(self._application)
  File "/home/airflow/.local/lib/python3.7/site-packages/airflow/providers/apache/spark/hooks/spark_submit.py", line 414, in submit
    self._process_spark_submit_log(iter(self._submit_sp.stdout))  # type: ignore
  File "/home/airflow/.local/lib/python3.7/site-packages/airflow/providers/apache/spark/hooks/spark_submit.py", line 463, in _process_spark_submit_log
    for line in itr:
  File "/home/airflow/.local/lib/python3.7/site-packages/airflow/models/taskinstance.py", line 1485, in signal_handler
    raise AirflowException("Task received SIGTERM signal")
airflow.exceptions.AirflowException: Task received SIGTERM signal
[2023-01-30T17:46:47.587+0000] {process_utils.py:79} INFO - Process psutil.Process(pid=8593, status='terminated', started='17:37:58') (8593) terminated with exit code None
[2023-01-30T17:46:47.599+0000] {taskinstance.py:1327} INFO - Marking task as UP_FOR_RETRY. dag_id=Streaming_pipeline_meli, task_id=consumer_data_of_topic, execution_date=20230127T184927, start_date=20230130T174642, end_date=20230130T174647
[2023-01-30T17:46:47.740+0000] {standard_task_runner.py:105} ERROR - Failed to execute job 1227 for task consumer_data_of_topic (Task received SIGTERM signal; 8539)
[2023-01-30T17:46:47.808+0000] {process_utils.py:79} INFO - Process psutil.Process(pid=8539, status='terminated', exitcode=1, started='17:37:55') (8539) terminated with exit code 1
[2023-01-30T17:46:47.810+0000] {process_utils.py:79} INFO - Process psutil.Process(pid=8540, status='terminated', started='17:37:55') (8540) terminated with exit code None
