[2023-01-30T17:54:01.983+0000] {taskinstance.py:1087} INFO - Dependencies all met for <TaskInstance: Streaming_pipeline_meli.consumer_data_of_topic manual__2023-01-27T18:49:27.597637+00:00 [queued]>
[2023-01-30T17:54:01.994+0000] {taskinstance.py:1087} INFO - Dependencies all met for <TaskInstance: Streaming_pipeline_meli.consumer_data_of_topic manual__2023-01-27T18:49:27.597637+00:00 [queued]>
[2023-01-30T17:54:01.994+0000] {taskinstance.py:1283} INFO - 
--------------------------------------------------------------------------------
[2023-01-30T17:54:01.995+0000] {taskinstance.py:1284} INFO - Starting attempt 63 of 68
[2023-01-30T17:54:01.995+0000] {taskinstance.py:1285} INFO - 
--------------------------------------------------------------------------------
[2023-01-30T17:54:02.013+0000] {taskinstance.py:1304} INFO - Executing <Task(SparkSubmitOperator): consumer_data_of_topic> on 2023-01-27 18:49:27.597637+00:00
[2023-01-30T17:54:02.018+0000] {standard_task_runner.py:55} INFO - Started process 12501 to run task
[2023-01-30T17:54:02.023+0000] {standard_task_runner.py:82} INFO - Running: ['***', 'tasks', 'run', 'Streaming_pipeline_meli', 'consumer_data_of_topic', 'manual__2023-01-27T18:49:27.597637+00:00', '--job-id', '1233', '--raw', '--subdir', 'DAGS_FOLDER/streamPipeline.py', '--cfg-path', '/tmp/tmpegjbo41n']
[2023-01-30T17:54:02.024+0000] {standard_task_runner.py:83} INFO - Job 1233: Subtask consumer_data_of_topic
[2023-01-30T17:54:02.089+0000] {task_command.py:389} INFO - Running <TaskInstance: Streaming_pipeline_meli.consumer_data_of_topic manual__2023-01-27T18:49:27.597637+00:00 [running]> on host 15c99fd3082a
[2023-01-30T17:54:02.164+0000] {taskinstance.py:1513} INFO - Exporting the following env vars:
AIRFLOW_CTX_DAG_OWNER=***
AIRFLOW_CTX_DAG_ID=Streaming_pipeline_meli
AIRFLOW_CTX_TASK_ID=consumer_data_of_topic
AIRFLOW_CTX_EXECUTION_DATE=2023-01-27T18:49:27.597637+00:00
AIRFLOW_CTX_TRY_NUMBER=63
AIRFLOW_CTX_DAG_RUN_ID=manual__2023-01-27T18:49:27.597637+00:00
[2023-01-30T17:54:02.172+0000] {base.py:73} INFO - Using connection ID 'spark_default' for task execution.
[2023-01-30T17:54:02.173+0000] {spark_submit.py:344} INFO - Spark-Submit cmd: spark-submit --master spark://tomi-H310:7077 --packages org.apache.spark:spark-sql-kafka-0-10_2.12:3.1.3,org.mongodb.spark:mongo-spark-connector_2.12:3.0.1 --name arrow-spark --queue root.default /opt/***/dags/consumerSpark.py
[2023-01-30T17:54:02.283+0000] {spark_submit.py:495} INFO - /home/***/.local/lib/python3.7/site-packages/pyspark/bin/load-spark-env.sh: line 68: ps: command not found
[2023-01-30T17:54:04.259+0000] {spark_submit.py:495} INFO - :: loading settings :: url = jar:file:/home/***/.local/lib/python3.7/site-packages/pyspark/jars/ivy-2.5.0.jar!/org/apache/ivy/core/settings/ivysettings.xml
[2023-01-30T17:54:04.380+0000] {spark_submit.py:495} INFO - Ivy Default Cache set to: /home/***/.ivy2/cache
[2023-01-30T17:54:04.380+0000] {spark_submit.py:495} INFO - The jars for the packages stored in: /home/***/.ivy2/jars
[2023-01-30T17:54:04.395+0000] {spark_submit.py:495} INFO - org.apache.spark#spark-sql-kafka-0-10_2.12 added as a dependency
[2023-01-30T17:54:04.396+0000] {spark_submit.py:495} INFO - org.mongodb.spark#mongo-spark-connector_2.12 added as a dependency
[2023-01-30T17:54:04.400+0000] {spark_submit.py:495} INFO - :: resolving dependencies :: org.apache.spark#spark-submit-parent-38e9c8a9-f3eb-4f02-b3db-9cd8b9afbd23;1.0
[2023-01-30T17:54:04.400+0000] {spark_submit.py:495} INFO - confs: [default]
[2023-01-30T17:54:04.645+0000] {spark_submit.py:495} INFO - found org.apache.spark#spark-sql-kafka-0-10_2.12;3.1.3 in central
[2023-01-30T17:54:04.750+0000] {spark_submit.py:495} INFO - found org.apache.spark#spark-token-provider-kafka-0-10_2.12;3.1.3 in central
[2023-01-30T17:54:04.809+0000] {spark_submit.py:495} INFO - found org.apache.kafka#kafka-clients;2.6.0 in central
[2023-01-30T17:54:04.856+0000] {spark_submit.py:495} INFO - found com.github.luben#zstd-jni;1.4.8-1 in central
[2023-01-30T17:54:04.893+0000] {spark_submit.py:495} INFO - found org.lz4#lz4-java;1.7.1 in central
[2023-01-30T17:54:04.929+0000] {spark_submit.py:495} INFO - found org.xerial.snappy#snappy-java;1.1.8.2 in central
[2023-01-30T17:54:04.970+0000] {spark_submit.py:495} INFO - found org.slf4j#slf4j-api;1.7.30 in central
[2023-01-30T17:54:04.993+0000] {spark_submit.py:495} INFO - found org.spark-project.spark#unused;1.0.0 in central
[2023-01-30T17:54:05.021+0000] {spark_submit.py:495} INFO - found org.apache.commons#commons-pool2;2.6.2 in central
[2023-01-30T17:54:05.042+0000] {spark_submit.py:495} INFO - found org.mongodb.spark#mongo-spark-connector_2.12;3.0.1 in central
[2023-01-30T17:54:05.064+0000] {spark_submit.py:495} INFO - found org.mongodb#mongodb-driver-sync;4.0.5 in central
[2023-01-30T17:54:05.085+0000] {spark_submit.py:495} INFO - found org.mongodb#bson;4.0.5 in central
[2023-01-30T17:54:05.100+0000] {spark_submit.py:495} INFO - found org.mongodb#mongodb-driver-core;4.0.5 in central
[2023-01-30T17:54:05.188+0000] {spark_submit.py:495} INFO - :: resolution report :: resolve 750ms :: artifacts dl 35ms
[2023-01-30T17:54:05.188+0000] {spark_submit.py:495} INFO - :: modules in use:
[2023-01-30T17:54:05.189+0000] {spark_submit.py:495} INFO - com.github.luben#zstd-jni;1.4.8-1 from central in [default]
[2023-01-30T17:54:05.189+0000] {spark_submit.py:495} INFO - org.apache.commons#commons-pool2;2.6.2 from central in [default]
[2023-01-30T17:54:05.189+0000] {spark_submit.py:495} INFO - org.apache.kafka#kafka-clients;2.6.0 from central in [default]
[2023-01-30T17:54:05.189+0000] {spark_submit.py:495} INFO - org.apache.spark#spark-sql-kafka-0-10_2.12;3.1.3 from central in [default]
[2023-01-30T17:54:05.190+0000] {spark_submit.py:495} INFO - org.apache.spark#spark-token-provider-kafka-0-10_2.12;3.1.3 from central in [default]
[2023-01-30T17:54:05.190+0000] {spark_submit.py:495} INFO - org.lz4#lz4-java;1.7.1 from central in [default]
[2023-01-30T17:54:05.190+0000] {spark_submit.py:495} INFO - org.mongodb#bson;4.0.5 from central in [default]
[2023-01-30T17:54:05.191+0000] {spark_submit.py:495} INFO - org.mongodb#mongodb-driver-core;4.0.5 from central in [default]
[2023-01-30T17:54:05.191+0000] {spark_submit.py:495} INFO - org.mongodb#mongodb-driver-sync;4.0.5 from central in [default]
[2023-01-30T17:54:05.192+0000] {spark_submit.py:495} INFO - org.mongodb.spark#mongo-spark-connector_2.12;3.0.1 from central in [default]
[2023-01-30T17:54:05.192+0000] {spark_submit.py:495} INFO - org.slf4j#slf4j-api;1.7.30 from central in [default]
[2023-01-30T17:54:05.193+0000] {spark_submit.py:495} INFO - org.spark-project.spark#unused;1.0.0 from central in [default]
[2023-01-30T17:54:05.193+0000] {spark_submit.py:495} INFO - org.xerial.snappy#snappy-java;1.1.8.2 from central in [default]
[2023-01-30T17:54:05.193+0000] {spark_submit.py:495} INFO - ---------------------------------------------------------------------
[2023-01-30T17:54:05.194+0000] {spark_submit.py:495} INFO - |                  |            modules            ||   artifacts   |
[2023-01-30T17:54:05.194+0000] {spark_submit.py:495} INFO - |       conf       | number| search|dwnlded|evicted|| number|dwnlded|
[2023-01-30T17:54:05.195+0000] {spark_submit.py:495} INFO - ---------------------------------------------------------------------
[2023-01-30T17:54:05.195+0000] {spark_submit.py:495} INFO - |      default     |   13  |   0   |   0   |   0   ||   13  |   0   |
[2023-01-30T17:54:05.196+0000] {spark_submit.py:495} INFO - ---------------------------------------------------------------------
[2023-01-30T17:54:05.212+0000] {spark_submit.py:495} INFO - :: retrieving :: org.apache.spark#spark-submit-parent-38e9c8a9-f3eb-4f02-b3db-9cd8b9afbd23
[2023-01-30T17:54:05.212+0000] {spark_submit.py:495} INFO - confs: [default]
[2023-01-30T17:54:05.222+0000] {spark_submit.py:495} INFO - 0 artifacts copied, 13 already retrieved (0kB/9ms)
[2023-01-30T17:54:05.639+0000] {spark_submit.py:495} INFO - 23/01/30 17:54:05 WARN NativeCodeLoader: Unable to load native-hadoop library for your platform... using builtin-java classes where applicable
[2023-01-30T17:54:06.651+0000] {spark_submit.py:495} INFO - 23/01/30 17:54:06 INFO SparkContext: Running Spark version 3.3.1
[2023-01-30T17:54:06.680+0000] {spark_submit.py:495} INFO - 23/01/30 17:54:06 INFO ResourceUtils: ==============================================================
[2023-01-30T17:54:06.680+0000] {spark_submit.py:495} INFO - 23/01/30 17:54:06 INFO ResourceUtils: No custom resources configured for spark.driver.
[2023-01-30T17:54:06.681+0000] {spark_submit.py:495} INFO - 23/01/30 17:54:06 INFO ResourceUtils: ==============================================================
[2023-01-30T17:54:06.681+0000] {spark_submit.py:495} INFO - 23/01/30 17:54:06 INFO SparkContext: Submitted application: arrow-spark
[2023-01-30T17:54:06.699+0000] {spark_submit.py:495} INFO - 23/01/30 17:54:06 INFO ResourceProfile: Default ResourceProfile created, executor resources: Map(cores -> name: cores, amount: 1, script: , vendor: , memory -> name: memory, amount: 1024, script: , vendor: , offHeap -> name: offHeap, amount: 0, script: , vendor: ), task resources: Map(cpus -> name: cpus, amount: 1.0)
[2023-01-30T17:54:06.710+0000] {spark_submit.py:495} INFO - 23/01/30 17:54:06 INFO ResourceProfile: Limiting resource is cpu
[2023-01-30T17:54:06.711+0000] {spark_submit.py:495} INFO - 23/01/30 17:54:06 INFO ResourceProfileManager: Added ResourceProfile id: 0
[2023-01-30T17:54:06.748+0000] {spark_submit.py:495} INFO - 23/01/30 17:54:06 INFO SecurityManager: Changing view acls to: default
[2023-01-30T17:54:06.748+0000] {spark_submit.py:495} INFO - 23/01/30 17:54:06 INFO SecurityManager: Changing modify acls to: default
[2023-01-30T17:54:06.749+0000] {spark_submit.py:495} INFO - 23/01/30 17:54:06 INFO SecurityManager: Changing view acls groups to:
[2023-01-30T17:54:06.749+0000] {spark_submit.py:495} INFO - 23/01/30 17:54:06 INFO SecurityManager: Changing modify acls groups to:
[2023-01-30T17:54:06.749+0000] {spark_submit.py:495} INFO - 23/01/30 17:54:06 INFO SecurityManager: SecurityManager: authentication disabled; ui acls disabled; users  with view permissions: Set(default); groups with view permissions: Set(); users  with modify permissions: Set(default); groups with modify permissions: Set()
[2023-01-30T17:54:07.133+0000] {spark_submit.py:495} INFO - 23/01/30 17:54:07 INFO Utils: Successfully started service 'sparkDriver' on port 35815.
[2023-01-30T17:54:07.235+0000] {spark_submit.py:495} INFO - 23/01/30 17:54:07 INFO SparkEnv: Registering MapOutputTracker
[2023-01-30T17:54:07.318+0000] {spark_submit.py:495} INFO - 23/01/30 17:54:07 INFO SparkEnv: Registering BlockManagerMaster
[2023-01-30T17:54:07.376+0000] {spark_submit.py:495} INFO - 23/01/30 17:54:07 INFO BlockManagerMasterEndpoint: Using org.apache.spark.storage.DefaultTopologyMapper for getting topology information
[2023-01-30T17:54:07.377+0000] {spark_submit.py:495} INFO - 23/01/30 17:54:07 INFO BlockManagerMasterEndpoint: BlockManagerMasterEndpoint up
[2023-01-30T17:54:07.403+0000] {spark_submit.py:495} INFO - 23/01/30 17:54:07 INFO SparkEnv: Registering BlockManagerMasterHeartbeat
[2023-01-30T17:54:07.499+0000] {spark_submit.py:495} INFO - 23/01/30 17:54:07 INFO DiskBlockManager: Created local directory at /tmp/blockmgr-fea3052e-eb51-4d27-b70d-fe9843f52f79
[2023-01-30T17:54:07.563+0000] {spark_submit.py:495} INFO - 23/01/30 17:54:07 INFO MemoryStore: MemoryStore started with capacity 434.4 MiB
[2023-01-30T17:54:07.677+0000] {spark_submit.py:495} INFO - 23/01/30 17:54:07 INFO SparkEnv: Registering OutputCommitCoordinator
[2023-01-30T17:54:08.153+0000] {spark_submit.py:495} INFO - 23/01/30 17:54:08 INFO Utils: Successfully started service 'SparkUI' on port 4040.
[2023-01-30T17:54:08.237+0000] {spark_submit.py:495} INFO - 23/01/30 17:54:08 INFO SparkContext: Added JAR file:///home/***/.ivy2/jars/org.apache.spark_spark-sql-kafka-0-10_2.12-3.1.3.jar at spark://15c99fd3082a:35815/jars/org.apache.spark_spark-sql-kafka-0-10_2.12-3.1.3.jar with timestamp 1675101246645
[2023-01-30T17:54:08.238+0000] {spark_submit.py:495} INFO - 23/01/30 17:54:08 INFO SparkContext: Added JAR file:///home/***/.ivy2/jars/org.mongodb.spark_mongo-spark-connector_2.12-3.0.1.jar at spark://15c99fd3082a:35815/jars/org.mongodb.spark_mongo-spark-connector_2.12-3.0.1.jar with timestamp 1675101246645
[2023-01-30T17:54:08.238+0000] {spark_submit.py:495} INFO - 23/01/30 17:54:08 INFO SparkContext: Added JAR file:///home/***/.ivy2/jars/org.apache.spark_spark-token-provider-kafka-0-10_2.12-3.1.3.jar at spark://15c99fd3082a:35815/jars/org.apache.spark_spark-token-provider-kafka-0-10_2.12-3.1.3.jar with timestamp 1675101246645
[2023-01-30T17:54:08.239+0000] {spark_submit.py:495} INFO - 23/01/30 17:54:08 INFO SparkContext: Added JAR file:///home/***/.ivy2/jars/org.apache.kafka_kafka-clients-2.6.0.jar at spark://15c99fd3082a:35815/jars/org.apache.kafka_kafka-clients-2.6.0.jar with timestamp 1675101246645
[2023-01-30T17:54:08.239+0000] {spark_submit.py:495} INFO - 23/01/30 17:54:08 INFO SparkContext: Added JAR file:///home/***/.ivy2/jars/org.apache.commons_commons-pool2-2.6.2.jar at spark://15c99fd3082a:35815/jars/org.apache.commons_commons-pool2-2.6.2.jar with timestamp 1675101246645
[2023-01-30T17:54:08.239+0000] {spark_submit.py:495} INFO - 23/01/30 17:54:08 INFO SparkContext: Added JAR file:///home/***/.ivy2/jars/org.spark-project.spark_unused-1.0.0.jar at spark://15c99fd3082a:35815/jars/org.spark-project.spark_unused-1.0.0.jar with timestamp 1675101246645
[2023-01-30T17:54:08.239+0000] {spark_submit.py:495} INFO - 23/01/30 17:54:08 INFO SparkContext: Added JAR file:///home/***/.ivy2/jars/com.github.luben_zstd-jni-1.4.8-1.jar at spark://15c99fd3082a:35815/jars/com.github.luben_zstd-jni-1.4.8-1.jar with timestamp 1675101246645
[2023-01-30T17:54:08.239+0000] {spark_submit.py:495} INFO - 23/01/30 17:54:08 INFO SparkContext: Added JAR file:///home/***/.ivy2/jars/org.lz4_lz4-java-1.7.1.jar at spark://15c99fd3082a:35815/jars/org.lz4_lz4-java-1.7.1.jar with timestamp 1675101246645
[2023-01-30T17:54:08.240+0000] {spark_submit.py:495} INFO - 23/01/30 17:54:08 INFO SparkContext: Added JAR file:///home/***/.ivy2/jars/org.xerial.snappy_snappy-java-1.1.8.2.jar at spark://15c99fd3082a:35815/jars/org.xerial.snappy_snappy-java-1.1.8.2.jar with timestamp 1675101246645
[2023-01-30T17:54:08.240+0000] {spark_submit.py:495} INFO - 23/01/30 17:54:08 INFO SparkContext: Added JAR file:///home/***/.ivy2/jars/org.slf4j_slf4j-api-1.7.30.jar at spark://15c99fd3082a:35815/jars/org.slf4j_slf4j-api-1.7.30.jar with timestamp 1675101246645
[2023-01-30T17:54:08.240+0000] {spark_submit.py:495} INFO - 23/01/30 17:54:08 INFO SparkContext: Added JAR file:///home/***/.ivy2/jars/org.mongodb_mongodb-driver-sync-4.0.5.jar at spark://15c99fd3082a:35815/jars/org.mongodb_mongodb-driver-sync-4.0.5.jar with timestamp 1675101246645
[2023-01-30T17:54:08.240+0000] {spark_submit.py:495} INFO - 23/01/30 17:54:08 INFO SparkContext: Added JAR file:///home/***/.ivy2/jars/org.mongodb_bson-4.0.5.jar at spark://15c99fd3082a:35815/jars/org.mongodb_bson-4.0.5.jar with timestamp 1675101246645
[2023-01-30T17:54:08.240+0000] {spark_submit.py:495} INFO - 23/01/30 17:54:08 INFO SparkContext: Added JAR file:///home/***/.ivy2/jars/org.mongodb_mongodb-driver-core-4.0.5.jar at spark://15c99fd3082a:35815/jars/org.mongodb_mongodb-driver-core-4.0.5.jar with timestamp 1675101246645
[2023-01-30T17:54:08.249+0000] {spark_submit.py:495} INFO - 23/01/30 17:54:08 INFO SparkContext: Added file file:///home/***/.ivy2/jars/org.apache.spark_spark-sql-kafka-0-10_2.12-3.1.3.jar at file:///home/***/.ivy2/jars/org.apache.spark_spark-sql-kafka-0-10_2.12-3.1.3.jar with timestamp 1675101246645
[2023-01-30T17:54:08.259+0000] {spark_submit.py:495} INFO - 23/01/30 17:54:08 INFO Utils: Copying /home/***/.ivy2/jars/org.apache.spark_spark-sql-kafka-0-10_2.12-3.1.3.jar to /tmp/spark-22271889-2d3f-494a-b110-60f44a1cd4b1/userFiles-bc75920a-104d-44f0-9c5e-0921851ad608/org.apache.spark_spark-sql-kafka-0-10_2.12-3.1.3.jar
[2023-01-30T17:54:08.288+0000] {spark_submit.py:495} INFO - 23/01/30 17:54:08 INFO SparkContext: Added file file:///home/***/.ivy2/jars/org.mongodb.spark_mongo-spark-connector_2.12-3.0.1.jar at file:///home/***/.ivy2/jars/org.mongodb.spark_mongo-spark-connector_2.12-3.0.1.jar with timestamp 1675101246645
[2023-01-30T17:54:08.289+0000] {spark_submit.py:495} INFO - 23/01/30 17:54:08 INFO Utils: Copying /home/***/.ivy2/jars/org.mongodb.spark_mongo-spark-connector_2.12-3.0.1.jar to /tmp/spark-22271889-2d3f-494a-b110-60f44a1cd4b1/userFiles-bc75920a-104d-44f0-9c5e-0921851ad608/org.mongodb.spark_mongo-spark-connector_2.12-3.0.1.jar
[2023-01-30T17:54:08.316+0000] {spark_submit.py:495} INFO - 23/01/30 17:54:08 INFO SparkContext: Added file file:///home/***/.ivy2/jars/org.apache.spark_spark-token-provider-kafka-0-10_2.12-3.1.3.jar at file:///home/***/.ivy2/jars/org.apache.spark_spark-token-provider-kafka-0-10_2.12-3.1.3.jar with timestamp 1675101246645
[2023-01-30T17:54:08.316+0000] {spark_submit.py:495} INFO - 23/01/30 17:54:08 INFO Utils: Copying /home/***/.ivy2/jars/org.apache.spark_spark-token-provider-kafka-0-10_2.12-3.1.3.jar to /tmp/spark-22271889-2d3f-494a-b110-60f44a1cd4b1/userFiles-bc75920a-104d-44f0-9c5e-0921851ad608/org.apache.spark_spark-token-provider-kafka-0-10_2.12-3.1.3.jar
[2023-01-30T17:54:08.336+0000] {spark_submit.py:495} INFO - 23/01/30 17:54:08 INFO SparkContext: Added file file:///home/***/.ivy2/jars/org.apache.kafka_kafka-clients-2.6.0.jar at file:///home/***/.ivy2/jars/org.apache.kafka_kafka-clients-2.6.0.jar with timestamp 1675101246645
[2023-01-30T17:54:08.336+0000] {spark_submit.py:495} INFO - 23/01/30 17:54:08 INFO Utils: Copying /home/***/.ivy2/jars/org.apache.kafka_kafka-clients-2.6.0.jar to /tmp/spark-22271889-2d3f-494a-b110-60f44a1cd4b1/userFiles-bc75920a-104d-44f0-9c5e-0921851ad608/org.apache.kafka_kafka-clients-2.6.0.jar
[2023-01-30T17:54:08.374+0000] {spark_submit.py:495} INFO - 23/01/30 17:54:08 INFO SparkContext: Added file file:///home/***/.ivy2/jars/org.apache.commons_commons-pool2-2.6.2.jar at file:///home/***/.ivy2/jars/org.apache.commons_commons-pool2-2.6.2.jar with timestamp 1675101246645
[2023-01-30T17:54:08.375+0000] {spark_submit.py:495} INFO - 23/01/30 17:54:08 INFO Utils: Copying /home/***/.ivy2/jars/org.apache.commons_commons-pool2-2.6.2.jar to /tmp/spark-22271889-2d3f-494a-b110-60f44a1cd4b1/userFiles-bc75920a-104d-44f0-9c5e-0921851ad608/org.apache.commons_commons-pool2-2.6.2.jar
[2023-01-30T17:54:08.396+0000] {spark_submit.py:495} INFO - 23/01/30 17:54:08 INFO SparkContext: Added file file:///home/***/.ivy2/jars/org.spark-project.spark_unused-1.0.0.jar at file:///home/***/.ivy2/jars/org.spark-project.spark_unused-1.0.0.jar with timestamp 1675101246645
[2023-01-30T17:54:08.396+0000] {spark_submit.py:495} INFO - 23/01/30 17:54:08 INFO Utils: Copying /home/***/.ivy2/jars/org.spark-project.spark_unused-1.0.0.jar to /tmp/spark-22271889-2d3f-494a-b110-60f44a1cd4b1/userFiles-bc75920a-104d-44f0-9c5e-0921851ad608/org.spark-project.spark_unused-1.0.0.jar
[2023-01-30T17:54:08.404+0000] {spark_submit.py:495} INFO - 23/01/30 17:54:08 INFO SparkContext: Added file file:///home/***/.ivy2/jars/com.github.luben_zstd-jni-1.4.8-1.jar at file:///home/***/.ivy2/jars/com.github.luben_zstd-jni-1.4.8-1.jar with timestamp 1675101246645
[2023-01-30T17:54:08.405+0000] {spark_submit.py:495} INFO - 23/01/30 17:54:08 INFO Utils: Copying /home/***/.ivy2/jars/com.github.luben_zstd-jni-1.4.8-1.jar to /tmp/spark-22271889-2d3f-494a-b110-60f44a1cd4b1/userFiles-bc75920a-104d-44f0-9c5e-0921851ad608/com.github.luben_zstd-jni-1.4.8-1.jar
[2023-01-30T17:54:08.430+0000] {spark_submit.py:495} INFO - 23/01/30 17:54:08 INFO SparkContext: Added file file:///home/***/.ivy2/jars/org.lz4_lz4-java-1.7.1.jar at file:///home/***/.ivy2/jars/org.lz4_lz4-java-1.7.1.jar with timestamp 1675101246645
[2023-01-30T17:54:08.430+0000] {spark_submit.py:495} INFO - 23/01/30 17:54:08 INFO Utils: Copying /home/***/.ivy2/jars/org.lz4_lz4-java-1.7.1.jar to /tmp/spark-22271889-2d3f-494a-b110-60f44a1cd4b1/userFiles-bc75920a-104d-44f0-9c5e-0921851ad608/org.lz4_lz4-java-1.7.1.jar
[2023-01-30T17:54:08.436+0000] {spark_submit.py:495} INFO - 23/01/30 17:54:08 INFO SparkContext: Added file file:///home/***/.ivy2/jars/org.xerial.snappy_snappy-java-1.1.8.2.jar at file:///home/***/.ivy2/jars/org.xerial.snappy_snappy-java-1.1.8.2.jar with timestamp 1675101246645
[2023-01-30T17:54:08.436+0000] {spark_submit.py:495} INFO - 23/01/30 17:54:08 INFO Utils: Copying /home/***/.ivy2/jars/org.xerial.snappy_snappy-java-1.1.8.2.jar to /tmp/spark-22271889-2d3f-494a-b110-60f44a1cd4b1/userFiles-bc75920a-104d-44f0-9c5e-0921851ad608/org.xerial.snappy_snappy-java-1.1.8.2.jar
[2023-01-30T17:54:08.454+0000] {spark_submit.py:495} INFO - 23/01/30 17:54:08 INFO SparkContext: Added file file:///home/***/.ivy2/jars/org.slf4j_slf4j-api-1.7.30.jar at file:///home/***/.ivy2/jars/org.slf4j_slf4j-api-1.7.30.jar with timestamp 1675101246645
[2023-01-30T17:54:08.454+0000] {spark_submit.py:495} INFO - 23/01/30 17:54:08 INFO Utils: Copying /home/***/.ivy2/jars/org.slf4j_slf4j-api-1.7.30.jar to /tmp/spark-22271889-2d3f-494a-b110-60f44a1cd4b1/userFiles-bc75920a-104d-44f0-9c5e-0921851ad608/org.slf4j_slf4j-api-1.7.30.jar
[2023-01-30T17:54:08.462+0000] {spark_submit.py:495} INFO - 23/01/30 17:54:08 INFO SparkContext: Added file file:///home/***/.ivy2/jars/org.mongodb_mongodb-driver-sync-4.0.5.jar at file:///home/***/.ivy2/jars/org.mongodb_mongodb-driver-sync-4.0.5.jar with timestamp 1675101246645
[2023-01-30T17:54:08.462+0000] {spark_submit.py:495} INFO - 23/01/30 17:54:08 INFO Utils: Copying /home/***/.ivy2/jars/org.mongodb_mongodb-driver-sync-4.0.5.jar to /tmp/spark-22271889-2d3f-494a-b110-60f44a1cd4b1/userFiles-bc75920a-104d-44f0-9c5e-0921851ad608/org.mongodb_mongodb-driver-sync-4.0.5.jar
[2023-01-30T17:54:08.472+0000] {spark_submit.py:495} INFO - 23/01/30 17:54:08 INFO SparkContext: Added file file:///home/***/.ivy2/jars/org.mongodb_bson-4.0.5.jar at file:///home/***/.ivy2/jars/org.mongodb_bson-4.0.5.jar with timestamp 1675101246645
[2023-01-30T17:54:08.472+0000] {spark_submit.py:495} INFO - 23/01/30 17:54:08 INFO Utils: Copying /home/***/.ivy2/jars/org.mongodb_bson-4.0.5.jar to /tmp/spark-22271889-2d3f-494a-b110-60f44a1cd4b1/userFiles-bc75920a-104d-44f0-9c5e-0921851ad608/org.mongodb_bson-4.0.5.jar
[2023-01-30T17:54:08.478+0000] {spark_submit.py:495} INFO - 23/01/30 17:54:08 INFO SparkContext: Added file file:///home/***/.ivy2/jars/org.mongodb_mongodb-driver-core-4.0.5.jar at file:///home/***/.ivy2/jars/org.mongodb_mongodb-driver-core-4.0.5.jar with timestamp 1675101246645
[2023-01-30T17:54:08.479+0000] {spark_submit.py:495} INFO - 23/01/30 17:54:08 INFO Utils: Copying /home/***/.ivy2/jars/org.mongodb_mongodb-driver-core-4.0.5.jar to /tmp/spark-22271889-2d3f-494a-b110-60f44a1cd4b1/userFiles-bc75920a-104d-44f0-9c5e-0921851ad608/org.mongodb_mongodb-driver-core-4.0.5.jar
[2023-01-30T17:54:08.565+0000] {spark_submit.py:495} INFO - 23/01/30 17:54:08 INFO Executor: Starting executor ID driver on host 15c99fd3082a
[2023-01-30T17:54:08.582+0000] {spark_submit.py:495} INFO - 23/01/30 17:54:08 INFO Executor: Starting executor with user classpath (userClassPathFirst = false): ''
[2023-01-30T17:54:08.620+0000] {spark_submit.py:495} INFO - 23/01/30 17:54:08 INFO Executor: Fetching file:///home/***/.ivy2/jars/org.apache.spark_spark-token-provider-kafka-0-10_2.12-3.1.3.jar with timestamp 1675101246645
[2023-01-30T17:54:08.673+0000] {spark_submit.py:495} INFO - 23/01/30 17:54:08 INFO Utils: /home/***/.ivy2/jars/org.apache.spark_spark-token-provider-kafka-0-10_2.12-3.1.3.jar has been previously copied to /tmp/spark-22271889-2d3f-494a-b110-60f44a1cd4b1/userFiles-bc75920a-104d-44f0-9c5e-0921851ad608/org.apache.spark_spark-token-provider-kafka-0-10_2.12-3.1.3.jar
[2023-01-30T17:54:08.683+0000] {spark_submit.py:495} INFO - 23/01/30 17:54:08 INFO Executor: Fetching file:///home/***/.ivy2/jars/org.mongodb_mongodb-driver-sync-4.0.5.jar with timestamp 1675101246645
[2023-01-30T17:54:08.685+0000] {spark_submit.py:495} INFO - 23/01/30 17:54:08 INFO Utils: /home/***/.ivy2/jars/org.mongodb_mongodb-driver-sync-4.0.5.jar has been previously copied to /tmp/spark-22271889-2d3f-494a-b110-60f44a1cd4b1/userFiles-bc75920a-104d-44f0-9c5e-0921851ad608/org.mongodb_mongodb-driver-sync-4.0.5.jar
[2023-01-30T17:54:08.702+0000] {spark_submit.py:495} INFO - 23/01/30 17:54:08 INFO Executor: Fetching file:///home/***/.ivy2/jars/org.apache.kafka_kafka-clients-2.6.0.jar with timestamp 1675101246645
[2023-01-30T17:54:08.714+0000] {spark_submit.py:495} INFO - 23/01/30 17:54:08 INFO Utils: /home/***/.ivy2/jars/org.apache.kafka_kafka-clients-2.6.0.jar has been previously copied to /tmp/spark-22271889-2d3f-494a-b110-60f44a1cd4b1/userFiles-bc75920a-104d-44f0-9c5e-0921851ad608/org.apache.kafka_kafka-clients-2.6.0.jar
[2023-01-30T17:54:08.721+0000] {spark_submit.py:495} INFO - 23/01/30 17:54:08 INFO Executor: Fetching file:///home/***/.ivy2/jars/org.mongodb_bson-4.0.5.jar with timestamp 1675101246645
[2023-01-30T17:54:08.722+0000] {spark_submit.py:495} INFO - 23/01/30 17:54:08 INFO Utils: /home/***/.ivy2/jars/org.mongodb_bson-4.0.5.jar has been previously copied to /tmp/spark-22271889-2d3f-494a-b110-60f44a1cd4b1/userFiles-bc75920a-104d-44f0-9c5e-0921851ad608/org.mongodb_bson-4.0.5.jar
[2023-01-30T17:54:08.732+0000] {spark_submit.py:495} INFO - 23/01/30 17:54:08 INFO Executor: Fetching file:///home/***/.ivy2/jars/com.github.luben_zstd-jni-1.4.8-1.jar with timestamp 1675101246645
[2023-01-30T17:54:08.739+0000] {spark_submit.py:495} INFO - 23/01/30 17:54:08 INFO Utils: /home/***/.ivy2/jars/com.github.luben_zstd-jni-1.4.8-1.jar has been previously copied to /tmp/spark-22271889-2d3f-494a-b110-60f44a1cd4b1/userFiles-bc75920a-104d-44f0-9c5e-0921851ad608/com.github.luben_zstd-jni-1.4.8-1.jar
[2023-01-30T17:54:08.763+0000] {spark_submit.py:495} INFO - 23/01/30 17:54:08 INFO Executor: Fetching file:///home/***/.ivy2/jars/org.lz4_lz4-java-1.7.1.jar with timestamp 1675101246645
[2023-01-30T17:54:08.765+0000] {spark_submit.py:495} INFO - 23/01/30 17:54:08 INFO Utils: /home/***/.ivy2/jars/org.lz4_lz4-java-1.7.1.jar has been previously copied to /tmp/spark-22271889-2d3f-494a-b110-60f44a1cd4b1/userFiles-bc75920a-104d-44f0-9c5e-0921851ad608/org.lz4_lz4-java-1.7.1.jar
[2023-01-30T17:54:08.769+0000] {spark_submit.py:495} INFO - 23/01/30 17:54:08 INFO Executor: Fetching file:///home/***/.ivy2/jars/org.spark-project.spark_unused-1.0.0.jar with timestamp 1675101246645
[2023-01-30T17:54:08.769+0000] {spark_submit.py:495} INFO - 23/01/30 17:54:08 INFO Utils: /home/***/.ivy2/jars/org.spark-project.spark_unused-1.0.0.jar has been previously copied to /tmp/spark-22271889-2d3f-494a-b110-60f44a1cd4b1/userFiles-bc75920a-104d-44f0-9c5e-0921851ad608/org.spark-project.spark_unused-1.0.0.jar
[2023-01-30T17:54:08.774+0000] {spark_submit.py:495} INFO - 23/01/30 17:54:08 INFO Executor: Fetching file:///home/***/.ivy2/jars/org.xerial.snappy_snappy-java-1.1.8.2.jar with timestamp 1675101246645
[2023-01-30T17:54:08.776+0000] {spark_submit.py:495} INFO - 23/01/30 17:54:08 INFO Utils: /home/***/.ivy2/jars/org.xerial.snappy_snappy-java-1.1.8.2.jar has been previously copied to /tmp/spark-22271889-2d3f-494a-b110-60f44a1cd4b1/userFiles-bc75920a-104d-44f0-9c5e-0921851ad608/org.xerial.snappy_snappy-java-1.1.8.2.jar
[2023-01-30T17:54:08.780+0000] {spark_submit.py:495} INFO - 23/01/30 17:54:08 INFO Executor: Fetching file:///home/***/.ivy2/jars/org.mongodb_mongodb-driver-core-4.0.5.jar with timestamp 1675101246645
[2023-01-30T17:54:08.783+0000] {spark_submit.py:495} INFO - 23/01/30 17:54:08 INFO Utils: /home/***/.ivy2/jars/org.mongodb_mongodb-driver-core-4.0.5.jar has been previously copied to /tmp/spark-22271889-2d3f-494a-b110-60f44a1cd4b1/userFiles-bc75920a-104d-44f0-9c5e-0921851ad608/org.mongodb_mongodb-driver-core-4.0.5.jar
[2023-01-30T17:54:08.793+0000] {spark_submit.py:495} INFO - 23/01/30 17:54:08 INFO Executor: Fetching file:///home/***/.ivy2/jars/org.apache.spark_spark-sql-kafka-0-10_2.12-3.1.3.jar with timestamp 1675101246645
[2023-01-30T17:54:08.794+0000] {spark_submit.py:495} INFO - 23/01/30 17:54:08 INFO Utils: /home/***/.ivy2/jars/org.apache.spark_spark-sql-kafka-0-10_2.12-3.1.3.jar has been previously copied to /tmp/spark-22271889-2d3f-494a-b110-60f44a1cd4b1/userFiles-bc75920a-104d-44f0-9c5e-0921851ad608/org.apache.spark_spark-sql-kafka-0-10_2.12-3.1.3.jar
[2023-01-30T17:54:08.797+0000] {spark_submit.py:495} INFO - 23/01/30 17:54:08 INFO Executor: Fetching file:///home/***/.ivy2/jars/org.mongodb.spark_mongo-spark-connector_2.12-3.0.1.jar with timestamp 1675101246645
[2023-01-30T17:54:08.797+0000] {spark_submit.py:495} INFO - 23/01/30 17:54:08 INFO Utils: /home/***/.ivy2/jars/org.mongodb.spark_mongo-spark-connector_2.12-3.0.1.jar has been previously copied to /tmp/spark-22271889-2d3f-494a-b110-60f44a1cd4b1/userFiles-bc75920a-104d-44f0-9c5e-0921851ad608/org.mongodb.spark_mongo-spark-connector_2.12-3.0.1.jar
[2023-01-30T17:54:08.801+0000] {spark_submit.py:495} INFO - 23/01/30 17:54:08 INFO Executor: Fetching file:///home/***/.ivy2/jars/org.apache.commons_commons-pool2-2.6.2.jar with timestamp 1675101246645
[2023-01-30T17:54:08.802+0000] {spark_submit.py:495} INFO - 23/01/30 17:54:08 INFO Utils: /home/***/.ivy2/jars/org.apache.commons_commons-pool2-2.6.2.jar has been previously copied to /tmp/spark-22271889-2d3f-494a-b110-60f44a1cd4b1/userFiles-bc75920a-104d-44f0-9c5e-0921851ad608/org.apache.commons_commons-pool2-2.6.2.jar
[2023-01-30T17:54:08.805+0000] {spark_submit.py:495} INFO - 23/01/30 17:54:08 INFO Executor: Fetching file:///home/***/.ivy2/jars/org.slf4j_slf4j-api-1.7.30.jar with timestamp 1675101246645
[2023-01-30T17:54:08.806+0000] {spark_submit.py:495} INFO - 23/01/30 17:54:08 INFO Utils: /home/***/.ivy2/jars/org.slf4j_slf4j-api-1.7.30.jar has been previously copied to /tmp/spark-22271889-2d3f-494a-b110-60f44a1cd4b1/userFiles-bc75920a-104d-44f0-9c5e-0921851ad608/org.slf4j_slf4j-api-1.7.30.jar
[2023-01-30T17:54:08.811+0000] {spark_submit.py:495} INFO - 23/01/30 17:54:08 INFO Executor: Fetching spark://15c99fd3082a:35815/jars/com.github.luben_zstd-jni-1.4.8-1.jar with timestamp 1675101246645
[2023-01-30T17:54:08.837+0000] {spark_submit.py:495} INFO - 23/01/30 17:54:08 INFO TransportClientFactory: Successfully created connection to 15c99fd3082a/172.20.0.7:35815 after 17 ms (0 ms spent in bootstraps)
[2023-01-30T17:54:08.841+0000] {spark_submit.py:495} INFO - 23/01/30 17:54:08 INFO Utils: Fetching spark://15c99fd3082a:35815/jars/com.github.luben_zstd-jni-1.4.8-1.jar to /tmp/spark-22271889-2d3f-494a-b110-60f44a1cd4b1/userFiles-bc75920a-104d-44f0-9c5e-0921851ad608/fetchFileTemp16035081138572505498.tmp
[2023-01-30T17:54:08.887+0000] {spark_submit.py:495} INFO - 23/01/30 17:54:08 INFO Utils: /tmp/spark-22271889-2d3f-494a-b110-60f44a1cd4b1/userFiles-bc75920a-104d-44f0-9c5e-0921851ad608/fetchFileTemp16035081138572505498.tmp has been previously copied to /tmp/spark-22271889-2d3f-494a-b110-60f44a1cd4b1/userFiles-bc75920a-104d-44f0-9c5e-0921851ad608/com.github.luben_zstd-jni-1.4.8-1.jar
[2023-01-30T17:54:08.899+0000] {spark_submit.py:495} INFO - 23/01/30 17:54:08 INFO Executor: Adding file:/tmp/spark-22271889-2d3f-494a-b110-60f44a1cd4b1/userFiles-bc75920a-104d-44f0-9c5e-0921851ad608/com.github.luben_zstd-jni-1.4.8-1.jar to class loader
[2023-01-30T17:54:08.899+0000] {spark_submit.py:495} INFO - 23/01/30 17:54:08 INFO Executor: Fetching spark://15c99fd3082a:35815/jars/org.spark-project.spark_unused-1.0.0.jar with timestamp 1675101246645
[2023-01-30T17:54:08.899+0000] {spark_submit.py:495} INFO - 23/01/30 17:54:08 INFO Utils: Fetching spark://15c99fd3082a:35815/jars/org.spark-project.spark_unused-1.0.0.jar to /tmp/spark-22271889-2d3f-494a-b110-60f44a1cd4b1/userFiles-bc75920a-104d-44f0-9c5e-0921851ad608/fetchFileTemp131833694484624393.tmp
[2023-01-30T17:54:08.901+0000] {spark_submit.py:495} INFO - 23/01/30 17:54:08 INFO Utils: /tmp/spark-22271889-2d3f-494a-b110-60f44a1cd4b1/userFiles-bc75920a-104d-44f0-9c5e-0921851ad608/fetchFileTemp131833694484624393.tmp has been previously copied to /tmp/spark-22271889-2d3f-494a-b110-60f44a1cd4b1/userFiles-bc75920a-104d-44f0-9c5e-0921851ad608/org.spark-project.spark_unused-1.0.0.jar
[2023-01-30T17:54:08.904+0000] {spark_submit.py:495} INFO - 23/01/30 17:54:08 INFO Executor: Adding file:/tmp/spark-22271889-2d3f-494a-b110-60f44a1cd4b1/userFiles-bc75920a-104d-44f0-9c5e-0921851ad608/org.spark-project.spark_unused-1.0.0.jar to class loader
[2023-01-30T17:54:08.904+0000] {spark_submit.py:495} INFO - 23/01/30 17:54:08 INFO Executor: Fetching spark://15c99fd3082a:35815/jars/org.apache.kafka_kafka-clients-2.6.0.jar with timestamp 1675101246645
[2023-01-30T17:54:08.904+0000] {spark_submit.py:495} INFO - 23/01/30 17:54:08 INFO Utils: Fetching spark://15c99fd3082a:35815/jars/org.apache.kafka_kafka-clients-2.6.0.jar to /tmp/spark-22271889-2d3f-494a-b110-60f44a1cd4b1/userFiles-bc75920a-104d-44f0-9c5e-0921851ad608/fetchFileTemp13494946661705558859.tmp
[2023-01-30T17:54:08.916+0000] {spark_submit.py:495} INFO - 23/01/30 17:54:08 INFO Utils: /tmp/spark-22271889-2d3f-494a-b110-60f44a1cd4b1/userFiles-bc75920a-104d-44f0-9c5e-0921851ad608/fetchFileTemp13494946661705558859.tmp has been previously copied to /tmp/spark-22271889-2d3f-494a-b110-60f44a1cd4b1/userFiles-bc75920a-104d-44f0-9c5e-0921851ad608/org.apache.kafka_kafka-clients-2.6.0.jar
[2023-01-30T17:54:08.924+0000] {spark_submit.py:495} INFO - 23/01/30 17:54:08 INFO Executor: Adding file:/tmp/spark-22271889-2d3f-494a-b110-60f44a1cd4b1/userFiles-bc75920a-104d-44f0-9c5e-0921851ad608/org.apache.kafka_kafka-clients-2.6.0.jar to class loader
[2023-01-30T17:54:08.924+0000] {spark_submit.py:495} INFO - 23/01/30 17:54:08 INFO Executor: Fetching spark://15c99fd3082a:35815/jars/org.mongodb_mongodb-driver-core-4.0.5.jar with timestamp 1675101246645
[2023-01-30T17:54:08.924+0000] {spark_submit.py:495} INFO - 23/01/30 17:54:08 INFO Utils: Fetching spark://15c99fd3082a:35815/jars/org.mongodb_mongodb-driver-core-4.0.5.jar to /tmp/spark-22271889-2d3f-494a-b110-60f44a1cd4b1/userFiles-bc75920a-104d-44f0-9c5e-0921851ad608/fetchFileTemp14153091061148986290.tmp
[2023-01-30T17:54:08.931+0000] {spark_submit.py:495} INFO - 23/01/30 17:54:08 INFO Utils: /tmp/spark-22271889-2d3f-494a-b110-60f44a1cd4b1/userFiles-bc75920a-104d-44f0-9c5e-0921851ad608/fetchFileTemp14153091061148986290.tmp has been previously copied to /tmp/spark-22271889-2d3f-494a-b110-60f44a1cd4b1/userFiles-bc75920a-104d-44f0-9c5e-0921851ad608/org.mongodb_mongodb-driver-core-4.0.5.jar
[2023-01-30T17:54:08.938+0000] {spark_submit.py:495} INFO - 23/01/30 17:54:08 INFO Executor: Adding file:/tmp/spark-22271889-2d3f-494a-b110-60f44a1cd4b1/userFiles-bc75920a-104d-44f0-9c5e-0921851ad608/org.mongodb_mongodb-driver-core-4.0.5.jar to class loader
[2023-01-30T17:54:08.938+0000] {spark_submit.py:495} INFO - 23/01/30 17:54:08 INFO Executor: Fetching spark://15c99fd3082a:35815/jars/org.xerial.snappy_snappy-java-1.1.8.2.jar with timestamp 1675101246645
[2023-01-30T17:54:08.940+0000] {spark_submit.py:495} INFO - 23/01/30 17:54:08 INFO Utils: Fetching spark://15c99fd3082a:35815/jars/org.xerial.snappy_snappy-java-1.1.8.2.jar to /tmp/spark-22271889-2d3f-494a-b110-60f44a1cd4b1/userFiles-bc75920a-104d-44f0-9c5e-0921851ad608/fetchFileTemp11551903073333214488.tmp
[2023-01-30T17:54:08.947+0000] {spark_submit.py:495} INFO - 23/01/30 17:54:08 INFO Utils: /tmp/spark-22271889-2d3f-494a-b110-60f44a1cd4b1/userFiles-bc75920a-104d-44f0-9c5e-0921851ad608/fetchFileTemp11551903073333214488.tmp has been previously copied to /tmp/spark-22271889-2d3f-494a-b110-60f44a1cd4b1/userFiles-bc75920a-104d-44f0-9c5e-0921851ad608/org.xerial.snappy_snappy-java-1.1.8.2.jar
[2023-01-30T17:54:08.952+0000] {spark_submit.py:495} INFO - 23/01/30 17:54:08 INFO Executor: Adding file:/tmp/spark-22271889-2d3f-494a-b110-60f44a1cd4b1/userFiles-bc75920a-104d-44f0-9c5e-0921851ad608/org.xerial.snappy_snappy-java-1.1.8.2.jar to class loader
[2023-01-30T17:54:08.953+0000] {spark_submit.py:495} INFO - 23/01/30 17:54:08 INFO Executor: Fetching spark://15c99fd3082a:35815/jars/org.slf4j_slf4j-api-1.7.30.jar with timestamp 1675101246645
[2023-01-30T17:54:08.953+0000] {spark_submit.py:495} INFO - 23/01/30 17:54:08 INFO Utils: Fetching spark://15c99fd3082a:35815/jars/org.slf4j_slf4j-api-1.7.30.jar to /tmp/spark-22271889-2d3f-494a-b110-60f44a1cd4b1/userFiles-bc75920a-104d-44f0-9c5e-0921851ad608/fetchFileTemp6813024362045004663.tmp
[2023-01-30T17:54:08.955+0000] {spark_submit.py:495} INFO - 23/01/30 17:54:08 INFO Utils: /tmp/spark-22271889-2d3f-494a-b110-60f44a1cd4b1/userFiles-bc75920a-104d-44f0-9c5e-0921851ad608/fetchFileTemp6813024362045004663.tmp has been previously copied to /tmp/spark-22271889-2d3f-494a-b110-60f44a1cd4b1/userFiles-bc75920a-104d-44f0-9c5e-0921851ad608/org.slf4j_slf4j-api-1.7.30.jar
[2023-01-30T17:54:08.958+0000] {spark_submit.py:495} INFO - 23/01/30 17:54:08 INFO Executor: Adding file:/tmp/spark-22271889-2d3f-494a-b110-60f44a1cd4b1/userFiles-bc75920a-104d-44f0-9c5e-0921851ad608/org.slf4j_slf4j-api-1.7.30.jar to class loader
[2023-01-30T17:54:08.958+0000] {spark_submit.py:495} INFO - 23/01/30 17:54:08 INFO Executor: Fetching spark://15c99fd3082a:35815/jars/org.apache.spark_spark-sql-kafka-0-10_2.12-3.1.3.jar with timestamp 1675101246645
[2023-01-30T17:54:08.958+0000] {spark_submit.py:495} INFO - 23/01/30 17:54:08 INFO Utils: Fetching spark://15c99fd3082a:35815/jars/org.apache.spark_spark-sql-kafka-0-10_2.12-3.1.3.jar to /tmp/spark-22271889-2d3f-494a-b110-60f44a1cd4b1/userFiles-bc75920a-104d-44f0-9c5e-0921851ad608/fetchFileTemp8934096783070325078.tmp
[2023-01-30T17:54:08.960+0000] {spark_submit.py:495} INFO - 23/01/30 17:54:08 INFO Utils: /tmp/spark-22271889-2d3f-494a-b110-60f44a1cd4b1/userFiles-bc75920a-104d-44f0-9c5e-0921851ad608/fetchFileTemp8934096783070325078.tmp has been previously copied to /tmp/spark-22271889-2d3f-494a-b110-60f44a1cd4b1/userFiles-bc75920a-104d-44f0-9c5e-0921851ad608/org.apache.spark_spark-sql-kafka-0-10_2.12-3.1.3.jar
[2023-01-30T17:54:08.964+0000] {spark_submit.py:495} INFO - 23/01/30 17:54:08 INFO Executor: Adding file:/tmp/spark-22271889-2d3f-494a-b110-60f44a1cd4b1/userFiles-bc75920a-104d-44f0-9c5e-0921851ad608/org.apache.spark_spark-sql-kafka-0-10_2.12-3.1.3.jar to class loader
[2023-01-30T17:54:08.964+0000] {spark_submit.py:495} INFO - 23/01/30 17:54:08 INFO Executor: Fetching spark://15c99fd3082a:35815/jars/org.mongodb_bson-4.0.5.jar with timestamp 1675101246645
[2023-01-30T17:54:08.964+0000] {spark_submit.py:495} INFO - 23/01/30 17:54:08 INFO Utils: Fetching spark://15c99fd3082a:35815/jars/org.mongodb_bson-4.0.5.jar to /tmp/spark-22271889-2d3f-494a-b110-60f44a1cd4b1/userFiles-bc75920a-104d-44f0-9c5e-0921851ad608/fetchFileTemp15094419533686612049.tmp
[2023-01-30T17:54:08.966+0000] {spark_submit.py:495} INFO - 23/01/30 17:54:08 INFO Utils: /tmp/spark-22271889-2d3f-494a-b110-60f44a1cd4b1/userFiles-bc75920a-104d-44f0-9c5e-0921851ad608/fetchFileTemp15094419533686612049.tmp has been previously copied to /tmp/spark-22271889-2d3f-494a-b110-60f44a1cd4b1/userFiles-bc75920a-104d-44f0-9c5e-0921851ad608/org.mongodb_bson-4.0.5.jar
[2023-01-30T17:54:08.969+0000] {spark_submit.py:495} INFO - 23/01/30 17:54:08 INFO Executor: Adding file:/tmp/spark-22271889-2d3f-494a-b110-60f44a1cd4b1/userFiles-bc75920a-104d-44f0-9c5e-0921851ad608/org.mongodb_bson-4.0.5.jar to class loader
[2023-01-30T17:54:08.970+0000] {spark_submit.py:495} INFO - 23/01/30 17:54:08 INFO Executor: Fetching spark://15c99fd3082a:35815/jars/org.lz4_lz4-java-1.7.1.jar with timestamp 1675101246645
[2023-01-30T17:54:08.970+0000] {spark_submit.py:495} INFO - 23/01/30 17:54:08 INFO Utils: Fetching spark://15c99fd3082a:35815/jars/org.lz4_lz4-java-1.7.1.jar to /tmp/spark-22271889-2d3f-494a-b110-60f44a1cd4b1/userFiles-bc75920a-104d-44f0-9c5e-0921851ad608/fetchFileTemp17722987473293659088.tmp
[2023-01-30T17:54:08.973+0000] {spark_submit.py:495} INFO - 23/01/30 17:54:08 INFO Utils: /tmp/spark-22271889-2d3f-494a-b110-60f44a1cd4b1/userFiles-bc75920a-104d-44f0-9c5e-0921851ad608/fetchFileTemp17722987473293659088.tmp has been previously copied to /tmp/spark-22271889-2d3f-494a-b110-60f44a1cd4b1/userFiles-bc75920a-104d-44f0-9c5e-0921851ad608/org.lz4_lz4-java-1.7.1.jar
[2023-01-30T17:54:08.976+0000] {spark_submit.py:495} INFO - 23/01/30 17:54:08 INFO Executor: Adding file:/tmp/spark-22271889-2d3f-494a-b110-60f44a1cd4b1/userFiles-bc75920a-104d-44f0-9c5e-0921851ad608/org.lz4_lz4-java-1.7.1.jar to class loader
[2023-01-30T17:54:08.976+0000] {spark_submit.py:495} INFO - 23/01/30 17:54:08 INFO Executor: Fetching spark://15c99fd3082a:35815/jars/org.mongodb.spark_mongo-spark-connector_2.12-3.0.1.jar with timestamp 1675101246645
[2023-01-30T17:54:08.976+0000] {spark_submit.py:495} INFO - 23/01/30 17:54:08 INFO Utils: Fetching spark://15c99fd3082a:35815/jars/org.mongodb.spark_mongo-spark-connector_2.12-3.0.1.jar to /tmp/spark-22271889-2d3f-494a-b110-60f44a1cd4b1/userFiles-bc75920a-104d-44f0-9c5e-0921851ad608/fetchFileTemp17270690255219845628.tmp
[2023-01-30T17:54:08.979+0000] {spark_submit.py:495} INFO - 23/01/30 17:54:08 INFO Utils: /tmp/spark-22271889-2d3f-494a-b110-60f44a1cd4b1/userFiles-bc75920a-104d-44f0-9c5e-0921851ad608/fetchFileTemp17270690255219845628.tmp has been previously copied to /tmp/spark-22271889-2d3f-494a-b110-60f44a1cd4b1/userFiles-bc75920a-104d-44f0-9c5e-0921851ad608/org.mongodb.spark_mongo-spark-connector_2.12-3.0.1.jar
[2023-01-30T17:54:08.982+0000] {spark_submit.py:495} INFO - 23/01/30 17:54:08 INFO Executor: Adding file:/tmp/spark-22271889-2d3f-494a-b110-60f44a1cd4b1/userFiles-bc75920a-104d-44f0-9c5e-0921851ad608/org.mongodb.spark_mongo-spark-connector_2.12-3.0.1.jar to class loader
[2023-01-30T17:54:08.982+0000] {spark_submit.py:495} INFO - 23/01/30 17:54:08 INFO Executor: Fetching spark://15c99fd3082a:35815/jars/org.apache.commons_commons-pool2-2.6.2.jar with timestamp 1675101246645
[2023-01-30T17:54:08.983+0000] {spark_submit.py:495} INFO - 23/01/30 17:54:08 INFO Utils: Fetching spark://15c99fd3082a:35815/jars/org.apache.commons_commons-pool2-2.6.2.jar to /tmp/spark-22271889-2d3f-494a-b110-60f44a1cd4b1/userFiles-bc75920a-104d-44f0-9c5e-0921851ad608/fetchFileTemp10344358508358101589.tmp
[2023-01-30T17:54:08.984+0000] {spark_submit.py:495} INFO - 23/01/30 17:54:08 INFO Utils: /tmp/spark-22271889-2d3f-494a-b110-60f44a1cd4b1/userFiles-bc75920a-104d-44f0-9c5e-0921851ad608/fetchFileTemp10344358508358101589.tmp has been previously copied to /tmp/spark-22271889-2d3f-494a-b110-60f44a1cd4b1/userFiles-bc75920a-104d-44f0-9c5e-0921851ad608/org.apache.commons_commons-pool2-2.6.2.jar
[2023-01-30T17:54:08.987+0000] {spark_submit.py:495} INFO - 23/01/30 17:54:08 INFO Executor: Adding file:/tmp/spark-22271889-2d3f-494a-b110-60f44a1cd4b1/userFiles-bc75920a-104d-44f0-9c5e-0921851ad608/org.apache.commons_commons-pool2-2.6.2.jar to class loader
[2023-01-30T17:54:08.987+0000] {spark_submit.py:495} INFO - 23/01/30 17:54:08 INFO Executor: Fetching spark://15c99fd3082a:35815/jars/org.mongodb_mongodb-driver-sync-4.0.5.jar with timestamp 1675101246645
[2023-01-30T17:54:08.988+0000] {spark_submit.py:495} INFO - 23/01/30 17:54:08 INFO Utils: Fetching spark://15c99fd3082a:35815/jars/org.mongodb_mongodb-driver-sync-4.0.5.jar to /tmp/spark-22271889-2d3f-494a-b110-60f44a1cd4b1/userFiles-bc75920a-104d-44f0-9c5e-0921851ad608/fetchFileTemp2802060379536385334.tmp
[2023-01-30T17:54:08.988+0000] {spark_submit.py:495} INFO - 23/01/30 17:54:08 INFO Utils: /tmp/spark-22271889-2d3f-494a-b110-60f44a1cd4b1/userFiles-bc75920a-104d-44f0-9c5e-0921851ad608/fetchFileTemp2802060379536385334.tmp has been previously copied to /tmp/spark-22271889-2d3f-494a-b110-60f44a1cd4b1/userFiles-bc75920a-104d-44f0-9c5e-0921851ad608/org.mongodb_mongodb-driver-sync-4.0.5.jar
[2023-01-30T17:54:08.991+0000] {spark_submit.py:495} INFO - 23/01/30 17:54:08 INFO Executor: Adding file:/tmp/spark-22271889-2d3f-494a-b110-60f44a1cd4b1/userFiles-bc75920a-104d-44f0-9c5e-0921851ad608/org.mongodb_mongodb-driver-sync-4.0.5.jar to class loader
[2023-01-30T17:54:08.991+0000] {spark_submit.py:495} INFO - 23/01/30 17:54:08 INFO Executor: Fetching spark://15c99fd3082a:35815/jars/org.apache.spark_spark-token-provider-kafka-0-10_2.12-3.1.3.jar with timestamp 1675101246645
[2023-01-30T17:54:08.991+0000] {spark_submit.py:495} INFO - 23/01/30 17:54:08 INFO Utils: Fetching spark://15c99fd3082a:35815/jars/org.apache.spark_spark-token-provider-kafka-0-10_2.12-3.1.3.jar to /tmp/spark-22271889-2d3f-494a-b110-60f44a1cd4b1/userFiles-bc75920a-104d-44f0-9c5e-0921851ad608/fetchFileTemp13329258380705925933.tmp
[2023-01-30T17:54:08.992+0000] {spark_submit.py:495} INFO - 23/01/30 17:54:08 INFO Utils: /tmp/spark-22271889-2d3f-494a-b110-60f44a1cd4b1/userFiles-bc75920a-104d-44f0-9c5e-0921851ad608/fetchFileTemp13329258380705925933.tmp has been previously copied to /tmp/spark-22271889-2d3f-494a-b110-60f44a1cd4b1/userFiles-bc75920a-104d-44f0-9c5e-0921851ad608/org.apache.spark_spark-token-provider-kafka-0-10_2.12-3.1.3.jar
[2023-01-30T17:54:08.996+0000] {spark_submit.py:495} INFO - 23/01/30 17:54:08 INFO Executor: Adding file:/tmp/spark-22271889-2d3f-494a-b110-60f44a1cd4b1/userFiles-bc75920a-104d-44f0-9c5e-0921851ad608/org.apache.spark_spark-token-provider-kafka-0-10_2.12-3.1.3.jar to class loader
[2023-01-30T17:54:09.001+0000] {spark_submit.py:495} INFO - 23/01/30 17:54:09 INFO Utils: Successfully started service 'org.apache.spark.network.netty.NettyBlockTransferService' on port 35577.
[2023-01-30T17:54:09.002+0000] {spark_submit.py:495} INFO - 23/01/30 17:54:09 INFO NettyBlockTransferService: Server created on 15c99fd3082a:35577
[2023-01-30T17:54:09.003+0000] {spark_submit.py:495} INFO - 23/01/30 17:54:09 INFO BlockManager: Using org.apache.spark.storage.RandomBlockReplicationPolicy for block replication policy
[2023-01-30T17:54:09.007+0000] {spark_submit.py:495} INFO - 23/01/30 17:54:09 INFO BlockManagerMaster: Registering BlockManager BlockManagerId(driver, 15c99fd3082a, 35577, None)
[2023-01-30T17:54:09.009+0000] {spark_submit.py:495} INFO - 23/01/30 17:54:09 INFO BlockManagerMasterEndpoint: Registering block manager 15c99fd3082a:35577 with 434.4 MiB RAM, BlockManagerId(driver, 15c99fd3082a, 35577, None)
[2023-01-30T17:54:09.011+0000] {spark_submit.py:495} INFO - 23/01/30 17:54:09 INFO BlockManagerMaster: Registered BlockManager BlockManagerId(driver, 15c99fd3082a, 35577, None)
[2023-01-30T17:54:09.012+0000] {spark_submit.py:495} INFO - 23/01/30 17:54:09 INFO BlockManager: Initialized BlockManager: BlockManagerId(driver, 15c99fd3082a, 35577, None)
[2023-01-30T17:54:11.968+0000] {spark_submit.py:495} INFO - 2023-01-30 17:54:11,968 - py4j.java_gateway - INFO - Callback Server Starting
[2023-01-30T17:54:11.968+0000] {spark_submit.py:495} INFO - 2023-01-30 17:54:11,968 - py4j.java_gateway - INFO - Socket listening on ('127.0.0.1', 38783)
[2023-01-30T17:54:12.172+0000] {local_task_job.py:224} WARNING - State of this instance has been externally set to up_for_retry. Terminating instance.
[2023-01-30T17:54:12.173+0000] {process_utils.py:133} INFO - Sending Signals.SIGTERM to group 12501. PIDs of all processes in the group: [12502, 12602, 12795, 12501]
[2023-01-30T17:54:12.173+0000] {process_utils.py:84} INFO - Sending the signal Signals.SIGTERM to group 12501
[2023-01-30T17:54:12.173+0000] {taskinstance.py:1483} ERROR - Received SIGTERM. Terminating subprocesses.
[2023-01-30T17:54:12.174+0000] {spark_submit.py:620} INFO - Sending kill signal to spark-submit
[2023-01-30T17:54:12.207+0000] {taskinstance.py:1772} ERROR - Task failed with exception
Traceback (most recent call last):
  File "/home/airflow/.local/lib/python3.7/site-packages/airflow/providers/apache/spark/operators/spark_submit.py", line 157, in execute
    self._hook.submit(self._application)
  File "/home/airflow/.local/lib/python3.7/site-packages/airflow/providers/apache/spark/hooks/spark_submit.py", line 414, in submit
    self._process_spark_submit_log(iter(self._submit_sp.stdout))  # type: ignore
  File "/home/airflow/.local/lib/python3.7/site-packages/airflow/providers/apache/spark/hooks/spark_submit.py", line 463, in _process_spark_submit_log
    for line in itr:
  File "/home/airflow/.local/lib/python3.7/site-packages/airflow/models/taskinstance.py", line 1485, in signal_handler
    raise AirflowException("Task received SIGTERM signal")
airflow.exceptions.AirflowException: Task received SIGTERM signal
[2023-01-30T17:54:12.210+0000] {taskinstance.py:1327} INFO - Marking task as UP_FOR_RETRY. dag_id=Streaming_pipeline_meli, task_id=consumer_data_of_topic, execution_date=20230127T184927, start_date=20230130T175401, end_date=20230130T175412
[2023-01-30T17:54:12.227+0000] {standard_task_runner.py:105} ERROR - Failed to execute job 1233 for task consumer_data_of_topic (Task received SIGTERM signal; 12501)
[2023-01-30T17:54:12.273+0000] {process_utils.py:79} INFO - Process psutil.Process(pid=12501, status='terminated', exitcode=1, started='17:54:01') (12501) terminated with exit code 1
[2023-01-30T17:54:12.273+0000] {process_utils.py:79} INFO - Process psutil.Process(pid=12602, status='terminated', started='17:54:05') (12602) terminated with exit code None
[2023-01-30T17:54:12.273+0000] {process_utils.py:79} INFO - Process psutil.Process(pid=12502, status='terminated', started='17:54:02') (12502) terminated with exit code None
[2023-01-30T17:54:12.274+0000] {process_utils.py:79} INFO - Process psutil.Process(pid=12795, status='terminated', started='17:54:12') (12795) terminated with exit code None
