[2023-01-30T17:22:55.114+0000] {taskinstance.py:1087} INFO - Dependencies all met for <TaskInstance: Streaming_pipeline_meli.consumer_data_of_topic manual__2023-01-27T18:49:27.597637+00:00 [queued]>
[2023-01-30T17:22:55.122+0000] {taskinstance.py:1087} INFO - Dependencies all met for <TaskInstance: Streaming_pipeline_meli.consumer_data_of_topic manual__2023-01-27T18:49:27.597637+00:00 [queued]>
[2023-01-30T17:22:55.122+0000] {taskinstance.py:1283} INFO - 
--------------------------------------------------------------------------------
[2023-01-30T17:22:55.122+0000] {taskinstance.py:1284} INFO - Starting attempt 55 of 60
[2023-01-30T17:22:55.122+0000] {taskinstance.py:1285} INFO - 
--------------------------------------------------------------------------------
[2023-01-30T17:22:55.135+0000] {taskinstance.py:1304} INFO - Executing <Task(SparkSubmitOperator): consumer_data_of_topic> on 2023-01-27 18:49:27.597637+00:00
[2023-01-30T17:22:55.138+0000] {standard_task_runner.py:55} INFO - Started process 7129 to run task
[2023-01-30T17:22:55.141+0000] {standard_task_runner.py:82} INFO - Running: ['***', 'tasks', 'run', 'Streaming_pipeline_meli', 'consumer_data_of_topic', 'manual__2023-01-27T18:49:27.597637+00:00', '--job-id', '1225', '--raw', '--subdir', 'DAGS_FOLDER/streamPipeline.py', '--cfg-path', '/tmp/tmpqyvc1z8y']
[2023-01-30T17:22:55.141+0000] {standard_task_runner.py:83} INFO - Job 1225: Subtask consumer_data_of_topic
[2023-01-30T17:22:55.187+0000] {task_command.py:389} INFO - Running <TaskInstance: Streaming_pipeline_meli.consumer_data_of_topic manual__2023-01-27T18:49:27.597637+00:00 [running]> on host 15c99fd3082a
[2023-01-30T17:22:55.242+0000] {taskinstance.py:1513} INFO - Exporting the following env vars:
AIRFLOW_CTX_DAG_OWNER=***
AIRFLOW_CTX_DAG_ID=Streaming_pipeline_meli
AIRFLOW_CTX_TASK_ID=consumer_data_of_topic
AIRFLOW_CTX_EXECUTION_DATE=2023-01-27T18:49:27.597637+00:00
AIRFLOW_CTX_TRY_NUMBER=55
AIRFLOW_CTX_DAG_RUN_ID=manual__2023-01-27T18:49:27.597637+00:00
[2023-01-30T17:22:55.250+0000] {base.py:73} INFO - Using connection ID 'spark_default' for task execution.
[2023-01-30T17:22:55.251+0000] {spark_submit.py:344} INFO - Spark-Submit cmd: spark-submit --master spark://tomi-H310:7077 --packages org.apache.spark:spark-sql-kafka-0-10_2.12:3.1.3,org.mongodb.spark:mongo-spark-connector_2.12:3.0.1 --name arrow-spark --queue root.default /opt/***/dags/consumerSpark.py
[2023-01-30T17:22:55.347+0000] {spark_submit.py:495} INFO - /home/***/.local/lib/python3.7/site-packages/pyspark/bin/load-spark-env.sh: line 68: ps: command not found
[2023-01-30T17:22:58.304+0000] {spark_submit.py:495} INFO - :: loading settings :: url = jar:file:/home/***/.local/lib/python3.7/site-packages/pyspark/jars/ivy-2.5.0.jar!/org/apache/ivy/core/settings/ivysettings.xml
[2023-01-30T17:22:58.472+0000] {spark_submit.py:495} INFO - Ivy Default Cache set to: /home/***/.ivy2/cache
[2023-01-30T17:22:58.472+0000] {spark_submit.py:495} INFO - The jars for the packages stored in: /home/***/.ivy2/jars
[2023-01-30T17:22:58.494+0000] {spark_submit.py:495} INFO - org.apache.spark#spark-sql-kafka-0-10_2.12 added as a dependency
[2023-01-30T17:22:58.494+0000] {spark_submit.py:495} INFO - org.mongodb.spark#mongo-spark-connector_2.12 added as a dependency
[2023-01-30T17:22:58.499+0000] {spark_submit.py:495} INFO - :: resolving dependencies :: org.apache.spark#spark-submit-parent-c17f089e-d35d-436a-b1b8-50e2c6f4854f;1.0
[2023-01-30T17:22:58.499+0000] {spark_submit.py:495} INFO - confs: [default]
[2023-01-30T17:22:58.909+0000] {spark_submit.py:495} INFO - found org.apache.spark#spark-sql-kafka-0-10_2.12;3.1.3 in central
[2023-01-30T17:22:59.109+0000] {spark_submit.py:495} INFO - found org.apache.spark#spark-token-provider-kafka-0-10_2.12;3.1.3 in central
[2023-01-30T17:22:59.180+0000] {spark_submit.py:495} INFO - found org.apache.kafka#kafka-clients;2.6.0 in central
[2023-01-30T17:22:59.254+0000] {spark_submit.py:495} INFO - found com.github.luben#zstd-jni;1.4.8-1 in central
[2023-01-30T17:22:59.294+0000] {spark_submit.py:495} INFO - found org.lz4#lz4-java;1.7.1 in central
[2023-01-30T17:22:59.335+0000] {spark_submit.py:495} INFO - found org.xerial.snappy#snappy-java;1.1.8.2 in central
[2023-01-30T17:22:59.386+0000] {spark_submit.py:495} INFO - found org.slf4j#slf4j-api;1.7.30 in central
[2023-01-30T17:22:59.426+0000] {spark_submit.py:495} INFO - found org.spark-project.spark#unused;1.0.0 in central
[2023-01-30T17:22:59.476+0000] {spark_submit.py:495} INFO - found org.apache.commons#commons-pool2;2.6.2 in central
[2023-01-30T17:22:59.490+0000] {spark_submit.py:495} INFO - found org.mongodb.spark#mongo-spark-connector_2.12;3.0.1 in central
[2023-01-30T17:22:59.518+0000] {spark_submit.py:495} INFO - found org.mongodb#mongodb-driver-sync;4.0.5 in central
[2023-01-30T17:22:59.531+0000] {spark_submit.py:495} INFO - found org.mongodb#bson;4.0.5 in central
[2023-01-30T17:22:59.541+0000] {spark_submit.py:495} INFO - found org.mongodb#mongodb-driver-core;4.0.5 in central
[2023-01-30T17:22:59.577+0000] {spark_submit.py:495} INFO - :: resolution report :: resolve 1066ms :: artifacts dl 15ms
[2023-01-30T17:22:59.577+0000] {spark_submit.py:495} INFO - :: modules in use:
[2023-01-30T17:22:59.577+0000] {spark_submit.py:495} INFO - com.github.luben#zstd-jni;1.4.8-1 from central in [default]
[2023-01-30T17:22:59.578+0000] {spark_submit.py:495} INFO - org.apache.commons#commons-pool2;2.6.2 from central in [default]
[2023-01-30T17:22:59.578+0000] {spark_submit.py:495} INFO - org.apache.kafka#kafka-clients;2.6.0 from central in [default]
[2023-01-30T17:22:59.578+0000] {spark_submit.py:495} INFO - org.apache.spark#spark-sql-kafka-0-10_2.12;3.1.3 from central in [default]
[2023-01-30T17:22:59.578+0000] {spark_submit.py:495} INFO - org.apache.spark#spark-token-provider-kafka-0-10_2.12;3.1.3 from central in [default]
[2023-01-30T17:22:59.579+0000] {spark_submit.py:495} INFO - org.lz4#lz4-java;1.7.1 from central in [default]
[2023-01-30T17:22:59.579+0000] {spark_submit.py:495} INFO - org.mongodb#bson;4.0.5 from central in [default]
[2023-01-30T17:22:59.579+0000] {spark_submit.py:495} INFO - org.mongodb#mongodb-driver-core;4.0.5 from central in [default]
[2023-01-30T17:22:59.579+0000] {spark_submit.py:495} INFO - org.mongodb#mongodb-driver-sync;4.0.5 from central in [default]
[2023-01-30T17:22:59.579+0000] {spark_submit.py:495} INFO - org.mongodb.spark#mongo-spark-connector_2.12;3.0.1 from central in [default]
[2023-01-30T17:22:59.580+0000] {spark_submit.py:495} INFO - org.slf4j#slf4j-api;1.7.30 from central in [default]
[2023-01-30T17:22:59.580+0000] {spark_submit.py:495} INFO - org.spark-project.spark#unused;1.0.0 from central in [default]
[2023-01-30T17:22:59.580+0000] {spark_submit.py:495} INFO - org.xerial.snappy#snappy-java;1.1.8.2 from central in [default]
[2023-01-30T17:22:59.580+0000] {spark_submit.py:495} INFO - ---------------------------------------------------------------------
[2023-01-30T17:22:59.581+0000] {spark_submit.py:495} INFO - |                  |            modules            ||   artifacts   |
[2023-01-30T17:22:59.581+0000] {spark_submit.py:495} INFO - |       conf       | number| search|dwnlded|evicted|| number|dwnlded|
[2023-01-30T17:22:59.581+0000] {spark_submit.py:495} INFO - ---------------------------------------------------------------------
[2023-01-30T17:22:59.581+0000] {spark_submit.py:495} INFO - |      default     |   13  |   0   |   0   |   0   ||   13  |   0   |
[2023-01-30T17:22:59.582+0000] {spark_submit.py:495} INFO - ---------------------------------------------------------------------
[2023-01-30T17:22:59.588+0000] {spark_submit.py:495} INFO - :: retrieving :: org.apache.spark#spark-submit-parent-c17f089e-d35d-436a-b1b8-50e2c6f4854f
[2023-01-30T17:22:59.588+0000] {spark_submit.py:495} INFO - confs: [default]
[2023-01-30T17:22:59.595+0000] {spark_submit.py:495} INFO - 0 artifacts copied, 13 already retrieved (0kB/7ms)
[2023-01-30T17:22:59.881+0000] {spark_submit.py:495} INFO - 23/01/30 17:22:59 WARN NativeCodeLoader: Unable to load native-hadoop library for your platform... using builtin-java classes where applicable
[2023-01-30T17:23:00.810+0000] {spark_submit.py:495} INFO - 23/01/30 17:23:00 INFO SparkContext: Running Spark version 3.3.1
[2023-01-30T17:23:00.826+0000] {spark_submit.py:495} INFO - 23/01/30 17:23:00 INFO ResourceUtils: ==============================================================
[2023-01-30T17:23:00.826+0000] {spark_submit.py:495} INFO - 23/01/30 17:23:00 INFO ResourceUtils: No custom resources configured for spark.driver.
[2023-01-30T17:23:00.826+0000] {spark_submit.py:495} INFO - 23/01/30 17:23:00 INFO ResourceUtils: ==============================================================
[2023-01-30T17:23:00.827+0000] {spark_submit.py:495} INFO - 23/01/30 17:23:00 INFO SparkContext: Submitted application: arrow-spark
[2023-01-30T17:23:00.841+0000] {spark_submit.py:495} INFO - 23/01/30 17:23:00 INFO ResourceProfile: Default ResourceProfile created, executor resources: Map(cores -> name: cores, amount: 1, script: , vendor: , memory -> name: memory, amount: 1024, script: , vendor: , offHeap -> name: offHeap, amount: 0, script: , vendor: ), task resources: Map(cpus -> name: cpus, amount: 1.0)
[2023-01-30T17:23:00.853+0000] {spark_submit.py:495} INFO - 23/01/30 17:23:00 INFO ResourceProfile: Limiting resource is cpu
[2023-01-30T17:23:00.853+0000] {spark_submit.py:495} INFO - 23/01/30 17:23:00 INFO ResourceProfileManager: Added ResourceProfile id: 0
[2023-01-30T17:23:00.889+0000] {spark_submit.py:495} INFO - 23/01/30 17:23:00 INFO SecurityManager: Changing view acls to: default
[2023-01-30T17:23:00.890+0000] {spark_submit.py:495} INFO - 23/01/30 17:23:00 INFO SecurityManager: Changing modify acls to: default
[2023-01-30T17:23:00.890+0000] {spark_submit.py:495} INFO - 23/01/30 17:23:00 INFO SecurityManager: Changing view acls groups to:
[2023-01-30T17:23:00.890+0000] {spark_submit.py:495} INFO - 23/01/30 17:23:00 INFO SecurityManager: Changing modify acls groups to:
[2023-01-30T17:23:00.891+0000] {spark_submit.py:495} INFO - 23/01/30 17:23:00 INFO SecurityManager: SecurityManager: authentication disabled; ui acls disabled; users  with view permissions: Set(default); groups with view permissions: Set(); users  with modify permissions: Set(default); groups with modify permissions: Set()
[2023-01-30T17:23:01.088+0000] {spark_submit.py:495} INFO - 23/01/30 17:23:01 INFO Utils: Successfully started service 'sparkDriver' on port 40761.
[2023-01-30T17:23:01.119+0000] {spark_submit.py:495} INFO - 23/01/30 17:23:01 INFO SparkEnv: Registering MapOutputTracker
[2023-01-30T17:23:01.147+0000] {spark_submit.py:495} INFO - 23/01/30 17:23:01 INFO SparkEnv: Registering BlockManagerMaster
[2023-01-30T17:23:01.161+0000] {spark_submit.py:495} INFO - 23/01/30 17:23:01 INFO BlockManagerMasterEndpoint: Using org.apache.spark.storage.DefaultTopologyMapper for getting topology information
[2023-01-30T17:23:01.162+0000] {spark_submit.py:495} INFO - 23/01/30 17:23:01 INFO BlockManagerMasterEndpoint: BlockManagerMasterEndpoint up
[2023-01-30T17:23:01.166+0000] {spark_submit.py:495} INFO - 23/01/30 17:23:01 INFO SparkEnv: Registering BlockManagerMasterHeartbeat
[2023-01-30T17:23:01.184+0000] {spark_submit.py:495} INFO - 23/01/30 17:23:01 INFO DiskBlockManager: Created local directory at /tmp/blockmgr-e3f46501-67d4-44cd-b3a7-7a37fa2512ff
[2023-01-30T17:23:01.198+0000] {spark_submit.py:495} INFO - 23/01/30 17:23:01 INFO MemoryStore: MemoryStore started with capacity 434.4 MiB
[2023-01-30T17:23:01.209+0000] {spark_submit.py:495} INFO - 23/01/30 17:23:01 INFO SparkEnv: Registering OutputCommitCoordinator
[2023-01-30T17:23:01.354+0000] {spark_submit.py:495} INFO - 23/01/30 17:23:01 INFO Utils: Successfully started service 'SparkUI' on port 4040.
[2023-01-30T17:23:01.385+0000] {spark_submit.py:495} INFO - 23/01/30 17:23:01 INFO SparkContext: Added JAR file:///home/***/.ivy2/jars/org.apache.spark_spark-sql-kafka-0-10_2.12-3.1.3.jar at spark://15c99fd3082a:40761/jars/org.apache.spark_spark-sql-kafka-0-10_2.12-3.1.3.jar with timestamp 1675099380804
[2023-01-30T17:23:01.385+0000] {spark_submit.py:495} INFO - 23/01/30 17:23:01 INFO SparkContext: Added JAR file:///home/***/.ivy2/jars/org.mongodb.spark_mongo-spark-connector_2.12-3.0.1.jar at spark://15c99fd3082a:40761/jars/org.mongodb.spark_mongo-spark-connector_2.12-3.0.1.jar with timestamp 1675099380804
[2023-01-30T17:23:01.385+0000] {spark_submit.py:495} INFO - 23/01/30 17:23:01 INFO SparkContext: Added JAR file:///home/***/.ivy2/jars/org.apache.spark_spark-token-provider-kafka-0-10_2.12-3.1.3.jar at spark://15c99fd3082a:40761/jars/org.apache.spark_spark-token-provider-kafka-0-10_2.12-3.1.3.jar with timestamp 1675099380804
[2023-01-30T17:23:01.385+0000] {spark_submit.py:495} INFO - 23/01/30 17:23:01 INFO SparkContext: Added JAR file:///home/***/.ivy2/jars/org.apache.kafka_kafka-clients-2.6.0.jar at spark://15c99fd3082a:40761/jars/org.apache.kafka_kafka-clients-2.6.0.jar with timestamp 1675099380804
[2023-01-30T17:23:01.385+0000] {spark_submit.py:495} INFO - 23/01/30 17:23:01 INFO SparkContext: Added JAR file:///home/***/.ivy2/jars/org.apache.commons_commons-pool2-2.6.2.jar at spark://15c99fd3082a:40761/jars/org.apache.commons_commons-pool2-2.6.2.jar with timestamp 1675099380804
[2023-01-30T17:23:01.385+0000] {spark_submit.py:495} INFO - 23/01/30 17:23:01 INFO SparkContext: Added JAR file:///home/***/.ivy2/jars/org.spark-project.spark_unused-1.0.0.jar at spark://15c99fd3082a:40761/jars/org.spark-project.spark_unused-1.0.0.jar with timestamp 1675099380804
[2023-01-30T17:23:01.386+0000] {spark_submit.py:495} INFO - 23/01/30 17:23:01 INFO SparkContext: Added JAR file:///home/***/.ivy2/jars/com.github.luben_zstd-jni-1.4.8-1.jar at spark://15c99fd3082a:40761/jars/com.github.luben_zstd-jni-1.4.8-1.jar with timestamp 1675099380804
[2023-01-30T17:23:01.386+0000] {spark_submit.py:495} INFO - 23/01/30 17:23:01 INFO SparkContext: Added JAR file:///home/***/.ivy2/jars/org.lz4_lz4-java-1.7.1.jar at spark://15c99fd3082a:40761/jars/org.lz4_lz4-java-1.7.1.jar with timestamp 1675099380804
[2023-01-30T17:23:01.386+0000] {spark_submit.py:495} INFO - 23/01/30 17:23:01 INFO SparkContext: Added JAR file:///home/***/.ivy2/jars/org.xerial.snappy_snappy-java-1.1.8.2.jar at spark://15c99fd3082a:40761/jars/org.xerial.snappy_snappy-java-1.1.8.2.jar with timestamp 1675099380804
[2023-01-30T17:23:01.386+0000] {spark_submit.py:495} INFO - 23/01/30 17:23:01 INFO SparkContext: Added JAR file:///home/***/.ivy2/jars/org.slf4j_slf4j-api-1.7.30.jar at spark://15c99fd3082a:40761/jars/org.slf4j_slf4j-api-1.7.30.jar with timestamp 1675099380804
[2023-01-30T17:23:01.386+0000] {spark_submit.py:495} INFO - 23/01/30 17:23:01 INFO SparkContext: Added JAR file:///home/***/.ivy2/jars/org.mongodb_mongodb-driver-sync-4.0.5.jar at spark://15c99fd3082a:40761/jars/org.mongodb_mongodb-driver-sync-4.0.5.jar with timestamp 1675099380804
[2023-01-30T17:23:01.386+0000] {spark_submit.py:495} INFO - 23/01/30 17:23:01 INFO SparkContext: Added JAR file:///home/***/.ivy2/jars/org.mongodb_bson-4.0.5.jar at spark://15c99fd3082a:40761/jars/org.mongodb_bson-4.0.5.jar with timestamp 1675099380804
[2023-01-30T17:23:01.386+0000] {spark_submit.py:495} INFO - 23/01/30 17:23:01 INFO SparkContext: Added JAR file:///home/***/.ivy2/jars/org.mongodb_mongodb-driver-core-4.0.5.jar at spark://15c99fd3082a:40761/jars/org.mongodb_mongodb-driver-core-4.0.5.jar with timestamp 1675099380804
[2023-01-30T17:23:01.388+0000] {spark_submit.py:495} INFO - 23/01/30 17:23:01 INFO SparkContext: Added file file:///home/***/.ivy2/jars/org.apache.spark_spark-sql-kafka-0-10_2.12-3.1.3.jar at file:///home/***/.ivy2/jars/org.apache.spark_spark-sql-kafka-0-10_2.12-3.1.3.jar with timestamp 1675099380804
[2023-01-30T17:23:01.389+0000] {spark_submit.py:495} INFO - 23/01/30 17:23:01 INFO Utils: Copying /home/***/.ivy2/jars/org.apache.spark_spark-sql-kafka-0-10_2.12-3.1.3.jar to /tmp/spark-2e5273ad-a7e3-4d5b-9278-2a3bf02c8565/userFiles-c1c3e690-962b-4812-955a-4cd0fdd75f7a/org.apache.spark_spark-sql-kafka-0-10_2.12-3.1.3.jar
[2023-01-30T17:23:01.396+0000] {spark_submit.py:495} INFO - 23/01/30 17:23:01 INFO SparkContext: Added file file:///home/***/.ivy2/jars/org.mongodb.spark_mongo-spark-connector_2.12-3.0.1.jar at file:///home/***/.ivy2/jars/org.mongodb.spark_mongo-spark-connector_2.12-3.0.1.jar with timestamp 1675099380804
[2023-01-30T17:23:01.397+0000] {spark_submit.py:495} INFO - 23/01/30 17:23:01 INFO Utils: Copying /home/***/.ivy2/jars/org.mongodb.spark_mongo-spark-connector_2.12-3.0.1.jar to /tmp/spark-2e5273ad-a7e3-4d5b-9278-2a3bf02c8565/userFiles-c1c3e690-962b-4812-955a-4cd0fdd75f7a/org.mongodb.spark_mongo-spark-connector_2.12-3.0.1.jar
[2023-01-30T17:23:01.400+0000] {spark_submit.py:495} INFO - 23/01/30 17:23:01 INFO SparkContext: Added file file:///home/***/.ivy2/jars/org.apache.spark_spark-token-provider-kafka-0-10_2.12-3.1.3.jar at file:///home/***/.ivy2/jars/org.apache.spark_spark-token-provider-kafka-0-10_2.12-3.1.3.jar with timestamp 1675099380804
[2023-01-30T17:23:01.402+0000] {spark_submit.py:495} INFO - 23/01/30 17:23:01 INFO Utils: Copying /home/***/.ivy2/jars/org.apache.spark_spark-token-provider-kafka-0-10_2.12-3.1.3.jar to /tmp/spark-2e5273ad-a7e3-4d5b-9278-2a3bf02c8565/userFiles-c1c3e690-962b-4812-955a-4cd0fdd75f7a/org.apache.spark_spark-token-provider-kafka-0-10_2.12-3.1.3.jar
[2023-01-30T17:23:01.404+0000] {spark_submit.py:495} INFO - 23/01/30 17:23:01 INFO SparkContext: Added file file:///home/***/.ivy2/jars/org.apache.kafka_kafka-clients-2.6.0.jar at file:///home/***/.ivy2/jars/org.apache.kafka_kafka-clients-2.6.0.jar with timestamp 1675099380804
[2023-01-30T17:23:01.404+0000] {spark_submit.py:495} INFO - 23/01/30 17:23:01 INFO Utils: Copying /home/***/.ivy2/jars/org.apache.kafka_kafka-clients-2.6.0.jar to /tmp/spark-2e5273ad-a7e3-4d5b-9278-2a3bf02c8565/userFiles-c1c3e690-962b-4812-955a-4cd0fdd75f7a/org.apache.kafka_kafka-clients-2.6.0.jar
[2023-01-30T17:23:01.410+0000] {spark_submit.py:495} INFO - 23/01/30 17:23:01 INFO SparkContext: Added file file:///home/***/.ivy2/jars/org.apache.commons_commons-pool2-2.6.2.jar at file:///home/***/.ivy2/jars/org.apache.commons_commons-pool2-2.6.2.jar with timestamp 1675099380804
[2023-01-30T17:23:01.410+0000] {spark_submit.py:495} INFO - 23/01/30 17:23:01 INFO Utils: Copying /home/***/.ivy2/jars/org.apache.commons_commons-pool2-2.6.2.jar to /tmp/spark-2e5273ad-a7e3-4d5b-9278-2a3bf02c8565/userFiles-c1c3e690-962b-4812-955a-4cd0fdd75f7a/org.apache.commons_commons-pool2-2.6.2.jar
[2023-01-30T17:23:01.414+0000] {spark_submit.py:495} INFO - 23/01/30 17:23:01 INFO SparkContext: Added file file:///home/***/.ivy2/jars/org.spark-project.spark_unused-1.0.0.jar at file:///home/***/.ivy2/jars/org.spark-project.spark_unused-1.0.0.jar with timestamp 1675099380804
[2023-01-30T17:23:01.415+0000] {spark_submit.py:495} INFO - 23/01/30 17:23:01 INFO Utils: Copying /home/***/.ivy2/jars/org.spark-project.spark_unused-1.0.0.jar to /tmp/spark-2e5273ad-a7e3-4d5b-9278-2a3bf02c8565/userFiles-c1c3e690-962b-4812-955a-4cd0fdd75f7a/org.spark-project.spark_unused-1.0.0.jar
[2023-01-30T17:23:01.418+0000] {spark_submit.py:495} INFO - 23/01/30 17:23:01 INFO SparkContext: Added file file:///home/***/.ivy2/jars/com.github.luben_zstd-jni-1.4.8-1.jar at file:///home/***/.ivy2/jars/com.github.luben_zstd-jni-1.4.8-1.jar with timestamp 1675099380804
[2023-01-30T17:23:01.418+0000] {spark_submit.py:495} INFO - 23/01/30 17:23:01 INFO Utils: Copying /home/***/.ivy2/jars/com.github.luben_zstd-jni-1.4.8-1.jar to /tmp/spark-2e5273ad-a7e3-4d5b-9278-2a3bf02c8565/userFiles-c1c3e690-962b-4812-955a-4cd0fdd75f7a/com.github.luben_zstd-jni-1.4.8-1.jar
[2023-01-30T17:23:01.427+0000] {spark_submit.py:495} INFO - 23/01/30 17:23:01 INFO SparkContext: Added file file:///home/***/.ivy2/jars/org.lz4_lz4-java-1.7.1.jar at file:///home/***/.ivy2/jars/org.lz4_lz4-java-1.7.1.jar with timestamp 1675099380804
[2023-01-30T17:23:01.427+0000] {spark_submit.py:495} INFO - 23/01/30 17:23:01 INFO Utils: Copying /home/***/.ivy2/jars/org.lz4_lz4-java-1.7.1.jar to /tmp/spark-2e5273ad-a7e3-4d5b-9278-2a3bf02c8565/userFiles-c1c3e690-962b-4812-955a-4cd0fdd75f7a/org.lz4_lz4-java-1.7.1.jar
[2023-01-30T17:23:01.430+0000] {spark_submit.py:495} INFO - 23/01/30 17:23:01 INFO SparkContext: Added file file:///home/***/.ivy2/jars/org.xerial.snappy_snappy-java-1.1.8.2.jar at file:///home/***/.ivy2/jars/org.xerial.snappy_snappy-java-1.1.8.2.jar with timestamp 1675099380804
[2023-01-30T17:23:01.431+0000] {spark_submit.py:495} INFO - 23/01/30 17:23:01 INFO Utils: Copying /home/***/.ivy2/jars/org.xerial.snappy_snappy-java-1.1.8.2.jar to /tmp/spark-2e5273ad-a7e3-4d5b-9278-2a3bf02c8565/userFiles-c1c3e690-962b-4812-955a-4cd0fdd75f7a/org.xerial.snappy_snappy-java-1.1.8.2.jar
[2023-01-30T17:23:01.437+0000] {spark_submit.py:495} INFO - 23/01/30 17:23:01 INFO SparkContext: Added file file:///home/***/.ivy2/jars/org.slf4j_slf4j-api-1.7.30.jar at file:///home/***/.ivy2/jars/org.slf4j_slf4j-api-1.7.30.jar with timestamp 1675099380804
[2023-01-30T17:23:01.437+0000] {spark_submit.py:495} INFO - 23/01/30 17:23:01 INFO Utils: Copying /home/***/.ivy2/jars/org.slf4j_slf4j-api-1.7.30.jar to /tmp/spark-2e5273ad-a7e3-4d5b-9278-2a3bf02c8565/userFiles-c1c3e690-962b-4812-955a-4cd0fdd75f7a/org.slf4j_slf4j-api-1.7.30.jar
[2023-01-30T17:23:01.440+0000] {spark_submit.py:495} INFO - 23/01/30 17:23:01 INFO SparkContext: Added file file:///home/***/.ivy2/jars/org.mongodb_mongodb-driver-sync-4.0.5.jar at file:///home/***/.ivy2/jars/org.mongodb_mongodb-driver-sync-4.0.5.jar with timestamp 1675099380804
[2023-01-30T17:23:01.440+0000] {spark_submit.py:495} INFO - 23/01/30 17:23:01 INFO Utils: Copying /home/***/.ivy2/jars/org.mongodb_mongodb-driver-sync-4.0.5.jar to /tmp/spark-2e5273ad-a7e3-4d5b-9278-2a3bf02c8565/userFiles-c1c3e690-962b-4812-955a-4cd0fdd75f7a/org.mongodb_mongodb-driver-sync-4.0.5.jar
[2023-01-30T17:23:01.446+0000] {spark_submit.py:495} INFO - 23/01/30 17:23:01 INFO SparkContext: Added file file:///home/***/.ivy2/jars/org.mongodb_bson-4.0.5.jar at file:///home/***/.ivy2/jars/org.mongodb_bson-4.0.5.jar with timestamp 1675099380804
[2023-01-30T17:23:01.447+0000] {spark_submit.py:495} INFO - 23/01/30 17:23:01 INFO Utils: Copying /home/***/.ivy2/jars/org.mongodb_bson-4.0.5.jar to /tmp/spark-2e5273ad-a7e3-4d5b-9278-2a3bf02c8565/userFiles-c1c3e690-962b-4812-955a-4cd0fdd75f7a/org.mongodb_bson-4.0.5.jar
[2023-01-30T17:23:01.453+0000] {spark_submit.py:495} INFO - 23/01/30 17:23:01 INFO SparkContext: Added file file:///home/***/.ivy2/jars/org.mongodb_mongodb-driver-core-4.0.5.jar at file:///home/***/.ivy2/jars/org.mongodb_mongodb-driver-core-4.0.5.jar with timestamp 1675099380804
[2023-01-30T17:23:01.453+0000] {spark_submit.py:495} INFO - 23/01/30 17:23:01 INFO Utils: Copying /home/***/.ivy2/jars/org.mongodb_mongodb-driver-core-4.0.5.jar to /tmp/spark-2e5273ad-a7e3-4d5b-9278-2a3bf02c8565/userFiles-c1c3e690-962b-4812-955a-4cd0fdd75f7a/org.mongodb_mongodb-driver-core-4.0.5.jar
[2023-01-30T17:23:01.509+0000] {spark_submit.py:495} INFO - 23/01/30 17:23:01 INFO Executor: Starting executor ID driver on host 15c99fd3082a
[2023-01-30T17:23:01.514+0000] {spark_submit.py:495} INFO - 23/01/30 17:23:01 INFO Executor: Starting executor with user classpath (userClassPathFirst = false): ''
[2023-01-30T17:23:01.522+0000] {spark_submit.py:495} INFO - 23/01/30 17:23:01 INFO Executor: Fetching file:///home/***/.ivy2/jars/org.apache.spark_spark-token-provider-kafka-0-10_2.12-3.1.3.jar with timestamp 1675099380804
[2023-01-30T17:23:01.542+0000] {spark_submit.py:495} INFO - 23/01/30 17:23:01 INFO Utils: /home/***/.ivy2/jars/org.apache.spark_spark-token-provider-kafka-0-10_2.12-3.1.3.jar has been previously copied to /tmp/spark-2e5273ad-a7e3-4d5b-9278-2a3bf02c8565/userFiles-c1c3e690-962b-4812-955a-4cd0fdd75f7a/org.apache.spark_spark-token-provider-kafka-0-10_2.12-3.1.3.jar
[2023-01-30T17:23:01.553+0000] {spark_submit.py:495} INFO - 23/01/30 17:23:01 INFO Executor: Fetching file:///home/***/.ivy2/jars/org.mongodb_mongodb-driver-sync-4.0.5.jar with timestamp 1675099380804
[2023-01-30T17:23:01.555+0000] {spark_submit.py:495} INFO - 23/01/30 17:23:01 INFO Utils: /home/***/.ivy2/jars/org.mongodb_mongodb-driver-sync-4.0.5.jar has been previously copied to /tmp/spark-2e5273ad-a7e3-4d5b-9278-2a3bf02c8565/userFiles-c1c3e690-962b-4812-955a-4cd0fdd75f7a/org.mongodb_mongodb-driver-sync-4.0.5.jar
[2023-01-30T17:23:01.558+0000] {spark_submit.py:495} INFO - 23/01/30 17:23:01 INFO Executor: Fetching file:///home/***/.ivy2/jars/org.apache.kafka_kafka-clients-2.6.0.jar with timestamp 1675099380804
[2023-01-30T17:23:01.567+0000] {spark_submit.py:495} INFO - 23/01/30 17:23:01 INFO Utils: /home/***/.ivy2/jars/org.apache.kafka_kafka-clients-2.6.0.jar has been previously copied to /tmp/spark-2e5273ad-a7e3-4d5b-9278-2a3bf02c8565/userFiles-c1c3e690-962b-4812-955a-4cd0fdd75f7a/org.apache.kafka_kafka-clients-2.6.0.jar
[2023-01-30T17:23:01.571+0000] {spark_submit.py:495} INFO - 23/01/30 17:23:01 INFO Executor: Fetching file:///home/***/.ivy2/jars/org.mongodb_bson-4.0.5.jar with timestamp 1675099380804
[2023-01-30T17:23:01.572+0000] {spark_submit.py:495} INFO - 23/01/30 17:23:01 INFO Utils: /home/***/.ivy2/jars/org.mongodb_bson-4.0.5.jar has been previously copied to /tmp/spark-2e5273ad-a7e3-4d5b-9278-2a3bf02c8565/userFiles-c1c3e690-962b-4812-955a-4cd0fdd75f7a/org.mongodb_bson-4.0.5.jar
[2023-01-30T17:23:01.574+0000] {spark_submit.py:495} INFO - 23/01/30 17:23:01 INFO Executor: Fetching file:///home/***/.ivy2/jars/com.github.luben_zstd-jni-1.4.8-1.jar with timestamp 1675099380804
[2023-01-30T17:23:01.579+0000] {spark_submit.py:495} INFO - 23/01/30 17:23:01 INFO Utils: /home/***/.ivy2/jars/com.github.luben_zstd-jni-1.4.8-1.jar has been previously copied to /tmp/spark-2e5273ad-a7e3-4d5b-9278-2a3bf02c8565/userFiles-c1c3e690-962b-4812-955a-4cd0fdd75f7a/com.github.luben_zstd-jni-1.4.8-1.jar
[2023-01-30T17:23:01.582+0000] {spark_submit.py:495} INFO - 23/01/30 17:23:01 INFO Executor: Fetching file:///home/***/.ivy2/jars/org.lz4_lz4-java-1.7.1.jar with timestamp 1675099380804
[2023-01-30T17:23:01.583+0000] {spark_submit.py:495} INFO - 23/01/30 17:23:01 INFO Utils: /home/***/.ivy2/jars/org.lz4_lz4-java-1.7.1.jar has been previously copied to /tmp/spark-2e5273ad-a7e3-4d5b-9278-2a3bf02c8565/userFiles-c1c3e690-962b-4812-955a-4cd0fdd75f7a/org.lz4_lz4-java-1.7.1.jar
[2023-01-30T17:23:01.586+0000] {spark_submit.py:495} INFO - 23/01/30 17:23:01 INFO Executor: Fetching file:///home/***/.ivy2/jars/org.spark-project.spark_unused-1.0.0.jar with timestamp 1675099380804
[2023-01-30T17:23:01.588+0000] {spark_submit.py:495} INFO - 23/01/30 17:23:01 INFO Utils: /home/***/.ivy2/jars/org.spark-project.spark_unused-1.0.0.jar has been previously copied to /tmp/spark-2e5273ad-a7e3-4d5b-9278-2a3bf02c8565/userFiles-c1c3e690-962b-4812-955a-4cd0fdd75f7a/org.spark-project.spark_unused-1.0.0.jar
[2023-01-30T17:23:01.590+0000] {spark_submit.py:495} INFO - 23/01/30 17:23:01 INFO Executor: Fetching file:///home/***/.ivy2/jars/org.xerial.snappy_snappy-java-1.1.8.2.jar with timestamp 1675099380804
[2023-01-30T17:23:01.592+0000] {spark_submit.py:495} INFO - 23/01/30 17:23:01 INFO Utils: /home/***/.ivy2/jars/org.xerial.snappy_snappy-java-1.1.8.2.jar has been previously copied to /tmp/spark-2e5273ad-a7e3-4d5b-9278-2a3bf02c8565/userFiles-c1c3e690-962b-4812-955a-4cd0fdd75f7a/org.xerial.snappy_snappy-java-1.1.8.2.jar
[2023-01-30T17:23:01.595+0000] {spark_submit.py:495} INFO - 23/01/30 17:23:01 INFO Executor: Fetching file:///home/***/.ivy2/jars/org.mongodb_mongodb-driver-core-4.0.5.jar with timestamp 1675099380804
[2023-01-30T17:23:01.597+0000] {spark_submit.py:495} INFO - 23/01/30 17:23:01 INFO Utils: /home/***/.ivy2/jars/org.mongodb_mongodb-driver-core-4.0.5.jar has been previously copied to /tmp/spark-2e5273ad-a7e3-4d5b-9278-2a3bf02c8565/userFiles-c1c3e690-962b-4812-955a-4cd0fdd75f7a/org.mongodb_mongodb-driver-core-4.0.5.jar
[2023-01-30T17:23:01.599+0000] {spark_submit.py:495} INFO - 23/01/30 17:23:01 INFO Executor: Fetching file:///home/***/.ivy2/jars/org.apache.spark_spark-sql-kafka-0-10_2.12-3.1.3.jar with timestamp 1675099380804
[2023-01-30T17:23:01.600+0000] {spark_submit.py:495} INFO - 23/01/30 17:23:01 INFO Utils: /home/***/.ivy2/jars/org.apache.spark_spark-sql-kafka-0-10_2.12-3.1.3.jar has been previously copied to /tmp/spark-2e5273ad-a7e3-4d5b-9278-2a3bf02c8565/userFiles-c1c3e690-962b-4812-955a-4cd0fdd75f7a/org.apache.spark_spark-sql-kafka-0-10_2.12-3.1.3.jar
[2023-01-30T17:23:01.604+0000] {spark_submit.py:495} INFO - 23/01/30 17:23:01 INFO Executor: Fetching file:///home/***/.ivy2/jars/org.mongodb.spark_mongo-spark-connector_2.12-3.0.1.jar with timestamp 1675099380804
[2023-01-30T17:23:01.605+0000] {spark_submit.py:495} INFO - 23/01/30 17:23:01 INFO Utils: /home/***/.ivy2/jars/org.mongodb.spark_mongo-spark-connector_2.12-3.0.1.jar has been previously copied to /tmp/spark-2e5273ad-a7e3-4d5b-9278-2a3bf02c8565/userFiles-c1c3e690-962b-4812-955a-4cd0fdd75f7a/org.mongodb.spark_mongo-spark-connector_2.12-3.0.1.jar
[2023-01-30T17:23:01.607+0000] {spark_submit.py:495} INFO - 23/01/30 17:23:01 INFO Executor: Fetching file:///home/***/.ivy2/jars/org.apache.commons_commons-pool2-2.6.2.jar with timestamp 1675099380804
[2023-01-30T17:23:01.607+0000] {spark_submit.py:495} INFO - 23/01/30 17:23:01 INFO Utils: /home/***/.ivy2/jars/org.apache.commons_commons-pool2-2.6.2.jar has been previously copied to /tmp/spark-2e5273ad-a7e3-4d5b-9278-2a3bf02c8565/userFiles-c1c3e690-962b-4812-955a-4cd0fdd75f7a/org.apache.commons_commons-pool2-2.6.2.jar
[2023-01-30T17:23:01.610+0000] {spark_submit.py:495} INFO - 23/01/30 17:23:01 INFO Executor: Fetching file:///home/***/.ivy2/jars/org.slf4j_slf4j-api-1.7.30.jar with timestamp 1675099380804
[2023-01-30T17:23:01.610+0000] {spark_submit.py:495} INFO - 23/01/30 17:23:01 INFO Utils: /home/***/.ivy2/jars/org.slf4j_slf4j-api-1.7.30.jar has been previously copied to /tmp/spark-2e5273ad-a7e3-4d5b-9278-2a3bf02c8565/userFiles-c1c3e690-962b-4812-955a-4cd0fdd75f7a/org.slf4j_slf4j-api-1.7.30.jar
[2023-01-30T17:23:01.616+0000] {spark_submit.py:495} INFO - 23/01/30 17:23:01 INFO Executor: Fetching spark://15c99fd3082a:40761/jars/org.apache.spark_spark-token-provider-kafka-0-10_2.12-3.1.3.jar with timestamp 1675099380804
[2023-01-30T17:23:01.655+0000] {spark_submit.py:495} INFO - 23/01/30 17:23:01 INFO TransportClientFactory: Successfully created connection to 15c99fd3082a/172.20.0.7:40761 after 32 ms (0 ms spent in bootstraps)
[2023-01-30T17:23:01.659+0000] {spark_submit.py:495} INFO - 23/01/30 17:23:01 INFO Utils: Fetching spark://15c99fd3082a:40761/jars/org.apache.spark_spark-token-provider-kafka-0-10_2.12-3.1.3.jar to /tmp/spark-2e5273ad-a7e3-4d5b-9278-2a3bf02c8565/userFiles-c1c3e690-962b-4812-955a-4cd0fdd75f7a/fetchFileTemp10011110195671602615.tmp
[2023-01-30T17:23:01.684+0000] {spark_submit.py:495} INFO - 23/01/30 17:23:01 INFO Utils: /tmp/spark-2e5273ad-a7e3-4d5b-9278-2a3bf02c8565/userFiles-c1c3e690-962b-4812-955a-4cd0fdd75f7a/fetchFileTemp10011110195671602615.tmp has been previously copied to /tmp/spark-2e5273ad-a7e3-4d5b-9278-2a3bf02c8565/userFiles-c1c3e690-962b-4812-955a-4cd0fdd75f7a/org.apache.spark_spark-token-provider-kafka-0-10_2.12-3.1.3.jar
[2023-01-30T17:23:01.687+0000] {spark_submit.py:495} INFO - 23/01/30 17:23:01 INFO Executor: Adding file:/tmp/spark-2e5273ad-a7e3-4d5b-9278-2a3bf02c8565/userFiles-c1c3e690-962b-4812-955a-4cd0fdd75f7a/org.apache.spark_spark-token-provider-kafka-0-10_2.12-3.1.3.jar to class loader
[2023-01-30T17:23:01.688+0000] {spark_submit.py:495} INFO - 23/01/30 17:23:01 INFO Executor: Fetching spark://15c99fd3082a:40761/jars/org.apache.spark_spark-sql-kafka-0-10_2.12-3.1.3.jar with timestamp 1675099380804
[2023-01-30T17:23:01.688+0000] {spark_submit.py:495} INFO - 23/01/30 17:23:01 INFO Utils: Fetching spark://15c99fd3082a:40761/jars/org.apache.spark_spark-sql-kafka-0-10_2.12-3.1.3.jar to /tmp/spark-2e5273ad-a7e3-4d5b-9278-2a3bf02c8565/userFiles-c1c3e690-962b-4812-955a-4cd0fdd75f7a/fetchFileTemp15413792423053875051.tmp
[2023-01-30T17:23:01.691+0000] {spark_submit.py:495} INFO - 23/01/30 17:23:01 INFO Utils: /tmp/spark-2e5273ad-a7e3-4d5b-9278-2a3bf02c8565/userFiles-c1c3e690-962b-4812-955a-4cd0fdd75f7a/fetchFileTemp15413792423053875051.tmp has been previously copied to /tmp/spark-2e5273ad-a7e3-4d5b-9278-2a3bf02c8565/userFiles-c1c3e690-962b-4812-955a-4cd0fdd75f7a/org.apache.spark_spark-sql-kafka-0-10_2.12-3.1.3.jar
[2023-01-30T17:23:01.694+0000] {spark_submit.py:495} INFO - 23/01/30 17:23:01 INFO Executor: Adding file:/tmp/spark-2e5273ad-a7e3-4d5b-9278-2a3bf02c8565/userFiles-c1c3e690-962b-4812-955a-4cd0fdd75f7a/org.apache.spark_spark-sql-kafka-0-10_2.12-3.1.3.jar to class loader
[2023-01-30T17:23:01.694+0000] {spark_submit.py:495} INFO - 23/01/30 17:23:01 INFO Executor: Fetching spark://15c99fd3082a:40761/jars/org.mongodb_bson-4.0.5.jar with timestamp 1675099380804
[2023-01-30T17:23:01.694+0000] {spark_submit.py:495} INFO - 23/01/30 17:23:01 INFO Utils: Fetching spark://15c99fd3082a:40761/jars/org.mongodb_bson-4.0.5.jar to /tmp/spark-2e5273ad-a7e3-4d5b-9278-2a3bf02c8565/userFiles-c1c3e690-962b-4812-955a-4cd0fdd75f7a/fetchFileTemp17878302946142769770.tmp
[2023-01-30T17:23:01.699+0000] {spark_submit.py:495} INFO - 23/01/30 17:23:01 INFO Utils: /tmp/spark-2e5273ad-a7e3-4d5b-9278-2a3bf02c8565/userFiles-c1c3e690-962b-4812-955a-4cd0fdd75f7a/fetchFileTemp17878302946142769770.tmp has been previously copied to /tmp/spark-2e5273ad-a7e3-4d5b-9278-2a3bf02c8565/userFiles-c1c3e690-962b-4812-955a-4cd0fdd75f7a/org.mongodb_bson-4.0.5.jar
[2023-01-30T17:23:01.703+0000] {spark_submit.py:495} INFO - 23/01/30 17:23:01 INFO Executor: Adding file:/tmp/spark-2e5273ad-a7e3-4d5b-9278-2a3bf02c8565/userFiles-c1c3e690-962b-4812-955a-4cd0fdd75f7a/org.mongodb_bson-4.0.5.jar to class loader
[2023-01-30T17:23:01.703+0000] {spark_submit.py:495} INFO - 23/01/30 17:23:01 INFO Executor: Fetching spark://15c99fd3082a:40761/jars/org.mongodb_mongodb-driver-sync-4.0.5.jar with timestamp 1675099380804
[2023-01-30T17:23:01.704+0000] {spark_submit.py:495} INFO - 23/01/30 17:23:01 INFO Utils: Fetching spark://15c99fd3082a:40761/jars/org.mongodb_mongodb-driver-sync-4.0.5.jar to /tmp/spark-2e5273ad-a7e3-4d5b-9278-2a3bf02c8565/userFiles-c1c3e690-962b-4812-955a-4cd0fdd75f7a/fetchFileTemp4998758642608713826.tmp
[2023-01-30T17:23:01.707+0000] {spark_submit.py:495} INFO - 23/01/30 17:23:01 INFO Utils: /tmp/spark-2e5273ad-a7e3-4d5b-9278-2a3bf02c8565/userFiles-c1c3e690-962b-4812-955a-4cd0fdd75f7a/fetchFileTemp4998758642608713826.tmp has been previously copied to /tmp/spark-2e5273ad-a7e3-4d5b-9278-2a3bf02c8565/userFiles-c1c3e690-962b-4812-955a-4cd0fdd75f7a/org.mongodb_mongodb-driver-sync-4.0.5.jar
[2023-01-30T17:23:01.708+0000] {spark_submit.py:495} INFO - 23/01/30 17:23:01 INFO Executor: Adding file:/tmp/spark-2e5273ad-a7e3-4d5b-9278-2a3bf02c8565/userFiles-c1c3e690-962b-4812-955a-4cd0fdd75f7a/org.mongodb_mongodb-driver-sync-4.0.5.jar to class loader
[2023-01-30T17:23:01.708+0000] {spark_submit.py:495} INFO - 23/01/30 17:23:01 INFO Executor: Fetching spark://15c99fd3082a:40761/jars/org.lz4_lz4-java-1.7.1.jar with timestamp 1675099380804
[2023-01-30T17:23:01.709+0000] {spark_submit.py:495} INFO - 23/01/30 17:23:01 INFO Utils: Fetching spark://15c99fd3082a:40761/jars/org.lz4_lz4-java-1.7.1.jar to /tmp/spark-2e5273ad-a7e3-4d5b-9278-2a3bf02c8565/userFiles-c1c3e690-962b-4812-955a-4cd0fdd75f7a/fetchFileTemp14512805969731168310.tmp
[2023-01-30T17:23:01.712+0000] {spark_submit.py:495} INFO - 23/01/30 17:23:01 INFO Utils: /tmp/spark-2e5273ad-a7e3-4d5b-9278-2a3bf02c8565/userFiles-c1c3e690-962b-4812-955a-4cd0fdd75f7a/fetchFileTemp14512805969731168310.tmp has been previously copied to /tmp/spark-2e5273ad-a7e3-4d5b-9278-2a3bf02c8565/userFiles-c1c3e690-962b-4812-955a-4cd0fdd75f7a/org.lz4_lz4-java-1.7.1.jar
[2023-01-30T17:23:01.716+0000] {spark_submit.py:495} INFO - 23/01/30 17:23:01 INFO Executor: Adding file:/tmp/spark-2e5273ad-a7e3-4d5b-9278-2a3bf02c8565/userFiles-c1c3e690-962b-4812-955a-4cd0fdd75f7a/org.lz4_lz4-java-1.7.1.jar to class loader
[2023-01-30T17:23:01.716+0000] {spark_submit.py:495} INFO - 23/01/30 17:23:01 INFO Executor: Fetching spark://15c99fd3082a:40761/jars/org.slf4j_slf4j-api-1.7.30.jar with timestamp 1675099380804
[2023-01-30T17:23:01.716+0000] {spark_submit.py:495} INFO - 23/01/30 17:23:01 INFO Utils: Fetching spark://15c99fd3082a:40761/jars/org.slf4j_slf4j-api-1.7.30.jar to /tmp/spark-2e5273ad-a7e3-4d5b-9278-2a3bf02c8565/userFiles-c1c3e690-962b-4812-955a-4cd0fdd75f7a/fetchFileTemp2935533995334372001.tmp
[2023-01-30T17:23:01.718+0000] {spark_submit.py:495} INFO - 23/01/30 17:23:01 INFO Utils: /tmp/spark-2e5273ad-a7e3-4d5b-9278-2a3bf02c8565/userFiles-c1c3e690-962b-4812-955a-4cd0fdd75f7a/fetchFileTemp2935533995334372001.tmp has been previously copied to /tmp/spark-2e5273ad-a7e3-4d5b-9278-2a3bf02c8565/userFiles-c1c3e690-962b-4812-955a-4cd0fdd75f7a/org.slf4j_slf4j-api-1.7.30.jar
[2023-01-30T17:23:01.721+0000] {spark_submit.py:495} INFO - 23/01/30 17:23:01 INFO Executor: Adding file:/tmp/spark-2e5273ad-a7e3-4d5b-9278-2a3bf02c8565/userFiles-c1c3e690-962b-4812-955a-4cd0fdd75f7a/org.slf4j_slf4j-api-1.7.30.jar to class loader
[2023-01-30T17:23:01.721+0000] {spark_submit.py:495} INFO - 23/01/30 17:23:01 INFO Executor: Fetching spark://15c99fd3082a:40761/jars/org.apache.kafka_kafka-clients-2.6.0.jar with timestamp 1675099380804
[2023-01-30T17:23:01.722+0000] {spark_submit.py:495} INFO - 23/01/30 17:23:01 INFO Utils: Fetching spark://15c99fd3082a:40761/jars/org.apache.kafka_kafka-clients-2.6.0.jar to /tmp/spark-2e5273ad-a7e3-4d5b-9278-2a3bf02c8565/userFiles-c1c3e690-962b-4812-955a-4cd0fdd75f7a/fetchFileTemp4891756355310807368.tmp
[2023-01-30T17:23:01.734+0000] {spark_submit.py:495} INFO - 23/01/30 17:23:01 INFO Utils: /tmp/spark-2e5273ad-a7e3-4d5b-9278-2a3bf02c8565/userFiles-c1c3e690-962b-4812-955a-4cd0fdd75f7a/fetchFileTemp4891756355310807368.tmp has been previously copied to /tmp/spark-2e5273ad-a7e3-4d5b-9278-2a3bf02c8565/userFiles-c1c3e690-962b-4812-955a-4cd0fdd75f7a/org.apache.kafka_kafka-clients-2.6.0.jar
[2023-01-30T17:23:01.742+0000] {spark_submit.py:495} INFO - 23/01/30 17:23:01 INFO Executor: Adding file:/tmp/spark-2e5273ad-a7e3-4d5b-9278-2a3bf02c8565/userFiles-c1c3e690-962b-4812-955a-4cd0fdd75f7a/org.apache.kafka_kafka-clients-2.6.0.jar to class loader
[2023-01-30T17:23:01.742+0000] {spark_submit.py:495} INFO - 23/01/30 17:23:01 INFO Executor: Fetching spark://15c99fd3082a:40761/jars/org.apache.commons_commons-pool2-2.6.2.jar with timestamp 1675099380804
[2023-01-30T17:23:01.743+0000] {spark_submit.py:495} INFO - 23/01/30 17:23:01 INFO Utils: Fetching spark://15c99fd3082a:40761/jars/org.apache.commons_commons-pool2-2.6.2.jar to /tmp/spark-2e5273ad-a7e3-4d5b-9278-2a3bf02c8565/userFiles-c1c3e690-962b-4812-955a-4cd0fdd75f7a/fetchFileTemp1561954599963677021.tmp
[2023-01-30T17:23:01.744+0000] {spark_submit.py:495} INFO - 23/01/30 17:23:01 INFO Utils: /tmp/spark-2e5273ad-a7e3-4d5b-9278-2a3bf02c8565/userFiles-c1c3e690-962b-4812-955a-4cd0fdd75f7a/fetchFileTemp1561954599963677021.tmp has been previously copied to /tmp/spark-2e5273ad-a7e3-4d5b-9278-2a3bf02c8565/userFiles-c1c3e690-962b-4812-955a-4cd0fdd75f7a/org.apache.commons_commons-pool2-2.6.2.jar
[2023-01-30T17:23:01.747+0000] {spark_submit.py:495} INFO - 23/01/30 17:23:01 INFO Executor: Adding file:/tmp/spark-2e5273ad-a7e3-4d5b-9278-2a3bf02c8565/userFiles-c1c3e690-962b-4812-955a-4cd0fdd75f7a/org.apache.commons_commons-pool2-2.6.2.jar to class loader
[2023-01-30T17:23:01.747+0000] {spark_submit.py:495} INFO - 23/01/30 17:23:01 INFO Executor: Fetching spark://15c99fd3082a:40761/jars/org.mongodb.spark_mongo-spark-connector_2.12-3.0.1.jar with timestamp 1675099380804
[2023-01-30T17:23:01.748+0000] {spark_submit.py:495} INFO - 23/01/30 17:23:01 INFO Utils: Fetching spark://15c99fd3082a:40761/jars/org.mongodb.spark_mongo-spark-connector_2.12-3.0.1.jar to /tmp/spark-2e5273ad-a7e3-4d5b-9278-2a3bf02c8565/userFiles-c1c3e690-962b-4812-955a-4cd0fdd75f7a/fetchFileTemp14184289036754181919.tmp
[2023-01-30T17:23:01.750+0000] {spark_submit.py:495} INFO - 23/01/30 17:23:01 INFO Utils: /tmp/spark-2e5273ad-a7e3-4d5b-9278-2a3bf02c8565/userFiles-c1c3e690-962b-4812-955a-4cd0fdd75f7a/fetchFileTemp14184289036754181919.tmp has been previously copied to /tmp/spark-2e5273ad-a7e3-4d5b-9278-2a3bf02c8565/userFiles-c1c3e690-962b-4812-955a-4cd0fdd75f7a/org.mongodb.spark_mongo-spark-connector_2.12-3.0.1.jar
[2023-01-30T17:23:01.753+0000] {spark_submit.py:495} INFO - 23/01/30 17:23:01 INFO Executor: Adding file:/tmp/spark-2e5273ad-a7e3-4d5b-9278-2a3bf02c8565/userFiles-c1c3e690-962b-4812-955a-4cd0fdd75f7a/org.mongodb.spark_mongo-spark-connector_2.12-3.0.1.jar to class loader
[2023-01-30T17:23:01.753+0000] {spark_submit.py:495} INFO - 23/01/30 17:23:01 INFO Executor: Fetching spark://15c99fd3082a:40761/jars/org.xerial.snappy_snappy-java-1.1.8.2.jar with timestamp 1675099380804
[2023-01-30T17:23:01.754+0000] {spark_submit.py:495} INFO - 23/01/30 17:23:01 INFO Utils: Fetching spark://15c99fd3082a:40761/jars/org.xerial.snappy_snappy-java-1.1.8.2.jar to /tmp/spark-2e5273ad-a7e3-4d5b-9278-2a3bf02c8565/userFiles-c1c3e690-962b-4812-955a-4cd0fdd75f7a/fetchFileTemp234088320018407416.tmp
[2023-01-30T17:23:01.759+0000] {spark_submit.py:495} INFO - 23/01/30 17:23:01 INFO Utils: /tmp/spark-2e5273ad-a7e3-4d5b-9278-2a3bf02c8565/userFiles-c1c3e690-962b-4812-955a-4cd0fdd75f7a/fetchFileTemp234088320018407416.tmp has been previously copied to /tmp/spark-2e5273ad-a7e3-4d5b-9278-2a3bf02c8565/userFiles-c1c3e690-962b-4812-955a-4cd0fdd75f7a/org.xerial.snappy_snappy-java-1.1.8.2.jar
[2023-01-30T17:23:01.765+0000] {spark_submit.py:495} INFO - 23/01/30 17:23:01 INFO Executor: Adding file:/tmp/spark-2e5273ad-a7e3-4d5b-9278-2a3bf02c8565/userFiles-c1c3e690-962b-4812-955a-4cd0fdd75f7a/org.xerial.snappy_snappy-java-1.1.8.2.jar to class loader
[2023-01-30T17:23:01.766+0000] {spark_submit.py:495} INFO - 23/01/30 17:23:01 INFO Executor: Fetching spark://15c99fd3082a:40761/jars/org.mongodb_mongodb-driver-core-4.0.5.jar with timestamp 1675099380804
[2023-01-30T17:23:01.766+0000] {spark_submit.py:495} INFO - 23/01/30 17:23:01 INFO Utils: Fetching spark://15c99fd3082a:40761/jars/org.mongodb_mongodb-driver-core-4.0.5.jar to /tmp/spark-2e5273ad-a7e3-4d5b-9278-2a3bf02c8565/userFiles-c1c3e690-962b-4812-955a-4cd0fdd75f7a/fetchFileTemp8517806647487739473.tmp
[2023-01-30T17:23:01.775+0000] {spark_submit.py:495} INFO - 23/01/30 17:23:01 INFO Utils: /tmp/spark-2e5273ad-a7e3-4d5b-9278-2a3bf02c8565/userFiles-c1c3e690-962b-4812-955a-4cd0fdd75f7a/fetchFileTemp8517806647487739473.tmp has been previously copied to /tmp/spark-2e5273ad-a7e3-4d5b-9278-2a3bf02c8565/userFiles-c1c3e690-962b-4812-955a-4cd0fdd75f7a/org.mongodb_mongodb-driver-core-4.0.5.jar
[2023-01-30T17:23:01.780+0000] {spark_submit.py:495} INFO - 23/01/30 17:23:01 INFO Executor: Adding file:/tmp/spark-2e5273ad-a7e3-4d5b-9278-2a3bf02c8565/userFiles-c1c3e690-962b-4812-955a-4cd0fdd75f7a/org.mongodb_mongodb-driver-core-4.0.5.jar to class loader
[2023-01-30T17:23:01.780+0000] {spark_submit.py:495} INFO - 23/01/30 17:23:01 INFO Executor: Fetching spark://15c99fd3082a:40761/jars/com.github.luben_zstd-jni-1.4.8-1.jar with timestamp 1675099380804
[2023-01-30T17:23:01.780+0000] {spark_submit.py:495} INFO - 23/01/30 17:23:01 INFO Utils: Fetching spark://15c99fd3082a:40761/jars/com.github.luben_zstd-jni-1.4.8-1.jar to /tmp/spark-2e5273ad-a7e3-4d5b-9278-2a3bf02c8565/userFiles-c1c3e690-962b-4812-955a-4cd0fdd75f7a/fetchFileTemp17416477950656768464.tmp
[2023-01-30T17:23:01.796+0000] {spark_submit.py:495} INFO - 23/01/30 17:23:01 INFO Utils: /tmp/spark-2e5273ad-a7e3-4d5b-9278-2a3bf02c8565/userFiles-c1c3e690-962b-4812-955a-4cd0fdd75f7a/fetchFileTemp17416477950656768464.tmp has been previously copied to /tmp/spark-2e5273ad-a7e3-4d5b-9278-2a3bf02c8565/userFiles-c1c3e690-962b-4812-955a-4cd0fdd75f7a/com.github.luben_zstd-jni-1.4.8-1.jar
[2023-01-30T17:23:01.807+0000] {spark_submit.py:495} INFO - 23/01/30 17:23:01 INFO Executor: Adding file:/tmp/spark-2e5273ad-a7e3-4d5b-9278-2a3bf02c8565/userFiles-c1c3e690-962b-4812-955a-4cd0fdd75f7a/com.github.luben_zstd-jni-1.4.8-1.jar to class loader
[2023-01-30T17:23:01.807+0000] {spark_submit.py:495} INFO - 23/01/30 17:23:01 INFO Executor: Fetching spark://15c99fd3082a:40761/jars/org.spark-project.spark_unused-1.0.0.jar with timestamp 1675099380804
[2023-01-30T17:23:01.807+0000] {spark_submit.py:495} INFO - 23/01/30 17:23:01 INFO Utils: Fetching spark://15c99fd3082a:40761/jars/org.spark-project.spark_unused-1.0.0.jar to /tmp/spark-2e5273ad-a7e3-4d5b-9278-2a3bf02c8565/userFiles-c1c3e690-962b-4812-955a-4cd0fdd75f7a/fetchFileTemp9103226437045483362.tmp
[2023-01-30T17:23:01.809+0000] {spark_submit.py:495} INFO - 23/01/30 17:23:01 INFO Utils: /tmp/spark-2e5273ad-a7e3-4d5b-9278-2a3bf02c8565/userFiles-c1c3e690-962b-4812-955a-4cd0fdd75f7a/fetchFileTemp9103226437045483362.tmp has been previously copied to /tmp/spark-2e5273ad-a7e3-4d5b-9278-2a3bf02c8565/userFiles-c1c3e690-962b-4812-955a-4cd0fdd75f7a/org.spark-project.spark_unused-1.0.0.jar
[2023-01-30T17:23:01.812+0000] {spark_submit.py:495} INFO - 23/01/30 17:23:01 INFO Executor: Adding file:/tmp/spark-2e5273ad-a7e3-4d5b-9278-2a3bf02c8565/userFiles-c1c3e690-962b-4812-955a-4cd0fdd75f7a/org.spark-project.spark_unused-1.0.0.jar to class loader
[2023-01-30T17:23:01.817+0000] {spark_submit.py:495} INFO - 23/01/30 17:23:01 INFO Utils: Successfully started service 'org.apache.spark.network.netty.NettyBlockTransferService' on port 45177.
[2023-01-30T17:23:01.817+0000] {spark_submit.py:495} INFO - 23/01/30 17:23:01 INFO NettyBlockTransferService: Server created on 15c99fd3082a:45177
[2023-01-30T17:23:01.818+0000] {spark_submit.py:495} INFO - 23/01/30 17:23:01 INFO BlockManager: Using org.apache.spark.storage.RandomBlockReplicationPolicy for block replication policy
[2023-01-30T17:23:01.822+0000] {spark_submit.py:495} INFO - 23/01/30 17:23:01 INFO BlockManagerMaster: Registering BlockManager BlockManagerId(driver, 15c99fd3082a, 45177, None)
[2023-01-30T17:23:01.825+0000] {spark_submit.py:495} INFO - 23/01/30 17:23:01 INFO BlockManagerMasterEndpoint: Registering block manager 15c99fd3082a:45177 with 434.4 MiB RAM, BlockManagerId(driver, 15c99fd3082a, 45177, None)
[2023-01-30T17:23:01.827+0000] {spark_submit.py:495} INFO - 23/01/30 17:23:01 INFO BlockManagerMaster: Registered BlockManager BlockManagerId(driver, 15c99fd3082a, 45177, None)
[2023-01-30T17:23:01.827+0000] {spark_submit.py:495} INFO - 23/01/30 17:23:01 INFO BlockManager: Initialized BlockManager: BlockManagerId(driver, 15c99fd3082a, 45177, None)
[2023-01-30T17:23:04.992+0000] {spark_submit.py:495} INFO - 2023-01-30 17:23:04,991 - py4j.java_gateway - INFO - Callback Server Starting
[2023-01-30T17:23:04.998+0000] {spark_submit.py:495} INFO - 2023-01-30 17:23:04,997 - py4j.java_gateway - INFO - Socket listening on ('127.0.0.1', 43215)
[2023-01-30T17:37:21.916+0000] {local_task_job.py:207} WARNING - Recorded pid 8251 does not match the current pid 7129
[2023-01-30T17:37:21.918+0000] {process_utils.py:133} INFO - Sending Signals.SIGTERM to group 7129. PIDs of all processes in the group: [7130, 7195, 7129]
[2023-01-30T17:37:21.918+0000] {process_utils.py:84} INFO - Sending the signal Signals.SIGTERM to group 7129
[2023-01-30T17:37:21.918+0000] {taskinstance.py:1483} ERROR - Received SIGTERM. Terminating subprocesses.
[2023-01-30T17:37:21.918+0000] {spark_submit.py:620} INFO - Sending kill signal to spark-submit
[2023-01-30T17:37:21.928+0000] {taskinstance.py:1772} ERROR - Task failed with exception
Traceback (most recent call last):
  File "/home/airflow/.local/lib/python3.7/site-packages/airflow/providers/apache/spark/operators/spark_submit.py", line 157, in execute
    self._hook.submit(self._application)
  File "/home/airflow/.local/lib/python3.7/site-packages/airflow/providers/apache/spark/hooks/spark_submit.py", line 414, in submit
    self._process_spark_submit_log(iter(self._submit_sp.stdout))  # type: ignore
  File "/home/airflow/.local/lib/python3.7/site-packages/airflow/providers/apache/spark/hooks/spark_submit.py", line 463, in _process_spark_submit_log
    for line in itr:
  File "/home/airflow/.local/lib/python3.7/site-packages/airflow/models/taskinstance.py", line 1485, in signal_handler
    raise AirflowException("Task received SIGTERM signal")
airflow.exceptions.AirflowException: Task received SIGTERM signal
[2023-01-30T17:37:21.932+0000] {taskinstance.py:1327} INFO - Marking task as UP_FOR_RETRY. dag_id=Streaming_pipeline_meli, task_id=consumer_data_of_topic, execution_date=20230127T184927, start_date=20230130T173720, end_date=20230130T173721
[2023-01-30T17:37:21.951+0000] {standard_task_runner.py:105} ERROR - Failed to execute job 1225 for task consumer_data_of_topic (Task received SIGTERM signal; 7129)
[2023-01-30T17:37:22.017+0000] {process_utils.py:79} INFO - Process psutil.Process(pid=7130, status='terminated', started='17:22:55') (7130) terminated with exit code None
[2023-01-30T17:37:22.018+0000] {process_utils.py:79} INFO - Process psutil.Process(pid=7195, status='terminated', started='17:23:00') (7195) terminated with exit code None
[2023-01-30T17:37:22.018+0000] {process_utils.py:79} INFO - Process psutil.Process(pid=7129, status='terminated', exitcode=1, started='17:22:55') (7129) terminated with exit code 1
