[2023-01-30T19:03:37.376+0000] {taskinstance.py:1081} INFO - Dependencies not met for <TaskInstance: Streaming_pipeline_meli.consumer_data_of_topic manual__2023-01-27T18:49:27.597637+00:00 [up_for_retry]>, dependency 'Not In Retry Period' FAILED: Task is not ready for retry yet but will be retried automatically. Current date is 2023-01-30T19:03:37.376204+00:00 and task will be retried at 2023-01-30T19:08:37.171638+00:00.
[2023-01-30T19:03:37.377+0000] {local_task_job.py:98} INFO - Task is not able to be run
[2023-01-30T19:03:58.236+0000] {taskinstance.py:1087} INFO - Dependencies all met for <TaskInstance: Streaming_pipeline_meli.consumer_data_of_topic manual__2023-01-27T18:49:27.597637+00:00 [queued]>
[2023-01-30T19:03:58.245+0000] {taskinstance.py:1087} INFO - Dependencies all met for <TaskInstance: Streaming_pipeline_meli.consumer_data_of_topic manual__2023-01-27T18:49:27.597637+00:00 [queued]>
[2023-01-30T19:03:58.245+0000] {taskinstance.py:1283} INFO - 
--------------------------------------------------------------------------------
[2023-01-30T19:03:58.245+0000] {taskinstance.py:1284} INFO - Starting attempt 80 of 85
[2023-01-30T19:03:58.245+0000] {taskinstance.py:1285} INFO - 
--------------------------------------------------------------------------------
[2023-01-30T19:03:58.256+0000] {taskinstance.py:1304} INFO - Executing <Task(SparkSubmitOperator): consumer_data_of_topic> on 2023-01-27 18:49:27.597637+00:00
[2023-01-30T19:03:58.260+0000] {standard_task_runner.py:55} INFO - Started process 22970 to run task
[2023-01-30T19:03:58.263+0000] {standard_task_runner.py:82} INFO - Running: ['***', 'tasks', 'run', 'Streaming_pipeline_meli', 'consumer_data_of_topic', 'manual__2023-01-27T18:49:27.597637+00:00', '--job-id', '1251', '--raw', '--subdir', 'DAGS_FOLDER/streamPipeline.py', '--cfg-path', '/tmp/tmp6lp_26gx']
[2023-01-30T19:03:58.263+0000] {standard_task_runner.py:83} INFO - Job 1251: Subtask consumer_data_of_topic
[2023-01-30T19:03:58.310+0000] {task_command.py:389} INFO - Running <TaskInstance: Streaming_pipeline_meli.consumer_data_of_topic manual__2023-01-27T18:49:27.597637+00:00 [running]> on host 15c99fd3082a
[2023-01-30T19:03:58.369+0000] {taskinstance.py:1513} INFO - Exporting the following env vars:
AIRFLOW_CTX_DAG_OWNER=***
AIRFLOW_CTX_DAG_ID=Streaming_pipeline_meli
AIRFLOW_CTX_TASK_ID=consumer_data_of_topic
AIRFLOW_CTX_EXECUTION_DATE=2023-01-27T18:49:27.597637+00:00
AIRFLOW_CTX_TRY_NUMBER=80
AIRFLOW_CTX_DAG_RUN_ID=manual__2023-01-27T18:49:27.597637+00:00
[2023-01-30T19:03:58.377+0000] {base.py:73} INFO - Using connection ID 'spark_default' for task execution.
[2023-01-30T19:03:58.378+0000] {spark_submit.py:344} INFO - Spark-Submit cmd: spark-submit --master spark://tomi-H310:7077 --packages org.apache.spark:spark-sql-kafka-0-10_2.12:3.1.3,org.mongodb.spark:mongo-spark-connector_2.12:3.0.1 --name arrow-spark --queue root.default /opt/***/dags/consumerSpark.py
[2023-01-30T19:03:58.501+0000] {spark_submit.py:495} INFO - /home/***/.local/lib/python3.7/site-packages/pyspark/bin/load-spark-env.sh: line 68: ps: command not found
[2023-01-30T19:03:59.841+0000] {spark_submit.py:495} INFO - :: loading settings :: url = jar:file:/home/***/.local/lib/python3.7/site-packages/pyspark/jars/ivy-2.5.0.jar!/org/apache/ivy/core/settings/ivysettings.xml
[2023-01-30T19:03:59.900+0000] {spark_submit.py:495} INFO - Ivy Default Cache set to: /home/***/.ivy2/cache
[2023-01-30T19:03:59.900+0000] {spark_submit.py:495} INFO - The jars for the packages stored in: /home/***/.ivy2/jars
[2023-01-30T19:03:59.905+0000] {spark_submit.py:495} INFO - org.apache.spark#spark-sql-kafka-0-10_2.12 added as a dependency
[2023-01-30T19:03:59.905+0000] {spark_submit.py:495} INFO - org.mongodb.spark#mongo-spark-connector_2.12 added as a dependency
[2023-01-30T19:03:59.906+0000] {spark_submit.py:495} INFO - :: resolving dependencies :: org.apache.spark#spark-submit-parent-900a0f99-bb25-4a8c-950e-2b519b3fbd2a;1.0
[2023-01-30T19:03:59.906+0000] {spark_submit.py:495} INFO - confs: [default]
[2023-01-30T19:04:00.042+0000] {spark_submit.py:495} INFO - found org.apache.spark#spark-sql-kafka-0-10_2.12;3.1.3 in central
[2023-01-30T19:04:00.089+0000] {spark_submit.py:495} INFO - found org.apache.spark#spark-token-provider-kafka-0-10_2.12;3.1.3 in central
[2023-01-30T19:04:00.110+0000] {spark_submit.py:495} INFO - found org.apache.kafka#kafka-clients;2.6.0 in central
[2023-01-30T19:04:00.129+0000] {spark_submit.py:495} INFO - found com.github.luben#zstd-jni;1.4.8-1 in central
[2023-01-30T19:04:00.144+0000] {spark_submit.py:495} INFO - found org.lz4#lz4-java;1.7.1 in central
[2023-01-30T19:04:00.158+0000] {spark_submit.py:495} INFO - found org.xerial.snappy#snappy-java;1.1.8.2 in central
[2023-01-30T19:04:00.170+0000] {spark_submit.py:495} INFO - found org.slf4j#slf4j-api;1.7.30 in central
[2023-01-30T19:04:00.182+0000] {spark_submit.py:495} INFO - found org.spark-project.spark#unused;1.0.0 in central
[2023-01-30T19:04:00.195+0000] {spark_submit.py:495} INFO - found org.apache.commons#commons-pool2;2.6.2 in central
[2023-01-30T19:04:00.208+0000] {spark_submit.py:495} INFO - found org.mongodb.spark#mongo-spark-connector_2.12;3.0.1 in central
[2023-01-30T19:04:00.217+0000] {spark_submit.py:495} INFO - found org.mongodb#mongodb-driver-sync;4.0.5 in central
[2023-01-30T19:04:00.226+0000] {spark_submit.py:495} INFO - found org.mongodb#bson;4.0.5 in central
[2023-01-30T19:04:00.234+0000] {spark_submit.py:495} INFO - found org.mongodb#mongodb-driver-core;4.0.5 in central
[2023-01-30T19:04:00.256+0000] {spark_submit.py:495} INFO - :: resolution report :: resolve 339ms :: artifacts dl 11ms
[2023-01-30T19:04:00.257+0000] {spark_submit.py:495} INFO - :: modules in use:
[2023-01-30T19:04:00.257+0000] {spark_submit.py:495} INFO - com.github.luben#zstd-jni;1.4.8-1 from central in [default]
[2023-01-30T19:04:00.257+0000] {spark_submit.py:495} INFO - org.apache.commons#commons-pool2;2.6.2 from central in [default]
[2023-01-30T19:04:00.257+0000] {spark_submit.py:495} INFO - org.apache.kafka#kafka-clients;2.6.0 from central in [default]
[2023-01-30T19:04:00.258+0000] {spark_submit.py:495} INFO - org.apache.spark#spark-sql-kafka-0-10_2.12;3.1.3 from central in [default]
[2023-01-30T19:04:00.258+0000] {spark_submit.py:495} INFO - org.apache.spark#spark-token-provider-kafka-0-10_2.12;3.1.3 from central in [default]
[2023-01-30T19:04:00.258+0000] {spark_submit.py:495} INFO - org.lz4#lz4-java;1.7.1 from central in [default]
[2023-01-30T19:04:00.258+0000] {spark_submit.py:495} INFO - org.mongodb#bson;4.0.5 from central in [default]
[2023-01-30T19:04:00.259+0000] {spark_submit.py:495} INFO - org.mongodb#mongodb-driver-core;4.0.5 from central in [default]
[2023-01-30T19:04:00.259+0000] {spark_submit.py:495} INFO - org.mongodb#mongodb-driver-sync;4.0.5 from central in [default]
[2023-01-30T19:04:00.259+0000] {spark_submit.py:495} INFO - org.mongodb.spark#mongo-spark-connector_2.12;3.0.1 from central in [default]
[2023-01-30T19:04:00.259+0000] {spark_submit.py:495} INFO - org.slf4j#slf4j-api;1.7.30 from central in [default]
[2023-01-30T19:04:00.259+0000] {spark_submit.py:495} INFO - org.spark-project.spark#unused;1.0.0 from central in [default]
[2023-01-30T19:04:00.260+0000] {spark_submit.py:495} INFO - org.xerial.snappy#snappy-java;1.1.8.2 from central in [default]
[2023-01-30T19:04:00.260+0000] {spark_submit.py:495} INFO - ---------------------------------------------------------------------
[2023-01-30T19:04:00.260+0000] {spark_submit.py:495} INFO - |                  |            modules            ||   artifacts   |
[2023-01-30T19:04:00.260+0000] {spark_submit.py:495} INFO - |       conf       | number| search|dwnlded|evicted|| number|dwnlded|
[2023-01-30T19:04:00.261+0000] {spark_submit.py:495} INFO - ---------------------------------------------------------------------
[2023-01-30T19:04:00.261+0000] {spark_submit.py:495} INFO - |      default     |   13  |   0   |   0   |   0   ||   13  |   0   |
[2023-01-30T19:04:00.261+0000] {spark_submit.py:495} INFO - ---------------------------------------------------------------------
[2023-01-30T19:04:00.267+0000] {spark_submit.py:495} INFO - :: retrieving :: org.apache.spark#spark-submit-parent-900a0f99-bb25-4a8c-950e-2b519b3fbd2a
[2023-01-30T19:04:00.267+0000] {spark_submit.py:495} INFO - confs: [default]
[2023-01-30T19:04:00.274+0000] {spark_submit.py:495} INFO - 0 artifacts copied, 13 already retrieved (0kB/7ms)
[2023-01-30T19:04:00.497+0000] {spark_submit.py:495} INFO - 23/01/30 19:04:00 WARN NativeCodeLoader: Unable to load native-hadoop library for your platform... using builtin-java classes where applicable
[2023-01-30T19:04:01.320+0000] {spark_submit.py:495} INFO - 23/01/30 19:04:01 INFO SparkContext: Running Spark version 3.3.1
[2023-01-30T19:04:01.337+0000] {spark_submit.py:495} INFO - 23/01/30 19:04:01 INFO ResourceUtils: ==============================================================
[2023-01-30T19:04:01.337+0000] {spark_submit.py:495} INFO - 23/01/30 19:04:01 INFO ResourceUtils: No custom resources configured for spark.driver.
[2023-01-30T19:04:01.337+0000] {spark_submit.py:495} INFO - 23/01/30 19:04:01 INFO ResourceUtils: ==============================================================
[2023-01-30T19:04:01.338+0000] {spark_submit.py:495} INFO - 23/01/30 19:04:01 INFO SparkContext: Submitted application: arrow-spark
[2023-01-30T19:04:01.355+0000] {spark_submit.py:495} INFO - 23/01/30 19:04:01 INFO ResourceProfile: Default ResourceProfile created, executor resources: Map(cores -> name: cores, amount: 1, script: , vendor: , memory -> name: memory, amount: 1024, script: , vendor: , offHeap -> name: offHeap, amount: 0, script: , vendor: ), task resources: Map(cpus -> name: cpus, amount: 1.0)
[2023-01-30T19:04:01.366+0000] {spark_submit.py:495} INFO - 23/01/30 19:04:01 INFO ResourceProfile: Limiting resource is cpu
[2023-01-30T19:04:01.367+0000] {spark_submit.py:495} INFO - 23/01/30 19:04:01 INFO ResourceProfileManager: Added ResourceProfile id: 0
[2023-01-30T19:04:01.406+0000] {spark_submit.py:495} INFO - 23/01/30 19:04:01 INFO SecurityManager: Changing view acls to: default
[2023-01-30T19:04:01.406+0000] {spark_submit.py:495} INFO - 23/01/30 19:04:01 INFO SecurityManager: Changing modify acls to: default
[2023-01-30T19:04:01.407+0000] {spark_submit.py:495} INFO - 23/01/30 19:04:01 INFO SecurityManager: Changing view acls groups to:
[2023-01-30T19:04:01.407+0000] {spark_submit.py:495} INFO - 23/01/30 19:04:01 INFO SecurityManager: Changing modify acls groups to:
[2023-01-30T19:04:01.408+0000] {spark_submit.py:495} INFO - 23/01/30 19:04:01 INFO SecurityManager: SecurityManager: authentication disabled; ui acls disabled; users  with view permissions: Set(default); groups with view permissions: Set(); users  with modify permissions: Set(default); groups with modify permissions: Set()
[2023-01-30T19:04:01.610+0000] {spark_submit.py:495} INFO - 23/01/30 19:04:01 INFO Utils: Successfully started service 'sparkDriver' on port 43813.
[2023-01-30T19:04:01.634+0000] {spark_submit.py:495} INFO - 23/01/30 19:04:01 INFO SparkEnv: Registering MapOutputTracker
[2023-01-30T19:04:01.658+0000] {spark_submit.py:495} INFO - 23/01/30 19:04:01 INFO SparkEnv: Registering BlockManagerMaster
[2023-01-30T19:04:01.674+0000] {spark_submit.py:495} INFO - 23/01/30 19:04:01 INFO BlockManagerMasterEndpoint: Using org.apache.spark.storage.DefaultTopologyMapper for getting topology information
[2023-01-30T19:04:01.675+0000] {spark_submit.py:495} INFO - 23/01/30 19:04:01 INFO BlockManagerMasterEndpoint: BlockManagerMasterEndpoint up
[2023-01-30T19:04:01.678+0000] {spark_submit.py:495} INFO - 23/01/30 19:04:01 INFO SparkEnv: Registering BlockManagerMasterHeartbeat
[2023-01-30T19:04:01.695+0000] {spark_submit.py:495} INFO - 23/01/30 19:04:01 INFO DiskBlockManager: Created local directory at /tmp/blockmgr-0d8fa7a1-911c-4fe4-b76c-4726fbf2c241
[2023-01-30T19:04:01.707+0000] {spark_submit.py:495} INFO - 23/01/30 19:04:01 INFO MemoryStore: MemoryStore started with capacity 434.4 MiB
[2023-01-30T19:04:01.719+0000] {spark_submit.py:495} INFO - 23/01/30 19:04:01 INFO SparkEnv: Registering OutputCommitCoordinator
[2023-01-30T19:04:01.872+0000] {spark_submit.py:495} INFO - 23/01/30 19:04:01 INFO Utils: Successfully started service 'SparkUI' on port 4040.
[2023-01-30T19:04:01.899+0000] {spark_submit.py:495} INFO - 23/01/30 19:04:01 INFO SparkContext: Added JAR file:///home/***/.ivy2/jars/org.apache.spark_spark-sql-kafka-0-10_2.12-3.1.3.jar at spark://15c99fd3082a:43813/jars/org.apache.spark_spark-sql-kafka-0-10_2.12-3.1.3.jar with timestamp 1675105441314
[2023-01-30T19:04:01.899+0000] {spark_submit.py:495} INFO - 23/01/30 19:04:01 INFO SparkContext: Added JAR file:///home/***/.ivy2/jars/org.mongodb.spark_mongo-spark-connector_2.12-3.0.1.jar at spark://15c99fd3082a:43813/jars/org.mongodb.spark_mongo-spark-connector_2.12-3.0.1.jar with timestamp 1675105441314
[2023-01-30T19:04:01.900+0000] {spark_submit.py:495} INFO - 23/01/30 19:04:01 INFO SparkContext: Added JAR file:///home/***/.ivy2/jars/org.apache.spark_spark-token-provider-kafka-0-10_2.12-3.1.3.jar at spark://15c99fd3082a:43813/jars/org.apache.spark_spark-token-provider-kafka-0-10_2.12-3.1.3.jar with timestamp 1675105441314
[2023-01-30T19:04:01.900+0000] {spark_submit.py:495} INFO - 23/01/30 19:04:01 INFO SparkContext: Added JAR file:///home/***/.ivy2/jars/org.apache.kafka_kafka-clients-2.6.0.jar at spark://15c99fd3082a:43813/jars/org.apache.kafka_kafka-clients-2.6.0.jar with timestamp 1675105441314
[2023-01-30T19:04:01.900+0000] {spark_submit.py:495} INFO - 23/01/30 19:04:01 INFO SparkContext: Added JAR file:///home/***/.ivy2/jars/org.apache.commons_commons-pool2-2.6.2.jar at spark://15c99fd3082a:43813/jars/org.apache.commons_commons-pool2-2.6.2.jar with timestamp 1675105441314
[2023-01-30T19:04:01.900+0000] {spark_submit.py:495} INFO - 23/01/30 19:04:01 INFO SparkContext: Added JAR file:///home/***/.ivy2/jars/org.spark-project.spark_unused-1.0.0.jar at spark://15c99fd3082a:43813/jars/org.spark-project.spark_unused-1.0.0.jar with timestamp 1675105441314
[2023-01-30T19:04:01.900+0000] {spark_submit.py:495} INFO - 23/01/30 19:04:01 INFO SparkContext: Added JAR file:///home/***/.ivy2/jars/com.github.luben_zstd-jni-1.4.8-1.jar at spark://15c99fd3082a:43813/jars/com.github.luben_zstd-jni-1.4.8-1.jar with timestamp 1675105441314
[2023-01-30T19:04:01.900+0000] {spark_submit.py:495} INFO - 23/01/30 19:04:01 INFO SparkContext: Added JAR file:///home/***/.ivy2/jars/org.lz4_lz4-java-1.7.1.jar at spark://15c99fd3082a:43813/jars/org.lz4_lz4-java-1.7.1.jar with timestamp 1675105441314
[2023-01-30T19:04:01.900+0000] {spark_submit.py:495} INFO - 23/01/30 19:04:01 INFO SparkContext: Added JAR file:///home/***/.ivy2/jars/org.xerial.snappy_snappy-java-1.1.8.2.jar at spark://15c99fd3082a:43813/jars/org.xerial.snappy_snappy-java-1.1.8.2.jar with timestamp 1675105441314
[2023-01-30T19:04:01.900+0000] {spark_submit.py:495} INFO - 23/01/30 19:04:01 INFO SparkContext: Added JAR file:///home/***/.ivy2/jars/org.slf4j_slf4j-api-1.7.30.jar at spark://15c99fd3082a:43813/jars/org.slf4j_slf4j-api-1.7.30.jar with timestamp 1675105441314
[2023-01-30T19:04:01.900+0000] {spark_submit.py:495} INFO - 23/01/30 19:04:01 INFO SparkContext: Added JAR file:///home/***/.ivy2/jars/org.mongodb_mongodb-driver-sync-4.0.5.jar at spark://15c99fd3082a:43813/jars/org.mongodb_mongodb-driver-sync-4.0.5.jar with timestamp 1675105441314
[2023-01-30T19:04:01.901+0000] {spark_submit.py:495} INFO - 23/01/30 19:04:01 INFO SparkContext: Added JAR file:///home/***/.ivy2/jars/org.mongodb_bson-4.0.5.jar at spark://15c99fd3082a:43813/jars/org.mongodb_bson-4.0.5.jar with timestamp 1675105441314
[2023-01-30T19:04:01.901+0000] {spark_submit.py:495} INFO - 23/01/30 19:04:01 INFO SparkContext: Added JAR file:///home/***/.ivy2/jars/org.mongodb_mongodb-driver-core-4.0.5.jar at spark://15c99fd3082a:43813/jars/org.mongodb_mongodb-driver-core-4.0.5.jar with timestamp 1675105441314
[2023-01-30T19:04:01.903+0000] {spark_submit.py:495} INFO - 23/01/30 19:04:01 INFO SparkContext: Added file file:///home/***/.ivy2/jars/org.apache.spark_spark-sql-kafka-0-10_2.12-3.1.3.jar at file:///home/***/.ivy2/jars/org.apache.spark_spark-sql-kafka-0-10_2.12-3.1.3.jar with timestamp 1675105441314
[2023-01-30T19:04:01.904+0000] {spark_submit.py:495} INFO - 23/01/30 19:04:01 INFO Utils: Copying /home/***/.ivy2/jars/org.apache.spark_spark-sql-kafka-0-10_2.12-3.1.3.jar to /tmp/spark-76ef896b-9d6d-427a-b57d-d85f894d31a2/userFiles-a8b6856b-5234-4dc1-a307-00d23562fbb6/org.apache.spark_spark-sql-kafka-0-10_2.12-3.1.3.jar
[2023-01-30T19:04:01.912+0000] {spark_submit.py:495} INFO - 23/01/30 19:04:01 INFO SparkContext: Added file file:///home/***/.ivy2/jars/org.mongodb.spark_mongo-spark-connector_2.12-3.0.1.jar at file:///home/***/.ivy2/jars/org.mongodb.spark_mongo-spark-connector_2.12-3.0.1.jar with timestamp 1675105441314
[2023-01-30T19:04:01.912+0000] {spark_submit.py:495} INFO - 23/01/30 19:04:01 INFO Utils: Copying /home/***/.ivy2/jars/org.mongodb.spark_mongo-spark-connector_2.12-3.0.1.jar to /tmp/spark-76ef896b-9d6d-427a-b57d-d85f894d31a2/userFiles-a8b6856b-5234-4dc1-a307-00d23562fbb6/org.mongodb.spark_mongo-spark-connector_2.12-3.0.1.jar
[2023-01-30T19:04:01.923+0000] {spark_submit.py:495} INFO - 23/01/30 19:04:01 INFO SparkContext: Added file file:///home/***/.ivy2/jars/org.apache.spark_spark-token-provider-kafka-0-10_2.12-3.1.3.jar at file:///home/***/.ivy2/jars/org.apache.spark_spark-token-provider-kafka-0-10_2.12-3.1.3.jar with timestamp 1675105441314
[2023-01-30T19:04:01.923+0000] {spark_submit.py:495} INFO - 23/01/30 19:04:01 INFO Utils: Copying /home/***/.ivy2/jars/org.apache.spark_spark-token-provider-kafka-0-10_2.12-3.1.3.jar to /tmp/spark-76ef896b-9d6d-427a-b57d-d85f894d31a2/userFiles-a8b6856b-5234-4dc1-a307-00d23562fbb6/org.apache.spark_spark-token-provider-kafka-0-10_2.12-3.1.3.jar
[2023-01-30T19:04:01.927+0000] {spark_submit.py:495} INFO - 23/01/30 19:04:01 INFO SparkContext: Added file file:///home/***/.ivy2/jars/org.apache.kafka_kafka-clients-2.6.0.jar at file:///home/***/.ivy2/jars/org.apache.kafka_kafka-clients-2.6.0.jar with timestamp 1675105441314
[2023-01-30T19:04:01.928+0000] {spark_submit.py:495} INFO - 23/01/30 19:04:01 INFO Utils: Copying /home/***/.ivy2/jars/org.apache.kafka_kafka-clients-2.6.0.jar to /tmp/spark-76ef896b-9d6d-427a-b57d-d85f894d31a2/userFiles-a8b6856b-5234-4dc1-a307-00d23562fbb6/org.apache.kafka_kafka-clients-2.6.0.jar
[2023-01-30T19:04:01.937+0000] {spark_submit.py:495} INFO - 23/01/30 19:04:01 INFO SparkContext: Added file file:///home/***/.ivy2/jars/org.apache.commons_commons-pool2-2.6.2.jar at file:///home/***/.ivy2/jars/org.apache.commons_commons-pool2-2.6.2.jar with timestamp 1675105441314
[2023-01-30T19:04:01.938+0000] {spark_submit.py:495} INFO - 23/01/30 19:04:01 INFO Utils: Copying /home/***/.ivy2/jars/org.apache.commons_commons-pool2-2.6.2.jar to /tmp/spark-76ef896b-9d6d-427a-b57d-d85f894d31a2/userFiles-a8b6856b-5234-4dc1-a307-00d23562fbb6/org.apache.commons_commons-pool2-2.6.2.jar
[2023-01-30T19:04:01.940+0000] {spark_submit.py:495} INFO - 23/01/30 19:04:01 INFO SparkContext: Added file file:///home/***/.ivy2/jars/org.spark-project.spark_unused-1.0.0.jar at file:///home/***/.ivy2/jars/org.spark-project.spark_unused-1.0.0.jar with timestamp 1675105441314
[2023-01-30T19:04:01.941+0000] {spark_submit.py:495} INFO - 23/01/30 19:04:01 INFO Utils: Copying /home/***/.ivy2/jars/org.spark-project.spark_unused-1.0.0.jar to /tmp/spark-76ef896b-9d6d-427a-b57d-d85f894d31a2/userFiles-a8b6856b-5234-4dc1-a307-00d23562fbb6/org.spark-project.spark_unused-1.0.0.jar
[2023-01-30T19:04:01.945+0000] {spark_submit.py:495} INFO - 23/01/30 19:04:01 INFO SparkContext: Added file file:///home/***/.ivy2/jars/com.github.luben_zstd-jni-1.4.8-1.jar at file:///home/***/.ivy2/jars/com.github.luben_zstd-jni-1.4.8-1.jar with timestamp 1675105441314
[2023-01-30T19:04:01.945+0000] {spark_submit.py:495} INFO - 23/01/30 19:04:01 INFO Utils: Copying /home/***/.ivy2/jars/com.github.luben_zstd-jni-1.4.8-1.jar to /tmp/spark-76ef896b-9d6d-427a-b57d-d85f894d31a2/userFiles-a8b6856b-5234-4dc1-a307-00d23562fbb6/com.github.luben_zstd-jni-1.4.8-1.jar
[2023-01-30T19:04:01.956+0000] {spark_submit.py:495} INFO - 23/01/30 19:04:01 INFO SparkContext: Added file file:///home/***/.ivy2/jars/org.lz4_lz4-java-1.7.1.jar at file:///home/***/.ivy2/jars/org.lz4_lz4-java-1.7.1.jar with timestamp 1675105441314
[2023-01-30T19:04:01.956+0000] {spark_submit.py:495} INFO - 23/01/30 19:04:01 INFO Utils: Copying /home/***/.ivy2/jars/org.lz4_lz4-java-1.7.1.jar to /tmp/spark-76ef896b-9d6d-427a-b57d-d85f894d31a2/userFiles-a8b6856b-5234-4dc1-a307-00d23562fbb6/org.lz4_lz4-java-1.7.1.jar
[2023-01-30T19:04:01.960+0000] {spark_submit.py:495} INFO - 23/01/30 19:04:01 INFO SparkContext: Added file file:///home/***/.ivy2/jars/org.xerial.snappy_snappy-java-1.1.8.2.jar at file:///home/***/.ivy2/jars/org.xerial.snappy_snappy-java-1.1.8.2.jar with timestamp 1675105441314
[2023-01-30T19:04:01.960+0000] {spark_submit.py:495} INFO - 23/01/30 19:04:01 INFO Utils: Copying /home/***/.ivy2/jars/org.xerial.snappy_snappy-java-1.1.8.2.jar to /tmp/spark-76ef896b-9d6d-427a-b57d-d85f894d31a2/userFiles-a8b6856b-5234-4dc1-a307-00d23562fbb6/org.xerial.snappy_snappy-java-1.1.8.2.jar
[2023-01-30T19:04:01.965+0000] {spark_submit.py:495} INFO - 23/01/30 19:04:01 INFO SparkContext: Added file file:///home/***/.ivy2/jars/org.slf4j_slf4j-api-1.7.30.jar at file:///home/***/.ivy2/jars/org.slf4j_slf4j-api-1.7.30.jar with timestamp 1675105441314
[2023-01-30T19:04:01.965+0000] {spark_submit.py:495} INFO - 23/01/30 19:04:01 INFO Utils: Copying /home/***/.ivy2/jars/org.slf4j_slf4j-api-1.7.30.jar to /tmp/spark-76ef896b-9d6d-427a-b57d-d85f894d31a2/userFiles-a8b6856b-5234-4dc1-a307-00d23562fbb6/org.slf4j_slf4j-api-1.7.30.jar
[2023-01-30T19:04:01.968+0000] {spark_submit.py:495} INFO - 23/01/30 19:04:01 INFO SparkContext: Added file file:///home/***/.ivy2/jars/org.mongodb_mongodb-driver-sync-4.0.5.jar at file:///home/***/.ivy2/jars/org.mongodb_mongodb-driver-sync-4.0.5.jar with timestamp 1675105441314
[2023-01-30T19:04:01.968+0000] {spark_submit.py:495} INFO - 23/01/30 19:04:01 INFO Utils: Copying /home/***/.ivy2/jars/org.mongodb_mongodb-driver-sync-4.0.5.jar to /tmp/spark-76ef896b-9d6d-427a-b57d-d85f894d31a2/userFiles-a8b6856b-5234-4dc1-a307-00d23562fbb6/org.mongodb_mongodb-driver-sync-4.0.5.jar
[2023-01-30T19:04:01.971+0000] {spark_submit.py:495} INFO - 23/01/30 19:04:01 INFO SparkContext: Added file file:///home/***/.ivy2/jars/org.mongodb_bson-4.0.5.jar at file:///home/***/.ivy2/jars/org.mongodb_bson-4.0.5.jar with timestamp 1675105441314
[2023-01-30T19:04:01.971+0000] {spark_submit.py:495} INFO - 23/01/30 19:04:01 INFO Utils: Copying /home/***/.ivy2/jars/org.mongodb_bson-4.0.5.jar to /tmp/spark-76ef896b-9d6d-427a-b57d-d85f894d31a2/userFiles-a8b6856b-5234-4dc1-a307-00d23562fbb6/org.mongodb_bson-4.0.5.jar
[2023-01-30T19:04:01.975+0000] {spark_submit.py:495} INFO - 23/01/30 19:04:01 INFO SparkContext: Added file file:///home/***/.ivy2/jars/org.mongodb_mongodb-driver-core-4.0.5.jar at file:///home/***/.ivy2/jars/org.mongodb_mongodb-driver-core-4.0.5.jar with timestamp 1675105441314
[2023-01-30T19:04:01.975+0000] {spark_submit.py:495} INFO - 23/01/30 19:04:01 INFO Utils: Copying /home/***/.ivy2/jars/org.mongodb_mongodb-driver-core-4.0.5.jar to /tmp/spark-76ef896b-9d6d-427a-b57d-d85f894d31a2/userFiles-a8b6856b-5234-4dc1-a307-00d23562fbb6/org.mongodb_mongodb-driver-core-4.0.5.jar
[2023-01-30T19:04:02.032+0000] {spark_submit.py:495} INFO - 23/01/30 19:04:02 INFO Executor: Starting executor ID driver on host 15c99fd3082a
[2023-01-30T19:04:02.037+0000] {spark_submit.py:495} INFO - 23/01/30 19:04:02 INFO Executor: Starting executor with user classpath (userClassPathFirst = false): ''
[2023-01-30T19:04:02.045+0000] {spark_submit.py:495} INFO - 23/01/30 19:04:02 INFO Executor: Fetching file:///home/***/.ivy2/jars/org.apache.spark_spark-token-provider-kafka-0-10_2.12-3.1.3.jar with timestamp 1675105441314
[2023-01-30T19:04:02.059+0000] {spark_submit.py:495} INFO - 23/01/30 19:04:02 INFO Utils: /home/***/.ivy2/jars/org.apache.spark_spark-token-provider-kafka-0-10_2.12-3.1.3.jar has been previously copied to /tmp/spark-76ef896b-9d6d-427a-b57d-d85f894d31a2/userFiles-a8b6856b-5234-4dc1-a307-00d23562fbb6/org.apache.spark_spark-token-provider-kafka-0-10_2.12-3.1.3.jar
[2023-01-30T19:04:02.063+0000] {spark_submit.py:495} INFO - 23/01/30 19:04:02 INFO Executor: Fetching file:///home/***/.ivy2/jars/org.mongodb_mongodb-driver-sync-4.0.5.jar with timestamp 1675105441314
[2023-01-30T19:04:02.067+0000] {spark_submit.py:495} INFO - 23/01/30 19:04:02 INFO Utils: /home/***/.ivy2/jars/org.mongodb_mongodb-driver-sync-4.0.5.jar has been previously copied to /tmp/spark-76ef896b-9d6d-427a-b57d-d85f894d31a2/userFiles-a8b6856b-5234-4dc1-a307-00d23562fbb6/org.mongodb_mongodb-driver-sync-4.0.5.jar
[2023-01-30T19:04:02.077+0000] {spark_submit.py:495} INFO - 23/01/30 19:04:02 INFO Executor: Fetching file:///home/***/.ivy2/jars/org.apache.kafka_kafka-clients-2.6.0.jar with timestamp 1675105441314
[2023-01-30T19:04:02.084+0000] {spark_submit.py:495} INFO - 23/01/30 19:04:02 INFO Utils: /home/***/.ivy2/jars/org.apache.kafka_kafka-clients-2.6.0.jar has been previously copied to /tmp/spark-76ef896b-9d6d-427a-b57d-d85f894d31a2/userFiles-a8b6856b-5234-4dc1-a307-00d23562fbb6/org.apache.kafka_kafka-clients-2.6.0.jar
[2023-01-30T19:04:02.087+0000] {spark_submit.py:495} INFO - 23/01/30 19:04:02 INFO Executor: Fetching file:///home/***/.ivy2/jars/org.mongodb_bson-4.0.5.jar with timestamp 1675105441314
[2023-01-30T19:04:02.087+0000] {spark_submit.py:495} INFO - 23/01/30 19:04:02 INFO Utils: /home/***/.ivy2/jars/org.mongodb_bson-4.0.5.jar has been previously copied to /tmp/spark-76ef896b-9d6d-427a-b57d-d85f894d31a2/userFiles-a8b6856b-5234-4dc1-a307-00d23562fbb6/org.mongodb_bson-4.0.5.jar
[2023-01-30T19:04:02.097+0000] {spark_submit.py:495} INFO - 23/01/30 19:04:02 INFO Executor: Fetching file:///home/***/.ivy2/jars/com.github.luben_zstd-jni-1.4.8-1.jar with timestamp 1675105441314
[2023-01-30T19:04:02.103+0000] {spark_submit.py:495} INFO - 23/01/30 19:04:02 INFO Utils: /home/***/.ivy2/jars/com.github.luben_zstd-jni-1.4.8-1.jar has been previously copied to /tmp/spark-76ef896b-9d6d-427a-b57d-d85f894d31a2/userFiles-a8b6856b-5234-4dc1-a307-00d23562fbb6/com.github.luben_zstd-jni-1.4.8-1.jar
[2023-01-30T19:04:02.107+0000] {spark_submit.py:495} INFO - 23/01/30 19:04:02 INFO Executor: Fetching file:///home/***/.ivy2/jars/org.lz4_lz4-java-1.7.1.jar with timestamp 1675105441314
[2023-01-30T19:04:02.108+0000] {spark_submit.py:495} INFO - 23/01/30 19:04:02 INFO Utils: /home/***/.ivy2/jars/org.lz4_lz4-java-1.7.1.jar has been previously copied to /tmp/spark-76ef896b-9d6d-427a-b57d-d85f894d31a2/userFiles-a8b6856b-5234-4dc1-a307-00d23562fbb6/org.lz4_lz4-java-1.7.1.jar
[2023-01-30T19:04:02.115+0000] {spark_submit.py:495} INFO - 23/01/30 19:04:02 INFO Executor: Fetching file:///home/***/.ivy2/jars/org.spark-project.spark_unused-1.0.0.jar with timestamp 1675105441314
[2023-01-30T19:04:02.115+0000] {spark_submit.py:495} INFO - 23/01/30 19:04:02 INFO Utils: /home/***/.ivy2/jars/org.spark-project.spark_unused-1.0.0.jar has been previously copied to /tmp/spark-76ef896b-9d6d-427a-b57d-d85f894d31a2/userFiles-a8b6856b-5234-4dc1-a307-00d23562fbb6/org.spark-project.spark_unused-1.0.0.jar
[2023-01-30T19:04:02.120+0000] {spark_submit.py:495} INFO - 23/01/30 19:04:02 INFO Executor: Fetching file:///home/***/.ivy2/jars/org.xerial.snappy_snappy-java-1.1.8.2.jar with timestamp 1675105441314
[2023-01-30T19:04:02.121+0000] {spark_submit.py:495} INFO - 23/01/30 19:04:02 INFO Utils: /home/***/.ivy2/jars/org.xerial.snappy_snappy-java-1.1.8.2.jar has been previously copied to /tmp/spark-76ef896b-9d6d-427a-b57d-d85f894d31a2/userFiles-a8b6856b-5234-4dc1-a307-00d23562fbb6/org.xerial.snappy_snappy-java-1.1.8.2.jar
[2023-01-30T19:04:02.124+0000] {spark_submit.py:495} INFO - 23/01/30 19:04:02 INFO Executor: Fetching file:///home/***/.ivy2/jars/org.mongodb_mongodb-driver-core-4.0.5.jar with timestamp 1675105441314
[2023-01-30T19:04:02.126+0000] {spark_submit.py:495} INFO - 23/01/30 19:04:02 INFO Utils: /home/***/.ivy2/jars/org.mongodb_mongodb-driver-core-4.0.5.jar has been previously copied to /tmp/spark-76ef896b-9d6d-427a-b57d-d85f894d31a2/userFiles-a8b6856b-5234-4dc1-a307-00d23562fbb6/org.mongodb_mongodb-driver-core-4.0.5.jar
[2023-01-30T19:04:02.129+0000] {spark_submit.py:495} INFO - 23/01/30 19:04:02 INFO Executor: Fetching file:///home/***/.ivy2/jars/org.apache.spark_spark-sql-kafka-0-10_2.12-3.1.3.jar with timestamp 1675105441314
[2023-01-30T19:04:02.129+0000] {spark_submit.py:495} INFO - 23/01/30 19:04:02 INFO Utils: /home/***/.ivy2/jars/org.apache.spark_spark-sql-kafka-0-10_2.12-3.1.3.jar has been previously copied to /tmp/spark-76ef896b-9d6d-427a-b57d-d85f894d31a2/userFiles-a8b6856b-5234-4dc1-a307-00d23562fbb6/org.apache.spark_spark-sql-kafka-0-10_2.12-3.1.3.jar
[2023-01-30T19:04:02.138+0000] {spark_submit.py:495} INFO - 23/01/30 19:04:02 INFO Executor: Fetching file:///home/***/.ivy2/jars/org.mongodb.spark_mongo-spark-connector_2.12-3.0.1.jar with timestamp 1675105441314
[2023-01-30T19:04:02.138+0000] {spark_submit.py:495} INFO - 23/01/30 19:04:02 INFO Utils: /home/***/.ivy2/jars/org.mongodb.spark_mongo-spark-connector_2.12-3.0.1.jar has been previously copied to /tmp/spark-76ef896b-9d6d-427a-b57d-d85f894d31a2/userFiles-a8b6856b-5234-4dc1-a307-00d23562fbb6/org.mongodb.spark_mongo-spark-connector_2.12-3.0.1.jar
[2023-01-30T19:04:02.142+0000] {spark_submit.py:495} INFO - 23/01/30 19:04:02 INFO Executor: Fetching file:///home/***/.ivy2/jars/org.apache.commons_commons-pool2-2.6.2.jar with timestamp 1675105441314
[2023-01-30T19:04:02.142+0000] {spark_submit.py:495} INFO - 23/01/30 19:04:02 INFO Utils: /home/***/.ivy2/jars/org.apache.commons_commons-pool2-2.6.2.jar has been previously copied to /tmp/spark-76ef896b-9d6d-427a-b57d-d85f894d31a2/userFiles-a8b6856b-5234-4dc1-a307-00d23562fbb6/org.apache.commons_commons-pool2-2.6.2.jar
[2023-01-30T19:04:02.144+0000] {spark_submit.py:495} INFO - 23/01/30 19:04:02 INFO Executor: Fetching file:///home/***/.ivy2/jars/org.slf4j_slf4j-api-1.7.30.jar with timestamp 1675105441314
[2023-01-30T19:04:02.145+0000] {spark_submit.py:495} INFO - 23/01/30 19:04:02 INFO Utils: /home/***/.ivy2/jars/org.slf4j_slf4j-api-1.7.30.jar has been previously copied to /tmp/spark-76ef896b-9d6d-427a-b57d-d85f894d31a2/userFiles-a8b6856b-5234-4dc1-a307-00d23562fbb6/org.slf4j_slf4j-api-1.7.30.jar
[2023-01-30T19:04:02.149+0000] {spark_submit.py:495} INFO - 23/01/30 19:04:02 INFO Executor: Fetching spark://15c99fd3082a:43813/jars/org.apache.spark_spark-token-provider-kafka-0-10_2.12-3.1.3.jar with timestamp 1675105441314
[2023-01-30T19:04:02.185+0000] {spark_submit.py:495} INFO - 23/01/30 19:04:02 INFO TransportClientFactory: Successfully created connection to 15c99fd3082a/172.20.0.7:43813 after 26 ms (0 ms spent in bootstraps)
[2023-01-30T19:04:02.190+0000] {spark_submit.py:495} INFO - 23/01/30 19:04:02 INFO Utils: Fetching spark://15c99fd3082a:43813/jars/org.apache.spark_spark-token-provider-kafka-0-10_2.12-3.1.3.jar to /tmp/spark-76ef896b-9d6d-427a-b57d-d85f894d31a2/userFiles-a8b6856b-5234-4dc1-a307-00d23562fbb6/fetchFileTemp10940259961292180659.tmp
[2023-01-30T19:04:02.216+0000] {spark_submit.py:495} INFO - 23/01/30 19:04:02 INFO Utils: /tmp/spark-76ef896b-9d6d-427a-b57d-d85f894d31a2/userFiles-a8b6856b-5234-4dc1-a307-00d23562fbb6/fetchFileTemp10940259961292180659.tmp has been previously copied to /tmp/spark-76ef896b-9d6d-427a-b57d-d85f894d31a2/userFiles-a8b6856b-5234-4dc1-a307-00d23562fbb6/org.apache.spark_spark-token-provider-kafka-0-10_2.12-3.1.3.jar
[2023-01-30T19:04:02.220+0000] {spark_submit.py:495} INFO - 23/01/30 19:04:02 INFO Executor: Adding file:/tmp/spark-76ef896b-9d6d-427a-b57d-d85f894d31a2/userFiles-a8b6856b-5234-4dc1-a307-00d23562fbb6/org.apache.spark_spark-token-provider-kafka-0-10_2.12-3.1.3.jar to class loader
[2023-01-30T19:04:02.221+0000] {spark_submit.py:495} INFO - 23/01/30 19:04:02 INFO Executor: Fetching spark://15c99fd3082a:43813/jars/org.slf4j_slf4j-api-1.7.30.jar with timestamp 1675105441314
[2023-01-30T19:04:02.221+0000] {spark_submit.py:495} INFO - 23/01/30 19:04:02 INFO Utils: Fetching spark://15c99fd3082a:43813/jars/org.slf4j_slf4j-api-1.7.30.jar to /tmp/spark-76ef896b-9d6d-427a-b57d-d85f894d31a2/userFiles-a8b6856b-5234-4dc1-a307-00d23562fbb6/fetchFileTemp15781332774356849176.tmp
[2023-01-30T19:04:02.222+0000] {spark_submit.py:495} INFO - 23/01/30 19:04:02 INFO Utils: /tmp/spark-76ef896b-9d6d-427a-b57d-d85f894d31a2/userFiles-a8b6856b-5234-4dc1-a307-00d23562fbb6/fetchFileTemp15781332774356849176.tmp has been previously copied to /tmp/spark-76ef896b-9d6d-427a-b57d-d85f894d31a2/userFiles-a8b6856b-5234-4dc1-a307-00d23562fbb6/org.slf4j_slf4j-api-1.7.30.jar
[2023-01-30T19:04:02.226+0000] {spark_submit.py:495} INFO - 23/01/30 19:04:02 INFO Executor: Adding file:/tmp/spark-76ef896b-9d6d-427a-b57d-d85f894d31a2/userFiles-a8b6856b-5234-4dc1-a307-00d23562fbb6/org.slf4j_slf4j-api-1.7.30.jar to class loader
[2023-01-30T19:04:02.226+0000] {spark_submit.py:495} INFO - 23/01/30 19:04:02 INFO Executor: Fetching spark://15c99fd3082a:43813/jars/org.mongodb_bson-4.0.5.jar with timestamp 1675105441314
[2023-01-30T19:04:02.226+0000] {spark_submit.py:495} INFO - 23/01/30 19:04:02 INFO Utils: Fetching spark://15c99fd3082a:43813/jars/org.mongodb_bson-4.0.5.jar to /tmp/spark-76ef896b-9d6d-427a-b57d-d85f894d31a2/userFiles-a8b6856b-5234-4dc1-a307-00d23562fbb6/fetchFileTemp6035795430431656329.tmp
[2023-01-30T19:04:02.233+0000] {spark_submit.py:495} INFO - 23/01/30 19:04:02 INFO Utils: /tmp/spark-76ef896b-9d6d-427a-b57d-d85f894d31a2/userFiles-a8b6856b-5234-4dc1-a307-00d23562fbb6/fetchFileTemp6035795430431656329.tmp has been previously copied to /tmp/spark-76ef896b-9d6d-427a-b57d-d85f894d31a2/userFiles-a8b6856b-5234-4dc1-a307-00d23562fbb6/org.mongodb_bson-4.0.5.jar
[2023-01-30T19:04:02.233+0000] {spark_submit.py:495} INFO - 23/01/30 19:04:02 INFO Executor: Adding file:/tmp/spark-76ef896b-9d6d-427a-b57d-d85f894d31a2/userFiles-a8b6856b-5234-4dc1-a307-00d23562fbb6/org.mongodb_bson-4.0.5.jar to class loader
[2023-01-30T19:04:02.233+0000] {spark_submit.py:495} INFO - 23/01/30 19:04:02 INFO Executor: Fetching spark://15c99fd3082a:43813/jars/org.apache.spark_spark-sql-kafka-0-10_2.12-3.1.3.jar with timestamp 1675105441314
[2023-01-30T19:04:02.236+0000] {spark_submit.py:495} INFO - 23/01/30 19:04:02 INFO Utils: Fetching spark://15c99fd3082a:43813/jars/org.apache.spark_spark-sql-kafka-0-10_2.12-3.1.3.jar to /tmp/spark-76ef896b-9d6d-427a-b57d-d85f894d31a2/userFiles-a8b6856b-5234-4dc1-a307-00d23562fbb6/fetchFileTemp15927038368142947312.tmp
[2023-01-30T19:04:02.237+0000] {spark_submit.py:495} INFO - 23/01/30 19:04:02 INFO Utils: /tmp/spark-76ef896b-9d6d-427a-b57d-d85f894d31a2/userFiles-a8b6856b-5234-4dc1-a307-00d23562fbb6/fetchFileTemp15927038368142947312.tmp has been previously copied to /tmp/spark-76ef896b-9d6d-427a-b57d-d85f894d31a2/userFiles-a8b6856b-5234-4dc1-a307-00d23562fbb6/org.apache.spark_spark-sql-kafka-0-10_2.12-3.1.3.jar
[2023-01-30T19:04:02.240+0000] {spark_submit.py:495} INFO - 23/01/30 19:04:02 INFO Executor: Adding file:/tmp/spark-76ef896b-9d6d-427a-b57d-d85f894d31a2/userFiles-a8b6856b-5234-4dc1-a307-00d23562fbb6/org.apache.spark_spark-sql-kafka-0-10_2.12-3.1.3.jar to class loader
[2023-01-30T19:04:02.240+0000] {spark_submit.py:495} INFO - 23/01/30 19:04:02 INFO Executor: Fetching spark://15c99fd3082a:43813/jars/org.mongodb_mongodb-driver-sync-4.0.5.jar with timestamp 1675105441314
[2023-01-30T19:04:02.241+0000] {spark_submit.py:495} INFO - 23/01/30 19:04:02 INFO Utils: Fetching spark://15c99fd3082a:43813/jars/org.mongodb_mongodb-driver-sync-4.0.5.jar to /tmp/spark-76ef896b-9d6d-427a-b57d-d85f894d31a2/userFiles-a8b6856b-5234-4dc1-a307-00d23562fbb6/fetchFileTemp2156984817879122320.tmp
[2023-01-30T19:04:02.245+0000] {spark_submit.py:495} INFO - 23/01/30 19:04:02 INFO Utils: /tmp/spark-76ef896b-9d6d-427a-b57d-d85f894d31a2/userFiles-a8b6856b-5234-4dc1-a307-00d23562fbb6/fetchFileTemp2156984817879122320.tmp has been previously copied to /tmp/spark-76ef896b-9d6d-427a-b57d-d85f894d31a2/userFiles-a8b6856b-5234-4dc1-a307-00d23562fbb6/org.mongodb_mongodb-driver-sync-4.0.5.jar
[2023-01-30T19:04:02.249+0000] {spark_submit.py:495} INFO - 23/01/30 19:04:02 INFO Executor: Adding file:/tmp/spark-76ef896b-9d6d-427a-b57d-d85f894d31a2/userFiles-a8b6856b-5234-4dc1-a307-00d23562fbb6/org.mongodb_mongodb-driver-sync-4.0.5.jar to class loader
[2023-01-30T19:04:02.249+0000] {spark_submit.py:495} INFO - 23/01/30 19:04:02 INFO Executor: Fetching spark://15c99fd3082a:43813/jars/com.github.luben_zstd-jni-1.4.8-1.jar with timestamp 1675105441314
[2023-01-30T19:04:02.251+0000] {spark_submit.py:495} INFO - 23/01/30 19:04:02 INFO Utils: Fetching spark://15c99fd3082a:43813/jars/com.github.luben_zstd-jni-1.4.8-1.jar to /tmp/spark-76ef896b-9d6d-427a-b57d-d85f894d31a2/userFiles-a8b6856b-5234-4dc1-a307-00d23562fbb6/fetchFileTemp5956952325895586426.tmp
[2023-01-30T19:04:02.275+0000] {spark_submit.py:495} INFO - 23/01/30 19:04:02 INFO Utils: /tmp/spark-76ef896b-9d6d-427a-b57d-d85f894d31a2/userFiles-a8b6856b-5234-4dc1-a307-00d23562fbb6/fetchFileTemp5956952325895586426.tmp has been previously copied to /tmp/spark-76ef896b-9d6d-427a-b57d-d85f894d31a2/userFiles-a8b6856b-5234-4dc1-a307-00d23562fbb6/com.github.luben_zstd-jni-1.4.8-1.jar
[2023-01-30T19:04:02.285+0000] {spark_submit.py:495} INFO - 23/01/30 19:04:02 INFO Executor: Adding file:/tmp/spark-76ef896b-9d6d-427a-b57d-d85f894d31a2/userFiles-a8b6856b-5234-4dc1-a307-00d23562fbb6/com.github.luben_zstd-jni-1.4.8-1.jar to class loader
[2023-01-30T19:04:02.285+0000] {spark_submit.py:495} INFO - 23/01/30 19:04:02 INFO Executor: Fetching spark://15c99fd3082a:43813/jars/org.lz4_lz4-java-1.7.1.jar with timestamp 1675105441314
[2023-01-30T19:04:02.287+0000] {spark_submit.py:495} INFO - 23/01/30 19:04:02 INFO Utils: Fetching spark://15c99fd3082a:43813/jars/org.lz4_lz4-java-1.7.1.jar to /tmp/spark-76ef896b-9d6d-427a-b57d-d85f894d31a2/userFiles-a8b6856b-5234-4dc1-a307-00d23562fbb6/fetchFileTemp4298068599179292245.tmp
[2023-01-30T19:04:02.290+0000] {spark_submit.py:495} INFO - 23/01/30 19:04:02 INFO Utils: /tmp/spark-76ef896b-9d6d-427a-b57d-d85f894d31a2/userFiles-a8b6856b-5234-4dc1-a307-00d23562fbb6/fetchFileTemp4298068599179292245.tmp has been previously copied to /tmp/spark-76ef896b-9d6d-427a-b57d-d85f894d31a2/userFiles-a8b6856b-5234-4dc1-a307-00d23562fbb6/org.lz4_lz4-java-1.7.1.jar
[2023-01-30T19:04:02.301+0000] {spark_submit.py:495} INFO - 23/01/30 19:04:02 INFO Executor: Adding file:/tmp/spark-76ef896b-9d6d-427a-b57d-d85f894d31a2/userFiles-a8b6856b-5234-4dc1-a307-00d23562fbb6/org.lz4_lz4-java-1.7.1.jar to class loader
[2023-01-30T19:04:02.301+0000] {spark_submit.py:495} INFO - 23/01/30 19:04:02 INFO Executor: Fetching spark://15c99fd3082a:43813/jars/org.mongodb.spark_mongo-spark-connector_2.12-3.0.1.jar with timestamp 1675105441314
[2023-01-30T19:04:02.301+0000] {spark_submit.py:495} INFO - 23/01/30 19:04:02 INFO Utils: Fetching spark://15c99fd3082a:43813/jars/org.mongodb.spark_mongo-spark-connector_2.12-3.0.1.jar to /tmp/spark-76ef896b-9d6d-427a-b57d-d85f894d31a2/userFiles-a8b6856b-5234-4dc1-a307-00d23562fbb6/fetchFileTemp8575769222221596092.tmp
[2023-01-30T19:04:02.304+0000] {spark_submit.py:495} INFO - 23/01/30 19:04:02 INFO Utils: /tmp/spark-76ef896b-9d6d-427a-b57d-d85f894d31a2/userFiles-a8b6856b-5234-4dc1-a307-00d23562fbb6/fetchFileTemp8575769222221596092.tmp has been previously copied to /tmp/spark-76ef896b-9d6d-427a-b57d-d85f894d31a2/userFiles-a8b6856b-5234-4dc1-a307-00d23562fbb6/org.mongodb.spark_mongo-spark-connector_2.12-3.0.1.jar
[2023-01-30T19:04:02.307+0000] {spark_submit.py:495} INFO - 23/01/30 19:04:02 INFO Executor: Adding file:/tmp/spark-76ef896b-9d6d-427a-b57d-d85f894d31a2/userFiles-a8b6856b-5234-4dc1-a307-00d23562fbb6/org.mongodb.spark_mongo-spark-connector_2.12-3.0.1.jar to class loader
[2023-01-30T19:04:02.307+0000] {spark_submit.py:495} INFO - 23/01/30 19:04:02 INFO Executor: Fetching spark://15c99fd3082a:43813/jars/org.mongodb_mongodb-driver-core-4.0.5.jar with timestamp 1675105441314
[2023-01-30T19:04:02.307+0000] {spark_submit.py:495} INFO - 23/01/30 19:04:02 INFO Utils: Fetching spark://15c99fd3082a:43813/jars/org.mongodb_mongodb-driver-core-4.0.5.jar to /tmp/spark-76ef896b-9d6d-427a-b57d-d85f894d31a2/userFiles-a8b6856b-5234-4dc1-a307-00d23562fbb6/fetchFileTemp4896630996512290634.tmp
[2023-01-30T19:04:02.312+0000] {spark_submit.py:495} INFO - 23/01/30 19:04:02 INFO Utils: /tmp/spark-76ef896b-9d6d-427a-b57d-d85f894d31a2/userFiles-a8b6856b-5234-4dc1-a307-00d23562fbb6/fetchFileTemp4896630996512290634.tmp has been previously copied to /tmp/spark-76ef896b-9d6d-427a-b57d-d85f894d31a2/userFiles-a8b6856b-5234-4dc1-a307-00d23562fbb6/org.mongodb_mongodb-driver-core-4.0.5.jar
[2023-01-30T19:04:02.317+0000] {spark_submit.py:495} INFO - 23/01/30 19:04:02 INFO Executor: Adding file:/tmp/spark-76ef896b-9d6d-427a-b57d-d85f894d31a2/userFiles-a8b6856b-5234-4dc1-a307-00d23562fbb6/org.mongodb_mongodb-driver-core-4.0.5.jar to class loader
[2023-01-30T19:04:02.317+0000] {spark_submit.py:495} INFO - 23/01/30 19:04:02 INFO Executor: Fetching spark://15c99fd3082a:43813/jars/org.xerial.snappy_snappy-java-1.1.8.2.jar with timestamp 1675105441314
[2023-01-30T19:04:02.318+0000] {spark_submit.py:495} INFO - 23/01/30 19:04:02 INFO Utils: Fetching spark://15c99fd3082a:43813/jars/org.xerial.snappy_snappy-java-1.1.8.2.jar to /tmp/spark-76ef896b-9d6d-427a-b57d-d85f894d31a2/userFiles-a8b6856b-5234-4dc1-a307-00d23562fbb6/fetchFileTemp17096694123125564028.tmp
[2023-01-30T19:04:02.323+0000] {spark_submit.py:495} INFO - 23/01/30 19:04:02 INFO Utils: /tmp/spark-76ef896b-9d6d-427a-b57d-d85f894d31a2/userFiles-a8b6856b-5234-4dc1-a307-00d23562fbb6/fetchFileTemp17096694123125564028.tmp has been previously copied to /tmp/spark-76ef896b-9d6d-427a-b57d-d85f894d31a2/userFiles-a8b6856b-5234-4dc1-a307-00d23562fbb6/org.xerial.snappy_snappy-java-1.1.8.2.jar
[2023-01-30T19:04:02.329+0000] {spark_submit.py:495} INFO - 23/01/30 19:04:02 INFO Executor: Adding file:/tmp/spark-76ef896b-9d6d-427a-b57d-d85f894d31a2/userFiles-a8b6856b-5234-4dc1-a307-00d23562fbb6/org.xerial.snappy_snappy-java-1.1.8.2.jar to class loader
[2023-01-30T19:04:02.329+0000] {spark_submit.py:495} INFO - 23/01/30 19:04:02 INFO Executor: Fetching spark://15c99fd3082a:43813/jars/org.spark-project.spark_unused-1.0.0.jar with timestamp 1675105441314
[2023-01-30T19:04:02.329+0000] {spark_submit.py:495} INFO - 23/01/30 19:04:02 INFO Utils: Fetching spark://15c99fd3082a:43813/jars/org.spark-project.spark_unused-1.0.0.jar to /tmp/spark-76ef896b-9d6d-427a-b57d-d85f894d31a2/userFiles-a8b6856b-5234-4dc1-a307-00d23562fbb6/fetchFileTemp5223856389027244028.tmp
[2023-01-30T19:04:02.330+0000] {spark_submit.py:495} INFO - 23/01/30 19:04:02 INFO Utils: /tmp/spark-76ef896b-9d6d-427a-b57d-d85f894d31a2/userFiles-a8b6856b-5234-4dc1-a307-00d23562fbb6/fetchFileTemp5223856389027244028.tmp has been previously copied to /tmp/spark-76ef896b-9d6d-427a-b57d-d85f894d31a2/userFiles-a8b6856b-5234-4dc1-a307-00d23562fbb6/org.spark-project.spark_unused-1.0.0.jar
[2023-01-30T19:04:02.333+0000] {spark_submit.py:495} INFO - 23/01/30 19:04:02 INFO Executor: Adding file:/tmp/spark-76ef896b-9d6d-427a-b57d-d85f894d31a2/userFiles-a8b6856b-5234-4dc1-a307-00d23562fbb6/org.spark-project.spark_unused-1.0.0.jar to class loader
[2023-01-30T19:04:02.333+0000] {spark_submit.py:495} INFO - 23/01/30 19:04:02 INFO Executor: Fetching spark://15c99fd3082a:43813/jars/org.apache.kafka_kafka-clients-2.6.0.jar with timestamp 1675105441314
[2023-01-30T19:04:02.333+0000] {spark_submit.py:495} INFO - 23/01/30 19:04:02 INFO Utils: Fetching spark://15c99fd3082a:43813/jars/org.apache.kafka_kafka-clients-2.6.0.jar to /tmp/spark-76ef896b-9d6d-427a-b57d-d85f894d31a2/userFiles-a8b6856b-5234-4dc1-a307-00d23562fbb6/fetchFileTemp43375393295928835.tmp
[2023-01-30T19:04:02.342+0000] {spark_submit.py:495} INFO - 23/01/30 19:04:02 INFO Utils: /tmp/spark-76ef896b-9d6d-427a-b57d-d85f894d31a2/userFiles-a8b6856b-5234-4dc1-a307-00d23562fbb6/fetchFileTemp43375393295928835.tmp has been previously copied to /tmp/spark-76ef896b-9d6d-427a-b57d-d85f894d31a2/userFiles-a8b6856b-5234-4dc1-a307-00d23562fbb6/org.apache.kafka_kafka-clients-2.6.0.jar
[2023-01-30T19:04:02.350+0000] {spark_submit.py:495} INFO - 23/01/30 19:04:02 INFO Executor: Adding file:/tmp/spark-76ef896b-9d6d-427a-b57d-d85f894d31a2/userFiles-a8b6856b-5234-4dc1-a307-00d23562fbb6/org.apache.kafka_kafka-clients-2.6.0.jar to class loader
[2023-01-30T19:04:02.350+0000] {spark_submit.py:495} INFO - 23/01/30 19:04:02 INFO Executor: Fetching spark://15c99fd3082a:43813/jars/org.apache.commons_commons-pool2-2.6.2.jar with timestamp 1675105441314
[2023-01-30T19:04:02.350+0000] {spark_submit.py:495} INFO - 23/01/30 19:04:02 INFO Utils: Fetching spark://15c99fd3082a:43813/jars/org.apache.commons_commons-pool2-2.6.2.jar to /tmp/spark-76ef896b-9d6d-427a-b57d-d85f894d31a2/userFiles-a8b6856b-5234-4dc1-a307-00d23562fbb6/fetchFileTemp13756478562662120978.tmp
[2023-01-30T19:04:02.352+0000] {spark_submit.py:495} INFO - 23/01/30 19:04:02 INFO Utils: /tmp/spark-76ef896b-9d6d-427a-b57d-d85f894d31a2/userFiles-a8b6856b-5234-4dc1-a307-00d23562fbb6/fetchFileTemp13756478562662120978.tmp has been previously copied to /tmp/spark-76ef896b-9d6d-427a-b57d-d85f894d31a2/userFiles-a8b6856b-5234-4dc1-a307-00d23562fbb6/org.apache.commons_commons-pool2-2.6.2.jar
[2023-01-30T19:04:02.355+0000] {spark_submit.py:495} INFO - 23/01/30 19:04:02 INFO Executor: Adding file:/tmp/spark-76ef896b-9d6d-427a-b57d-d85f894d31a2/userFiles-a8b6856b-5234-4dc1-a307-00d23562fbb6/org.apache.commons_commons-pool2-2.6.2.jar to class loader
[2023-01-30T19:04:02.359+0000] {spark_submit.py:495} INFO - 23/01/30 19:04:02 INFO Utils: Successfully started service 'org.apache.spark.network.netty.NettyBlockTransferService' on port 40889.
[2023-01-30T19:04:02.360+0000] {spark_submit.py:495} INFO - 23/01/30 19:04:02 INFO NettyBlockTransferService: Server created on 15c99fd3082a:40889
[2023-01-30T19:04:02.361+0000] {spark_submit.py:495} INFO - 23/01/30 19:04:02 INFO BlockManager: Using org.apache.spark.storage.RandomBlockReplicationPolicy for block replication policy
[2023-01-30T19:04:02.365+0000] {spark_submit.py:495} INFO - 23/01/30 19:04:02 INFO BlockManagerMaster: Registering BlockManager BlockManagerId(driver, 15c99fd3082a, 40889, None)
[2023-01-30T19:04:02.367+0000] {spark_submit.py:495} INFO - 23/01/30 19:04:02 INFO BlockManagerMasterEndpoint: Registering block manager 15c99fd3082a:40889 with 434.4 MiB RAM, BlockManagerId(driver, 15c99fd3082a, 40889, None)
[2023-01-30T19:04:02.369+0000] {spark_submit.py:495} INFO - 23/01/30 19:04:02 INFO BlockManagerMaster: Registered BlockManager BlockManagerId(driver, 15c99fd3082a, 40889, None)
[2023-01-30T19:04:02.370+0000] {spark_submit.py:495} INFO - 23/01/30 19:04:02 INFO BlockManager: Initialized BlockManager: BlockManagerId(driver, 15c99fd3082a, 40889, None)
[2023-01-30T19:04:05.322+0000] {spark_submit.py:495} INFO - 2023-01-30 19:04:05,321 - py4j.java_gateway - INFO - Callback Server Starting
[2023-01-30T19:04:05.322+0000] {spark_submit.py:495} INFO - 2023-01-30 19:04:05,322 - py4j.java_gateway - INFO - Socket listening on ('127.0.0.1', 34799)
[2023-01-30T19:04:09.551+0000] {spark_submit.py:495} INFO - 2023-01-30 19:04:09,551 - py4j.clientserver - INFO - Python Server ready to receive messages
[2023-01-30T19:04:09.552+0000] {spark_submit.py:495} INFO - 2023-01-30 19:04:09,551 - py4j.clientserver - INFO - Received command c on object id p0
[2023-01-30T19:04:10.141+0000] {spark_submit.py:495} INFO - -------------------------------------------
[2023-01-30T19:04:10.142+0000] {spark_submit.py:495} INFO - Batch: 0
[2023-01-30T19:04:10.142+0000] {spark_submit.py:495} INFO - -------------------------------------------
[2023-01-30T19:04:10.230+0000] {spark_submit.py:495} INFO - +---+-------------+-----+-------------+----------+----------------+------------+-----------------+--------------+-------------+
[2023-01-30T19:04:10.231+0000] {spark_submit.py:495} INFO - |id |nameOfProduct|price|ProductStatus|SellerName|RegistrationDate|QuantitySold|QuantityAvailable|Free shipping?|Store ratings|
[2023-01-30T19:04:10.231+0000] {spark_submit.py:495} INFO - +---+-------------+-----+-------------+----------+----------------+------------+-----------------+--------------+-------------+
[2023-01-30T19:04:10.231+0000] {spark_submit.py:495} INFO - +---+-------------+-----+-------------+----------+----------------+------------+-----------------+--------------+-------------+
[2023-01-30T19:04:10.231+0000] {spark_submit.py:495} INFO - 
[2023-01-30T19:04:39.259+0000] {spark_submit.py:495} INFO - 2023-01-30 19:04:39,259 - py4j.clientserver - INFO - Received command c on object id p0
[2023-01-30T19:04:40.736+0000] {spark_submit.py:495} INFO - -------------------------------------------
[2023-01-30T19:04:40.737+0000] {spark_submit.py:495} INFO - Batch: 1
[2023-01-30T19:04:40.737+0000] {spark_submit.py:495} INFO - -------------------------------------------
[2023-01-30T19:04:40.796+0000] {spark_submit.py:495} INFO - +-------------+-------------------------------------------------------------------------------------------------------------+---------+-------------+--------------------------+-------------------+------------+-----------------+------------------------------+-------------+
[2023-01-30T19:04:40.796+0000] {spark_submit.py:495} INFO - |id           |nameOfProduct                                                                                                |price    |ProductStatus|SellerName                |RegistrationDate   |QuantitySold|QuantityAvailable|Free shipping?                |Store ratings|
[2023-01-30T19:04:40.797+0000] {spark_submit.py:495} INFO - +-------------+-------------------------------------------------------------------------------------------------------------+---------+-------------+--------------------------+-------------------+------------+-----------------+------------------------------+-------------+
[2023-01-30T19:04:40.797+0000] {spark_submit.py:495} INFO - |MLA1221192372|Disco Duro Externo Western Digital Wd Elements Portable Wdbu6y0020bbk 2tb Negro                              |25999.0  |new          |OVERHARD DIGITAL          |2015-01-08 12:19:41|500         |50               |Your shipment arrives today   |4.5          |
[2023-01-30T19:04:40.797+0000] {spark_submit.py:495} INFO - |MLA1142490711|Placa De Video Amd Asrock  Phantom Gaming Radeon Rx 500 Series Rx 550 Phantom G R Rx550 2g 2gb               |34000.0  |new          |PCREGISTRADAOK            |2020-11-02 13:17:33|500         |100              |Your shipment arrives today   |4.5          |
[2023-01-30T19:04:40.797+0000] {spark_submit.py:495} INFO - |MLA1157512489|Placa De Video Nvidia Evga  Sc Gaming Geforce Gtx 16 Series Gtx 1660 Super 06g-p4-1068-kr 6gb                |124999.0 |new          |PCREGISTRADAOK            |2020-11-02 13:17:33|50          |1                |Your shipment arrives today   |4.5          |
[2023-01-30T19:04:40.797+0000] {spark_submit.py:495} INFO - |MLA1160178907|Memoria Ram Fury Beast Gamer Color Negro  16gb 1 Kingston Kf432c16bb/16                                      |22999.0  |new          |OVERHARD DIGITAL          |2015-01-08 12:19:41|500         |50               |Your shipment arrives tomorrow|4.5          |
[2023-01-30T19:04:40.797+0000] {spark_submit.py:495} INFO - |MLA882277177 |Capturadora Video Hdmi Digital Full Hd Usb Streaming                                                         |2699.0   |new          |BSK-IMPORTS               |2019-12-30 23:07:04|500         |1                |You have to pay the shipping  |3.0          |
[2023-01-30T19:04:40.797+0000] {spark_submit.py:495} INFO - |MLA1168362675|Memoria Ram Fury Beast Ddr4 Rgb Gamer Color Negro  16gb 1 Kingston Kf432c16bba/16                            |26773.76 |new          |MARSTECHSRLMARSTECHSRL    |2020-08-05 14:27:59|150         |1                |Your shipment arrives today   |4.5          |
[2023-01-30T19:04:40.798+0000] {spark_submit.py:495} INFO - |MLA923902194 |Disco Slido Interno Kingston Sa400s37/480g 480gb Negro                                                      |13249.0  |new          |MALL WEB                  |2016-05-26 20:28:35|5000        |1                |You have to pay the shipping  |5.0          |
[2023-01-30T19:04:40.798+0000] {spark_submit.py:495} INFO - |MLA923637669 |Placa De Video Geforce Gt 740 2gb Gddr5 Hdmi Vga Fortnite                                                    |28699.0  |new          |INDIGOTRADE               |2018-01-05 19:21:16|500         |50               |Your shipment arrives today   |4.5          |
[2023-01-30T19:04:40.798+0000] {spark_submit.py:495} INFO - |MLA902808321 |Procesador Gamer Intel Core I3-10100f Bx8070110100f De 4 Ncleos Y  4.3ghz De Frecuencia                     |23699.0  |new          |MALL WEB                  |2016-05-26 20:28:35|500         |1                |Your shipment arrives tomorrow|4.5          |
[2023-01-30T19:04:40.798+0000] {spark_submit.py:495} INFO - |MLA844489972 |Disco Duro Interno Seagate Barracuda St1000dm010 1tb                                                         |11599.0  |new          |DALECLCK                 |2015-03-16 12:07:23|5000        |500              |You have to pay the shipping  |5.0          |
[2023-01-30T19:04:40.798+0000] {spark_submit.py:495} INFO - |MLA1160204806|Memoria Ram Fury Beast Ddr4 Gamer Color Negro  8gb 1 Kingston Kf432c16bb/8                                   |14999.0  |new          |OVERHARD DIGITAL          |2015-01-08 12:19:41|500         |50               |You have to pay the shipping  |4.5          |
[2023-01-30T19:04:40.798+0000] {spark_submit.py:495} INFO - |MLA1157627908|Disco Duro Externo Seagate Expansion Stkm1000400 1tb Negro                                                   |18429.0  |new          |TECNOSTOCK.COM.AR         |2019-12-12 15:09:43|50          |50               |Your shipment arrives tomorrow|4.5          |
[2023-01-30T19:04:40.798+0000] {spark_submit.py:495} INFO - |MLA1302136118|Disco Duro Interno Seagate Barracuda St2000dm008 2tb Plata                                                   |18271.0  |new          |DIAMONDSYSTEMSANJUSTOML   |2016-04-08 17:21:06|150         |1                |Your shipment arrives tomorrow|4.5          |
[2023-01-30T19:04:40.798+0000] {spark_submit.py:495} INFO - |MLA1220964588|Procesador Gamer Intel Core I5-10400f Bx8070110400f De 6 Ncleos Y  4.3ghz De Frecuencia                     |48065.0  |new          |OVERHARD DIGITAL          |2015-01-08 12:19:41|50          |1                |Your shipment arrives today   |4.5          |
[2023-01-30T19:04:40.799+0000] {spark_submit.py:495} INFO - |MLA1183925519|Placa De Video Nvidia Zotac  Gaming Geforce Rtx 30 Series Rtx 3080 Ti Zt-a30810d-10p 12gb                    |299999.0 |new          |ESTUDIOSMPSRLESTUDIOSMPSRL|2020-11-29 18:36:32|50          |1                |Your shipment arrives today   |4.5          |
[2023-01-30T19:04:40.799+0000] {spark_submit.py:495} INFO - |MLA1314590445|Disco Slido Interno Pny Ssd7cs900-240-rb 240gb Negro                                                        |7799.0   |new          |ELECTRO-SHOWS             |2010-03-26 01:08:16|250         |250              |You have to pay the shipping  |4.5          |
[2023-01-30T19:04:40.799+0000] {spark_submit.py:495} INFO - |MLA1301642528|Placa De Video Nvidia Msi  Ventus Geforce Rtx 20 Series Rtx 2060 Geforce Rtx 2060 Ventus 6g Oc Oc Edition 6gb|134999.0 |new          |ITS-COMPUTACION           |2012-10-18 20:37:49|5           |1                |Your shipment arrives today   |4.5          |
[2023-01-30T19:04:40.799+0000] {spark_submit.py:495} INFO - |MLA872881277 |Procesador Intel Core I5-10400 Bx8070110400 De 6 Ncleos Y  4.3ghz De Frecuencia Con Grfica Integrada       |51099.0  |new          |MALL WEB                  |2016-05-26 20:28:35|500         |1                |Your shipment arrives today   |4.5          |
[2023-01-30T19:04:40.799+0000] {spark_submit.py:495} INFO - |MLA1272836523|Disco Duro Interno Western Digital  Wd20ezaz 2tb Azul                                                        |16999.0  |new          |TIENDA DELTA              |2011-09-15 21:48:50|200         |1                |Your shipment arrives tomorrow|4.5          |
[2023-01-30T19:04:40.799+0000] {spark_submit.py:495} INFO - |MLA1140325892|Disco Slido Interno Kingston Sa400s37/240g 240gb Gris                                                       |8339.0   |new          |DIAMONDSYSTEMPADUAML      |2015-07-01 12:32:22|500         |250              |You have to pay the shipping  |4.5          |
[2023-01-30T19:04:40.799+0000] {spark_submit.py:495} INFO - |MLA1148481665|Microprocesador Pc Amd Ryzen 5 4600g 8mb 3.7ghz Socket Am4 100-100000147box 6 Nucleos 12 Hilos               |58899.0  |new          |MALL WEB                  |2016-05-26 20:28:35|150         |1                |Your shipment arrives today   |4.5          |
[2023-01-30T19:04:40.799+0000] {spark_submit.py:495} INFO - |MLA1163233412|Placa De Video Nvidia Msi  Geforce 700 Series Gt 730 N730k-2gd3h/lpv1 2gb                                    |34659.0  |new          |PCREGISTRADAOK            |2020-11-02 13:17:33|4           |1                |Your shipment arrives today   |4.5          |
[2023-01-30T19:04:40.800+0000] {spark_submit.py:495} INFO - |MLA1150584684|Fuente De Alimentacin Para Pc Aureox Unlimited Series Arxgu-80pbz-550w 550w Negra 230v                      |16890.0  |new          |JORGEVOLUTION             |2015-12-03 13:39:36|25          |1                |Your shipment arrives tomorrow|4.5          |
[2023-01-30T19:04:40.800+0000] {spark_submit.py:495} INFO - |MLA917698539 |Capturadora Video Usb Easycap Vhs A Dvd Digital Rca Easy Cap                                                 |2899.0   |new          |BSK-IMPORTS               |2019-12-30 23:07:04|500         |50               |You have to pay the shipping  |3.0          |
[2023-01-30T19:04:40.800+0000] {spark_submit.py:495} INFO - |MLA1222229742|Placa De Video Nvidia Evga  Ko Gaming Geforce Rtx 20 Series Rtx 2060 06g-p4-2068-kr 6gb                      |128597.78|new          |MARSTECHSRLMARSTECHSRL    |2020-08-05 14:27:59|5           |1                |Your shipment arrives today   |4.5          |
[2023-01-30T19:04:40.800+0000] {spark_submit.py:495} INFO - |MLA1309797523|Micro Procesador Ryzen 5 4500 6 Nucleos 4.1ghz Amd Ddr4 Pc                                                   |43725.86 |new          |MARSTECHSRLMARSTECHSRL    |2020-08-05 14:27:59|5           |1                |Your shipment arrives today   |4.5          |
[2023-01-30T19:04:40.800+0000] {spark_submit.py:495} INFO - |MLA1103890625|Placa De Video Geforce Gigabyte Gt 1030 2gb Ddr4 Low Profile                                                 |65373.0  |new          |DIAMONDSYSTEMSANJUSTOML   |2016-04-08 17:21:06|3           |1                |Your shipment arrives today   |4.5          |
[2023-01-30T19:04:40.800+0000] {spark_submit.py:495} INFO - |MLA1224499067|Fuente De Alimentacion Pc Iqual 600w Cooler 80mm Atx Oficial                                                 |3999.0   |new          |DALECLCK                 |2015-03-16 12:07:23|250         |50               |You have to pay the shipping  |3.5          |
[2023-01-30T19:04:40.800+0000] {spark_submit.py:495} INFO - |MLA1288628607|Placa De Video Amd Asrock Challenger D Radeon Rx 6700 Series Rx 6700 Xt Rx6700xt Cld 12gb                    |172403.0 |new          |LAPLATA.NOTEBOOKS         |2017-08-03 20:43:24|5           |1                |Your shipment arrives today   |4.5          |
[2023-01-30T19:04:40.801+0000] {spark_submit.py:495} INFO - +-------------+-------------------------------------------------------------------------------------------------------------+---------+-------------+--------------------------+-------------------+------------+-----------------+------------------------------+-------------+
[2023-01-30T19:04:40.801+0000] {spark_submit.py:495} INFO - 
[2023-01-30T19:04:40.988+0000] {spark_submit.py:495} INFO - 2023-01-30 19:04:40,984 - py4j.clientserver - INFO - Received command c on object id p0
[2023-01-30T19:18:35.198+0000] {local_task_job.py:224} WARNING - State of this instance has been externally set to restarting. Terminating instance.
[2023-01-30T19:18:35.199+0000] {process_utils.py:133} INFO - Sending Signals.SIGTERM to group 22970. PIDs of all processes in the group: [22971, 23024, 22970]
[2023-01-30T19:18:35.200+0000] {process_utils.py:84} INFO - Sending the signal Signals.SIGTERM to group 22970
[2023-01-30T19:18:35.200+0000] {taskinstance.py:1483} ERROR - Received SIGTERM. Terminating subprocesses.
[2023-01-30T19:18:35.204+0000] {spark_submit.py:620} INFO - Sending kill signal to spark-submit
[2023-01-30T19:18:35.215+0000] {taskinstance.py:1772} ERROR - Task failed with exception
Traceback (most recent call last):
  File "/home/airflow/.local/lib/python3.7/site-packages/airflow/providers/apache/spark/operators/spark_submit.py", line 157, in execute
    self._hook.submit(self._application)
  File "/home/airflow/.local/lib/python3.7/site-packages/airflow/providers/apache/spark/hooks/spark_submit.py", line 414, in submit
    self._process_spark_submit_log(iter(self._submit_sp.stdout))  # type: ignore
  File "/home/airflow/.local/lib/python3.7/site-packages/airflow/providers/apache/spark/hooks/spark_submit.py", line 463, in _process_spark_submit_log
    for line in itr:
  File "/home/airflow/.local/lib/python3.7/site-packages/airflow/models/taskinstance.py", line 1485, in signal_handler
    raise AirflowException("Task received SIGTERM signal")
airflow.exceptions.AirflowException: Task received SIGTERM signal
[2023-01-30T19:18:35.218+0000] {process_utils.py:79} INFO - Process psutil.Process(pid=23024, status='terminated', started='19:04:00') (23024) terminated with exit code None
[2023-01-30T19:18:35.220+0000] {taskinstance.py:1327} INFO - Marking task as UP_FOR_RETRY. dag_id=Streaming_pipeline_meli, task_id=consumer_data_of_topic, execution_date=20230127T184927, start_date=20230130T190358, end_date=20230130T191835
[2023-01-30T19:18:35.238+0000] {standard_task_runner.py:105} ERROR - Failed to execute job 1251 for task consumer_data_of_topic (Task received SIGTERM signal; 22970)
[2023-01-30T19:18:35.277+0000] {process_utils.py:79} INFO - Process psutil.Process(pid=22971, status='terminated', started='19:03:58') (22971) terminated with exit code None
[2023-01-30T19:18:35.278+0000] {process_utils.py:79} INFO - Process psutil.Process(pid=22970, status='terminated', exitcode=1, started='19:03:58') (22970) terminated with exit code 1
