[2023-01-29T08:32:18.451+0000] {taskinstance.py:1087} INFO - Dependencies all met for <TaskInstance: Streaming_pipeline_meli.consumer_data_of_topic manual__2023-01-27T18:49:27.597637+00:00 [queued]>
[2023-01-29T08:32:18.469+0000] {taskinstance.py:1087} INFO - Dependencies all met for <TaskInstance: Streaming_pipeline_meli.consumer_data_of_topic manual__2023-01-27T18:49:27.597637+00:00 [queued]>
[2023-01-29T08:32:18.469+0000] {taskinstance.py:1283} INFO - 
--------------------------------------------------------------------------------
[2023-01-29T08:32:18.469+0000] {taskinstance.py:1284} INFO - Starting attempt 45 of 50
[2023-01-29T08:32:18.469+0000] {taskinstance.py:1285} INFO - 
--------------------------------------------------------------------------------
[2023-01-29T08:32:18.496+0000] {taskinstance.py:1304} INFO - Executing <Task(SparkSubmitOperator): consumer_data_of_topic> on 2023-01-27 18:49:27.597637+00:00
[2023-01-29T08:32:18.501+0000] {standard_task_runner.py:55} INFO - Started process 23734 to run task
[2023-01-29T08:32:18.505+0000] {standard_task_runner.py:82} INFO - Running: ['***', 'tasks', 'run', 'Streaming_pipeline_meli', 'consumer_data_of_topic', 'manual__2023-01-27T18:49:27.597637+00:00', '--job-id', '1209', '--raw', '--subdir', 'DAGS_FOLDER/streamPipeline.py', '--cfg-path', '/tmp/tmpexsr5eh7']
[2023-01-29T08:32:18.506+0000] {standard_task_runner.py:83} INFO - Job 1209: Subtask consumer_data_of_topic
[2023-01-29T08:32:18.593+0000] {task_command.py:389} INFO - Running <TaskInstance: Streaming_pipeline_meli.consumer_data_of_topic manual__2023-01-27T18:49:27.597637+00:00 [running]> on host 15c99fd3082a
[2023-01-29T08:32:18.657+0000] {taskinstance.py:1513} INFO - Exporting the following env vars:
AIRFLOW_CTX_DAG_OWNER=***
AIRFLOW_CTX_DAG_ID=Streaming_pipeline_meli
AIRFLOW_CTX_TASK_ID=consumer_data_of_topic
AIRFLOW_CTX_EXECUTION_DATE=2023-01-27T18:49:27.597637+00:00
AIRFLOW_CTX_TRY_NUMBER=45
AIRFLOW_CTX_DAG_RUN_ID=manual__2023-01-27T18:49:27.597637+00:00
[2023-01-29T08:32:18.666+0000] {base.py:73} INFO - Using connection ID 'spark_default' for task execution.
[2023-01-29T08:32:18.667+0000] {spark_submit.py:344} INFO - Spark-Submit cmd: spark-submit --master spark://tomi-H310:7077 --packages org.apache.spark:spark-sql-kafka-0-10_2.12:3.1.3,org.mongodb.spark:mongo-spark-connector_2.12:3.0.1 --name arrow-spark --queue root.default /opt/***/dags/consumerSpark.py
[2023-01-29T08:32:18.789+0000] {spark_submit.py:495} INFO - /home/***/.local/lib/python3.7/site-packages/pyspark/bin/load-spark-env.sh: line 68: ps: command not found
[2023-01-29T08:32:20.294+0000] {spark_submit.py:495} INFO - :: loading settings :: url = jar:file:/home/***/.local/lib/python3.7/site-packages/pyspark/jars/ivy-2.5.0.jar!/org/apache/ivy/core/settings/ivysettings.xml
[2023-01-29T08:32:20.353+0000] {spark_submit.py:495} INFO - Ivy Default Cache set to: /home/***/.ivy2/cache
[2023-01-29T08:32:20.353+0000] {spark_submit.py:495} INFO - The jars for the packages stored in: /home/***/.ivy2/jars
[2023-01-29T08:32:20.358+0000] {spark_submit.py:495} INFO - org.apache.spark#spark-sql-kafka-0-10_2.12 added as a dependency
[2023-01-29T08:32:20.358+0000] {spark_submit.py:495} INFO - org.mongodb.spark#mongo-spark-connector_2.12 added as a dependency
[2023-01-29T08:32:20.359+0000] {spark_submit.py:495} INFO - :: resolving dependencies :: org.apache.spark#spark-submit-parent-445b73d7-8ffb-46dd-87ed-b2a2ff2afb93;1.0
[2023-01-29T08:32:20.360+0000] {spark_submit.py:495} INFO - confs: [default]
[2023-01-29T08:32:20.490+0000] {spark_submit.py:495} INFO - found org.apache.spark#spark-sql-kafka-0-10_2.12;3.1.3 in central
[2023-01-29T08:32:20.540+0000] {spark_submit.py:495} INFO - found org.apache.spark#spark-token-provider-kafka-0-10_2.12;3.1.3 in central
[2023-01-29T08:32:20.563+0000] {spark_submit.py:495} INFO - found org.apache.kafka#kafka-clients;2.6.0 in central
[2023-01-29T08:32:20.586+0000] {spark_submit.py:495} INFO - found com.github.luben#zstd-jni;1.4.8-1 in central
[2023-01-29T08:32:20.603+0000] {spark_submit.py:495} INFO - found org.lz4#lz4-java;1.7.1 in central
[2023-01-29T08:32:20.617+0000] {spark_submit.py:495} INFO - found org.xerial.snappy#snappy-java;1.1.8.2 in central
[2023-01-29T08:32:20.630+0000] {spark_submit.py:495} INFO - found org.slf4j#slf4j-api;1.7.30 in central
[2023-01-29T08:32:20.642+0000] {spark_submit.py:495} INFO - found org.spark-project.spark#unused;1.0.0 in central
[2023-01-29T08:32:20.654+0000] {spark_submit.py:495} INFO - found org.apache.commons#commons-pool2;2.6.2 in central
[2023-01-29T08:32:20.665+0000] {spark_submit.py:495} INFO - found org.mongodb.spark#mongo-spark-connector_2.12;3.0.1 in central
[2023-01-29T08:32:20.674+0000] {spark_submit.py:495} INFO - found org.mongodb#mongodb-driver-sync;4.0.5 in central
[2023-01-29T08:32:20.682+0000] {spark_submit.py:495} INFO - found org.mongodb#bson;4.0.5 in central
[2023-01-29T08:32:20.691+0000] {spark_submit.py:495} INFO - found org.mongodb#mongodb-driver-core;4.0.5 in central
[2023-01-29T08:32:20.716+0000] {spark_submit.py:495} INFO - :: resolution report :: resolve 343ms :: artifacts dl 14ms
[2023-01-29T08:32:20.716+0000] {spark_submit.py:495} INFO - :: modules in use:
[2023-01-29T08:32:20.717+0000] {spark_submit.py:495} INFO - com.github.luben#zstd-jni;1.4.8-1 from central in [default]
[2023-01-29T08:32:20.717+0000] {spark_submit.py:495} INFO - org.apache.commons#commons-pool2;2.6.2 from central in [default]
[2023-01-29T08:32:20.717+0000] {spark_submit.py:495} INFO - org.apache.kafka#kafka-clients;2.6.0 from central in [default]
[2023-01-29T08:32:20.717+0000] {spark_submit.py:495} INFO - org.apache.spark#spark-sql-kafka-0-10_2.12;3.1.3 from central in [default]
[2023-01-29T08:32:20.718+0000] {spark_submit.py:495} INFO - org.apache.spark#spark-token-provider-kafka-0-10_2.12;3.1.3 from central in [default]
[2023-01-29T08:32:20.718+0000] {spark_submit.py:495} INFO - org.lz4#lz4-java;1.7.1 from central in [default]
[2023-01-29T08:32:20.718+0000] {spark_submit.py:495} INFO - org.mongodb#bson;4.0.5 from central in [default]
[2023-01-29T08:32:20.718+0000] {spark_submit.py:495} INFO - org.mongodb#mongodb-driver-core;4.0.5 from central in [default]
[2023-01-29T08:32:20.719+0000] {spark_submit.py:495} INFO - org.mongodb#mongodb-driver-sync;4.0.5 from central in [default]
[2023-01-29T08:32:20.719+0000] {spark_submit.py:495} INFO - org.mongodb.spark#mongo-spark-connector_2.12;3.0.1 from central in [default]
[2023-01-29T08:32:20.719+0000] {spark_submit.py:495} INFO - org.slf4j#slf4j-api;1.7.30 from central in [default]
[2023-01-29T08:32:20.719+0000] {spark_submit.py:495} INFO - org.spark-project.spark#unused;1.0.0 from central in [default]
[2023-01-29T08:32:20.719+0000] {spark_submit.py:495} INFO - org.xerial.snappy#snappy-java;1.1.8.2 from central in [default]
[2023-01-29T08:32:20.720+0000] {spark_submit.py:495} INFO - ---------------------------------------------------------------------
[2023-01-29T08:32:20.720+0000] {spark_submit.py:495} INFO - |                  |            modules            ||   artifacts   |
[2023-01-29T08:32:20.720+0000] {spark_submit.py:495} INFO - |       conf       | number| search|dwnlded|evicted|| number|dwnlded|
[2023-01-29T08:32:20.720+0000] {spark_submit.py:495} INFO - ---------------------------------------------------------------------
[2023-01-29T08:32:20.721+0000] {spark_submit.py:495} INFO - |      default     |   13  |   0   |   0   |   0   ||   13  |   0   |
[2023-01-29T08:32:20.721+0000] {spark_submit.py:495} INFO - ---------------------------------------------------------------------
[2023-01-29T08:32:20.727+0000] {spark_submit.py:495} INFO - :: retrieving :: org.apache.spark#spark-submit-parent-445b73d7-8ffb-46dd-87ed-b2a2ff2afb93
[2023-01-29T08:32:20.727+0000] {spark_submit.py:495} INFO - confs: [default]
[2023-01-29T08:32:20.734+0000] {spark_submit.py:495} INFO - 0 artifacts copied, 13 already retrieved (0kB/7ms)
[2023-01-29T08:32:20.917+0000] {spark_submit.py:495} INFO - 23/01/29 08:32:20 WARN NativeCodeLoader: Unable to load native-hadoop library for your platform... using builtin-java classes where applicable
[2023-01-29T08:32:21.794+0000] {spark_submit.py:495} INFO - 23/01/29 08:32:21 INFO SparkContext: Running Spark version 3.3.1
[2023-01-29T08:32:21.814+0000] {spark_submit.py:495} INFO - 23/01/29 08:32:21 INFO ResourceUtils: ==============================================================
[2023-01-29T08:32:21.814+0000] {spark_submit.py:495} INFO - 23/01/29 08:32:21 INFO ResourceUtils: No custom resources configured for spark.driver.
[2023-01-29T08:32:21.814+0000] {spark_submit.py:495} INFO - 23/01/29 08:32:21 INFO ResourceUtils: ==============================================================
[2023-01-29T08:32:21.815+0000] {spark_submit.py:495} INFO - 23/01/29 08:32:21 INFO SparkContext: Submitted application: arrow-spark
[2023-01-29T08:32:21.832+0000] {spark_submit.py:495} INFO - 23/01/29 08:32:21 INFO ResourceProfile: Default ResourceProfile created, executor resources: Map(cores -> name: cores, amount: 1, script: , vendor: , memory -> name: memory, amount: 1024, script: , vendor: , offHeap -> name: offHeap, amount: 0, script: , vendor: ), task resources: Map(cpus -> name: cpus, amount: 1.0)
[2023-01-29T08:32:21.843+0000] {spark_submit.py:495} INFO - 23/01/29 08:32:21 INFO ResourceProfile: Limiting resource is cpu
[2023-01-29T08:32:21.843+0000] {spark_submit.py:495} INFO - 23/01/29 08:32:21 INFO ResourceProfileManager: Added ResourceProfile id: 0
[2023-01-29T08:32:21.882+0000] {spark_submit.py:495} INFO - 23/01/29 08:32:21 INFO SecurityManager: Changing view acls to: default
[2023-01-29T08:32:21.883+0000] {spark_submit.py:495} INFO - 23/01/29 08:32:21 INFO SecurityManager: Changing modify acls to: default
[2023-01-29T08:32:21.884+0000] {spark_submit.py:495} INFO - 23/01/29 08:32:21 INFO SecurityManager: Changing view acls groups to:
[2023-01-29T08:32:21.885+0000] {spark_submit.py:495} INFO - 23/01/29 08:32:21 INFO SecurityManager: Changing modify acls groups to:
[2023-01-29T08:32:21.885+0000] {spark_submit.py:495} INFO - 23/01/29 08:32:21 INFO SecurityManager: SecurityManager: authentication disabled; ui acls disabled; users  with view permissions: Set(default); groups with view permissions: Set(); users  with modify permissions: Set(default); groups with modify permissions: Set()
[2023-01-29T08:32:22.154+0000] {spark_submit.py:495} INFO - 23/01/29 08:32:22 INFO Utils: Successfully started service 'sparkDriver' on port 34851.
[2023-01-29T08:32:22.198+0000] {spark_submit.py:495} INFO - 23/01/29 08:32:22 INFO SparkEnv: Registering MapOutputTracker
[2023-01-29T08:32:22.224+0000] {spark_submit.py:495} INFO - 23/01/29 08:32:22 INFO SparkEnv: Registering BlockManagerMaster
[2023-01-29T08:32:22.238+0000] {spark_submit.py:495} INFO - 23/01/29 08:32:22 INFO BlockManagerMasterEndpoint: Using org.apache.spark.storage.DefaultTopologyMapper for getting topology information
[2023-01-29T08:32:22.239+0000] {spark_submit.py:495} INFO - 23/01/29 08:32:22 INFO BlockManagerMasterEndpoint: BlockManagerMasterEndpoint up
[2023-01-29T08:32:22.242+0000] {spark_submit.py:495} INFO - 23/01/29 08:32:22 INFO SparkEnv: Registering BlockManagerMasterHeartbeat
[2023-01-29T08:32:22.264+0000] {spark_submit.py:495} INFO - 23/01/29 08:32:22 INFO DiskBlockManager: Created local directory at /tmp/blockmgr-84342500-d561-4961-b0a1-972ff16c2fe6
[2023-01-29T08:32:22.278+0000] {spark_submit.py:495} INFO - 23/01/29 08:32:22 INFO MemoryStore: MemoryStore started with capacity 434.4 MiB
[2023-01-29T08:32:22.290+0000] {spark_submit.py:495} INFO - 23/01/29 08:32:22 INFO SparkEnv: Registering OutputCommitCoordinator
[2023-01-29T08:32:22.563+0000] {spark_submit.py:495} INFO - 23/01/29 08:32:22 INFO Utils: Successfully started service 'SparkUI' on port 4040.
[2023-01-29T08:32:22.597+0000] {spark_submit.py:495} INFO - 23/01/29 08:32:22 INFO SparkContext: Added JAR file:///home/***/.ivy2/jars/org.apache.spark_spark-sql-kafka-0-10_2.12-3.1.3.jar at spark://15c99fd3082a:34851/jars/org.apache.spark_spark-sql-kafka-0-10_2.12-3.1.3.jar with timestamp 1674981141788
[2023-01-29T08:32:22.598+0000] {spark_submit.py:495} INFO - 23/01/29 08:32:22 INFO SparkContext: Added JAR file:///home/***/.ivy2/jars/org.mongodb.spark_mongo-spark-connector_2.12-3.0.1.jar at spark://15c99fd3082a:34851/jars/org.mongodb.spark_mongo-spark-connector_2.12-3.0.1.jar with timestamp 1674981141788
[2023-01-29T08:32:22.599+0000] {spark_submit.py:495} INFO - 23/01/29 08:32:22 INFO SparkContext: Added JAR file:///home/***/.ivy2/jars/org.apache.spark_spark-token-provider-kafka-0-10_2.12-3.1.3.jar at spark://15c99fd3082a:34851/jars/org.apache.spark_spark-token-provider-kafka-0-10_2.12-3.1.3.jar with timestamp 1674981141788
[2023-01-29T08:32:22.600+0000] {spark_submit.py:495} INFO - 23/01/29 08:32:22 INFO SparkContext: Added JAR file:///home/***/.ivy2/jars/org.apache.kafka_kafka-clients-2.6.0.jar at spark://15c99fd3082a:34851/jars/org.apache.kafka_kafka-clients-2.6.0.jar with timestamp 1674981141788
[2023-01-29T08:32:22.600+0000] {spark_submit.py:495} INFO - 23/01/29 08:32:22 INFO SparkContext: Added JAR file:///home/***/.ivy2/jars/org.apache.commons_commons-pool2-2.6.2.jar at spark://15c99fd3082a:34851/jars/org.apache.commons_commons-pool2-2.6.2.jar with timestamp 1674981141788
[2023-01-29T08:32:22.600+0000] {spark_submit.py:495} INFO - 23/01/29 08:32:22 INFO SparkContext: Added JAR file:///home/***/.ivy2/jars/org.spark-project.spark_unused-1.0.0.jar at spark://15c99fd3082a:34851/jars/org.spark-project.spark_unused-1.0.0.jar with timestamp 1674981141788
[2023-01-29T08:32:22.600+0000] {spark_submit.py:495} INFO - 23/01/29 08:32:22 INFO SparkContext: Added JAR file:///home/***/.ivy2/jars/com.github.luben_zstd-jni-1.4.8-1.jar at spark://15c99fd3082a:34851/jars/com.github.luben_zstd-jni-1.4.8-1.jar with timestamp 1674981141788
[2023-01-29T08:32:22.600+0000] {spark_submit.py:495} INFO - 23/01/29 08:32:22 INFO SparkContext: Added JAR file:///home/***/.ivy2/jars/org.lz4_lz4-java-1.7.1.jar at spark://15c99fd3082a:34851/jars/org.lz4_lz4-java-1.7.1.jar with timestamp 1674981141788
[2023-01-29T08:32:22.600+0000] {spark_submit.py:495} INFO - 23/01/29 08:32:22 INFO SparkContext: Added JAR file:///home/***/.ivy2/jars/org.xerial.snappy_snappy-java-1.1.8.2.jar at spark://15c99fd3082a:34851/jars/org.xerial.snappy_snappy-java-1.1.8.2.jar with timestamp 1674981141788
[2023-01-29T08:32:22.600+0000] {spark_submit.py:495} INFO - 23/01/29 08:32:22 INFO SparkContext: Added JAR file:///home/***/.ivy2/jars/org.slf4j_slf4j-api-1.7.30.jar at spark://15c99fd3082a:34851/jars/org.slf4j_slf4j-api-1.7.30.jar with timestamp 1674981141788
[2023-01-29T08:32:22.601+0000] {spark_submit.py:495} INFO - 23/01/29 08:32:22 INFO SparkContext: Added JAR file:///home/***/.ivy2/jars/org.mongodb_mongodb-driver-sync-4.0.5.jar at spark://15c99fd3082a:34851/jars/org.mongodb_mongodb-driver-sync-4.0.5.jar with timestamp 1674981141788
[2023-01-29T08:32:22.601+0000] {spark_submit.py:495} INFO - 23/01/29 08:32:22 INFO SparkContext: Added JAR file:///home/***/.ivy2/jars/org.mongodb_bson-4.0.5.jar at spark://15c99fd3082a:34851/jars/org.mongodb_bson-4.0.5.jar with timestamp 1674981141788
[2023-01-29T08:32:22.601+0000] {spark_submit.py:495} INFO - 23/01/29 08:32:22 INFO SparkContext: Added JAR file:///home/***/.ivy2/jars/org.mongodb_mongodb-driver-core-4.0.5.jar at spark://15c99fd3082a:34851/jars/org.mongodb_mongodb-driver-core-4.0.5.jar with timestamp 1674981141788
[2023-01-29T08:32:22.602+0000] {spark_submit.py:495} INFO - 23/01/29 08:32:22 INFO SparkContext: Added file file:///home/***/.ivy2/jars/org.apache.spark_spark-sql-kafka-0-10_2.12-3.1.3.jar at file:///home/***/.ivy2/jars/org.apache.spark_spark-sql-kafka-0-10_2.12-3.1.3.jar with timestamp 1674981141788
[2023-01-29T08:32:22.603+0000] {spark_submit.py:495} INFO - 23/01/29 08:32:22 INFO Utils: Copying /home/***/.ivy2/jars/org.apache.spark_spark-sql-kafka-0-10_2.12-3.1.3.jar to /tmp/spark-72c2fe03-b917-4ef8-90ee-c2a80af6a0fb/userFiles-236c08cc-e0b0-4b0e-b3dc-66f4e430d0f0/org.apache.spark_spark-sql-kafka-0-10_2.12-3.1.3.jar
[2023-01-29T08:32:22.618+0000] {spark_submit.py:495} INFO - 23/01/29 08:32:22 INFO SparkContext: Added file file:///home/***/.ivy2/jars/org.mongodb.spark_mongo-spark-connector_2.12-3.0.1.jar at file:///home/***/.ivy2/jars/org.mongodb.spark_mongo-spark-connector_2.12-3.0.1.jar with timestamp 1674981141788
[2023-01-29T08:32:22.619+0000] {spark_submit.py:495} INFO - 23/01/29 08:32:22 INFO Utils: Copying /home/***/.ivy2/jars/org.mongodb.spark_mongo-spark-connector_2.12-3.0.1.jar to /tmp/spark-72c2fe03-b917-4ef8-90ee-c2a80af6a0fb/userFiles-236c08cc-e0b0-4b0e-b3dc-66f4e430d0f0/org.mongodb.spark_mongo-spark-connector_2.12-3.0.1.jar
[2023-01-29T08:32:22.633+0000] {spark_submit.py:495} INFO - 23/01/29 08:32:22 INFO SparkContext: Added file file:///home/***/.ivy2/jars/org.apache.spark_spark-token-provider-kafka-0-10_2.12-3.1.3.jar at file:///home/***/.ivy2/jars/org.apache.spark_spark-token-provider-kafka-0-10_2.12-3.1.3.jar with timestamp 1674981141788
[2023-01-29T08:32:22.633+0000] {spark_submit.py:495} INFO - 23/01/29 08:32:22 INFO Utils: Copying /home/***/.ivy2/jars/org.apache.spark_spark-token-provider-kafka-0-10_2.12-3.1.3.jar to /tmp/spark-72c2fe03-b917-4ef8-90ee-c2a80af6a0fb/userFiles-236c08cc-e0b0-4b0e-b3dc-66f4e430d0f0/org.apache.spark_spark-token-provider-kafka-0-10_2.12-3.1.3.jar
[2023-01-29T08:32:22.644+0000] {spark_submit.py:495} INFO - 23/01/29 08:32:22 INFO SparkContext: Added file file:///home/***/.ivy2/jars/org.apache.kafka_kafka-clients-2.6.0.jar at file:///home/***/.ivy2/jars/org.apache.kafka_kafka-clients-2.6.0.jar with timestamp 1674981141788
[2023-01-29T08:32:22.645+0000] {spark_submit.py:495} INFO - 23/01/29 08:32:22 INFO Utils: Copying /home/***/.ivy2/jars/org.apache.kafka_kafka-clients-2.6.0.jar to /tmp/spark-72c2fe03-b917-4ef8-90ee-c2a80af6a0fb/userFiles-236c08cc-e0b0-4b0e-b3dc-66f4e430d0f0/org.apache.kafka_kafka-clients-2.6.0.jar
[2023-01-29T08:32:22.655+0000] {spark_submit.py:495} INFO - 23/01/29 08:32:22 INFO SparkContext: Added file file:///home/***/.ivy2/jars/org.apache.commons_commons-pool2-2.6.2.jar at file:///home/***/.ivy2/jars/org.apache.commons_commons-pool2-2.6.2.jar with timestamp 1674981141788
[2023-01-29T08:32:22.655+0000] {spark_submit.py:495} INFO - 23/01/29 08:32:22 INFO Utils: Copying /home/***/.ivy2/jars/org.apache.commons_commons-pool2-2.6.2.jar to /tmp/spark-72c2fe03-b917-4ef8-90ee-c2a80af6a0fb/userFiles-236c08cc-e0b0-4b0e-b3dc-66f4e430d0f0/org.apache.commons_commons-pool2-2.6.2.jar
[2023-01-29T08:32:22.661+0000] {spark_submit.py:495} INFO - 23/01/29 08:32:22 INFO SparkContext: Added file file:///home/***/.ivy2/jars/org.spark-project.spark_unused-1.0.0.jar at file:///home/***/.ivy2/jars/org.spark-project.spark_unused-1.0.0.jar with timestamp 1674981141788
[2023-01-29T08:32:22.661+0000] {spark_submit.py:495} INFO - 23/01/29 08:32:22 INFO Utils: Copying /home/***/.ivy2/jars/org.spark-project.spark_unused-1.0.0.jar to /tmp/spark-72c2fe03-b917-4ef8-90ee-c2a80af6a0fb/userFiles-236c08cc-e0b0-4b0e-b3dc-66f4e430d0f0/org.spark-project.spark_unused-1.0.0.jar
[2023-01-29T08:32:22.665+0000] {spark_submit.py:495} INFO - 23/01/29 08:32:22 INFO SparkContext: Added file file:///home/***/.ivy2/jars/com.github.luben_zstd-jni-1.4.8-1.jar at file:///home/***/.ivy2/jars/com.github.luben_zstd-jni-1.4.8-1.jar with timestamp 1674981141788
[2023-01-29T08:32:22.665+0000] {spark_submit.py:495} INFO - 23/01/29 08:32:22 INFO Utils: Copying /home/***/.ivy2/jars/com.github.luben_zstd-jni-1.4.8-1.jar to /tmp/spark-72c2fe03-b917-4ef8-90ee-c2a80af6a0fb/userFiles-236c08cc-e0b0-4b0e-b3dc-66f4e430d0f0/com.github.luben_zstd-jni-1.4.8-1.jar
[2023-01-29T08:32:22.674+0000] {spark_submit.py:495} INFO - 23/01/29 08:32:22 INFO SparkContext: Added file file:///home/***/.ivy2/jars/org.lz4_lz4-java-1.7.1.jar at file:///home/***/.ivy2/jars/org.lz4_lz4-java-1.7.1.jar with timestamp 1674981141788
[2023-01-29T08:32:22.674+0000] {spark_submit.py:495} INFO - 23/01/29 08:32:22 INFO Utils: Copying /home/***/.ivy2/jars/org.lz4_lz4-java-1.7.1.jar to /tmp/spark-72c2fe03-b917-4ef8-90ee-c2a80af6a0fb/userFiles-236c08cc-e0b0-4b0e-b3dc-66f4e430d0f0/org.lz4_lz4-java-1.7.1.jar
[2023-01-29T08:32:22.678+0000] {spark_submit.py:495} INFO - 23/01/29 08:32:22 INFO SparkContext: Added file file:///home/***/.ivy2/jars/org.xerial.snappy_snappy-java-1.1.8.2.jar at file:///home/***/.ivy2/jars/org.xerial.snappy_snappy-java-1.1.8.2.jar with timestamp 1674981141788
[2023-01-29T08:32:22.678+0000] {spark_submit.py:495} INFO - 23/01/29 08:32:22 INFO Utils: Copying /home/***/.ivy2/jars/org.xerial.snappy_snappy-java-1.1.8.2.jar to /tmp/spark-72c2fe03-b917-4ef8-90ee-c2a80af6a0fb/userFiles-236c08cc-e0b0-4b0e-b3dc-66f4e430d0f0/org.xerial.snappy_snappy-java-1.1.8.2.jar
[2023-01-29T08:32:22.683+0000] {spark_submit.py:495} INFO - 23/01/29 08:32:22 INFO SparkContext: Added file file:///home/***/.ivy2/jars/org.slf4j_slf4j-api-1.7.30.jar at file:///home/***/.ivy2/jars/org.slf4j_slf4j-api-1.7.30.jar with timestamp 1674981141788
[2023-01-29T08:32:22.683+0000] {spark_submit.py:495} INFO - 23/01/29 08:32:22 INFO Utils: Copying /home/***/.ivy2/jars/org.slf4j_slf4j-api-1.7.30.jar to /tmp/spark-72c2fe03-b917-4ef8-90ee-c2a80af6a0fb/userFiles-236c08cc-e0b0-4b0e-b3dc-66f4e430d0f0/org.slf4j_slf4j-api-1.7.30.jar
[2023-01-29T08:32:22.687+0000] {spark_submit.py:495} INFO - 23/01/29 08:32:22 INFO SparkContext: Added file file:///home/***/.ivy2/jars/org.mongodb_mongodb-driver-sync-4.0.5.jar at file:///home/***/.ivy2/jars/org.mongodb_mongodb-driver-sync-4.0.5.jar with timestamp 1674981141788
[2023-01-29T08:32:22.687+0000] {spark_submit.py:495} INFO - 23/01/29 08:32:22 INFO Utils: Copying /home/***/.ivy2/jars/org.mongodb_mongodb-driver-sync-4.0.5.jar to /tmp/spark-72c2fe03-b917-4ef8-90ee-c2a80af6a0fb/userFiles-236c08cc-e0b0-4b0e-b3dc-66f4e430d0f0/org.mongodb_mongodb-driver-sync-4.0.5.jar
[2023-01-29T08:32:22.691+0000] {spark_submit.py:495} INFO - 23/01/29 08:32:22 INFO SparkContext: Added file file:///home/***/.ivy2/jars/org.mongodb_bson-4.0.5.jar at file:///home/***/.ivy2/jars/org.mongodb_bson-4.0.5.jar with timestamp 1674981141788
[2023-01-29T08:32:22.691+0000] {spark_submit.py:495} INFO - 23/01/29 08:32:22 INFO Utils: Copying /home/***/.ivy2/jars/org.mongodb_bson-4.0.5.jar to /tmp/spark-72c2fe03-b917-4ef8-90ee-c2a80af6a0fb/userFiles-236c08cc-e0b0-4b0e-b3dc-66f4e430d0f0/org.mongodb_bson-4.0.5.jar
[2023-01-29T08:32:22.695+0000] {spark_submit.py:495} INFO - 23/01/29 08:32:22 INFO SparkContext: Added file file:///home/***/.ivy2/jars/org.mongodb_mongodb-driver-core-4.0.5.jar at file:///home/***/.ivy2/jars/org.mongodb_mongodb-driver-core-4.0.5.jar with timestamp 1674981141788
[2023-01-29T08:32:22.695+0000] {spark_submit.py:495} INFO - 23/01/29 08:32:22 INFO Utils: Copying /home/***/.ivy2/jars/org.mongodb_mongodb-driver-core-4.0.5.jar to /tmp/spark-72c2fe03-b917-4ef8-90ee-c2a80af6a0fb/userFiles-236c08cc-e0b0-4b0e-b3dc-66f4e430d0f0/org.mongodb_mongodb-driver-core-4.0.5.jar
[2023-01-29T08:32:22.761+0000] {spark_submit.py:495} INFO - 23/01/29 08:32:22 INFO Executor: Starting executor ID driver on host 15c99fd3082a
[2023-01-29T08:32:22.770+0000] {spark_submit.py:495} INFO - 23/01/29 08:32:22 INFO Executor: Starting executor with user classpath (userClassPathFirst = false): ''
[2023-01-29T08:32:22.780+0000] {spark_submit.py:495} INFO - 23/01/29 08:32:22 INFO Executor: Fetching file:///home/***/.ivy2/jars/org.apache.spark_spark-token-provider-kafka-0-10_2.12-3.1.3.jar with timestamp 1674981141788
[2023-01-29T08:32:22.795+0000] {spark_submit.py:495} INFO - 23/01/29 08:32:22 INFO Utils: /home/***/.ivy2/jars/org.apache.spark_spark-token-provider-kafka-0-10_2.12-3.1.3.jar has been previously copied to /tmp/spark-72c2fe03-b917-4ef8-90ee-c2a80af6a0fb/userFiles-236c08cc-e0b0-4b0e-b3dc-66f4e430d0f0/org.apache.spark_spark-token-provider-kafka-0-10_2.12-3.1.3.jar
[2023-01-29T08:32:22.801+0000] {spark_submit.py:495} INFO - 23/01/29 08:32:22 INFO Executor: Fetching file:///home/***/.ivy2/jars/org.mongodb_mongodb-driver-sync-4.0.5.jar with timestamp 1674981141788
[2023-01-29T08:32:22.803+0000] {spark_submit.py:495} INFO - 23/01/29 08:32:22 INFO Utils: /home/***/.ivy2/jars/org.mongodb_mongodb-driver-sync-4.0.5.jar has been previously copied to /tmp/spark-72c2fe03-b917-4ef8-90ee-c2a80af6a0fb/userFiles-236c08cc-e0b0-4b0e-b3dc-66f4e430d0f0/org.mongodb_mongodb-driver-sync-4.0.5.jar
[2023-01-29T08:32:22.809+0000] {spark_submit.py:495} INFO - 23/01/29 08:32:22 INFO Executor: Fetching file:///home/***/.ivy2/jars/org.apache.kafka_kafka-clients-2.6.0.jar with timestamp 1674981141788
[2023-01-29T08:32:22.818+0000] {spark_submit.py:495} INFO - 23/01/29 08:32:22 INFO Utils: /home/***/.ivy2/jars/org.apache.kafka_kafka-clients-2.6.0.jar has been previously copied to /tmp/spark-72c2fe03-b917-4ef8-90ee-c2a80af6a0fb/userFiles-236c08cc-e0b0-4b0e-b3dc-66f4e430d0f0/org.apache.kafka_kafka-clients-2.6.0.jar
[2023-01-29T08:32:22.826+0000] {spark_submit.py:495} INFO - 23/01/29 08:32:22 INFO Executor: Fetching file:///home/***/.ivy2/jars/org.mongodb_bson-4.0.5.jar with timestamp 1674981141788
[2023-01-29T08:32:22.829+0000] {spark_submit.py:495} INFO - 23/01/29 08:32:22 INFO Utils: /home/***/.ivy2/jars/org.mongodb_bson-4.0.5.jar has been previously copied to /tmp/spark-72c2fe03-b917-4ef8-90ee-c2a80af6a0fb/userFiles-236c08cc-e0b0-4b0e-b3dc-66f4e430d0f0/org.mongodb_bson-4.0.5.jar
[2023-01-29T08:32:22.838+0000] {spark_submit.py:495} INFO - 23/01/29 08:32:22 INFO Executor: Fetching file:///home/***/.ivy2/jars/com.github.luben_zstd-jni-1.4.8-1.jar with timestamp 1674981141788
[2023-01-29T08:32:22.844+0000] {spark_submit.py:495} INFO - 23/01/29 08:32:22 INFO Utils: /home/***/.ivy2/jars/com.github.luben_zstd-jni-1.4.8-1.jar has been previously copied to /tmp/spark-72c2fe03-b917-4ef8-90ee-c2a80af6a0fb/userFiles-236c08cc-e0b0-4b0e-b3dc-66f4e430d0f0/com.github.luben_zstd-jni-1.4.8-1.jar
[2023-01-29T08:32:22.854+0000] {spark_submit.py:495} INFO - 23/01/29 08:32:22 INFO Executor: Fetching file:///home/***/.ivy2/jars/org.lz4_lz4-java-1.7.1.jar with timestamp 1674981141788
[2023-01-29T08:32:22.854+0000] {spark_submit.py:495} INFO - 23/01/29 08:32:22 INFO Utils: /home/***/.ivy2/jars/org.lz4_lz4-java-1.7.1.jar has been previously copied to /tmp/spark-72c2fe03-b917-4ef8-90ee-c2a80af6a0fb/userFiles-236c08cc-e0b0-4b0e-b3dc-66f4e430d0f0/org.lz4_lz4-java-1.7.1.jar
[2023-01-29T08:32:22.869+0000] {spark_submit.py:495} INFO - 23/01/29 08:32:22 INFO Executor: Fetching file:///home/***/.ivy2/jars/org.spark-project.spark_unused-1.0.0.jar with timestamp 1674981141788
[2023-01-29T08:32:22.869+0000] {spark_submit.py:495} INFO - 23/01/29 08:32:22 INFO Utils: /home/***/.ivy2/jars/org.spark-project.spark_unused-1.0.0.jar has been previously copied to /tmp/spark-72c2fe03-b917-4ef8-90ee-c2a80af6a0fb/userFiles-236c08cc-e0b0-4b0e-b3dc-66f4e430d0f0/org.spark-project.spark_unused-1.0.0.jar
[2023-01-29T08:32:22.876+0000] {spark_submit.py:495} INFO - 23/01/29 08:32:22 INFO Executor: Fetching file:///home/***/.ivy2/jars/org.xerial.snappy_snappy-java-1.1.8.2.jar with timestamp 1674981141788
[2023-01-29T08:32:22.876+0000] {spark_submit.py:495} INFO - 23/01/29 08:32:22 INFO Utils: /home/***/.ivy2/jars/org.xerial.snappy_snappy-java-1.1.8.2.jar has been previously copied to /tmp/spark-72c2fe03-b917-4ef8-90ee-c2a80af6a0fb/userFiles-236c08cc-e0b0-4b0e-b3dc-66f4e430d0f0/org.xerial.snappy_snappy-java-1.1.8.2.jar
[2023-01-29T08:32:22.886+0000] {spark_submit.py:495} INFO - 23/01/29 08:32:22 INFO Executor: Fetching file:///home/***/.ivy2/jars/org.mongodb_mongodb-driver-core-4.0.5.jar with timestamp 1674981141788
[2023-01-29T08:32:22.888+0000] {spark_submit.py:495} INFO - 23/01/29 08:32:22 INFO Utils: /home/***/.ivy2/jars/org.mongodb_mongodb-driver-core-4.0.5.jar has been previously copied to /tmp/spark-72c2fe03-b917-4ef8-90ee-c2a80af6a0fb/userFiles-236c08cc-e0b0-4b0e-b3dc-66f4e430d0f0/org.mongodb_mongodb-driver-core-4.0.5.jar
[2023-01-29T08:32:22.900+0000] {spark_submit.py:495} INFO - 23/01/29 08:32:22 INFO Executor: Fetching file:///home/***/.ivy2/jars/org.apache.spark_spark-sql-kafka-0-10_2.12-3.1.3.jar with timestamp 1674981141788
[2023-01-29T08:32:22.903+0000] {spark_submit.py:495} INFO - 23/01/29 08:32:22 INFO Utils: /home/***/.ivy2/jars/org.apache.spark_spark-sql-kafka-0-10_2.12-3.1.3.jar has been previously copied to /tmp/spark-72c2fe03-b917-4ef8-90ee-c2a80af6a0fb/userFiles-236c08cc-e0b0-4b0e-b3dc-66f4e430d0f0/org.apache.spark_spark-sql-kafka-0-10_2.12-3.1.3.jar
[2023-01-29T08:32:22.917+0000] {spark_submit.py:495} INFO - 23/01/29 08:32:22 INFO Executor: Fetching file:///home/***/.ivy2/jars/org.mongodb.spark_mongo-spark-connector_2.12-3.0.1.jar with timestamp 1674981141788
[2023-01-29T08:32:22.918+0000] {spark_submit.py:495} INFO - 23/01/29 08:32:22 INFO Utils: /home/***/.ivy2/jars/org.mongodb.spark_mongo-spark-connector_2.12-3.0.1.jar has been previously copied to /tmp/spark-72c2fe03-b917-4ef8-90ee-c2a80af6a0fb/userFiles-236c08cc-e0b0-4b0e-b3dc-66f4e430d0f0/org.mongodb.spark_mongo-spark-connector_2.12-3.0.1.jar
[2023-01-29T08:32:22.942+0000] {spark_submit.py:495} INFO - 23/01/29 08:32:22 INFO Executor: Fetching file:///home/***/.ivy2/jars/org.apache.commons_commons-pool2-2.6.2.jar with timestamp 1674981141788
[2023-01-29T08:32:22.942+0000] {spark_submit.py:495} INFO - 23/01/29 08:32:22 INFO Utils: /home/***/.ivy2/jars/org.apache.commons_commons-pool2-2.6.2.jar has been previously copied to /tmp/spark-72c2fe03-b917-4ef8-90ee-c2a80af6a0fb/userFiles-236c08cc-e0b0-4b0e-b3dc-66f4e430d0f0/org.apache.commons_commons-pool2-2.6.2.jar
[2023-01-29T08:32:22.958+0000] {spark_submit.py:495} INFO - 23/01/29 08:32:22 INFO Executor: Fetching file:///home/***/.ivy2/jars/org.slf4j_slf4j-api-1.7.30.jar with timestamp 1674981141788
[2023-01-29T08:32:22.958+0000] {spark_submit.py:495} INFO - 23/01/29 08:32:22 INFO Utils: /home/***/.ivy2/jars/org.slf4j_slf4j-api-1.7.30.jar has been previously copied to /tmp/spark-72c2fe03-b917-4ef8-90ee-c2a80af6a0fb/userFiles-236c08cc-e0b0-4b0e-b3dc-66f4e430d0f0/org.slf4j_slf4j-api-1.7.30.jar
[2023-01-29T08:32:22.970+0000] {spark_submit.py:495} INFO - 23/01/29 08:32:22 INFO Executor: Fetching spark://15c99fd3082a:34851/jars/org.apache.commons_commons-pool2-2.6.2.jar with timestamp 1674981141788
[2023-01-29T08:32:23.011+0000] {spark_submit.py:495} INFO - 23/01/29 08:32:23 INFO TransportClientFactory: Successfully created connection to 15c99fd3082a/172.20.0.4:34851 after 30 ms (0 ms spent in bootstraps)
[2023-01-29T08:32:23.020+0000] {spark_submit.py:495} INFO - 23/01/29 08:32:23 INFO Utils: Fetching spark://15c99fd3082a:34851/jars/org.apache.commons_commons-pool2-2.6.2.jar to /tmp/spark-72c2fe03-b917-4ef8-90ee-c2a80af6a0fb/userFiles-236c08cc-e0b0-4b0e-b3dc-66f4e430d0f0/fetchFileTemp14824424963104905356.tmp
[2023-01-29T08:32:23.059+0000] {spark_submit.py:495} INFO - 23/01/29 08:32:23 INFO Utils: /tmp/spark-72c2fe03-b917-4ef8-90ee-c2a80af6a0fb/userFiles-236c08cc-e0b0-4b0e-b3dc-66f4e430d0f0/fetchFileTemp14824424963104905356.tmp has been previously copied to /tmp/spark-72c2fe03-b917-4ef8-90ee-c2a80af6a0fb/userFiles-236c08cc-e0b0-4b0e-b3dc-66f4e430d0f0/org.apache.commons_commons-pool2-2.6.2.jar
[2023-01-29T08:32:23.062+0000] {spark_submit.py:495} INFO - 23/01/29 08:32:23 INFO Executor: Adding file:/tmp/spark-72c2fe03-b917-4ef8-90ee-c2a80af6a0fb/userFiles-236c08cc-e0b0-4b0e-b3dc-66f4e430d0f0/org.apache.commons_commons-pool2-2.6.2.jar to class loader
[2023-01-29T08:32:23.062+0000] {spark_submit.py:495} INFO - 23/01/29 08:32:23 INFO Executor: Fetching spark://15c99fd3082a:34851/jars/org.xerial.snappy_snappy-java-1.1.8.2.jar with timestamp 1674981141788
[2023-01-29T08:32:23.063+0000] {spark_submit.py:495} INFO - 23/01/29 08:32:23 INFO Utils: Fetching spark://15c99fd3082a:34851/jars/org.xerial.snappy_snappy-java-1.1.8.2.jar to /tmp/spark-72c2fe03-b917-4ef8-90ee-c2a80af6a0fb/userFiles-236c08cc-e0b0-4b0e-b3dc-66f4e430d0f0/fetchFileTemp11282786453604323586.tmp
[2023-01-29T08:32:23.077+0000] {spark_submit.py:495} INFO - 23/01/29 08:32:23 INFO Utils: /tmp/spark-72c2fe03-b917-4ef8-90ee-c2a80af6a0fb/userFiles-236c08cc-e0b0-4b0e-b3dc-66f4e430d0f0/fetchFileTemp11282786453604323586.tmp has been previously copied to /tmp/spark-72c2fe03-b917-4ef8-90ee-c2a80af6a0fb/userFiles-236c08cc-e0b0-4b0e-b3dc-66f4e430d0f0/org.xerial.snappy_snappy-java-1.1.8.2.jar
[2023-01-29T08:32:23.080+0000] {spark_submit.py:495} INFO - 23/01/29 08:32:23 INFO Executor: Adding file:/tmp/spark-72c2fe03-b917-4ef8-90ee-c2a80af6a0fb/userFiles-236c08cc-e0b0-4b0e-b3dc-66f4e430d0f0/org.xerial.snappy_snappy-java-1.1.8.2.jar to class loader
[2023-01-29T08:32:23.081+0000] {spark_submit.py:495} INFO - 23/01/29 08:32:23 INFO Executor: Fetching spark://15c99fd3082a:34851/jars/org.mongodb_mongodb-driver-core-4.0.5.jar with timestamp 1674981141788
[2023-01-29T08:32:23.081+0000] {spark_submit.py:495} INFO - 23/01/29 08:32:23 INFO Utils: Fetching spark://15c99fd3082a:34851/jars/org.mongodb_mongodb-driver-core-4.0.5.jar to /tmp/spark-72c2fe03-b917-4ef8-90ee-c2a80af6a0fb/userFiles-236c08cc-e0b0-4b0e-b3dc-66f4e430d0f0/fetchFileTemp16853095576887557472.tmp
[2023-01-29T08:32:23.089+0000] {spark_submit.py:495} INFO - 23/01/29 08:32:23 INFO Utils: /tmp/spark-72c2fe03-b917-4ef8-90ee-c2a80af6a0fb/userFiles-236c08cc-e0b0-4b0e-b3dc-66f4e430d0f0/fetchFileTemp16853095576887557472.tmp has been previously copied to /tmp/spark-72c2fe03-b917-4ef8-90ee-c2a80af6a0fb/userFiles-236c08cc-e0b0-4b0e-b3dc-66f4e430d0f0/org.mongodb_mongodb-driver-core-4.0.5.jar
[2023-01-29T08:32:23.093+0000] {spark_submit.py:495} INFO - 23/01/29 08:32:23 INFO Executor: Adding file:/tmp/spark-72c2fe03-b917-4ef8-90ee-c2a80af6a0fb/userFiles-236c08cc-e0b0-4b0e-b3dc-66f4e430d0f0/org.mongodb_mongodb-driver-core-4.0.5.jar to class loader
[2023-01-29T08:32:23.093+0000] {spark_submit.py:495} INFO - 23/01/29 08:32:23 INFO Executor: Fetching spark://15c99fd3082a:34851/jars/org.spark-project.spark_unused-1.0.0.jar with timestamp 1674981141788
[2023-01-29T08:32:23.094+0000] {spark_submit.py:495} INFO - 23/01/29 08:32:23 INFO Utils: Fetching spark://15c99fd3082a:34851/jars/org.spark-project.spark_unused-1.0.0.jar to /tmp/spark-72c2fe03-b917-4ef8-90ee-c2a80af6a0fb/userFiles-236c08cc-e0b0-4b0e-b3dc-66f4e430d0f0/fetchFileTemp3370526328513335533.tmp
[2023-01-29T08:32:23.096+0000] {spark_submit.py:495} INFO - 23/01/29 08:32:23 INFO Utils: /tmp/spark-72c2fe03-b917-4ef8-90ee-c2a80af6a0fb/userFiles-236c08cc-e0b0-4b0e-b3dc-66f4e430d0f0/fetchFileTemp3370526328513335533.tmp has been previously copied to /tmp/spark-72c2fe03-b917-4ef8-90ee-c2a80af6a0fb/userFiles-236c08cc-e0b0-4b0e-b3dc-66f4e430d0f0/org.spark-project.spark_unused-1.0.0.jar
[2023-01-29T08:32:23.099+0000] {spark_submit.py:495} INFO - 23/01/29 08:32:23 INFO Executor: Adding file:/tmp/spark-72c2fe03-b917-4ef8-90ee-c2a80af6a0fb/userFiles-236c08cc-e0b0-4b0e-b3dc-66f4e430d0f0/org.spark-project.spark_unused-1.0.0.jar to class loader
[2023-01-29T08:32:23.099+0000] {spark_submit.py:495} INFO - 23/01/29 08:32:23 INFO Executor: Fetching spark://15c99fd3082a:34851/jars/org.slf4j_slf4j-api-1.7.30.jar with timestamp 1674981141788
[2023-01-29T08:32:23.100+0000] {spark_submit.py:495} INFO - 23/01/29 08:32:23 INFO Utils: Fetching spark://15c99fd3082a:34851/jars/org.slf4j_slf4j-api-1.7.30.jar to /tmp/spark-72c2fe03-b917-4ef8-90ee-c2a80af6a0fb/userFiles-236c08cc-e0b0-4b0e-b3dc-66f4e430d0f0/fetchFileTemp5579420196818494102.tmp
[2023-01-29T08:32:23.101+0000] {spark_submit.py:495} INFO - 23/01/29 08:32:23 INFO Utils: /tmp/spark-72c2fe03-b917-4ef8-90ee-c2a80af6a0fb/userFiles-236c08cc-e0b0-4b0e-b3dc-66f4e430d0f0/fetchFileTemp5579420196818494102.tmp has been previously copied to /tmp/spark-72c2fe03-b917-4ef8-90ee-c2a80af6a0fb/userFiles-236c08cc-e0b0-4b0e-b3dc-66f4e430d0f0/org.slf4j_slf4j-api-1.7.30.jar
[2023-01-29T08:32:23.107+0000] {spark_submit.py:495} INFO - 23/01/29 08:32:23 INFO Executor: Adding file:/tmp/spark-72c2fe03-b917-4ef8-90ee-c2a80af6a0fb/userFiles-236c08cc-e0b0-4b0e-b3dc-66f4e430d0f0/org.slf4j_slf4j-api-1.7.30.jar to class loader
[2023-01-29T08:32:23.107+0000] {spark_submit.py:495} INFO - 23/01/29 08:32:23 INFO Executor: Fetching spark://15c99fd3082a:34851/jars/org.mongodb.spark_mongo-spark-connector_2.12-3.0.1.jar with timestamp 1674981141788
[2023-01-29T08:32:23.108+0000] {spark_submit.py:495} INFO - 23/01/29 08:32:23 INFO Utils: Fetching spark://15c99fd3082a:34851/jars/org.mongodb.spark_mongo-spark-connector_2.12-3.0.1.jar to /tmp/spark-72c2fe03-b917-4ef8-90ee-c2a80af6a0fb/userFiles-236c08cc-e0b0-4b0e-b3dc-66f4e430d0f0/fetchFileTemp16415671299419875391.tmp
[2023-01-29T08:32:23.111+0000] {spark_submit.py:495} INFO - 23/01/29 08:32:23 INFO Utils: /tmp/spark-72c2fe03-b917-4ef8-90ee-c2a80af6a0fb/userFiles-236c08cc-e0b0-4b0e-b3dc-66f4e430d0f0/fetchFileTemp16415671299419875391.tmp has been previously copied to /tmp/spark-72c2fe03-b917-4ef8-90ee-c2a80af6a0fb/userFiles-236c08cc-e0b0-4b0e-b3dc-66f4e430d0f0/org.mongodb.spark_mongo-spark-connector_2.12-3.0.1.jar
[2023-01-29T08:32:23.115+0000] {spark_submit.py:495} INFO - 23/01/29 08:32:23 INFO Executor: Adding file:/tmp/spark-72c2fe03-b917-4ef8-90ee-c2a80af6a0fb/userFiles-236c08cc-e0b0-4b0e-b3dc-66f4e430d0f0/org.mongodb.spark_mongo-spark-connector_2.12-3.0.1.jar to class loader
[2023-01-29T08:32:23.115+0000] {spark_submit.py:495} INFO - 23/01/29 08:32:23 INFO Executor: Fetching spark://15c99fd3082a:34851/jars/com.github.luben_zstd-jni-1.4.8-1.jar with timestamp 1674981141788
[2023-01-29T08:32:23.115+0000] {spark_submit.py:495} INFO - 23/01/29 08:32:23 INFO Utils: Fetching spark://15c99fd3082a:34851/jars/com.github.luben_zstd-jni-1.4.8-1.jar to /tmp/spark-72c2fe03-b917-4ef8-90ee-c2a80af6a0fb/userFiles-236c08cc-e0b0-4b0e-b3dc-66f4e430d0f0/fetchFileTemp4463808725584519860.tmp
[2023-01-29T08:32:23.140+0000] {spark_submit.py:495} INFO - 23/01/29 08:32:23 INFO Utils: /tmp/spark-72c2fe03-b917-4ef8-90ee-c2a80af6a0fb/userFiles-236c08cc-e0b0-4b0e-b3dc-66f4e430d0f0/fetchFileTemp4463808725584519860.tmp has been previously copied to /tmp/spark-72c2fe03-b917-4ef8-90ee-c2a80af6a0fb/userFiles-236c08cc-e0b0-4b0e-b3dc-66f4e430d0f0/com.github.luben_zstd-jni-1.4.8-1.jar
[2023-01-29T08:32:23.153+0000] {spark_submit.py:495} INFO - 23/01/29 08:32:23 INFO Executor: Adding file:/tmp/spark-72c2fe03-b917-4ef8-90ee-c2a80af6a0fb/userFiles-236c08cc-e0b0-4b0e-b3dc-66f4e430d0f0/com.github.luben_zstd-jni-1.4.8-1.jar to class loader
[2023-01-29T08:32:23.153+0000] {spark_submit.py:495} INFO - 23/01/29 08:32:23 INFO Executor: Fetching spark://15c99fd3082a:34851/jars/org.mongodb_bson-4.0.5.jar with timestamp 1674981141788
[2023-01-29T08:32:23.157+0000] {spark_submit.py:495} INFO - 23/01/29 08:32:23 INFO Utils: Fetching spark://15c99fd3082a:34851/jars/org.mongodb_bson-4.0.5.jar to /tmp/spark-72c2fe03-b917-4ef8-90ee-c2a80af6a0fb/userFiles-236c08cc-e0b0-4b0e-b3dc-66f4e430d0f0/fetchFileTemp5349645537701571839.tmp
[2023-01-29T08:32:23.159+0000] {spark_submit.py:495} INFO - 23/01/29 08:32:23 INFO Utils: /tmp/spark-72c2fe03-b917-4ef8-90ee-c2a80af6a0fb/userFiles-236c08cc-e0b0-4b0e-b3dc-66f4e430d0f0/fetchFileTemp5349645537701571839.tmp has been previously copied to /tmp/spark-72c2fe03-b917-4ef8-90ee-c2a80af6a0fb/userFiles-236c08cc-e0b0-4b0e-b3dc-66f4e430d0f0/org.mongodb_bson-4.0.5.jar
[2023-01-29T08:32:23.162+0000] {spark_submit.py:495} INFO - 23/01/29 08:32:23 INFO Executor: Adding file:/tmp/spark-72c2fe03-b917-4ef8-90ee-c2a80af6a0fb/userFiles-236c08cc-e0b0-4b0e-b3dc-66f4e430d0f0/org.mongodb_bson-4.0.5.jar to class loader
[2023-01-29T08:32:23.162+0000] {spark_submit.py:495} INFO - 23/01/29 08:32:23 INFO Executor: Fetching spark://15c99fd3082a:34851/jars/org.mongodb_mongodb-driver-sync-4.0.5.jar with timestamp 1674981141788
[2023-01-29T08:32:23.163+0000] {spark_submit.py:495} INFO - 23/01/29 08:32:23 INFO Utils: Fetching spark://15c99fd3082a:34851/jars/org.mongodb_mongodb-driver-sync-4.0.5.jar to /tmp/spark-72c2fe03-b917-4ef8-90ee-c2a80af6a0fb/userFiles-236c08cc-e0b0-4b0e-b3dc-66f4e430d0f0/fetchFileTemp18193410580642701529.tmp
[2023-01-29T08:32:23.165+0000] {spark_submit.py:495} INFO - 23/01/29 08:32:23 INFO Utils: /tmp/spark-72c2fe03-b917-4ef8-90ee-c2a80af6a0fb/userFiles-236c08cc-e0b0-4b0e-b3dc-66f4e430d0f0/fetchFileTemp18193410580642701529.tmp has been previously copied to /tmp/spark-72c2fe03-b917-4ef8-90ee-c2a80af6a0fb/userFiles-236c08cc-e0b0-4b0e-b3dc-66f4e430d0f0/org.mongodb_mongodb-driver-sync-4.0.5.jar
[2023-01-29T08:32:23.167+0000] {spark_submit.py:495} INFO - 23/01/29 08:32:23 INFO Executor: Adding file:/tmp/spark-72c2fe03-b917-4ef8-90ee-c2a80af6a0fb/userFiles-236c08cc-e0b0-4b0e-b3dc-66f4e430d0f0/org.mongodb_mongodb-driver-sync-4.0.5.jar to class loader
[2023-01-29T08:32:23.167+0000] {spark_submit.py:495} INFO - 23/01/29 08:32:23 INFO Executor: Fetching spark://15c99fd3082a:34851/jars/org.lz4_lz4-java-1.7.1.jar with timestamp 1674981141788
[2023-01-29T08:32:23.168+0000] {spark_submit.py:495} INFO - 23/01/29 08:32:23 INFO Utils: Fetching spark://15c99fd3082a:34851/jars/org.lz4_lz4-java-1.7.1.jar to /tmp/spark-72c2fe03-b917-4ef8-90ee-c2a80af6a0fb/userFiles-236c08cc-e0b0-4b0e-b3dc-66f4e430d0f0/fetchFileTemp7485391973632356977.tmp
[2023-01-29T08:32:23.172+0000] {spark_submit.py:495} INFO - 23/01/29 08:32:23 INFO Utils: /tmp/spark-72c2fe03-b917-4ef8-90ee-c2a80af6a0fb/userFiles-236c08cc-e0b0-4b0e-b3dc-66f4e430d0f0/fetchFileTemp7485391973632356977.tmp has been previously copied to /tmp/spark-72c2fe03-b917-4ef8-90ee-c2a80af6a0fb/userFiles-236c08cc-e0b0-4b0e-b3dc-66f4e430d0f0/org.lz4_lz4-java-1.7.1.jar
[2023-01-29T08:32:23.175+0000] {spark_submit.py:495} INFO - 23/01/29 08:32:23 INFO Executor: Adding file:/tmp/spark-72c2fe03-b917-4ef8-90ee-c2a80af6a0fb/userFiles-236c08cc-e0b0-4b0e-b3dc-66f4e430d0f0/org.lz4_lz4-java-1.7.1.jar to class loader
[2023-01-29T08:32:23.175+0000] {spark_submit.py:495} INFO - 23/01/29 08:32:23 INFO Executor: Fetching spark://15c99fd3082a:34851/jars/org.apache.spark_spark-sql-kafka-0-10_2.12-3.1.3.jar with timestamp 1674981141788
[2023-01-29T08:32:23.175+0000] {spark_submit.py:495} INFO - 23/01/29 08:32:23 INFO Utils: Fetching spark://15c99fd3082a:34851/jars/org.apache.spark_spark-sql-kafka-0-10_2.12-3.1.3.jar to /tmp/spark-72c2fe03-b917-4ef8-90ee-c2a80af6a0fb/userFiles-236c08cc-e0b0-4b0e-b3dc-66f4e430d0f0/fetchFileTemp218624410709380369.tmp
[2023-01-29T08:32:23.177+0000] {spark_submit.py:495} INFO - 23/01/29 08:32:23 INFO Utils: /tmp/spark-72c2fe03-b917-4ef8-90ee-c2a80af6a0fb/userFiles-236c08cc-e0b0-4b0e-b3dc-66f4e430d0f0/fetchFileTemp218624410709380369.tmp has been previously copied to /tmp/spark-72c2fe03-b917-4ef8-90ee-c2a80af6a0fb/userFiles-236c08cc-e0b0-4b0e-b3dc-66f4e430d0f0/org.apache.spark_spark-sql-kafka-0-10_2.12-3.1.3.jar
[2023-01-29T08:32:23.181+0000] {spark_submit.py:495} INFO - 23/01/29 08:32:23 INFO Executor: Adding file:/tmp/spark-72c2fe03-b917-4ef8-90ee-c2a80af6a0fb/userFiles-236c08cc-e0b0-4b0e-b3dc-66f4e430d0f0/org.apache.spark_spark-sql-kafka-0-10_2.12-3.1.3.jar to class loader
[2023-01-29T08:32:23.181+0000] {spark_submit.py:495} INFO - 23/01/29 08:32:23 INFO Executor: Fetching spark://15c99fd3082a:34851/jars/org.apache.spark_spark-token-provider-kafka-0-10_2.12-3.1.3.jar with timestamp 1674981141788
[2023-01-29T08:32:23.181+0000] {spark_submit.py:495} INFO - 23/01/29 08:32:23 INFO Utils: Fetching spark://15c99fd3082a:34851/jars/org.apache.spark_spark-token-provider-kafka-0-10_2.12-3.1.3.jar to /tmp/spark-72c2fe03-b917-4ef8-90ee-c2a80af6a0fb/userFiles-236c08cc-e0b0-4b0e-b3dc-66f4e430d0f0/fetchFileTemp15444247844609749303.tmp
[2023-01-29T08:32:23.185+0000] {spark_submit.py:495} INFO - 23/01/29 08:32:23 INFO Utils: /tmp/spark-72c2fe03-b917-4ef8-90ee-c2a80af6a0fb/userFiles-236c08cc-e0b0-4b0e-b3dc-66f4e430d0f0/fetchFileTemp15444247844609749303.tmp has been previously copied to /tmp/spark-72c2fe03-b917-4ef8-90ee-c2a80af6a0fb/userFiles-236c08cc-e0b0-4b0e-b3dc-66f4e430d0f0/org.apache.spark_spark-token-provider-kafka-0-10_2.12-3.1.3.jar
[2023-01-29T08:32:23.185+0000] {spark_submit.py:495} INFO - 23/01/29 08:32:23 INFO Executor: Adding file:/tmp/spark-72c2fe03-b917-4ef8-90ee-c2a80af6a0fb/userFiles-236c08cc-e0b0-4b0e-b3dc-66f4e430d0f0/org.apache.spark_spark-token-provider-kafka-0-10_2.12-3.1.3.jar to class loader
[2023-01-29T08:32:23.186+0000] {spark_submit.py:495} INFO - 23/01/29 08:32:23 INFO Executor: Fetching spark://15c99fd3082a:34851/jars/org.apache.kafka_kafka-clients-2.6.0.jar with timestamp 1674981141788
[2023-01-29T08:32:23.186+0000] {spark_submit.py:495} INFO - 23/01/29 08:32:23 INFO Utils: Fetching spark://15c99fd3082a:34851/jars/org.apache.kafka_kafka-clients-2.6.0.jar to /tmp/spark-72c2fe03-b917-4ef8-90ee-c2a80af6a0fb/userFiles-236c08cc-e0b0-4b0e-b3dc-66f4e430d0f0/fetchFileTemp5350857972565051827.tmp
[2023-01-29T08:32:23.203+0000] {spark_submit.py:495} INFO - 23/01/29 08:32:23 INFO Utils: /tmp/spark-72c2fe03-b917-4ef8-90ee-c2a80af6a0fb/userFiles-236c08cc-e0b0-4b0e-b3dc-66f4e430d0f0/fetchFileTemp5350857972565051827.tmp has been previously copied to /tmp/spark-72c2fe03-b917-4ef8-90ee-c2a80af6a0fb/userFiles-236c08cc-e0b0-4b0e-b3dc-66f4e430d0f0/org.apache.kafka_kafka-clients-2.6.0.jar
[2023-01-29T08:32:23.212+0000] {spark_submit.py:495} INFO - 23/01/29 08:32:23 INFO Executor: Adding file:/tmp/spark-72c2fe03-b917-4ef8-90ee-c2a80af6a0fb/userFiles-236c08cc-e0b0-4b0e-b3dc-66f4e430d0f0/org.apache.kafka_kafka-clients-2.6.0.jar to class loader
[2023-01-29T08:32:23.218+0000] {spark_submit.py:495} INFO - 23/01/29 08:32:23 INFO Utils: Successfully started service 'org.apache.spark.network.netty.NettyBlockTransferService' on port 33529.
[2023-01-29T08:32:23.219+0000] {spark_submit.py:495} INFO - 23/01/29 08:32:23 INFO NettyBlockTransferService: Server created on 15c99fd3082a:33529
[2023-01-29T08:32:23.220+0000] {spark_submit.py:495} INFO - 23/01/29 08:32:23 INFO BlockManager: Using org.apache.spark.storage.RandomBlockReplicationPolicy for block replication policy
[2023-01-29T08:32:23.224+0000] {spark_submit.py:495} INFO - 23/01/29 08:32:23 INFO BlockManagerMaster: Registering BlockManager BlockManagerId(driver, 15c99fd3082a, 33529, None)
[2023-01-29T08:32:23.228+0000] {spark_submit.py:495} INFO - 23/01/29 08:32:23 INFO BlockManagerMasterEndpoint: Registering block manager 15c99fd3082a:33529 with 434.4 MiB RAM, BlockManagerId(driver, 15c99fd3082a, 33529, None)
[2023-01-29T08:32:23.229+0000] {spark_submit.py:495} INFO - 23/01/29 08:32:23 INFO BlockManagerMaster: Registered BlockManager BlockManagerId(driver, 15c99fd3082a, 33529, None)
[2023-01-29T08:32:23.229+0000] {spark_submit.py:495} INFO - 23/01/29 08:32:23 INFO BlockManager: Initialized BlockManager: BlockManagerId(driver, 15c99fd3082a, 33529, None)
[2023-01-29T08:32:26.531+0000] {spark_submit.py:495} INFO - 2023-01-29 08:32:26,531 - py4j.java_gateway - INFO - Callback Server Starting
[2023-01-29T08:32:26.532+0000] {spark_submit.py:495} INFO - 2023-01-29 08:32:26,532 - py4j.java_gateway - INFO - Socket listening on ('127.0.0.1', 33239)
[2023-01-29T08:32:28.576+0000] {local_task_job.py:224} WARNING - State of this instance has been externally set to up_for_retry. Terminating instance.
[2023-01-29T08:32:28.580+0000] {process_utils.py:133} INFO - Sending Signals.SIGTERM to group 23734. PIDs of all processes in the group: [23735, 23788, 23734]
[2023-01-29T08:32:28.580+0000] {process_utils.py:84} INFO - Sending the signal Signals.SIGTERM to group 23734
[2023-01-29T08:32:28.580+0000] {taskinstance.py:1483} ERROR - Received SIGTERM. Terminating subprocesses.
[2023-01-29T08:32:28.581+0000] {spark_submit.py:620} INFO - Sending kill signal to spark-submit
[2023-01-29T08:32:28.595+0000] {taskinstance.py:1772} ERROR - Task failed with exception
Traceback (most recent call last):
  File "/home/airflow/.local/lib/python3.7/site-packages/airflow/providers/apache/spark/operators/spark_submit.py", line 157, in execute
    self._hook.submit(self._application)
  File "/home/airflow/.local/lib/python3.7/site-packages/airflow/providers/apache/spark/hooks/spark_submit.py", line 414, in submit
    self._process_spark_submit_log(iter(self._submit_sp.stdout))  # type: ignore
  File "/home/airflow/.local/lib/python3.7/site-packages/airflow/providers/apache/spark/hooks/spark_submit.py", line 463, in _process_spark_submit_log
    for line in itr:
  File "/home/airflow/.local/lib/python3.7/site-packages/airflow/models/taskinstance.py", line 1485, in signal_handler
    raise AirflowException("Task received SIGTERM signal")
airflow.exceptions.AirflowException: Task received SIGTERM signal
[2023-01-29T08:32:28.599+0000] {taskinstance.py:1327} INFO - Marking task as UP_FOR_RETRY. dag_id=Streaming_pipeline_meli, task_id=consumer_data_of_topic, execution_date=20230127T184927, start_date=20230129T083218, end_date=20230129T083228
[2023-01-29T08:32:28.613+0000] {standard_task_runner.py:105} ERROR - Failed to execute job 1209 for task consumer_data_of_topic (Task received SIGTERM signal; 23734)
[2023-01-29T08:32:28.641+0000] {process_utils.py:79} INFO - Process psutil.Process(pid=23734, status='terminated', exitcode=1, started='08:32:17') (23734) terminated with exit code 1
[2023-01-29T08:32:28.641+0000] {process_utils.py:79} INFO - Process psutil.Process(pid=23788, status='terminated', started='08:32:20') (23788) terminated with exit code None
[2023-01-29T08:32:28.641+0000] {process_utils.py:79} INFO - Process psutil.Process(pid=23735, status='terminated', started='08:32:17') (23735) terminated with exit code None
