[2023-01-30T22:01:20.751+0000] {taskinstance.py:1087} INFO - Dependencies all met for <TaskInstance: Streaming_pipeline_meli.consumer_data_of_topic manual__2023-01-27T18:49:27.597637+00:00 [queued]>
[2023-01-30T22:01:20.759+0000] {taskinstance.py:1087} INFO - Dependencies all met for <TaskInstance: Streaming_pipeline_meli.consumer_data_of_topic manual__2023-01-27T18:49:27.597637+00:00 [queued]>
[2023-01-30T22:01:20.760+0000] {taskinstance.py:1283} INFO - 
--------------------------------------------------------------------------------
[2023-01-30T22:01:20.760+0000] {taskinstance.py:1284} INFO - Starting attempt 110 of 115
[2023-01-30T22:01:20.760+0000] {taskinstance.py:1285} INFO - 
--------------------------------------------------------------------------------
[2023-01-30T22:01:20.773+0000] {taskinstance.py:1304} INFO - Executing <Task(SparkSubmitOperator): consumer_data_of_topic> on 2023-01-27 18:49:27.597637+00:00
[2023-01-30T22:01:20.777+0000] {standard_task_runner.py:55} INFO - Started process 45617 to run task
[2023-01-30T22:01:20.780+0000] {standard_task_runner.py:82} INFO - Running: ['***', 'tasks', 'run', 'Streaming_pipeline_meli', 'consumer_data_of_topic', 'manual__2023-01-27T18:49:27.597637+00:00', '--job-id', '1281', '--raw', '--subdir', 'DAGS_FOLDER/streamPipeline.py', '--cfg-path', '/tmp/tmpjjlkcps5']
[2023-01-30T22:01:20.781+0000] {standard_task_runner.py:83} INFO - Job 1281: Subtask consumer_data_of_topic
[2023-01-30T22:01:20.832+0000] {task_command.py:389} INFO - Running <TaskInstance: Streaming_pipeline_meli.consumer_data_of_topic manual__2023-01-27T18:49:27.597637+00:00 [running]> on host 15c99fd3082a
[2023-01-30T22:01:20.890+0000] {taskinstance.py:1513} INFO - Exporting the following env vars:
AIRFLOW_CTX_DAG_OWNER=***
AIRFLOW_CTX_DAG_ID=Streaming_pipeline_meli
AIRFLOW_CTX_TASK_ID=consumer_data_of_topic
AIRFLOW_CTX_EXECUTION_DATE=2023-01-27T18:49:27.597637+00:00
AIRFLOW_CTX_TRY_NUMBER=110
AIRFLOW_CTX_DAG_RUN_ID=manual__2023-01-27T18:49:27.597637+00:00
[2023-01-30T22:01:20.897+0000] {base.py:73} INFO - Using connection ID 'spark_default' for task execution.
[2023-01-30T22:01:20.898+0000] {spark_submit.py:344} INFO - Spark-Submit cmd: spark-submit --master spark://tomi-H310:7077 --packages org.apache.spark:spark-sql-kafka-0-10_2.12:3.1.3,org.mongodb.spark:mongo-spark-connector_2.12:3.0.1 --name arrow-spark --queue root.default /opt/***/dags/consumerSpark.py
[2023-01-30T22:01:20.998+0000] {spark_submit.py:495} INFO - /home/***/.local/lib/python3.7/site-packages/pyspark/bin/load-spark-env.sh: line 68: ps: command not found
[2023-01-30T22:01:22.448+0000] {spark_submit.py:495} INFO - :: loading settings :: url = jar:file:/home/***/.local/lib/python3.7/site-packages/pyspark/jars/ivy-2.5.0.jar!/org/apache/ivy/core/settings/ivysettings.xml
[2023-01-30T22:01:22.512+0000] {spark_submit.py:495} INFO - Ivy Default Cache set to: /home/***/.ivy2/cache
[2023-01-30T22:01:22.512+0000] {spark_submit.py:495} INFO - The jars for the packages stored in: /home/***/.ivy2/jars
[2023-01-30T22:01:22.517+0000] {spark_submit.py:495} INFO - org.apache.spark#spark-sql-kafka-0-10_2.12 added as a dependency
[2023-01-30T22:01:22.517+0000] {spark_submit.py:495} INFO - org.mongodb.spark#mongo-spark-connector_2.12 added as a dependency
[2023-01-30T22:01:22.518+0000] {spark_submit.py:495} INFO - :: resolving dependencies :: org.apache.spark#spark-submit-parent-f7f902db-3a06-43c2-8e87-e786e1dccd16;1.0
[2023-01-30T22:01:22.519+0000] {spark_submit.py:495} INFO - confs: [default]
[2023-01-30T22:01:22.706+0000] {spark_submit.py:495} INFO - found org.apache.spark#spark-sql-kafka-0-10_2.12;3.1.3 in central
[2023-01-30T22:01:22.764+0000] {spark_submit.py:495} INFO - found org.apache.spark#spark-token-provider-kafka-0-10_2.12;3.1.3 in central
[2023-01-30T22:01:22.796+0000] {spark_submit.py:495} INFO - found org.apache.kafka#kafka-clients;2.6.0 in central
[2023-01-30T22:01:22.835+0000] {spark_submit.py:495} INFO - found com.github.luben#zstd-jni;1.4.8-1 in central
[2023-01-30T22:01:22.858+0000] {spark_submit.py:495} INFO - found org.lz4#lz4-java;1.7.1 in central
[2023-01-30T22:01:22.889+0000] {spark_submit.py:495} INFO - found org.xerial.snappy#snappy-java;1.1.8.2 in central
[2023-01-30T22:01:22.916+0000] {spark_submit.py:495} INFO - found org.slf4j#slf4j-api;1.7.30 in central
[2023-01-30T22:01:22.951+0000] {spark_submit.py:495} INFO - found org.spark-project.spark#unused;1.0.0 in central
[2023-01-30T22:01:22.974+0000] {spark_submit.py:495} INFO - found org.apache.commons#commons-pool2;2.6.2 in central
[2023-01-30T22:01:22.989+0000] {spark_submit.py:495} INFO - found org.mongodb.spark#mongo-spark-connector_2.12;3.0.1 in central
[2023-01-30T22:01:22.998+0000] {spark_submit.py:495} INFO - found org.mongodb#mongodb-driver-sync;4.0.5 in central
[2023-01-30T22:01:23.014+0000] {spark_submit.py:495} INFO - found org.mongodb#bson;4.0.5 in central
[2023-01-30T22:01:23.023+0000] {spark_submit.py:495} INFO - found org.mongodb#mongodb-driver-core;4.0.5 in central
[2023-01-30T22:01:23.070+0000] {spark_submit.py:495} INFO - :: resolution report :: resolve 522ms :: artifacts dl 30ms
[2023-01-30T22:01:23.070+0000] {spark_submit.py:495} INFO - :: modules in use:
[2023-01-30T22:01:23.071+0000] {spark_submit.py:495} INFO - com.github.luben#zstd-jni;1.4.8-1 from central in [default]
[2023-01-30T22:01:23.071+0000] {spark_submit.py:495} INFO - org.apache.commons#commons-pool2;2.6.2 from central in [default]
[2023-01-30T22:01:23.071+0000] {spark_submit.py:495} INFO - org.apache.kafka#kafka-clients;2.6.0 from central in [default]
[2023-01-30T22:01:23.071+0000] {spark_submit.py:495} INFO - org.apache.spark#spark-sql-kafka-0-10_2.12;3.1.3 from central in [default]
[2023-01-30T22:01:23.071+0000] {spark_submit.py:495} INFO - org.apache.spark#spark-token-provider-kafka-0-10_2.12;3.1.3 from central in [default]
[2023-01-30T22:01:23.071+0000] {spark_submit.py:495} INFO - org.lz4#lz4-java;1.7.1 from central in [default]
[2023-01-30T22:01:23.071+0000] {spark_submit.py:495} INFO - org.mongodb#bson;4.0.5 from central in [default]
[2023-01-30T22:01:23.071+0000] {spark_submit.py:495} INFO - org.mongodb#mongodb-driver-core;4.0.5 from central in [default]
[2023-01-30T22:01:23.072+0000] {spark_submit.py:495} INFO - org.mongodb#mongodb-driver-sync;4.0.5 from central in [default]
[2023-01-30T22:01:23.072+0000] {spark_submit.py:495} INFO - org.mongodb.spark#mongo-spark-connector_2.12;3.0.1 from central in [default]
[2023-01-30T22:01:23.072+0000] {spark_submit.py:495} INFO - org.slf4j#slf4j-api;1.7.30 from central in [default]
[2023-01-30T22:01:23.072+0000] {spark_submit.py:495} INFO - org.spark-project.spark#unused;1.0.0 from central in [default]
[2023-01-30T22:01:23.072+0000] {spark_submit.py:495} INFO - org.xerial.snappy#snappy-java;1.1.8.2 from central in [default]
[2023-01-30T22:01:23.072+0000] {spark_submit.py:495} INFO - ---------------------------------------------------------------------
[2023-01-30T22:01:23.072+0000] {spark_submit.py:495} INFO - |                  |            modules            ||   artifacts   |
[2023-01-30T22:01:23.072+0000] {spark_submit.py:495} INFO - |       conf       | number| search|dwnlded|evicted|| number|dwnlded|
[2023-01-30T22:01:23.073+0000] {spark_submit.py:495} INFO - ---------------------------------------------------------------------
[2023-01-30T22:01:23.073+0000] {spark_submit.py:495} INFO - |      default     |   13  |   0   |   0   |   0   ||   13  |   0   |
[2023-01-30T22:01:23.073+0000] {spark_submit.py:495} INFO - ---------------------------------------------------------------------
[2023-01-30T22:01:23.084+0000] {spark_submit.py:495} INFO - :: retrieving :: org.apache.spark#spark-submit-parent-f7f902db-3a06-43c2-8e87-e786e1dccd16
[2023-01-30T22:01:23.084+0000] {spark_submit.py:495} INFO - confs: [default]
[2023-01-30T22:01:23.100+0000] {spark_submit.py:495} INFO - 0 artifacts copied, 13 already retrieved (0kB/16ms)
[2023-01-30T22:01:23.370+0000] {spark_submit.py:495} INFO - 23/01/30 22:01:23 WARN NativeCodeLoader: Unable to load native-hadoop library for your platform... using builtin-java classes where applicable
[2023-01-30T22:01:24.413+0000] {spark_submit.py:495} INFO - 23/01/30 22:01:24 INFO SparkContext: Running Spark version 3.3.1
[2023-01-30T22:01:24.436+0000] {spark_submit.py:495} INFO - 23/01/30 22:01:24 INFO ResourceUtils: ==============================================================
[2023-01-30T22:01:24.436+0000] {spark_submit.py:495} INFO - 23/01/30 22:01:24 INFO ResourceUtils: No custom resources configured for spark.driver.
[2023-01-30T22:01:24.437+0000] {spark_submit.py:495} INFO - 23/01/30 22:01:24 INFO ResourceUtils: ==============================================================
[2023-01-30T22:01:24.437+0000] {spark_submit.py:495} INFO - 23/01/30 22:01:24 INFO SparkContext: Submitted application: arrow-spark
[2023-01-30T22:01:24.454+0000] {spark_submit.py:495} INFO - 23/01/30 22:01:24 INFO ResourceProfile: Default ResourceProfile created, executor resources: Map(cores -> name: cores, amount: 1, script: , vendor: , memory -> name: memory, amount: 1024, script: , vendor: , offHeap -> name: offHeap, amount: 0, script: , vendor: ), task resources: Map(cpus -> name: cpus, amount: 1.0)
[2023-01-30T22:01:24.467+0000] {spark_submit.py:495} INFO - 23/01/30 22:01:24 INFO ResourceProfile: Limiting resource is cpu
[2023-01-30T22:01:24.468+0000] {spark_submit.py:495} INFO - 23/01/30 22:01:24 INFO ResourceProfileManager: Added ResourceProfile id: 0
[2023-01-30T22:01:24.507+0000] {spark_submit.py:495} INFO - 23/01/30 22:01:24 INFO SecurityManager: Changing view acls to: default
[2023-01-30T22:01:24.507+0000] {spark_submit.py:495} INFO - 23/01/30 22:01:24 INFO SecurityManager: Changing modify acls to: default
[2023-01-30T22:01:24.507+0000] {spark_submit.py:495} INFO - 23/01/30 22:01:24 INFO SecurityManager: Changing view acls groups to:
[2023-01-30T22:01:24.508+0000] {spark_submit.py:495} INFO - 23/01/30 22:01:24 INFO SecurityManager: Changing modify acls groups to:
[2023-01-30T22:01:24.508+0000] {spark_submit.py:495} INFO - 23/01/30 22:01:24 INFO SecurityManager: SecurityManager: authentication disabled; ui acls disabled; users  with view permissions: Set(default); groups with view permissions: Set(); users  with modify permissions: Set(default); groups with modify permissions: Set()
[2023-01-30T22:01:24.786+0000] {spark_submit.py:495} INFO - 23/01/30 22:01:24 INFO Utils: Successfully started service 'sparkDriver' on port 37119.
[2023-01-30T22:01:24.809+0000] {spark_submit.py:495} INFO - 23/01/30 22:01:24 INFO SparkEnv: Registering MapOutputTracker
[2023-01-30T22:01:24.836+0000] {spark_submit.py:495} INFO - 23/01/30 22:01:24 INFO SparkEnv: Registering BlockManagerMaster
[2023-01-30T22:01:24.849+0000] {spark_submit.py:495} INFO - 23/01/30 22:01:24 INFO BlockManagerMasterEndpoint: Using org.apache.spark.storage.DefaultTopologyMapper for getting topology information
[2023-01-30T22:01:24.849+0000] {spark_submit.py:495} INFO - 23/01/30 22:01:24 INFO BlockManagerMasterEndpoint: BlockManagerMasterEndpoint up
[2023-01-30T22:01:24.852+0000] {spark_submit.py:495} INFO - 23/01/30 22:01:24 INFO SparkEnv: Registering BlockManagerMasterHeartbeat
[2023-01-30T22:01:24.871+0000] {spark_submit.py:495} INFO - 23/01/30 22:01:24 INFO DiskBlockManager: Created local directory at /tmp/blockmgr-27a709d2-aec2-4281-8960-d2bcc06e78c3
[2023-01-30T22:01:24.884+0000] {spark_submit.py:495} INFO - 23/01/30 22:01:24 INFO MemoryStore: MemoryStore started with capacity 434.4 MiB
[2023-01-30T22:01:24.896+0000] {spark_submit.py:495} INFO - 23/01/30 22:01:24 INFO SparkEnv: Registering OutputCommitCoordinator
[2023-01-30T22:01:25.054+0000] {spark_submit.py:495} INFO - 23/01/30 22:01:25 INFO Utils: Successfully started service 'SparkUI' on port 4040.
[2023-01-30T22:01:25.081+0000] {spark_submit.py:495} INFO - 23/01/30 22:01:25 INFO SparkContext: Added JAR file:///home/***/.ivy2/jars/org.apache.spark_spark-sql-kafka-0-10_2.12-3.1.3.jar at spark://15c99fd3082a:37119/jars/org.apache.spark_spark-sql-kafka-0-10_2.12-3.1.3.jar with timestamp 1675116084404
[2023-01-30T22:01:25.081+0000] {spark_submit.py:495} INFO - 23/01/30 22:01:25 INFO SparkContext: Added JAR file:///home/***/.ivy2/jars/org.mongodb.spark_mongo-spark-connector_2.12-3.0.1.jar at spark://15c99fd3082a:37119/jars/org.mongodb.spark_mongo-spark-connector_2.12-3.0.1.jar with timestamp 1675116084404
[2023-01-30T22:01:25.081+0000] {spark_submit.py:495} INFO - 23/01/30 22:01:25 INFO SparkContext: Added JAR file:///home/***/.ivy2/jars/org.apache.spark_spark-token-provider-kafka-0-10_2.12-3.1.3.jar at spark://15c99fd3082a:37119/jars/org.apache.spark_spark-token-provider-kafka-0-10_2.12-3.1.3.jar with timestamp 1675116084404
[2023-01-30T22:01:25.081+0000] {spark_submit.py:495} INFO - 23/01/30 22:01:25 INFO SparkContext: Added JAR file:///home/***/.ivy2/jars/org.apache.kafka_kafka-clients-2.6.0.jar at spark://15c99fd3082a:37119/jars/org.apache.kafka_kafka-clients-2.6.0.jar with timestamp 1675116084404
[2023-01-30T22:01:25.081+0000] {spark_submit.py:495} INFO - 23/01/30 22:01:25 INFO SparkContext: Added JAR file:///home/***/.ivy2/jars/org.apache.commons_commons-pool2-2.6.2.jar at spark://15c99fd3082a:37119/jars/org.apache.commons_commons-pool2-2.6.2.jar with timestamp 1675116084404
[2023-01-30T22:01:25.081+0000] {spark_submit.py:495} INFO - 23/01/30 22:01:25 INFO SparkContext: Added JAR file:///home/***/.ivy2/jars/org.spark-project.spark_unused-1.0.0.jar at spark://15c99fd3082a:37119/jars/org.spark-project.spark_unused-1.0.0.jar with timestamp 1675116084404
[2023-01-30T22:01:25.082+0000] {spark_submit.py:495} INFO - 23/01/30 22:01:25 INFO SparkContext: Added JAR file:///home/***/.ivy2/jars/com.github.luben_zstd-jni-1.4.8-1.jar at spark://15c99fd3082a:37119/jars/com.github.luben_zstd-jni-1.4.8-1.jar with timestamp 1675116084404
[2023-01-30T22:01:25.082+0000] {spark_submit.py:495} INFO - 23/01/30 22:01:25 INFO SparkContext: Added JAR file:///home/***/.ivy2/jars/org.lz4_lz4-java-1.7.1.jar at spark://15c99fd3082a:37119/jars/org.lz4_lz4-java-1.7.1.jar with timestamp 1675116084404
[2023-01-30T22:01:25.082+0000] {spark_submit.py:495} INFO - 23/01/30 22:01:25 INFO SparkContext: Added JAR file:///home/***/.ivy2/jars/org.xerial.snappy_snappy-java-1.1.8.2.jar at spark://15c99fd3082a:37119/jars/org.xerial.snappy_snappy-java-1.1.8.2.jar with timestamp 1675116084404
[2023-01-30T22:01:25.082+0000] {spark_submit.py:495} INFO - 23/01/30 22:01:25 INFO SparkContext: Added JAR file:///home/***/.ivy2/jars/org.slf4j_slf4j-api-1.7.30.jar at spark://15c99fd3082a:37119/jars/org.slf4j_slf4j-api-1.7.30.jar with timestamp 1675116084404
[2023-01-30T22:01:25.082+0000] {spark_submit.py:495} INFO - 23/01/30 22:01:25 INFO SparkContext: Added JAR file:///home/***/.ivy2/jars/org.mongodb_mongodb-driver-sync-4.0.5.jar at spark://15c99fd3082a:37119/jars/org.mongodb_mongodb-driver-sync-4.0.5.jar with timestamp 1675116084404
[2023-01-30T22:01:25.082+0000] {spark_submit.py:495} INFO - 23/01/30 22:01:25 INFO SparkContext: Added JAR file:///home/***/.ivy2/jars/org.mongodb_bson-4.0.5.jar at spark://15c99fd3082a:37119/jars/org.mongodb_bson-4.0.5.jar with timestamp 1675116084404
[2023-01-30T22:01:25.082+0000] {spark_submit.py:495} INFO - 23/01/30 22:01:25 INFO SparkContext: Added JAR file:///home/***/.ivy2/jars/org.mongodb_mongodb-driver-core-4.0.5.jar at spark://15c99fd3082a:37119/jars/org.mongodb_mongodb-driver-core-4.0.5.jar with timestamp 1675116084404
[2023-01-30T22:01:25.084+0000] {spark_submit.py:495} INFO - 23/01/30 22:01:25 INFO SparkContext: Added file file:///home/***/.ivy2/jars/org.apache.spark_spark-sql-kafka-0-10_2.12-3.1.3.jar at file:///home/***/.ivy2/jars/org.apache.spark_spark-sql-kafka-0-10_2.12-3.1.3.jar with timestamp 1675116084404
[2023-01-30T22:01:25.085+0000] {spark_submit.py:495} INFO - 23/01/30 22:01:25 INFO Utils: Copying /home/***/.ivy2/jars/org.apache.spark_spark-sql-kafka-0-10_2.12-3.1.3.jar to /tmp/spark-2fc3b4dd-3d1a-4afe-aebd-2c7186c14e72/userFiles-8cbb275d-3d4e-448f-9f18-c272ed6ab96a/org.apache.spark_spark-sql-kafka-0-10_2.12-3.1.3.jar
[2023-01-30T22:01:25.097+0000] {spark_submit.py:495} INFO - 23/01/30 22:01:25 INFO SparkContext: Added file file:///home/***/.ivy2/jars/org.mongodb.spark_mongo-spark-connector_2.12-3.0.1.jar at file:///home/***/.ivy2/jars/org.mongodb.spark_mongo-spark-connector_2.12-3.0.1.jar with timestamp 1675116084404
[2023-01-30T22:01:25.097+0000] {spark_submit.py:495} INFO - 23/01/30 22:01:25 INFO Utils: Copying /home/***/.ivy2/jars/org.mongodb.spark_mongo-spark-connector_2.12-3.0.1.jar to /tmp/spark-2fc3b4dd-3d1a-4afe-aebd-2c7186c14e72/userFiles-8cbb275d-3d4e-448f-9f18-c272ed6ab96a/org.mongodb.spark_mongo-spark-connector_2.12-3.0.1.jar
[2023-01-30T22:01:25.101+0000] {spark_submit.py:495} INFO - 23/01/30 22:01:25 INFO SparkContext: Added file file:///home/***/.ivy2/jars/org.apache.spark_spark-token-provider-kafka-0-10_2.12-3.1.3.jar at file:///home/***/.ivy2/jars/org.apache.spark_spark-token-provider-kafka-0-10_2.12-3.1.3.jar with timestamp 1675116084404
[2023-01-30T22:01:25.101+0000] {spark_submit.py:495} INFO - 23/01/30 22:01:25 INFO Utils: Copying /home/***/.ivy2/jars/org.apache.spark_spark-token-provider-kafka-0-10_2.12-3.1.3.jar to /tmp/spark-2fc3b4dd-3d1a-4afe-aebd-2c7186c14e72/userFiles-8cbb275d-3d4e-448f-9f18-c272ed6ab96a/org.apache.spark_spark-token-provider-kafka-0-10_2.12-3.1.3.jar
[2023-01-30T22:01:25.107+0000] {spark_submit.py:495} INFO - 23/01/30 22:01:25 INFO SparkContext: Added file file:///home/***/.ivy2/jars/org.apache.kafka_kafka-clients-2.6.0.jar at file:///home/***/.ivy2/jars/org.apache.kafka_kafka-clients-2.6.0.jar with timestamp 1675116084404
[2023-01-30T22:01:25.108+0000] {spark_submit.py:495} INFO - 23/01/30 22:01:25 INFO Utils: Copying /home/***/.ivy2/jars/org.apache.kafka_kafka-clients-2.6.0.jar to /tmp/spark-2fc3b4dd-3d1a-4afe-aebd-2c7186c14e72/userFiles-8cbb275d-3d4e-448f-9f18-c272ed6ab96a/org.apache.kafka_kafka-clients-2.6.0.jar
[2023-01-30T22:01:25.118+0000] {spark_submit.py:495} INFO - 23/01/30 22:01:25 INFO SparkContext: Added file file:///home/***/.ivy2/jars/org.apache.commons_commons-pool2-2.6.2.jar at file:///home/***/.ivy2/jars/org.apache.commons_commons-pool2-2.6.2.jar with timestamp 1675116084404
[2023-01-30T22:01:25.118+0000] {spark_submit.py:495} INFO - 23/01/30 22:01:25 INFO Utils: Copying /home/***/.ivy2/jars/org.apache.commons_commons-pool2-2.6.2.jar to /tmp/spark-2fc3b4dd-3d1a-4afe-aebd-2c7186c14e72/userFiles-8cbb275d-3d4e-448f-9f18-c272ed6ab96a/org.apache.commons_commons-pool2-2.6.2.jar
[2023-01-30T22:01:25.128+0000] {spark_submit.py:495} INFO - 23/01/30 22:01:25 INFO SparkContext: Added file file:///home/***/.ivy2/jars/org.spark-project.spark_unused-1.0.0.jar at file:///home/***/.ivy2/jars/org.spark-project.spark_unused-1.0.0.jar with timestamp 1675116084404
[2023-01-30T22:01:25.128+0000] {spark_submit.py:495} INFO - 23/01/30 22:01:25 INFO Utils: Copying /home/***/.ivy2/jars/org.spark-project.spark_unused-1.0.0.jar to /tmp/spark-2fc3b4dd-3d1a-4afe-aebd-2c7186c14e72/userFiles-8cbb275d-3d4e-448f-9f18-c272ed6ab96a/org.spark-project.spark_unused-1.0.0.jar
[2023-01-30T22:01:25.131+0000] {spark_submit.py:495} INFO - 23/01/30 22:01:25 INFO SparkContext: Added file file:///home/***/.ivy2/jars/com.github.luben_zstd-jni-1.4.8-1.jar at file:///home/***/.ivy2/jars/com.github.luben_zstd-jni-1.4.8-1.jar with timestamp 1675116084404
[2023-01-30T22:01:25.132+0000] {spark_submit.py:495} INFO - 23/01/30 22:01:25 INFO Utils: Copying /home/***/.ivy2/jars/com.github.luben_zstd-jni-1.4.8-1.jar to /tmp/spark-2fc3b4dd-3d1a-4afe-aebd-2c7186c14e72/userFiles-8cbb275d-3d4e-448f-9f18-c272ed6ab96a/com.github.luben_zstd-jni-1.4.8-1.jar
[2023-01-30T22:01:25.140+0000] {spark_submit.py:495} INFO - 23/01/30 22:01:25 INFO SparkContext: Added file file:///home/***/.ivy2/jars/org.lz4_lz4-java-1.7.1.jar at file:///home/***/.ivy2/jars/org.lz4_lz4-java-1.7.1.jar with timestamp 1675116084404
[2023-01-30T22:01:25.140+0000] {spark_submit.py:495} INFO - 23/01/30 22:01:25 INFO Utils: Copying /home/***/.ivy2/jars/org.lz4_lz4-java-1.7.1.jar to /tmp/spark-2fc3b4dd-3d1a-4afe-aebd-2c7186c14e72/userFiles-8cbb275d-3d4e-448f-9f18-c272ed6ab96a/org.lz4_lz4-java-1.7.1.jar
[2023-01-30T22:01:25.144+0000] {spark_submit.py:495} INFO - 23/01/30 22:01:25 INFO SparkContext: Added file file:///home/***/.ivy2/jars/org.xerial.snappy_snappy-java-1.1.8.2.jar at file:///home/***/.ivy2/jars/org.xerial.snappy_snappy-java-1.1.8.2.jar with timestamp 1675116084404
[2023-01-30T22:01:25.144+0000] {spark_submit.py:495} INFO - 23/01/30 22:01:25 INFO Utils: Copying /home/***/.ivy2/jars/org.xerial.snappy_snappy-java-1.1.8.2.jar to /tmp/spark-2fc3b4dd-3d1a-4afe-aebd-2c7186c14e72/userFiles-8cbb275d-3d4e-448f-9f18-c272ed6ab96a/org.xerial.snappy_snappy-java-1.1.8.2.jar
[2023-01-30T22:01:25.149+0000] {spark_submit.py:495} INFO - 23/01/30 22:01:25 INFO SparkContext: Added file file:///home/***/.ivy2/jars/org.slf4j_slf4j-api-1.7.30.jar at file:///home/***/.ivy2/jars/org.slf4j_slf4j-api-1.7.30.jar with timestamp 1675116084404
[2023-01-30T22:01:25.149+0000] {spark_submit.py:495} INFO - 23/01/30 22:01:25 INFO Utils: Copying /home/***/.ivy2/jars/org.slf4j_slf4j-api-1.7.30.jar to /tmp/spark-2fc3b4dd-3d1a-4afe-aebd-2c7186c14e72/userFiles-8cbb275d-3d4e-448f-9f18-c272ed6ab96a/org.slf4j_slf4j-api-1.7.30.jar
[2023-01-30T22:01:25.152+0000] {spark_submit.py:495} INFO - 23/01/30 22:01:25 INFO SparkContext: Added file file:///home/***/.ivy2/jars/org.mongodb_mongodb-driver-sync-4.0.5.jar at file:///home/***/.ivy2/jars/org.mongodb_mongodb-driver-sync-4.0.5.jar with timestamp 1675116084404
[2023-01-30T22:01:25.152+0000] {spark_submit.py:495} INFO - 23/01/30 22:01:25 INFO Utils: Copying /home/***/.ivy2/jars/org.mongodb_mongodb-driver-sync-4.0.5.jar to /tmp/spark-2fc3b4dd-3d1a-4afe-aebd-2c7186c14e72/userFiles-8cbb275d-3d4e-448f-9f18-c272ed6ab96a/org.mongodb_mongodb-driver-sync-4.0.5.jar
[2023-01-30T22:01:25.155+0000] {spark_submit.py:495} INFO - 23/01/30 22:01:25 INFO SparkContext: Added file file:///home/***/.ivy2/jars/org.mongodb_bson-4.0.5.jar at file:///home/***/.ivy2/jars/org.mongodb_bson-4.0.5.jar with timestamp 1675116084404
[2023-01-30T22:01:25.155+0000] {spark_submit.py:495} INFO - 23/01/30 22:01:25 INFO Utils: Copying /home/***/.ivy2/jars/org.mongodb_bson-4.0.5.jar to /tmp/spark-2fc3b4dd-3d1a-4afe-aebd-2c7186c14e72/userFiles-8cbb275d-3d4e-448f-9f18-c272ed6ab96a/org.mongodb_bson-4.0.5.jar
[2023-01-30T22:01:25.159+0000] {spark_submit.py:495} INFO - 23/01/30 22:01:25 INFO SparkContext: Added file file:///home/***/.ivy2/jars/org.mongodb_mongodb-driver-core-4.0.5.jar at file:///home/***/.ivy2/jars/org.mongodb_mongodb-driver-core-4.0.5.jar with timestamp 1675116084404
[2023-01-30T22:01:25.159+0000] {spark_submit.py:495} INFO - 23/01/30 22:01:25 INFO Utils: Copying /home/***/.ivy2/jars/org.mongodb_mongodb-driver-core-4.0.5.jar to /tmp/spark-2fc3b4dd-3d1a-4afe-aebd-2c7186c14e72/userFiles-8cbb275d-3d4e-448f-9f18-c272ed6ab96a/org.mongodb_mongodb-driver-core-4.0.5.jar
[2023-01-30T22:01:25.211+0000] {spark_submit.py:495} INFO - 23/01/30 22:01:25 INFO Executor: Starting executor ID driver on host 15c99fd3082a
[2023-01-30T22:01:25.220+0000] {spark_submit.py:495} INFO - 23/01/30 22:01:25 INFO Executor: Starting executor with user classpath (userClassPathFirst = false): ''
[2023-01-30T22:01:25.237+0000] {spark_submit.py:495} INFO - 23/01/30 22:01:25 INFO Executor: Fetching file:///home/***/.ivy2/jars/org.apache.spark_spark-token-provider-kafka-0-10_2.12-3.1.3.jar with timestamp 1675116084404
[2023-01-30T22:01:25.243+0000] {spark_submit.py:495} INFO - 23/01/30 22:01:25 INFO Utils: /home/***/.ivy2/jars/org.apache.spark_spark-token-provider-kafka-0-10_2.12-3.1.3.jar has been previously copied to /tmp/spark-2fc3b4dd-3d1a-4afe-aebd-2c7186c14e72/userFiles-8cbb275d-3d4e-448f-9f18-c272ed6ab96a/org.apache.spark_spark-token-provider-kafka-0-10_2.12-3.1.3.jar
[2023-01-30T22:01:25.260+0000] {spark_submit.py:495} INFO - 23/01/30 22:01:25 INFO Executor: Fetching file:///home/***/.ivy2/jars/org.mongodb_mongodb-driver-sync-4.0.5.jar with timestamp 1675116084404
[2023-01-30T22:01:25.263+0000] {spark_submit.py:495} INFO - 23/01/30 22:01:25 INFO Utils: /home/***/.ivy2/jars/org.mongodb_mongodb-driver-sync-4.0.5.jar has been previously copied to /tmp/spark-2fc3b4dd-3d1a-4afe-aebd-2c7186c14e72/userFiles-8cbb275d-3d4e-448f-9f18-c272ed6ab96a/org.mongodb_mongodb-driver-sync-4.0.5.jar
[2023-01-30T22:01:25.277+0000] {spark_submit.py:495} INFO - 23/01/30 22:01:25 INFO Executor: Fetching file:///home/***/.ivy2/jars/org.apache.kafka_kafka-clients-2.6.0.jar with timestamp 1675116084404
[2023-01-30T22:01:25.315+0000] {spark_submit.py:495} INFO - 23/01/30 22:01:25 INFO Utils: /home/***/.ivy2/jars/org.apache.kafka_kafka-clients-2.6.0.jar has been previously copied to /tmp/spark-2fc3b4dd-3d1a-4afe-aebd-2c7186c14e72/userFiles-8cbb275d-3d4e-448f-9f18-c272ed6ab96a/org.apache.kafka_kafka-clients-2.6.0.jar
[2023-01-30T22:01:25.321+0000] {spark_submit.py:495} INFO - 23/01/30 22:01:25 INFO Executor: Fetching file:///home/***/.ivy2/jars/org.mongodb_bson-4.0.5.jar with timestamp 1675116084404
[2023-01-30T22:01:25.321+0000] {spark_submit.py:495} INFO - 23/01/30 22:01:25 INFO Utils: /home/***/.ivy2/jars/org.mongodb_bson-4.0.5.jar has been previously copied to /tmp/spark-2fc3b4dd-3d1a-4afe-aebd-2c7186c14e72/userFiles-8cbb275d-3d4e-448f-9f18-c272ed6ab96a/org.mongodb_bson-4.0.5.jar
[2023-01-30T22:01:25.331+0000] {spark_submit.py:495} INFO - 23/01/30 22:01:25 INFO Executor: Fetching file:///home/***/.ivy2/jars/com.github.luben_zstd-jni-1.4.8-1.jar with timestamp 1675116084404
[2023-01-30T22:01:25.339+0000] {spark_submit.py:495} INFO - 23/01/30 22:01:25 INFO Utils: /home/***/.ivy2/jars/com.github.luben_zstd-jni-1.4.8-1.jar has been previously copied to /tmp/spark-2fc3b4dd-3d1a-4afe-aebd-2c7186c14e72/userFiles-8cbb275d-3d4e-448f-9f18-c272ed6ab96a/com.github.luben_zstd-jni-1.4.8-1.jar
[2023-01-30T22:01:25.347+0000] {spark_submit.py:495} INFO - 23/01/30 22:01:25 INFO Executor: Fetching file:///home/***/.ivy2/jars/org.lz4_lz4-java-1.7.1.jar with timestamp 1675116084404
[2023-01-30T22:01:25.349+0000] {spark_submit.py:495} INFO - 23/01/30 22:01:25 INFO Utils: /home/***/.ivy2/jars/org.lz4_lz4-java-1.7.1.jar has been previously copied to /tmp/spark-2fc3b4dd-3d1a-4afe-aebd-2c7186c14e72/userFiles-8cbb275d-3d4e-448f-9f18-c272ed6ab96a/org.lz4_lz4-java-1.7.1.jar
[2023-01-30T22:01:25.367+0000] {spark_submit.py:495} INFO - 23/01/30 22:01:25 INFO Executor: Fetching file:///home/***/.ivy2/jars/org.spark-project.spark_unused-1.0.0.jar with timestamp 1675116084404
[2023-01-30T22:01:25.368+0000] {spark_submit.py:495} INFO - 23/01/30 22:01:25 INFO Utils: /home/***/.ivy2/jars/org.spark-project.spark_unused-1.0.0.jar has been previously copied to /tmp/spark-2fc3b4dd-3d1a-4afe-aebd-2c7186c14e72/userFiles-8cbb275d-3d4e-448f-9f18-c272ed6ab96a/org.spark-project.spark_unused-1.0.0.jar
[2023-01-30T22:01:25.374+0000] {spark_submit.py:495} INFO - 23/01/30 22:01:25 INFO Executor: Fetching file:///home/***/.ivy2/jars/org.xerial.snappy_snappy-java-1.1.8.2.jar with timestamp 1675116084404
[2023-01-30T22:01:25.380+0000] {spark_submit.py:495} INFO - 23/01/30 22:01:25 INFO Utils: /home/***/.ivy2/jars/org.xerial.snappy_snappy-java-1.1.8.2.jar has been previously copied to /tmp/spark-2fc3b4dd-3d1a-4afe-aebd-2c7186c14e72/userFiles-8cbb275d-3d4e-448f-9f18-c272ed6ab96a/org.xerial.snappy_snappy-java-1.1.8.2.jar
[2023-01-30T22:01:25.388+0000] {spark_submit.py:495} INFO - 23/01/30 22:01:25 INFO Executor: Fetching file:///home/***/.ivy2/jars/org.mongodb_mongodb-driver-core-4.0.5.jar with timestamp 1675116084404
[2023-01-30T22:01:25.388+0000] {spark_submit.py:495} INFO - 23/01/30 22:01:25 INFO Utils: /home/***/.ivy2/jars/org.mongodb_mongodb-driver-core-4.0.5.jar has been previously copied to /tmp/spark-2fc3b4dd-3d1a-4afe-aebd-2c7186c14e72/userFiles-8cbb275d-3d4e-448f-9f18-c272ed6ab96a/org.mongodb_mongodb-driver-core-4.0.5.jar
[2023-01-30T22:01:25.393+0000] {spark_submit.py:495} INFO - 23/01/30 22:01:25 INFO Executor: Fetching file:///home/***/.ivy2/jars/org.apache.spark_spark-sql-kafka-0-10_2.12-3.1.3.jar with timestamp 1675116084404
[2023-01-30T22:01:25.397+0000] {spark_submit.py:495} INFO - 23/01/30 22:01:25 INFO Utils: /home/***/.ivy2/jars/org.apache.spark_spark-sql-kafka-0-10_2.12-3.1.3.jar has been previously copied to /tmp/spark-2fc3b4dd-3d1a-4afe-aebd-2c7186c14e72/userFiles-8cbb275d-3d4e-448f-9f18-c272ed6ab96a/org.apache.spark_spark-sql-kafka-0-10_2.12-3.1.3.jar
[2023-01-30T22:01:25.416+0000] {spark_submit.py:495} INFO - 23/01/30 22:01:25 INFO Executor: Fetching file:///home/***/.ivy2/jars/org.mongodb.spark_mongo-spark-connector_2.12-3.0.1.jar with timestamp 1675116084404
[2023-01-30T22:01:25.417+0000] {spark_submit.py:495} INFO - 23/01/30 22:01:25 INFO Utils: /home/***/.ivy2/jars/org.mongodb.spark_mongo-spark-connector_2.12-3.0.1.jar has been previously copied to /tmp/spark-2fc3b4dd-3d1a-4afe-aebd-2c7186c14e72/userFiles-8cbb275d-3d4e-448f-9f18-c272ed6ab96a/org.mongodb.spark_mongo-spark-connector_2.12-3.0.1.jar
[2023-01-30T22:01:25.424+0000] {spark_submit.py:495} INFO - 23/01/30 22:01:25 INFO Executor: Fetching file:///home/***/.ivy2/jars/org.apache.commons_commons-pool2-2.6.2.jar with timestamp 1675116084404
[2023-01-30T22:01:25.428+0000] {spark_submit.py:495} INFO - 23/01/30 22:01:25 INFO Utils: /home/***/.ivy2/jars/org.apache.commons_commons-pool2-2.6.2.jar has been previously copied to /tmp/spark-2fc3b4dd-3d1a-4afe-aebd-2c7186c14e72/userFiles-8cbb275d-3d4e-448f-9f18-c272ed6ab96a/org.apache.commons_commons-pool2-2.6.2.jar
[2023-01-30T22:01:25.432+0000] {spark_submit.py:495} INFO - 23/01/30 22:01:25 INFO Executor: Fetching file:///home/***/.ivy2/jars/org.slf4j_slf4j-api-1.7.30.jar with timestamp 1675116084404
[2023-01-30T22:01:25.433+0000] {spark_submit.py:495} INFO - 23/01/30 22:01:25 INFO Utils: /home/***/.ivy2/jars/org.slf4j_slf4j-api-1.7.30.jar has been previously copied to /tmp/spark-2fc3b4dd-3d1a-4afe-aebd-2c7186c14e72/userFiles-8cbb275d-3d4e-448f-9f18-c272ed6ab96a/org.slf4j_slf4j-api-1.7.30.jar
[2023-01-30T22:01:25.444+0000] {spark_submit.py:495} INFO - 23/01/30 22:01:25 INFO Executor: Fetching spark://15c99fd3082a:37119/jars/org.spark-project.spark_unused-1.0.0.jar with timestamp 1675116084404
[2023-01-30T22:01:25.519+0000] {spark_submit.py:495} INFO - 23/01/30 22:01:25 INFO TransportClientFactory: Successfully created connection to 15c99fd3082a/172.20.0.7:37119 after 57 ms (0 ms spent in bootstraps)
[2023-01-30T22:01:25.531+0000] {spark_submit.py:495} INFO - 23/01/30 22:01:25 INFO Utils: Fetching spark://15c99fd3082a:37119/jars/org.spark-project.spark_unused-1.0.0.jar to /tmp/spark-2fc3b4dd-3d1a-4afe-aebd-2c7186c14e72/userFiles-8cbb275d-3d4e-448f-9f18-c272ed6ab96a/fetchFileTemp2451885617630616164.tmp
[2023-01-30T22:01:25.570+0000] {spark_submit.py:495} INFO - 23/01/30 22:01:25 INFO Utils: /tmp/spark-2fc3b4dd-3d1a-4afe-aebd-2c7186c14e72/userFiles-8cbb275d-3d4e-448f-9f18-c272ed6ab96a/fetchFileTemp2451885617630616164.tmp has been previously copied to /tmp/spark-2fc3b4dd-3d1a-4afe-aebd-2c7186c14e72/userFiles-8cbb275d-3d4e-448f-9f18-c272ed6ab96a/org.spark-project.spark_unused-1.0.0.jar
[2023-01-30T22:01:25.573+0000] {spark_submit.py:495} INFO - 23/01/30 22:01:25 INFO Executor: Adding file:/tmp/spark-2fc3b4dd-3d1a-4afe-aebd-2c7186c14e72/userFiles-8cbb275d-3d4e-448f-9f18-c272ed6ab96a/org.spark-project.spark_unused-1.0.0.jar to class loader
[2023-01-30T22:01:25.574+0000] {spark_submit.py:495} INFO - 23/01/30 22:01:25 INFO Executor: Fetching spark://15c99fd3082a:37119/jars/org.mongodb.spark_mongo-spark-connector_2.12-3.0.1.jar with timestamp 1675116084404
[2023-01-30T22:01:25.574+0000] {spark_submit.py:495} INFO - 23/01/30 22:01:25 INFO Utils: Fetching spark://15c99fd3082a:37119/jars/org.mongodb.spark_mongo-spark-connector_2.12-3.0.1.jar to /tmp/spark-2fc3b4dd-3d1a-4afe-aebd-2c7186c14e72/userFiles-8cbb275d-3d4e-448f-9f18-c272ed6ab96a/fetchFileTemp15576615807520005791.tmp
[2023-01-30T22:01:25.580+0000] {spark_submit.py:495} INFO - 23/01/30 22:01:25 INFO Utils: /tmp/spark-2fc3b4dd-3d1a-4afe-aebd-2c7186c14e72/userFiles-8cbb275d-3d4e-448f-9f18-c272ed6ab96a/fetchFileTemp15576615807520005791.tmp has been previously copied to /tmp/spark-2fc3b4dd-3d1a-4afe-aebd-2c7186c14e72/userFiles-8cbb275d-3d4e-448f-9f18-c272ed6ab96a/org.mongodb.spark_mongo-spark-connector_2.12-3.0.1.jar
[2023-01-30T22:01:25.582+0000] {spark_submit.py:495} INFO - 23/01/30 22:01:25 INFO Executor: Adding file:/tmp/spark-2fc3b4dd-3d1a-4afe-aebd-2c7186c14e72/userFiles-8cbb275d-3d4e-448f-9f18-c272ed6ab96a/org.mongodb.spark_mongo-spark-connector_2.12-3.0.1.jar to class loader
[2023-01-30T22:01:25.583+0000] {spark_submit.py:495} INFO - 23/01/30 22:01:25 INFO Executor: Fetching spark://15c99fd3082a:37119/jars/org.mongodb_mongodb-driver-sync-4.0.5.jar with timestamp 1675116084404
[2023-01-30T22:01:25.583+0000] {spark_submit.py:495} INFO - 23/01/30 22:01:25 INFO Utils: Fetching spark://15c99fd3082a:37119/jars/org.mongodb_mongodb-driver-sync-4.0.5.jar to /tmp/spark-2fc3b4dd-3d1a-4afe-aebd-2c7186c14e72/userFiles-8cbb275d-3d4e-448f-9f18-c272ed6ab96a/fetchFileTemp6324449733884575264.tmp
[2023-01-30T22:01:25.585+0000] {spark_submit.py:495} INFO - 23/01/30 22:01:25 INFO Utils: /tmp/spark-2fc3b4dd-3d1a-4afe-aebd-2c7186c14e72/userFiles-8cbb275d-3d4e-448f-9f18-c272ed6ab96a/fetchFileTemp6324449733884575264.tmp has been previously copied to /tmp/spark-2fc3b4dd-3d1a-4afe-aebd-2c7186c14e72/userFiles-8cbb275d-3d4e-448f-9f18-c272ed6ab96a/org.mongodb_mongodb-driver-sync-4.0.5.jar
[2023-01-30T22:01:25.588+0000] {spark_submit.py:495} INFO - 23/01/30 22:01:25 INFO Executor: Adding file:/tmp/spark-2fc3b4dd-3d1a-4afe-aebd-2c7186c14e72/userFiles-8cbb275d-3d4e-448f-9f18-c272ed6ab96a/org.mongodb_mongodb-driver-sync-4.0.5.jar to class loader
[2023-01-30T22:01:25.589+0000] {spark_submit.py:495} INFO - 23/01/30 22:01:25 INFO Executor: Fetching spark://15c99fd3082a:37119/jars/com.github.luben_zstd-jni-1.4.8-1.jar with timestamp 1675116084404
[2023-01-30T22:01:25.589+0000] {spark_submit.py:495} INFO - 23/01/30 22:01:25 INFO Utils: Fetching spark://15c99fd3082a:37119/jars/com.github.luben_zstd-jni-1.4.8-1.jar to /tmp/spark-2fc3b4dd-3d1a-4afe-aebd-2c7186c14e72/userFiles-8cbb275d-3d4e-448f-9f18-c272ed6ab96a/fetchFileTemp12472534016580703454.tmp
[2023-01-30T22:01:25.633+0000] {spark_submit.py:495} INFO - 23/01/30 22:01:25 INFO Utils: /tmp/spark-2fc3b4dd-3d1a-4afe-aebd-2c7186c14e72/userFiles-8cbb275d-3d4e-448f-9f18-c272ed6ab96a/fetchFileTemp12472534016580703454.tmp has been previously copied to /tmp/spark-2fc3b4dd-3d1a-4afe-aebd-2c7186c14e72/userFiles-8cbb275d-3d4e-448f-9f18-c272ed6ab96a/com.github.luben_zstd-jni-1.4.8-1.jar
[2023-01-30T22:01:25.646+0000] {spark_submit.py:495} INFO - 23/01/30 22:01:25 INFO Executor: Adding file:/tmp/spark-2fc3b4dd-3d1a-4afe-aebd-2c7186c14e72/userFiles-8cbb275d-3d4e-448f-9f18-c272ed6ab96a/com.github.luben_zstd-jni-1.4.8-1.jar to class loader
[2023-01-30T22:01:25.646+0000] {spark_submit.py:495} INFO - 23/01/30 22:01:25 INFO Executor: Fetching spark://15c99fd3082a:37119/jars/org.mongodb_bson-4.0.5.jar with timestamp 1675116084404
[2023-01-30T22:01:25.646+0000] {spark_submit.py:495} INFO - 23/01/30 22:01:25 INFO Utils: Fetching spark://15c99fd3082a:37119/jars/org.mongodb_bson-4.0.5.jar to /tmp/spark-2fc3b4dd-3d1a-4afe-aebd-2c7186c14e72/userFiles-8cbb275d-3d4e-448f-9f18-c272ed6ab96a/fetchFileTemp12785352386749626672.tmp
[2023-01-30T22:01:25.650+0000] {spark_submit.py:495} INFO - 23/01/30 22:01:25 INFO Utils: /tmp/spark-2fc3b4dd-3d1a-4afe-aebd-2c7186c14e72/userFiles-8cbb275d-3d4e-448f-9f18-c272ed6ab96a/fetchFileTemp12785352386749626672.tmp has been previously copied to /tmp/spark-2fc3b4dd-3d1a-4afe-aebd-2c7186c14e72/userFiles-8cbb275d-3d4e-448f-9f18-c272ed6ab96a/org.mongodb_bson-4.0.5.jar
[2023-01-30T22:01:25.653+0000] {spark_submit.py:495} INFO - 23/01/30 22:01:25 INFO Executor: Adding file:/tmp/spark-2fc3b4dd-3d1a-4afe-aebd-2c7186c14e72/userFiles-8cbb275d-3d4e-448f-9f18-c272ed6ab96a/org.mongodb_bson-4.0.5.jar to class loader
[2023-01-30T22:01:25.653+0000] {spark_submit.py:495} INFO - 23/01/30 22:01:25 INFO Executor: Fetching spark://15c99fd3082a:37119/jars/org.apache.spark_spark-token-provider-kafka-0-10_2.12-3.1.3.jar with timestamp 1675116084404
[2023-01-30T22:01:25.653+0000] {spark_submit.py:495} INFO - 23/01/30 22:01:25 INFO Utils: Fetching spark://15c99fd3082a:37119/jars/org.apache.spark_spark-token-provider-kafka-0-10_2.12-3.1.3.jar to /tmp/spark-2fc3b4dd-3d1a-4afe-aebd-2c7186c14e72/userFiles-8cbb275d-3d4e-448f-9f18-c272ed6ab96a/fetchFileTemp4147276735600668579.tmp
[2023-01-30T22:01:25.655+0000] {spark_submit.py:495} INFO - 23/01/30 22:01:25 INFO Utils: /tmp/spark-2fc3b4dd-3d1a-4afe-aebd-2c7186c14e72/userFiles-8cbb275d-3d4e-448f-9f18-c272ed6ab96a/fetchFileTemp4147276735600668579.tmp has been previously copied to /tmp/spark-2fc3b4dd-3d1a-4afe-aebd-2c7186c14e72/userFiles-8cbb275d-3d4e-448f-9f18-c272ed6ab96a/org.apache.spark_spark-token-provider-kafka-0-10_2.12-3.1.3.jar
[2023-01-30T22:01:25.667+0000] {spark_submit.py:495} INFO - 23/01/30 22:01:25 INFO Executor: Adding file:/tmp/spark-2fc3b4dd-3d1a-4afe-aebd-2c7186c14e72/userFiles-8cbb275d-3d4e-448f-9f18-c272ed6ab96a/org.apache.spark_spark-token-provider-kafka-0-10_2.12-3.1.3.jar to class loader
[2023-01-30T22:01:25.667+0000] {spark_submit.py:495} INFO - 23/01/30 22:01:25 INFO Executor: Fetching spark://15c99fd3082a:37119/jars/org.lz4_lz4-java-1.7.1.jar with timestamp 1675116084404
[2023-01-30T22:01:25.670+0000] {spark_submit.py:495} INFO - 23/01/30 22:01:25 INFO Utils: Fetching spark://15c99fd3082a:37119/jars/org.lz4_lz4-java-1.7.1.jar to /tmp/spark-2fc3b4dd-3d1a-4afe-aebd-2c7186c14e72/userFiles-8cbb275d-3d4e-448f-9f18-c272ed6ab96a/fetchFileTemp3234700026377884356.tmp
[2023-01-30T22:01:25.681+0000] {spark_submit.py:495} INFO - 23/01/30 22:01:25 INFO Utils: /tmp/spark-2fc3b4dd-3d1a-4afe-aebd-2c7186c14e72/userFiles-8cbb275d-3d4e-448f-9f18-c272ed6ab96a/fetchFileTemp3234700026377884356.tmp has been previously copied to /tmp/spark-2fc3b4dd-3d1a-4afe-aebd-2c7186c14e72/userFiles-8cbb275d-3d4e-448f-9f18-c272ed6ab96a/org.lz4_lz4-java-1.7.1.jar
[2023-01-30T22:01:25.686+0000] {spark_submit.py:495} INFO - 23/01/30 22:01:25 INFO Executor: Adding file:/tmp/spark-2fc3b4dd-3d1a-4afe-aebd-2c7186c14e72/userFiles-8cbb275d-3d4e-448f-9f18-c272ed6ab96a/org.lz4_lz4-java-1.7.1.jar to class loader
[2023-01-30T22:01:25.686+0000] {spark_submit.py:495} INFO - 23/01/30 22:01:25 INFO Executor: Fetching spark://15c99fd3082a:37119/jars/org.apache.spark_spark-sql-kafka-0-10_2.12-3.1.3.jar with timestamp 1675116084404
[2023-01-30T22:01:25.686+0000] {spark_submit.py:495} INFO - 23/01/30 22:01:25 INFO Utils: Fetching spark://15c99fd3082a:37119/jars/org.apache.spark_spark-sql-kafka-0-10_2.12-3.1.3.jar to /tmp/spark-2fc3b4dd-3d1a-4afe-aebd-2c7186c14e72/userFiles-8cbb275d-3d4e-448f-9f18-c272ed6ab96a/fetchFileTemp7621817449997480208.tmp
[2023-01-30T22:01:25.689+0000] {spark_submit.py:495} INFO - 23/01/30 22:01:25 INFO Utils: /tmp/spark-2fc3b4dd-3d1a-4afe-aebd-2c7186c14e72/userFiles-8cbb275d-3d4e-448f-9f18-c272ed6ab96a/fetchFileTemp7621817449997480208.tmp has been previously copied to /tmp/spark-2fc3b4dd-3d1a-4afe-aebd-2c7186c14e72/userFiles-8cbb275d-3d4e-448f-9f18-c272ed6ab96a/org.apache.spark_spark-sql-kafka-0-10_2.12-3.1.3.jar
[2023-01-30T22:01:25.693+0000] {spark_submit.py:495} INFO - 23/01/30 22:01:25 INFO Executor: Adding file:/tmp/spark-2fc3b4dd-3d1a-4afe-aebd-2c7186c14e72/userFiles-8cbb275d-3d4e-448f-9f18-c272ed6ab96a/org.apache.spark_spark-sql-kafka-0-10_2.12-3.1.3.jar to class loader
[2023-01-30T22:01:25.693+0000] {spark_submit.py:495} INFO - 23/01/30 22:01:25 INFO Executor: Fetching spark://15c99fd3082a:37119/jars/org.mongodb_mongodb-driver-core-4.0.5.jar with timestamp 1675116084404
[2023-01-30T22:01:25.693+0000] {spark_submit.py:495} INFO - 23/01/30 22:01:25 INFO Utils: Fetching spark://15c99fd3082a:37119/jars/org.mongodb_mongodb-driver-core-4.0.5.jar to /tmp/spark-2fc3b4dd-3d1a-4afe-aebd-2c7186c14e72/userFiles-8cbb275d-3d4e-448f-9f18-c272ed6ab96a/fetchFileTemp18090727511943711951.tmp
[2023-01-30T22:01:25.706+0000] {spark_submit.py:495} INFO - 23/01/30 22:01:25 INFO Utils: /tmp/spark-2fc3b4dd-3d1a-4afe-aebd-2c7186c14e72/userFiles-8cbb275d-3d4e-448f-9f18-c272ed6ab96a/fetchFileTemp18090727511943711951.tmp has been previously copied to /tmp/spark-2fc3b4dd-3d1a-4afe-aebd-2c7186c14e72/userFiles-8cbb275d-3d4e-448f-9f18-c272ed6ab96a/org.mongodb_mongodb-driver-core-4.0.5.jar
[2023-01-30T22:01:25.720+0000] {spark_submit.py:495} INFO - 23/01/30 22:01:25 INFO Executor: Adding file:/tmp/spark-2fc3b4dd-3d1a-4afe-aebd-2c7186c14e72/userFiles-8cbb275d-3d4e-448f-9f18-c272ed6ab96a/org.mongodb_mongodb-driver-core-4.0.5.jar to class loader
[2023-01-30T22:01:25.720+0000] {spark_submit.py:495} INFO - 23/01/30 22:01:25 INFO Executor: Fetching spark://15c99fd3082a:37119/jars/org.xerial.snappy_snappy-java-1.1.8.2.jar with timestamp 1675116084404
[2023-01-30T22:01:25.721+0000] {spark_submit.py:495} INFO - 23/01/30 22:01:25 INFO Utils: Fetching spark://15c99fd3082a:37119/jars/org.xerial.snappy_snappy-java-1.1.8.2.jar to /tmp/spark-2fc3b4dd-3d1a-4afe-aebd-2c7186c14e72/userFiles-8cbb275d-3d4e-448f-9f18-c272ed6ab96a/fetchFileTemp17606917364270199051.tmp
[2023-01-30T22:01:25.746+0000] {spark_submit.py:495} INFO - 23/01/30 22:01:25 INFO Utils: /tmp/spark-2fc3b4dd-3d1a-4afe-aebd-2c7186c14e72/userFiles-8cbb275d-3d4e-448f-9f18-c272ed6ab96a/fetchFileTemp17606917364270199051.tmp has been previously copied to /tmp/spark-2fc3b4dd-3d1a-4afe-aebd-2c7186c14e72/userFiles-8cbb275d-3d4e-448f-9f18-c272ed6ab96a/org.xerial.snappy_snappy-java-1.1.8.2.jar
[2023-01-30T22:01:25.754+0000] {spark_submit.py:495} INFO - 23/01/30 22:01:25 INFO Executor: Adding file:/tmp/spark-2fc3b4dd-3d1a-4afe-aebd-2c7186c14e72/userFiles-8cbb275d-3d4e-448f-9f18-c272ed6ab96a/org.xerial.snappy_snappy-java-1.1.8.2.jar to class loader
[2023-01-30T22:01:25.754+0000] {spark_submit.py:495} INFO - 23/01/30 22:01:25 INFO Executor: Fetching spark://15c99fd3082a:37119/jars/org.slf4j_slf4j-api-1.7.30.jar with timestamp 1675116084404
[2023-01-30T22:01:25.756+0000] {spark_submit.py:495} INFO - 23/01/30 22:01:25 INFO Utils: Fetching spark://15c99fd3082a:37119/jars/org.slf4j_slf4j-api-1.7.30.jar to /tmp/spark-2fc3b4dd-3d1a-4afe-aebd-2c7186c14e72/userFiles-8cbb275d-3d4e-448f-9f18-c272ed6ab96a/fetchFileTemp8882543895150119857.tmp
[2023-01-30T22:01:25.756+0000] {spark_submit.py:495} INFO - 23/01/30 22:01:25 INFO Utils: /tmp/spark-2fc3b4dd-3d1a-4afe-aebd-2c7186c14e72/userFiles-8cbb275d-3d4e-448f-9f18-c272ed6ab96a/fetchFileTemp8882543895150119857.tmp has been previously copied to /tmp/spark-2fc3b4dd-3d1a-4afe-aebd-2c7186c14e72/userFiles-8cbb275d-3d4e-448f-9f18-c272ed6ab96a/org.slf4j_slf4j-api-1.7.30.jar
[2023-01-30T22:01:25.764+0000] {spark_submit.py:495} INFO - 23/01/30 22:01:25 INFO Executor: Adding file:/tmp/spark-2fc3b4dd-3d1a-4afe-aebd-2c7186c14e72/userFiles-8cbb275d-3d4e-448f-9f18-c272ed6ab96a/org.slf4j_slf4j-api-1.7.30.jar to class loader
[2023-01-30T22:01:25.765+0000] {spark_submit.py:495} INFO - 23/01/30 22:01:25 INFO Executor: Fetching spark://15c99fd3082a:37119/jars/org.apache.kafka_kafka-clients-2.6.0.jar with timestamp 1675116084404
[2023-01-30T22:01:25.765+0000] {spark_submit.py:495} INFO - 23/01/30 22:01:25 INFO Utils: Fetching spark://15c99fd3082a:37119/jars/org.apache.kafka_kafka-clients-2.6.0.jar to /tmp/spark-2fc3b4dd-3d1a-4afe-aebd-2c7186c14e72/userFiles-8cbb275d-3d4e-448f-9f18-c272ed6ab96a/fetchFileTemp12437763819483520599.tmp
[2023-01-30T22:01:25.797+0000] {spark_submit.py:495} INFO - 23/01/30 22:01:25 INFO Utils: /tmp/spark-2fc3b4dd-3d1a-4afe-aebd-2c7186c14e72/userFiles-8cbb275d-3d4e-448f-9f18-c272ed6ab96a/fetchFileTemp12437763819483520599.tmp has been previously copied to /tmp/spark-2fc3b4dd-3d1a-4afe-aebd-2c7186c14e72/userFiles-8cbb275d-3d4e-448f-9f18-c272ed6ab96a/org.apache.kafka_kafka-clients-2.6.0.jar
[2023-01-30T22:01:25.855+0000] {spark_submit.py:495} INFO - 23/01/30 22:01:25 INFO Executor: Adding file:/tmp/spark-2fc3b4dd-3d1a-4afe-aebd-2c7186c14e72/userFiles-8cbb275d-3d4e-448f-9f18-c272ed6ab96a/org.apache.kafka_kafka-clients-2.6.0.jar to class loader
[2023-01-30T22:01:25.855+0000] {spark_submit.py:495} INFO - 23/01/30 22:01:25 INFO Executor: Fetching spark://15c99fd3082a:37119/jars/org.apache.commons_commons-pool2-2.6.2.jar with timestamp 1675116084404
[2023-01-30T22:01:25.856+0000] {spark_submit.py:495} INFO - 23/01/30 22:01:25 INFO Utils: Fetching spark://15c99fd3082a:37119/jars/org.apache.commons_commons-pool2-2.6.2.jar to /tmp/spark-2fc3b4dd-3d1a-4afe-aebd-2c7186c14e72/userFiles-8cbb275d-3d4e-448f-9f18-c272ed6ab96a/fetchFileTemp6600379757727972958.tmp
[2023-01-30T22:01:25.857+0000] {spark_submit.py:495} INFO - 23/01/30 22:01:25 INFO Utils: /tmp/spark-2fc3b4dd-3d1a-4afe-aebd-2c7186c14e72/userFiles-8cbb275d-3d4e-448f-9f18-c272ed6ab96a/fetchFileTemp6600379757727972958.tmp has been previously copied to /tmp/spark-2fc3b4dd-3d1a-4afe-aebd-2c7186c14e72/userFiles-8cbb275d-3d4e-448f-9f18-c272ed6ab96a/org.apache.commons_commons-pool2-2.6.2.jar
[2023-01-30T22:01:25.877+0000] {spark_submit.py:495} INFO - 23/01/30 22:01:25 INFO Executor: Adding file:/tmp/spark-2fc3b4dd-3d1a-4afe-aebd-2c7186c14e72/userFiles-8cbb275d-3d4e-448f-9f18-c272ed6ab96a/org.apache.commons_commons-pool2-2.6.2.jar to class loader
[2023-01-30T22:01:25.898+0000] {spark_submit.py:495} INFO - 23/01/30 22:01:25 INFO Utils: Successfully started service 'org.apache.spark.network.netty.NettyBlockTransferService' on port 39397.
[2023-01-30T22:01:25.899+0000] {spark_submit.py:495} INFO - 23/01/30 22:01:25 INFO NettyBlockTransferService: Server created on 15c99fd3082a:39397
[2023-01-30T22:01:25.903+0000] {spark_submit.py:495} INFO - 23/01/30 22:01:25 INFO BlockManager: Using org.apache.spark.storage.RandomBlockReplicationPolicy for block replication policy
[2023-01-30T22:01:25.925+0000] {spark_submit.py:495} INFO - 23/01/30 22:01:25 INFO BlockManagerMaster: Registering BlockManager BlockManagerId(driver, 15c99fd3082a, 39397, None)
[2023-01-30T22:01:25.928+0000] {spark_submit.py:495} INFO - 23/01/30 22:01:25 INFO BlockManagerMasterEndpoint: Registering block manager 15c99fd3082a:39397 with 434.4 MiB RAM, BlockManagerId(driver, 15c99fd3082a, 39397, None)
[2023-01-30T22:01:25.947+0000] {spark_submit.py:495} INFO - 23/01/30 22:01:25 INFO BlockManagerMaster: Registered BlockManager BlockManagerId(driver, 15c99fd3082a, 39397, None)
[2023-01-30T22:01:25.947+0000] {spark_submit.py:495} INFO - 23/01/30 22:01:25 INFO BlockManager: Initialized BlockManager: BlockManagerId(driver, 15c99fd3082a, 39397, None)
[2023-01-30T22:01:31.822+0000] {spark_submit.py:495} INFO - 2023-01-30 22:01:31,822 - py4j.java_gateway - INFO - Callback Server Starting
[2023-01-30T22:01:31.822+0000] {spark_submit.py:495} INFO - 2023-01-30 22:01:31,822 - py4j.java_gateway - INFO - Socket listening on ('127.0.0.1', 38439)
[2023-01-30T22:01:36.310+0000] {spark_submit.py:495} INFO - 2023-01-30 22:01:36,310 - py4j.clientserver - INFO - Python Server ready to receive messages
[2023-01-30T22:01:36.311+0000] {spark_submit.py:495} INFO - 2023-01-30 22:01:36,311 - py4j.clientserver - INFO - Received command c on object id p0
[2023-01-30T22:01:36.748+0000] {spark_submit.py:495} INFO - -------------------------------------------
[2023-01-30T22:01:36.749+0000] {spark_submit.py:495} INFO - Batch: 0
[2023-01-30T22:01:36.749+0000] {spark_submit.py:495} INFO - -------------------------------------------
[2023-01-30T22:01:36.834+0000] {spark_submit.py:495} INFO - +---+-------------+-----+-------------+----------+----------------+------------+-----------------+--------------+-------------+
[2023-01-30T22:01:36.835+0000] {spark_submit.py:495} INFO - |id |nameOfProduct|price|ProductStatus|SellerName|RegistrationDate|QuantitySold|QuantityAvailable|Free shipping?|Store ratings|
[2023-01-30T22:01:36.835+0000] {spark_submit.py:495} INFO - +---+-------------+-----+-------------+----------+----------------+------------+-----------------+--------------+-------------+
[2023-01-30T22:01:36.835+0000] {spark_submit.py:495} INFO - +---+-------------+-----+-------------+----------+----------------+------------+-----------------+--------------+-------------+
[2023-01-30T22:01:36.835+0000] {spark_submit.py:495} INFO - 
[2023-01-30T22:01:36.935+0000] {spark_submit.py:495} INFO - Stopping query...
[2023-01-30T22:01:37.452+0000] {spark_submit.py:495} INFO - Awaiting termination...
[2023-01-30T22:01:37.460+0000] {spark_submit.py:495} INFO - Stopping query...
[2023-01-30T22:01:37.997+0000] {spark_submit.py:495} INFO - Awaiting termination...
[2023-01-30T22:01:38.176+0000] {taskinstance.py:1327} INFO - Marking task as SUCCESS. dag_id=Streaming_pipeline_meli, task_id=consumer_data_of_topic, execution_date=20230127T184927, start_date=20230130T220120, end_date=20230130T220138
[2023-01-30T22:01:38.216+0000] {local_task_job.py:159} INFO - Task exited with return code 0
[2023-01-30T22:01:38.229+0000] {taskinstance.py:2582} INFO - 0 downstream tasks scheduled from follow-on schedule check
