[2023-01-30T22:03:31.954+0000] {taskinstance.py:1087} INFO - Dependencies all met for <TaskInstance: Streaming_pipeline_meli.consumer_data_of_topic manual__2023-01-27T18:49:27.597637+00:00 [queued]>
[2023-01-30T22:03:31.989+0000] {taskinstance.py:1087} INFO - Dependencies all met for <TaskInstance: Streaming_pipeline_meli.consumer_data_of_topic manual__2023-01-27T18:49:27.597637+00:00 [queued]>
[2023-01-30T22:03:31.989+0000] {taskinstance.py:1283} INFO - 
--------------------------------------------------------------------------------
[2023-01-30T22:03:31.989+0000] {taskinstance.py:1284} INFO - Starting attempt 111 of 116
[2023-01-30T22:03:31.989+0000] {taskinstance.py:1285} INFO - 
--------------------------------------------------------------------------------
[2023-01-30T22:03:32.021+0000] {taskinstance.py:1304} INFO - Executing <Task(SparkSubmitOperator): consumer_data_of_topic> on 2023-01-27 18:49:27.597637+00:00
[2023-01-30T22:03:32.025+0000] {standard_task_runner.py:55} INFO - Started process 46153 to run task
[2023-01-30T22:03:32.031+0000] {standard_task_runner.py:82} INFO - Running: ['***', 'tasks', 'run', 'Streaming_pipeline_meli', 'consumer_data_of_topic', 'manual__2023-01-27T18:49:27.597637+00:00', '--job-id', '1282', '--raw', '--subdir', 'DAGS_FOLDER/streamPipeline.py', '--cfg-path', '/tmp/tmp4j9ohyqg']
[2023-01-30T22:03:32.031+0000] {standard_task_runner.py:83} INFO - Job 1282: Subtask consumer_data_of_topic
[2023-01-30T22:03:32.117+0000] {task_command.py:389} INFO - Running <TaskInstance: Streaming_pipeline_meli.consumer_data_of_topic manual__2023-01-27T18:49:27.597637+00:00 [running]> on host 15c99fd3082a
[2023-01-30T22:03:32.185+0000] {taskinstance.py:1513} INFO - Exporting the following env vars:
AIRFLOW_CTX_DAG_OWNER=***
AIRFLOW_CTX_DAG_ID=Streaming_pipeline_meli
AIRFLOW_CTX_TASK_ID=consumer_data_of_topic
AIRFLOW_CTX_EXECUTION_DATE=2023-01-27T18:49:27.597637+00:00
AIRFLOW_CTX_TRY_NUMBER=111
AIRFLOW_CTX_DAG_RUN_ID=manual__2023-01-27T18:49:27.597637+00:00
[2023-01-30T22:03:32.195+0000] {base.py:73} INFO - Using connection ID 'spark_default' for task execution.
[2023-01-30T22:03:32.196+0000] {spark_submit.py:344} INFO - Spark-Submit cmd: spark-submit --master spark://tomi-H310:7077 --packages org.apache.spark:spark-sql-kafka-0-10_2.12:3.1.3,org.mongodb.spark:mongo-spark-connector_2.12:3.0.1 --name arrow-spark --queue root.default /opt/***/dags/consumerSpark.py
[2023-01-30T22:03:32.362+0000] {spark_submit.py:495} INFO - /home/***/.local/lib/python3.7/site-packages/pyspark/bin/load-spark-env.sh: line 68: ps: command not found
[2023-01-30T22:03:34.580+0000] {spark_submit.py:495} INFO - :: loading settings :: url = jar:file:/home/***/.local/lib/python3.7/site-packages/pyspark/jars/ivy-2.5.0.jar!/org/apache/ivy/core/settings/ivysettings.xml
[2023-01-30T22:03:34.660+0000] {spark_submit.py:495} INFO - Ivy Default Cache set to: /home/***/.ivy2/cache
[2023-01-30T22:03:34.660+0000] {spark_submit.py:495} INFO - The jars for the packages stored in: /home/***/.ivy2/jars
[2023-01-30T22:03:34.675+0000] {spark_submit.py:495} INFO - org.apache.spark#spark-sql-kafka-0-10_2.12 added as a dependency
[2023-01-30T22:03:34.675+0000] {spark_submit.py:495} INFO - org.mongodb.spark#mongo-spark-connector_2.12 added as a dependency
[2023-01-30T22:03:34.680+0000] {spark_submit.py:495} INFO - :: resolving dependencies :: org.apache.spark#spark-submit-parent-29e21d02-127a-4379-b86a-e63188c7d7d4;1.0
[2023-01-30T22:03:34.680+0000] {spark_submit.py:495} INFO - confs: [default]
[2023-01-30T22:03:34.835+0000] {spark_submit.py:495} INFO - found org.apache.spark#spark-sql-kafka-0-10_2.12;3.1.3 in central
[2023-01-30T22:03:34.884+0000] {spark_submit.py:495} INFO - found org.apache.spark#spark-token-provider-kafka-0-10_2.12;3.1.3 in central
[2023-01-30T22:03:34.905+0000] {spark_submit.py:495} INFO - found org.apache.kafka#kafka-clients;2.6.0 in central
[2023-01-30T22:03:34.926+0000] {spark_submit.py:495} INFO - found com.github.luben#zstd-jni;1.4.8-1 in central
[2023-01-30T22:03:34.941+0000] {spark_submit.py:495} INFO - found org.lz4#lz4-java;1.7.1 in central
[2023-01-30T22:03:34.954+0000] {spark_submit.py:495} INFO - found org.xerial.snappy#snappy-java;1.1.8.2 in central
[2023-01-30T22:03:34.966+0000] {spark_submit.py:495} INFO - found org.slf4j#slf4j-api;1.7.30 in central
[2023-01-30T22:03:34.979+0000] {spark_submit.py:495} INFO - found org.spark-project.spark#unused;1.0.0 in central
[2023-01-30T22:03:34.990+0000] {spark_submit.py:495} INFO - found org.apache.commons#commons-pool2;2.6.2 in central
[2023-01-30T22:03:35.004+0000] {spark_submit.py:495} INFO - found org.mongodb.spark#mongo-spark-connector_2.12;3.0.1 in central
[2023-01-30T22:03:35.014+0000] {spark_submit.py:495} INFO - found org.mongodb#mongodb-driver-sync;4.0.5 in central
[2023-01-30T22:03:35.021+0000] {spark_submit.py:495} INFO - found org.mongodb#bson;4.0.5 in central
[2023-01-30T22:03:35.032+0000] {spark_submit.py:495} INFO - found org.mongodb#mongodb-driver-core;4.0.5 in central
[2023-01-30T22:03:35.056+0000] {spark_submit.py:495} INFO - :: resolution report :: resolve 364ms :: artifacts dl 14ms
[2023-01-30T22:03:35.056+0000] {spark_submit.py:495} INFO - :: modules in use:
[2023-01-30T22:03:35.056+0000] {spark_submit.py:495} INFO - com.github.luben#zstd-jni;1.4.8-1 from central in [default]
[2023-01-30T22:03:35.056+0000] {spark_submit.py:495} INFO - org.apache.commons#commons-pool2;2.6.2 from central in [default]
[2023-01-30T22:03:35.056+0000] {spark_submit.py:495} INFO - org.apache.kafka#kafka-clients;2.6.0 from central in [default]
[2023-01-30T22:03:35.057+0000] {spark_submit.py:495} INFO - org.apache.spark#spark-sql-kafka-0-10_2.12;3.1.3 from central in [default]
[2023-01-30T22:03:35.057+0000] {spark_submit.py:495} INFO - org.apache.spark#spark-token-provider-kafka-0-10_2.12;3.1.3 from central in [default]
[2023-01-30T22:03:35.057+0000] {spark_submit.py:495} INFO - org.lz4#lz4-java;1.7.1 from central in [default]
[2023-01-30T22:03:35.057+0000] {spark_submit.py:495} INFO - org.mongodb#bson;4.0.5 from central in [default]
[2023-01-30T22:03:35.057+0000] {spark_submit.py:495} INFO - org.mongodb#mongodb-driver-core;4.0.5 from central in [default]
[2023-01-30T22:03:35.057+0000] {spark_submit.py:495} INFO - org.mongodb#mongodb-driver-sync;4.0.5 from central in [default]
[2023-01-30T22:03:35.057+0000] {spark_submit.py:495} INFO - org.mongodb.spark#mongo-spark-connector_2.12;3.0.1 from central in [default]
[2023-01-30T22:03:35.058+0000] {spark_submit.py:495} INFO - org.slf4j#slf4j-api;1.7.30 from central in [default]
[2023-01-30T22:03:35.058+0000] {spark_submit.py:495} INFO - org.spark-project.spark#unused;1.0.0 from central in [default]
[2023-01-30T22:03:35.058+0000] {spark_submit.py:495} INFO - org.xerial.snappy#snappy-java;1.1.8.2 from central in [default]
[2023-01-30T22:03:35.058+0000] {spark_submit.py:495} INFO - ---------------------------------------------------------------------
[2023-01-30T22:03:35.058+0000] {spark_submit.py:495} INFO - |                  |            modules            ||   artifacts   |
[2023-01-30T22:03:35.058+0000] {spark_submit.py:495} INFO - |       conf       | number| search|dwnlded|evicted|| number|dwnlded|
[2023-01-30T22:03:35.058+0000] {spark_submit.py:495} INFO - ---------------------------------------------------------------------
[2023-01-30T22:03:35.058+0000] {spark_submit.py:495} INFO - |      default     |   13  |   0   |   0   |   0   ||   13  |   0   |
[2023-01-30T22:03:35.059+0000] {spark_submit.py:495} INFO - ---------------------------------------------------------------------
[2023-01-30T22:03:35.061+0000] {spark_submit.py:495} INFO - :: retrieving :: org.apache.spark#spark-submit-parent-29e21d02-127a-4379-b86a-e63188c7d7d4
[2023-01-30T22:03:35.062+0000] {spark_submit.py:495} INFO - confs: [default]
[2023-01-30T22:03:35.068+0000] {spark_submit.py:495} INFO - 0 artifacts copied, 13 already retrieved (0kB/7ms)
[2023-01-30T22:03:35.282+0000] {spark_submit.py:495} INFO - 23/01/30 22:03:35 WARN NativeCodeLoader: Unable to load native-hadoop library for your platform... using builtin-java classes where applicable
[2023-01-30T22:03:36.140+0000] {spark_submit.py:495} INFO - 23/01/30 22:03:36 INFO SparkContext: Running Spark version 3.3.1
[2023-01-30T22:03:36.157+0000] {spark_submit.py:495} INFO - 23/01/30 22:03:36 INFO ResourceUtils: ==============================================================
[2023-01-30T22:03:36.158+0000] {spark_submit.py:495} INFO - 23/01/30 22:03:36 INFO ResourceUtils: No custom resources configured for spark.driver.
[2023-01-30T22:03:36.158+0000] {spark_submit.py:495} INFO - 23/01/30 22:03:36 INFO ResourceUtils: ==============================================================
[2023-01-30T22:03:36.158+0000] {spark_submit.py:495} INFO - 23/01/30 22:03:36 INFO SparkContext: Submitted application: arrow-spark
[2023-01-30T22:03:36.175+0000] {spark_submit.py:495} INFO - 23/01/30 22:03:36 INFO ResourceProfile: Default ResourceProfile created, executor resources: Map(cores -> name: cores, amount: 1, script: , vendor: , memory -> name: memory, amount: 1024, script: , vendor: , offHeap -> name: offHeap, amount: 0, script: , vendor: ), task resources: Map(cpus -> name: cpus, amount: 1.0)
[2023-01-30T22:03:36.186+0000] {spark_submit.py:495} INFO - 23/01/30 22:03:36 INFO ResourceProfile: Limiting resource is cpu
[2023-01-30T22:03:36.187+0000] {spark_submit.py:495} INFO - 23/01/30 22:03:36 INFO ResourceProfileManager: Added ResourceProfile id: 0
[2023-01-30T22:03:36.226+0000] {spark_submit.py:495} INFO - 23/01/30 22:03:36 INFO SecurityManager: Changing view acls to: default
[2023-01-30T22:03:36.226+0000] {spark_submit.py:495} INFO - 23/01/30 22:03:36 INFO SecurityManager: Changing modify acls to: default
[2023-01-30T22:03:36.226+0000] {spark_submit.py:495} INFO - 23/01/30 22:03:36 INFO SecurityManager: Changing view acls groups to:
[2023-01-30T22:03:36.227+0000] {spark_submit.py:495} INFO - 23/01/30 22:03:36 INFO SecurityManager: Changing modify acls groups to:
[2023-01-30T22:03:36.227+0000] {spark_submit.py:495} INFO - 23/01/30 22:03:36 INFO SecurityManager: SecurityManager: authentication disabled; ui acls disabled; users  with view permissions: Set(default); groups with view permissions: Set(); users  with modify permissions: Set(default); groups with modify permissions: Set()
[2023-01-30T22:03:36.451+0000] {spark_submit.py:495} INFO - 23/01/30 22:03:36 INFO Utils: Successfully started service 'sparkDriver' on port 43011.
[2023-01-30T22:03:36.473+0000] {spark_submit.py:495} INFO - 23/01/30 22:03:36 INFO SparkEnv: Registering MapOutputTracker
[2023-01-30T22:03:36.500+0000] {spark_submit.py:495} INFO - 23/01/30 22:03:36 INFO SparkEnv: Registering BlockManagerMaster
[2023-01-30T22:03:36.514+0000] {spark_submit.py:495} INFO - 23/01/30 22:03:36 INFO BlockManagerMasterEndpoint: Using org.apache.spark.storage.DefaultTopologyMapper for getting topology information
[2023-01-30T22:03:36.515+0000] {spark_submit.py:495} INFO - 23/01/30 22:03:36 INFO BlockManagerMasterEndpoint: BlockManagerMasterEndpoint up
[2023-01-30T22:03:36.518+0000] {spark_submit.py:495} INFO - 23/01/30 22:03:36 INFO SparkEnv: Registering BlockManagerMasterHeartbeat
[2023-01-30T22:03:36.535+0000] {spark_submit.py:495} INFO - 23/01/30 22:03:36 INFO DiskBlockManager: Created local directory at /tmp/blockmgr-f9d39da8-02f0-4a0e-89c4-c46d1568cfc6
[2023-01-30T22:03:36.547+0000] {spark_submit.py:495} INFO - 23/01/30 22:03:36 INFO MemoryStore: MemoryStore started with capacity 434.4 MiB
[2023-01-30T22:03:36.559+0000] {spark_submit.py:495} INFO - 23/01/30 22:03:36 INFO SparkEnv: Registering OutputCommitCoordinator
[2023-01-30T22:03:36.699+0000] {spark_submit.py:495} INFO - 23/01/30 22:03:36 INFO Utils: Successfully started service 'SparkUI' on port 4040.
[2023-01-30T22:03:36.726+0000] {spark_submit.py:495} INFO - 23/01/30 22:03:36 INFO SparkContext: Added JAR file:///home/***/.ivy2/jars/org.apache.spark_spark-sql-kafka-0-10_2.12-3.1.3.jar at spark://15c99fd3082a:43011/jars/org.apache.spark_spark-sql-kafka-0-10_2.12-3.1.3.jar with timestamp 1675116216134
[2023-01-30T22:03:36.726+0000] {spark_submit.py:495} INFO - 23/01/30 22:03:36 INFO SparkContext: Added JAR file:///home/***/.ivy2/jars/org.mongodb.spark_mongo-spark-connector_2.12-3.0.1.jar at spark://15c99fd3082a:43011/jars/org.mongodb.spark_mongo-spark-connector_2.12-3.0.1.jar with timestamp 1675116216134
[2023-01-30T22:03:36.726+0000] {spark_submit.py:495} INFO - 23/01/30 22:03:36 INFO SparkContext: Added JAR file:///home/***/.ivy2/jars/org.apache.spark_spark-token-provider-kafka-0-10_2.12-3.1.3.jar at spark://15c99fd3082a:43011/jars/org.apache.spark_spark-token-provider-kafka-0-10_2.12-3.1.3.jar with timestamp 1675116216134
[2023-01-30T22:03:36.726+0000] {spark_submit.py:495} INFO - 23/01/30 22:03:36 INFO SparkContext: Added JAR file:///home/***/.ivy2/jars/org.apache.kafka_kafka-clients-2.6.0.jar at spark://15c99fd3082a:43011/jars/org.apache.kafka_kafka-clients-2.6.0.jar with timestamp 1675116216134
[2023-01-30T22:03:36.726+0000] {spark_submit.py:495} INFO - 23/01/30 22:03:36 INFO SparkContext: Added JAR file:///home/***/.ivy2/jars/org.apache.commons_commons-pool2-2.6.2.jar at spark://15c99fd3082a:43011/jars/org.apache.commons_commons-pool2-2.6.2.jar with timestamp 1675116216134
[2023-01-30T22:03:36.726+0000] {spark_submit.py:495} INFO - 23/01/30 22:03:36 INFO SparkContext: Added JAR file:///home/***/.ivy2/jars/org.spark-project.spark_unused-1.0.0.jar at spark://15c99fd3082a:43011/jars/org.spark-project.spark_unused-1.0.0.jar with timestamp 1675116216134
[2023-01-30T22:03:36.727+0000] {spark_submit.py:495} INFO - 23/01/30 22:03:36 INFO SparkContext: Added JAR file:///home/***/.ivy2/jars/com.github.luben_zstd-jni-1.4.8-1.jar at spark://15c99fd3082a:43011/jars/com.github.luben_zstd-jni-1.4.8-1.jar with timestamp 1675116216134
[2023-01-30T22:03:36.727+0000] {spark_submit.py:495} INFO - 23/01/30 22:03:36 INFO SparkContext: Added JAR file:///home/***/.ivy2/jars/org.lz4_lz4-java-1.7.1.jar at spark://15c99fd3082a:43011/jars/org.lz4_lz4-java-1.7.1.jar with timestamp 1675116216134
[2023-01-30T22:03:36.727+0000] {spark_submit.py:495} INFO - 23/01/30 22:03:36 INFO SparkContext: Added JAR file:///home/***/.ivy2/jars/org.xerial.snappy_snappy-java-1.1.8.2.jar at spark://15c99fd3082a:43011/jars/org.xerial.snappy_snappy-java-1.1.8.2.jar with timestamp 1675116216134
[2023-01-30T22:03:36.727+0000] {spark_submit.py:495} INFO - 23/01/30 22:03:36 INFO SparkContext: Added JAR file:///home/***/.ivy2/jars/org.slf4j_slf4j-api-1.7.30.jar at spark://15c99fd3082a:43011/jars/org.slf4j_slf4j-api-1.7.30.jar with timestamp 1675116216134
[2023-01-30T22:03:36.727+0000] {spark_submit.py:495} INFO - 23/01/30 22:03:36 INFO SparkContext: Added JAR file:///home/***/.ivy2/jars/org.mongodb_mongodb-driver-sync-4.0.5.jar at spark://15c99fd3082a:43011/jars/org.mongodb_mongodb-driver-sync-4.0.5.jar with timestamp 1675116216134
[2023-01-30T22:03:36.727+0000] {spark_submit.py:495} INFO - 23/01/30 22:03:36 INFO SparkContext: Added JAR file:///home/***/.ivy2/jars/org.mongodb_bson-4.0.5.jar at spark://15c99fd3082a:43011/jars/org.mongodb_bson-4.0.5.jar with timestamp 1675116216134
[2023-01-30T22:03:36.727+0000] {spark_submit.py:495} INFO - 23/01/30 22:03:36 INFO SparkContext: Added JAR file:///home/***/.ivy2/jars/org.mongodb_mongodb-driver-core-4.0.5.jar at spark://15c99fd3082a:43011/jars/org.mongodb_mongodb-driver-core-4.0.5.jar with timestamp 1675116216134
[2023-01-30T22:03:36.729+0000] {spark_submit.py:495} INFO - 23/01/30 22:03:36 INFO SparkContext: Added file file:///home/***/.ivy2/jars/org.apache.spark_spark-sql-kafka-0-10_2.12-3.1.3.jar at file:///home/***/.ivy2/jars/org.apache.spark_spark-sql-kafka-0-10_2.12-3.1.3.jar with timestamp 1675116216134
[2023-01-30T22:03:36.730+0000] {spark_submit.py:495} INFO - 23/01/30 22:03:36 INFO Utils: Copying /home/***/.ivy2/jars/org.apache.spark_spark-sql-kafka-0-10_2.12-3.1.3.jar to /tmp/spark-ff18cd89-d331-4c53-84bd-1119c24df6cf/userFiles-3b7a7fff-b651-4a97-9b58-0bfe3760a735/org.apache.spark_spark-sql-kafka-0-10_2.12-3.1.3.jar
[2023-01-30T22:03:36.744+0000] {spark_submit.py:495} INFO - 23/01/30 22:03:36 INFO SparkContext: Added file file:///home/***/.ivy2/jars/org.mongodb.spark_mongo-spark-connector_2.12-3.0.1.jar at file:///home/***/.ivy2/jars/org.mongodb.spark_mongo-spark-connector_2.12-3.0.1.jar with timestamp 1675116216134
[2023-01-30T22:03:36.744+0000] {spark_submit.py:495} INFO - 23/01/30 22:03:36 INFO Utils: Copying /home/***/.ivy2/jars/org.mongodb.spark_mongo-spark-connector_2.12-3.0.1.jar to /tmp/spark-ff18cd89-d331-4c53-84bd-1119c24df6cf/userFiles-3b7a7fff-b651-4a97-9b58-0bfe3760a735/org.mongodb.spark_mongo-spark-connector_2.12-3.0.1.jar
[2023-01-30T22:03:36.748+0000] {spark_submit.py:495} INFO - 23/01/30 22:03:36 INFO SparkContext: Added file file:///home/***/.ivy2/jars/org.apache.spark_spark-token-provider-kafka-0-10_2.12-3.1.3.jar at file:///home/***/.ivy2/jars/org.apache.spark_spark-token-provider-kafka-0-10_2.12-3.1.3.jar with timestamp 1675116216134
[2023-01-30T22:03:36.748+0000] {spark_submit.py:495} INFO - 23/01/30 22:03:36 INFO Utils: Copying /home/***/.ivy2/jars/org.apache.spark_spark-token-provider-kafka-0-10_2.12-3.1.3.jar to /tmp/spark-ff18cd89-d331-4c53-84bd-1119c24df6cf/userFiles-3b7a7fff-b651-4a97-9b58-0bfe3760a735/org.apache.spark_spark-token-provider-kafka-0-10_2.12-3.1.3.jar
[2023-01-30T22:03:36.751+0000] {spark_submit.py:495} INFO - 23/01/30 22:03:36 INFO SparkContext: Added file file:///home/***/.ivy2/jars/org.apache.kafka_kafka-clients-2.6.0.jar at file:///home/***/.ivy2/jars/org.apache.kafka_kafka-clients-2.6.0.jar with timestamp 1675116216134
[2023-01-30T22:03:36.751+0000] {spark_submit.py:495} INFO - 23/01/30 22:03:36 INFO Utils: Copying /home/***/.ivy2/jars/org.apache.kafka_kafka-clients-2.6.0.jar to /tmp/spark-ff18cd89-d331-4c53-84bd-1119c24df6cf/userFiles-3b7a7fff-b651-4a97-9b58-0bfe3760a735/org.apache.kafka_kafka-clients-2.6.0.jar
[2023-01-30T22:03:36.757+0000] {spark_submit.py:495} INFO - 23/01/30 22:03:36 INFO SparkContext: Added file file:///home/***/.ivy2/jars/org.apache.commons_commons-pool2-2.6.2.jar at file:///home/***/.ivy2/jars/org.apache.commons_commons-pool2-2.6.2.jar with timestamp 1675116216134
[2023-01-30T22:03:36.757+0000] {spark_submit.py:495} INFO - 23/01/30 22:03:36 INFO Utils: Copying /home/***/.ivy2/jars/org.apache.commons_commons-pool2-2.6.2.jar to /tmp/spark-ff18cd89-d331-4c53-84bd-1119c24df6cf/userFiles-3b7a7fff-b651-4a97-9b58-0bfe3760a735/org.apache.commons_commons-pool2-2.6.2.jar
[2023-01-30T22:03:36.762+0000] {spark_submit.py:495} INFO - 23/01/30 22:03:36 INFO SparkContext: Added file file:///home/***/.ivy2/jars/org.spark-project.spark_unused-1.0.0.jar at file:///home/***/.ivy2/jars/org.spark-project.spark_unused-1.0.0.jar with timestamp 1675116216134
[2023-01-30T22:03:36.762+0000] {spark_submit.py:495} INFO - 23/01/30 22:03:36 INFO Utils: Copying /home/***/.ivy2/jars/org.spark-project.spark_unused-1.0.0.jar to /tmp/spark-ff18cd89-d331-4c53-84bd-1119c24df6cf/userFiles-3b7a7fff-b651-4a97-9b58-0bfe3760a735/org.spark-project.spark_unused-1.0.0.jar
[2023-01-30T22:03:36.765+0000] {spark_submit.py:495} INFO - 23/01/30 22:03:36 INFO SparkContext: Added file file:///home/***/.ivy2/jars/com.github.luben_zstd-jni-1.4.8-1.jar at file:///home/***/.ivy2/jars/com.github.luben_zstd-jni-1.4.8-1.jar with timestamp 1675116216134
[2023-01-30T22:03:36.765+0000] {spark_submit.py:495} INFO - 23/01/30 22:03:36 INFO Utils: Copying /home/***/.ivy2/jars/com.github.luben_zstd-jni-1.4.8-1.jar to /tmp/spark-ff18cd89-d331-4c53-84bd-1119c24df6cf/userFiles-3b7a7fff-b651-4a97-9b58-0bfe3760a735/com.github.luben_zstd-jni-1.4.8-1.jar
[2023-01-30T22:03:36.773+0000] {spark_submit.py:495} INFO - 23/01/30 22:03:36 INFO SparkContext: Added file file:///home/***/.ivy2/jars/org.lz4_lz4-java-1.7.1.jar at file:///home/***/.ivy2/jars/org.lz4_lz4-java-1.7.1.jar with timestamp 1675116216134
[2023-01-30T22:03:36.773+0000] {spark_submit.py:495} INFO - 23/01/30 22:03:36 INFO Utils: Copying /home/***/.ivy2/jars/org.lz4_lz4-java-1.7.1.jar to /tmp/spark-ff18cd89-d331-4c53-84bd-1119c24df6cf/userFiles-3b7a7fff-b651-4a97-9b58-0bfe3760a735/org.lz4_lz4-java-1.7.1.jar
[2023-01-30T22:03:36.777+0000] {spark_submit.py:495} INFO - 23/01/30 22:03:36 INFO SparkContext: Added file file:///home/***/.ivy2/jars/org.xerial.snappy_snappy-java-1.1.8.2.jar at file:///home/***/.ivy2/jars/org.xerial.snappy_snappy-java-1.1.8.2.jar with timestamp 1675116216134
[2023-01-30T22:03:36.777+0000] {spark_submit.py:495} INFO - 23/01/30 22:03:36 INFO Utils: Copying /home/***/.ivy2/jars/org.xerial.snappy_snappy-java-1.1.8.2.jar to /tmp/spark-ff18cd89-d331-4c53-84bd-1119c24df6cf/userFiles-3b7a7fff-b651-4a97-9b58-0bfe3760a735/org.xerial.snappy_snappy-java-1.1.8.2.jar
[2023-01-30T22:03:36.782+0000] {spark_submit.py:495} INFO - 23/01/30 22:03:36 INFO SparkContext: Added file file:///home/***/.ivy2/jars/org.slf4j_slf4j-api-1.7.30.jar at file:///home/***/.ivy2/jars/org.slf4j_slf4j-api-1.7.30.jar with timestamp 1675116216134
[2023-01-30T22:03:36.782+0000] {spark_submit.py:495} INFO - 23/01/30 22:03:36 INFO Utils: Copying /home/***/.ivy2/jars/org.slf4j_slf4j-api-1.7.30.jar to /tmp/spark-ff18cd89-d331-4c53-84bd-1119c24df6cf/userFiles-3b7a7fff-b651-4a97-9b58-0bfe3760a735/org.slf4j_slf4j-api-1.7.30.jar
[2023-01-30T22:03:36.789+0000] {spark_submit.py:495} INFO - 23/01/30 22:03:36 INFO SparkContext: Added file file:///home/***/.ivy2/jars/org.mongodb_mongodb-driver-sync-4.0.5.jar at file:///home/***/.ivy2/jars/org.mongodb_mongodb-driver-sync-4.0.5.jar with timestamp 1675116216134
[2023-01-30T22:03:36.789+0000] {spark_submit.py:495} INFO - 23/01/30 22:03:36 INFO Utils: Copying /home/***/.ivy2/jars/org.mongodb_mongodb-driver-sync-4.0.5.jar to /tmp/spark-ff18cd89-d331-4c53-84bd-1119c24df6cf/userFiles-3b7a7fff-b651-4a97-9b58-0bfe3760a735/org.mongodb_mongodb-driver-sync-4.0.5.jar
[2023-01-30T22:03:36.792+0000] {spark_submit.py:495} INFO - 23/01/30 22:03:36 INFO SparkContext: Added file file:///home/***/.ivy2/jars/org.mongodb_bson-4.0.5.jar at file:///home/***/.ivy2/jars/org.mongodb_bson-4.0.5.jar with timestamp 1675116216134
[2023-01-30T22:03:36.792+0000] {spark_submit.py:495} INFO - 23/01/30 22:03:36 INFO Utils: Copying /home/***/.ivy2/jars/org.mongodb_bson-4.0.5.jar to /tmp/spark-ff18cd89-d331-4c53-84bd-1119c24df6cf/userFiles-3b7a7fff-b651-4a97-9b58-0bfe3760a735/org.mongodb_bson-4.0.5.jar
[2023-01-30T22:03:36.801+0000] {spark_submit.py:495} INFO - 23/01/30 22:03:36 INFO SparkContext: Added file file:///home/***/.ivy2/jars/org.mongodb_mongodb-driver-core-4.0.5.jar at file:///home/***/.ivy2/jars/org.mongodb_mongodb-driver-core-4.0.5.jar with timestamp 1675116216134
[2023-01-30T22:03:36.801+0000] {spark_submit.py:495} INFO - 23/01/30 22:03:36 INFO Utils: Copying /home/***/.ivy2/jars/org.mongodb_mongodb-driver-core-4.0.5.jar to /tmp/spark-ff18cd89-d331-4c53-84bd-1119c24df6cf/userFiles-3b7a7fff-b651-4a97-9b58-0bfe3760a735/org.mongodb_mongodb-driver-core-4.0.5.jar
[2023-01-30T22:03:36.861+0000] {spark_submit.py:495} INFO - 23/01/30 22:03:36 INFO Executor: Starting executor ID driver on host 15c99fd3082a
[2023-01-30T22:03:36.862+0000] {spark_submit.py:495} INFO - 23/01/30 22:03:36 INFO Executor: Starting executor with user classpath (userClassPathFirst = false): ''
[2023-01-30T22:03:36.871+0000] {spark_submit.py:495} INFO - 23/01/30 22:03:36 INFO Executor: Fetching file:///home/***/.ivy2/jars/org.apache.spark_spark-token-provider-kafka-0-10_2.12-3.1.3.jar with timestamp 1675116216134
[2023-01-30T22:03:36.887+0000] {spark_submit.py:495} INFO - 23/01/30 22:03:36 INFO Utils: /home/***/.ivy2/jars/org.apache.spark_spark-token-provider-kafka-0-10_2.12-3.1.3.jar has been previously copied to /tmp/spark-ff18cd89-d331-4c53-84bd-1119c24df6cf/userFiles-3b7a7fff-b651-4a97-9b58-0bfe3760a735/org.apache.spark_spark-token-provider-kafka-0-10_2.12-3.1.3.jar
[2023-01-30T22:03:36.900+0000] {spark_submit.py:495} INFO - 23/01/30 22:03:36 INFO Executor: Fetching file:///home/***/.ivy2/jars/org.mongodb_mongodb-driver-sync-4.0.5.jar with timestamp 1675116216134
[2023-01-30T22:03:36.903+0000] {spark_submit.py:495} INFO - 23/01/30 22:03:36 INFO Utils: /home/***/.ivy2/jars/org.mongodb_mongodb-driver-sync-4.0.5.jar has been previously copied to /tmp/spark-ff18cd89-d331-4c53-84bd-1119c24df6cf/userFiles-3b7a7fff-b651-4a97-9b58-0bfe3760a735/org.mongodb_mongodb-driver-sync-4.0.5.jar
[2023-01-30T22:03:36.917+0000] {spark_submit.py:495} INFO - 23/01/30 22:03:36 INFO Executor: Fetching file:///home/***/.ivy2/jars/org.apache.kafka_kafka-clients-2.6.0.jar with timestamp 1675116216134
[2023-01-30T22:03:36.922+0000] {spark_submit.py:495} INFO - 23/01/30 22:03:36 INFO Utils: /home/***/.ivy2/jars/org.apache.kafka_kafka-clients-2.6.0.jar has been previously copied to /tmp/spark-ff18cd89-d331-4c53-84bd-1119c24df6cf/userFiles-3b7a7fff-b651-4a97-9b58-0bfe3760a735/org.apache.kafka_kafka-clients-2.6.0.jar
[2023-01-30T22:03:36.931+0000] {spark_submit.py:495} INFO - 23/01/30 22:03:36 INFO Executor: Fetching file:///home/***/.ivy2/jars/org.mongodb_bson-4.0.5.jar with timestamp 1675116216134
[2023-01-30T22:03:36.935+0000] {spark_submit.py:495} INFO - 23/01/30 22:03:36 INFO Utils: /home/***/.ivy2/jars/org.mongodb_bson-4.0.5.jar has been previously copied to /tmp/spark-ff18cd89-d331-4c53-84bd-1119c24df6cf/userFiles-3b7a7fff-b651-4a97-9b58-0bfe3760a735/org.mongodb_bson-4.0.5.jar
[2023-01-30T22:03:36.952+0000] {spark_submit.py:495} INFO - 23/01/30 22:03:36 INFO Executor: Fetching file:///home/***/.ivy2/jars/com.github.luben_zstd-jni-1.4.8-1.jar with timestamp 1675116216134
[2023-01-30T22:03:36.960+0000] {spark_submit.py:495} INFO - 23/01/30 22:03:36 INFO Utils: /home/***/.ivy2/jars/com.github.luben_zstd-jni-1.4.8-1.jar has been previously copied to /tmp/spark-ff18cd89-d331-4c53-84bd-1119c24df6cf/userFiles-3b7a7fff-b651-4a97-9b58-0bfe3760a735/com.github.luben_zstd-jni-1.4.8-1.jar
[2023-01-30T22:03:36.983+0000] {spark_submit.py:495} INFO - 23/01/30 22:03:36 INFO Executor: Fetching file:///home/***/.ivy2/jars/org.lz4_lz4-java-1.7.1.jar with timestamp 1675116216134
[2023-01-30T22:03:36.984+0000] {spark_submit.py:495} INFO - 23/01/30 22:03:36 INFO Utils: /home/***/.ivy2/jars/org.lz4_lz4-java-1.7.1.jar has been previously copied to /tmp/spark-ff18cd89-d331-4c53-84bd-1119c24df6cf/userFiles-3b7a7fff-b651-4a97-9b58-0bfe3760a735/org.lz4_lz4-java-1.7.1.jar
[2023-01-30T22:03:36.987+0000] {spark_submit.py:495} INFO - 23/01/30 22:03:36 INFO Executor: Fetching file:///home/***/.ivy2/jars/org.spark-project.spark_unused-1.0.0.jar with timestamp 1675116216134
[2023-01-30T22:03:36.987+0000] {spark_submit.py:495} INFO - 23/01/30 22:03:36 INFO Utils: /home/***/.ivy2/jars/org.spark-project.spark_unused-1.0.0.jar has been previously copied to /tmp/spark-ff18cd89-d331-4c53-84bd-1119c24df6cf/userFiles-3b7a7fff-b651-4a97-9b58-0bfe3760a735/org.spark-project.spark_unused-1.0.0.jar
[2023-01-30T22:03:36.995+0000] {spark_submit.py:495} INFO - 23/01/30 22:03:36 INFO Executor: Fetching file:///home/***/.ivy2/jars/org.xerial.snappy_snappy-java-1.1.8.2.jar with timestamp 1675116216134
[2023-01-30T22:03:37.000+0000] {spark_submit.py:495} INFO - 23/01/30 22:03:36 INFO Utils: /home/***/.ivy2/jars/org.xerial.snappy_snappy-java-1.1.8.2.jar has been previously copied to /tmp/spark-ff18cd89-d331-4c53-84bd-1119c24df6cf/userFiles-3b7a7fff-b651-4a97-9b58-0bfe3760a735/org.xerial.snappy_snappy-java-1.1.8.2.jar
[2023-01-30T22:03:37.014+0000] {spark_submit.py:495} INFO - 23/01/30 22:03:37 INFO Executor: Fetching file:///home/***/.ivy2/jars/org.mongodb_mongodb-driver-core-4.0.5.jar with timestamp 1675116216134
[2023-01-30T22:03:37.014+0000] {spark_submit.py:495} INFO - 23/01/30 22:03:37 INFO Utils: /home/***/.ivy2/jars/org.mongodb_mongodb-driver-core-4.0.5.jar has been previously copied to /tmp/spark-ff18cd89-d331-4c53-84bd-1119c24df6cf/userFiles-3b7a7fff-b651-4a97-9b58-0bfe3760a735/org.mongodb_mongodb-driver-core-4.0.5.jar
[2023-01-30T22:03:37.035+0000] {spark_submit.py:495} INFO - 23/01/30 22:03:37 INFO Executor: Fetching file:///home/***/.ivy2/jars/org.apache.spark_spark-sql-kafka-0-10_2.12-3.1.3.jar with timestamp 1675116216134
[2023-01-30T22:03:37.038+0000] {spark_submit.py:495} INFO - 23/01/30 22:03:37 INFO Utils: /home/***/.ivy2/jars/org.apache.spark_spark-sql-kafka-0-10_2.12-3.1.3.jar has been previously copied to /tmp/spark-ff18cd89-d331-4c53-84bd-1119c24df6cf/userFiles-3b7a7fff-b651-4a97-9b58-0bfe3760a735/org.apache.spark_spark-sql-kafka-0-10_2.12-3.1.3.jar
[2023-01-30T22:03:37.055+0000] {spark_submit.py:495} INFO - 23/01/30 22:03:37 INFO Executor: Fetching file:///home/***/.ivy2/jars/org.mongodb.spark_mongo-spark-connector_2.12-3.0.1.jar with timestamp 1675116216134
[2023-01-30T22:03:37.056+0000] {spark_submit.py:495} INFO - 23/01/30 22:03:37 INFO Utils: /home/***/.ivy2/jars/org.mongodb.spark_mongo-spark-connector_2.12-3.0.1.jar has been previously copied to /tmp/spark-ff18cd89-d331-4c53-84bd-1119c24df6cf/userFiles-3b7a7fff-b651-4a97-9b58-0bfe3760a735/org.mongodb.spark_mongo-spark-connector_2.12-3.0.1.jar
[2023-01-30T22:03:37.063+0000] {spark_submit.py:495} INFO - 23/01/30 22:03:37 INFO Executor: Fetching file:///home/***/.ivy2/jars/org.apache.commons_commons-pool2-2.6.2.jar with timestamp 1675116216134
[2023-01-30T22:03:37.064+0000] {spark_submit.py:495} INFO - 23/01/30 22:03:37 INFO Utils: /home/***/.ivy2/jars/org.apache.commons_commons-pool2-2.6.2.jar has been previously copied to /tmp/spark-ff18cd89-d331-4c53-84bd-1119c24df6cf/userFiles-3b7a7fff-b651-4a97-9b58-0bfe3760a735/org.apache.commons_commons-pool2-2.6.2.jar
[2023-01-30T22:03:37.067+0000] {spark_submit.py:495} INFO - 23/01/30 22:03:37 INFO Executor: Fetching file:///home/***/.ivy2/jars/org.slf4j_slf4j-api-1.7.30.jar with timestamp 1675116216134
[2023-01-30T22:03:37.067+0000] {spark_submit.py:495} INFO - 23/01/30 22:03:37 INFO Utils: /home/***/.ivy2/jars/org.slf4j_slf4j-api-1.7.30.jar has been previously copied to /tmp/spark-ff18cd89-d331-4c53-84bd-1119c24df6cf/userFiles-3b7a7fff-b651-4a97-9b58-0bfe3760a735/org.slf4j_slf4j-api-1.7.30.jar
[2023-01-30T22:03:37.075+0000] {spark_submit.py:495} INFO - 23/01/30 22:03:37 INFO Executor: Fetching spark://15c99fd3082a:43011/jars/org.apache.kafka_kafka-clients-2.6.0.jar with timestamp 1675116216134
[2023-01-30T22:03:37.119+0000] {spark_submit.py:495} INFO - 23/01/30 22:03:37 INFO TransportClientFactory: Successfully created connection to 15c99fd3082a/172.20.0.7:43011 after 33 ms (0 ms spent in bootstraps)
[2023-01-30T22:03:37.124+0000] {spark_submit.py:495} INFO - 23/01/30 22:03:37 INFO Utils: Fetching spark://15c99fd3082a:43011/jars/org.apache.kafka_kafka-clients-2.6.0.jar to /tmp/spark-ff18cd89-d331-4c53-84bd-1119c24df6cf/userFiles-3b7a7fff-b651-4a97-9b58-0bfe3760a735/fetchFileTemp623012395060615675.tmp
[2023-01-30T22:03:37.159+0000] {spark_submit.py:495} INFO - 23/01/30 22:03:37 INFO Utils: /tmp/spark-ff18cd89-d331-4c53-84bd-1119c24df6cf/userFiles-3b7a7fff-b651-4a97-9b58-0bfe3760a735/fetchFileTemp623012395060615675.tmp has been previously copied to /tmp/spark-ff18cd89-d331-4c53-84bd-1119c24df6cf/userFiles-3b7a7fff-b651-4a97-9b58-0bfe3760a735/org.apache.kafka_kafka-clients-2.6.0.jar
[2023-01-30T22:03:37.178+0000] {spark_submit.py:495} INFO - 23/01/30 22:03:37 INFO Executor: Adding file:/tmp/spark-ff18cd89-d331-4c53-84bd-1119c24df6cf/userFiles-3b7a7fff-b651-4a97-9b58-0bfe3760a735/org.apache.kafka_kafka-clients-2.6.0.jar to class loader
[2023-01-30T22:03:37.179+0000] {spark_submit.py:495} INFO - 23/01/30 22:03:37 INFO Executor: Fetching spark://15c99fd3082a:43011/jars/org.mongodb_mongodb-driver-sync-4.0.5.jar with timestamp 1675116216134
[2023-01-30T22:03:37.182+0000] {spark_submit.py:495} INFO - 23/01/30 22:03:37 INFO Utils: Fetching spark://15c99fd3082a:43011/jars/org.mongodb_mongodb-driver-sync-4.0.5.jar to /tmp/spark-ff18cd89-d331-4c53-84bd-1119c24df6cf/userFiles-3b7a7fff-b651-4a97-9b58-0bfe3760a735/fetchFileTemp7878856755635586188.tmp
[2023-01-30T22:03:37.187+0000] {spark_submit.py:495} INFO - 23/01/30 22:03:37 INFO Utils: /tmp/spark-ff18cd89-d331-4c53-84bd-1119c24df6cf/userFiles-3b7a7fff-b651-4a97-9b58-0bfe3760a735/fetchFileTemp7878856755635586188.tmp has been previously copied to /tmp/spark-ff18cd89-d331-4c53-84bd-1119c24df6cf/userFiles-3b7a7fff-b651-4a97-9b58-0bfe3760a735/org.mongodb_mongodb-driver-sync-4.0.5.jar
[2023-01-30T22:03:37.200+0000] {spark_submit.py:495} INFO - 23/01/30 22:03:37 INFO Executor: Adding file:/tmp/spark-ff18cd89-d331-4c53-84bd-1119c24df6cf/userFiles-3b7a7fff-b651-4a97-9b58-0bfe3760a735/org.mongodb_mongodb-driver-sync-4.0.5.jar to class loader
[2023-01-30T22:03:37.200+0000] {spark_submit.py:495} INFO - 23/01/30 22:03:37 INFO Executor: Fetching spark://15c99fd3082a:43011/jars/org.spark-project.spark_unused-1.0.0.jar with timestamp 1675116216134
[2023-01-30T22:03:37.202+0000] {spark_submit.py:495} INFO - 23/01/30 22:03:37 INFO Utils: Fetching spark://15c99fd3082a:43011/jars/org.spark-project.spark_unused-1.0.0.jar to /tmp/spark-ff18cd89-d331-4c53-84bd-1119c24df6cf/userFiles-3b7a7fff-b651-4a97-9b58-0bfe3760a735/fetchFileTemp13246292291994284642.tmp
[2023-01-30T22:03:37.206+0000] {spark_submit.py:495} INFO - 23/01/30 22:03:37 INFO Utils: /tmp/spark-ff18cd89-d331-4c53-84bd-1119c24df6cf/userFiles-3b7a7fff-b651-4a97-9b58-0bfe3760a735/fetchFileTemp13246292291994284642.tmp has been previously copied to /tmp/spark-ff18cd89-d331-4c53-84bd-1119c24df6cf/userFiles-3b7a7fff-b651-4a97-9b58-0bfe3760a735/org.spark-project.spark_unused-1.0.0.jar
[2023-01-30T22:03:37.216+0000] {spark_submit.py:495} INFO - 23/01/30 22:03:37 INFO Executor: Adding file:/tmp/spark-ff18cd89-d331-4c53-84bd-1119c24df6cf/userFiles-3b7a7fff-b651-4a97-9b58-0bfe3760a735/org.spark-project.spark_unused-1.0.0.jar to class loader
[2023-01-30T22:03:37.220+0000] {spark_submit.py:495} INFO - 23/01/30 22:03:37 INFO Executor: Fetching spark://15c99fd3082a:43011/jars/org.apache.spark_spark-sql-kafka-0-10_2.12-3.1.3.jar with timestamp 1675116216134
[2023-01-30T22:03:37.220+0000] {spark_submit.py:495} INFO - 23/01/30 22:03:37 INFO Utils: Fetching spark://15c99fd3082a:43011/jars/org.apache.spark_spark-sql-kafka-0-10_2.12-3.1.3.jar to /tmp/spark-ff18cd89-d331-4c53-84bd-1119c24df6cf/userFiles-3b7a7fff-b651-4a97-9b58-0bfe3760a735/fetchFileTemp11600854343380183955.tmp
[2023-01-30T22:03:37.229+0000] {spark_submit.py:495} INFO - 23/01/30 22:03:37 INFO Utils: /tmp/spark-ff18cd89-d331-4c53-84bd-1119c24df6cf/userFiles-3b7a7fff-b651-4a97-9b58-0bfe3760a735/fetchFileTemp11600854343380183955.tmp has been previously copied to /tmp/spark-ff18cd89-d331-4c53-84bd-1119c24df6cf/userFiles-3b7a7fff-b651-4a97-9b58-0bfe3760a735/org.apache.spark_spark-sql-kafka-0-10_2.12-3.1.3.jar
[2023-01-30T22:03:37.240+0000] {spark_submit.py:495} INFO - 23/01/30 22:03:37 INFO Executor: Adding file:/tmp/spark-ff18cd89-d331-4c53-84bd-1119c24df6cf/userFiles-3b7a7fff-b651-4a97-9b58-0bfe3760a735/org.apache.spark_spark-sql-kafka-0-10_2.12-3.1.3.jar to class loader
[2023-01-30T22:03:37.241+0000] {spark_submit.py:495} INFO - 23/01/30 22:03:37 INFO Executor: Fetching spark://15c99fd3082a:43011/jars/org.mongodb_bson-4.0.5.jar with timestamp 1675116216134
[2023-01-30T22:03:37.243+0000] {spark_submit.py:495} INFO - 23/01/30 22:03:37 INFO Utils: Fetching spark://15c99fd3082a:43011/jars/org.mongodb_bson-4.0.5.jar to /tmp/spark-ff18cd89-d331-4c53-84bd-1119c24df6cf/userFiles-3b7a7fff-b651-4a97-9b58-0bfe3760a735/fetchFileTemp13464695971549553286.tmp
[2023-01-30T22:03:37.258+0000] {spark_submit.py:495} INFO - 23/01/30 22:03:37 INFO Utils: /tmp/spark-ff18cd89-d331-4c53-84bd-1119c24df6cf/userFiles-3b7a7fff-b651-4a97-9b58-0bfe3760a735/fetchFileTemp13464695971549553286.tmp has been previously copied to /tmp/spark-ff18cd89-d331-4c53-84bd-1119c24df6cf/userFiles-3b7a7fff-b651-4a97-9b58-0bfe3760a735/org.mongodb_bson-4.0.5.jar
[2023-01-30T22:03:37.269+0000] {spark_submit.py:495} INFO - 23/01/30 22:03:37 INFO Executor: Adding file:/tmp/spark-ff18cd89-d331-4c53-84bd-1119c24df6cf/userFiles-3b7a7fff-b651-4a97-9b58-0bfe3760a735/org.mongodb_bson-4.0.5.jar to class loader
[2023-01-30T22:03:37.270+0000] {spark_submit.py:495} INFO - 23/01/30 22:03:37 INFO Executor: Fetching spark://15c99fd3082a:43011/jars/org.apache.commons_commons-pool2-2.6.2.jar with timestamp 1675116216134
[2023-01-30T22:03:37.271+0000] {spark_submit.py:495} INFO - 23/01/30 22:03:37 INFO Utils: Fetching spark://15c99fd3082a:43011/jars/org.apache.commons_commons-pool2-2.6.2.jar to /tmp/spark-ff18cd89-d331-4c53-84bd-1119c24df6cf/userFiles-3b7a7fff-b651-4a97-9b58-0bfe3760a735/fetchFileTemp9111768119606537674.tmp
[2023-01-30T22:03:37.278+0000] {spark_submit.py:495} INFO - 23/01/30 22:03:37 INFO Utils: /tmp/spark-ff18cd89-d331-4c53-84bd-1119c24df6cf/userFiles-3b7a7fff-b651-4a97-9b58-0bfe3760a735/fetchFileTemp9111768119606537674.tmp has been previously copied to /tmp/spark-ff18cd89-d331-4c53-84bd-1119c24df6cf/userFiles-3b7a7fff-b651-4a97-9b58-0bfe3760a735/org.apache.commons_commons-pool2-2.6.2.jar
[2023-01-30T22:03:37.287+0000] {spark_submit.py:495} INFO - 23/01/30 22:03:37 INFO Executor: Adding file:/tmp/spark-ff18cd89-d331-4c53-84bd-1119c24df6cf/userFiles-3b7a7fff-b651-4a97-9b58-0bfe3760a735/org.apache.commons_commons-pool2-2.6.2.jar to class loader
[2023-01-30T22:03:37.287+0000] {spark_submit.py:495} INFO - 23/01/30 22:03:37 INFO Executor: Fetching spark://15c99fd3082a:43011/jars/org.slf4j_slf4j-api-1.7.30.jar with timestamp 1675116216134
[2023-01-30T22:03:37.289+0000] {spark_submit.py:495} INFO - 23/01/30 22:03:37 INFO Utils: Fetching spark://15c99fd3082a:43011/jars/org.slf4j_slf4j-api-1.7.30.jar to /tmp/spark-ff18cd89-d331-4c53-84bd-1119c24df6cf/userFiles-3b7a7fff-b651-4a97-9b58-0bfe3760a735/fetchFileTemp4067036814862499704.tmp
[2023-01-30T22:03:37.294+0000] {spark_submit.py:495} INFO - 23/01/30 22:03:37 INFO Utils: /tmp/spark-ff18cd89-d331-4c53-84bd-1119c24df6cf/userFiles-3b7a7fff-b651-4a97-9b58-0bfe3760a735/fetchFileTemp4067036814862499704.tmp has been previously copied to /tmp/spark-ff18cd89-d331-4c53-84bd-1119c24df6cf/userFiles-3b7a7fff-b651-4a97-9b58-0bfe3760a735/org.slf4j_slf4j-api-1.7.30.jar
[2023-01-30T22:03:37.305+0000] {spark_submit.py:495} INFO - 23/01/30 22:03:37 INFO Executor: Adding file:/tmp/spark-ff18cd89-d331-4c53-84bd-1119c24df6cf/userFiles-3b7a7fff-b651-4a97-9b58-0bfe3760a735/org.slf4j_slf4j-api-1.7.30.jar to class loader
[2023-01-30T22:03:37.305+0000] {spark_submit.py:495} INFO - 23/01/30 22:03:37 INFO Executor: Fetching spark://15c99fd3082a:43011/jars/org.mongodb_mongodb-driver-core-4.0.5.jar with timestamp 1675116216134
[2023-01-30T22:03:37.307+0000] {spark_submit.py:495} INFO - 23/01/30 22:03:37 INFO Utils: Fetching spark://15c99fd3082a:43011/jars/org.mongodb_mongodb-driver-core-4.0.5.jar to /tmp/spark-ff18cd89-d331-4c53-84bd-1119c24df6cf/userFiles-3b7a7fff-b651-4a97-9b58-0bfe3760a735/fetchFileTemp578877634576332314.tmp
[2023-01-30T22:03:37.329+0000] {spark_submit.py:495} INFO - 23/01/30 22:03:37 INFO Utils: /tmp/spark-ff18cd89-d331-4c53-84bd-1119c24df6cf/userFiles-3b7a7fff-b651-4a97-9b58-0bfe3760a735/fetchFileTemp578877634576332314.tmp has been previously copied to /tmp/spark-ff18cd89-d331-4c53-84bd-1119c24df6cf/userFiles-3b7a7fff-b651-4a97-9b58-0bfe3760a735/org.mongodb_mongodb-driver-core-4.0.5.jar
[2023-01-30T22:03:37.342+0000] {spark_submit.py:495} INFO - 23/01/30 22:03:37 INFO Executor: Adding file:/tmp/spark-ff18cd89-d331-4c53-84bd-1119c24df6cf/userFiles-3b7a7fff-b651-4a97-9b58-0bfe3760a735/org.mongodb_mongodb-driver-core-4.0.5.jar to class loader
[2023-01-30T22:03:37.343+0000] {spark_submit.py:495} INFO - 23/01/30 22:03:37 INFO Executor: Fetching spark://15c99fd3082a:43011/jars/org.xerial.snappy_snappy-java-1.1.8.2.jar with timestamp 1675116216134
[2023-01-30T22:03:37.345+0000] {spark_submit.py:495} INFO - 23/01/30 22:03:37 INFO Utils: Fetching spark://15c99fd3082a:43011/jars/org.xerial.snappy_snappy-java-1.1.8.2.jar to /tmp/spark-ff18cd89-d331-4c53-84bd-1119c24df6cf/userFiles-3b7a7fff-b651-4a97-9b58-0bfe3760a735/fetchFileTemp8770986585298167921.tmp
[2023-01-30T22:03:37.370+0000] {spark_submit.py:495} INFO - 23/01/30 22:03:37 INFO Utils: /tmp/spark-ff18cd89-d331-4c53-84bd-1119c24df6cf/userFiles-3b7a7fff-b651-4a97-9b58-0bfe3760a735/fetchFileTemp8770986585298167921.tmp has been previously copied to /tmp/spark-ff18cd89-d331-4c53-84bd-1119c24df6cf/userFiles-3b7a7fff-b651-4a97-9b58-0bfe3760a735/org.xerial.snappy_snappy-java-1.1.8.2.jar
[2023-01-30T22:03:37.382+0000] {spark_submit.py:495} INFO - 23/01/30 22:03:37 INFO Executor: Adding file:/tmp/spark-ff18cd89-d331-4c53-84bd-1119c24df6cf/userFiles-3b7a7fff-b651-4a97-9b58-0bfe3760a735/org.xerial.snappy_snappy-java-1.1.8.2.jar to class loader
[2023-01-30T22:03:37.383+0000] {spark_submit.py:495} INFO - 23/01/30 22:03:37 INFO Executor: Fetching spark://15c99fd3082a:43011/jars/org.lz4_lz4-java-1.7.1.jar with timestamp 1675116216134
[2023-01-30T22:03:37.385+0000] {spark_submit.py:495} INFO - 23/01/30 22:03:37 INFO Utils: Fetching spark://15c99fd3082a:43011/jars/org.lz4_lz4-java-1.7.1.jar to /tmp/spark-ff18cd89-d331-4c53-84bd-1119c24df6cf/userFiles-3b7a7fff-b651-4a97-9b58-0bfe3760a735/fetchFileTemp12967037784469611633.tmp
[2023-01-30T22:03:37.397+0000] {spark_submit.py:495} INFO - 23/01/30 22:03:37 INFO Utils: /tmp/spark-ff18cd89-d331-4c53-84bd-1119c24df6cf/userFiles-3b7a7fff-b651-4a97-9b58-0bfe3760a735/fetchFileTemp12967037784469611633.tmp has been previously copied to /tmp/spark-ff18cd89-d331-4c53-84bd-1119c24df6cf/userFiles-3b7a7fff-b651-4a97-9b58-0bfe3760a735/org.lz4_lz4-java-1.7.1.jar
[2023-01-30T22:03:37.409+0000] {spark_submit.py:495} INFO - 23/01/30 22:03:37 INFO Executor: Adding file:/tmp/spark-ff18cd89-d331-4c53-84bd-1119c24df6cf/userFiles-3b7a7fff-b651-4a97-9b58-0bfe3760a735/org.lz4_lz4-java-1.7.1.jar to class loader
[2023-01-30T22:03:37.412+0000] {spark_submit.py:495} INFO - 23/01/30 22:03:37 INFO Executor: Fetching spark://15c99fd3082a:43011/jars/com.github.luben_zstd-jni-1.4.8-1.jar with timestamp 1675116216134
[2023-01-30T22:03:37.413+0000] {spark_submit.py:495} INFO - 23/01/30 22:03:37 INFO Utils: Fetching spark://15c99fd3082a:43011/jars/com.github.luben_zstd-jni-1.4.8-1.jar to /tmp/spark-ff18cd89-d331-4c53-84bd-1119c24df6cf/userFiles-3b7a7fff-b651-4a97-9b58-0bfe3760a735/fetchFileTemp4689863523276878662.tmp
[2023-01-30T22:03:37.488+0000] {spark_submit.py:495} INFO - 23/01/30 22:03:37 INFO Utils: /tmp/spark-ff18cd89-d331-4c53-84bd-1119c24df6cf/userFiles-3b7a7fff-b651-4a97-9b58-0bfe3760a735/fetchFileTemp4689863523276878662.tmp has been previously copied to /tmp/spark-ff18cd89-d331-4c53-84bd-1119c24df6cf/userFiles-3b7a7fff-b651-4a97-9b58-0bfe3760a735/com.github.luben_zstd-jni-1.4.8-1.jar
[2023-01-30T22:03:37.497+0000] {spark_submit.py:495} INFO - 23/01/30 22:03:37 INFO Executor: Adding file:/tmp/spark-ff18cd89-d331-4c53-84bd-1119c24df6cf/userFiles-3b7a7fff-b651-4a97-9b58-0bfe3760a735/com.github.luben_zstd-jni-1.4.8-1.jar to class loader
[2023-01-30T22:03:37.497+0000] {spark_submit.py:495} INFO - 23/01/30 22:03:37 INFO Executor: Fetching spark://15c99fd3082a:43011/jars/org.apache.spark_spark-token-provider-kafka-0-10_2.12-3.1.3.jar with timestamp 1675116216134
[2023-01-30T22:03:37.498+0000] {spark_submit.py:495} INFO - 23/01/30 22:03:37 INFO Utils: Fetching spark://15c99fd3082a:43011/jars/org.apache.spark_spark-token-provider-kafka-0-10_2.12-3.1.3.jar to /tmp/spark-ff18cd89-d331-4c53-84bd-1119c24df6cf/userFiles-3b7a7fff-b651-4a97-9b58-0bfe3760a735/fetchFileTemp17064895762073373183.tmp
[2023-01-30T22:03:37.499+0000] {spark_submit.py:495} INFO - 23/01/30 22:03:37 INFO Utils: /tmp/spark-ff18cd89-d331-4c53-84bd-1119c24df6cf/userFiles-3b7a7fff-b651-4a97-9b58-0bfe3760a735/fetchFileTemp17064895762073373183.tmp has been previously copied to /tmp/spark-ff18cd89-d331-4c53-84bd-1119c24df6cf/userFiles-3b7a7fff-b651-4a97-9b58-0bfe3760a735/org.apache.spark_spark-token-provider-kafka-0-10_2.12-3.1.3.jar
[2023-01-30T22:03:37.505+0000] {spark_submit.py:495} INFO - 23/01/30 22:03:37 INFO Executor: Adding file:/tmp/spark-ff18cd89-d331-4c53-84bd-1119c24df6cf/userFiles-3b7a7fff-b651-4a97-9b58-0bfe3760a735/org.apache.spark_spark-token-provider-kafka-0-10_2.12-3.1.3.jar to class loader
[2023-01-30T22:03:37.505+0000] {spark_submit.py:495} INFO - 23/01/30 22:03:37 INFO Executor: Fetching spark://15c99fd3082a:43011/jars/org.mongodb.spark_mongo-spark-connector_2.12-3.0.1.jar with timestamp 1675116216134
[2023-01-30T22:03:37.506+0000] {spark_submit.py:495} INFO - 23/01/30 22:03:37 INFO Utils: Fetching spark://15c99fd3082a:43011/jars/org.mongodb.spark_mongo-spark-connector_2.12-3.0.1.jar to /tmp/spark-ff18cd89-d331-4c53-84bd-1119c24df6cf/userFiles-3b7a7fff-b651-4a97-9b58-0bfe3760a735/fetchFileTemp2804797127759514184.tmp
[2023-01-30T22:03:37.512+0000] {spark_submit.py:495} INFO - 23/01/30 22:03:37 INFO Utils: /tmp/spark-ff18cd89-d331-4c53-84bd-1119c24df6cf/userFiles-3b7a7fff-b651-4a97-9b58-0bfe3760a735/fetchFileTemp2804797127759514184.tmp has been previously copied to /tmp/spark-ff18cd89-d331-4c53-84bd-1119c24df6cf/userFiles-3b7a7fff-b651-4a97-9b58-0bfe3760a735/org.mongodb.spark_mongo-spark-connector_2.12-3.0.1.jar
[2023-01-30T22:03:37.518+0000] {spark_submit.py:495} INFO - 23/01/30 22:03:37 INFO Executor: Adding file:/tmp/spark-ff18cd89-d331-4c53-84bd-1119c24df6cf/userFiles-3b7a7fff-b651-4a97-9b58-0bfe3760a735/org.mongodb.spark_mongo-spark-connector_2.12-3.0.1.jar to class loader
[2023-01-30T22:03:37.528+0000] {spark_submit.py:495} INFO - 23/01/30 22:03:37 INFO Utils: Successfully started service 'org.apache.spark.network.netty.NettyBlockTransferService' on port 41723.
[2023-01-30T22:03:37.528+0000] {spark_submit.py:495} INFO - 23/01/30 22:03:37 INFO NettyBlockTransferService: Server created on 15c99fd3082a:41723
[2023-01-30T22:03:37.530+0000] {spark_submit.py:495} INFO - 23/01/30 22:03:37 INFO BlockManager: Using org.apache.spark.storage.RandomBlockReplicationPolicy for block replication policy
[2023-01-30T22:03:37.539+0000] {spark_submit.py:495} INFO - 23/01/30 22:03:37 INFO BlockManagerMaster: Registering BlockManager BlockManagerId(driver, 15c99fd3082a, 41723, None)
[2023-01-30T22:03:37.546+0000] {spark_submit.py:495} INFO - 23/01/30 22:03:37 INFO BlockManagerMasterEndpoint: Registering block manager 15c99fd3082a:41723 with 434.4 MiB RAM, BlockManagerId(driver, 15c99fd3082a, 41723, None)
[2023-01-30T22:03:37.547+0000] {spark_submit.py:495} INFO - 23/01/30 22:03:37 INFO BlockManagerMaster: Registered BlockManager BlockManagerId(driver, 15c99fd3082a, 41723, None)
[2023-01-30T22:03:37.549+0000] {spark_submit.py:495} INFO - 23/01/30 22:03:37 INFO BlockManager: Initialized BlockManager: BlockManagerId(driver, 15c99fd3082a, 41723, None)
[2023-01-30T22:03:40.575+0000] {spark_submit.py:495} INFO - 2023-01-30 22:03:40,575 - py4j.java_gateway - INFO - Callback Server Starting
[2023-01-30T22:03:40.575+0000] {spark_submit.py:495} INFO - 2023-01-30 22:03:40,575 - py4j.java_gateway - INFO - Socket listening on ('127.0.0.1', 43801)
[2023-01-30T22:03:45.931+0000] {spark_submit.py:495} INFO - 2023-01-30 22:03:45,931 - py4j.clientserver - INFO - Python Server ready to receive messages
[2023-01-30T22:03:45.932+0000] {spark_submit.py:495} INFO - 2023-01-30 22:03:45,932 - py4j.clientserver - INFO - Received command c on object id p0
[2023-01-30T22:03:46.733+0000] {spark_submit.py:495} INFO - -------------------------------------------
[2023-01-30T22:03:46.734+0000] {spark_submit.py:495} INFO - Batch: 0
[2023-01-30T22:03:46.734+0000] {spark_submit.py:495} INFO - -------------------------------------------
[2023-01-30T22:03:46.878+0000] {spark_submit.py:495} INFO - +---+-------------+-----+-------------+----------+----------------+------------+-----------------+--------------+-------------+
[2023-01-30T22:03:46.878+0000] {spark_submit.py:495} INFO - |id |nameOfProduct|price|ProductStatus|SellerName|RegistrationDate|QuantitySold|QuantityAvailable|Free shipping?|Store ratings|
[2023-01-30T22:03:46.878+0000] {spark_submit.py:495} INFO - +---+-------------+-----+-------------+----------+----------------+------------+-----------------+--------------+-------------+
[2023-01-30T22:03:46.878+0000] {spark_submit.py:495} INFO - +---+-------------+-----+-------------+----------+----------------+------------+-----------------+--------------+-------------+
[2023-01-30T22:03:46.879+0000] {spark_submit.py:495} INFO - 
[2023-01-30T22:03:51.714+0000] {spark_submit.py:495} INFO - 2023-01-30 22:03:51,714 - py4j.clientserver - INFO - Received command c on object id p0
[2023-01-30T22:03:53.205+0000] {spark_submit.py:495} INFO - 2023-01-30 22:03:53,205 - py4j.clientserver - INFO - Received command c on object id p0
[2023-01-30T22:03:55.706+0000] {spark_submit.py:495} INFO - -------------------------------------------
[2023-01-30T22:03:55.706+0000] {spark_submit.py:495} INFO - Batch: 1
[2023-01-30T22:03:55.707+0000] {spark_submit.py:495} INFO - -------------------------------------------
[2023-01-30T22:03:55.775+0000] {spark_submit.py:495} INFO - +-------------+----------------------------------------------------------------------------------------------------------------------------+---------+-------------+--------------------------+-------------------+------------+-----------------+------------------------------+-------------+
[2023-01-30T22:03:55.776+0000] {spark_submit.py:495} INFO - |id           |nameOfProduct                                                                                                               |price    |ProductStatus|SellerName                |RegistrationDate   |QuantitySold|QuantityAvailable|Free shipping?                |Store ratings|
[2023-01-30T22:03:55.776+0000] {spark_submit.py:495} INFO - +-------------+----------------------------------------------------------------------------------------------------------------------------+---------+-------------+--------------------------+-------------------+------------+-----------------+------------------------------+-------------+
[2023-01-30T22:03:55.776+0000] {spark_submit.py:495} INFO - |MLA1221192372|Disco Duro Externo Western Digital Wd Elements Portable Wdbu6y0020bbk 2tb Negro                                             |25999.0  |new          |OVERHARD DIGITAL          |2015-01-08 12:19:41|500         |50               |Your shipment arrives today   |4.5          |
[2023-01-30T22:03:55.776+0000] {spark_submit.py:495} INFO - |MLA920957688 |Placa De Video Amd Asrock  Phantom Gaming Radeon Rx 500 Series Rx 550 Phantom G R Rx550 2g 2gb                              |32999.0  |new          |4KRC                      |2006-11-06 16:57:16|25          |1                |Your shipment arrives today   |4.5          |
[2023-01-30T22:03:55.776+0000] {spark_submit.py:495} INFO - |MLA1324058378|Procesador Intel Celeron G5905 Bx80701g5905 De 2 Ncleos Y  3.5ghz De Frecuencia Con Grfica Integrada                      |12004.55 |new          |SDC1986                   |2007-07-10 00:24:24|3           |1                |You have to pay the shipping  |4.5          |
[2023-01-30T22:03:55.776+0000] {spark_submit.py:495} INFO - |MLA1157512489|Placa De Video Nvidia Evga  Sc Gaming Geforce Gtx 16 Series Gtx 1660 Super 06g-p4-1068-kr 6gb                               |124999.0 |new          |PCREGISTRADAOK            |2020-11-02 13:17:33|50          |1                |Your shipment arrives today   |4.5          |
[2023-01-30T22:03:55.776+0000] {spark_submit.py:495} INFO - |MLA1160178907|Memoria Ram Fury Beast Gamer Color Negro  16gb 1 Kingston Kf432c16bb/16                                                     |22999.0  |new          |OVERHARD DIGITAL          |2015-01-08 12:19:41|500         |1                |Your shipment arrives tomorrow|4.5          |
[2023-01-30T22:03:55.776+0000] {spark_submit.py:495} INFO - |MLA882277177 |Capturadora Video Hdmi Digital Full Hd Usb Streaming                                                                        |2699.0   |new          |BSK-IMPORTS               |2019-12-30 23:07:04|500         |1                |You have to pay the shipping  |3.0          |
[2023-01-30T22:03:55.777+0000] {spark_submit.py:495} INFO - |MLA1160198557|Memoria Ram Fury Beast Ddr4 Rgb Gamer Color Negro  16gb 1 Kingston Kf432c16bba/16                                           |26599.0  |new          |OVERHARD DIGITAL          |2015-01-08 12:19:41|500         |1                |Your shipment arrives today   |4.5          |
[2023-01-30T22:03:55.777+0000] {spark_submit.py:495} INFO - |MLA923637669 |Placa De Video Geforce Gt 740 2gb Gddr5 Hdmi Vga Fortnite                                                                   |28699.0  |new          |INDIGOTRADE               |2018-01-05 19:21:16|500         |50               |Your shipment arrives today   |4.5          |
[2023-01-30T22:03:55.777+0000] {spark_submit.py:495} INFO - |MLA1135534922|Disco Slido Interno Kingston Sa400s37/240g 240gb Negro                                                                     |8339.0   |new          |OFERTAS INFORMATICAS      |2005-11-08 15:47:41|250         |1                |You have to pay the shipping  |4.5          |
[2023-01-30T22:03:55.777+0000] {spark_submit.py:495} INFO - |MLA844489972 |Disco Duro Interno Seagate Barracuda St1000dm010 1tb                                                                        |11599.0  |new          |DALECLCK                 |2015-03-16 12:07:23|5000        |500              |You have to pay the shipping  |5.0          |
[2023-01-30T22:03:55.777+0000] {spark_submit.py:495} INFO - |MLA792493809 |Placa De Audio Focusrite Scarlett Solo 3ra Generacin                                                                       |92590.39 |new          |PCMIDICENTER              |2002-07-23 04:00:00|50          |1                |Your shipment arrives today   |4.5          |
[2023-01-30T22:03:55.777+0000] {spark_submit.py:495} INFO - |MLA925316934 |Placa De Video Nvidia Gigabyte  Geforce 10 Series Gt 1030 Gv-n1030d4-2gl 2gb                                                |51999.0  |new          |GAMING-CITY               |2006-02-25 11:22:44|25          |1                |Your shipment arrives today   |4.5          |
[2023-01-30T22:03:55.777+0000] {spark_submit.py:495} INFO - |MLA902808321 |Procesador Gamer Intel Core I3-10100f Bx8070110100f De 4 Ncleos Y  4.3ghz De Frecuencia                                    |23899.0  |new          |MALL WEB                  |2016-05-26 20:28:35|500         |1                |Your shipment arrives tomorrow|4.5          |
[2023-01-30T22:03:55.777+0000] {spark_submit.py:495} INFO - |MLA1160204806|Memoria Ram Fury Beast Ddr4 Gamer Color Negro  8gb 1 Kingston Kf432c16bb/8                                                  |14999.0  |new          |OVERHARD DIGITAL          |2015-01-08 12:19:41|500         |50               |You have to pay the shipping  |4.5          |
[2023-01-30T22:03:55.777+0000] {spark_submit.py:495} INFO - |MLA858255279 |Disco Slido Interno Adata Ultimate Su630 Asu630ss-960gq-r 960gb                                                            |24835.4  |new          |PCCENTERDAMARFUSA         |2015-07-30 14:20:24|150         |1                |Your shipment arrives tomorrow|4.5          |
[2023-01-30T22:03:55.778+0000] {spark_submit.py:495} INFO - |MLA1160488843|Placa De Video Amd Powercolor  Fighter Radeon 6600 Series Rx 6600 Axrx 6600 8gbd6-3dh 8gb                                   |121821.0 |new          |INTEGRADOS ARGENTINOS     |2008-12-10 12:27:26|150         |50               |Your shipment arrives today   |4.5          |
[2023-01-30T22:03:55.778+0000] {spark_submit.py:495} INFO - |MLA1157627908|Disco Duro Externo Seagate Expansion Stkm1000400 1tb Negro                                                                  |18495.0  |new          |TECNOSTOCK.COM.AR         |2019-12-12 15:09:43|50          |50               |Your shipment arrives tomorrow|4.5          |
[2023-01-30T22:03:55.778+0000] {spark_submit.py:495} INFO - |MLA1302136118|Disco Duro Interno Seagate Barracuda St2000dm008 2tb Plata                                                                  |18271.0  |new          |DIAMONDSYSTEMSANJUSTOML   |2016-04-08 17:21:06|150         |1                |Your shipment arrives tomorrow|4.5          |
[2023-01-30T22:03:55.778+0000] {spark_submit.py:495} INFO - |MLA1220964588|Procesador Gamer Intel Core I5-10400f Bx8070110400f De 6 Ncleos Y  4.3ghz De Frecuencia                                    |45899.0  |new          |OVERHARD DIGITAL          |2015-01-08 12:19:41|50          |1                |Your shipment arrives today   |4.5          |
[2023-01-30T22:03:55.778+0000] {spark_submit.py:495} INFO - |MLA1183925519|Placa De Video Nvidia Zotac  Gaming Geforce Rtx 30 Series Rtx 3080 Ti Zt-a30810d-10p 12gb                                   |299999.0 |new          |ESTUDIOSMPSRLESTUDIOSMPSRL|2020-11-29 18:36:32|50          |1                |Your shipment arrives today   |4.5          |
[2023-01-30T22:03:55.778+0000] {spark_submit.py:495} INFO - |MLA1314590445|Disco Slido Interno Pny Ssd7cs900-240-rb 240gb Negro                                                                       |7799.0   |new          |ELECTRO-SHOWS             |2010-03-26 01:08:16|250         |250              |You have to pay the shipping  |4.5          |
[2023-01-30T22:03:55.778+0000] {spark_submit.py:495} INFO - |MLA1115301777|Disco Slido Interno Gigabyte Gp-gstfs31120gntd 120gb Negro                                                                 |6499.0   |new          |MEXX COMPUTACION          |2005-07-22 22:09:55|500         |250              |You have to pay the shipping  |4.5          |
[2023-01-30T22:03:55.778+0000] {spark_submit.py:495} INFO - |MLA917698539 |Capturadora Video Usb Easycap Vhs A Dvd Digital Rca Easy Cap                                                                |2899.0   |new          |BSK-IMPORTS               |2019-12-30 23:07:04|500         |50               |You have to pay the shipping  |3.0          |
[2023-01-30T22:03:55.779+0000] {spark_submit.py:495} INFO - |MLA1301642528|Placa De Video Nvidia Msi  Ventus Geforce Rtx 20 Series Rtx 2060 Geforce Rtx 2060 Ventus 6g Oc Oc Edition 6gb               |134999.0 |new          |ITS-COMPUTACION           |2012-10-18 20:37:49|5           |1                |Your shipment arrives today   |4.5          |
[2023-01-30T22:03:55.779+0000] {spark_submit.py:495} INFO - |MLA872881277 |Procesador Intel Core I5-10400 Bx8070110400 De 6 Ncleos Y  4.3ghz De Frecuencia Con Grfica Integrada                      |51099.0  |new          |MALL WEB                  |2016-05-26 20:28:35|500         |1                |Your shipment arrives today   |4.5          |
[2023-01-30T22:03:55.779+0000] {spark_submit.py:495} INFO - |MLA1272836523|Disco Duro Interno Western Digital  Wd20ezaz 2tb Azul                                                                       |16999.0  |new          |TIENDA DELTA              |2011-09-15 21:48:50|200         |1                |Your shipment arrives tomorrow|4.5          |
[2023-01-30T22:03:55.779+0000] {spark_submit.py:495} INFO - |MLA1157630930|Disco Duro Externo Seagate Expansion Stkm4000400 4tb Negro                                                                  |38899.0  |new          |BH COMPUTACION            |2005-07-04 14:41:06|5           |1                |Your shipment arrives today   |4.5          |
[2023-01-30T22:03:55.779+0000] {spark_submit.py:495} INFO - |MLA1281991371|Placa De Video Nvidia Msi  Ventus Xs Geforce Gtx 16 Series Gtx 1660 Super Geforce Gtx 1660 Super Ventus Xs Oc Oc Edition 6gb|126989.0 |new          |ABC HARD                  |2003-11-10 19:49:21|2           |1                |Your shipment arrives today   |4.5          |
[2023-01-30T22:03:55.779+0000] {spark_submit.py:495} INFO - |MLA613955009 |Arctic Cooling Mx-4 Compuesto Trmico 4grs Alto Rendimiento                                                                 |2700.0   |new          |PC MODD                   |2006-01-13 16:23:21|5000        |200              |You have to pay the shipping  |3.0          |
[2023-01-30T22:03:55.779+0000] {spark_submit.py:495} INFO - |MLA1140325892|Disco Slido Interno Kingston Sa400s37/240g 240gb Gris                                                                      |8339.0   |new          |DIAMONDSYSTEMPADUAML      |2015-07-01 12:32:22|500         |250              |You have to pay the shipping  |4.5          |
[2023-01-30T22:03:55.779+0000] {spark_submit.py:495} INFO - |MLA927631949 |Disco Slido Interno Crucial Ct240bx500ssd1 240gb Negro                                                                     |7999.0   |new          |GAMING-CITY               |2006-02-25 11:22:44|500         |250              |You have to pay the shipping  |4.5          |
[2023-01-30T22:03:55.780+0000] {spark_submit.py:495} INFO - |MLA1148481665|Microprocesador Pc Amd Ryzen 5 4600g 8mb 3.7ghz Socket Am4 100-100000147box 6 Nucleos 12 Hilos                              |58899.0  |new          |MALL WEB                  |2016-05-26 20:28:35|150         |1                |Your shipment arrives today   |4.5          |
[2023-01-30T22:03:55.780+0000] {spark_submit.py:495} INFO - |MLA1163233412|Placa De Video Nvidia Msi  Geforce 700 Series Gt 730 N730k-2gd3h/lpv1 2gb                                                   |34659.0  |new          |PCREGISTRADAOK            |2020-11-02 13:17:33|4           |1                |Your shipment arrives today   |4.5          |
[2023-01-30T22:03:55.782+0000] {spark_submit.py:495} INFO - |MLA856347588 |Disco Slido Interno Western Digital Wd Green Wds480g2g0a 480gb Verde                                                       |13999.0  |new          |GAMING-CITY               |2006-02-25 11:22:44|500         |200              |You have to pay the shipping  |4.5          |
[2023-01-30T22:03:55.782+0000] {spark_submit.py:495} INFO - |MLA609415417 |Placa Pci-e X1 A Usb3.0 Pci Express A 4 Puertos Usb 3.0 Gtia                                                                |4470.0   |new          |TODOMICRO                 |2007-09-21 04:41:30|500         |1                |You have to pay the shipping  |3.0          |
[2023-01-30T22:03:55.782+0000] {spark_submit.py:495} INFO - |MLA874125885 |Disco Duro Externo Western Digital Wd Elements Portable Wdbuzg0010bbk 1tb Negro                                             |18849.0  |new          |GAMING-CITY               |2006-02-25 11:22:44|500         |50               |Your shipment arrives tomorrow|4.5          |
[2023-01-30T22:03:55.782+0000] {spark_submit.py:495} INFO - |MLA1222229742|Placa De Video Nvidia Evga  Ko Gaming Geforce Rtx 20 Series Rtx 2060 06g-p4-2068-kr 6gb                                     |129266.61|new          |MARSTECHSRLMARSTECHSRL    |2020-08-05 14:27:59|5           |1                |Your shipment arrives today   |4.5          |
[2023-01-30T22:03:55.782+0000] {spark_submit.py:495} INFO - |MLA1309797523|Micro Procesador Ryzen 5 4500 6 Nucleos 4.1ghz Amd Ddr4 Pc                                                                  |43951.19 |new          |MARSTECHSRLMARSTECHSRL    |2020-08-05 14:27:59|5           |1                |Your shipment arrives today   |4.5          |
[2023-01-30T22:03:55.782+0000] {spark_submit.py:495} INFO - |MLA1150584684|Fuente De Alimentacin Para Pc Aureox Unlimited Series Arxgu-80pbz-550w 550w Negra 230v                                     |16890.0  |new          |JORGEVOLUTION             |2015-12-03 13:39:36|25          |1                |Your shipment arrives tomorrow|4.5          |
[2023-01-30T22:03:55.783+0000] {spark_submit.py:495} INFO - |MLA933585039 |Fuente De Alimentacin Para Pc Noga Atx-550 P4 550w Negra 200v                                                              |3734.0   |new          |DATASOFTOK                |2007-02-26 18:28:04|500         |100              |You have to pay the shipping  |3.0          |
[2023-01-30T22:03:55.783+0000] {spark_submit.py:495} INFO - |MLA1103890625|Placa De Video Geforce Gigabyte Gt 1030 2gb Ddr4 Low Profile                                                                |65373.0  |new          |DIAMONDSYSTEMSANJUSTOML   |2016-04-08 17:21:06|3           |1                |Your shipment arrives today   |4.5          |
[2023-01-30T22:03:55.783+0000] {spark_submit.py:495} INFO - |MLA1104862563|Disco Slido Interno Western Digital Wd Green Sn350 Wds480g2g0c 480gb                                                       |13499.0  |new          |GAMING-CITY               |2006-02-25 11:22:44|500         |150              |You have to pay the shipping  |4.5          |
[2023-01-30T22:03:55.783+0000] {spark_submit.py:495} INFO - |MLA1288031486|Memoria Ram Fury Beast Ddr4 Gamer Color Negro  16gb 1 Kingston Kf432c16bb1/16                                               |25799.0  |new          |OVERHARD DIGITAL          |2015-01-08 12:19:41|250         |1                |Your shipment arrives today   |4.5          |
[2023-01-30T22:03:55.783+0000] {spark_submit.py:495} INFO - |MLA1131083596|Placa Sonido Usb Audio Externa 7.1 Pc Tarjeta Sonido Con Mic                                                                |799.0    |new          |SMART-CLICK               |2016-01-28 15:41:30|250         |5000             |You have to pay the shipping  |3.0          |
[2023-01-30T22:03:55.783+0000] {spark_submit.py:495} INFO - |MLA1288628607|Placa De Video Amd Asrock Challenger D Radeon Rx 6700 Series Rx 6700 Xt Rx6700xt Cld 12gb                                   |172403.0 |new          |LAPLATA.NOTEBOOKS         |2017-08-03 20:43:24|5           |1                |Your shipment arrives today   |4.5          |
[2023-01-30T22:03:55.783+0000] {spark_submit.py:495} INFO - |MLA1119478706|Procesador Intel Core I3-10105f Bx8070110105f De 4 Ncleos Y  4.4ghz De Frecuencia                                          |23999.0  |new          |GAMING-CITY               |2006-02-25 11:22:44|5           |1                |Your shipment arrives tomorrow|4.5          |
[2023-01-30T22:03:55.783+0000] {spark_submit.py:495} INFO - |MLA1224499067|Fuente De Alimentacion Pc Iqual 600w Cooler 80mm Atx Oficial                                                                |3999.0   |new          |DALECLCK                 |2015-03-16 12:07:23|250         |50               |You have to pay the shipping  |3.5          |
[2023-01-30T22:03:55.783+0000] {spark_submit.py:495} INFO - |MLA1257578371|Fuente Gamer Gigabyte 1000w P1000gm 80 Plus Gold Modular Pc Color Negro                                                     |48999.0  |new          |NICK HARD                 |2004-11-12 01:35:28|5           |1                |Your shipment arrives today   |4.5          |
[2023-01-30T22:03:55.784+0000] {spark_submit.py:495} INFO - |MLA1299389835|Placa De Video Amd Powercolor  Red Devil Radeon Rx 6700 Series Rx 6700 Xt Axrx 6700xt 12gbd6-3dhe/oc 12gb                   |174999.0 |new          |VENEX_COMPUTACION         |2009-03-30 20:52:44|5           |5000             |Your shipment arrives today   |4.5          |
[2023-01-30T22:03:55.784+0000] {spark_submit.py:495} INFO - |MLA1313972631|Disco Duro Externo Seagate Expansion Stkm2000400 2tb Negro                                                                  |25899.0  |new          |TECNOSTOCK.COM.AR         |2019-12-12 15:09:43|5           |50               |Your shipment arrives today   |4.5          |
[2023-01-30T22:03:55.784+0000] {spark_submit.py:495} INFO - +-------------+----------------------------------------------------------------------------------------------------------------------------+---------+-------------+--------------------------+-------------------+------------+-----------------+------------------------------+-------------+
[2023-01-30T22:03:55.784+0000] {spark_submit.py:495} INFO - 
[2023-01-30T22:05:20.876+0000] {taskinstance.py:1327} INFO - Marking task as SUCCESS. dag_id=Streaming_pipeline_meli, task_id=consumer_data_of_topic, execution_date=20230127T184927, start_date=20230130T220331, end_date=20230130T220520
[2023-01-30T22:05:20.896+0000] {local_task_job.py:159} INFO - Task exited with return code 0
[2023-01-30T22:05:20.910+0000] {taskinstance.py:2582} INFO - 0 downstream tasks scheduled from follow-on schedule check
