[2023-01-29T08:02:12.294+0000] {taskinstance.py:1087} INFO - Dependencies all met for <TaskInstance: Streaming_pipeline_meli.consumer_data_of_topic manual__2023-01-27T18:49:27.597637+00:00 [queued]>
[2023-01-29T08:02:12.304+0000] {taskinstance.py:1087} INFO - Dependencies all met for <TaskInstance: Streaming_pipeline_meli.consumer_data_of_topic manual__2023-01-27T18:49:27.597637+00:00 [queued]>
[2023-01-29T08:02:12.305+0000] {taskinstance.py:1283} INFO - 
--------------------------------------------------------------------------------
[2023-01-29T08:02:12.305+0000] {taskinstance.py:1284} INFO - Starting attempt 30 of 35
[2023-01-29T08:02:12.305+0000] {taskinstance.py:1285} INFO - 
--------------------------------------------------------------------------------
[2023-01-29T08:02:12.320+0000] {taskinstance.py:1304} INFO - Executing <Task(SparkSubmitOperator): consumer_data_of_topic> on 2023-01-27 18:49:27.597637+00:00
[2023-01-29T08:02:12.323+0000] {standard_task_runner.py:55} INFO - Started process 16683 to run task
[2023-01-29T08:02:12.328+0000] {standard_task_runner.py:82} INFO - Running: ['***', 'tasks', 'run', 'Streaming_pipeline_meli', 'consumer_data_of_topic', 'manual__2023-01-27T18:49:27.597637+00:00', '--job-id', '1194', '--raw', '--subdir', 'DAGS_FOLDER/streamPipeline.py', '--cfg-path', '/tmp/tmppx8dvz59']
[2023-01-29T08:02:12.328+0000] {standard_task_runner.py:83} INFO - Job 1194: Subtask consumer_data_of_topic
[2023-01-29T08:02:12.384+0000] {task_command.py:389} INFO - Running <TaskInstance: Streaming_pipeline_meli.consumer_data_of_topic manual__2023-01-27T18:49:27.597637+00:00 [running]> on host 15c99fd3082a
[2023-01-29T08:02:12.454+0000] {taskinstance.py:1513} INFO - Exporting the following env vars:
AIRFLOW_CTX_DAG_OWNER=***
AIRFLOW_CTX_DAG_ID=Streaming_pipeline_meli
AIRFLOW_CTX_TASK_ID=consumer_data_of_topic
AIRFLOW_CTX_EXECUTION_DATE=2023-01-27T18:49:27.597637+00:00
AIRFLOW_CTX_TRY_NUMBER=30
AIRFLOW_CTX_DAG_RUN_ID=manual__2023-01-27T18:49:27.597637+00:00
[2023-01-29T08:02:12.463+0000] {base.py:73} INFO - Using connection ID 'spark_default' for task execution.
[2023-01-29T08:02:12.464+0000] {spark_submit.py:344} INFO - Spark-Submit cmd: spark-submit --master spark://tomi-H310:7077 --packages org.apache.spark:spark-sql-kafka-0-10_2.12:3.1.3,org.mongodb.spark:mongo-spark-connector_2.12:3.0.1 --name arrow-spark --queue root.default /opt/***/dags/consumerSpark.py
[2023-01-29T08:02:12.620+0000] {spark_submit.py:495} INFO - /home/***/.local/lib/python3.7/site-packages/pyspark/bin/load-spark-env.sh: line 68: ps: command not found
[2023-01-29T08:02:14.541+0000] {spark_submit.py:495} INFO - :: loading settings :: url = jar:file:/home/***/.local/lib/python3.7/site-packages/pyspark/jars/ivy-2.5.0.jar!/org/apache/ivy/core/settings/ivysettings.xml
[2023-01-29T08:02:14.601+0000] {spark_submit.py:495} INFO - Ivy Default Cache set to: /home/***/.ivy2/cache
[2023-01-29T08:02:14.602+0000] {spark_submit.py:495} INFO - The jars for the packages stored in: /home/***/.ivy2/jars
[2023-01-29T08:02:14.606+0000] {spark_submit.py:495} INFO - org.apache.spark#spark-sql-kafka-0-10_2.12 added as a dependency
[2023-01-29T08:02:14.607+0000] {spark_submit.py:495} INFO - org.mongodb.spark#mongo-spark-connector_2.12 added as a dependency
[2023-01-29T08:02:14.607+0000] {spark_submit.py:495} INFO - :: resolving dependencies :: org.apache.spark#spark-submit-parent-f833650b-8dd2-493e-8a33-b75895f66200;1.0
[2023-01-29T08:02:14.608+0000] {spark_submit.py:495} INFO - confs: [default]
[2023-01-29T08:02:14.756+0000] {spark_submit.py:495} INFO - found org.apache.spark#spark-sql-kafka-0-10_2.12;3.1.3 in central
[2023-01-29T08:02:14.811+0000] {spark_submit.py:495} INFO - found org.apache.spark#spark-token-provider-kafka-0-10_2.12;3.1.3 in central
[2023-01-29T08:02:14.833+0000] {spark_submit.py:495} INFO - found org.apache.kafka#kafka-clients;2.6.0 in central
[2023-01-29T08:02:14.855+0000] {spark_submit.py:495} INFO - found com.github.luben#zstd-jni;1.4.8-1 in central
[2023-01-29T08:02:14.879+0000] {spark_submit.py:495} INFO - found org.lz4#lz4-java;1.7.1 in central
[2023-01-29T08:02:14.895+0000] {spark_submit.py:495} INFO - found org.xerial.snappy#snappy-java;1.1.8.2 in central
[2023-01-29T08:02:14.910+0000] {spark_submit.py:495} INFO - found org.slf4j#slf4j-api;1.7.30 in central
[2023-01-29T08:02:14.925+0000] {spark_submit.py:495} INFO - found org.spark-project.spark#unused;1.0.0 in central
[2023-01-29T08:02:14.938+0000] {spark_submit.py:495} INFO - found org.apache.commons#commons-pool2;2.6.2 in central
[2023-01-29T08:02:14.953+0000] {spark_submit.py:495} INFO - found org.mongodb.spark#mongo-spark-connector_2.12;3.0.1 in central
[2023-01-29T08:02:14.963+0000] {spark_submit.py:495} INFO - found org.mongodb#mongodb-driver-sync;4.0.5 in central
[2023-01-29T08:02:14.974+0000] {spark_submit.py:495} INFO - found org.mongodb#bson;4.0.5 in central
[2023-01-29T08:02:14.985+0000] {spark_submit.py:495} INFO - found org.mongodb#mongodb-driver-core;4.0.5 in central
[2023-01-29T08:02:15.011+0000] {spark_submit.py:495} INFO - :: resolution report :: resolve 389ms :: artifacts dl 15ms
[2023-01-29T08:02:15.012+0000] {spark_submit.py:495} INFO - :: modules in use:
[2023-01-29T08:02:15.012+0000] {spark_submit.py:495} INFO - com.github.luben#zstd-jni;1.4.8-1 from central in [default]
[2023-01-29T08:02:15.012+0000] {spark_submit.py:495} INFO - org.apache.commons#commons-pool2;2.6.2 from central in [default]
[2023-01-29T08:02:15.012+0000] {spark_submit.py:495} INFO - org.apache.kafka#kafka-clients;2.6.0 from central in [default]
[2023-01-29T08:02:15.012+0000] {spark_submit.py:495} INFO - org.apache.spark#spark-sql-kafka-0-10_2.12;3.1.3 from central in [default]
[2023-01-29T08:02:15.012+0000] {spark_submit.py:495} INFO - org.apache.spark#spark-token-provider-kafka-0-10_2.12;3.1.3 from central in [default]
[2023-01-29T08:02:15.013+0000] {spark_submit.py:495} INFO - org.lz4#lz4-java;1.7.1 from central in [default]
[2023-01-29T08:02:15.013+0000] {spark_submit.py:495} INFO - org.mongodb#bson;4.0.5 from central in [default]
[2023-01-29T08:02:15.013+0000] {spark_submit.py:495} INFO - org.mongodb#mongodb-driver-core;4.0.5 from central in [default]
[2023-01-29T08:02:15.013+0000] {spark_submit.py:495} INFO - org.mongodb#mongodb-driver-sync;4.0.5 from central in [default]
[2023-01-29T08:02:15.013+0000] {spark_submit.py:495} INFO - org.mongodb.spark#mongo-spark-connector_2.12;3.0.1 from central in [default]
[2023-01-29T08:02:15.013+0000] {spark_submit.py:495} INFO - org.slf4j#slf4j-api;1.7.30 from central in [default]
[2023-01-29T08:02:15.013+0000] {spark_submit.py:495} INFO - org.spark-project.spark#unused;1.0.0 from central in [default]
[2023-01-29T08:02:15.013+0000] {spark_submit.py:495} INFO - org.xerial.snappy#snappy-java;1.1.8.2 from central in [default]
[2023-01-29T08:02:15.014+0000] {spark_submit.py:495} INFO - ---------------------------------------------------------------------
[2023-01-29T08:02:15.014+0000] {spark_submit.py:495} INFO - |                  |            modules            ||   artifacts   |
[2023-01-29T08:02:15.014+0000] {spark_submit.py:495} INFO - |       conf       | number| search|dwnlded|evicted|| number|dwnlded|
[2023-01-29T08:02:15.014+0000] {spark_submit.py:495} INFO - ---------------------------------------------------------------------
[2023-01-29T08:02:15.014+0000] {spark_submit.py:495} INFO - |      default     |   13  |   0   |   0   |   0   ||   13  |   0   |
[2023-01-29T08:02:15.014+0000] {spark_submit.py:495} INFO - ---------------------------------------------------------------------
[2023-01-29T08:02:15.022+0000] {spark_submit.py:495} INFO - :: retrieving :: org.apache.spark#spark-submit-parent-f833650b-8dd2-493e-8a33-b75895f66200
[2023-01-29T08:02:15.022+0000] {spark_submit.py:495} INFO - confs: [default]
[2023-01-29T08:02:15.029+0000] {spark_submit.py:495} INFO - 0 artifacts copied, 13 already retrieved (0kB/7ms)
[2023-01-29T08:02:15.287+0000] {spark_submit.py:495} INFO - 23/01/29 08:02:15 WARN NativeCodeLoader: Unable to load native-hadoop library for your platform... using builtin-java classes where applicable
[2023-01-29T08:02:16.300+0000] {spark_submit.py:495} INFO - 23/01/29 08:02:16 INFO SparkContext: Running Spark version 3.3.1
[2023-01-29T08:02:16.318+0000] {spark_submit.py:495} INFO - 23/01/29 08:02:16 INFO ResourceUtils: ==============================================================
[2023-01-29T08:02:16.318+0000] {spark_submit.py:495} INFO - 23/01/29 08:02:16 INFO ResourceUtils: No custom resources configured for spark.driver.
[2023-01-29T08:02:16.318+0000] {spark_submit.py:495} INFO - 23/01/29 08:02:16 INFO ResourceUtils: ==============================================================
[2023-01-29T08:02:16.319+0000] {spark_submit.py:495} INFO - 23/01/29 08:02:16 INFO SparkContext: Submitted application: arrow-spark
[2023-01-29T08:02:16.337+0000] {spark_submit.py:495} INFO - 23/01/29 08:02:16 INFO ResourceProfile: Default ResourceProfile created, executor resources: Map(cores -> name: cores, amount: 1, script: , vendor: , memory -> name: memory, amount: 1024, script: , vendor: , offHeap -> name: offHeap, amount: 0, script: , vendor: ), task resources: Map(cpus -> name: cpus, amount: 1.0)
[2023-01-29T08:02:16.349+0000] {spark_submit.py:495} INFO - 23/01/29 08:02:16 INFO ResourceProfile: Limiting resource is cpu
[2023-01-29T08:02:16.350+0000] {spark_submit.py:495} INFO - 23/01/29 08:02:16 INFO ResourceProfileManager: Added ResourceProfile id: 0
[2023-01-29T08:02:16.396+0000] {spark_submit.py:495} INFO - 23/01/29 08:02:16 INFO SecurityManager: Changing view acls to: default
[2023-01-29T08:02:16.397+0000] {spark_submit.py:495} INFO - 23/01/29 08:02:16 INFO SecurityManager: Changing modify acls to: default
[2023-01-29T08:02:16.397+0000] {spark_submit.py:495} INFO - 23/01/29 08:02:16 INFO SecurityManager: Changing view acls groups to:
[2023-01-29T08:02:16.398+0000] {spark_submit.py:495} INFO - 23/01/29 08:02:16 INFO SecurityManager: Changing modify acls groups to:
[2023-01-29T08:02:16.398+0000] {spark_submit.py:495} INFO - 23/01/29 08:02:16 INFO SecurityManager: SecurityManager: authentication disabled; ui acls disabled; users  with view permissions: Set(default); groups with view permissions: Set(); users  with modify permissions: Set(default); groups with modify permissions: Set()
[2023-01-29T08:02:16.815+0000] {spark_submit.py:495} INFO - 23/01/29 08:02:16 INFO Utils: Successfully started service 'sparkDriver' on port 33071.
[2023-01-29T08:02:16.892+0000] {spark_submit.py:495} INFO - 23/01/29 08:02:16 INFO SparkEnv: Registering MapOutputTracker
[2023-01-29T08:02:16.962+0000] {spark_submit.py:495} INFO - 23/01/29 08:02:16 INFO SparkEnv: Registering BlockManagerMaster
[2023-01-29T08:02:17.002+0000] {spark_submit.py:495} INFO - 23/01/29 08:02:16 INFO BlockManagerMasterEndpoint: Using org.apache.spark.storage.DefaultTopologyMapper for getting topology information
[2023-01-29T08:02:17.002+0000] {spark_submit.py:495} INFO - 23/01/29 08:02:16 INFO BlockManagerMasterEndpoint: BlockManagerMasterEndpoint up
[2023-01-29T08:02:17.002+0000] {spark_submit.py:495} INFO - 23/01/29 08:02:17 INFO SparkEnv: Registering BlockManagerMasterHeartbeat
[2023-01-29T08:02:17.034+0000] {spark_submit.py:495} INFO - 23/01/29 08:02:17 INFO DiskBlockManager: Created local directory at /tmp/blockmgr-ecc364e1-60b3-4f62-875f-7c7e2a5f7338
[2023-01-29T08:02:17.050+0000] {spark_submit.py:495} INFO - 23/01/29 08:02:17 INFO MemoryStore: MemoryStore started with capacity 434.4 MiB
[2023-01-29T08:02:17.077+0000] {spark_submit.py:495} INFO - 23/01/29 08:02:17 INFO SparkEnv: Registering OutputCommitCoordinator
[2023-01-29T08:02:17.589+0000] {spark_submit.py:495} INFO - 23/01/29 08:02:17 INFO Utils: Successfully started service 'SparkUI' on port 4040.
[2023-01-29T08:02:17.649+0000] {spark_submit.py:495} INFO - 23/01/29 08:02:17 INFO SparkContext: Added JAR file:///home/***/.ivy2/jars/org.apache.spark_spark-sql-kafka-0-10_2.12-3.1.3.jar at spark://15c99fd3082a:33071/jars/org.apache.spark_spark-sql-kafka-0-10_2.12-3.1.3.jar with timestamp 1674979336293
[2023-01-29T08:02:17.649+0000] {spark_submit.py:495} INFO - 23/01/29 08:02:17 INFO SparkContext: Added JAR file:///home/***/.ivy2/jars/org.mongodb.spark_mongo-spark-connector_2.12-3.0.1.jar at spark://15c99fd3082a:33071/jars/org.mongodb.spark_mongo-spark-connector_2.12-3.0.1.jar with timestamp 1674979336293
[2023-01-29T08:02:17.650+0000] {spark_submit.py:495} INFO - 23/01/29 08:02:17 INFO SparkContext: Added JAR file:///home/***/.ivy2/jars/org.apache.spark_spark-token-provider-kafka-0-10_2.12-3.1.3.jar at spark://15c99fd3082a:33071/jars/org.apache.spark_spark-token-provider-kafka-0-10_2.12-3.1.3.jar with timestamp 1674979336293
[2023-01-29T08:02:17.650+0000] {spark_submit.py:495} INFO - 23/01/29 08:02:17 INFO SparkContext: Added JAR file:///home/***/.ivy2/jars/org.apache.kafka_kafka-clients-2.6.0.jar at spark://15c99fd3082a:33071/jars/org.apache.kafka_kafka-clients-2.6.0.jar with timestamp 1674979336293
[2023-01-29T08:02:17.650+0000] {spark_submit.py:495} INFO - 23/01/29 08:02:17 INFO SparkContext: Added JAR file:///home/***/.ivy2/jars/org.apache.commons_commons-pool2-2.6.2.jar at spark://15c99fd3082a:33071/jars/org.apache.commons_commons-pool2-2.6.2.jar with timestamp 1674979336293
[2023-01-29T08:02:17.650+0000] {spark_submit.py:495} INFO - 23/01/29 08:02:17 INFO SparkContext: Added JAR file:///home/***/.ivy2/jars/org.spark-project.spark_unused-1.0.0.jar at spark://15c99fd3082a:33071/jars/org.spark-project.spark_unused-1.0.0.jar with timestamp 1674979336293
[2023-01-29T08:02:17.650+0000] {spark_submit.py:495} INFO - 23/01/29 08:02:17 INFO SparkContext: Added JAR file:///home/***/.ivy2/jars/com.github.luben_zstd-jni-1.4.8-1.jar at spark://15c99fd3082a:33071/jars/com.github.luben_zstd-jni-1.4.8-1.jar with timestamp 1674979336293
[2023-01-29T08:02:17.650+0000] {spark_submit.py:495} INFO - 23/01/29 08:02:17 INFO SparkContext: Added JAR file:///home/***/.ivy2/jars/org.lz4_lz4-java-1.7.1.jar at spark://15c99fd3082a:33071/jars/org.lz4_lz4-java-1.7.1.jar with timestamp 1674979336293
[2023-01-29T08:02:17.651+0000] {spark_submit.py:495} INFO - 23/01/29 08:02:17 INFO SparkContext: Added JAR file:///home/***/.ivy2/jars/org.xerial.snappy_snappy-java-1.1.8.2.jar at spark://15c99fd3082a:33071/jars/org.xerial.snappy_snappy-java-1.1.8.2.jar with timestamp 1674979336293
[2023-01-29T08:02:17.651+0000] {spark_submit.py:495} INFO - 23/01/29 08:02:17 INFO SparkContext: Added JAR file:///home/***/.ivy2/jars/org.slf4j_slf4j-api-1.7.30.jar at spark://15c99fd3082a:33071/jars/org.slf4j_slf4j-api-1.7.30.jar with timestamp 1674979336293
[2023-01-29T08:02:17.651+0000] {spark_submit.py:495} INFO - 23/01/29 08:02:17 INFO SparkContext: Added JAR file:///home/***/.ivy2/jars/org.mongodb_mongodb-driver-sync-4.0.5.jar at spark://15c99fd3082a:33071/jars/org.mongodb_mongodb-driver-sync-4.0.5.jar with timestamp 1674979336293
[2023-01-29T08:02:17.651+0000] {spark_submit.py:495} INFO - 23/01/29 08:02:17 INFO SparkContext: Added JAR file:///home/***/.ivy2/jars/org.mongodb_bson-4.0.5.jar at spark://15c99fd3082a:33071/jars/org.mongodb_bson-4.0.5.jar with timestamp 1674979336293
[2023-01-29T08:02:17.651+0000] {spark_submit.py:495} INFO - 23/01/29 08:02:17 INFO SparkContext: Added JAR file:///home/***/.ivy2/jars/org.mongodb_mongodb-driver-core-4.0.5.jar at spark://15c99fd3082a:33071/jars/org.mongodb_mongodb-driver-core-4.0.5.jar with timestamp 1674979336293
[2023-01-29T08:02:17.653+0000] {spark_submit.py:495} INFO - 23/01/29 08:02:17 INFO SparkContext: Added file file:///home/***/.ivy2/jars/org.apache.spark_spark-sql-kafka-0-10_2.12-3.1.3.jar at file:///home/***/.ivy2/jars/org.apache.spark_spark-sql-kafka-0-10_2.12-3.1.3.jar with timestamp 1674979336293
[2023-01-29T08:02:17.654+0000] {spark_submit.py:495} INFO - 23/01/29 08:02:17 INFO Utils: Copying /home/***/.ivy2/jars/org.apache.spark_spark-sql-kafka-0-10_2.12-3.1.3.jar to /tmp/spark-aaba71f5-b464-42f4-8f97-482096205a2c/userFiles-0ea4dbc7-4162-4834-af3a-1c98f2ef1714/org.apache.spark_spark-sql-kafka-0-10_2.12-3.1.3.jar
[2023-01-29T08:02:17.669+0000] {spark_submit.py:495} INFO - 23/01/29 08:02:17 INFO SparkContext: Added file file:///home/***/.ivy2/jars/org.mongodb.spark_mongo-spark-connector_2.12-3.0.1.jar at file:///home/***/.ivy2/jars/org.mongodb.spark_mongo-spark-connector_2.12-3.0.1.jar with timestamp 1674979336293
[2023-01-29T08:02:17.669+0000] {spark_submit.py:495} INFO - 23/01/29 08:02:17 INFO Utils: Copying /home/***/.ivy2/jars/org.mongodb.spark_mongo-spark-connector_2.12-3.0.1.jar to /tmp/spark-aaba71f5-b464-42f4-8f97-482096205a2c/userFiles-0ea4dbc7-4162-4834-af3a-1c98f2ef1714/org.mongodb.spark_mongo-spark-connector_2.12-3.0.1.jar
[2023-01-29T08:02:17.673+0000] {spark_submit.py:495} INFO - 23/01/29 08:02:17 INFO SparkContext: Added file file:///home/***/.ivy2/jars/org.apache.spark_spark-token-provider-kafka-0-10_2.12-3.1.3.jar at file:///home/***/.ivy2/jars/org.apache.spark_spark-token-provider-kafka-0-10_2.12-3.1.3.jar with timestamp 1674979336293
[2023-01-29T08:02:17.675+0000] {spark_submit.py:495} INFO - 23/01/29 08:02:17 INFO Utils: Copying /home/***/.ivy2/jars/org.apache.spark_spark-token-provider-kafka-0-10_2.12-3.1.3.jar to /tmp/spark-aaba71f5-b464-42f4-8f97-482096205a2c/userFiles-0ea4dbc7-4162-4834-af3a-1c98f2ef1714/org.apache.spark_spark-token-provider-kafka-0-10_2.12-3.1.3.jar
[2023-01-29T08:02:17.677+0000] {spark_submit.py:495} INFO - 23/01/29 08:02:17 INFO SparkContext: Added file file:///home/***/.ivy2/jars/org.apache.kafka_kafka-clients-2.6.0.jar at file:///home/***/.ivy2/jars/org.apache.kafka_kafka-clients-2.6.0.jar with timestamp 1674979336293
[2023-01-29T08:02:17.678+0000] {spark_submit.py:495} INFO - 23/01/29 08:02:17 INFO Utils: Copying /home/***/.ivy2/jars/org.apache.kafka_kafka-clients-2.6.0.jar to /tmp/spark-aaba71f5-b464-42f4-8f97-482096205a2c/userFiles-0ea4dbc7-4162-4834-af3a-1c98f2ef1714/org.apache.kafka_kafka-clients-2.6.0.jar
[2023-01-29T08:02:17.685+0000] {spark_submit.py:495} INFO - 23/01/29 08:02:17 INFO SparkContext: Added file file:///home/***/.ivy2/jars/org.apache.commons_commons-pool2-2.6.2.jar at file:///home/***/.ivy2/jars/org.apache.commons_commons-pool2-2.6.2.jar with timestamp 1674979336293
[2023-01-29T08:02:17.686+0000] {spark_submit.py:495} INFO - 23/01/29 08:02:17 INFO Utils: Copying /home/***/.ivy2/jars/org.apache.commons_commons-pool2-2.6.2.jar to /tmp/spark-aaba71f5-b464-42f4-8f97-482096205a2c/userFiles-0ea4dbc7-4162-4834-af3a-1c98f2ef1714/org.apache.commons_commons-pool2-2.6.2.jar
[2023-01-29T08:02:17.689+0000] {spark_submit.py:495} INFO - 23/01/29 08:02:17 INFO SparkContext: Added file file:///home/***/.ivy2/jars/org.spark-project.spark_unused-1.0.0.jar at file:///home/***/.ivy2/jars/org.spark-project.spark_unused-1.0.0.jar with timestamp 1674979336293
[2023-01-29T08:02:17.689+0000] {spark_submit.py:495} INFO - 23/01/29 08:02:17 INFO Utils: Copying /home/***/.ivy2/jars/org.spark-project.spark_unused-1.0.0.jar to /tmp/spark-aaba71f5-b464-42f4-8f97-482096205a2c/userFiles-0ea4dbc7-4162-4834-af3a-1c98f2ef1714/org.spark-project.spark_unused-1.0.0.jar
[2023-01-29T08:02:17.692+0000] {spark_submit.py:495} INFO - 23/01/29 08:02:17 INFO SparkContext: Added file file:///home/***/.ivy2/jars/com.github.luben_zstd-jni-1.4.8-1.jar at file:///home/***/.ivy2/jars/com.github.luben_zstd-jni-1.4.8-1.jar with timestamp 1674979336293
[2023-01-29T08:02:17.692+0000] {spark_submit.py:495} INFO - 23/01/29 08:02:17 INFO Utils: Copying /home/***/.ivy2/jars/com.github.luben_zstd-jni-1.4.8-1.jar to /tmp/spark-aaba71f5-b464-42f4-8f97-482096205a2c/userFiles-0ea4dbc7-4162-4834-af3a-1c98f2ef1714/com.github.luben_zstd-jni-1.4.8-1.jar
[2023-01-29T08:02:17.709+0000] {spark_submit.py:495} INFO - 23/01/29 08:02:17 INFO SparkContext: Added file file:///home/***/.ivy2/jars/org.lz4_lz4-java-1.7.1.jar at file:///home/***/.ivy2/jars/org.lz4_lz4-java-1.7.1.jar with timestamp 1674979336293
[2023-01-29T08:02:17.709+0000] {spark_submit.py:495} INFO - 23/01/29 08:02:17 INFO Utils: Copying /home/***/.ivy2/jars/org.lz4_lz4-java-1.7.1.jar to /tmp/spark-aaba71f5-b464-42f4-8f97-482096205a2c/userFiles-0ea4dbc7-4162-4834-af3a-1c98f2ef1714/org.lz4_lz4-java-1.7.1.jar
[2023-01-29T08:02:17.715+0000] {spark_submit.py:495} INFO - 23/01/29 08:02:17 INFO SparkContext: Added file file:///home/***/.ivy2/jars/org.xerial.snappy_snappy-java-1.1.8.2.jar at file:///home/***/.ivy2/jars/org.xerial.snappy_snappy-java-1.1.8.2.jar with timestamp 1674979336293
[2023-01-29T08:02:17.716+0000] {spark_submit.py:495} INFO - 23/01/29 08:02:17 INFO Utils: Copying /home/***/.ivy2/jars/org.xerial.snappy_snappy-java-1.1.8.2.jar to /tmp/spark-aaba71f5-b464-42f4-8f97-482096205a2c/userFiles-0ea4dbc7-4162-4834-af3a-1c98f2ef1714/org.xerial.snappy_snappy-java-1.1.8.2.jar
[2023-01-29T08:02:17.727+0000] {spark_submit.py:495} INFO - 23/01/29 08:02:17 INFO SparkContext: Added file file:///home/***/.ivy2/jars/org.slf4j_slf4j-api-1.7.30.jar at file:///home/***/.ivy2/jars/org.slf4j_slf4j-api-1.7.30.jar with timestamp 1674979336293
[2023-01-29T08:02:17.728+0000] {spark_submit.py:495} INFO - 23/01/29 08:02:17 INFO Utils: Copying /home/***/.ivy2/jars/org.slf4j_slf4j-api-1.7.30.jar to /tmp/spark-aaba71f5-b464-42f4-8f97-482096205a2c/userFiles-0ea4dbc7-4162-4834-af3a-1c98f2ef1714/org.slf4j_slf4j-api-1.7.30.jar
[2023-01-29T08:02:17.732+0000] {spark_submit.py:495} INFO - 23/01/29 08:02:17 INFO SparkContext: Added file file:///home/***/.ivy2/jars/org.mongodb_mongodb-driver-sync-4.0.5.jar at file:///home/***/.ivy2/jars/org.mongodb_mongodb-driver-sync-4.0.5.jar with timestamp 1674979336293
[2023-01-29T08:02:17.732+0000] {spark_submit.py:495} INFO - 23/01/29 08:02:17 INFO Utils: Copying /home/***/.ivy2/jars/org.mongodb_mongodb-driver-sync-4.0.5.jar to /tmp/spark-aaba71f5-b464-42f4-8f97-482096205a2c/userFiles-0ea4dbc7-4162-4834-af3a-1c98f2ef1714/org.mongodb_mongodb-driver-sync-4.0.5.jar
[2023-01-29T08:02:17.736+0000] {spark_submit.py:495} INFO - 23/01/29 08:02:17 INFO SparkContext: Added file file:///home/***/.ivy2/jars/org.mongodb_bson-4.0.5.jar at file:///home/***/.ivy2/jars/org.mongodb_bson-4.0.5.jar with timestamp 1674979336293
[2023-01-29T08:02:17.736+0000] {spark_submit.py:495} INFO - 23/01/29 08:02:17 INFO Utils: Copying /home/***/.ivy2/jars/org.mongodb_bson-4.0.5.jar to /tmp/spark-aaba71f5-b464-42f4-8f97-482096205a2c/userFiles-0ea4dbc7-4162-4834-af3a-1c98f2ef1714/org.mongodb_bson-4.0.5.jar
[2023-01-29T08:02:17.741+0000] {spark_submit.py:495} INFO - 23/01/29 08:02:17 INFO SparkContext: Added file file:///home/***/.ivy2/jars/org.mongodb_mongodb-driver-core-4.0.5.jar at file:///home/***/.ivy2/jars/org.mongodb_mongodb-driver-core-4.0.5.jar with timestamp 1674979336293
[2023-01-29T08:02:17.741+0000] {spark_submit.py:495} INFO - 23/01/29 08:02:17 INFO Utils: Copying /home/***/.ivy2/jars/org.mongodb_mongodb-driver-core-4.0.5.jar to /tmp/spark-aaba71f5-b464-42f4-8f97-482096205a2c/userFiles-0ea4dbc7-4162-4834-af3a-1c98f2ef1714/org.mongodb_mongodb-driver-core-4.0.5.jar
[2023-01-29T08:02:17.813+0000] {spark_submit.py:495} INFO - 23/01/29 08:02:17 INFO Executor: Starting executor ID driver on host 15c99fd3082a
[2023-01-29T08:02:17.819+0000] {spark_submit.py:495} INFO - 23/01/29 08:02:17 INFO Executor: Starting executor with user classpath (userClassPathFirst = false): ''
[2023-01-29T08:02:17.828+0000] {spark_submit.py:495} INFO - 23/01/29 08:02:17 INFO Executor: Fetching file:///home/***/.ivy2/jars/org.apache.spark_spark-token-provider-kafka-0-10_2.12-3.1.3.jar with timestamp 1674979336293
[2023-01-29T08:02:17.846+0000] {spark_submit.py:495} INFO - 23/01/29 08:02:17 INFO Utils: /home/***/.ivy2/jars/org.apache.spark_spark-token-provider-kafka-0-10_2.12-3.1.3.jar has been previously copied to /tmp/spark-aaba71f5-b464-42f4-8f97-482096205a2c/userFiles-0ea4dbc7-4162-4834-af3a-1c98f2ef1714/org.apache.spark_spark-token-provider-kafka-0-10_2.12-3.1.3.jar
[2023-01-29T08:02:17.851+0000] {spark_submit.py:495} INFO - 23/01/29 08:02:17 INFO Executor: Fetching file:///home/***/.ivy2/jars/org.mongodb_mongodb-driver-sync-4.0.5.jar with timestamp 1674979336293
[2023-01-29T08:02:17.853+0000] {spark_submit.py:495} INFO - 23/01/29 08:02:17 INFO Utils: /home/***/.ivy2/jars/org.mongodb_mongodb-driver-sync-4.0.5.jar has been previously copied to /tmp/spark-aaba71f5-b464-42f4-8f97-482096205a2c/userFiles-0ea4dbc7-4162-4834-af3a-1c98f2ef1714/org.mongodb_mongodb-driver-sync-4.0.5.jar
[2023-01-29T08:02:17.856+0000] {spark_submit.py:495} INFO - 23/01/29 08:02:17 INFO Executor: Fetching file:///home/***/.ivy2/jars/org.apache.kafka_kafka-clients-2.6.0.jar with timestamp 1674979336293
[2023-01-29T08:02:17.865+0000] {spark_submit.py:495} INFO - 23/01/29 08:02:17 INFO Utils: /home/***/.ivy2/jars/org.apache.kafka_kafka-clients-2.6.0.jar has been previously copied to /tmp/spark-aaba71f5-b464-42f4-8f97-482096205a2c/userFiles-0ea4dbc7-4162-4834-af3a-1c98f2ef1714/org.apache.kafka_kafka-clients-2.6.0.jar
[2023-01-29T08:02:17.866+0000] {spark_submit.py:495} INFO - 23/01/29 08:02:17 INFO Executor: Fetching file:///home/***/.ivy2/jars/org.mongodb_bson-4.0.5.jar with timestamp 1674979336293
[2023-01-29T08:02:17.867+0000] {spark_submit.py:495} INFO - 23/01/29 08:02:17 INFO Utils: /home/***/.ivy2/jars/org.mongodb_bson-4.0.5.jar has been previously copied to /tmp/spark-aaba71f5-b464-42f4-8f97-482096205a2c/userFiles-0ea4dbc7-4162-4834-af3a-1c98f2ef1714/org.mongodb_bson-4.0.5.jar
[2023-01-29T08:02:17.870+0000] {spark_submit.py:495} INFO - 23/01/29 08:02:17 INFO Executor: Fetching file:///home/***/.ivy2/jars/com.github.luben_zstd-jni-1.4.8-1.jar with timestamp 1674979336293
[2023-01-29T08:02:17.875+0000] {spark_submit.py:495} INFO - 23/01/29 08:02:17 INFO Utils: /home/***/.ivy2/jars/com.github.luben_zstd-jni-1.4.8-1.jar has been previously copied to /tmp/spark-aaba71f5-b464-42f4-8f97-482096205a2c/userFiles-0ea4dbc7-4162-4834-af3a-1c98f2ef1714/com.github.luben_zstd-jni-1.4.8-1.jar
[2023-01-29T08:02:17.878+0000] {spark_submit.py:495} INFO - 23/01/29 08:02:17 INFO Executor: Fetching file:///home/***/.ivy2/jars/org.lz4_lz4-java-1.7.1.jar with timestamp 1674979336293
[2023-01-29T08:02:17.879+0000] {spark_submit.py:495} INFO - 23/01/29 08:02:17 INFO Utils: /home/***/.ivy2/jars/org.lz4_lz4-java-1.7.1.jar has been previously copied to /tmp/spark-aaba71f5-b464-42f4-8f97-482096205a2c/userFiles-0ea4dbc7-4162-4834-af3a-1c98f2ef1714/org.lz4_lz4-java-1.7.1.jar
[2023-01-29T08:02:17.889+0000] {spark_submit.py:495} INFO - 23/01/29 08:02:17 INFO Executor: Fetching file:///home/***/.ivy2/jars/org.spark-project.spark_unused-1.0.0.jar with timestamp 1674979336293
[2023-01-29T08:02:17.889+0000] {spark_submit.py:495} INFO - 23/01/29 08:02:17 INFO Utils: /home/***/.ivy2/jars/org.spark-project.spark_unused-1.0.0.jar has been previously copied to /tmp/spark-aaba71f5-b464-42f4-8f97-482096205a2c/userFiles-0ea4dbc7-4162-4834-af3a-1c98f2ef1714/org.spark-project.spark_unused-1.0.0.jar
[2023-01-29T08:02:17.893+0000] {spark_submit.py:495} INFO - 23/01/29 08:02:17 INFO Executor: Fetching file:///home/***/.ivy2/jars/org.xerial.snappy_snappy-java-1.1.8.2.jar with timestamp 1674979336293
[2023-01-29T08:02:17.895+0000] {spark_submit.py:495} INFO - 23/01/29 08:02:17 INFO Utils: /home/***/.ivy2/jars/org.xerial.snappy_snappy-java-1.1.8.2.jar has been previously copied to /tmp/spark-aaba71f5-b464-42f4-8f97-482096205a2c/userFiles-0ea4dbc7-4162-4834-af3a-1c98f2ef1714/org.xerial.snappy_snappy-java-1.1.8.2.jar
[2023-01-29T08:02:17.903+0000] {spark_submit.py:495} INFO - 23/01/29 08:02:17 INFO Executor: Fetching file:///home/***/.ivy2/jars/org.mongodb_mongodb-driver-core-4.0.5.jar with timestamp 1674979336293
[2023-01-29T08:02:17.904+0000] {spark_submit.py:495} INFO - 23/01/29 08:02:17 INFO Utils: /home/***/.ivy2/jars/org.mongodb_mongodb-driver-core-4.0.5.jar has been previously copied to /tmp/spark-aaba71f5-b464-42f4-8f97-482096205a2c/userFiles-0ea4dbc7-4162-4834-af3a-1c98f2ef1714/org.mongodb_mongodb-driver-core-4.0.5.jar
[2023-01-29T08:02:17.909+0000] {spark_submit.py:495} INFO - 23/01/29 08:02:17 INFO Executor: Fetching file:///home/***/.ivy2/jars/org.apache.spark_spark-sql-kafka-0-10_2.12-3.1.3.jar with timestamp 1674979336293
[2023-01-29T08:02:17.910+0000] {spark_submit.py:495} INFO - 23/01/29 08:02:17 INFO Utils: /home/***/.ivy2/jars/org.apache.spark_spark-sql-kafka-0-10_2.12-3.1.3.jar has been previously copied to /tmp/spark-aaba71f5-b464-42f4-8f97-482096205a2c/userFiles-0ea4dbc7-4162-4834-af3a-1c98f2ef1714/org.apache.spark_spark-sql-kafka-0-10_2.12-3.1.3.jar
[2023-01-29T08:02:17.914+0000] {spark_submit.py:495} INFO - 23/01/29 08:02:17 INFO Executor: Fetching file:///home/***/.ivy2/jars/org.mongodb.spark_mongo-spark-connector_2.12-3.0.1.jar with timestamp 1674979336293
[2023-01-29T08:02:17.914+0000] {spark_submit.py:495} INFO - 23/01/29 08:02:17 INFO Utils: /home/***/.ivy2/jars/org.mongodb.spark_mongo-spark-connector_2.12-3.0.1.jar has been previously copied to /tmp/spark-aaba71f5-b464-42f4-8f97-482096205a2c/userFiles-0ea4dbc7-4162-4834-af3a-1c98f2ef1714/org.mongodb.spark_mongo-spark-connector_2.12-3.0.1.jar
[2023-01-29T08:02:17.916+0000] {spark_submit.py:495} INFO - 23/01/29 08:02:17 INFO Executor: Fetching file:///home/***/.ivy2/jars/org.apache.commons_commons-pool2-2.6.2.jar with timestamp 1674979336293
[2023-01-29T08:02:17.917+0000] {spark_submit.py:495} INFO - 23/01/29 08:02:17 INFO Utils: /home/***/.ivy2/jars/org.apache.commons_commons-pool2-2.6.2.jar has been previously copied to /tmp/spark-aaba71f5-b464-42f4-8f97-482096205a2c/userFiles-0ea4dbc7-4162-4834-af3a-1c98f2ef1714/org.apache.commons_commons-pool2-2.6.2.jar
[2023-01-29T08:02:17.920+0000] {spark_submit.py:495} INFO - 23/01/29 08:02:17 INFO Executor: Fetching file:///home/***/.ivy2/jars/org.slf4j_slf4j-api-1.7.30.jar with timestamp 1674979336293
[2023-01-29T08:02:17.921+0000] {spark_submit.py:495} INFO - 23/01/29 08:02:17 INFO Utils: /home/***/.ivy2/jars/org.slf4j_slf4j-api-1.7.30.jar has been previously copied to /tmp/spark-aaba71f5-b464-42f4-8f97-482096205a2c/userFiles-0ea4dbc7-4162-4834-af3a-1c98f2ef1714/org.slf4j_slf4j-api-1.7.30.jar
[2023-01-29T08:02:17.926+0000] {spark_submit.py:495} INFO - 23/01/29 08:02:17 INFO Executor: Fetching spark://15c99fd3082a:33071/jars/com.github.luben_zstd-jni-1.4.8-1.jar with timestamp 1674979336293
[2023-01-29T08:02:17.963+0000] {spark_submit.py:495} INFO - 23/01/29 08:02:17 INFO TransportClientFactory: Successfully created connection to 15c99fd3082a/172.20.0.4:33071 after 23 ms (0 ms spent in bootstraps)
[2023-01-29T08:02:17.968+0000] {spark_submit.py:495} INFO - 23/01/29 08:02:17 INFO Utils: Fetching spark://15c99fd3082a:33071/jars/com.github.luben_zstd-jni-1.4.8-1.jar to /tmp/spark-aaba71f5-b464-42f4-8f97-482096205a2c/userFiles-0ea4dbc7-4162-4834-af3a-1c98f2ef1714/fetchFileTemp16903890941956129278.tmp
[2023-01-29T08:02:18.030+0000] {spark_submit.py:495} INFO - 23/01/29 08:02:18 INFO Utils: /tmp/spark-aaba71f5-b464-42f4-8f97-482096205a2c/userFiles-0ea4dbc7-4162-4834-af3a-1c98f2ef1714/fetchFileTemp16903890941956129278.tmp has been previously copied to /tmp/spark-aaba71f5-b464-42f4-8f97-482096205a2c/userFiles-0ea4dbc7-4162-4834-af3a-1c98f2ef1714/com.github.luben_zstd-jni-1.4.8-1.jar
[2023-01-29T08:02:18.042+0000] {spark_submit.py:495} INFO - 23/01/29 08:02:18 INFO Executor: Adding file:/tmp/spark-aaba71f5-b464-42f4-8f97-482096205a2c/userFiles-0ea4dbc7-4162-4834-af3a-1c98f2ef1714/com.github.luben_zstd-jni-1.4.8-1.jar to class loader
[2023-01-29T08:02:18.042+0000] {spark_submit.py:495} INFO - 23/01/29 08:02:18 INFO Executor: Fetching spark://15c99fd3082a:33071/jars/org.mongodb_mongodb-driver-core-4.0.5.jar with timestamp 1674979336293
[2023-01-29T08:02:18.043+0000] {spark_submit.py:495} INFO - 23/01/29 08:02:18 INFO Utils: Fetching spark://15c99fd3082a:33071/jars/org.mongodb_mongodb-driver-core-4.0.5.jar to /tmp/spark-aaba71f5-b464-42f4-8f97-482096205a2c/userFiles-0ea4dbc7-4162-4834-af3a-1c98f2ef1714/fetchFileTemp13935008328310114677.tmp
[2023-01-29T08:02:18.048+0000] {spark_submit.py:495} INFO - 23/01/29 08:02:18 INFO Utils: /tmp/spark-aaba71f5-b464-42f4-8f97-482096205a2c/userFiles-0ea4dbc7-4162-4834-af3a-1c98f2ef1714/fetchFileTemp13935008328310114677.tmp has been previously copied to /tmp/spark-aaba71f5-b464-42f4-8f97-482096205a2c/userFiles-0ea4dbc7-4162-4834-af3a-1c98f2ef1714/org.mongodb_mongodb-driver-core-4.0.5.jar
[2023-01-29T08:02:18.053+0000] {spark_submit.py:495} INFO - 23/01/29 08:02:18 INFO Executor: Adding file:/tmp/spark-aaba71f5-b464-42f4-8f97-482096205a2c/userFiles-0ea4dbc7-4162-4834-af3a-1c98f2ef1714/org.mongodb_mongodb-driver-core-4.0.5.jar to class loader
[2023-01-29T08:02:18.053+0000] {spark_submit.py:495} INFO - 23/01/29 08:02:18 INFO Executor: Fetching spark://15c99fd3082a:33071/jars/org.apache.spark_spark-token-provider-kafka-0-10_2.12-3.1.3.jar with timestamp 1674979336293
[2023-01-29T08:02:18.053+0000] {spark_submit.py:495} INFO - 23/01/29 08:02:18 INFO Utils: Fetching spark://15c99fd3082a:33071/jars/org.apache.spark_spark-token-provider-kafka-0-10_2.12-3.1.3.jar to /tmp/spark-aaba71f5-b464-42f4-8f97-482096205a2c/userFiles-0ea4dbc7-4162-4834-af3a-1c98f2ef1714/fetchFileTemp9360744825993798019.tmp
[2023-01-29T08:02:18.054+0000] {spark_submit.py:495} INFO - 23/01/29 08:02:18 INFO Utils: /tmp/spark-aaba71f5-b464-42f4-8f97-482096205a2c/userFiles-0ea4dbc7-4162-4834-af3a-1c98f2ef1714/fetchFileTemp9360744825993798019.tmp has been previously copied to /tmp/spark-aaba71f5-b464-42f4-8f97-482096205a2c/userFiles-0ea4dbc7-4162-4834-af3a-1c98f2ef1714/org.apache.spark_spark-token-provider-kafka-0-10_2.12-3.1.3.jar
[2023-01-29T08:02:18.057+0000] {spark_submit.py:495} INFO - 23/01/29 08:02:18 INFO Executor: Adding file:/tmp/spark-aaba71f5-b464-42f4-8f97-482096205a2c/userFiles-0ea4dbc7-4162-4834-af3a-1c98f2ef1714/org.apache.spark_spark-token-provider-kafka-0-10_2.12-3.1.3.jar to class loader
[2023-01-29T08:02:18.057+0000] {spark_submit.py:495} INFO - 23/01/29 08:02:18 INFO Executor: Fetching spark://15c99fd3082a:33071/jars/org.apache.spark_spark-sql-kafka-0-10_2.12-3.1.3.jar with timestamp 1674979336293
[2023-01-29T08:02:18.058+0000] {spark_submit.py:495} INFO - 23/01/29 08:02:18 INFO Utils: Fetching spark://15c99fd3082a:33071/jars/org.apache.spark_spark-sql-kafka-0-10_2.12-3.1.3.jar to /tmp/spark-aaba71f5-b464-42f4-8f97-482096205a2c/userFiles-0ea4dbc7-4162-4834-af3a-1c98f2ef1714/fetchFileTemp3042918312902194710.tmp
[2023-01-29T08:02:18.062+0000] {spark_submit.py:495} INFO - 23/01/29 08:02:18 INFO Utils: /tmp/spark-aaba71f5-b464-42f4-8f97-482096205a2c/userFiles-0ea4dbc7-4162-4834-af3a-1c98f2ef1714/fetchFileTemp3042918312902194710.tmp has been previously copied to /tmp/spark-aaba71f5-b464-42f4-8f97-482096205a2c/userFiles-0ea4dbc7-4162-4834-af3a-1c98f2ef1714/org.apache.spark_spark-sql-kafka-0-10_2.12-3.1.3.jar
[2023-01-29T08:02:18.064+0000] {spark_submit.py:495} INFO - 23/01/29 08:02:18 INFO Executor: Adding file:/tmp/spark-aaba71f5-b464-42f4-8f97-482096205a2c/userFiles-0ea4dbc7-4162-4834-af3a-1c98f2ef1714/org.apache.spark_spark-sql-kafka-0-10_2.12-3.1.3.jar to class loader
[2023-01-29T08:02:18.064+0000] {spark_submit.py:495} INFO - 23/01/29 08:02:18 INFO Executor: Fetching spark://15c99fd3082a:33071/jars/org.apache.kafka_kafka-clients-2.6.0.jar with timestamp 1674979336293
[2023-01-29T08:02:18.065+0000] {spark_submit.py:495} INFO - 23/01/29 08:02:18 INFO Utils: Fetching spark://15c99fd3082a:33071/jars/org.apache.kafka_kafka-clients-2.6.0.jar to /tmp/spark-aaba71f5-b464-42f4-8f97-482096205a2c/userFiles-0ea4dbc7-4162-4834-af3a-1c98f2ef1714/fetchFileTemp14017629091592385190.tmp
[2023-01-29T08:02:18.080+0000] {spark_submit.py:495} INFO - 23/01/29 08:02:18 INFO Utils: /tmp/spark-aaba71f5-b464-42f4-8f97-482096205a2c/userFiles-0ea4dbc7-4162-4834-af3a-1c98f2ef1714/fetchFileTemp14017629091592385190.tmp has been previously copied to /tmp/spark-aaba71f5-b464-42f4-8f97-482096205a2c/userFiles-0ea4dbc7-4162-4834-af3a-1c98f2ef1714/org.apache.kafka_kafka-clients-2.6.0.jar
[2023-01-29T08:02:18.088+0000] {spark_submit.py:495} INFO - 23/01/29 08:02:18 INFO Executor: Adding file:/tmp/spark-aaba71f5-b464-42f4-8f97-482096205a2c/userFiles-0ea4dbc7-4162-4834-af3a-1c98f2ef1714/org.apache.kafka_kafka-clients-2.6.0.jar to class loader
[2023-01-29T08:02:18.088+0000] {spark_submit.py:495} INFO - 23/01/29 08:02:18 INFO Executor: Fetching spark://15c99fd3082a:33071/jars/org.xerial.snappy_snappy-java-1.1.8.2.jar with timestamp 1674979336293
[2023-01-29T08:02:18.089+0000] {spark_submit.py:495} INFO - 23/01/29 08:02:18 INFO Utils: Fetching spark://15c99fd3082a:33071/jars/org.xerial.snappy_snappy-java-1.1.8.2.jar to /tmp/spark-aaba71f5-b464-42f4-8f97-482096205a2c/userFiles-0ea4dbc7-4162-4834-af3a-1c98f2ef1714/fetchFileTemp4014945671817668639.tmp
[2023-01-29T08:02:18.097+0000] {spark_submit.py:495} INFO - 23/01/29 08:02:18 INFO Utils: /tmp/spark-aaba71f5-b464-42f4-8f97-482096205a2c/userFiles-0ea4dbc7-4162-4834-af3a-1c98f2ef1714/fetchFileTemp4014945671817668639.tmp has been previously copied to /tmp/spark-aaba71f5-b464-42f4-8f97-482096205a2c/userFiles-0ea4dbc7-4162-4834-af3a-1c98f2ef1714/org.xerial.snappy_snappy-java-1.1.8.2.jar
[2023-01-29T08:02:18.103+0000] {spark_submit.py:495} INFO - 23/01/29 08:02:18 INFO Executor: Adding file:/tmp/spark-aaba71f5-b464-42f4-8f97-482096205a2c/userFiles-0ea4dbc7-4162-4834-af3a-1c98f2ef1714/org.xerial.snappy_snappy-java-1.1.8.2.jar to class loader
[2023-01-29T08:02:18.103+0000] {spark_submit.py:495} INFO - 23/01/29 08:02:18 INFO Executor: Fetching spark://15c99fd3082a:33071/jars/org.spark-project.spark_unused-1.0.0.jar with timestamp 1674979336293
[2023-01-29T08:02:18.103+0000] {spark_submit.py:495} INFO - 23/01/29 08:02:18 INFO Utils: Fetching spark://15c99fd3082a:33071/jars/org.spark-project.spark_unused-1.0.0.jar to /tmp/spark-aaba71f5-b464-42f4-8f97-482096205a2c/userFiles-0ea4dbc7-4162-4834-af3a-1c98f2ef1714/fetchFileTemp1887144164839765171.tmp
[2023-01-29T08:02:18.104+0000] {spark_submit.py:495} INFO - 23/01/29 08:02:18 INFO Utils: /tmp/spark-aaba71f5-b464-42f4-8f97-482096205a2c/userFiles-0ea4dbc7-4162-4834-af3a-1c98f2ef1714/fetchFileTemp1887144164839765171.tmp has been previously copied to /tmp/spark-aaba71f5-b464-42f4-8f97-482096205a2c/userFiles-0ea4dbc7-4162-4834-af3a-1c98f2ef1714/org.spark-project.spark_unused-1.0.0.jar
[2023-01-29T08:02:18.106+0000] {spark_submit.py:495} INFO - 23/01/29 08:02:18 INFO Executor: Adding file:/tmp/spark-aaba71f5-b464-42f4-8f97-482096205a2c/userFiles-0ea4dbc7-4162-4834-af3a-1c98f2ef1714/org.spark-project.spark_unused-1.0.0.jar to class loader
[2023-01-29T08:02:18.107+0000] {spark_submit.py:495} INFO - 23/01/29 08:02:18 INFO Executor: Fetching spark://15c99fd3082a:33071/jars/org.slf4j_slf4j-api-1.7.30.jar with timestamp 1674979336293
[2023-01-29T08:02:18.107+0000] {spark_submit.py:495} INFO - 23/01/29 08:02:18 INFO Utils: Fetching spark://15c99fd3082a:33071/jars/org.slf4j_slf4j-api-1.7.30.jar to /tmp/spark-aaba71f5-b464-42f4-8f97-482096205a2c/userFiles-0ea4dbc7-4162-4834-af3a-1c98f2ef1714/fetchFileTemp10612788545436699036.tmp
[2023-01-29T08:02:18.108+0000] {spark_submit.py:495} INFO - 23/01/29 08:02:18 INFO Utils: /tmp/spark-aaba71f5-b464-42f4-8f97-482096205a2c/userFiles-0ea4dbc7-4162-4834-af3a-1c98f2ef1714/fetchFileTemp10612788545436699036.tmp has been previously copied to /tmp/spark-aaba71f5-b464-42f4-8f97-482096205a2c/userFiles-0ea4dbc7-4162-4834-af3a-1c98f2ef1714/org.slf4j_slf4j-api-1.7.30.jar
[2023-01-29T08:02:18.110+0000] {spark_submit.py:495} INFO - 23/01/29 08:02:18 INFO Executor: Adding file:/tmp/spark-aaba71f5-b464-42f4-8f97-482096205a2c/userFiles-0ea4dbc7-4162-4834-af3a-1c98f2ef1714/org.slf4j_slf4j-api-1.7.30.jar to class loader
[2023-01-29T08:02:18.111+0000] {spark_submit.py:495} INFO - 23/01/29 08:02:18 INFO Executor: Fetching spark://15c99fd3082a:33071/jars/org.mongodb_bson-4.0.5.jar with timestamp 1674979336293
[2023-01-29T08:02:18.111+0000] {spark_submit.py:495} INFO - 23/01/29 08:02:18 INFO Utils: Fetching spark://15c99fd3082a:33071/jars/org.mongodb_bson-4.0.5.jar to /tmp/spark-aaba71f5-b464-42f4-8f97-482096205a2c/userFiles-0ea4dbc7-4162-4834-af3a-1c98f2ef1714/fetchFileTemp7203902792726200718.tmp
[2023-01-29T08:02:18.113+0000] {spark_submit.py:495} INFO - 23/01/29 08:02:18 INFO Utils: /tmp/spark-aaba71f5-b464-42f4-8f97-482096205a2c/userFiles-0ea4dbc7-4162-4834-af3a-1c98f2ef1714/fetchFileTemp7203902792726200718.tmp has been previously copied to /tmp/spark-aaba71f5-b464-42f4-8f97-482096205a2c/userFiles-0ea4dbc7-4162-4834-af3a-1c98f2ef1714/org.mongodb_bson-4.0.5.jar
[2023-01-29T08:02:18.116+0000] {spark_submit.py:495} INFO - 23/01/29 08:02:18 INFO Executor: Adding file:/tmp/spark-aaba71f5-b464-42f4-8f97-482096205a2c/userFiles-0ea4dbc7-4162-4834-af3a-1c98f2ef1714/org.mongodb_bson-4.0.5.jar to class loader
[2023-01-29T08:02:18.117+0000] {spark_submit.py:495} INFO - 23/01/29 08:02:18 INFO Executor: Fetching spark://15c99fd3082a:33071/jars/org.mongodb.spark_mongo-spark-connector_2.12-3.0.1.jar with timestamp 1674979336293
[2023-01-29T08:02:18.117+0000] {spark_submit.py:495} INFO - 23/01/29 08:02:18 INFO Utils: Fetching spark://15c99fd3082a:33071/jars/org.mongodb.spark_mongo-spark-connector_2.12-3.0.1.jar to /tmp/spark-aaba71f5-b464-42f4-8f97-482096205a2c/userFiles-0ea4dbc7-4162-4834-af3a-1c98f2ef1714/fetchFileTemp14133085374241202255.tmp
[2023-01-29T08:02:18.119+0000] {spark_submit.py:495} INFO - 23/01/29 08:02:18 INFO Utils: /tmp/spark-aaba71f5-b464-42f4-8f97-482096205a2c/userFiles-0ea4dbc7-4162-4834-af3a-1c98f2ef1714/fetchFileTemp14133085374241202255.tmp has been previously copied to /tmp/spark-aaba71f5-b464-42f4-8f97-482096205a2c/userFiles-0ea4dbc7-4162-4834-af3a-1c98f2ef1714/org.mongodb.spark_mongo-spark-connector_2.12-3.0.1.jar
[2023-01-29T08:02:18.123+0000] {spark_submit.py:495} INFO - 23/01/29 08:02:18 INFO Executor: Adding file:/tmp/spark-aaba71f5-b464-42f4-8f97-482096205a2c/userFiles-0ea4dbc7-4162-4834-af3a-1c98f2ef1714/org.mongodb.spark_mongo-spark-connector_2.12-3.0.1.jar to class loader
[2023-01-29T08:02:18.123+0000] {spark_submit.py:495} INFO - 23/01/29 08:02:18 INFO Executor: Fetching spark://15c99fd3082a:33071/jars/org.apache.commons_commons-pool2-2.6.2.jar with timestamp 1674979336293
[2023-01-29T08:02:18.123+0000] {spark_submit.py:495} INFO - 23/01/29 08:02:18 INFO Utils: Fetching spark://15c99fd3082a:33071/jars/org.apache.commons_commons-pool2-2.6.2.jar to /tmp/spark-aaba71f5-b464-42f4-8f97-482096205a2c/userFiles-0ea4dbc7-4162-4834-af3a-1c98f2ef1714/fetchFileTemp10546918007052653424.tmp
[2023-01-29T08:02:18.124+0000] {spark_submit.py:495} INFO - 23/01/29 08:02:18 INFO Utils: /tmp/spark-aaba71f5-b464-42f4-8f97-482096205a2c/userFiles-0ea4dbc7-4162-4834-af3a-1c98f2ef1714/fetchFileTemp10546918007052653424.tmp has been previously copied to /tmp/spark-aaba71f5-b464-42f4-8f97-482096205a2c/userFiles-0ea4dbc7-4162-4834-af3a-1c98f2ef1714/org.apache.commons_commons-pool2-2.6.2.jar
[2023-01-29T08:02:18.127+0000] {spark_submit.py:495} INFO - 23/01/29 08:02:18 INFO Executor: Adding file:/tmp/spark-aaba71f5-b464-42f4-8f97-482096205a2c/userFiles-0ea4dbc7-4162-4834-af3a-1c98f2ef1714/org.apache.commons_commons-pool2-2.6.2.jar to class loader
[2023-01-29T08:02:18.127+0000] {spark_submit.py:495} INFO - 23/01/29 08:02:18 INFO Executor: Fetching spark://15c99fd3082a:33071/jars/org.mongodb_mongodb-driver-sync-4.0.5.jar with timestamp 1674979336293
[2023-01-29T08:02:18.128+0000] {spark_submit.py:495} INFO - 23/01/29 08:02:18 INFO Utils: Fetching spark://15c99fd3082a:33071/jars/org.mongodb_mongodb-driver-sync-4.0.5.jar to /tmp/spark-aaba71f5-b464-42f4-8f97-482096205a2c/userFiles-0ea4dbc7-4162-4834-af3a-1c98f2ef1714/fetchFileTemp10864729957834704547.tmp
[2023-01-29T08:02:18.129+0000] {spark_submit.py:495} INFO - 23/01/29 08:02:18 INFO Utils: /tmp/spark-aaba71f5-b464-42f4-8f97-482096205a2c/userFiles-0ea4dbc7-4162-4834-af3a-1c98f2ef1714/fetchFileTemp10864729957834704547.tmp has been previously copied to /tmp/spark-aaba71f5-b464-42f4-8f97-482096205a2c/userFiles-0ea4dbc7-4162-4834-af3a-1c98f2ef1714/org.mongodb_mongodb-driver-sync-4.0.5.jar
[2023-01-29T08:02:18.133+0000] {spark_submit.py:495} INFO - 23/01/29 08:02:18 INFO Executor: Adding file:/tmp/spark-aaba71f5-b464-42f4-8f97-482096205a2c/userFiles-0ea4dbc7-4162-4834-af3a-1c98f2ef1714/org.mongodb_mongodb-driver-sync-4.0.5.jar to class loader
[2023-01-29T08:02:18.134+0000] {spark_submit.py:495} INFO - 23/01/29 08:02:18 INFO Executor: Fetching spark://15c99fd3082a:33071/jars/org.lz4_lz4-java-1.7.1.jar with timestamp 1674979336293
[2023-01-29T08:02:18.134+0000] {spark_submit.py:495} INFO - 23/01/29 08:02:18 INFO Utils: Fetching spark://15c99fd3082a:33071/jars/org.lz4_lz4-java-1.7.1.jar to /tmp/spark-aaba71f5-b464-42f4-8f97-482096205a2c/userFiles-0ea4dbc7-4162-4834-af3a-1c98f2ef1714/fetchFileTemp17333590152082022514.tmp
[2023-01-29T08:02:18.136+0000] {spark_submit.py:495} INFO - 23/01/29 08:02:18 INFO Utils: /tmp/spark-aaba71f5-b464-42f4-8f97-482096205a2c/userFiles-0ea4dbc7-4162-4834-af3a-1c98f2ef1714/fetchFileTemp17333590152082022514.tmp has been previously copied to /tmp/spark-aaba71f5-b464-42f4-8f97-482096205a2c/userFiles-0ea4dbc7-4162-4834-af3a-1c98f2ef1714/org.lz4_lz4-java-1.7.1.jar
[2023-01-29T08:02:18.140+0000] {spark_submit.py:495} INFO - 23/01/29 08:02:18 INFO Executor: Adding file:/tmp/spark-aaba71f5-b464-42f4-8f97-482096205a2c/userFiles-0ea4dbc7-4162-4834-af3a-1c98f2ef1714/org.lz4_lz4-java-1.7.1.jar to class loader
[2023-01-29T08:02:18.145+0000] {spark_submit.py:495} INFO - 23/01/29 08:02:18 INFO Utils: Successfully started service 'org.apache.spark.network.netty.NettyBlockTransferService' on port 37309.
[2023-01-29T08:02:18.145+0000] {spark_submit.py:495} INFO - 23/01/29 08:02:18 INFO NettyBlockTransferService: Server created on 15c99fd3082a:37309
[2023-01-29T08:02:18.146+0000] {spark_submit.py:495} INFO - 23/01/29 08:02:18 INFO BlockManager: Using org.apache.spark.storage.RandomBlockReplicationPolicy for block replication policy
[2023-01-29T08:02:18.158+0000] {spark_submit.py:495} INFO - 23/01/29 08:02:18 INFO BlockManagerMaster: Registering BlockManager BlockManagerId(driver, 15c99fd3082a, 37309, None)
[2023-01-29T08:02:18.161+0000] {spark_submit.py:495} INFO - 23/01/29 08:02:18 INFO BlockManagerMasterEndpoint: Registering block manager 15c99fd3082a:37309 with 434.4 MiB RAM, BlockManagerId(driver, 15c99fd3082a, 37309, None)
[2023-01-29T08:02:18.173+0000] {spark_submit.py:495} INFO - 23/01/29 08:02:18 INFO BlockManagerMaster: Registered BlockManager BlockManagerId(driver, 15c99fd3082a, 37309, None)
[2023-01-29T08:02:18.173+0000] {spark_submit.py:495} INFO - 23/01/29 08:02:18 INFO BlockManager: Initialized BlockManager: BlockManagerId(driver, 15c99fd3082a, 37309, None)
[2023-01-29T08:02:21.027+0000] {spark_submit.py:495} INFO - Traceback (most recent call last):
[2023-01-29T08:02:21.027+0000] {spark_submit.py:495} INFO - File "/opt/***/dags/consumerSpark.py", line 107, in <module>
[2023-01-29T08:02:21.028+0000] {spark_submit.py:495} INFO - .option("truncate") \
[2023-01-29T08:02:21.028+0000] {spark_submit.py:495} INFO - TypeError: option() missing 1 required positional argument: 'value'
[2023-01-29T08:02:21.214+0000] {taskinstance.py:1772} ERROR - Task failed with exception
Traceback (most recent call last):
  File "/home/airflow/.local/lib/python3.7/site-packages/airflow/providers/apache/spark/operators/spark_submit.py", line 157, in execute
    self._hook.submit(self._application)
  File "/home/airflow/.local/lib/python3.7/site-packages/airflow/providers/apache/spark/hooks/spark_submit.py", line 427, in submit
    f"Cannot execute: {self._mask_cmd(spark_submit_cmd)}. Error code is: {returncode}."
airflow.exceptions.AirflowException: Cannot execute: spark-submit --master spark://tomi-H310:7077 --packages org.apache.spark:spark-sql-kafka-0-10_2.12:3.1.3,org.mongodb.spark:mongo-spark-connector_2.12:3.0.1 --name arrow-spark --queue root.default /opt/***/dags/consumerSpark.py. Error code is: 1.
[2023-01-29T08:02:21.220+0000] {taskinstance.py:1327} INFO - Marking task as UP_FOR_RETRY. dag_id=Streaming_pipeline_meli, task_id=consumer_data_of_topic, execution_date=20230127T184927, start_date=20230129T080212, end_date=20230129T080221
[2023-01-29T08:02:21.233+0000] {standard_task_runner.py:105} ERROR - Failed to execute job 1194 for task consumer_data_of_topic (Cannot execute: spark-submit --master spark://tomi-H310:7077 --packages org.apache.spark:spark-sql-kafka-0-10_2.12:3.1.3,org.mongodb.spark:mongo-spark-connector_2.12:3.0.1 --name arrow-spark --queue root.default /opt/***/dags/consumerSpark.py. Error code is: 1.; 16683)
[2023-01-29T08:02:21.255+0000] {local_task_job.py:159} INFO - Task exited with return code 1
[2023-01-29T08:02:21.269+0000] {taskinstance.py:2582} INFO - 0 downstream tasks scheduled from follow-on schedule check
