[2023-01-30T17:37:20.330+0000] {taskinstance.py:1087} INFO - Dependencies all met for <TaskInstance: Streaming_pipeline_meli.consumer_data_of_topic manual__2023-01-27T18:49:27.597637+00:00 [queued]>
[2023-01-30T17:37:20.340+0000] {taskinstance.py:1087} INFO - Dependencies all met for <TaskInstance: Streaming_pipeline_meli.consumer_data_of_topic manual__2023-01-27T18:49:27.597637+00:00 [queued]>
[2023-01-30T17:37:20.340+0000] {taskinstance.py:1283} INFO - 
--------------------------------------------------------------------------------
[2023-01-30T17:37:20.340+0000] {taskinstance.py:1284} INFO - Starting attempt 56 of 61
[2023-01-30T17:37:20.340+0000] {taskinstance.py:1285} INFO - 
--------------------------------------------------------------------------------
[2023-01-30T17:37:20.353+0000] {taskinstance.py:1304} INFO - Executing <Task(SparkSubmitOperator): consumer_data_of_topic> on 2023-01-27 18:49:27.597637+00:00
[2023-01-30T17:37:20.358+0000] {standard_task_runner.py:55} INFO - Started process 8251 to run task
[2023-01-30T17:37:20.361+0000] {standard_task_runner.py:82} INFO - Running: ['***', 'tasks', 'run', 'Streaming_pipeline_meli', 'consumer_data_of_topic', 'manual__2023-01-27T18:49:27.597637+00:00', '--job-id', '1226', '--raw', '--subdir', 'DAGS_FOLDER/streamPipeline.py', '--cfg-path', '/tmp/tmpi17grf_2']
[2023-01-30T17:37:20.361+0000] {standard_task_runner.py:83} INFO - Job 1226: Subtask consumer_data_of_topic
[2023-01-30T17:37:20.439+0000] {task_command.py:389} INFO - Running <TaskInstance: Streaming_pipeline_meli.consumer_data_of_topic manual__2023-01-27T18:49:27.597637+00:00 [running]> on host 15c99fd3082a
[2023-01-30T17:37:20.527+0000] {taskinstance.py:1513} INFO - Exporting the following env vars:
AIRFLOW_CTX_DAG_OWNER=***
AIRFLOW_CTX_DAG_ID=Streaming_pipeline_meli
AIRFLOW_CTX_TASK_ID=consumer_data_of_topic
AIRFLOW_CTX_EXECUTION_DATE=2023-01-27T18:49:27.597637+00:00
AIRFLOW_CTX_TRY_NUMBER=56
AIRFLOW_CTX_DAG_RUN_ID=manual__2023-01-27T18:49:27.597637+00:00
[2023-01-30T17:37:20.547+0000] {base.py:73} INFO - Using connection ID 'spark_default' for task execution.
[2023-01-30T17:37:20.548+0000] {spark_submit.py:344} INFO - Spark-Submit cmd: spark-submit --master spark://tomi-H310:7077 --packages org.apache.spark:spark-sql-kafka-0-10_2.12:3.1.3,org.mongodb.spark:mongo-spark-connector_2.12:3.0.1 --name arrow-spark --queue root.default /opt/***/dags/consumerSpark.py
[2023-01-30T17:37:20.676+0000] {spark_submit.py:495} INFO - /home/***/.local/lib/python3.7/site-packages/pyspark/bin/load-spark-env.sh: line 68: ps: command not found
[2023-01-30T17:37:22.221+0000] {spark_submit.py:495} INFO - :: loading settings :: url = jar:file:/home/***/.local/lib/python3.7/site-packages/pyspark/jars/ivy-2.5.0.jar!/org/apache/ivy/core/settings/ivysettings.xml
[2023-01-30T17:37:22.280+0000] {spark_submit.py:495} INFO - Ivy Default Cache set to: /home/***/.ivy2/cache
[2023-01-30T17:37:22.281+0000] {spark_submit.py:495} INFO - The jars for the packages stored in: /home/***/.ivy2/jars
[2023-01-30T17:37:22.285+0000] {spark_submit.py:495} INFO - org.apache.spark#spark-sql-kafka-0-10_2.12 added as a dependency
[2023-01-30T17:37:22.285+0000] {spark_submit.py:495} INFO - org.mongodb.spark#mongo-spark-connector_2.12 added as a dependency
[2023-01-30T17:37:22.286+0000] {spark_submit.py:495} INFO - :: resolving dependencies :: org.apache.spark#spark-submit-parent-1a02c034-1a97-4f0e-8070-958113a28b66;1.0
[2023-01-30T17:37:22.286+0000] {spark_submit.py:495} INFO - confs: [default]
[2023-01-30T17:37:22.421+0000] {spark_submit.py:495} INFO - found org.apache.spark#spark-sql-kafka-0-10_2.12;3.1.3 in central
[2023-01-30T17:37:22.469+0000] {spark_submit.py:495} INFO - found org.apache.spark#spark-token-provider-kafka-0-10_2.12;3.1.3 in central
[2023-01-30T17:37:22.490+0000] {spark_submit.py:495} INFO - found org.apache.kafka#kafka-clients;2.6.0 in central
[2023-01-30T17:37:22.512+0000] {spark_submit.py:495} INFO - found com.github.luben#zstd-jni;1.4.8-1 in central
[2023-01-30T17:37:22.528+0000] {spark_submit.py:495} INFO - found org.lz4#lz4-java;1.7.1 in central
[2023-01-30T17:37:22.542+0000] {spark_submit.py:495} INFO - found org.xerial.snappy#snappy-java;1.1.8.2 in central
[2023-01-30T17:37:22.555+0000] {spark_submit.py:495} INFO - found org.slf4j#slf4j-api;1.7.30 in central
[2023-01-30T17:37:22.566+0000] {spark_submit.py:495} INFO - found org.spark-project.spark#unused;1.0.0 in central
[2023-01-30T17:37:22.578+0000] {spark_submit.py:495} INFO - found org.apache.commons#commons-pool2;2.6.2 in central
[2023-01-30T17:37:22.588+0000] {spark_submit.py:495} INFO - found org.mongodb.spark#mongo-spark-connector_2.12;3.0.1 in central
[2023-01-30T17:37:22.597+0000] {spark_submit.py:495} INFO - found org.mongodb#mongodb-driver-sync;4.0.5 in central
[2023-01-30T17:37:22.606+0000] {spark_submit.py:495} INFO - found org.mongodb#bson;4.0.5 in central
[2023-01-30T17:37:22.614+0000] {spark_submit.py:495} INFO - found org.mongodb#mongodb-driver-core;4.0.5 in central
[2023-01-30T17:37:22.637+0000] {spark_submit.py:495} INFO - :: resolution report :: resolve 338ms :: artifacts dl 13ms
[2023-01-30T17:37:22.637+0000] {spark_submit.py:495} INFO - :: modules in use:
[2023-01-30T17:37:22.637+0000] {spark_submit.py:495} INFO - com.github.luben#zstd-jni;1.4.8-1 from central in [default]
[2023-01-30T17:37:22.637+0000] {spark_submit.py:495} INFO - org.apache.commons#commons-pool2;2.6.2 from central in [default]
[2023-01-30T17:37:22.637+0000] {spark_submit.py:495} INFO - org.apache.kafka#kafka-clients;2.6.0 from central in [default]
[2023-01-30T17:37:22.637+0000] {spark_submit.py:495} INFO - org.apache.spark#spark-sql-kafka-0-10_2.12;3.1.3 from central in [default]
[2023-01-30T17:37:22.638+0000] {spark_submit.py:495} INFO - org.apache.spark#spark-token-provider-kafka-0-10_2.12;3.1.3 from central in [default]
[2023-01-30T17:37:22.638+0000] {spark_submit.py:495} INFO - org.lz4#lz4-java;1.7.1 from central in [default]
[2023-01-30T17:37:22.638+0000] {spark_submit.py:495} INFO - org.mongodb#bson;4.0.5 from central in [default]
[2023-01-30T17:37:22.638+0000] {spark_submit.py:495} INFO - org.mongodb#mongodb-driver-core;4.0.5 from central in [default]
[2023-01-30T17:37:22.638+0000] {spark_submit.py:495} INFO - org.mongodb#mongodb-driver-sync;4.0.5 from central in [default]
[2023-01-30T17:37:22.638+0000] {spark_submit.py:495} INFO - org.mongodb.spark#mongo-spark-connector_2.12;3.0.1 from central in [default]
[2023-01-30T17:37:22.638+0000] {spark_submit.py:495} INFO - org.slf4j#slf4j-api;1.7.30 from central in [default]
[2023-01-30T17:37:22.638+0000] {spark_submit.py:495} INFO - org.spark-project.spark#unused;1.0.0 from central in [default]
[2023-01-30T17:37:22.639+0000] {spark_submit.py:495} INFO - org.xerial.snappy#snappy-java;1.1.8.2 from central in [default]
[2023-01-30T17:37:22.639+0000] {spark_submit.py:495} INFO - ---------------------------------------------------------------------
[2023-01-30T17:37:22.639+0000] {spark_submit.py:495} INFO - |                  |            modules            ||   artifacts   |
[2023-01-30T17:37:22.639+0000] {spark_submit.py:495} INFO - |       conf       | number| search|dwnlded|evicted|| number|dwnlded|
[2023-01-30T17:37:22.639+0000] {spark_submit.py:495} INFO - ---------------------------------------------------------------------
[2023-01-30T17:37:22.639+0000] {spark_submit.py:495} INFO - |      default     |   13  |   0   |   0   |   0   ||   13  |   0   |
[2023-01-30T17:37:22.639+0000] {spark_submit.py:495} INFO - ---------------------------------------------------------------------
[2023-01-30T17:37:22.642+0000] {spark_submit.py:495} INFO - :: retrieving :: org.apache.spark#spark-submit-parent-1a02c034-1a97-4f0e-8070-958113a28b66
[2023-01-30T17:37:22.643+0000] {spark_submit.py:495} INFO - confs: [default]
[2023-01-30T17:37:22.649+0000] {spark_submit.py:495} INFO - 0 artifacts copied, 13 already retrieved (0kB/7ms)
[2023-01-30T17:37:22.834+0000] {spark_submit.py:495} INFO - 23/01/30 17:37:22 WARN NativeCodeLoader: Unable to load native-hadoop library for your platform... using builtin-java classes where applicable
[2023-01-30T17:37:23.873+0000] {spark_submit.py:495} INFO - 23/01/30 17:37:23 INFO SparkContext: Running Spark version 3.3.1
[2023-01-30T17:37:23.942+0000] {spark_submit.py:495} INFO - 23/01/30 17:37:23 INFO ResourceUtils: ==============================================================
[2023-01-30T17:37:23.943+0000] {spark_submit.py:495} INFO - 23/01/30 17:37:23 INFO ResourceUtils: No custom resources configured for spark.driver.
[2023-01-30T17:37:23.944+0000] {spark_submit.py:495} INFO - 23/01/30 17:37:23 INFO ResourceUtils: ==============================================================
[2023-01-30T17:37:23.944+0000] {spark_submit.py:495} INFO - 23/01/30 17:37:23 INFO SparkContext: Submitted application: arrow-spark
[2023-01-30T17:37:23.978+0000] {spark_submit.py:495} INFO - 23/01/30 17:37:23 INFO ResourceProfile: Default ResourceProfile created, executor resources: Map(cores -> name: cores, amount: 1, script: , vendor: , memory -> name: memory, amount: 1024, script: , vendor: , offHeap -> name: offHeap, amount: 0, script: , vendor: ), task resources: Map(cpus -> name: cpus, amount: 1.0)
[2023-01-30T17:37:24.026+0000] {spark_submit.py:495} INFO - 23/01/30 17:37:24 INFO ResourceProfile: Limiting resource is cpu
[2023-01-30T17:37:24.026+0000] {spark_submit.py:495} INFO - 23/01/30 17:37:24 INFO ResourceProfileManager: Added ResourceProfile id: 0
[2023-01-30T17:37:24.144+0000] {spark_submit.py:495} INFO - 23/01/30 17:37:24 INFO SecurityManager: Changing view acls to: default
[2023-01-30T17:37:24.144+0000] {spark_submit.py:495} INFO - 23/01/30 17:37:24 INFO SecurityManager: Changing modify acls to: default
[2023-01-30T17:37:24.144+0000] {spark_submit.py:495} INFO - 23/01/30 17:37:24 INFO SecurityManager: Changing view acls groups to:
[2023-01-30T17:37:24.144+0000] {spark_submit.py:495} INFO - 23/01/30 17:37:24 INFO SecurityManager: Changing modify acls groups to:
[2023-01-30T17:37:24.144+0000] {spark_submit.py:495} INFO - 23/01/30 17:37:24 INFO SecurityManager: SecurityManager: authentication disabled; ui acls disabled; users  with view permissions: Set(default); groups with view permissions: Set(); users  with modify permissions: Set(default); groups with modify permissions: Set()
[2023-01-30T17:37:24.677+0000] {spark_submit.py:495} INFO - 23/01/30 17:37:24 INFO Utils: Successfully started service 'sparkDriver' on port 38769.
[2023-01-30T17:37:24.776+0000] {spark_submit.py:495} INFO - 23/01/30 17:37:24 INFO SparkEnv: Registering MapOutputTracker
[2023-01-30T17:37:24.840+0000] {spark_submit.py:495} INFO - 23/01/30 17:37:24 INFO SparkEnv: Registering BlockManagerMaster
[2023-01-30T17:37:24.856+0000] {spark_submit.py:495} INFO - 23/01/30 17:37:24 INFO BlockManagerMasterEndpoint: Using org.apache.spark.storage.DefaultTopologyMapper for getting topology information
[2023-01-30T17:37:24.856+0000] {spark_submit.py:495} INFO - 23/01/30 17:37:24 INFO BlockManagerMasterEndpoint: BlockManagerMasterEndpoint up
[2023-01-30T17:37:24.879+0000] {spark_submit.py:495} INFO - 23/01/30 17:37:24 INFO SparkEnv: Registering BlockManagerMasterHeartbeat
[2023-01-30T17:37:24.914+0000] {spark_submit.py:495} INFO - 23/01/30 17:37:24 INFO DiskBlockManager: Created local directory at /tmp/blockmgr-777c9def-e069-492d-8d52-9e87808dab1c
[2023-01-30T17:37:24.936+0000] {spark_submit.py:495} INFO - 23/01/30 17:37:24 INFO MemoryStore: MemoryStore started with capacity 434.4 MiB
[2023-01-30T17:37:24.960+0000] {spark_submit.py:495} INFO - 23/01/30 17:37:24 INFO SparkEnv: Registering OutputCommitCoordinator
[2023-01-30T17:37:25.501+0000] {spark_submit.py:495} INFO - 23/01/30 17:37:25 INFO Utils: Successfully started service 'SparkUI' on port 4040.
[2023-01-30T17:37:25.596+0000] {spark_submit.py:495} INFO - 23/01/30 17:37:25 INFO SparkContext: Added JAR file:///home/***/.ivy2/jars/org.apache.spark_spark-sql-kafka-0-10_2.12-3.1.3.jar at spark://15c99fd3082a:38769/jars/org.apache.spark_spark-sql-kafka-0-10_2.12-3.1.3.jar with timestamp 1675100243857
[2023-01-30T17:37:25.604+0000] {spark_submit.py:495} INFO - 23/01/30 17:37:25 INFO SparkContext: Added JAR file:///home/***/.ivy2/jars/org.mongodb.spark_mongo-spark-connector_2.12-3.0.1.jar at spark://15c99fd3082a:38769/jars/org.mongodb.spark_mongo-spark-connector_2.12-3.0.1.jar with timestamp 1675100243857
[2023-01-30T17:37:25.604+0000] {spark_submit.py:495} INFO - 23/01/30 17:37:25 INFO SparkContext: Added JAR file:///home/***/.ivy2/jars/org.apache.spark_spark-token-provider-kafka-0-10_2.12-3.1.3.jar at spark://15c99fd3082a:38769/jars/org.apache.spark_spark-token-provider-kafka-0-10_2.12-3.1.3.jar with timestamp 1675100243857
[2023-01-30T17:37:25.605+0000] {spark_submit.py:495} INFO - 23/01/30 17:37:25 INFO SparkContext: Added JAR file:///home/***/.ivy2/jars/org.apache.kafka_kafka-clients-2.6.0.jar at spark://15c99fd3082a:38769/jars/org.apache.kafka_kafka-clients-2.6.0.jar with timestamp 1675100243857
[2023-01-30T17:37:25.605+0000] {spark_submit.py:495} INFO - 23/01/30 17:37:25 INFO SparkContext: Added JAR file:///home/***/.ivy2/jars/org.apache.commons_commons-pool2-2.6.2.jar at spark://15c99fd3082a:38769/jars/org.apache.commons_commons-pool2-2.6.2.jar with timestamp 1675100243857
[2023-01-30T17:37:25.605+0000] {spark_submit.py:495} INFO - 23/01/30 17:37:25 INFO SparkContext: Added JAR file:///home/***/.ivy2/jars/org.spark-project.spark_unused-1.0.0.jar at spark://15c99fd3082a:38769/jars/org.spark-project.spark_unused-1.0.0.jar with timestamp 1675100243857
[2023-01-30T17:37:25.605+0000] {spark_submit.py:495} INFO - 23/01/30 17:37:25 INFO SparkContext: Added JAR file:///home/***/.ivy2/jars/com.github.luben_zstd-jni-1.4.8-1.jar at spark://15c99fd3082a:38769/jars/com.github.luben_zstd-jni-1.4.8-1.jar with timestamp 1675100243857
[2023-01-30T17:37:25.605+0000] {spark_submit.py:495} INFO - 23/01/30 17:37:25 INFO SparkContext: Added JAR file:///home/***/.ivy2/jars/org.lz4_lz4-java-1.7.1.jar at spark://15c99fd3082a:38769/jars/org.lz4_lz4-java-1.7.1.jar with timestamp 1675100243857
[2023-01-30T17:37:25.605+0000] {spark_submit.py:495} INFO - 23/01/30 17:37:25 INFO SparkContext: Added JAR file:///home/***/.ivy2/jars/org.xerial.snappy_snappy-java-1.1.8.2.jar at spark://15c99fd3082a:38769/jars/org.xerial.snappy_snappy-java-1.1.8.2.jar with timestamp 1675100243857
[2023-01-30T17:37:25.605+0000] {spark_submit.py:495} INFO - 23/01/30 17:37:25 INFO SparkContext: Added JAR file:///home/***/.ivy2/jars/org.slf4j_slf4j-api-1.7.30.jar at spark://15c99fd3082a:38769/jars/org.slf4j_slf4j-api-1.7.30.jar with timestamp 1675100243857
[2023-01-30T17:37:25.606+0000] {spark_submit.py:495} INFO - 23/01/30 17:37:25 INFO SparkContext: Added JAR file:///home/***/.ivy2/jars/org.mongodb_mongodb-driver-sync-4.0.5.jar at spark://15c99fd3082a:38769/jars/org.mongodb_mongodb-driver-sync-4.0.5.jar with timestamp 1675100243857
[2023-01-30T17:37:25.606+0000] {spark_submit.py:495} INFO - 23/01/30 17:37:25 INFO SparkContext: Added JAR file:///home/***/.ivy2/jars/org.mongodb_bson-4.0.5.jar at spark://15c99fd3082a:38769/jars/org.mongodb_bson-4.0.5.jar with timestamp 1675100243857
[2023-01-30T17:37:25.606+0000] {spark_submit.py:495} INFO - 23/01/30 17:37:25 INFO SparkContext: Added JAR file:///home/***/.ivy2/jars/org.mongodb_mongodb-driver-core-4.0.5.jar at spark://15c99fd3082a:38769/jars/org.mongodb_mongodb-driver-core-4.0.5.jar with timestamp 1675100243857
[2023-01-30T17:37:25.609+0000] {spark_submit.py:495} INFO - 23/01/30 17:37:25 INFO SparkContext: Added file file:///home/***/.ivy2/jars/org.apache.spark_spark-sql-kafka-0-10_2.12-3.1.3.jar at file:///home/***/.ivy2/jars/org.apache.spark_spark-sql-kafka-0-10_2.12-3.1.3.jar with timestamp 1675100243857
[2023-01-30T17:37:25.614+0000] {spark_submit.py:495} INFO - 23/01/30 17:37:25 INFO Utils: Copying /home/***/.ivy2/jars/org.apache.spark_spark-sql-kafka-0-10_2.12-3.1.3.jar to /tmp/spark-45271da7-909e-4ee1-a05e-a88ee95c5085/userFiles-e5a89577-a6be-47f3-9dbd-414278ce50d6/org.apache.spark_spark-sql-kafka-0-10_2.12-3.1.3.jar
[2023-01-30T17:37:25.653+0000] {spark_submit.py:495} INFO - 23/01/30 17:37:25 INFO SparkContext: Added file file:///home/***/.ivy2/jars/org.mongodb.spark_mongo-spark-connector_2.12-3.0.1.jar at file:///home/***/.ivy2/jars/org.mongodb.spark_mongo-spark-connector_2.12-3.0.1.jar with timestamp 1675100243857
[2023-01-30T17:37:25.654+0000] {spark_submit.py:495} INFO - 23/01/30 17:37:25 INFO Utils: Copying /home/***/.ivy2/jars/org.mongodb.spark_mongo-spark-connector_2.12-3.0.1.jar to /tmp/spark-45271da7-909e-4ee1-a05e-a88ee95c5085/userFiles-e5a89577-a6be-47f3-9dbd-414278ce50d6/org.mongodb.spark_mongo-spark-connector_2.12-3.0.1.jar
[2023-01-30T17:37:25.662+0000] {spark_submit.py:495} INFO - 23/01/30 17:37:25 INFO SparkContext: Added file file:///home/***/.ivy2/jars/org.apache.spark_spark-token-provider-kafka-0-10_2.12-3.1.3.jar at file:///home/***/.ivy2/jars/org.apache.spark_spark-token-provider-kafka-0-10_2.12-3.1.3.jar with timestamp 1675100243857
[2023-01-30T17:37:25.662+0000] {spark_submit.py:495} INFO - 23/01/30 17:37:25 INFO Utils: Copying /home/***/.ivy2/jars/org.apache.spark_spark-token-provider-kafka-0-10_2.12-3.1.3.jar to /tmp/spark-45271da7-909e-4ee1-a05e-a88ee95c5085/userFiles-e5a89577-a6be-47f3-9dbd-414278ce50d6/org.apache.spark_spark-token-provider-kafka-0-10_2.12-3.1.3.jar
[2023-01-30T17:37:25.686+0000] {spark_submit.py:495} INFO - 23/01/30 17:37:25 INFO SparkContext: Added file file:///home/***/.ivy2/jars/org.apache.kafka_kafka-clients-2.6.0.jar at file:///home/***/.ivy2/jars/org.apache.kafka_kafka-clients-2.6.0.jar with timestamp 1675100243857
[2023-01-30T17:37:25.688+0000] {spark_submit.py:495} INFO - 23/01/30 17:37:25 INFO Utils: Copying /home/***/.ivy2/jars/org.apache.kafka_kafka-clients-2.6.0.jar to /tmp/spark-45271da7-909e-4ee1-a05e-a88ee95c5085/userFiles-e5a89577-a6be-47f3-9dbd-414278ce50d6/org.apache.kafka_kafka-clients-2.6.0.jar
[2023-01-30T17:37:25.692+0000] {spark_submit.py:495} INFO - 23/01/30 17:37:25 INFO SparkContext: Added file file:///home/***/.ivy2/jars/org.apache.commons_commons-pool2-2.6.2.jar at file:///home/***/.ivy2/jars/org.apache.commons_commons-pool2-2.6.2.jar with timestamp 1675100243857
[2023-01-30T17:37:25.696+0000] {spark_submit.py:495} INFO - 23/01/30 17:37:25 INFO Utils: Copying /home/***/.ivy2/jars/org.apache.commons_commons-pool2-2.6.2.jar to /tmp/spark-45271da7-909e-4ee1-a05e-a88ee95c5085/userFiles-e5a89577-a6be-47f3-9dbd-414278ce50d6/org.apache.commons_commons-pool2-2.6.2.jar
[2023-01-30T17:37:25.717+0000] {spark_submit.py:495} INFO - 23/01/30 17:37:25 INFO SparkContext: Added file file:///home/***/.ivy2/jars/org.spark-project.spark_unused-1.0.0.jar at file:///home/***/.ivy2/jars/org.spark-project.spark_unused-1.0.0.jar with timestamp 1675100243857
[2023-01-30T17:37:25.717+0000] {spark_submit.py:495} INFO - 23/01/30 17:37:25 INFO Utils: Copying /home/***/.ivy2/jars/org.spark-project.spark_unused-1.0.0.jar to /tmp/spark-45271da7-909e-4ee1-a05e-a88ee95c5085/userFiles-e5a89577-a6be-47f3-9dbd-414278ce50d6/org.spark-project.spark_unused-1.0.0.jar
[2023-01-30T17:37:25.725+0000] {spark_submit.py:495} INFO - 23/01/30 17:37:25 INFO SparkContext: Added file file:///home/***/.ivy2/jars/com.github.luben_zstd-jni-1.4.8-1.jar at file:///home/***/.ivy2/jars/com.github.luben_zstd-jni-1.4.8-1.jar with timestamp 1675100243857
[2023-01-30T17:37:25.728+0000] {spark_submit.py:495} INFO - 23/01/30 17:37:25 INFO Utils: Copying /home/***/.ivy2/jars/com.github.luben_zstd-jni-1.4.8-1.jar to /tmp/spark-45271da7-909e-4ee1-a05e-a88ee95c5085/userFiles-e5a89577-a6be-47f3-9dbd-414278ce50d6/com.github.luben_zstd-jni-1.4.8-1.jar
[2023-01-30T17:37:25.743+0000] {spark_submit.py:495} INFO - 23/01/30 17:37:25 INFO SparkContext: Added file file:///home/***/.ivy2/jars/org.lz4_lz4-java-1.7.1.jar at file:///home/***/.ivy2/jars/org.lz4_lz4-java-1.7.1.jar with timestamp 1675100243857
[2023-01-30T17:37:25.743+0000] {spark_submit.py:495} INFO - 23/01/30 17:37:25 INFO Utils: Copying /home/***/.ivy2/jars/org.lz4_lz4-java-1.7.1.jar to /tmp/spark-45271da7-909e-4ee1-a05e-a88ee95c5085/userFiles-e5a89577-a6be-47f3-9dbd-414278ce50d6/org.lz4_lz4-java-1.7.1.jar
[2023-01-30T17:37:25.766+0000] {spark_submit.py:495} INFO - 23/01/30 17:37:25 INFO SparkContext: Added file file:///home/***/.ivy2/jars/org.xerial.snappy_snappy-java-1.1.8.2.jar at file:///home/***/.ivy2/jars/org.xerial.snappy_snappy-java-1.1.8.2.jar with timestamp 1675100243857
[2023-01-30T17:37:25.766+0000] {spark_submit.py:495} INFO - 23/01/30 17:37:25 INFO Utils: Copying /home/***/.ivy2/jars/org.xerial.snappy_snappy-java-1.1.8.2.jar to /tmp/spark-45271da7-909e-4ee1-a05e-a88ee95c5085/userFiles-e5a89577-a6be-47f3-9dbd-414278ce50d6/org.xerial.snappy_snappy-java-1.1.8.2.jar
[2023-01-30T17:37:25.784+0000] {spark_submit.py:495} INFO - 23/01/30 17:37:25 INFO SparkContext: Added file file:///home/***/.ivy2/jars/org.slf4j_slf4j-api-1.7.30.jar at file:///home/***/.ivy2/jars/org.slf4j_slf4j-api-1.7.30.jar with timestamp 1675100243857
[2023-01-30T17:37:25.784+0000] {spark_submit.py:495} INFO - 23/01/30 17:37:25 INFO Utils: Copying /home/***/.ivy2/jars/org.slf4j_slf4j-api-1.7.30.jar to /tmp/spark-45271da7-909e-4ee1-a05e-a88ee95c5085/userFiles-e5a89577-a6be-47f3-9dbd-414278ce50d6/org.slf4j_slf4j-api-1.7.30.jar
[2023-01-30T17:37:25.821+0000] {spark_submit.py:495} INFO - 23/01/30 17:37:25 INFO SparkContext: Added file file:///home/***/.ivy2/jars/org.mongodb_mongodb-driver-sync-4.0.5.jar at file:///home/***/.ivy2/jars/org.mongodb_mongodb-driver-sync-4.0.5.jar with timestamp 1675100243857
[2023-01-30T17:37:25.821+0000] {spark_submit.py:495} INFO - 23/01/30 17:37:25 INFO Utils: Copying /home/***/.ivy2/jars/org.mongodb_mongodb-driver-sync-4.0.5.jar to /tmp/spark-45271da7-909e-4ee1-a05e-a88ee95c5085/userFiles-e5a89577-a6be-47f3-9dbd-414278ce50d6/org.mongodb_mongodb-driver-sync-4.0.5.jar
[2023-01-30T17:37:25.831+0000] {spark_submit.py:495} INFO - 23/01/30 17:37:25 INFO SparkContext: Added file file:///home/***/.ivy2/jars/org.mongodb_bson-4.0.5.jar at file:///home/***/.ivy2/jars/org.mongodb_bson-4.0.5.jar with timestamp 1675100243857
[2023-01-30T17:37:25.831+0000] {spark_submit.py:495} INFO - 23/01/30 17:37:25 INFO Utils: Copying /home/***/.ivy2/jars/org.mongodb_bson-4.0.5.jar to /tmp/spark-45271da7-909e-4ee1-a05e-a88ee95c5085/userFiles-e5a89577-a6be-47f3-9dbd-414278ce50d6/org.mongodb_bson-4.0.5.jar
[2023-01-30T17:37:25.847+0000] {spark_submit.py:495} INFO - 23/01/30 17:37:25 INFO SparkContext: Added file file:///home/***/.ivy2/jars/org.mongodb_mongodb-driver-core-4.0.5.jar at file:///home/***/.ivy2/jars/org.mongodb_mongodb-driver-core-4.0.5.jar with timestamp 1675100243857
[2023-01-30T17:37:25.848+0000] {spark_submit.py:495} INFO - 23/01/30 17:37:25 INFO Utils: Copying /home/***/.ivy2/jars/org.mongodb_mongodb-driver-core-4.0.5.jar to /tmp/spark-45271da7-909e-4ee1-a05e-a88ee95c5085/userFiles-e5a89577-a6be-47f3-9dbd-414278ce50d6/org.mongodb_mongodb-driver-core-4.0.5.jar
[2023-01-30T17:37:26.028+0000] {spark_submit.py:495} INFO - 23/01/30 17:37:26 INFO Executor: Starting executor ID driver on host 15c99fd3082a
[2023-01-30T17:37:26.044+0000] {spark_submit.py:495} INFO - 23/01/30 17:37:26 INFO Executor: Starting executor with user classpath (userClassPathFirst = false): ''
[2023-01-30T17:37:26.077+0000] {spark_submit.py:495} INFO - 23/01/30 17:37:26 INFO Executor: Fetching file:///home/***/.ivy2/jars/org.apache.spark_spark-token-provider-kafka-0-10_2.12-3.1.3.jar with timestamp 1675100243857
[2023-01-30T17:37:26.093+0000] {spark_submit.py:495} INFO - 23/01/30 17:37:26 INFO Utils: /home/***/.ivy2/jars/org.apache.spark_spark-token-provider-kafka-0-10_2.12-3.1.3.jar has been previously copied to /tmp/spark-45271da7-909e-4ee1-a05e-a88ee95c5085/userFiles-e5a89577-a6be-47f3-9dbd-414278ce50d6/org.apache.spark_spark-token-provider-kafka-0-10_2.12-3.1.3.jar
[2023-01-30T17:37:26.116+0000] {spark_submit.py:495} INFO - 23/01/30 17:37:26 INFO Executor: Fetching file:///home/***/.ivy2/jars/org.mongodb_mongodb-driver-sync-4.0.5.jar with timestamp 1675100243857
[2023-01-30T17:37:26.116+0000] {spark_submit.py:495} INFO - 23/01/30 17:37:26 INFO Utils: /home/***/.ivy2/jars/org.mongodb_mongodb-driver-sync-4.0.5.jar has been previously copied to /tmp/spark-45271da7-909e-4ee1-a05e-a88ee95c5085/userFiles-e5a89577-a6be-47f3-9dbd-414278ce50d6/org.mongodb_mongodb-driver-sync-4.0.5.jar
[2023-01-30T17:37:26.153+0000] {spark_submit.py:495} INFO - 23/01/30 17:37:26 INFO Executor: Fetching file:///home/***/.ivy2/jars/org.apache.kafka_kafka-clients-2.6.0.jar with timestamp 1675100243857
[2023-01-30T17:37:26.161+0000] {spark_submit.py:495} INFO - 23/01/30 17:37:26 INFO Utils: /home/***/.ivy2/jars/org.apache.kafka_kafka-clients-2.6.0.jar has been previously copied to /tmp/spark-45271da7-909e-4ee1-a05e-a88ee95c5085/userFiles-e5a89577-a6be-47f3-9dbd-414278ce50d6/org.apache.kafka_kafka-clients-2.6.0.jar
[2023-01-30T17:37:26.189+0000] {spark_submit.py:495} INFO - 23/01/30 17:37:26 INFO Executor: Fetching file:///home/***/.ivy2/jars/org.mongodb_bson-4.0.5.jar with timestamp 1675100243857
[2023-01-30T17:37:26.190+0000] {spark_submit.py:495} INFO - 23/01/30 17:37:26 INFO Utils: /home/***/.ivy2/jars/org.mongodb_bson-4.0.5.jar has been previously copied to /tmp/spark-45271da7-909e-4ee1-a05e-a88ee95c5085/userFiles-e5a89577-a6be-47f3-9dbd-414278ce50d6/org.mongodb_bson-4.0.5.jar
[2023-01-30T17:37:26.204+0000] {spark_submit.py:495} INFO - 23/01/30 17:37:26 INFO Executor: Fetching file:///home/***/.ivy2/jars/com.github.luben_zstd-jni-1.4.8-1.jar with timestamp 1675100243857
[2023-01-30T17:37:26.210+0000] {spark_submit.py:495} INFO - 23/01/30 17:37:26 INFO Utils: /home/***/.ivy2/jars/com.github.luben_zstd-jni-1.4.8-1.jar has been previously copied to /tmp/spark-45271da7-909e-4ee1-a05e-a88ee95c5085/userFiles-e5a89577-a6be-47f3-9dbd-414278ce50d6/com.github.luben_zstd-jni-1.4.8-1.jar
[2023-01-30T17:37:26.227+0000] {spark_submit.py:495} INFO - 23/01/30 17:37:26 INFO Executor: Fetching file:///home/***/.ivy2/jars/org.lz4_lz4-java-1.7.1.jar with timestamp 1675100243857
[2023-01-30T17:37:26.229+0000] {spark_submit.py:495} INFO - 23/01/30 17:37:26 INFO Utils: /home/***/.ivy2/jars/org.lz4_lz4-java-1.7.1.jar has been previously copied to /tmp/spark-45271da7-909e-4ee1-a05e-a88ee95c5085/userFiles-e5a89577-a6be-47f3-9dbd-414278ce50d6/org.lz4_lz4-java-1.7.1.jar
[2023-01-30T17:37:26.245+0000] {spark_submit.py:495} INFO - 23/01/30 17:37:26 INFO Executor: Fetching file:///home/***/.ivy2/jars/org.spark-project.spark_unused-1.0.0.jar with timestamp 1675100243857
[2023-01-30T17:37:26.247+0000] {spark_submit.py:495} INFO - 23/01/30 17:37:26 INFO Utils: /home/***/.ivy2/jars/org.spark-project.spark_unused-1.0.0.jar has been previously copied to /tmp/spark-45271da7-909e-4ee1-a05e-a88ee95c5085/userFiles-e5a89577-a6be-47f3-9dbd-414278ce50d6/org.spark-project.spark_unused-1.0.0.jar
[2023-01-30T17:37:26.258+0000] {spark_submit.py:495} INFO - 23/01/30 17:37:26 INFO Executor: Fetching file:///home/***/.ivy2/jars/org.xerial.snappy_snappy-java-1.1.8.2.jar with timestamp 1675100243857
[2023-01-30T17:37:26.259+0000] {spark_submit.py:495} INFO - 23/01/30 17:37:26 INFO Utils: /home/***/.ivy2/jars/org.xerial.snappy_snappy-java-1.1.8.2.jar has been previously copied to /tmp/spark-45271da7-909e-4ee1-a05e-a88ee95c5085/userFiles-e5a89577-a6be-47f3-9dbd-414278ce50d6/org.xerial.snappy_snappy-java-1.1.8.2.jar
[2023-01-30T17:37:26.275+0000] {spark_submit.py:495} INFO - 23/01/30 17:37:26 INFO Executor: Fetching file:///home/***/.ivy2/jars/org.mongodb_mongodb-driver-core-4.0.5.jar with timestamp 1675100243857
[2023-01-30T17:37:26.277+0000] {spark_submit.py:495} INFO - 23/01/30 17:37:26 INFO Utils: /home/***/.ivy2/jars/org.mongodb_mongodb-driver-core-4.0.5.jar has been previously copied to /tmp/spark-45271da7-909e-4ee1-a05e-a88ee95c5085/userFiles-e5a89577-a6be-47f3-9dbd-414278ce50d6/org.mongodb_mongodb-driver-core-4.0.5.jar
[2023-01-30T17:37:26.288+0000] {spark_submit.py:495} INFO - 23/01/30 17:37:26 INFO Executor: Fetching file:///home/***/.ivy2/jars/org.apache.spark_spark-sql-kafka-0-10_2.12-3.1.3.jar with timestamp 1675100243857
[2023-01-30T17:37:26.288+0000] {spark_submit.py:495} INFO - 23/01/30 17:37:26 INFO Utils: /home/***/.ivy2/jars/org.apache.spark_spark-sql-kafka-0-10_2.12-3.1.3.jar has been previously copied to /tmp/spark-45271da7-909e-4ee1-a05e-a88ee95c5085/userFiles-e5a89577-a6be-47f3-9dbd-414278ce50d6/org.apache.spark_spark-sql-kafka-0-10_2.12-3.1.3.jar
[2023-01-30T17:37:26.297+0000] {spark_submit.py:495} INFO - 23/01/30 17:37:26 INFO Executor: Fetching file:///home/***/.ivy2/jars/org.mongodb.spark_mongo-spark-connector_2.12-3.0.1.jar with timestamp 1675100243857
[2023-01-30T17:37:26.297+0000] {spark_submit.py:495} INFO - 23/01/30 17:37:26 INFO Utils: /home/***/.ivy2/jars/org.mongodb.spark_mongo-spark-connector_2.12-3.0.1.jar has been previously copied to /tmp/spark-45271da7-909e-4ee1-a05e-a88ee95c5085/userFiles-e5a89577-a6be-47f3-9dbd-414278ce50d6/org.mongodb.spark_mongo-spark-connector_2.12-3.0.1.jar
[2023-01-30T17:37:26.301+0000] {spark_submit.py:495} INFO - 23/01/30 17:37:26 INFO Executor: Fetching file:///home/***/.ivy2/jars/org.apache.commons_commons-pool2-2.6.2.jar with timestamp 1675100243857
[2023-01-30T17:37:26.301+0000] {spark_submit.py:495} INFO - 23/01/30 17:37:26 INFO Utils: /home/***/.ivy2/jars/org.apache.commons_commons-pool2-2.6.2.jar has been previously copied to /tmp/spark-45271da7-909e-4ee1-a05e-a88ee95c5085/userFiles-e5a89577-a6be-47f3-9dbd-414278ce50d6/org.apache.commons_commons-pool2-2.6.2.jar
[2023-01-30T17:37:26.310+0000] {spark_submit.py:495} INFO - 23/01/30 17:37:26 INFO Executor: Fetching file:///home/***/.ivy2/jars/org.slf4j_slf4j-api-1.7.30.jar with timestamp 1675100243857
[2023-01-30T17:37:26.310+0000] {spark_submit.py:495} INFO - 23/01/30 17:37:26 INFO Utils: /home/***/.ivy2/jars/org.slf4j_slf4j-api-1.7.30.jar has been previously copied to /tmp/spark-45271da7-909e-4ee1-a05e-a88ee95c5085/userFiles-e5a89577-a6be-47f3-9dbd-414278ce50d6/org.slf4j_slf4j-api-1.7.30.jar
[2023-01-30T17:37:26.328+0000] {spark_submit.py:495} INFO - 23/01/30 17:37:26 INFO Executor: Fetching spark://15c99fd3082a:38769/jars/org.apache.spark_spark-sql-kafka-0-10_2.12-3.1.3.jar with timestamp 1675100243857
[2023-01-30T17:37:26.390+0000] {spark_submit.py:495} INFO - 23/01/30 17:37:26 INFO TransportClientFactory: Successfully created connection to 15c99fd3082a/172.20.0.7:38769 after 46 ms (0 ms spent in bootstraps)
[2023-01-30T17:37:26.404+0000] {spark_submit.py:495} INFO - 23/01/30 17:37:26 INFO Utils: Fetching spark://15c99fd3082a:38769/jars/org.apache.spark_spark-sql-kafka-0-10_2.12-3.1.3.jar to /tmp/spark-45271da7-909e-4ee1-a05e-a88ee95c5085/userFiles-e5a89577-a6be-47f3-9dbd-414278ce50d6/fetchFileTemp11825234196619100465.tmp
[2023-01-30T17:37:26.459+0000] {spark_submit.py:495} INFO - 23/01/30 17:37:26 INFO Utils: /tmp/spark-45271da7-909e-4ee1-a05e-a88ee95c5085/userFiles-e5a89577-a6be-47f3-9dbd-414278ce50d6/fetchFileTemp11825234196619100465.tmp has been previously copied to /tmp/spark-45271da7-909e-4ee1-a05e-a88ee95c5085/userFiles-e5a89577-a6be-47f3-9dbd-414278ce50d6/org.apache.spark_spark-sql-kafka-0-10_2.12-3.1.3.jar
[2023-01-30T17:37:26.466+0000] {spark_submit.py:495} INFO - 23/01/30 17:37:26 INFO Executor: Adding file:/tmp/spark-45271da7-909e-4ee1-a05e-a88ee95c5085/userFiles-e5a89577-a6be-47f3-9dbd-414278ce50d6/org.apache.spark_spark-sql-kafka-0-10_2.12-3.1.3.jar to class loader
[2023-01-30T17:37:26.466+0000] {spark_submit.py:495} INFO - 23/01/30 17:37:26 INFO Executor: Fetching spark://15c99fd3082a:38769/jars/org.slf4j_slf4j-api-1.7.30.jar with timestamp 1675100243857
[2023-01-30T17:37:26.466+0000] {spark_submit.py:495} INFO - 23/01/30 17:37:26 INFO Utils: Fetching spark://15c99fd3082a:38769/jars/org.slf4j_slf4j-api-1.7.30.jar to /tmp/spark-45271da7-909e-4ee1-a05e-a88ee95c5085/userFiles-e5a89577-a6be-47f3-9dbd-414278ce50d6/fetchFileTemp14251703751884622187.tmp
[2023-01-30T17:37:26.472+0000] {spark_submit.py:495} INFO - 23/01/30 17:37:26 INFO Utils: /tmp/spark-45271da7-909e-4ee1-a05e-a88ee95c5085/userFiles-e5a89577-a6be-47f3-9dbd-414278ce50d6/fetchFileTemp14251703751884622187.tmp has been previously copied to /tmp/spark-45271da7-909e-4ee1-a05e-a88ee95c5085/userFiles-e5a89577-a6be-47f3-9dbd-414278ce50d6/org.slf4j_slf4j-api-1.7.30.jar
[2023-01-30T17:37:26.479+0000] {spark_submit.py:495} INFO - 23/01/30 17:37:26 INFO Executor: Adding file:/tmp/spark-45271da7-909e-4ee1-a05e-a88ee95c5085/userFiles-e5a89577-a6be-47f3-9dbd-414278ce50d6/org.slf4j_slf4j-api-1.7.30.jar to class loader
[2023-01-30T17:37:26.479+0000] {spark_submit.py:495} INFO - 23/01/30 17:37:26 INFO Executor: Fetching spark://15c99fd3082a:38769/jars/org.apache.kafka_kafka-clients-2.6.0.jar with timestamp 1675100243857
[2023-01-30T17:37:26.486+0000] {spark_submit.py:495} INFO - 23/01/30 17:37:26 INFO Utils: Fetching spark://15c99fd3082a:38769/jars/org.apache.kafka_kafka-clients-2.6.0.jar to /tmp/spark-45271da7-909e-4ee1-a05e-a88ee95c5085/userFiles-e5a89577-a6be-47f3-9dbd-414278ce50d6/fetchFileTemp15384234598565817741.tmp
[2023-01-30T17:37:26.510+0000] {spark_submit.py:495} INFO - 23/01/30 17:37:26 INFO Utils: /tmp/spark-45271da7-909e-4ee1-a05e-a88ee95c5085/userFiles-e5a89577-a6be-47f3-9dbd-414278ce50d6/fetchFileTemp15384234598565817741.tmp has been previously copied to /tmp/spark-45271da7-909e-4ee1-a05e-a88ee95c5085/userFiles-e5a89577-a6be-47f3-9dbd-414278ce50d6/org.apache.kafka_kafka-clients-2.6.0.jar
[2023-01-30T17:37:26.517+0000] {spark_submit.py:495} INFO - 23/01/30 17:37:26 INFO Executor: Adding file:/tmp/spark-45271da7-909e-4ee1-a05e-a88ee95c5085/userFiles-e5a89577-a6be-47f3-9dbd-414278ce50d6/org.apache.kafka_kafka-clients-2.6.0.jar to class loader
[2023-01-30T17:37:26.517+0000] {spark_submit.py:495} INFO - 23/01/30 17:37:26 INFO Executor: Fetching spark://15c99fd3082a:38769/jars/org.mongodb.spark_mongo-spark-connector_2.12-3.0.1.jar with timestamp 1675100243857
[2023-01-30T17:37:26.519+0000] {spark_submit.py:495} INFO - 23/01/30 17:37:26 INFO Utils: Fetching spark://15c99fd3082a:38769/jars/org.mongodb.spark_mongo-spark-connector_2.12-3.0.1.jar to /tmp/spark-45271da7-909e-4ee1-a05e-a88ee95c5085/userFiles-e5a89577-a6be-47f3-9dbd-414278ce50d6/fetchFileTemp16663181820628215355.tmp
[2023-01-30T17:37:26.521+0000] {spark_submit.py:495} INFO - 23/01/30 17:37:26 INFO Utils: /tmp/spark-45271da7-909e-4ee1-a05e-a88ee95c5085/userFiles-e5a89577-a6be-47f3-9dbd-414278ce50d6/fetchFileTemp16663181820628215355.tmp has been previously copied to /tmp/spark-45271da7-909e-4ee1-a05e-a88ee95c5085/userFiles-e5a89577-a6be-47f3-9dbd-414278ce50d6/org.mongodb.spark_mongo-spark-connector_2.12-3.0.1.jar
[2023-01-30T17:37:26.525+0000] {spark_submit.py:495} INFO - 23/01/30 17:37:26 INFO Executor: Adding file:/tmp/spark-45271da7-909e-4ee1-a05e-a88ee95c5085/userFiles-e5a89577-a6be-47f3-9dbd-414278ce50d6/org.mongodb.spark_mongo-spark-connector_2.12-3.0.1.jar to class loader
[2023-01-30T17:37:26.525+0000] {spark_submit.py:495} INFO - 23/01/30 17:37:26 INFO Executor: Fetching spark://15c99fd3082a:38769/jars/org.apache.spark_spark-token-provider-kafka-0-10_2.12-3.1.3.jar with timestamp 1675100243857
[2023-01-30T17:37:26.525+0000] {spark_submit.py:495} INFO - 23/01/30 17:37:26 INFO Utils: Fetching spark://15c99fd3082a:38769/jars/org.apache.spark_spark-token-provider-kafka-0-10_2.12-3.1.3.jar to /tmp/spark-45271da7-909e-4ee1-a05e-a88ee95c5085/userFiles-e5a89577-a6be-47f3-9dbd-414278ce50d6/fetchFileTemp12224460519325378392.tmp
[2023-01-30T17:37:26.528+0000] {spark_submit.py:495} INFO - 23/01/30 17:37:26 INFO Utils: /tmp/spark-45271da7-909e-4ee1-a05e-a88ee95c5085/userFiles-e5a89577-a6be-47f3-9dbd-414278ce50d6/fetchFileTemp12224460519325378392.tmp has been previously copied to /tmp/spark-45271da7-909e-4ee1-a05e-a88ee95c5085/userFiles-e5a89577-a6be-47f3-9dbd-414278ce50d6/org.apache.spark_spark-token-provider-kafka-0-10_2.12-3.1.3.jar
[2023-01-30T17:37:26.530+0000] {spark_submit.py:495} INFO - 23/01/30 17:37:26 INFO Executor: Adding file:/tmp/spark-45271da7-909e-4ee1-a05e-a88ee95c5085/userFiles-e5a89577-a6be-47f3-9dbd-414278ce50d6/org.apache.spark_spark-token-provider-kafka-0-10_2.12-3.1.3.jar to class loader
[2023-01-30T17:37:26.530+0000] {spark_submit.py:495} INFO - 23/01/30 17:37:26 INFO Executor: Fetching spark://15c99fd3082a:38769/jars/com.github.luben_zstd-jni-1.4.8-1.jar with timestamp 1675100243857
[2023-01-30T17:37:26.531+0000] {spark_submit.py:495} INFO - 23/01/30 17:37:26 INFO Utils: Fetching spark://15c99fd3082a:38769/jars/com.github.luben_zstd-jni-1.4.8-1.jar to /tmp/spark-45271da7-909e-4ee1-a05e-a88ee95c5085/userFiles-e5a89577-a6be-47f3-9dbd-414278ce50d6/fetchFileTemp4299408731283717335.tmp
[2023-01-30T17:37:26.551+0000] {spark_submit.py:495} INFO - 23/01/30 17:37:26 INFO Utils: /tmp/spark-45271da7-909e-4ee1-a05e-a88ee95c5085/userFiles-e5a89577-a6be-47f3-9dbd-414278ce50d6/fetchFileTemp4299408731283717335.tmp has been previously copied to /tmp/spark-45271da7-909e-4ee1-a05e-a88ee95c5085/userFiles-e5a89577-a6be-47f3-9dbd-414278ce50d6/com.github.luben_zstd-jni-1.4.8-1.jar
[2023-01-30T17:37:26.635+0000] {spark_submit.py:495} INFO - 23/01/30 17:37:26 INFO Executor: Adding file:/tmp/spark-45271da7-909e-4ee1-a05e-a88ee95c5085/userFiles-e5a89577-a6be-47f3-9dbd-414278ce50d6/com.github.luben_zstd-jni-1.4.8-1.jar to class loader
[2023-01-30T17:37:26.636+0000] {spark_submit.py:495} INFO - 23/01/30 17:37:26 INFO Executor: Fetching spark://15c99fd3082a:38769/jars/org.spark-project.spark_unused-1.0.0.jar with timestamp 1675100243857
[2023-01-30T17:37:26.637+0000] {spark_submit.py:495} INFO - 23/01/30 17:37:26 INFO Utils: Fetching spark://15c99fd3082a:38769/jars/org.spark-project.spark_unused-1.0.0.jar to /tmp/spark-45271da7-909e-4ee1-a05e-a88ee95c5085/userFiles-e5a89577-a6be-47f3-9dbd-414278ce50d6/fetchFileTemp12796359219734952116.tmp
[2023-01-30T17:37:26.640+0000] {spark_submit.py:495} INFO - 23/01/30 17:37:26 INFO Utils: /tmp/spark-45271da7-909e-4ee1-a05e-a88ee95c5085/userFiles-e5a89577-a6be-47f3-9dbd-414278ce50d6/fetchFileTemp12796359219734952116.tmp has been previously copied to /tmp/spark-45271da7-909e-4ee1-a05e-a88ee95c5085/userFiles-e5a89577-a6be-47f3-9dbd-414278ce50d6/org.spark-project.spark_unused-1.0.0.jar
[2023-01-30T17:37:26.651+0000] {spark_submit.py:495} INFO - 23/01/30 17:37:26 INFO Executor: Adding file:/tmp/spark-45271da7-909e-4ee1-a05e-a88ee95c5085/userFiles-e5a89577-a6be-47f3-9dbd-414278ce50d6/org.spark-project.spark_unused-1.0.0.jar to class loader
[2023-01-30T17:37:26.652+0000] {spark_submit.py:495} INFO - 23/01/30 17:37:26 INFO Executor: Fetching spark://15c99fd3082a:38769/jars/org.mongodb_bson-4.0.5.jar with timestamp 1675100243857
[2023-01-30T17:37:26.653+0000] {spark_submit.py:495} INFO - 23/01/30 17:37:26 INFO Utils: Fetching spark://15c99fd3082a:38769/jars/org.mongodb_bson-4.0.5.jar to /tmp/spark-45271da7-909e-4ee1-a05e-a88ee95c5085/userFiles-e5a89577-a6be-47f3-9dbd-414278ce50d6/fetchFileTemp16132178287655873126.tmp
[2023-01-30T17:37:26.663+0000] {spark_submit.py:495} INFO - 23/01/30 17:37:26 INFO Utils: /tmp/spark-45271da7-909e-4ee1-a05e-a88ee95c5085/userFiles-e5a89577-a6be-47f3-9dbd-414278ce50d6/fetchFileTemp16132178287655873126.tmp has been previously copied to /tmp/spark-45271da7-909e-4ee1-a05e-a88ee95c5085/userFiles-e5a89577-a6be-47f3-9dbd-414278ce50d6/org.mongodb_bson-4.0.5.jar
[2023-01-30T17:37:26.673+0000] {spark_submit.py:495} INFO - 23/01/30 17:37:26 INFO Executor: Adding file:/tmp/spark-45271da7-909e-4ee1-a05e-a88ee95c5085/userFiles-e5a89577-a6be-47f3-9dbd-414278ce50d6/org.mongodb_bson-4.0.5.jar to class loader
[2023-01-30T17:37:26.674+0000] {spark_submit.py:495} INFO - 23/01/30 17:37:26 INFO Executor: Fetching spark://15c99fd3082a:38769/jars/org.mongodb_mongodb-driver-sync-4.0.5.jar with timestamp 1675100243857
[2023-01-30T17:37:26.675+0000] {spark_submit.py:495} INFO - 23/01/30 17:37:26 INFO Utils: Fetching spark://15c99fd3082a:38769/jars/org.mongodb_mongodb-driver-sync-4.0.5.jar to /tmp/spark-45271da7-909e-4ee1-a05e-a88ee95c5085/userFiles-e5a89577-a6be-47f3-9dbd-414278ce50d6/fetchFileTemp11562491393246686483.tmp
[2023-01-30T17:37:26.682+0000] {spark_submit.py:495} INFO - 23/01/30 17:37:26 INFO Utils: /tmp/spark-45271da7-909e-4ee1-a05e-a88ee95c5085/userFiles-e5a89577-a6be-47f3-9dbd-414278ce50d6/fetchFileTemp11562491393246686483.tmp has been previously copied to /tmp/spark-45271da7-909e-4ee1-a05e-a88ee95c5085/userFiles-e5a89577-a6be-47f3-9dbd-414278ce50d6/org.mongodb_mongodb-driver-sync-4.0.5.jar
[2023-01-30T17:37:26.692+0000] {spark_submit.py:495} INFO - 23/01/30 17:37:26 INFO Executor: Adding file:/tmp/spark-45271da7-909e-4ee1-a05e-a88ee95c5085/userFiles-e5a89577-a6be-47f3-9dbd-414278ce50d6/org.mongodb_mongodb-driver-sync-4.0.5.jar to class loader
[2023-01-30T17:37:26.694+0000] {spark_submit.py:495} INFO - 23/01/30 17:37:26 INFO Executor: Fetching spark://15c99fd3082a:38769/jars/org.lz4_lz4-java-1.7.1.jar with timestamp 1675100243857
[2023-01-30T17:37:26.698+0000] {spark_submit.py:495} INFO - 23/01/30 17:37:26 INFO Utils: Fetching spark://15c99fd3082a:38769/jars/org.lz4_lz4-java-1.7.1.jar to /tmp/spark-45271da7-909e-4ee1-a05e-a88ee95c5085/userFiles-e5a89577-a6be-47f3-9dbd-414278ce50d6/fetchFileTemp13632263323314245936.tmp
[2023-01-30T17:37:26.707+0000] {spark_submit.py:495} INFO - 23/01/30 17:37:26 INFO Utils: /tmp/spark-45271da7-909e-4ee1-a05e-a88ee95c5085/userFiles-e5a89577-a6be-47f3-9dbd-414278ce50d6/fetchFileTemp13632263323314245936.tmp has been previously copied to /tmp/spark-45271da7-909e-4ee1-a05e-a88ee95c5085/userFiles-e5a89577-a6be-47f3-9dbd-414278ce50d6/org.lz4_lz4-java-1.7.1.jar
[2023-01-30T17:37:26.725+0000] {spark_submit.py:495} INFO - 23/01/30 17:37:26 INFO Executor: Adding file:/tmp/spark-45271da7-909e-4ee1-a05e-a88ee95c5085/userFiles-e5a89577-a6be-47f3-9dbd-414278ce50d6/org.lz4_lz4-java-1.7.1.jar to class loader
[2023-01-30T17:37:26.725+0000] {spark_submit.py:495} INFO - 23/01/30 17:37:26 INFO Executor: Fetching spark://15c99fd3082a:38769/jars/org.apache.commons_commons-pool2-2.6.2.jar with timestamp 1675100243857
[2023-01-30T17:37:26.726+0000] {spark_submit.py:495} INFO - 23/01/30 17:37:26 INFO Utils: Fetching spark://15c99fd3082a:38769/jars/org.apache.commons_commons-pool2-2.6.2.jar to /tmp/spark-45271da7-909e-4ee1-a05e-a88ee95c5085/userFiles-e5a89577-a6be-47f3-9dbd-414278ce50d6/fetchFileTemp17713845742756470671.tmp
[2023-01-30T17:37:26.739+0000] {spark_submit.py:495} INFO - 23/01/30 17:37:26 INFO Utils: /tmp/spark-45271da7-909e-4ee1-a05e-a88ee95c5085/userFiles-e5a89577-a6be-47f3-9dbd-414278ce50d6/fetchFileTemp17713845742756470671.tmp has been previously copied to /tmp/spark-45271da7-909e-4ee1-a05e-a88ee95c5085/userFiles-e5a89577-a6be-47f3-9dbd-414278ce50d6/org.apache.commons_commons-pool2-2.6.2.jar
[2023-01-30T17:37:26.751+0000] {spark_submit.py:495} INFO - 23/01/30 17:37:26 INFO Executor: Adding file:/tmp/spark-45271da7-909e-4ee1-a05e-a88ee95c5085/userFiles-e5a89577-a6be-47f3-9dbd-414278ce50d6/org.apache.commons_commons-pool2-2.6.2.jar to class loader
[2023-01-30T17:37:26.752+0000] {spark_submit.py:495} INFO - 23/01/30 17:37:26 INFO Executor: Fetching spark://15c99fd3082a:38769/jars/org.xerial.snappy_snappy-java-1.1.8.2.jar with timestamp 1675100243857
[2023-01-30T17:37:26.753+0000] {spark_submit.py:495} INFO - 23/01/30 17:37:26 INFO Utils: Fetching spark://15c99fd3082a:38769/jars/org.xerial.snappy_snappy-java-1.1.8.2.jar to /tmp/spark-45271da7-909e-4ee1-a05e-a88ee95c5085/userFiles-e5a89577-a6be-47f3-9dbd-414278ce50d6/fetchFileTemp3220928075947302130.tmp
[2023-01-30T17:37:26.784+0000] {spark_submit.py:495} INFO - 23/01/30 17:37:26 INFO Utils: /tmp/spark-45271da7-909e-4ee1-a05e-a88ee95c5085/userFiles-e5a89577-a6be-47f3-9dbd-414278ce50d6/fetchFileTemp3220928075947302130.tmp has been previously copied to /tmp/spark-45271da7-909e-4ee1-a05e-a88ee95c5085/userFiles-e5a89577-a6be-47f3-9dbd-414278ce50d6/org.xerial.snappy_snappy-java-1.1.8.2.jar
[2023-01-30T17:37:26.792+0000] {spark_submit.py:495} INFO - 23/01/30 17:37:26 INFO Executor: Adding file:/tmp/spark-45271da7-909e-4ee1-a05e-a88ee95c5085/userFiles-e5a89577-a6be-47f3-9dbd-414278ce50d6/org.xerial.snappy_snappy-java-1.1.8.2.jar to class loader
[2023-01-30T17:37:26.793+0000] {spark_submit.py:495} INFO - 23/01/30 17:37:26 INFO Executor: Fetching spark://15c99fd3082a:38769/jars/org.mongodb_mongodb-driver-core-4.0.5.jar with timestamp 1675100243857
[2023-01-30T17:37:26.797+0000] {spark_submit.py:495} INFO - 23/01/30 17:37:26 INFO Utils: Fetching spark://15c99fd3082a:38769/jars/org.mongodb_mongodb-driver-core-4.0.5.jar to /tmp/spark-45271da7-909e-4ee1-a05e-a88ee95c5085/userFiles-e5a89577-a6be-47f3-9dbd-414278ce50d6/fetchFileTemp441943853958256284.tmp
[2023-01-30T17:37:26.809+0000] {spark_submit.py:495} INFO - 23/01/30 17:37:26 INFO Utils: /tmp/spark-45271da7-909e-4ee1-a05e-a88ee95c5085/userFiles-e5a89577-a6be-47f3-9dbd-414278ce50d6/fetchFileTemp441943853958256284.tmp has been previously copied to /tmp/spark-45271da7-909e-4ee1-a05e-a88ee95c5085/userFiles-e5a89577-a6be-47f3-9dbd-414278ce50d6/org.mongodb_mongodb-driver-core-4.0.5.jar
[2023-01-30T17:37:26.814+0000] {spark_submit.py:495} INFO - 23/01/30 17:37:26 INFO Executor: Adding file:/tmp/spark-45271da7-909e-4ee1-a05e-a88ee95c5085/userFiles-e5a89577-a6be-47f3-9dbd-414278ce50d6/org.mongodb_mongodb-driver-core-4.0.5.jar to class loader
[2023-01-30T17:37:26.823+0000] {spark_submit.py:495} INFO - 23/01/30 17:37:26 INFO Utils: Successfully started service 'org.apache.spark.network.netty.NettyBlockTransferService' on port 41677.
[2023-01-30T17:37:26.823+0000] {spark_submit.py:495} INFO - 23/01/30 17:37:26 INFO NettyBlockTransferService: Server created on 15c99fd3082a:41677
[2023-01-30T17:37:26.824+0000] {spark_submit.py:495} INFO - 23/01/30 17:37:26 INFO BlockManager: Using org.apache.spark.storage.RandomBlockReplicationPolicy for block replication policy
[2023-01-30T17:37:26.832+0000] {spark_submit.py:495} INFO - 23/01/30 17:37:26 INFO BlockManagerMaster: Registering BlockManager BlockManagerId(driver, 15c99fd3082a, 41677, None)
[2023-01-30T17:37:26.834+0000] {spark_submit.py:495} INFO - 23/01/30 17:37:26 INFO BlockManagerMasterEndpoint: Registering block manager 15c99fd3082a:41677 with 434.4 MiB RAM, BlockManagerId(driver, 15c99fd3082a, 41677, None)
[2023-01-30T17:37:26.837+0000] {spark_submit.py:495} INFO - 23/01/30 17:37:26 INFO BlockManagerMaster: Registered BlockManager BlockManagerId(driver, 15c99fd3082a, 41677, None)
[2023-01-30T17:37:26.838+0000] {spark_submit.py:495} INFO - 23/01/30 17:37:26 INFO BlockManager: Initialized BlockManager: BlockManagerId(driver, 15c99fd3082a, 41677, None)
[2023-01-30T17:37:30.267+0000] {spark_submit.py:495} INFO - 2023-01-30 17:37:30,267 - py4j.java_gateway - INFO - Callback Server Starting
[2023-01-30T17:37:30.267+0000] {spark_submit.py:495} INFO - 2023-01-30 17:37:30,267 - py4j.java_gateway - INFO - Socket listening on ('127.0.0.1', 41097)
[2023-01-30T17:37:30.452+0000] {local_task_job.py:224} WARNING - State of this instance has been externally set to up_for_retry. Terminating instance.
[2023-01-30T17:37:30.454+0000] {process_utils.py:133} INFO - Sending Signals.SIGTERM to group 8251. PIDs of all processes in the group: [8252, 8306, 8251]
[2023-01-30T17:37:30.454+0000] {process_utils.py:84} INFO - Sending the signal Signals.SIGTERM to group 8251
[2023-01-30T17:37:30.454+0000] {taskinstance.py:1483} ERROR - Received SIGTERM. Terminating subprocesses.
[2023-01-30T17:37:30.457+0000] {spark_submit.py:620} INFO - Sending kill signal to spark-submit
[2023-01-30T17:37:30.467+0000] {taskinstance.py:1772} ERROR - Task failed with exception
Traceback (most recent call last):
  File "/home/airflow/.local/lib/python3.7/site-packages/airflow/providers/apache/spark/operators/spark_submit.py", line 157, in execute
    self._hook.submit(self._application)
  File "/home/airflow/.local/lib/python3.7/site-packages/airflow/providers/apache/spark/hooks/spark_submit.py", line 414, in submit
    self._process_spark_submit_log(iter(self._submit_sp.stdout))  # type: ignore
  File "/home/airflow/.local/lib/python3.7/site-packages/airflow/providers/apache/spark/hooks/spark_submit.py", line 463, in _process_spark_submit_log
    for line in itr:
  File "/home/airflow/.local/lib/python3.7/site-packages/airflow/models/taskinstance.py", line 1485, in signal_handler
    raise AirflowException("Task received SIGTERM signal")
airflow.exceptions.AirflowException: Task received SIGTERM signal
[2023-01-30T17:37:30.471+0000] {taskinstance.py:1327} INFO - Marking task as UP_FOR_RETRY. dag_id=Streaming_pipeline_meli, task_id=consumer_data_of_topic, execution_date=20230127T184927, start_date=20230130T173720, end_date=20230130T173730
[2023-01-30T17:37:30.484+0000] {standard_task_runner.py:105} ERROR - Failed to execute job 1226 for task consumer_data_of_topic (Task received SIGTERM signal; 8251)
[2023-01-30T17:37:30.512+0000] {process_utils.py:79} INFO - Process psutil.Process(pid=8251, status='terminated', exitcode=1, started='17:37:20') (8251) terminated with exit code 1
[2023-01-30T17:37:30.512+0000] {process_utils.py:79} INFO - Process psutil.Process(pid=8306, status='terminated', started='17:37:22') (8306) terminated with exit code None
[2023-01-30T17:37:30.512+0000] {process_utils.py:79} INFO - Process psutil.Process(pid=8252, status='terminated', started='17:37:20') (8252) terminated with exit code None
