[2023-01-30T19:50:11.724+0000] {taskinstance.py:1087} INFO - Dependencies all met for <TaskInstance: Streaming_pipeline_meli.consumer_data_of_topic manual__2023-01-27T18:49:27.597637+00:00 [queued]>
[2023-01-30T19:50:11.738+0000] {taskinstance.py:1087} INFO - Dependencies all met for <TaskInstance: Streaming_pipeline_meli.consumer_data_of_topic manual__2023-01-27T18:49:27.597637+00:00 [queued]>
[2023-01-30T19:50:11.738+0000] {taskinstance.py:1283} INFO - 
--------------------------------------------------------------------------------
[2023-01-30T19:50:11.738+0000] {taskinstance.py:1284} INFO - Starting attempt 85 of 90
[2023-01-30T19:50:11.738+0000] {taskinstance.py:1285} INFO - 
--------------------------------------------------------------------------------
[2023-01-30T19:50:11.756+0000] {taskinstance.py:1304} INFO - Executing <Task(SparkSubmitOperator): consumer_data_of_topic> on 2023-01-27 18:49:27.597637+00:00
[2023-01-30T19:50:11.760+0000] {standard_task_runner.py:55} INFO - Started process 28197 to run task
[2023-01-30T19:50:11.764+0000] {standard_task_runner.py:82} INFO - Running: ['***', 'tasks', 'run', 'Streaming_pipeline_meli', 'consumer_data_of_topic', 'manual__2023-01-27T18:49:27.597637+00:00', '--job-id', '1256', '--raw', '--subdir', 'DAGS_FOLDER/streamPipeline.py', '--cfg-path', '/tmp/tmpu11p87ul']
[2023-01-30T19:50:11.764+0000] {standard_task_runner.py:83} INFO - Job 1256: Subtask consumer_data_of_topic
[2023-01-30T19:50:11.834+0000] {task_command.py:389} INFO - Running <TaskInstance: Streaming_pipeline_meli.consumer_data_of_topic manual__2023-01-27T18:49:27.597637+00:00 [running]> on host 15c99fd3082a
[2023-01-30T19:50:11.930+0000] {taskinstance.py:1513} INFO - Exporting the following env vars:
AIRFLOW_CTX_DAG_OWNER=***
AIRFLOW_CTX_DAG_ID=Streaming_pipeline_meli
AIRFLOW_CTX_TASK_ID=consumer_data_of_topic
AIRFLOW_CTX_EXECUTION_DATE=2023-01-27T18:49:27.597637+00:00
AIRFLOW_CTX_TRY_NUMBER=85
AIRFLOW_CTX_DAG_RUN_ID=manual__2023-01-27T18:49:27.597637+00:00
[2023-01-30T19:50:11.940+0000] {base.py:73} INFO - Using connection ID 'spark_default' for task execution.
[2023-01-30T19:50:11.941+0000] {spark_submit.py:344} INFO - Spark-Submit cmd: spark-submit --master spark://tomi-H310:7077 --packages org.apache.spark:spark-sql-kafka-0-10_2.12:3.1.3,org.mongodb.spark:mongo-spark-connector_2.12:3.0.1 --name arrow-spark --queue root.default /opt/***/dags/consumerSpark.py
[2023-01-30T19:50:12.079+0000] {spark_submit.py:495} INFO - /home/***/.local/lib/python3.7/site-packages/pyspark/bin/load-spark-env.sh: line 68: ps: command not found
[2023-01-30T19:50:13.722+0000] {spark_submit.py:495} INFO - :: loading settings :: url = jar:file:/home/***/.local/lib/python3.7/site-packages/pyspark/jars/ivy-2.5.0.jar!/org/apache/ivy/core/settings/ivysettings.xml
[2023-01-30T19:50:13.778+0000] {spark_submit.py:495} INFO - Ivy Default Cache set to: /home/***/.ivy2/cache
[2023-01-30T19:50:13.779+0000] {spark_submit.py:495} INFO - The jars for the packages stored in: /home/***/.ivy2/jars
[2023-01-30T19:50:13.783+0000] {spark_submit.py:495} INFO - org.apache.spark#spark-sql-kafka-0-10_2.12 added as a dependency
[2023-01-30T19:50:13.783+0000] {spark_submit.py:495} INFO - org.mongodb.spark#mongo-spark-connector_2.12 added as a dependency
[2023-01-30T19:50:13.784+0000] {spark_submit.py:495} INFO - :: resolving dependencies :: org.apache.spark#spark-submit-parent-695d3def-c352-4911-8a6e-8101850e7348;1.0
[2023-01-30T19:50:13.784+0000] {spark_submit.py:495} INFO - confs: [default]
[2023-01-30T19:50:13.980+0000] {spark_submit.py:495} INFO - found org.apache.spark#spark-sql-kafka-0-10_2.12;3.1.3 in central
[2023-01-30T19:50:14.049+0000] {spark_submit.py:495} INFO - found org.apache.spark#spark-token-provider-kafka-0-10_2.12;3.1.3 in central
[2023-01-30T19:50:14.077+0000] {spark_submit.py:495} INFO - found org.apache.kafka#kafka-clients;2.6.0 in central
[2023-01-30T19:50:14.117+0000] {spark_submit.py:495} INFO - found com.github.luben#zstd-jni;1.4.8-1 in central
[2023-01-30T19:50:14.140+0000] {spark_submit.py:495} INFO - found org.lz4#lz4-java;1.7.1 in central
[2023-01-30T19:50:14.181+0000] {spark_submit.py:495} INFO - found org.xerial.snappy#snappy-java;1.1.8.2 in central
[2023-01-30T19:50:14.207+0000] {spark_submit.py:495} INFO - found org.slf4j#slf4j-api;1.7.30 in central
[2023-01-30T19:50:14.230+0000] {spark_submit.py:495} INFO - found org.spark-project.spark#unused;1.0.0 in central
[2023-01-30T19:50:14.251+0000] {spark_submit.py:495} INFO - found org.apache.commons#commons-pool2;2.6.2 in central
[2023-01-30T19:50:14.264+0000] {spark_submit.py:495} INFO - found org.mongodb.spark#mongo-spark-connector_2.12;3.0.1 in central
[2023-01-30T19:50:14.275+0000] {spark_submit.py:495} INFO - found org.mongodb#mongodb-driver-sync;4.0.5 in central
[2023-01-30T19:50:14.286+0000] {spark_submit.py:495} INFO - found org.mongodb#bson;4.0.5 in central
[2023-01-30T19:50:14.300+0000] {spark_submit.py:495} INFO - found org.mongodb#mongodb-driver-core;4.0.5 in central
[2023-01-30T19:50:14.345+0000] {spark_submit.py:495} INFO - :: resolution report :: resolve 531ms :: artifacts dl 30ms
[2023-01-30T19:50:14.345+0000] {spark_submit.py:495} INFO - :: modules in use:
[2023-01-30T19:50:14.348+0000] {spark_submit.py:495} INFO - com.github.luben#zstd-jni;1.4.8-1 from central in [default]
[2023-01-30T19:50:14.348+0000] {spark_submit.py:495} INFO - org.apache.commons#commons-pool2;2.6.2 from central in [default]
[2023-01-30T19:50:14.348+0000] {spark_submit.py:495} INFO - org.apache.kafka#kafka-clients;2.6.0 from central in [default]
[2023-01-30T19:50:14.348+0000] {spark_submit.py:495} INFO - org.apache.spark#spark-sql-kafka-0-10_2.12;3.1.3 from central in [default]
[2023-01-30T19:50:14.349+0000] {spark_submit.py:495} INFO - org.apache.spark#spark-token-provider-kafka-0-10_2.12;3.1.3 from central in [default]
[2023-01-30T19:50:14.349+0000] {spark_submit.py:495} INFO - org.lz4#lz4-java;1.7.1 from central in [default]
[2023-01-30T19:50:14.349+0000] {spark_submit.py:495} INFO - org.mongodb#bson;4.0.5 from central in [default]
[2023-01-30T19:50:14.349+0000] {spark_submit.py:495} INFO - org.mongodb#mongodb-driver-core;4.0.5 from central in [default]
[2023-01-30T19:50:14.349+0000] {spark_submit.py:495} INFO - org.mongodb#mongodb-driver-sync;4.0.5 from central in [default]
[2023-01-30T19:50:14.349+0000] {spark_submit.py:495} INFO - org.mongodb.spark#mongo-spark-connector_2.12;3.0.1 from central in [default]
[2023-01-30T19:50:14.349+0000] {spark_submit.py:495} INFO - org.slf4j#slf4j-api;1.7.30 from central in [default]
[2023-01-30T19:50:14.349+0000] {spark_submit.py:495} INFO - org.spark-project.spark#unused;1.0.0 from central in [default]
[2023-01-30T19:50:14.349+0000] {spark_submit.py:495} INFO - org.xerial.snappy#snappy-java;1.1.8.2 from central in [default]
[2023-01-30T19:50:14.350+0000] {spark_submit.py:495} INFO - ---------------------------------------------------------------------
[2023-01-30T19:50:14.350+0000] {spark_submit.py:495} INFO - |                  |            modules            ||   artifacts   |
[2023-01-30T19:50:14.350+0000] {spark_submit.py:495} INFO - |       conf       | number| search|dwnlded|evicted|| number|dwnlded|
[2023-01-30T19:50:14.350+0000] {spark_submit.py:495} INFO - ---------------------------------------------------------------------
[2023-01-30T19:50:14.350+0000] {spark_submit.py:495} INFO - |      default     |   13  |   0   |   0   |   0   ||   13  |   0   |
[2023-01-30T19:50:14.350+0000] {spark_submit.py:495} INFO - ---------------------------------------------------------------------
[2023-01-30T19:50:14.360+0000] {spark_submit.py:495} INFO - :: retrieving :: org.apache.spark#spark-submit-parent-695d3def-c352-4911-8a6e-8101850e7348
[2023-01-30T19:50:14.360+0000] {spark_submit.py:495} INFO - confs: [default]
[2023-01-30T19:50:14.373+0000] {spark_submit.py:495} INFO - 0 artifacts copied, 13 already retrieved (0kB/13ms)
[2023-01-30T19:50:14.615+0000] {spark_submit.py:495} INFO - 23/01/30 19:50:14 WARN NativeCodeLoader: Unable to load native-hadoop library for your platform... using builtin-java classes where applicable
[2023-01-30T19:50:15.580+0000] {spark_submit.py:495} INFO - 23/01/30 19:50:15 INFO SparkContext: Running Spark version 3.3.1
[2023-01-30T19:50:15.599+0000] {spark_submit.py:495} INFO - 23/01/30 19:50:15 INFO ResourceUtils: ==============================================================
[2023-01-30T19:50:15.600+0000] {spark_submit.py:495} INFO - 23/01/30 19:50:15 INFO ResourceUtils: No custom resources configured for spark.driver.
[2023-01-30T19:50:15.600+0000] {spark_submit.py:495} INFO - 23/01/30 19:50:15 INFO ResourceUtils: ==============================================================
[2023-01-30T19:50:15.604+0000] {spark_submit.py:495} INFO - 23/01/30 19:50:15 INFO SparkContext: Submitted application: arrow-spark
[2023-01-30T19:50:15.621+0000] {spark_submit.py:495} INFO - 23/01/30 19:50:15 INFO ResourceProfile: Default ResourceProfile created, executor resources: Map(cores -> name: cores, amount: 1, script: , vendor: , memory -> name: memory, amount: 1024, script: , vendor: , offHeap -> name: offHeap, amount: 0, script: , vendor: ), task resources: Map(cpus -> name: cpus, amount: 1.0)
[2023-01-30T19:50:15.632+0000] {spark_submit.py:495} INFO - 23/01/30 19:50:15 INFO ResourceProfile: Limiting resource is cpu
[2023-01-30T19:50:15.633+0000] {spark_submit.py:495} INFO - 23/01/30 19:50:15 INFO ResourceProfileManager: Added ResourceProfile id: 0
[2023-01-30T19:50:15.675+0000] {spark_submit.py:495} INFO - 23/01/30 19:50:15 INFO SecurityManager: Changing view acls to: default
[2023-01-30T19:50:15.675+0000] {spark_submit.py:495} INFO - 23/01/30 19:50:15 INFO SecurityManager: Changing modify acls to: default
[2023-01-30T19:50:15.676+0000] {spark_submit.py:495} INFO - 23/01/30 19:50:15 INFO SecurityManager: Changing view acls groups to:
[2023-01-30T19:50:15.676+0000] {spark_submit.py:495} INFO - 23/01/30 19:50:15 INFO SecurityManager: Changing modify acls groups to:
[2023-01-30T19:50:15.677+0000] {spark_submit.py:495} INFO - 23/01/30 19:50:15 INFO SecurityManager: SecurityManager: authentication disabled; ui acls disabled; users  with view permissions: Set(default); groups with view permissions: Set(); users  with modify permissions: Set(default); groups with modify permissions: Set()
[2023-01-30T19:50:15.971+0000] {spark_submit.py:495} INFO - 23/01/30 19:50:15 INFO Utils: Successfully started service 'sparkDriver' on port 40469.
[2023-01-30T19:50:16.042+0000] {spark_submit.py:495} INFO - 23/01/30 19:50:16 INFO SparkEnv: Registering MapOutputTracker
[2023-01-30T19:50:16.091+0000] {spark_submit.py:495} INFO - 23/01/30 19:50:16 INFO SparkEnv: Registering BlockManagerMaster
[2023-01-30T19:50:16.117+0000] {spark_submit.py:495} INFO - 23/01/30 19:50:16 INFO BlockManagerMasterEndpoint: Using org.apache.spark.storage.DefaultTopologyMapper for getting topology information
[2023-01-30T19:50:16.117+0000] {spark_submit.py:495} INFO - 23/01/30 19:50:16 INFO BlockManagerMasterEndpoint: BlockManagerMasterEndpoint up
[2023-01-30T19:50:16.143+0000] {spark_submit.py:495} INFO - 23/01/30 19:50:16 INFO SparkEnv: Registering BlockManagerMasterHeartbeat
[2023-01-30T19:50:16.171+0000] {spark_submit.py:495} INFO - 23/01/30 19:50:16 INFO DiskBlockManager: Created local directory at /tmp/blockmgr-dafc3b1a-f18e-4d80-8be9-b29ae0182f75
[2023-01-30T19:50:16.194+0000] {spark_submit.py:495} INFO - 23/01/30 19:50:16 INFO MemoryStore: MemoryStore started with capacity 434.4 MiB
[2023-01-30T19:50:16.212+0000] {spark_submit.py:495} INFO - 23/01/30 19:50:16 INFO SparkEnv: Registering OutputCommitCoordinator
[2023-01-30T19:50:16.520+0000] {spark_submit.py:495} INFO - 23/01/30 19:50:16 INFO Utils: Successfully started service 'SparkUI' on port 4040.
[2023-01-30T19:50:16.605+0000] {spark_submit.py:495} INFO - 23/01/30 19:50:16 INFO SparkContext: Added JAR file:///home/***/.ivy2/jars/org.apache.spark_spark-sql-kafka-0-10_2.12-3.1.3.jar at spark://15c99fd3082a:40469/jars/org.apache.spark_spark-sql-kafka-0-10_2.12-3.1.3.jar with timestamp 1675108215574
[2023-01-30T19:50:16.607+0000] {spark_submit.py:495} INFO - 23/01/30 19:50:16 INFO SparkContext: Added JAR file:///home/***/.ivy2/jars/org.mongodb.spark_mongo-spark-connector_2.12-3.0.1.jar at spark://15c99fd3082a:40469/jars/org.mongodb.spark_mongo-spark-connector_2.12-3.0.1.jar with timestamp 1675108215574
[2023-01-30T19:50:16.607+0000] {spark_submit.py:495} INFO - 23/01/30 19:50:16 INFO SparkContext: Added JAR file:///home/***/.ivy2/jars/org.apache.spark_spark-token-provider-kafka-0-10_2.12-3.1.3.jar at spark://15c99fd3082a:40469/jars/org.apache.spark_spark-token-provider-kafka-0-10_2.12-3.1.3.jar with timestamp 1675108215574
[2023-01-30T19:50:16.608+0000] {spark_submit.py:495} INFO - 23/01/30 19:50:16 INFO SparkContext: Added JAR file:///home/***/.ivy2/jars/org.apache.kafka_kafka-clients-2.6.0.jar at spark://15c99fd3082a:40469/jars/org.apache.kafka_kafka-clients-2.6.0.jar with timestamp 1675108215574
[2023-01-30T19:50:16.608+0000] {spark_submit.py:495} INFO - 23/01/30 19:50:16 INFO SparkContext: Added JAR file:///home/***/.ivy2/jars/org.apache.commons_commons-pool2-2.6.2.jar at spark://15c99fd3082a:40469/jars/org.apache.commons_commons-pool2-2.6.2.jar with timestamp 1675108215574
[2023-01-30T19:50:16.608+0000] {spark_submit.py:495} INFO - 23/01/30 19:50:16 INFO SparkContext: Added JAR file:///home/***/.ivy2/jars/org.spark-project.spark_unused-1.0.0.jar at spark://15c99fd3082a:40469/jars/org.spark-project.spark_unused-1.0.0.jar with timestamp 1675108215574
[2023-01-30T19:50:16.608+0000] {spark_submit.py:495} INFO - 23/01/30 19:50:16 INFO SparkContext: Added JAR file:///home/***/.ivy2/jars/com.github.luben_zstd-jni-1.4.8-1.jar at spark://15c99fd3082a:40469/jars/com.github.luben_zstd-jni-1.4.8-1.jar with timestamp 1675108215574
[2023-01-30T19:50:16.608+0000] {spark_submit.py:495} INFO - 23/01/30 19:50:16 INFO SparkContext: Added JAR file:///home/***/.ivy2/jars/org.lz4_lz4-java-1.7.1.jar at spark://15c99fd3082a:40469/jars/org.lz4_lz4-java-1.7.1.jar with timestamp 1675108215574
[2023-01-30T19:50:16.608+0000] {spark_submit.py:495} INFO - 23/01/30 19:50:16 INFO SparkContext: Added JAR file:///home/***/.ivy2/jars/org.xerial.snappy_snappy-java-1.1.8.2.jar at spark://15c99fd3082a:40469/jars/org.xerial.snappy_snappy-java-1.1.8.2.jar with timestamp 1675108215574
[2023-01-30T19:50:16.608+0000] {spark_submit.py:495} INFO - 23/01/30 19:50:16 INFO SparkContext: Added JAR file:///home/***/.ivy2/jars/org.slf4j_slf4j-api-1.7.30.jar at spark://15c99fd3082a:40469/jars/org.slf4j_slf4j-api-1.7.30.jar with timestamp 1675108215574
[2023-01-30T19:50:16.608+0000] {spark_submit.py:495} INFO - 23/01/30 19:50:16 INFO SparkContext: Added JAR file:///home/***/.ivy2/jars/org.mongodb_mongodb-driver-sync-4.0.5.jar at spark://15c99fd3082a:40469/jars/org.mongodb_mongodb-driver-sync-4.0.5.jar with timestamp 1675108215574
[2023-01-30T19:50:16.608+0000] {spark_submit.py:495} INFO - 23/01/30 19:50:16 INFO SparkContext: Added JAR file:///home/***/.ivy2/jars/org.mongodb_bson-4.0.5.jar at spark://15c99fd3082a:40469/jars/org.mongodb_bson-4.0.5.jar with timestamp 1675108215574
[2023-01-30T19:50:16.608+0000] {spark_submit.py:495} INFO - 23/01/30 19:50:16 INFO SparkContext: Added JAR file:///home/***/.ivy2/jars/org.mongodb_mongodb-driver-core-4.0.5.jar at spark://15c99fd3082a:40469/jars/org.mongodb_mongodb-driver-core-4.0.5.jar with timestamp 1675108215574
[2023-01-30T19:50:16.614+0000] {spark_submit.py:495} INFO - 23/01/30 19:50:16 INFO SparkContext: Added file file:///home/***/.ivy2/jars/org.apache.spark_spark-sql-kafka-0-10_2.12-3.1.3.jar at file:///home/***/.ivy2/jars/org.apache.spark_spark-sql-kafka-0-10_2.12-3.1.3.jar with timestamp 1675108215574
[2023-01-30T19:50:16.615+0000] {spark_submit.py:495} INFO - 23/01/30 19:50:16 INFO Utils: Copying /home/***/.ivy2/jars/org.apache.spark_spark-sql-kafka-0-10_2.12-3.1.3.jar to /tmp/spark-7a61556f-38bb-4e52-a69c-2764f8e4c7ce/userFiles-37a7a344-b9b6-4385-bb50-bc38f5e257a4/org.apache.spark_spark-sql-kafka-0-10_2.12-3.1.3.jar
[2023-01-30T19:50:16.640+0000] {spark_submit.py:495} INFO - 23/01/30 19:50:16 INFO SparkContext: Added file file:///home/***/.ivy2/jars/org.mongodb.spark_mongo-spark-connector_2.12-3.0.1.jar at file:///home/***/.ivy2/jars/org.mongodb.spark_mongo-spark-connector_2.12-3.0.1.jar with timestamp 1675108215574
[2023-01-30T19:50:16.640+0000] {spark_submit.py:495} INFO - 23/01/30 19:50:16 INFO Utils: Copying /home/***/.ivy2/jars/org.mongodb.spark_mongo-spark-connector_2.12-3.0.1.jar to /tmp/spark-7a61556f-38bb-4e52-a69c-2764f8e4c7ce/userFiles-37a7a344-b9b6-4385-bb50-bc38f5e257a4/org.mongodb.spark_mongo-spark-connector_2.12-3.0.1.jar
[2023-01-30T19:50:16.651+0000] {spark_submit.py:495} INFO - 23/01/30 19:50:16 INFO SparkContext: Added file file:///home/***/.ivy2/jars/org.apache.spark_spark-token-provider-kafka-0-10_2.12-3.1.3.jar at file:///home/***/.ivy2/jars/org.apache.spark_spark-token-provider-kafka-0-10_2.12-3.1.3.jar with timestamp 1675108215574
[2023-01-30T19:50:16.651+0000] {spark_submit.py:495} INFO - 23/01/30 19:50:16 INFO Utils: Copying /home/***/.ivy2/jars/org.apache.spark_spark-token-provider-kafka-0-10_2.12-3.1.3.jar to /tmp/spark-7a61556f-38bb-4e52-a69c-2764f8e4c7ce/userFiles-37a7a344-b9b6-4385-bb50-bc38f5e257a4/org.apache.spark_spark-token-provider-kafka-0-10_2.12-3.1.3.jar
[2023-01-30T19:50:16.670+0000] {spark_submit.py:495} INFO - 23/01/30 19:50:16 INFO SparkContext: Added file file:///home/***/.ivy2/jars/org.apache.kafka_kafka-clients-2.6.0.jar at file:///home/***/.ivy2/jars/org.apache.kafka_kafka-clients-2.6.0.jar with timestamp 1675108215574
[2023-01-30T19:50:16.671+0000] {spark_submit.py:495} INFO - 23/01/30 19:50:16 INFO Utils: Copying /home/***/.ivy2/jars/org.apache.kafka_kafka-clients-2.6.0.jar to /tmp/spark-7a61556f-38bb-4e52-a69c-2764f8e4c7ce/userFiles-37a7a344-b9b6-4385-bb50-bc38f5e257a4/org.apache.kafka_kafka-clients-2.6.0.jar
[2023-01-30T19:50:16.713+0000] {spark_submit.py:495} INFO - 23/01/30 19:50:16 INFO SparkContext: Added file file:///home/***/.ivy2/jars/org.apache.commons_commons-pool2-2.6.2.jar at file:///home/***/.ivy2/jars/org.apache.commons_commons-pool2-2.6.2.jar with timestamp 1675108215574
[2023-01-30T19:50:16.713+0000] {spark_submit.py:495} INFO - 23/01/30 19:50:16 INFO Utils: Copying /home/***/.ivy2/jars/org.apache.commons_commons-pool2-2.6.2.jar to /tmp/spark-7a61556f-38bb-4e52-a69c-2764f8e4c7ce/userFiles-37a7a344-b9b6-4385-bb50-bc38f5e257a4/org.apache.commons_commons-pool2-2.6.2.jar
[2023-01-30T19:50:16.716+0000] {spark_submit.py:495} INFO - 23/01/30 19:50:16 INFO SparkContext: Added file file:///home/***/.ivy2/jars/org.spark-project.spark_unused-1.0.0.jar at file:///home/***/.ivy2/jars/org.spark-project.spark_unused-1.0.0.jar with timestamp 1675108215574
[2023-01-30T19:50:16.717+0000] {spark_submit.py:495} INFO - 23/01/30 19:50:16 INFO Utils: Copying /home/***/.ivy2/jars/org.spark-project.spark_unused-1.0.0.jar to /tmp/spark-7a61556f-38bb-4e52-a69c-2764f8e4c7ce/userFiles-37a7a344-b9b6-4385-bb50-bc38f5e257a4/org.spark-project.spark_unused-1.0.0.jar
[2023-01-30T19:50:16.725+0000] {spark_submit.py:495} INFO - 23/01/30 19:50:16 INFO SparkContext: Added file file:///home/***/.ivy2/jars/com.github.luben_zstd-jni-1.4.8-1.jar at file:///home/***/.ivy2/jars/com.github.luben_zstd-jni-1.4.8-1.jar with timestamp 1675108215574
[2023-01-30T19:50:16.725+0000] {spark_submit.py:495} INFO - 23/01/30 19:50:16 INFO Utils: Copying /home/***/.ivy2/jars/com.github.luben_zstd-jni-1.4.8-1.jar to /tmp/spark-7a61556f-38bb-4e52-a69c-2764f8e4c7ce/userFiles-37a7a344-b9b6-4385-bb50-bc38f5e257a4/com.github.luben_zstd-jni-1.4.8-1.jar
[2023-01-30T19:50:16.739+0000] {spark_submit.py:495} INFO - 23/01/30 19:50:16 INFO SparkContext: Added file file:///home/***/.ivy2/jars/org.lz4_lz4-java-1.7.1.jar at file:///home/***/.ivy2/jars/org.lz4_lz4-java-1.7.1.jar with timestamp 1675108215574
[2023-01-30T19:50:16.739+0000] {spark_submit.py:495} INFO - 23/01/30 19:50:16 INFO Utils: Copying /home/***/.ivy2/jars/org.lz4_lz4-java-1.7.1.jar to /tmp/spark-7a61556f-38bb-4e52-a69c-2764f8e4c7ce/userFiles-37a7a344-b9b6-4385-bb50-bc38f5e257a4/org.lz4_lz4-java-1.7.1.jar
[2023-01-30T19:50:16.751+0000] {spark_submit.py:495} INFO - 23/01/30 19:50:16 INFO SparkContext: Added file file:///home/***/.ivy2/jars/org.xerial.snappy_snappy-java-1.1.8.2.jar at file:///home/***/.ivy2/jars/org.xerial.snappy_snappy-java-1.1.8.2.jar with timestamp 1675108215574
[2023-01-30T19:50:16.758+0000] {spark_submit.py:495} INFO - 23/01/30 19:50:16 INFO Utils: Copying /home/***/.ivy2/jars/org.xerial.snappy_snappy-java-1.1.8.2.jar to /tmp/spark-7a61556f-38bb-4e52-a69c-2764f8e4c7ce/userFiles-37a7a344-b9b6-4385-bb50-bc38f5e257a4/org.xerial.snappy_snappy-java-1.1.8.2.jar
[2023-01-30T19:50:16.758+0000] {spark_submit.py:495} INFO - 23/01/30 19:50:16 INFO SparkContext: Added file file:///home/***/.ivy2/jars/org.slf4j_slf4j-api-1.7.30.jar at file:///home/***/.ivy2/jars/org.slf4j_slf4j-api-1.7.30.jar with timestamp 1675108215574
[2023-01-30T19:50:16.758+0000] {spark_submit.py:495} INFO - 23/01/30 19:50:16 INFO Utils: Copying /home/***/.ivy2/jars/org.slf4j_slf4j-api-1.7.30.jar to /tmp/spark-7a61556f-38bb-4e52-a69c-2764f8e4c7ce/userFiles-37a7a344-b9b6-4385-bb50-bc38f5e257a4/org.slf4j_slf4j-api-1.7.30.jar
[2023-01-30T19:50:16.769+0000] {spark_submit.py:495} INFO - 23/01/30 19:50:16 INFO SparkContext: Added file file:///home/***/.ivy2/jars/org.mongodb_mongodb-driver-sync-4.0.5.jar at file:///home/***/.ivy2/jars/org.mongodb_mongodb-driver-sync-4.0.5.jar with timestamp 1675108215574
[2023-01-30T19:50:16.769+0000] {spark_submit.py:495} INFO - 23/01/30 19:50:16 INFO Utils: Copying /home/***/.ivy2/jars/org.mongodb_mongodb-driver-sync-4.0.5.jar to /tmp/spark-7a61556f-38bb-4e52-a69c-2764f8e4c7ce/userFiles-37a7a344-b9b6-4385-bb50-bc38f5e257a4/org.mongodb_mongodb-driver-sync-4.0.5.jar
[2023-01-30T19:50:16.776+0000] {spark_submit.py:495} INFO - 23/01/30 19:50:16 INFO SparkContext: Added file file:///home/***/.ivy2/jars/org.mongodb_bson-4.0.5.jar at file:///home/***/.ivy2/jars/org.mongodb_bson-4.0.5.jar with timestamp 1675108215574
[2023-01-30T19:50:16.777+0000] {spark_submit.py:495} INFO - 23/01/30 19:50:16 INFO Utils: Copying /home/***/.ivy2/jars/org.mongodb_bson-4.0.5.jar to /tmp/spark-7a61556f-38bb-4e52-a69c-2764f8e4c7ce/userFiles-37a7a344-b9b6-4385-bb50-bc38f5e257a4/org.mongodb_bson-4.0.5.jar
[2023-01-30T19:50:16.787+0000] {spark_submit.py:495} INFO - 23/01/30 19:50:16 INFO SparkContext: Added file file:///home/***/.ivy2/jars/org.mongodb_mongodb-driver-core-4.0.5.jar at file:///home/***/.ivy2/jars/org.mongodb_mongodb-driver-core-4.0.5.jar with timestamp 1675108215574
[2023-01-30T19:50:16.788+0000] {spark_submit.py:495} INFO - 23/01/30 19:50:16 INFO Utils: Copying /home/***/.ivy2/jars/org.mongodb_mongodb-driver-core-4.0.5.jar to /tmp/spark-7a61556f-38bb-4e52-a69c-2764f8e4c7ce/userFiles-37a7a344-b9b6-4385-bb50-bc38f5e257a4/org.mongodb_mongodb-driver-core-4.0.5.jar
[2023-01-30T19:50:16.931+0000] {spark_submit.py:495} INFO - 23/01/30 19:50:16 INFO Executor: Starting executor ID driver on host 15c99fd3082a
[2023-01-30T19:50:16.942+0000] {spark_submit.py:495} INFO - 23/01/30 19:50:16 INFO Executor: Starting executor with user classpath (userClassPathFirst = false): ''
[2023-01-30T19:50:16.964+0000] {spark_submit.py:495} INFO - 23/01/30 19:50:16 INFO Executor: Fetching file:///home/***/.ivy2/jars/org.apache.spark_spark-token-provider-kafka-0-10_2.12-3.1.3.jar with timestamp 1675108215574
[2023-01-30T19:50:16.988+0000] {spark_submit.py:495} INFO - 23/01/30 19:50:16 INFO Utils: /home/***/.ivy2/jars/org.apache.spark_spark-token-provider-kafka-0-10_2.12-3.1.3.jar has been previously copied to /tmp/spark-7a61556f-38bb-4e52-a69c-2764f8e4c7ce/userFiles-37a7a344-b9b6-4385-bb50-bc38f5e257a4/org.apache.spark_spark-token-provider-kafka-0-10_2.12-3.1.3.jar
[2023-01-30T19:50:17.042+0000] {spark_submit.py:495} INFO - 23/01/30 19:50:17 INFO Executor: Fetching file:///home/***/.ivy2/jars/org.mongodb_mongodb-driver-sync-4.0.5.jar with timestamp 1675108215574
[2023-01-30T19:50:17.044+0000] {spark_submit.py:495} INFO - 23/01/30 19:50:17 INFO Utils: /home/***/.ivy2/jars/org.mongodb_mongodb-driver-sync-4.0.5.jar has been previously copied to /tmp/spark-7a61556f-38bb-4e52-a69c-2764f8e4c7ce/userFiles-37a7a344-b9b6-4385-bb50-bc38f5e257a4/org.mongodb_mongodb-driver-sync-4.0.5.jar
[2023-01-30T19:50:17.056+0000] {spark_submit.py:495} INFO - 23/01/30 19:50:17 INFO Executor: Fetching file:///home/***/.ivy2/jars/org.apache.kafka_kafka-clients-2.6.0.jar with timestamp 1675108215574
[2023-01-30T19:50:17.067+0000] {spark_submit.py:495} INFO - 23/01/30 19:50:17 INFO Utils: /home/***/.ivy2/jars/org.apache.kafka_kafka-clients-2.6.0.jar has been previously copied to /tmp/spark-7a61556f-38bb-4e52-a69c-2764f8e4c7ce/userFiles-37a7a344-b9b6-4385-bb50-bc38f5e257a4/org.apache.kafka_kafka-clients-2.6.0.jar
[2023-01-30T19:50:17.080+0000] {spark_submit.py:495} INFO - 23/01/30 19:50:17 INFO Executor: Fetching file:///home/***/.ivy2/jars/org.mongodb_bson-4.0.5.jar with timestamp 1675108215574
[2023-01-30T19:50:17.083+0000] {spark_submit.py:495} INFO - 23/01/30 19:50:17 INFO Utils: /home/***/.ivy2/jars/org.mongodb_bson-4.0.5.jar has been previously copied to /tmp/spark-7a61556f-38bb-4e52-a69c-2764f8e4c7ce/userFiles-37a7a344-b9b6-4385-bb50-bc38f5e257a4/org.mongodb_bson-4.0.5.jar
[2023-01-30T19:50:17.101+0000] {spark_submit.py:495} INFO - 23/01/30 19:50:17 INFO Executor: Fetching file:///home/***/.ivy2/jars/com.github.luben_zstd-jni-1.4.8-1.jar with timestamp 1675108215574
[2023-01-30T19:50:17.110+0000] {spark_submit.py:495} INFO - 23/01/30 19:50:17 INFO Utils: /home/***/.ivy2/jars/com.github.luben_zstd-jni-1.4.8-1.jar has been previously copied to /tmp/spark-7a61556f-38bb-4e52-a69c-2764f8e4c7ce/userFiles-37a7a344-b9b6-4385-bb50-bc38f5e257a4/com.github.luben_zstd-jni-1.4.8-1.jar
[2023-01-30T19:50:17.143+0000] {spark_submit.py:495} INFO - 23/01/30 19:50:17 INFO Executor: Fetching file:///home/***/.ivy2/jars/org.lz4_lz4-java-1.7.1.jar with timestamp 1675108215574
[2023-01-30T19:50:17.143+0000] {spark_submit.py:495} INFO - 23/01/30 19:50:17 INFO Utils: /home/***/.ivy2/jars/org.lz4_lz4-java-1.7.1.jar has been previously copied to /tmp/spark-7a61556f-38bb-4e52-a69c-2764f8e4c7ce/userFiles-37a7a344-b9b6-4385-bb50-bc38f5e257a4/org.lz4_lz4-java-1.7.1.jar
[2023-01-30T19:50:17.157+0000] {spark_submit.py:495} INFO - 23/01/30 19:50:17 INFO Executor: Fetching file:///home/***/.ivy2/jars/org.spark-project.spark_unused-1.0.0.jar with timestamp 1675108215574
[2023-01-30T19:50:17.158+0000] {spark_submit.py:495} INFO - 23/01/30 19:50:17 INFO Utils: /home/***/.ivy2/jars/org.spark-project.spark_unused-1.0.0.jar has been previously copied to /tmp/spark-7a61556f-38bb-4e52-a69c-2764f8e4c7ce/userFiles-37a7a344-b9b6-4385-bb50-bc38f5e257a4/org.spark-project.spark_unused-1.0.0.jar
[2023-01-30T19:50:17.164+0000] {spark_submit.py:495} INFO - 23/01/30 19:50:17 INFO Executor: Fetching file:///home/***/.ivy2/jars/org.xerial.snappy_snappy-java-1.1.8.2.jar with timestamp 1675108215574
[2023-01-30T19:50:17.167+0000] {spark_submit.py:495} INFO - 23/01/30 19:50:17 INFO Utils: /home/***/.ivy2/jars/org.xerial.snappy_snappy-java-1.1.8.2.jar has been previously copied to /tmp/spark-7a61556f-38bb-4e52-a69c-2764f8e4c7ce/userFiles-37a7a344-b9b6-4385-bb50-bc38f5e257a4/org.xerial.snappy_snappy-java-1.1.8.2.jar
[2023-01-30T19:50:17.174+0000] {spark_submit.py:495} INFO - 23/01/30 19:50:17 INFO Executor: Fetching file:///home/***/.ivy2/jars/org.mongodb_mongodb-driver-core-4.0.5.jar with timestamp 1675108215574
[2023-01-30T19:50:17.176+0000] {spark_submit.py:495} INFO - 23/01/30 19:50:17 INFO Utils: /home/***/.ivy2/jars/org.mongodb_mongodb-driver-core-4.0.5.jar has been previously copied to /tmp/spark-7a61556f-38bb-4e52-a69c-2764f8e4c7ce/userFiles-37a7a344-b9b6-4385-bb50-bc38f5e257a4/org.mongodb_mongodb-driver-core-4.0.5.jar
[2023-01-30T19:50:17.191+0000] {spark_submit.py:495} INFO - 23/01/30 19:50:17 INFO Executor: Fetching file:///home/***/.ivy2/jars/org.apache.spark_spark-sql-kafka-0-10_2.12-3.1.3.jar with timestamp 1675108215574
[2023-01-30T19:50:17.192+0000] {spark_submit.py:495} INFO - 23/01/30 19:50:17 INFO Utils: /home/***/.ivy2/jars/org.apache.spark_spark-sql-kafka-0-10_2.12-3.1.3.jar has been previously copied to /tmp/spark-7a61556f-38bb-4e52-a69c-2764f8e4c7ce/userFiles-37a7a344-b9b6-4385-bb50-bc38f5e257a4/org.apache.spark_spark-sql-kafka-0-10_2.12-3.1.3.jar
[2023-01-30T19:50:17.203+0000] {spark_submit.py:495} INFO - 23/01/30 19:50:17 INFO Executor: Fetching file:///home/***/.ivy2/jars/org.mongodb.spark_mongo-spark-connector_2.12-3.0.1.jar with timestamp 1675108215574
[2023-01-30T19:50:17.205+0000] {spark_submit.py:495} INFO - 23/01/30 19:50:17 INFO Utils: /home/***/.ivy2/jars/org.mongodb.spark_mongo-spark-connector_2.12-3.0.1.jar has been previously copied to /tmp/spark-7a61556f-38bb-4e52-a69c-2764f8e4c7ce/userFiles-37a7a344-b9b6-4385-bb50-bc38f5e257a4/org.mongodb.spark_mongo-spark-connector_2.12-3.0.1.jar
[2023-01-30T19:50:17.213+0000] {spark_submit.py:495} INFO - 23/01/30 19:50:17 INFO Executor: Fetching file:///home/***/.ivy2/jars/org.apache.commons_commons-pool2-2.6.2.jar with timestamp 1675108215574
[2023-01-30T19:50:17.214+0000] {spark_submit.py:495} INFO - 23/01/30 19:50:17 INFO Utils: /home/***/.ivy2/jars/org.apache.commons_commons-pool2-2.6.2.jar has been previously copied to /tmp/spark-7a61556f-38bb-4e52-a69c-2764f8e4c7ce/userFiles-37a7a344-b9b6-4385-bb50-bc38f5e257a4/org.apache.commons_commons-pool2-2.6.2.jar
[2023-01-30T19:50:17.231+0000] {spark_submit.py:495} INFO - 23/01/30 19:50:17 INFO Executor: Fetching file:///home/***/.ivy2/jars/org.slf4j_slf4j-api-1.7.30.jar with timestamp 1675108215574
[2023-01-30T19:50:17.234+0000] {spark_submit.py:495} INFO - 23/01/30 19:50:17 INFO Utils: /home/***/.ivy2/jars/org.slf4j_slf4j-api-1.7.30.jar has been previously copied to /tmp/spark-7a61556f-38bb-4e52-a69c-2764f8e4c7ce/userFiles-37a7a344-b9b6-4385-bb50-bc38f5e257a4/org.slf4j_slf4j-api-1.7.30.jar
[2023-01-30T19:50:17.268+0000] {spark_submit.py:495} INFO - 23/01/30 19:50:17 INFO Executor: Fetching spark://15c99fd3082a:40469/jars/org.mongodb.spark_mongo-spark-connector_2.12-3.0.1.jar with timestamp 1675108215574
[2023-01-30T19:50:17.346+0000] {spark_submit.py:495} INFO - 23/01/30 19:50:17 INFO TransportClientFactory: Successfully created connection to 15c99fd3082a/172.20.0.7:40469 after 58 ms (0 ms spent in bootstraps)
[2023-01-30T19:50:17.376+0000] {spark_submit.py:495} INFO - 23/01/30 19:50:17 INFO Utils: Fetching spark://15c99fd3082a:40469/jars/org.mongodb.spark_mongo-spark-connector_2.12-3.0.1.jar to /tmp/spark-7a61556f-38bb-4e52-a69c-2764f8e4c7ce/userFiles-37a7a344-b9b6-4385-bb50-bc38f5e257a4/fetchFileTemp12702991864350027552.tmp
[2023-01-30T19:50:17.466+0000] {spark_submit.py:495} INFO - 23/01/30 19:50:17 INFO Utils: /tmp/spark-7a61556f-38bb-4e52-a69c-2764f8e4c7ce/userFiles-37a7a344-b9b6-4385-bb50-bc38f5e257a4/fetchFileTemp12702991864350027552.tmp has been previously copied to /tmp/spark-7a61556f-38bb-4e52-a69c-2764f8e4c7ce/userFiles-37a7a344-b9b6-4385-bb50-bc38f5e257a4/org.mongodb.spark_mongo-spark-connector_2.12-3.0.1.jar
[2023-01-30T19:50:17.473+0000] {spark_submit.py:495} INFO - 23/01/30 19:50:17 INFO Executor: Adding file:/tmp/spark-7a61556f-38bb-4e52-a69c-2764f8e4c7ce/userFiles-37a7a344-b9b6-4385-bb50-bc38f5e257a4/org.mongodb.spark_mongo-spark-connector_2.12-3.0.1.jar to class loader
[2023-01-30T19:50:17.474+0000] {spark_submit.py:495} INFO - 23/01/30 19:50:17 INFO Executor: Fetching spark://15c99fd3082a:40469/jars/org.mongodb_bson-4.0.5.jar with timestamp 1675108215574
[2023-01-30T19:50:17.474+0000] {spark_submit.py:495} INFO - 23/01/30 19:50:17 INFO Utils: Fetching spark://15c99fd3082a:40469/jars/org.mongodb_bson-4.0.5.jar to /tmp/spark-7a61556f-38bb-4e52-a69c-2764f8e4c7ce/userFiles-37a7a344-b9b6-4385-bb50-bc38f5e257a4/fetchFileTemp126436107015864227.tmp
[2023-01-30T19:50:17.480+0000] {spark_submit.py:495} INFO - 23/01/30 19:50:17 INFO Utils: /tmp/spark-7a61556f-38bb-4e52-a69c-2764f8e4c7ce/userFiles-37a7a344-b9b6-4385-bb50-bc38f5e257a4/fetchFileTemp126436107015864227.tmp has been previously copied to /tmp/spark-7a61556f-38bb-4e52-a69c-2764f8e4c7ce/userFiles-37a7a344-b9b6-4385-bb50-bc38f5e257a4/org.mongodb_bson-4.0.5.jar
[2023-01-30T19:50:17.484+0000] {spark_submit.py:495} INFO - 23/01/30 19:50:17 INFO Executor: Adding file:/tmp/spark-7a61556f-38bb-4e52-a69c-2764f8e4c7ce/userFiles-37a7a344-b9b6-4385-bb50-bc38f5e257a4/org.mongodb_bson-4.0.5.jar to class loader
[2023-01-30T19:50:17.484+0000] {spark_submit.py:495} INFO - 23/01/30 19:50:17 INFO Executor: Fetching spark://15c99fd3082a:40469/jars/org.slf4j_slf4j-api-1.7.30.jar with timestamp 1675108215574
[2023-01-30T19:50:17.485+0000] {spark_submit.py:495} INFO - 23/01/30 19:50:17 INFO Utils: Fetching spark://15c99fd3082a:40469/jars/org.slf4j_slf4j-api-1.7.30.jar to /tmp/spark-7a61556f-38bb-4e52-a69c-2764f8e4c7ce/userFiles-37a7a344-b9b6-4385-bb50-bc38f5e257a4/fetchFileTemp610725364901422997.tmp
[2023-01-30T19:50:17.492+0000] {spark_submit.py:495} INFO - 23/01/30 19:50:17 INFO Utils: /tmp/spark-7a61556f-38bb-4e52-a69c-2764f8e4c7ce/userFiles-37a7a344-b9b6-4385-bb50-bc38f5e257a4/fetchFileTemp610725364901422997.tmp has been previously copied to /tmp/spark-7a61556f-38bb-4e52-a69c-2764f8e4c7ce/userFiles-37a7a344-b9b6-4385-bb50-bc38f5e257a4/org.slf4j_slf4j-api-1.7.30.jar
[2023-01-30T19:50:17.501+0000] {spark_submit.py:495} INFO - 23/01/30 19:50:17 INFO Executor: Adding file:/tmp/spark-7a61556f-38bb-4e52-a69c-2764f8e4c7ce/userFiles-37a7a344-b9b6-4385-bb50-bc38f5e257a4/org.slf4j_slf4j-api-1.7.30.jar to class loader
[2023-01-30T19:50:17.501+0000] {spark_submit.py:495} INFO - 23/01/30 19:50:17 INFO Executor: Fetching spark://15c99fd3082a:40469/jars/org.lz4_lz4-java-1.7.1.jar with timestamp 1675108215574
[2023-01-30T19:50:17.502+0000] {spark_submit.py:495} INFO - 23/01/30 19:50:17 INFO Utils: Fetching spark://15c99fd3082a:40469/jars/org.lz4_lz4-java-1.7.1.jar to /tmp/spark-7a61556f-38bb-4e52-a69c-2764f8e4c7ce/userFiles-37a7a344-b9b6-4385-bb50-bc38f5e257a4/fetchFileTemp2109626378859892064.tmp
[2023-01-30T19:50:17.511+0000] {spark_submit.py:495} INFO - 23/01/30 19:50:17 INFO Utils: /tmp/spark-7a61556f-38bb-4e52-a69c-2764f8e4c7ce/userFiles-37a7a344-b9b6-4385-bb50-bc38f5e257a4/fetchFileTemp2109626378859892064.tmp has been previously copied to /tmp/spark-7a61556f-38bb-4e52-a69c-2764f8e4c7ce/userFiles-37a7a344-b9b6-4385-bb50-bc38f5e257a4/org.lz4_lz4-java-1.7.1.jar
[2023-01-30T19:50:17.518+0000] {spark_submit.py:495} INFO - 23/01/30 19:50:17 INFO Executor: Adding file:/tmp/spark-7a61556f-38bb-4e52-a69c-2764f8e4c7ce/userFiles-37a7a344-b9b6-4385-bb50-bc38f5e257a4/org.lz4_lz4-java-1.7.1.jar to class loader
[2023-01-30T19:50:17.518+0000] {spark_submit.py:495} INFO - 23/01/30 19:50:17 INFO Executor: Fetching spark://15c99fd3082a:40469/jars/org.apache.kafka_kafka-clients-2.6.0.jar with timestamp 1675108215574
[2023-01-30T19:50:17.519+0000] {spark_submit.py:495} INFO - 23/01/30 19:50:17 INFO Utils: Fetching spark://15c99fd3082a:40469/jars/org.apache.kafka_kafka-clients-2.6.0.jar to /tmp/spark-7a61556f-38bb-4e52-a69c-2764f8e4c7ce/userFiles-37a7a344-b9b6-4385-bb50-bc38f5e257a4/fetchFileTemp14170405860630004714.tmp
[2023-01-30T19:50:17.549+0000] {spark_submit.py:495} INFO - 23/01/30 19:50:17 INFO Utils: /tmp/spark-7a61556f-38bb-4e52-a69c-2764f8e4c7ce/userFiles-37a7a344-b9b6-4385-bb50-bc38f5e257a4/fetchFileTemp14170405860630004714.tmp has been previously copied to /tmp/spark-7a61556f-38bb-4e52-a69c-2764f8e4c7ce/userFiles-37a7a344-b9b6-4385-bb50-bc38f5e257a4/org.apache.kafka_kafka-clients-2.6.0.jar
[2023-01-30T19:50:17.592+0000] {spark_submit.py:495} INFO - 23/01/30 19:50:17 INFO Executor: Adding file:/tmp/spark-7a61556f-38bb-4e52-a69c-2764f8e4c7ce/userFiles-37a7a344-b9b6-4385-bb50-bc38f5e257a4/org.apache.kafka_kafka-clients-2.6.0.jar to class loader
[2023-01-30T19:50:17.593+0000] {spark_submit.py:495} INFO - 23/01/30 19:50:17 INFO Executor: Fetching spark://15c99fd3082a:40469/jars/org.spark-project.spark_unused-1.0.0.jar with timestamp 1675108215574
[2023-01-30T19:50:17.594+0000] {spark_submit.py:495} INFO - 23/01/30 19:50:17 INFO Utils: Fetching spark://15c99fd3082a:40469/jars/org.spark-project.spark_unused-1.0.0.jar to /tmp/spark-7a61556f-38bb-4e52-a69c-2764f8e4c7ce/userFiles-37a7a344-b9b6-4385-bb50-bc38f5e257a4/fetchFileTemp96506704088435304.tmp
[2023-01-30T19:50:17.604+0000] {spark_submit.py:495} INFO - 23/01/30 19:50:17 INFO Utils: /tmp/spark-7a61556f-38bb-4e52-a69c-2764f8e4c7ce/userFiles-37a7a344-b9b6-4385-bb50-bc38f5e257a4/fetchFileTemp96506704088435304.tmp has been previously copied to /tmp/spark-7a61556f-38bb-4e52-a69c-2764f8e4c7ce/userFiles-37a7a344-b9b6-4385-bb50-bc38f5e257a4/org.spark-project.spark_unused-1.0.0.jar
[2023-01-30T19:50:17.614+0000] {spark_submit.py:495} INFO - 23/01/30 19:50:17 INFO Executor: Adding file:/tmp/spark-7a61556f-38bb-4e52-a69c-2764f8e4c7ce/userFiles-37a7a344-b9b6-4385-bb50-bc38f5e257a4/org.spark-project.spark_unused-1.0.0.jar to class loader
[2023-01-30T19:50:17.614+0000] {spark_submit.py:495} INFO - 23/01/30 19:50:17 INFO Executor: Fetching spark://15c99fd3082a:40469/jars/org.apache.spark_spark-token-provider-kafka-0-10_2.12-3.1.3.jar with timestamp 1675108215574
[2023-01-30T19:50:17.618+0000] {spark_submit.py:495} INFO - 23/01/30 19:50:17 INFO Utils: Fetching spark://15c99fd3082a:40469/jars/org.apache.spark_spark-token-provider-kafka-0-10_2.12-3.1.3.jar to /tmp/spark-7a61556f-38bb-4e52-a69c-2764f8e4c7ce/userFiles-37a7a344-b9b6-4385-bb50-bc38f5e257a4/fetchFileTemp9976477906880072709.tmp
[2023-01-30T19:50:17.618+0000] {spark_submit.py:495} INFO - 23/01/30 19:50:17 INFO Utils: /tmp/spark-7a61556f-38bb-4e52-a69c-2764f8e4c7ce/userFiles-37a7a344-b9b6-4385-bb50-bc38f5e257a4/fetchFileTemp9976477906880072709.tmp has been previously copied to /tmp/spark-7a61556f-38bb-4e52-a69c-2764f8e4c7ce/userFiles-37a7a344-b9b6-4385-bb50-bc38f5e257a4/org.apache.spark_spark-token-provider-kafka-0-10_2.12-3.1.3.jar
[2023-01-30T19:50:17.627+0000] {spark_submit.py:495} INFO - 23/01/30 19:50:17 INFO Executor: Adding file:/tmp/spark-7a61556f-38bb-4e52-a69c-2764f8e4c7ce/userFiles-37a7a344-b9b6-4385-bb50-bc38f5e257a4/org.apache.spark_spark-token-provider-kafka-0-10_2.12-3.1.3.jar to class loader
[2023-01-30T19:50:17.627+0000] {spark_submit.py:495} INFO - 23/01/30 19:50:17 INFO Executor: Fetching spark://15c99fd3082a:40469/jars/org.apache.commons_commons-pool2-2.6.2.jar with timestamp 1675108215574
[2023-01-30T19:50:17.629+0000] {spark_submit.py:495} INFO - 23/01/30 19:50:17 INFO Utils: Fetching spark://15c99fd3082a:40469/jars/org.apache.commons_commons-pool2-2.6.2.jar to /tmp/spark-7a61556f-38bb-4e52-a69c-2764f8e4c7ce/userFiles-37a7a344-b9b6-4385-bb50-bc38f5e257a4/fetchFileTemp12893779375592259139.tmp
[2023-01-30T19:50:17.631+0000] {spark_submit.py:495} INFO - 23/01/30 19:50:17 INFO Utils: /tmp/spark-7a61556f-38bb-4e52-a69c-2764f8e4c7ce/userFiles-37a7a344-b9b6-4385-bb50-bc38f5e257a4/fetchFileTemp12893779375592259139.tmp has been previously copied to /tmp/spark-7a61556f-38bb-4e52-a69c-2764f8e4c7ce/userFiles-37a7a344-b9b6-4385-bb50-bc38f5e257a4/org.apache.commons_commons-pool2-2.6.2.jar
[2023-01-30T19:50:17.634+0000] {spark_submit.py:495} INFO - 23/01/30 19:50:17 INFO Executor: Adding file:/tmp/spark-7a61556f-38bb-4e52-a69c-2764f8e4c7ce/userFiles-37a7a344-b9b6-4385-bb50-bc38f5e257a4/org.apache.commons_commons-pool2-2.6.2.jar to class loader
[2023-01-30T19:50:17.638+0000] {spark_submit.py:495} INFO - 23/01/30 19:50:17 INFO Executor: Fetching spark://15c99fd3082a:40469/jars/org.mongodb_mongodb-driver-sync-4.0.5.jar with timestamp 1675108215574
[2023-01-30T19:50:17.639+0000] {spark_submit.py:495} INFO - 23/01/30 19:50:17 INFO Utils: Fetching spark://15c99fd3082a:40469/jars/org.mongodb_mongodb-driver-sync-4.0.5.jar to /tmp/spark-7a61556f-38bb-4e52-a69c-2764f8e4c7ce/userFiles-37a7a344-b9b6-4385-bb50-bc38f5e257a4/fetchFileTemp15551255063960824052.tmp
[2023-01-30T19:50:17.645+0000] {spark_submit.py:495} INFO - 23/01/30 19:50:17 INFO Utils: /tmp/spark-7a61556f-38bb-4e52-a69c-2764f8e4c7ce/userFiles-37a7a344-b9b6-4385-bb50-bc38f5e257a4/fetchFileTemp15551255063960824052.tmp has been previously copied to /tmp/spark-7a61556f-38bb-4e52-a69c-2764f8e4c7ce/userFiles-37a7a344-b9b6-4385-bb50-bc38f5e257a4/org.mongodb_mongodb-driver-sync-4.0.5.jar
[2023-01-30T19:50:17.649+0000] {spark_submit.py:495} INFO - 23/01/30 19:50:17 INFO Executor: Adding file:/tmp/spark-7a61556f-38bb-4e52-a69c-2764f8e4c7ce/userFiles-37a7a344-b9b6-4385-bb50-bc38f5e257a4/org.mongodb_mongodb-driver-sync-4.0.5.jar to class loader
[2023-01-30T19:50:17.650+0000] {spark_submit.py:495} INFO - 23/01/30 19:50:17 INFO Executor: Fetching spark://15c99fd3082a:40469/jars/org.apache.spark_spark-sql-kafka-0-10_2.12-3.1.3.jar with timestamp 1675108215574
[2023-01-30T19:50:17.650+0000] {spark_submit.py:495} INFO - 23/01/30 19:50:17 INFO Utils: Fetching spark://15c99fd3082a:40469/jars/org.apache.spark_spark-sql-kafka-0-10_2.12-3.1.3.jar to /tmp/spark-7a61556f-38bb-4e52-a69c-2764f8e4c7ce/userFiles-37a7a344-b9b6-4385-bb50-bc38f5e257a4/fetchFileTemp4352538730254360820.tmp
[2023-01-30T19:50:17.653+0000] {spark_submit.py:495} INFO - 23/01/30 19:50:17 INFO Utils: /tmp/spark-7a61556f-38bb-4e52-a69c-2764f8e4c7ce/userFiles-37a7a344-b9b6-4385-bb50-bc38f5e257a4/fetchFileTemp4352538730254360820.tmp has been previously copied to /tmp/spark-7a61556f-38bb-4e52-a69c-2764f8e4c7ce/userFiles-37a7a344-b9b6-4385-bb50-bc38f5e257a4/org.apache.spark_spark-sql-kafka-0-10_2.12-3.1.3.jar
[2023-01-30T19:50:17.662+0000] {spark_submit.py:495} INFO - 23/01/30 19:50:17 INFO Executor: Adding file:/tmp/spark-7a61556f-38bb-4e52-a69c-2764f8e4c7ce/userFiles-37a7a344-b9b6-4385-bb50-bc38f5e257a4/org.apache.spark_spark-sql-kafka-0-10_2.12-3.1.3.jar to class loader
[2023-01-30T19:50:17.662+0000] {spark_submit.py:495} INFO - 23/01/30 19:50:17 INFO Executor: Fetching spark://15c99fd3082a:40469/jars/org.xerial.snappy_snappy-java-1.1.8.2.jar with timestamp 1675108215574
[2023-01-30T19:50:17.662+0000] {spark_submit.py:495} INFO - 23/01/30 19:50:17 INFO Utils: Fetching spark://15c99fd3082a:40469/jars/org.xerial.snappy_snappy-java-1.1.8.2.jar to /tmp/spark-7a61556f-38bb-4e52-a69c-2764f8e4c7ce/userFiles-37a7a344-b9b6-4385-bb50-bc38f5e257a4/fetchFileTemp3895573674636420561.tmp
[2023-01-30T19:50:17.688+0000] {spark_submit.py:495} INFO - 23/01/30 19:50:17 INFO Utils: /tmp/spark-7a61556f-38bb-4e52-a69c-2764f8e4c7ce/userFiles-37a7a344-b9b6-4385-bb50-bc38f5e257a4/fetchFileTemp3895573674636420561.tmp has been previously copied to /tmp/spark-7a61556f-38bb-4e52-a69c-2764f8e4c7ce/userFiles-37a7a344-b9b6-4385-bb50-bc38f5e257a4/org.xerial.snappy_snappy-java-1.1.8.2.jar
[2023-01-30T19:50:17.717+0000] {spark_submit.py:495} INFO - 23/01/30 19:50:17 INFO Executor: Adding file:/tmp/spark-7a61556f-38bb-4e52-a69c-2764f8e4c7ce/userFiles-37a7a344-b9b6-4385-bb50-bc38f5e257a4/org.xerial.snappy_snappy-java-1.1.8.2.jar to class loader
[2023-01-30T19:50:17.717+0000] {spark_submit.py:495} INFO - 23/01/30 19:50:17 INFO Executor: Fetching spark://15c99fd3082a:40469/jars/org.mongodb_mongodb-driver-core-4.0.5.jar with timestamp 1675108215574
[2023-01-30T19:50:17.721+0000] {spark_submit.py:495} INFO - 23/01/30 19:50:17 INFO Utils: Fetching spark://15c99fd3082a:40469/jars/org.mongodb_mongodb-driver-core-4.0.5.jar to /tmp/spark-7a61556f-38bb-4e52-a69c-2764f8e4c7ce/userFiles-37a7a344-b9b6-4385-bb50-bc38f5e257a4/fetchFileTemp15063499272167274793.tmp
[2023-01-30T19:50:17.733+0000] {spark_submit.py:495} INFO - 23/01/30 19:50:17 INFO Utils: /tmp/spark-7a61556f-38bb-4e52-a69c-2764f8e4c7ce/userFiles-37a7a344-b9b6-4385-bb50-bc38f5e257a4/fetchFileTemp15063499272167274793.tmp has been previously copied to /tmp/spark-7a61556f-38bb-4e52-a69c-2764f8e4c7ce/userFiles-37a7a344-b9b6-4385-bb50-bc38f5e257a4/org.mongodb_mongodb-driver-core-4.0.5.jar
[2023-01-30T19:50:17.747+0000] {spark_submit.py:495} INFO - 23/01/30 19:50:17 INFO Executor: Adding file:/tmp/spark-7a61556f-38bb-4e52-a69c-2764f8e4c7ce/userFiles-37a7a344-b9b6-4385-bb50-bc38f5e257a4/org.mongodb_mongodb-driver-core-4.0.5.jar to class loader
[2023-01-30T19:50:17.748+0000] {spark_submit.py:495} INFO - 23/01/30 19:50:17 INFO Executor: Fetching spark://15c99fd3082a:40469/jars/com.github.luben_zstd-jni-1.4.8-1.jar with timestamp 1675108215574
[2023-01-30T19:50:17.750+0000] {spark_submit.py:495} INFO - 23/01/30 19:50:17 INFO Utils: Fetching spark://15c99fd3082a:40469/jars/com.github.luben_zstd-jni-1.4.8-1.jar to /tmp/spark-7a61556f-38bb-4e52-a69c-2764f8e4c7ce/userFiles-37a7a344-b9b6-4385-bb50-bc38f5e257a4/fetchFileTemp7384872044218252558.tmp
[2023-01-30T19:50:17.899+0000] {spark_submit.py:495} INFO - 23/01/30 19:50:17 INFO Utils: /tmp/spark-7a61556f-38bb-4e52-a69c-2764f8e4c7ce/userFiles-37a7a344-b9b6-4385-bb50-bc38f5e257a4/fetchFileTemp7384872044218252558.tmp has been previously copied to /tmp/spark-7a61556f-38bb-4e52-a69c-2764f8e4c7ce/userFiles-37a7a344-b9b6-4385-bb50-bc38f5e257a4/com.github.luben_zstd-jni-1.4.8-1.jar
[2023-01-30T19:50:17.954+0000] {spark_submit.py:495} INFO - 23/01/30 19:50:17 INFO Executor: Adding file:/tmp/spark-7a61556f-38bb-4e52-a69c-2764f8e4c7ce/userFiles-37a7a344-b9b6-4385-bb50-bc38f5e257a4/com.github.luben_zstd-jni-1.4.8-1.jar to class loader
[2023-01-30T19:50:17.961+0000] {spark_submit.py:495} INFO - 23/01/30 19:50:17 INFO Utils: Successfully started service 'org.apache.spark.network.netty.NettyBlockTransferService' on port 42309.
[2023-01-30T19:50:17.961+0000] {spark_submit.py:495} INFO - 23/01/30 19:50:17 INFO NettyBlockTransferService: Server created on 15c99fd3082a:42309
[2023-01-30T19:50:17.964+0000] {spark_submit.py:495} INFO - 23/01/30 19:50:17 INFO BlockManager: Using org.apache.spark.storage.RandomBlockReplicationPolicy for block replication policy
[2023-01-30T19:50:17.982+0000] {spark_submit.py:495} INFO - 23/01/30 19:50:17 INFO BlockManagerMaster: Registering BlockManager BlockManagerId(driver, 15c99fd3082a, 42309, None)
[2023-01-30T19:50:17.988+0000] {spark_submit.py:495} INFO - 23/01/30 19:50:17 INFO BlockManagerMasterEndpoint: Registering block manager 15c99fd3082a:42309 with 434.4 MiB RAM, BlockManagerId(driver, 15c99fd3082a, 42309, None)
[2023-01-30T19:50:17.988+0000] {spark_submit.py:495} INFO - 23/01/30 19:50:17 INFO BlockManagerMaster: Registered BlockManager BlockManagerId(driver, 15c99fd3082a, 42309, None)
[2023-01-30T19:50:17.990+0000] {spark_submit.py:495} INFO - 23/01/30 19:50:17 INFO BlockManager: Initialized BlockManager: BlockManagerId(driver, 15c99fd3082a, 42309, None)
[2023-01-30T19:50:21.881+0000] {local_task_job.py:207} WARNING - Recorded pid 28443 does not match the current pid 28197
[2023-01-30T19:50:21.883+0000] {process_utils.py:133} INFO - Sending Signals.SIGTERM to group 28197. PIDs of all processes in the group: [28210, 28305, 28475, 28197]
[2023-01-30T19:50:21.883+0000] {process_utils.py:84} INFO - Sending the signal Signals.SIGTERM to group 28197
[2023-01-30T19:50:21.883+0000] {taskinstance.py:1483} ERROR - Received SIGTERM. Terminating subprocesses.
[2023-01-30T19:50:21.883+0000] {spark_submit.py:620} INFO - Sending kill signal to spark-submit
[2023-01-30T19:50:21.897+0000] {taskinstance.py:1772} ERROR - Task failed with exception
Traceback (most recent call last):
  File "/home/airflow/.local/lib/python3.7/site-packages/airflow/providers/apache/spark/operators/spark_submit.py", line 157, in execute
    self._hook.submit(self._application)
  File "/home/airflow/.local/lib/python3.7/site-packages/airflow/providers/apache/spark/hooks/spark_submit.py", line 414, in submit
    self._process_spark_submit_log(iter(self._submit_sp.stdout))  # type: ignore
  File "/home/airflow/.local/lib/python3.7/site-packages/airflow/providers/apache/spark/hooks/spark_submit.py", line 463, in _process_spark_submit_log
    for line in itr:
  File "/home/airflow/.local/lib/python3.7/site-packages/airflow/models/taskinstance.py", line 1485, in signal_handler
    raise AirflowException("Task received SIGTERM signal")
airflow.exceptions.AirflowException: Task received SIGTERM signal
[2023-01-30T19:50:21.901+0000] {taskinstance.py:1327} INFO - Marking task as UP_FOR_RETRY. dag_id=Streaming_pipeline_meli, task_id=consumer_data_of_topic, execution_date=20230127T184927, start_date=20230130T195021, end_date=20230130T195021
[2023-01-30T19:50:21.919+0000] {standard_task_runner.py:105} ERROR - Failed to execute job 1256 for task consumer_data_of_topic (Task received SIGTERM signal; 28197)
[2023-01-30T19:50:21.937+0000] {process_utils.py:79} INFO - Process psutil.Process(pid=28305, status='terminated', started='19:50:14') (28305) terminated with exit code None
[2023-01-30T19:50:21.937+0000] {process_utils.py:79} INFO - Process psutil.Process(pid=28197, status='terminated', exitcode=1, started='19:50:11') (28197) terminated with exit code 1
[2023-01-30T19:50:21.937+0000] {process_utils.py:79} INFO - Process psutil.Process(pid=28210, status='terminated', started='19:50:11') (28210) terminated with exit code None
[2023-01-30T19:50:21.938+0000] {process_utils.py:79} INFO - Process psutil.Process(pid=28475, status='terminated', started='19:50:21') (28475) terminated with exit code None
