[2023-02-08T20:26:48.889+0000] {taskinstance.py:1087} INFO - Dependencies all met for <TaskInstance: Streaming_pipeline_meli.consumer_data_of_topic manual__2023-02-08T20:26:46.092335+00:00 [queued]>
[2023-02-08T20:26:48.901+0000] {taskinstance.py:1087} INFO - Dependencies all met for <TaskInstance: Streaming_pipeline_meli.consumer_data_of_topic manual__2023-02-08T20:26:46.092335+00:00 [queued]>
[2023-02-08T20:26:48.901+0000] {taskinstance.py:1283} INFO - 
--------------------------------------------------------------------------------
[2023-02-08T20:26:48.901+0000] {taskinstance.py:1284} INFO - Starting attempt 1 of 6
[2023-02-08T20:26:48.901+0000] {taskinstance.py:1285} INFO - 
--------------------------------------------------------------------------------
[2023-02-08T20:26:48.928+0000] {taskinstance.py:1304} INFO - Executing <Task(SparkSubmitOperator): consumer_data_of_topic> on 2023-02-08 20:26:46.092335+00:00
[2023-02-08T20:26:48.936+0000] {standard_task_runner.py:55} INFO - Started process 5832 to run task
[2023-02-08T20:26:48.939+0000] {standard_task_runner.py:82} INFO - Running: ['***', 'tasks', 'run', 'Streaming_pipeline_meli', 'consumer_data_of_topic', 'manual__2023-02-08T20:26:46.092335+00:00', '--job-id', '1423', '--raw', '--subdir', 'DAGS_FOLDER/streamPipeline.py', '--cfg-path', '/tmp/tmpwd773q0j']
[2023-02-08T20:26:48.939+0000] {standard_task_runner.py:83} INFO - Job 1423: Subtask consumer_data_of_topic
[2023-02-08T20:26:49.014+0000] {task_command.py:389} INFO - Running <TaskInstance: Streaming_pipeline_meli.consumer_data_of_topic manual__2023-02-08T20:26:46.092335+00:00 [running]> on host b55acaa82944
[2023-02-08T20:26:49.089+0000] {taskinstance.py:1513} INFO - Exporting the following env vars:
AIRFLOW_CTX_DAG_OWNER=***
AIRFLOW_CTX_DAG_ID=Streaming_pipeline_meli
AIRFLOW_CTX_TASK_ID=consumer_data_of_topic
AIRFLOW_CTX_EXECUTION_DATE=2023-02-08T20:26:46.092335+00:00
AIRFLOW_CTX_TRY_NUMBER=1
AIRFLOW_CTX_DAG_RUN_ID=manual__2023-02-08T20:26:46.092335+00:00
[2023-02-08T20:26:49.097+0000] {base.py:73} INFO - Using connection ID 'spark_default' for task execution.
[2023-02-08T20:26:49.098+0000] {spark_submit.py:344} INFO - Spark-Submit cmd: spark-submit --master spark://tomi-H310:7077 --packages org.apache.spark:spark-sql-kafka-0-10_2.12:3.1.3,org.mongodb.spark:mongo-spark-connector_2.12:3.0.1 --name arrow-spark --queue root.default /opt/***/dags/consumerSpark.py
[2023-02-08T20:26:49.203+0000] {spark_submit.py:495} INFO - /home/***/.local/lib/python3.7/site-packages/pyspark/bin/load-spark-env.sh: line 68: ps: command not found
[2023-02-08T20:26:51.486+0000] {spark_submit.py:495} INFO - :: loading settings :: url = jar:file:/home/***/.local/lib/python3.7/site-packages/pyspark/jars/ivy-2.5.0.jar!/org/apache/ivy/core/settings/ivysettings.xml
[2023-02-08T20:26:51.543+0000] {spark_submit.py:495} INFO - Ivy Default Cache set to: /home/***/.ivy2/cache
[2023-02-08T20:26:51.543+0000] {spark_submit.py:495} INFO - The jars for the packages stored in: /home/***/.ivy2/jars
[2023-02-08T20:26:51.548+0000] {spark_submit.py:495} INFO - org.apache.spark#spark-sql-kafka-0-10_2.12 added as a dependency
[2023-02-08T20:26:51.548+0000] {spark_submit.py:495} INFO - org.mongodb.spark#mongo-spark-connector_2.12 added as a dependency
[2023-02-08T20:26:51.550+0000] {spark_submit.py:495} INFO - :: resolving dependencies :: org.apache.spark#spark-submit-parent-c3846513-0f22-4a06-9fac-1d8a1ced2a02;1.0
[2023-02-08T20:26:51.550+0000] {spark_submit.py:495} INFO - confs: [default]
[2023-02-08T20:26:51.711+0000] {spark_submit.py:495} INFO - found org.apache.spark#spark-sql-kafka-0-10_2.12;3.1.3 in central
[2023-02-08T20:26:51.768+0000] {spark_submit.py:495} INFO - found org.apache.spark#spark-token-provider-kafka-0-10_2.12;3.1.3 in central
[2023-02-08T20:26:51.792+0000] {spark_submit.py:495} INFO - found org.apache.kafka#kafka-clients;2.6.0 in central
[2023-02-08T20:26:51.814+0000] {spark_submit.py:495} INFO - found com.github.luben#zstd-jni;1.4.8-1 in central
[2023-02-08T20:26:51.835+0000] {spark_submit.py:495} INFO - found org.lz4#lz4-java;1.7.1 in central
[2023-02-08T20:26:51.852+0000] {spark_submit.py:495} INFO - found org.xerial.snappy#snappy-java;1.1.8.2 in central
[2023-02-08T20:26:51.867+0000] {spark_submit.py:495} INFO - found org.slf4j#slf4j-api;1.7.30 in central
[2023-02-08T20:26:51.880+0000] {spark_submit.py:495} INFO - found org.spark-project.spark#unused;1.0.0 in central
[2023-02-08T20:26:51.893+0000] {spark_submit.py:495} INFO - found org.apache.commons#commons-pool2;2.6.2 in central
[2023-02-08T20:26:51.905+0000] {spark_submit.py:495} INFO - found org.mongodb.spark#mongo-spark-connector_2.12;3.0.1 in central
[2023-02-08T20:26:51.914+0000] {spark_submit.py:495} INFO - found org.mongodb#mongodb-driver-sync;4.0.5 in central
[2023-02-08T20:26:51.927+0000] {spark_submit.py:495} INFO - found org.mongodb#bson;4.0.5 in central
[2023-02-08T20:26:51.936+0000] {spark_submit.py:495} INFO - found org.mongodb#mongodb-driver-core;4.0.5 in central
[2023-02-08T20:26:51.962+0000] {spark_submit.py:495} INFO - :: resolution report :: resolve 399ms :: artifacts dl 13ms
[2023-02-08T20:26:51.962+0000] {spark_submit.py:495} INFO - :: modules in use:
[2023-02-08T20:26:51.962+0000] {spark_submit.py:495} INFO - com.github.luben#zstd-jni;1.4.8-1 from central in [default]
[2023-02-08T20:26:51.963+0000] {spark_submit.py:495} INFO - org.apache.commons#commons-pool2;2.6.2 from central in [default]
[2023-02-08T20:26:51.963+0000] {spark_submit.py:495} INFO - org.apache.kafka#kafka-clients;2.6.0 from central in [default]
[2023-02-08T20:26:51.963+0000] {spark_submit.py:495} INFO - org.apache.spark#spark-sql-kafka-0-10_2.12;3.1.3 from central in [default]
[2023-02-08T20:26:51.963+0000] {spark_submit.py:495} INFO - org.apache.spark#spark-token-provider-kafka-0-10_2.12;3.1.3 from central in [default]
[2023-02-08T20:26:51.963+0000] {spark_submit.py:495} INFO - org.lz4#lz4-java;1.7.1 from central in [default]
[2023-02-08T20:26:51.964+0000] {spark_submit.py:495} INFO - org.mongodb#bson;4.0.5 from central in [default]
[2023-02-08T20:26:51.964+0000] {spark_submit.py:495} INFO - org.mongodb#mongodb-driver-core;4.0.5 from central in [default]
[2023-02-08T20:26:51.964+0000] {spark_submit.py:495} INFO - org.mongodb#mongodb-driver-sync;4.0.5 from central in [default]
[2023-02-08T20:26:51.964+0000] {spark_submit.py:495} INFO - org.mongodb.spark#mongo-spark-connector_2.12;3.0.1 from central in [default]
[2023-02-08T20:26:51.964+0000] {spark_submit.py:495} INFO - org.slf4j#slf4j-api;1.7.30 from central in [default]
[2023-02-08T20:26:51.965+0000] {spark_submit.py:495} INFO - org.spark-project.spark#unused;1.0.0 from central in [default]
[2023-02-08T20:26:51.965+0000] {spark_submit.py:495} INFO - org.xerial.snappy#snappy-java;1.1.8.2 from central in [default]
[2023-02-08T20:26:51.965+0000] {spark_submit.py:495} INFO - ---------------------------------------------------------------------
[2023-02-08T20:26:51.965+0000] {spark_submit.py:495} INFO - |                  |            modules            ||   artifacts   |
[2023-02-08T20:26:51.965+0000] {spark_submit.py:495} INFO - |       conf       | number| search|dwnlded|evicted|| number|dwnlded|
[2023-02-08T20:26:51.966+0000] {spark_submit.py:495} INFO - ---------------------------------------------------------------------
[2023-02-08T20:26:51.966+0000] {spark_submit.py:495} INFO - |      default     |   13  |   0   |   0   |   0   ||   13  |   0   |
[2023-02-08T20:26:51.966+0000] {spark_submit.py:495} INFO - ---------------------------------------------------------------------
[2023-02-08T20:26:51.971+0000] {spark_submit.py:495} INFO - :: retrieving :: org.apache.spark#spark-submit-parent-c3846513-0f22-4a06-9fac-1d8a1ced2a02
[2023-02-08T20:26:51.972+0000] {spark_submit.py:495} INFO - confs: [default]
[2023-02-08T20:26:51.979+0000] {spark_submit.py:495} INFO - 0 artifacts copied, 13 already retrieved (0kB/7ms)
[2023-02-08T20:26:52.185+0000] {spark_submit.py:495} INFO - 23/02/08 20:26:52 WARN NativeCodeLoader: Unable to load native-hadoop library for your platform... using builtin-java classes where applicable
[2023-02-08T20:26:53.096+0000] {spark_submit.py:495} INFO - 23/02/08 20:26:53 INFO SparkContext: Running Spark version 3.3.1
[2023-02-08T20:26:53.114+0000] {spark_submit.py:495} INFO - 23/02/08 20:26:53 INFO ResourceUtils: ==============================================================
[2023-02-08T20:26:53.118+0000] {spark_submit.py:495} INFO - 23/02/08 20:26:53 INFO ResourceUtils: No custom resources configured for spark.driver.
[2023-02-08T20:26:53.118+0000] {spark_submit.py:495} INFO - 23/02/08 20:26:53 INFO ResourceUtils: ==============================================================
[2023-02-08T20:26:53.118+0000] {spark_submit.py:495} INFO - 23/02/08 20:26:53 INFO SparkContext: Submitted application: arrow-spark
[2023-02-08T20:26:53.147+0000] {spark_submit.py:495} INFO - 23/02/08 20:26:53 INFO ResourceProfile: Default ResourceProfile created, executor resources: Map(cores -> name: cores, amount: 1, script: , vendor: , memory -> name: memory, amount: 1024, script: , vendor: , offHeap -> name: offHeap, amount: 0, script: , vendor: ), task resources: Map(cpus -> name: cpus, amount: 1.0)
[2023-02-08T20:26:53.163+0000] {spark_submit.py:495} INFO - 23/02/08 20:26:53 INFO ResourceProfile: Limiting resource is cpu
[2023-02-08T20:26:53.163+0000] {spark_submit.py:495} INFO - 23/02/08 20:26:53 INFO ResourceProfileManager: Added ResourceProfile id: 0
[2023-02-08T20:26:53.203+0000] {spark_submit.py:495} INFO - 23/02/08 20:26:53 INFO SecurityManager: Changing view acls to: default
[2023-02-08T20:26:53.204+0000] {spark_submit.py:495} INFO - 23/02/08 20:26:53 INFO SecurityManager: Changing modify acls to: default
[2023-02-08T20:26:53.204+0000] {spark_submit.py:495} INFO - 23/02/08 20:26:53 INFO SecurityManager: Changing view acls groups to:
[2023-02-08T20:26:53.204+0000] {spark_submit.py:495} INFO - 23/02/08 20:26:53 INFO SecurityManager: Changing modify acls groups to:
[2023-02-08T20:26:53.204+0000] {spark_submit.py:495} INFO - 23/02/08 20:26:53 INFO SecurityManager: SecurityManager: authentication disabled; ui acls disabled; users  with view permissions: Set(default); groups with view permissions: Set(); users  with modify permissions: Set(default); groups with modify permissions: Set()
[2023-02-08T20:26:53.575+0000] {spark_submit.py:495} INFO - 23/02/08 20:26:53 INFO Utils: Successfully started service 'sparkDriver' on port 41639.
[2023-02-08T20:26:53.597+0000] {spark_submit.py:495} INFO - 23/02/08 20:26:53 INFO SparkEnv: Registering MapOutputTracker
[2023-02-08T20:26:53.627+0000] {spark_submit.py:495} INFO - 23/02/08 20:26:53 INFO SparkEnv: Registering BlockManagerMaster
[2023-02-08T20:26:53.645+0000] {spark_submit.py:495} INFO - 23/02/08 20:26:53 INFO BlockManagerMasterEndpoint: Using org.apache.spark.storage.DefaultTopologyMapper for getting topology information
[2023-02-08T20:26:53.647+0000] {spark_submit.py:495} INFO - 23/02/08 20:26:53 INFO BlockManagerMasterEndpoint: BlockManagerMasterEndpoint up
[2023-02-08T20:26:53.656+0000] {spark_submit.py:495} INFO - 23/02/08 20:26:53 INFO SparkEnv: Registering BlockManagerMasterHeartbeat
[2023-02-08T20:26:53.677+0000] {spark_submit.py:495} INFO - 23/02/08 20:26:53 INFO DiskBlockManager: Created local directory at /tmp/blockmgr-48ec3b9b-dfa9-41f2-a86b-6f7ddbfdb37c
[2023-02-08T20:26:53.700+0000] {spark_submit.py:495} INFO - 23/02/08 20:26:53 INFO MemoryStore: MemoryStore started with capacity 434.4 MiB
[2023-02-08T20:26:53.714+0000] {spark_submit.py:495} INFO - 23/02/08 20:26:53 INFO SparkEnv: Registering OutputCommitCoordinator
[2023-02-08T20:26:53.940+0000] {spark_submit.py:495} INFO - 23/02/08 20:26:53 INFO Utils: Successfully started service 'SparkUI' on port 4040.
[2023-02-08T20:26:53.967+0000] {spark_submit.py:495} INFO - 23/02/08 20:26:53 INFO SparkContext: Added JAR file:///home/***/.ivy2/jars/org.apache.spark_spark-sql-kafka-0-10_2.12-3.1.3.jar at spark://b55acaa82944:41639/jars/org.apache.spark_spark-sql-kafka-0-10_2.12-3.1.3.jar with timestamp 1675888013086
[2023-02-08T20:26:53.967+0000] {spark_submit.py:495} INFO - 23/02/08 20:26:53 INFO SparkContext: Added JAR file:///home/***/.ivy2/jars/org.mongodb.spark_mongo-spark-connector_2.12-3.0.1.jar at spark://b55acaa82944:41639/jars/org.mongodb.spark_mongo-spark-connector_2.12-3.0.1.jar with timestamp 1675888013086
[2023-02-08T20:26:53.967+0000] {spark_submit.py:495} INFO - 23/02/08 20:26:53 INFO SparkContext: Added JAR file:///home/***/.ivy2/jars/org.apache.spark_spark-token-provider-kafka-0-10_2.12-3.1.3.jar at spark://b55acaa82944:41639/jars/org.apache.spark_spark-token-provider-kafka-0-10_2.12-3.1.3.jar with timestamp 1675888013086
[2023-02-08T20:26:53.967+0000] {spark_submit.py:495} INFO - 23/02/08 20:26:53 INFO SparkContext: Added JAR file:///home/***/.ivy2/jars/org.apache.kafka_kafka-clients-2.6.0.jar at spark://b55acaa82944:41639/jars/org.apache.kafka_kafka-clients-2.6.0.jar with timestamp 1675888013086
[2023-02-08T20:26:53.967+0000] {spark_submit.py:495} INFO - 23/02/08 20:26:53 INFO SparkContext: Added JAR file:///home/***/.ivy2/jars/org.apache.commons_commons-pool2-2.6.2.jar at spark://b55acaa82944:41639/jars/org.apache.commons_commons-pool2-2.6.2.jar with timestamp 1675888013086
[2023-02-08T20:26:53.967+0000] {spark_submit.py:495} INFO - 23/02/08 20:26:53 INFO SparkContext: Added JAR file:///home/***/.ivy2/jars/org.spark-project.spark_unused-1.0.0.jar at spark://b55acaa82944:41639/jars/org.spark-project.spark_unused-1.0.0.jar with timestamp 1675888013086
[2023-02-08T20:26:53.967+0000] {spark_submit.py:495} INFO - 23/02/08 20:26:53 INFO SparkContext: Added JAR file:///home/***/.ivy2/jars/com.github.luben_zstd-jni-1.4.8-1.jar at spark://b55acaa82944:41639/jars/com.github.luben_zstd-jni-1.4.8-1.jar with timestamp 1675888013086
[2023-02-08T20:26:53.968+0000] {spark_submit.py:495} INFO - 23/02/08 20:26:53 INFO SparkContext: Added JAR file:///home/***/.ivy2/jars/org.lz4_lz4-java-1.7.1.jar at spark://b55acaa82944:41639/jars/org.lz4_lz4-java-1.7.1.jar with timestamp 1675888013086
[2023-02-08T20:26:53.968+0000] {spark_submit.py:495} INFO - 23/02/08 20:26:53 INFO SparkContext: Added JAR file:///home/***/.ivy2/jars/org.xerial.snappy_snappy-java-1.1.8.2.jar at spark://b55acaa82944:41639/jars/org.xerial.snappy_snappy-java-1.1.8.2.jar with timestamp 1675888013086
[2023-02-08T20:26:53.968+0000] {spark_submit.py:495} INFO - 23/02/08 20:26:53 INFO SparkContext: Added JAR file:///home/***/.ivy2/jars/org.slf4j_slf4j-api-1.7.30.jar at spark://b55acaa82944:41639/jars/org.slf4j_slf4j-api-1.7.30.jar with timestamp 1675888013086
[2023-02-08T20:26:53.968+0000] {spark_submit.py:495} INFO - 23/02/08 20:26:53 INFO SparkContext: Added JAR file:///home/***/.ivy2/jars/org.mongodb_mongodb-driver-sync-4.0.5.jar at spark://b55acaa82944:41639/jars/org.mongodb_mongodb-driver-sync-4.0.5.jar with timestamp 1675888013086
[2023-02-08T20:26:53.968+0000] {spark_submit.py:495} INFO - 23/02/08 20:26:53 INFO SparkContext: Added JAR file:///home/***/.ivy2/jars/org.mongodb_bson-4.0.5.jar at spark://b55acaa82944:41639/jars/org.mongodb_bson-4.0.5.jar with timestamp 1675888013086
[2023-02-08T20:26:53.968+0000] {spark_submit.py:495} INFO - 23/02/08 20:26:53 INFO SparkContext: Added JAR file:///home/***/.ivy2/jars/org.mongodb_mongodb-driver-core-4.0.5.jar at spark://b55acaa82944:41639/jars/org.mongodb_mongodb-driver-core-4.0.5.jar with timestamp 1675888013086
[2023-02-08T20:26:53.971+0000] {spark_submit.py:495} INFO - 23/02/08 20:26:53 INFO SparkContext: Added file file:///home/***/.ivy2/jars/org.apache.spark_spark-sql-kafka-0-10_2.12-3.1.3.jar at file:///home/***/.ivy2/jars/org.apache.spark_spark-sql-kafka-0-10_2.12-3.1.3.jar with timestamp 1675888013086
[2023-02-08T20:26:53.971+0000] {spark_submit.py:495} INFO - 23/02/08 20:26:53 INFO Utils: Copying /home/***/.ivy2/jars/org.apache.spark_spark-sql-kafka-0-10_2.12-3.1.3.jar to /tmp/spark-567a2d32-e602-4942-9ac5-97d0b31734c6/userFiles-db936eae-48e2-4930-974a-05e291d6b873/org.apache.spark_spark-sql-kafka-0-10_2.12-3.1.3.jar
[2023-02-08T20:26:53.981+0000] {spark_submit.py:495} INFO - 23/02/08 20:26:53 INFO SparkContext: Added file file:///home/***/.ivy2/jars/org.mongodb.spark_mongo-spark-connector_2.12-3.0.1.jar at file:///home/***/.ivy2/jars/org.mongodb.spark_mongo-spark-connector_2.12-3.0.1.jar with timestamp 1675888013086
[2023-02-08T20:26:53.981+0000] {spark_submit.py:495} INFO - 23/02/08 20:26:53 INFO Utils: Copying /home/***/.ivy2/jars/org.mongodb.spark_mongo-spark-connector_2.12-3.0.1.jar to /tmp/spark-567a2d32-e602-4942-9ac5-97d0b31734c6/userFiles-db936eae-48e2-4930-974a-05e291d6b873/org.mongodb.spark_mongo-spark-connector_2.12-3.0.1.jar
[2023-02-08T20:26:53.994+0000] {spark_submit.py:495} INFO - 23/02/08 20:26:53 INFO SparkContext: Added file file:///home/***/.ivy2/jars/org.apache.spark_spark-token-provider-kafka-0-10_2.12-3.1.3.jar at file:///home/***/.ivy2/jars/org.apache.spark_spark-token-provider-kafka-0-10_2.12-3.1.3.jar with timestamp 1675888013086
[2023-02-08T20:26:53.995+0000] {spark_submit.py:495} INFO - 23/02/08 20:26:53 INFO Utils: Copying /home/***/.ivy2/jars/org.apache.spark_spark-token-provider-kafka-0-10_2.12-3.1.3.jar to /tmp/spark-567a2d32-e602-4942-9ac5-97d0b31734c6/userFiles-db936eae-48e2-4930-974a-05e291d6b873/org.apache.spark_spark-token-provider-kafka-0-10_2.12-3.1.3.jar
[2023-02-08T20:26:54.004+0000] {spark_submit.py:495} INFO - 23/02/08 20:26:54 INFO SparkContext: Added file file:///home/***/.ivy2/jars/org.apache.kafka_kafka-clients-2.6.0.jar at file:///home/***/.ivy2/jars/org.apache.kafka_kafka-clients-2.6.0.jar with timestamp 1675888013086
[2023-02-08T20:26:54.005+0000] {spark_submit.py:495} INFO - 23/02/08 20:26:54 INFO Utils: Copying /home/***/.ivy2/jars/org.apache.kafka_kafka-clients-2.6.0.jar to /tmp/spark-567a2d32-e602-4942-9ac5-97d0b31734c6/userFiles-db936eae-48e2-4930-974a-05e291d6b873/org.apache.kafka_kafka-clients-2.6.0.jar
[2023-02-08T20:26:54.012+0000] {spark_submit.py:495} INFO - 23/02/08 20:26:54 INFO SparkContext: Added file file:///home/***/.ivy2/jars/org.apache.commons_commons-pool2-2.6.2.jar at file:///home/***/.ivy2/jars/org.apache.commons_commons-pool2-2.6.2.jar with timestamp 1675888013086
[2023-02-08T20:26:54.012+0000] {spark_submit.py:495} INFO - 23/02/08 20:26:54 INFO Utils: Copying /home/***/.ivy2/jars/org.apache.commons_commons-pool2-2.6.2.jar to /tmp/spark-567a2d32-e602-4942-9ac5-97d0b31734c6/userFiles-db936eae-48e2-4930-974a-05e291d6b873/org.apache.commons_commons-pool2-2.6.2.jar
[2023-02-08T20:26:54.015+0000] {spark_submit.py:495} INFO - 23/02/08 20:26:54 INFO SparkContext: Added file file:///home/***/.ivy2/jars/org.spark-project.spark_unused-1.0.0.jar at file:///home/***/.ivy2/jars/org.spark-project.spark_unused-1.0.0.jar with timestamp 1675888013086
[2023-02-08T20:26:54.016+0000] {spark_submit.py:495} INFO - 23/02/08 20:26:54 INFO Utils: Copying /home/***/.ivy2/jars/org.spark-project.spark_unused-1.0.0.jar to /tmp/spark-567a2d32-e602-4942-9ac5-97d0b31734c6/userFiles-db936eae-48e2-4930-974a-05e291d6b873/org.spark-project.spark_unused-1.0.0.jar
[2023-02-08T20:26:54.019+0000] {spark_submit.py:495} INFO - 23/02/08 20:26:54 INFO SparkContext: Added file file:///home/***/.ivy2/jars/com.github.luben_zstd-jni-1.4.8-1.jar at file:///home/***/.ivy2/jars/com.github.luben_zstd-jni-1.4.8-1.jar with timestamp 1675888013086
[2023-02-08T20:26:54.019+0000] {spark_submit.py:495} INFO - 23/02/08 20:26:54 INFO Utils: Copying /home/***/.ivy2/jars/com.github.luben_zstd-jni-1.4.8-1.jar to /tmp/spark-567a2d32-e602-4942-9ac5-97d0b31734c6/userFiles-db936eae-48e2-4930-974a-05e291d6b873/com.github.luben_zstd-jni-1.4.8-1.jar
[2023-02-08T20:26:54.027+0000] {spark_submit.py:495} INFO - 23/02/08 20:26:54 INFO SparkContext: Added file file:///home/***/.ivy2/jars/org.lz4_lz4-java-1.7.1.jar at file:///home/***/.ivy2/jars/org.lz4_lz4-java-1.7.1.jar with timestamp 1675888013086
[2023-02-08T20:26:54.028+0000] {spark_submit.py:495} INFO - 23/02/08 20:26:54 INFO Utils: Copying /home/***/.ivy2/jars/org.lz4_lz4-java-1.7.1.jar to /tmp/spark-567a2d32-e602-4942-9ac5-97d0b31734c6/userFiles-db936eae-48e2-4930-974a-05e291d6b873/org.lz4_lz4-java-1.7.1.jar
[2023-02-08T20:26:54.031+0000] {spark_submit.py:495} INFO - 23/02/08 20:26:54 INFO SparkContext: Added file file:///home/***/.ivy2/jars/org.xerial.snappy_snappy-java-1.1.8.2.jar at file:///home/***/.ivy2/jars/org.xerial.snappy_snappy-java-1.1.8.2.jar with timestamp 1675888013086
[2023-02-08T20:26:54.031+0000] {spark_submit.py:495} INFO - 23/02/08 20:26:54 INFO Utils: Copying /home/***/.ivy2/jars/org.xerial.snappy_snappy-java-1.1.8.2.jar to /tmp/spark-567a2d32-e602-4942-9ac5-97d0b31734c6/userFiles-db936eae-48e2-4930-974a-05e291d6b873/org.xerial.snappy_snappy-java-1.1.8.2.jar
[2023-02-08T20:26:54.037+0000] {spark_submit.py:495} INFO - 23/02/08 20:26:54 INFO SparkContext: Added file file:///home/***/.ivy2/jars/org.slf4j_slf4j-api-1.7.30.jar at file:///home/***/.ivy2/jars/org.slf4j_slf4j-api-1.7.30.jar with timestamp 1675888013086
[2023-02-08T20:26:54.037+0000] {spark_submit.py:495} INFO - 23/02/08 20:26:54 INFO Utils: Copying /home/***/.ivy2/jars/org.slf4j_slf4j-api-1.7.30.jar to /tmp/spark-567a2d32-e602-4942-9ac5-97d0b31734c6/userFiles-db936eae-48e2-4930-974a-05e291d6b873/org.slf4j_slf4j-api-1.7.30.jar
[2023-02-08T20:26:54.041+0000] {spark_submit.py:495} INFO - 23/02/08 20:26:54 INFO SparkContext: Added file file:///home/***/.ivy2/jars/org.mongodb_mongodb-driver-sync-4.0.5.jar at file:///home/***/.ivy2/jars/org.mongodb_mongodb-driver-sync-4.0.5.jar with timestamp 1675888013086
[2023-02-08T20:26:54.041+0000] {spark_submit.py:495} INFO - 23/02/08 20:26:54 INFO Utils: Copying /home/***/.ivy2/jars/org.mongodb_mongodb-driver-sync-4.0.5.jar to /tmp/spark-567a2d32-e602-4942-9ac5-97d0b31734c6/userFiles-db936eae-48e2-4930-974a-05e291d6b873/org.mongodb_mongodb-driver-sync-4.0.5.jar
[2023-02-08T20:26:54.045+0000] {spark_submit.py:495} INFO - 23/02/08 20:26:54 INFO SparkContext: Added file file:///home/***/.ivy2/jars/org.mongodb_bson-4.0.5.jar at file:///home/***/.ivy2/jars/org.mongodb_bson-4.0.5.jar with timestamp 1675888013086
[2023-02-08T20:26:54.045+0000] {spark_submit.py:495} INFO - 23/02/08 20:26:54 INFO Utils: Copying /home/***/.ivy2/jars/org.mongodb_bson-4.0.5.jar to /tmp/spark-567a2d32-e602-4942-9ac5-97d0b31734c6/userFiles-db936eae-48e2-4930-974a-05e291d6b873/org.mongodb_bson-4.0.5.jar
[2023-02-08T20:26:54.048+0000] {spark_submit.py:495} INFO - 23/02/08 20:26:54 INFO SparkContext: Added file file:///home/***/.ivy2/jars/org.mongodb_mongodb-driver-core-4.0.5.jar at file:///home/***/.ivy2/jars/org.mongodb_mongodb-driver-core-4.0.5.jar with timestamp 1675888013086
[2023-02-08T20:26:54.048+0000] {spark_submit.py:495} INFO - 23/02/08 20:26:54 INFO Utils: Copying /home/***/.ivy2/jars/org.mongodb_mongodb-driver-core-4.0.5.jar to /tmp/spark-567a2d32-e602-4942-9ac5-97d0b31734c6/userFiles-db936eae-48e2-4930-974a-05e291d6b873/org.mongodb_mongodb-driver-core-4.0.5.jar
[2023-02-08T20:26:54.103+0000] {spark_submit.py:495} INFO - 23/02/08 20:26:54 INFO Executor: Starting executor ID driver on host b55acaa82944
[2023-02-08T20:26:54.107+0000] {spark_submit.py:495} INFO - 23/02/08 20:26:54 INFO Executor: Starting executor with user classpath (userClassPathFirst = false): ''
[2023-02-08T20:26:54.116+0000] {spark_submit.py:495} INFO - 23/02/08 20:26:54 INFO Executor: Fetching file:///home/***/.ivy2/jars/org.apache.spark_spark-token-provider-kafka-0-10_2.12-3.1.3.jar with timestamp 1675888013086
[2023-02-08T20:26:54.130+0000] {spark_submit.py:495} INFO - 23/02/08 20:26:54 INFO Utils: /home/***/.ivy2/jars/org.apache.spark_spark-token-provider-kafka-0-10_2.12-3.1.3.jar has been previously copied to /tmp/spark-567a2d32-e602-4942-9ac5-97d0b31734c6/userFiles-db936eae-48e2-4930-974a-05e291d6b873/org.apache.spark_spark-token-provider-kafka-0-10_2.12-3.1.3.jar
[2023-02-08T20:26:54.138+0000] {spark_submit.py:495} INFO - 23/02/08 20:26:54 INFO Executor: Fetching file:///home/***/.ivy2/jars/org.mongodb_mongodb-driver-sync-4.0.5.jar with timestamp 1675888013086
[2023-02-08T20:26:54.139+0000] {spark_submit.py:495} INFO - 23/02/08 20:26:54 INFO Utils: /home/***/.ivy2/jars/org.mongodb_mongodb-driver-sync-4.0.5.jar has been previously copied to /tmp/spark-567a2d32-e602-4942-9ac5-97d0b31734c6/userFiles-db936eae-48e2-4930-974a-05e291d6b873/org.mongodb_mongodb-driver-sync-4.0.5.jar
[2023-02-08T20:26:54.142+0000] {spark_submit.py:495} INFO - 23/02/08 20:26:54 INFO Executor: Fetching file:///home/***/.ivy2/jars/org.apache.kafka_kafka-clients-2.6.0.jar with timestamp 1675888013086
[2023-02-08T20:26:54.147+0000] {spark_submit.py:495} INFO - 23/02/08 20:26:54 INFO Utils: /home/***/.ivy2/jars/org.apache.kafka_kafka-clients-2.6.0.jar has been previously copied to /tmp/spark-567a2d32-e602-4942-9ac5-97d0b31734c6/userFiles-db936eae-48e2-4930-974a-05e291d6b873/org.apache.kafka_kafka-clients-2.6.0.jar
[2023-02-08T20:26:54.150+0000] {spark_submit.py:495} INFO - 23/02/08 20:26:54 INFO Executor: Fetching file:///home/***/.ivy2/jars/org.mongodb_bson-4.0.5.jar with timestamp 1675888013086
[2023-02-08T20:26:54.151+0000] {spark_submit.py:495} INFO - 23/02/08 20:26:54 INFO Utils: /home/***/.ivy2/jars/org.mongodb_bson-4.0.5.jar has been previously copied to /tmp/spark-567a2d32-e602-4942-9ac5-97d0b31734c6/userFiles-db936eae-48e2-4930-974a-05e291d6b873/org.mongodb_bson-4.0.5.jar
[2023-02-08T20:26:54.153+0000] {spark_submit.py:495} INFO - 23/02/08 20:26:54 INFO Executor: Fetching file:///home/***/.ivy2/jars/com.github.luben_zstd-jni-1.4.8-1.jar with timestamp 1675888013086
[2023-02-08T20:26:54.159+0000] {spark_submit.py:495} INFO - 23/02/08 20:26:54 INFO Utils: /home/***/.ivy2/jars/com.github.luben_zstd-jni-1.4.8-1.jar has been previously copied to /tmp/spark-567a2d32-e602-4942-9ac5-97d0b31734c6/userFiles-db936eae-48e2-4930-974a-05e291d6b873/com.github.luben_zstd-jni-1.4.8-1.jar
[2023-02-08T20:26:54.161+0000] {spark_submit.py:495} INFO - 23/02/08 20:26:54 INFO Executor: Fetching file:///home/***/.ivy2/jars/org.lz4_lz4-java-1.7.1.jar with timestamp 1675888013086
[2023-02-08T20:26:54.162+0000] {spark_submit.py:495} INFO - 23/02/08 20:26:54 INFO Utils: /home/***/.ivy2/jars/org.lz4_lz4-java-1.7.1.jar has been previously copied to /tmp/spark-567a2d32-e602-4942-9ac5-97d0b31734c6/userFiles-db936eae-48e2-4930-974a-05e291d6b873/org.lz4_lz4-java-1.7.1.jar
[2023-02-08T20:26:54.166+0000] {spark_submit.py:495} INFO - 23/02/08 20:26:54 INFO Executor: Fetching file:///home/***/.ivy2/jars/org.spark-project.spark_unused-1.0.0.jar with timestamp 1675888013086
[2023-02-08T20:26:54.166+0000] {spark_submit.py:495} INFO - 23/02/08 20:26:54 INFO Utils: /home/***/.ivy2/jars/org.spark-project.spark_unused-1.0.0.jar has been previously copied to /tmp/spark-567a2d32-e602-4942-9ac5-97d0b31734c6/userFiles-db936eae-48e2-4930-974a-05e291d6b873/org.spark-project.spark_unused-1.0.0.jar
[2023-02-08T20:26:54.169+0000] {spark_submit.py:495} INFO - 23/02/08 20:26:54 INFO Executor: Fetching file:///home/***/.ivy2/jars/org.xerial.snappy_snappy-java-1.1.8.2.jar with timestamp 1675888013086
[2023-02-08T20:26:54.171+0000] {spark_submit.py:495} INFO - 23/02/08 20:26:54 INFO Utils: /home/***/.ivy2/jars/org.xerial.snappy_snappy-java-1.1.8.2.jar has been previously copied to /tmp/spark-567a2d32-e602-4942-9ac5-97d0b31734c6/userFiles-db936eae-48e2-4930-974a-05e291d6b873/org.xerial.snappy_snappy-java-1.1.8.2.jar
[2023-02-08T20:26:54.174+0000] {spark_submit.py:495} INFO - 23/02/08 20:26:54 INFO Executor: Fetching file:///home/***/.ivy2/jars/org.mongodb_mongodb-driver-core-4.0.5.jar with timestamp 1675888013086
[2023-02-08T20:26:54.175+0000] {spark_submit.py:495} INFO - 23/02/08 20:26:54 INFO Utils: /home/***/.ivy2/jars/org.mongodb_mongodb-driver-core-4.0.5.jar has been previously copied to /tmp/spark-567a2d32-e602-4942-9ac5-97d0b31734c6/userFiles-db936eae-48e2-4930-974a-05e291d6b873/org.mongodb_mongodb-driver-core-4.0.5.jar
[2023-02-08T20:26:54.178+0000] {spark_submit.py:495} INFO - 23/02/08 20:26:54 INFO Executor: Fetching file:///home/***/.ivy2/jars/org.apache.spark_spark-sql-kafka-0-10_2.12-3.1.3.jar with timestamp 1675888013086
[2023-02-08T20:26:54.178+0000] {spark_submit.py:495} INFO - 23/02/08 20:26:54 INFO Utils: /home/***/.ivy2/jars/org.apache.spark_spark-sql-kafka-0-10_2.12-3.1.3.jar has been previously copied to /tmp/spark-567a2d32-e602-4942-9ac5-97d0b31734c6/userFiles-db936eae-48e2-4930-974a-05e291d6b873/org.apache.spark_spark-sql-kafka-0-10_2.12-3.1.3.jar
[2023-02-08T20:26:54.181+0000] {spark_submit.py:495} INFO - 23/02/08 20:26:54 INFO Executor: Fetching file:///home/***/.ivy2/jars/org.mongodb.spark_mongo-spark-connector_2.12-3.0.1.jar with timestamp 1675888013086
[2023-02-08T20:26:54.182+0000] {spark_submit.py:495} INFO - 23/02/08 20:26:54 INFO Utils: /home/***/.ivy2/jars/org.mongodb.spark_mongo-spark-connector_2.12-3.0.1.jar has been previously copied to /tmp/spark-567a2d32-e602-4942-9ac5-97d0b31734c6/userFiles-db936eae-48e2-4930-974a-05e291d6b873/org.mongodb.spark_mongo-spark-connector_2.12-3.0.1.jar
[2023-02-08T20:26:54.185+0000] {spark_submit.py:495} INFO - 23/02/08 20:26:54 INFO Executor: Fetching file:///home/***/.ivy2/jars/org.apache.commons_commons-pool2-2.6.2.jar with timestamp 1675888013086
[2023-02-08T20:26:54.185+0000] {spark_submit.py:495} INFO - 23/02/08 20:26:54 INFO Utils: /home/***/.ivy2/jars/org.apache.commons_commons-pool2-2.6.2.jar has been previously copied to /tmp/spark-567a2d32-e602-4942-9ac5-97d0b31734c6/userFiles-db936eae-48e2-4930-974a-05e291d6b873/org.apache.commons_commons-pool2-2.6.2.jar
[2023-02-08T20:26:54.188+0000] {spark_submit.py:495} INFO - 23/02/08 20:26:54 INFO Executor: Fetching file:///home/***/.ivy2/jars/org.slf4j_slf4j-api-1.7.30.jar with timestamp 1675888013086
[2023-02-08T20:26:54.188+0000] {spark_submit.py:495} INFO - 23/02/08 20:26:54 INFO Utils: /home/***/.ivy2/jars/org.slf4j_slf4j-api-1.7.30.jar has been previously copied to /tmp/spark-567a2d32-e602-4942-9ac5-97d0b31734c6/userFiles-db936eae-48e2-4930-974a-05e291d6b873/org.slf4j_slf4j-api-1.7.30.jar
[2023-02-08T20:26:54.193+0000] {spark_submit.py:495} INFO - 23/02/08 20:26:54 INFO Executor: Fetching spark://b55acaa82944:41639/jars/org.xerial.snappy_snappy-java-1.1.8.2.jar with timestamp 1675888013086
[2023-02-08T20:26:54.219+0000] {spark_submit.py:495} INFO - 23/02/08 20:26:54 INFO TransportClientFactory: Successfully created connection to b55acaa82944/172.20.0.6:41639 after 18 ms (0 ms spent in bootstraps)
[2023-02-08T20:26:54.224+0000] {spark_submit.py:495} INFO - 23/02/08 20:26:54 INFO Utils: Fetching spark://b55acaa82944:41639/jars/org.xerial.snappy_snappy-java-1.1.8.2.jar to /tmp/spark-567a2d32-e602-4942-9ac5-97d0b31734c6/userFiles-db936eae-48e2-4930-974a-05e291d6b873/fetchFileTemp6044824732758393472.tmp
[2023-02-08T20:26:54.261+0000] {spark_submit.py:495} INFO - 23/02/08 20:26:54 INFO Utils: /tmp/spark-567a2d32-e602-4942-9ac5-97d0b31734c6/userFiles-db936eae-48e2-4930-974a-05e291d6b873/fetchFileTemp6044824732758393472.tmp has been previously copied to /tmp/spark-567a2d32-e602-4942-9ac5-97d0b31734c6/userFiles-db936eae-48e2-4930-974a-05e291d6b873/org.xerial.snappy_snappy-java-1.1.8.2.jar
[2023-02-08T20:26:54.267+0000] {spark_submit.py:495} INFO - 23/02/08 20:26:54 INFO Executor: Adding file:/tmp/spark-567a2d32-e602-4942-9ac5-97d0b31734c6/userFiles-db936eae-48e2-4930-974a-05e291d6b873/org.xerial.snappy_snappy-java-1.1.8.2.jar to class loader
[2023-02-08T20:26:54.267+0000] {spark_submit.py:495} INFO - 23/02/08 20:26:54 INFO Executor: Fetching spark://b55acaa82944:41639/jars/org.mongodb_mongodb-driver-core-4.0.5.jar with timestamp 1675888013086
[2023-02-08T20:26:54.267+0000] {spark_submit.py:495} INFO - 23/02/08 20:26:54 INFO Utils: Fetching spark://b55acaa82944:41639/jars/org.mongodb_mongodb-driver-core-4.0.5.jar to /tmp/spark-567a2d32-e602-4942-9ac5-97d0b31734c6/userFiles-db936eae-48e2-4930-974a-05e291d6b873/fetchFileTemp1716842911701133270.tmp
[2023-02-08T20:26:54.273+0000] {spark_submit.py:495} INFO - 23/02/08 20:26:54 INFO Utils: /tmp/spark-567a2d32-e602-4942-9ac5-97d0b31734c6/userFiles-db936eae-48e2-4930-974a-05e291d6b873/fetchFileTemp1716842911701133270.tmp has been previously copied to /tmp/spark-567a2d32-e602-4942-9ac5-97d0b31734c6/userFiles-db936eae-48e2-4930-974a-05e291d6b873/org.mongodb_mongodb-driver-core-4.0.5.jar
[2023-02-08T20:26:54.279+0000] {spark_submit.py:495} INFO - 23/02/08 20:26:54 INFO Executor: Adding file:/tmp/spark-567a2d32-e602-4942-9ac5-97d0b31734c6/userFiles-db936eae-48e2-4930-974a-05e291d6b873/org.mongodb_mongodb-driver-core-4.0.5.jar to class loader
[2023-02-08T20:26:54.279+0000] {spark_submit.py:495} INFO - 23/02/08 20:26:54 INFO Executor: Fetching spark://b55acaa82944:41639/jars/org.mongodb_bson-4.0.5.jar with timestamp 1675888013086
[2023-02-08T20:26:54.279+0000] {spark_submit.py:495} INFO - 23/02/08 20:26:54 INFO Utils: Fetching spark://b55acaa82944:41639/jars/org.mongodb_bson-4.0.5.jar to /tmp/spark-567a2d32-e602-4942-9ac5-97d0b31734c6/userFiles-db936eae-48e2-4930-974a-05e291d6b873/fetchFileTemp16712548484324518107.tmp
[2023-02-08T20:26:54.282+0000] {spark_submit.py:495} INFO - 23/02/08 20:26:54 INFO Utils: /tmp/spark-567a2d32-e602-4942-9ac5-97d0b31734c6/userFiles-db936eae-48e2-4930-974a-05e291d6b873/fetchFileTemp16712548484324518107.tmp has been previously copied to /tmp/spark-567a2d32-e602-4942-9ac5-97d0b31734c6/userFiles-db936eae-48e2-4930-974a-05e291d6b873/org.mongodb_bson-4.0.5.jar
[2023-02-08T20:26:54.286+0000] {spark_submit.py:495} INFO - 23/02/08 20:26:54 INFO Executor: Adding file:/tmp/spark-567a2d32-e602-4942-9ac5-97d0b31734c6/userFiles-db936eae-48e2-4930-974a-05e291d6b873/org.mongodb_bson-4.0.5.jar to class loader
[2023-02-08T20:26:54.286+0000] {spark_submit.py:495} INFO - 23/02/08 20:26:54 INFO Executor: Fetching spark://b55acaa82944:41639/jars/org.slf4j_slf4j-api-1.7.30.jar with timestamp 1675888013086
[2023-02-08T20:26:54.286+0000] {spark_submit.py:495} INFO - 23/02/08 20:26:54 INFO Utils: Fetching spark://b55acaa82944:41639/jars/org.slf4j_slf4j-api-1.7.30.jar to /tmp/spark-567a2d32-e602-4942-9ac5-97d0b31734c6/userFiles-db936eae-48e2-4930-974a-05e291d6b873/fetchFileTemp1447879205978394198.tmp
[2023-02-08T20:26:54.288+0000] {spark_submit.py:495} INFO - 23/02/08 20:26:54 INFO Utils: /tmp/spark-567a2d32-e602-4942-9ac5-97d0b31734c6/userFiles-db936eae-48e2-4930-974a-05e291d6b873/fetchFileTemp1447879205978394198.tmp has been previously copied to /tmp/spark-567a2d32-e602-4942-9ac5-97d0b31734c6/userFiles-db936eae-48e2-4930-974a-05e291d6b873/org.slf4j_slf4j-api-1.7.30.jar
[2023-02-08T20:26:54.290+0000] {spark_submit.py:495} INFO - 23/02/08 20:26:54 INFO Executor: Adding file:/tmp/spark-567a2d32-e602-4942-9ac5-97d0b31734c6/userFiles-db936eae-48e2-4930-974a-05e291d6b873/org.slf4j_slf4j-api-1.7.30.jar to class loader
[2023-02-08T20:26:54.290+0000] {spark_submit.py:495} INFO - 23/02/08 20:26:54 INFO Executor: Fetching spark://b55acaa82944:41639/jars/org.lz4_lz4-java-1.7.1.jar with timestamp 1675888013086
[2023-02-08T20:26:54.291+0000] {spark_submit.py:495} INFO - 23/02/08 20:26:54 INFO Utils: Fetching spark://b55acaa82944:41639/jars/org.lz4_lz4-java-1.7.1.jar to /tmp/spark-567a2d32-e602-4942-9ac5-97d0b31734c6/userFiles-db936eae-48e2-4930-974a-05e291d6b873/fetchFileTemp10239468295010303450.tmp
[2023-02-08T20:26:54.294+0000] {spark_submit.py:495} INFO - 23/02/08 20:26:54 INFO Utils: /tmp/spark-567a2d32-e602-4942-9ac5-97d0b31734c6/userFiles-db936eae-48e2-4930-974a-05e291d6b873/fetchFileTemp10239468295010303450.tmp has been previously copied to /tmp/spark-567a2d32-e602-4942-9ac5-97d0b31734c6/userFiles-db936eae-48e2-4930-974a-05e291d6b873/org.lz4_lz4-java-1.7.1.jar
[2023-02-08T20:26:54.297+0000] {spark_submit.py:495} INFO - 23/02/08 20:26:54 INFO Executor: Adding file:/tmp/spark-567a2d32-e602-4942-9ac5-97d0b31734c6/userFiles-db936eae-48e2-4930-974a-05e291d6b873/org.lz4_lz4-java-1.7.1.jar to class loader
[2023-02-08T20:26:54.297+0000] {spark_submit.py:495} INFO - 23/02/08 20:26:54 INFO Executor: Fetching spark://b55acaa82944:41639/jars/org.apache.kafka_kafka-clients-2.6.0.jar with timestamp 1675888013086
[2023-02-08T20:26:54.298+0000] {spark_submit.py:495} INFO - 23/02/08 20:26:54 INFO Utils: Fetching spark://b55acaa82944:41639/jars/org.apache.kafka_kafka-clients-2.6.0.jar to /tmp/spark-567a2d32-e602-4942-9ac5-97d0b31734c6/userFiles-db936eae-48e2-4930-974a-05e291d6b873/fetchFileTemp9186030913819163246.tmp
[2023-02-08T20:26:54.309+0000] {spark_submit.py:495} INFO - 23/02/08 20:26:54 INFO Utils: /tmp/spark-567a2d32-e602-4942-9ac5-97d0b31734c6/userFiles-db936eae-48e2-4930-974a-05e291d6b873/fetchFileTemp9186030913819163246.tmp has been previously copied to /tmp/spark-567a2d32-e602-4942-9ac5-97d0b31734c6/userFiles-db936eae-48e2-4930-974a-05e291d6b873/org.apache.kafka_kafka-clients-2.6.0.jar
[2023-02-08T20:26:54.317+0000] {spark_submit.py:495} INFO - 23/02/08 20:26:54 INFO Executor: Adding file:/tmp/spark-567a2d32-e602-4942-9ac5-97d0b31734c6/userFiles-db936eae-48e2-4930-974a-05e291d6b873/org.apache.kafka_kafka-clients-2.6.0.jar to class loader
[2023-02-08T20:26:54.317+0000] {spark_submit.py:495} INFO - 23/02/08 20:26:54 INFO Executor: Fetching spark://b55acaa82944:41639/jars/org.spark-project.spark_unused-1.0.0.jar with timestamp 1675888013086
[2023-02-08T20:26:54.317+0000] {spark_submit.py:495} INFO - 23/02/08 20:26:54 INFO Utils: Fetching spark://b55acaa82944:41639/jars/org.spark-project.spark_unused-1.0.0.jar to /tmp/spark-567a2d32-e602-4942-9ac5-97d0b31734c6/userFiles-db936eae-48e2-4930-974a-05e291d6b873/fetchFileTemp967418238168120909.tmp
[2023-02-08T20:26:54.319+0000] {spark_submit.py:495} INFO - 23/02/08 20:26:54 INFO Utils: /tmp/spark-567a2d32-e602-4942-9ac5-97d0b31734c6/userFiles-db936eae-48e2-4930-974a-05e291d6b873/fetchFileTemp967418238168120909.tmp has been previously copied to /tmp/spark-567a2d32-e602-4942-9ac5-97d0b31734c6/userFiles-db936eae-48e2-4930-974a-05e291d6b873/org.spark-project.spark_unused-1.0.0.jar
[2023-02-08T20:26:54.321+0000] {spark_submit.py:495} INFO - 23/02/08 20:26:54 INFO Executor: Adding file:/tmp/spark-567a2d32-e602-4942-9ac5-97d0b31734c6/userFiles-db936eae-48e2-4930-974a-05e291d6b873/org.spark-project.spark_unused-1.0.0.jar to class loader
[2023-02-08T20:26:54.321+0000] {spark_submit.py:495} INFO - 23/02/08 20:26:54 INFO Executor: Fetching spark://b55acaa82944:41639/jars/com.github.luben_zstd-jni-1.4.8-1.jar with timestamp 1675888013086
[2023-02-08T20:26:54.322+0000] {spark_submit.py:495} INFO - 23/02/08 20:26:54 INFO Utils: Fetching spark://b55acaa82944:41639/jars/com.github.luben_zstd-jni-1.4.8-1.jar to /tmp/spark-567a2d32-e602-4942-9ac5-97d0b31734c6/userFiles-db936eae-48e2-4930-974a-05e291d6b873/fetchFileTemp14322211024041052486.tmp
[2023-02-08T20:26:54.337+0000] {spark_submit.py:495} INFO - 23/02/08 20:26:54 INFO Utils: /tmp/spark-567a2d32-e602-4942-9ac5-97d0b31734c6/userFiles-db936eae-48e2-4930-974a-05e291d6b873/fetchFileTemp14322211024041052486.tmp has been previously copied to /tmp/spark-567a2d32-e602-4942-9ac5-97d0b31734c6/userFiles-db936eae-48e2-4930-974a-05e291d6b873/com.github.luben_zstd-jni-1.4.8-1.jar
[2023-02-08T20:26:54.360+0000] {spark_submit.py:495} INFO - 23/02/08 20:26:54 INFO Executor: Adding file:/tmp/spark-567a2d32-e602-4942-9ac5-97d0b31734c6/userFiles-db936eae-48e2-4930-974a-05e291d6b873/com.github.luben_zstd-jni-1.4.8-1.jar to class loader
[2023-02-08T20:26:54.361+0000] {spark_submit.py:495} INFO - 23/02/08 20:26:54 INFO Executor: Fetching spark://b55acaa82944:41639/jars/org.apache.spark_spark-token-provider-kafka-0-10_2.12-3.1.3.jar with timestamp 1675888013086
[2023-02-08T20:26:54.362+0000] {spark_submit.py:495} INFO - 23/02/08 20:26:54 INFO Utils: Fetching spark://b55acaa82944:41639/jars/org.apache.spark_spark-token-provider-kafka-0-10_2.12-3.1.3.jar to /tmp/spark-567a2d32-e602-4942-9ac5-97d0b31734c6/userFiles-db936eae-48e2-4930-974a-05e291d6b873/fetchFileTemp15400182574226623907.tmp
[2023-02-08T20:26:54.366+0000] {spark_submit.py:495} INFO - 23/02/08 20:26:54 INFO Utils: /tmp/spark-567a2d32-e602-4942-9ac5-97d0b31734c6/userFiles-db936eae-48e2-4930-974a-05e291d6b873/fetchFileTemp15400182574226623907.tmp has been previously copied to /tmp/spark-567a2d32-e602-4942-9ac5-97d0b31734c6/userFiles-db936eae-48e2-4930-974a-05e291d6b873/org.apache.spark_spark-token-provider-kafka-0-10_2.12-3.1.3.jar
[2023-02-08T20:26:54.377+0000] {spark_submit.py:495} INFO - 23/02/08 20:26:54 INFO Executor: Adding file:/tmp/spark-567a2d32-e602-4942-9ac5-97d0b31734c6/userFiles-db936eae-48e2-4930-974a-05e291d6b873/org.apache.spark_spark-token-provider-kafka-0-10_2.12-3.1.3.jar to class loader
[2023-02-08T20:26:54.378+0000] {spark_submit.py:495} INFO - 23/02/08 20:26:54 INFO Executor: Fetching spark://b55acaa82944:41639/jars/org.mongodb.spark_mongo-spark-connector_2.12-3.0.1.jar with timestamp 1675888013086
[2023-02-08T20:26:54.384+0000] {spark_submit.py:495} INFO - 23/02/08 20:26:54 INFO Utils: Fetching spark://b55acaa82944:41639/jars/org.mongodb.spark_mongo-spark-connector_2.12-3.0.1.jar to /tmp/spark-567a2d32-e602-4942-9ac5-97d0b31734c6/userFiles-db936eae-48e2-4930-974a-05e291d6b873/fetchFileTemp13591192424433470614.tmp
[2023-02-08T20:26:54.393+0000] {spark_submit.py:495} INFO - 23/02/08 20:26:54 INFO Utils: /tmp/spark-567a2d32-e602-4942-9ac5-97d0b31734c6/userFiles-db936eae-48e2-4930-974a-05e291d6b873/fetchFileTemp13591192424433470614.tmp has been previously copied to /tmp/spark-567a2d32-e602-4942-9ac5-97d0b31734c6/userFiles-db936eae-48e2-4930-974a-05e291d6b873/org.mongodb.spark_mongo-spark-connector_2.12-3.0.1.jar
[2023-02-08T20:26:54.404+0000] {spark_submit.py:495} INFO - 23/02/08 20:26:54 INFO Executor: Adding file:/tmp/spark-567a2d32-e602-4942-9ac5-97d0b31734c6/userFiles-db936eae-48e2-4930-974a-05e291d6b873/org.mongodb.spark_mongo-spark-connector_2.12-3.0.1.jar to class loader
[2023-02-08T20:26:54.404+0000] {spark_submit.py:495} INFO - 23/02/08 20:26:54 INFO Executor: Fetching spark://b55acaa82944:41639/jars/org.apache.spark_spark-sql-kafka-0-10_2.12-3.1.3.jar with timestamp 1675888013086
[2023-02-08T20:26:54.407+0000] {spark_submit.py:495} INFO - 23/02/08 20:26:54 INFO Utils: Fetching spark://b55acaa82944:41639/jars/org.apache.spark_spark-sql-kafka-0-10_2.12-3.1.3.jar to /tmp/spark-567a2d32-e602-4942-9ac5-97d0b31734c6/userFiles-db936eae-48e2-4930-974a-05e291d6b873/fetchFileTemp13822657619547475491.tmp
[2023-02-08T20:26:54.413+0000] {spark_submit.py:495} INFO - 23/02/08 20:26:54 INFO Utils: /tmp/spark-567a2d32-e602-4942-9ac5-97d0b31734c6/userFiles-db936eae-48e2-4930-974a-05e291d6b873/fetchFileTemp13822657619547475491.tmp has been previously copied to /tmp/spark-567a2d32-e602-4942-9ac5-97d0b31734c6/userFiles-db936eae-48e2-4930-974a-05e291d6b873/org.apache.spark_spark-sql-kafka-0-10_2.12-3.1.3.jar
[2023-02-08T20:26:54.424+0000] {spark_submit.py:495} INFO - 23/02/08 20:26:54 INFO Executor: Adding file:/tmp/spark-567a2d32-e602-4942-9ac5-97d0b31734c6/userFiles-db936eae-48e2-4930-974a-05e291d6b873/org.apache.spark_spark-sql-kafka-0-10_2.12-3.1.3.jar to class loader
[2023-02-08T20:26:54.425+0000] {spark_submit.py:495} INFO - 23/02/08 20:26:54 INFO Executor: Fetching spark://b55acaa82944:41639/jars/org.mongodb_mongodb-driver-sync-4.0.5.jar with timestamp 1675888013086
[2023-02-08T20:26:54.428+0000] {spark_submit.py:495} INFO - 23/02/08 20:26:54 INFO Utils: Fetching spark://b55acaa82944:41639/jars/org.mongodb_mongodb-driver-sync-4.0.5.jar to /tmp/spark-567a2d32-e602-4942-9ac5-97d0b31734c6/userFiles-db936eae-48e2-4930-974a-05e291d6b873/fetchFileTemp7737028584046688352.tmp
[2023-02-08T20:26:54.431+0000] {spark_submit.py:495} INFO - 23/02/08 20:26:54 INFO Utils: /tmp/spark-567a2d32-e602-4942-9ac5-97d0b31734c6/userFiles-db936eae-48e2-4930-974a-05e291d6b873/fetchFileTemp7737028584046688352.tmp has been previously copied to /tmp/spark-567a2d32-e602-4942-9ac5-97d0b31734c6/userFiles-db936eae-48e2-4930-974a-05e291d6b873/org.mongodb_mongodb-driver-sync-4.0.5.jar
[2023-02-08T20:26:54.443+0000] {spark_submit.py:495} INFO - 23/02/08 20:26:54 INFO Executor: Adding file:/tmp/spark-567a2d32-e602-4942-9ac5-97d0b31734c6/userFiles-db936eae-48e2-4930-974a-05e291d6b873/org.mongodb_mongodb-driver-sync-4.0.5.jar to class loader
[2023-02-08T20:26:54.444+0000] {spark_submit.py:495} INFO - 23/02/08 20:26:54 INFO Executor: Fetching spark://b55acaa82944:41639/jars/org.apache.commons_commons-pool2-2.6.2.jar with timestamp 1675888013086
[2023-02-08T20:26:54.446+0000] {spark_submit.py:495} INFO - 23/02/08 20:26:54 INFO Utils: Fetching spark://b55acaa82944:41639/jars/org.apache.commons_commons-pool2-2.6.2.jar to /tmp/spark-567a2d32-e602-4942-9ac5-97d0b31734c6/userFiles-db936eae-48e2-4930-974a-05e291d6b873/fetchFileTemp3254222541970024188.tmp
[2023-02-08T20:26:54.451+0000] {spark_submit.py:495} INFO - 23/02/08 20:26:54 INFO Utils: /tmp/spark-567a2d32-e602-4942-9ac5-97d0b31734c6/userFiles-db936eae-48e2-4930-974a-05e291d6b873/fetchFileTemp3254222541970024188.tmp has been previously copied to /tmp/spark-567a2d32-e602-4942-9ac5-97d0b31734c6/userFiles-db936eae-48e2-4930-974a-05e291d6b873/org.apache.commons_commons-pool2-2.6.2.jar
[2023-02-08T20:26:54.463+0000] {spark_submit.py:495} INFO - 23/02/08 20:26:54 INFO Executor: Adding file:/tmp/spark-567a2d32-e602-4942-9ac5-97d0b31734c6/userFiles-db936eae-48e2-4930-974a-05e291d6b873/org.apache.commons_commons-pool2-2.6.2.jar to class loader
[2023-02-08T20:26:54.485+0000] {spark_submit.py:495} INFO - 23/02/08 20:26:54 INFO Utils: Successfully started service 'org.apache.spark.network.netty.NettyBlockTransferService' on port 40497.
[2023-02-08T20:26:54.486+0000] {spark_submit.py:495} INFO - 23/02/08 20:26:54 INFO NettyBlockTransferService: Server created on b55acaa82944:40497
[2023-02-08T20:26:54.490+0000] {spark_submit.py:495} INFO - 23/02/08 20:26:54 INFO BlockManager: Using org.apache.spark.storage.RandomBlockReplicationPolicy for block replication policy
[2023-02-08T20:26:54.510+0000] {spark_submit.py:495} INFO - 23/02/08 20:26:54 INFO BlockManagerMaster: Registering BlockManager BlockManagerId(driver, b55acaa82944, 40497, None)
[2023-02-08T20:26:54.521+0000] {spark_submit.py:495} INFO - 23/02/08 20:26:54 INFO BlockManagerMasterEndpoint: Registering block manager b55acaa82944:40497 with 434.4 MiB RAM, BlockManagerId(driver, b55acaa82944, 40497, None)
[2023-02-08T20:26:54.529+0000] {spark_submit.py:495} INFO - 23/02/08 20:26:54 INFO BlockManagerMaster: Registered BlockManager BlockManagerId(driver, b55acaa82944, 40497, None)
[2023-02-08T20:26:54.532+0000] {spark_submit.py:495} INFO - 23/02/08 20:26:54 INFO BlockManager: Initialized BlockManager: BlockManagerId(driver, b55acaa82944, 40497, None)
[2023-02-08T20:26:58.240+0000] {spark_submit.py:495} INFO - 2023-02-08 20:26:58,239 - py4j.java_gateway - INFO - Callback Server Starting
[2023-02-08T20:26:58.240+0000] {spark_submit.py:495} INFO - 2023-02-08 20:26:58,240 - py4j.java_gateway - INFO - Socket listening on ('127.0.0.1', 33893)
[2023-02-08T20:27:03.145+0000] {spark_submit.py:495} INFO - 2023-02-08 20:27:03,145 - py4j.clientserver - INFO - Python Server ready to receive messages
[2023-02-08T20:27:03.145+0000] {spark_submit.py:495} INFO - 2023-02-08 20:27:03,145 - py4j.clientserver - INFO - Received command c on object id p0
[2023-02-08T20:27:03.663+0000] {spark_submit.py:495} INFO - -------------------------------------------
[2023-02-08T20:27:03.664+0000] {spark_submit.py:495} INFO - Batch: 0
[2023-02-08T20:27:03.664+0000] {spark_submit.py:495} INFO - -------------------------------------------
[2023-02-08T20:27:03.729+0000] {spark_submit.py:495} INFO - +---+-------------+-----+-------------+----------+----------------+------------+-----------------+--------------+-------------+
[2023-02-08T20:27:03.729+0000] {spark_submit.py:495} INFO - |id |nameOfProduct|price|ProductStatus|SellerName|RegistrationDate|QuantitySold|QuantityAvailable|Free shipping?|Store ratings|
[2023-02-08T20:27:03.729+0000] {spark_submit.py:495} INFO - +---+-------------+-----+-------------+----------+----------------+------------+-----------------+--------------+-------------+
[2023-02-08T20:27:03.729+0000] {spark_submit.py:495} INFO - +---+-------------+-----+-------------+----------+----------------+------------+-----------------+--------------+-------------+
[2023-02-08T20:27:03.729+0000] {spark_submit.py:495} INFO - 
[2023-02-08T20:27:48.370+0000] {spark_submit.py:495} INFO - Stop query to mongoDB: False
[2023-02-08T20:27:48.370+0000] {spark_submit.py:495} INFO - Stop query: False
[2023-02-08T20:27:48.567+0000] {taskinstance.py:1327} INFO - Marking task as SUCCESS. dag_id=Streaming_pipeline_meli, task_id=consumer_data_of_topic, execution_date=20230208T202646, start_date=20230208T202648, end_date=20230208T202748
[2023-02-08T20:27:48.614+0000] {local_task_job.py:159} INFO - Task exited with return code 0
[2023-02-08T20:27:48.649+0000] {taskinstance.py:2582} INFO - 0 downstream tasks scheduled from follow-on schedule check
