[2023-01-26T20:21:37.463+0000] {taskinstance.py:1087} INFO - Dependencies all met for <TaskInstance: Streaming_pipeline_meli.consumer_data_of_topic manual__2023-01-23T22:03:04.495188+00:00 [queued]>
[2023-01-26T20:21:37.474+0000] {taskinstance.py:1087} INFO - Dependencies all met for <TaskInstance: Streaming_pipeline_meli.consumer_data_of_topic manual__2023-01-23T22:03:04.495188+00:00 [queued]>
[2023-01-26T20:21:37.474+0000] {taskinstance.py:1283} INFO - 
--------------------------------------------------------------------------------
[2023-01-26T20:21:37.474+0000] {taskinstance.py:1284} INFO - Starting attempt 249 of 254
[2023-01-26T20:21:37.474+0000] {taskinstance.py:1285} INFO - 
--------------------------------------------------------------------------------
[2023-01-26T20:21:37.486+0000] {taskinstance.py:1304} INFO - Executing <Task(SparkSubmitOperator): consumer_data_of_topic> on 2023-01-23 22:03:04.495188+00:00
[2023-01-26T20:21:37.490+0000] {standard_task_runner.py:55} INFO - Started process 13940 to run task
[2023-01-26T20:21:37.493+0000] {standard_task_runner.py:82} INFO - Running: ['***', 'tasks', 'run', 'Streaming_pipeline_meli', 'consumer_data_of_topic', 'manual__2023-01-23T22:03:04.495188+00:00', '--job-id', '1053', '--raw', '--subdir', 'DAGS_FOLDER/producer_dag.py', '--cfg-path', '/tmp/tmpb2lbp0x0']
[2023-01-26T20:21:37.493+0000] {standard_task_runner.py:83} INFO - Job 1053: Subtask consumer_data_of_topic
[2023-01-26T20:21:37.551+0000] {task_command.py:389} INFO - Running <TaskInstance: Streaming_pipeline_meli.consumer_data_of_topic manual__2023-01-23T22:03:04.495188+00:00 [running]> on host f1cbb5df32e6
[2023-01-26T20:21:37.618+0000] {taskinstance.py:1513} INFO - Exporting the following env vars:
AIRFLOW_CTX_DAG_OWNER=***
AIRFLOW_CTX_DAG_ID=Streaming_pipeline_meli
AIRFLOW_CTX_TASK_ID=consumer_data_of_topic
AIRFLOW_CTX_EXECUTION_DATE=2023-01-23T22:03:04.495188+00:00
AIRFLOW_CTX_TRY_NUMBER=249
AIRFLOW_CTX_DAG_RUN_ID=manual__2023-01-23T22:03:04.495188+00:00
[2023-01-26T20:21:37.625+0000] {base.py:73} INFO - Using connection ID 'spark_default' for task execution.
[2023-01-26T20:21:37.627+0000] {spark_submit.py:344} INFO - Spark-Submit cmd: spark-submit --master spark://tomi-H310:7077 --packages org.apache.spark:spark-sql-kafka-0-10_2.12:3.1.3,org.mongodb.spark:mongo-spark-connector_2.12:3.0.1 --name arrow-spark --queue root.default /opt/***/dags/consumerSpark.py
[2023-01-26T20:21:37.737+0000] {spark_submit.py:495} INFO - /home/***/.local/lib/python3.7/site-packages/pyspark/bin/load-spark-env.sh: line 68: ps: command not found
[2023-01-26T20:21:39.585+0000] {spark_submit.py:495} INFO - :: loading settings :: url = jar:file:/home/***/.local/lib/python3.7/site-packages/pyspark/jars/ivy-2.5.0.jar!/org/apache/ivy/core/settings/ivysettings.xml
[2023-01-26T20:21:39.673+0000] {spark_submit.py:495} INFO - Ivy Default Cache set to: /home/***/.ivy2/cache
[2023-01-26T20:21:39.674+0000] {spark_submit.py:495} INFO - The jars for the packages stored in: /home/***/.ivy2/jars
[2023-01-26T20:21:39.678+0000] {spark_submit.py:495} INFO - org.apache.spark#spark-sql-kafka-0-10_2.12 added as a dependency
[2023-01-26T20:21:39.678+0000] {spark_submit.py:495} INFO - org.mongodb.spark#mongo-spark-connector_2.12 added as a dependency
[2023-01-26T20:21:39.679+0000] {spark_submit.py:495} INFO - :: resolving dependencies :: org.apache.spark#spark-submit-parent-0f96cbf4-8b8a-4b13-ab17-c57b14073bf8;1.0
[2023-01-26T20:21:39.679+0000] {spark_submit.py:495} INFO - confs: [default]
[2023-01-26T20:21:39.886+0000] {spark_submit.py:495} INFO - found org.apache.spark#spark-sql-kafka-0-10_2.12;3.1.3 in central
[2023-01-26T20:21:39.991+0000] {spark_submit.py:495} INFO - found org.apache.spark#spark-token-provider-kafka-0-10_2.12;3.1.3 in central
[2023-01-26T20:21:40.035+0000] {spark_submit.py:495} INFO - found org.apache.kafka#kafka-clients;2.6.0 in central
[2023-01-26T20:21:40.109+0000] {spark_submit.py:495} INFO - found com.github.luben#zstd-jni;1.4.8-1 in central
[2023-01-26T20:21:40.178+0000] {spark_submit.py:495} INFO - found org.lz4#lz4-java;1.7.1 in central
[2023-01-26T20:21:40.261+0000] {spark_submit.py:495} INFO - found org.xerial.snappy#snappy-java;1.1.8.2 in central
[2023-01-26T20:21:40.282+0000] {spark_submit.py:495} INFO - found org.slf4j#slf4j-api;1.7.30 in central
[2023-01-26T20:21:40.314+0000] {spark_submit.py:495} INFO - found org.spark-project.spark#unused;1.0.0 in central
[2023-01-26T20:21:40.327+0000] {spark_submit.py:495} INFO - found org.apache.commons#commons-pool2;2.6.2 in central
[2023-01-26T20:21:40.338+0000] {spark_submit.py:495} INFO - found org.mongodb.spark#mongo-spark-connector_2.12;3.0.1 in central
[2023-01-26T20:21:40.348+0000] {spark_submit.py:495} INFO - found org.mongodb#mongodb-driver-sync;4.0.5 in central
[2023-01-26T20:21:40.357+0000] {spark_submit.py:495} INFO - found org.mongodb#bson;4.0.5 in central
[2023-01-26T20:21:40.366+0000] {spark_submit.py:495} INFO - found org.mongodb#mongodb-driver-core;4.0.5 in central
[2023-01-26T20:21:40.391+0000] {spark_submit.py:495} INFO - :: resolution report :: resolve 698ms :: artifacts dl 14ms
[2023-01-26T20:21:40.391+0000] {spark_submit.py:495} INFO - :: modules in use:
[2023-01-26T20:21:40.392+0000] {spark_submit.py:495} INFO - com.github.luben#zstd-jni;1.4.8-1 from central in [default]
[2023-01-26T20:21:40.392+0000] {spark_submit.py:495} INFO - org.apache.commons#commons-pool2;2.6.2 from central in [default]
[2023-01-26T20:21:40.392+0000] {spark_submit.py:495} INFO - org.apache.kafka#kafka-clients;2.6.0 from central in [default]
[2023-01-26T20:21:40.392+0000] {spark_submit.py:495} INFO - org.apache.spark#spark-sql-kafka-0-10_2.12;3.1.3 from central in [default]
[2023-01-26T20:21:40.393+0000] {spark_submit.py:495} INFO - org.apache.spark#spark-token-provider-kafka-0-10_2.12;3.1.3 from central in [default]
[2023-01-26T20:21:40.393+0000] {spark_submit.py:495} INFO - org.lz4#lz4-java;1.7.1 from central in [default]
[2023-01-26T20:21:40.393+0000] {spark_submit.py:495} INFO - org.mongodb#bson;4.0.5 from central in [default]
[2023-01-26T20:21:40.393+0000] {spark_submit.py:495} INFO - org.mongodb#mongodb-driver-core;4.0.5 from central in [default]
[2023-01-26T20:21:40.394+0000] {spark_submit.py:495} INFO - org.mongodb#mongodb-driver-sync;4.0.5 from central in [default]
[2023-01-26T20:21:40.394+0000] {spark_submit.py:495} INFO - org.mongodb.spark#mongo-spark-connector_2.12;3.0.1 from central in [default]
[2023-01-26T20:21:40.394+0000] {spark_submit.py:495} INFO - org.slf4j#slf4j-api;1.7.30 from central in [default]
[2023-01-26T20:21:40.394+0000] {spark_submit.py:495} INFO - org.spark-project.spark#unused;1.0.0 from central in [default]
[2023-01-26T20:21:40.395+0000] {spark_submit.py:495} INFO - org.xerial.snappy#snappy-java;1.1.8.2 from central in [default]
[2023-01-26T20:21:40.395+0000] {spark_submit.py:495} INFO - ---------------------------------------------------------------------
[2023-01-26T20:21:40.395+0000] {spark_submit.py:495} INFO - |                  |            modules            ||   artifacts   |
[2023-01-26T20:21:40.395+0000] {spark_submit.py:495} INFO - |       conf       | number| search|dwnlded|evicted|| number|dwnlded|
[2023-01-26T20:21:40.395+0000] {spark_submit.py:495} INFO - ---------------------------------------------------------------------
[2023-01-26T20:21:40.396+0000] {spark_submit.py:495} INFO - |      default     |   13  |   0   |   0   |   0   ||   13  |   0   |
[2023-01-26T20:21:40.396+0000] {spark_submit.py:495} INFO - ---------------------------------------------------------------------
[2023-01-26T20:21:40.402+0000] {spark_submit.py:495} INFO - :: retrieving :: org.apache.spark#spark-submit-parent-0f96cbf4-8b8a-4b13-ab17-c57b14073bf8
[2023-01-26T20:21:40.402+0000] {spark_submit.py:495} INFO - confs: [default]
[2023-01-26T20:21:40.410+0000] {spark_submit.py:495} INFO - 0 artifacts copied, 13 already retrieved (0kB/8ms)
[2023-01-26T20:21:40.665+0000] {spark_submit.py:495} INFO - 23/01/26 20:21:40 WARN NativeCodeLoader: Unable to load native-hadoop library for your platform... using builtin-java classes where applicable
[2023-01-26T20:21:43.695+0000] {spark_submit.py:495} INFO - 23/01/26 20:21:43 INFO SparkContext: Running Spark version 3.3.1
[2023-01-26T20:21:43.809+0000] {spark_submit.py:495} INFO - 23/01/26 20:21:43 INFO ResourceUtils: ==============================================================
[2023-01-26T20:21:43.809+0000] {spark_submit.py:495} INFO - 23/01/26 20:21:43 INFO ResourceUtils: No custom resources configured for spark.driver.
[2023-01-26T20:21:43.809+0000] {spark_submit.py:495} INFO - 23/01/26 20:21:43 INFO ResourceUtils: ==============================================================
[2023-01-26T20:21:43.809+0000] {spark_submit.py:495} INFO - 23/01/26 20:21:43 INFO SparkContext: Submitted application: arrow-spark
[2023-01-26T20:21:43.928+0000] {spark_submit.py:495} INFO - 23/01/26 20:21:43 INFO ResourceProfile: Default ResourceProfile created, executor resources: Map(cores -> name: cores, amount: 1, script: , vendor: , memory -> name: memory, amount: 1024, script: , vendor: , offHeap -> name: offHeap, amount: 0, script: , vendor: ), task resources: Map(cpus -> name: cpus, amount: 1.0)
[2023-01-26T20:21:43.997+0000] {spark_submit.py:495} INFO - 23/01/26 20:21:43 INFO ResourceProfile: Limiting resource is cpu
[2023-01-26T20:21:43.999+0000] {spark_submit.py:495} INFO - 23/01/26 20:21:43 INFO ResourceProfileManager: Added ResourceProfile id: 0
[2023-01-26T20:21:44.113+0000] {spark_submit.py:495} INFO - 23/01/26 20:21:44 INFO SecurityManager: Changing view acls to: default
[2023-01-26T20:21:44.117+0000] {spark_submit.py:495} INFO - 23/01/26 20:21:44 INFO SecurityManager: Changing modify acls to: default
[2023-01-26T20:21:44.117+0000] {spark_submit.py:495} INFO - 23/01/26 20:21:44 INFO SecurityManager: Changing view acls groups to:
[2023-01-26T20:21:44.117+0000] {spark_submit.py:495} INFO - 23/01/26 20:21:44 INFO SecurityManager: Changing modify acls groups to:
[2023-01-26T20:21:44.117+0000] {spark_submit.py:495} INFO - 23/01/26 20:21:44 INFO SecurityManager: SecurityManager: authentication disabled; ui acls disabled; users  with view permissions: Set(default); groups with view permissions: Set(); users  with modify permissions: Set(default); groups with modify permissions: Set()
[2023-01-26T20:21:44.777+0000] {spark_submit.py:495} INFO - 23/01/26 20:21:44 INFO Utils: Successfully started service 'sparkDriver' on port 35457.
[2023-01-26T20:21:44.852+0000] {spark_submit.py:495} INFO - 23/01/26 20:21:44 INFO SparkEnv: Registering MapOutputTracker
[2023-01-26T20:21:44.935+0000] {spark_submit.py:495} INFO - 23/01/26 20:21:44 INFO SparkEnv: Registering BlockManagerMaster
[2023-01-26T20:21:44.992+0000] {spark_submit.py:495} INFO - 23/01/26 20:21:44 INFO BlockManagerMasterEndpoint: Using org.apache.spark.storage.DefaultTopologyMapper for getting topology information
[2023-01-26T20:21:44.994+0000] {spark_submit.py:495} INFO - 23/01/26 20:21:44 INFO BlockManagerMasterEndpoint: BlockManagerMasterEndpoint up
[2023-01-26T20:21:45.011+0000] {spark_submit.py:495} INFO - 23/01/26 20:21:45 INFO SparkEnv: Registering BlockManagerMasterHeartbeat
[2023-01-26T20:21:45.049+0000] {spark_submit.py:495} INFO - 23/01/26 20:21:45 INFO DiskBlockManager: Created local directory at /tmp/blockmgr-2fbcdc15-8efc-4bbe-ab90-55bd0319e168
[2023-01-26T20:21:45.079+0000] {spark_submit.py:495} INFO - 23/01/26 20:21:45 INFO MemoryStore: MemoryStore started with capacity 434.4 MiB
[2023-01-26T20:21:45.108+0000] {spark_submit.py:495} INFO - 23/01/26 20:21:45 INFO SparkEnv: Registering OutputCommitCoordinator
[2023-01-26T20:21:45.454+0000] {spark_submit.py:495} INFO - 23/01/26 20:21:45 INFO Utils: Successfully started service 'SparkUI' on port 4040.
[2023-01-26T20:21:45.524+0000] {spark_submit.py:495} INFO - 23/01/26 20:21:45 INFO SparkContext: Added JAR file:///home/***/.ivy2/jars/org.apache.spark_spark-sql-kafka-0-10_2.12-3.1.3.jar at spark://f1cbb5df32e6:35457/jars/org.apache.spark_spark-sql-kafka-0-10_2.12-3.1.3.jar with timestamp 1674764503639
[2023-01-26T20:21:45.524+0000] {spark_submit.py:495} INFO - 23/01/26 20:21:45 INFO SparkContext: Added JAR file:///home/***/.ivy2/jars/org.mongodb.spark_mongo-spark-connector_2.12-3.0.1.jar at spark://f1cbb5df32e6:35457/jars/org.mongodb.spark_mongo-spark-connector_2.12-3.0.1.jar with timestamp 1674764503639
[2023-01-26T20:21:45.524+0000] {spark_submit.py:495} INFO - 23/01/26 20:21:45 INFO SparkContext: Added JAR file:///home/***/.ivy2/jars/org.apache.spark_spark-token-provider-kafka-0-10_2.12-3.1.3.jar at spark://f1cbb5df32e6:35457/jars/org.apache.spark_spark-token-provider-kafka-0-10_2.12-3.1.3.jar with timestamp 1674764503639
[2023-01-26T20:21:45.525+0000] {spark_submit.py:495} INFO - 23/01/26 20:21:45 INFO SparkContext: Added JAR file:///home/***/.ivy2/jars/org.apache.kafka_kafka-clients-2.6.0.jar at spark://f1cbb5df32e6:35457/jars/org.apache.kafka_kafka-clients-2.6.0.jar with timestamp 1674764503639
[2023-01-26T20:21:45.525+0000] {spark_submit.py:495} INFO - 23/01/26 20:21:45 INFO SparkContext: Added JAR file:///home/***/.ivy2/jars/org.apache.commons_commons-pool2-2.6.2.jar at spark://f1cbb5df32e6:35457/jars/org.apache.commons_commons-pool2-2.6.2.jar with timestamp 1674764503639
[2023-01-26T20:21:45.525+0000] {spark_submit.py:495} INFO - 23/01/26 20:21:45 INFO SparkContext: Added JAR file:///home/***/.ivy2/jars/org.spark-project.spark_unused-1.0.0.jar at spark://f1cbb5df32e6:35457/jars/org.spark-project.spark_unused-1.0.0.jar with timestamp 1674764503639
[2023-01-26T20:21:45.525+0000] {spark_submit.py:495} INFO - 23/01/26 20:21:45 INFO SparkContext: Added JAR file:///home/***/.ivy2/jars/com.github.luben_zstd-jni-1.4.8-1.jar at spark://f1cbb5df32e6:35457/jars/com.github.luben_zstd-jni-1.4.8-1.jar with timestamp 1674764503639
[2023-01-26T20:21:45.525+0000] {spark_submit.py:495} INFO - 23/01/26 20:21:45 INFO SparkContext: Added JAR file:///home/***/.ivy2/jars/org.lz4_lz4-java-1.7.1.jar at spark://f1cbb5df32e6:35457/jars/org.lz4_lz4-java-1.7.1.jar with timestamp 1674764503639
[2023-01-26T20:21:45.525+0000] {spark_submit.py:495} INFO - 23/01/26 20:21:45 INFO SparkContext: Added JAR file:///home/***/.ivy2/jars/org.xerial.snappy_snappy-java-1.1.8.2.jar at spark://f1cbb5df32e6:35457/jars/org.xerial.snappy_snappy-java-1.1.8.2.jar with timestamp 1674764503639
[2023-01-26T20:21:45.525+0000] {spark_submit.py:495} INFO - 23/01/26 20:21:45 INFO SparkContext: Added JAR file:///home/***/.ivy2/jars/org.slf4j_slf4j-api-1.7.30.jar at spark://f1cbb5df32e6:35457/jars/org.slf4j_slf4j-api-1.7.30.jar with timestamp 1674764503639
[2023-01-26T20:21:45.525+0000] {spark_submit.py:495} INFO - 23/01/26 20:21:45 INFO SparkContext: Added JAR file:///home/***/.ivy2/jars/org.mongodb_mongodb-driver-sync-4.0.5.jar at spark://f1cbb5df32e6:35457/jars/org.mongodb_mongodb-driver-sync-4.0.5.jar with timestamp 1674764503639
[2023-01-26T20:21:45.526+0000] {spark_submit.py:495} INFO - 23/01/26 20:21:45 INFO SparkContext: Added JAR file:///home/***/.ivy2/jars/org.mongodb_bson-4.0.5.jar at spark://f1cbb5df32e6:35457/jars/org.mongodb_bson-4.0.5.jar with timestamp 1674764503639
[2023-01-26T20:21:45.526+0000] {spark_submit.py:495} INFO - 23/01/26 20:21:45 INFO SparkContext: Added JAR file:///home/***/.ivy2/jars/org.mongodb_mongodb-driver-core-4.0.5.jar at spark://f1cbb5df32e6:35457/jars/org.mongodb_mongodb-driver-core-4.0.5.jar with timestamp 1674764503639
[2023-01-26T20:21:45.531+0000] {spark_submit.py:495} INFO - 23/01/26 20:21:45 INFO SparkContext: Added file file:///home/***/.ivy2/jars/org.apache.spark_spark-sql-kafka-0-10_2.12-3.1.3.jar at file:///home/***/.ivy2/jars/org.apache.spark_spark-sql-kafka-0-10_2.12-3.1.3.jar with timestamp 1674764503639
[2023-01-26T20:21:45.534+0000] {spark_submit.py:495} INFO - 23/01/26 20:21:45 INFO Utils: Copying /home/***/.ivy2/jars/org.apache.spark_spark-sql-kafka-0-10_2.12-3.1.3.jar to /tmp/spark-67d3e058-848c-48cf-92d3-077144dbf68c/userFiles-f8122258-fca7-4b6e-b684-cae064fe90fa/org.apache.spark_spark-sql-kafka-0-10_2.12-3.1.3.jar
[2023-01-26T20:21:45.555+0000] {spark_submit.py:495} INFO - 23/01/26 20:21:45 INFO SparkContext: Added file file:///home/***/.ivy2/jars/org.mongodb.spark_mongo-spark-connector_2.12-3.0.1.jar at file:///home/***/.ivy2/jars/org.mongodb.spark_mongo-spark-connector_2.12-3.0.1.jar with timestamp 1674764503639
[2023-01-26T20:21:45.555+0000] {spark_submit.py:495} INFO - 23/01/26 20:21:45 INFO Utils: Copying /home/***/.ivy2/jars/org.mongodb.spark_mongo-spark-connector_2.12-3.0.1.jar to /tmp/spark-67d3e058-848c-48cf-92d3-077144dbf68c/userFiles-f8122258-fca7-4b6e-b684-cae064fe90fa/org.mongodb.spark_mongo-spark-connector_2.12-3.0.1.jar
[2023-01-26T20:21:45.562+0000] {spark_submit.py:495} INFO - 23/01/26 20:21:45 INFO SparkContext: Added file file:///home/***/.ivy2/jars/org.apache.spark_spark-token-provider-kafka-0-10_2.12-3.1.3.jar at file:///home/***/.ivy2/jars/org.apache.spark_spark-token-provider-kafka-0-10_2.12-3.1.3.jar with timestamp 1674764503639
[2023-01-26T20:21:45.565+0000] {spark_submit.py:495} INFO - 23/01/26 20:21:45 INFO Utils: Copying /home/***/.ivy2/jars/org.apache.spark_spark-token-provider-kafka-0-10_2.12-3.1.3.jar to /tmp/spark-67d3e058-848c-48cf-92d3-077144dbf68c/userFiles-f8122258-fca7-4b6e-b684-cae064fe90fa/org.apache.spark_spark-token-provider-kafka-0-10_2.12-3.1.3.jar
[2023-01-26T20:21:45.574+0000] {spark_submit.py:495} INFO - 23/01/26 20:21:45 INFO SparkContext: Added file file:///home/***/.ivy2/jars/org.apache.kafka_kafka-clients-2.6.0.jar at file:///home/***/.ivy2/jars/org.apache.kafka_kafka-clients-2.6.0.jar with timestamp 1674764503639
[2023-01-26T20:21:45.575+0000] {spark_submit.py:495} INFO - 23/01/26 20:21:45 INFO Utils: Copying /home/***/.ivy2/jars/org.apache.kafka_kafka-clients-2.6.0.jar to /tmp/spark-67d3e058-848c-48cf-92d3-077144dbf68c/userFiles-f8122258-fca7-4b6e-b684-cae064fe90fa/org.apache.kafka_kafka-clients-2.6.0.jar
[2023-01-26T20:21:45.591+0000] {spark_submit.py:495} INFO - 23/01/26 20:21:45 INFO SparkContext: Added file file:///home/***/.ivy2/jars/org.apache.commons_commons-pool2-2.6.2.jar at file:///home/***/.ivy2/jars/org.apache.commons_commons-pool2-2.6.2.jar with timestamp 1674764503639
[2023-01-26T20:21:45.592+0000] {spark_submit.py:495} INFO - 23/01/26 20:21:45 INFO Utils: Copying /home/***/.ivy2/jars/org.apache.commons_commons-pool2-2.6.2.jar to /tmp/spark-67d3e058-848c-48cf-92d3-077144dbf68c/userFiles-f8122258-fca7-4b6e-b684-cae064fe90fa/org.apache.commons_commons-pool2-2.6.2.jar
[2023-01-26T20:21:45.598+0000] {spark_submit.py:495} INFO - 23/01/26 20:21:45 INFO SparkContext: Added file file:///home/***/.ivy2/jars/org.spark-project.spark_unused-1.0.0.jar at file:///home/***/.ivy2/jars/org.spark-project.spark_unused-1.0.0.jar with timestamp 1674764503639
[2023-01-26T20:21:45.598+0000] {spark_submit.py:495} INFO - 23/01/26 20:21:45 INFO Utils: Copying /home/***/.ivy2/jars/org.spark-project.spark_unused-1.0.0.jar to /tmp/spark-67d3e058-848c-48cf-92d3-077144dbf68c/userFiles-f8122258-fca7-4b6e-b684-cae064fe90fa/org.spark-project.spark_unused-1.0.0.jar
[2023-01-26T20:21:45.619+0000] {spark_submit.py:495} INFO - 23/01/26 20:21:45 INFO SparkContext: Added file file:///home/***/.ivy2/jars/com.github.luben_zstd-jni-1.4.8-1.jar at file:///home/***/.ivy2/jars/com.github.luben_zstd-jni-1.4.8-1.jar with timestamp 1674764503639
[2023-01-26T20:21:45.619+0000] {spark_submit.py:495} INFO - 23/01/26 20:21:45 INFO Utils: Copying /home/***/.ivy2/jars/com.github.luben_zstd-jni-1.4.8-1.jar to /tmp/spark-67d3e058-848c-48cf-92d3-077144dbf68c/userFiles-f8122258-fca7-4b6e-b684-cae064fe90fa/com.github.luben_zstd-jni-1.4.8-1.jar
[2023-01-26T20:21:45.640+0000] {spark_submit.py:495} INFO - 23/01/26 20:21:45 INFO SparkContext: Added file file:///home/***/.ivy2/jars/org.lz4_lz4-java-1.7.1.jar at file:///home/***/.ivy2/jars/org.lz4_lz4-java-1.7.1.jar with timestamp 1674764503639
[2023-01-26T20:21:45.640+0000] {spark_submit.py:495} INFO - 23/01/26 20:21:45 INFO Utils: Copying /home/***/.ivy2/jars/org.lz4_lz4-java-1.7.1.jar to /tmp/spark-67d3e058-848c-48cf-92d3-077144dbf68c/userFiles-f8122258-fca7-4b6e-b684-cae064fe90fa/org.lz4_lz4-java-1.7.1.jar
[2023-01-26T20:21:45.647+0000] {spark_submit.py:495} INFO - 23/01/26 20:21:45 INFO SparkContext: Added file file:///home/***/.ivy2/jars/org.xerial.snappy_snappy-java-1.1.8.2.jar at file:///home/***/.ivy2/jars/org.xerial.snappy_snappy-java-1.1.8.2.jar with timestamp 1674764503639
[2023-01-26T20:21:45.647+0000] {spark_submit.py:495} INFO - 23/01/26 20:21:45 INFO Utils: Copying /home/***/.ivy2/jars/org.xerial.snappy_snappy-java-1.1.8.2.jar to /tmp/spark-67d3e058-848c-48cf-92d3-077144dbf68c/userFiles-f8122258-fca7-4b6e-b684-cae064fe90fa/org.xerial.snappy_snappy-java-1.1.8.2.jar
[2023-01-26T20:21:45.658+0000] {spark_submit.py:495} INFO - 23/01/26 20:21:45 INFO SparkContext: Added file file:///home/***/.ivy2/jars/org.slf4j_slf4j-api-1.7.30.jar at file:///home/***/.ivy2/jars/org.slf4j_slf4j-api-1.7.30.jar with timestamp 1674764503639
[2023-01-26T20:21:45.658+0000] {spark_submit.py:495} INFO - 23/01/26 20:21:45 INFO Utils: Copying /home/***/.ivy2/jars/org.slf4j_slf4j-api-1.7.30.jar to /tmp/spark-67d3e058-848c-48cf-92d3-077144dbf68c/userFiles-f8122258-fca7-4b6e-b684-cae064fe90fa/org.slf4j_slf4j-api-1.7.30.jar
[2023-01-26T20:21:45.665+0000] {spark_submit.py:495} INFO - 23/01/26 20:21:45 INFO SparkContext: Added file file:///home/***/.ivy2/jars/org.mongodb_mongodb-driver-sync-4.0.5.jar at file:///home/***/.ivy2/jars/org.mongodb_mongodb-driver-sync-4.0.5.jar with timestamp 1674764503639
[2023-01-26T20:21:45.665+0000] {spark_submit.py:495} INFO - 23/01/26 20:21:45 INFO Utils: Copying /home/***/.ivy2/jars/org.mongodb_mongodb-driver-sync-4.0.5.jar to /tmp/spark-67d3e058-848c-48cf-92d3-077144dbf68c/userFiles-f8122258-fca7-4b6e-b684-cae064fe90fa/org.mongodb_mongodb-driver-sync-4.0.5.jar
[2023-01-26T20:21:45.674+0000] {spark_submit.py:495} INFO - 23/01/26 20:21:45 INFO SparkContext: Added file file:///home/***/.ivy2/jars/org.mongodb_bson-4.0.5.jar at file:///home/***/.ivy2/jars/org.mongodb_bson-4.0.5.jar with timestamp 1674764503639
[2023-01-26T20:21:45.675+0000] {spark_submit.py:495} INFO - 23/01/26 20:21:45 INFO Utils: Copying /home/***/.ivy2/jars/org.mongodb_bson-4.0.5.jar to /tmp/spark-67d3e058-848c-48cf-92d3-077144dbf68c/userFiles-f8122258-fca7-4b6e-b684-cae064fe90fa/org.mongodb_bson-4.0.5.jar
[2023-01-26T20:21:45.682+0000] {spark_submit.py:495} INFO - 23/01/26 20:21:45 INFO SparkContext: Added file file:///home/***/.ivy2/jars/org.mongodb_mongodb-driver-core-4.0.5.jar at file:///home/***/.ivy2/jars/org.mongodb_mongodb-driver-core-4.0.5.jar with timestamp 1674764503639
[2023-01-26T20:21:45.684+0000] {spark_submit.py:495} INFO - 23/01/26 20:21:45 INFO Utils: Copying /home/***/.ivy2/jars/org.mongodb_mongodb-driver-core-4.0.5.jar to /tmp/spark-67d3e058-848c-48cf-92d3-077144dbf68c/userFiles-f8122258-fca7-4b6e-b684-cae064fe90fa/org.mongodb_mongodb-driver-core-4.0.5.jar
[2023-01-26T20:21:45.831+0000] {spark_submit.py:495} INFO - 23/01/26 20:21:45 INFO Executor: Starting executor ID driver on host f1cbb5df32e6
[2023-01-26T20:21:45.843+0000] {spark_submit.py:495} INFO - 23/01/26 20:21:45 INFO Executor: Starting executor with user classpath (userClassPathFirst = false): ''
[2023-01-26T20:21:45.866+0000] {spark_submit.py:495} INFO - 23/01/26 20:21:45 INFO Executor: Fetching file:///home/***/.ivy2/jars/org.apache.spark_spark-token-provider-kafka-0-10_2.12-3.1.3.jar with timestamp 1674764503639
[2023-01-26T20:21:45.912+0000] {spark_submit.py:495} INFO - 23/01/26 20:21:45 INFO Utils: /home/***/.ivy2/jars/org.apache.spark_spark-token-provider-kafka-0-10_2.12-3.1.3.jar has been previously copied to /tmp/spark-67d3e058-848c-48cf-92d3-077144dbf68c/userFiles-f8122258-fca7-4b6e-b684-cae064fe90fa/org.apache.spark_spark-token-provider-kafka-0-10_2.12-3.1.3.jar
[2023-01-26T20:21:45.925+0000] {spark_submit.py:495} INFO - 23/01/26 20:21:45 INFO Executor: Fetching file:///home/***/.ivy2/jars/org.mongodb_mongodb-driver-sync-4.0.5.jar with timestamp 1674764503639
[2023-01-26T20:21:45.927+0000] {spark_submit.py:495} INFO - 23/01/26 20:21:45 INFO Utils: /home/***/.ivy2/jars/org.mongodb_mongodb-driver-sync-4.0.5.jar has been previously copied to /tmp/spark-67d3e058-848c-48cf-92d3-077144dbf68c/userFiles-f8122258-fca7-4b6e-b684-cae064fe90fa/org.mongodb_mongodb-driver-sync-4.0.5.jar
[2023-01-26T20:21:45.948+0000] {spark_submit.py:495} INFO - 23/01/26 20:21:45 INFO Executor: Fetching file:///home/***/.ivy2/jars/org.apache.kafka_kafka-clients-2.6.0.jar with timestamp 1674764503639
[2023-01-26T20:21:45.961+0000] {spark_submit.py:495} INFO - 23/01/26 20:21:45 INFO Utils: /home/***/.ivy2/jars/org.apache.kafka_kafka-clients-2.6.0.jar has been previously copied to /tmp/spark-67d3e058-848c-48cf-92d3-077144dbf68c/userFiles-f8122258-fca7-4b6e-b684-cae064fe90fa/org.apache.kafka_kafka-clients-2.6.0.jar
[2023-01-26T20:21:45.987+0000] {spark_submit.py:495} INFO - 23/01/26 20:21:45 INFO Executor: Fetching file:///home/***/.ivy2/jars/org.mongodb_bson-4.0.5.jar with timestamp 1674764503639
[2023-01-26T20:21:45.987+0000] {spark_submit.py:495} INFO - 23/01/26 20:21:45 INFO Utils: /home/***/.ivy2/jars/org.mongodb_bson-4.0.5.jar has been previously copied to /tmp/spark-67d3e058-848c-48cf-92d3-077144dbf68c/userFiles-f8122258-fca7-4b6e-b684-cae064fe90fa/org.mongodb_bson-4.0.5.jar
[2023-01-26T20:21:46.005+0000] {spark_submit.py:495} INFO - 23/01/26 20:21:46 INFO Executor: Fetching file:///home/***/.ivy2/jars/com.github.luben_zstd-jni-1.4.8-1.jar with timestamp 1674764503639
[2023-01-26T20:21:46.011+0000] {spark_submit.py:495} INFO - 23/01/26 20:21:46 INFO Utils: /home/***/.ivy2/jars/com.github.luben_zstd-jni-1.4.8-1.jar has been previously copied to /tmp/spark-67d3e058-848c-48cf-92d3-077144dbf68c/userFiles-f8122258-fca7-4b6e-b684-cae064fe90fa/com.github.luben_zstd-jni-1.4.8-1.jar
[2023-01-26T20:21:46.025+0000] {spark_submit.py:495} INFO - 23/01/26 20:21:46 INFO Executor: Fetching file:///home/***/.ivy2/jars/org.lz4_lz4-java-1.7.1.jar with timestamp 1674764503639
[2023-01-26T20:21:46.025+0000] {spark_submit.py:495} INFO - 23/01/26 20:21:46 INFO Utils: /home/***/.ivy2/jars/org.lz4_lz4-java-1.7.1.jar has been previously copied to /tmp/spark-67d3e058-848c-48cf-92d3-077144dbf68c/userFiles-f8122258-fca7-4b6e-b684-cae064fe90fa/org.lz4_lz4-java-1.7.1.jar
[2023-01-26T20:21:46.046+0000] {spark_submit.py:495} INFO - 23/01/26 20:21:46 INFO Executor: Fetching file:///home/***/.ivy2/jars/org.spark-project.spark_unused-1.0.0.jar with timestamp 1674764503639
[2023-01-26T20:21:46.046+0000] {spark_submit.py:495} INFO - 23/01/26 20:21:46 INFO Utils: /home/***/.ivy2/jars/org.spark-project.spark_unused-1.0.0.jar has been previously copied to /tmp/spark-67d3e058-848c-48cf-92d3-077144dbf68c/userFiles-f8122258-fca7-4b6e-b684-cae064fe90fa/org.spark-project.spark_unused-1.0.0.jar
[2023-01-26T20:21:46.053+0000] {spark_submit.py:495} INFO - 23/01/26 20:21:46 INFO Executor: Fetching file:///home/***/.ivy2/jars/org.xerial.snappy_snappy-java-1.1.8.2.jar with timestamp 1674764503639
[2023-01-26T20:21:46.055+0000] {spark_submit.py:495} INFO - 23/01/26 20:21:46 INFO Utils: /home/***/.ivy2/jars/org.xerial.snappy_snappy-java-1.1.8.2.jar has been previously copied to /tmp/spark-67d3e058-848c-48cf-92d3-077144dbf68c/userFiles-f8122258-fca7-4b6e-b684-cae064fe90fa/org.xerial.snappy_snappy-java-1.1.8.2.jar
[2023-01-26T20:21:46.059+0000] {spark_submit.py:495} INFO - 23/01/26 20:21:46 INFO Executor: Fetching file:///home/***/.ivy2/jars/org.mongodb_mongodb-driver-core-4.0.5.jar with timestamp 1674764503639
[2023-01-26T20:21:46.062+0000] {spark_submit.py:495} INFO - 23/01/26 20:21:46 INFO Utils: /home/***/.ivy2/jars/org.mongodb_mongodb-driver-core-4.0.5.jar has been previously copied to /tmp/spark-67d3e058-848c-48cf-92d3-077144dbf68c/userFiles-f8122258-fca7-4b6e-b684-cae064fe90fa/org.mongodb_mongodb-driver-core-4.0.5.jar
[2023-01-26T20:21:46.088+0000] {spark_submit.py:495} INFO - 23/01/26 20:21:46 INFO Executor: Fetching file:///home/***/.ivy2/jars/org.apache.spark_spark-sql-kafka-0-10_2.12-3.1.3.jar with timestamp 1674764503639
[2023-01-26T20:21:46.089+0000] {spark_submit.py:495} INFO - 23/01/26 20:21:46 INFO Utils: /home/***/.ivy2/jars/org.apache.spark_spark-sql-kafka-0-10_2.12-3.1.3.jar has been previously copied to /tmp/spark-67d3e058-848c-48cf-92d3-077144dbf68c/userFiles-f8122258-fca7-4b6e-b684-cae064fe90fa/org.apache.spark_spark-sql-kafka-0-10_2.12-3.1.3.jar
[2023-01-26T20:21:46.098+0000] {spark_submit.py:495} INFO - 23/01/26 20:21:46 INFO Executor: Fetching file:///home/***/.ivy2/jars/org.mongodb.spark_mongo-spark-connector_2.12-3.0.1.jar with timestamp 1674764503639
[2023-01-26T20:21:46.099+0000] {spark_submit.py:495} INFO - 23/01/26 20:21:46 INFO Utils: /home/***/.ivy2/jars/org.mongodb.spark_mongo-spark-connector_2.12-3.0.1.jar has been previously copied to /tmp/spark-67d3e058-848c-48cf-92d3-077144dbf68c/userFiles-f8122258-fca7-4b6e-b684-cae064fe90fa/org.mongodb.spark_mongo-spark-connector_2.12-3.0.1.jar
[2023-01-26T20:21:46.104+0000] {spark_submit.py:495} INFO - 23/01/26 20:21:46 INFO Executor: Fetching file:///home/***/.ivy2/jars/org.apache.commons_commons-pool2-2.6.2.jar with timestamp 1674764503639
[2023-01-26T20:21:46.104+0000] {spark_submit.py:495} INFO - 23/01/26 20:21:46 INFO Utils: /home/***/.ivy2/jars/org.apache.commons_commons-pool2-2.6.2.jar has been previously copied to /tmp/spark-67d3e058-848c-48cf-92d3-077144dbf68c/userFiles-f8122258-fca7-4b6e-b684-cae064fe90fa/org.apache.commons_commons-pool2-2.6.2.jar
[2023-01-26T20:21:46.123+0000] {spark_submit.py:495} INFO - 23/01/26 20:21:46 INFO Executor: Fetching file:///home/***/.ivy2/jars/org.slf4j_slf4j-api-1.7.30.jar with timestamp 1674764503639
[2023-01-26T20:21:46.124+0000] {spark_submit.py:495} INFO - 23/01/26 20:21:46 INFO Utils: /home/***/.ivy2/jars/org.slf4j_slf4j-api-1.7.30.jar has been previously copied to /tmp/spark-67d3e058-848c-48cf-92d3-077144dbf68c/userFiles-f8122258-fca7-4b6e-b684-cae064fe90fa/org.slf4j_slf4j-api-1.7.30.jar
[2023-01-26T20:21:46.151+0000] {spark_submit.py:495} INFO - 23/01/26 20:21:46 INFO Executor: Fetching spark://f1cbb5df32e6:35457/jars/com.github.luben_zstd-jni-1.4.8-1.jar with timestamp 1674764503639
[2023-01-26T20:21:46.197+0000] {spark_submit.py:495} INFO - 23/01/26 20:21:46 INFO TransportClientFactory: Successfully created connection to f1cbb5df32e6/172.23.0.4:35457 after 26 ms (0 ms spent in bootstraps)
[2023-01-26T20:21:46.213+0000] {spark_submit.py:495} INFO - 23/01/26 20:21:46 INFO Utils: Fetching spark://f1cbb5df32e6:35457/jars/com.github.luben_zstd-jni-1.4.8-1.jar to /tmp/spark-67d3e058-848c-48cf-92d3-077144dbf68c/userFiles-f8122258-fca7-4b6e-b684-cae064fe90fa/fetchFileTemp11367915095947245536.tmp
[2023-01-26T20:21:46.300+0000] {spark_submit.py:495} INFO - 23/01/26 20:21:46 INFO Utils: /tmp/spark-67d3e058-848c-48cf-92d3-077144dbf68c/userFiles-f8122258-fca7-4b6e-b684-cae064fe90fa/fetchFileTemp11367915095947245536.tmp has been previously copied to /tmp/spark-67d3e058-848c-48cf-92d3-077144dbf68c/userFiles-f8122258-fca7-4b6e-b684-cae064fe90fa/com.github.luben_zstd-jni-1.4.8-1.jar
[2023-01-26T20:21:46.318+0000] {spark_submit.py:495} INFO - 23/01/26 20:21:46 INFO Executor: Adding file:/tmp/spark-67d3e058-848c-48cf-92d3-077144dbf68c/userFiles-f8122258-fca7-4b6e-b684-cae064fe90fa/com.github.luben_zstd-jni-1.4.8-1.jar to class loader
[2023-01-26T20:21:46.319+0000] {spark_submit.py:495} INFO - 23/01/26 20:21:46 INFO Executor: Fetching spark://f1cbb5df32e6:35457/jars/org.lz4_lz4-java-1.7.1.jar with timestamp 1674764503639
[2023-01-26T20:21:46.319+0000] {spark_submit.py:495} INFO - 23/01/26 20:21:46 INFO Utils: Fetching spark://f1cbb5df32e6:35457/jars/org.lz4_lz4-java-1.7.1.jar to /tmp/spark-67d3e058-848c-48cf-92d3-077144dbf68c/userFiles-f8122258-fca7-4b6e-b684-cae064fe90fa/fetchFileTemp14801569696720300417.tmp
[2023-01-26T20:21:46.326+0000] {spark_submit.py:495} INFO - 23/01/26 20:21:46 INFO Utils: /tmp/spark-67d3e058-848c-48cf-92d3-077144dbf68c/userFiles-f8122258-fca7-4b6e-b684-cae064fe90fa/fetchFileTemp14801569696720300417.tmp has been previously copied to /tmp/spark-67d3e058-848c-48cf-92d3-077144dbf68c/userFiles-f8122258-fca7-4b6e-b684-cae064fe90fa/org.lz4_lz4-java-1.7.1.jar
[2023-01-26T20:21:46.336+0000] {spark_submit.py:495} INFO - 23/01/26 20:21:46 INFO Executor: Adding file:/tmp/spark-67d3e058-848c-48cf-92d3-077144dbf68c/userFiles-f8122258-fca7-4b6e-b684-cae064fe90fa/org.lz4_lz4-java-1.7.1.jar to class loader
[2023-01-26T20:21:46.336+0000] {spark_submit.py:495} INFO - 23/01/26 20:21:46 INFO Executor: Fetching spark://f1cbb5df32e6:35457/jars/org.apache.spark_spark-sql-kafka-0-10_2.12-3.1.3.jar with timestamp 1674764503639
[2023-01-26T20:21:46.339+0000] {spark_submit.py:495} INFO - 23/01/26 20:21:46 INFO Utils: Fetching spark://f1cbb5df32e6:35457/jars/org.apache.spark_spark-sql-kafka-0-10_2.12-3.1.3.jar to /tmp/spark-67d3e058-848c-48cf-92d3-077144dbf68c/userFiles-f8122258-fca7-4b6e-b684-cae064fe90fa/fetchFileTemp14253509029946433444.tmp
[2023-01-26T20:21:46.344+0000] {spark_submit.py:495} INFO - 23/01/26 20:21:46 INFO Utils: /tmp/spark-67d3e058-848c-48cf-92d3-077144dbf68c/userFiles-f8122258-fca7-4b6e-b684-cae064fe90fa/fetchFileTemp14253509029946433444.tmp has been previously copied to /tmp/spark-67d3e058-848c-48cf-92d3-077144dbf68c/userFiles-f8122258-fca7-4b6e-b684-cae064fe90fa/org.apache.spark_spark-sql-kafka-0-10_2.12-3.1.3.jar
[2023-01-26T20:21:46.348+0000] {spark_submit.py:495} INFO - 23/01/26 20:21:46 INFO Executor: Adding file:/tmp/spark-67d3e058-848c-48cf-92d3-077144dbf68c/userFiles-f8122258-fca7-4b6e-b684-cae064fe90fa/org.apache.spark_spark-sql-kafka-0-10_2.12-3.1.3.jar to class loader
[2023-01-26T20:21:46.348+0000] {spark_submit.py:495} INFO - 23/01/26 20:21:46 INFO Executor: Fetching spark://f1cbb5df32e6:35457/jars/org.mongodb.spark_mongo-spark-connector_2.12-3.0.1.jar with timestamp 1674764503639
[2023-01-26T20:21:46.350+0000] {spark_submit.py:495} INFO - 23/01/26 20:21:46 INFO Utils: Fetching spark://f1cbb5df32e6:35457/jars/org.mongodb.spark_mongo-spark-connector_2.12-3.0.1.jar to /tmp/spark-67d3e058-848c-48cf-92d3-077144dbf68c/userFiles-f8122258-fca7-4b6e-b684-cae064fe90fa/fetchFileTemp1246129978636859993.tmp
[2023-01-26T20:21:46.358+0000] {spark_submit.py:495} INFO - 23/01/26 20:21:46 INFO Utils: /tmp/spark-67d3e058-848c-48cf-92d3-077144dbf68c/userFiles-f8122258-fca7-4b6e-b684-cae064fe90fa/fetchFileTemp1246129978636859993.tmp has been previously copied to /tmp/spark-67d3e058-848c-48cf-92d3-077144dbf68c/userFiles-f8122258-fca7-4b6e-b684-cae064fe90fa/org.mongodb.spark_mongo-spark-connector_2.12-3.0.1.jar
[2023-01-26T20:21:46.364+0000] {spark_submit.py:495} INFO - 23/01/26 20:21:46 INFO Executor: Adding file:/tmp/spark-67d3e058-848c-48cf-92d3-077144dbf68c/userFiles-f8122258-fca7-4b6e-b684-cae064fe90fa/org.mongodb.spark_mongo-spark-connector_2.12-3.0.1.jar to class loader
[2023-01-26T20:21:46.365+0000] {spark_submit.py:495} INFO - 23/01/26 20:21:46 INFO Executor: Fetching spark://f1cbb5df32e6:35457/jars/org.mongodb_mongodb-driver-core-4.0.5.jar with timestamp 1674764503639
[2023-01-26T20:21:46.365+0000] {spark_submit.py:495} INFO - 23/01/26 20:21:46 INFO Utils: Fetching spark://f1cbb5df32e6:35457/jars/org.mongodb_mongodb-driver-core-4.0.5.jar to /tmp/spark-67d3e058-848c-48cf-92d3-077144dbf68c/userFiles-f8122258-fca7-4b6e-b684-cae064fe90fa/fetchFileTemp16879235579069969899.tmp
[2023-01-26T20:21:46.377+0000] {spark_submit.py:495} INFO - 23/01/26 20:21:46 INFO Utils: /tmp/spark-67d3e058-848c-48cf-92d3-077144dbf68c/userFiles-f8122258-fca7-4b6e-b684-cae064fe90fa/fetchFileTemp16879235579069969899.tmp has been previously copied to /tmp/spark-67d3e058-848c-48cf-92d3-077144dbf68c/userFiles-f8122258-fca7-4b6e-b684-cae064fe90fa/org.mongodb_mongodb-driver-core-4.0.5.jar
[2023-01-26T20:21:46.383+0000] {spark_submit.py:495} INFO - 23/01/26 20:21:46 INFO Executor: Adding file:/tmp/spark-67d3e058-848c-48cf-92d3-077144dbf68c/userFiles-f8122258-fca7-4b6e-b684-cae064fe90fa/org.mongodb_mongodb-driver-core-4.0.5.jar to class loader
[2023-01-26T20:21:46.383+0000] {spark_submit.py:495} INFO - 23/01/26 20:21:46 INFO Executor: Fetching spark://f1cbb5df32e6:35457/jars/org.xerial.snappy_snappy-java-1.1.8.2.jar with timestamp 1674764503639
[2023-01-26T20:21:46.384+0000] {spark_submit.py:495} INFO - 23/01/26 20:21:46 INFO Utils: Fetching spark://f1cbb5df32e6:35457/jars/org.xerial.snappy_snappy-java-1.1.8.2.jar to /tmp/spark-67d3e058-848c-48cf-92d3-077144dbf68c/userFiles-f8122258-fca7-4b6e-b684-cae064fe90fa/fetchFileTemp18404024037152252899.tmp
[2023-01-26T20:21:46.404+0000] {spark_submit.py:495} INFO - 23/01/26 20:21:46 INFO Utils: /tmp/spark-67d3e058-848c-48cf-92d3-077144dbf68c/userFiles-f8122258-fca7-4b6e-b684-cae064fe90fa/fetchFileTemp18404024037152252899.tmp has been previously copied to /tmp/spark-67d3e058-848c-48cf-92d3-077144dbf68c/userFiles-f8122258-fca7-4b6e-b684-cae064fe90fa/org.xerial.snappy_snappy-java-1.1.8.2.jar
[2023-01-26T20:21:46.411+0000] {spark_submit.py:495} INFO - 23/01/26 20:21:46 INFO Executor: Adding file:/tmp/spark-67d3e058-848c-48cf-92d3-077144dbf68c/userFiles-f8122258-fca7-4b6e-b684-cae064fe90fa/org.xerial.snappy_snappy-java-1.1.8.2.jar to class loader
[2023-01-26T20:21:46.411+0000] {spark_submit.py:495} INFO - 23/01/26 20:21:46 INFO Executor: Fetching spark://f1cbb5df32e6:35457/jars/org.slf4j_slf4j-api-1.7.30.jar with timestamp 1674764503639
[2023-01-26T20:21:46.411+0000] {spark_submit.py:495} INFO - 23/01/26 20:21:46 INFO Utils: Fetching spark://f1cbb5df32e6:35457/jars/org.slf4j_slf4j-api-1.7.30.jar to /tmp/spark-67d3e058-848c-48cf-92d3-077144dbf68c/userFiles-f8122258-fca7-4b6e-b684-cae064fe90fa/fetchFileTemp4017172134522494817.tmp
[2023-01-26T20:21:46.416+0000] {spark_submit.py:495} INFO - 23/01/26 20:21:46 INFO Utils: /tmp/spark-67d3e058-848c-48cf-92d3-077144dbf68c/userFiles-f8122258-fca7-4b6e-b684-cae064fe90fa/fetchFileTemp4017172134522494817.tmp has been previously copied to /tmp/spark-67d3e058-848c-48cf-92d3-077144dbf68c/userFiles-f8122258-fca7-4b6e-b684-cae064fe90fa/org.slf4j_slf4j-api-1.7.30.jar
[2023-01-26T20:21:46.425+0000] {spark_submit.py:495} INFO - 23/01/26 20:21:46 INFO Executor: Adding file:/tmp/spark-67d3e058-848c-48cf-92d3-077144dbf68c/userFiles-f8122258-fca7-4b6e-b684-cae064fe90fa/org.slf4j_slf4j-api-1.7.30.jar to class loader
[2023-01-26T20:21:46.425+0000] {spark_submit.py:495} INFO - 23/01/26 20:21:46 INFO Executor: Fetching spark://f1cbb5df32e6:35457/jars/org.apache.kafka_kafka-clients-2.6.0.jar with timestamp 1674764503639
[2023-01-26T20:21:46.425+0000] {spark_submit.py:495} INFO - 23/01/26 20:21:46 INFO Utils: Fetching spark://f1cbb5df32e6:35457/jars/org.apache.kafka_kafka-clients-2.6.0.jar to /tmp/spark-67d3e058-848c-48cf-92d3-077144dbf68c/userFiles-f8122258-fca7-4b6e-b684-cae064fe90fa/fetchFileTemp18168643113310947974.tmp
[2023-01-26T20:21:46.448+0000] {spark_submit.py:495} INFO - 23/01/26 20:21:46 INFO Utils: /tmp/spark-67d3e058-848c-48cf-92d3-077144dbf68c/userFiles-f8122258-fca7-4b6e-b684-cae064fe90fa/fetchFileTemp18168643113310947974.tmp has been previously copied to /tmp/spark-67d3e058-848c-48cf-92d3-077144dbf68c/userFiles-f8122258-fca7-4b6e-b684-cae064fe90fa/org.apache.kafka_kafka-clients-2.6.0.jar
[2023-01-26T20:21:46.453+0000] {spark_submit.py:495} INFO - 23/01/26 20:21:46 INFO Executor: Adding file:/tmp/spark-67d3e058-848c-48cf-92d3-077144dbf68c/userFiles-f8122258-fca7-4b6e-b684-cae064fe90fa/org.apache.kafka_kafka-clients-2.6.0.jar to class loader
[2023-01-26T20:21:46.453+0000] {spark_submit.py:495} INFO - 23/01/26 20:21:46 INFO Executor: Fetching spark://f1cbb5df32e6:35457/jars/org.apache.commons_commons-pool2-2.6.2.jar with timestamp 1674764503639
[2023-01-26T20:21:46.455+0000] {spark_submit.py:495} INFO - 23/01/26 20:21:46 INFO Utils: Fetching spark://f1cbb5df32e6:35457/jars/org.apache.commons_commons-pool2-2.6.2.jar to /tmp/spark-67d3e058-848c-48cf-92d3-077144dbf68c/userFiles-f8122258-fca7-4b6e-b684-cae064fe90fa/fetchFileTemp3087805039138962404.tmp
[2023-01-26T20:21:46.458+0000] {spark_submit.py:495} INFO - 23/01/26 20:21:46 INFO Utils: /tmp/spark-67d3e058-848c-48cf-92d3-077144dbf68c/userFiles-f8122258-fca7-4b6e-b684-cae064fe90fa/fetchFileTemp3087805039138962404.tmp has been previously copied to /tmp/spark-67d3e058-848c-48cf-92d3-077144dbf68c/userFiles-f8122258-fca7-4b6e-b684-cae064fe90fa/org.apache.commons_commons-pool2-2.6.2.jar
[2023-01-26T20:21:46.480+0000] {spark_submit.py:495} INFO - 23/01/26 20:21:46 INFO Executor: Adding file:/tmp/spark-67d3e058-848c-48cf-92d3-077144dbf68c/userFiles-f8122258-fca7-4b6e-b684-cae064fe90fa/org.apache.commons_commons-pool2-2.6.2.jar to class loader
[2023-01-26T20:21:46.480+0000] {spark_submit.py:495} INFO - 23/01/26 20:21:46 INFO Executor: Fetching spark://f1cbb5df32e6:35457/jars/org.apache.spark_spark-token-provider-kafka-0-10_2.12-3.1.3.jar with timestamp 1674764503639
[2023-01-26T20:21:46.480+0000] {spark_submit.py:495} INFO - 23/01/26 20:21:46 INFO Utils: Fetching spark://f1cbb5df32e6:35457/jars/org.apache.spark_spark-token-provider-kafka-0-10_2.12-3.1.3.jar to /tmp/spark-67d3e058-848c-48cf-92d3-077144dbf68c/userFiles-f8122258-fca7-4b6e-b684-cae064fe90fa/fetchFileTemp16949582661456038939.tmp
[2023-01-26T20:21:46.481+0000] {spark_submit.py:495} INFO - 23/01/26 20:21:46 INFO Utils: /tmp/spark-67d3e058-848c-48cf-92d3-077144dbf68c/userFiles-f8122258-fca7-4b6e-b684-cae064fe90fa/fetchFileTemp16949582661456038939.tmp has been previously copied to /tmp/spark-67d3e058-848c-48cf-92d3-077144dbf68c/userFiles-f8122258-fca7-4b6e-b684-cae064fe90fa/org.apache.spark_spark-token-provider-kafka-0-10_2.12-3.1.3.jar
[2023-01-26T20:21:46.481+0000] {spark_submit.py:495} INFO - 23/01/26 20:21:46 INFO Executor: Adding file:/tmp/spark-67d3e058-848c-48cf-92d3-077144dbf68c/userFiles-f8122258-fca7-4b6e-b684-cae064fe90fa/org.apache.spark_spark-token-provider-kafka-0-10_2.12-3.1.3.jar to class loader
[2023-01-26T20:21:46.481+0000] {spark_submit.py:495} INFO - 23/01/26 20:21:46 INFO Executor: Fetching spark://f1cbb5df32e6:35457/jars/org.spark-project.spark_unused-1.0.0.jar with timestamp 1674764503639
[2023-01-26T20:21:46.481+0000] {spark_submit.py:495} INFO - 23/01/26 20:21:46 INFO Utils: Fetching spark://f1cbb5df32e6:35457/jars/org.spark-project.spark_unused-1.0.0.jar to /tmp/spark-67d3e058-848c-48cf-92d3-077144dbf68c/userFiles-f8122258-fca7-4b6e-b684-cae064fe90fa/fetchFileTemp15123496951517249676.tmp
[2023-01-26T20:21:46.481+0000] {spark_submit.py:495} INFO - 23/01/26 20:21:46 INFO Utils: /tmp/spark-67d3e058-848c-48cf-92d3-077144dbf68c/userFiles-f8122258-fca7-4b6e-b684-cae064fe90fa/fetchFileTemp15123496951517249676.tmp has been previously copied to /tmp/spark-67d3e058-848c-48cf-92d3-077144dbf68c/userFiles-f8122258-fca7-4b6e-b684-cae064fe90fa/org.spark-project.spark_unused-1.0.0.jar
[2023-01-26T20:21:46.481+0000] {spark_submit.py:495} INFO - 23/01/26 20:21:46 INFO Executor: Adding file:/tmp/spark-67d3e058-848c-48cf-92d3-077144dbf68c/userFiles-f8122258-fca7-4b6e-b684-cae064fe90fa/org.spark-project.spark_unused-1.0.0.jar to class loader
[2023-01-26T20:21:46.481+0000] {spark_submit.py:495} INFO - 23/01/26 20:21:46 INFO Executor: Fetching spark://f1cbb5df32e6:35457/jars/org.mongodb_bson-4.0.5.jar with timestamp 1674764503639
[2023-01-26T20:21:46.482+0000] {spark_submit.py:495} INFO - 23/01/26 20:21:46 INFO Utils: Fetching spark://f1cbb5df32e6:35457/jars/org.mongodb_bson-4.0.5.jar to /tmp/spark-67d3e058-848c-48cf-92d3-077144dbf68c/userFiles-f8122258-fca7-4b6e-b684-cae064fe90fa/fetchFileTemp18045166854598281139.tmp
[2023-01-26T20:21:46.485+0000] {spark_submit.py:495} INFO - 23/01/26 20:21:46 INFO Utils: /tmp/spark-67d3e058-848c-48cf-92d3-077144dbf68c/userFiles-f8122258-fca7-4b6e-b684-cae064fe90fa/fetchFileTemp18045166854598281139.tmp has been previously copied to /tmp/spark-67d3e058-848c-48cf-92d3-077144dbf68c/userFiles-f8122258-fca7-4b6e-b684-cae064fe90fa/org.mongodb_bson-4.0.5.jar
[2023-01-26T20:21:46.500+0000] {spark_submit.py:495} INFO - 23/01/26 20:21:46 INFO Executor: Adding file:/tmp/spark-67d3e058-848c-48cf-92d3-077144dbf68c/userFiles-f8122258-fca7-4b6e-b684-cae064fe90fa/org.mongodb_bson-4.0.5.jar to class loader
[2023-01-26T20:21:46.500+0000] {spark_submit.py:495} INFO - 23/01/26 20:21:46 INFO Executor: Fetching spark://f1cbb5df32e6:35457/jars/org.mongodb_mongodb-driver-sync-4.0.5.jar with timestamp 1674764503639
[2023-01-26T20:21:46.502+0000] {spark_submit.py:495} INFO - 23/01/26 20:21:46 INFO Utils: Fetching spark://f1cbb5df32e6:35457/jars/org.mongodb_mongodb-driver-sync-4.0.5.jar to /tmp/spark-67d3e058-848c-48cf-92d3-077144dbf68c/userFiles-f8122258-fca7-4b6e-b684-cae064fe90fa/fetchFileTemp5335405888669936376.tmp
[2023-01-26T20:21:46.503+0000] {spark_submit.py:495} INFO - 23/01/26 20:21:46 INFO Utils: /tmp/spark-67d3e058-848c-48cf-92d3-077144dbf68c/userFiles-f8122258-fca7-4b6e-b684-cae064fe90fa/fetchFileTemp5335405888669936376.tmp has been previously copied to /tmp/spark-67d3e058-848c-48cf-92d3-077144dbf68c/userFiles-f8122258-fca7-4b6e-b684-cae064fe90fa/org.mongodb_mongodb-driver-sync-4.0.5.jar
[2023-01-26T20:21:46.507+0000] {spark_submit.py:495} INFO - 23/01/26 20:21:46 INFO Executor: Adding file:/tmp/spark-67d3e058-848c-48cf-92d3-077144dbf68c/userFiles-f8122258-fca7-4b6e-b684-cae064fe90fa/org.mongodb_mongodb-driver-sync-4.0.5.jar to class loader
[2023-01-26T20:21:46.513+0000] {spark_submit.py:495} INFO - 23/01/26 20:21:46 INFO Utils: Successfully started service 'org.apache.spark.network.netty.NettyBlockTransferService' on port 33895.
[2023-01-26T20:21:46.514+0000] {spark_submit.py:495} INFO - 23/01/26 20:21:46 INFO NettyBlockTransferService: Server created on f1cbb5df32e6:33895
[2023-01-26T20:21:46.523+0000] {spark_submit.py:495} INFO - 23/01/26 20:21:46 INFO BlockManager: Using org.apache.spark.storage.RandomBlockReplicationPolicy for block replication policy
[2023-01-26T20:21:46.536+0000] {spark_submit.py:495} INFO - 23/01/26 20:21:46 INFO BlockManagerMaster: Registering BlockManager BlockManagerId(driver, f1cbb5df32e6, 33895, None)
[2023-01-26T20:21:46.540+0000] {spark_submit.py:495} INFO - 23/01/26 20:21:46 INFO BlockManagerMasterEndpoint: Registering block manager f1cbb5df32e6:33895 with 434.4 MiB RAM, BlockManagerId(driver, f1cbb5df32e6, 33895, None)
[2023-01-26T20:21:46.542+0000] {spark_submit.py:495} INFO - 23/01/26 20:21:46 INFO BlockManagerMaster: Registered BlockManager BlockManagerId(driver, f1cbb5df32e6, 33895, None)
[2023-01-26T20:21:46.543+0000] {spark_submit.py:495} INFO - 23/01/26 20:21:46 INFO BlockManager: Initialized BlockManager: BlockManagerId(driver, f1cbb5df32e6, 33895, None)
[2023-01-26T20:21:47.635+0000] {local_task_job.py:224} WARNING - State of this instance has been externally set to up_for_retry. Terminating instance.
[2023-01-26T20:21:47.636+0000] {process_utils.py:133} INFO - Sending Signals.SIGTERM to group 13940. PIDs of all processes in the group: [13941, 13997, 13940]
[2023-01-26T20:21:47.637+0000] {process_utils.py:84} INFO - Sending the signal Signals.SIGTERM to group 13940
[2023-01-26T20:21:47.637+0000] {taskinstance.py:1483} ERROR - Received SIGTERM. Terminating subprocesses.
[2023-01-26T20:21:47.637+0000] {spark_submit.py:620} INFO - Sending kill signal to spark-submit
[2023-01-26T20:21:47.651+0000] {taskinstance.py:1772} ERROR - Task failed with exception
Traceback (most recent call last):
  File "/home/airflow/.local/lib/python3.7/site-packages/airflow/providers/apache/spark/operators/spark_submit.py", line 157, in execute
    self._hook.submit(self._application)
  File "/home/airflow/.local/lib/python3.7/site-packages/airflow/providers/apache/spark/hooks/spark_submit.py", line 414, in submit
    self._process_spark_submit_log(iter(self._submit_sp.stdout))  # type: ignore
  File "/home/airflow/.local/lib/python3.7/site-packages/airflow/providers/apache/spark/hooks/spark_submit.py", line 463, in _process_spark_submit_log
    for line in itr:
  File "/home/airflow/.local/lib/python3.7/site-packages/airflow/models/taskinstance.py", line 1485, in signal_handler
    raise AirflowException("Task received SIGTERM signal")
airflow.exceptions.AirflowException: Task received SIGTERM signal
[2023-01-26T20:21:47.655+0000] {taskinstance.py:1327} INFO - Marking task as UP_FOR_RETRY. dag_id=Streaming_pipeline_meli, task_id=consumer_data_of_topic, execution_date=20230123T220304, start_date=20230126T202137, end_date=20230126T202147
[2023-01-26T20:21:47.676+0000] {standard_task_runner.py:105} ERROR - Failed to execute job 1053 for task consumer_data_of_topic (Task received SIGTERM signal; 13940)
[2023-01-26T20:21:47.699+0000] {process_utils.py:79} INFO - Process psutil.Process(pid=13941, status='terminated', started='20:21:37') (13941) terminated with exit code None
[2023-01-26T20:21:47.699+0000] {process_utils.py:79} INFO - Process psutil.Process(pid=13997, status='terminated', started='20:21:40') (13997) terminated with exit code None
[2023-01-26T20:21:47.699+0000] {process_utils.py:79} INFO - Process psutil.Process(pid=13940, status='terminated', exitcode=1, started='20:21:36') (13940) terminated with exit code 1
