[2023-01-26T23:56:28.805+0000] {taskinstance.py:1087} INFO - Dependencies all met for <TaskInstance: Streaming_pipeline_meli.consumer_data_of_topic manual__2023-01-23T22:03:04.495188+00:00 [queued]>
[2023-01-26T23:56:28.816+0000] {taskinstance.py:1087} INFO - Dependencies all met for <TaskInstance: Streaming_pipeline_meli.consumer_data_of_topic manual__2023-01-23T22:03:04.495188+00:00 [queued]>
[2023-01-26T23:56:28.816+0000] {taskinstance.py:1283} INFO - 
--------------------------------------------------------------------------------
[2023-01-26T23:56:28.816+0000] {taskinstance.py:1284} INFO - Starting attempt 273 of 278
[2023-01-26T23:56:28.816+0000] {taskinstance.py:1285} INFO - 
--------------------------------------------------------------------------------
[2023-01-26T23:56:28.831+0000] {taskinstance.py:1304} INFO - Executing <Task(SparkSubmitOperator): consumer_data_of_topic> on 2023-01-23 22:03:04.495188+00:00
[2023-01-26T23:56:28.836+0000] {standard_task_runner.py:55} INFO - Started process 37248 to run task
[2023-01-26T23:56:28.839+0000] {standard_task_runner.py:82} INFO - Running: ['***', 'tasks', 'run', 'Streaming_pipeline_meli', 'consumer_data_of_topic', 'manual__2023-01-23T22:03:04.495188+00:00', '--job-id', '1077', '--raw', '--subdir', 'DAGS_FOLDER/producer_dag.py', '--cfg-path', '/tmp/tmp4qdako1e']
[2023-01-26T23:56:28.840+0000] {standard_task_runner.py:83} INFO - Job 1077: Subtask consumer_data_of_topic
[2023-01-26T23:56:28.904+0000] {task_command.py:389} INFO - Running <TaskInstance: Streaming_pipeline_meli.consumer_data_of_topic manual__2023-01-23T22:03:04.495188+00:00 [running]> on host f1cbb5df32e6
[2023-01-26T23:56:28.973+0000] {taskinstance.py:1513} INFO - Exporting the following env vars:
AIRFLOW_CTX_DAG_OWNER=***
AIRFLOW_CTX_DAG_ID=Streaming_pipeline_meli
AIRFLOW_CTX_TASK_ID=consumer_data_of_topic
AIRFLOW_CTX_EXECUTION_DATE=2023-01-23T22:03:04.495188+00:00
AIRFLOW_CTX_TRY_NUMBER=273
AIRFLOW_CTX_DAG_RUN_ID=manual__2023-01-23T22:03:04.495188+00:00
[2023-01-26T23:56:28.981+0000] {base.py:73} INFO - Using connection ID 'spark_default' for task execution.
[2023-01-26T23:56:28.982+0000] {spark_submit.py:344} INFO - Spark-Submit cmd: spark-submit --master spark://tomi-H310:7077 --packages org.apache.spark:spark-sql-kafka-0-10_2.12:3.1.3,org.mongodb.spark:mongo-spark-connector_2.12:3.0.1 --name arrow-spark --queue root.default /opt/***/dags/consumerSpark.py
[2023-01-26T23:56:29.104+0000] {spark_submit.py:495} INFO - /home/***/.local/lib/python3.7/site-packages/pyspark/bin/load-spark-env.sh: line 68: ps: command not found
[2023-01-26T23:56:30.878+0000] {spark_submit.py:495} INFO - :: loading settings :: url = jar:file:/home/***/.local/lib/python3.7/site-packages/pyspark/jars/ivy-2.5.0.jar!/org/apache/ivy/core/settings/ivysettings.xml
[2023-01-26T23:56:30.937+0000] {spark_submit.py:495} INFO - Ivy Default Cache set to: /home/***/.ivy2/cache
[2023-01-26T23:56:30.938+0000] {spark_submit.py:495} INFO - The jars for the packages stored in: /home/***/.ivy2/jars
[2023-01-26T23:56:30.942+0000] {spark_submit.py:495} INFO - org.apache.spark#spark-sql-kafka-0-10_2.12 added as a dependency
[2023-01-26T23:56:30.942+0000] {spark_submit.py:495} INFO - org.mongodb.spark#mongo-spark-connector_2.12 added as a dependency
[2023-01-26T23:56:30.944+0000] {spark_submit.py:495} INFO - :: resolving dependencies :: org.apache.spark#spark-submit-parent-5b795453-0836-4064-91cf-76c0e3fcb821;1.0
[2023-01-26T23:56:30.944+0000] {spark_submit.py:495} INFO - confs: [default]
[2023-01-26T23:56:31.111+0000] {spark_submit.py:495} INFO - found org.apache.spark#spark-sql-kafka-0-10_2.12;3.1.3 in central
[2023-01-26T23:56:31.168+0000] {spark_submit.py:495} INFO - found org.apache.spark#spark-token-provider-kafka-0-10_2.12;3.1.3 in central
[2023-01-26T23:56:31.191+0000] {spark_submit.py:495} INFO - found org.apache.kafka#kafka-clients;2.6.0 in central
[2023-01-26T23:56:31.222+0000] {spark_submit.py:495} INFO - found com.github.luben#zstd-jni;1.4.8-1 in central
[2023-01-26T23:56:31.238+0000] {spark_submit.py:495} INFO - found org.lz4#lz4-java;1.7.1 in central
[2023-01-26T23:56:31.252+0000] {spark_submit.py:495} INFO - found org.xerial.snappy#snappy-java;1.1.8.2 in central
[2023-01-26T23:56:31.266+0000] {spark_submit.py:495} INFO - found org.slf4j#slf4j-api;1.7.30 in central
[2023-01-26T23:56:31.280+0000] {spark_submit.py:495} INFO - found org.spark-project.spark#unused;1.0.0 in central
[2023-01-26T23:56:31.294+0000] {spark_submit.py:495} INFO - found org.apache.commons#commons-pool2;2.6.2 in central
[2023-01-26T23:56:31.304+0000] {spark_submit.py:495} INFO - found org.mongodb.spark#mongo-spark-connector_2.12;3.0.1 in central
[2023-01-26T23:56:31.313+0000] {spark_submit.py:495} INFO - found org.mongodb#mongodb-driver-sync;4.0.5 in central
[2023-01-26T23:56:31.323+0000] {spark_submit.py:495} INFO - found org.mongodb#bson;4.0.5 in central
[2023-01-26T23:56:31.331+0000] {spark_submit.py:495} INFO - found org.mongodb#mongodb-driver-core;4.0.5 in central
[2023-01-26T23:56:31.354+0000] {spark_submit.py:495} INFO - :: resolution report :: resolve 398ms :: artifacts dl 12ms
[2023-01-26T23:56:31.354+0000] {spark_submit.py:495} INFO - :: modules in use:
[2023-01-26T23:56:31.354+0000] {spark_submit.py:495} INFO - com.github.luben#zstd-jni;1.4.8-1 from central in [default]
[2023-01-26T23:56:31.354+0000] {spark_submit.py:495} INFO - org.apache.commons#commons-pool2;2.6.2 from central in [default]
[2023-01-26T23:56:31.355+0000] {spark_submit.py:495} INFO - org.apache.kafka#kafka-clients;2.6.0 from central in [default]
[2023-01-26T23:56:31.355+0000] {spark_submit.py:495} INFO - org.apache.spark#spark-sql-kafka-0-10_2.12;3.1.3 from central in [default]
[2023-01-26T23:56:31.355+0000] {spark_submit.py:495} INFO - org.apache.spark#spark-token-provider-kafka-0-10_2.12;3.1.3 from central in [default]
[2023-01-26T23:56:31.355+0000] {spark_submit.py:495} INFO - org.lz4#lz4-java;1.7.1 from central in [default]
[2023-01-26T23:56:31.355+0000] {spark_submit.py:495} INFO - org.mongodb#bson;4.0.5 from central in [default]
[2023-01-26T23:56:31.355+0000] {spark_submit.py:495} INFO - org.mongodb#mongodb-driver-core;4.0.5 from central in [default]
[2023-01-26T23:56:31.356+0000] {spark_submit.py:495} INFO - org.mongodb#mongodb-driver-sync;4.0.5 from central in [default]
[2023-01-26T23:56:31.356+0000] {spark_submit.py:495} INFO - org.mongodb.spark#mongo-spark-connector_2.12;3.0.1 from central in [default]
[2023-01-26T23:56:31.356+0000] {spark_submit.py:495} INFO - org.slf4j#slf4j-api;1.7.30 from central in [default]
[2023-01-26T23:56:31.356+0000] {spark_submit.py:495} INFO - org.spark-project.spark#unused;1.0.0 from central in [default]
[2023-01-26T23:56:31.356+0000] {spark_submit.py:495} INFO - org.xerial.snappy#snappy-java;1.1.8.2 from central in [default]
[2023-01-26T23:56:31.357+0000] {spark_submit.py:495} INFO - ---------------------------------------------------------------------
[2023-01-26T23:56:31.357+0000] {spark_submit.py:495} INFO - |                  |            modules            ||   artifacts   |
[2023-01-26T23:56:31.357+0000] {spark_submit.py:495} INFO - |       conf       | number| search|dwnlded|evicted|| number|dwnlded|
[2023-01-26T23:56:31.357+0000] {spark_submit.py:495} INFO - ---------------------------------------------------------------------
[2023-01-26T23:56:31.358+0000] {spark_submit.py:495} INFO - |      default     |   13  |   0   |   0   |   0   ||   13  |   0   |
[2023-01-26T23:56:31.358+0000] {spark_submit.py:495} INFO - ---------------------------------------------------------------------
[2023-01-26T23:56:31.362+0000] {spark_submit.py:495} INFO - :: retrieving :: org.apache.spark#spark-submit-parent-5b795453-0836-4064-91cf-76c0e3fcb821
[2023-01-26T23:56:31.363+0000] {spark_submit.py:495} INFO - confs: [default]
[2023-01-26T23:56:31.373+0000] {spark_submit.py:495} INFO - 0 artifacts copied, 13 already retrieved (0kB/10ms)
[2023-01-26T23:56:31.627+0000] {spark_submit.py:495} INFO - 23/01/26 23:56:31 WARN NativeCodeLoader: Unable to load native-hadoop library for your platform... using builtin-java classes where applicable
[2023-01-26T23:56:33.321+0000] {spark_submit.py:495} INFO - 23/01/26 23:56:33 INFO SparkContext: Running Spark version 3.3.1
[2023-01-26T23:56:33.337+0000] {spark_submit.py:495} INFO - 23/01/26 23:56:33 INFO ResourceUtils: ==============================================================
[2023-01-26T23:56:33.337+0000] {spark_submit.py:495} INFO - 23/01/26 23:56:33 INFO ResourceUtils: No custom resources configured for spark.driver.
[2023-01-26T23:56:33.338+0000] {spark_submit.py:495} INFO - 23/01/26 23:56:33 INFO ResourceUtils: ==============================================================
[2023-01-26T23:56:33.338+0000] {spark_submit.py:495} INFO - 23/01/26 23:56:33 INFO SparkContext: Submitted application: arrow-spark
[2023-01-26T23:56:33.365+0000] {spark_submit.py:495} INFO - 23/01/26 23:56:33 INFO ResourceProfile: Default ResourceProfile created, executor resources: Map(cores -> name: cores, amount: 1, script: , vendor: , memory -> name: memory, amount: 1024, script: , vendor: , offHeap -> name: offHeap, amount: 0, script: , vendor: ), task resources: Map(cpus -> name: cpus, amount: 1.0)
[2023-01-26T23:56:33.377+0000] {spark_submit.py:495} INFO - 23/01/26 23:56:33 INFO ResourceProfile: Limiting resource is cpu
[2023-01-26T23:56:33.377+0000] {spark_submit.py:495} INFO - 23/01/26 23:56:33 INFO ResourceProfileManager: Added ResourceProfile id: 0
[2023-01-26T23:56:33.423+0000] {spark_submit.py:495} INFO - 23/01/26 23:56:33 INFO SecurityManager: Changing view acls to: default
[2023-01-26T23:56:33.424+0000] {spark_submit.py:495} INFO - 23/01/26 23:56:33 INFO SecurityManager: Changing modify acls to: default
[2023-01-26T23:56:33.425+0000] {spark_submit.py:495} INFO - 23/01/26 23:56:33 INFO SecurityManager: Changing view acls groups to:
[2023-01-26T23:56:33.426+0000] {spark_submit.py:495} INFO - 23/01/26 23:56:33 INFO SecurityManager: Changing modify acls groups to:
[2023-01-26T23:56:33.427+0000] {spark_submit.py:495} INFO - 23/01/26 23:56:33 INFO SecurityManager: SecurityManager: authentication disabled; ui acls disabled; users  with view permissions: Set(default); groups with view permissions: Set(); users  with modify permissions: Set(default); groups with modify permissions: Set()
[2023-01-26T23:56:33.896+0000] {spark_submit.py:495} INFO - 23/01/26 23:56:33 INFO Utils: Successfully started service 'sparkDriver' on port 46881.
[2023-01-26T23:56:33.927+0000] {spark_submit.py:495} INFO - 23/01/26 23:56:33 INFO SparkEnv: Registering MapOutputTracker
[2023-01-26T23:56:33.960+0000] {spark_submit.py:495} INFO - 23/01/26 23:56:33 INFO SparkEnv: Registering BlockManagerMaster
[2023-01-26T23:56:33.975+0000] {spark_submit.py:495} INFO - 23/01/26 23:56:33 INFO BlockManagerMasterEndpoint: Using org.apache.spark.storage.DefaultTopologyMapper for getting topology information
[2023-01-26T23:56:33.975+0000] {spark_submit.py:495} INFO - 23/01/26 23:56:33 INFO BlockManagerMasterEndpoint: BlockManagerMasterEndpoint up
[2023-01-26T23:56:33.978+0000] {spark_submit.py:495} INFO - 23/01/26 23:56:33 INFO SparkEnv: Registering BlockManagerMasterHeartbeat
[2023-01-26T23:56:33.997+0000] {spark_submit.py:495} INFO - 23/01/26 23:56:33 INFO DiskBlockManager: Created local directory at /tmp/blockmgr-5344271a-e4d4-4eb0-a34a-63379d11d90a
[2023-01-26T23:56:34.011+0000] {spark_submit.py:495} INFO - 23/01/26 23:56:34 INFO MemoryStore: MemoryStore started with capacity 434.4 MiB
[2023-01-26T23:56:34.022+0000] {spark_submit.py:495} INFO - 23/01/26 23:56:34 INFO SparkEnv: Registering OutputCommitCoordinator
[2023-01-26T23:56:34.163+0000] {spark_submit.py:495} INFO - 23/01/26 23:56:34 INFO Utils: Successfully started service 'SparkUI' on port 4040.
[2023-01-26T23:56:34.192+0000] {spark_submit.py:495} INFO - 23/01/26 23:56:34 INFO SparkContext: Added JAR file:///home/***/.ivy2/jars/org.apache.spark_spark-sql-kafka-0-10_2.12-3.1.3.jar at spark://f1cbb5df32e6:46881/jars/org.apache.spark_spark-sql-kafka-0-10_2.12-3.1.3.jar with timestamp 1674777393306
[2023-01-26T23:56:34.192+0000] {spark_submit.py:495} INFO - 23/01/26 23:56:34 INFO SparkContext: Added JAR file:///home/***/.ivy2/jars/org.mongodb.spark_mongo-spark-connector_2.12-3.0.1.jar at spark://f1cbb5df32e6:46881/jars/org.mongodb.spark_mongo-spark-connector_2.12-3.0.1.jar with timestamp 1674777393306
[2023-01-26T23:56:34.193+0000] {spark_submit.py:495} INFO - 23/01/26 23:56:34 INFO SparkContext: Added JAR file:///home/***/.ivy2/jars/org.apache.spark_spark-token-provider-kafka-0-10_2.12-3.1.3.jar at spark://f1cbb5df32e6:46881/jars/org.apache.spark_spark-token-provider-kafka-0-10_2.12-3.1.3.jar with timestamp 1674777393306
[2023-01-26T23:56:34.193+0000] {spark_submit.py:495} INFO - 23/01/26 23:56:34 INFO SparkContext: Added JAR file:///home/***/.ivy2/jars/org.apache.kafka_kafka-clients-2.6.0.jar at spark://f1cbb5df32e6:46881/jars/org.apache.kafka_kafka-clients-2.6.0.jar with timestamp 1674777393306
[2023-01-26T23:56:34.193+0000] {spark_submit.py:495} INFO - 23/01/26 23:56:34 INFO SparkContext: Added JAR file:///home/***/.ivy2/jars/org.apache.commons_commons-pool2-2.6.2.jar at spark://f1cbb5df32e6:46881/jars/org.apache.commons_commons-pool2-2.6.2.jar with timestamp 1674777393306
[2023-01-26T23:56:34.193+0000] {spark_submit.py:495} INFO - 23/01/26 23:56:34 INFO SparkContext: Added JAR file:///home/***/.ivy2/jars/org.spark-project.spark_unused-1.0.0.jar at spark://f1cbb5df32e6:46881/jars/org.spark-project.spark_unused-1.0.0.jar with timestamp 1674777393306
[2023-01-26T23:56:34.193+0000] {spark_submit.py:495} INFO - 23/01/26 23:56:34 INFO SparkContext: Added JAR file:///home/***/.ivy2/jars/com.github.luben_zstd-jni-1.4.8-1.jar at spark://f1cbb5df32e6:46881/jars/com.github.luben_zstd-jni-1.4.8-1.jar with timestamp 1674777393306
[2023-01-26T23:56:34.193+0000] {spark_submit.py:495} INFO - 23/01/26 23:56:34 INFO SparkContext: Added JAR file:///home/***/.ivy2/jars/org.lz4_lz4-java-1.7.1.jar at spark://f1cbb5df32e6:46881/jars/org.lz4_lz4-java-1.7.1.jar with timestamp 1674777393306
[2023-01-26T23:56:34.194+0000] {spark_submit.py:495} INFO - 23/01/26 23:56:34 INFO SparkContext: Added JAR file:///home/***/.ivy2/jars/org.xerial.snappy_snappy-java-1.1.8.2.jar at spark://f1cbb5df32e6:46881/jars/org.xerial.snappy_snappy-java-1.1.8.2.jar with timestamp 1674777393306
[2023-01-26T23:56:34.194+0000] {spark_submit.py:495} INFO - 23/01/26 23:56:34 INFO SparkContext: Added JAR file:///home/***/.ivy2/jars/org.slf4j_slf4j-api-1.7.30.jar at spark://f1cbb5df32e6:46881/jars/org.slf4j_slf4j-api-1.7.30.jar with timestamp 1674777393306
[2023-01-26T23:56:34.194+0000] {spark_submit.py:495} INFO - 23/01/26 23:56:34 INFO SparkContext: Added JAR file:///home/***/.ivy2/jars/org.mongodb_mongodb-driver-sync-4.0.5.jar at spark://f1cbb5df32e6:46881/jars/org.mongodb_mongodb-driver-sync-4.0.5.jar with timestamp 1674777393306
[2023-01-26T23:56:34.194+0000] {spark_submit.py:495} INFO - 23/01/26 23:56:34 INFO SparkContext: Added JAR file:///home/***/.ivy2/jars/org.mongodb_bson-4.0.5.jar at spark://f1cbb5df32e6:46881/jars/org.mongodb_bson-4.0.5.jar with timestamp 1674777393306
[2023-01-26T23:56:34.194+0000] {spark_submit.py:495} INFO - 23/01/26 23:56:34 INFO SparkContext: Added JAR file:///home/***/.ivy2/jars/org.mongodb_mongodb-driver-core-4.0.5.jar at spark://f1cbb5df32e6:46881/jars/org.mongodb_mongodb-driver-core-4.0.5.jar with timestamp 1674777393306
[2023-01-26T23:56:34.196+0000] {spark_submit.py:495} INFO - 23/01/26 23:56:34 INFO SparkContext: Added file file:///home/***/.ivy2/jars/org.apache.spark_spark-sql-kafka-0-10_2.12-3.1.3.jar at file:///home/***/.ivy2/jars/org.apache.spark_spark-sql-kafka-0-10_2.12-3.1.3.jar with timestamp 1674777393306
[2023-01-26T23:56:34.198+0000] {spark_submit.py:495} INFO - 23/01/26 23:56:34 INFO Utils: Copying /home/***/.ivy2/jars/org.apache.spark_spark-sql-kafka-0-10_2.12-3.1.3.jar to /tmp/spark-192b0a41-e788-48af-90fc-bd3ec50f1671/userFiles-ecbb86b7-2324-4ec8-b12a-4f190aaf8f7b/org.apache.spark_spark-sql-kafka-0-10_2.12-3.1.3.jar
[2023-01-26T23:56:34.209+0000] {spark_submit.py:495} INFO - 23/01/26 23:56:34 INFO SparkContext: Added file file:///home/***/.ivy2/jars/org.mongodb.spark_mongo-spark-connector_2.12-3.0.1.jar at file:///home/***/.ivy2/jars/org.mongodb.spark_mongo-spark-connector_2.12-3.0.1.jar with timestamp 1674777393306
[2023-01-26T23:56:34.209+0000] {spark_submit.py:495} INFO - 23/01/26 23:56:34 INFO Utils: Copying /home/***/.ivy2/jars/org.mongodb.spark_mongo-spark-connector_2.12-3.0.1.jar to /tmp/spark-192b0a41-e788-48af-90fc-bd3ec50f1671/userFiles-ecbb86b7-2324-4ec8-b12a-4f190aaf8f7b/org.mongodb.spark_mongo-spark-connector_2.12-3.0.1.jar
[2023-01-26T23:56:34.218+0000] {spark_submit.py:495} INFO - 23/01/26 23:56:34 INFO SparkContext: Added file file:///home/***/.ivy2/jars/org.apache.spark_spark-token-provider-kafka-0-10_2.12-3.1.3.jar at file:///home/***/.ivy2/jars/org.apache.spark_spark-token-provider-kafka-0-10_2.12-3.1.3.jar with timestamp 1674777393306
[2023-01-26T23:56:34.219+0000] {spark_submit.py:495} INFO - 23/01/26 23:56:34 INFO Utils: Copying /home/***/.ivy2/jars/org.apache.spark_spark-token-provider-kafka-0-10_2.12-3.1.3.jar to /tmp/spark-192b0a41-e788-48af-90fc-bd3ec50f1671/userFiles-ecbb86b7-2324-4ec8-b12a-4f190aaf8f7b/org.apache.spark_spark-token-provider-kafka-0-10_2.12-3.1.3.jar
[2023-01-26T23:56:34.223+0000] {spark_submit.py:495} INFO - 23/01/26 23:56:34 INFO SparkContext: Added file file:///home/***/.ivy2/jars/org.apache.kafka_kafka-clients-2.6.0.jar at file:///home/***/.ivy2/jars/org.apache.kafka_kafka-clients-2.6.0.jar with timestamp 1674777393306
[2023-01-26T23:56:34.224+0000] {spark_submit.py:495} INFO - 23/01/26 23:56:34 INFO Utils: Copying /home/***/.ivy2/jars/org.apache.kafka_kafka-clients-2.6.0.jar to /tmp/spark-192b0a41-e788-48af-90fc-bd3ec50f1671/userFiles-ecbb86b7-2324-4ec8-b12a-4f190aaf8f7b/org.apache.kafka_kafka-clients-2.6.0.jar
[2023-01-26T23:56:34.232+0000] {spark_submit.py:495} INFO - 23/01/26 23:56:34 INFO SparkContext: Added file file:///home/***/.ivy2/jars/org.apache.commons_commons-pool2-2.6.2.jar at file:///home/***/.ivy2/jars/org.apache.commons_commons-pool2-2.6.2.jar with timestamp 1674777393306
[2023-01-26T23:56:34.236+0000] {spark_submit.py:495} INFO - 23/01/26 23:56:34 INFO Utils: Copying /home/***/.ivy2/jars/org.apache.commons_commons-pool2-2.6.2.jar to /tmp/spark-192b0a41-e788-48af-90fc-bd3ec50f1671/userFiles-ecbb86b7-2324-4ec8-b12a-4f190aaf8f7b/org.apache.commons_commons-pool2-2.6.2.jar
[2023-01-26T23:56:34.240+0000] {spark_submit.py:495} INFO - 23/01/26 23:56:34 INFO SparkContext: Added file file:///home/***/.ivy2/jars/org.spark-project.spark_unused-1.0.0.jar at file:///home/***/.ivy2/jars/org.spark-project.spark_unused-1.0.0.jar with timestamp 1674777393306
[2023-01-26T23:56:34.240+0000] {spark_submit.py:495} INFO - 23/01/26 23:56:34 INFO Utils: Copying /home/***/.ivy2/jars/org.spark-project.spark_unused-1.0.0.jar to /tmp/spark-192b0a41-e788-48af-90fc-bd3ec50f1671/userFiles-ecbb86b7-2324-4ec8-b12a-4f190aaf8f7b/org.spark-project.spark_unused-1.0.0.jar
[2023-01-26T23:56:34.243+0000] {spark_submit.py:495} INFO - 23/01/26 23:56:34 INFO SparkContext: Added file file:///home/***/.ivy2/jars/com.github.luben_zstd-jni-1.4.8-1.jar at file:///home/***/.ivy2/jars/com.github.luben_zstd-jni-1.4.8-1.jar with timestamp 1674777393306
[2023-01-26T23:56:34.244+0000] {spark_submit.py:495} INFO - 23/01/26 23:56:34 INFO Utils: Copying /home/***/.ivy2/jars/com.github.luben_zstd-jni-1.4.8-1.jar to /tmp/spark-192b0a41-e788-48af-90fc-bd3ec50f1671/userFiles-ecbb86b7-2324-4ec8-b12a-4f190aaf8f7b/com.github.luben_zstd-jni-1.4.8-1.jar
[2023-01-26T23:56:34.252+0000] {spark_submit.py:495} INFO - 23/01/26 23:56:34 INFO SparkContext: Added file file:///home/***/.ivy2/jars/org.lz4_lz4-java-1.7.1.jar at file:///home/***/.ivy2/jars/org.lz4_lz4-java-1.7.1.jar with timestamp 1674777393306
[2023-01-26T23:56:34.253+0000] {spark_submit.py:495} INFO - 23/01/26 23:56:34 INFO Utils: Copying /home/***/.ivy2/jars/org.lz4_lz4-java-1.7.1.jar to /tmp/spark-192b0a41-e788-48af-90fc-bd3ec50f1671/userFiles-ecbb86b7-2324-4ec8-b12a-4f190aaf8f7b/org.lz4_lz4-java-1.7.1.jar
[2023-01-26T23:56:34.256+0000] {spark_submit.py:495} INFO - 23/01/26 23:56:34 INFO SparkContext: Added file file:///home/***/.ivy2/jars/org.xerial.snappy_snappy-java-1.1.8.2.jar at file:///home/***/.ivy2/jars/org.xerial.snappy_snappy-java-1.1.8.2.jar with timestamp 1674777393306
[2023-01-26T23:56:34.256+0000] {spark_submit.py:495} INFO - 23/01/26 23:56:34 INFO Utils: Copying /home/***/.ivy2/jars/org.xerial.snappy_snappy-java-1.1.8.2.jar to /tmp/spark-192b0a41-e788-48af-90fc-bd3ec50f1671/userFiles-ecbb86b7-2324-4ec8-b12a-4f190aaf8f7b/org.xerial.snappy_snappy-java-1.1.8.2.jar
[2023-01-26T23:56:34.261+0000] {spark_submit.py:495} INFO - 23/01/26 23:56:34 INFO SparkContext: Added file file:///home/***/.ivy2/jars/org.slf4j_slf4j-api-1.7.30.jar at file:///home/***/.ivy2/jars/org.slf4j_slf4j-api-1.7.30.jar with timestamp 1674777393306
[2023-01-26T23:56:34.261+0000] {spark_submit.py:495} INFO - 23/01/26 23:56:34 INFO Utils: Copying /home/***/.ivy2/jars/org.slf4j_slf4j-api-1.7.30.jar to /tmp/spark-192b0a41-e788-48af-90fc-bd3ec50f1671/userFiles-ecbb86b7-2324-4ec8-b12a-4f190aaf8f7b/org.slf4j_slf4j-api-1.7.30.jar
[2023-01-26T23:56:34.273+0000] {spark_submit.py:495} INFO - 23/01/26 23:56:34 INFO SparkContext: Added file file:///home/***/.ivy2/jars/org.mongodb_mongodb-driver-sync-4.0.5.jar at file:///home/***/.ivy2/jars/org.mongodb_mongodb-driver-sync-4.0.5.jar with timestamp 1674777393306
[2023-01-26T23:56:34.274+0000] {spark_submit.py:495} INFO - 23/01/26 23:56:34 INFO Utils: Copying /home/***/.ivy2/jars/org.mongodb_mongodb-driver-sync-4.0.5.jar to /tmp/spark-192b0a41-e788-48af-90fc-bd3ec50f1671/userFiles-ecbb86b7-2324-4ec8-b12a-4f190aaf8f7b/org.mongodb_mongodb-driver-sync-4.0.5.jar
[2023-01-26T23:56:34.277+0000] {spark_submit.py:495} INFO - 23/01/26 23:56:34 INFO SparkContext: Added file file:///home/***/.ivy2/jars/org.mongodb_bson-4.0.5.jar at file:///home/***/.ivy2/jars/org.mongodb_bson-4.0.5.jar with timestamp 1674777393306
[2023-01-26T23:56:34.277+0000] {spark_submit.py:495} INFO - 23/01/26 23:56:34 INFO Utils: Copying /home/***/.ivy2/jars/org.mongodb_bson-4.0.5.jar to /tmp/spark-192b0a41-e788-48af-90fc-bd3ec50f1671/userFiles-ecbb86b7-2324-4ec8-b12a-4f190aaf8f7b/org.mongodb_bson-4.0.5.jar
[2023-01-26T23:56:34.281+0000] {spark_submit.py:495} INFO - 23/01/26 23:56:34 INFO SparkContext: Added file file:///home/***/.ivy2/jars/org.mongodb_mongodb-driver-core-4.0.5.jar at file:///home/***/.ivy2/jars/org.mongodb_mongodb-driver-core-4.0.5.jar with timestamp 1674777393306
[2023-01-26T23:56:34.281+0000] {spark_submit.py:495} INFO - 23/01/26 23:56:34 INFO Utils: Copying /home/***/.ivy2/jars/org.mongodb_mongodb-driver-core-4.0.5.jar to /tmp/spark-192b0a41-e788-48af-90fc-bd3ec50f1671/userFiles-ecbb86b7-2324-4ec8-b12a-4f190aaf8f7b/org.mongodb_mongodb-driver-core-4.0.5.jar
[2023-01-26T23:56:34.346+0000] {spark_submit.py:495} INFO - 23/01/26 23:56:34 INFO Executor: Starting executor ID driver on host f1cbb5df32e6
[2023-01-26T23:56:34.351+0000] {spark_submit.py:495} INFO - 23/01/26 23:56:34 INFO Executor: Starting executor with user classpath (userClassPathFirst = false): ''
[2023-01-26T23:56:34.359+0000] {spark_submit.py:495} INFO - 23/01/26 23:56:34 INFO Executor: Fetching file:///home/***/.ivy2/jars/org.apache.spark_spark-token-provider-kafka-0-10_2.12-3.1.3.jar with timestamp 1674777393306
[2023-01-26T23:56:34.380+0000] {spark_submit.py:495} INFO - 23/01/26 23:56:34 INFO Utils: /home/***/.ivy2/jars/org.apache.spark_spark-token-provider-kafka-0-10_2.12-3.1.3.jar has been previously copied to /tmp/spark-192b0a41-e788-48af-90fc-bd3ec50f1671/userFiles-ecbb86b7-2324-4ec8-b12a-4f190aaf8f7b/org.apache.spark_spark-token-provider-kafka-0-10_2.12-3.1.3.jar
[2023-01-26T23:56:34.403+0000] {spark_submit.py:495} INFO - 23/01/26 23:56:34 INFO Executor: Fetching file:///home/***/.ivy2/jars/org.mongodb_mongodb-driver-sync-4.0.5.jar with timestamp 1674777393306
[2023-01-26T23:56:34.405+0000] {spark_submit.py:495} INFO - 23/01/26 23:56:34 INFO Utils: /home/***/.ivy2/jars/org.mongodb_mongodb-driver-sync-4.0.5.jar has been previously copied to /tmp/spark-192b0a41-e788-48af-90fc-bd3ec50f1671/userFiles-ecbb86b7-2324-4ec8-b12a-4f190aaf8f7b/org.mongodb_mongodb-driver-sync-4.0.5.jar
[2023-01-26T23:56:34.412+0000] {spark_submit.py:495} INFO - 23/01/26 23:56:34 INFO Executor: Fetching file:///home/***/.ivy2/jars/org.apache.kafka_kafka-clients-2.6.0.jar with timestamp 1674777393306
[2023-01-26T23:56:34.415+0000] {spark_submit.py:495} INFO - 23/01/26 23:56:34 INFO Utils: /home/***/.ivy2/jars/org.apache.kafka_kafka-clients-2.6.0.jar has been previously copied to /tmp/spark-192b0a41-e788-48af-90fc-bd3ec50f1671/userFiles-ecbb86b7-2324-4ec8-b12a-4f190aaf8f7b/org.apache.kafka_kafka-clients-2.6.0.jar
[2023-01-26T23:56:34.422+0000] {spark_submit.py:495} INFO - 23/01/26 23:56:34 INFO Executor: Fetching file:///home/***/.ivy2/jars/org.mongodb_bson-4.0.5.jar with timestamp 1674777393306
[2023-01-26T23:56:34.423+0000] {spark_submit.py:495} INFO - 23/01/26 23:56:34 INFO Utils: /home/***/.ivy2/jars/org.mongodb_bson-4.0.5.jar has been previously copied to /tmp/spark-192b0a41-e788-48af-90fc-bd3ec50f1671/userFiles-ecbb86b7-2324-4ec8-b12a-4f190aaf8f7b/org.mongodb_bson-4.0.5.jar
[2023-01-26T23:56:34.430+0000] {spark_submit.py:495} INFO - 23/01/26 23:56:34 INFO Executor: Fetching file:///home/***/.ivy2/jars/com.github.luben_zstd-jni-1.4.8-1.jar with timestamp 1674777393306
[2023-01-26T23:56:34.436+0000] {spark_submit.py:495} INFO - 23/01/26 23:56:34 INFO Utils: /home/***/.ivy2/jars/com.github.luben_zstd-jni-1.4.8-1.jar has been previously copied to /tmp/spark-192b0a41-e788-48af-90fc-bd3ec50f1671/userFiles-ecbb86b7-2324-4ec8-b12a-4f190aaf8f7b/com.github.luben_zstd-jni-1.4.8-1.jar
[2023-01-26T23:56:34.453+0000] {spark_submit.py:495} INFO - 23/01/26 23:56:34 INFO Executor: Fetching file:///home/***/.ivy2/jars/org.lz4_lz4-java-1.7.1.jar with timestamp 1674777393306
[2023-01-26T23:56:34.454+0000] {spark_submit.py:495} INFO - 23/01/26 23:56:34 INFO Utils: /home/***/.ivy2/jars/org.lz4_lz4-java-1.7.1.jar has been previously copied to /tmp/spark-192b0a41-e788-48af-90fc-bd3ec50f1671/userFiles-ecbb86b7-2324-4ec8-b12a-4f190aaf8f7b/org.lz4_lz4-java-1.7.1.jar
[2023-01-26T23:56:34.457+0000] {spark_submit.py:495} INFO - 23/01/26 23:56:34 INFO Executor: Fetching file:///home/***/.ivy2/jars/org.spark-project.spark_unused-1.0.0.jar with timestamp 1674777393306
[2023-01-26T23:56:34.458+0000] {spark_submit.py:495} INFO - 23/01/26 23:56:34 INFO Utils: /home/***/.ivy2/jars/org.spark-project.spark_unused-1.0.0.jar has been previously copied to /tmp/spark-192b0a41-e788-48af-90fc-bd3ec50f1671/userFiles-ecbb86b7-2324-4ec8-b12a-4f190aaf8f7b/org.spark-project.spark_unused-1.0.0.jar
[2023-01-26T23:56:34.466+0000] {spark_submit.py:495} INFO - 23/01/26 23:56:34 INFO Executor: Fetching file:///home/***/.ivy2/jars/org.xerial.snappy_snappy-java-1.1.8.2.jar with timestamp 1674777393306
[2023-01-26T23:56:34.468+0000] {spark_submit.py:495} INFO - 23/01/26 23:56:34 INFO Utils: /home/***/.ivy2/jars/org.xerial.snappy_snappy-java-1.1.8.2.jar has been previously copied to /tmp/spark-192b0a41-e788-48af-90fc-bd3ec50f1671/userFiles-ecbb86b7-2324-4ec8-b12a-4f190aaf8f7b/org.xerial.snappy_snappy-java-1.1.8.2.jar
[2023-01-26T23:56:34.472+0000] {spark_submit.py:495} INFO - 23/01/26 23:56:34 INFO Executor: Fetching file:///home/***/.ivy2/jars/org.mongodb_mongodb-driver-core-4.0.5.jar with timestamp 1674777393306
[2023-01-26T23:56:34.475+0000] {spark_submit.py:495} INFO - 23/01/26 23:56:34 INFO Utils: /home/***/.ivy2/jars/org.mongodb_mongodb-driver-core-4.0.5.jar has been previously copied to /tmp/spark-192b0a41-e788-48af-90fc-bd3ec50f1671/userFiles-ecbb86b7-2324-4ec8-b12a-4f190aaf8f7b/org.mongodb_mongodb-driver-core-4.0.5.jar
[2023-01-26T23:56:34.478+0000] {spark_submit.py:495} INFO - 23/01/26 23:56:34 INFO Executor: Fetching file:///home/***/.ivy2/jars/org.apache.spark_spark-sql-kafka-0-10_2.12-3.1.3.jar with timestamp 1674777393306
[2023-01-26T23:56:34.479+0000] {spark_submit.py:495} INFO - 23/01/26 23:56:34 INFO Utils: /home/***/.ivy2/jars/org.apache.spark_spark-sql-kafka-0-10_2.12-3.1.3.jar has been previously copied to /tmp/spark-192b0a41-e788-48af-90fc-bd3ec50f1671/userFiles-ecbb86b7-2324-4ec8-b12a-4f190aaf8f7b/org.apache.spark_spark-sql-kafka-0-10_2.12-3.1.3.jar
[2023-01-26T23:56:34.490+0000] {spark_submit.py:495} INFO - 23/01/26 23:56:34 INFO Executor: Fetching file:///home/***/.ivy2/jars/org.mongodb.spark_mongo-spark-connector_2.12-3.0.1.jar with timestamp 1674777393306
[2023-01-26T23:56:34.491+0000] {spark_submit.py:495} INFO - 23/01/26 23:56:34 INFO Utils: /home/***/.ivy2/jars/org.mongodb.spark_mongo-spark-connector_2.12-3.0.1.jar has been previously copied to /tmp/spark-192b0a41-e788-48af-90fc-bd3ec50f1671/userFiles-ecbb86b7-2324-4ec8-b12a-4f190aaf8f7b/org.mongodb.spark_mongo-spark-connector_2.12-3.0.1.jar
[2023-01-26T23:56:34.500+0000] {spark_submit.py:495} INFO - 23/01/26 23:56:34 INFO Executor: Fetching file:///home/***/.ivy2/jars/org.apache.commons_commons-pool2-2.6.2.jar with timestamp 1674777393306
[2023-01-26T23:56:34.500+0000] {spark_submit.py:495} INFO - 23/01/26 23:56:34 INFO Utils: /home/***/.ivy2/jars/org.apache.commons_commons-pool2-2.6.2.jar has been previously copied to /tmp/spark-192b0a41-e788-48af-90fc-bd3ec50f1671/userFiles-ecbb86b7-2324-4ec8-b12a-4f190aaf8f7b/org.apache.commons_commons-pool2-2.6.2.jar
[2023-01-26T23:56:34.504+0000] {spark_submit.py:495} INFO - 23/01/26 23:56:34 INFO Executor: Fetching file:///home/***/.ivy2/jars/org.slf4j_slf4j-api-1.7.30.jar with timestamp 1674777393306
[2023-01-26T23:56:34.504+0000] {spark_submit.py:495} INFO - 23/01/26 23:56:34 INFO Utils: /home/***/.ivy2/jars/org.slf4j_slf4j-api-1.7.30.jar has been previously copied to /tmp/spark-192b0a41-e788-48af-90fc-bd3ec50f1671/userFiles-ecbb86b7-2324-4ec8-b12a-4f190aaf8f7b/org.slf4j_slf4j-api-1.7.30.jar
[2023-01-26T23:56:34.533+0000] {spark_submit.py:495} INFO - 23/01/26 23:56:34 INFO Executor: Fetching spark://f1cbb5df32e6:46881/jars/org.mongodb_bson-4.0.5.jar with timestamp 1674777393306
[2023-01-26T23:56:34.615+0000] {spark_submit.py:495} INFO - 23/01/26 23:56:34 INFO TransportClientFactory: Successfully created connection to f1cbb5df32e6/172.23.0.4:46881 after 58 ms (0 ms spent in bootstraps)
[2023-01-26T23:56:34.639+0000] {spark_submit.py:495} INFO - 23/01/26 23:56:34 INFO Utils: Fetching spark://f1cbb5df32e6:46881/jars/org.mongodb_bson-4.0.5.jar to /tmp/spark-192b0a41-e788-48af-90fc-bd3ec50f1671/userFiles-ecbb86b7-2324-4ec8-b12a-4f190aaf8f7b/fetchFileTemp7917375974357024547.tmp
[2023-01-26T23:56:34.675+0000] {spark_submit.py:495} INFO - 23/01/26 23:56:34 INFO Utils: /tmp/spark-192b0a41-e788-48af-90fc-bd3ec50f1671/userFiles-ecbb86b7-2324-4ec8-b12a-4f190aaf8f7b/fetchFileTemp7917375974357024547.tmp has been previously copied to /tmp/spark-192b0a41-e788-48af-90fc-bd3ec50f1671/userFiles-ecbb86b7-2324-4ec8-b12a-4f190aaf8f7b/org.mongodb_bson-4.0.5.jar
[2023-01-26T23:56:34.680+0000] {spark_submit.py:495} INFO - 23/01/26 23:56:34 INFO Executor: Adding file:/tmp/spark-192b0a41-e788-48af-90fc-bd3ec50f1671/userFiles-ecbb86b7-2324-4ec8-b12a-4f190aaf8f7b/org.mongodb_bson-4.0.5.jar to class loader
[2023-01-26T23:56:34.680+0000] {spark_submit.py:495} INFO - 23/01/26 23:56:34 INFO Executor: Fetching spark://f1cbb5df32e6:46881/jars/org.slf4j_slf4j-api-1.7.30.jar with timestamp 1674777393306
[2023-01-26T23:56:34.680+0000] {spark_submit.py:495} INFO - 23/01/26 23:56:34 INFO Utils: Fetching spark://f1cbb5df32e6:46881/jars/org.slf4j_slf4j-api-1.7.30.jar to /tmp/spark-192b0a41-e788-48af-90fc-bd3ec50f1671/userFiles-ecbb86b7-2324-4ec8-b12a-4f190aaf8f7b/fetchFileTemp3567517724071309903.tmp
[2023-01-26T23:56:34.686+0000] {spark_submit.py:495} INFO - 23/01/26 23:56:34 INFO Utils: /tmp/spark-192b0a41-e788-48af-90fc-bd3ec50f1671/userFiles-ecbb86b7-2324-4ec8-b12a-4f190aaf8f7b/fetchFileTemp3567517724071309903.tmp has been previously copied to /tmp/spark-192b0a41-e788-48af-90fc-bd3ec50f1671/userFiles-ecbb86b7-2324-4ec8-b12a-4f190aaf8f7b/org.slf4j_slf4j-api-1.7.30.jar
[2023-01-26T23:56:34.686+0000] {spark_submit.py:495} INFO - 23/01/26 23:56:34 INFO Executor: Adding file:/tmp/spark-192b0a41-e788-48af-90fc-bd3ec50f1671/userFiles-ecbb86b7-2324-4ec8-b12a-4f190aaf8f7b/org.slf4j_slf4j-api-1.7.30.jar to class loader
[2023-01-26T23:56:34.687+0000] {spark_submit.py:495} INFO - 23/01/26 23:56:34 INFO Executor: Fetching spark://f1cbb5df32e6:46881/jars/com.github.luben_zstd-jni-1.4.8-1.jar with timestamp 1674777393306
[2023-01-26T23:56:34.687+0000] {spark_submit.py:495} INFO - 23/01/26 23:56:34 INFO Utils: Fetching spark://f1cbb5df32e6:46881/jars/com.github.luben_zstd-jni-1.4.8-1.jar to /tmp/spark-192b0a41-e788-48af-90fc-bd3ec50f1671/userFiles-ecbb86b7-2324-4ec8-b12a-4f190aaf8f7b/fetchFileTemp16210036773470118293.tmp
[2023-01-26T23:56:34.762+0000] {spark_submit.py:495} INFO - 23/01/26 23:56:34 INFO Utils: /tmp/spark-192b0a41-e788-48af-90fc-bd3ec50f1671/userFiles-ecbb86b7-2324-4ec8-b12a-4f190aaf8f7b/fetchFileTemp16210036773470118293.tmp has been previously copied to /tmp/spark-192b0a41-e788-48af-90fc-bd3ec50f1671/userFiles-ecbb86b7-2324-4ec8-b12a-4f190aaf8f7b/com.github.luben_zstd-jni-1.4.8-1.jar
[2023-01-26T23:56:34.776+0000] {spark_submit.py:495} INFO - 23/01/26 23:56:34 INFO Executor: Adding file:/tmp/spark-192b0a41-e788-48af-90fc-bd3ec50f1671/userFiles-ecbb86b7-2324-4ec8-b12a-4f190aaf8f7b/com.github.luben_zstd-jni-1.4.8-1.jar to class loader
[2023-01-26T23:56:34.777+0000] {spark_submit.py:495} INFO - 23/01/26 23:56:34 INFO Executor: Fetching spark://f1cbb5df32e6:46881/jars/org.mongodb_mongodb-driver-sync-4.0.5.jar with timestamp 1674777393306
[2023-01-26T23:56:34.779+0000] {spark_submit.py:495} INFO - 23/01/26 23:56:34 INFO Utils: Fetching spark://f1cbb5df32e6:46881/jars/org.mongodb_mongodb-driver-sync-4.0.5.jar to /tmp/spark-192b0a41-e788-48af-90fc-bd3ec50f1671/userFiles-ecbb86b7-2324-4ec8-b12a-4f190aaf8f7b/fetchFileTemp17532562278303232089.tmp
[2023-01-26T23:56:34.784+0000] {spark_submit.py:495} INFO - 23/01/26 23:56:34 INFO Utils: /tmp/spark-192b0a41-e788-48af-90fc-bd3ec50f1671/userFiles-ecbb86b7-2324-4ec8-b12a-4f190aaf8f7b/fetchFileTemp17532562278303232089.tmp has been previously copied to /tmp/spark-192b0a41-e788-48af-90fc-bd3ec50f1671/userFiles-ecbb86b7-2324-4ec8-b12a-4f190aaf8f7b/org.mongodb_mongodb-driver-sync-4.0.5.jar
[2023-01-26T23:56:34.796+0000] {spark_submit.py:495} INFO - 23/01/26 23:56:34 INFO Executor: Adding file:/tmp/spark-192b0a41-e788-48af-90fc-bd3ec50f1671/userFiles-ecbb86b7-2324-4ec8-b12a-4f190aaf8f7b/org.mongodb_mongodb-driver-sync-4.0.5.jar to class loader
[2023-01-26T23:56:34.797+0000] {spark_submit.py:495} INFO - 23/01/26 23:56:34 INFO Executor: Fetching spark://f1cbb5df32e6:46881/jars/org.lz4_lz4-java-1.7.1.jar with timestamp 1674777393306
[2023-01-26T23:56:34.797+0000] {spark_submit.py:495} INFO - 23/01/26 23:56:34 INFO Utils: Fetching spark://f1cbb5df32e6:46881/jars/org.lz4_lz4-java-1.7.1.jar to /tmp/spark-192b0a41-e788-48af-90fc-bd3ec50f1671/userFiles-ecbb86b7-2324-4ec8-b12a-4f190aaf8f7b/fetchFileTemp408609578009692076.tmp
[2023-01-26T23:56:34.802+0000] {spark_submit.py:495} INFO - 23/01/26 23:56:34 INFO Utils: /tmp/spark-192b0a41-e788-48af-90fc-bd3ec50f1671/userFiles-ecbb86b7-2324-4ec8-b12a-4f190aaf8f7b/fetchFileTemp408609578009692076.tmp has been previously copied to /tmp/spark-192b0a41-e788-48af-90fc-bd3ec50f1671/userFiles-ecbb86b7-2324-4ec8-b12a-4f190aaf8f7b/org.lz4_lz4-java-1.7.1.jar
[2023-01-26T23:56:34.820+0000] {spark_submit.py:495} INFO - 23/01/26 23:56:34 INFO Executor: Adding file:/tmp/spark-192b0a41-e788-48af-90fc-bd3ec50f1671/userFiles-ecbb86b7-2324-4ec8-b12a-4f190aaf8f7b/org.lz4_lz4-java-1.7.1.jar to class loader
[2023-01-26T23:56:34.820+0000] {spark_submit.py:495} INFO - 23/01/26 23:56:34 INFO Executor: Fetching spark://f1cbb5df32e6:46881/jars/org.apache.spark_spark-token-provider-kafka-0-10_2.12-3.1.3.jar with timestamp 1674777393306
[2023-01-26T23:56:34.821+0000] {spark_submit.py:495} INFO - 23/01/26 23:56:34 INFO Utils: Fetching spark://f1cbb5df32e6:46881/jars/org.apache.spark_spark-token-provider-kafka-0-10_2.12-3.1.3.jar to /tmp/spark-192b0a41-e788-48af-90fc-bd3ec50f1671/userFiles-ecbb86b7-2324-4ec8-b12a-4f190aaf8f7b/fetchFileTemp15901224959002316018.tmp
[2023-01-26T23:56:34.826+0000] {spark_submit.py:495} INFO - 23/01/26 23:56:34 INFO Utils: /tmp/spark-192b0a41-e788-48af-90fc-bd3ec50f1671/userFiles-ecbb86b7-2324-4ec8-b12a-4f190aaf8f7b/fetchFileTemp15901224959002316018.tmp has been previously copied to /tmp/spark-192b0a41-e788-48af-90fc-bd3ec50f1671/userFiles-ecbb86b7-2324-4ec8-b12a-4f190aaf8f7b/org.apache.spark_spark-token-provider-kafka-0-10_2.12-3.1.3.jar
[2023-01-26T23:56:34.833+0000] {spark_submit.py:495} INFO - 23/01/26 23:56:34 INFO Executor: Adding file:/tmp/spark-192b0a41-e788-48af-90fc-bd3ec50f1671/userFiles-ecbb86b7-2324-4ec8-b12a-4f190aaf8f7b/org.apache.spark_spark-token-provider-kafka-0-10_2.12-3.1.3.jar to class loader
[2023-01-26T23:56:34.833+0000] {spark_submit.py:495} INFO - 23/01/26 23:56:34 INFO Executor: Fetching spark://f1cbb5df32e6:46881/jars/org.apache.commons_commons-pool2-2.6.2.jar with timestamp 1674777393306
[2023-01-26T23:56:34.833+0000] {spark_submit.py:495} INFO - 23/01/26 23:56:34 INFO Utils: Fetching spark://f1cbb5df32e6:46881/jars/org.apache.commons_commons-pool2-2.6.2.jar to /tmp/spark-192b0a41-e788-48af-90fc-bd3ec50f1671/userFiles-ecbb86b7-2324-4ec8-b12a-4f190aaf8f7b/fetchFileTemp8637713071142717109.tmp
[2023-01-26T23:56:34.838+0000] {spark_submit.py:495} INFO - 23/01/26 23:56:34 INFO Utils: /tmp/spark-192b0a41-e788-48af-90fc-bd3ec50f1671/userFiles-ecbb86b7-2324-4ec8-b12a-4f190aaf8f7b/fetchFileTemp8637713071142717109.tmp has been previously copied to /tmp/spark-192b0a41-e788-48af-90fc-bd3ec50f1671/userFiles-ecbb86b7-2324-4ec8-b12a-4f190aaf8f7b/org.apache.commons_commons-pool2-2.6.2.jar
[2023-01-26T23:56:34.845+0000] {spark_submit.py:495} INFO - 23/01/26 23:56:34 INFO Executor: Adding file:/tmp/spark-192b0a41-e788-48af-90fc-bd3ec50f1671/userFiles-ecbb86b7-2324-4ec8-b12a-4f190aaf8f7b/org.apache.commons_commons-pool2-2.6.2.jar to class loader
[2023-01-26T23:56:34.846+0000] {spark_submit.py:495} INFO - 23/01/26 23:56:34 INFO Executor: Fetching spark://f1cbb5df32e6:46881/jars/org.mongodb.spark_mongo-spark-connector_2.12-3.0.1.jar with timestamp 1674777393306
[2023-01-26T23:56:34.846+0000] {spark_submit.py:495} INFO - 23/01/26 23:56:34 INFO Utils: Fetching spark://f1cbb5df32e6:46881/jars/org.mongodb.spark_mongo-spark-connector_2.12-3.0.1.jar to /tmp/spark-192b0a41-e788-48af-90fc-bd3ec50f1671/userFiles-ecbb86b7-2324-4ec8-b12a-4f190aaf8f7b/fetchFileTemp10025779880774736629.tmp
[2023-01-26T23:56:34.855+0000] {spark_submit.py:495} INFO - 23/01/26 23:56:34 INFO Utils: /tmp/spark-192b0a41-e788-48af-90fc-bd3ec50f1671/userFiles-ecbb86b7-2324-4ec8-b12a-4f190aaf8f7b/fetchFileTemp10025779880774736629.tmp has been previously copied to /tmp/spark-192b0a41-e788-48af-90fc-bd3ec50f1671/userFiles-ecbb86b7-2324-4ec8-b12a-4f190aaf8f7b/org.mongodb.spark_mongo-spark-connector_2.12-3.0.1.jar
[2023-01-26T23:56:34.862+0000] {spark_submit.py:495} INFO - 23/01/26 23:56:34 INFO Executor: Adding file:/tmp/spark-192b0a41-e788-48af-90fc-bd3ec50f1671/userFiles-ecbb86b7-2324-4ec8-b12a-4f190aaf8f7b/org.mongodb.spark_mongo-spark-connector_2.12-3.0.1.jar to class loader
[2023-01-26T23:56:34.862+0000] {spark_submit.py:495} INFO - 23/01/26 23:56:34 INFO Executor: Fetching spark://f1cbb5df32e6:46881/jars/org.apache.spark_spark-sql-kafka-0-10_2.12-3.1.3.jar with timestamp 1674777393306
[2023-01-26T23:56:34.862+0000] {spark_submit.py:495} INFO - 23/01/26 23:56:34 INFO Utils: Fetching spark://f1cbb5df32e6:46881/jars/org.apache.spark_spark-sql-kafka-0-10_2.12-3.1.3.jar to /tmp/spark-192b0a41-e788-48af-90fc-bd3ec50f1671/userFiles-ecbb86b7-2324-4ec8-b12a-4f190aaf8f7b/fetchFileTemp8476609240497825994.tmp
[2023-01-26T23:56:34.869+0000] {spark_submit.py:495} INFO - 23/01/26 23:56:34 INFO Utils: /tmp/spark-192b0a41-e788-48af-90fc-bd3ec50f1671/userFiles-ecbb86b7-2324-4ec8-b12a-4f190aaf8f7b/fetchFileTemp8476609240497825994.tmp has been previously copied to /tmp/spark-192b0a41-e788-48af-90fc-bd3ec50f1671/userFiles-ecbb86b7-2324-4ec8-b12a-4f190aaf8f7b/org.apache.spark_spark-sql-kafka-0-10_2.12-3.1.3.jar
[2023-01-26T23:56:34.873+0000] {spark_submit.py:495} INFO - 23/01/26 23:56:34 INFO Executor: Adding file:/tmp/spark-192b0a41-e788-48af-90fc-bd3ec50f1671/userFiles-ecbb86b7-2324-4ec8-b12a-4f190aaf8f7b/org.apache.spark_spark-sql-kafka-0-10_2.12-3.1.3.jar to class loader
[2023-01-26T23:56:34.873+0000] {spark_submit.py:495} INFO - 23/01/26 23:56:34 INFO Executor: Fetching spark://f1cbb5df32e6:46881/jars/org.apache.kafka_kafka-clients-2.6.0.jar with timestamp 1674777393306
[2023-01-26T23:56:34.874+0000] {spark_submit.py:495} INFO - 23/01/26 23:56:34 INFO Utils: Fetching spark://f1cbb5df32e6:46881/jars/org.apache.kafka_kafka-clients-2.6.0.jar to /tmp/spark-192b0a41-e788-48af-90fc-bd3ec50f1671/userFiles-ecbb86b7-2324-4ec8-b12a-4f190aaf8f7b/fetchFileTemp17366574574112638493.tmp
[2023-01-26T23:56:34.914+0000] {spark_submit.py:495} INFO - 23/01/26 23:56:34 INFO Utils: /tmp/spark-192b0a41-e788-48af-90fc-bd3ec50f1671/userFiles-ecbb86b7-2324-4ec8-b12a-4f190aaf8f7b/fetchFileTemp17366574574112638493.tmp has been previously copied to /tmp/spark-192b0a41-e788-48af-90fc-bd3ec50f1671/userFiles-ecbb86b7-2324-4ec8-b12a-4f190aaf8f7b/org.apache.kafka_kafka-clients-2.6.0.jar
[2023-01-26T23:56:35.014+0000] {spark_submit.py:495} INFO - 23/01/26 23:56:35 INFO Executor: Adding file:/tmp/spark-192b0a41-e788-48af-90fc-bd3ec50f1671/userFiles-ecbb86b7-2324-4ec8-b12a-4f190aaf8f7b/org.apache.kafka_kafka-clients-2.6.0.jar to class loader
[2023-01-26T23:56:35.015+0000] {spark_submit.py:495} INFO - 23/01/26 23:56:35 INFO Executor: Fetching spark://f1cbb5df32e6:46881/jars/org.xerial.snappy_snappy-java-1.1.8.2.jar with timestamp 1674777393306
[2023-01-26T23:56:35.015+0000] {spark_submit.py:495} INFO - 23/01/26 23:56:35 INFO Utils: Fetching spark://f1cbb5df32e6:46881/jars/org.xerial.snappy_snappy-java-1.1.8.2.jar to /tmp/spark-192b0a41-e788-48af-90fc-bd3ec50f1671/userFiles-ecbb86b7-2324-4ec8-b12a-4f190aaf8f7b/fetchFileTemp2141188068042318437.tmp
[2023-01-26T23:56:35.077+0000] {spark_submit.py:495} INFO - 23/01/26 23:56:35 INFO Utils: /tmp/spark-192b0a41-e788-48af-90fc-bd3ec50f1671/userFiles-ecbb86b7-2324-4ec8-b12a-4f190aaf8f7b/fetchFileTemp2141188068042318437.tmp has been previously copied to /tmp/spark-192b0a41-e788-48af-90fc-bd3ec50f1671/userFiles-ecbb86b7-2324-4ec8-b12a-4f190aaf8f7b/org.xerial.snappy_snappy-java-1.1.8.2.jar
[2023-01-26T23:56:35.104+0000] {spark_submit.py:495} INFO - 23/01/26 23:56:35 INFO Executor: Adding file:/tmp/spark-192b0a41-e788-48af-90fc-bd3ec50f1671/userFiles-ecbb86b7-2324-4ec8-b12a-4f190aaf8f7b/org.xerial.snappy_snappy-java-1.1.8.2.jar to class loader
[2023-01-26T23:56:35.105+0000] {spark_submit.py:495} INFO - 23/01/26 23:56:35 INFO Executor: Fetching spark://f1cbb5df32e6:46881/jars/org.mongodb_mongodb-driver-core-4.0.5.jar with timestamp 1674777393306
[2023-01-26T23:56:35.105+0000] {spark_submit.py:495} INFO - 23/01/26 23:56:35 INFO Utils: Fetching spark://f1cbb5df32e6:46881/jars/org.mongodb_mongodb-driver-core-4.0.5.jar to /tmp/spark-192b0a41-e788-48af-90fc-bd3ec50f1671/userFiles-ecbb86b7-2324-4ec8-b12a-4f190aaf8f7b/fetchFileTemp9581227042129040966.tmp
[2023-01-26T23:56:35.122+0000] {spark_submit.py:495} INFO - 23/01/26 23:56:35 INFO Utils: /tmp/spark-192b0a41-e788-48af-90fc-bd3ec50f1671/userFiles-ecbb86b7-2324-4ec8-b12a-4f190aaf8f7b/fetchFileTemp9581227042129040966.tmp has been previously copied to /tmp/spark-192b0a41-e788-48af-90fc-bd3ec50f1671/userFiles-ecbb86b7-2324-4ec8-b12a-4f190aaf8f7b/org.mongodb_mongodb-driver-core-4.0.5.jar
[2023-01-26T23:56:35.133+0000] {spark_submit.py:495} INFO - 23/01/26 23:56:35 INFO Executor: Adding file:/tmp/spark-192b0a41-e788-48af-90fc-bd3ec50f1671/userFiles-ecbb86b7-2324-4ec8-b12a-4f190aaf8f7b/org.mongodb_mongodb-driver-core-4.0.5.jar to class loader
[2023-01-26T23:56:35.134+0000] {spark_submit.py:495} INFO - 23/01/26 23:56:35 INFO Executor: Fetching spark://f1cbb5df32e6:46881/jars/org.spark-project.spark_unused-1.0.0.jar with timestamp 1674777393306
[2023-01-26T23:56:35.141+0000] {spark_submit.py:495} INFO - 23/01/26 23:56:35 INFO Utils: Fetching spark://f1cbb5df32e6:46881/jars/org.spark-project.spark_unused-1.0.0.jar to /tmp/spark-192b0a41-e788-48af-90fc-bd3ec50f1671/userFiles-ecbb86b7-2324-4ec8-b12a-4f190aaf8f7b/fetchFileTemp6858146145735673732.tmp
[2023-01-26T23:56:35.141+0000] {spark_submit.py:495} INFO - 23/01/26 23:56:35 INFO Utils: /tmp/spark-192b0a41-e788-48af-90fc-bd3ec50f1671/userFiles-ecbb86b7-2324-4ec8-b12a-4f190aaf8f7b/fetchFileTemp6858146145735673732.tmp has been previously copied to /tmp/spark-192b0a41-e788-48af-90fc-bd3ec50f1671/userFiles-ecbb86b7-2324-4ec8-b12a-4f190aaf8f7b/org.spark-project.spark_unused-1.0.0.jar
[2023-01-26T23:56:35.152+0000] {spark_submit.py:495} INFO - 23/01/26 23:56:35 INFO Executor: Adding file:/tmp/spark-192b0a41-e788-48af-90fc-bd3ec50f1671/userFiles-ecbb86b7-2324-4ec8-b12a-4f190aaf8f7b/org.spark-project.spark_unused-1.0.0.jar to class loader
[2023-01-26T23:56:35.170+0000] {spark_submit.py:495} INFO - 23/01/26 23:56:35 INFO Utils: Successfully started service 'org.apache.spark.network.netty.NettyBlockTransferService' on port 38851.
[2023-01-26T23:56:35.170+0000] {spark_submit.py:495} INFO - 23/01/26 23:56:35 INFO NettyBlockTransferService: Server created on f1cbb5df32e6:38851
[2023-01-26T23:56:35.172+0000] {spark_submit.py:495} INFO - 23/01/26 23:56:35 INFO BlockManager: Using org.apache.spark.storage.RandomBlockReplicationPolicy for block replication policy
[2023-01-26T23:56:35.177+0000] {spark_submit.py:495} INFO - 23/01/26 23:56:35 INFO BlockManagerMaster: Registering BlockManager BlockManagerId(driver, f1cbb5df32e6, 38851, None)
[2023-01-26T23:56:35.179+0000] {spark_submit.py:495} INFO - 23/01/26 23:56:35 INFO BlockManagerMasterEndpoint: Registering block manager f1cbb5df32e6:38851 with 434.4 MiB RAM, BlockManagerId(driver, f1cbb5df32e6, 38851, None)
[2023-01-26T23:56:35.193+0000] {spark_submit.py:495} INFO - 23/01/26 23:56:35 INFO BlockManagerMaster: Registered BlockManager BlockManagerId(driver, f1cbb5df32e6, 38851, None)
[2023-01-26T23:56:35.195+0000] {spark_submit.py:495} INFO - 23/01/26 23:56:35 INFO BlockManager: Initialized BlockManager: BlockManagerId(driver, f1cbb5df32e6, 38851, None)
[2023-01-26T23:56:38.936+0000] {local_task_job.py:207} WARNING - Recorded pid 37448 does not match the current pid 37248
[2023-01-26T23:56:38.938+0000] {process_utils.py:133} INFO - Sending Signals.SIGTERM to group 37248. PIDs of all processes in the group: [37249, 37312, 37248]
[2023-01-26T23:56:38.938+0000] {process_utils.py:84} INFO - Sending the signal Signals.SIGTERM to group 37248
[2023-01-26T23:56:38.938+0000] {taskinstance.py:1483} ERROR - Received SIGTERM. Terminating subprocesses.
[2023-01-26T23:56:38.939+0000] {spark_submit.py:620} INFO - Sending kill signal to spark-submit
[2023-01-26T23:56:38.959+0000] {taskinstance.py:1772} ERROR - Task failed with exception
Traceback (most recent call last):
  File "/home/airflow/.local/lib/python3.7/site-packages/airflow/providers/apache/spark/operators/spark_submit.py", line 157, in execute
    self._hook.submit(self._application)
  File "/home/airflow/.local/lib/python3.7/site-packages/airflow/providers/apache/spark/hooks/spark_submit.py", line 414, in submit
    self._process_spark_submit_log(iter(self._submit_sp.stdout))  # type: ignore
  File "/home/airflow/.local/lib/python3.7/site-packages/airflow/providers/apache/spark/hooks/spark_submit.py", line 463, in _process_spark_submit_log
    for line in itr:
  File "/home/airflow/.local/lib/python3.7/site-packages/airflow/models/taskinstance.py", line 1485, in signal_handler
    raise AirflowException("Task received SIGTERM signal")
airflow.exceptions.AirflowException: Task received SIGTERM signal
[2023-01-26T23:56:38.966+0000] {taskinstance.py:1327} INFO - Marking task as UP_FOR_RETRY. dag_id=Streaming_pipeline_meli, task_id=consumer_data_of_topic, execution_date=20230123T220304, start_date=20230126T235635, end_date=20230126T235638
[2023-01-26T23:56:38.996+0000] {standard_task_runner.py:105} ERROR - Failed to execute job 1077 for task consumer_data_of_topic (Task received SIGTERM signal; 37248)
[2023-01-26T23:56:39.011+0000] {process_utils.py:79} INFO - Process psutil.Process(pid=37312, status='terminated', started='23:56:31') (37312) terminated with exit code None
[2023-01-26T23:56:39.011+0000] {process_utils.py:79} INFO - Process psutil.Process(pid=37249, status='terminated', started='23:56:28') (37249) terminated with exit code None
[2023-01-26T23:56:39.012+0000] {process_utils.py:79} INFO - Process psutil.Process(pid=37248, status='terminated', exitcode=1, started='23:56:28') (37248) terminated with exit code 1
