[2023-01-26T20:21:29.981+0000] {taskinstance.py:1087} INFO - Dependencies all met for <TaskInstance: Streaming_pipeline_meli.consumer_data_of_topic manual__2023-01-23T22:03:04.495188+00:00 [queued]>
[2023-01-26T20:21:30.001+0000] {taskinstance.py:1087} INFO - Dependencies all met for <TaskInstance: Streaming_pipeline_meli.consumer_data_of_topic manual__2023-01-23T22:03:04.495188+00:00 [queued]>
[2023-01-26T20:21:30.001+0000] {taskinstance.py:1283} INFO - 
--------------------------------------------------------------------------------
[2023-01-26T20:21:30.001+0000] {taskinstance.py:1284} INFO - Starting attempt 248 of 253
[2023-01-26T20:21:30.001+0000] {taskinstance.py:1285} INFO - 
--------------------------------------------------------------------------------
[2023-01-26T20:21:30.021+0000] {taskinstance.py:1304} INFO - Executing <Task(SparkSubmitOperator): consumer_data_of_topic> on 2023-01-23 22:03:04.495188+00:00
[2023-01-26T20:21:30.027+0000] {standard_task_runner.py:55} INFO - Started process 13752 to run task
[2023-01-26T20:21:30.031+0000] {standard_task_runner.py:82} INFO - Running: ['***', 'tasks', 'run', 'Streaming_pipeline_meli', 'consumer_data_of_topic', 'manual__2023-01-23T22:03:04.495188+00:00', '--job-id', '1052', '--raw', '--subdir', 'DAGS_FOLDER/producer_dag.py', '--cfg-path', '/tmp/tmps_31z7m1']
[2023-01-26T20:21:30.031+0000] {standard_task_runner.py:83} INFO - Job 1052: Subtask consumer_data_of_topic
[2023-01-26T20:21:30.106+0000] {task_command.py:389} INFO - Running <TaskInstance: Streaming_pipeline_meli.consumer_data_of_topic manual__2023-01-23T22:03:04.495188+00:00 [running]> on host f1cbb5df32e6
[2023-01-26T20:21:30.182+0000] {taskinstance.py:1513} INFO - Exporting the following env vars:
AIRFLOW_CTX_DAG_OWNER=***
AIRFLOW_CTX_DAG_ID=Streaming_pipeline_meli
AIRFLOW_CTX_TASK_ID=consumer_data_of_topic
AIRFLOW_CTX_EXECUTION_DATE=2023-01-23T22:03:04.495188+00:00
AIRFLOW_CTX_TRY_NUMBER=248
AIRFLOW_CTX_DAG_RUN_ID=manual__2023-01-23T22:03:04.495188+00:00
[2023-01-26T20:21:30.192+0000] {base.py:73} INFO - Using connection ID 'spark_default' for task execution.
[2023-01-26T20:21:30.194+0000] {spark_submit.py:344} INFO - Spark-Submit cmd: spark-submit --master spark://tomi-H310:7077 --packages org.apache.spark:spark-sql-kafka-0-10_2.12:3.1.3,org.mongodb.spark:mongo-spark-connector_2.12:3.0.1 --name arrow-spark --queue root.default /opt/***/dags/consumerSpark.py
[2023-01-26T20:21:30.361+0000] {spark_submit.py:495} INFO - /home/***/.local/lib/python3.7/site-packages/pyspark/bin/load-spark-env.sh: line 68: ps: command not found
[2023-01-26T20:21:32.256+0000] {spark_submit.py:495} INFO - :: loading settings :: url = jar:file:/home/***/.local/lib/python3.7/site-packages/pyspark/jars/ivy-2.5.0.jar!/org/apache/ivy/core/settings/ivysettings.xml
[2023-01-26T20:21:32.407+0000] {spark_submit.py:495} INFO - Ivy Default Cache set to: /home/***/.ivy2/cache
[2023-01-26T20:21:32.407+0000] {spark_submit.py:495} INFO - The jars for the packages stored in: /home/***/.ivy2/jars
[2023-01-26T20:21:32.412+0000] {spark_submit.py:495} INFO - org.apache.spark#spark-sql-kafka-0-10_2.12 added as a dependency
[2023-01-26T20:21:32.412+0000] {spark_submit.py:495} INFO - org.mongodb.spark#mongo-spark-connector_2.12 added as a dependency
[2023-01-26T20:21:32.413+0000] {spark_submit.py:495} INFO - :: resolving dependencies :: org.apache.spark#spark-submit-parent-055f558e-fe1e-446a-a5b1-cf3cf347a413;1.0
[2023-01-26T20:21:32.413+0000] {spark_submit.py:495} INFO - confs: [default]
[2023-01-26T20:21:32.573+0000] {spark_submit.py:495} INFO - found org.apache.spark#spark-sql-kafka-0-10_2.12;3.1.3 in central
[2023-01-26T20:21:32.626+0000] {spark_submit.py:495} INFO - found org.apache.spark#spark-token-provider-kafka-0-10_2.12;3.1.3 in central
[2023-01-26T20:21:32.649+0000] {spark_submit.py:495} INFO - found org.apache.kafka#kafka-clients;2.6.0 in central
[2023-01-26T20:21:32.671+0000] {spark_submit.py:495} INFO - found com.github.luben#zstd-jni;1.4.8-1 in central
[2023-01-26T20:21:32.688+0000] {spark_submit.py:495} INFO - found org.lz4#lz4-java;1.7.1 in central
[2023-01-26T20:21:32.714+0000] {spark_submit.py:495} INFO - found org.xerial.snappy#snappy-java;1.1.8.2 in central
[2023-01-26T20:21:32.738+0000] {spark_submit.py:495} INFO - found org.slf4j#slf4j-api;1.7.30 in central
[2023-01-26T20:21:32.760+0000] {spark_submit.py:495} INFO - found org.spark-project.spark#unused;1.0.0 in central
[2023-01-26T20:21:32.791+0000] {spark_submit.py:495} INFO - found org.apache.commons#commons-pool2;2.6.2 in central
[2023-01-26T20:21:32.802+0000] {spark_submit.py:495} INFO - found org.mongodb.spark#mongo-spark-connector_2.12;3.0.1 in central
[2023-01-26T20:21:32.812+0000] {spark_submit.py:495} INFO - found org.mongodb#mongodb-driver-sync;4.0.5 in central
[2023-01-26T20:21:32.821+0000] {spark_submit.py:495} INFO - found org.mongodb#bson;4.0.5 in central
[2023-01-26T20:21:32.829+0000] {spark_submit.py:495} INFO - found org.mongodb#mongodb-driver-core;4.0.5 in central
[2023-01-26T20:21:32.853+0000] {spark_submit.py:495} INFO - :: resolution report :: resolve 429ms :: artifacts dl 11ms
[2023-01-26T20:21:32.854+0000] {spark_submit.py:495} INFO - :: modules in use:
[2023-01-26T20:21:32.854+0000] {spark_submit.py:495} INFO - com.github.luben#zstd-jni;1.4.8-1 from central in [default]
[2023-01-26T20:21:32.854+0000] {spark_submit.py:495} INFO - org.apache.commons#commons-pool2;2.6.2 from central in [default]
[2023-01-26T20:21:32.855+0000] {spark_submit.py:495} INFO - org.apache.kafka#kafka-clients;2.6.0 from central in [default]
[2023-01-26T20:21:32.855+0000] {spark_submit.py:495} INFO - org.apache.spark#spark-sql-kafka-0-10_2.12;3.1.3 from central in [default]
[2023-01-26T20:21:32.855+0000] {spark_submit.py:495} INFO - org.apache.spark#spark-token-provider-kafka-0-10_2.12;3.1.3 from central in [default]
[2023-01-26T20:21:32.855+0000] {spark_submit.py:495} INFO - org.lz4#lz4-java;1.7.1 from central in [default]
[2023-01-26T20:21:32.855+0000] {spark_submit.py:495} INFO - org.mongodb#bson;4.0.5 from central in [default]
[2023-01-26T20:21:32.856+0000] {spark_submit.py:495} INFO - org.mongodb#mongodb-driver-core;4.0.5 from central in [default]
[2023-01-26T20:21:32.856+0000] {spark_submit.py:495} INFO - org.mongodb#mongodb-driver-sync;4.0.5 from central in [default]
[2023-01-26T20:21:32.856+0000] {spark_submit.py:495} INFO - org.mongodb.spark#mongo-spark-connector_2.12;3.0.1 from central in [default]
[2023-01-26T20:21:32.856+0000] {spark_submit.py:495} INFO - org.slf4j#slf4j-api;1.7.30 from central in [default]
[2023-01-26T20:21:32.857+0000] {spark_submit.py:495} INFO - org.spark-project.spark#unused;1.0.0 from central in [default]
[2023-01-26T20:21:32.857+0000] {spark_submit.py:495} INFO - org.xerial.snappy#snappy-java;1.1.8.2 from central in [default]
[2023-01-26T20:21:32.857+0000] {spark_submit.py:495} INFO - ---------------------------------------------------------------------
[2023-01-26T20:21:32.857+0000] {spark_submit.py:495} INFO - |                  |            modules            ||   artifacts   |
[2023-01-26T20:21:32.858+0000] {spark_submit.py:495} INFO - |       conf       | number| search|dwnlded|evicted|| number|dwnlded|
[2023-01-26T20:21:32.858+0000] {spark_submit.py:495} INFO - ---------------------------------------------------------------------
[2023-01-26T20:21:32.858+0000] {spark_submit.py:495} INFO - |      default     |   13  |   0   |   0   |   0   ||   13  |   0   |
[2023-01-26T20:21:32.858+0000] {spark_submit.py:495} INFO - ---------------------------------------------------------------------
[2023-01-26T20:21:32.864+0000] {spark_submit.py:495} INFO - :: retrieving :: org.apache.spark#spark-submit-parent-055f558e-fe1e-446a-a5b1-cf3cf347a413
[2023-01-26T20:21:32.864+0000] {spark_submit.py:495} INFO - confs: [default]
[2023-01-26T20:21:32.872+0000] {spark_submit.py:495} INFO - 0 artifacts copied, 13 already retrieved (0kB/8ms)
[2023-01-26T20:21:33.137+0000] {spark_submit.py:495} INFO - 23/01/26 20:21:33 WARN NativeCodeLoader: Unable to load native-hadoop library for your platform... using builtin-java classes where applicable
[2023-01-26T20:21:34.670+0000] {spark_submit.py:495} INFO - 23/01/26 20:21:34 INFO SparkContext: Running Spark version 3.3.1
[2023-01-26T20:21:34.694+0000] {spark_submit.py:495} INFO - 23/01/26 20:21:34 INFO ResourceUtils: ==============================================================
[2023-01-26T20:21:34.694+0000] {spark_submit.py:495} INFO - 23/01/26 20:21:34 INFO ResourceUtils: No custom resources configured for spark.driver.
[2023-01-26T20:21:34.695+0000] {spark_submit.py:495} INFO - 23/01/26 20:21:34 INFO ResourceUtils: ==============================================================
[2023-01-26T20:21:34.695+0000] {spark_submit.py:495} INFO - 23/01/26 20:21:34 INFO SparkContext: Submitted application: arrow-spark
[2023-01-26T20:21:34.714+0000] {spark_submit.py:495} INFO - 23/01/26 20:21:34 INFO ResourceProfile: Default ResourceProfile created, executor resources: Map(cores -> name: cores, amount: 1, script: , vendor: , memory -> name: memory, amount: 1024, script: , vendor: , offHeap -> name: offHeap, amount: 0, script: , vendor: ), task resources: Map(cpus -> name: cpus, amount: 1.0)
[2023-01-26T20:21:34.726+0000] {spark_submit.py:495} INFO - 23/01/26 20:21:34 INFO ResourceProfile: Limiting resource is cpu
[2023-01-26T20:21:34.727+0000] {spark_submit.py:495} INFO - 23/01/26 20:21:34 INFO ResourceProfileManager: Added ResourceProfile id: 0
[2023-01-26T20:21:34.778+0000] {spark_submit.py:495} INFO - 23/01/26 20:21:34 INFO SecurityManager: Changing view acls to: default
[2023-01-26T20:21:34.779+0000] {spark_submit.py:495} INFO - 23/01/26 20:21:34 INFO SecurityManager: Changing modify acls to: default
[2023-01-26T20:21:34.780+0000] {spark_submit.py:495} INFO - 23/01/26 20:21:34 INFO SecurityManager: Changing view acls groups to:
[2023-01-26T20:21:34.781+0000] {spark_submit.py:495} INFO - 23/01/26 20:21:34 INFO SecurityManager: Changing modify acls groups to:
[2023-01-26T20:21:34.782+0000] {spark_submit.py:495} INFO - 23/01/26 20:21:34 INFO SecurityManager: SecurityManager: authentication disabled; ui acls disabled; users  with view permissions: Set(default); groups with view permissions: Set(); users  with modify permissions: Set(default); groups with modify permissions: Set()
[2023-01-26T20:21:35.135+0000] {spark_submit.py:495} INFO - 23/01/26 20:21:35 INFO Utils: Successfully started service 'sparkDriver' on port 37155.
[2023-01-26T20:21:35.152+0000] {spark_submit.py:495} INFO - 23/01/26 20:21:35 INFO SparkEnv: Registering MapOutputTracker
[2023-01-26T20:21:35.187+0000] {spark_submit.py:495} INFO - 23/01/26 20:21:35 INFO SparkEnv: Registering BlockManagerMaster
[2023-01-26T20:21:35.207+0000] {spark_submit.py:495} INFO - 23/01/26 20:21:35 INFO BlockManagerMasterEndpoint: Using org.apache.spark.storage.DefaultTopologyMapper for getting topology information
[2023-01-26T20:21:35.207+0000] {spark_submit.py:495} INFO - 23/01/26 20:21:35 INFO BlockManagerMasterEndpoint: BlockManagerMasterEndpoint up
[2023-01-26T20:21:35.212+0000] {spark_submit.py:495} INFO - 23/01/26 20:21:35 INFO SparkEnv: Registering BlockManagerMasterHeartbeat
[2023-01-26T20:21:35.244+0000] {spark_submit.py:495} INFO - 23/01/26 20:21:35 INFO DiskBlockManager: Created local directory at /tmp/blockmgr-7d47e42f-7217-475b-9baf-7ce5f782de2d
[2023-01-26T20:21:35.271+0000] {spark_submit.py:495} INFO - 23/01/26 20:21:35 INFO MemoryStore: MemoryStore started with capacity 434.4 MiB
[2023-01-26T20:21:35.336+0000] {spark_submit.py:495} INFO - 23/01/26 20:21:35 INFO SparkEnv: Registering OutputCommitCoordinator
[2023-01-26T20:21:35.655+0000] {spark_submit.py:495} INFO - 23/01/26 20:21:35 INFO Utils: Successfully started service 'SparkUI' on port 4040.
[2023-01-26T20:21:35.703+0000] {spark_submit.py:495} INFO - 23/01/26 20:21:35 INFO SparkContext: Added JAR file:///home/***/.ivy2/jars/org.apache.spark_spark-sql-kafka-0-10_2.12-3.1.3.jar at spark://f1cbb5df32e6:37155/jars/org.apache.spark_spark-sql-kafka-0-10_2.12-3.1.3.jar with timestamp 1674764494662
[2023-01-26T20:21:35.704+0000] {spark_submit.py:495} INFO - 23/01/26 20:21:35 INFO SparkContext: Added JAR file:///home/***/.ivy2/jars/org.mongodb.spark_mongo-spark-connector_2.12-3.0.1.jar at spark://f1cbb5df32e6:37155/jars/org.mongodb.spark_mongo-spark-connector_2.12-3.0.1.jar with timestamp 1674764494662
[2023-01-26T20:21:35.704+0000] {spark_submit.py:495} INFO - 23/01/26 20:21:35 INFO SparkContext: Added JAR file:///home/***/.ivy2/jars/org.apache.spark_spark-token-provider-kafka-0-10_2.12-3.1.3.jar at spark://f1cbb5df32e6:37155/jars/org.apache.spark_spark-token-provider-kafka-0-10_2.12-3.1.3.jar with timestamp 1674764494662
[2023-01-26T20:21:35.706+0000] {spark_submit.py:495} INFO - 23/01/26 20:21:35 INFO SparkContext: Added JAR file:///home/***/.ivy2/jars/org.apache.kafka_kafka-clients-2.6.0.jar at spark://f1cbb5df32e6:37155/jars/org.apache.kafka_kafka-clients-2.6.0.jar with timestamp 1674764494662
[2023-01-26T20:21:35.706+0000] {spark_submit.py:495} INFO - 23/01/26 20:21:35 INFO SparkContext: Added JAR file:///home/***/.ivy2/jars/org.apache.commons_commons-pool2-2.6.2.jar at spark://f1cbb5df32e6:37155/jars/org.apache.commons_commons-pool2-2.6.2.jar with timestamp 1674764494662
[2023-01-26T20:21:35.706+0000] {spark_submit.py:495} INFO - 23/01/26 20:21:35 INFO SparkContext: Added JAR file:///home/***/.ivy2/jars/org.spark-project.spark_unused-1.0.0.jar at spark://f1cbb5df32e6:37155/jars/org.spark-project.spark_unused-1.0.0.jar with timestamp 1674764494662
[2023-01-26T20:21:35.706+0000] {spark_submit.py:495} INFO - 23/01/26 20:21:35 INFO SparkContext: Added JAR file:///home/***/.ivy2/jars/com.github.luben_zstd-jni-1.4.8-1.jar at spark://f1cbb5df32e6:37155/jars/com.github.luben_zstd-jni-1.4.8-1.jar with timestamp 1674764494662
[2023-01-26T20:21:35.706+0000] {spark_submit.py:495} INFO - 23/01/26 20:21:35 INFO SparkContext: Added JAR file:///home/***/.ivy2/jars/org.lz4_lz4-java-1.7.1.jar at spark://f1cbb5df32e6:37155/jars/org.lz4_lz4-java-1.7.1.jar with timestamp 1674764494662
[2023-01-26T20:21:35.706+0000] {spark_submit.py:495} INFO - 23/01/26 20:21:35 INFO SparkContext: Added JAR file:///home/***/.ivy2/jars/org.xerial.snappy_snappy-java-1.1.8.2.jar at spark://f1cbb5df32e6:37155/jars/org.xerial.snappy_snappy-java-1.1.8.2.jar with timestamp 1674764494662
[2023-01-26T20:21:35.706+0000] {spark_submit.py:495} INFO - 23/01/26 20:21:35 INFO SparkContext: Added JAR file:///home/***/.ivy2/jars/org.slf4j_slf4j-api-1.7.30.jar at spark://f1cbb5df32e6:37155/jars/org.slf4j_slf4j-api-1.7.30.jar with timestamp 1674764494662
[2023-01-26T20:21:35.707+0000] {spark_submit.py:495} INFO - 23/01/26 20:21:35 INFO SparkContext: Added JAR file:///home/***/.ivy2/jars/org.mongodb_mongodb-driver-sync-4.0.5.jar at spark://f1cbb5df32e6:37155/jars/org.mongodb_mongodb-driver-sync-4.0.5.jar with timestamp 1674764494662
[2023-01-26T20:21:35.707+0000] {spark_submit.py:495} INFO - 23/01/26 20:21:35 INFO SparkContext: Added JAR file:///home/***/.ivy2/jars/org.mongodb_bson-4.0.5.jar at spark://f1cbb5df32e6:37155/jars/org.mongodb_bson-4.0.5.jar with timestamp 1674764494662
[2023-01-26T20:21:35.707+0000] {spark_submit.py:495} INFO - 23/01/26 20:21:35 INFO SparkContext: Added JAR file:///home/***/.ivy2/jars/org.mongodb_mongodb-driver-core-4.0.5.jar at spark://f1cbb5df32e6:37155/jars/org.mongodb_mongodb-driver-core-4.0.5.jar with timestamp 1674764494662
[2023-01-26T20:21:35.711+0000] {spark_submit.py:495} INFO - 23/01/26 20:21:35 INFO SparkContext: Added file file:///home/***/.ivy2/jars/org.apache.spark_spark-sql-kafka-0-10_2.12-3.1.3.jar at file:///home/***/.ivy2/jars/org.apache.spark_spark-sql-kafka-0-10_2.12-3.1.3.jar with timestamp 1674764494662
[2023-01-26T20:21:35.713+0000] {spark_submit.py:495} INFO - 23/01/26 20:21:35 INFO Utils: Copying /home/***/.ivy2/jars/org.apache.spark_spark-sql-kafka-0-10_2.12-3.1.3.jar to /tmp/spark-fbaadb03-390d-47b6-8faa-d6154f7e304a/userFiles-37917240-1261-4699-b5d7-4a6c607cd10f/org.apache.spark_spark-sql-kafka-0-10_2.12-3.1.3.jar
[2023-01-26T20:21:35.726+0000] {spark_submit.py:495} INFO - 23/01/26 20:21:35 INFO SparkContext: Added file file:///home/***/.ivy2/jars/org.mongodb.spark_mongo-spark-connector_2.12-3.0.1.jar at file:///home/***/.ivy2/jars/org.mongodb.spark_mongo-spark-connector_2.12-3.0.1.jar with timestamp 1674764494662
[2023-01-26T20:21:35.726+0000] {spark_submit.py:495} INFO - 23/01/26 20:21:35 INFO Utils: Copying /home/***/.ivy2/jars/org.mongodb.spark_mongo-spark-connector_2.12-3.0.1.jar to /tmp/spark-fbaadb03-390d-47b6-8faa-d6154f7e304a/userFiles-37917240-1261-4699-b5d7-4a6c607cd10f/org.mongodb.spark_mongo-spark-connector_2.12-3.0.1.jar
[2023-01-26T20:21:35.748+0000] {spark_submit.py:495} INFO - 23/01/26 20:21:35 INFO SparkContext: Added file file:///home/***/.ivy2/jars/org.apache.spark_spark-token-provider-kafka-0-10_2.12-3.1.3.jar at file:///home/***/.ivy2/jars/org.apache.spark_spark-token-provider-kafka-0-10_2.12-3.1.3.jar with timestamp 1674764494662
[2023-01-26T20:21:35.748+0000] {spark_submit.py:495} INFO - 23/01/26 20:21:35 INFO Utils: Copying /home/***/.ivy2/jars/org.apache.spark_spark-token-provider-kafka-0-10_2.12-3.1.3.jar to /tmp/spark-fbaadb03-390d-47b6-8faa-d6154f7e304a/userFiles-37917240-1261-4699-b5d7-4a6c607cd10f/org.apache.spark_spark-token-provider-kafka-0-10_2.12-3.1.3.jar
[2023-01-26T20:21:35.760+0000] {spark_submit.py:495} INFO - 23/01/26 20:21:35 INFO SparkContext: Added file file:///home/***/.ivy2/jars/org.apache.kafka_kafka-clients-2.6.0.jar at file:///home/***/.ivy2/jars/org.apache.kafka_kafka-clients-2.6.0.jar with timestamp 1674764494662
[2023-01-26T20:21:35.761+0000] {spark_submit.py:495} INFO - 23/01/26 20:21:35 INFO Utils: Copying /home/***/.ivy2/jars/org.apache.kafka_kafka-clients-2.6.0.jar to /tmp/spark-fbaadb03-390d-47b6-8faa-d6154f7e304a/userFiles-37917240-1261-4699-b5d7-4a6c607cd10f/org.apache.kafka_kafka-clients-2.6.0.jar
[2023-01-26T20:21:35.779+0000] {spark_submit.py:495} INFO - 23/01/26 20:21:35 INFO SparkContext: Added file file:///home/***/.ivy2/jars/org.apache.commons_commons-pool2-2.6.2.jar at file:///home/***/.ivy2/jars/org.apache.commons_commons-pool2-2.6.2.jar with timestamp 1674764494662
[2023-01-26T20:21:35.779+0000] {spark_submit.py:495} INFO - 23/01/26 20:21:35 INFO Utils: Copying /home/***/.ivy2/jars/org.apache.commons_commons-pool2-2.6.2.jar to /tmp/spark-fbaadb03-390d-47b6-8faa-d6154f7e304a/userFiles-37917240-1261-4699-b5d7-4a6c607cd10f/org.apache.commons_commons-pool2-2.6.2.jar
[2023-01-26T20:21:35.790+0000] {spark_submit.py:495} INFO - 23/01/26 20:21:35 INFO SparkContext: Added file file:///home/***/.ivy2/jars/org.spark-project.spark_unused-1.0.0.jar at file:///home/***/.ivy2/jars/org.spark-project.spark_unused-1.0.0.jar with timestamp 1674764494662
[2023-01-26T20:21:35.790+0000] {spark_submit.py:495} INFO - 23/01/26 20:21:35 INFO Utils: Copying /home/***/.ivy2/jars/org.spark-project.spark_unused-1.0.0.jar to /tmp/spark-fbaadb03-390d-47b6-8faa-d6154f7e304a/userFiles-37917240-1261-4699-b5d7-4a6c607cd10f/org.spark-project.spark_unused-1.0.0.jar
[2023-01-26T20:21:35.808+0000] {spark_submit.py:495} INFO - 23/01/26 20:21:35 INFO SparkContext: Added file file:///home/***/.ivy2/jars/com.github.luben_zstd-jni-1.4.8-1.jar at file:///home/***/.ivy2/jars/com.github.luben_zstd-jni-1.4.8-1.jar with timestamp 1674764494662
[2023-01-26T20:21:35.808+0000] {spark_submit.py:495} INFO - 23/01/26 20:21:35 INFO Utils: Copying /home/***/.ivy2/jars/com.github.luben_zstd-jni-1.4.8-1.jar to /tmp/spark-fbaadb03-390d-47b6-8faa-d6154f7e304a/userFiles-37917240-1261-4699-b5d7-4a6c607cd10f/com.github.luben_zstd-jni-1.4.8-1.jar
[2023-01-26T20:21:35.817+0000] {spark_submit.py:495} INFO - 23/01/26 20:21:35 INFO SparkContext: Added file file:///home/***/.ivy2/jars/org.lz4_lz4-java-1.7.1.jar at file:///home/***/.ivy2/jars/org.lz4_lz4-java-1.7.1.jar with timestamp 1674764494662
[2023-01-26T20:21:35.817+0000] {spark_submit.py:495} INFO - 23/01/26 20:21:35 INFO Utils: Copying /home/***/.ivy2/jars/org.lz4_lz4-java-1.7.1.jar to /tmp/spark-fbaadb03-390d-47b6-8faa-d6154f7e304a/userFiles-37917240-1261-4699-b5d7-4a6c607cd10f/org.lz4_lz4-java-1.7.1.jar
[2023-01-26T20:21:35.820+0000] {spark_submit.py:495} INFO - 23/01/26 20:21:35 INFO SparkContext: Added file file:///home/***/.ivy2/jars/org.xerial.snappy_snappy-java-1.1.8.2.jar at file:///home/***/.ivy2/jars/org.xerial.snappy_snappy-java-1.1.8.2.jar with timestamp 1674764494662
[2023-01-26T20:21:35.821+0000] {spark_submit.py:495} INFO - 23/01/26 20:21:35 INFO Utils: Copying /home/***/.ivy2/jars/org.xerial.snappy_snappy-java-1.1.8.2.jar to /tmp/spark-fbaadb03-390d-47b6-8faa-d6154f7e304a/userFiles-37917240-1261-4699-b5d7-4a6c607cd10f/org.xerial.snappy_snappy-java-1.1.8.2.jar
[2023-01-26T20:21:35.826+0000] {spark_submit.py:495} INFO - 23/01/26 20:21:35 INFO SparkContext: Added file file:///home/***/.ivy2/jars/org.slf4j_slf4j-api-1.7.30.jar at file:///home/***/.ivy2/jars/org.slf4j_slf4j-api-1.7.30.jar with timestamp 1674764494662
[2023-01-26T20:21:35.826+0000] {spark_submit.py:495} INFO - 23/01/26 20:21:35 INFO Utils: Copying /home/***/.ivy2/jars/org.slf4j_slf4j-api-1.7.30.jar to /tmp/spark-fbaadb03-390d-47b6-8faa-d6154f7e304a/userFiles-37917240-1261-4699-b5d7-4a6c607cd10f/org.slf4j_slf4j-api-1.7.30.jar
[2023-01-26T20:21:35.835+0000] {spark_submit.py:495} INFO - 23/01/26 20:21:35 INFO SparkContext: Added file file:///home/***/.ivy2/jars/org.mongodb_mongodb-driver-sync-4.0.5.jar at file:///home/***/.ivy2/jars/org.mongodb_mongodb-driver-sync-4.0.5.jar with timestamp 1674764494662
[2023-01-26T20:21:35.835+0000] {spark_submit.py:495} INFO - 23/01/26 20:21:35 INFO Utils: Copying /home/***/.ivy2/jars/org.mongodb_mongodb-driver-sync-4.0.5.jar to /tmp/spark-fbaadb03-390d-47b6-8faa-d6154f7e304a/userFiles-37917240-1261-4699-b5d7-4a6c607cd10f/org.mongodb_mongodb-driver-sync-4.0.5.jar
[2023-01-26T20:21:35.842+0000] {spark_submit.py:495} INFO - 23/01/26 20:21:35 INFO SparkContext: Added file file:///home/***/.ivy2/jars/org.mongodb_bson-4.0.5.jar at file:///home/***/.ivy2/jars/org.mongodb_bson-4.0.5.jar with timestamp 1674764494662
[2023-01-26T20:21:35.842+0000] {spark_submit.py:495} INFO - 23/01/26 20:21:35 INFO Utils: Copying /home/***/.ivy2/jars/org.mongodb_bson-4.0.5.jar to /tmp/spark-fbaadb03-390d-47b6-8faa-d6154f7e304a/userFiles-37917240-1261-4699-b5d7-4a6c607cd10f/org.mongodb_bson-4.0.5.jar
[2023-01-26T20:21:35.854+0000] {spark_submit.py:495} INFO - 23/01/26 20:21:35 INFO SparkContext: Added file file:///home/***/.ivy2/jars/org.mongodb_mongodb-driver-core-4.0.5.jar at file:///home/***/.ivy2/jars/org.mongodb_mongodb-driver-core-4.0.5.jar with timestamp 1674764494662
[2023-01-26T20:21:35.854+0000] {spark_submit.py:495} INFO - 23/01/26 20:21:35 INFO Utils: Copying /home/***/.ivy2/jars/org.mongodb_mongodb-driver-core-4.0.5.jar to /tmp/spark-fbaadb03-390d-47b6-8faa-d6154f7e304a/userFiles-37917240-1261-4699-b5d7-4a6c607cd10f/org.mongodb_mongodb-driver-core-4.0.5.jar
[2023-01-26T20:21:35.916+0000] {spark_submit.py:495} INFO - 23/01/26 20:21:35 INFO Executor: Starting executor ID driver on host f1cbb5df32e6
[2023-01-26T20:21:35.922+0000] {spark_submit.py:495} INFO - 23/01/26 20:21:35 INFO Executor: Starting executor with user classpath (userClassPathFirst = false): ''
[2023-01-26T20:21:35.930+0000] {spark_submit.py:495} INFO - 23/01/26 20:21:35 INFO Executor: Fetching file:///home/***/.ivy2/jars/org.apache.spark_spark-token-provider-kafka-0-10_2.12-3.1.3.jar with timestamp 1674764494662
[2023-01-26T20:21:35.946+0000] {spark_submit.py:495} INFO - 23/01/26 20:21:35 INFO Utils: /home/***/.ivy2/jars/org.apache.spark_spark-token-provider-kafka-0-10_2.12-3.1.3.jar has been previously copied to /tmp/spark-fbaadb03-390d-47b6-8faa-d6154f7e304a/userFiles-37917240-1261-4699-b5d7-4a6c607cd10f/org.apache.spark_spark-token-provider-kafka-0-10_2.12-3.1.3.jar
[2023-01-26T20:21:35.949+0000] {spark_submit.py:495} INFO - 23/01/26 20:21:35 INFO Executor: Fetching file:///home/***/.ivy2/jars/org.mongodb_mongodb-driver-sync-4.0.5.jar with timestamp 1674764494662
[2023-01-26T20:21:35.950+0000] {spark_submit.py:495} INFO - 23/01/26 20:21:35 INFO Utils: /home/***/.ivy2/jars/org.mongodb_mongodb-driver-sync-4.0.5.jar has been previously copied to /tmp/spark-fbaadb03-390d-47b6-8faa-d6154f7e304a/userFiles-37917240-1261-4699-b5d7-4a6c607cd10f/org.mongodb_mongodb-driver-sync-4.0.5.jar
[2023-01-26T20:21:35.956+0000] {spark_submit.py:495} INFO - 23/01/26 20:21:35 INFO Executor: Fetching file:///home/***/.ivy2/jars/org.apache.kafka_kafka-clients-2.6.0.jar with timestamp 1674764494662
[2023-01-26T20:21:35.963+0000] {spark_submit.py:495} INFO - 23/01/26 20:21:35 INFO Utils: /home/***/.ivy2/jars/org.apache.kafka_kafka-clients-2.6.0.jar has been previously copied to /tmp/spark-fbaadb03-390d-47b6-8faa-d6154f7e304a/userFiles-37917240-1261-4699-b5d7-4a6c607cd10f/org.apache.kafka_kafka-clients-2.6.0.jar
[2023-01-26T20:21:35.967+0000] {spark_submit.py:495} INFO - 23/01/26 20:21:35 INFO Executor: Fetching file:///home/***/.ivy2/jars/org.mongodb_bson-4.0.5.jar with timestamp 1674764494662
[2023-01-26T20:21:35.967+0000] {spark_submit.py:495} INFO - 23/01/26 20:21:35 INFO Utils: /home/***/.ivy2/jars/org.mongodb_bson-4.0.5.jar has been previously copied to /tmp/spark-fbaadb03-390d-47b6-8faa-d6154f7e304a/userFiles-37917240-1261-4699-b5d7-4a6c607cd10f/org.mongodb_bson-4.0.5.jar
[2023-01-26T20:21:35.975+0000] {spark_submit.py:495} INFO - 23/01/26 20:21:35 INFO Executor: Fetching file:///home/***/.ivy2/jars/com.github.luben_zstd-jni-1.4.8-1.jar with timestamp 1674764494662
[2023-01-26T20:21:35.981+0000] {spark_submit.py:495} INFO - 23/01/26 20:21:35 INFO Utils: /home/***/.ivy2/jars/com.github.luben_zstd-jni-1.4.8-1.jar has been previously copied to /tmp/spark-fbaadb03-390d-47b6-8faa-d6154f7e304a/userFiles-37917240-1261-4699-b5d7-4a6c607cd10f/com.github.luben_zstd-jni-1.4.8-1.jar
[2023-01-26T20:21:35.985+0000] {spark_submit.py:495} INFO - 23/01/26 20:21:35 INFO Executor: Fetching file:///home/***/.ivy2/jars/org.lz4_lz4-java-1.7.1.jar with timestamp 1674764494662
[2023-01-26T20:21:35.987+0000] {spark_submit.py:495} INFO - 23/01/26 20:21:35 INFO Utils: /home/***/.ivy2/jars/org.lz4_lz4-java-1.7.1.jar has been previously copied to /tmp/spark-fbaadb03-390d-47b6-8faa-d6154f7e304a/userFiles-37917240-1261-4699-b5d7-4a6c607cd10f/org.lz4_lz4-java-1.7.1.jar
[2023-01-26T20:21:35.990+0000] {spark_submit.py:495} INFO - 23/01/26 20:21:35 INFO Executor: Fetching file:///home/***/.ivy2/jars/org.spark-project.spark_unused-1.0.0.jar with timestamp 1674764494662
[2023-01-26T20:21:35.990+0000] {spark_submit.py:495} INFO - 23/01/26 20:21:35 INFO Utils: /home/***/.ivy2/jars/org.spark-project.spark_unused-1.0.0.jar has been previously copied to /tmp/spark-fbaadb03-390d-47b6-8faa-d6154f7e304a/userFiles-37917240-1261-4699-b5d7-4a6c607cd10f/org.spark-project.spark_unused-1.0.0.jar
[2023-01-26T20:21:35.993+0000] {spark_submit.py:495} INFO - 23/01/26 20:21:35 INFO Executor: Fetching file:///home/***/.ivy2/jars/org.xerial.snappy_snappy-java-1.1.8.2.jar with timestamp 1674764494662
[2023-01-26T20:21:35.997+0000] {spark_submit.py:495} INFO - 23/01/26 20:21:35 INFO Utils: /home/***/.ivy2/jars/org.xerial.snappy_snappy-java-1.1.8.2.jar has been previously copied to /tmp/spark-fbaadb03-390d-47b6-8faa-d6154f7e304a/userFiles-37917240-1261-4699-b5d7-4a6c607cd10f/org.xerial.snappy_snappy-java-1.1.8.2.jar
[2023-01-26T20:21:35.999+0000] {spark_submit.py:495} INFO - 23/01/26 20:21:35 INFO Executor: Fetching file:///home/***/.ivy2/jars/org.mongodb_mongodb-driver-core-4.0.5.jar with timestamp 1674764494662
[2023-01-26T20:21:36.002+0000] {spark_submit.py:495} INFO - 23/01/26 20:21:36 INFO Utils: /home/***/.ivy2/jars/org.mongodb_mongodb-driver-core-4.0.5.jar has been previously copied to /tmp/spark-fbaadb03-390d-47b6-8faa-d6154f7e304a/userFiles-37917240-1261-4699-b5d7-4a6c607cd10f/org.mongodb_mongodb-driver-core-4.0.5.jar
[2023-01-26T20:21:36.005+0000] {spark_submit.py:495} INFO - 23/01/26 20:21:36 INFO Executor: Fetching file:///home/***/.ivy2/jars/org.apache.spark_spark-sql-kafka-0-10_2.12-3.1.3.jar with timestamp 1674764494662
[2023-01-26T20:21:36.006+0000] {spark_submit.py:495} INFO - 23/01/26 20:21:36 INFO Utils: /home/***/.ivy2/jars/org.apache.spark_spark-sql-kafka-0-10_2.12-3.1.3.jar has been previously copied to /tmp/spark-fbaadb03-390d-47b6-8faa-d6154f7e304a/userFiles-37917240-1261-4699-b5d7-4a6c607cd10f/org.apache.spark_spark-sql-kafka-0-10_2.12-3.1.3.jar
[2023-01-26T20:21:36.010+0000] {spark_submit.py:495} INFO - 23/01/26 20:21:36 INFO Executor: Fetching file:///home/***/.ivy2/jars/org.mongodb.spark_mongo-spark-connector_2.12-3.0.1.jar with timestamp 1674764494662
[2023-01-26T20:21:36.011+0000] {spark_submit.py:495} INFO - 23/01/26 20:21:36 INFO Utils: /home/***/.ivy2/jars/org.mongodb.spark_mongo-spark-connector_2.12-3.0.1.jar has been previously copied to /tmp/spark-fbaadb03-390d-47b6-8faa-d6154f7e304a/userFiles-37917240-1261-4699-b5d7-4a6c607cd10f/org.mongodb.spark_mongo-spark-connector_2.12-3.0.1.jar
[2023-01-26T20:21:36.014+0000] {spark_submit.py:495} INFO - 23/01/26 20:21:36 INFO Executor: Fetching file:///home/***/.ivy2/jars/org.apache.commons_commons-pool2-2.6.2.jar with timestamp 1674764494662
[2023-01-26T20:21:36.014+0000] {spark_submit.py:495} INFO - 23/01/26 20:21:36 INFO Utils: /home/***/.ivy2/jars/org.apache.commons_commons-pool2-2.6.2.jar has been previously copied to /tmp/spark-fbaadb03-390d-47b6-8faa-d6154f7e304a/userFiles-37917240-1261-4699-b5d7-4a6c607cd10f/org.apache.commons_commons-pool2-2.6.2.jar
[2023-01-26T20:21:36.029+0000] {spark_submit.py:495} INFO - 23/01/26 20:21:36 INFO Executor: Fetching file:///home/***/.ivy2/jars/org.slf4j_slf4j-api-1.7.30.jar with timestamp 1674764494662
[2023-01-26T20:21:36.029+0000] {spark_submit.py:495} INFO - 23/01/26 20:21:36 INFO Utils: /home/***/.ivy2/jars/org.slf4j_slf4j-api-1.7.30.jar has been previously copied to /tmp/spark-fbaadb03-390d-47b6-8faa-d6154f7e304a/userFiles-37917240-1261-4699-b5d7-4a6c607cd10f/org.slf4j_slf4j-api-1.7.30.jar
[2023-01-26T20:21:36.035+0000] {spark_submit.py:495} INFO - 23/01/26 20:21:36 INFO Executor: Fetching spark://f1cbb5df32e6:37155/jars/com.github.luben_zstd-jni-1.4.8-1.jar with timestamp 1674764494662
[2023-01-26T20:21:36.093+0000] {spark_submit.py:495} INFO - 23/01/26 20:21:36 INFO TransportClientFactory: Successfully created connection to f1cbb5df32e6/172.23.0.4:37155 after 36 ms (0 ms spent in bootstraps)
[2023-01-26T20:21:36.107+0000] {spark_submit.py:495} INFO - 23/01/26 20:21:36 INFO Utils: Fetching spark://f1cbb5df32e6:37155/jars/com.github.luben_zstd-jni-1.4.8-1.jar to /tmp/spark-fbaadb03-390d-47b6-8faa-d6154f7e304a/userFiles-37917240-1261-4699-b5d7-4a6c607cd10f/fetchFileTemp13940159417904187570.tmp
[2023-01-26T20:21:36.176+0000] {spark_submit.py:495} INFO - 23/01/26 20:21:36 INFO Utils: /tmp/spark-fbaadb03-390d-47b6-8faa-d6154f7e304a/userFiles-37917240-1261-4699-b5d7-4a6c607cd10f/fetchFileTemp13940159417904187570.tmp has been previously copied to /tmp/spark-fbaadb03-390d-47b6-8faa-d6154f7e304a/userFiles-37917240-1261-4699-b5d7-4a6c607cd10f/com.github.luben_zstd-jni-1.4.8-1.jar
[2023-01-26T20:21:36.180+0000] {spark_submit.py:495} INFO - 23/01/26 20:21:36 INFO Executor: Adding file:/tmp/spark-fbaadb03-390d-47b6-8faa-d6154f7e304a/userFiles-37917240-1261-4699-b5d7-4a6c607cd10f/com.github.luben_zstd-jni-1.4.8-1.jar to class loader
[2023-01-26T20:21:36.181+0000] {spark_submit.py:495} INFO - 23/01/26 20:21:36 INFO Executor: Fetching spark://f1cbb5df32e6:37155/jars/org.mongodb.spark_mongo-spark-connector_2.12-3.0.1.jar with timestamp 1674764494662
[2023-01-26T20:21:36.182+0000] {spark_submit.py:495} INFO - 23/01/26 20:21:36 INFO Utils: Fetching spark://f1cbb5df32e6:37155/jars/org.mongodb.spark_mongo-spark-connector_2.12-3.0.1.jar to /tmp/spark-fbaadb03-390d-47b6-8faa-d6154f7e304a/userFiles-37917240-1261-4699-b5d7-4a6c607cd10f/fetchFileTemp17706013965970370547.tmp
[2023-01-26T20:21:36.185+0000] {spark_submit.py:495} INFO - 23/01/26 20:21:36 INFO Utils: /tmp/spark-fbaadb03-390d-47b6-8faa-d6154f7e304a/userFiles-37917240-1261-4699-b5d7-4a6c607cd10f/fetchFileTemp17706013965970370547.tmp has been previously copied to /tmp/spark-fbaadb03-390d-47b6-8faa-d6154f7e304a/userFiles-37917240-1261-4699-b5d7-4a6c607cd10f/org.mongodb.spark_mongo-spark-connector_2.12-3.0.1.jar
[2023-01-26T20:21:36.189+0000] {spark_submit.py:495} INFO - 23/01/26 20:21:36 INFO Executor: Adding file:/tmp/spark-fbaadb03-390d-47b6-8faa-d6154f7e304a/userFiles-37917240-1261-4699-b5d7-4a6c607cd10f/org.mongodb.spark_mongo-spark-connector_2.12-3.0.1.jar to class loader
[2023-01-26T20:21:36.190+0000] {spark_submit.py:495} INFO - 23/01/26 20:21:36 INFO Executor: Fetching spark://f1cbb5df32e6:37155/jars/org.apache.kafka_kafka-clients-2.6.0.jar with timestamp 1674764494662
[2023-01-26T20:21:36.192+0000] {spark_submit.py:495} INFO - 23/01/26 20:21:36 INFO Utils: Fetching spark://f1cbb5df32e6:37155/jars/org.apache.kafka_kafka-clients-2.6.0.jar to /tmp/spark-fbaadb03-390d-47b6-8faa-d6154f7e304a/userFiles-37917240-1261-4699-b5d7-4a6c607cd10f/fetchFileTemp11392058401894041582.tmp
[2023-01-26T20:21:36.207+0000] {spark_submit.py:495} INFO - 23/01/26 20:21:36 INFO Utils: /tmp/spark-fbaadb03-390d-47b6-8faa-d6154f7e304a/userFiles-37917240-1261-4699-b5d7-4a6c607cd10f/fetchFileTemp11392058401894041582.tmp has been previously copied to /tmp/spark-fbaadb03-390d-47b6-8faa-d6154f7e304a/userFiles-37917240-1261-4699-b5d7-4a6c607cd10f/org.apache.kafka_kafka-clients-2.6.0.jar
[2023-01-26T20:21:36.286+0000] {spark_submit.py:495} INFO - 23/01/26 20:21:36 INFO Executor: Adding file:/tmp/spark-fbaadb03-390d-47b6-8faa-d6154f7e304a/userFiles-37917240-1261-4699-b5d7-4a6c607cd10f/org.apache.kafka_kafka-clients-2.6.0.jar to class loader
[2023-01-26T20:21:36.287+0000] {spark_submit.py:495} INFO - 23/01/26 20:21:36 INFO Executor: Fetching spark://f1cbb5df32e6:37155/jars/org.mongodb_mongodb-driver-sync-4.0.5.jar with timestamp 1674764494662
[2023-01-26T20:21:36.294+0000] {spark_submit.py:495} INFO - 23/01/26 20:21:36 INFO Utils: Fetching spark://f1cbb5df32e6:37155/jars/org.mongodb_mongodb-driver-sync-4.0.5.jar to /tmp/spark-fbaadb03-390d-47b6-8faa-d6154f7e304a/userFiles-37917240-1261-4699-b5d7-4a6c607cd10f/fetchFileTemp13132073645057778243.tmp
[2023-01-26T20:21:36.318+0000] {spark_submit.py:495} INFO - 23/01/26 20:21:36 INFO Utils: /tmp/spark-fbaadb03-390d-47b6-8faa-d6154f7e304a/userFiles-37917240-1261-4699-b5d7-4a6c607cd10f/fetchFileTemp13132073645057778243.tmp has been previously copied to /tmp/spark-fbaadb03-390d-47b6-8faa-d6154f7e304a/userFiles-37917240-1261-4699-b5d7-4a6c607cd10f/org.mongodb_mongodb-driver-sync-4.0.5.jar
[2023-01-26T20:21:36.331+0000] {spark_submit.py:495} INFO - 23/01/26 20:21:36 INFO Executor: Adding file:/tmp/spark-fbaadb03-390d-47b6-8faa-d6154f7e304a/userFiles-37917240-1261-4699-b5d7-4a6c607cd10f/org.mongodb_mongodb-driver-sync-4.0.5.jar to class loader
[2023-01-26T20:21:36.332+0000] {spark_submit.py:495} INFO - 23/01/26 20:21:36 INFO Executor: Fetching spark://f1cbb5df32e6:37155/jars/org.apache.commons_commons-pool2-2.6.2.jar with timestamp 1674764494662
[2023-01-26T20:21:36.333+0000] {spark_submit.py:495} INFO - 23/01/26 20:21:36 INFO Utils: Fetching spark://f1cbb5df32e6:37155/jars/org.apache.commons_commons-pool2-2.6.2.jar to /tmp/spark-fbaadb03-390d-47b6-8faa-d6154f7e304a/userFiles-37917240-1261-4699-b5d7-4a6c607cd10f/fetchFileTemp12741562427822525689.tmp
[2023-01-26T20:21:36.339+0000] {spark_submit.py:495} INFO - 23/01/26 20:21:36 INFO Utils: /tmp/spark-fbaadb03-390d-47b6-8faa-d6154f7e304a/userFiles-37917240-1261-4699-b5d7-4a6c607cd10f/fetchFileTemp12741562427822525689.tmp has been previously copied to /tmp/spark-fbaadb03-390d-47b6-8faa-d6154f7e304a/userFiles-37917240-1261-4699-b5d7-4a6c607cd10f/org.apache.commons_commons-pool2-2.6.2.jar
[2023-01-26T20:21:36.352+0000] {spark_submit.py:495} INFO - 23/01/26 20:21:36 INFO Executor: Adding file:/tmp/spark-fbaadb03-390d-47b6-8faa-d6154f7e304a/userFiles-37917240-1261-4699-b5d7-4a6c607cd10f/org.apache.commons_commons-pool2-2.6.2.jar to class loader
[2023-01-26T20:21:36.353+0000] {spark_submit.py:495} INFO - 23/01/26 20:21:36 INFO Executor: Fetching spark://f1cbb5df32e6:37155/jars/org.spark-project.spark_unused-1.0.0.jar with timestamp 1674764494662
[2023-01-26T20:21:36.354+0000] {spark_submit.py:495} INFO - 23/01/26 20:21:36 INFO Utils: Fetching spark://f1cbb5df32e6:37155/jars/org.spark-project.spark_unused-1.0.0.jar to /tmp/spark-fbaadb03-390d-47b6-8faa-d6154f7e304a/userFiles-37917240-1261-4699-b5d7-4a6c607cd10f/fetchFileTemp9923589338469778208.tmp
[2023-01-26T20:21:36.360+0000] {spark_submit.py:495} INFO - 23/01/26 20:21:36 INFO Utils: /tmp/spark-fbaadb03-390d-47b6-8faa-d6154f7e304a/userFiles-37917240-1261-4699-b5d7-4a6c607cd10f/fetchFileTemp9923589338469778208.tmp has been previously copied to /tmp/spark-fbaadb03-390d-47b6-8faa-d6154f7e304a/userFiles-37917240-1261-4699-b5d7-4a6c607cd10f/org.spark-project.spark_unused-1.0.0.jar
[2023-01-26T20:21:36.370+0000] {spark_submit.py:495} INFO - 23/01/26 20:21:36 INFO Executor: Adding file:/tmp/spark-fbaadb03-390d-47b6-8faa-d6154f7e304a/userFiles-37917240-1261-4699-b5d7-4a6c607cd10f/org.spark-project.spark_unused-1.0.0.jar to class loader
[2023-01-26T20:21:36.371+0000] {spark_submit.py:495} INFO - 23/01/26 20:21:36 INFO Executor: Fetching spark://f1cbb5df32e6:37155/jars/org.mongodb_mongodb-driver-core-4.0.5.jar with timestamp 1674764494662
[2023-01-26T20:21:36.372+0000] {spark_submit.py:495} INFO - 23/01/26 20:21:36 INFO Utils: Fetching spark://f1cbb5df32e6:37155/jars/org.mongodb_mongodb-driver-core-4.0.5.jar to /tmp/spark-fbaadb03-390d-47b6-8faa-d6154f7e304a/userFiles-37917240-1261-4699-b5d7-4a6c607cd10f/fetchFileTemp1327033896672220045.tmp
[2023-01-26T20:21:36.399+0000] {spark_submit.py:495} INFO - 23/01/26 20:21:36 INFO Utils: /tmp/spark-fbaadb03-390d-47b6-8faa-d6154f7e304a/userFiles-37917240-1261-4699-b5d7-4a6c607cd10f/fetchFileTemp1327033896672220045.tmp has been previously copied to /tmp/spark-fbaadb03-390d-47b6-8faa-d6154f7e304a/userFiles-37917240-1261-4699-b5d7-4a6c607cd10f/org.mongodb_mongodb-driver-core-4.0.5.jar
[2023-01-26T20:21:36.414+0000] {spark_submit.py:495} INFO - 23/01/26 20:21:36 INFO Executor: Adding file:/tmp/spark-fbaadb03-390d-47b6-8faa-d6154f7e304a/userFiles-37917240-1261-4699-b5d7-4a6c607cd10f/org.mongodb_mongodb-driver-core-4.0.5.jar to class loader
[2023-01-26T20:21:36.415+0000] {spark_submit.py:495} INFO - 23/01/26 20:21:36 INFO Executor: Fetching spark://f1cbb5df32e6:37155/jars/org.xerial.snappy_snappy-java-1.1.8.2.jar with timestamp 1674764494662
[2023-01-26T20:21:36.416+0000] {spark_submit.py:495} INFO - 23/01/26 20:21:36 INFO Utils: Fetching spark://f1cbb5df32e6:37155/jars/org.xerial.snappy_snappy-java-1.1.8.2.jar to /tmp/spark-fbaadb03-390d-47b6-8faa-d6154f7e304a/userFiles-37917240-1261-4699-b5d7-4a6c607cd10f/fetchFileTemp3187347886000931021.tmp
[2023-01-26T20:21:36.444+0000] {spark_submit.py:495} INFO - 23/01/26 20:21:36 INFO Utils: /tmp/spark-fbaadb03-390d-47b6-8faa-d6154f7e304a/userFiles-37917240-1261-4699-b5d7-4a6c607cd10f/fetchFileTemp3187347886000931021.tmp has been previously copied to /tmp/spark-fbaadb03-390d-47b6-8faa-d6154f7e304a/userFiles-37917240-1261-4699-b5d7-4a6c607cd10f/org.xerial.snappy_snappy-java-1.1.8.2.jar
[2023-01-26T20:21:36.456+0000] {spark_submit.py:495} INFO - 23/01/26 20:21:36 INFO Executor: Adding file:/tmp/spark-fbaadb03-390d-47b6-8faa-d6154f7e304a/userFiles-37917240-1261-4699-b5d7-4a6c607cd10f/org.xerial.snappy_snappy-java-1.1.8.2.jar to class loader
[2023-01-26T20:21:36.457+0000] {spark_submit.py:495} INFO - 23/01/26 20:21:36 INFO Executor: Fetching spark://f1cbb5df32e6:37155/jars/org.apache.spark_spark-sql-kafka-0-10_2.12-3.1.3.jar with timestamp 1674764494662
[2023-01-26T20:21:36.458+0000] {spark_submit.py:495} INFO - 23/01/26 20:21:36 INFO Utils: Fetching spark://f1cbb5df32e6:37155/jars/org.apache.spark_spark-sql-kafka-0-10_2.12-3.1.3.jar to /tmp/spark-fbaadb03-390d-47b6-8faa-d6154f7e304a/userFiles-37917240-1261-4699-b5d7-4a6c607cd10f/fetchFileTemp363814600447631498.tmp
[2023-01-26T20:21:36.472+0000] {spark_submit.py:495} INFO - 23/01/26 20:21:36 INFO Utils: /tmp/spark-fbaadb03-390d-47b6-8faa-d6154f7e304a/userFiles-37917240-1261-4699-b5d7-4a6c607cd10f/fetchFileTemp363814600447631498.tmp has been previously copied to /tmp/spark-fbaadb03-390d-47b6-8faa-d6154f7e304a/userFiles-37917240-1261-4699-b5d7-4a6c607cd10f/org.apache.spark_spark-sql-kafka-0-10_2.12-3.1.3.jar
[2023-01-26T20:21:36.486+0000] {spark_submit.py:495} INFO - 23/01/26 20:21:36 INFO Executor: Adding file:/tmp/spark-fbaadb03-390d-47b6-8faa-d6154f7e304a/userFiles-37917240-1261-4699-b5d7-4a6c607cd10f/org.apache.spark_spark-sql-kafka-0-10_2.12-3.1.3.jar to class loader
[2023-01-26T20:21:36.487+0000] {spark_submit.py:495} INFO - 23/01/26 20:21:36 INFO Executor: Fetching spark://f1cbb5df32e6:37155/jars/org.mongodb_bson-4.0.5.jar with timestamp 1674764494662
[2023-01-26T20:21:36.490+0000] {spark_submit.py:495} INFO - 23/01/26 20:21:36 INFO Utils: Fetching spark://f1cbb5df32e6:37155/jars/org.mongodb_bson-4.0.5.jar to /tmp/spark-fbaadb03-390d-47b6-8faa-d6154f7e304a/userFiles-37917240-1261-4699-b5d7-4a6c607cd10f/fetchFileTemp15701634487758146203.tmp
[2023-01-26T20:21:36.499+0000] {spark_submit.py:495} INFO - 23/01/26 20:21:36 INFO Utils: /tmp/spark-fbaadb03-390d-47b6-8faa-d6154f7e304a/userFiles-37917240-1261-4699-b5d7-4a6c607cd10f/fetchFileTemp15701634487758146203.tmp has been previously copied to /tmp/spark-fbaadb03-390d-47b6-8faa-d6154f7e304a/userFiles-37917240-1261-4699-b5d7-4a6c607cd10f/org.mongodb_bson-4.0.5.jar
[2023-01-26T20:21:36.510+0000] {spark_submit.py:495} INFO - 23/01/26 20:21:36 INFO Executor: Adding file:/tmp/spark-fbaadb03-390d-47b6-8faa-d6154f7e304a/userFiles-37917240-1261-4699-b5d7-4a6c607cd10f/org.mongodb_bson-4.0.5.jar to class loader
[2023-01-26T20:21:36.511+0000] {spark_submit.py:495} INFO - 23/01/26 20:21:36 INFO Executor: Fetching spark://f1cbb5df32e6:37155/jars/org.lz4_lz4-java-1.7.1.jar with timestamp 1674764494662
[2023-01-26T20:21:36.512+0000] {spark_submit.py:495} INFO - 23/01/26 20:21:36 INFO Utils: Fetching spark://f1cbb5df32e6:37155/jars/org.lz4_lz4-java-1.7.1.jar to /tmp/spark-fbaadb03-390d-47b6-8faa-d6154f7e304a/userFiles-37917240-1261-4699-b5d7-4a6c607cd10f/fetchFileTemp12645839319943775662.tmp
[2023-01-26T20:21:36.519+0000] {spark_submit.py:495} INFO - 23/01/26 20:21:36 INFO Utils: /tmp/spark-fbaadb03-390d-47b6-8faa-d6154f7e304a/userFiles-37917240-1261-4699-b5d7-4a6c607cd10f/fetchFileTemp12645839319943775662.tmp has been previously copied to /tmp/spark-fbaadb03-390d-47b6-8faa-d6154f7e304a/userFiles-37917240-1261-4699-b5d7-4a6c607cd10f/org.lz4_lz4-java-1.7.1.jar
[2023-01-26T20:21:36.524+0000] {spark_submit.py:495} INFO - 23/01/26 20:21:36 INFO Executor: Adding file:/tmp/spark-fbaadb03-390d-47b6-8faa-d6154f7e304a/userFiles-37917240-1261-4699-b5d7-4a6c607cd10f/org.lz4_lz4-java-1.7.1.jar to class loader
[2023-01-26T20:21:36.525+0000] {spark_submit.py:495} INFO - 23/01/26 20:21:36 INFO Executor: Fetching spark://f1cbb5df32e6:37155/jars/org.slf4j_slf4j-api-1.7.30.jar with timestamp 1674764494662
[2023-01-26T20:21:36.526+0000] {spark_submit.py:495} INFO - 23/01/26 20:21:36 INFO Utils: Fetching spark://f1cbb5df32e6:37155/jars/org.slf4j_slf4j-api-1.7.30.jar to /tmp/spark-fbaadb03-390d-47b6-8faa-d6154f7e304a/userFiles-37917240-1261-4699-b5d7-4a6c607cd10f/fetchFileTemp7567171449606998130.tmp
[2023-01-26T20:21:36.528+0000] {spark_submit.py:495} INFO - 23/01/26 20:21:36 INFO Utils: /tmp/spark-fbaadb03-390d-47b6-8faa-d6154f7e304a/userFiles-37917240-1261-4699-b5d7-4a6c607cd10f/fetchFileTemp7567171449606998130.tmp has been previously copied to /tmp/spark-fbaadb03-390d-47b6-8faa-d6154f7e304a/userFiles-37917240-1261-4699-b5d7-4a6c607cd10f/org.slf4j_slf4j-api-1.7.30.jar
[2023-01-26T20:21:36.534+0000] {spark_submit.py:495} INFO - 23/01/26 20:21:36 INFO Executor: Adding file:/tmp/spark-fbaadb03-390d-47b6-8faa-d6154f7e304a/userFiles-37917240-1261-4699-b5d7-4a6c607cd10f/org.slf4j_slf4j-api-1.7.30.jar to class loader
[2023-01-26T20:21:36.535+0000] {spark_submit.py:495} INFO - 23/01/26 20:21:36 INFO Executor: Fetching spark://f1cbb5df32e6:37155/jars/org.apache.spark_spark-token-provider-kafka-0-10_2.12-3.1.3.jar with timestamp 1674764494662
[2023-01-26T20:21:36.535+0000] {spark_submit.py:495} INFO - 23/01/26 20:21:36 INFO Utils: Fetching spark://f1cbb5df32e6:37155/jars/org.apache.spark_spark-token-provider-kafka-0-10_2.12-3.1.3.jar to /tmp/spark-fbaadb03-390d-47b6-8faa-d6154f7e304a/userFiles-37917240-1261-4699-b5d7-4a6c607cd10f/fetchFileTemp6298137636730988932.tmp
[2023-01-26T20:21:36.538+0000] {spark_submit.py:495} INFO - 23/01/26 20:21:36 INFO Utils: /tmp/spark-fbaadb03-390d-47b6-8faa-d6154f7e304a/userFiles-37917240-1261-4699-b5d7-4a6c607cd10f/fetchFileTemp6298137636730988932.tmp has been previously copied to /tmp/spark-fbaadb03-390d-47b6-8faa-d6154f7e304a/userFiles-37917240-1261-4699-b5d7-4a6c607cd10f/org.apache.spark_spark-token-provider-kafka-0-10_2.12-3.1.3.jar
[2023-01-26T20:21:36.543+0000] {spark_submit.py:495} INFO - 23/01/26 20:21:36 INFO Executor: Adding file:/tmp/spark-fbaadb03-390d-47b6-8faa-d6154f7e304a/userFiles-37917240-1261-4699-b5d7-4a6c607cd10f/org.apache.spark_spark-token-provider-kafka-0-10_2.12-3.1.3.jar to class loader
[2023-01-26T20:21:36.553+0000] {spark_submit.py:495} INFO - 23/01/26 20:21:36 INFO Utils: Successfully started service 'org.apache.spark.network.netty.NettyBlockTransferService' on port 42371.
[2023-01-26T20:21:36.553+0000] {spark_submit.py:495} INFO - 23/01/26 20:21:36 INFO NettyBlockTransferService: Server created on f1cbb5df32e6:42371
[2023-01-26T20:21:36.555+0000] {spark_submit.py:495} INFO - 23/01/26 20:21:36 INFO BlockManager: Using org.apache.spark.storage.RandomBlockReplicationPolicy for block replication policy
[2023-01-26T20:21:36.565+0000] {spark_submit.py:495} INFO - 23/01/26 20:21:36 INFO BlockManagerMaster: Registering BlockManager BlockManagerId(driver, f1cbb5df32e6, 42371, None)
[2023-01-26T20:21:36.569+0000] {spark_submit.py:495} INFO - 23/01/26 20:21:36 INFO BlockManagerMasterEndpoint: Registering block manager f1cbb5df32e6:42371 with 434.4 MiB RAM, BlockManagerId(driver, f1cbb5df32e6, 42371, None)
[2023-01-26T20:21:36.572+0000] {spark_submit.py:495} INFO - 23/01/26 20:21:36 INFO BlockManagerMaster: Registered BlockManager BlockManagerId(driver, f1cbb5df32e6, 42371, None)
[2023-01-26T20:21:36.574+0000] {spark_submit.py:495} INFO - 23/01/26 20:21:36 INFO BlockManager: Initialized BlockManager: BlockManagerId(driver, f1cbb5df32e6, 42371, None)
[2023-01-26T20:21:40.201+0000] {local_task_job.py:207} WARNING - Recorded pid 13940 does not match the current pid 13752
[2023-01-26T20:21:40.202+0000] {process_utils.py:133} INFO - Sending Signals.SIGTERM to group 13752. PIDs of all processes in the group: [13756, 13808, 13752]
[2023-01-26T20:21:40.202+0000] {process_utils.py:84} INFO - Sending the signal Signals.SIGTERM to group 13752
[2023-01-26T20:21:40.203+0000] {taskinstance.py:1483} ERROR - Received SIGTERM. Terminating subprocesses.
[2023-01-26T20:21:40.204+0000] {spark_submit.py:620} INFO - Sending kill signal to spark-submit
[2023-01-26T20:21:40.235+0000] {taskinstance.py:1772} ERROR - Task failed with exception
Traceback (most recent call last):
  File "/home/airflow/.local/lib/python3.7/site-packages/airflow/providers/apache/spark/operators/spark_submit.py", line 157, in execute
    self._hook.submit(self._application)
  File "/home/airflow/.local/lib/python3.7/site-packages/airflow/providers/apache/spark/hooks/spark_submit.py", line 414, in submit
    self._process_spark_submit_log(iter(self._submit_sp.stdout))  # type: ignore
  File "/home/airflow/.local/lib/python3.7/site-packages/airflow/providers/apache/spark/hooks/spark_submit.py", line 463, in _process_spark_submit_log
    for line in itr:
  File "/home/airflow/.local/lib/python3.7/site-packages/airflow/models/taskinstance.py", line 1485, in signal_handler
    raise AirflowException("Task received SIGTERM signal")
airflow.exceptions.AirflowException: Task received SIGTERM signal
[2023-01-26T20:21:40.242+0000] {taskinstance.py:1327} INFO - Marking task as UP_FOR_RETRY. dag_id=Streaming_pipeline_meli, task_id=consumer_data_of_topic, execution_date=20230123T220304, start_date=20230126T202137, end_date=20230126T202140
[2023-01-26T20:21:40.277+0000] {standard_task_runner.py:105} ERROR - Failed to execute job 1052 for task consumer_data_of_topic (Task received SIGTERM signal; 13752)
[2023-01-26T20:21:40.294+0000] {process_utils.py:79} INFO - Process psutil.Process(pid=13752, status='terminated', exitcode=1, started='20:21:29') (13752) terminated with exit code 1
[2023-01-26T20:21:40.294+0000] {process_utils.py:79} INFO - Process psutil.Process(pid=13756, status='terminated', started='20:21:29') (13756) terminated with exit code None
[2023-01-26T20:21:40.294+0000] {process_utils.py:79} INFO - Process psutil.Process(pid=13808, status='terminated', started='20:21:32') (13808) terminated with exit code None
