[2023-01-26T18:10:57.197+0000] {taskinstance.py:1087} INFO - Dependencies all met for <TaskInstance: Streaming_pipeline_meli.consumer_data_of_topic manual__2023-01-23T22:03:04.495188+00:00 [queued]>
[2023-01-26T18:10:57.215+0000] {taskinstance.py:1087} INFO - Dependencies all met for <TaskInstance: Streaming_pipeline_meli.consumer_data_of_topic manual__2023-01-23T22:03:04.495188+00:00 [queued]>
[2023-01-26T18:10:57.215+0000] {taskinstance.py:1283} INFO - 
--------------------------------------------------------------------------------
[2023-01-26T18:10:57.216+0000] {taskinstance.py:1284} INFO - Starting attempt 239 of 244
[2023-01-26T18:10:57.216+0000] {taskinstance.py:1285} INFO - 
--------------------------------------------------------------------------------
[2023-01-26T18:10:57.237+0000] {taskinstance.py:1304} INFO - Executing <Task(SparkSubmitOperator): consumer_data_of_topic> on 2023-01-23 22:03:04.495188+00:00
[2023-01-26T18:10:57.242+0000] {standard_task_runner.py:55} INFO - Started process 1874 to run task
[2023-01-26T18:10:57.244+0000] {standard_task_runner.py:82} INFO - Running: ['***', 'tasks', 'run', 'Streaming_pipeline_meli', 'consumer_data_of_topic', 'manual__2023-01-23T22:03:04.495188+00:00', '--job-id', '1042', '--raw', '--subdir', 'DAGS_FOLDER/producer_dag.py', '--cfg-path', '/tmp/tmpiabo10ds']
[2023-01-26T18:10:57.245+0000] {standard_task_runner.py:83} INFO - Job 1042: Subtask consumer_data_of_topic
[2023-01-26T18:10:57.304+0000] {task_command.py:389} INFO - Running <TaskInstance: Streaming_pipeline_meli.consumer_data_of_topic manual__2023-01-23T22:03:04.495188+00:00 [running]> on host f1cbb5df32e6
[2023-01-26T18:10:57.383+0000] {taskinstance.py:1513} INFO - Exporting the following env vars:
AIRFLOW_CTX_DAG_OWNER=***
AIRFLOW_CTX_DAG_ID=Streaming_pipeline_meli
AIRFLOW_CTX_TASK_ID=consumer_data_of_topic
AIRFLOW_CTX_EXECUTION_DATE=2023-01-23T22:03:04.495188+00:00
AIRFLOW_CTX_TRY_NUMBER=239
AIRFLOW_CTX_DAG_RUN_ID=manual__2023-01-23T22:03:04.495188+00:00
[2023-01-26T18:10:57.394+0000] {base.py:73} INFO - Using connection ID 'spark_default' for task execution.
[2023-01-26T18:10:57.395+0000] {spark_submit.py:344} INFO - Spark-Submit cmd: spark-submit --master spark://tomi-H310:7077 --packages org.apache.spark:spark-sql-kafka-0-10_2.12:3.1.3,org.mongodb.spark:mongo-spark-connector_2.12:3.0.1 --name arrow-spark --queue root.default /opt/***/dags/consumerSpark.py
[2023-01-26T18:10:57.506+0000] {spark_submit.py:495} INFO - /home/***/.local/lib/python3.7/site-packages/pyspark/bin/load-spark-env.sh: line 68: ps: command not found
[2023-01-26T18:10:59.346+0000] {spark_submit.py:495} INFO - :: loading settings :: url = jar:file:/home/***/.local/lib/python3.7/site-packages/pyspark/jars/ivy-2.5.0.jar!/org/apache/ivy/core/settings/ivysettings.xml
[2023-01-26T18:10:59.446+0000] {spark_submit.py:495} INFO - Ivy Default Cache set to: /home/***/.ivy2/cache
[2023-01-26T18:10:59.446+0000] {spark_submit.py:495} INFO - The jars for the packages stored in: /home/***/.ivy2/jars
[2023-01-26T18:10:59.452+0000] {spark_submit.py:495} INFO - org.apache.spark#spark-sql-kafka-0-10_2.12 added as a dependency
[2023-01-26T18:10:59.452+0000] {spark_submit.py:495} INFO - org.mongodb.spark#mongo-spark-connector_2.12 added as a dependency
[2023-01-26T18:10:59.454+0000] {spark_submit.py:495} INFO - :: resolving dependencies :: org.apache.spark#spark-submit-parent-eeb9b9b7-ea28-47c3-8506-06ab4e4e1d9f;1.0
[2023-01-26T18:10:59.454+0000] {spark_submit.py:495} INFO - confs: [default]
[2023-01-26T18:10:59.633+0000] {spark_submit.py:495} INFO - found org.apache.spark#spark-sql-kafka-0-10_2.12;3.1.3 in central
[2023-01-26T18:10:59.718+0000] {spark_submit.py:495} INFO - found org.apache.spark#spark-token-provider-kafka-0-10_2.12;3.1.3 in central
[2023-01-26T18:10:59.762+0000] {spark_submit.py:495} INFO - found org.apache.kafka#kafka-clients;2.6.0 in central
[2023-01-26T18:10:59.789+0000] {spark_submit.py:495} INFO - found com.github.luben#zstd-jni;1.4.8-1 in central
[2023-01-26T18:10:59.810+0000] {spark_submit.py:495} INFO - found org.lz4#lz4-java;1.7.1 in central
[2023-01-26T18:10:59.834+0000] {spark_submit.py:495} INFO - found org.xerial.snappy#snappy-java;1.1.8.2 in central
[2023-01-26T18:10:59.852+0000] {spark_submit.py:495} INFO - found org.slf4j#slf4j-api;1.7.30 in central
[2023-01-26T18:10:59.865+0000] {spark_submit.py:495} INFO - found org.spark-project.spark#unused;1.0.0 in central
[2023-01-26T18:10:59.878+0000] {spark_submit.py:495} INFO - found org.apache.commons#commons-pool2;2.6.2 in central
[2023-01-26T18:10:59.890+0000] {spark_submit.py:495} INFO - found org.mongodb.spark#mongo-spark-connector_2.12;3.0.1 in central
[2023-01-26T18:10:59.900+0000] {spark_submit.py:495} INFO - found org.mongodb#mongodb-driver-sync;4.0.5 in central
[2023-01-26T18:10:59.910+0000] {spark_submit.py:495} INFO - found org.mongodb#bson;4.0.5 in central
[2023-01-26T18:10:59.920+0000] {spark_submit.py:495} INFO - found org.mongodb#mongodb-driver-core;4.0.5 in central
[2023-01-26T18:10:59.948+0000] {spark_submit.py:495} INFO - :: resolution report :: resolve 478ms :: artifacts dl 17ms
[2023-01-26T18:10:59.949+0000] {spark_submit.py:495} INFO - :: modules in use:
[2023-01-26T18:10:59.949+0000] {spark_submit.py:495} INFO - com.github.luben#zstd-jni;1.4.8-1 from central in [default]
[2023-01-26T18:10:59.949+0000] {spark_submit.py:495} INFO - org.apache.commons#commons-pool2;2.6.2 from central in [default]
[2023-01-26T18:10:59.949+0000] {spark_submit.py:495} INFO - org.apache.kafka#kafka-clients;2.6.0 from central in [default]
[2023-01-26T18:10:59.950+0000] {spark_submit.py:495} INFO - org.apache.spark#spark-sql-kafka-0-10_2.12;3.1.3 from central in [default]
[2023-01-26T18:10:59.950+0000] {spark_submit.py:495} INFO - org.apache.spark#spark-token-provider-kafka-0-10_2.12;3.1.3 from central in [default]
[2023-01-26T18:10:59.950+0000] {spark_submit.py:495} INFO - org.lz4#lz4-java;1.7.1 from central in [default]
[2023-01-26T18:10:59.950+0000] {spark_submit.py:495} INFO - org.mongodb#bson;4.0.5 from central in [default]
[2023-01-26T18:10:59.951+0000] {spark_submit.py:495} INFO - org.mongodb#mongodb-driver-core;4.0.5 from central in [default]
[2023-01-26T18:10:59.951+0000] {spark_submit.py:495} INFO - org.mongodb#mongodb-driver-sync;4.0.5 from central in [default]
[2023-01-26T18:10:59.951+0000] {spark_submit.py:495} INFO - org.mongodb.spark#mongo-spark-connector_2.12;3.0.1 from central in [default]
[2023-01-26T18:10:59.951+0000] {spark_submit.py:495} INFO - org.slf4j#slf4j-api;1.7.30 from central in [default]
[2023-01-26T18:10:59.952+0000] {spark_submit.py:495} INFO - org.spark-project.spark#unused;1.0.0 from central in [default]
[2023-01-26T18:10:59.952+0000] {spark_submit.py:495} INFO - org.xerial.snappy#snappy-java;1.1.8.2 from central in [default]
[2023-01-26T18:10:59.952+0000] {spark_submit.py:495} INFO - ---------------------------------------------------------------------
[2023-01-26T18:10:59.952+0000] {spark_submit.py:495} INFO - |                  |            modules            ||   artifacts   |
[2023-01-26T18:10:59.952+0000] {spark_submit.py:495} INFO - |       conf       | number| search|dwnlded|evicted|| number|dwnlded|
[2023-01-26T18:10:59.953+0000] {spark_submit.py:495} INFO - ---------------------------------------------------------------------
[2023-01-26T18:10:59.953+0000] {spark_submit.py:495} INFO - |      default     |   13  |   0   |   0   |   0   ||   13  |   0   |
[2023-01-26T18:10:59.953+0000] {spark_submit.py:495} INFO - ---------------------------------------------------------------------
[2023-01-26T18:10:59.959+0000] {spark_submit.py:495} INFO - :: retrieving :: org.apache.spark#spark-submit-parent-eeb9b9b7-ea28-47c3-8506-06ab4e4e1d9f
[2023-01-26T18:10:59.960+0000] {spark_submit.py:495} INFO - confs: [default]
[2023-01-26T18:10:59.968+0000] {spark_submit.py:495} INFO - 0 artifacts copied, 13 already retrieved (0kB/8ms)
[2023-01-26T18:11:00.307+0000] {spark_submit.py:495} INFO - 23/01/26 18:11:00 WARN NativeCodeLoader: Unable to load native-hadoop library for your platform... using builtin-java classes where applicable
[2023-01-26T18:11:01.862+0000] {spark_submit.py:495} INFO - 23/01/26 18:11:01 INFO SparkContext: Running Spark version 3.3.1
[2023-01-26T18:11:01.878+0000] {spark_submit.py:495} INFO - 23/01/26 18:11:01 INFO ResourceUtils: ==============================================================
[2023-01-26T18:11:01.878+0000] {spark_submit.py:495} INFO - 23/01/26 18:11:01 INFO ResourceUtils: No custom resources configured for spark.driver.
[2023-01-26T18:11:01.878+0000] {spark_submit.py:495} INFO - 23/01/26 18:11:01 INFO ResourceUtils: ==============================================================
[2023-01-26T18:11:01.879+0000] {spark_submit.py:495} INFO - 23/01/26 18:11:01 INFO SparkContext: Submitted application: arrow-spark
[2023-01-26T18:11:01.895+0000] {spark_submit.py:495} INFO - 23/01/26 18:11:01 INFO ResourceProfile: Default ResourceProfile created, executor resources: Map(cores -> name: cores, amount: 1, script: , vendor: , memory -> name: memory, amount: 1024, script: , vendor: , offHeap -> name: offHeap, amount: 0, script: , vendor: ), task resources: Map(cpus -> name: cpus, amount: 1.0)
[2023-01-26T18:11:01.907+0000] {spark_submit.py:495} INFO - 23/01/26 18:11:01 INFO ResourceProfile: Limiting resource is cpu
[2023-01-26T18:11:01.907+0000] {spark_submit.py:495} INFO - 23/01/26 18:11:01 INFO ResourceProfileManager: Added ResourceProfile id: 0
[2023-01-26T18:11:01.949+0000] {spark_submit.py:495} INFO - 23/01/26 18:11:01 INFO SecurityManager: Changing view acls to: default
[2023-01-26T18:11:01.950+0000] {spark_submit.py:495} INFO - 23/01/26 18:11:01 INFO SecurityManager: Changing modify acls to: default
[2023-01-26T18:11:01.950+0000] {spark_submit.py:495} INFO - 23/01/26 18:11:01 INFO SecurityManager: Changing view acls groups to:
[2023-01-26T18:11:01.950+0000] {spark_submit.py:495} INFO - 23/01/26 18:11:01 INFO SecurityManager: Changing modify acls groups to:
[2023-01-26T18:11:01.951+0000] {spark_submit.py:495} INFO - 23/01/26 18:11:01 INFO SecurityManager: SecurityManager: authentication disabled; ui acls disabled; users  with view permissions: Set(default); groups with view permissions: Set(); users  with modify permissions: Set(default); groups with modify permissions: Set()
[2023-01-26T18:11:02.193+0000] {spark_submit.py:495} INFO - 23/01/26 18:11:02 INFO Utils: Successfully started service 'sparkDriver' on port 32771.
[2023-01-26T18:11:02.218+0000] {spark_submit.py:495} INFO - 23/01/26 18:11:02 INFO SparkEnv: Registering MapOutputTracker
[2023-01-26T18:11:02.245+0000] {spark_submit.py:495} INFO - 23/01/26 18:11:02 INFO SparkEnv: Registering BlockManagerMaster
[2023-01-26T18:11:02.259+0000] {spark_submit.py:495} INFO - 23/01/26 18:11:02 INFO BlockManagerMasterEndpoint: Using org.apache.spark.storage.DefaultTopologyMapper for getting topology information
[2023-01-26T18:11:02.260+0000] {spark_submit.py:495} INFO - 23/01/26 18:11:02 INFO BlockManagerMasterEndpoint: BlockManagerMasterEndpoint up
[2023-01-26T18:11:02.263+0000] {spark_submit.py:495} INFO - 23/01/26 18:11:02 INFO SparkEnv: Registering BlockManagerMasterHeartbeat
[2023-01-26T18:11:02.281+0000] {spark_submit.py:495} INFO - 23/01/26 18:11:02 INFO DiskBlockManager: Created local directory at /tmp/blockmgr-c18d2084-2dd4-4393-b005-bb018e8c7cc8
[2023-01-26T18:11:02.300+0000] {spark_submit.py:495} INFO - 23/01/26 18:11:02 INFO MemoryStore: MemoryStore started with capacity 434.4 MiB
[2023-01-26T18:11:02.325+0000] {spark_submit.py:495} INFO - 23/01/26 18:11:02 INFO SparkEnv: Registering OutputCommitCoordinator
[2023-01-26T18:11:02.493+0000] {spark_submit.py:495} INFO - 23/01/26 18:11:02 INFO Utils: Successfully started service 'SparkUI' on port 4040.
[2023-01-26T18:11:02.525+0000] {spark_submit.py:495} INFO - 23/01/26 18:11:02 INFO SparkContext: Added JAR file:///home/***/.ivy2/jars/org.apache.spark_spark-sql-kafka-0-10_2.12-3.1.3.jar at spark://f1cbb5df32e6:32771/jars/org.apache.spark_spark-sql-kafka-0-10_2.12-3.1.3.jar with timestamp 1674756661856
[2023-01-26T18:11:02.525+0000] {spark_submit.py:495} INFO - 23/01/26 18:11:02 INFO SparkContext: Added JAR file:///home/***/.ivy2/jars/org.mongodb.spark_mongo-spark-connector_2.12-3.0.1.jar at spark://f1cbb5df32e6:32771/jars/org.mongodb.spark_mongo-spark-connector_2.12-3.0.1.jar with timestamp 1674756661856
[2023-01-26T18:11:02.525+0000] {spark_submit.py:495} INFO - 23/01/26 18:11:02 INFO SparkContext: Added JAR file:///home/***/.ivy2/jars/org.apache.spark_spark-token-provider-kafka-0-10_2.12-3.1.3.jar at spark://f1cbb5df32e6:32771/jars/org.apache.spark_spark-token-provider-kafka-0-10_2.12-3.1.3.jar with timestamp 1674756661856
[2023-01-26T18:11:02.525+0000] {spark_submit.py:495} INFO - 23/01/26 18:11:02 INFO SparkContext: Added JAR file:///home/***/.ivy2/jars/org.apache.kafka_kafka-clients-2.6.0.jar at spark://f1cbb5df32e6:32771/jars/org.apache.kafka_kafka-clients-2.6.0.jar with timestamp 1674756661856
[2023-01-26T18:11:02.525+0000] {spark_submit.py:495} INFO - 23/01/26 18:11:02 INFO SparkContext: Added JAR file:///home/***/.ivy2/jars/org.apache.commons_commons-pool2-2.6.2.jar at spark://f1cbb5df32e6:32771/jars/org.apache.commons_commons-pool2-2.6.2.jar with timestamp 1674756661856
[2023-01-26T18:11:02.525+0000] {spark_submit.py:495} INFO - 23/01/26 18:11:02 INFO SparkContext: Added JAR file:///home/***/.ivy2/jars/org.spark-project.spark_unused-1.0.0.jar at spark://f1cbb5df32e6:32771/jars/org.spark-project.spark_unused-1.0.0.jar with timestamp 1674756661856
[2023-01-26T18:11:02.526+0000] {spark_submit.py:495} INFO - 23/01/26 18:11:02 INFO SparkContext: Added JAR file:///home/***/.ivy2/jars/com.github.luben_zstd-jni-1.4.8-1.jar at spark://f1cbb5df32e6:32771/jars/com.github.luben_zstd-jni-1.4.8-1.jar with timestamp 1674756661856
[2023-01-26T18:11:02.526+0000] {spark_submit.py:495} INFO - 23/01/26 18:11:02 INFO SparkContext: Added JAR file:///home/***/.ivy2/jars/org.lz4_lz4-java-1.7.1.jar at spark://f1cbb5df32e6:32771/jars/org.lz4_lz4-java-1.7.1.jar with timestamp 1674756661856
[2023-01-26T18:11:02.526+0000] {spark_submit.py:495} INFO - 23/01/26 18:11:02 INFO SparkContext: Added JAR file:///home/***/.ivy2/jars/org.xerial.snappy_snappy-java-1.1.8.2.jar at spark://f1cbb5df32e6:32771/jars/org.xerial.snappy_snappy-java-1.1.8.2.jar with timestamp 1674756661856
[2023-01-26T18:11:02.526+0000] {spark_submit.py:495} INFO - 23/01/26 18:11:02 INFO SparkContext: Added JAR file:///home/***/.ivy2/jars/org.slf4j_slf4j-api-1.7.30.jar at spark://f1cbb5df32e6:32771/jars/org.slf4j_slf4j-api-1.7.30.jar with timestamp 1674756661856
[2023-01-26T18:11:02.526+0000] {spark_submit.py:495} INFO - 23/01/26 18:11:02 INFO SparkContext: Added JAR file:///home/***/.ivy2/jars/org.mongodb_mongodb-driver-sync-4.0.5.jar at spark://f1cbb5df32e6:32771/jars/org.mongodb_mongodb-driver-sync-4.0.5.jar with timestamp 1674756661856
[2023-01-26T18:11:02.526+0000] {spark_submit.py:495} INFO - 23/01/26 18:11:02 INFO SparkContext: Added JAR file:///home/***/.ivy2/jars/org.mongodb_bson-4.0.5.jar at spark://f1cbb5df32e6:32771/jars/org.mongodb_bson-4.0.5.jar with timestamp 1674756661856
[2023-01-26T18:11:02.526+0000] {spark_submit.py:495} INFO - 23/01/26 18:11:02 INFO SparkContext: Added JAR file:///home/***/.ivy2/jars/org.mongodb_mongodb-driver-core-4.0.5.jar at spark://f1cbb5df32e6:32771/jars/org.mongodb_mongodb-driver-core-4.0.5.jar with timestamp 1674756661856
[2023-01-26T18:11:02.529+0000] {spark_submit.py:495} INFO - 23/01/26 18:11:02 INFO SparkContext: Added file file:///home/***/.ivy2/jars/org.apache.spark_spark-sql-kafka-0-10_2.12-3.1.3.jar at file:///home/***/.ivy2/jars/org.apache.spark_spark-sql-kafka-0-10_2.12-3.1.3.jar with timestamp 1674756661856
[2023-01-26T18:11:02.530+0000] {spark_submit.py:495} INFO - 23/01/26 18:11:02 INFO Utils: Copying /home/***/.ivy2/jars/org.apache.spark_spark-sql-kafka-0-10_2.12-3.1.3.jar to /tmp/spark-5e3d3265-5f05-4606-974a-c75dda25d5de/userFiles-186f7b50-85a0-4585-8bdc-fab2963772e4/org.apache.spark_spark-sql-kafka-0-10_2.12-3.1.3.jar
[2023-01-26T18:11:02.537+0000] {spark_submit.py:495} INFO - 23/01/26 18:11:02 INFO SparkContext: Added file file:///home/***/.ivy2/jars/org.mongodb.spark_mongo-spark-connector_2.12-3.0.1.jar at file:///home/***/.ivy2/jars/org.mongodb.spark_mongo-spark-connector_2.12-3.0.1.jar with timestamp 1674756661856
[2023-01-26T18:11:02.538+0000] {spark_submit.py:495} INFO - 23/01/26 18:11:02 INFO Utils: Copying /home/***/.ivy2/jars/org.mongodb.spark_mongo-spark-connector_2.12-3.0.1.jar to /tmp/spark-5e3d3265-5f05-4606-974a-c75dda25d5de/userFiles-186f7b50-85a0-4585-8bdc-fab2963772e4/org.mongodb.spark_mongo-spark-connector_2.12-3.0.1.jar
[2023-01-26T18:11:02.544+0000] {spark_submit.py:495} INFO - 23/01/26 18:11:02 INFO SparkContext: Added file file:///home/***/.ivy2/jars/org.apache.spark_spark-token-provider-kafka-0-10_2.12-3.1.3.jar at file:///home/***/.ivy2/jars/org.apache.spark_spark-token-provider-kafka-0-10_2.12-3.1.3.jar with timestamp 1674756661856
[2023-01-26T18:11:02.544+0000] {spark_submit.py:495} INFO - 23/01/26 18:11:02 INFO Utils: Copying /home/***/.ivy2/jars/org.apache.spark_spark-token-provider-kafka-0-10_2.12-3.1.3.jar to /tmp/spark-5e3d3265-5f05-4606-974a-c75dda25d5de/userFiles-186f7b50-85a0-4585-8bdc-fab2963772e4/org.apache.spark_spark-token-provider-kafka-0-10_2.12-3.1.3.jar
[2023-01-26T18:11:02.551+0000] {spark_submit.py:495} INFO - 23/01/26 18:11:02 INFO SparkContext: Added file file:///home/***/.ivy2/jars/org.apache.kafka_kafka-clients-2.6.0.jar at file:///home/***/.ivy2/jars/org.apache.kafka_kafka-clients-2.6.0.jar with timestamp 1674756661856
[2023-01-26T18:11:02.551+0000] {spark_submit.py:495} INFO - 23/01/26 18:11:02 INFO Utils: Copying /home/***/.ivy2/jars/org.apache.kafka_kafka-clients-2.6.0.jar to /tmp/spark-5e3d3265-5f05-4606-974a-c75dda25d5de/userFiles-186f7b50-85a0-4585-8bdc-fab2963772e4/org.apache.kafka_kafka-clients-2.6.0.jar
[2023-01-26T18:11:02.563+0000] {spark_submit.py:495} INFO - 23/01/26 18:11:02 INFO SparkContext: Added file file:///home/***/.ivy2/jars/org.apache.commons_commons-pool2-2.6.2.jar at file:///home/***/.ivy2/jars/org.apache.commons_commons-pool2-2.6.2.jar with timestamp 1674756661856
[2023-01-26T18:11:02.563+0000] {spark_submit.py:495} INFO - 23/01/26 18:11:02 INFO Utils: Copying /home/***/.ivy2/jars/org.apache.commons_commons-pool2-2.6.2.jar to /tmp/spark-5e3d3265-5f05-4606-974a-c75dda25d5de/userFiles-186f7b50-85a0-4585-8bdc-fab2963772e4/org.apache.commons_commons-pool2-2.6.2.jar
[2023-01-26T18:11:02.571+0000] {spark_submit.py:495} INFO - 23/01/26 18:11:02 INFO SparkContext: Added file file:///home/***/.ivy2/jars/org.spark-project.spark_unused-1.0.0.jar at file:///home/***/.ivy2/jars/org.spark-project.spark_unused-1.0.0.jar with timestamp 1674756661856
[2023-01-26T18:11:02.571+0000] {spark_submit.py:495} INFO - 23/01/26 18:11:02 INFO Utils: Copying /home/***/.ivy2/jars/org.spark-project.spark_unused-1.0.0.jar to /tmp/spark-5e3d3265-5f05-4606-974a-c75dda25d5de/userFiles-186f7b50-85a0-4585-8bdc-fab2963772e4/org.spark-project.spark_unused-1.0.0.jar
[2023-01-26T18:11:02.571+0000] {spark_submit.py:495} INFO - 23/01/26 18:11:02 INFO SparkContext: Added file file:///home/***/.ivy2/jars/com.github.luben_zstd-jni-1.4.8-1.jar at file:///home/***/.ivy2/jars/com.github.luben_zstd-jni-1.4.8-1.jar with timestamp 1674756661856
[2023-01-26T18:11:02.571+0000] {spark_submit.py:495} INFO - 23/01/26 18:11:02 INFO Utils: Copying /home/***/.ivy2/jars/com.github.luben_zstd-jni-1.4.8-1.jar to /tmp/spark-5e3d3265-5f05-4606-974a-c75dda25d5de/userFiles-186f7b50-85a0-4585-8bdc-fab2963772e4/com.github.luben_zstd-jni-1.4.8-1.jar
[2023-01-26T18:11:02.583+0000] {spark_submit.py:495} INFO - 23/01/26 18:11:02 INFO SparkContext: Added file file:///home/***/.ivy2/jars/org.lz4_lz4-java-1.7.1.jar at file:///home/***/.ivy2/jars/org.lz4_lz4-java-1.7.1.jar with timestamp 1674756661856
[2023-01-26T18:11:02.583+0000] {spark_submit.py:495} INFO - 23/01/26 18:11:02 INFO Utils: Copying /home/***/.ivy2/jars/org.lz4_lz4-java-1.7.1.jar to /tmp/spark-5e3d3265-5f05-4606-974a-c75dda25d5de/userFiles-186f7b50-85a0-4585-8bdc-fab2963772e4/org.lz4_lz4-java-1.7.1.jar
[2023-01-26T18:11:02.586+0000] {spark_submit.py:495} INFO - 23/01/26 18:11:02 INFO SparkContext: Added file file:///home/***/.ivy2/jars/org.xerial.snappy_snappy-java-1.1.8.2.jar at file:///home/***/.ivy2/jars/org.xerial.snappy_snappy-java-1.1.8.2.jar with timestamp 1674756661856
[2023-01-26T18:11:02.586+0000] {spark_submit.py:495} INFO - 23/01/26 18:11:02 INFO Utils: Copying /home/***/.ivy2/jars/org.xerial.snappy_snappy-java-1.1.8.2.jar to /tmp/spark-5e3d3265-5f05-4606-974a-c75dda25d5de/userFiles-186f7b50-85a0-4585-8bdc-fab2963772e4/org.xerial.snappy_snappy-java-1.1.8.2.jar
[2023-01-26T18:11:02.591+0000] {spark_submit.py:495} INFO - 23/01/26 18:11:02 INFO SparkContext: Added file file:///home/***/.ivy2/jars/org.slf4j_slf4j-api-1.7.30.jar at file:///home/***/.ivy2/jars/org.slf4j_slf4j-api-1.7.30.jar with timestamp 1674756661856
[2023-01-26T18:11:02.591+0000] {spark_submit.py:495} INFO - 23/01/26 18:11:02 INFO Utils: Copying /home/***/.ivy2/jars/org.slf4j_slf4j-api-1.7.30.jar to /tmp/spark-5e3d3265-5f05-4606-974a-c75dda25d5de/userFiles-186f7b50-85a0-4585-8bdc-fab2963772e4/org.slf4j_slf4j-api-1.7.30.jar
[2023-01-26T18:11:02.594+0000] {spark_submit.py:495} INFO - 23/01/26 18:11:02 INFO SparkContext: Added file file:///home/***/.ivy2/jars/org.mongodb_mongodb-driver-sync-4.0.5.jar at file:///home/***/.ivy2/jars/org.mongodb_mongodb-driver-sync-4.0.5.jar with timestamp 1674756661856
[2023-01-26T18:11:02.595+0000] {spark_submit.py:495} INFO - 23/01/26 18:11:02 INFO Utils: Copying /home/***/.ivy2/jars/org.mongodb_mongodb-driver-sync-4.0.5.jar to /tmp/spark-5e3d3265-5f05-4606-974a-c75dda25d5de/userFiles-186f7b50-85a0-4585-8bdc-fab2963772e4/org.mongodb_mongodb-driver-sync-4.0.5.jar
[2023-01-26T18:11:02.599+0000] {spark_submit.py:495} INFO - 23/01/26 18:11:02 INFO SparkContext: Added file file:///home/***/.ivy2/jars/org.mongodb_bson-4.0.5.jar at file:///home/***/.ivy2/jars/org.mongodb_bson-4.0.5.jar with timestamp 1674756661856
[2023-01-26T18:11:02.599+0000] {spark_submit.py:495} INFO - 23/01/26 18:11:02 INFO Utils: Copying /home/***/.ivy2/jars/org.mongodb_bson-4.0.5.jar to /tmp/spark-5e3d3265-5f05-4606-974a-c75dda25d5de/userFiles-186f7b50-85a0-4585-8bdc-fab2963772e4/org.mongodb_bson-4.0.5.jar
[2023-01-26T18:11:02.603+0000] {spark_submit.py:495} INFO - 23/01/26 18:11:02 INFO SparkContext: Added file file:///home/***/.ivy2/jars/org.mongodb_mongodb-driver-core-4.0.5.jar at file:///home/***/.ivy2/jars/org.mongodb_mongodb-driver-core-4.0.5.jar with timestamp 1674756661856
[2023-01-26T18:11:02.603+0000] {spark_submit.py:495} INFO - 23/01/26 18:11:02 INFO Utils: Copying /home/***/.ivy2/jars/org.mongodb_mongodb-driver-core-4.0.5.jar to /tmp/spark-5e3d3265-5f05-4606-974a-c75dda25d5de/userFiles-186f7b50-85a0-4585-8bdc-fab2963772e4/org.mongodb_mongodb-driver-core-4.0.5.jar
[2023-01-26T18:11:02.661+0000] {spark_submit.py:495} INFO - 23/01/26 18:11:02 INFO Executor: Starting executor ID driver on host f1cbb5df32e6
[2023-01-26T18:11:02.671+0000] {spark_submit.py:495} INFO - 23/01/26 18:11:02 INFO Executor: Starting executor with user classpath (userClassPathFirst = false): ''
[2023-01-26T18:11:02.679+0000] {spark_submit.py:495} INFO - 23/01/26 18:11:02 INFO Executor: Fetching file:///home/***/.ivy2/jars/org.apache.spark_spark-token-provider-kafka-0-10_2.12-3.1.3.jar with timestamp 1674756661856
[2023-01-26T18:11:02.694+0000] {spark_submit.py:495} INFO - 23/01/26 18:11:02 INFO Utils: /home/***/.ivy2/jars/org.apache.spark_spark-token-provider-kafka-0-10_2.12-3.1.3.jar has been previously copied to /tmp/spark-5e3d3265-5f05-4606-974a-c75dda25d5de/userFiles-186f7b50-85a0-4585-8bdc-fab2963772e4/org.apache.spark_spark-token-provider-kafka-0-10_2.12-3.1.3.jar
[2023-01-26T18:11:02.701+0000] {spark_submit.py:495} INFO - 23/01/26 18:11:02 INFO Executor: Fetching file:///home/***/.ivy2/jars/org.mongodb_mongodb-driver-sync-4.0.5.jar with timestamp 1674756661856
[2023-01-26T18:11:02.701+0000] {spark_submit.py:495} INFO - 23/01/26 18:11:02 INFO Utils: /home/***/.ivy2/jars/org.mongodb_mongodb-driver-sync-4.0.5.jar has been previously copied to /tmp/spark-5e3d3265-5f05-4606-974a-c75dda25d5de/userFiles-186f7b50-85a0-4585-8bdc-fab2963772e4/org.mongodb_mongodb-driver-sync-4.0.5.jar
[2023-01-26T18:11:02.716+0000] {spark_submit.py:495} INFO - 23/01/26 18:11:02 INFO Executor: Fetching file:///home/***/.ivy2/jars/org.apache.kafka_kafka-clients-2.6.0.jar with timestamp 1674756661856
[2023-01-26T18:11:02.720+0000] {spark_submit.py:495} INFO - 23/01/26 18:11:02 INFO Utils: /home/***/.ivy2/jars/org.apache.kafka_kafka-clients-2.6.0.jar has been previously copied to /tmp/spark-5e3d3265-5f05-4606-974a-c75dda25d5de/userFiles-186f7b50-85a0-4585-8bdc-fab2963772e4/org.apache.kafka_kafka-clients-2.6.0.jar
[2023-01-26T18:11:02.726+0000] {spark_submit.py:495} INFO - 23/01/26 18:11:02 INFO Executor: Fetching file:///home/***/.ivy2/jars/org.mongodb_bson-4.0.5.jar with timestamp 1674756661856
[2023-01-26T18:11:02.727+0000] {spark_submit.py:495} INFO - 23/01/26 18:11:02 INFO Utils: /home/***/.ivy2/jars/org.mongodb_bson-4.0.5.jar has been previously copied to /tmp/spark-5e3d3265-5f05-4606-974a-c75dda25d5de/userFiles-186f7b50-85a0-4585-8bdc-fab2963772e4/org.mongodb_bson-4.0.5.jar
[2023-01-26T18:11:02.729+0000] {spark_submit.py:495} INFO - 23/01/26 18:11:02 INFO Executor: Fetching file:///home/***/.ivy2/jars/com.github.luben_zstd-jni-1.4.8-1.jar with timestamp 1674756661856
[2023-01-26T18:11:02.736+0000] {spark_submit.py:495} INFO - 23/01/26 18:11:02 INFO Utils: /home/***/.ivy2/jars/com.github.luben_zstd-jni-1.4.8-1.jar has been previously copied to /tmp/spark-5e3d3265-5f05-4606-974a-c75dda25d5de/userFiles-186f7b50-85a0-4585-8bdc-fab2963772e4/com.github.luben_zstd-jni-1.4.8-1.jar
[2023-01-26T18:11:02.748+0000] {spark_submit.py:495} INFO - 23/01/26 18:11:02 INFO Executor: Fetching file:///home/***/.ivy2/jars/org.lz4_lz4-java-1.7.1.jar with timestamp 1674756661856
[2023-01-26T18:11:02.750+0000] {spark_submit.py:495} INFO - 23/01/26 18:11:02 INFO Utils: /home/***/.ivy2/jars/org.lz4_lz4-java-1.7.1.jar has been previously copied to /tmp/spark-5e3d3265-5f05-4606-974a-c75dda25d5de/userFiles-186f7b50-85a0-4585-8bdc-fab2963772e4/org.lz4_lz4-java-1.7.1.jar
[2023-01-26T18:11:02.752+0000] {spark_submit.py:495} INFO - 23/01/26 18:11:02 INFO Executor: Fetching file:///home/***/.ivy2/jars/org.spark-project.spark_unused-1.0.0.jar with timestamp 1674756661856
[2023-01-26T18:11:02.753+0000] {spark_submit.py:495} INFO - 23/01/26 18:11:02 INFO Utils: /home/***/.ivy2/jars/org.spark-project.spark_unused-1.0.0.jar has been previously copied to /tmp/spark-5e3d3265-5f05-4606-974a-c75dda25d5de/userFiles-186f7b50-85a0-4585-8bdc-fab2963772e4/org.spark-project.spark_unused-1.0.0.jar
[2023-01-26T18:11:02.756+0000] {spark_submit.py:495} INFO - 23/01/26 18:11:02 INFO Executor: Fetching file:///home/***/.ivy2/jars/org.xerial.snappy_snappy-java-1.1.8.2.jar with timestamp 1674756661856
[2023-01-26T18:11:02.757+0000] {spark_submit.py:495} INFO - 23/01/26 18:11:02 INFO Utils: /home/***/.ivy2/jars/org.xerial.snappy_snappy-java-1.1.8.2.jar has been previously copied to /tmp/spark-5e3d3265-5f05-4606-974a-c75dda25d5de/userFiles-186f7b50-85a0-4585-8bdc-fab2963772e4/org.xerial.snappy_snappy-java-1.1.8.2.jar
[2023-01-26T18:11:02.760+0000] {spark_submit.py:495} INFO - 23/01/26 18:11:02 INFO Executor: Fetching file:///home/***/.ivy2/jars/org.mongodb_mongodb-driver-core-4.0.5.jar with timestamp 1674756661856
[2023-01-26T18:11:02.762+0000] {spark_submit.py:495} INFO - 23/01/26 18:11:02 INFO Utils: /home/***/.ivy2/jars/org.mongodb_mongodb-driver-core-4.0.5.jar has been previously copied to /tmp/spark-5e3d3265-5f05-4606-974a-c75dda25d5de/userFiles-186f7b50-85a0-4585-8bdc-fab2963772e4/org.mongodb_mongodb-driver-core-4.0.5.jar
[2023-01-26T18:11:02.764+0000] {spark_submit.py:495} INFO - 23/01/26 18:11:02 INFO Executor: Fetching file:///home/***/.ivy2/jars/org.apache.spark_spark-sql-kafka-0-10_2.12-3.1.3.jar with timestamp 1674756661856
[2023-01-26T18:11:02.765+0000] {spark_submit.py:495} INFO - 23/01/26 18:11:02 INFO Utils: /home/***/.ivy2/jars/org.apache.spark_spark-sql-kafka-0-10_2.12-3.1.3.jar has been previously copied to /tmp/spark-5e3d3265-5f05-4606-974a-c75dda25d5de/userFiles-186f7b50-85a0-4585-8bdc-fab2963772e4/org.apache.spark_spark-sql-kafka-0-10_2.12-3.1.3.jar
[2023-01-26T18:11:02.768+0000] {spark_submit.py:495} INFO - 23/01/26 18:11:02 INFO Executor: Fetching file:///home/***/.ivy2/jars/org.mongodb.spark_mongo-spark-connector_2.12-3.0.1.jar with timestamp 1674756661856
[2023-01-26T18:11:02.768+0000] {spark_submit.py:495} INFO - 23/01/26 18:11:02 INFO Utils: /home/***/.ivy2/jars/org.mongodb.spark_mongo-spark-connector_2.12-3.0.1.jar has been previously copied to /tmp/spark-5e3d3265-5f05-4606-974a-c75dda25d5de/userFiles-186f7b50-85a0-4585-8bdc-fab2963772e4/org.mongodb.spark_mongo-spark-connector_2.12-3.0.1.jar
[2023-01-26T18:11:02.771+0000] {spark_submit.py:495} INFO - 23/01/26 18:11:02 INFO Executor: Fetching file:///home/***/.ivy2/jars/org.apache.commons_commons-pool2-2.6.2.jar with timestamp 1674756661856
[2023-01-26T18:11:02.773+0000] {spark_submit.py:495} INFO - 23/01/26 18:11:02 INFO Utils: /home/***/.ivy2/jars/org.apache.commons_commons-pool2-2.6.2.jar has been previously copied to /tmp/spark-5e3d3265-5f05-4606-974a-c75dda25d5de/userFiles-186f7b50-85a0-4585-8bdc-fab2963772e4/org.apache.commons_commons-pool2-2.6.2.jar
[2023-01-26T18:11:02.776+0000] {spark_submit.py:495} INFO - 23/01/26 18:11:02 INFO Executor: Fetching file:///home/***/.ivy2/jars/org.slf4j_slf4j-api-1.7.30.jar with timestamp 1674756661856
[2023-01-26T18:11:02.778+0000] {spark_submit.py:495} INFO - 23/01/26 18:11:02 INFO Utils: /home/***/.ivy2/jars/org.slf4j_slf4j-api-1.7.30.jar has been previously copied to /tmp/spark-5e3d3265-5f05-4606-974a-c75dda25d5de/userFiles-186f7b50-85a0-4585-8bdc-fab2963772e4/org.slf4j_slf4j-api-1.7.30.jar
[2023-01-26T18:11:02.780+0000] {spark_submit.py:495} INFO - 23/01/26 18:11:02 INFO Executor: Fetching spark://f1cbb5df32e6:32771/jars/org.mongodb_mongodb-driver-sync-4.0.5.jar with timestamp 1674756661856
[2023-01-26T18:11:02.813+0000] {spark_submit.py:495} INFO - 23/01/26 18:11:02 INFO TransportClientFactory: Successfully created connection to f1cbb5df32e6/172.23.0.4:32771 after 24 ms (0 ms spent in bootstraps)
[2023-01-26T18:11:02.817+0000] {spark_submit.py:495} INFO - 23/01/26 18:11:02 INFO Utils: Fetching spark://f1cbb5df32e6:32771/jars/org.mongodb_mongodb-driver-sync-4.0.5.jar to /tmp/spark-5e3d3265-5f05-4606-974a-c75dda25d5de/userFiles-186f7b50-85a0-4585-8bdc-fab2963772e4/fetchFileTemp6881948786773324925.tmp
[2023-01-26T18:11:02.847+0000] {spark_submit.py:495} INFO - 23/01/26 18:11:02 INFO Utils: /tmp/spark-5e3d3265-5f05-4606-974a-c75dda25d5de/userFiles-186f7b50-85a0-4585-8bdc-fab2963772e4/fetchFileTemp6881948786773324925.tmp has been previously copied to /tmp/spark-5e3d3265-5f05-4606-974a-c75dda25d5de/userFiles-186f7b50-85a0-4585-8bdc-fab2963772e4/org.mongodb_mongodb-driver-sync-4.0.5.jar
[2023-01-26T18:11:02.851+0000] {spark_submit.py:495} INFO - 23/01/26 18:11:02 INFO Executor: Adding file:/tmp/spark-5e3d3265-5f05-4606-974a-c75dda25d5de/userFiles-186f7b50-85a0-4585-8bdc-fab2963772e4/org.mongodb_mongodb-driver-sync-4.0.5.jar to class loader
[2023-01-26T18:11:02.852+0000] {spark_submit.py:495} INFO - 23/01/26 18:11:02 INFO Executor: Fetching spark://f1cbb5df32e6:32771/jars/org.spark-project.spark_unused-1.0.0.jar with timestamp 1674756661856
[2023-01-26T18:11:02.852+0000] {spark_submit.py:495} INFO - 23/01/26 18:11:02 INFO Utils: Fetching spark://f1cbb5df32e6:32771/jars/org.spark-project.spark_unused-1.0.0.jar to /tmp/spark-5e3d3265-5f05-4606-974a-c75dda25d5de/userFiles-186f7b50-85a0-4585-8bdc-fab2963772e4/fetchFileTemp659385332087008947.tmp
[2023-01-26T18:11:02.853+0000] {spark_submit.py:495} INFO - 23/01/26 18:11:02 INFO Utils: /tmp/spark-5e3d3265-5f05-4606-974a-c75dda25d5de/userFiles-186f7b50-85a0-4585-8bdc-fab2963772e4/fetchFileTemp659385332087008947.tmp has been previously copied to /tmp/spark-5e3d3265-5f05-4606-974a-c75dda25d5de/userFiles-186f7b50-85a0-4585-8bdc-fab2963772e4/org.spark-project.spark_unused-1.0.0.jar
[2023-01-26T18:11:02.855+0000] {spark_submit.py:495} INFO - 23/01/26 18:11:02 INFO Executor: Adding file:/tmp/spark-5e3d3265-5f05-4606-974a-c75dda25d5de/userFiles-186f7b50-85a0-4585-8bdc-fab2963772e4/org.spark-project.spark_unused-1.0.0.jar to class loader
[2023-01-26T18:11:02.855+0000] {spark_submit.py:495} INFO - 23/01/26 18:11:02 INFO Executor: Fetching spark://f1cbb5df32e6:32771/jars/org.mongodb_bson-4.0.5.jar with timestamp 1674756661856
[2023-01-26T18:11:02.856+0000] {spark_submit.py:495} INFO - 23/01/26 18:11:02 INFO Utils: Fetching spark://f1cbb5df32e6:32771/jars/org.mongodb_bson-4.0.5.jar to /tmp/spark-5e3d3265-5f05-4606-974a-c75dda25d5de/userFiles-186f7b50-85a0-4585-8bdc-fab2963772e4/fetchFileTemp5353348635327784063.tmp
[2023-01-26T18:11:02.860+0000] {spark_submit.py:495} INFO - 23/01/26 18:11:02 INFO Utils: /tmp/spark-5e3d3265-5f05-4606-974a-c75dda25d5de/userFiles-186f7b50-85a0-4585-8bdc-fab2963772e4/fetchFileTemp5353348635327784063.tmp has been previously copied to /tmp/spark-5e3d3265-5f05-4606-974a-c75dda25d5de/userFiles-186f7b50-85a0-4585-8bdc-fab2963772e4/org.mongodb_bson-4.0.5.jar
[2023-01-26T18:11:02.863+0000] {spark_submit.py:495} INFO - 23/01/26 18:11:02 INFO Executor: Adding file:/tmp/spark-5e3d3265-5f05-4606-974a-c75dda25d5de/userFiles-186f7b50-85a0-4585-8bdc-fab2963772e4/org.mongodb_bson-4.0.5.jar to class loader
[2023-01-26T18:11:02.863+0000] {spark_submit.py:495} INFO - 23/01/26 18:11:02 INFO Executor: Fetching spark://f1cbb5df32e6:32771/jars/org.apache.spark_spark-sql-kafka-0-10_2.12-3.1.3.jar with timestamp 1674756661856
[2023-01-26T18:11:02.863+0000] {spark_submit.py:495} INFO - 23/01/26 18:11:02 INFO Utils: Fetching spark://f1cbb5df32e6:32771/jars/org.apache.spark_spark-sql-kafka-0-10_2.12-3.1.3.jar to /tmp/spark-5e3d3265-5f05-4606-974a-c75dda25d5de/userFiles-186f7b50-85a0-4585-8bdc-fab2963772e4/fetchFileTemp14322642163868775875.tmp
[2023-01-26T18:11:02.868+0000] {spark_submit.py:495} INFO - 23/01/26 18:11:02 INFO Utils: /tmp/spark-5e3d3265-5f05-4606-974a-c75dda25d5de/userFiles-186f7b50-85a0-4585-8bdc-fab2963772e4/fetchFileTemp14322642163868775875.tmp has been previously copied to /tmp/spark-5e3d3265-5f05-4606-974a-c75dda25d5de/userFiles-186f7b50-85a0-4585-8bdc-fab2963772e4/org.apache.spark_spark-sql-kafka-0-10_2.12-3.1.3.jar
[2023-01-26T18:11:02.871+0000] {spark_submit.py:495} INFO - 23/01/26 18:11:02 INFO Executor: Adding file:/tmp/spark-5e3d3265-5f05-4606-974a-c75dda25d5de/userFiles-186f7b50-85a0-4585-8bdc-fab2963772e4/org.apache.spark_spark-sql-kafka-0-10_2.12-3.1.3.jar to class loader
[2023-01-26T18:11:02.872+0000] {spark_submit.py:495} INFO - 23/01/26 18:11:02 INFO Executor: Fetching spark://f1cbb5df32e6:32771/jars/org.mongodb_mongodb-driver-core-4.0.5.jar with timestamp 1674756661856
[2023-01-26T18:11:02.872+0000] {spark_submit.py:495} INFO - 23/01/26 18:11:02 INFO Utils: Fetching spark://f1cbb5df32e6:32771/jars/org.mongodb_mongodb-driver-core-4.0.5.jar to /tmp/spark-5e3d3265-5f05-4606-974a-c75dda25d5de/userFiles-186f7b50-85a0-4585-8bdc-fab2963772e4/fetchFileTemp16786315951708600830.tmp
[2023-01-26T18:11:02.878+0000] {spark_submit.py:495} INFO - 23/01/26 18:11:02 INFO Utils: /tmp/spark-5e3d3265-5f05-4606-974a-c75dda25d5de/userFiles-186f7b50-85a0-4585-8bdc-fab2963772e4/fetchFileTemp16786315951708600830.tmp has been previously copied to /tmp/spark-5e3d3265-5f05-4606-974a-c75dda25d5de/userFiles-186f7b50-85a0-4585-8bdc-fab2963772e4/org.mongodb_mongodb-driver-core-4.0.5.jar
[2023-01-26T18:11:02.883+0000] {spark_submit.py:495} INFO - 23/01/26 18:11:02 INFO Executor: Adding file:/tmp/spark-5e3d3265-5f05-4606-974a-c75dda25d5de/userFiles-186f7b50-85a0-4585-8bdc-fab2963772e4/org.mongodb_mongodb-driver-core-4.0.5.jar to class loader
[2023-01-26T18:11:02.883+0000] {spark_submit.py:495} INFO - 23/01/26 18:11:02 INFO Executor: Fetching spark://f1cbb5df32e6:32771/jars/org.mongodb.spark_mongo-spark-connector_2.12-3.0.1.jar with timestamp 1674756661856
[2023-01-26T18:11:02.885+0000] {spark_submit.py:495} INFO - 23/01/26 18:11:02 INFO Utils: Fetching spark://f1cbb5df32e6:32771/jars/org.mongodb.spark_mongo-spark-connector_2.12-3.0.1.jar to /tmp/spark-5e3d3265-5f05-4606-974a-c75dda25d5de/userFiles-186f7b50-85a0-4585-8bdc-fab2963772e4/fetchFileTemp6944049429202713710.tmp
[2023-01-26T18:11:02.887+0000] {spark_submit.py:495} INFO - 23/01/26 18:11:02 INFO Utils: /tmp/spark-5e3d3265-5f05-4606-974a-c75dda25d5de/userFiles-186f7b50-85a0-4585-8bdc-fab2963772e4/fetchFileTemp6944049429202713710.tmp has been previously copied to /tmp/spark-5e3d3265-5f05-4606-974a-c75dda25d5de/userFiles-186f7b50-85a0-4585-8bdc-fab2963772e4/org.mongodb.spark_mongo-spark-connector_2.12-3.0.1.jar
[2023-01-26T18:11:02.889+0000] {spark_submit.py:495} INFO - 23/01/26 18:11:02 INFO Executor: Adding file:/tmp/spark-5e3d3265-5f05-4606-974a-c75dda25d5de/userFiles-186f7b50-85a0-4585-8bdc-fab2963772e4/org.mongodb.spark_mongo-spark-connector_2.12-3.0.1.jar to class loader
[2023-01-26T18:11:02.889+0000] {spark_submit.py:495} INFO - 23/01/26 18:11:02 INFO Executor: Fetching spark://f1cbb5df32e6:32771/jars/org.lz4_lz4-java-1.7.1.jar with timestamp 1674756661856
[2023-01-26T18:11:02.890+0000] {spark_submit.py:495} INFO - 23/01/26 18:11:02 INFO Utils: Fetching spark://f1cbb5df32e6:32771/jars/org.lz4_lz4-java-1.7.1.jar to /tmp/spark-5e3d3265-5f05-4606-974a-c75dda25d5de/userFiles-186f7b50-85a0-4585-8bdc-fab2963772e4/fetchFileTemp7815772778246126023.tmp
[2023-01-26T18:11:02.893+0000] {spark_submit.py:495} INFO - 23/01/26 18:11:02 INFO Utils: /tmp/spark-5e3d3265-5f05-4606-974a-c75dda25d5de/userFiles-186f7b50-85a0-4585-8bdc-fab2963772e4/fetchFileTemp7815772778246126023.tmp has been previously copied to /tmp/spark-5e3d3265-5f05-4606-974a-c75dda25d5de/userFiles-186f7b50-85a0-4585-8bdc-fab2963772e4/org.lz4_lz4-java-1.7.1.jar
[2023-01-26T18:11:02.896+0000] {spark_submit.py:495} INFO - 23/01/26 18:11:02 INFO Executor: Adding file:/tmp/spark-5e3d3265-5f05-4606-974a-c75dda25d5de/userFiles-186f7b50-85a0-4585-8bdc-fab2963772e4/org.lz4_lz4-java-1.7.1.jar to class loader
[2023-01-26T18:11:02.897+0000] {spark_submit.py:495} INFO - 23/01/26 18:11:02 INFO Executor: Fetching spark://f1cbb5df32e6:32771/jars/org.xerial.snappy_snappy-java-1.1.8.2.jar with timestamp 1674756661856
[2023-01-26T18:11:02.897+0000] {spark_submit.py:495} INFO - 23/01/26 18:11:02 INFO Utils: Fetching spark://f1cbb5df32e6:32771/jars/org.xerial.snappy_snappy-java-1.1.8.2.jar to /tmp/spark-5e3d3265-5f05-4606-974a-c75dda25d5de/userFiles-186f7b50-85a0-4585-8bdc-fab2963772e4/fetchFileTemp11803160051346832556.tmp
[2023-01-26T18:11:02.904+0000] {spark_submit.py:495} INFO - 23/01/26 18:11:02 INFO Utils: /tmp/spark-5e3d3265-5f05-4606-974a-c75dda25d5de/userFiles-186f7b50-85a0-4585-8bdc-fab2963772e4/fetchFileTemp11803160051346832556.tmp has been previously copied to /tmp/spark-5e3d3265-5f05-4606-974a-c75dda25d5de/userFiles-186f7b50-85a0-4585-8bdc-fab2963772e4/org.xerial.snappy_snappy-java-1.1.8.2.jar
[2023-01-26T18:11:02.924+0000] {spark_submit.py:495} INFO - 23/01/26 18:11:02 INFO Executor: Adding file:/tmp/spark-5e3d3265-5f05-4606-974a-c75dda25d5de/userFiles-186f7b50-85a0-4585-8bdc-fab2963772e4/org.xerial.snappy_snappy-java-1.1.8.2.jar to class loader
[2023-01-26T18:11:02.925+0000] {spark_submit.py:495} INFO - 23/01/26 18:11:02 INFO Executor: Fetching spark://f1cbb5df32e6:32771/jars/org.apache.commons_commons-pool2-2.6.2.jar with timestamp 1674756661856
[2023-01-26T18:11:02.926+0000] {spark_submit.py:495} INFO - 23/01/26 18:11:02 INFO Utils: Fetching spark://f1cbb5df32e6:32771/jars/org.apache.commons_commons-pool2-2.6.2.jar to /tmp/spark-5e3d3265-5f05-4606-974a-c75dda25d5de/userFiles-186f7b50-85a0-4585-8bdc-fab2963772e4/fetchFileTemp14049810837874699058.tmp
[2023-01-26T18:11:02.932+0000] {spark_submit.py:495} INFO - 23/01/26 18:11:02 INFO Utils: /tmp/spark-5e3d3265-5f05-4606-974a-c75dda25d5de/userFiles-186f7b50-85a0-4585-8bdc-fab2963772e4/fetchFileTemp14049810837874699058.tmp has been previously copied to /tmp/spark-5e3d3265-5f05-4606-974a-c75dda25d5de/userFiles-186f7b50-85a0-4585-8bdc-fab2963772e4/org.apache.commons_commons-pool2-2.6.2.jar
[2023-01-26T18:11:02.943+0000] {spark_submit.py:495} INFO - 23/01/26 18:11:02 INFO Executor: Adding file:/tmp/spark-5e3d3265-5f05-4606-974a-c75dda25d5de/userFiles-186f7b50-85a0-4585-8bdc-fab2963772e4/org.apache.commons_commons-pool2-2.6.2.jar to class loader
[2023-01-26T18:11:02.943+0000] {spark_submit.py:495} INFO - 23/01/26 18:11:02 INFO Executor: Fetching spark://f1cbb5df32e6:32771/jars/com.github.luben_zstd-jni-1.4.8-1.jar with timestamp 1674756661856
[2023-01-26T18:11:02.945+0000] {spark_submit.py:495} INFO - 23/01/26 18:11:02 INFO Utils: Fetching spark://f1cbb5df32e6:32771/jars/com.github.luben_zstd-jni-1.4.8-1.jar to /tmp/spark-5e3d3265-5f05-4606-974a-c75dda25d5de/userFiles-186f7b50-85a0-4585-8bdc-fab2963772e4/fetchFileTemp8899413236936852572.tmp
[2023-01-26T18:11:03.027+0000] {spark_submit.py:495} INFO - 23/01/26 18:11:03 INFO Utils: /tmp/spark-5e3d3265-5f05-4606-974a-c75dda25d5de/userFiles-186f7b50-85a0-4585-8bdc-fab2963772e4/fetchFileTemp8899413236936852572.tmp has been previously copied to /tmp/spark-5e3d3265-5f05-4606-974a-c75dda25d5de/userFiles-186f7b50-85a0-4585-8bdc-fab2963772e4/com.github.luben_zstd-jni-1.4.8-1.jar
[2023-01-26T18:11:03.040+0000] {spark_submit.py:495} INFO - 23/01/26 18:11:03 INFO Executor: Adding file:/tmp/spark-5e3d3265-5f05-4606-974a-c75dda25d5de/userFiles-186f7b50-85a0-4585-8bdc-fab2963772e4/com.github.luben_zstd-jni-1.4.8-1.jar to class loader
[2023-01-26T18:11:03.041+0000] {spark_submit.py:495} INFO - 23/01/26 18:11:03 INFO Executor: Fetching spark://f1cbb5df32e6:32771/jars/org.slf4j_slf4j-api-1.7.30.jar with timestamp 1674756661856
[2023-01-26T18:11:03.043+0000] {spark_submit.py:495} INFO - 23/01/26 18:11:03 INFO Utils: Fetching spark://f1cbb5df32e6:32771/jars/org.slf4j_slf4j-api-1.7.30.jar to /tmp/spark-5e3d3265-5f05-4606-974a-c75dda25d5de/userFiles-186f7b50-85a0-4585-8bdc-fab2963772e4/fetchFileTemp6233444063412692462.tmp
[2023-01-26T18:11:03.047+0000] {spark_submit.py:495} INFO - 23/01/26 18:11:03 INFO Utils: /tmp/spark-5e3d3265-5f05-4606-974a-c75dda25d5de/userFiles-186f7b50-85a0-4585-8bdc-fab2963772e4/fetchFileTemp6233444063412692462.tmp has been previously copied to /tmp/spark-5e3d3265-5f05-4606-974a-c75dda25d5de/userFiles-186f7b50-85a0-4585-8bdc-fab2963772e4/org.slf4j_slf4j-api-1.7.30.jar
[2023-01-26T18:11:03.058+0000] {spark_submit.py:495} INFO - 23/01/26 18:11:03 INFO Executor: Adding file:/tmp/spark-5e3d3265-5f05-4606-974a-c75dda25d5de/userFiles-186f7b50-85a0-4585-8bdc-fab2963772e4/org.slf4j_slf4j-api-1.7.30.jar to class loader
[2023-01-26T18:11:03.058+0000] {spark_submit.py:495} INFO - 23/01/26 18:11:03 INFO Executor: Fetching spark://f1cbb5df32e6:32771/jars/org.apache.spark_spark-token-provider-kafka-0-10_2.12-3.1.3.jar with timestamp 1674756661856
[2023-01-26T18:11:03.059+0000] {spark_submit.py:495} INFO - 23/01/26 18:11:03 INFO Utils: Fetching spark://f1cbb5df32e6:32771/jars/org.apache.spark_spark-token-provider-kafka-0-10_2.12-3.1.3.jar to /tmp/spark-5e3d3265-5f05-4606-974a-c75dda25d5de/userFiles-186f7b50-85a0-4585-8bdc-fab2963772e4/fetchFileTemp3818180446469765273.tmp
[2023-01-26T18:11:03.067+0000] {spark_submit.py:495} INFO - 23/01/26 18:11:03 INFO Utils: /tmp/spark-5e3d3265-5f05-4606-974a-c75dda25d5de/userFiles-186f7b50-85a0-4585-8bdc-fab2963772e4/fetchFileTemp3818180446469765273.tmp has been previously copied to /tmp/spark-5e3d3265-5f05-4606-974a-c75dda25d5de/userFiles-186f7b50-85a0-4585-8bdc-fab2963772e4/org.apache.spark_spark-token-provider-kafka-0-10_2.12-3.1.3.jar
[2023-01-26T18:11:03.080+0000] {spark_submit.py:495} INFO - 23/01/26 18:11:03 INFO Executor: Adding file:/tmp/spark-5e3d3265-5f05-4606-974a-c75dda25d5de/userFiles-186f7b50-85a0-4585-8bdc-fab2963772e4/org.apache.spark_spark-token-provider-kafka-0-10_2.12-3.1.3.jar to class loader
[2023-01-26T18:11:03.081+0000] {spark_submit.py:495} INFO - 23/01/26 18:11:03 INFO Executor: Fetching spark://f1cbb5df32e6:32771/jars/org.apache.kafka_kafka-clients-2.6.0.jar with timestamp 1674756661856
[2023-01-26T18:11:03.082+0000] {spark_submit.py:495} INFO - 23/01/26 18:11:03 INFO Utils: Fetching spark://f1cbb5df32e6:32771/jars/org.apache.kafka_kafka-clients-2.6.0.jar to /tmp/spark-5e3d3265-5f05-4606-974a-c75dda25d5de/userFiles-186f7b50-85a0-4585-8bdc-fab2963772e4/fetchFileTemp16147276297411507026.tmp
[2023-01-26T18:11:03.163+0000] {spark_submit.py:495} INFO - 23/01/26 18:11:03 INFO Utils: /tmp/spark-5e3d3265-5f05-4606-974a-c75dda25d5de/userFiles-186f7b50-85a0-4585-8bdc-fab2963772e4/fetchFileTemp16147276297411507026.tmp has been previously copied to /tmp/spark-5e3d3265-5f05-4606-974a-c75dda25d5de/userFiles-186f7b50-85a0-4585-8bdc-fab2963772e4/org.apache.kafka_kafka-clients-2.6.0.jar
[2023-01-26T18:11:03.173+0000] {spark_submit.py:495} INFO - 23/01/26 18:11:03 INFO Executor: Adding file:/tmp/spark-5e3d3265-5f05-4606-974a-c75dda25d5de/userFiles-186f7b50-85a0-4585-8bdc-fab2963772e4/org.apache.kafka_kafka-clients-2.6.0.jar to class loader
[2023-01-26T18:11:03.205+0000] {spark_submit.py:495} INFO - 23/01/26 18:11:03 INFO Utils: Successfully started service 'org.apache.spark.network.netty.NettyBlockTransferService' on port 45843.
[2023-01-26T18:11:03.206+0000] {spark_submit.py:495} INFO - 23/01/26 18:11:03 INFO NettyBlockTransferService: Server created on f1cbb5df32e6:45843
[2023-01-26T18:11:03.207+0000] {spark_submit.py:495} INFO - 23/01/26 18:11:03 INFO BlockManager: Using org.apache.spark.storage.RandomBlockReplicationPolicy for block replication policy
[2023-01-26T18:11:03.223+0000] {spark_submit.py:495} INFO - 23/01/26 18:11:03 INFO BlockManagerMaster: Registering BlockManager BlockManagerId(driver, f1cbb5df32e6, 45843, None)
[2023-01-26T18:11:03.228+0000] {spark_submit.py:495} INFO - 23/01/26 18:11:03 INFO BlockManagerMasterEndpoint: Registering block manager f1cbb5df32e6:45843 with 434.4 MiB RAM, BlockManagerId(driver, f1cbb5df32e6, 45843, None)
[2023-01-26T18:11:03.230+0000] {spark_submit.py:495} INFO - 23/01/26 18:11:03 INFO BlockManagerMaster: Registered BlockManager BlockManagerId(driver, f1cbb5df32e6, 45843, None)
[2023-01-26T18:11:03.231+0000] {spark_submit.py:495} INFO - 23/01/26 18:11:03 INFO BlockManager: Initialized BlockManager: BlockManagerId(driver, f1cbb5df32e6, 45843, None)
[2023-01-26T18:11:06.528+0000] {spark_submit.py:495} INFO - [[34m2023-01-26 18:11:06,526[0m] {[34mjava_gateway.py:[0m2270} INFO[0m - Callback Server Starting[0m
[2023-01-26T18:11:06.529+0000] {spark_submit.py:495} INFO - [[34m2023-01-26 18:11:06,528[0m] {[34mjava_gateway.py:[0m2274} INFO[0m - Socket listening on ('127.0.0.1', 34491)[0m
[2023-01-26T18:11:07.402+0000] {local_task_job.py:224} WARNING - State of this instance has been externally set to up_for_retry. Terminating instance.
[2023-01-26T18:11:07.405+0000] {process_utils.py:133} INFO - Sending Signals.SIGTERM to group 1874. PIDs of all processes in the group: [1875, 1928, 1874]
[2023-01-26T18:11:07.406+0000] {process_utils.py:84} INFO - Sending the signal Signals.SIGTERM to group 1874
[2023-01-26T18:11:07.406+0000] {taskinstance.py:1483} ERROR - Received SIGTERM. Terminating subprocesses.
[2023-01-26T18:11:07.406+0000] {spark_submit.py:620} INFO - Sending kill signal to spark-submit
[2023-01-26T18:11:07.424+0000] {taskinstance.py:1772} ERROR - Task failed with exception
Traceback (most recent call last):
  File "/home/airflow/.local/lib/python3.7/site-packages/airflow/providers/apache/spark/operators/spark_submit.py", line 157, in execute
    self._hook.submit(self._application)
  File "/home/airflow/.local/lib/python3.7/site-packages/airflow/providers/apache/spark/hooks/spark_submit.py", line 414, in submit
    self._process_spark_submit_log(iter(self._submit_sp.stdout))  # type: ignore
  File "/home/airflow/.local/lib/python3.7/site-packages/airflow/providers/apache/spark/hooks/spark_submit.py", line 463, in _process_spark_submit_log
    for line in itr:
  File "/home/airflow/.local/lib/python3.7/site-packages/airflow/models/taskinstance.py", line 1485, in signal_handler
    raise AirflowException("Task received SIGTERM signal")
airflow.exceptions.AirflowException: Task received SIGTERM signal
[2023-01-26T18:11:07.442+0000] {taskinstance.py:1327} INFO - Marking task as UP_FOR_RETRY. dag_id=Streaming_pipeline_meli, task_id=consumer_data_of_topic, execution_date=20230123T220304, start_date=20230126T181057, end_date=20230126T181107
[2023-01-26T18:11:07.471+0000] {standard_task_runner.py:105} ERROR - Failed to execute job 1042 for task consumer_data_of_topic (Task received SIGTERM signal; 1874)
[2023-01-26T18:11:07.512+0000] {process_utils.py:79} INFO - Process psutil.Process(pid=1875, status='terminated', started='18:10:56') (1875) terminated with exit code None
[2023-01-26T18:11:07.513+0000] {process_utils.py:79} INFO - Process psutil.Process(pid=1874, status='terminated', exitcode=1, started='18:10:56') (1874) terminated with exit code 1
[2023-01-26T18:11:07.513+0000] {process_utils.py:79} INFO - Process psutil.Process(pid=1928, status='terminated', started='18:10:59') (1928) terminated with exit code None
