[2023-01-26T19:46:41.265+0000] {taskinstance.py:1087} INFO - Dependencies all met for <TaskInstance: Streaming_pipeline_meli.consumer_data_of_topic manual__2023-01-23T22:03:04.495188+00:00 [queued]>
[2023-01-26T19:46:41.277+0000] {taskinstance.py:1087} INFO - Dependencies all met for <TaskInstance: Streaming_pipeline_meli.consumer_data_of_topic manual__2023-01-23T22:03:04.495188+00:00 [queued]>
[2023-01-26T19:46:41.277+0000] {taskinstance.py:1283} INFO - 
--------------------------------------------------------------------------------
[2023-01-26T19:46:41.277+0000] {taskinstance.py:1284} INFO - Starting attempt 246 of 251
[2023-01-26T19:46:41.277+0000] {taskinstance.py:1285} INFO - 
--------------------------------------------------------------------------------
[2023-01-26T19:46:41.292+0000] {taskinstance.py:1304} INFO - Executing <Task(SparkSubmitOperator): consumer_data_of_topic> on 2023-01-23 22:03:04.495188+00:00
[2023-01-26T19:46:41.297+0000] {standard_task_runner.py:55} INFO - Started process 10768 to run task
[2023-01-26T19:46:41.301+0000] {standard_task_runner.py:82} INFO - Running: ['***', 'tasks', 'run', 'Streaming_pipeline_meli', 'consumer_data_of_topic', 'manual__2023-01-23T22:03:04.495188+00:00', '--job-id', '1050', '--raw', '--subdir', 'DAGS_FOLDER/producer_dag.py', '--cfg-path', '/tmp/tmpjec8ospt']
[2023-01-26T19:46:41.301+0000] {standard_task_runner.py:83} INFO - Job 1050: Subtask consumer_data_of_topic
[2023-01-26T19:46:41.363+0000] {task_command.py:389} INFO - Running <TaskInstance: Streaming_pipeline_meli.consumer_data_of_topic manual__2023-01-23T22:03:04.495188+00:00 [running]> on host f1cbb5df32e6
[2023-01-26T19:46:41.424+0000] {taskinstance.py:1513} INFO - Exporting the following env vars:
AIRFLOW_CTX_DAG_OWNER=***
AIRFLOW_CTX_DAG_ID=Streaming_pipeline_meli
AIRFLOW_CTX_TASK_ID=consumer_data_of_topic
AIRFLOW_CTX_EXECUTION_DATE=2023-01-23T22:03:04.495188+00:00
AIRFLOW_CTX_TRY_NUMBER=246
AIRFLOW_CTX_DAG_RUN_ID=manual__2023-01-23T22:03:04.495188+00:00
[2023-01-26T19:46:41.432+0000] {base.py:73} INFO - Using connection ID 'spark_default' for task execution.
[2023-01-26T19:46:41.433+0000] {spark_submit.py:344} INFO - Spark-Submit cmd: spark-submit --master spark://tomi-H310:7077 --packages org.apache.spark:spark-sql-kafka-0-10_2.12:3.1.3,org.mongodb.spark:mongo-spark-connector_2.12:3.0.1 --name arrow-spark --queue root.default /opt/***/dags/consumerSpark.py
[2023-01-26T19:46:41.549+0000] {spark_submit.py:495} INFO - /home/***/.local/lib/python3.7/site-packages/pyspark/bin/load-spark-env.sh: line 68: ps: command not found
[2023-01-26T19:46:43.709+0000] {spark_submit.py:495} INFO - :: loading settings :: url = jar:file:/home/***/.local/lib/python3.7/site-packages/pyspark/jars/ivy-2.5.0.jar!/org/apache/ivy/core/settings/ivysettings.xml
[2023-01-26T19:46:43.813+0000] {spark_submit.py:495} INFO - Ivy Default Cache set to: /home/***/.ivy2/cache
[2023-01-26T19:46:43.813+0000] {spark_submit.py:495} INFO - The jars for the packages stored in: /home/***/.ivy2/jars
[2023-01-26T19:46:43.829+0000] {spark_submit.py:495} INFO - org.apache.spark#spark-sql-kafka-0-10_2.12 added as a dependency
[2023-01-26T19:46:43.829+0000] {spark_submit.py:495} INFO - org.mongodb.spark#mongo-spark-connector_2.12 added as a dependency
[2023-01-26T19:46:43.831+0000] {spark_submit.py:495} INFO - :: resolving dependencies :: org.apache.spark#spark-submit-parent-7beca55c-8e1f-4b0c-b911-1645e154a2af;1.0
[2023-01-26T19:46:43.832+0000] {spark_submit.py:495} INFO - confs: [default]
[2023-01-26T19:46:44.055+0000] {spark_submit.py:495} INFO - found org.apache.spark#spark-sql-kafka-0-10_2.12;3.1.3 in central
[2023-01-26T19:46:44.164+0000] {spark_submit.py:495} INFO - found org.apache.spark#spark-token-provider-kafka-0-10_2.12;3.1.3 in central
[2023-01-26T19:46:44.200+0000] {spark_submit.py:495} INFO - found org.apache.kafka#kafka-clients;2.6.0 in central
[2023-01-26T19:46:44.232+0000] {spark_submit.py:495} INFO - found com.github.luben#zstd-jni;1.4.8-1 in central
[2023-01-26T19:46:44.266+0000] {spark_submit.py:495} INFO - found org.lz4#lz4-java;1.7.1 in central
[2023-01-26T19:46:44.316+0000] {spark_submit.py:495} INFO - found org.xerial.snappy#snappy-java;1.1.8.2 in central
[2023-01-26T19:46:44.337+0000] {spark_submit.py:495} INFO - found org.slf4j#slf4j-api;1.7.30 in central
[2023-01-26T19:46:44.358+0000] {spark_submit.py:495} INFO - found org.spark-project.spark#unused;1.0.0 in central
[2023-01-26T19:46:44.371+0000] {spark_submit.py:495} INFO - found org.apache.commons#commons-pool2;2.6.2 in central
[2023-01-26T19:46:44.381+0000] {spark_submit.py:495} INFO - found org.mongodb.spark#mongo-spark-connector_2.12;3.0.1 in central
[2023-01-26T19:46:44.394+0000] {spark_submit.py:495} INFO - found org.mongodb#mongodb-driver-sync;4.0.5 in central
[2023-01-26T19:46:44.408+0000] {spark_submit.py:495} INFO - found org.mongodb#bson;4.0.5 in central
[2023-01-26T19:46:44.417+0000] {spark_submit.py:495} INFO - found org.mongodb#mongodb-driver-core;4.0.5 in central
[2023-01-26T19:46:44.461+0000] {spark_submit.py:495} INFO - :: resolution report :: resolve 611ms :: artifacts dl 14ms
[2023-01-26T19:46:44.462+0000] {spark_submit.py:495} INFO - :: modules in use:
[2023-01-26T19:46:44.462+0000] {spark_submit.py:495} INFO - com.github.luben#zstd-jni;1.4.8-1 from central in [default]
[2023-01-26T19:46:44.463+0000] {spark_submit.py:495} INFO - org.apache.commons#commons-pool2;2.6.2 from central in [default]
[2023-01-26T19:46:44.468+0000] {spark_submit.py:495} INFO - org.apache.kafka#kafka-clients;2.6.0 from central in [default]
[2023-01-26T19:46:44.468+0000] {spark_submit.py:495} INFO - org.apache.spark#spark-sql-kafka-0-10_2.12;3.1.3 from central in [default]
[2023-01-26T19:46:44.470+0000] {spark_submit.py:495} INFO - org.apache.spark#spark-token-provider-kafka-0-10_2.12;3.1.3 from central in [default]
[2023-01-26T19:46:44.470+0000] {spark_submit.py:495} INFO - org.lz4#lz4-java;1.7.1 from central in [default]
[2023-01-26T19:46:44.471+0000] {spark_submit.py:495} INFO - org.mongodb#bson;4.0.5 from central in [default]
[2023-01-26T19:46:44.472+0000] {spark_submit.py:495} INFO - org.mongodb#mongodb-driver-core;4.0.5 from central in [default]
[2023-01-26T19:46:44.472+0000] {spark_submit.py:495} INFO - org.mongodb#mongodb-driver-sync;4.0.5 from central in [default]
[2023-01-26T19:46:44.472+0000] {spark_submit.py:495} INFO - org.mongodb.spark#mongo-spark-connector_2.12;3.0.1 from central in [default]
[2023-01-26T19:46:44.472+0000] {spark_submit.py:495} INFO - org.slf4j#slf4j-api;1.7.30 from central in [default]
[2023-01-26T19:46:44.473+0000] {spark_submit.py:495} INFO - org.spark-project.spark#unused;1.0.0 from central in [default]
[2023-01-26T19:46:44.473+0000] {spark_submit.py:495} INFO - org.xerial.snappy#snappy-java;1.1.8.2 from central in [default]
[2023-01-26T19:46:44.473+0000] {spark_submit.py:495} INFO - ---------------------------------------------------------------------
[2023-01-26T19:46:44.473+0000] {spark_submit.py:495} INFO - |                  |            modules            ||   artifacts   |
[2023-01-26T19:46:44.474+0000] {spark_submit.py:495} INFO - |       conf       | number| search|dwnlded|evicted|| number|dwnlded|
[2023-01-26T19:46:44.475+0000] {spark_submit.py:495} INFO - ---------------------------------------------------------------------
[2023-01-26T19:46:44.475+0000] {spark_submit.py:495} INFO - |      default     |   13  |   0   |   0   |   0   ||   13  |   0   |
[2023-01-26T19:46:44.475+0000] {spark_submit.py:495} INFO - ---------------------------------------------------------------------
[2023-01-26T19:46:44.484+0000] {spark_submit.py:495} INFO - :: retrieving :: org.apache.spark#spark-submit-parent-7beca55c-8e1f-4b0c-b911-1645e154a2af
[2023-01-26T19:46:44.486+0000] {spark_submit.py:495} INFO - confs: [default]
[2023-01-26T19:46:44.497+0000] {spark_submit.py:495} INFO - 0 artifacts copied, 13 already retrieved (0kB/11ms)
[2023-01-26T19:46:44.723+0000] {spark_submit.py:495} INFO - 23/01/26 19:46:44 WARN NativeCodeLoader: Unable to load native-hadoop library for your platform... using builtin-java classes where applicable
[2023-01-26T19:46:46.183+0000] {spark_submit.py:495} INFO - 23/01/26 19:46:46 INFO SparkContext: Running Spark version 3.3.1
[2023-01-26T19:46:46.200+0000] {spark_submit.py:495} INFO - 23/01/26 19:46:46 INFO ResourceUtils: ==============================================================
[2023-01-26T19:46:46.200+0000] {spark_submit.py:495} INFO - 23/01/26 19:46:46 INFO ResourceUtils: No custom resources configured for spark.driver.
[2023-01-26T19:46:46.200+0000] {spark_submit.py:495} INFO - 23/01/26 19:46:46 INFO ResourceUtils: ==============================================================
[2023-01-26T19:46:46.201+0000] {spark_submit.py:495} INFO - 23/01/26 19:46:46 INFO SparkContext: Submitted application: arrow-spark
[2023-01-26T19:46:46.217+0000] {spark_submit.py:495} INFO - 23/01/26 19:46:46 INFO ResourceProfile: Default ResourceProfile created, executor resources: Map(cores -> name: cores, amount: 1, script: , vendor: , memory -> name: memory, amount: 1024, script: , vendor: , offHeap -> name: offHeap, amount: 0, script: , vendor: ), task resources: Map(cpus -> name: cpus, amount: 1.0)
[2023-01-26T19:46:46.229+0000] {spark_submit.py:495} INFO - 23/01/26 19:46:46 INFO ResourceProfile: Limiting resource is cpu
[2023-01-26T19:46:46.229+0000] {spark_submit.py:495} INFO - 23/01/26 19:46:46 INFO ResourceProfileManager: Added ResourceProfile id: 0
[2023-01-26T19:46:46.269+0000] {spark_submit.py:495} INFO - 23/01/26 19:46:46 INFO SecurityManager: Changing view acls to: default
[2023-01-26T19:46:46.270+0000] {spark_submit.py:495} INFO - 23/01/26 19:46:46 INFO SecurityManager: Changing modify acls to: default
[2023-01-26T19:46:46.270+0000] {spark_submit.py:495} INFO - 23/01/26 19:46:46 INFO SecurityManager: Changing view acls groups to:
[2023-01-26T19:46:46.271+0000] {spark_submit.py:495} INFO - 23/01/26 19:46:46 INFO SecurityManager: Changing modify acls groups to:
[2023-01-26T19:46:46.271+0000] {spark_submit.py:495} INFO - 23/01/26 19:46:46 INFO SecurityManager: SecurityManager: authentication disabled; ui acls disabled; users  with view permissions: Set(default); groups with view permissions: Set(); users  with modify permissions: Set(default); groups with modify permissions: Set()
[2023-01-26T19:46:46.519+0000] {spark_submit.py:495} INFO - 23/01/26 19:46:46 INFO Utils: Successfully started service 'sparkDriver' on port 39307.
[2023-01-26T19:46:46.540+0000] {spark_submit.py:495} INFO - 23/01/26 19:46:46 INFO SparkEnv: Registering MapOutputTracker
[2023-01-26T19:46:46.569+0000] {spark_submit.py:495} INFO - 23/01/26 19:46:46 INFO SparkEnv: Registering BlockManagerMaster
[2023-01-26T19:46:46.584+0000] {spark_submit.py:495} INFO - 23/01/26 19:46:46 INFO BlockManagerMasterEndpoint: Using org.apache.spark.storage.DefaultTopologyMapper for getting topology information
[2023-01-26T19:46:46.584+0000] {spark_submit.py:495} INFO - 23/01/26 19:46:46 INFO BlockManagerMasterEndpoint: BlockManagerMasterEndpoint up
[2023-01-26T19:46:46.587+0000] {spark_submit.py:495} INFO - 23/01/26 19:46:46 INFO SparkEnv: Registering BlockManagerMasterHeartbeat
[2023-01-26T19:46:46.606+0000] {spark_submit.py:495} INFO - 23/01/26 19:46:46 INFO DiskBlockManager: Created local directory at /tmp/blockmgr-3da76c33-5192-46de-958e-24a3704e67e3
[2023-01-26T19:46:46.619+0000] {spark_submit.py:495} INFO - 23/01/26 19:46:46 INFO MemoryStore: MemoryStore started with capacity 434.4 MiB
[2023-01-26T19:46:46.630+0000] {spark_submit.py:495} INFO - 23/01/26 19:46:46 INFO SparkEnv: Registering OutputCommitCoordinator
[2023-01-26T19:46:46.794+0000] {spark_submit.py:495} INFO - 23/01/26 19:46:46 INFO Utils: Successfully started service 'SparkUI' on port 4040.
[2023-01-26T19:46:46.822+0000] {spark_submit.py:495} INFO - 23/01/26 19:46:46 INFO SparkContext: Added JAR file:///home/***/.ivy2/jars/org.apache.spark_spark-sql-kafka-0-10_2.12-3.1.3.jar at spark://f1cbb5df32e6:39307/jars/org.apache.spark_spark-sql-kafka-0-10_2.12-3.1.3.jar with timestamp 1674762406176
[2023-01-26T19:46:46.822+0000] {spark_submit.py:495} INFO - 23/01/26 19:46:46 INFO SparkContext: Added JAR file:///home/***/.ivy2/jars/org.mongodb.spark_mongo-spark-connector_2.12-3.0.1.jar at spark://f1cbb5df32e6:39307/jars/org.mongodb.spark_mongo-spark-connector_2.12-3.0.1.jar with timestamp 1674762406176
[2023-01-26T19:46:46.822+0000] {spark_submit.py:495} INFO - 23/01/26 19:46:46 INFO SparkContext: Added JAR file:///home/***/.ivy2/jars/org.apache.spark_spark-token-provider-kafka-0-10_2.12-3.1.3.jar at spark://f1cbb5df32e6:39307/jars/org.apache.spark_spark-token-provider-kafka-0-10_2.12-3.1.3.jar with timestamp 1674762406176
[2023-01-26T19:46:46.823+0000] {spark_submit.py:495} INFO - 23/01/26 19:46:46 INFO SparkContext: Added JAR file:///home/***/.ivy2/jars/org.apache.kafka_kafka-clients-2.6.0.jar at spark://f1cbb5df32e6:39307/jars/org.apache.kafka_kafka-clients-2.6.0.jar with timestamp 1674762406176
[2023-01-26T19:46:46.823+0000] {spark_submit.py:495} INFO - 23/01/26 19:46:46 INFO SparkContext: Added JAR file:///home/***/.ivy2/jars/org.apache.commons_commons-pool2-2.6.2.jar at spark://f1cbb5df32e6:39307/jars/org.apache.commons_commons-pool2-2.6.2.jar with timestamp 1674762406176
[2023-01-26T19:46:46.823+0000] {spark_submit.py:495} INFO - 23/01/26 19:46:46 INFO SparkContext: Added JAR file:///home/***/.ivy2/jars/org.spark-project.spark_unused-1.0.0.jar at spark://f1cbb5df32e6:39307/jars/org.spark-project.spark_unused-1.0.0.jar with timestamp 1674762406176
[2023-01-26T19:46:46.823+0000] {spark_submit.py:495} INFO - 23/01/26 19:46:46 INFO SparkContext: Added JAR file:///home/***/.ivy2/jars/com.github.luben_zstd-jni-1.4.8-1.jar at spark://f1cbb5df32e6:39307/jars/com.github.luben_zstd-jni-1.4.8-1.jar with timestamp 1674762406176
[2023-01-26T19:46:46.823+0000] {spark_submit.py:495} INFO - 23/01/26 19:46:46 INFO SparkContext: Added JAR file:///home/***/.ivy2/jars/org.lz4_lz4-java-1.7.1.jar at spark://f1cbb5df32e6:39307/jars/org.lz4_lz4-java-1.7.1.jar with timestamp 1674762406176
[2023-01-26T19:46:46.823+0000] {spark_submit.py:495} INFO - 23/01/26 19:46:46 INFO SparkContext: Added JAR file:///home/***/.ivy2/jars/org.xerial.snappy_snappy-java-1.1.8.2.jar at spark://f1cbb5df32e6:39307/jars/org.xerial.snappy_snappy-java-1.1.8.2.jar with timestamp 1674762406176
[2023-01-26T19:46:46.823+0000] {spark_submit.py:495} INFO - 23/01/26 19:46:46 INFO SparkContext: Added JAR file:///home/***/.ivy2/jars/org.slf4j_slf4j-api-1.7.30.jar at spark://f1cbb5df32e6:39307/jars/org.slf4j_slf4j-api-1.7.30.jar with timestamp 1674762406176
[2023-01-26T19:46:46.823+0000] {spark_submit.py:495} INFO - 23/01/26 19:46:46 INFO SparkContext: Added JAR file:///home/***/.ivy2/jars/org.mongodb_mongodb-driver-sync-4.0.5.jar at spark://f1cbb5df32e6:39307/jars/org.mongodb_mongodb-driver-sync-4.0.5.jar with timestamp 1674762406176
[2023-01-26T19:46:46.824+0000] {spark_submit.py:495} INFO - 23/01/26 19:46:46 INFO SparkContext: Added JAR file:///home/***/.ivy2/jars/org.mongodb_bson-4.0.5.jar at spark://f1cbb5df32e6:39307/jars/org.mongodb_bson-4.0.5.jar with timestamp 1674762406176
[2023-01-26T19:46:46.824+0000] {spark_submit.py:495} INFO - 23/01/26 19:46:46 INFO SparkContext: Added JAR file:///home/***/.ivy2/jars/org.mongodb_mongodb-driver-core-4.0.5.jar at spark://f1cbb5df32e6:39307/jars/org.mongodb_mongodb-driver-core-4.0.5.jar with timestamp 1674762406176
[2023-01-26T19:46:46.825+0000] {spark_submit.py:495} INFO - 23/01/26 19:46:46 INFO SparkContext: Added file file:///home/***/.ivy2/jars/org.apache.spark_spark-sql-kafka-0-10_2.12-3.1.3.jar at file:///home/***/.ivy2/jars/org.apache.spark_spark-sql-kafka-0-10_2.12-3.1.3.jar with timestamp 1674762406176
[2023-01-26T19:46:46.826+0000] {spark_submit.py:495} INFO - 23/01/26 19:46:46 INFO Utils: Copying /home/***/.ivy2/jars/org.apache.spark_spark-sql-kafka-0-10_2.12-3.1.3.jar to /tmp/spark-623bf960-58ce-4f89-a0df-bf38b01ca256/userFiles-424d4f17-9dff-423f-be0c-37098f7ed51c/org.apache.spark_spark-sql-kafka-0-10_2.12-3.1.3.jar
[2023-01-26T19:46:46.839+0000] {spark_submit.py:495} INFO - 23/01/26 19:46:46 INFO SparkContext: Added file file:///home/***/.ivy2/jars/org.mongodb.spark_mongo-spark-connector_2.12-3.0.1.jar at file:///home/***/.ivy2/jars/org.mongodb.spark_mongo-spark-connector_2.12-3.0.1.jar with timestamp 1674762406176
[2023-01-26T19:46:46.840+0000] {spark_submit.py:495} INFO - 23/01/26 19:46:46 INFO Utils: Copying /home/***/.ivy2/jars/org.mongodb.spark_mongo-spark-connector_2.12-3.0.1.jar to /tmp/spark-623bf960-58ce-4f89-a0df-bf38b01ca256/userFiles-424d4f17-9dff-423f-be0c-37098f7ed51c/org.mongodb.spark_mongo-spark-connector_2.12-3.0.1.jar
[2023-01-26T19:46:46.855+0000] {spark_submit.py:495} INFO - 23/01/26 19:46:46 INFO SparkContext: Added file file:///home/***/.ivy2/jars/org.apache.spark_spark-token-provider-kafka-0-10_2.12-3.1.3.jar at file:///home/***/.ivy2/jars/org.apache.spark_spark-token-provider-kafka-0-10_2.12-3.1.3.jar with timestamp 1674762406176
[2023-01-26T19:46:46.856+0000] {spark_submit.py:495} INFO - 23/01/26 19:46:46 INFO Utils: Copying /home/***/.ivy2/jars/org.apache.spark_spark-token-provider-kafka-0-10_2.12-3.1.3.jar to /tmp/spark-623bf960-58ce-4f89-a0df-bf38b01ca256/userFiles-424d4f17-9dff-423f-be0c-37098f7ed51c/org.apache.spark_spark-token-provider-kafka-0-10_2.12-3.1.3.jar
[2023-01-26T19:46:46.870+0000] {spark_submit.py:495} INFO - 23/01/26 19:46:46 INFO SparkContext: Added file file:///home/***/.ivy2/jars/org.apache.kafka_kafka-clients-2.6.0.jar at file:///home/***/.ivy2/jars/org.apache.kafka_kafka-clients-2.6.0.jar with timestamp 1674762406176
[2023-01-26T19:46:46.871+0000] {spark_submit.py:495} INFO - 23/01/26 19:46:46 INFO Utils: Copying /home/***/.ivy2/jars/org.apache.kafka_kafka-clients-2.6.0.jar to /tmp/spark-623bf960-58ce-4f89-a0df-bf38b01ca256/userFiles-424d4f17-9dff-423f-be0c-37098f7ed51c/org.apache.kafka_kafka-clients-2.6.0.jar
[2023-01-26T19:46:46.884+0000] {spark_submit.py:495} INFO - 23/01/26 19:46:46 INFO SparkContext: Added file file:///home/***/.ivy2/jars/org.apache.commons_commons-pool2-2.6.2.jar at file:///home/***/.ivy2/jars/org.apache.commons_commons-pool2-2.6.2.jar with timestamp 1674762406176
[2023-01-26T19:46:46.884+0000] {spark_submit.py:495} INFO - 23/01/26 19:46:46 INFO Utils: Copying /home/***/.ivy2/jars/org.apache.commons_commons-pool2-2.6.2.jar to /tmp/spark-623bf960-58ce-4f89-a0df-bf38b01ca256/userFiles-424d4f17-9dff-423f-be0c-37098f7ed51c/org.apache.commons_commons-pool2-2.6.2.jar
[2023-01-26T19:46:46.892+0000] {spark_submit.py:495} INFO - 23/01/26 19:46:46 INFO SparkContext: Added file file:///home/***/.ivy2/jars/org.spark-project.spark_unused-1.0.0.jar at file:///home/***/.ivy2/jars/org.spark-project.spark_unused-1.0.0.jar with timestamp 1674762406176
[2023-01-26T19:46:46.892+0000] {spark_submit.py:495} INFO - 23/01/26 19:46:46 INFO Utils: Copying /home/***/.ivy2/jars/org.spark-project.spark_unused-1.0.0.jar to /tmp/spark-623bf960-58ce-4f89-a0df-bf38b01ca256/userFiles-424d4f17-9dff-423f-be0c-37098f7ed51c/org.spark-project.spark_unused-1.0.0.jar
[2023-01-26T19:46:46.898+0000] {spark_submit.py:495} INFO - 23/01/26 19:46:46 INFO SparkContext: Added file file:///home/***/.ivy2/jars/com.github.luben_zstd-jni-1.4.8-1.jar at file:///home/***/.ivy2/jars/com.github.luben_zstd-jni-1.4.8-1.jar with timestamp 1674762406176
[2023-01-26T19:46:46.899+0000] {spark_submit.py:495} INFO - 23/01/26 19:46:46 INFO Utils: Copying /home/***/.ivy2/jars/com.github.luben_zstd-jni-1.4.8-1.jar to /tmp/spark-623bf960-58ce-4f89-a0df-bf38b01ca256/userFiles-424d4f17-9dff-423f-be0c-37098f7ed51c/com.github.luben_zstd-jni-1.4.8-1.jar
[2023-01-26T19:46:46.906+0000] {spark_submit.py:495} INFO - 23/01/26 19:46:46 INFO SparkContext: Added file file:///home/***/.ivy2/jars/org.lz4_lz4-java-1.7.1.jar at file:///home/***/.ivy2/jars/org.lz4_lz4-java-1.7.1.jar with timestamp 1674762406176
[2023-01-26T19:46:46.907+0000] {spark_submit.py:495} INFO - 23/01/26 19:46:46 INFO Utils: Copying /home/***/.ivy2/jars/org.lz4_lz4-java-1.7.1.jar to /tmp/spark-623bf960-58ce-4f89-a0df-bf38b01ca256/userFiles-424d4f17-9dff-423f-be0c-37098f7ed51c/org.lz4_lz4-java-1.7.1.jar
[2023-01-26T19:46:46.912+0000] {spark_submit.py:495} INFO - 23/01/26 19:46:46 INFO SparkContext: Added file file:///home/***/.ivy2/jars/org.xerial.snappy_snappy-java-1.1.8.2.jar at file:///home/***/.ivy2/jars/org.xerial.snappy_snappy-java-1.1.8.2.jar with timestamp 1674762406176
[2023-01-26T19:46:46.912+0000] {spark_submit.py:495} INFO - 23/01/26 19:46:46 INFO Utils: Copying /home/***/.ivy2/jars/org.xerial.snappy_snappy-java-1.1.8.2.jar to /tmp/spark-623bf960-58ce-4f89-a0df-bf38b01ca256/userFiles-424d4f17-9dff-423f-be0c-37098f7ed51c/org.xerial.snappy_snappy-java-1.1.8.2.jar
[2023-01-26T19:46:46.917+0000] {spark_submit.py:495} INFO - 23/01/26 19:46:46 INFO SparkContext: Added file file:///home/***/.ivy2/jars/org.slf4j_slf4j-api-1.7.30.jar at file:///home/***/.ivy2/jars/org.slf4j_slf4j-api-1.7.30.jar with timestamp 1674762406176
[2023-01-26T19:46:46.918+0000] {spark_submit.py:495} INFO - 23/01/26 19:46:46 INFO Utils: Copying /home/***/.ivy2/jars/org.slf4j_slf4j-api-1.7.30.jar to /tmp/spark-623bf960-58ce-4f89-a0df-bf38b01ca256/userFiles-424d4f17-9dff-423f-be0c-37098f7ed51c/org.slf4j_slf4j-api-1.7.30.jar
[2023-01-26T19:46:46.924+0000] {spark_submit.py:495} INFO - 23/01/26 19:46:46 INFO SparkContext: Added file file:///home/***/.ivy2/jars/org.mongodb_mongodb-driver-sync-4.0.5.jar at file:///home/***/.ivy2/jars/org.mongodb_mongodb-driver-sync-4.0.5.jar with timestamp 1674762406176
[2023-01-26T19:46:46.924+0000] {spark_submit.py:495} INFO - 23/01/26 19:46:46 INFO Utils: Copying /home/***/.ivy2/jars/org.mongodb_mongodb-driver-sync-4.0.5.jar to /tmp/spark-623bf960-58ce-4f89-a0df-bf38b01ca256/userFiles-424d4f17-9dff-423f-be0c-37098f7ed51c/org.mongodb_mongodb-driver-sync-4.0.5.jar
[2023-01-26T19:46:46.927+0000] {spark_submit.py:495} INFO - 23/01/26 19:46:46 INFO SparkContext: Added file file:///home/***/.ivy2/jars/org.mongodb_bson-4.0.5.jar at file:///home/***/.ivy2/jars/org.mongodb_bson-4.0.5.jar with timestamp 1674762406176
[2023-01-26T19:46:46.928+0000] {spark_submit.py:495} INFO - 23/01/26 19:46:46 INFO Utils: Copying /home/***/.ivy2/jars/org.mongodb_bson-4.0.5.jar to /tmp/spark-623bf960-58ce-4f89-a0df-bf38b01ca256/userFiles-424d4f17-9dff-423f-be0c-37098f7ed51c/org.mongodb_bson-4.0.5.jar
[2023-01-26T19:46:46.931+0000] {spark_submit.py:495} INFO - 23/01/26 19:46:46 INFO SparkContext: Added file file:///home/***/.ivy2/jars/org.mongodb_mongodb-driver-core-4.0.5.jar at file:///home/***/.ivy2/jars/org.mongodb_mongodb-driver-core-4.0.5.jar with timestamp 1674762406176
[2023-01-26T19:46:46.933+0000] {spark_submit.py:495} INFO - 23/01/26 19:46:46 INFO Utils: Copying /home/***/.ivy2/jars/org.mongodb_mongodb-driver-core-4.0.5.jar to /tmp/spark-623bf960-58ce-4f89-a0df-bf38b01ca256/userFiles-424d4f17-9dff-423f-be0c-37098f7ed51c/org.mongodb_mongodb-driver-core-4.0.5.jar
[2023-01-26T19:46:47.011+0000] {spark_submit.py:495} INFO - 23/01/26 19:46:47 INFO Executor: Starting executor ID driver on host f1cbb5df32e6
[2023-01-26T19:46:47.017+0000] {spark_submit.py:495} INFO - 23/01/26 19:46:47 INFO Executor: Starting executor with user classpath (userClassPathFirst = false): ''
[2023-01-26T19:46:47.027+0000] {spark_submit.py:495} INFO - 23/01/26 19:46:47 INFO Executor: Fetching file:///home/***/.ivy2/jars/org.apache.spark_spark-token-provider-kafka-0-10_2.12-3.1.3.jar with timestamp 1674762406176
[2023-01-26T19:46:47.042+0000] {spark_submit.py:495} INFO - 23/01/26 19:46:47 INFO Utils: /home/***/.ivy2/jars/org.apache.spark_spark-token-provider-kafka-0-10_2.12-3.1.3.jar has been previously copied to /tmp/spark-623bf960-58ce-4f89-a0df-bf38b01ca256/userFiles-424d4f17-9dff-423f-be0c-37098f7ed51c/org.apache.spark_spark-token-provider-kafka-0-10_2.12-3.1.3.jar
[2023-01-26T19:46:47.046+0000] {spark_submit.py:495} INFO - 23/01/26 19:46:47 INFO Executor: Fetching file:///home/***/.ivy2/jars/org.mongodb_mongodb-driver-sync-4.0.5.jar with timestamp 1674762406176
[2023-01-26T19:46:47.048+0000] {spark_submit.py:495} INFO - 23/01/26 19:46:47 INFO Utils: /home/***/.ivy2/jars/org.mongodb_mongodb-driver-sync-4.0.5.jar has been previously copied to /tmp/spark-623bf960-58ce-4f89-a0df-bf38b01ca256/userFiles-424d4f17-9dff-423f-be0c-37098f7ed51c/org.mongodb_mongodb-driver-sync-4.0.5.jar
[2023-01-26T19:46:47.051+0000] {spark_submit.py:495} INFO - 23/01/26 19:46:47 INFO Executor: Fetching file:///home/***/.ivy2/jars/org.apache.kafka_kafka-clients-2.6.0.jar with timestamp 1674762406176
[2023-01-26T19:46:47.061+0000] {spark_submit.py:495} INFO - 23/01/26 19:46:47 INFO Utils: /home/***/.ivy2/jars/org.apache.kafka_kafka-clients-2.6.0.jar has been previously copied to /tmp/spark-623bf960-58ce-4f89-a0df-bf38b01ca256/userFiles-424d4f17-9dff-423f-be0c-37098f7ed51c/org.apache.kafka_kafka-clients-2.6.0.jar
[2023-01-26T19:46:47.064+0000] {spark_submit.py:495} INFO - 23/01/26 19:46:47 INFO Executor: Fetching file:///home/***/.ivy2/jars/org.mongodb_bson-4.0.5.jar with timestamp 1674762406176
[2023-01-26T19:46:47.065+0000] {spark_submit.py:495} INFO - 23/01/26 19:46:47 INFO Utils: /home/***/.ivy2/jars/org.mongodb_bson-4.0.5.jar has been previously copied to /tmp/spark-623bf960-58ce-4f89-a0df-bf38b01ca256/userFiles-424d4f17-9dff-423f-be0c-37098f7ed51c/org.mongodb_bson-4.0.5.jar
[2023-01-26T19:46:47.067+0000] {spark_submit.py:495} INFO - 23/01/26 19:46:47 INFO Executor: Fetching file:///home/***/.ivy2/jars/com.github.luben_zstd-jni-1.4.8-1.jar with timestamp 1674762406176
[2023-01-26T19:46:47.073+0000] {spark_submit.py:495} INFO - 23/01/26 19:46:47 INFO Utils: /home/***/.ivy2/jars/com.github.luben_zstd-jni-1.4.8-1.jar has been previously copied to /tmp/spark-623bf960-58ce-4f89-a0df-bf38b01ca256/userFiles-424d4f17-9dff-423f-be0c-37098f7ed51c/com.github.luben_zstd-jni-1.4.8-1.jar
[2023-01-26T19:46:47.077+0000] {spark_submit.py:495} INFO - 23/01/26 19:46:47 INFO Executor: Fetching file:///home/***/.ivy2/jars/org.lz4_lz4-java-1.7.1.jar with timestamp 1674762406176
[2023-01-26T19:46:47.078+0000] {spark_submit.py:495} INFO - 23/01/26 19:46:47 INFO Utils: /home/***/.ivy2/jars/org.lz4_lz4-java-1.7.1.jar has been previously copied to /tmp/spark-623bf960-58ce-4f89-a0df-bf38b01ca256/userFiles-424d4f17-9dff-423f-be0c-37098f7ed51c/org.lz4_lz4-java-1.7.1.jar
[2023-01-26T19:46:47.082+0000] {spark_submit.py:495} INFO - 23/01/26 19:46:47 INFO Executor: Fetching file:///home/***/.ivy2/jars/org.spark-project.spark_unused-1.0.0.jar with timestamp 1674762406176
[2023-01-26T19:46:47.083+0000] {spark_submit.py:495} INFO - 23/01/26 19:46:47 INFO Utils: /home/***/.ivy2/jars/org.spark-project.spark_unused-1.0.0.jar has been previously copied to /tmp/spark-623bf960-58ce-4f89-a0df-bf38b01ca256/userFiles-424d4f17-9dff-423f-be0c-37098f7ed51c/org.spark-project.spark_unused-1.0.0.jar
[2023-01-26T19:46:47.102+0000] {spark_submit.py:495} INFO - 23/01/26 19:46:47 INFO Executor: Fetching file:///home/***/.ivy2/jars/org.xerial.snappy_snappy-java-1.1.8.2.jar with timestamp 1674762406176
[2023-01-26T19:46:47.103+0000] {spark_submit.py:495} INFO - 23/01/26 19:46:47 INFO Utils: /home/***/.ivy2/jars/org.xerial.snappy_snappy-java-1.1.8.2.jar has been previously copied to /tmp/spark-623bf960-58ce-4f89-a0df-bf38b01ca256/userFiles-424d4f17-9dff-423f-be0c-37098f7ed51c/org.xerial.snappy_snappy-java-1.1.8.2.jar
[2023-01-26T19:46:47.129+0000] {spark_submit.py:495} INFO - 23/01/26 19:46:47 INFO Executor: Fetching file:///home/***/.ivy2/jars/org.mongodb_mongodb-driver-core-4.0.5.jar with timestamp 1674762406176
[2023-01-26T19:46:47.132+0000] {spark_submit.py:495} INFO - 23/01/26 19:46:47 INFO Utils: /home/***/.ivy2/jars/org.mongodb_mongodb-driver-core-4.0.5.jar has been previously copied to /tmp/spark-623bf960-58ce-4f89-a0df-bf38b01ca256/userFiles-424d4f17-9dff-423f-be0c-37098f7ed51c/org.mongodb_mongodb-driver-core-4.0.5.jar
[2023-01-26T19:46:47.138+0000] {spark_submit.py:495} INFO - 23/01/26 19:46:47 INFO Executor: Fetching file:///home/***/.ivy2/jars/org.apache.spark_spark-sql-kafka-0-10_2.12-3.1.3.jar with timestamp 1674762406176
[2023-01-26T19:46:47.139+0000] {spark_submit.py:495} INFO - 23/01/26 19:46:47 INFO Utils: /home/***/.ivy2/jars/org.apache.spark_spark-sql-kafka-0-10_2.12-3.1.3.jar has been previously copied to /tmp/spark-623bf960-58ce-4f89-a0df-bf38b01ca256/userFiles-424d4f17-9dff-423f-be0c-37098f7ed51c/org.apache.spark_spark-sql-kafka-0-10_2.12-3.1.3.jar
[2023-01-26T19:46:47.145+0000] {spark_submit.py:495} INFO - 23/01/26 19:46:47 INFO Executor: Fetching file:///home/***/.ivy2/jars/org.mongodb.spark_mongo-spark-connector_2.12-3.0.1.jar with timestamp 1674762406176
[2023-01-26T19:46:47.146+0000] {spark_submit.py:495} INFO - 23/01/26 19:46:47 INFO Utils: /home/***/.ivy2/jars/org.mongodb.spark_mongo-spark-connector_2.12-3.0.1.jar has been previously copied to /tmp/spark-623bf960-58ce-4f89-a0df-bf38b01ca256/userFiles-424d4f17-9dff-423f-be0c-37098f7ed51c/org.mongodb.spark_mongo-spark-connector_2.12-3.0.1.jar
[2023-01-26T19:46:47.148+0000] {spark_submit.py:495} INFO - 23/01/26 19:46:47 INFO Executor: Fetching file:///home/***/.ivy2/jars/org.apache.commons_commons-pool2-2.6.2.jar with timestamp 1674762406176
[2023-01-26T19:46:47.149+0000] {spark_submit.py:495} INFO - 23/01/26 19:46:47 INFO Utils: /home/***/.ivy2/jars/org.apache.commons_commons-pool2-2.6.2.jar has been previously copied to /tmp/spark-623bf960-58ce-4f89-a0df-bf38b01ca256/userFiles-424d4f17-9dff-423f-be0c-37098f7ed51c/org.apache.commons_commons-pool2-2.6.2.jar
[2023-01-26T19:46:47.151+0000] {spark_submit.py:495} INFO - 23/01/26 19:46:47 INFO Executor: Fetching file:///home/***/.ivy2/jars/org.slf4j_slf4j-api-1.7.30.jar with timestamp 1674762406176
[2023-01-26T19:46:47.152+0000] {spark_submit.py:495} INFO - 23/01/26 19:46:47 INFO Utils: /home/***/.ivy2/jars/org.slf4j_slf4j-api-1.7.30.jar has been previously copied to /tmp/spark-623bf960-58ce-4f89-a0df-bf38b01ca256/userFiles-424d4f17-9dff-423f-be0c-37098f7ed51c/org.slf4j_slf4j-api-1.7.30.jar
[2023-01-26T19:46:47.157+0000] {spark_submit.py:495} INFO - 23/01/26 19:46:47 INFO Executor: Fetching spark://f1cbb5df32e6:39307/jars/org.mongodb_mongodb-driver-core-4.0.5.jar with timestamp 1674762406176
[2023-01-26T19:46:47.184+0000] {spark_submit.py:495} INFO - 23/01/26 19:46:47 INFO TransportClientFactory: Successfully created connection to f1cbb5df32e6/172.23.0.4:39307 after 19 ms (0 ms spent in bootstraps)
[2023-01-26T19:46:47.190+0000] {spark_submit.py:495} INFO - 23/01/26 19:46:47 INFO Utils: Fetching spark://f1cbb5df32e6:39307/jars/org.mongodb_mongodb-driver-core-4.0.5.jar to /tmp/spark-623bf960-58ce-4f89-a0df-bf38b01ca256/userFiles-424d4f17-9dff-423f-be0c-37098f7ed51c/fetchFileTemp7664713295937496210.tmp
[2023-01-26T19:46:47.227+0000] {spark_submit.py:495} INFO - 23/01/26 19:46:47 INFO Utils: /tmp/spark-623bf960-58ce-4f89-a0df-bf38b01ca256/userFiles-424d4f17-9dff-423f-be0c-37098f7ed51c/fetchFileTemp7664713295937496210.tmp has been previously copied to /tmp/spark-623bf960-58ce-4f89-a0df-bf38b01ca256/userFiles-424d4f17-9dff-423f-be0c-37098f7ed51c/org.mongodb_mongodb-driver-core-4.0.5.jar
[2023-01-26T19:46:47.230+0000] {spark_submit.py:495} INFO - 23/01/26 19:46:47 INFO Executor: Adding file:/tmp/spark-623bf960-58ce-4f89-a0df-bf38b01ca256/userFiles-424d4f17-9dff-423f-be0c-37098f7ed51c/org.mongodb_mongodb-driver-core-4.0.5.jar to class loader
[2023-01-26T19:46:47.230+0000] {spark_submit.py:495} INFO - 23/01/26 19:46:47 INFO Executor: Fetching spark://f1cbb5df32e6:39307/jars/org.xerial.snappy_snappy-java-1.1.8.2.jar with timestamp 1674762406176
[2023-01-26T19:46:47.231+0000] {spark_submit.py:495} INFO - 23/01/26 19:46:47 INFO Utils: Fetching spark://f1cbb5df32e6:39307/jars/org.xerial.snappy_snappy-java-1.1.8.2.jar to /tmp/spark-623bf960-58ce-4f89-a0df-bf38b01ca256/userFiles-424d4f17-9dff-423f-be0c-37098f7ed51c/fetchFileTemp4795194156171685006.tmp
[2023-01-26T19:46:47.239+0000] {spark_submit.py:495} INFO - 23/01/26 19:46:47 INFO Utils: /tmp/spark-623bf960-58ce-4f89-a0df-bf38b01ca256/userFiles-424d4f17-9dff-423f-be0c-37098f7ed51c/fetchFileTemp4795194156171685006.tmp has been previously copied to /tmp/spark-623bf960-58ce-4f89-a0df-bf38b01ca256/userFiles-424d4f17-9dff-423f-be0c-37098f7ed51c/org.xerial.snappy_snappy-java-1.1.8.2.jar
[2023-01-26T19:46:47.244+0000] {spark_submit.py:495} INFO - 23/01/26 19:46:47 INFO Executor: Adding file:/tmp/spark-623bf960-58ce-4f89-a0df-bf38b01ca256/userFiles-424d4f17-9dff-423f-be0c-37098f7ed51c/org.xerial.snappy_snappy-java-1.1.8.2.jar to class loader
[2023-01-26T19:46:47.244+0000] {spark_submit.py:495} INFO - 23/01/26 19:46:47 INFO Executor: Fetching spark://f1cbb5df32e6:39307/jars/org.mongodb_bson-4.0.5.jar with timestamp 1674762406176
[2023-01-26T19:46:47.246+0000] {spark_submit.py:495} INFO - 23/01/26 19:46:47 INFO Utils: Fetching spark://f1cbb5df32e6:39307/jars/org.mongodb_bson-4.0.5.jar to /tmp/spark-623bf960-58ce-4f89-a0df-bf38b01ca256/userFiles-424d4f17-9dff-423f-be0c-37098f7ed51c/fetchFileTemp11254319563161086036.tmp
[2023-01-26T19:46:47.247+0000] {spark_submit.py:495} INFO - 23/01/26 19:46:47 INFO Utils: /tmp/spark-623bf960-58ce-4f89-a0df-bf38b01ca256/userFiles-424d4f17-9dff-423f-be0c-37098f7ed51c/fetchFileTemp11254319563161086036.tmp has been previously copied to /tmp/spark-623bf960-58ce-4f89-a0df-bf38b01ca256/userFiles-424d4f17-9dff-423f-be0c-37098f7ed51c/org.mongodb_bson-4.0.5.jar
[2023-01-26T19:46:47.250+0000] {spark_submit.py:495} INFO - 23/01/26 19:46:47 INFO Executor: Adding file:/tmp/spark-623bf960-58ce-4f89-a0df-bf38b01ca256/userFiles-424d4f17-9dff-423f-be0c-37098f7ed51c/org.mongodb_bson-4.0.5.jar to class loader
[2023-01-26T19:46:47.250+0000] {spark_submit.py:495} INFO - 23/01/26 19:46:47 INFO Executor: Fetching spark://f1cbb5df32e6:39307/jars/org.lz4_lz4-java-1.7.1.jar with timestamp 1674762406176
[2023-01-26T19:46:47.251+0000] {spark_submit.py:495} INFO - 23/01/26 19:46:47 INFO Utils: Fetching spark://f1cbb5df32e6:39307/jars/org.lz4_lz4-java-1.7.1.jar to /tmp/spark-623bf960-58ce-4f89-a0df-bf38b01ca256/userFiles-424d4f17-9dff-423f-be0c-37098f7ed51c/fetchFileTemp3765909182837814762.tmp
[2023-01-26T19:46:47.255+0000] {spark_submit.py:495} INFO - 23/01/26 19:46:47 INFO Utils: /tmp/spark-623bf960-58ce-4f89-a0df-bf38b01ca256/userFiles-424d4f17-9dff-423f-be0c-37098f7ed51c/fetchFileTemp3765909182837814762.tmp has been previously copied to /tmp/spark-623bf960-58ce-4f89-a0df-bf38b01ca256/userFiles-424d4f17-9dff-423f-be0c-37098f7ed51c/org.lz4_lz4-java-1.7.1.jar
[2023-01-26T19:46:47.259+0000] {spark_submit.py:495} INFO - 23/01/26 19:46:47 INFO Executor: Adding file:/tmp/spark-623bf960-58ce-4f89-a0df-bf38b01ca256/userFiles-424d4f17-9dff-423f-be0c-37098f7ed51c/org.lz4_lz4-java-1.7.1.jar to class loader
[2023-01-26T19:46:47.259+0000] {spark_submit.py:495} INFO - 23/01/26 19:46:47 INFO Executor: Fetching spark://f1cbb5df32e6:39307/jars/org.mongodb.spark_mongo-spark-connector_2.12-3.0.1.jar with timestamp 1674762406176
[2023-01-26T19:46:47.260+0000] {spark_submit.py:495} INFO - 23/01/26 19:46:47 INFO Utils: Fetching spark://f1cbb5df32e6:39307/jars/org.mongodb.spark_mongo-spark-connector_2.12-3.0.1.jar to /tmp/spark-623bf960-58ce-4f89-a0df-bf38b01ca256/userFiles-424d4f17-9dff-423f-be0c-37098f7ed51c/fetchFileTemp15175166942838484340.tmp
[2023-01-26T19:46:47.263+0000] {spark_submit.py:495} INFO - 23/01/26 19:46:47 INFO Utils: /tmp/spark-623bf960-58ce-4f89-a0df-bf38b01ca256/userFiles-424d4f17-9dff-423f-be0c-37098f7ed51c/fetchFileTemp15175166942838484340.tmp has been previously copied to /tmp/spark-623bf960-58ce-4f89-a0df-bf38b01ca256/userFiles-424d4f17-9dff-423f-be0c-37098f7ed51c/org.mongodb.spark_mongo-spark-connector_2.12-3.0.1.jar
[2023-01-26T19:46:47.265+0000] {spark_submit.py:495} INFO - 23/01/26 19:46:47 INFO Executor: Adding file:/tmp/spark-623bf960-58ce-4f89-a0df-bf38b01ca256/userFiles-424d4f17-9dff-423f-be0c-37098f7ed51c/org.mongodb.spark_mongo-spark-connector_2.12-3.0.1.jar to class loader
[2023-01-26T19:46:47.265+0000] {spark_submit.py:495} INFO - 23/01/26 19:46:47 INFO Executor: Fetching spark://f1cbb5df32e6:39307/jars/org.slf4j_slf4j-api-1.7.30.jar with timestamp 1674762406176
[2023-01-26T19:46:47.266+0000] {spark_submit.py:495} INFO - 23/01/26 19:46:47 INFO Utils: Fetching spark://f1cbb5df32e6:39307/jars/org.slf4j_slf4j-api-1.7.30.jar to /tmp/spark-623bf960-58ce-4f89-a0df-bf38b01ca256/userFiles-424d4f17-9dff-423f-be0c-37098f7ed51c/fetchFileTemp8549344422854992666.tmp
[2023-01-26T19:46:47.267+0000] {spark_submit.py:495} INFO - 23/01/26 19:46:47 INFO Utils: /tmp/spark-623bf960-58ce-4f89-a0df-bf38b01ca256/userFiles-424d4f17-9dff-423f-be0c-37098f7ed51c/fetchFileTemp8549344422854992666.tmp has been previously copied to /tmp/spark-623bf960-58ce-4f89-a0df-bf38b01ca256/userFiles-424d4f17-9dff-423f-be0c-37098f7ed51c/org.slf4j_slf4j-api-1.7.30.jar
[2023-01-26T19:46:47.272+0000] {spark_submit.py:495} INFO - 23/01/26 19:46:47 INFO Executor: Adding file:/tmp/spark-623bf960-58ce-4f89-a0df-bf38b01ca256/userFiles-424d4f17-9dff-423f-be0c-37098f7ed51c/org.slf4j_slf4j-api-1.7.30.jar to class loader
[2023-01-26T19:46:47.272+0000] {spark_submit.py:495} INFO - 23/01/26 19:46:47 INFO Executor: Fetching spark://f1cbb5df32e6:39307/jars/org.apache.spark_spark-token-provider-kafka-0-10_2.12-3.1.3.jar with timestamp 1674762406176
[2023-01-26T19:46:47.272+0000] {spark_submit.py:495} INFO - 23/01/26 19:46:47 INFO Utils: Fetching spark://f1cbb5df32e6:39307/jars/org.apache.spark_spark-token-provider-kafka-0-10_2.12-3.1.3.jar to /tmp/spark-623bf960-58ce-4f89-a0df-bf38b01ca256/userFiles-424d4f17-9dff-423f-be0c-37098f7ed51c/fetchFileTemp8707031388417821767.tmp
[2023-01-26T19:46:47.274+0000] {spark_submit.py:495} INFO - 23/01/26 19:46:47 INFO Utils: /tmp/spark-623bf960-58ce-4f89-a0df-bf38b01ca256/userFiles-424d4f17-9dff-423f-be0c-37098f7ed51c/fetchFileTemp8707031388417821767.tmp has been previously copied to /tmp/spark-623bf960-58ce-4f89-a0df-bf38b01ca256/userFiles-424d4f17-9dff-423f-be0c-37098f7ed51c/org.apache.spark_spark-token-provider-kafka-0-10_2.12-3.1.3.jar
[2023-01-26T19:46:47.276+0000] {spark_submit.py:495} INFO - 23/01/26 19:46:47 INFO Executor: Adding file:/tmp/spark-623bf960-58ce-4f89-a0df-bf38b01ca256/userFiles-424d4f17-9dff-423f-be0c-37098f7ed51c/org.apache.spark_spark-token-provider-kafka-0-10_2.12-3.1.3.jar to class loader
[2023-01-26T19:46:47.276+0000] {spark_submit.py:495} INFO - 23/01/26 19:46:47 INFO Executor: Fetching spark://f1cbb5df32e6:39307/jars/org.mongodb_mongodb-driver-sync-4.0.5.jar with timestamp 1674762406176
[2023-01-26T19:46:47.277+0000] {spark_submit.py:495} INFO - 23/01/26 19:46:47 INFO Utils: Fetching spark://f1cbb5df32e6:39307/jars/org.mongodb_mongodb-driver-sync-4.0.5.jar to /tmp/spark-623bf960-58ce-4f89-a0df-bf38b01ca256/userFiles-424d4f17-9dff-423f-be0c-37098f7ed51c/fetchFileTemp18097024657500582420.tmp
[2023-01-26T19:46:47.278+0000] {spark_submit.py:495} INFO - 23/01/26 19:46:47 INFO Utils: /tmp/spark-623bf960-58ce-4f89-a0df-bf38b01ca256/userFiles-424d4f17-9dff-423f-be0c-37098f7ed51c/fetchFileTemp18097024657500582420.tmp has been previously copied to /tmp/spark-623bf960-58ce-4f89-a0df-bf38b01ca256/userFiles-424d4f17-9dff-423f-be0c-37098f7ed51c/org.mongodb_mongodb-driver-sync-4.0.5.jar
[2023-01-26T19:46:47.280+0000] {spark_submit.py:495} INFO - 23/01/26 19:46:47 INFO Executor: Adding file:/tmp/spark-623bf960-58ce-4f89-a0df-bf38b01ca256/userFiles-424d4f17-9dff-423f-be0c-37098f7ed51c/org.mongodb_mongodb-driver-sync-4.0.5.jar to class loader
[2023-01-26T19:46:47.281+0000] {spark_submit.py:495} INFO - 23/01/26 19:46:47 INFO Executor: Fetching spark://f1cbb5df32e6:39307/jars/com.github.luben_zstd-jni-1.4.8-1.jar with timestamp 1674762406176
[2023-01-26T19:46:47.282+0000] {spark_submit.py:495} INFO - 23/01/26 19:46:47 INFO Utils: Fetching spark://f1cbb5df32e6:39307/jars/com.github.luben_zstd-jni-1.4.8-1.jar to /tmp/spark-623bf960-58ce-4f89-a0df-bf38b01ca256/userFiles-424d4f17-9dff-423f-be0c-37098f7ed51c/fetchFileTemp14094776428144825689.tmp
[2023-01-26T19:46:47.299+0000] {spark_submit.py:495} INFO - 23/01/26 19:46:47 INFO Utils: /tmp/spark-623bf960-58ce-4f89-a0df-bf38b01ca256/userFiles-424d4f17-9dff-423f-be0c-37098f7ed51c/fetchFileTemp14094776428144825689.tmp has been previously copied to /tmp/spark-623bf960-58ce-4f89-a0df-bf38b01ca256/userFiles-424d4f17-9dff-423f-be0c-37098f7ed51c/com.github.luben_zstd-jni-1.4.8-1.jar
[2023-01-26T19:46:47.401+0000] {spark_submit.py:495} INFO - 23/01/26 19:46:47 INFO Executor: Adding file:/tmp/spark-623bf960-58ce-4f89-a0df-bf38b01ca256/userFiles-424d4f17-9dff-423f-be0c-37098f7ed51c/com.github.luben_zstd-jni-1.4.8-1.jar to class loader
[2023-01-26T19:46:47.402+0000] {spark_submit.py:495} INFO - 23/01/26 19:46:47 INFO Executor: Fetching spark://f1cbb5df32e6:39307/jars/org.apache.commons_commons-pool2-2.6.2.jar with timestamp 1674762406176
[2023-01-26T19:46:47.403+0000] {spark_submit.py:495} INFO - 23/01/26 19:46:47 INFO Utils: Fetching spark://f1cbb5df32e6:39307/jars/org.apache.commons_commons-pool2-2.6.2.jar to /tmp/spark-623bf960-58ce-4f89-a0df-bf38b01ca256/userFiles-424d4f17-9dff-423f-be0c-37098f7ed51c/fetchFileTemp10116421446198356519.tmp
[2023-01-26T19:46:47.415+0000] {spark_submit.py:495} INFO - 23/01/26 19:46:47 INFO Utils: /tmp/spark-623bf960-58ce-4f89-a0df-bf38b01ca256/userFiles-424d4f17-9dff-423f-be0c-37098f7ed51c/fetchFileTemp10116421446198356519.tmp has been previously copied to /tmp/spark-623bf960-58ce-4f89-a0df-bf38b01ca256/userFiles-424d4f17-9dff-423f-be0c-37098f7ed51c/org.apache.commons_commons-pool2-2.6.2.jar
[2023-01-26T19:46:47.432+0000] {spark_submit.py:495} INFO - 23/01/26 19:46:47 INFO Executor: Adding file:/tmp/spark-623bf960-58ce-4f89-a0df-bf38b01ca256/userFiles-424d4f17-9dff-423f-be0c-37098f7ed51c/org.apache.commons_commons-pool2-2.6.2.jar to class loader
[2023-01-26T19:46:47.433+0000] {spark_submit.py:495} INFO - 23/01/26 19:46:47 INFO Executor: Fetching spark://f1cbb5df32e6:39307/jars/org.apache.kafka_kafka-clients-2.6.0.jar with timestamp 1674762406176
[2023-01-26T19:46:47.434+0000] {spark_submit.py:495} INFO - 23/01/26 19:46:47 INFO Utils: Fetching spark://f1cbb5df32e6:39307/jars/org.apache.kafka_kafka-clients-2.6.0.jar to /tmp/spark-623bf960-58ce-4f89-a0df-bf38b01ca256/userFiles-424d4f17-9dff-423f-be0c-37098f7ed51c/fetchFileTemp5358745562320339245.tmp
[2023-01-26T19:46:47.514+0000] {spark_submit.py:495} INFO - 23/01/26 19:46:47 INFO Utils: /tmp/spark-623bf960-58ce-4f89-a0df-bf38b01ca256/userFiles-424d4f17-9dff-423f-be0c-37098f7ed51c/fetchFileTemp5358745562320339245.tmp has been previously copied to /tmp/spark-623bf960-58ce-4f89-a0df-bf38b01ca256/userFiles-424d4f17-9dff-423f-be0c-37098f7ed51c/org.apache.kafka_kafka-clients-2.6.0.jar
[2023-01-26T19:46:47.543+0000] {spark_submit.py:495} INFO - 23/01/26 19:46:47 INFO Executor: Adding file:/tmp/spark-623bf960-58ce-4f89-a0df-bf38b01ca256/userFiles-424d4f17-9dff-423f-be0c-37098f7ed51c/org.apache.kafka_kafka-clients-2.6.0.jar to class loader
[2023-01-26T19:46:47.544+0000] {spark_submit.py:495} INFO - 23/01/26 19:46:47 INFO Executor: Fetching spark://f1cbb5df32e6:39307/jars/org.apache.spark_spark-sql-kafka-0-10_2.12-3.1.3.jar with timestamp 1674762406176
[2023-01-26T19:46:47.549+0000] {spark_submit.py:495} INFO - 23/01/26 19:46:47 INFO Utils: Fetching spark://f1cbb5df32e6:39307/jars/org.apache.spark_spark-sql-kafka-0-10_2.12-3.1.3.jar to /tmp/spark-623bf960-58ce-4f89-a0df-bf38b01ca256/userFiles-424d4f17-9dff-423f-be0c-37098f7ed51c/fetchFileTemp12192350253800408809.tmp
[2023-01-26T19:46:47.556+0000] {spark_submit.py:495} INFO - 23/01/26 19:46:47 INFO Utils: /tmp/spark-623bf960-58ce-4f89-a0df-bf38b01ca256/userFiles-424d4f17-9dff-423f-be0c-37098f7ed51c/fetchFileTemp12192350253800408809.tmp has been previously copied to /tmp/spark-623bf960-58ce-4f89-a0df-bf38b01ca256/userFiles-424d4f17-9dff-423f-be0c-37098f7ed51c/org.apache.spark_spark-sql-kafka-0-10_2.12-3.1.3.jar
[2023-01-26T19:46:47.568+0000] {spark_submit.py:495} INFO - 23/01/26 19:46:47 INFO Executor: Adding file:/tmp/spark-623bf960-58ce-4f89-a0df-bf38b01ca256/userFiles-424d4f17-9dff-423f-be0c-37098f7ed51c/org.apache.spark_spark-sql-kafka-0-10_2.12-3.1.3.jar to class loader
[2023-01-26T19:46:47.569+0000] {spark_submit.py:495} INFO - 23/01/26 19:46:47 INFO Executor: Fetching spark://f1cbb5df32e6:39307/jars/org.spark-project.spark_unused-1.0.0.jar with timestamp 1674762406176
[2023-01-26T19:46:47.571+0000] {spark_submit.py:495} INFO - 23/01/26 19:46:47 INFO Utils: Fetching spark://f1cbb5df32e6:39307/jars/org.spark-project.spark_unused-1.0.0.jar to /tmp/spark-623bf960-58ce-4f89-a0df-bf38b01ca256/userFiles-424d4f17-9dff-423f-be0c-37098f7ed51c/fetchFileTemp17874326949545701007.tmp
[2023-01-26T19:46:47.574+0000] {spark_submit.py:495} INFO - 23/01/26 19:46:47 INFO Utils: /tmp/spark-623bf960-58ce-4f89-a0df-bf38b01ca256/userFiles-424d4f17-9dff-423f-be0c-37098f7ed51c/fetchFileTemp17874326949545701007.tmp has been previously copied to /tmp/spark-623bf960-58ce-4f89-a0df-bf38b01ca256/userFiles-424d4f17-9dff-423f-be0c-37098f7ed51c/org.spark-project.spark_unused-1.0.0.jar
[2023-01-26T19:46:47.593+0000] {spark_submit.py:495} INFO - 23/01/26 19:46:47 INFO Executor: Adding file:/tmp/spark-623bf960-58ce-4f89-a0df-bf38b01ca256/userFiles-424d4f17-9dff-423f-be0c-37098f7ed51c/org.spark-project.spark_unused-1.0.0.jar to class loader
[2023-01-26T19:46:47.610+0000] {spark_submit.py:495} INFO - 23/01/26 19:46:47 INFO Utils: Successfully started service 'org.apache.spark.network.netty.NettyBlockTransferService' on port 40389.
[2023-01-26T19:46:47.611+0000] {spark_submit.py:495} INFO - 23/01/26 19:46:47 INFO NettyBlockTransferService: Server created on f1cbb5df32e6:40389
[2023-01-26T19:46:47.616+0000] {spark_submit.py:495} INFO - 23/01/26 19:46:47 INFO BlockManager: Using org.apache.spark.storage.RandomBlockReplicationPolicy for block replication policy
[2023-01-26T19:46:47.637+0000] {spark_submit.py:495} INFO - 23/01/26 19:46:47 INFO BlockManagerMaster: Registering BlockManager BlockManagerId(driver, f1cbb5df32e6, 40389, None)
[2023-01-26T19:46:47.641+0000] {spark_submit.py:495} INFO - 23/01/26 19:46:47 INFO BlockManagerMasterEndpoint: Registering block manager f1cbb5df32e6:40389 with 434.4 MiB RAM, BlockManagerId(driver, f1cbb5df32e6, 40389, None)
[2023-01-26T19:46:47.644+0000] {spark_submit.py:495} INFO - 23/01/26 19:46:47 INFO BlockManagerMaster: Registered BlockManager BlockManagerId(driver, f1cbb5df32e6, 40389, None)
[2023-01-26T19:46:47.646+0000] {spark_submit.py:495} INFO - 23/01/26 19:46:47 INFO BlockManager: Initialized BlockManager: BlockManagerId(driver, f1cbb5df32e6, 40389, None)
[2023-01-26T19:46:51.362+0000] {local_task_job.py:224} WARNING - State of this instance has been externally set to up_for_retry. Terminating instance.
[2023-01-26T19:46:51.363+0000] {process_utils.py:133} INFO - Sending Signals.SIGTERM to group 10768. PIDs of all processes in the group: [10789, 10857, 10768]
[2023-01-26T19:46:51.364+0000] {process_utils.py:84} INFO - Sending the signal Signals.SIGTERM to group 10768
[2023-01-26T19:46:51.364+0000] {taskinstance.py:1483} ERROR - Received SIGTERM. Terminating subprocesses.
[2023-01-26T19:46:51.369+0000] {spark_submit.py:620} INFO - Sending kill signal to spark-submit
[2023-01-26T19:46:51.388+0000] {taskinstance.py:1772} ERROR - Task failed with exception
Traceback (most recent call last):
  File "/home/airflow/.local/lib/python3.7/site-packages/airflow/providers/apache/spark/operators/spark_submit.py", line 157, in execute
    self._hook.submit(self._application)
  File "/home/airflow/.local/lib/python3.7/site-packages/airflow/providers/apache/spark/hooks/spark_submit.py", line 414, in submit
    self._process_spark_submit_log(iter(self._submit_sp.stdout))  # type: ignore
  File "/home/airflow/.local/lib/python3.7/site-packages/airflow/providers/apache/spark/hooks/spark_submit.py", line 463, in _process_spark_submit_log
    for line in itr:
  File "/home/airflow/.local/lib/python3.7/site-packages/airflow/models/taskinstance.py", line 1485, in signal_handler
    raise AirflowException("Task received SIGTERM signal")
airflow.exceptions.AirflowException: Task received SIGTERM signal
[2023-01-26T19:46:51.392+0000] {taskinstance.py:1327} INFO - Marking task as UP_FOR_RETRY. dag_id=Streaming_pipeline_meli, task_id=consumer_data_of_topic, execution_date=20230123T220304, start_date=20230126T194641, end_date=20230126T194651
[2023-01-26T19:46:51.405+0000] {standard_task_runner.py:105} ERROR - Failed to execute job 1050 for task consumer_data_of_topic (Task received SIGTERM signal; 10768)
[2023-01-26T19:46:51.422+0000] {process_utils.py:79} INFO - Process psutil.Process(pid=10768, status='terminated', exitcode=1, started='19:46:40') (10768) terminated with exit code 1
[2023-01-26T19:46:51.422+0000] {process_utils.py:79} INFO - Process psutil.Process(pid=10857, status='terminated', started='19:46:44') (10857) terminated with exit code None
[2023-01-26T19:46:51.422+0000] {process_utils.py:79} INFO - Process psutil.Process(pid=10789, status='terminated', started='19:46:40') (10789) terminated with exit code None
