[2023-01-27T16:25:15.994+0000] {taskinstance.py:1087} INFO - Dependencies all met for <TaskInstance: Streaming_pipeline_meli.consumer_data_of_topic manual__2023-01-23T22:03:04.495188+00:00 [queued]>
[2023-01-27T16:25:16.003+0000] {taskinstance.py:1087} INFO - Dependencies all met for <TaskInstance: Streaming_pipeline_meli.consumer_data_of_topic manual__2023-01-23T22:03:04.495188+00:00 [queued]>
[2023-01-27T16:25:16.003+0000] {taskinstance.py:1283} INFO - 
--------------------------------------------------------------------------------
[2023-01-27T16:25:16.003+0000] {taskinstance.py:1284} INFO - Starting attempt 278 of 280
[2023-01-27T16:25:16.003+0000] {taskinstance.py:1285} INFO - 
--------------------------------------------------------------------------------
[2023-01-27T16:25:16.015+0000] {taskinstance.py:1304} INFO - Executing <Task(SparkSubmitOperator): consumer_data_of_topic> on 2023-01-23 22:03:04.495188+00:00
[2023-01-27T16:25:16.019+0000] {standard_task_runner.py:55} INFO - Started process 379 to run task
[2023-01-27T16:25:16.022+0000] {standard_task_runner.py:82} INFO - Running: ['***', 'tasks', 'run', 'Streaming_pipeline_meli', 'consumer_data_of_topic', 'manual__2023-01-23T22:03:04.495188+00:00', '--job-id', '1095', '--raw', '--subdir', 'DAGS_FOLDER/producer_dag.py', '--cfg-path', '/tmp/tmpkckiewk1']
[2023-01-27T16:25:16.023+0000] {standard_task_runner.py:83} INFO - Job 1095: Subtask consumer_data_of_topic
[2023-01-27T16:25:16.079+0000] {task_command.py:389} INFO - Running <TaskInstance: Streaming_pipeline_meli.consumer_data_of_topic manual__2023-01-23T22:03:04.495188+00:00 [running]> on host 502660defd2e
[2023-01-27T16:25:16.142+0000] {taskinstance.py:1513} INFO - Exporting the following env vars:
AIRFLOW_CTX_DAG_OWNER=***
AIRFLOW_CTX_DAG_ID=Streaming_pipeline_meli
AIRFLOW_CTX_TASK_ID=consumer_data_of_topic
AIRFLOW_CTX_EXECUTION_DATE=2023-01-23T22:03:04.495188+00:00
AIRFLOW_CTX_TRY_NUMBER=278
AIRFLOW_CTX_DAG_RUN_ID=manual__2023-01-23T22:03:04.495188+00:00
[2023-01-27T16:25:16.149+0000] {base.py:73} INFO - Using connection ID 'spark_default' for task execution.
[2023-01-27T16:25:16.150+0000] {spark_submit.py:344} INFO - Spark-Submit cmd: spark-submit --master spark://tomi-H310:7077 --packages org.apache.spark:spark-sql-kafka-0-10_2.12:3.1.3,org.mongodb.spark:mongo-spark-connector_2.12:3.0.1 --name arrow-spark --queue root.default /opt/***/dags/consumerSpark.py
[2023-01-27T16:25:16.254+0000] {spark_submit.py:495} INFO - /home/***/.local/lib/python3.7/site-packages/pyspark/bin/load-spark-env.sh: line 68: ps: command not found
[2023-01-27T16:25:17.745+0000] {spark_submit.py:495} INFO - :: loading settings :: url = jar:file:/home/***/.local/lib/python3.7/site-packages/pyspark/jars/ivy-2.5.0.jar!/org/apache/ivy/core/settings/ivysettings.xml
[2023-01-27T16:25:17.811+0000] {spark_submit.py:495} INFO - Ivy Default Cache set to: /home/***/.ivy2/cache
[2023-01-27T16:25:17.812+0000] {spark_submit.py:495} INFO - The jars for the packages stored in: /home/***/.ivy2/jars
[2023-01-27T16:25:17.816+0000] {spark_submit.py:495} INFO - org.apache.spark#spark-sql-kafka-0-10_2.12 added as a dependency
[2023-01-27T16:25:17.817+0000] {spark_submit.py:495} INFO - org.mongodb.spark#mongo-spark-connector_2.12 added as a dependency
[2023-01-27T16:25:17.819+0000] {spark_submit.py:495} INFO - :: resolving dependencies :: org.apache.spark#spark-submit-parent-ec02af92-4ac9-4d4c-9a64-52f1c623732f;1.0
[2023-01-27T16:25:17.819+0000] {spark_submit.py:495} INFO - confs: [default]
[2023-01-27T16:25:21.788+0000] {spark_submit.py:495} INFO - found org.apache.spark#spark-sql-kafka-0-10_2.12;3.1.3 in central
[2023-01-27T16:25:22.314+0000] {spark_submit.py:495} INFO - found org.apache.spark#spark-token-provider-kafka-0-10_2.12;3.1.3 in central
[2023-01-27T16:25:22.653+0000] {spark_submit.py:495} INFO - found org.apache.kafka#kafka-clients;2.6.0 in central
[2023-01-27T16:25:23.001+0000] {spark_submit.py:495} INFO - found com.github.luben#zstd-jni;1.4.8-1 in central
[2023-01-27T16:25:23.359+0000] {spark_submit.py:495} INFO - found org.lz4#lz4-java;1.7.1 in central
[2023-01-27T16:25:23.742+0000] {spark_submit.py:495} INFO - found org.xerial.snappy#snappy-java;1.1.8.2 in central
[2023-01-27T16:25:25.414+0000] {spark_submit.py:495} INFO - found org.slf4j#slf4j-api;1.7.30 in central
[2023-01-27T16:25:26.332+0000] {spark_submit.py:495} INFO - found org.spark-project.spark#unused;1.0.0 in central
[2023-01-27T16:25:29.237+0000] {spark_submit.py:495} INFO - found org.apache.commons#commons-pool2;2.6.2 in central
[2023-01-27T16:25:29.569+0000] {spark_submit.py:495} INFO - found org.mongodb.spark#mongo-spark-connector_2.12;3.0.1 in central
[2023-01-27T16:25:29.909+0000] {spark_submit.py:495} INFO - found org.mongodb#mongodb-driver-sync;4.0.5 in central
[2023-01-27T16:25:30.251+0000] {spark_submit.py:495} INFO - found org.mongodb#bson;4.0.5 in central
[2023-01-27T16:25:30.577+0000] {spark_submit.py:495} INFO - found org.mongodb#mongodb-driver-core;4.0.5 in central
[2023-01-27T16:25:30.749+0000] {spark_submit.py:495} INFO - downloading https://repo1.maven.org/maven2/org/apache/spark/spark-sql-kafka-0-10_2.12/3.1.3/spark-sql-kafka-0-10_2.12-3.1.3.jar ...
[2023-01-27T16:25:31.174+0000] {spark_submit.py:495} INFO - [SUCCESSFUL ] org.apache.spark#spark-sql-kafka-0-10_2.12;3.1.3!spark-sql-kafka-0-10_2.12.jar (588ms)
[2023-01-27T16:25:31.339+0000] {spark_submit.py:495} INFO - downloading https://repo1.maven.org/maven2/org/mongodb/spark/mongo-spark-connector_2.12/3.0.1/mongo-spark-connector_2.12-3.0.1.jar ...
[2023-01-27T16:25:31.666+0000] {spark_submit.py:495} INFO - [SUCCESSFUL ] org.mongodb.spark#mongo-spark-connector_2.12;3.0.1!mongo-spark-connector_2.12.jar (491ms)
[2023-01-27T16:25:31.831+0000] {spark_submit.py:495} INFO - downloading https://repo1.maven.org/maven2/org/apache/spark/spark-token-provider-kafka-0-10_2.12/3.1.3/spark-token-provider-kafka-0-10_2.12-3.1.3.jar ...
[2023-01-27T16:25:32.001+0000] {spark_submit.py:495} INFO - [SUCCESSFUL ] org.apache.spark#spark-token-provider-kafka-0-10_2.12;3.1.3!spark-token-provider-kafka-0-10_2.12.jar (333ms)
[2023-01-27T16:25:32.174+0000] {spark_submit.py:495} INFO - downloading https://repo1.maven.org/maven2/org/apache/kafka/kafka-clients/2.6.0/kafka-clients-2.6.0.jar ...
[2023-01-27T16:25:32.728+0000] {spark_submit.py:495} INFO - [SUCCESSFUL ] org.apache.kafka#kafka-clients;2.6.0!kafka-clients.jar (724ms)
[2023-01-27T16:25:32.902+0000] {spark_submit.py:495} INFO - downloading https://repo1.maven.org/maven2/org/apache/commons/commons-pool2/2.6.2/commons-pool2-2.6.2.jar ...
[2023-01-27T16:25:33.080+0000] {spark_submit.py:495} INFO - [SUCCESSFUL ] org.apache.commons#commons-pool2;2.6.2!commons-pool2.jar (351ms)
[2023-01-27T16:25:33.249+0000] {spark_submit.py:495} INFO - downloading https://repo1.maven.org/maven2/org/spark-project/spark/unused/1.0.0/unused-1.0.0.jar ...
[2023-01-27T16:25:33.411+0000] {spark_submit.py:495} INFO - [SUCCESSFUL ] org.spark-project.spark#unused;1.0.0!unused.jar (330ms)
[2023-01-27T16:25:33.576+0000] {spark_submit.py:495} INFO - downloading https://repo1.maven.org/maven2/com/github/luben/zstd-jni/1.4.8-1/zstd-jni-1.4.8-1.jar ...
[2023-01-27T16:25:34.284+0000] {spark_submit.py:495} INFO - [SUCCESSFUL ] com.github.luben#zstd-jni;1.4.8-1!zstd-jni.jar (870ms)
[2023-01-27T16:25:34.446+0000] {spark_submit.py:495} INFO - downloading https://repo1.maven.org/maven2/org/lz4/lz4-java/1.7.1/lz4-java-1.7.1.jar ...
[2023-01-27T16:25:34.660+0000] {spark_submit.py:495} INFO - [SUCCESSFUL ] org.lz4#lz4-java;1.7.1!lz4-java.jar (376ms)
[2023-01-27T16:25:34.825+0000] {spark_submit.py:495} INFO - downloading https://repo1.maven.org/maven2/org/xerial/snappy/snappy-java/1.1.8.2/snappy-java-1.1.8.2.jar ...
[2023-01-27T16:25:35.168+0000] {spark_submit.py:495} INFO - [SUCCESSFUL ] org.xerial.snappy#snappy-java;1.1.8.2!snappy-java.jar(bundle) (505ms)
[2023-01-27T16:25:35.330+0000] {spark_submit.py:495} INFO - downloading https://repo1.maven.org/maven2/org/slf4j/slf4j-api/1.7.30/slf4j-api-1.7.30.jar ...
[2023-01-27T16:25:35.495+0000] {spark_submit.py:495} INFO - [SUCCESSFUL ] org.slf4j#slf4j-api;1.7.30!slf4j-api.jar (327ms)
[2023-01-27T16:25:35.657+0000] {spark_submit.py:495} INFO - downloading https://repo1.maven.org/maven2/org/mongodb/mongodb-driver-sync/4.0.5/mongodb-driver-sync-4.0.5.jar ...
[2023-01-27T16:25:35.826+0000] {spark_submit.py:495} INFO - [SUCCESSFUL ] org.mongodb#mongodb-driver-sync;4.0.5!mongodb-driver-sync.jar (329ms)
[2023-01-27T16:25:35.990+0000] {spark_submit.py:495} INFO - downloading https://repo1.maven.org/maven2/org/mongodb/bson/4.0.5/bson-4.0.5.jar ...
[2023-01-27T16:25:36.195+0000] {spark_submit.py:495} INFO - [SUCCESSFUL ] org.mongodb#bson;4.0.5!bson.jar (367ms)
[2023-01-27T16:25:36.366+0000] {spark_submit.py:495} INFO - downloading https://repo1.maven.org/maven2/org/mongodb/mongodb-driver-core/4.0.5/mongodb-driver-core-4.0.5.jar ...
[2023-01-27T16:25:36.662+0000] {spark_submit.py:495} INFO - [SUCCESSFUL ] org.mongodb#mongodb-driver-core;4.0.5!mongodb-driver-core.jar (467ms)
[2023-01-27T16:25:36.662+0000] {spark_submit.py:495} INFO - :: resolution report :: resolve 12768ms :: artifacts dl 6076ms
[2023-01-27T16:25:36.662+0000] {spark_submit.py:495} INFO - :: modules in use:
[2023-01-27T16:25:36.662+0000] {spark_submit.py:495} INFO - com.github.luben#zstd-jni;1.4.8-1 from central in [default]
[2023-01-27T16:25:36.662+0000] {spark_submit.py:495} INFO - org.apache.commons#commons-pool2;2.6.2 from central in [default]
[2023-01-27T16:25:36.663+0000] {spark_submit.py:495} INFO - org.apache.kafka#kafka-clients;2.6.0 from central in [default]
[2023-01-27T16:25:36.663+0000] {spark_submit.py:495} INFO - org.apache.spark#spark-sql-kafka-0-10_2.12;3.1.3 from central in [default]
[2023-01-27T16:25:36.663+0000] {spark_submit.py:495} INFO - org.apache.spark#spark-token-provider-kafka-0-10_2.12;3.1.3 from central in [default]
[2023-01-27T16:25:36.663+0000] {spark_submit.py:495} INFO - org.lz4#lz4-java;1.7.1 from central in [default]
[2023-01-27T16:25:36.663+0000] {spark_submit.py:495} INFO - org.mongodb#bson;4.0.5 from central in [default]
[2023-01-27T16:25:36.663+0000] {spark_submit.py:495} INFO - org.mongodb#mongodb-driver-core;4.0.5 from central in [default]
[2023-01-27T16:25:36.663+0000] {spark_submit.py:495} INFO - org.mongodb#mongodb-driver-sync;4.0.5 from central in [default]
[2023-01-27T16:25:36.663+0000] {spark_submit.py:495} INFO - org.mongodb.spark#mongo-spark-connector_2.12;3.0.1 from central in [default]
[2023-01-27T16:25:36.663+0000] {spark_submit.py:495} INFO - org.slf4j#slf4j-api;1.7.30 from central in [default]
[2023-01-27T16:25:36.663+0000] {spark_submit.py:495} INFO - org.spark-project.spark#unused;1.0.0 from central in [default]
[2023-01-27T16:25:36.663+0000] {spark_submit.py:495} INFO - org.xerial.snappy#snappy-java;1.1.8.2 from central in [default]
[2023-01-27T16:25:36.663+0000] {spark_submit.py:495} INFO - ---------------------------------------------------------------------
[2023-01-27T16:25:36.664+0000] {spark_submit.py:495} INFO - |                  |            modules            ||   artifacts   |
[2023-01-27T16:25:36.664+0000] {spark_submit.py:495} INFO - |       conf       | number| search|dwnlded|evicted|| number|dwnlded|
[2023-01-27T16:25:36.664+0000] {spark_submit.py:495} INFO - ---------------------------------------------------------------------
[2023-01-27T16:25:36.664+0000] {spark_submit.py:495} INFO - |      default     |   13  |   13  |   13  |   0   ||   13  |   13  |
[2023-01-27T16:25:36.664+0000] {spark_submit.py:495} INFO - ---------------------------------------------------------------------
[2023-01-27T16:25:36.667+0000] {spark_submit.py:495} INFO - :: retrieving :: org.apache.spark#spark-submit-parent-ec02af92-4ac9-4d4c-9a64-52f1c623732f
[2023-01-27T16:25:36.667+0000] {spark_submit.py:495} INFO - confs: [default]
[2023-01-27T16:25:36.688+0000] {spark_submit.py:495} INFO - 13 artifacts copied, 0 already retrieved (15812kB/21ms)
[2023-01-27T16:25:36.866+0000] {spark_submit.py:495} INFO - 23/01/27 16:25:36 WARN NativeCodeLoader: Unable to load native-hadoop library for your platform... using builtin-java classes where applicable
[2023-01-27T16:25:38.406+0000] {spark_submit.py:495} INFO - 23/01/27 16:25:38 INFO SparkContext: Running Spark version 3.3.1
[2023-01-27T16:25:38.423+0000] {spark_submit.py:495} INFO - 23/01/27 16:25:38 INFO ResourceUtils: ==============================================================
[2023-01-27T16:25:38.423+0000] {spark_submit.py:495} INFO - 23/01/27 16:25:38 INFO ResourceUtils: No custom resources configured for spark.driver.
[2023-01-27T16:25:38.423+0000] {spark_submit.py:495} INFO - 23/01/27 16:25:38 INFO ResourceUtils: ==============================================================
[2023-01-27T16:25:38.424+0000] {spark_submit.py:495} INFO - 23/01/27 16:25:38 INFO SparkContext: Submitted application: arrow-spark
[2023-01-27T16:25:38.440+0000] {spark_submit.py:495} INFO - 23/01/27 16:25:38 INFO ResourceProfile: Default ResourceProfile created, executor resources: Map(cores -> name: cores, amount: 1, script: , vendor: , memory -> name: memory, amount: 1024, script: , vendor: , offHeap -> name: offHeap, amount: 0, script: , vendor: ), task resources: Map(cpus -> name: cpus, amount: 1.0)
[2023-01-27T16:25:38.451+0000] {spark_submit.py:495} INFO - 23/01/27 16:25:38 INFO ResourceProfile: Limiting resource is cpu
[2023-01-27T16:25:38.452+0000] {spark_submit.py:495} INFO - 23/01/27 16:25:38 INFO ResourceProfileManager: Added ResourceProfile id: 0
[2023-01-27T16:25:38.498+0000] {spark_submit.py:495} INFO - 23/01/27 16:25:38 INFO SecurityManager: Changing view acls to: default
[2023-01-27T16:25:38.499+0000] {spark_submit.py:495} INFO - 23/01/27 16:25:38 INFO SecurityManager: Changing modify acls to: default
[2023-01-27T16:25:38.500+0000] {spark_submit.py:495} INFO - 23/01/27 16:25:38 INFO SecurityManager: Changing view acls groups to:
[2023-01-27T16:25:38.501+0000] {spark_submit.py:495} INFO - 23/01/27 16:25:38 INFO SecurityManager: Changing modify acls groups to:
[2023-01-27T16:25:38.501+0000] {spark_submit.py:495} INFO - 23/01/27 16:25:38 INFO SecurityManager: SecurityManager: authentication disabled; ui acls disabled; users  with view permissions: Set(default); groups with view permissions: Set(); users  with modify permissions: Set(default); groups with modify permissions: Set()
[2023-01-27T16:25:38.685+0000] {spark_submit.py:495} INFO - 23/01/27 16:25:38 INFO Utils: Successfully started service 'sparkDriver' on port 42661.
[2023-01-27T16:25:38.704+0000] {spark_submit.py:495} INFO - 23/01/27 16:25:38 INFO SparkEnv: Registering MapOutputTracker
[2023-01-27T16:25:38.729+0000] {spark_submit.py:495} INFO - 23/01/27 16:25:38 INFO SparkEnv: Registering BlockManagerMaster
[2023-01-27T16:25:38.745+0000] {spark_submit.py:495} INFO - 23/01/27 16:25:38 INFO BlockManagerMasterEndpoint: Using org.apache.spark.storage.DefaultTopologyMapper for getting topology information
[2023-01-27T16:25:38.746+0000] {spark_submit.py:495} INFO - 23/01/27 16:25:38 INFO BlockManagerMasterEndpoint: BlockManagerMasterEndpoint up
[2023-01-27T16:25:38.751+0000] {spark_submit.py:495} INFO - 23/01/27 16:25:38 INFO SparkEnv: Registering BlockManagerMasterHeartbeat
[2023-01-27T16:25:38.772+0000] {spark_submit.py:495} INFO - 23/01/27 16:25:38 INFO DiskBlockManager: Created local directory at /tmp/blockmgr-3305c970-6577-4224-a0a8-090830c1084a
[2023-01-27T16:25:38.789+0000] {spark_submit.py:495} INFO - 23/01/27 16:25:38 INFO MemoryStore: MemoryStore started with capacity 434.4 MiB
[2023-01-27T16:25:38.802+0000] {spark_submit.py:495} INFO - 23/01/27 16:25:38 INFO SparkEnv: Registering OutputCommitCoordinator
[2023-01-27T16:25:38.985+0000] {spark_submit.py:495} INFO - 23/01/27 16:25:38 INFO Utils: Successfully started service 'SparkUI' on port 4040.
[2023-01-27T16:25:39.014+0000] {spark_submit.py:495} INFO - 23/01/27 16:25:39 INFO SparkContext: Added JAR file:///home/***/.ivy2/jars/org.apache.spark_spark-sql-kafka-0-10_2.12-3.1.3.jar at spark://502660defd2e:42661/jars/org.apache.spark_spark-sql-kafka-0-10_2.12-3.1.3.jar with timestamp 1674836738400
[2023-01-27T16:25:39.014+0000] {spark_submit.py:495} INFO - 23/01/27 16:25:39 INFO SparkContext: Added JAR file:///home/***/.ivy2/jars/org.mongodb.spark_mongo-spark-connector_2.12-3.0.1.jar at spark://502660defd2e:42661/jars/org.mongodb.spark_mongo-spark-connector_2.12-3.0.1.jar with timestamp 1674836738400
[2023-01-27T16:25:39.015+0000] {spark_submit.py:495} INFO - 23/01/27 16:25:39 INFO SparkContext: Added JAR file:///home/***/.ivy2/jars/org.apache.spark_spark-token-provider-kafka-0-10_2.12-3.1.3.jar at spark://502660defd2e:42661/jars/org.apache.spark_spark-token-provider-kafka-0-10_2.12-3.1.3.jar with timestamp 1674836738400
[2023-01-27T16:25:39.015+0000] {spark_submit.py:495} INFO - 23/01/27 16:25:39 INFO SparkContext: Added JAR file:///home/***/.ivy2/jars/org.apache.kafka_kafka-clients-2.6.0.jar at spark://502660defd2e:42661/jars/org.apache.kafka_kafka-clients-2.6.0.jar with timestamp 1674836738400
[2023-01-27T16:25:39.015+0000] {spark_submit.py:495} INFO - 23/01/27 16:25:39 INFO SparkContext: Added JAR file:///home/***/.ivy2/jars/org.apache.commons_commons-pool2-2.6.2.jar at spark://502660defd2e:42661/jars/org.apache.commons_commons-pool2-2.6.2.jar with timestamp 1674836738400
[2023-01-27T16:25:39.015+0000] {spark_submit.py:495} INFO - 23/01/27 16:25:39 INFO SparkContext: Added JAR file:///home/***/.ivy2/jars/org.spark-project.spark_unused-1.0.0.jar at spark://502660defd2e:42661/jars/org.spark-project.spark_unused-1.0.0.jar with timestamp 1674836738400
[2023-01-27T16:25:39.015+0000] {spark_submit.py:495} INFO - 23/01/27 16:25:39 INFO SparkContext: Added JAR file:///home/***/.ivy2/jars/com.github.luben_zstd-jni-1.4.8-1.jar at spark://502660defd2e:42661/jars/com.github.luben_zstd-jni-1.4.8-1.jar with timestamp 1674836738400
[2023-01-27T16:25:39.015+0000] {spark_submit.py:495} INFO - 23/01/27 16:25:39 INFO SparkContext: Added JAR file:///home/***/.ivy2/jars/org.lz4_lz4-java-1.7.1.jar at spark://502660defd2e:42661/jars/org.lz4_lz4-java-1.7.1.jar with timestamp 1674836738400
[2023-01-27T16:25:39.015+0000] {spark_submit.py:495} INFO - 23/01/27 16:25:39 INFO SparkContext: Added JAR file:///home/***/.ivy2/jars/org.xerial.snappy_snappy-java-1.1.8.2.jar at spark://502660defd2e:42661/jars/org.xerial.snappy_snappy-java-1.1.8.2.jar with timestamp 1674836738400
[2023-01-27T16:25:39.015+0000] {spark_submit.py:495} INFO - 23/01/27 16:25:39 INFO SparkContext: Added JAR file:///home/***/.ivy2/jars/org.slf4j_slf4j-api-1.7.30.jar at spark://502660defd2e:42661/jars/org.slf4j_slf4j-api-1.7.30.jar with timestamp 1674836738400
[2023-01-27T16:25:39.016+0000] {spark_submit.py:495} INFO - 23/01/27 16:25:39 INFO SparkContext: Added JAR file:///home/***/.ivy2/jars/org.mongodb_mongodb-driver-sync-4.0.5.jar at spark://502660defd2e:42661/jars/org.mongodb_mongodb-driver-sync-4.0.5.jar with timestamp 1674836738400
[2023-01-27T16:25:39.016+0000] {spark_submit.py:495} INFO - 23/01/27 16:25:39 INFO SparkContext: Added JAR file:///home/***/.ivy2/jars/org.mongodb_bson-4.0.5.jar at spark://502660defd2e:42661/jars/org.mongodb_bson-4.0.5.jar with timestamp 1674836738400
[2023-01-27T16:25:39.016+0000] {spark_submit.py:495} INFO - 23/01/27 16:25:39 INFO SparkContext: Added JAR file:///home/***/.ivy2/jars/org.mongodb_mongodb-driver-core-4.0.5.jar at spark://502660defd2e:42661/jars/org.mongodb_mongodb-driver-core-4.0.5.jar with timestamp 1674836738400
[2023-01-27T16:25:39.017+0000] {spark_submit.py:495} INFO - 23/01/27 16:25:39 INFO SparkContext: Added file file:///home/***/.ivy2/jars/org.apache.spark_spark-sql-kafka-0-10_2.12-3.1.3.jar at file:///home/***/.ivy2/jars/org.apache.spark_spark-sql-kafka-0-10_2.12-3.1.3.jar with timestamp 1674836738400
[2023-01-27T16:25:39.018+0000] {spark_submit.py:495} INFO - 23/01/27 16:25:39 INFO Utils: Copying /home/***/.ivy2/jars/org.apache.spark_spark-sql-kafka-0-10_2.12-3.1.3.jar to /tmp/spark-2356a0f5-8651-4918-93da-85bd8e8a06bd/userFiles-894cfa97-f080-450a-9fd2-4ae24aa665ed/org.apache.spark_spark-sql-kafka-0-10_2.12-3.1.3.jar
[2023-01-27T16:25:39.041+0000] {spark_submit.py:495} INFO - 23/01/27 16:25:39 INFO SparkContext: Added file file:///home/***/.ivy2/jars/org.mongodb.spark_mongo-spark-connector_2.12-3.0.1.jar at file:///home/***/.ivy2/jars/org.mongodb.spark_mongo-spark-connector_2.12-3.0.1.jar with timestamp 1674836738400
[2023-01-27T16:25:39.042+0000] {spark_submit.py:495} INFO - 23/01/27 16:25:39 INFO Utils: Copying /home/***/.ivy2/jars/org.mongodb.spark_mongo-spark-connector_2.12-3.0.1.jar to /tmp/spark-2356a0f5-8651-4918-93da-85bd8e8a06bd/userFiles-894cfa97-f080-450a-9fd2-4ae24aa665ed/org.mongodb.spark_mongo-spark-connector_2.12-3.0.1.jar
[2023-01-27T16:25:39.051+0000] {spark_submit.py:495} INFO - 23/01/27 16:25:39 INFO SparkContext: Added file file:///home/***/.ivy2/jars/org.apache.spark_spark-token-provider-kafka-0-10_2.12-3.1.3.jar at file:///home/***/.ivy2/jars/org.apache.spark_spark-token-provider-kafka-0-10_2.12-3.1.3.jar with timestamp 1674836738400
[2023-01-27T16:25:39.052+0000] {spark_submit.py:495} INFO - 23/01/27 16:25:39 INFO Utils: Copying /home/***/.ivy2/jars/org.apache.spark_spark-token-provider-kafka-0-10_2.12-3.1.3.jar to /tmp/spark-2356a0f5-8651-4918-93da-85bd8e8a06bd/userFiles-894cfa97-f080-450a-9fd2-4ae24aa665ed/org.apache.spark_spark-token-provider-kafka-0-10_2.12-3.1.3.jar
[2023-01-27T16:25:39.055+0000] {spark_submit.py:495} INFO - 23/01/27 16:25:39 INFO SparkContext: Added file file:///home/***/.ivy2/jars/org.apache.kafka_kafka-clients-2.6.0.jar at file:///home/***/.ivy2/jars/org.apache.kafka_kafka-clients-2.6.0.jar with timestamp 1674836738400
[2023-01-27T16:25:39.055+0000] {spark_submit.py:495} INFO - 23/01/27 16:25:39 INFO Utils: Copying /home/***/.ivy2/jars/org.apache.kafka_kafka-clients-2.6.0.jar to /tmp/spark-2356a0f5-8651-4918-93da-85bd8e8a06bd/userFiles-894cfa97-f080-450a-9fd2-4ae24aa665ed/org.apache.kafka_kafka-clients-2.6.0.jar
[2023-01-27T16:25:39.061+0000] {spark_submit.py:495} INFO - 23/01/27 16:25:39 INFO SparkContext: Added file file:///home/***/.ivy2/jars/org.apache.commons_commons-pool2-2.6.2.jar at file:///home/***/.ivy2/jars/org.apache.commons_commons-pool2-2.6.2.jar with timestamp 1674836738400
[2023-01-27T16:25:39.062+0000] {spark_submit.py:495} INFO - 23/01/27 16:25:39 INFO Utils: Copying /home/***/.ivy2/jars/org.apache.commons_commons-pool2-2.6.2.jar to /tmp/spark-2356a0f5-8651-4918-93da-85bd8e8a06bd/userFiles-894cfa97-f080-450a-9fd2-4ae24aa665ed/org.apache.commons_commons-pool2-2.6.2.jar
[2023-01-27T16:25:39.065+0000] {spark_submit.py:495} INFO - 23/01/27 16:25:39 INFO SparkContext: Added file file:///home/***/.ivy2/jars/org.spark-project.spark_unused-1.0.0.jar at file:///home/***/.ivy2/jars/org.spark-project.spark_unused-1.0.0.jar with timestamp 1674836738400
[2023-01-27T16:25:39.065+0000] {spark_submit.py:495} INFO - 23/01/27 16:25:39 INFO Utils: Copying /home/***/.ivy2/jars/org.spark-project.spark_unused-1.0.0.jar to /tmp/spark-2356a0f5-8651-4918-93da-85bd8e8a06bd/userFiles-894cfa97-f080-450a-9fd2-4ae24aa665ed/org.spark-project.spark_unused-1.0.0.jar
[2023-01-27T16:25:39.068+0000] {spark_submit.py:495} INFO - 23/01/27 16:25:39 INFO SparkContext: Added file file:///home/***/.ivy2/jars/com.github.luben_zstd-jni-1.4.8-1.jar at file:///home/***/.ivy2/jars/com.github.luben_zstd-jni-1.4.8-1.jar with timestamp 1674836738400
[2023-01-27T16:25:39.068+0000] {spark_submit.py:495} INFO - 23/01/27 16:25:39 INFO Utils: Copying /home/***/.ivy2/jars/com.github.luben_zstd-jni-1.4.8-1.jar to /tmp/spark-2356a0f5-8651-4918-93da-85bd8e8a06bd/userFiles-894cfa97-f080-450a-9fd2-4ae24aa665ed/com.github.luben_zstd-jni-1.4.8-1.jar
[2023-01-27T16:25:39.077+0000] {spark_submit.py:495} INFO - 23/01/27 16:25:39 INFO SparkContext: Added file file:///home/***/.ivy2/jars/org.lz4_lz4-java-1.7.1.jar at file:///home/***/.ivy2/jars/org.lz4_lz4-java-1.7.1.jar with timestamp 1674836738400
[2023-01-27T16:25:39.077+0000] {spark_submit.py:495} INFO - 23/01/27 16:25:39 INFO Utils: Copying /home/***/.ivy2/jars/org.lz4_lz4-java-1.7.1.jar to /tmp/spark-2356a0f5-8651-4918-93da-85bd8e8a06bd/userFiles-894cfa97-f080-450a-9fd2-4ae24aa665ed/org.lz4_lz4-java-1.7.1.jar
[2023-01-27T16:25:39.081+0000] {spark_submit.py:495} INFO - 23/01/27 16:25:39 INFO SparkContext: Added file file:///home/***/.ivy2/jars/org.xerial.snappy_snappy-java-1.1.8.2.jar at file:///home/***/.ivy2/jars/org.xerial.snappy_snappy-java-1.1.8.2.jar with timestamp 1674836738400
[2023-01-27T16:25:39.081+0000] {spark_submit.py:495} INFO - 23/01/27 16:25:39 INFO Utils: Copying /home/***/.ivy2/jars/org.xerial.snappy_snappy-java-1.1.8.2.jar to /tmp/spark-2356a0f5-8651-4918-93da-85bd8e8a06bd/userFiles-894cfa97-f080-450a-9fd2-4ae24aa665ed/org.xerial.snappy_snappy-java-1.1.8.2.jar
[2023-01-27T16:25:39.086+0000] {spark_submit.py:495} INFO - 23/01/27 16:25:39 INFO SparkContext: Added file file:///home/***/.ivy2/jars/org.slf4j_slf4j-api-1.7.30.jar at file:///home/***/.ivy2/jars/org.slf4j_slf4j-api-1.7.30.jar with timestamp 1674836738400
[2023-01-27T16:25:39.086+0000] {spark_submit.py:495} INFO - 23/01/27 16:25:39 INFO Utils: Copying /home/***/.ivy2/jars/org.slf4j_slf4j-api-1.7.30.jar to /tmp/spark-2356a0f5-8651-4918-93da-85bd8e8a06bd/userFiles-894cfa97-f080-450a-9fd2-4ae24aa665ed/org.slf4j_slf4j-api-1.7.30.jar
[2023-01-27T16:25:39.093+0000] {spark_submit.py:495} INFO - 23/01/27 16:25:39 INFO SparkContext: Added file file:///home/***/.ivy2/jars/org.mongodb_mongodb-driver-sync-4.0.5.jar at file:///home/***/.ivy2/jars/org.mongodb_mongodb-driver-sync-4.0.5.jar with timestamp 1674836738400
[2023-01-27T16:25:39.093+0000] {spark_submit.py:495} INFO - 23/01/27 16:25:39 INFO Utils: Copying /home/***/.ivy2/jars/org.mongodb_mongodb-driver-sync-4.0.5.jar to /tmp/spark-2356a0f5-8651-4918-93da-85bd8e8a06bd/userFiles-894cfa97-f080-450a-9fd2-4ae24aa665ed/org.mongodb_mongodb-driver-sync-4.0.5.jar
[2023-01-27T16:25:39.097+0000] {spark_submit.py:495} INFO - 23/01/27 16:25:39 INFO SparkContext: Added file file:///home/***/.ivy2/jars/org.mongodb_bson-4.0.5.jar at file:///home/***/.ivy2/jars/org.mongodb_bson-4.0.5.jar with timestamp 1674836738400
[2023-01-27T16:25:39.097+0000] {spark_submit.py:495} INFO - 23/01/27 16:25:39 INFO Utils: Copying /home/***/.ivy2/jars/org.mongodb_bson-4.0.5.jar to /tmp/spark-2356a0f5-8651-4918-93da-85bd8e8a06bd/userFiles-894cfa97-f080-450a-9fd2-4ae24aa665ed/org.mongodb_bson-4.0.5.jar
[2023-01-27T16:25:39.101+0000] {spark_submit.py:495} INFO - 23/01/27 16:25:39 INFO SparkContext: Added file file:///home/***/.ivy2/jars/org.mongodb_mongodb-driver-core-4.0.5.jar at file:///home/***/.ivy2/jars/org.mongodb_mongodb-driver-core-4.0.5.jar with timestamp 1674836738400
[2023-01-27T16:25:39.101+0000] {spark_submit.py:495} INFO - 23/01/27 16:25:39 INFO Utils: Copying /home/***/.ivy2/jars/org.mongodb_mongodb-driver-core-4.0.5.jar to /tmp/spark-2356a0f5-8651-4918-93da-85bd8e8a06bd/userFiles-894cfa97-f080-450a-9fd2-4ae24aa665ed/org.mongodb_mongodb-driver-core-4.0.5.jar
[2023-01-27T16:25:39.154+0000] {spark_submit.py:495} INFO - 23/01/27 16:25:39 INFO Executor: Starting executor ID driver on host 502660defd2e
[2023-01-27T16:25:39.158+0000] {spark_submit.py:495} INFO - 23/01/27 16:25:39 INFO Executor: Starting executor with user classpath (userClassPathFirst = false): ''
[2023-01-27T16:25:39.166+0000] {spark_submit.py:495} INFO - 23/01/27 16:25:39 INFO Executor: Fetching file:///home/***/.ivy2/jars/org.apache.spark_spark-token-provider-kafka-0-10_2.12-3.1.3.jar with timestamp 1674836738400
[2023-01-27T16:25:39.184+0000] {spark_submit.py:495} INFO - 23/01/27 16:25:39 INFO Utils: /home/***/.ivy2/jars/org.apache.spark_spark-token-provider-kafka-0-10_2.12-3.1.3.jar has been previously copied to /tmp/spark-2356a0f5-8651-4918-93da-85bd8e8a06bd/userFiles-894cfa97-f080-450a-9fd2-4ae24aa665ed/org.apache.spark_spark-token-provider-kafka-0-10_2.12-3.1.3.jar
[2023-01-27T16:25:39.186+0000] {spark_submit.py:495} INFO - 23/01/27 16:25:39 INFO Executor: Fetching file:///home/***/.ivy2/jars/org.mongodb_mongodb-driver-sync-4.0.5.jar with timestamp 1674836738400
[2023-01-27T16:25:39.188+0000] {spark_submit.py:495} INFO - 23/01/27 16:25:39 INFO Utils: /home/***/.ivy2/jars/org.mongodb_mongodb-driver-sync-4.0.5.jar has been previously copied to /tmp/spark-2356a0f5-8651-4918-93da-85bd8e8a06bd/userFiles-894cfa97-f080-450a-9fd2-4ae24aa665ed/org.mongodb_mongodb-driver-sync-4.0.5.jar
[2023-01-27T16:25:39.194+0000] {spark_submit.py:495} INFO - 23/01/27 16:25:39 INFO Executor: Fetching file:///home/***/.ivy2/jars/org.apache.kafka_kafka-clients-2.6.0.jar with timestamp 1674836738400
[2023-01-27T16:25:39.197+0000] {spark_submit.py:495} INFO - 23/01/27 16:25:39 INFO Utils: /home/***/.ivy2/jars/org.apache.kafka_kafka-clients-2.6.0.jar has been previously copied to /tmp/spark-2356a0f5-8651-4918-93da-85bd8e8a06bd/userFiles-894cfa97-f080-450a-9fd2-4ae24aa665ed/org.apache.kafka_kafka-clients-2.6.0.jar
[2023-01-27T16:25:39.200+0000] {spark_submit.py:495} INFO - 23/01/27 16:25:39 INFO Executor: Fetching file:///home/***/.ivy2/jars/org.mongodb_bson-4.0.5.jar with timestamp 1674836738400
[2023-01-27T16:25:39.201+0000] {spark_submit.py:495} INFO - 23/01/27 16:25:39 INFO Utils: /home/***/.ivy2/jars/org.mongodb_bson-4.0.5.jar has been previously copied to /tmp/spark-2356a0f5-8651-4918-93da-85bd8e8a06bd/userFiles-894cfa97-f080-450a-9fd2-4ae24aa665ed/org.mongodb_bson-4.0.5.jar
[2023-01-27T16:25:39.203+0000] {spark_submit.py:495} INFO - 23/01/27 16:25:39 INFO Executor: Fetching file:///home/***/.ivy2/jars/com.github.luben_zstd-jni-1.4.8-1.jar with timestamp 1674836738400
[2023-01-27T16:25:39.209+0000] {spark_submit.py:495} INFO - 23/01/27 16:25:39 INFO Utils: /home/***/.ivy2/jars/com.github.luben_zstd-jni-1.4.8-1.jar has been previously copied to /tmp/spark-2356a0f5-8651-4918-93da-85bd8e8a06bd/userFiles-894cfa97-f080-450a-9fd2-4ae24aa665ed/com.github.luben_zstd-jni-1.4.8-1.jar
[2023-01-27T16:25:39.212+0000] {spark_submit.py:495} INFO - 23/01/27 16:25:39 INFO Executor: Fetching file:///home/***/.ivy2/jars/org.lz4_lz4-java-1.7.1.jar with timestamp 1674836738400
[2023-01-27T16:25:39.213+0000] {spark_submit.py:495} INFO - 23/01/27 16:25:39 INFO Utils: /home/***/.ivy2/jars/org.lz4_lz4-java-1.7.1.jar has been previously copied to /tmp/spark-2356a0f5-8651-4918-93da-85bd8e8a06bd/userFiles-894cfa97-f080-450a-9fd2-4ae24aa665ed/org.lz4_lz4-java-1.7.1.jar
[2023-01-27T16:25:39.216+0000] {spark_submit.py:495} INFO - 23/01/27 16:25:39 INFO Executor: Fetching file:///home/***/.ivy2/jars/org.spark-project.spark_unused-1.0.0.jar with timestamp 1674836738400
[2023-01-27T16:25:39.216+0000] {spark_submit.py:495} INFO - 23/01/27 16:25:39 INFO Utils: /home/***/.ivy2/jars/org.spark-project.spark_unused-1.0.0.jar has been previously copied to /tmp/spark-2356a0f5-8651-4918-93da-85bd8e8a06bd/userFiles-894cfa97-f080-450a-9fd2-4ae24aa665ed/org.spark-project.spark_unused-1.0.0.jar
[2023-01-27T16:25:39.219+0000] {spark_submit.py:495} INFO - 23/01/27 16:25:39 INFO Executor: Fetching file:///home/***/.ivy2/jars/org.xerial.snappy_snappy-java-1.1.8.2.jar with timestamp 1674836738400
[2023-01-27T16:25:39.221+0000] {spark_submit.py:495} INFO - 23/01/27 16:25:39 INFO Utils: /home/***/.ivy2/jars/org.xerial.snappy_snappy-java-1.1.8.2.jar has been previously copied to /tmp/spark-2356a0f5-8651-4918-93da-85bd8e8a06bd/userFiles-894cfa97-f080-450a-9fd2-4ae24aa665ed/org.xerial.snappy_snappy-java-1.1.8.2.jar
[2023-01-27T16:25:39.223+0000] {spark_submit.py:495} INFO - 23/01/27 16:25:39 INFO Executor: Fetching file:///home/***/.ivy2/jars/org.mongodb_mongodb-driver-core-4.0.5.jar with timestamp 1674836738400
[2023-01-27T16:25:39.225+0000] {spark_submit.py:495} INFO - 23/01/27 16:25:39 INFO Utils: /home/***/.ivy2/jars/org.mongodb_mongodb-driver-core-4.0.5.jar has been previously copied to /tmp/spark-2356a0f5-8651-4918-93da-85bd8e8a06bd/userFiles-894cfa97-f080-450a-9fd2-4ae24aa665ed/org.mongodb_mongodb-driver-core-4.0.5.jar
[2023-01-27T16:25:39.227+0000] {spark_submit.py:495} INFO - 23/01/27 16:25:39 INFO Executor: Fetching file:///home/***/.ivy2/jars/org.apache.spark_spark-sql-kafka-0-10_2.12-3.1.3.jar with timestamp 1674836738400
[2023-01-27T16:25:39.228+0000] {spark_submit.py:495} INFO - 23/01/27 16:25:39 INFO Utils: /home/***/.ivy2/jars/org.apache.spark_spark-sql-kafka-0-10_2.12-3.1.3.jar has been previously copied to /tmp/spark-2356a0f5-8651-4918-93da-85bd8e8a06bd/userFiles-894cfa97-f080-450a-9fd2-4ae24aa665ed/org.apache.spark_spark-sql-kafka-0-10_2.12-3.1.3.jar
[2023-01-27T16:25:39.231+0000] {spark_submit.py:495} INFO - 23/01/27 16:25:39 INFO Executor: Fetching file:///home/***/.ivy2/jars/org.mongodb.spark_mongo-spark-connector_2.12-3.0.1.jar with timestamp 1674836738400
[2023-01-27T16:25:39.231+0000] {spark_submit.py:495} INFO - 23/01/27 16:25:39 INFO Utils: /home/***/.ivy2/jars/org.mongodb.spark_mongo-spark-connector_2.12-3.0.1.jar has been previously copied to /tmp/spark-2356a0f5-8651-4918-93da-85bd8e8a06bd/userFiles-894cfa97-f080-450a-9fd2-4ae24aa665ed/org.mongodb.spark_mongo-spark-connector_2.12-3.0.1.jar
[2023-01-27T16:25:39.234+0000] {spark_submit.py:495} INFO - 23/01/27 16:25:39 INFO Executor: Fetching file:///home/***/.ivy2/jars/org.apache.commons_commons-pool2-2.6.2.jar with timestamp 1674836738400
[2023-01-27T16:25:39.234+0000] {spark_submit.py:495} INFO - 23/01/27 16:25:39 INFO Utils: /home/***/.ivy2/jars/org.apache.commons_commons-pool2-2.6.2.jar has been previously copied to /tmp/spark-2356a0f5-8651-4918-93da-85bd8e8a06bd/userFiles-894cfa97-f080-450a-9fd2-4ae24aa665ed/org.apache.commons_commons-pool2-2.6.2.jar
[2023-01-27T16:25:39.237+0000] {spark_submit.py:495} INFO - 23/01/27 16:25:39 INFO Executor: Fetching file:///home/***/.ivy2/jars/org.slf4j_slf4j-api-1.7.30.jar with timestamp 1674836738400
[2023-01-27T16:25:39.237+0000] {spark_submit.py:495} INFO - 23/01/27 16:25:39 INFO Utils: /home/***/.ivy2/jars/org.slf4j_slf4j-api-1.7.30.jar has been previously copied to /tmp/spark-2356a0f5-8651-4918-93da-85bd8e8a06bd/userFiles-894cfa97-f080-450a-9fd2-4ae24aa665ed/org.slf4j_slf4j-api-1.7.30.jar
[2023-01-27T16:25:39.241+0000] {spark_submit.py:495} INFO - 23/01/27 16:25:39 INFO Executor: Fetching spark://502660defd2e:42661/jars/org.apache.kafka_kafka-clients-2.6.0.jar with timestamp 1674836738400
[2023-01-27T16:25:39.269+0000] {spark_submit.py:495} INFO - 23/01/27 16:25:39 INFO TransportClientFactory: Successfully created connection to 502660defd2e/172.23.0.7:42661 after 20 ms (0 ms spent in bootstraps)
[2023-01-27T16:25:39.273+0000] {spark_submit.py:495} INFO - 23/01/27 16:25:39 INFO Utils: Fetching spark://502660defd2e:42661/jars/org.apache.kafka_kafka-clients-2.6.0.jar to /tmp/spark-2356a0f5-8651-4918-93da-85bd8e8a06bd/userFiles-894cfa97-f080-450a-9fd2-4ae24aa665ed/fetchFileTemp16163619590553586885.tmp
[2023-01-27T16:25:39.314+0000] {spark_submit.py:495} INFO - 23/01/27 16:25:39 INFO Utils: /tmp/spark-2356a0f5-8651-4918-93da-85bd8e8a06bd/userFiles-894cfa97-f080-450a-9fd2-4ae24aa665ed/fetchFileTemp16163619590553586885.tmp has been previously copied to /tmp/spark-2356a0f5-8651-4918-93da-85bd8e8a06bd/userFiles-894cfa97-f080-450a-9fd2-4ae24aa665ed/org.apache.kafka_kafka-clients-2.6.0.jar
[2023-01-27T16:25:39.324+0000] {spark_submit.py:495} INFO - 23/01/27 16:25:39 INFO Executor: Adding file:/tmp/spark-2356a0f5-8651-4918-93da-85bd8e8a06bd/userFiles-894cfa97-f080-450a-9fd2-4ae24aa665ed/org.apache.kafka_kafka-clients-2.6.0.jar to class loader
[2023-01-27T16:25:39.325+0000] {spark_submit.py:495} INFO - 23/01/27 16:25:39 INFO Executor: Fetching spark://502660defd2e:42661/jars/org.mongodb.spark_mongo-spark-connector_2.12-3.0.1.jar with timestamp 1674836738400
[2023-01-27T16:25:39.325+0000] {spark_submit.py:495} INFO - 23/01/27 16:25:39 INFO Utils: Fetching spark://502660defd2e:42661/jars/org.mongodb.spark_mongo-spark-connector_2.12-3.0.1.jar to /tmp/spark-2356a0f5-8651-4918-93da-85bd8e8a06bd/userFiles-894cfa97-f080-450a-9fd2-4ae24aa665ed/fetchFileTemp13676990630641646200.tmp
[2023-01-27T16:25:39.328+0000] {spark_submit.py:495} INFO - 23/01/27 16:25:39 INFO Utils: /tmp/spark-2356a0f5-8651-4918-93da-85bd8e8a06bd/userFiles-894cfa97-f080-450a-9fd2-4ae24aa665ed/fetchFileTemp13676990630641646200.tmp has been previously copied to /tmp/spark-2356a0f5-8651-4918-93da-85bd8e8a06bd/userFiles-894cfa97-f080-450a-9fd2-4ae24aa665ed/org.mongodb.spark_mongo-spark-connector_2.12-3.0.1.jar
[2023-01-27T16:25:39.331+0000] {spark_submit.py:495} INFO - 23/01/27 16:25:39 INFO Executor: Adding file:/tmp/spark-2356a0f5-8651-4918-93da-85bd8e8a06bd/userFiles-894cfa97-f080-450a-9fd2-4ae24aa665ed/org.mongodb.spark_mongo-spark-connector_2.12-3.0.1.jar to class loader
[2023-01-27T16:25:39.331+0000] {spark_submit.py:495} INFO - 23/01/27 16:25:39 INFO Executor: Fetching spark://502660defd2e:42661/jars/org.xerial.snappy_snappy-java-1.1.8.2.jar with timestamp 1674836738400
[2023-01-27T16:25:39.331+0000] {spark_submit.py:495} INFO - 23/01/27 16:25:39 INFO Utils: Fetching spark://502660defd2e:42661/jars/org.xerial.snappy_snappy-java-1.1.8.2.jar to /tmp/spark-2356a0f5-8651-4918-93da-85bd8e8a06bd/userFiles-894cfa97-f080-450a-9fd2-4ae24aa665ed/fetchFileTemp2914276166866647461.tmp
[2023-01-27T16:25:39.340+0000] {spark_submit.py:495} INFO - 23/01/27 16:25:39 INFO Utils: /tmp/spark-2356a0f5-8651-4918-93da-85bd8e8a06bd/userFiles-894cfa97-f080-450a-9fd2-4ae24aa665ed/fetchFileTemp2914276166866647461.tmp has been previously copied to /tmp/spark-2356a0f5-8651-4918-93da-85bd8e8a06bd/userFiles-894cfa97-f080-450a-9fd2-4ae24aa665ed/org.xerial.snappy_snappy-java-1.1.8.2.jar
[2023-01-27T16:25:39.349+0000] {spark_submit.py:495} INFO - 23/01/27 16:25:39 INFO Executor: Adding file:/tmp/spark-2356a0f5-8651-4918-93da-85bd8e8a06bd/userFiles-894cfa97-f080-450a-9fd2-4ae24aa665ed/org.xerial.snappy_snappy-java-1.1.8.2.jar to class loader
[2023-01-27T16:25:39.349+0000] {spark_submit.py:495} INFO - 23/01/27 16:25:39 INFO Executor: Fetching spark://502660defd2e:42661/jars/org.mongodb_mongodb-driver-core-4.0.5.jar with timestamp 1674836738400
[2023-01-27T16:25:39.349+0000] {spark_submit.py:495} INFO - 23/01/27 16:25:39 INFO Utils: Fetching spark://502660defd2e:42661/jars/org.mongodb_mongodb-driver-core-4.0.5.jar to /tmp/spark-2356a0f5-8651-4918-93da-85bd8e8a06bd/userFiles-894cfa97-f080-450a-9fd2-4ae24aa665ed/fetchFileTemp12760844979945007368.tmp
[2023-01-27T16:25:39.359+0000] {spark_submit.py:495} INFO - 23/01/27 16:25:39 INFO Utils: /tmp/spark-2356a0f5-8651-4918-93da-85bd8e8a06bd/userFiles-894cfa97-f080-450a-9fd2-4ae24aa665ed/fetchFileTemp12760844979945007368.tmp has been previously copied to /tmp/spark-2356a0f5-8651-4918-93da-85bd8e8a06bd/userFiles-894cfa97-f080-450a-9fd2-4ae24aa665ed/org.mongodb_mongodb-driver-core-4.0.5.jar
[2023-01-27T16:25:39.364+0000] {spark_submit.py:495} INFO - 23/01/27 16:25:39 INFO Executor: Adding file:/tmp/spark-2356a0f5-8651-4918-93da-85bd8e8a06bd/userFiles-894cfa97-f080-450a-9fd2-4ae24aa665ed/org.mongodb_mongodb-driver-core-4.0.5.jar to class loader
[2023-01-27T16:25:39.364+0000] {spark_submit.py:495} INFO - 23/01/27 16:25:39 INFO Executor: Fetching spark://502660defd2e:42661/jars/org.slf4j_slf4j-api-1.7.30.jar with timestamp 1674836738400
[2023-01-27T16:25:39.364+0000] {spark_submit.py:495} INFO - 23/01/27 16:25:39 INFO Utils: Fetching spark://502660defd2e:42661/jars/org.slf4j_slf4j-api-1.7.30.jar to /tmp/spark-2356a0f5-8651-4918-93da-85bd8e8a06bd/userFiles-894cfa97-f080-450a-9fd2-4ae24aa665ed/fetchFileTemp11488839109762451982.tmp
[2023-01-27T16:25:39.366+0000] {spark_submit.py:495} INFO - 23/01/27 16:25:39 INFO Utils: /tmp/spark-2356a0f5-8651-4918-93da-85bd8e8a06bd/userFiles-894cfa97-f080-450a-9fd2-4ae24aa665ed/fetchFileTemp11488839109762451982.tmp has been previously copied to /tmp/spark-2356a0f5-8651-4918-93da-85bd8e8a06bd/userFiles-894cfa97-f080-450a-9fd2-4ae24aa665ed/org.slf4j_slf4j-api-1.7.30.jar
[2023-01-27T16:25:39.368+0000] {spark_submit.py:495} INFO - 23/01/27 16:25:39 INFO Executor: Adding file:/tmp/spark-2356a0f5-8651-4918-93da-85bd8e8a06bd/userFiles-894cfa97-f080-450a-9fd2-4ae24aa665ed/org.slf4j_slf4j-api-1.7.30.jar to class loader
[2023-01-27T16:25:39.368+0000] {spark_submit.py:495} INFO - 23/01/27 16:25:39 INFO Executor: Fetching spark://502660defd2e:42661/jars/org.spark-project.spark_unused-1.0.0.jar with timestamp 1674836738400
[2023-01-27T16:25:39.369+0000] {spark_submit.py:495} INFO - 23/01/27 16:25:39 INFO Utils: Fetching spark://502660defd2e:42661/jars/org.spark-project.spark_unused-1.0.0.jar to /tmp/spark-2356a0f5-8651-4918-93da-85bd8e8a06bd/userFiles-894cfa97-f080-450a-9fd2-4ae24aa665ed/fetchFileTemp3728669852888113346.tmp
[2023-01-27T16:25:39.370+0000] {spark_submit.py:495} INFO - 23/01/27 16:25:39 INFO Utils: /tmp/spark-2356a0f5-8651-4918-93da-85bd8e8a06bd/userFiles-894cfa97-f080-450a-9fd2-4ae24aa665ed/fetchFileTemp3728669852888113346.tmp has been previously copied to /tmp/spark-2356a0f5-8651-4918-93da-85bd8e8a06bd/userFiles-894cfa97-f080-450a-9fd2-4ae24aa665ed/org.spark-project.spark_unused-1.0.0.jar
[2023-01-27T16:25:39.374+0000] {spark_submit.py:495} INFO - 23/01/27 16:25:39 INFO Executor: Adding file:/tmp/spark-2356a0f5-8651-4918-93da-85bd8e8a06bd/userFiles-894cfa97-f080-450a-9fd2-4ae24aa665ed/org.spark-project.spark_unused-1.0.0.jar to class loader
[2023-01-27T16:25:39.374+0000] {spark_submit.py:495} INFO - 23/01/27 16:25:39 INFO Executor: Fetching spark://502660defd2e:42661/jars/org.mongodb_bson-4.0.5.jar with timestamp 1674836738400
[2023-01-27T16:25:39.374+0000] {spark_submit.py:495} INFO - 23/01/27 16:25:39 INFO Utils: Fetching spark://502660defd2e:42661/jars/org.mongodb_bson-4.0.5.jar to /tmp/spark-2356a0f5-8651-4918-93da-85bd8e8a06bd/userFiles-894cfa97-f080-450a-9fd2-4ae24aa665ed/fetchFileTemp4776353462938055160.tmp
[2023-01-27T16:25:39.378+0000] {spark_submit.py:495} INFO - 23/01/27 16:25:39 INFO Utils: /tmp/spark-2356a0f5-8651-4918-93da-85bd8e8a06bd/userFiles-894cfa97-f080-450a-9fd2-4ae24aa665ed/fetchFileTemp4776353462938055160.tmp has been previously copied to /tmp/spark-2356a0f5-8651-4918-93da-85bd8e8a06bd/userFiles-894cfa97-f080-450a-9fd2-4ae24aa665ed/org.mongodb_bson-4.0.5.jar
[2023-01-27T16:25:39.388+0000] {spark_submit.py:495} INFO - 23/01/27 16:25:39 INFO Executor: Adding file:/tmp/spark-2356a0f5-8651-4918-93da-85bd8e8a06bd/userFiles-894cfa97-f080-450a-9fd2-4ae24aa665ed/org.mongodb_bson-4.0.5.jar to class loader
[2023-01-27T16:25:39.389+0000] {spark_submit.py:495} INFO - 23/01/27 16:25:39 INFO Executor: Fetching spark://502660defd2e:42661/jars/org.apache.spark_spark-token-provider-kafka-0-10_2.12-3.1.3.jar with timestamp 1674836738400
[2023-01-27T16:25:39.389+0000] {spark_submit.py:495} INFO - 23/01/27 16:25:39 INFO Utils: Fetching spark://502660defd2e:42661/jars/org.apache.spark_spark-token-provider-kafka-0-10_2.12-3.1.3.jar to /tmp/spark-2356a0f5-8651-4918-93da-85bd8e8a06bd/userFiles-894cfa97-f080-450a-9fd2-4ae24aa665ed/fetchFileTemp151598821067853551.tmp
[2023-01-27T16:25:39.389+0000] {spark_submit.py:495} INFO - 23/01/27 16:25:39 INFO Utils: /tmp/spark-2356a0f5-8651-4918-93da-85bd8e8a06bd/userFiles-894cfa97-f080-450a-9fd2-4ae24aa665ed/fetchFileTemp151598821067853551.tmp has been previously copied to /tmp/spark-2356a0f5-8651-4918-93da-85bd8e8a06bd/userFiles-894cfa97-f080-450a-9fd2-4ae24aa665ed/org.apache.spark_spark-token-provider-kafka-0-10_2.12-3.1.3.jar
[2023-01-27T16:25:39.389+0000] {spark_submit.py:495} INFO - 23/01/27 16:25:39 INFO Executor: Adding file:/tmp/spark-2356a0f5-8651-4918-93da-85bd8e8a06bd/userFiles-894cfa97-f080-450a-9fd2-4ae24aa665ed/org.apache.spark_spark-token-provider-kafka-0-10_2.12-3.1.3.jar to class loader
[2023-01-27T16:25:39.389+0000] {spark_submit.py:495} INFO - 23/01/27 16:25:39 INFO Executor: Fetching spark://502660defd2e:42661/jars/com.github.luben_zstd-jni-1.4.8-1.jar with timestamp 1674836738400
[2023-01-27T16:25:39.389+0000] {spark_submit.py:495} INFO - 23/01/27 16:25:39 INFO Utils: Fetching spark://502660defd2e:42661/jars/com.github.luben_zstd-jni-1.4.8-1.jar to /tmp/spark-2356a0f5-8651-4918-93da-85bd8e8a06bd/userFiles-894cfa97-f080-450a-9fd2-4ae24aa665ed/fetchFileTemp8979897044016115544.tmp
[2023-01-27T16:25:39.413+0000] {spark_submit.py:495} INFO - 23/01/27 16:25:39 INFO Utils: /tmp/spark-2356a0f5-8651-4918-93da-85bd8e8a06bd/userFiles-894cfa97-f080-450a-9fd2-4ae24aa665ed/fetchFileTemp8979897044016115544.tmp has been previously copied to /tmp/spark-2356a0f5-8651-4918-93da-85bd8e8a06bd/userFiles-894cfa97-f080-450a-9fd2-4ae24aa665ed/com.github.luben_zstd-jni-1.4.8-1.jar
[2023-01-27T16:25:39.424+0000] {spark_submit.py:495} INFO - 23/01/27 16:25:39 INFO Executor: Adding file:/tmp/spark-2356a0f5-8651-4918-93da-85bd8e8a06bd/userFiles-894cfa97-f080-450a-9fd2-4ae24aa665ed/com.github.luben_zstd-jni-1.4.8-1.jar to class loader
[2023-01-27T16:25:39.424+0000] {spark_submit.py:495} INFO - 23/01/27 16:25:39 INFO Executor: Fetching spark://502660defd2e:42661/jars/org.apache.commons_commons-pool2-2.6.2.jar with timestamp 1674836738400
[2023-01-27T16:25:39.425+0000] {spark_submit.py:495} INFO - 23/01/27 16:25:39 INFO Utils: Fetching spark://502660defd2e:42661/jars/org.apache.commons_commons-pool2-2.6.2.jar to /tmp/spark-2356a0f5-8651-4918-93da-85bd8e8a06bd/userFiles-894cfa97-f080-450a-9fd2-4ae24aa665ed/fetchFileTemp16321666870493594107.tmp
[2023-01-27T16:25:39.427+0000] {spark_submit.py:495} INFO - 23/01/27 16:25:39 INFO Utils: /tmp/spark-2356a0f5-8651-4918-93da-85bd8e8a06bd/userFiles-894cfa97-f080-450a-9fd2-4ae24aa665ed/fetchFileTemp16321666870493594107.tmp has been previously copied to /tmp/spark-2356a0f5-8651-4918-93da-85bd8e8a06bd/userFiles-894cfa97-f080-450a-9fd2-4ae24aa665ed/org.apache.commons_commons-pool2-2.6.2.jar
[2023-01-27T16:25:39.430+0000] {spark_submit.py:495} INFO - 23/01/27 16:25:39 INFO Executor: Adding file:/tmp/spark-2356a0f5-8651-4918-93da-85bd8e8a06bd/userFiles-894cfa97-f080-450a-9fd2-4ae24aa665ed/org.apache.commons_commons-pool2-2.6.2.jar to class loader
[2023-01-27T16:25:39.431+0000] {spark_submit.py:495} INFO - 23/01/27 16:25:39 INFO Executor: Fetching spark://502660defd2e:42661/jars/org.lz4_lz4-java-1.7.1.jar with timestamp 1674836738400
[2023-01-27T16:25:39.432+0000] {spark_submit.py:495} INFO - 23/01/27 16:25:39 INFO Utils: Fetching spark://502660defd2e:42661/jars/org.lz4_lz4-java-1.7.1.jar to /tmp/spark-2356a0f5-8651-4918-93da-85bd8e8a06bd/userFiles-894cfa97-f080-450a-9fd2-4ae24aa665ed/fetchFileTemp11433745798735009229.tmp
[2023-01-27T16:25:39.434+0000] {spark_submit.py:495} INFO - 23/01/27 16:25:39 INFO Utils: /tmp/spark-2356a0f5-8651-4918-93da-85bd8e8a06bd/userFiles-894cfa97-f080-450a-9fd2-4ae24aa665ed/fetchFileTemp11433745798735009229.tmp has been previously copied to /tmp/spark-2356a0f5-8651-4918-93da-85bd8e8a06bd/userFiles-894cfa97-f080-450a-9fd2-4ae24aa665ed/org.lz4_lz4-java-1.7.1.jar
[2023-01-27T16:25:39.438+0000] {spark_submit.py:495} INFO - 23/01/27 16:25:39 INFO Executor: Adding file:/tmp/spark-2356a0f5-8651-4918-93da-85bd8e8a06bd/userFiles-894cfa97-f080-450a-9fd2-4ae24aa665ed/org.lz4_lz4-java-1.7.1.jar to class loader
[2023-01-27T16:25:39.438+0000] {spark_submit.py:495} INFO - 23/01/27 16:25:39 INFO Executor: Fetching spark://502660defd2e:42661/jars/org.apache.spark_spark-sql-kafka-0-10_2.12-3.1.3.jar with timestamp 1674836738400
[2023-01-27T16:25:39.439+0000] {spark_submit.py:495} INFO - 23/01/27 16:25:39 INFO Utils: Fetching spark://502660defd2e:42661/jars/org.apache.spark_spark-sql-kafka-0-10_2.12-3.1.3.jar to /tmp/spark-2356a0f5-8651-4918-93da-85bd8e8a06bd/userFiles-894cfa97-f080-450a-9fd2-4ae24aa665ed/fetchFileTemp12966506403453833796.tmp
[2023-01-27T16:25:39.445+0000] {spark_submit.py:495} INFO - 23/01/27 16:25:39 INFO Utils: /tmp/spark-2356a0f5-8651-4918-93da-85bd8e8a06bd/userFiles-894cfa97-f080-450a-9fd2-4ae24aa665ed/fetchFileTemp12966506403453833796.tmp has been previously copied to /tmp/spark-2356a0f5-8651-4918-93da-85bd8e8a06bd/userFiles-894cfa97-f080-450a-9fd2-4ae24aa665ed/org.apache.spark_spark-sql-kafka-0-10_2.12-3.1.3.jar
[2023-01-27T16:25:39.448+0000] {spark_submit.py:495} INFO - 23/01/27 16:25:39 INFO Executor: Adding file:/tmp/spark-2356a0f5-8651-4918-93da-85bd8e8a06bd/userFiles-894cfa97-f080-450a-9fd2-4ae24aa665ed/org.apache.spark_spark-sql-kafka-0-10_2.12-3.1.3.jar to class loader
[2023-01-27T16:25:39.448+0000] {spark_submit.py:495} INFO - 23/01/27 16:25:39 INFO Executor: Fetching spark://502660defd2e:42661/jars/org.mongodb_mongodb-driver-sync-4.0.5.jar with timestamp 1674836738400
[2023-01-27T16:25:39.448+0000] {spark_submit.py:495} INFO - 23/01/27 16:25:39 INFO Utils: Fetching spark://502660defd2e:42661/jars/org.mongodb_mongodb-driver-sync-4.0.5.jar to /tmp/spark-2356a0f5-8651-4918-93da-85bd8e8a06bd/userFiles-894cfa97-f080-450a-9fd2-4ae24aa665ed/fetchFileTemp7062995677852687697.tmp
[2023-01-27T16:25:39.450+0000] {spark_submit.py:495} INFO - 23/01/27 16:25:39 INFO Utils: /tmp/spark-2356a0f5-8651-4918-93da-85bd8e8a06bd/userFiles-894cfa97-f080-450a-9fd2-4ae24aa665ed/fetchFileTemp7062995677852687697.tmp has been previously copied to /tmp/spark-2356a0f5-8651-4918-93da-85bd8e8a06bd/userFiles-894cfa97-f080-450a-9fd2-4ae24aa665ed/org.mongodb_mongodb-driver-sync-4.0.5.jar
[2023-01-27T16:25:39.453+0000] {spark_submit.py:495} INFO - 23/01/27 16:25:39 INFO Executor: Adding file:/tmp/spark-2356a0f5-8651-4918-93da-85bd8e8a06bd/userFiles-894cfa97-f080-450a-9fd2-4ae24aa665ed/org.mongodb_mongodb-driver-sync-4.0.5.jar to class loader
[2023-01-27T16:25:39.458+0000] {spark_submit.py:495} INFO - 23/01/27 16:25:39 INFO Utils: Successfully started service 'org.apache.spark.network.netty.NettyBlockTransferService' on port 42323.
[2023-01-27T16:25:39.459+0000] {spark_submit.py:495} INFO - 23/01/27 16:25:39 INFO NettyBlockTransferService: Server created on 502660defd2e:42323
[2023-01-27T16:25:39.460+0000] {spark_submit.py:495} INFO - 23/01/27 16:25:39 INFO BlockManager: Using org.apache.spark.storage.RandomBlockReplicationPolicy for block replication policy
[2023-01-27T16:25:39.465+0000] {spark_submit.py:495} INFO - 23/01/27 16:25:39 INFO BlockManagerMaster: Registering BlockManager BlockManagerId(driver, 502660defd2e, 42323, None)
[2023-01-27T16:25:39.467+0000] {spark_submit.py:495} INFO - 23/01/27 16:25:39 INFO BlockManagerMasterEndpoint: Registering block manager 502660defd2e:42323 with 434.4 MiB RAM, BlockManagerId(driver, 502660defd2e, 42323, None)
[2023-01-27T16:25:39.469+0000] {spark_submit.py:495} INFO - 23/01/27 16:25:39 INFO BlockManagerMaster: Registered BlockManager BlockManagerId(driver, 502660defd2e, 42323, None)
[2023-01-27T16:25:39.470+0000] {spark_submit.py:495} INFO - 23/01/27 16:25:39 INFO BlockManager: Initialized BlockManager: BlockManagerId(driver, 502660defd2e, 42323, None)
[2023-01-27T16:25:42.520+0000] {spark_submit.py:495} INFO - [[34m2023-01-27 16:25:42,520[0m] {[34mjava_gateway.py:[0m2270} INFO[0m - Callback Server Starting[0m
[2023-01-27T16:25:42.521+0000] {spark_submit.py:495} INFO - [[34m2023-01-27 16:25:42,520[0m] {[34mjava_gateway.py:[0m2274} INFO[0m - Socket listening on ('127.0.0.1', 46591)[0m
[2023-01-27T23:05:37.310+0000] {taskinstance.py:1081} INFO - Dependencies not met for <TaskInstance: Streaming_pipeline_meli.consumer_data_of_topic manual__2023-01-23T22:03:04.495188+00:00 [running]>, dependency 'Task Instance Not Running' FAILED: Task is in the running state
[2023-01-27T23:05:37.323+0000] {taskinstance.py:1081} INFO - Dependencies not met for <TaskInstance: Streaming_pipeline_meli.consumer_data_of_topic manual__2023-01-23T22:03:04.495188+00:00 [running]>, dependency 'Task Instance State' FAILED: Task is in the 'running' state.
[2023-01-27T23:05:37.327+0000] {local_task_job.py:98} INFO - Task is not able to be run
[2023-01-27T23:06:02.490+0000] {local_task_job.py:224} WARNING - State of this instance has been externally set to up_for_retry. Terminating instance.
[2023-01-27T23:06:02.492+0000] {process_utils.py:133} INFO - Sending Signals.SIGTERM to group 379. PIDs of all processes in the group: [380, 446, 379]
[2023-01-27T23:06:02.492+0000] {process_utils.py:84} INFO - Sending the signal Signals.SIGTERM to group 379
[2023-01-27T23:06:02.492+0000] {taskinstance.py:1483} ERROR - Received SIGTERM. Terminating subprocesses.
[2023-01-27T23:06:02.492+0000] {spark_submit.py:620} INFO - Sending kill signal to spark-submit
[2023-01-27T23:06:02.513+0000] {taskinstance.py:1772} ERROR - Task failed with exception
Traceback (most recent call last):
  File "/home/airflow/.local/lib/python3.7/site-packages/airflow/providers/apache/spark/operators/spark_submit.py", line 157, in execute
    self._hook.submit(self._application)
  File "/home/airflow/.local/lib/python3.7/site-packages/airflow/providers/apache/spark/hooks/spark_submit.py", line 414, in submit
    self._process_spark_submit_log(iter(self._submit_sp.stdout))  # type: ignore
  File "/home/airflow/.local/lib/python3.7/site-packages/airflow/providers/apache/spark/hooks/spark_submit.py", line 463, in _process_spark_submit_log
    for line in itr:
  File "/home/airflow/.local/lib/python3.7/site-packages/airflow/models/taskinstance.py", line 1485, in signal_handler
    raise AirflowException("Task received SIGTERM signal")
airflow.exceptions.AirflowException: Task received SIGTERM signal
[2023-01-27T23:06:02.517+0000] {taskinstance.py:1327} INFO - Marking task as UP_FOR_RETRY. dag_id=Streaming_pipeline_meli, task_id=consumer_data_of_topic, execution_date=20230123T220304, start_date=20230127T162515, end_date=20230127T230602
[2023-01-27T23:06:02.546+0000] {standard_task_runner.py:105} ERROR - Failed to execute job 1095 for task consumer_data_of_topic (Task received SIGTERM signal; 379)
[2023-01-27T23:06:02.592+0000] {process_utils.py:79} INFO - Process psutil.Process(pid=379, status='terminated', exitcode=1, started='16:25:15') (379) terminated with exit code 1
[2023-01-27T23:06:02.592+0000] {process_utils.py:79} INFO - Process psutil.Process(pid=446, status='terminated', started='16:25:36') (446) terminated with exit code None
[2023-01-27T23:06:02.592+0000] {process_utils.py:79} INFO - Process psutil.Process(pid=380, status='terminated', started='16:25:15') (380) terminated with exit code None
