[2023-01-26T16:17:06.943+0000] {taskinstance.py:1087} INFO - Dependencies all met for <TaskInstance: Streaming_pipeline_meli.consumer_data_of_topic manual__2023-01-23T22:03:04.495188+00:00 [queued]>
[2023-01-26T16:17:06.953+0000] {taskinstance.py:1087} INFO - Dependencies all met for <TaskInstance: Streaming_pipeline_meli.consumer_data_of_topic manual__2023-01-23T22:03:04.495188+00:00 [queued]>
[2023-01-26T16:17:06.953+0000] {taskinstance.py:1283} INFO - 
--------------------------------------------------------------------------------
[2023-01-26T16:17:06.953+0000] {taskinstance.py:1284} INFO - Starting attempt 235 of 240
[2023-01-26T16:17:06.953+0000] {taskinstance.py:1285} INFO - 
--------------------------------------------------------------------------------
[2023-01-26T16:17:06.965+0000] {taskinstance.py:1304} INFO - Executing <Task(SparkSubmitOperator): consumer_data_of_topic> on 2023-01-23 22:03:04.495188+00:00
[2023-01-26T16:17:06.968+0000] {standard_task_runner.py:55} INFO - Started process 2476 to run task
[2023-01-26T16:17:06.970+0000] {standard_task_runner.py:82} INFO - Running: ['***', 'tasks', 'run', 'Streaming_pipeline_meli', 'consumer_data_of_topic', 'manual__2023-01-23T22:03:04.495188+00:00', '--job-id', '1030', '--raw', '--subdir', 'DAGS_FOLDER/producer_dag.py', '--cfg-path', '/tmp/tmp64yqmvus']
[2023-01-26T16:17:06.971+0000] {standard_task_runner.py:83} INFO - Job 1030: Subtask consumer_data_of_topic
[2023-01-26T16:17:07.022+0000] {task_command.py:389} INFO - Running <TaskInstance: Streaming_pipeline_meli.consumer_data_of_topic manual__2023-01-23T22:03:04.495188+00:00 [running]> on host 7f54167b3933
[2023-01-26T16:17:07.083+0000] {taskinstance.py:1513} INFO - Exporting the following env vars:
AIRFLOW_CTX_DAG_OWNER=***
AIRFLOW_CTX_DAG_ID=Streaming_pipeline_meli
AIRFLOW_CTX_TASK_ID=consumer_data_of_topic
AIRFLOW_CTX_EXECUTION_DATE=2023-01-23T22:03:04.495188+00:00
AIRFLOW_CTX_TRY_NUMBER=235
AIRFLOW_CTX_DAG_RUN_ID=manual__2023-01-23T22:03:04.495188+00:00
[2023-01-26T16:17:07.090+0000] {base.py:73} INFO - Using connection ID 'spark_default' for task execution.
[2023-01-26T16:17:07.091+0000] {spark_submit.py:344} INFO - Spark-Submit cmd: spark-submit --master spark://tomi-H310:7077 --packages org.apache.spark:spark-sql-kafka-0-10_2.12:3.1.3,org.mongodb.spark:mongo-spark-connector_2.12:3.0.1 --name arrow-spark --queue root.default /opt/***/dags/consumerSpark.py
[2023-01-26T16:17:07.196+0000] {spark_submit.py:495} INFO - /home/***/.local/lib/python3.7/site-packages/pyspark/bin/load-spark-env.sh: line 68: ps: command not found
[2023-01-26T16:17:08.724+0000] {spark_submit.py:495} INFO - :: loading settings :: url = jar:file:/home/***/.local/lib/python3.7/site-packages/pyspark/jars/ivy-2.5.0.jar!/org/apache/ivy/core/settings/ivysettings.xml
[2023-01-26T16:17:08.790+0000] {spark_submit.py:495} INFO - Ivy Default Cache set to: /home/***/.ivy2/cache
[2023-01-26T16:17:08.790+0000] {spark_submit.py:495} INFO - The jars for the packages stored in: /home/***/.ivy2/jars
[2023-01-26T16:17:08.794+0000] {spark_submit.py:495} INFO - org.apache.spark#spark-sql-kafka-0-10_2.12 added as a dependency
[2023-01-26T16:17:08.794+0000] {spark_submit.py:495} INFO - org.mongodb.spark#mongo-spark-connector_2.12 added as a dependency
[2023-01-26T16:17:08.796+0000] {spark_submit.py:495} INFO - :: resolving dependencies :: org.apache.spark#spark-submit-parent-eddc0924-50ad-46f2-a308-a6b41981a574;1.0
[2023-01-26T16:17:08.796+0000] {spark_submit.py:495} INFO - confs: [default]
[2023-01-26T16:17:08.946+0000] {spark_submit.py:495} INFO - found org.apache.spark#spark-sql-kafka-0-10_2.12;3.1.3 in central
[2023-01-26T16:17:08.995+0000] {spark_submit.py:495} INFO - found org.apache.spark#spark-token-provider-kafka-0-10_2.12;3.1.3 in central
[2023-01-26T16:17:09.017+0000] {spark_submit.py:495} INFO - found org.apache.kafka#kafka-clients;2.6.0 in central
[2023-01-26T16:17:09.038+0000] {spark_submit.py:495} INFO - found com.github.luben#zstd-jni;1.4.8-1 in central
[2023-01-26T16:17:09.056+0000] {spark_submit.py:495} INFO - found org.lz4#lz4-java;1.7.1 in central
[2023-01-26T16:17:09.069+0000] {spark_submit.py:495} INFO - found org.xerial.snappy#snappy-java;1.1.8.2 in central
[2023-01-26T16:17:09.082+0000] {spark_submit.py:495} INFO - found org.slf4j#slf4j-api;1.7.30 in central
[2023-01-26T16:17:09.094+0000] {spark_submit.py:495} INFO - found org.spark-project.spark#unused;1.0.0 in central
[2023-01-26T16:17:09.106+0000] {spark_submit.py:495} INFO - found org.apache.commons#commons-pool2;2.6.2 in central
[2023-01-26T16:17:09.115+0000] {spark_submit.py:495} INFO - found org.mongodb.spark#mongo-spark-connector_2.12;3.0.1 in central
[2023-01-26T16:17:09.123+0000] {spark_submit.py:495} INFO - found org.mongodb#mongodb-driver-sync;4.0.5 in central
[2023-01-26T16:17:09.130+0000] {spark_submit.py:495} INFO - found org.mongodb#bson;4.0.5 in central
[2023-01-26T16:17:09.138+0000] {spark_submit.py:495} INFO - found org.mongodb#mongodb-driver-core;4.0.5 in central
[2023-01-26T16:17:09.160+0000] {spark_submit.py:495} INFO - :: resolution report :: resolve 353ms :: artifacts dl 12ms
[2023-01-26T16:17:09.161+0000] {spark_submit.py:495} INFO - :: modules in use:
[2023-01-26T16:17:09.161+0000] {spark_submit.py:495} INFO - com.github.luben#zstd-jni;1.4.8-1 from central in [default]
[2023-01-26T16:17:09.161+0000] {spark_submit.py:495} INFO - org.apache.commons#commons-pool2;2.6.2 from central in [default]
[2023-01-26T16:17:09.161+0000] {spark_submit.py:495} INFO - org.apache.kafka#kafka-clients;2.6.0 from central in [default]
[2023-01-26T16:17:09.161+0000] {spark_submit.py:495} INFO - org.apache.spark#spark-sql-kafka-0-10_2.12;3.1.3 from central in [default]
[2023-01-26T16:17:09.161+0000] {spark_submit.py:495} INFO - org.apache.spark#spark-token-provider-kafka-0-10_2.12;3.1.3 from central in [default]
[2023-01-26T16:17:09.161+0000] {spark_submit.py:495} INFO - org.lz4#lz4-java;1.7.1 from central in [default]
[2023-01-26T16:17:09.161+0000] {spark_submit.py:495} INFO - org.mongodb#bson;4.0.5 from central in [default]
[2023-01-26T16:17:09.161+0000] {spark_submit.py:495} INFO - org.mongodb#mongodb-driver-core;4.0.5 from central in [default]
[2023-01-26T16:17:09.161+0000] {spark_submit.py:495} INFO - org.mongodb#mongodb-driver-sync;4.0.5 from central in [default]
[2023-01-26T16:17:09.161+0000] {spark_submit.py:495} INFO - org.mongodb.spark#mongo-spark-connector_2.12;3.0.1 from central in [default]
[2023-01-26T16:17:09.162+0000] {spark_submit.py:495} INFO - org.slf4j#slf4j-api;1.7.30 from central in [default]
[2023-01-26T16:17:09.162+0000] {spark_submit.py:495} INFO - org.spark-project.spark#unused;1.0.0 from central in [default]
[2023-01-26T16:17:09.162+0000] {spark_submit.py:495} INFO - org.xerial.snappy#snappy-java;1.1.8.2 from central in [default]
[2023-01-26T16:17:09.162+0000] {spark_submit.py:495} INFO - ---------------------------------------------------------------------
[2023-01-26T16:17:09.162+0000] {spark_submit.py:495} INFO - |                  |            modules            ||   artifacts   |
[2023-01-26T16:17:09.162+0000] {spark_submit.py:495} INFO - |       conf       | number| search|dwnlded|evicted|| number|dwnlded|
[2023-01-26T16:17:09.162+0000] {spark_submit.py:495} INFO - ---------------------------------------------------------------------
[2023-01-26T16:17:09.162+0000] {spark_submit.py:495} INFO - |      default     |   13  |   0   |   0   |   0   ||   13  |   0   |
[2023-01-26T16:17:09.162+0000] {spark_submit.py:495} INFO - ---------------------------------------------------------------------
[2023-01-26T16:17:09.166+0000] {spark_submit.py:495} INFO - :: retrieving :: org.apache.spark#spark-submit-parent-eddc0924-50ad-46f2-a308-a6b41981a574
[2023-01-26T16:17:09.166+0000] {spark_submit.py:495} INFO - confs: [default]
[2023-01-26T16:17:09.173+0000] {spark_submit.py:495} INFO - 0 artifacts copied, 13 already retrieved (0kB/7ms)
[2023-01-26T16:17:09.361+0000] {spark_submit.py:495} INFO - 23/01/26 16:17:09 WARN NativeCodeLoader: Unable to load native-hadoop library for your platform... using builtin-java classes where applicable
[2023-01-26T16:17:10.880+0000] {spark_submit.py:495} INFO - 23/01/26 16:17:10 INFO SparkContext: Running Spark version 3.3.1
[2023-01-26T16:17:10.909+0000] {spark_submit.py:495} INFO - 23/01/26 16:17:10 INFO ResourceUtils: ==============================================================
[2023-01-26T16:17:10.909+0000] {spark_submit.py:495} INFO - 23/01/26 16:17:10 INFO ResourceUtils: No custom resources configured for spark.driver.
[2023-01-26T16:17:10.910+0000] {spark_submit.py:495} INFO - 23/01/26 16:17:10 INFO ResourceUtils: ==============================================================
[2023-01-26T16:17:10.910+0000] {spark_submit.py:495} INFO - 23/01/26 16:17:10 INFO SparkContext: Submitted application: arrow-spark
[2023-01-26T16:17:10.963+0000] {spark_submit.py:495} INFO - 23/01/26 16:17:10 INFO ResourceProfile: Default ResourceProfile created, executor resources: Map(cores -> name: cores, amount: 1, script: , vendor: , memory -> name: memory, amount: 1024, script: , vendor: , offHeap -> name: offHeap, amount: 0, script: , vendor: ), task resources: Map(cpus -> name: cpus, amount: 1.0)
[2023-01-26T16:17:10.978+0000] {spark_submit.py:495} INFO - 23/01/26 16:17:10 INFO ResourceProfile: Limiting resource is cpu
[2023-01-26T16:17:10.980+0000] {spark_submit.py:495} INFO - 23/01/26 16:17:10 INFO ResourceProfileManager: Added ResourceProfile id: 0
[2023-01-26T16:17:11.030+0000] {spark_submit.py:495} INFO - 23/01/26 16:17:11 INFO SecurityManager: Changing view acls to: default
[2023-01-26T16:17:11.031+0000] {spark_submit.py:495} INFO - 23/01/26 16:17:11 INFO SecurityManager: Changing modify acls to: default
[2023-01-26T16:17:11.032+0000] {spark_submit.py:495} INFO - 23/01/26 16:17:11 INFO SecurityManager: Changing view acls groups to:
[2023-01-26T16:17:11.033+0000] {spark_submit.py:495} INFO - 23/01/26 16:17:11 INFO SecurityManager: Changing modify acls groups to:
[2023-01-26T16:17:11.033+0000] {spark_submit.py:495} INFO - 23/01/26 16:17:11 INFO SecurityManager: SecurityManager: authentication disabled; ui acls disabled; users  with view permissions: Set(default); groups with view permissions: Set(); users  with modify permissions: Set(default); groups with modify permissions: Set()
[2023-01-26T16:17:11.250+0000] {spark_submit.py:495} INFO - 23/01/26 16:17:11 INFO Utils: Successfully started service 'sparkDriver' on port 42433.
[2023-01-26T16:17:11.279+0000] {spark_submit.py:495} INFO - 23/01/26 16:17:11 INFO SparkEnv: Registering MapOutputTracker
[2023-01-26T16:17:11.304+0000] {spark_submit.py:495} INFO - 23/01/26 16:17:11 INFO SparkEnv: Registering BlockManagerMaster
[2023-01-26T16:17:11.317+0000] {spark_submit.py:495} INFO - 23/01/26 16:17:11 INFO BlockManagerMasterEndpoint: Using org.apache.spark.storage.DefaultTopologyMapper for getting topology information
[2023-01-26T16:17:11.317+0000] {spark_submit.py:495} INFO - 23/01/26 16:17:11 INFO BlockManagerMasterEndpoint: BlockManagerMasterEndpoint up
[2023-01-26T16:17:11.320+0000] {spark_submit.py:495} INFO - 23/01/26 16:17:11 INFO SparkEnv: Registering BlockManagerMasterHeartbeat
[2023-01-26T16:17:11.336+0000] {spark_submit.py:495} INFO - 23/01/26 16:17:11 INFO DiskBlockManager: Created local directory at /tmp/blockmgr-3ffb863f-934f-4a6d-9716-24731d22067c
[2023-01-26T16:17:11.348+0000] {spark_submit.py:495} INFO - 23/01/26 16:17:11 INFO MemoryStore: MemoryStore started with capacity 434.4 MiB
[2023-01-26T16:17:11.360+0000] {spark_submit.py:495} INFO - 23/01/26 16:17:11 INFO SparkEnv: Registering OutputCommitCoordinator
[2023-01-26T16:17:11.503+0000] {spark_submit.py:495} INFO - 23/01/26 16:17:11 INFO Utils: Successfully started service 'SparkUI' on port 4040.
[2023-01-26T16:17:11.529+0000] {spark_submit.py:495} INFO - 23/01/26 16:17:11 INFO SparkContext: Added JAR file:///home/***/.ivy2/jars/org.apache.spark_spark-sql-kafka-0-10_2.12-3.1.3.jar at spark://7f54167b3933:42433/jars/org.apache.spark_spark-sql-kafka-0-10_2.12-3.1.3.jar with timestamp 1674749830872
[2023-01-26T16:17:11.529+0000] {spark_submit.py:495} INFO - 23/01/26 16:17:11 INFO SparkContext: Added JAR file:///home/***/.ivy2/jars/org.mongodb.spark_mongo-spark-connector_2.12-3.0.1.jar at spark://7f54167b3933:42433/jars/org.mongodb.spark_mongo-spark-connector_2.12-3.0.1.jar with timestamp 1674749830872
[2023-01-26T16:17:11.530+0000] {spark_submit.py:495} INFO - 23/01/26 16:17:11 INFO SparkContext: Added JAR file:///home/***/.ivy2/jars/org.apache.spark_spark-token-provider-kafka-0-10_2.12-3.1.3.jar at spark://7f54167b3933:42433/jars/org.apache.spark_spark-token-provider-kafka-0-10_2.12-3.1.3.jar with timestamp 1674749830872
[2023-01-26T16:17:11.530+0000] {spark_submit.py:495} INFO - 23/01/26 16:17:11 INFO SparkContext: Added JAR file:///home/***/.ivy2/jars/org.apache.kafka_kafka-clients-2.6.0.jar at spark://7f54167b3933:42433/jars/org.apache.kafka_kafka-clients-2.6.0.jar with timestamp 1674749830872
[2023-01-26T16:17:11.530+0000] {spark_submit.py:495} INFO - 23/01/26 16:17:11 INFO SparkContext: Added JAR file:///home/***/.ivy2/jars/org.apache.commons_commons-pool2-2.6.2.jar at spark://7f54167b3933:42433/jars/org.apache.commons_commons-pool2-2.6.2.jar with timestamp 1674749830872
[2023-01-26T16:17:11.530+0000] {spark_submit.py:495} INFO - 23/01/26 16:17:11 INFO SparkContext: Added JAR file:///home/***/.ivy2/jars/org.spark-project.spark_unused-1.0.0.jar at spark://7f54167b3933:42433/jars/org.spark-project.spark_unused-1.0.0.jar with timestamp 1674749830872
[2023-01-26T16:17:11.530+0000] {spark_submit.py:495} INFO - 23/01/26 16:17:11 INFO SparkContext: Added JAR file:///home/***/.ivy2/jars/com.github.luben_zstd-jni-1.4.8-1.jar at spark://7f54167b3933:42433/jars/com.github.luben_zstd-jni-1.4.8-1.jar with timestamp 1674749830872
[2023-01-26T16:17:11.530+0000] {spark_submit.py:495} INFO - 23/01/26 16:17:11 INFO SparkContext: Added JAR file:///home/***/.ivy2/jars/org.lz4_lz4-java-1.7.1.jar at spark://7f54167b3933:42433/jars/org.lz4_lz4-java-1.7.1.jar with timestamp 1674749830872
[2023-01-26T16:17:11.530+0000] {spark_submit.py:495} INFO - 23/01/26 16:17:11 INFO SparkContext: Added JAR file:///home/***/.ivy2/jars/org.xerial.snappy_snappy-java-1.1.8.2.jar at spark://7f54167b3933:42433/jars/org.xerial.snappy_snappy-java-1.1.8.2.jar with timestamp 1674749830872
[2023-01-26T16:17:11.530+0000] {spark_submit.py:495} INFO - 23/01/26 16:17:11 INFO SparkContext: Added JAR file:///home/***/.ivy2/jars/org.slf4j_slf4j-api-1.7.30.jar at spark://7f54167b3933:42433/jars/org.slf4j_slf4j-api-1.7.30.jar with timestamp 1674749830872
[2023-01-26T16:17:11.530+0000] {spark_submit.py:495} INFO - 23/01/26 16:17:11 INFO SparkContext: Added JAR file:///home/***/.ivy2/jars/org.mongodb_mongodb-driver-sync-4.0.5.jar at spark://7f54167b3933:42433/jars/org.mongodb_mongodb-driver-sync-4.0.5.jar with timestamp 1674749830872
[2023-01-26T16:17:11.530+0000] {spark_submit.py:495} INFO - 23/01/26 16:17:11 INFO SparkContext: Added JAR file:///home/***/.ivy2/jars/org.mongodb_bson-4.0.5.jar at spark://7f54167b3933:42433/jars/org.mongodb_bson-4.0.5.jar with timestamp 1674749830872
[2023-01-26T16:17:11.530+0000] {spark_submit.py:495} INFO - 23/01/26 16:17:11 INFO SparkContext: Added JAR file:///home/***/.ivy2/jars/org.mongodb_mongodb-driver-core-4.0.5.jar at spark://7f54167b3933:42433/jars/org.mongodb_mongodb-driver-core-4.0.5.jar with timestamp 1674749830872
[2023-01-26T16:17:11.532+0000] {spark_submit.py:495} INFO - 23/01/26 16:17:11 INFO SparkContext: Added file file:///home/***/.ivy2/jars/org.apache.spark_spark-sql-kafka-0-10_2.12-3.1.3.jar at file:///home/***/.ivy2/jars/org.apache.spark_spark-sql-kafka-0-10_2.12-3.1.3.jar with timestamp 1674749830872
[2023-01-26T16:17:11.533+0000] {spark_submit.py:495} INFO - 23/01/26 16:17:11 INFO Utils: Copying /home/***/.ivy2/jars/org.apache.spark_spark-sql-kafka-0-10_2.12-3.1.3.jar to /tmp/spark-e94bee2f-b342-4c21-88d5-7b9b11a514f4/userFiles-bfb57838-1fcd-4b74-98e3-f8cf56efeb0e/org.apache.spark_spark-sql-kafka-0-10_2.12-3.1.3.jar
[2023-01-26T16:17:11.553+0000] {spark_submit.py:495} INFO - 23/01/26 16:17:11 INFO SparkContext: Added file file:///home/***/.ivy2/jars/org.mongodb.spark_mongo-spark-connector_2.12-3.0.1.jar at file:///home/***/.ivy2/jars/org.mongodb.spark_mongo-spark-connector_2.12-3.0.1.jar with timestamp 1674749830872
[2023-01-26T16:17:11.553+0000] {spark_submit.py:495} INFO - 23/01/26 16:17:11 INFO Utils: Copying /home/***/.ivy2/jars/org.mongodb.spark_mongo-spark-connector_2.12-3.0.1.jar to /tmp/spark-e94bee2f-b342-4c21-88d5-7b9b11a514f4/userFiles-bfb57838-1fcd-4b74-98e3-f8cf56efeb0e/org.mongodb.spark_mongo-spark-connector_2.12-3.0.1.jar
[2023-01-26T16:17:11.563+0000] {spark_submit.py:495} INFO - 23/01/26 16:17:11 INFO SparkContext: Added file file:///home/***/.ivy2/jars/org.apache.spark_spark-token-provider-kafka-0-10_2.12-3.1.3.jar at file:///home/***/.ivy2/jars/org.apache.spark_spark-token-provider-kafka-0-10_2.12-3.1.3.jar with timestamp 1674749830872
[2023-01-26T16:17:11.563+0000] {spark_submit.py:495} INFO - 23/01/26 16:17:11 INFO Utils: Copying /home/***/.ivy2/jars/org.apache.spark_spark-token-provider-kafka-0-10_2.12-3.1.3.jar to /tmp/spark-e94bee2f-b342-4c21-88d5-7b9b11a514f4/userFiles-bfb57838-1fcd-4b74-98e3-f8cf56efeb0e/org.apache.spark_spark-token-provider-kafka-0-10_2.12-3.1.3.jar
[2023-01-26T16:17:11.578+0000] {spark_submit.py:495} INFO - 23/01/26 16:17:11 INFO SparkContext: Added file file:///home/***/.ivy2/jars/org.apache.kafka_kafka-clients-2.6.0.jar at file:///home/***/.ivy2/jars/org.apache.kafka_kafka-clients-2.6.0.jar with timestamp 1674749830872
[2023-01-26T16:17:11.578+0000] {spark_submit.py:495} INFO - 23/01/26 16:17:11 INFO Utils: Copying /home/***/.ivy2/jars/org.apache.kafka_kafka-clients-2.6.0.jar to /tmp/spark-e94bee2f-b342-4c21-88d5-7b9b11a514f4/userFiles-bfb57838-1fcd-4b74-98e3-f8cf56efeb0e/org.apache.kafka_kafka-clients-2.6.0.jar
[2023-01-26T16:17:11.605+0000] {spark_submit.py:495} INFO - 23/01/26 16:17:11 INFO SparkContext: Added file file:///home/***/.ivy2/jars/org.apache.commons_commons-pool2-2.6.2.jar at file:///home/***/.ivy2/jars/org.apache.commons_commons-pool2-2.6.2.jar with timestamp 1674749830872
[2023-01-26T16:17:11.606+0000] {spark_submit.py:495} INFO - 23/01/26 16:17:11 INFO Utils: Copying /home/***/.ivy2/jars/org.apache.commons_commons-pool2-2.6.2.jar to /tmp/spark-e94bee2f-b342-4c21-88d5-7b9b11a514f4/userFiles-bfb57838-1fcd-4b74-98e3-f8cf56efeb0e/org.apache.commons_commons-pool2-2.6.2.jar
[2023-01-26T16:17:11.624+0000] {spark_submit.py:495} INFO - 23/01/26 16:17:11 INFO SparkContext: Added file file:///home/***/.ivy2/jars/org.spark-project.spark_unused-1.0.0.jar at file:///home/***/.ivy2/jars/org.spark-project.spark_unused-1.0.0.jar with timestamp 1674749830872
[2023-01-26T16:17:11.624+0000] {spark_submit.py:495} INFO - 23/01/26 16:17:11 INFO Utils: Copying /home/***/.ivy2/jars/org.spark-project.spark_unused-1.0.0.jar to /tmp/spark-e94bee2f-b342-4c21-88d5-7b9b11a514f4/userFiles-bfb57838-1fcd-4b74-98e3-f8cf56efeb0e/org.spark-project.spark_unused-1.0.0.jar
[2023-01-26T16:17:11.680+0000] {spark_submit.py:495} INFO - 23/01/26 16:17:11 INFO SparkContext: Added file file:///home/***/.ivy2/jars/com.github.luben_zstd-jni-1.4.8-1.jar at file:///home/***/.ivy2/jars/com.github.luben_zstd-jni-1.4.8-1.jar with timestamp 1674749830872
[2023-01-26T16:17:11.681+0000] {spark_submit.py:495} INFO - 23/01/26 16:17:11 INFO Utils: Copying /home/***/.ivy2/jars/com.github.luben_zstd-jni-1.4.8-1.jar to /tmp/spark-e94bee2f-b342-4c21-88d5-7b9b11a514f4/userFiles-bfb57838-1fcd-4b74-98e3-f8cf56efeb0e/com.github.luben_zstd-jni-1.4.8-1.jar
[2023-01-26T16:17:11.702+0000] {spark_submit.py:495} INFO - 23/01/26 16:17:11 INFO SparkContext: Added file file:///home/***/.ivy2/jars/org.lz4_lz4-java-1.7.1.jar at file:///home/***/.ivy2/jars/org.lz4_lz4-java-1.7.1.jar with timestamp 1674749830872
[2023-01-26T16:17:11.702+0000] {spark_submit.py:495} INFO - 23/01/26 16:17:11 INFO Utils: Copying /home/***/.ivy2/jars/org.lz4_lz4-java-1.7.1.jar to /tmp/spark-e94bee2f-b342-4c21-88d5-7b9b11a514f4/userFiles-bfb57838-1fcd-4b74-98e3-f8cf56efeb0e/org.lz4_lz4-java-1.7.1.jar
[2023-01-26T16:17:11.727+0000] {spark_submit.py:495} INFO - 23/01/26 16:17:11 INFO SparkContext: Added file file:///home/***/.ivy2/jars/org.xerial.snappy_snappy-java-1.1.8.2.jar at file:///home/***/.ivy2/jars/org.xerial.snappy_snappy-java-1.1.8.2.jar with timestamp 1674749830872
[2023-01-26T16:17:11.728+0000] {spark_submit.py:495} INFO - 23/01/26 16:17:11 INFO Utils: Copying /home/***/.ivy2/jars/org.xerial.snappy_snappy-java-1.1.8.2.jar to /tmp/spark-e94bee2f-b342-4c21-88d5-7b9b11a514f4/userFiles-bfb57838-1fcd-4b74-98e3-f8cf56efeb0e/org.xerial.snappy_snappy-java-1.1.8.2.jar
[2023-01-26T16:17:11.747+0000] {spark_submit.py:495} INFO - 23/01/26 16:17:11 INFO SparkContext: Added file file:///home/***/.ivy2/jars/org.slf4j_slf4j-api-1.7.30.jar at file:///home/***/.ivy2/jars/org.slf4j_slf4j-api-1.7.30.jar with timestamp 1674749830872
[2023-01-26T16:17:11.747+0000] {spark_submit.py:495} INFO - 23/01/26 16:17:11 INFO Utils: Copying /home/***/.ivy2/jars/org.slf4j_slf4j-api-1.7.30.jar to /tmp/spark-e94bee2f-b342-4c21-88d5-7b9b11a514f4/userFiles-bfb57838-1fcd-4b74-98e3-f8cf56efeb0e/org.slf4j_slf4j-api-1.7.30.jar
[2023-01-26T16:17:11.771+0000] {spark_submit.py:495} INFO - 23/01/26 16:17:11 INFO SparkContext: Added file file:///home/***/.ivy2/jars/org.mongodb_mongodb-driver-sync-4.0.5.jar at file:///home/***/.ivy2/jars/org.mongodb_mongodb-driver-sync-4.0.5.jar with timestamp 1674749830872
[2023-01-26T16:17:11.771+0000] {spark_submit.py:495} INFO - 23/01/26 16:17:11 INFO Utils: Copying /home/***/.ivy2/jars/org.mongodb_mongodb-driver-sync-4.0.5.jar to /tmp/spark-e94bee2f-b342-4c21-88d5-7b9b11a514f4/userFiles-bfb57838-1fcd-4b74-98e3-f8cf56efeb0e/org.mongodb_mongodb-driver-sync-4.0.5.jar
[2023-01-26T16:17:11.787+0000] {spark_submit.py:495} INFO - 23/01/26 16:17:11 INFO SparkContext: Added file file:///home/***/.ivy2/jars/org.mongodb_bson-4.0.5.jar at file:///home/***/.ivy2/jars/org.mongodb_bson-4.0.5.jar with timestamp 1674749830872
[2023-01-26T16:17:11.787+0000] {spark_submit.py:495} INFO - 23/01/26 16:17:11 INFO Utils: Copying /home/***/.ivy2/jars/org.mongodb_bson-4.0.5.jar to /tmp/spark-e94bee2f-b342-4c21-88d5-7b9b11a514f4/userFiles-bfb57838-1fcd-4b74-98e3-f8cf56efeb0e/org.mongodb_bson-4.0.5.jar
[2023-01-26T16:17:11.807+0000] {spark_submit.py:495} INFO - 23/01/26 16:17:11 INFO SparkContext: Added file file:///home/***/.ivy2/jars/org.mongodb_mongodb-driver-core-4.0.5.jar at file:///home/***/.ivy2/jars/org.mongodb_mongodb-driver-core-4.0.5.jar with timestamp 1674749830872
[2023-01-26T16:17:11.807+0000] {spark_submit.py:495} INFO - 23/01/26 16:17:11 INFO Utils: Copying /home/***/.ivy2/jars/org.mongodb_mongodb-driver-core-4.0.5.jar to /tmp/spark-e94bee2f-b342-4c21-88d5-7b9b11a514f4/userFiles-bfb57838-1fcd-4b74-98e3-f8cf56efeb0e/org.mongodb_mongodb-driver-core-4.0.5.jar
[2023-01-26T16:17:12.049+0000] {spark_submit.py:495} INFO - 23/01/26 16:17:12 INFO Executor: Starting executor ID driver on host 7f54167b3933
[2023-01-26T16:17:12.061+0000] {spark_submit.py:495} INFO - 23/01/26 16:17:12 INFO Executor: Starting executor with user classpath (userClassPathFirst = false): ''
[2023-01-26T16:17:12.070+0000] {spark_submit.py:495} INFO - 23/01/26 16:17:12 INFO Executor: Fetching file:///home/***/.ivy2/jars/org.apache.spark_spark-token-provider-kafka-0-10_2.12-3.1.3.jar with timestamp 1674749830872
[2023-01-26T16:17:12.090+0000] {spark_submit.py:495} INFO - 23/01/26 16:17:12 INFO Utils: /home/***/.ivy2/jars/org.apache.spark_spark-token-provider-kafka-0-10_2.12-3.1.3.jar has been previously copied to /tmp/spark-e94bee2f-b342-4c21-88d5-7b9b11a514f4/userFiles-bfb57838-1fcd-4b74-98e3-f8cf56efeb0e/org.apache.spark_spark-token-provider-kafka-0-10_2.12-3.1.3.jar
[2023-01-26T16:17:12.101+0000] {spark_submit.py:495} INFO - 23/01/26 16:17:12 INFO Executor: Fetching file:///home/***/.ivy2/jars/org.mongodb_mongodb-driver-sync-4.0.5.jar with timestamp 1674749830872
[2023-01-26T16:17:12.101+0000] {spark_submit.py:495} INFO - 23/01/26 16:17:12 INFO Utils: /home/***/.ivy2/jars/org.mongodb_mongodb-driver-sync-4.0.5.jar has been previously copied to /tmp/spark-e94bee2f-b342-4c21-88d5-7b9b11a514f4/userFiles-bfb57838-1fcd-4b74-98e3-f8cf56efeb0e/org.mongodb_mongodb-driver-sync-4.0.5.jar
[2023-01-26T16:17:12.123+0000] {spark_submit.py:495} INFO - 23/01/26 16:17:12 INFO Executor: Fetching file:///home/***/.ivy2/jars/org.apache.kafka_kafka-clients-2.6.0.jar with timestamp 1674749830872
[2023-01-26T16:17:12.136+0000] {spark_submit.py:495} INFO - 23/01/26 16:17:12 INFO Utils: /home/***/.ivy2/jars/org.apache.kafka_kafka-clients-2.6.0.jar has been previously copied to /tmp/spark-e94bee2f-b342-4c21-88d5-7b9b11a514f4/userFiles-bfb57838-1fcd-4b74-98e3-f8cf56efeb0e/org.apache.kafka_kafka-clients-2.6.0.jar
[2023-01-26T16:17:12.150+0000] {spark_submit.py:495} INFO - 23/01/26 16:17:12 INFO Executor: Fetching file:///home/***/.ivy2/jars/org.mongodb_bson-4.0.5.jar with timestamp 1674749830872
[2023-01-26T16:17:12.150+0000] {spark_submit.py:495} INFO - 23/01/26 16:17:12 INFO Utils: /home/***/.ivy2/jars/org.mongodb_bson-4.0.5.jar has been previously copied to /tmp/spark-e94bee2f-b342-4c21-88d5-7b9b11a514f4/userFiles-bfb57838-1fcd-4b74-98e3-f8cf56efeb0e/org.mongodb_bson-4.0.5.jar
[2023-01-26T16:17:12.177+0000] {spark_submit.py:495} INFO - 23/01/26 16:17:12 INFO Executor: Fetching file:///home/***/.ivy2/jars/com.github.luben_zstd-jni-1.4.8-1.jar with timestamp 1674749830872
[2023-01-26T16:17:12.180+0000] {spark_submit.py:495} INFO - 23/01/26 16:17:12 INFO Utils: /home/***/.ivy2/jars/com.github.luben_zstd-jni-1.4.8-1.jar has been previously copied to /tmp/spark-e94bee2f-b342-4c21-88d5-7b9b11a514f4/userFiles-bfb57838-1fcd-4b74-98e3-f8cf56efeb0e/com.github.luben_zstd-jni-1.4.8-1.jar
[2023-01-26T16:17:12.217+0000] {spark_submit.py:495} INFO - 23/01/26 16:17:12 INFO Executor: Fetching file:///home/***/.ivy2/jars/org.lz4_lz4-java-1.7.1.jar with timestamp 1674749830872
[2023-01-26T16:17:12.217+0000] {spark_submit.py:495} INFO - 23/01/26 16:17:12 INFO Utils: /home/***/.ivy2/jars/org.lz4_lz4-java-1.7.1.jar has been previously copied to /tmp/spark-e94bee2f-b342-4c21-88d5-7b9b11a514f4/userFiles-bfb57838-1fcd-4b74-98e3-f8cf56efeb0e/org.lz4_lz4-java-1.7.1.jar
[2023-01-26T16:17:12.236+0000] {spark_submit.py:495} INFO - 23/01/26 16:17:12 INFO Executor: Fetching file:///home/***/.ivy2/jars/org.spark-project.spark_unused-1.0.0.jar with timestamp 1674749830872
[2023-01-26T16:17:12.236+0000] {spark_submit.py:495} INFO - 23/01/26 16:17:12 INFO Utils: /home/***/.ivy2/jars/org.spark-project.spark_unused-1.0.0.jar has been previously copied to /tmp/spark-e94bee2f-b342-4c21-88d5-7b9b11a514f4/userFiles-bfb57838-1fcd-4b74-98e3-f8cf56efeb0e/org.spark-project.spark_unused-1.0.0.jar
[2023-01-26T16:17:12.255+0000] {spark_submit.py:495} INFO - 23/01/26 16:17:12 INFO Executor: Fetching file:///home/***/.ivy2/jars/org.xerial.snappy_snappy-java-1.1.8.2.jar with timestamp 1674749830872
[2023-01-26T16:17:12.255+0000] {spark_submit.py:495} INFO - 23/01/26 16:17:12 INFO Utils: /home/***/.ivy2/jars/org.xerial.snappy_snappy-java-1.1.8.2.jar has been previously copied to /tmp/spark-e94bee2f-b342-4c21-88d5-7b9b11a514f4/userFiles-bfb57838-1fcd-4b74-98e3-f8cf56efeb0e/org.xerial.snappy_snappy-java-1.1.8.2.jar
[2023-01-26T16:17:12.288+0000] {spark_submit.py:495} INFO - 23/01/26 16:17:12 INFO Executor: Fetching file:///home/***/.ivy2/jars/org.mongodb_mongodb-driver-core-4.0.5.jar with timestamp 1674749830872
[2023-01-26T16:17:12.288+0000] {spark_submit.py:495} INFO - 23/01/26 16:17:12 INFO Utils: /home/***/.ivy2/jars/org.mongodb_mongodb-driver-core-4.0.5.jar has been previously copied to /tmp/spark-e94bee2f-b342-4c21-88d5-7b9b11a514f4/userFiles-bfb57838-1fcd-4b74-98e3-f8cf56efeb0e/org.mongodb_mongodb-driver-core-4.0.5.jar
[2023-01-26T16:17:12.310+0000] {spark_submit.py:495} INFO - 23/01/26 16:17:12 INFO Executor: Fetching file:///home/***/.ivy2/jars/org.apache.spark_spark-sql-kafka-0-10_2.12-3.1.3.jar with timestamp 1674749830872
[2023-01-26T16:17:12.310+0000] {spark_submit.py:495} INFO - 23/01/26 16:17:12 INFO Utils: /home/***/.ivy2/jars/org.apache.spark_spark-sql-kafka-0-10_2.12-3.1.3.jar has been previously copied to /tmp/spark-e94bee2f-b342-4c21-88d5-7b9b11a514f4/userFiles-bfb57838-1fcd-4b74-98e3-f8cf56efeb0e/org.apache.spark_spark-sql-kafka-0-10_2.12-3.1.3.jar
[2023-01-26T16:17:12.332+0000] {spark_submit.py:495} INFO - 23/01/26 16:17:12 INFO Executor: Fetching file:///home/***/.ivy2/jars/org.mongodb.spark_mongo-spark-connector_2.12-3.0.1.jar with timestamp 1674749830872
[2023-01-26T16:17:12.333+0000] {spark_submit.py:495} INFO - 23/01/26 16:17:12 INFO Utils: /home/***/.ivy2/jars/org.mongodb.spark_mongo-spark-connector_2.12-3.0.1.jar has been previously copied to /tmp/spark-e94bee2f-b342-4c21-88d5-7b9b11a514f4/userFiles-bfb57838-1fcd-4b74-98e3-f8cf56efeb0e/org.mongodb.spark_mongo-spark-connector_2.12-3.0.1.jar
[2023-01-26T16:17:12.343+0000] {spark_submit.py:495} INFO - 23/01/26 16:17:12 INFO Executor: Fetching file:///home/***/.ivy2/jars/org.apache.commons_commons-pool2-2.6.2.jar with timestamp 1674749830872
[2023-01-26T16:17:12.344+0000] {spark_submit.py:495} INFO - 23/01/26 16:17:12 INFO Utils: /home/***/.ivy2/jars/org.apache.commons_commons-pool2-2.6.2.jar has been previously copied to /tmp/spark-e94bee2f-b342-4c21-88d5-7b9b11a514f4/userFiles-bfb57838-1fcd-4b74-98e3-f8cf56efeb0e/org.apache.commons_commons-pool2-2.6.2.jar
[2023-01-26T16:17:12.356+0000] {spark_submit.py:495} INFO - 23/01/26 16:17:12 INFO Executor: Fetching file:///home/***/.ivy2/jars/org.slf4j_slf4j-api-1.7.30.jar with timestamp 1674749830872
[2023-01-26T16:17:12.359+0000] {spark_submit.py:495} INFO - 23/01/26 16:17:12 INFO Utils: /home/***/.ivy2/jars/org.slf4j_slf4j-api-1.7.30.jar has been previously copied to /tmp/spark-e94bee2f-b342-4c21-88d5-7b9b11a514f4/userFiles-bfb57838-1fcd-4b74-98e3-f8cf56efeb0e/org.slf4j_slf4j-api-1.7.30.jar
[2023-01-26T16:17:12.410+0000] {spark_submit.py:495} INFO - 23/01/26 16:17:12 INFO Executor: Fetching spark://7f54167b3933:42433/jars/org.mongodb_mongodb-driver-core-4.0.5.jar with timestamp 1674749830872
[2023-01-26T16:17:12.612+0000] {spark_submit.py:495} INFO - 23/01/26 16:17:12 INFO TransportClientFactory: Successfully created connection to 7f54167b3933/172.18.0.4:42433 after 157 ms (0 ms spent in bootstraps)
[2023-01-26T16:17:12.644+0000] {spark_submit.py:495} INFO - 23/01/26 16:17:12 INFO Utils: Fetching spark://7f54167b3933:42433/jars/org.mongodb_mongodb-driver-core-4.0.5.jar to /tmp/spark-e94bee2f-b342-4c21-88d5-7b9b11a514f4/userFiles-bfb57838-1fcd-4b74-98e3-f8cf56efeb0e/fetchFileTemp6021556758092033333.tmp
[2023-01-26T16:17:12.734+0000] {spark_submit.py:495} INFO - 23/01/26 16:17:12 INFO Utils: /tmp/spark-e94bee2f-b342-4c21-88d5-7b9b11a514f4/userFiles-bfb57838-1fcd-4b74-98e3-f8cf56efeb0e/fetchFileTemp6021556758092033333.tmp has been previously copied to /tmp/spark-e94bee2f-b342-4c21-88d5-7b9b11a514f4/userFiles-bfb57838-1fcd-4b74-98e3-f8cf56efeb0e/org.mongodb_mongodb-driver-core-4.0.5.jar
[2023-01-26T16:17:12.764+0000] {spark_submit.py:495} INFO - 23/01/26 16:17:12 INFO Executor: Adding file:/tmp/spark-e94bee2f-b342-4c21-88d5-7b9b11a514f4/userFiles-bfb57838-1fcd-4b74-98e3-f8cf56efeb0e/org.mongodb_mongodb-driver-core-4.0.5.jar to class loader
[2023-01-26T16:17:12.765+0000] {spark_submit.py:495} INFO - 23/01/26 16:17:12 INFO Executor: Fetching spark://7f54167b3933:42433/jars/org.xerial.snappy_snappy-java-1.1.8.2.jar with timestamp 1674749830872
[2023-01-26T16:17:12.765+0000] {spark_submit.py:495} INFO - 23/01/26 16:17:12 INFO Utils: Fetching spark://7f54167b3933:42433/jars/org.xerial.snappy_snappy-java-1.1.8.2.jar to /tmp/spark-e94bee2f-b342-4c21-88d5-7b9b11a514f4/userFiles-bfb57838-1fcd-4b74-98e3-f8cf56efeb0e/fetchFileTemp15283672395362548931.tmp
[2023-01-26T16:17:12.783+0000] {spark_submit.py:495} INFO - 23/01/26 16:17:12 INFO Utils: /tmp/spark-e94bee2f-b342-4c21-88d5-7b9b11a514f4/userFiles-bfb57838-1fcd-4b74-98e3-f8cf56efeb0e/fetchFileTemp15283672395362548931.tmp has been previously copied to /tmp/spark-e94bee2f-b342-4c21-88d5-7b9b11a514f4/userFiles-bfb57838-1fcd-4b74-98e3-f8cf56efeb0e/org.xerial.snappy_snappy-java-1.1.8.2.jar
[2023-01-26T16:17:12.796+0000] {spark_submit.py:495} INFO - 23/01/26 16:17:12 INFO Executor: Adding file:/tmp/spark-e94bee2f-b342-4c21-88d5-7b9b11a514f4/userFiles-bfb57838-1fcd-4b74-98e3-f8cf56efeb0e/org.xerial.snappy_snappy-java-1.1.8.2.jar to class loader
[2023-01-26T16:17:12.798+0000] {spark_submit.py:495} INFO - 23/01/26 16:17:12 INFO Executor: Fetching spark://7f54167b3933:42433/jars/org.mongodb_bson-4.0.5.jar with timestamp 1674749830872
[2023-01-26T16:17:12.798+0000] {spark_submit.py:495} INFO - 23/01/26 16:17:12 INFO Utils: Fetching spark://7f54167b3933:42433/jars/org.mongodb_bson-4.0.5.jar to /tmp/spark-e94bee2f-b342-4c21-88d5-7b9b11a514f4/userFiles-bfb57838-1fcd-4b74-98e3-f8cf56efeb0e/fetchFileTemp5291932239396891365.tmp
[2023-01-26T16:17:12.804+0000] {spark_submit.py:495} INFO - 23/01/26 16:17:12 INFO Utils: /tmp/spark-e94bee2f-b342-4c21-88d5-7b9b11a514f4/userFiles-bfb57838-1fcd-4b74-98e3-f8cf56efeb0e/fetchFileTemp5291932239396891365.tmp has been previously copied to /tmp/spark-e94bee2f-b342-4c21-88d5-7b9b11a514f4/userFiles-bfb57838-1fcd-4b74-98e3-f8cf56efeb0e/org.mongodb_bson-4.0.5.jar
[2023-01-26T16:17:12.820+0000] {spark_submit.py:495} INFO - 23/01/26 16:17:12 INFO Executor: Adding file:/tmp/spark-e94bee2f-b342-4c21-88d5-7b9b11a514f4/userFiles-bfb57838-1fcd-4b74-98e3-f8cf56efeb0e/org.mongodb_bson-4.0.5.jar to class loader
[2023-01-26T16:17:12.820+0000] {spark_submit.py:495} INFO - 23/01/26 16:17:12 INFO Executor: Fetching spark://7f54167b3933:42433/jars/org.slf4j_slf4j-api-1.7.30.jar with timestamp 1674749830872
[2023-01-26T16:17:12.820+0000] {spark_submit.py:495} INFO - 23/01/26 16:17:12 INFO Utils: Fetching spark://7f54167b3933:42433/jars/org.slf4j_slf4j-api-1.7.30.jar to /tmp/spark-e94bee2f-b342-4c21-88d5-7b9b11a514f4/userFiles-bfb57838-1fcd-4b74-98e3-f8cf56efeb0e/fetchFileTemp10217125813528136733.tmp
[2023-01-26T16:17:12.820+0000] {spark_submit.py:495} INFO - 23/01/26 16:17:12 INFO Utils: /tmp/spark-e94bee2f-b342-4c21-88d5-7b9b11a514f4/userFiles-bfb57838-1fcd-4b74-98e3-f8cf56efeb0e/fetchFileTemp10217125813528136733.tmp has been previously copied to /tmp/spark-e94bee2f-b342-4c21-88d5-7b9b11a514f4/userFiles-bfb57838-1fcd-4b74-98e3-f8cf56efeb0e/org.slf4j_slf4j-api-1.7.30.jar
[2023-01-26T16:17:12.825+0000] {spark_submit.py:495} INFO - 23/01/26 16:17:12 INFO Executor: Adding file:/tmp/spark-e94bee2f-b342-4c21-88d5-7b9b11a514f4/userFiles-bfb57838-1fcd-4b74-98e3-f8cf56efeb0e/org.slf4j_slf4j-api-1.7.30.jar to class loader
[2023-01-26T16:17:12.825+0000] {spark_submit.py:495} INFO - 23/01/26 16:17:12 INFO Executor: Fetching spark://7f54167b3933:42433/jars/com.github.luben_zstd-jni-1.4.8-1.jar with timestamp 1674749830872
[2023-01-26T16:17:12.828+0000] {spark_submit.py:495} INFO - 23/01/26 16:17:12 INFO Utils: Fetching spark://7f54167b3933:42433/jars/com.github.luben_zstd-jni-1.4.8-1.jar to /tmp/spark-e94bee2f-b342-4c21-88d5-7b9b11a514f4/userFiles-bfb57838-1fcd-4b74-98e3-f8cf56efeb0e/fetchFileTemp5547114221993218085.tmp
[2023-01-26T16:17:12.895+0000] {spark_submit.py:495} INFO - 23/01/26 16:17:12 INFO Utils: /tmp/spark-e94bee2f-b342-4c21-88d5-7b9b11a514f4/userFiles-bfb57838-1fcd-4b74-98e3-f8cf56efeb0e/fetchFileTemp5547114221993218085.tmp has been previously copied to /tmp/spark-e94bee2f-b342-4c21-88d5-7b9b11a514f4/userFiles-bfb57838-1fcd-4b74-98e3-f8cf56efeb0e/com.github.luben_zstd-jni-1.4.8-1.jar
[2023-01-26T16:17:12.908+0000] {spark_submit.py:495} INFO - 23/01/26 16:17:12 INFO Executor: Adding file:/tmp/spark-e94bee2f-b342-4c21-88d5-7b9b11a514f4/userFiles-bfb57838-1fcd-4b74-98e3-f8cf56efeb0e/com.github.luben_zstd-jni-1.4.8-1.jar to class loader
[2023-01-26T16:17:12.909+0000] {spark_submit.py:495} INFO - 23/01/26 16:17:12 INFO Executor: Fetching spark://7f54167b3933:42433/jars/org.lz4_lz4-java-1.7.1.jar with timestamp 1674749830872
[2023-01-26T16:17:12.911+0000] {spark_submit.py:495} INFO - 23/01/26 16:17:12 INFO Utils: Fetching spark://7f54167b3933:42433/jars/org.lz4_lz4-java-1.7.1.jar to /tmp/spark-e94bee2f-b342-4c21-88d5-7b9b11a514f4/userFiles-bfb57838-1fcd-4b74-98e3-f8cf56efeb0e/fetchFileTemp16536345647754596394.tmp
[2023-01-26T16:17:12.922+0000] {spark_submit.py:495} INFO - 23/01/26 16:17:12 INFO Utils: /tmp/spark-e94bee2f-b342-4c21-88d5-7b9b11a514f4/userFiles-bfb57838-1fcd-4b74-98e3-f8cf56efeb0e/fetchFileTemp16536345647754596394.tmp has been previously copied to /tmp/spark-e94bee2f-b342-4c21-88d5-7b9b11a514f4/userFiles-bfb57838-1fcd-4b74-98e3-f8cf56efeb0e/org.lz4_lz4-java-1.7.1.jar
[2023-01-26T16:17:12.935+0000] {spark_submit.py:495} INFO - 23/01/26 16:17:12 INFO Executor: Adding file:/tmp/spark-e94bee2f-b342-4c21-88d5-7b9b11a514f4/userFiles-bfb57838-1fcd-4b74-98e3-f8cf56efeb0e/org.lz4_lz4-java-1.7.1.jar to class loader
[2023-01-26T16:17:12.936+0000] {spark_submit.py:495} INFO - 23/01/26 16:17:12 INFO Executor: Fetching spark://7f54167b3933:42433/jars/org.apache.spark_spark-token-provider-kafka-0-10_2.12-3.1.3.jar with timestamp 1674749830872
[2023-01-26T16:17:12.937+0000] {spark_submit.py:495} INFO - 23/01/26 16:17:12 INFO Utils: Fetching spark://7f54167b3933:42433/jars/org.apache.spark_spark-token-provider-kafka-0-10_2.12-3.1.3.jar to /tmp/spark-e94bee2f-b342-4c21-88d5-7b9b11a514f4/userFiles-bfb57838-1fcd-4b74-98e3-f8cf56efeb0e/fetchFileTemp2833387709937340167.tmp
[2023-01-26T16:17:12.945+0000] {spark_submit.py:495} INFO - 23/01/26 16:17:12 INFO Utils: /tmp/spark-e94bee2f-b342-4c21-88d5-7b9b11a514f4/userFiles-bfb57838-1fcd-4b74-98e3-f8cf56efeb0e/fetchFileTemp2833387709937340167.tmp has been previously copied to /tmp/spark-e94bee2f-b342-4c21-88d5-7b9b11a514f4/userFiles-bfb57838-1fcd-4b74-98e3-f8cf56efeb0e/org.apache.spark_spark-token-provider-kafka-0-10_2.12-3.1.3.jar
[2023-01-26T16:17:12.953+0000] {spark_submit.py:495} INFO - 23/01/26 16:17:12 INFO Executor: Adding file:/tmp/spark-e94bee2f-b342-4c21-88d5-7b9b11a514f4/userFiles-bfb57838-1fcd-4b74-98e3-f8cf56efeb0e/org.apache.spark_spark-token-provider-kafka-0-10_2.12-3.1.3.jar to class loader
[2023-01-26T16:17:12.954+0000] {spark_submit.py:495} INFO - 23/01/26 16:17:12 INFO Executor: Fetching spark://7f54167b3933:42433/jars/org.apache.kafka_kafka-clients-2.6.0.jar with timestamp 1674749830872
[2023-01-26T16:17:12.954+0000] {spark_submit.py:495} INFO - 23/01/26 16:17:12 INFO Utils: Fetching spark://7f54167b3933:42433/jars/org.apache.kafka_kafka-clients-2.6.0.jar to /tmp/spark-e94bee2f-b342-4c21-88d5-7b9b11a514f4/userFiles-bfb57838-1fcd-4b74-98e3-f8cf56efeb0e/fetchFileTemp13944513911604282067.tmp
[2023-01-26T16:17:12.983+0000] {spark_submit.py:495} INFO - 23/01/26 16:17:12 INFO Utils: /tmp/spark-e94bee2f-b342-4c21-88d5-7b9b11a514f4/userFiles-bfb57838-1fcd-4b74-98e3-f8cf56efeb0e/fetchFileTemp13944513911604282067.tmp has been previously copied to /tmp/spark-e94bee2f-b342-4c21-88d5-7b9b11a514f4/userFiles-bfb57838-1fcd-4b74-98e3-f8cf56efeb0e/org.apache.kafka_kafka-clients-2.6.0.jar
[2023-01-26T16:17:13.010+0000] {spark_submit.py:495} INFO - 23/01/26 16:17:13 INFO Executor: Adding file:/tmp/spark-e94bee2f-b342-4c21-88d5-7b9b11a514f4/userFiles-bfb57838-1fcd-4b74-98e3-f8cf56efeb0e/org.apache.kafka_kafka-clients-2.6.0.jar to class loader
[2023-01-26T16:17:13.011+0000] {spark_submit.py:495} INFO - 23/01/26 16:17:13 INFO Executor: Fetching spark://7f54167b3933:42433/jars/org.spark-project.spark_unused-1.0.0.jar with timestamp 1674749830872
[2023-01-26T16:17:13.012+0000] {spark_submit.py:495} INFO - 23/01/26 16:17:13 INFO Utils: Fetching spark://7f54167b3933:42433/jars/org.spark-project.spark_unused-1.0.0.jar to /tmp/spark-e94bee2f-b342-4c21-88d5-7b9b11a514f4/userFiles-bfb57838-1fcd-4b74-98e3-f8cf56efeb0e/fetchFileTemp9601915521611974114.tmp
[2023-01-26T16:17:13.023+0000] {spark_submit.py:495} INFO - 23/01/26 16:17:13 INFO Utils: /tmp/spark-e94bee2f-b342-4c21-88d5-7b9b11a514f4/userFiles-bfb57838-1fcd-4b74-98e3-f8cf56efeb0e/fetchFileTemp9601915521611974114.tmp has been previously copied to /tmp/spark-e94bee2f-b342-4c21-88d5-7b9b11a514f4/userFiles-bfb57838-1fcd-4b74-98e3-f8cf56efeb0e/org.spark-project.spark_unused-1.0.0.jar
[2023-01-26T16:17:13.033+0000] {spark_submit.py:495} INFO - 23/01/26 16:17:13 INFO Executor: Adding file:/tmp/spark-e94bee2f-b342-4c21-88d5-7b9b11a514f4/userFiles-bfb57838-1fcd-4b74-98e3-f8cf56efeb0e/org.spark-project.spark_unused-1.0.0.jar to class loader
[2023-01-26T16:17:13.033+0000] {spark_submit.py:495} INFO - 23/01/26 16:17:13 INFO Executor: Fetching spark://7f54167b3933:42433/jars/org.apache.spark_spark-sql-kafka-0-10_2.12-3.1.3.jar with timestamp 1674749830872
[2023-01-26T16:17:13.034+0000] {spark_submit.py:495} INFO - 23/01/26 16:17:13 INFO Utils: Fetching spark://7f54167b3933:42433/jars/org.apache.spark_spark-sql-kafka-0-10_2.12-3.1.3.jar to /tmp/spark-e94bee2f-b342-4c21-88d5-7b9b11a514f4/userFiles-bfb57838-1fcd-4b74-98e3-f8cf56efeb0e/fetchFileTemp8497668299023278848.tmp
[2023-01-26T16:17:13.036+0000] {spark_submit.py:495} INFO - 23/01/26 16:17:13 INFO Utils: /tmp/spark-e94bee2f-b342-4c21-88d5-7b9b11a514f4/userFiles-bfb57838-1fcd-4b74-98e3-f8cf56efeb0e/fetchFileTemp8497668299023278848.tmp has been previously copied to /tmp/spark-e94bee2f-b342-4c21-88d5-7b9b11a514f4/userFiles-bfb57838-1fcd-4b74-98e3-f8cf56efeb0e/org.apache.spark_spark-sql-kafka-0-10_2.12-3.1.3.jar
[2023-01-26T16:17:13.045+0000] {spark_submit.py:495} INFO - 23/01/26 16:17:13 INFO Executor: Adding file:/tmp/spark-e94bee2f-b342-4c21-88d5-7b9b11a514f4/userFiles-bfb57838-1fcd-4b74-98e3-f8cf56efeb0e/org.apache.spark_spark-sql-kafka-0-10_2.12-3.1.3.jar to class loader
[2023-01-26T16:17:13.045+0000] {spark_submit.py:495} INFO - 23/01/26 16:17:13 INFO Executor: Fetching spark://7f54167b3933:42433/jars/org.apache.commons_commons-pool2-2.6.2.jar with timestamp 1674749830872
[2023-01-26T16:17:13.053+0000] {spark_submit.py:495} INFO - 23/01/26 16:17:13 INFO Utils: Fetching spark://7f54167b3933:42433/jars/org.apache.commons_commons-pool2-2.6.2.jar to /tmp/spark-e94bee2f-b342-4c21-88d5-7b9b11a514f4/userFiles-bfb57838-1fcd-4b74-98e3-f8cf56efeb0e/fetchFileTemp5436026298369469368.tmp
[2023-01-26T16:17:13.056+0000] {spark_submit.py:495} INFO - 23/01/26 16:17:13 INFO Utils: /tmp/spark-e94bee2f-b342-4c21-88d5-7b9b11a514f4/userFiles-bfb57838-1fcd-4b74-98e3-f8cf56efeb0e/fetchFileTemp5436026298369469368.tmp has been previously copied to /tmp/spark-e94bee2f-b342-4c21-88d5-7b9b11a514f4/userFiles-bfb57838-1fcd-4b74-98e3-f8cf56efeb0e/org.apache.commons_commons-pool2-2.6.2.jar
[2023-01-26T16:17:13.063+0000] {spark_submit.py:495} INFO - 23/01/26 16:17:13 INFO Executor: Adding file:/tmp/spark-e94bee2f-b342-4c21-88d5-7b9b11a514f4/userFiles-bfb57838-1fcd-4b74-98e3-f8cf56efeb0e/org.apache.commons_commons-pool2-2.6.2.jar to class loader
[2023-01-26T16:17:13.063+0000] {spark_submit.py:495} INFO - 23/01/26 16:17:13 INFO Executor: Fetching spark://7f54167b3933:42433/jars/org.mongodb_mongodb-driver-sync-4.0.5.jar with timestamp 1674749830872
[2023-01-26T16:17:13.065+0000] {spark_submit.py:495} INFO - 23/01/26 16:17:13 INFO Utils: Fetching spark://7f54167b3933:42433/jars/org.mongodb_mongodb-driver-sync-4.0.5.jar to /tmp/spark-e94bee2f-b342-4c21-88d5-7b9b11a514f4/userFiles-bfb57838-1fcd-4b74-98e3-f8cf56efeb0e/fetchFileTemp1054607676563849892.tmp
[2023-01-26T16:17:13.066+0000] {spark_submit.py:495} INFO - 23/01/26 16:17:13 INFO Utils: /tmp/spark-e94bee2f-b342-4c21-88d5-7b9b11a514f4/userFiles-bfb57838-1fcd-4b74-98e3-f8cf56efeb0e/fetchFileTemp1054607676563849892.tmp has been previously copied to /tmp/spark-e94bee2f-b342-4c21-88d5-7b9b11a514f4/userFiles-bfb57838-1fcd-4b74-98e3-f8cf56efeb0e/org.mongodb_mongodb-driver-sync-4.0.5.jar
[2023-01-26T16:17:13.083+0000] {spark_submit.py:495} INFO - 23/01/26 16:17:13 INFO Executor: Adding file:/tmp/spark-e94bee2f-b342-4c21-88d5-7b9b11a514f4/userFiles-bfb57838-1fcd-4b74-98e3-f8cf56efeb0e/org.mongodb_mongodb-driver-sync-4.0.5.jar to class loader
[2023-01-26T16:17:13.083+0000] {spark_submit.py:495} INFO - 23/01/26 16:17:13 INFO Executor: Fetching spark://7f54167b3933:42433/jars/org.mongodb.spark_mongo-spark-connector_2.12-3.0.1.jar with timestamp 1674749830872
[2023-01-26T16:17:13.083+0000] {spark_submit.py:495} INFO - 23/01/26 16:17:13 INFO Utils: Fetching spark://7f54167b3933:42433/jars/org.mongodb.spark_mongo-spark-connector_2.12-3.0.1.jar to /tmp/spark-e94bee2f-b342-4c21-88d5-7b9b11a514f4/userFiles-bfb57838-1fcd-4b74-98e3-f8cf56efeb0e/fetchFileTemp1794047601935432503.tmp
[2023-01-26T16:17:13.085+0000] {spark_submit.py:495} INFO - 23/01/26 16:17:13 INFO Utils: /tmp/spark-e94bee2f-b342-4c21-88d5-7b9b11a514f4/userFiles-bfb57838-1fcd-4b74-98e3-f8cf56efeb0e/fetchFileTemp1794047601935432503.tmp has been previously copied to /tmp/spark-e94bee2f-b342-4c21-88d5-7b9b11a514f4/userFiles-bfb57838-1fcd-4b74-98e3-f8cf56efeb0e/org.mongodb.spark_mongo-spark-connector_2.12-3.0.1.jar
[2023-01-26T16:17:13.101+0000] {spark_submit.py:495} INFO - 23/01/26 16:17:13 INFO Executor: Adding file:/tmp/spark-e94bee2f-b342-4c21-88d5-7b9b11a514f4/userFiles-bfb57838-1fcd-4b74-98e3-f8cf56efeb0e/org.mongodb.spark_mongo-spark-connector_2.12-3.0.1.jar to class loader
[2023-01-26T16:17:13.111+0000] {spark_submit.py:495} INFO - 23/01/26 16:17:13 INFO Utils: Successfully started service 'org.apache.spark.network.netty.NettyBlockTransferService' on port 35199.
[2023-01-26T16:17:13.111+0000] {spark_submit.py:495} INFO - 23/01/26 16:17:13 INFO NettyBlockTransferService: Server created on 7f54167b3933:35199
[2023-01-26T16:17:13.120+0000] {spark_submit.py:495} INFO - 23/01/26 16:17:13 INFO BlockManager: Using org.apache.spark.storage.RandomBlockReplicationPolicy for block replication policy
[2023-01-26T16:17:13.120+0000] {spark_submit.py:495} INFO - 23/01/26 16:17:13 INFO BlockManagerMaster: Registering BlockManager BlockManagerId(driver, 7f54167b3933, 35199, None)
[2023-01-26T16:17:13.120+0000] {spark_submit.py:495} INFO - 23/01/26 16:17:13 INFO BlockManagerMasterEndpoint: Registering block manager 7f54167b3933:35199 with 434.4 MiB RAM, BlockManagerId(driver, 7f54167b3933, 35199, None)
[2023-01-26T16:17:13.135+0000] {spark_submit.py:495} INFO - 23/01/26 16:17:13 INFO BlockManagerMaster: Registered BlockManager BlockManagerId(driver, 7f54167b3933, 35199, None)
[2023-01-26T16:17:13.136+0000] {spark_submit.py:495} INFO - 23/01/26 16:17:13 INFO BlockManager: Initialized BlockManager: BlockManagerId(driver, 7f54167b3933, 35199, None)
[2023-01-26T16:17:17.136+0000] {local_task_job.py:224} WARNING - State of this instance has been externally set to up_for_retry. Terminating instance.
[2023-01-26T16:17:17.139+0000] {process_utils.py:133} INFO - Sending Signals.SIGTERM to group 2476. PIDs of all processes in the group: [2477, 2532, 2476]
[2023-01-26T16:17:17.140+0000] {process_utils.py:84} INFO - Sending the signal Signals.SIGTERM to group 2476
[2023-01-26T16:17:17.140+0000] {taskinstance.py:1483} ERROR - Received SIGTERM. Terminating subprocesses.
[2023-01-26T16:17:17.140+0000] {spark_submit.py:620} INFO - Sending kill signal to spark-submit
[2023-01-26T16:17:17.162+0000] {taskinstance.py:1772} ERROR - Task failed with exception
Traceback (most recent call last):
  File "/home/airflow/.local/lib/python3.7/site-packages/airflow/providers/apache/spark/operators/spark_submit.py", line 157, in execute
    self._hook.submit(self._application)
  File "/home/airflow/.local/lib/python3.7/site-packages/airflow/providers/apache/spark/hooks/spark_submit.py", line 414, in submit
    self._process_spark_submit_log(iter(self._submit_sp.stdout))  # type: ignore
  File "/home/airflow/.local/lib/python3.7/site-packages/airflow/providers/apache/spark/hooks/spark_submit.py", line 463, in _process_spark_submit_log
    for line in itr:
  File "/home/airflow/.local/lib/python3.7/site-packages/airflow/models/taskinstance.py", line 1485, in signal_handler
    raise AirflowException("Task received SIGTERM signal")
airflow.exceptions.AirflowException: Task received SIGTERM signal
[2023-01-26T16:17:17.167+0000] {taskinstance.py:1327} INFO - Marking task as UP_FOR_RETRY. dag_id=Streaming_pipeline_meli, task_id=consumer_data_of_topic, execution_date=20230123T220304, start_date=20230126T161706, end_date=20230126T161717
[2023-01-26T16:17:17.184+0000] {standard_task_runner.py:105} ERROR - Failed to execute job 1030 for task consumer_data_of_topic (Task received SIGTERM signal; 2476)
[2023-01-26T16:17:17.204+0000] {process_utils.py:79} INFO - Process psutil.Process(pid=2476, status='terminated', exitcode=1, started='16:17:06') (2476) terminated with exit code 1
[2023-01-26T16:17:17.205+0000] {process_utils.py:79} INFO - Process psutil.Process(pid=2532, status='terminated', started='16:17:08') (2532) terminated with exit code None
[2023-01-26T16:17:17.206+0000] {process_utils.py:79} INFO - Process psutil.Process(pid=2477, status='terminated', started='16:17:06') (2477) terminated with exit code None
