[2023-01-26T23:14:10.486+0000] {taskinstance.py:1087} INFO - Dependencies all met for <TaskInstance: Streaming_pipeline_meli.consumer_data_of_topic manual__2023-01-23T22:03:04.495188+00:00 [queued]>
[2023-01-26T23:14:10.496+0000] {taskinstance.py:1087} INFO - Dependencies all met for <TaskInstance: Streaming_pipeline_meli.consumer_data_of_topic manual__2023-01-23T22:03:04.495188+00:00 [queued]>
[2023-01-26T23:14:10.497+0000] {taskinstance.py:1283} INFO - 
--------------------------------------------------------------------------------
[2023-01-26T23:14:10.497+0000] {taskinstance.py:1284} INFO - Starting attempt 264 of 269
[2023-01-26T23:14:10.497+0000] {taskinstance.py:1285} INFO - 
--------------------------------------------------------------------------------
[2023-01-26T23:14:10.508+0000] {taskinstance.py:1304} INFO - Executing <Task(SparkSubmitOperator): consumer_data_of_topic> on 2023-01-23 22:03:04.495188+00:00
[2023-01-26T23:14:10.513+0000] {standard_task_runner.py:55} INFO - Started process 30361 to run task
[2023-01-26T23:14:10.515+0000] {standard_task_runner.py:82} INFO - Running: ['***', 'tasks', 'run', 'Streaming_pipeline_meli', 'consumer_data_of_topic', 'manual__2023-01-23T22:03:04.495188+00:00', '--job-id', '1068', '--raw', '--subdir', 'DAGS_FOLDER/producer_dag.py', '--cfg-path', '/tmp/tmpktzfjgne']
[2023-01-26T23:14:10.516+0000] {standard_task_runner.py:83} INFO - Job 1068: Subtask consumer_data_of_topic
[2023-01-26T23:14:10.567+0000] {task_command.py:389} INFO - Running <TaskInstance: Streaming_pipeline_meli.consumer_data_of_topic manual__2023-01-23T22:03:04.495188+00:00 [running]> on host f1cbb5df32e6
[2023-01-26T23:14:10.624+0000] {taskinstance.py:1513} INFO - Exporting the following env vars:
AIRFLOW_CTX_DAG_OWNER=***
AIRFLOW_CTX_DAG_ID=Streaming_pipeline_meli
AIRFLOW_CTX_TASK_ID=consumer_data_of_topic
AIRFLOW_CTX_EXECUTION_DATE=2023-01-23T22:03:04.495188+00:00
AIRFLOW_CTX_TRY_NUMBER=264
AIRFLOW_CTX_DAG_RUN_ID=manual__2023-01-23T22:03:04.495188+00:00
[2023-01-26T23:14:10.632+0000] {base.py:73} INFO - Using connection ID 'spark_default' for task execution.
[2023-01-26T23:14:10.633+0000] {spark_submit.py:344} INFO - Spark-Submit cmd: spark-submit --master spark://tomi-H310:7077 --packages org.apache.spark:spark-sql-kafka-0-10_2.12:3.1.3,org.mongodb.spark:mongo-spark-connector_2.12:3.0.1 --name arrow-spark --queue root.default /opt/***/dags/consumerSpark.py
[2023-01-26T23:14:10.743+0000] {spark_submit.py:495} INFO - /home/***/.local/lib/python3.7/site-packages/pyspark/bin/load-spark-env.sh: line 68: ps: command not found
[2023-01-26T23:14:13.591+0000] {spark_submit.py:495} INFO - :: loading settings :: url = jar:file:/home/***/.local/lib/python3.7/site-packages/pyspark/jars/ivy-2.5.0.jar!/org/apache/ivy/core/settings/ivysettings.xml
[2023-01-26T23:14:13.766+0000] {spark_submit.py:495} INFO - Ivy Default Cache set to: /home/***/.ivy2/cache
[2023-01-26T23:14:13.766+0000] {spark_submit.py:495} INFO - The jars for the packages stored in: /home/***/.ivy2/jars
[2023-01-26T23:14:13.775+0000] {spark_submit.py:495} INFO - org.apache.spark#spark-sql-kafka-0-10_2.12 added as a dependency
[2023-01-26T23:14:13.776+0000] {spark_submit.py:495} INFO - org.mongodb.spark#mongo-spark-connector_2.12 added as a dependency
[2023-01-26T23:14:13.776+0000] {spark_submit.py:495} INFO - :: resolving dependencies :: org.apache.spark#spark-submit-parent-e8dc4677-20a1-40b2-ac09-40a259c790d0;1.0
[2023-01-26T23:14:13.776+0000] {spark_submit.py:495} INFO - confs: [default]
[2023-01-26T23:14:14.008+0000] {spark_submit.py:495} INFO - found org.apache.spark#spark-sql-kafka-0-10_2.12;3.1.3 in central
[2023-01-26T23:14:14.095+0000] {spark_submit.py:495} INFO - found org.apache.spark#spark-token-provider-kafka-0-10_2.12;3.1.3 in central
[2023-01-26T23:14:14.135+0000] {spark_submit.py:495} INFO - found org.apache.kafka#kafka-clients;2.6.0 in central
[2023-01-26T23:14:14.227+0000] {spark_submit.py:495} INFO - found com.github.luben#zstd-jni;1.4.8-1 in central
[2023-01-26T23:14:14.282+0000] {spark_submit.py:495} INFO - found org.lz4#lz4-java;1.7.1 in central
[2023-01-26T23:14:14.335+0000] {spark_submit.py:495} INFO - found org.xerial.snappy#snappy-java;1.1.8.2 in central
[2023-01-26T23:14:14.375+0000] {spark_submit.py:495} INFO - found org.slf4j#slf4j-api;1.7.30 in central
[2023-01-26T23:14:14.392+0000] {spark_submit.py:495} INFO - found org.spark-project.spark#unused;1.0.0 in central
[2023-01-26T23:14:14.408+0000] {spark_submit.py:495} INFO - found org.apache.commons#commons-pool2;2.6.2 in central
[2023-01-26T23:14:14.420+0000] {spark_submit.py:495} INFO - found org.mongodb.spark#mongo-spark-connector_2.12;3.0.1 in central
[2023-01-26T23:14:14.432+0000] {spark_submit.py:495} INFO - found org.mongodb#mongodb-driver-sync;4.0.5 in central
[2023-01-26T23:14:14.444+0000] {spark_submit.py:495} INFO - found org.mongodb#bson;4.0.5 in central
[2023-01-26T23:14:14.457+0000] {spark_submit.py:495} INFO - found org.mongodb#mongodb-driver-core;4.0.5 in central
[2023-01-26T23:14:14.494+0000] {spark_submit.py:495} INFO - :: resolution report :: resolve 697ms :: artifacts dl 22ms
[2023-01-26T23:14:14.495+0000] {spark_submit.py:495} INFO - :: modules in use:
[2023-01-26T23:14:14.495+0000] {spark_submit.py:495} INFO - com.github.luben#zstd-jni;1.4.8-1 from central in [default]
[2023-01-26T23:14:14.496+0000] {spark_submit.py:495} INFO - org.apache.commons#commons-pool2;2.6.2 from central in [default]
[2023-01-26T23:14:14.496+0000] {spark_submit.py:495} INFO - org.apache.kafka#kafka-clients;2.6.0 from central in [default]
[2023-01-26T23:14:14.496+0000] {spark_submit.py:495} INFO - org.apache.spark#spark-sql-kafka-0-10_2.12;3.1.3 from central in [default]
[2023-01-26T23:14:14.496+0000] {spark_submit.py:495} INFO - org.apache.spark#spark-token-provider-kafka-0-10_2.12;3.1.3 from central in [default]
[2023-01-26T23:14:14.496+0000] {spark_submit.py:495} INFO - org.lz4#lz4-java;1.7.1 from central in [default]
[2023-01-26T23:14:14.497+0000] {spark_submit.py:495} INFO - org.mongodb#bson;4.0.5 from central in [default]
[2023-01-26T23:14:14.497+0000] {spark_submit.py:495} INFO - org.mongodb#mongodb-driver-core;4.0.5 from central in [default]
[2023-01-26T23:14:14.497+0000] {spark_submit.py:495} INFO - org.mongodb#mongodb-driver-sync;4.0.5 from central in [default]
[2023-01-26T23:14:14.498+0000] {spark_submit.py:495} INFO - org.mongodb.spark#mongo-spark-connector_2.12;3.0.1 from central in [default]
[2023-01-26T23:14:14.499+0000] {spark_submit.py:495} INFO - org.slf4j#slf4j-api;1.7.30 from central in [default]
[2023-01-26T23:14:14.499+0000] {spark_submit.py:495} INFO - org.spark-project.spark#unused;1.0.0 from central in [default]
[2023-01-26T23:14:14.499+0000] {spark_submit.py:495} INFO - org.xerial.snappy#snappy-java;1.1.8.2 from central in [default]
[2023-01-26T23:14:14.500+0000] {spark_submit.py:495} INFO - ---------------------------------------------------------------------
[2023-01-26T23:14:14.500+0000] {spark_submit.py:495} INFO - |                  |            modules            ||   artifacts   |
[2023-01-26T23:14:14.500+0000] {spark_submit.py:495} INFO - |       conf       | number| search|dwnlded|evicted|| number|dwnlded|
[2023-01-26T23:14:14.500+0000] {spark_submit.py:495} INFO - ---------------------------------------------------------------------
[2023-01-26T23:14:14.501+0000] {spark_submit.py:495} INFO - |      default     |   13  |   0   |   0   |   0   ||   13  |   0   |
[2023-01-26T23:14:14.501+0000] {spark_submit.py:495} INFO - ---------------------------------------------------------------------
[2023-01-26T23:14:14.509+0000] {spark_submit.py:495} INFO - :: retrieving :: org.apache.spark#spark-submit-parent-e8dc4677-20a1-40b2-ac09-40a259c790d0
[2023-01-26T23:14:14.509+0000] {spark_submit.py:495} INFO - confs: [default]
[2023-01-26T23:14:14.520+0000] {spark_submit.py:495} INFO - 0 artifacts copied, 13 already retrieved (0kB/10ms)
[2023-01-26T23:14:14.946+0000] {spark_submit.py:495} INFO - 23/01/26 23:14:14 WARN NativeCodeLoader: Unable to load native-hadoop library for your platform... using builtin-java classes where applicable
[2023-01-26T23:14:17.241+0000] {spark_submit.py:495} INFO - 23/01/26 23:14:17 INFO SparkContext: Running Spark version 3.3.1
[2023-01-26T23:14:17.296+0000] {spark_submit.py:495} INFO - 23/01/26 23:14:17 INFO ResourceUtils: ==============================================================
[2023-01-26T23:14:17.297+0000] {spark_submit.py:495} INFO - 23/01/26 23:14:17 INFO ResourceUtils: No custom resources configured for spark.driver.
[2023-01-26T23:14:17.297+0000] {spark_submit.py:495} INFO - 23/01/26 23:14:17 INFO ResourceUtils: ==============================================================
[2023-01-26T23:14:17.297+0000] {spark_submit.py:495} INFO - 23/01/26 23:14:17 INFO SparkContext: Submitted application: arrow-spark
[2023-01-26T23:14:17.342+0000] {spark_submit.py:495} INFO - 23/01/26 23:14:17 INFO ResourceProfile: Default ResourceProfile created, executor resources: Map(cores -> name: cores, amount: 1, script: , vendor: , memory -> name: memory, amount: 1024, script: , vendor: , offHeap -> name: offHeap, amount: 0, script: , vendor: ), task resources: Map(cpus -> name: cpus, amount: 1.0)
[2023-01-26T23:14:17.384+0000] {spark_submit.py:495} INFO - 23/01/26 23:14:17 INFO ResourceProfile: Limiting resource is cpu
[2023-01-26T23:14:17.386+0000] {spark_submit.py:495} INFO - 23/01/26 23:14:17 INFO ResourceProfileManager: Added ResourceProfile id: 0
[2023-01-26T23:14:17.504+0000] {spark_submit.py:495} INFO - 23/01/26 23:14:17 INFO SecurityManager: Changing view acls to: default
[2023-01-26T23:14:17.505+0000] {spark_submit.py:495} INFO - 23/01/26 23:14:17 INFO SecurityManager: Changing modify acls to: default
[2023-01-26T23:14:17.510+0000] {spark_submit.py:495} INFO - 23/01/26 23:14:17 INFO SecurityManager: Changing view acls groups to:
[2023-01-26T23:14:17.511+0000] {spark_submit.py:495} INFO - 23/01/26 23:14:17 INFO SecurityManager: Changing modify acls groups to:
[2023-01-26T23:14:17.512+0000] {spark_submit.py:495} INFO - 23/01/26 23:14:17 INFO SecurityManager: SecurityManager: authentication disabled; ui acls disabled; users  with view permissions: Set(default); groups with view permissions: Set(); users  with modify permissions: Set(default); groups with modify permissions: Set()
[2023-01-26T23:14:18.179+0000] {spark_submit.py:495} INFO - 23/01/26 23:14:18 INFO Utils: Successfully started service 'sparkDriver' on port 33689.
[2023-01-26T23:14:18.304+0000] {spark_submit.py:495} INFO - 23/01/26 23:14:18 INFO SparkEnv: Registering MapOutputTracker
[2023-01-26T23:14:18.375+0000] {spark_submit.py:495} INFO - 23/01/26 23:14:18 INFO SparkEnv: Registering BlockManagerMaster
[2023-01-26T23:14:18.411+0000] {spark_submit.py:495} INFO - 23/01/26 23:14:18 INFO BlockManagerMasterEndpoint: Using org.apache.spark.storage.DefaultTopologyMapper for getting topology information
[2023-01-26T23:14:18.411+0000] {spark_submit.py:495} INFO - 23/01/26 23:14:18 INFO BlockManagerMasterEndpoint: BlockManagerMasterEndpoint up
[2023-01-26T23:14:18.419+0000] {spark_submit.py:495} INFO - 23/01/26 23:14:18 INFO SparkEnv: Registering BlockManagerMasterHeartbeat
[2023-01-26T23:14:18.451+0000] {spark_submit.py:495} INFO - 23/01/26 23:14:18 INFO DiskBlockManager: Created local directory at /tmp/blockmgr-dde8e159-9260-4d6e-ba51-7624b901f235
[2023-01-26T23:14:18.474+0000] {spark_submit.py:495} INFO - 23/01/26 23:14:18 INFO MemoryStore: MemoryStore started with capacity 434.4 MiB
[2023-01-26T23:14:18.507+0000] {spark_submit.py:495} INFO - 23/01/26 23:14:18 INFO SparkEnv: Registering OutputCommitCoordinator
[2023-01-26T23:14:18.918+0000] {spark_submit.py:495} INFO - 23/01/26 23:14:18 INFO Utils: Successfully started service 'SparkUI' on port 4040.
[2023-01-26T23:14:18.993+0000] {spark_submit.py:495} INFO - 23/01/26 23:14:18 INFO SparkContext: Added JAR file:///home/***/.ivy2/jars/org.apache.spark_spark-sql-kafka-0-10_2.12-3.1.3.jar at spark://f1cbb5df32e6:33689/jars/org.apache.spark_spark-sql-kafka-0-10_2.12-3.1.3.jar with timestamp 1674774857218
[2023-01-26T23:14:18.994+0000] {spark_submit.py:495} INFO - 23/01/26 23:14:18 INFO SparkContext: Added JAR file:///home/***/.ivy2/jars/org.mongodb.spark_mongo-spark-connector_2.12-3.0.1.jar at spark://f1cbb5df32e6:33689/jars/org.mongodb.spark_mongo-spark-connector_2.12-3.0.1.jar with timestamp 1674774857218
[2023-01-26T23:14:18.994+0000] {spark_submit.py:495} INFO - 23/01/26 23:14:18 INFO SparkContext: Added JAR file:///home/***/.ivy2/jars/org.apache.spark_spark-token-provider-kafka-0-10_2.12-3.1.3.jar at spark://f1cbb5df32e6:33689/jars/org.apache.spark_spark-token-provider-kafka-0-10_2.12-3.1.3.jar with timestamp 1674774857218
[2023-01-26T23:14:18.995+0000] {spark_submit.py:495} INFO - 23/01/26 23:14:18 INFO SparkContext: Added JAR file:///home/***/.ivy2/jars/org.apache.kafka_kafka-clients-2.6.0.jar at spark://f1cbb5df32e6:33689/jars/org.apache.kafka_kafka-clients-2.6.0.jar with timestamp 1674774857218
[2023-01-26T23:14:18.995+0000] {spark_submit.py:495} INFO - 23/01/26 23:14:18 INFO SparkContext: Added JAR file:///home/***/.ivy2/jars/org.apache.commons_commons-pool2-2.6.2.jar at spark://f1cbb5df32e6:33689/jars/org.apache.commons_commons-pool2-2.6.2.jar with timestamp 1674774857218
[2023-01-26T23:14:18.995+0000] {spark_submit.py:495} INFO - 23/01/26 23:14:18 INFO SparkContext: Added JAR file:///home/***/.ivy2/jars/org.spark-project.spark_unused-1.0.0.jar at spark://f1cbb5df32e6:33689/jars/org.spark-project.spark_unused-1.0.0.jar with timestamp 1674774857218
[2023-01-26T23:14:19.001+0000] {spark_submit.py:495} INFO - 23/01/26 23:14:18 INFO SparkContext: Added JAR file:///home/***/.ivy2/jars/com.github.luben_zstd-jni-1.4.8-1.jar at spark://f1cbb5df32e6:33689/jars/com.github.luben_zstd-jni-1.4.8-1.jar with timestamp 1674774857218
[2023-01-26T23:14:19.001+0000] {spark_submit.py:495} INFO - 23/01/26 23:14:18 INFO SparkContext: Added JAR file:///home/***/.ivy2/jars/org.lz4_lz4-java-1.7.1.jar at spark://f1cbb5df32e6:33689/jars/org.lz4_lz4-java-1.7.1.jar with timestamp 1674774857218
[2023-01-26T23:14:19.001+0000] {spark_submit.py:495} INFO - 23/01/26 23:14:18 INFO SparkContext: Added JAR file:///home/***/.ivy2/jars/org.xerial.snappy_snappy-java-1.1.8.2.jar at spark://f1cbb5df32e6:33689/jars/org.xerial.snappy_snappy-java-1.1.8.2.jar with timestamp 1674774857218
[2023-01-26T23:14:19.001+0000] {spark_submit.py:495} INFO - 23/01/26 23:14:18 INFO SparkContext: Added JAR file:///home/***/.ivy2/jars/org.slf4j_slf4j-api-1.7.30.jar at spark://f1cbb5df32e6:33689/jars/org.slf4j_slf4j-api-1.7.30.jar with timestamp 1674774857218
[2023-01-26T23:14:19.002+0000] {spark_submit.py:495} INFO - 23/01/26 23:14:18 INFO SparkContext: Added JAR file:///home/***/.ivy2/jars/org.mongodb_mongodb-driver-sync-4.0.5.jar at spark://f1cbb5df32e6:33689/jars/org.mongodb_mongodb-driver-sync-4.0.5.jar with timestamp 1674774857218
[2023-01-26T23:14:19.002+0000] {spark_submit.py:495} INFO - 23/01/26 23:14:18 INFO SparkContext: Added JAR file:///home/***/.ivy2/jars/org.mongodb_bson-4.0.5.jar at spark://f1cbb5df32e6:33689/jars/org.mongodb_bson-4.0.5.jar with timestamp 1674774857218
[2023-01-26T23:14:19.002+0000] {spark_submit.py:495} INFO - 23/01/26 23:14:18 INFO SparkContext: Added JAR file:///home/***/.ivy2/jars/org.mongodb_mongodb-driver-core-4.0.5.jar at spark://f1cbb5df32e6:33689/jars/org.mongodb_mongodb-driver-core-4.0.5.jar with timestamp 1674774857218
[2023-01-26T23:14:19.006+0000] {spark_submit.py:495} INFO - 23/01/26 23:14:19 INFO SparkContext: Added file file:///home/***/.ivy2/jars/org.apache.spark_spark-sql-kafka-0-10_2.12-3.1.3.jar at file:///home/***/.ivy2/jars/org.apache.spark_spark-sql-kafka-0-10_2.12-3.1.3.jar with timestamp 1674774857218
[2023-01-26T23:14:19.011+0000] {spark_submit.py:495} INFO - 23/01/26 23:14:19 INFO Utils: Copying /home/***/.ivy2/jars/org.apache.spark_spark-sql-kafka-0-10_2.12-3.1.3.jar to /tmp/spark-aa239d1e-ab43-4952-9397-e91ecd89f54f/userFiles-6c715b83-4de7-497b-aa68-2d763c8c5875/org.apache.spark_spark-sql-kafka-0-10_2.12-3.1.3.jar
[2023-01-26T23:14:19.045+0000] {spark_submit.py:495} INFO - 23/01/26 23:14:19 INFO SparkContext: Added file file:///home/***/.ivy2/jars/org.mongodb.spark_mongo-spark-connector_2.12-3.0.1.jar at file:///home/***/.ivy2/jars/org.mongodb.spark_mongo-spark-connector_2.12-3.0.1.jar with timestamp 1674774857218
[2023-01-26T23:14:19.045+0000] {spark_submit.py:495} INFO - 23/01/26 23:14:19 INFO Utils: Copying /home/***/.ivy2/jars/org.mongodb.spark_mongo-spark-connector_2.12-3.0.1.jar to /tmp/spark-aa239d1e-ab43-4952-9397-e91ecd89f54f/userFiles-6c715b83-4de7-497b-aa68-2d763c8c5875/org.mongodb.spark_mongo-spark-connector_2.12-3.0.1.jar
[2023-01-26T23:14:19.058+0000] {spark_submit.py:495} INFO - 23/01/26 23:14:19 INFO SparkContext: Added file file:///home/***/.ivy2/jars/org.apache.spark_spark-token-provider-kafka-0-10_2.12-3.1.3.jar at file:///home/***/.ivy2/jars/org.apache.spark_spark-token-provider-kafka-0-10_2.12-3.1.3.jar with timestamp 1674774857218
[2023-01-26T23:14:19.058+0000] {spark_submit.py:495} INFO - 23/01/26 23:14:19 INFO Utils: Copying /home/***/.ivy2/jars/org.apache.spark_spark-token-provider-kafka-0-10_2.12-3.1.3.jar to /tmp/spark-aa239d1e-ab43-4952-9397-e91ecd89f54f/userFiles-6c715b83-4de7-497b-aa68-2d763c8c5875/org.apache.spark_spark-token-provider-kafka-0-10_2.12-3.1.3.jar
[2023-01-26T23:14:19.065+0000] {spark_submit.py:495} INFO - 23/01/26 23:14:19 INFO SparkContext: Added file file:///home/***/.ivy2/jars/org.apache.kafka_kafka-clients-2.6.0.jar at file:///home/***/.ivy2/jars/org.apache.kafka_kafka-clients-2.6.0.jar with timestamp 1674774857218
[2023-01-26T23:14:19.065+0000] {spark_submit.py:495} INFO - 23/01/26 23:14:19 INFO Utils: Copying /home/***/.ivy2/jars/org.apache.kafka_kafka-clients-2.6.0.jar to /tmp/spark-aa239d1e-ab43-4952-9397-e91ecd89f54f/userFiles-6c715b83-4de7-497b-aa68-2d763c8c5875/org.apache.kafka_kafka-clients-2.6.0.jar
[2023-01-26T23:14:19.123+0000] {spark_submit.py:495} INFO - 23/01/26 23:14:19 INFO SparkContext: Added file file:///home/***/.ivy2/jars/org.apache.commons_commons-pool2-2.6.2.jar at file:///home/***/.ivy2/jars/org.apache.commons_commons-pool2-2.6.2.jar with timestamp 1674774857218
[2023-01-26T23:14:19.124+0000] {spark_submit.py:495} INFO - 23/01/26 23:14:19 INFO Utils: Copying /home/***/.ivy2/jars/org.apache.commons_commons-pool2-2.6.2.jar to /tmp/spark-aa239d1e-ab43-4952-9397-e91ecd89f54f/userFiles-6c715b83-4de7-497b-aa68-2d763c8c5875/org.apache.commons_commons-pool2-2.6.2.jar
[2023-01-26T23:14:19.136+0000] {spark_submit.py:495} INFO - 23/01/26 23:14:19 INFO SparkContext: Added file file:///home/***/.ivy2/jars/org.spark-project.spark_unused-1.0.0.jar at file:///home/***/.ivy2/jars/org.spark-project.spark_unused-1.0.0.jar with timestamp 1674774857218
[2023-01-26T23:14:19.137+0000] {spark_submit.py:495} INFO - 23/01/26 23:14:19 INFO Utils: Copying /home/***/.ivy2/jars/org.spark-project.spark_unused-1.0.0.jar to /tmp/spark-aa239d1e-ab43-4952-9397-e91ecd89f54f/userFiles-6c715b83-4de7-497b-aa68-2d763c8c5875/org.spark-project.spark_unused-1.0.0.jar
[2023-01-26T23:14:19.145+0000] {spark_submit.py:495} INFO - 23/01/26 23:14:19 INFO SparkContext: Added file file:///home/***/.ivy2/jars/com.github.luben_zstd-jni-1.4.8-1.jar at file:///home/***/.ivy2/jars/com.github.luben_zstd-jni-1.4.8-1.jar with timestamp 1674774857218
[2023-01-26T23:14:19.146+0000] {spark_submit.py:495} INFO - 23/01/26 23:14:19 INFO Utils: Copying /home/***/.ivy2/jars/com.github.luben_zstd-jni-1.4.8-1.jar to /tmp/spark-aa239d1e-ab43-4952-9397-e91ecd89f54f/userFiles-6c715b83-4de7-497b-aa68-2d763c8c5875/com.github.luben_zstd-jni-1.4.8-1.jar
[2023-01-26T23:14:19.179+0000] {spark_submit.py:495} INFO - 23/01/26 23:14:19 INFO SparkContext: Added file file:///home/***/.ivy2/jars/org.lz4_lz4-java-1.7.1.jar at file:///home/***/.ivy2/jars/org.lz4_lz4-java-1.7.1.jar with timestamp 1674774857218
[2023-01-26T23:14:19.181+0000] {spark_submit.py:495} INFO - 23/01/26 23:14:19 INFO Utils: Copying /home/***/.ivy2/jars/org.lz4_lz4-java-1.7.1.jar to /tmp/spark-aa239d1e-ab43-4952-9397-e91ecd89f54f/userFiles-6c715b83-4de7-497b-aa68-2d763c8c5875/org.lz4_lz4-java-1.7.1.jar
[2023-01-26T23:14:19.193+0000] {spark_submit.py:495} INFO - 23/01/26 23:14:19 INFO SparkContext: Added file file:///home/***/.ivy2/jars/org.xerial.snappy_snappy-java-1.1.8.2.jar at file:///home/***/.ivy2/jars/org.xerial.snappy_snappy-java-1.1.8.2.jar with timestamp 1674774857218
[2023-01-26T23:14:19.193+0000] {spark_submit.py:495} INFO - 23/01/26 23:14:19 INFO Utils: Copying /home/***/.ivy2/jars/org.xerial.snappy_snappy-java-1.1.8.2.jar to /tmp/spark-aa239d1e-ab43-4952-9397-e91ecd89f54f/userFiles-6c715b83-4de7-497b-aa68-2d763c8c5875/org.xerial.snappy_snappy-java-1.1.8.2.jar
[2023-01-26T23:14:19.214+0000] {spark_submit.py:495} INFO - 23/01/26 23:14:19 INFO SparkContext: Added file file:///home/***/.ivy2/jars/org.slf4j_slf4j-api-1.7.30.jar at file:///home/***/.ivy2/jars/org.slf4j_slf4j-api-1.7.30.jar with timestamp 1674774857218
[2023-01-26T23:14:19.214+0000] {spark_submit.py:495} INFO - 23/01/26 23:14:19 INFO Utils: Copying /home/***/.ivy2/jars/org.slf4j_slf4j-api-1.7.30.jar to /tmp/spark-aa239d1e-ab43-4952-9397-e91ecd89f54f/userFiles-6c715b83-4de7-497b-aa68-2d763c8c5875/org.slf4j_slf4j-api-1.7.30.jar
[2023-01-26T23:14:19.228+0000] {spark_submit.py:495} INFO - 23/01/26 23:14:19 INFO SparkContext: Added file file:///home/***/.ivy2/jars/org.mongodb_mongodb-driver-sync-4.0.5.jar at file:///home/***/.ivy2/jars/org.mongodb_mongodb-driver-sync-4.0.5.jar with timestamp 1674774857218
[2023-01-26T23:14:19.229+0000] {spark_submit.py:495} INFO - 23/01/26 23:14:19 INFO Utils: Copying /home/***/.ivy2/jars/org.mongodb_mongodb-driver-sync-4.0.5.jar to /tmp/spark-aa239d1e-ab43-4952-9397-e91ecd89f54f/userFiles-6c715b83-4de7-497b-aa68-2d763c8c5875/org.mongodb_mongodb-driver-sync-4.0.5.jar
[2023-01-26T23:14:19.235+0000] {spark_submit.py:495} INFO - 23/01/26 23:14:19 INFO SparkContext: Added file file:///home/***/.ivy2/jars/org.mongodb_bson-4.0.5.jar at file:///home/***/.ivy2/jars/org.mongodb_bson-4.0.5.jar with timestamp 1674774857218
[2023-01-26T23:14:19.236+0000] {spark_submit.py:495} INFO - 23/01/26 23:14:19 INFO Utils: Copying /home/***/.ivy2/jars/org.mongodb_bson-4.0.5.jar to /tmp/spark-aa239d1e-ab43-4952-9397-e91ecd89f54f/userFiles-6c715b83-4de7-497b-aa68-2d763c8c5875/org.mongodb_bson-4.0.5.jar
[2023-01-26T23:14:19.259+0000] {spark_submit.py:495} INFO - 23/01/26 23:14:19 INFO SparkContext: Added file file:///home/***/.ivy2/jars/org.mongodb_mongodb-driver-core-4.0.5.jar at file:///home/***/.ivy2/jars/org.mongodb_mongodb-driver-core-4.0.5.jar with timestamp 1674774857218
[2023-01-26T23:14:19.259+0000] {spark_submit.py:495} INFO - 23/01/26 23:14:19 INFO Utils: Copying /home/***/.ivy2/jars/org.mongodb_mongodb-driver-core-4.0.5.jar to /tmp/spark-aa239d1e-ab43-4952-9397-e91ecd89f54f/userFiles-6c715b83-4de7-497b-aa68-2d763c8c5875/org.mongodb_mongodb-driver-core-4.0.5.jar
[2023-01-26T23:14:19.393+0000] {spark_submit.py:495} INFO - 23/01/26 23:14:19 INFO Executor: Starting executor ID driver on host f1cbb5df32e6
[2023-01-26T23:14:19.402+0000] {spark_submit.py:495} INFO - 23/01/26 23:14:19 INFO Executor: Starting executor with user classpath (userClassPathFirst = false): ''
[2023-01-26T23:14:19.432+0000] {spark_submit.py:495} INFO - 23/01/26 23:14:19 INFO Executor: Fetching file:///home/***/.ivy2/jars/org.apache.spark_spark-token-provider-kafka-0-10_2.12-3.1.3.jar with timestamp 1674774857218
[2023-01-26T23:14:19.461+0000] {spark_submit.py:495} INFO - 23/01/26 23:14:19 INFO Utils: /home/***/.ivy2/jars/org.apache.spark_spark-token-provider-kafka-0-10_2.12-3.1.3.jar has been previously copied to /tmp/spark-aa239d1e-ab43-4952-9397-e91ecd89f54f/userFiles-6c715b83-4de7-497b-aa68-2d763c8c5875/org.apache.spark_spark-token-provider-kafka-0-10_2.12-3.1.3.jar
[2023-01-26T23:14:19.470+0000] {spark_submit.py:495} INFO - 23/01/26 23:14:19 INFO Executor: Fetching file:///home/***/.ivy2/jars/org.mongodb_mongodb-driver-sync-4.0.5.jar with timestamp 1674774857218
[2023-01-26T23:14:19.473+0000] {spark_submit.py:495} INFO - 23/01/26 23:14:19 INFO Utils: /home/***/.ivy2/jars/org.mongodb_mongodb-driver-sync-4.0.5.jar has been previously copied to /tmp/spark-aa239d1e-ab43-4952-9397-e91ecd89f54f/userFiles-6c715b83-4de7-497b-aa68-2d763c8c5875/org.mongodb_mongodb-driver-sync-4.0.5.jar
[2023-01-26T23:14:19.494+0000] {spark_submit.py:495} INFO - 23/01/26 23:14:19 INFO Executor: Fetching file:///home/***/.ivy2/jars/org.apache.kafka_kafka-clients-2.6.0.jar with timestamp 1674774857218
[2023-01-26T23:14:19.498+0000] {spark_submit.py:495} INFO - 23/01/26 23:14:19 INFO Utils: /home/***/.ivy2/jars/org.apache.kafka_kafka-clients-2.6.0.jar has been previously copied to /tmp/spark-aa239d1e-ab43-4952-9397-e91ecd89f54f/userFiles-6c715b83-4de7-497b-aa68-2d763c8c5875/org.apache.kafka_kafka-clients-2.6.0.jar
[2023-01-26T23:14:19.523+0000] {spark_submit.py:495} INFO - 23/01/26 23:14:19 INFO Executor: Fetching file:///home/***/.ivy2/jars/org.mongodb_bson-4.0.5.jar with timestamp 1674774857218
[2023-01-26T23:14:19.523+0000] {spark_submit.py:495} INFO - 23/01/26 23:14:19 INFO Utils: /home/***/.ivy2/jars/org.mongodb_bson-4.0.5.jar has been previously copied to /tmp/spark-aa239d1e-ab43-4952-9397-e91ecd89f54f/userFiles-6c715b83-4de7-497b-aa68-2d763c8c5875/org.mongodb_bson-4.0.5.jar
[2023-01-26T23:14:19.535+0000] {spark_submit.py:495} INFO - 23/01/26 23:14:19 INFO Executor: Fetching file:///home/***/.ivy2/jars/com.github.luben_zstd-jni-1.4.8-1.jar with timestamp 1674774857218
[2023-01-26T23:14:19.546+0000] {spark_submit.py:495} INFO - 23/01/26 23:14:19 INFO Utils: /home/***/.ivy2/jars/com.github.luben_zstd-jni-1.4.8-1.jar has been previously copied to /tmp/spark-aa239d1e-ab43-4952-9397-e91ecd89f54f/userFiles-6c715b83-4de7-497b-aa68-2d763c8c5875/com.github.luben_zstd-jni-1.4.8-1.jar
[2023-01-26T23:14:19.565+0000] {spark_submit.py:495} INFO - 23/01/26 23:14:19 INFO Executor: Fetching file:///home/***/.ivy2/jars/org.lz4_lz4-java-1.7.1.jar with timestamp 1674774857218
[2023-01-26T23:14:19.566+0000] {spark_submit.py:495} INFO - 23/01/26 23:14:19 INFO Utils: /home/***/.ivy2/jars/org.lz4_lz4-java-1.7.1.jar has been previously copied to /tmp/spark-aa239d1e-ab43-4952-9397-e91ecd89f54f/userFiles-6c715b83-4de7-497b-aa68-2d763c8c5875/org.lz4_lz4-java-1.7.1.jar
[2023-01-26T23:14:19.576+0000] {spark_submit.py:495} INFO - 23/01/26 23:14:19 INFO Executor: Fetching file:///home/***/.ivy2/jars/org.spark-project.spark_unused-1.0.0.jar with timestamp 1674774857218
[2023-01-26T23:14:19.576+0000] {spark_submit.py:495} INFO - 23/01/26 23:14:19 INFO Utils: /home/***/.ivy2/jars/org.spark-project.spark_unused-1.0.0.jar has been previously copied to /tmp/spark-aa239d1e-ab43-4952-9397-e91ecd89f54f/userFiles-6c715b83-4de7-497b-aa68-2d763c8c5875/org.spark-project.spark_unused-1.0.0.jar
[2023-01-26T23:14:19.598+0000] {spark_submit.py:495} INFO - 23/01/26 23:14:19 INFO Executor: Fetching file:///home/***/.ivy2/jars/org.xerial.snappy_snappy-java-1.1.8.2.jar with timestamp 1674774857218
[2023-01-26T23:14:19.601+0000] {spark_submit.py:495} INFO - 23/01/26 23:14:19 INFO Utils: /home/***/.ivy2/jars/org.xerial.snappy_snappy-java-1.1.8.2.jar has been previously copied to /tmp/spark-aa239d1e-ab43-4952-9397-e91ecd89f54f/userFiles-6c715b83-4de7-497b-aa68-2d763c8c5875/org.xerial.snappy_snappy-java-1.1.8.2.jar
[2023-01-26T23:14:19.608+0000] {spark_submit.py:495} INFO - 23/01/26 23:14:19 INFO Executor: Fetching file:///home/***/.ivy2/jars/org.mongodb_mongodb-driver-core-4.0.5.jar with timestamp 1674774857218
[2023-01-26T23:14:19.609+0000] {spark_submit.py:495} INFO - 23/01/26 23:14:19 INFO Utils: /home/***/.ivy2/jars/org.mongodb_mongodb-driver-core-4.0.5.jar has been previously copied to /tmp/spark-aa239d1e-ab43-4952-9397-e91ecd89f54f/userFiles-6c715b83-4de7-497b-aa68-2d763c8c5875/org.mongodb_mongodb-driver-core-4.0.5.jar
[2023-01-26T23:14:19.613+0000] {spark_submit.py:495} INFO - 23/01/26 23:14:19 INFO Executor: Fetching file:///home/***/.ivy2/jars/org.apache.spark_spark-sql-kafka-0-10_2.12-3.1.3.jar with timestamp 1674774857218
[2023-01-26T23:14:19.614+0000] {spark_submit.py:495} INFO - 23/01/26 23:14:19 INFO Utils: /home/***/.ivy2/jars/org.apache.spark_spark-sql-kafka-0-10_2.12-3.1.3.jar has been previously copied to /tmp/spark-aa239d1e-ab43-4952-9397-e91ecd89f54f/userFiles-6c715b83-4de7-497b-aa68-2d763c8c5875/org.apache.spark_spark-sql-kafka-0-10_2.12-3.1.3.jar
[2023-01-26T23:14:19.624+0000] {spark_submit.py:495} INFO - 23/01/26 23:14:19 INFO Executor: Fetching file:///home/***/.ivy2/jars/org.mongodb.spark_mongo-spark-connector_2.12-3.0.1.jar with timestamp 1674774857218
[2023-01-26T23:14:19.624+0000] {spark_submit.py:495} INFO - 23/01/26 23:14:19 INFO Utils: /home/***/.ivy2/jars/org.mongodb.spark_mongo-spark-connector_2.12-3.0.1.jar has been previously copied to /tmp/spark-aa239d1e-ab43-4952-9397-e91ecd89f54f/userFiles-6c715b83-4de7-497b-aa68-2d763c8c5875/org.mongodb.spark_mongo-spark-connector_2.12-3.0.1.jar
[2023-01-26T23:14:19.629+0000] {spark_submit.py:495} INFO - 23/01/26 23:14:19 INFO Executor: Fetching file:///home/***/.ivy2/jars/org.apache.commons_commons-pool2-2.6.2.jar with timestamp 1674774857218
[2023-01-26T23:14:19.629+0000] {spark_submit.py:495} INFO - 23/01/26 23:14:19 INFO Utils: /home/***/.ivy2/jars/org.apache.commons_commons-pool2-2.6.2.jar has been previously copied to /tmp/spark-aa239d1e-ab43-4952-9397-e91ecd89f54f/userFiles-6c715b83-4de7-497b-aa68-2d763c8c5875/org.apache.commons_commons-pool2-2.6.2.jar
[2023-01-26T23:14:19.637+0000] {spark_submit.py:495} INFO - 23/01/26 23:14:19 INFO Executor: Fetching file:///home/***/.ivy2/jars/org.slf4j_slf4j-api-1.7.30.jar with timestamp 1674774857218
[2023-01-26T23:14:19.637+0000] {spark_submit.py:495} INFO - 23/01/26 23:14:19 INFO Utils: /home/***/.ivy2/jars/org.slf4j_slf4j-api-1.7.30.jar has been previously copied to /tmp/spark-aa239d1e-ab43-4952-9397-e91ecd89f54f/userFiles-6c715b83-4de7-497b-aa68-2d763c8c5875/org.slf4j_slf4j-api-1.7.30.jar
[2023-01-26T23:14:19.647+0000] {spark_submit.py:495} INFO - 23/01/26 23:14:19 INFO Executor: Fetching spark://f1cbb5df32e6:33689/jars/org.spark-project.spark_unused-1.0.0.jar with timestamp 1674774857218
[2023-01-26T23:14:19.723+0000] {spark_submit.py:495} INFO - 23/01/26 23:14:19 INFO TransportClientFactory: Successfully created connection to f1cbb5df32e6/172.23.0.4:33689 after 50 ms (0 ms spent in bootstraps)
[2023-01-26T23:14:19.744+0000] {spark_submit.py:495} INFO - 23/01/26 23:14:19 INFO Utils: Fetching spark://f1cbb5df32e6:33689/jars/org.spark-project.spark_unused-1.0.0.jar to /tmp/spark-aa239d1e-ab43-4952-9397-e91ecd89f54f/userFiles-6c715b83-4de7-497b-aa68-2d763c8c5875/fetchFileTemp2509194150958207023.tmp
[2023-01-26T23:14:19.792+0000] {spark_submit.py:495} INFO - 23/01/26 23:14:19 INFO Utils: /tmp/spark-aa239d1e-ab43-4952-9397-e91ecd89f54f/userFiles-6c715b83-4de7-497b-aa68-2d763c8c5875/fetchFileTemp2509194150958207023.tmp has been previously copied to /tmp/spark-aa239d1e-ab43-4952-9397-e91ecd89f54f/userFiles-6c715b83-4de7-497b-aa68-2d763c8c5875/org.spark-project.spark_unused-1.0.0.jar
[2023-01-26T23:14:19.797+0000] {spark_submit.py:495} INFO - 23/01/26 23:14:19 INFO Executor: Adding file:/tmp/spark-aa239d1e-ab43-4952-9397-e91ecd89f54f/userFiles-6c715b83-4de7-497b-aa68-2d763c8c5875/org.spark-project.spark_unused-1.0.0.jar to class loader
[2023-01-26T23:14:19.798+0000] {spark_submit.py:495} INFO - 23/01/26 23:14:19 INFO Executor: Fetching spark://f1cbb5df32e6:33689/jars/org.apache.kafka_kafka-clients-2.6.0.jar with timestamp 1674774857218
[2023-01-26T23:14:19.803+0000] {spark_submit.py:495} INFO - 23/01/26 23:14:19 INFO Utils: Fetching spark://f1cbb5df32e6:33689/jars/org.apache.kafka_kafka-clients-2.6.0.jar to /tmp/spark-aa239d1e-ab43-4952-9397-e91ecd89f54f/userFiles-6c715b83-4de7-497b-aa68-2d763c8c5875/fetchFileTemp8493462724248757664.tmp
[2023-01-26T23:14:19.855+0000] {spark_submit.py:495} INFO - 23/01/26 23:14:19 INFO Utils: /tmp/spark-aa239d1e-ab43-4952-9397-e91ecd89f54f/userFiles-6c715b83-4de7-497b-aa68-2d763c8c5875/fetchFileTemp8493462724248757664.tmp has been previously copied to /tmp/spark-aa239d1e-ab43-4952-9397-e91ecd89f54f/userFiles-6c715b83-4de7-497b-aa68-2d763c8c5875/org.apache.kafka_kafka-clients-2.6.0.jar
[2023-01-26T23:14:19.862+0000] {spark_submit.py:495} INFO - 23/01/26 23:14:19 INFO Executor: Adding file:/tmp/spark-aa239d1e-ab43-4952-9397-e91ecd89f54f/userFiles-6c715b83-4de7-497b-aa68-2d763c8c5875/org.apache.kafka_kafka-clients-2.6.0.jar to class loader
[2023-01-26T23:14:19.862+0000] {spark_submit.py:495} INFO - 23/01/26 23:14:19 INFO Executor: Fetching spark://f1cbb5df32e6:33689/jars/org.slf4j_slf4j-api-1.7.30.jar with timestamp 1674774857218
[2023-01-26T23:14:19.863+0000] {spark_submit.py:495} INFO - 23/01/26 23:14:19 INFO Utils: Fetching spark://f1cbb5df32e6:33689/jars/org.slf4j_slf4j-api-1.7.30.jar to /tmp/spark-aa239d1e-ab43-4952-9397-e91ecd89f54f/userFiles-6c715b83-4de7-497b-aa68-2d763c8c5875/fetchFileTemp6612173394288590695.tmp
[2023-01-26T23:14:19.865+0000] {spark_submit.py:495} INFO - 23/01/26 23:14:19 INFO Utils: /tmp/spark-aa239d1e-ab43-4952-9397-e91ecd89f54f/userFiles-6c715b83-4de7-497b-aa68-2d763c8c5875/fetchFileTemp6612173394288590695.tmp has been previously copied to /tmp/spark-aa239d1e-ab43-4952-9397-e91ecd89f54f/userFiles-6c715b83-4de7-497b-aa68-2d763c8c5875/org.slf4j_slf4j-api-1.7.30.jar
[2023-01-26T23:14:19.882+0000] {spark_submit.py:495} INFO - 23/01/26 23:14:19 INFO Executor: Adding file:/tmp/spark-aa239d1e-ab43-4952-9397-e91ecd89f54f/userFiles-6c715b83-4de7-497b-aa68-2d763c8c5875/org.slf4j_slf4j-api-1.7.30.jar to class loader
[2023-01-26T23:14:19.882+0000] {spark_submit.py:495} INFO - 23/01/26 23:14:19 INFO Executor: Fetching spark://f1cbb5df32e6:33689/jars/org.mongodb_mongodb-driver-sync-4.0.5.jar with timestamp 1674774857218
[2023-01-26T23:14:19.886+0000] {spark_submit.py:495} INFO - 23/01/26 23:14:19 INFO Utils: Fetching spark://f1cbb5df32e6:33689/jars/org.mongodb_mongodb-driver-sync-4.0.5.jar to /tmp/spark-aa239d1e-ab43-4952-9397-e91ecd89f54f/userFiles-6c715b83-4de7-497b-aa68-2d763c8c5875/fetchFileTemp18015589969845015774.tmp
[2023-01-26T23:14:19.887+0000] {spark_submit.py:495} INFO - 23/01/26 23:14:19 INFO Utils: /tmp/spark-aa239d1e-ab43-4952-9397-e91ecd89f54f/userFiles-6c715b83-4de7-497b-aa68-2d763c8c5875/fetchFileTemp18015589969845015774.tmp has been previously copied to /tmp/spark-aa239d1e-ab43-4952-9397-e91ecd89f54f/userFiles-6c715b83-4de7-497b-aa68-2d763c8c5875/org.mongodb_mongodb-driver-sync-4.0.5.jar
[2023-01-26T23:14:19.922+0000] {spark_submit.py:495} INFO - 23/01/26 23:14:19 INFO Executor: Adding file:/tmp/spark-aa239d1e-ab43-4952-9397-e91ecd89f54f/userFiles-6c715b83-4de7-497b-aa68-2d763c8c5875/org.mongodb_mongodb-driver-sync-4.0.5.jar to class loader
[2023-01-26T23:14:19.922+0000] {spark_submit.py:495} INFO - 23/01/26 23:14:19 INFO Executor: Fetching spark://f1cbb5df32e6:33689/jars/com.github.luben_zstd-jni-1.4.8-1.jar with timestamp 1674774857218
[2023-01-26T23:14:19.922+0000] {spark_submit.py:495} INFO - 23/01/26 23:14:19 INFO Utils: Fetching spark://f1cbb5df32e6:33689/jars/com.github.luben_zstd-jni-1.4.8-1.jar to /tmp/spark-aa239d1e-ab43-4952-9397-e91ecd89f54f/userFiles-6c715b83-4de7-497b-aa68-2d763c8c5875/fetchFileTemp13924685124425815475.tmp
[2023-01-26T23:14:20.001+0000] {spark_submit.py:495} INFO - 23/01/26 23:14:20 INFO Utils: /tmp/spark-aa239d1e-ab43-4952-9397-e91ecd89f54f/userFiles-6c715b83-4de7-497b-aa68-2d763c8c5875/fetchFileTemp13924685124425815475.tmp has been previously copied to /tmp/spark-aa239d1e-ab43-4952-9397-e91ecd89f54f/userFiles-6c715b83-4de7-497b-aa68-2d763c8c5875/com.github.luben_zstd-jni-1.4.8-1.jar
[2023-01-26T23:14:20.011+0000] {spark_submit.py:495} INFO - 23/01/26 23:14:20 INFO Executor: Adding file:/tmp/spark-aa239d1e-ab43-4952-9397-e91ecd89f54f/userFiles-6c715b83-4de7-497b-aa68-2d763c8c5875/com.github.luben_zstd-jni-1.4.8-1.jar to class loader
[2023-01-26T23:14:20.013+0000] {spark_submit.py:495} INFO - 23/01/26 23:14:20 INFO Executor: Fetching spark://f1cbb5df32e6:33689/jars/org.mongodb_bson-4.0.5.jar with timestamp 1674774857218
[2023-01-26T23:14:20.018+0000] {spark_submit.py:495} INFO - 23/01/26 23:14:20 INFO Utils: Fetching spark://f1cbb5df32e6:33689/jars/org.mongodb_bson-4.0.5.jar to /tmp/spark-aa239d1e-ab43-4952-9397-e91ecd89f54f/userFiles-6c715b83-4de7-497b-aa68-2d763c8c5875/fetchFileTemp14196734142934885690.tmp
[2023-01-26T23:14:20.021+0000] {spark_submit.py:495} INFO - 23/01/26 23:14:20 INFO Utils: /tmp/spark-aa239d1e-ab43-4952-9397-e91ecd89f54f/userFiles-6c715b83-4de7-497b-aa68-2d763c8c5875/fetchFileTemp14196734142934885690.tmp has been previously copied to /tmp/spark-aa239d1e-ab43-4952-9397-e91ecd89f54f/userFiles-6c715b83-4de7-497b-aa68-2d763c8c5875/org.mongodb_bson-4.0.5.jar
[2023-01-26T23:14:20.026+0000] {spark_submit.py:495} INFO - 23/01/26 23:14:20 INFO Executor: Adding file:/tmp/spark-aa239d1e-ab43-4952-9397-e91ecd89f54f/userFiles-6c715b83-4de7-497b-aa68-2d763c8c5875/org.mongodb_bson-4.0.5.jar to class loader
[2023-01-26T23:14:20.026+0000] {spark_submit.py:495} INFO - 23/01/26 23:14:20 INFO Executor: Fetching spark://f1cbb5df32e6:33689/jars/org.apache.commons_commons-pool2-2.6.2.jar with timestamp 1674774857218
[2023-01-26T23:14:20.029+0000] {spark_submit.py:495} INFO - 23/01/26 23:14:20 INFO Utils: Fetching spark://f1cbb5df32e6:33689/jars/org.apache.commons_commons-pool2-2.6.2.jar to /tmp/spark-aa239d1e-ab43-4952-9397-e91ecd89f54f/userFiles-6c715b83-4de7-497b-aa68-2d763c8c5875/fetchFileTemp16159384027906546741.tmp
[2023-01-26T23:14:20.032+0000] {spark_submit.py:495} INFO - 23/01/26 23:14:20 INFO Utils: /tmp/spark-aa239d1e-ab43-4952-9397-e91ecd89f54f/userFiles-6c715b83-4de7-497b-aa68-2d763c8c5875/fetchFileTemp16159384027906546741.tmp has been previously copied to /tmp/spark-aa239d1e-ab43-4952-9397-e91ecd89f54f/userFiles-6c715b83-4de7-497b-aa68-2d763c8c5875/org.apache.commons_commons-pool2-2.6.2.jar
[2023-01-26T23:14:20.035+0000] {spark_submit.py:495} INFO - 23/01/26 23:14:20 INFO Executor: Adding file:/tmp/spark-aa239d1e-ab43-4952-9397-e91ecd89f54f/userFiles-6c715b83-4de7-497b-aa68-2d763c8c5875/org.apache.commons_commons-pool2-2.6.2.jar to class loader
[2023-01-26T23:14:20.036+0000] {spark_submit.py:495} INFO - 23/01/26 23:14:20 INFO Executor: Fetching spark://f1cbb5df32e6:33689/jars/org.mongodb.spark_mongo-spark-connector_2.12-3.0.1.jar with timestamp 1674774857218
[2023-01-26T23:14:20.039+0000] {spark_submit.py:495} INFO - 23/01/26 23:14:20 INFO Utils: Fetching spark://f1cbb5df32e6:33689/jars/org.mongodb.spark_mongo-spark-connector_2.12-3.0.1.jar to /tmp/spark-aa239d1e-ab43-4952-9397-e91ecd89f54f/userFiles-6c715b83-4de7-497b-aa68-2d763c8c5875/fetchFileTemp10189253718225736759.tmp
[2023-01-26T23:14:20.043+0000] {spark_submit.py:495} INFO - 23/01/26 23:14:20 INFO Utils: /tmp/spark-aa239d1e-ab43-4952-9397-e91ecd89f54f/userFiles-6c715b83-4de7-497b-aa68-2d763c8c5875/fetchFileTemp10189253718225736759.tmp has been previously copied to /tmp/spark-aa239d1e-ab43-4952-9397-e91ecd89f54f/userFiles-6c715b83-4de7-497b-aa68-2d763c8c5875/org.mongodb.spark_mongo-spark-connector_2.12-3.0.1.jar
[2023-01-26T23:14:20.048+0000] {spark_submit.py:495} INFO - 23/01/26 23:14:20 INFO Executor: Adding file:/tmp/spark-aa239d1e-ab43-4952-9397-e91ecd89f54f/userFiles-6c715b83-4de7-497b-aa68-2d763c8c5875/org.mongodb.spark_mongo-spark-connector_2.12-3.0.1.jar to class loader
[2023-01-26T23:14:20.049+0000] {spark_submit.py:495} INFO - 23/01/26 23:14:20 INFO Executor: Fetching spark://f1cbb5df32e6:33689/jars/org.lz4_lz4-java-1.7.1.jar with timestamp 1674774857218
[2023-01-26T23:14:20.051+0000] {spark_submit.py:495} INFO - 23/01/26 23:14:20 INFO Utils: Fetching spark://f1cbb5df32e6:33689/jars/org.lz4_lz4-java-1.7.1.jar to /tmp/spark-aa239d1e-ab43-4952-9397-e91ecd89f54f/userFiles-6c715b83-4de7-497b-aa68-2d763c8c5875/fetchFileTemp8710643845017306144.tmp
[2023-01-26T23:14:20.060+0000] {spark_submit.py:495} INFO - 23/01/26 23:14:20 INFO Utils: /tmp/spark-aa239d1e-ab43-4952-9397-e91ecd89f54f/userFiles-6c715b83-4de7-497b-aa68-2d763c8c5875/fetchFileTemp8710643845017306144.tmp has been previously copied to /tmp/spark-aa239d1e-ab43-4952-9397-e91ecd89f54f/userFiles-6c715b83-4de7-497b-aa68-2d763c8c5875/org.lz4_lz4-java-1.7.1.jar
[2023-01-26T23:14:20.066+0000] {spark_submit.py:495} INFO - 23/01/26 23:14:20 INFO Executor: Adding file:/tmp/spark-aa239d1e-ab43-4952-9397-e91ecd89f54f/userFiles-6c715b83-4de7-497b-aa68-2d763c8c5875/org.lz4_lz4-java-1.7.1.jar to class loader
[2023-01-26T23:14:20.066+0000] {spark_submit.py:495} INFO - 23/01/26 23:14:20 INFO Executor: Fetching spark://f1cbb5df32e6:33689/jars/org.xerial.snappy_snappy-java-1.1.8.2.jar with timestamp 1674774857218
[2023-01-26T23:14:20.069+0000] {spark_submit.py:495} INFO - 23/01/26 23:14:20 INFO Utils: Fetching spark://f1cbb5df32e6:33689/jars/org.xerial.snappy_snappy-java-1.1.8.2.jar to /tmp/spark-aa239d1e-ab43-4952-9397-e91ecd89f54f/userFiles-6c715b83-4de7-497b-aa68-2d763c8c5875/fetchFileTemp15975427850632198440.tmp
[2023-01-26T23:14:20.091+0000] {spark_submit.py:495} INFO - 23/01/26 23:14:20 INFO Utils: /tmp/spark-aa239d1e-ab43-4952-9397-e91ecd89f54f/userFiles-6c715b83-4de7-497b-aa68-2d763c8c5875/fetchFileTemp15975427850632198440.tmp has been previously copied to /tmp/spark-aa239d1e-ab43-4952-9397-e91ecd89f54f/userFiles-6c715b83-4de7-497b-aa68-2d763c8c5875/org.xerial.snappy_snappy-java-1.1.8.2.jar
[2023-01-26T23:14:20.109+0000] {spark_submit.py:495} INFO - 23/01/26 23:14:20 INFO Executor: Adding file:/tmp/spark-aa239d1e-ab43-4952-9397-e91ecd89f54f/userFiles-6c715b83-4de7-497b-aa68-2d763c8c5875/org.xerial.snappy_snappy-java-1.1.8.2.jar to class loader
[2023-01-26T23:14:20.110+0000] {spark_submit.py:495} INFO - 23/01/26 23:14:20 INFO Executor: Fetching spark://f1cbb5df32e6:33689/jars/org.apache.spark_spark-token-provider-kafka-0-10_2.12-3.1.3.jar with timestamp 1674774857218
[2023-01-26T23:14:20.116+0000] {spark_submit.py:495} INFO - 23/01/26 23:14:20 INFO Utils: Fetching spark://f1cbb5df32e6:33689/jars/org.apache.spark_spark-token-provider-kafka-0-10_2.12-3.1.3.jar to /tmp/spark-aa239d1e-ab43-4952-9397-e91ecd89f54f/userFiles-6c715b83-4de7-497b-aa68-2d763c8c5875/fetchFileTemp14572639979594512227.tmp
[2023-01-26T23:14:20.117+0000] {spark_submit.py:495} INFO - 23/01/26 23:14:20 INFO Utils: /tmp/spark-aa239d1e-ab43-4952-9397-e91ecd89f54f/userFiles-6c715b83-4de7-497b-aa68-2d763c8c5875/fetchFileTemp14572639979594512227.tmp has been previously copied to /tmp/spark-aa239d1e-ab43-4952-9397-e91ecd89f54f/userFiles-6c715b83-4de7-497b-aa68-2d763c8c5875/org.apache.spark_spark-token-provider-kafka-0-10_2.12-3.1.3.jar
[2023-01-26T23:14:20.122+0000] {spark_submit.py:495} INFO - 23/01/26 23:14:20 INFO Executor: Adding file:/tmp/spark-aa239d1e-ab43-4952-9397-e91ecd89f54f/userFiles-6c715b83-4de7-497b-aa68-2d763c8c5875/org.apache.spark_spark-token-provider-kafka-0-10_2.12-3.1.3.jar to class loader
[2023-01-26T23:14:20.123+0000] {spark_submit.py:495} INFO - 23/01/26 23:14:20 INFO Executor: Fetching spark://f1cbb5df32e6:33689/jars/org.mongodb_mongodb-driver-core-4.0.5.jar with timestamp 1674774857218
[2023-01-26T23:14:20.127+0000] {spark_submit.py:495} INFO - 23/01/26 23:14:20 INFO Utils: Fetching spark://f1cbb5df32e6:33689/jars/org.mongodb_mongodb-driver-core-4.0.5.jar to /tmp/spark-aa239d1e-ab43-4952-9397-e91ecd89f54f/userFiles-6c715b83-4de7-497b-aa68-2d763c8c5875/fetchFileTemp15754888204068080912.tmp
[2023-01-26T23:14:20.152+0000] {spark_submit.py:495} INFO - 23/01/26 23:14:20 INFO Utils: /tmp/spark-aa239d1e-ab43-4952-9397-e91ecd89f54f/userFiles-6c715b83-4de7-497b-aa68-2d763c8c5875/fetchFileTemp15754888204068080912.tmp has been previously copied to /tmp/spark-aa239d1e-ab43-4952-9397-e91ecd89f54f/userFiles-6c715b83-4de7-497b-aa68-2d763c8c5875/org.mongodb_mongodb-driver-core-4.0.5.jar
[2023-01-26T23:14:20.162+0000] {spark_submit.py:495} INFO - 23/01/26 23:14:20 INFO Executor: Adding file:/tmp/spark-aa239d1e-ab43-4952-9397-e91ecd89f54f/userFiles-6c715b83-4de7-497b-aa68-2d763c8c5875/org.mongodb_mongodb-driver-core-4.0.5.jar to class loader
[2023-01-26T23:14:20.163+0000] {spark_submit.py:495} INFO - 23/01/26 23:14:20 INFO Executor: Fetching spark://f1cbb5df32e6:33689/jars/org.apache.spark_spark-sql-kafka-0-10_2.12-3.1.3.jar with timestamp 1674774857218
[2023-01-26T23:14:20.163+0000] {spark_submit.py:495} INFO - 23/01/26 23:14:20 INFO Utils: Fetching spark://f1cbb5df32e6:33689/jars/org.apache.spark_spark-sql-kafka-0-10_2.12-3.1.3.jar to /tmp/spark-aa239d1e-ab43-4952-9397-e91ecd89f54f/userFiles-6c715b83-4de7-497b-aa68-2d763c8c5875/fetchFileTemp15936049627299027459.tmp
[2023-01-26T23:14:20.165+0000] {spark_submit.py:495} INFO - 23/01/26 23:14:20 INFO Utils: /tmp/spark-aa239d1e-ab43-4952-9397-e91ecd89f54f/userFiles-6c715b83-4de7-497b-aa68-2d763c8c5875/fetchFileTemp15936049627299027459.tmp has been previously copied to /tmp/spark-aa239d1e-ab43-4952-9397-e91ecd89f54f/userFiles-6c715b83-4de7-497b-aa68-2d763c8c5875/org.apache.spark_spark-sql-kafka-0-10_2.12-3.1.3.jar
[2023-01-26T23:14:20.177+0000] {spark_submit.py:495} INFO - 23/01/26 23:14:20 INFO Executor: Adding file:/tmp/spark-aa239d1e-ab43-4952-9397-e91ecd89f54f/userFiles-6c715b83-4de7-497b-aa68-2d763c8c5875/org.apache.spark_spark-sql-kafka-0-10_2.12-3.1.3.jar to class loader
[2023-01-26T23:14:20.184+0000] {spark_submit.py:495} INFO - 23/01/26 23:14:20 INFO Utils: Successfully started service 'org.apache.spark.network.netty.NettyBlockTransferService' on port 42275.
[2023-01-26T23:14:20.184+0000] {spark_submit.py:495} INFO - 23/01/26 23:14:20 INFO NettyBlockTransferService: Server created on f1cbb5df32e6:42275
[2023-01-26T23:14:20.188+0000] {spark_submit.py:495} INFO - 23/01/26 23:14:20 INFO BlockManager: Using org.apache.spark.storage.RandomBlockReplicationPolicy for block replication policy
[2023-01-26T23:14:20.200+0000] {spark_submit.py:495} INFO - 23/01/26 23:14:20 INFO BlockManagerMaster: Registering BlockManager BlockManagerId(driver, f1cbb5df32e6, 42275, None)
[2023-01-26T23:14:20.204+0000] {spark_submit.py:495} INFO - 23/01/26 23:14:20 INFO BlockManagerMasterEndpoint: Registering block manager f1cbb5df32e6:42275 with 434.4 MiB RAM, BlockManagerId(driver, f1cbb5df32e6, 42275, None)
[2023-01-26T23:14:20.208+0000] {spark_submit.py:495} INFO - 23/01/26 23:14:20 INFO BlockManagerMaster: Registered BlockManager BlockManagerId(driver, f1cbb5df32e6, 42275, None)
[2023-01-26T23:14:20.210+0000] {spark_submit.py:495} INFO - 23/01/26 23:14:20 INFO BlockManager: Initialized BlockManager: BlockManagerId(driver, f1cbb5df32e6, 42275, None)
[2023-01-26T23:14:20.648+0000] {local_task_job.py:224} WARNING - State of this instance has been externally set to up_for_retry. Terminating instance.
[2023-01-26T23:14:20.660+0000] {process_utils.py:133} INFO - Sending Signals.SIGTERM to group 30361. PIDs of all processes in the group: [30362, 30426, 30361]
[2023-01-26T23:14:20.665+0000] {process_utils.py:84} INFO - Sending the signal Signals.SIGTERM to group 30361
[2023-01-26T23:14:20.667+0000] {taskinstance.py:1483} ERROR - Received SIGTERM. Terminating subprocesses.
[2023-01-26T23:14:20.667+0000] {spark_submit.py:620} INFO - Sending kill signal to spark-submit
[2023-01-26T23:14:20.683+0000] {taskinstance.py:1772} ERROR - Task failed with exception
Traceback (most recent call last):
  File "/home/airflow/.local/lib/python3.7/site-packages/airflow/providers/apache/spark/operators/spark_submit.py", line 157, in execute
    self._hook.submit(self._application)
  File "/home/airflow/.local/lib/python3.7/site-packages/airflow/providers/apache/spark/hooks/spark_submit.py", line 414, in submit
    self._process_spark_submit_log(iter(self._submit_sp.stdout))  # type: ignore
  File "/home/airflow/.local/lib/python3.7/site-packages/airflow/providers/apache/spark/hooks/spark_submit.py", line 463, in _process_spark_submit_log
    for line in itr:
  File "/home/airflow/.local/lib/python3.7/site-packages/airflow/models/taskinstance.py", line 1485, in signal_handler
    raise AirflowException("Task received SIGTERM signal")
airflow.exceptions.AirflowException: Task received SIGTERM signal
[2023-01-26T23:14:20.688+0000] {taskinstance.py:1327} INFO - Marking task as UP_FOR_RETRY. dag_id=Streaming_pipeline_meli, task_id=consumer_data_of_topic, execution_date=20230123T220304, start_date=20230126T231410, end_date=20230126T231420
[2023-01-26T23:14:20.716+0000] {standard_task_runner.py:105} ERROR - Failed to execute job 1068 for task consumer_data_of_topic (Task received SIGTERM signal; 30361)
[2023-01-26T23:14:20.721+0000] {process_utils.py:79} INFO - Process psutil.Process(pid=30426, status='terminated', started='23:14:14') (30426) terminated with exit code None
[2023-01-26T23:14:20.735+0000] {process_utils.py:79} INFO - Process psutil.Process(pid=30361, status='terminated', exitcode=1, started='23:14:09') (30361) terminated with exit code 1
[2023-01-26T23:14:20.735+0000] {process_utils.py:79} INFO - Process psutil.Process(pid=30362, status='terminated', started='23:14:10') (30362) terminated with exit code None
