[2023-01-26T19:42:58.035+0000] {taskinstance.py:1087} INFO - Dependencies all met for <TaskInstance: Streaming_pipeline_meli.consumer_data_of_topic manual__2023-01-23T22:03:04.495188+00:00 [queued]>
[2023-01-26T19:42:58.043+0000] {taskinstance.py:1087} INFO - Dependencies all met for <TaskInstance: Streaming_pipeline_meli.consumer_data_of_topic manual__2023-01-23T22:03:04.495188+00:00 [queued]>
[2023-01-26T19:42:58.044+0000] {taskinstance.py:1283} INFO - 
--------------------------------------------------------------------------------
[2023-01-26T19:42:58.044+0000] {taskinstance.py:1284} INFO - Starting attempt 244 of 249
[2023-01-26T19:42:58.044+0000] {taskinstance.py:1285} INFO - 
--------------------------------------------------------------------------------
[2023-01-26T19:42:58.057+0000] {taskinstance.py:1304} INFO - Executing <Task(SparkSubmitOperator): consumer_data_of_topic> on 2023-01-23 22:03:04.495188+00:00
[2023-01-26T19:42:58.061+0000] {standard_task_runner.py:55} INFO - Started process 9732 to run task
[2023-01-26T19:42:58.064+0000] {standard_task_runner.py:82} INFO - Running: ['***', 'tasks', 'run', 'Streaming_pipeline_meli', 'consumer_data_of_topic', 'manual__2023-01-23T22:03:04.495188+00:00', '--job-id', '1048', '--raw', '--subdir', 'DAGS_FOLDER/producer_dag.py', '--cfg-path', '/tmp/tmpn4b6yqec']
[2023-01-26T19:42:58.064+0000] {standard_task_runner.py:83} INFO - Job 1048: Subtask consumer_data_of_topic
[2023-01-26T19:42:58.118+0000] {task_command.py:389} INFO - Running <TaskInstance: Streaming_pipeline_meli.consumer_data_of_topic manual__2023-01-23T22:03:04.495188+00:00 [running]> on host f1cbb5df32e6
[2023-01-26T19:42:58.173+0000] {taskinstance.py:1513} INFO - Exporting the following env vars:
AIRFLOW_CTX_DAG_OWNER=***
AIRFLOW_CTX_DAG_ID=Streaming_pipeline_meli
AIRFLOW_CTX_TASK_ID=consumer_data_of_topic
AIRFLOW_CTX_EXECUTION_DATE=2023-01-23T22:03:04.495188+00:00
AIRFLOW_CTX_TRY_NUMBER=244
AIRFLOW_CTX_DAG_RUN_ID=manual__2023-01-23T22:03:04.495188+00:00
[2023-01-26T19:42:58.181+0000] {base.py:73} INFO - Using connection ID 'spark_default' for task execution.
[2023-01-26T19:42:58.182+0000] {spark_submit.py:344} INFO - Spark-Submit cmd: spark-submit --master spark://tomi-H310:7077 --packages org.apache.spark:spark-sql-kafka-0-10_2.12:3.1.3,org.mongodb.spark:mongo-spark-connector_2.12:3.0.1 --name arrow-spark --queue root.default /opt/***/dags/consumerSpark.py
[2023-01-26T19:42:58.282+0000] {spark_submit.py:495} INFO - /home/***/.local/lib/python3.7/site-packages/pyspark/bin/load-spark-env.sh: line 68: ps: command not found
[2023-01-26T19:42:59.828+0000] {spark_submit.py:495} INFO - :: loading settings :: url = jar:file:/home/***/.local/lib/python3.7/site-packages/pyspark/jars/ivy-2.5.0.jar!/org/apache/ivy/core/settings/ivysettings.xml
[2023-01-26T19:42:59.886+0000] {spark_submit.py:495} INFO - Ivy Default Cache set to: /home/***/.ivy2/cache
[2023-01-26T19:42:59.887+0000] {spark_submit.py:495} INFO - The jars for the packages stored in: /home/***/.ivy2/jars
[2023-01-26T19:42:59.891+0000] {spark_submit.py:495} INFO - org.apache.spark#spark-sql-kafka-0-10_2.12 added as a dependency
[2023-01-26T19:42:59.891+0000] {spark_submit.py:495} INFO - org.mongodb.spark#mongo-spark-connector_2.12 added as a dependency
[2023-01-26T19:42:59.893+0000] {spark_submit.py:495} INFO - :: resolving dependencies :: org.apache.spark#spark-submit-parent-bf01c626-8fc2-4a88-833c-e9c68aafcdb4;1.0
[2023-01-26T19:42:59.893+0000] {spark_submit.py:495} INFO - confs: [default]
[2023-01-26T19:43:00.054+0000] {spark_submit.py:495} INFO - found org.apache.spark#spark-sql-kafka-0-10_2.12;3.1.3 in central
[2023-01-26T19:43:00.107+0000] {spark_submit.py:495} INFO - found org.apache.spark#spark-token-provider-kafka-0-10_2.12;3.1.3 in central
[2023-01-26T19:43:00.133+0000] {spark_submit.py:495} INFO - found org.apache.kafka#kafka-clients;2.6.0 in central
[2023-01-26T19:43:00.155+0000] {spark_submit.py:495} INFO - found com.github.luben#zstd-jni;1.4.8-1 in central
[2023-01-26T19:43:00.171+0000] {spark_submit.py:495} INFO - found org.lz4#lz4-java;1.7.1 in central
[2023-01-26T19:43:00.186+0000] {spark_submit.py:495} INFO - found org.xerial.snappy#snappy-java;1.1.8.2 in central
[2023-01-26T19:43:00.199+0000] {spark_submit.py:495} INFO - found org.slf4j#slf4j-api;1.7.30 in central
[2023-01-26T19:43:00.210+0000] {spark_submit.py:495} INFO - found org.spark-project.spark#unused;1.0.0 in central
[2023-01-26T19:43:00.229+0000] {spark_submit.py:495} INFO - found org.apache.commons#commons-pool2;2.6.2 in central
[2023-01-26T19:43:00.245+0000] {spark_submit.py:495} INFO - found org.mongodb.spark#mongo-spark-connector_2.12;3.0.1 in central
[2023-01-26T19:43:00.250+0000] {spark_submit.py:495} INFO - found org.mongodb#mongodb-driver-sync;4.0.5 in central
[2023-01-26T19:43:00.259+0000] {spark_submit.py:495} INFO - found org.mongodb#bson;4.0.5 in central
[2023-01-26T19:43:00.275+0000] {spark_submit.py:495} INFO - found org.mongodb#mongodb-driver-core;4.0.5 in central
[2023-01-26T19:43:00.310+0000] {spark_submit.py:495} INFO - :: resolution report :: resolve 402ms :: artifacts dl 16ms
[2023-01-26T19:43:00.312+0000] {spark_submit.py:495} INFO - :: modules in use:
[2023-01-26T19:43:00.312+0000] {spark_submit.py:495} INFO - com.github.luben#zstd-jni;1.4.8-1 from central in [default]
[2023-01-26T19:43:00.313+0000] {spark_submit.py:495} INFO - org.apache.commons#commons-pool2;2.6.2 from central in [default]
[2023-01-26T19:43:00.313+0000] {spark_submit.py:495} INFO - org.apache.kafka#kafka-clients;2.6.0 from central in [default]
[2023-01-26T19:43:00.313+0000] {spark_submit.py:495} INFO - org.apache.spark#spark-sql-kafka-0-10_2.12;3.1.3 from central in [default]
[2023-01-26T19:43:00.313+0000] {spark_submit.py:495} INFO - org.apache.spark#spark-token-provider-kafka-0-10_2.12;3.1.3 from central in [default]
[2023-01-26T19:43:00.313+0000] {spark_submit.py:495} INFO - org.lz4#lz4-java;1.7.1 from central in [default]
[2023-01-26T19:43:00.314+0000] {spark_submit.py:495} INFO - org.mongodb#bson;4.0.5 from central in [default]
[2023-01-26T19:43:00.314+0000] {spark_submit.py:495} INFO - org.mongodb#mongodb-driver-core;4.0.5 from central in [default]
[2023-01-26T19:43:00.314+0000] {spark_submit.py:495} INFO - org.mongodb#mongodb-driver-sync;4.0.5 from central in [default]
[2023-01-26T19:43:00.314+0000] {spark_submit.py:495} INFO - org.mongodb.spark#mongo-spark-connector_2.12;3.0.1 from central in [default]
[2023-01-26T19:43:00.315+0000] {spark_submit.py:495} INFO - org.slf4j#slf4j-api;1.7.30 from central in [default]
[2023-01-26T19:43:00.315+0000] {spark_submit.py:495} INFO - org.spark-project.spark#unused;1.0.0 from central in [default]
[2023-01-26T19:43:00.315+0000] {spark_submit.py:495} INFO - org.xerial.snappy#snappy-java;1.1.8.2 from central in [default]
[2023-01-26T19:43:00.315+0000] {spark_submit.py:495} INFO - ---------------------------------------------------------------------
[2023-01-26T19:43:00.316+0000] {spark_submit.py:495} INFO - |                  |            modules            ||   artifacts   |
[2023-01-26T19:43:00.316+0000] {spark_submit.py:495} INFO - |       conf       | number| search|dwnlded|evicted|| number|dwnlded|
[2023-01-26T19:43:00.316+0000] {spark_submit.py:495} INFO - ---------------------------------------------------------------------
[2023-01-26T19:43:00.316+0000] {spark_submit.py:495} INFO - |      default     |   13  |   0   |   0   |   0   ||   13  |   0   |
[2023-01-26T19:43:00.316+0000] {spark_submit.py:495} INFO - ---------------------------------------------------------------------
[2023-01-26T19:43:00.323+0000] {spark_submit.py:495} INFO - :: retrieving :: org.apache.spark#spark-submit-parent-bf01c626-8fc2-4a88-833c-e9c68aafcdb4
[2023-01-26T19:43:00.323+0000] {spark_submit.py:495} INFO - confs: [default]
[2023-01-26T19:43:00.331+0000] {spark_submit.py:495} INFO - 0 artifacts copied, 13 already retrieved (0kB/8ms)
[2023-01-26T19:43:00.594+0000] {spark_submit.py:495} INFO - 23/01/26 19:43:00 WARN NativeCodeLoader: Unable to load native-hadoop library for your platform... using builtin-java classes where applicable
[2023-01-26T19:43:02.227+0000] {spark_submit.py:495} INFO - 23/01/26 19:43:02 INFO SparkContext: Running Spark version 3.3.1
[2023-01-26T19:43:02.247+0000] {spark_submit.py:495} INFO - 23/01/26 19:43:02 INFO ResourceUtils: ==============================================================
[2023-01-26T19:43:02.248+0000] {spark_submit.py:495} INFO - 23/01/26 19:43:02 INFO ResourceUtils: No custom resources configured for spark.driver.
[2023-01-26T19:43:02.248+0000] {spark_submit.py:495} INFO - 23/01/26 19:43:02 INFO ResourceUtils: ==============================================================
[2023-01-26T19:43:02.248+0000] {spark_submit.py:495} INFO - 23/01/26 19:43:02 INFO SparkContext: Submitted application: arrow-spark
[2023-01-26T19:43:02.263+0000] {spark_submit.py:495} INFO - 23/01/26 19:43:02 INFO ResourceProfile: Default ResourceProfile created, executor resources: Map(cores -> name: cores, amount: 1, script: , vendor: , memory -> name: memory, amount: 1024, script: , vendor: , offHeap -> name: offHeap, amount: 0, script: , vendor: ), task resources: Map(cpus -> name: cpus, amount: 1.0)
[2023-01-26T19:43:02.273+0000] {spark_submit.py:495} INFO - 23/01/26 19:43:02 INFO ResourceProfile: Limiting resource is cpu
[2023-01-26T19:43:02.274+0000] {spark_submit.py:495} INFO - 23/01/26 19:43:02 INFO ResourceProfileManager: Added ResourceProfile id: 0
[2023-01-26T19:43:02.307+0000] {spark_submit.py:495} INFO - 23/01/26 19:43:02 INFO SecurityManager: Changing view acls to: default
[2023-01-26T19:43:02.308+0000] {spark_submit.py:495} INFO - 23/01/26 19:43:02 INFO SecurityManager: Changing modify acls to: default
[2023-01-26T19:43:02.308+0000] {spark_submit.py:495} INFO - 23/01/26 19:43:02 INFO SecurityManager: Changing view acls groups to:
[2023-01-26T19:43:02.308+0000] {spark_submit.py:495} INFO - 23/01/26 19:43:02 INFO SecurityManager: Changing modify acls groups to:
[2023-01-26T19:43:02.309+0000] {spark_submit.py:495} INFO - 23/01/26 19:43:02 INFO SecurityManager: SecurityManager: authentication disabled; ui acls disabled; users  with view permissions: Set(default); groups with view permissions: Set(); users  with modify permissions: Set(default); groups with modify permissions: Set()
[2023-01-26T19:43:02.502+0000] {spark_submit.py:495} INFO - 23/01/26 19:43:02 INFO Utils: Successfully started service 'sparkDriver' on port 33683.
[2023-01-26T19:43:02.523+0000] {spark_submit.py:495} INFO - 23/01/26 19:43:02 INFO SparkEnv: Registering MapOutputTracker
[2023-01-26T19:43:02.549+0000] {spark_submit.py:495} INFO - 23/01/26 19:43:02 INFO SparkEnv: Registering BlockManagerMaster
[2023-01-26T19:43:02.564+0000] {spark_submit.py:495} INFO - 23/01/26 19:43:02 INFO BlockManagerMasterEndpoint: Using org.apache.spark.storage.DefaultTopologyMapper for getting topology information
[2023-01-26T19:43:02.565+0000] {spark_submit.py:495} INFO - 23/01/26 19:43:02 INFO BlockManagerMasterEndpoint: BlockManagerMasterEndpoint up
[2023-01-26T19:43:02.568+0000] {spark_submit.py:495} INFO - 23/01/26 19:43:02 INFO SparkEnv: Registering BlockManagerMasterHeartbeat
[2023-01-26T19:43:02.586+0000] {spark_submit.py:495} INFO - 23/01/26 19:43:02 INFO DiskBlockManager: Created local directory at /tmp/blockmgr-f9efb81d-d774-43c4-82e6-4a8aa558fb32
[2023-01-26T19:43:02.599+0000] {spark_submit.py:495} INFO - 23/01/26 19:43:02 INFO MemoryStore: MemoryStore started with capacity 434.4 MiB
[2023-01-26T19:43:02.615+0000] {spark_submit.py:495} INFO - 23/01/26 19:43:02 INFO SparkEnv: Registering OutputCommitCoordinator
[2023-01-26T19:43:02.783+0000] {spark_submit.py:495} INFO - 23/01/26 19:43:02 INFO Utils: Successfully started service 'SparkUI' on port 4040.
[2023-01-26T19:43:02.824+0000] {spark_submit.py:495} INFO - 23/01/26 19:43:02 INFO SparkContext: Added JAR file:///home/***/.ivy2/jars/org.apache.spark_spark-sql-kafka-0-10_2.12-3.1.3.jar at spark://f1cbb5df32e6:33683/jars/org.apache.spark_spark-sql-kafka-0-10_2.12-3.1.3.jar with timestamp 1674762182220
[2023-01-26T19:43:02.825+0000] {spark_submit.py:495} INFO - 23/01/26 19:43:02 INFO SparkContext: Added JAR file:///home/***/.ivy2/jars/org.mongodb.spark_mongo-spark-connector_2.12-3.0.1.jar at spark://f1cbb5df32e6:33683/jars/org.mongodb.spark_mongo-spark-connector_2.12-3.0.1.jar with timestamp 1674762182220
[2023-01-26T19:43:02.825+0000] {spark_submit.py:495} INFO - 23/01/26 19:43:02 INFO SparkContext: Added JAR file:///home/***/.ivy2/jars/org.apache.spark_spark-token-provider-kafka-0-10_2.12-3.1.3.jar at spark://f1cbb5df32e6:33683/jars/org.apache.spark_spark-token-provider-kafka-0-10_2.12-3.1.3.jar with timestamp 1674762182220
[2023-01-26T19:43:02.826+0000] {spark_submit.py:495} INFO - 23/01/26 19:43:02 INFO SparkContext: Added JAR file:///home/***/.ivy2/jars/org.apache.kafka_kafka-clients-2.6.0.jar at spark://f1cbb5df32e6:33683/jars/org.apache.kafka_kafka-clients-2.6.0.jar with timestamp 1674762182220
[2023-01-26T19:43:02.827+0000] {spark_submit.py:495} INFO - 23/01/26 19:43:02 INFO SparkContext: Added JAR file:///home/***/.ivy2/jars/org.apache.commons_commons-pool2-2.6.2.jar at spark://f1cbb5df32e6:33683/jars/org.apache.commons_commons-pool2-2.6.2.jar with timestamp 1674762182220
[2023-01-26T19:43:02.827+0000] {spark_submit.py:495} INFO - 23/01/26 19:43:02 INFO SparkContext: Added JAR file:///home/***/.ivy2/jars/org.spark-project.spark_unused-1.0.0.jar at spark://f1cbb5df32e6:33683/jars/org.spark-project.spark_unused-1.0.0.jar with timestamp 1674762182220
[2023-01-26T19:43:02.828+0000] {spark_submit.py:495} INFO - 23/01/26 19:43:02 INFO SparkContext: Added JAR file:///home/***/.ivy2/jars/com.github.luben_zstd-jni-1.4.8-1.jar at spark://f1cbb5df32e6:33683/jars/com.github.luben_zstd-jni-1.4.8-1.jar with timestamp 1674762182220
[2023-01-26T19:43:02.828+0000] {spark_submit.py:495} INFO - 23/01/26 19:43:02 INFO SparkContext: Added JAR file:///home/***/.ivy2/jars/org.lz4_lz4-java-1.7.1.jar at spark://f1cbb5df32e6:33683/jars/org.lz4_lz4-java-1.7.1.jar with timestamp 1674762182220
[2023-01-26T19:43:02.828+0000] {spark_submit.py:495} INFO - 23/01/26 19:43:02 INFO SparkContext: Added JAR file:///home/***/.ivy2/jars/org.xerial.snappy_snappy-java-1.1.8.2.jar at spark://f1cbb5df32e6:33683/jars/org.xerial.snappy_snappy-java-1.1.8.2.jar with timestamp 1674762182220
[2023-01-26T19:43:02.828+0000] {spark_submit.py:495} INFO - 23/01/26 19:43:02 INFO SparkContext: Added JAR file:///home/***/.ivy2/jars/org.slf4j_slf4j-api-1.7.30.jar at spark://f1cbb5df32e6:33683/jars/org.slf4j_slf4j-api-1.7.30.jar with timestamp 1674762182220
[2023-01-26T19:43:02.829+0000] {spark_submit.py:495} INFO - 23/01/26 19:43:02 INFO SparkContext: Added JAR file:///home/***/.ivy2/jars/org.mongodb_mongodb-driver-sync-4.0.5.jar at spark://f1cbb5df32e6:33683/jars/org.mongodb_mongodb-driver-sync-4.0.5.jar with timestamp 1674762182220
[2023-01-26T19:43:02.829+0000] {spark_submit.py:495} INFO - 23/01/26 19:43:02 INFO SparkContext: Added JAR file:///home/***/.ivy2/jars/org.mongodb_bson-4.0.5.jar at spark://f1cbb5df32e6:33683/jars/org.mongodb_bson-4.0.5.jar with timestamp 1674762182220
[2023-01-26T19:43:02.829+0000] {spark_submit.py:495} INFO - 23/01/26 19:43:02 INFO SparkContext: Added JAR file:///home/***/.ivy2/jars/org.mongodb_mongodb-driver-core-4.0.5.jar at spark://f1cbb5df32e6:33683/jars/org.mongodb_mongodb-driver-core-4.0.5.jar with timestamp 1674762182220
[2023-01-26T19:43:02.831+0000] {spark_submit.py:495} INFO - 23/01/26 19:43:02 INFO SparkContext: Added file file:///home/***/.ivy2/jars/org.apache.spark_spark-sql-kafka-0-10_2.12-3.1.3.jar at file:///home/***/.ivy2/jars/org.apache.spark_spark-sql-kafka-0-10_2.12-3.1.3.jar with timestamp 1674762182220
[2023-01-26T19:43:02.832+0000] {spark_submit.py:495} INFO - 23/01/26 19:43:02 INFO Utils: Copying /home/***/.ivy2/jars/org.apache.spark_spark-sql-kafka-0-10_2.12-3.1.3.jar to /tmp/spark-28188f08-42c3-43c7-b04c-3ae7ac741b5c/userFiles-2ee6dbe0-ed81-47a7-880f-b4231e16d6f8/org.apache.spark_spark-sql-kafka-0-10_2.12-3.1.3.jar
[2023-01-26T19:43:02.845+0000] {spark_submit.py:495} INFO - 23/01/26 19:43:02 INFO SparkContext: Added file file:///home/***/.ivy2/jars/org.mongodb.spark_mongo-spark-connector_2.12-3.0.1.jar at file:///home/***/.ivy2/jars/org.mongodb.spark_mongo-spark-connector_2.12-3.0.1.jar with timestamp 1674762182220
[2023-01-26T19:43:02.845+0000] {spark_submit.py:495} INFO - 23/01/26 19:43:02 INFO Utils: Copying /home/***/.ivy2/jars/org.mongodb.spark_mongo-spark-connector_2.12-3.0.1.jar to /tmp/spark-28188f08-42c3-43c7-b04c-3ae7ac741b5c/userFiles-2ee6dbe0-ed81-47a7-880f-b4231e16d6f8/org.mongodb.spark_mongo-spark-connector_2.12-3.0.1.jar
[2023-01-26T19:43:02.852+0000] {spark_submit.py:495} INFO - 23/01/26 19:43:02 INFO SparkContext: Added file file:///home/***/.ivy2/jars/org.apache.spark_spark-token-provider-kafka-0-10_2.12-3.1.3.jar at file:///home/***/.ivy2/jars/org.apache.spark_spark-token-provider-kafka-0-10_2.12-3.1.3.jar with timestamp 1674762182220
[2023-01-26T19:43:02.853+0000] {spark_submit.py:495} INFO - 23/01/26 19:43:02 INFO Utils: Copying /home/***/.ivy2/jars/org.apache.spark_spark-token-provider-kafka-0-10_2.12-3.1.3.jar to /tmp/spark-28188f08-42c3-43c7-b04c-3ae7ac741b5c/userFiles-2ee6dbe0-ed81-47a7-880f-b4231e16d6f8/org.apache.spark_spark-token-provider-kafka-0-10_2.12-3.1.3.jar
[2023-01-26T19:43:02.856+0000] {spark_submit.py:495} INFO - 23/01/26 19:43:02 INFO SparkContext: Added file file:///home/***/.ivy2/jars/org.apache.kafka_kafka-clients-2.6.0.jar at file:///home/***/.ivy2/jars/org.apache.kafka_kafka-clients-2.6.0.jar with timestamp 1674762182220
[2023-01-26T19:43:02.857+0000] {spark_submit.py:495} INFO - 23/01/26 19:43:02 INFO Utils: Copying /home/***/.ivy2/jars/org.apache.kafka_kafka-clients-2.6.0.jar to /tmp/spark-28188f08-42c3-43c7-b04c-3ae7ac741b5c/userFiles-2ee6dbe0-ed81-47a7-880f-b4231e16d6f8/org.apache.kafka_kafka-clients-2.6.0.jar
[2023-01-26T19:43:02.866+0000] {spark_submit.py:495} INFO - 23/01/26 19:43:02 INFO SparkContext: Added file file:///home/***/.ivy2/jars/org.apache.commons_commons-pool2-2.6.2.jar at file:///home/***/.ivy2/jars/org.apache.commons_commons-pool2-2.6.2.jar with timestamp 1674762182220
[2023-01-26T19:43:02.866+0000] {spark_submit.py:495} INFO - 23/01/26 19:43:02 INFO Utils: Copying /home/***/.ivy2/jars/org.apache.commons_commons-pool2-2.6.2.jar to /tmp/spark-28188f08-42c3-43c7-b04c-3ae7ac741b5c/userFiles-2ee6dbe0-ed81-47a7-880f-b4231e16d6f8/org.apache.commons_commons-pool2-2.6.2.jar
[2023-01-26T19:43:02.870+0000] {spark_submit.py:495} INFO - 23/01/26 19:43:02 INFO SparkContext: Added file file:///home/***/.ivy2/jars/org.spark-project.spark_unused-1.0.0.jar at file:///home/***/.ivy2/jars/org.spark-project.spark_unused-1.0.0.jar with timestamp 1674762182220
[2023-01-26T19:43:02.870+0000] {spark_submit.py:495} INFO - 23/01/26 19:43:02 INFO Utils: Copying /home/***/.ivy2/jars/org.spark-project.spark_unused-1.0.0.jar to /tmp/spark-28188f08-42c3-43c7-b04c-3ae7ac741b5c/userFiles-2ee6dbe0-ed81-47a7-880f-b4231e16d6f8/org.spark-project.spark_unused-1.0.0.jar
[2023-01-26T19:43:02.874+0000] {spark_submit.py:495} INFO - 23/01/26 19:43:02 INFO SparkContext: Added file file:///home/***/.ivy2/jars/com.github.luben_zstd-jni-1.4.8-1.jar at file:///home/***/.ivy2/jars/com.github.luben_zstd-jni-1.4.8-1.jar with timestamp 1674762182220
[2023-01-26T19:43:02.874+0000] {spark_submit.py:495} INFO - 23/01/26 19:43:02 INFO Utils: Copying /home/***/.ivy2/jars/com.github.luben_zstd-jni-1.4.8-1.jar to /tmp/spark-28188f08-42c3-43c7-b04c-3ae7ac741b5c/userFiles-2ee6dbe0-ed81-47a7-880f-b4231e16d6f8/com.github.luben_zstd-jni-1.4.8-1.jar
[2023-01-26T19:43:02.883+0000] {spark_submit.py:495} INFO - 23/01/26 19:43:02 INFO SparkContext: Added file file:///home/***/.ivy2/jars/org.lz4_lz4-java-1.7.1.jar at file:///home/***/.ivy2/jars/org.lz4_lz4-java-1.7.1.jar with timestamp 1674762182220
[2023-01-26T19:43:02.883+0000] {spark_submit.py:495} INFO - 23/01/26 19:43:02 INFO Utils: Copying /home/***/.ivy2/jars/org.lz4_lz4-java-1.7.1.jar to /tmp/spark-28188f08-42c3-43c7-b04c-3ae7ac741b5c/userFiles-2ee6dbe0-ed81-47a7-880f-b4231e16d6f8/org.lz4_lz4-java-1.7.1.jar
[2023-01-26T19:43:02.887+0000] {spark_submit.py:495} INFO - 23/01/26 19:43:02 INFO SparkContext: Added file file:///home/***/.ivy2/jars/org.xerial.snappy_snappy-java-1.1.8.2.jar at file:///home/***/.ivy2/jars/org.xerial.snappy_snappy-java-1.1.8.2.jar with timestamp 1674762182220
[2023-01-26T19:43:02.888+0000] {spark_submit.py:495} INFO - 23/01/26 19:43:02 INFO Utils: Copying /home/***/.ivy2/jars/org.xerial.snappy_snappy-java-1.1.8.2.jar to /tmp/spark-28188f08-42c3-43c7-b04c-3ae7ac741b5c/userFiles-2ee6dbe0-ed81-47a7-880f-b4231e16d6f8/org.xerial.snappy_snappy-java-1.1.8.2.jar
[2023-01-26T19:43:02.892+0000] {spark_submit.py:495} INFO - 23/01/26 19:43:02 INFO SparkContext: Added file file:///home/***/.ivy2/jars/org.slf4j_slf4j-api-1.7.30.jar at file:///home/***/.ivy2/jars/org.slf4j_slf4j-api-1.7.30.jar with timestamp 1674762182220
[2023-01-26T19:43:02.892+0000] {spark_submit.py:495} INFO - 23/01/26 19:43:02 INFO Utils: Copying /home/***/.ivy2/jars/org.slf4j_slf4j-api-1.7.30.jar to /tmp/spark-28188f08-42c3-43c7-b04c-3ae7ac741b5c/userFiles-2ee6dbe0-ed81-47a7-880f-b4231e16d6f8/org.slf4j_slf4j-api-1.7.30.jar
[2023-01-26T19:43:02.896+0000] {spark_submit.py:495} INFO - 23/01/26 19:43:02 INFO SparkContext: Added file file:///home/***/.ivy2/jars/org.mongodb_mongodb-driver-sync-4.0.5.jar at file:///home/***/.ivy2/jars/org.mongodb_mongodb-driver-sync-4.0.5.jar with timestamp 1674762182220
[2023-01-26T19:43:02.896+0000] {spark_submit.py:495} INFO - 23/01/26 19:43:02 INFO Utils: Copying /home/***/.ivy2/jars/org.mongodb_mongodb-driver-sync-4.0.5.jar to /tmp/spark-28188f08-42c3-43c7-b04c-3ae7ac741b5c/userFiles-2ee6dbe0-ed81-47a7-880f-b4231e16d6f8/org.mongodb_mongodb-driver-sync-4.0.5.jar
[2023-01-26T19:43:02.899+0000] {spark_submit.py:495} INFO - 23/01/26 19:43:02 INFO SparkContext: Added file file:///home/***/.ivy2/jars/org.mongodb_bson-4.0.5.jar at file:///home/***/.ivy2/jars/org.mongodb_bson-4.0.5.jar with timestamp 1674762182220
[2023-01-26T19:43:02.899+0000] {spark_submit.py:495} INFO - 23/01/26 19:43:02 INFO Utils: Copying /home/***/.ivy2/jars/org.mongodb_bson-4.0.5.jar to /tmp/spark-28188f08-42c3-43c7-b04c-3ae7ac741b5c/userFiles-2ee6dbe0-ed81-47a7-880f-b4231e16d6f8/org.mongodb_bson-4.0.5.jar
[2023-01-26T19:43:02.902+0000] {spark_submit.py:495} INFO - 23/01/26 19:43:02 INFO SparkContext: Added file file:///home/***/.ivy2/jars/org.mongodb_mongodb-driver-core-4.0.5.jar at file:///home/***/.ivy2/jars/org.mongodb_mongodb-driver-core-4.0.5.jar with timestamp 1674762182220
[2023-01-26T19:43:02.903+0000] {spark_submit.py:495} INFO - 23/01/26 19:43:02 INFO Utils: Copying /home/***/.ivy2/jars/org.mongodb_mongodb-driver-core-4.0.5.jar to /tmp/spark-28188f08-42c3-43c7-b04c-3ae7ac741b5c/userFiles-2ee6dbe0-ed81-47a7-880f-b4231e16d6f8/org.mongodb_mongodb-driver-core-4.0.5.jar
[2023-01-26T19:43:02.955+0000] {spark_submit.py:495} INFO - 23/01/26 19:43:02 INFO Executor: Starting executor ID driver on host f1cbb5df32e6
[2023-01-26T19:43:02.960+0000] {spark_submit.py:495} INFO - 23/01/26 19:43:02 INFO Executor: Starting executor with user classpath (userClassPathFirst = false): ''
[2023-01-26T19:43:02.969+0000] {spark_submit.py:495} INFO - 23/01/26 19:43:02 INFO Executor: Fetching file:///home/***/.ivy2/jars/org.apache.spark_spark-token-provider-kafka-0-10_2.12-3.1.3.jar with timestamp 1674762182220
[2023-01-26T19:43:02.988+0000] {spark_submit.py:495} INFO - 23/01/26 19:43:02 INFO Utils: /home/***/.ivy2/jars/org.apache.spark_spark-token-provider-kafka-0-10_2.12-3.1.3.jar has been previously copied to /tmp/spark-28188f08-42c3-43c7-b04c-3ae7ac741b5c/userFiles-2ee6dbe0-ed81-47a7-880f-b4231e16d6f8/org.apache.spark_spark-token-provider-kafka-0-10_2.12-3.1.3.jar
[2023-01-26T19:43:02.997+0000] {spark_submit.py:495} INFO - 23/01/26 19:43:02 INFO Executor: Fetching file:///home/***/.ivy2/jars/org.mongodb_mongodb-driver-sync-4.0.5.jar with timestamp 1674762182220
[2023-01-26T19:43:02.998+0000] {spark_submit.py:495} INFO - 23/01/26 19:43:02 INFO Utils: /home/***/.ivy2/jars/org.mongodb_mongodb-driver-sync-4.0.5.jar has been previously copied to /tmp/spark-28188f08-42c3-43c7-b04c-3ae7ac741b5c/userFiles-2ee6dbe0-ed81-47a7-880f-b4231e16d6f8/org.mongodb_mongodb-driver-sync-4.0.5.jar
[2023-01-26T19:43:03.009+0000] {spark_submit.py:495} INFO - 23/01/26 19:43:03 INFO Executor: Fetching file:///home/***/.ivy2/jars/org.apache.kafka_kafka-clients-2.6.0.jar with timestamp 1674762182220
[2023-01-26T19:43:03.018+0000] {spark_submit.py:495} INFO - 23/01/26 19:43:03 INFO Utils: /home/***/.ivy2/jars/org.apache.kafka_kafka-clients-2.6.0.jar has been previously copied to /tmp/spark-28188f08-42c3-43c7-b04c-3ae7ac741b5c/userFiles-2ee6dbe0-ed81-47a7-880f-b4231e16d6f8/org.apache.kafka_kafka-clients-2.6.0.jar
[2023-01-26T19:43:03.028+0000] {spark_submit.py:495} INFO - 23/01/26 19:43:03 INFO Executor: Fetching file:///home/***/.ivy2/jars/org.mongodb_bson-4.0.5.jar with timestamp 1674762182220
[2023-01-26T19:43:03.029+0000] {spark_submit.py:495} INFO - 23/01/26 19:43:03 INFO Utils: /home/***/.ivy2/jars/org.mongodb_bson-4.0.5.jar has been previously copied to /tmp/spark-28188f08-42c3-43c7-b04c-3ae7ac741b5c/userFiles-2ee6dbe0-ed81-47a7-880f-b4231e16d6f8/org.mongodb_bson-4.0.5.jar
[2023-01-26T19:43:03.033+0000] {spark_submit.py:495} INFO - 23/01/26 19:43:03 INFO Executor: Fetching file:///home/***/.ivy2/jars/com.github.luben_zstd-jni-1.4.8-1.jar with timestamp 1674762182220
[2023-01-26T19:43:03.038+0000] {spark_submit.py:495} INFO - 23/01/26 19:43:03 INFO Utils: /home/***/.ivy2/jars/com.github.luben_zstd-jni-1.4.8-1.jar has been previously copied to /tmp/spark-28188f08-42c3-43c7-b04c-3ae7ac741b5c/userFiles-2ee6dbe0-ed81-47a7-880f-b4231e16d6f8/com.github.luben_zstd-jni-1.4.8-1.jar
[2023-01-26T19:43:03.042+0000] {spark_submit.py:495} INFO - 23/01/26 19:43:03 INFO Executor: Fetching file:///home/***/.ivy2/jars/org.lz4_lz4-java-1.7.1.jar with timestamp 1674762182220
[2023-01-26T19:43:03.043+0000] {spark_submit.py:495} INFO - 23/01/26 19:43:03 INFO Utils: /home/***/.ivy2/jars/org.lz4_lz4-java-1.7.1.jar has been previously copied to /tmp/spark-28188f08-42c3-43c7-b04c-3ae7ac741b5c/userFiles-2ee6dbe0-ed81-47a7-880f-b4231e16d6f8/org.lz4_lz4-java-1.7.1.jar
[2023-01-26T19:43:03.047+0000] {spark_submit.py:495} INFO - 23/01/26 19:43:03 INFO Executor: Fetching file:///home/***/.ivy2/jars/org.spark-project.spark_unused-1.0.0.jar with timestamp 1674762182220
[2023-01-26T19:43:03.048+0000] {spark_submit.py:495} INFO - 23/01/26 19:43:03 INFO Utils: /home/***/.ivy2/jars/org.spark-project.spark_unused-1.0.0.jar has been previously copied to /tmp/spark-28188f08-42c3-43c7-b04c-3ae7ac741b5c/userFiles-2ee6dbe0-ed81-47a7-880f-b4231e16d6f8/org.spark-project.spark_unused-1.0.0.jar
[2023-01-26T19:43:03.051+0000] {spark_submit.py:495} INFO - 23/01/26 19:43:03 INFO Executor: Fetching file:///home/***/.ivy2/jars/org.xerial.snappy_snappy-java-1.1.8.2.jar with timestamp 1674762182220
[2023-01-26T19:43:03.054+0000] {spark_submit.py:495} INFO - 23/01/26 19:43:03 INFO Utils: /home/***/.ivy2/jars/org.xerial.snappy_snappy-java-1.1.8.2.jar has been previously copied to /tmp/spark-28188f08-42c3-43c7-b04c-3ae7ac741b5c/userFiles-2ee6dbe0-ed81-47a7-880f-b4231e16d6f8/org.xerial.snappy_snappy-java-1.1.8.2.jar
[2023-01-26T19:43:03.057+0000] {spark_submit.py:495} INFO - 23/01/26 19:43:03 INFO Executor: Fetching file:///home/***/.ivy2/jars/org.mongodb_mongodb-driver-core-4.0.5.jar with timestamp 1674762182220
[2023-01-26T19:43:03.059+0000] {spark_submit.py:495} INFO - 23/01/26 19:43:03 INFO Utils: /home/***/.ivy2/jars/org.mongodb_mongodb-driver-core-4.0.5.jar has been previously copied to /tmp/spark-28188f08-42c3-43c7-b04c-3ae7ac741b5c/userFiles-2ee6dbe0-ed81-47a7-880f-b4231e16d6f8/org.mongodb_mongodb-driver-core-4.0.5.jar
[2023-01-26T19:43:03.061+0000] {spark_submit.py:495} INFO - 23/01/26 19:43:03 INFO Executor: Fetching file:///home/***/.ivy2/jars/org.apache.spark_spark-sql-kafka-0-10_2.12-3.1.3.jar with timestamp 1674762182220
[2023-01-26T19:43:03.062+0000] {spark_submit.py:495} INFO - 23/01/26 19:43:03 INFO Utils: /home/***/.ivy2/jars/org.apache.spark_spark-sql-kafka-0-10_2.12-3.1.3.jar has been previously copied to /tmp/spark-28188f08-42c3-43c7-b04c-3ae7ac741b5c/userFiles-2ee6dbe0-ed81-47a7-880f-b4231e16d6f8/org.apache.spark_spark-sql-kafka-0-10_2.12-3.1.3.jar
[2023-01-26T19:43:03.065+0000] {spark_submit.py:495} INFO - 23/01/26 19:43:03 INFO Executor: Fetching file:///home/***/.ivy2/jars/org.mongodb.spark_mongo-spark-connector_2.12-3.0.1.jar with timestamp 1674762182220
[2023-01-26T19:43:03.066+0000] {spark_submit.py:495} INFO - 23/01/26 19:43:03 INFO Utils: /home/***/.ivy2/jars/org.mongodb.spark_mongo-spark-connector_2.12-3.0.1.jar has been previously copied to /tmp/spark-28188f08-42c3-43c7-b04c-3ae7ac741b5c/userFiles-2ee6dbe0-ed81-47a7-880f-b4231e16d6f8/org.mongodb.spark_mongo-spark-connector_2.12-3.0.1.jar
[2023-01-26T19:43:03.070+0000] {spark_submit.py:495} INFO - 23/01/26 19:43:03 INFO Executor: Fetching file:///home/***/.ivy2/jars/org.apache.commons_commons-pool2-2.6.2.jar with timestamp 1674762182220
[2023-01-26T19:43:03.070+0000] {spark_submit.py:495} INFO - 23/01/26 19:43:03 INFO Utils: /home/***/.ivy2/jars/org.apache.commons_commons-pool2-2.6.2.jar has been previously copied to /tmp/spark-28188f08-42c3-43c7-b04c-3ae7ac741b5c/userFiles-2ee6dbe0-ed81-47a7-880f-b4231e16d6f8/org.apache.commons_commons-pool2-2.6.2.jar
[2023-01-26T19:43:03.073+0000] {spark_submit.py:495} INFO - 23/01/26 19:43:03 INFO Executor: Fetching file:///home/***/.ivy2/jars/org.slf4j_slf4j-api-1.7.30.jar with timestamp 1674762182220
[2023-01-26T19:43:03.073+0000] {spark_submit.py:495} INFO - 23/01/26 19:43:03 INFO Utils: /home/***/.ivy2/jars/org.slf4j_slf4j-api-1.7.30.jar has been previously copied to /tmp/spark-28188f08-42c3-43c7-b04c-3ae7ac741b5c/userFiles-2ee6dbe0-ed81-47a7-880f-b4231e16d6f8/org.slf4j_slf4j-api-1.7.30.jar
[2023-01-26T19:43:03.078+0000] {spark_submit.py:495} INFO - 23/01/26 19:43:03 INFO Executor: Fetching spark://f1cbb5df32e6:33683/jars/org.xerial.snappy_snappy-java-1.1.8.2.jar with timestamp 1674762182220
[2023-01-26T19:43:03.112+0000] {spark_submit.py:495} INFO - 23/01/26 19:43:03 INFO TransportClientFactory: Successfully created connection to f1cbb5df32e6/172.23.0.4:33683 after 26 ms (0 ms spent in bootstraps)
[2023-01-26T19:43:03.118+0000] {spark_submit.py:495} INFO - 23/01/26 19:43:03 INFO Utils: Fetching spark://f1cbb5df32e6:33683/jars/org.xerial.snappy_snappy-java-1.1.8.2.jar to /tmp/spark-28188f08-42c3-43c7-b04c-3ae7ac741b5c/userFiles-2ee6dbe0-ed81-47a7-880f-b4231e16d6f8/fetchFileTemp18412409178607764104.tmp
[2023-01-26T19:43:03.150+0000] {spark_submit.py:495} INFO - 23/01/26 19:43:03 INFO Utils: /tmp/spark-28188f08-42c3-43c7-b04c-3ae7ac741b5c/userFiles-2ee6dbe0-ed81-47a7-880f-b4231e16d6f8/fetchFileTemp18412409178607764104.tmp has been previously copied to /tmp/spark-28188f08-42c3-43c7-b04c-3ae7ac741b5c/userFiles-2ee6dbe0-ed81-47a7-880f-b4231e16d6f8/org.xerial.snappy_snappy-java-1.1.8.2.jar
[2023-01-26T19:43:03.156+0000] {spark_submit.py:495} INFO - 23/01/26 19:43:03 INFO Executor: Adding file:/tmp/spark-28188f08-42c3-43c7-b04c-3ae7ac741b5c/userFiles-2ee6dbe0-ed81-47a7-880f-b4231e16d6f8/org.xerial.snappy_snappy-java-1.1.8.2.jar to class loader
[2023-01-26T19:43:03.156+0000] {spark_submit.py:495} INFO - 23/01/26 19:43:03 INFO Executor: Fetching spark://f1cbb5df32e6:33683/jars/org.mongodb_mongodb-driver-core-4.0.5.jar with timestamp 1674762182220
[2023-01-26T19:43:03.158+0000] {spark_submit.py:495} INFO - 23/01/26 19:43:03 INFO Utils: Fetching spark://f1cbb5df32e6:33683/jars/org.mongodb_mongodb-driver-core-4.0.5.jar to /tmp/spark-28188f08-42c3-43c7-b04c-3ae7ac741b5c/userFiles-2ee6dbe0-ed81-47a7-880f-b4231e16d6f8/fetchFileTemp703383664335061964.tmp
[2023-01-26T19:43:03.163+0000] {spark_submit.py:495} INFO - 23/01/26 19:43:03 INFO Utils: /tmp/spark-28188f08-42c3-43c7-b04c-3ae7ac741b5c/userFiles-2ee6dbe0-ed81-47a7-880f-b4231e16d6f8/fetchFileTemp703383664335061964.tmp has been previously copied to /tmp/spark-28188f08-42c3-43c7-b04c-3ae7ac741b5c/userFiles-2ee6dbe0-ed81-47a7-880f-b4231e16d6f8/org.mongodb_mongodb-driver-core-4.0.5.jar
[2023-01-26T19:43:03.167+0000] {spark_submit.py:495} INFO - 23/01/26 19:43:03 INFO Executor: Adding file:/tmp/spark-28188f08-42c3-43c7-b04c-3ae7ac741b5c/userFiles-2ee6dbe0-ed81-47a7-880f-b4231e16d6f8/org.mongodb_mongodb-driver-core-4.0.5.jar to class loader
[2023-01-26T19:43:03.168+0000] {spark_submit.py:495} INFO - 23/01/26 19:43:03 INFO Executor: Fetching spark://f1cbb5df32e6:33683/jars/org.apache.kafka_kafka-clients-2.6.0.jar with timestamp 1674762182220
[2023-01-26T19:43:03.168+0000] {spark_submit.py:495} INFO - 23/01/26 19:43:03 INFO Utils: Fetching spark://f1cbb5df32e6:33683/jars/org.apache.kafka_kafka-clients-2.6.0.jar to /tmp/spark-28188f08-42c3-43c7-b04c-3ae7ac741b5c/userFiles-2ee6dbe0-ed81-47a7-880f-b4231e16d6f8/fetchFileTemp7606899479402346871.tmp
[2023-01-26T19:43:03.181+0000] {spark_submit.py:495} INFO - 23/01/26 19:43:03 INFO Utils: /tmp/spark-28188f08-42c3-43c7-b04c-3ae7ac741b5c/userFiles-2ee6dbe0-ed81-47a7-880f-b4231e16d6f8/fetchFileTemp7606899479402346871.tmp has been previously copied to /tmp/spark-28188f08-42c3-43c7-b04c-3ae7ac741b5c/userFiles-2ee6dbe0-ed81-47a7-880f-b4231e16d6f8/org.apache.kafka_kafka-clients-2.6.0.jar
[2023-01-26T19:43:03.188+0000] {spark_submit.py:495} INFO - 23/01/26 19:43:03 INFO Executor: Adding file:/tmp/spark-28188f08-42c3-43c7-b04c-3ae7ac741b5c/userFiles-2ee6dbe0-ed81-47a7-880f-b4231e16d6f8/org.apache.kafka_kafka-clients-2.6.0.jar to class loader
[2023-01-26T19:43:03.188+0000] {spark_submit.py:495} INFO - 23/01/26 19:43:03 INFO Executor: Fetching spark://f1cbb5df32e6:33683/jars/org.apache.spark_spark-token-provider-kafka-0-10_2.12-3.1.3.jar with timestamp 1674762182220
[2023-01-26T19:43:03.189+0000] {spark_submit.py:495} INFO - 23/01/26 19:43:03 INFO Utils: Fetching spark://f1cbb5df32e6:33683/jars/org.apache.spark_spark-token-provider-kafka-0-10_2.12-3.1.3.jar to /tmp/spark-28188f08-42c3-43c7-b04c-3ae7ac741b5c/userFiles-2ee6dbe0-ed81-47a7-880f-b4231e16d6f8/fetchFileTemp6811745014521752315.tmp
[2023-01-26T19:43:03.190+0000] {spark_submit.py:495} INFO - 23/01/26 19:43:03 INFO Utils: /tmp/spark-28188f08-42c3-43c7-b04c-3ae7ac741b5c/userFiles-2ee6dbe0-ed81-47a7-880f-b4231e16d6f8/fetchFileTemp6811745014521752315.tmp has been previously copied to /tmp/spark-28188f08-42c3-43c7-b04c-3ae7ac741b5c/userFiles-2ee6dbe0-ed81-47a7-880f-b4231e16d6f8/org.apache.spark_spark-token-provider-kafka-0-10_2.12-3.1.3.jar
[2023-01-26T19:43:03.193+0000] {spark_submit.py:495} INFO - 23/01/26 19:43:03 INFO Executor: Adding file:/tmp/spark-28188f08-42c3-43c7-b04c-3ae7ac741b5c/userFiles-2ee6dbe0-ed81-47a7-880f-b4231e16d6f8/org.apache.spark_spark-token-provider-kafka-0-10_2.12-3.1.3.jar to class loader
[2023-01-26T19:43:03.193+0000] {spark_submit.py:495} INFO - 23/01/26 19:43:03 INFO Executor: Fetching spark://f1cbb5df32e6:33683/jars/org.spark-project.spark_unused-1.0.0.jar with timestamp 1674762182220
[2023-01-26T19:43:03.193+0000] {spark_submit.py:495} INFO - 23/01/26 19:43:03 INFO Utils: Fetching spark://f1cbb5df32e6:33683/jars/org.spark-project.spark_unused-1.0.0.jar to /tmp/spark-28188f08-42c3-43c7-b04c-3ae7ac741b5c/userFiles-2ee6dbe0-ed81-47a7-880f-b4231e16d6f8/fetchFileTemp8183511027776563621.tmp
[2023-01-26T19:43:03.194+0000] {spark_submit.py:495} INFO - 23/01/26 19:43:03 INFO Utils: /tmp/spark-28188f08-42c3-43c7-b04c-3ae7ac741b5c/userFiles-2ee6dbe0-ed81-47a7-880f-b4231e16d6f8/fetchFileTemp8183511027776563621.tmp has been previously copied to /tmp/spark-28188f08-42c3-43c7-b04c-3ae7ac741b5c/userFiles-2ee6dbe0-ed81-47a7-880f-b4231e16d6f8/org.spark-project.spark_unused-1.0.0.jar
[2023-01-26T19:43:03.197+0000] {spark_submit.py:495} INFO - 23/01/26 19:43:03 INFO Executor: Adding file:/tmp/spark-28188f08-42c3-43c7-b04c-3ae7ac741b5c/userFiles-2ee6dbe0-ed81-47a7-880f-b4231e16d6f8/org.spark-project.spark_unused-1.0.0.jar to class loader
[2023-01-26T19:43:03.197+0000] {spark_submit.py:495} INFO - 23/01/26 19:43:03 INFO Executor: Fetching spark://f1cbb5df32e6:33683/jars/org.slf4j_slf4j-api-1.7.30.jar with timestamp 1674762182220
[2023-01-26T19:43:03.199+0000] {spark_submit.py:495} INFO - 23/01/26 19:43:03 INFO Utils: Fetching spark://f1cbb5df32e6:33683/jars/org.slf4j_slf4j-api-1.7.30.jar to /tmp/spark-28188f08-42c3-43c7-b04c-3ae7ac741b5c/userFiles-2ee6dbe0-ed81-47a7-880f-b4231e16d6f8/fetchFileTemp16664886931826607436.tmp
[2023-01-26T19:43:03.200+0000] {spark_submit.py:495} INFO - 23/01/26 19:43:03 INFO Utils: /tmp/spark-28188f08-42c3-43c7-b04c-3ae7ac741b5c/userFiles-2ee6dbe0-ed81-47a7-880f-b4231e16d6f8/fetchFileTemp16664886931826607436.tmp has been previously copied to /tmp/spark-28188f08-42c3-43c7-b04c-3ae7ac741b5c/userFiles-2ee6dbe0-ed81-47a7-880f-b4231e16d6f8/org.slf4j_slf4j-api-1.7.30.jar
[2023-01-26T19:43:03.202+0000] {spark_submit.py:495} INFO - 23/01/26 19:43:03 INFO Executor: Adding file:/tmp/spark-28188f08-42c3-43c7-b04c-3ae7ac741b5c/userFiles-2ee6dbe0-ed81-47a7-880f-b4231e16d6f8/org.slf4j_slf4j-api-1.7.30.jar to class loader
[2023-01-26T19:43:03.203+0000] {spark_submit.py:495} INFO - 23/01/26 19:43:03 INFO Executor: Fetching spark://f1cbb5df32e6:33683/jars/com.github.luben_zstd-jni-1.4.8-1.jar with timestamp 1674762182220
[2023-01-26T19:43:03.203+0000] {spark_submit.py:495} INFO - 23/01/26 19:43:03 INFO Utils: Fetching spark://f1cbb5df32e6:33683/jars/com.github.luben_zstd-jni-1.4.8-1.jar to /tmp/spark-28188f08-42c3-43c7-b04c-3ae7ac741b5c/userFiles-2ee6dbe0-ed81-47a7-880f-b4231e16d6f8/fetchFileTemp16402557833490919718.tmp
[2023-01-26T19:43:03.220+0000] {spark_submit.py:495} INFO - 23/01/26 19:43:03 INFO Utils: /tmp/spark-28188f08-42c3-43c7-b04c-3ae7ac741b5c/userFiles-2ee6dbe0-ed81-47a7-880f-b4231e16d6f8/fetchFileTemp16402557833490919718.tmp has been previously copied to /tmp/spark-28188f08-42c3-43c7-b04c-3ae7ac741b5c/userFiles-2ee6dbe0-ed81-47a7-880f-b4231e16d6f8/com.github.luben_zstd-jni-1.4.8-1.jar
[2023-01-26T19:43:03.232+0000] {spark_submit.py:495} INFO - 23/01/26 19:43:03 INFO Executor: Adding file:/tmp/spark-28188f08-42c3-43c7-b04c-3ae7ac741b5c/userFiles-2ee6dbe0-ed81-47a7-880f-b4231e16d6f8/com.github.luben_zstd-jni-1.4.8-1.jar to class loader
[2023-01-26T19:43:03.232+0000] {spark_submit.py:495} INFO - 23/01/26 19:43:03 INFO Executor: Fetching spark://f1cbb5df32e6:33683/jars/org.mongodb_bson-4.0.5.jar with timestamp 1674762182220
[2023-01-26T19:43:03.233+0000] {spark_submit.py:495} INFO - 23/01/26 19:43:03 INFO Utils: Fetching spark://f1cbb5df32e6:33683/jars/org.mongodb_bson-4.0.5.jar to /tmp/spark-28188f08-42c3-43c7-b04c-3ae7ac741b5c/userFiles-2ee6dbe0-ed81-47a7-880f-b4231e16d6f8/fetchFileTemp818942322876102359.tmp
[2023-01-26T19:43:03.235+0000] {spark_submit.py:495} INFO - 23/01/26 19:43:03 INFO Utils: /tmp/spark-28188f08-42c3-43c7-b04c-3ae7ac741b5c/userFiles-2ee6dbe0-ed81-47a7-880f-b4231e16d6f8/fetchFileTemp818942322876102359.tmp has been previously copied to /tmp/spark-28188f08-42c3-43c7-b04c-3ae7ac741b5c/userFiles-2ee6dbe0-ed81-47a7-880f-b4231e16d6f8/org.mongodb_bson-4.0.5.jar
[2023-01-26T19:43:03.241+0000] {spark_submit.py:495} INFO - 23/01/26 19:43:03 INFO Executor: Adding file:/tmp/spark-28188f08-42c3-43c7-b04c-3ae7ac741b5c/userFiles-2ee6dbe0-ed81-47a7-880f-b4231e16d6f8/org.mongodb_bson-4.0.5.jar to class loader
[2023-01-26T19:43:03.241+0000] {spark_submit.py:495} INFO - 23/01/26 19:43:03 INFO Executor: Fetching spark://f1cbb5df32e6:33683/jars/org.apache.commons_commons-pool2-2.6.2.jar with timestamp 1674762182220
[2023-01-26T19:43:03.241+0000] {spark_submit.py:495} INFO - 23/01/26 19:43:03 INFO Utils: Fetching spark://f1cbb5df32e6:33683/jars/org.apache.commons_commons-pool2-2.6.2.jar to /tmp/spark-28188f08-42c3-43c7-b04c-3ae7ac741b5c/userFiles-2ee6dbe0-ed81-47a7-880f-b4231e16d6f8/fetchFileTemp8495083508601115295.tmp
[2023-01-26T19:43:03.243+0000] {spark_submit.py:495} INFO - 23/01/26 19:43:03 INFO Utils: /tmp/spark-28188f08-42c3-43c7-b04c-3ae7ac741b5c/userFiles-2ee6dbe0-ed81-47a7-880f-b4231e16d6f8/fetchFileTemp8495083508601115295.tmp has been previously copied to /tmp/spark-28188f08-42c3-43c7-b04c-3ae7ac741b5c/userFiles-2ee6dbe0-ed81-47a7-880f-b4231e16d6f8/org.apache.commons_commons-pool2-2.6.2.jar
[2023-01-26T19:43:03.246+0000] {spark_submit.py:495} INFO - 23/01/26 19:43:03 INFO Executor: Adding file:/tmp/spark-28188f08-42c3-43c7-b04c-3ae7ac741b5c/userFiles-2ee6dbe0-ed81-47a7-880f-b4231e16d6f8/org.apache.commons_commons-pool2-2.6.2.jar to class loader
[2023-01-26T19:43:03.246+0000] {spark_submit.py:495} INFO - 23/01/26 19:43:03 INFO Executor: Fetching spark://f1cbb5df32e6:33683/jars/org.mongodb_mongodb-driver-sync-4.0.5.jar with timestamp 1674762182220
[2023-01-26T19:43:03.247+0000] {spark_submit.py:495} INFO - 23/01/26 19:43:03 INFO Utils: Fetching spark://f1cbb5df32e6:33683/jars/org.mongodb_mongodb-driver-sync-4.0.5.jar to /tmp/spark-28188f08-42c3-43c7-b04c-3ae7ac741b5c/userFiles-2ee6dbe0-ed81-47a7-880f-b4231e16d6f8/fetchFileTemp8233303995401351240.tmp
[2023-01-26T19:43:03.248+0000] {spark_submit.py:495} INFO - 23/01/26 19:43:03 INFO Utils: /tmp/spark-28188f08-42c3-43c7-b04c-3ae7ac741b5c/userFiles-2ee6dbe0-ed81-47a7-880f-b4231e16d6f8/fetchFileTemp8233303995401351240.tmp has been previously copied to /tmp/spark-28188f08-42c3-43c7-b04c-3ae7ac741b5c/userFiles-2ee6dbe0-ed81-47a7-880f-b4231e16d6f8/org.mongodb_mongodb-driver-sync-4.0.5.jar
[2023-01-26T19:43:03.251+0000] {spark_submit.py:495} INFO - 23/01/26 19:43:03 INFO Executor: Adding file:/tmp/spark-28188f08-42c3-43c7-b04c-3ae7ac741b5c/userFiles-2ee6dbe0-ed81-47a7-880f-b4231e16d6f8/org.mongodb_mongodb-driver-sync-4.0.5.jar to class loader
[2023-01-26T19:43:03.251+0000] {spark_submit.py:495} INFO - 23/01/26 19:43:03 INFO Executor: Fetching spark://f1cbb5df32e6:33683/jars/org.lz4_lz4-java-1.7.1.jar with timestamp 1674762182220
[2023-01-26T19:43:03.251+0000] {spark_submit.py:495} INFO - 23/01/26 19:43:03 INFO Utils: Fetching spark://f1cbb5df32e6:33683/jars/org.lz4_lz4-java-1.7.1.jar to /tmp/spark-28188f08-42c3-43c7-b04c-3ae7ac741b5c/userFiles-2ee6dbe0-ed81-47a7-880f-b4231e16d6f8/fetchFileTemp18317862427103930488.tmp
[2023-01-26T19:43:03.254+0000] {spark_submit.py:495} INFO - 23/01/26 19:43:03 INFO Utils: /tmp/spark-28188f08-42c3-43c7-b04c-3ae7ac741b5c/userFiles-2ee6dbe0-ed81-47a7-880f-b4231e16d6f8/fetchFileTemp18317862427103930488.tmp has been previously copied to /tmp/spark-28188f08-42c3-43c7-b04c-3ae7ac741b5c/userFiles-2ee6dbe0-ed81-47a7-880f-b4231e16d6f8/org.lz4_lz4-java-1.7.1.jar
[2023-01-26T19:43:03.257+0000] {spark_submit.py:495} INFO - 23/01/26 19:43:03 INFO Executor: Adding file:/tmp/spark-28188f08-42c3-43c7-b04c-3ae7ac741b5c/userFiles-2ee6dbe0-ed81-47a7-880f-b4231e16d6f8/org.lz4_lz4-java-1.7.1.jar to class loader
[2023-01-26T19:43:03.258+0000] {spark_submit.py:495} INFO - 23/01/26 19:43:03 INFO Executor: Fetching spark://f1cbb5df32e6:33683/jars/org.apache.spark_spark-sql-kafka-0-10_2.12-3.1.3.jar with timestamp 1674762182220
[2023-01-26T19:43:03.258+0000] {spark_submit.py:495} INFO - 23/01/26 19:43:03 INFO Utils: Fetching spark://f1cbb5df32e6:33683/jars/org.apache.spark_spark-sql-kafka-0-10_2.12-3.1.3.jar to /tmp/spark-28188f08-42c3-43c7-b04c-3ae7ac741b5c/userFiles-2ee6dbe0-ed81-47a7-880f-b4231e16d6f8/fetchFileTemp911169510143027775.tmp
[2023-01-26T19:43:03.262+0000] {spark_submit.py:495} INFO - 23/01/26 19:43:03 INFO Utils: /tmp/spark-28188f08-42c3-43c7-b04c-3ae7ac741b5c/userFiles-2ee6dbe0-ed81-47a7-880f-b4231e16d6f8/fetchFileTemp911169510143027775.tmp has been previously copied to /tmp/spark-28188f08-42c3-43c7-b04c-3ae7ac741b5c/userFiles-2ee6dbe0-ed81-47a7-880f-b4231e16d6f8/org.apache.spark_spark-sql-kafka-0-10_2.12-3.1.3.jar
[2023-01-26T19:43:03.266+0000] {spark_submit.py:495} INFO - 23/01/26 19:43:03 INFO Executor: Adding file:/tmp/spark-28188f08-42c3-43c7-b04c-3ae7ac741b5c/userFiles-2ee6dbe0-ed81-47a7-880f-b4231e16d6f8/org.apache.spark_spark-sql-kafka-0-10_2.12-3.1.3.jar to class loader
[2023-01-26T19:43:03.266+0000] {spark_submit.py:495} INFO - 23/01/26 19:43:03 INFO Executor: Fetching spark://f1cbb5df32e6:33683/jars/org.mongodb.spark_mongo-spark-connector_2.12-3.0.1.jar with timestamp 1674762182220
[2023-01-26T19:43:03.267+0000] {spark_submit.py:495} INFO - 23/01/26 19:43:03 INFO Utils: Fetching spark://f1cbb5df32e6:33683/jars/org.mongodb.spark_mongo-spark-connector_2.12-3.0.1.jar to /tmp/spark-28188f08-42c3-43c7-b04c-3ae7ac741b5c/userFiles-2ee6dbe0-ed81-47a7-880f-b4231e16d6f8/fetchFileTemp13499788235490532509.tmp
[2023-01-26T19:43:03.269+0000] {spark_submit.py:495} INFO - 23/01/26 19:43:03 INFO Utils: /tmp/spark-28188f08-42c3-43c7-b04c-3ae7ac741b5c/userFiles-2ee6dbe0-ed81-47a7-880f-b4231e16d6f8/fetchFileTemp13499788235490532509.tmp has been previously copied to /tmp/spark-28188f08-42c3-43c7-b04c-3ae7ac741b5c/userFiles-2ee6dbe0-ed81-47a7-880f-b4231e16d6f8/org.mongodb.spark_mongo-spark-connector_2.12-3.0.1.jar
[2023-01-26T19:43:03.273+0000] {spark_submit.py:495} INFO - 23/01/26 19:43:03 INFO Executor: Adding file:/tmp/spark-28188f08-42c3-43c7-b04c-3ae7ac741b5c/userFiles-2ee6dbe0-ed81-47a7-880f-b4231e16d6f8/org.mongodb.spark_mongo-spark-connector_2.12-3.0.1.jar to class loader
[2023-01-26T19:43:03.279+0000] {spark_submit.py:495} INFO - 23/01/26 19:43:03 INFO Utils: Successfully started service 'org.apache.spark.network.netty.NettyBlockTransferService' on port 40299.
[2023-01-26T19:43:03.279+0000] {spark_submit.py:495} INFO - 23/01/26 19:43:03 INFO NettyBlockTransferService: Server created on f1cbb5df32e6:40299
[2023-01-26T19:43:03.281+0000] {spark_submit.py:495} INFO - 23/01/26 19:43:03 INFO BlockManager: Using org.apache.spark.storage.RandomBlockReplicationPolicy for block replication policy
[2023-01-26T19:43:03.286+0000] {spark_submit.py:495} INFO - 23/01/26 19:43:03 INFO BlockManagerMaster: Registering BlockManager BlockManagerId(driver, f1cbb5df32e6, 40299, None)
[2023-01-26T19:43:03.290+0000] {spark_submit.py:495} INFO - 23/01/26 19:43:03 INFO BlockManagerMasterEndpoint: Registering block manager f1cbb5df32e6:40299 with 434.4 MiB RAM, BlockManagerId(driver, f1cbb5df32e6, 40299, None)
[2023-01-26T19:43:03.290+0000] {spark_submit.py:495} INFO - 23/01/26 19:43:03 INFO BlockManagerMaster: Registered BlockManager BlockManagerId(driver, f1cbb5df32e6, 40299, None)
[2023-01-26T19:43:03.292+0000] {spark_submit.py:495} INFO - 23/01/26 19:43:03 INFO BlockManager: Initialized BlockManager: BlockManagerId(driver, f1cbb5df32e6, 40299, None)
[2023-01-26T19:43:06.441+0000] {spark_submit.py:495} INFO - [[34m2023-01-26 19:43:06,441[0m] {[34mjava_gateway.py:[0m2270} INFO[0m - Callback Server Starting[0m
[2023-01-26T19:43:06.441+0000] {spark_submit.py:495} INFO - [[34m2023-01-26 19:43:06,441[0m] {[34mjava_gateway.py:[0m2274} INFO[0m - Socket listening on ('127.0.0.1', 36527)[0m
[2023-01-26T19:43:10.860+0000] {spark_submit.py:495} INFO - [[34m2023-01-26 19:43:10,859[0m] {[34mclientserver.py:[0m561} INFO[0m - Python Server ready to receive messages[0m
[2023-01-26T19:43:10.860+0000] {spark_submit.py:495} INFO - [[34m2023-01-26 19:43:10,860[0m] {[34mclientserver.py:[0m577} INFO[0m - Received command c on object id p0[0m
[2023-01-26T19:43:10.931+0000] {spark_submit.py:495} INFO - [[34m2023-01-26 19:43:10,931[0m] {[34mconsumerSpark.py:[0m37} ERROR[0m - Error al escribir en Mongo: requirement failed: Invalid uri: 'jdbc:mongodb://root:secret@172.22.0.2:27017'[0m
[2023-01-26T19:43:11.196+0000] {spark_submit.py:495} INFO - -------------------------------------------
[2023-01-26T19:43:11.197+0000] {spark_submit.py:495} INFO - Batch: 0
[2023-01-26T19:43:11.198+0000] {spark_submit.py:495} INFO - -------------------------------------------
[2023-01-26T19:43:11.282+0000] {spark_submit.py:495} INFO - +---+-------------+-----+-------------+----------+----------------+------------+-----------------+--------------+-------------+
[2023-01-26T19:43:11.283+0000] {spark_submit.py:495} INFO - | id|nameOfProduct|price|ProductStatus|SellerName|RegistrationDate|QuantitySold|QuantityAvailable|Free shipping?|Store ratings|
[2023-01-26T19:43:11.283+0000] {spark_submit.py:495} INFO - +---+-------------+-----+-------------+----------+----------------+------------+-----------------+--------------+-------------+
[2023-01-26T19:43:11.283+0000] {spark_submit.py:495} INFO - +---+-------------+-----+-------------+----------+----------------+------------+-----------------+--------------+-------------+
[2023-01-26T19:43:11.283+0000] {spark_submit.py:495} INFO - 
[2023-01-26T19:44:22.403+0000] {spark_submit.py:495} INFO - [[34m2023-01-26 19:44:22,402[0m] {[34mclientserver.py:[0m577} INFO[0m - Received command c on object id p0[0m
[2023-01-26T19:44:22.477+0000] {spark_submit.py:495} INFO - [[34m2023-01-26 19:44:22,477[0m] {[34mconsumerSpark.py:[0m37} ERROR[0m - Error al escribir en Mongo: requirement failed: Invalid uri: 'jdbc:mongodb://root:secret@172.22.0.2:27017'[0m
[2023-01-26T19:44:22.938+0000] {spark_submit.py:495} INFO - [[34m2023-01-26 19:44:22,937[0m] {[34mclientserver.py:[0m577} INFO[0m - Received command c on object id p0[0m
[2023-01-26T19:44:23.032+0000] {spark_submit.py:495} INFO - [[34m2023-01-26 19:44:23,031[0m] {[34mconsumerSpark.py:[0m37} ERROR[0m - Error al escribir en Mongo: requirement failed: Invalid uri: 'jdbc:mongodb://root:secret@172.22.0.2:27017'[0m
[2023-01-26T19:44:26.212+0000] {spark_submit.py:495} INFO - -------------------------------------------
[2023-01-26T19:44:26.213+0000] {spark_submit.py:495} INFO - Batch: 1
[2023-01-26T19:44:26.213+0000] {spark_submit.py:495} INFO - -------------------------------------------
[2023-01-26T19:44:26.274+0000] {spark_submit.py:495} INFO - +-------------+--------------------+--------+-------------+--------------------+-------------------+------------+-----------------+--------------------+-------------+
[2023-01-26T19:44:26.274+0000] {spark_submit.py:495} INFO - |           id|       nameOfProduct|   price|ProductStatus|          SellerName|   RegistrationDate|QuantitySold|QuantityAvailable|      Free shipping?|Store ratings|
[2023-01-26T19:44:26.275+0000] {spark_submit.py:495} INFO - +-------------+--------------------+--------+-------------+--------------------+-------------------+------------+-----------------+--------------------+-------------+
[2023-01-26T19:44:26.275+0000] {spark_submit.py:495} INFO - |MLA1221192372|Disco Duro Extern...| 26299.0|          new|    OVERHARD DIGITAL|2015-01-08 12:19:41|         250|              100|Your shipment arr...|          4.5|
[2023-01-26T19:44:26.275+0000] {spark_submit.py:495} INFO - |MLA1157512489|Placa De Video Nv...|124999.0|          new|      PCREGISTRADAOK|2020-11-02 13:17:33|          50|                1|Your shipment arr...|          4.5|
[2023-01-26T19:44:26.275+0000] {spark_submit.py:495} INFO - |MLA1115295971|Procesador Amd Ry...| 93999.0|          new|      PCREGISTRADAOK|2020-11-02 13:17:33|          25|                1|Your shipment arr...|          4.5|
[2023-01-26T19:44:26.275+0000] {spark_submit.py:495} INFO - |MLA1160198557|Memoria Ram Fury ...| 26699.0|          new|    OVERHARD DIGITAL|2015-01-08 12:19:41|         500|               50|Your shipment arr...|          4.5|
[2023-01-26T19:44:26.275+0000] {spark_submit.py:495} INFO - |MLA1148481665|Microprocesador P...| 58899.0|          new|            MALL WEB|2016-05-26 20:28:35|         150|                1|Your shipment arr...|          4.5|
[2023-01-26T19:44:26.275+0000] {spark_submit.py:495} INFO - |MLA1160204806|Memoria Ram Fury ...| 15499.0|          new|    OVERHARD DIGITAL|2015-01-08 12:19:41|         500|              100|Your shipment arr...|          4.5|
[2023-01-26T19:44:26.275+0000] {spark_submit.py:495} INFO - | MLA923637669|Placa De Video Ge...| 28699.0|          new|         INDIGOTRADE|2018-01-05 19:21:16|         500|               50|Your shipment arr...|          4.5|
[2023-01-26T19:44:26.276+0000] {spark_submit.py:495} INFO - |MLA1318244331|Disco Solido Ssd ...| 28799.0|          new|    OVERHARD DIGITAL|2015-01-08 12:19:41|           5|              150|Your shipment arr...|          4.5|
[2023-01-26T19:44:26.276+0000] {spark_submit.py:495} INFO - |MLA1133481354|Disco Sólido Inte...| 13799.0|          new|           DALECLÍCK|2015-03-16 12:07:23|         500|                1|You have to pay t...|          4.5|
[2023-01-26T19:44:26.276+0000] {spark_submit.py:495} INFO - | MLA882277177|Capturadora Video...|  2699.0|          new|         BSK-IMPORTS|2019-12-30 23:07:04|         500|               50|You have to pay t...|          3.0|
[2023-01-26T19:44:26.276+0000] {spark_submit.py:495} INFO - |MLA1283127595|Procesador Intel ...| 51379.0|          new|      PCREGISTRADAOK|2020-11-02 13:17:33|           1|                1|Your shipment arr...|          4.5|
[2023-01-26T19:44:26.276+0000] {spark_submit.py:495} INFO - |MLA1139583771|Disco Sólido Inte...|  8339.0|          new|DIAMONDSYSTEMPADUAML|2015-07-01 12:32:22|         250|              500|You have to pay t...|          4.5|
[2023-01-26T19:44:26.276+0000] {spark_submit.py:495} INFO - |MLA1119996182|Disco Sólido Inte...| 25499.0|          new|            MALL WEB|2016-05-26 20:28:35|         500|                1|Your shipment arr...|          4.5|
[2023-01-26T19:44:26.276+0000] {spark_submit.py:495} INFO - |MLA1183925519|Placa De Video Nv...|299999.0|          new|ESTUDIOSMPSRLESTU...|2020-11-29 18:36:32|          50|                1|Your shipment arr...|          4.5|
[2023-01-26T19:44:26.276+0000] {spark_submit.py:495} INFO - | MLA844489972|Disco Duro Intern...| 11599.0|          new|           DALECLÍCK|2015-03-16 12:07:23|        5000|              500|You have to pay t...|          5.0|
[2023-01-26T19:44:26.276+0000] {spark_submit.py:495} INFO - | MLA833246699|Disco Sólido Inte...| 26999.0|          new|            MALL WEB|2016-05-26 20:28:35|         500|                1|Your shipment arr...|          4.5|
[2023-01-26T19:44:26.277+0000] {spark_submit.py:495} INFO - |MLA1163233412|Placa De Video Nv...| 34659.0|          new|      PCREGISTRADAOK|2020-11-02 13:17:33|           1|                1|Your shipment arr...|          4.5|
[2023-01-26T19:44:26.277+0000] {spark_submit.py:495} INFO - |MLA1314590445|Disco Sólido Inte...|  7999.0|          new|       ELECTRO-SHOWS|2010-03-26 01:08:16|         250|              250|You have to pay t...|          4.5|
[2023-01-26T19:44:26.277+0000] {spark_submit.py:495} INFO - |MLA1302136118|Disco Duro Intern...| 18271.0|          new|DIAMONDSYSTEMSANJ...|2016-04-08 17:21:06|         100|               50|Your shipment arr...|          4.5|
[2023-01-26T19:44:26.277+0000] {spark_submit.py:495} INFO - | MLA902808321|Procesador Gamer ...| 23699.0|          new|            MALL WEB|2016-05-26 20:28:35|         500|                1|Your shipment arr...|          4.5|
[2023-01-26T19:44:26.277+0000] {spark_submit.py:495} INFO - +-------------+--------------------+--------+-------------+--------------------+-------------------+------------+-----------------+--------------------+-------------+
[2023-01-26T19:44:26.277+0000] {spark_submit.py:495} INFO - only showing top 20 rows
[2023-01-26T19:44:26.277+0000] {spark_submit.py:495} INFO - 
[2023-01-26T19:46:35.998+0000] {local_task_job.py:207} WARNING - Recorded pid 10601 does not match the current pid 9732
[2023-01-26T19:46:36.001+0000] {process_utils.py:133} INFO - Sending Signals.SIGTERM to group 9732. PIDs of all processes in the group: [9733, 9786, 9732]
[2023-01-26T19:46:36.001+0000] {process_utils.py:84} INFO - Sending the signal Signals.SIGTERM to group 9732
[2023-01-26T19:46:36.001+0000] {taskinstance.py:1483} ERROR - Received SIGTERM. Terminating subprocesses.
[2023-01-26T19:46:36.002+0000] {spark_submit.py:620} INFO - Sending kill signal to spark-submit
[2023-01-26T19:46:36.049+0000] {taskinstance.py:1772} ERROR - Task failed with exception
Traceback (most recent call last):
  File "/home/airflow/.local/lib/python3.7/site-packages/airflow/providers/apache/spark/operators/spark_submit.py", line 157, in execute
    self._hook.submit(self._application)
  File "/home/airflow/.local/lib/python3.7/site-packages/airflow/providers/apache/spark/hooks/spark_submit.py", line 414, in submit
    self._process_spark_submit_log(iter(self._submit_sp.stdout))  # type: ignore
  File "/home/airflow/.local/lib/python3.7/site-packages/airflow/providers/apache/spark/hooks/spark_submit.py", line 463, in _process_spark_submit_log
    for line in itr:
  File "/home/airflow/.local/lib/python3.7/site-packages/airflow/models/taskinstance.py", line 1485, in signal_handler
    raise AirflowException("Task received SIGTERM signal")
airflow.exceptions.AirflowException: Task received SIGTERM signal
[2023-01-26T19:46:36.057+0000] {taskinstance.py:1327} INFO - Marking task as UP_FOR_RETRY. dag_id=Streaming_pipeline_meli, task_id=consumer_data_of_topic, execution_date=20230123T220304, start_date=20230126T194634, end_date=20230126T194636
[2023-01-26T19:46:36.096+0000] {standard_task_runner.py:105} ERROR - Failed to execute job 1048 for task consumer_data_of_topic (Task received SIGTERM signal; 9732)
[2023-01-26T19:46:36.175+0000] {process_utils.py:79} INFO - Process psutil.Process(pid=9733, status='terminated', started='19:42:57') (9733) terminated with exit code None
[2023-01-26T19:46:36.176+0000] {process_utils.py:79} INFO - Process psutil.Process(pid=9732, status='terminated', exitcode=1, started='19:42:57') (9732) terminated with exit code 1
[2023-01-26T19:46:36.176+0000] {process_utils.py:79} INFO - Process psutil.Process(pid=9786, status='terminated', started='19:43:00') (9786) terminated with exit code None
