[2023-01-26T16:17:22.304+0000] {taskinstance.py:1087} INFO - Dependencies all met for <TaskInstance: Streaming_pipeline_meli.consumer_data_of_topic manual__2023-01-23T22:03:04.495188+00:00 [queued]>
[2023-01-26T16:17:22.314+0000] {taskinstance.py:1087} INFO - Dependencies all met for <TaskInstance: Streaming_pipeline_meli.consumer_data_of_topic manual__2023-01-23T22:03:04.495188+00:00 [queued]>
[2023-01-26T16:17:22.314+0000] {taskinstance.py:1283} INFO - 
--------------------------------------------------------------------------------
[2023-01-26T16:17:22.314+0000] {taskinstance.py:1284} INFO - Starting attempt 236 of 241
[2023-01-26T16:17:22.314+0000] {taskinstance.py:1285} INFO - 
--------------------------------------------------------------------------------
[2023-01-26T16:17:22.325+0000] {taskinstance.py:1304} INFO - Executing <Task(SparkSubmitOperator): consumer_data_of_topic> on 2023-01-23 22:03:04.495188+00:00
[2023-01-26T16:17:22.329+0000] {standard_task_runner.py:55} INFO - Started process 2681 to run task
[2023-01-26T16:17:22.331+0000] {standard_task_runner.py:82} INFO - Running: ['***', 'tasks', 'run', 'Streaming_pipeline_meli', 'consumer_data_of_topic', 'manual__2023-01-23T22:03:04.495188+00:00', '--job-id', '1031', '--raw', '--subdir', 'DAGS_FOLDER/producer_dag.py', '--cfg-path', '/tmp/tmp76m2o5av']
[2023-01-26T16:17:22.332+0000] {standard_task_runner.py:83} INFO - Job 1031: Subtask consumer_data_of_topic
[2023-01-26T16:17:22.385+0000] {task_command.py:389} INFO - Running <TaskInstance: Streaming_pipeline_meli.consumer_data_of_topic manual__2023-01-23T22:03:04.495188+00:00 [running]> on host 7f54167b3933
[2023-01-26T16:17:22.440+0000] {taskinstance.py:1513} INFO - Exporting the following env vars:
AIRFLOW_CTX_DAG_OWNER=***
AIRFLOW_CTX_DAG_ID=Streaming_pipeline_meli
AIRFLOW_CTX_TASK_ID=consumer_data_of_topic
AIRFLOW_CTX_EXECUTION_DATE=2023-01-23T22:03:04.495188+00:00
AIRFLOW_CTX_TRY_NUMBER=236
AIRFLOW_CTX_DAG_RUN_ID=manual__2023-01-23T22:03:04.495188+00:00
[2023-01-26T16:17:22.447+0000] {base.py:73} INFO - Using connection ID 'spark_default' for task execution.
[2023-01-26T16:17:22.449+0000] {spark_submit.py:344} INFO - Spark-Submit cmd: spark-submit --master spark://tomi-H310:7077 --packages org.apache.spark:spark-sql-kafka-0-10_2.12:3.1.3,org.mongodb.spark:mongo-spark-connector_2.12:3.0.1 --name arrow-spark --queue root.default /opt/***/dags/consumerSpark.py
[2023-01-26T16:17:22.547+0000] {spark_submit.py:495} INFO - /home/***/.local/lib/python3.7/site-packages/pyspark/bin/load-spark-env.sh: line 68: ps: command not found
[2023-01-26T16:17:23.904+0000] {spark_submit.py:495} INFO - :: loading settings :: url = jar:file:/home/***/.local/lib/python3.7/site-packages/pyspark/jars/ivy-2.5.0.jar!/org/apache/ivy/core/settings/ivysettings.xml
[2023-01-26T16:17:23.963+0000] {spark_submit.py:495} INFO - Ivy Default Cache set to: /home/***/.ivy2/cache
[2023-01-26T16:17:23.964+0000] {spark_submit.py:495} INFO - The jars for the packages stored in: /home/***/.ivy2/jars
[2023-01-26T16:17:23.967+0000] {spark_submit.py:495} INFO - org.apache.spark#spark-sql-kafka-0-10_2.12 added as a dependency
[2023-01-26T16:17:23.968+0000] {spark_submit.py:495} INFO - org.mongodb.spark#mongo-spark-connector_2.12 added as a dependency
[2023-01-26T16:17:23.968+0000] {spark_submit.py:495} INFO - :: resolving dependencies :: org.apache.spark#spark-submit-parent-49a644e5-c77f-44d4-8078-dcee73eb4757;1.0
[2023-01-26T16:17:23.968+0000] {spark_submit.py:495} INFO - confs: [default]
[2023-01-26T16:17:24.096+0000] {spark_submit.py:495} INFO - found org.apache.spark#spark-sql-kafka-0-10_2.12;3.1.3 in central
[2023-01-26T16:17:24.146+0000] {spark_submit.py:495} INFO - found org.apache.spark#spark-token-provider-kafka-0-10_2.12;3.1.3 in central
[2023-01-26T16:17:24.172+0000] {spark_submit.py:495} INFO - found org.apache.kafka#kafka-clients;2.6.0 in central
[2023-01-26T16:17:24.191+0000] {spark_submit.py:495} INFO - found com.github.luben#zstd-jni;1.4.8-1 in central
[2023-01-26T16:17:24.205+0000] {spark_submit.py:495} INFO - found org.lz4#lz4-java;1.7.1 in central
[2023-01-26T16:17:24.219+0000] {spark_submit.py:495} INFO - found org.xerial.snappy#snappy-java;1.1.8.2 in central
[2023-01-26T16:17:24.230+0000] {spark_submit.py:495} INFO - found org.slf4j#slf4j-api;1.7.30 in central
[2023-01-26T16:17:24.241+0000] {spark_submit.py:495} INFO - found org.spark-project.spark#unused;1.0.0 in central
[2023-01-26T16:17:24.253+0000] {spark_submit.py:495} INFO - found org.apache.commons#commons-pool2;2.6.2 in central
[2023-01-26T16:17:24.267+0000] {spark_submit.py:495} INFO - found org.mongodb.spark#mongo-spark-connector_2.12;3.0.1 in central
[2023-01-26T16:17:24.275+0000] {spark_submit.py:495} INFO - found org.mongodb#mongodb-driver-sync;4.0.5 in central
[2023-01-26T16:17:24.283+0000] {spark_submit.py:495} INFO - found org.mongodb#bson;4.0.5 in central
[2023-01-26T16:17:24.291+0000] {spark_submit.py:495} INFO - found org.mongodb#mongodb-driver-core;4.0.5 in central
[2023-01-26T16:17:24.314+0000] {spark_submit.py:495} INFO - :: resolution report :: resolve 335ms :: artifacts dl 10ms
[2023-01-26T16:17:24.314+0000] {spark_submit.py:495} INFO - :: modules in use:
[2023-01-26T16:17:24.314+0000] {spark_submit.py:495} INFO - com.github.luben#zstd-jni;1.4.8-1 from central in [default]
[2023-01-26T16:17:24.314+0000] {spark_submit.py:495} INFO - org.apache.commons#commons-pool2;2.6.2 from central in [default]
[2023-01-26T16:17:24.315+0000] {spark_submit.py:495} INFO - org.apache.kafka#kafka-clients;2.6.0 from central in [default]
[2023-01-26T16:17:24.315+0000] {spark_submit.py:495} INFO - org.apache.spark#spark-sql-kafka-0-10_2.12;3.1.3 from central in [default]
[2023-01-26T16:17:24.315+0000] {spark_submit.py:495} INFO - org.apache.spark#spark-token-provider-kafka-0-10_2.12;3.1.3 from central in [default]
[2023-01-26T16:17:24.315+0000] {spark_submit.py:495} INFO - org.lz4#lz4-java;1.7.1 from central in [default]
[2023-01-26T16:17:24.315+0000] {spark_submit.py:495} INFO - org.mongodb#bson;4.0.5 from central in [default]
[2023-01-26T16:17:24.316+0000] {spark_submit.py:495} INFO - org.mongodb#mongodb-driver-core;4.0.5 from central in [default]
[2023-01-26T16:17:24.316+0000] {spark_submit.py:495} INFO - org.mongodb#mongodb-driver-sync;4.0.5 from central in [default]
[2023-01-26T16:17:24.316+0000] {spark_submit.py:495} INFO - org.mongodb.spark#mongo-spark-connector_2.12;3.0.1 from central in [default]
[2023-01-26T16:17:24.316+0000] {spark_submit.py:495} INFO - org.slf4j#slf4j-api;1.7.30 from central in [default]
[2023-01-26T16:17:24.316+0000] {spark_submit.py:495} INFO - org.spark-project.spark#unused;1.0.0 from central in [default]
[2023-01-26T16:17:24.316+0000] {spark_submit.py:495} INFO - org.xerial.snappy#snappy-java;1.1.8.2 from central in [default]
[2023-01-26T16:17:24.317+0000] {spark_submit.py:495} INFO - ---------------------------------------------------------------------
[2023-01-26T16:17:24.317+0000] {spark_submit.py:495} INFO - |                  |            modules            ||   artifacts   |
[2023-01-26T16:17:24.317+0000] {spark_submit.py:495} INFO - |       conf       | number| search|dwnlded|evicted|| number|dwnlded|
[2023-01-26T16:17:24.318+0000] {spark_submit.py:495} INFO - ---------------------------------------------------------------------
[2023-01-26T16:17:24.318+0000] {spark_submit.py:495} INFO - |      default     |   13  |   0   |   0   |   0   ||   13  |   0   |
[2023-01-26T16:17:24.318+0000] {spark_submit.py:495} INFO - ---------------------------------------------------------------------
[2023-01-26T16:17:24.323+0000] {spark_submit.py:495} INFO - :: retrieving :: org.apache.spark#spark-submit-parent-49a644e5-c77f-44d4-8078-dcee73eb4757
[2023-01-26T16:17:24.323+0000] {spark_submit.py:495} INFO - confs: [default]
[2023-01-26T16:17:24.330+0000] {spark_submit.py:495} INFO - 0 artifacts copied, 13 already retrieved (0kB/7ms)
[2023-01-26T16:17:24.527+0000] {spark_submit.py:495} INFO - 23/01/26 16:17:24 WARN NativeCodeLoader: Unable to load native-hadoop library for your platform... using builtin-java classes where applicable
[2023-01-26T16:17:26.405+0000] {spark_submit.py:495} INFO - 23/01/26 16:17:26 INFO SparkContext: Running Spark version 3.3.1
[2023-01-26T16:17:26.422+0000] {spark_submit.py:495} INFO - 23/01/26 16:17:26 INFO ResourceUtils: ==============================================================
[2023-01-26T16:17:26.423+0000] {spark_submit.py:495} INFO - 23/01/26 16:17:26 INFO ResourceUtils: No custom resources configured for spark.driver.
[2023-01-26T16:17:26.423+0000] {spark_submit.py:495} INFO - 23/01/26 16:17:26 INFO ResourceUtils: ==============================================================
[2023-01-26T16:17:26.424+0000] {spark_submit.py:495} INFO - 23/01/26 16:17:26 INFO SparkContext: Submitted application: arrow-spark
[2023-01-26T16:17:26.440+0000] {spark_submit.py:495} INFO - 23/01/26 16:17:26 INFO ResourceProfile: Default ResourceProfile created, executor resources: Map(cores -> name: cores, amount: 1, script: , vendor: , memory -> name: memory, amount: 1024, script: , vendor: , offHeap -> name: offHeap, amount: 0, script: , vendor: ), task resources: Map(cpus -> name: cpus, amount: 1.0)
[2023-01-26T16:17:26.460+0000] {spark_submit.py:495} INFO - 23/01/26 16:17:26 INFO ResourceProfile: Limiting resource is cpu
[2023-01-26T16:17:26.460+0000] {spark_submit.py:495} INFO - 23/01/26 16:17:26 INFO ResourceProfileManager: Added ResourceProfile id: 0
[2023-01-26T16:17:26.505+0000] {spark_submit.py:495} INFO - 23/01/26 16:17:26 INFO SecurityManager: Changing view acls to: default
[2023-01-26T16:17:26.506+0000] {spark_submit.py:495} INFO - 23/01/26 16:17:26 INFO SecurityManager: Changing modify acls to: default
[2023-01-26T16:17:26.507+0000] {spark_submit.py:495} INFO - 23/01/26 16:17:26 INFO SecurityManager: Changing view acls groups to:
[2023-01-26T16:17:26.507+0000] {spark_submit.py:495} INFO - 23/01/26 16:17:26 INFO SecurityManager: Changing modify acls groups to:
[2023-01-26T16:17:26.508+0000] {spark_submit.py:495} INFO - 23/01/26 16:17:26 INFO SecurityManager: SecurityManager: authentication disabled; ui acls disabled; users  with view permissions: Set(default); groups with view permissions: Set(); users  with modify permissions: Set(default); groups with modify permissions: Set()
[2023-01-26T16:17:26.816+0000] {spark_submit.py:495} INFO - 23/01/26 16:17:26 INFO Utils: Successfully started service 'sparkDriver' on port 35121.
[2023-01-26T16:17:26.858+0000] {spark_submit.py:495} INFO - 23/01/26 16:17:26 INFO SparkEnv: Registering MapOutputTracker
[2023-01-26T16:17:26.895+0000] {spark_submit.py:495} INFO - 23/01/26 16:17:26 INFO SparkEnv: Registering BlockManagerMaster
[2023-01-26T16:17:26.914+0000] {spark_submit.py:495} INFO - 23/01/26 16:17:26 INFO BlockManagerMasterEndpoint: Using org.apache.spark.storage.DefaultTopologyMapper for getting topology information
[2023-01-26T16:17:26.914+0000] {spark_submit.py:495} INFO - 23/01/26 16:17:26 INFO BlockManagerMasterEndpoint: BlockManagerMasterEndpoint up
[2023-01-26T16:17:26.939+0000] {spark_submit.py:495} INFO - 23/01/26 16:17:26 INFO SparkEnv: Registering BlockManagerMasterHeartbeat
[2023-01-26T16:17:26.960+0000] {spark_submit.py:495} INFO - 23/01/26 16:17:26 INFO DiskBlockManager: Created local directory at /tmp/blockmgr-9a0146a9-5cac-436e-a359-a568f5c964f6
[2023-01-26T16:17:26.980+0000] {spark_submit.py:495} INFO - 23/01/26 16:17:26 INFO MemoryStore: MemoryStore started with capacity 434.4 MiB
[2023-01-26T16:17:27.006+0000] {spark_submit.py:495} INFO - 23/01/26 16:17:27 INFO SparkEnv: Registering OutputCommitCoordinator
[2023-01-26T16:17:27.304+0000] {spark_submit.py:495} INFO - 23/01/26 16:17:27 INFO Utils: Successfully started service 'SparkUI' on port 4040.
[2023-01-26T16:17:27.384+0000] {spark_submit.py:495} INFO - 23/01/26 16:17:27 INFO SparkContext: Added JAR file:///home/***/.ivy2/jars/org.apache.spark_spark-sql-kafka-0-10_2.12-3.1.3.jar at spark://7f54167b3933:35121/jars/org.apache.spark_spark-sql-kafka-0-10_2.12-3.1.3.jar with timestamp 1674749846399
[2023-01-26T16:17:27.384+0000] {spark_submit.py:495} INFO - 23/01/26 16:17:27 INFO SparkContext: Added JAR file:///home/***/.ivy2/jars/org.mongodb.spark_mongo-spark-connector_2.12-3.0.1.jar at spark://7f54167b3933:35121/jars/org.mongodb.spark_mongo-spark-connector_2.12-3.0.1.jar with timestamp 1674749846399
[2023-01-26T16:17:27.384+0000] {spark_submit.py:495} INFO - 23/01/26 16:17:27 INFO SparkContext: Added JAR file:///home/***/.ivy2/jars/org.apache.spark_spark-token-provider-kafka-0-10_2.12-3.1.3.jar at spark://7f54167b3933:35121/jars/org.apache.spark_spark-token-provider-kafka-0-10_2.12-3.1.3.jar with timestamp 1674749846399
[2023-01-26T16:17:27.384+0000] {spark_submit.py:495} INFO - 23/01/26 16:17:27 INFO SparkContext: Added JAR file:///home/***/.ivy2/jars/org.apache.kafka_kafka-clients-2.6.0.jar at spark://7f54167b3933:35121/jars/org.apache.kafka_kafka-clients-2.6.0.jar with timestamp 1674749846399
[2023-01-26T16:17:27.385+0000] {spark_submit.py:495} INFO - 23/01/26 16:17:27 INFO SparkContext: Added JAR file:///home/***/.ivy2/jars/org.apache.commons_commons-pool2-2.6.2.jar at spark://7f54167b3933:35121/jars/org.apache.commons_commons-pool2-2.6.2.jar with timestamp 1674749846399
[2023-01-26T16:17:27.386+0000] {spark_submit.py:495} INFO - 23/01/26 16:17:27 INFO SparkContext: Added JAR file:///home/***/.ivy2/jars/org.spark-project.spark_unused-1.0.0.jar at spark://7f54167b3933:35121/jars/org.spark-project.spark_unused-1.0.0.jar with timestamp 1674749846399
[2023-01-26T16:17:27.386+0000] {spark_submit.py:495} INFO - 23/01/26 16:17:27 INFO SparkContext: Added JAR file:///home/***/.ivy2/jars/com.github.luben_zstd-jni-1.4.8-1.jar at spark://7f54167b3933:35121/jars/com.github.luben_zstd-jni-1.4.8-1.jar with timestamp 1674749846399
[2023-01-26T16:17:27.386+0000] {spark_submit.py:495} INFO - 23/01/26 16:17:27 INFO SparkContext: Added JAR file:///home/***/.ivy2/jars/org.lz4_lz4-java-1.7.1.jar at spark://7f54167b3933:35121/jars/org.lz4_lz4-java-1.7.1.jar with timestamp 1674749846399
[2023-01-26T16:17:27.386+0000] {spark_submit.py:495} INFO - 23/01/26 16:17:27 INFO SparkContext: Added JAR file:///home/***/.ivy2/jars/org.xerial.snappy_snappy-java-1.1.8.2.jar at spark://7f54167b3933:35121/jars/org.xerial.snappy_snappy-java-1.1.8.2.jar with timestamp 1674749846399
[2023-01-26T16:17:27.386+0000] {spark_submit.py:495} INFO - 23/01/26 16:17:27 INFO SparkContext: Added JAR file:///home/***/.ivy2/jars/org.slf4j_slf4j-api-1.7.30.jar at spark://7f54167b3933:35121/jars/org.slf4j_slf4j-api-1.7.30.jar with timestamp 1674749846399
[2023-01-26T16:17:27.386+0000] {spark_submit.py:495} INFO - 23/01/26 16:17:27 INFO SparkContext: Added JAR file:///home/***/.ivy2/jars/org.mongodb_mongodb-driver-sync-4.0.5.jar at spark://7f54167b3933:35121/jars/org.mongodb_mongodb-driver-sync-4.0.5.jar with timestamp 1674749846399
[2023-01-26T16:17:27.386+0000] {spark_submit.py:495} INFO - 23/01/26 16:17:27 INFO SparkContext: Added JAR file:///home/***/.ivy2/jars/org.mongodb_bson-4.0.5.jar at spark://7f54167b3933:35121/jars/org.mongodb_bson-4.0.5.jar with timestamp 1674749846399
[2023-01-26T16:17:27.387+0000] {spark_submit.py:495} INFO - 23/01/26 16:17:27 INFO SparkContext: Added JAR file:///home/***/.ivy2/jars/org.mongodb_mongodb-driver-core-4.0.5.jar at spark://7f54167b3933:35121/jars/org.mongodb_mongodb-driver-core-4.0.5.jar with timestamp 1674749846399
[2023-01-26T16:17:27.391+0000] {spark_submit.py:495} INFO - 23/01/26 16:17:27 INFO SparkContext: Added file file:///home/***/.ivy2/jars/org.apache.spark_spark-sql-kafka-0-10_2.12-3.1.3.jar at file:///home/***/.ivy2/jars/org.apache.spark_spark-sql-kafka-0-10_2.12-3.1.3.jar with timestamp 1674749846399
[2023-01-26T16:17:27.396+0000] {spark_submit.py:495} INFO - 23/01/26 16:17:27 INFO Utils: Copying /home/***/.ivy2/jars/org.apache.spark_spark-sql-kafka-0-10_2.12-3.1.3.jar to /tmp/spark-96e86a1f-b31a-46af-8faa-67910cb7b561/userFiles-b494f967-ff7e-4a83-a2a3-2dd1d43df882/org.apache.spark_spark-sql-kafka-0-10_2.12-3.1.3.jar
[2023-01-26T16:17:27.423+0000] {spark_submit.py:495} INFO - 23/01/26 16:17:27 INFO SparkContext: Added file file:///home/***/.ivy2/jars/org.mongodb.spark_mongo-spark-connector_2.12-3.0.1.jar at file:///home/***/.ivy2/jars/org.mongodb.spark_mongo-spark-connector_2.12-3.0.1.jar with timestamp 1674749846399
[2023-01-26T16:17:27.423+0000] {spark_submit.py:495} INFO - 23/01/26 16:17:27 INFO Utils: Copying /home/***/.ivy2/jars/org.mongodb.spark_mongo-spark-connector_2.12-3.0.1.jar to /tmp/spark-96e86a1f-b31a-46af-8faa-67910cb7b561/userFiles-b494f967-ff7e-4a83-a2a3-2dd1d43df882/org.mongodb.spark_mongo-spark-connector_2.12-3.0.1.jar
[2023-01-26T16:17:27.447+0000] {spark_submit.py:495} INFO - 23/01/26 16:17:27 INFO SparkContext: Added file file:///home/***/.ivy2/jars/org.apache.spark_spark-token-provider-kafka-0-10_2.12-3.1.3.jar at file:///home/***/.ivy2/jars/org.apache.spark_spark-token-provider-kafka-0-10_2.12-3.1.3.jar with timestamp 1674749846399
[2023-01-26T16:17:27.447+0000] {spark_submit.py:495} INFO - 23/01/26 16:17:27 INFO Utils: Copying /home/***/.ivy2/jars/org.apache.spark_spark-token-provider-kafka-0-10_2.12-3.1.3.jar to /tmp/spark-96e86a1f-b31a-46af-8faa-67910cb7b561/userFiles-b494f967-ff7e-4a83-a2a3-2dd1d43df882/org.apache.spark_spark-token-provider-kafka-0-10_2.12-3.1.3.jar
[2023-01-26T16:17:27.463+0000] {spark_submit.py:495} INFO - 23/01/26 16:17:27 INFO SparkContext: Added file file:///home/***/.ivy2/jars/org.apache.kafka_kafka-clients-2.6.0.jar at file:///home/***/.ivy2/jars/org.apache.kafka_kafka-clients-2.6.0.jar with timestamp 1674749846399
[2023-01-26T16:17:27.463+0000] {spark_submit.py:495} INFO - 23/01/26 16:17:27 INFO Utils: Copying /home/***/.ivy2/jars/org.apache.kafka_kafka-clients-2.6.0.jar to /tmp/spark-96e86a1f-b31a-46af-8faa-67910cb7b561/userFiles-b494f967-ff7e-4a83-a2a3-2dd1d43df882/org.apache.kafka_kafka-clients-2.6.0.jar
[2023-01-26T16:17:27.485+0000] {spark_submit.py:495} INFO - 23/01/26 16:17:27 INFO SparkContext: Added file file:///home/***/.ivy2/jars/org.apache.commons_commons-pool2-2.6.2.jar at file:///home/***/.ivy2/jars/org.apache.commons_commons-pool2-2.6.2.jar with timestamp 1674749846399
[2023-01-26T16:17:27.485+0000] {spark_submit.py:495} INFO - 23/01/26 16:17:27 INFO Utils: Copying /home/***/.ivy2/jars/org.apache.commons_commons-pool2-2.6.2.jar to /tmp/spark-96e86a1f-b31a-46af-8faa-67910cb7b561/userFiles-b494f967-ff7e-4a83-a2a3-2dd1d43df882/org.apache.commons_commons-pool2-2.6.2.jar
[2023-01-26T16:17:27.516+0000] {spark_submit.py:495} INFO - 23/01/26 16:17:27 INFO SparkContext: Added file file:///home/***/.ivy2/jars/org.spark-project.spark_unused-1.0.0.jar at file:///home/***/.ivy2/jars/org.spark-project.spark_unused-1.0.0.jar with timestamp 1674749846399
[2023-01-26T16:17:27.516+0000] {spark_submit.py:495} INFO - 23/01/26 16:17:27 INFO Utils: Copying /home/***/.ivy2/jars/org.spark-project.spark_unused-1.0.0.jar to /tmp/spark-96e86a1f-b31a-46af-8faa-67910cb7b561/userFiles-b494f967-ff7e-4a83-a2a3-2dd1d43df882/org.spark-project.spark_unused-1.0.0.jar
[2023-01-26T16:17:27.522+0000] {spark_submit.py:495} INFO - 23/01/26 16:17:27 INFO SparkContext: Added file file:///home/***/.ivy2/jars/com.github.luben_zstd-jni-1.4.8-1.jar at file:///home/***/.ivy2/jars/com.github.luben_zstd-jni-1.4.8-1.jar with timestamp 1674749846399
[2023-01-26T16:17:27.523+0000] {spark_submit.py:495} INFO - 23/01/26 16:17:27 INFO Utils: Copying /home/***/.ivy2/jars/com.github.luben_zstd-jni-1.4.8-1.jar to /tmp/spark-96e86a1f-b31a-46af-8faa-67910cb7b561/userFiles-b494f967-ff7e-4a83-a2a3-2dd1d43df882/com.github.luben_zstd-jni-1.4.8-1.jar
[2023-01-26T16:17:27.537+0000] {spark_submit.py:495} INFO - 23/01/26 16:17:27 INFO SparkContext: Added file file:///home/***/.ivy2/jars/org.lz4_lz4-java-1.7.1.jar at file:///home/***/.ivy2/jars/org.lz4_lz4-java-1.7.1.jar with timestamp 1674749846399
[2023-01-26T16:17:27.537+0000] {spark_submit.py:495} INFO - 23/01/26 16:17:27 INFO Utils: Copying /home/***/.ivy2/jars/org.lz4_lz4-java-1.7.1.jar to /tmp/spark-96e86a1f-b31a-46af-8faa-67910cb7b561/userFiles-b494f967-ff7e-4a83-a2a3-2dd1d43df882/org.lz4_lz4-java-1.7.1.jar
[2023-01-26T16:17:27.541+0000] {spark_submit.py:495} INFO - 23/01/26 16:17:27 INFO SparkContext: Added file file:///home/***/.ivy2/jars/org.xerial.snappy_snappy-java-1.1.8.2.jar at file:///home/***/.ivy2/jars/org.xerial.snappy_snappy-java-1.1.8.2.jar with timestamp 1674749846399
[2023-01-26T16:17:27.542+0000] {spark_submit.py:495} INFO - 23/01/26 16:17:27 INFO Utils: Copying /home/***/.ivy2/jars/org.xerial.snappy_snappy-java-1.1.8.2.jar to /tmp/spark-96e86a1f-b31a-46af-8faa-67910cb7b561/userFiles-b494f967-ff7e-4a83-a2a3-2dd1d43df882/org.xerial.snappy_snappy-java-1.1.8.2.jar
[2023-01-26T16:17:27.557+0000] {spark_submit.py:495} INFO - 23/01/26 16:17:27 INFO SparkContext: Added file file:///home/***/.ivy2/jars/org.slf4j_slf4j-api-1.7.30.jar at file:///home/***/.ivy2/jars/org.slf4j_slf4j-api-1.7.30.jar with timestamp 1674749846399
[2023-01-26T16:17:27.557+0000] {spark_submit.py:495} INFO - 23/01/26 16:17:27 INFO Utils: Copying /home/***/.ivy2/jars/org.slf4j_slf4j-api-1.7.30.jar to /tmp/spark-96e86a1f-b31a-46af-8faa-67910cb7b561/userFiles-b494f967-ff7e-4a83-a2a3-2dd1d43df882/org.slf4j_slf4j-api-1.7.30.jar
[2023-01-26T16:17:27.566+0000] {spark_submit.py:495} INFO - 23/01/26 16:17:27 INFO SparkContext: Added file file:///home/***/.ivy2/jars/org.mongodb_mongodb-driver-sync-4.0.5.jar at file:///home/***/.ivy2/jars/org.mongodb_mongodb-driver-sync-4.0.5.jar with timestamp 1674749846399
[2023-01-26T16:17:27.566+0000] {spark_submit.py:495} INFO - 23/01/26 16:17:27 INFO Utils: Copying /home/***/.ivy2/jars/org.mongodb_mongodb-driver-sync-4.0.5.jar to /tmp/spark-96e86a1f-b31a-46af-8faa-67910cb7b561/userFiles-b494f967-ff7e-4a83-a2a3-2dd1d43df882/org.mongodb_mongodb-driver-sync-4.0.5.jar
[2023-01-26T16:17:27.570+0000] {spark_submit.py:495} INFO - 23/01/26 16:17:27 INFO SparkContext: Added file file:///home/***/.ivy2/jars/org.mongodb_bson-4.0.5.jar at file:///home/***/.ivy2/jars/org.mongodb_bson-4.0.5.jar with timestamp 1674749846399
[2023-01-26T16:17:27.571+0000] {spark_submit.py:495} INFO - 23/01/26 16:17:27 INFO Utils: Copying /home/***/.ivy2/jars/org.mongodb_bson-4.0.5.jar to /tmp/spark-96e86a1f-b31a-46af-8faa-67910cb7b561/userFiles-b494f967-ff7e-4a83-a2a3-2dd1d43df882/org.mongodb_bson-4.0.5.jar
[2023-01-26T16:17:27.575+0000] {spark_submit.py:495} INFO - 23/01/26 16:17:27 INFO SparkContext: Added file file:///home/***/.ivy2/jars/org.mongodb_mongodb-driver-core-4.0.5.jar at file:///home/***/.ivy2/jars/org.mongodb_mongodb-driver-core-4.0.5.jar with timestamp 1674749846399
[2023-01-26T16:17:27.576+0000] {spark_submit.py:495} INFO - 23/01/26 16:17:27 INFO Utils: Copying /home/***/.ivy2/jars/org.mongodb_mongodb-driver-core-4.0.5.jar to /tmp/spark-96e86a1f-b31a-46af-8faa-67910cb7b561/userFiles-b494f967-ff7e-4a83-a2a3-2dd1d43df882/org.mongodb_mongodb-driver-core-4.0.5.jar
[2023-01-26T16:17:27.653+0000] {spark_submit.py:495} INFO - 23/01/26 16:17:27 INFO Executor: Starting executor ID driver on host 7f54167b3933
[2023-01-26T16:17:27.661+0000] {spark_submit.py:495} INFO - 23/01/26 16:17:27 INFO Executor: Starting executor with user classpath (userClassPathFirst = false): ''
[2023-01-26T16:17:27.679+0000] {spark_submit.py:495} INFO - 23/01/26 16:17:27 INFO Executor: Fetching file:///home/***/.ivy2/jars/org.apache.spark_spark-token-provider-kafka-0-10_2.12-3.1.3.jar with timestamp 1674749846399
[2023-01-26T16:17:27.711+0000] {spark_submit.py:495} INFO - 23/01/26 16:17:27 INFO Utils: /home/***/.ivy2/jars/org.apache.spark_spark-token-provider-kafka-0-10_2.12-3.1.3.jar has been previously copied to /tmp/spark-96e86a1f-b31a-46af-8faa-67910cb7b561/userFiles-b494f967-ff7e-4a83-a2a3-2dd1d43df882/org.apache.spark_spark-token-provider-kafka-0-10_2.12-3.1.3.jar
[2023-01-26T16:17:27.740+0000] {spark_submit.py:495} INFO - 23/01/26 16:17:27 INFO Executor: Fetching file:///home/***/.ivy2/jars/org.mongodb_mongodb-driver-sync-4.0.5.jar with timestamp 1674749846399
[2023-01-26T16:17:27.742+0000] {spark_submit.py:495} INFO - 23/01/26 16:17:27 INFO Utils: /home/***/.ivy2/jars/org.mongodb_mongodb-driver-sync-4.0.5.jar has been previously copied to /tmp/spark-96e86a1f-b31a-46af-8faa-67910cb7b561/userFiles-b494f967-ff7e-4a83-a2a3-2dd1d43df882/org.mongodb_mongodb-driver-sync-4.0.5.jar
[2023-01-26T16:17:27.751+0000] {spark_submit.py:495} INFO - 23/01/26 16:17:27 INFO Executor: Fetching file:///home/***/.ivy2/jars/org.apache.kafka_kafka-clients-2.6.0.jar with timestamp 1674749846399
[2023-01-26T16:17:27.757+0000] {spark_submit.py:495} INFO - 23/01/26 16:17:27 INFO Utils: /home/***/.ivy2/jars/org.apache.kafka_kafka-clients-2.6.0.jar has been previously copied to /tmp/spark-96e86a1f-b31a-46af-8faa-67910cb7b561/userFiles-b494f967-ff7e-4a83-a2a3-2dd1d43df882/org.apache.kafka_kafka-clients-2.6.0.jar
[2023-01-26T16:17:27.761+0000] {spark_submit.py:495} INFO - 23/01/26 16:17:27 INFO Executor: Fetching file:///home/***/.ivy2/jars/org.mongodb_bson-4.0.5.jar with timestamp 1674749846399
[2023-01-26T16:17:27.763+0000] {spark_submit.py:495} INFO - 23/01/26 16:17:27 INFO Utils: /home/***/.ivy2/jars/org.mongodb_bson-4.0.5.jar has been previously copied to /tmp/spark-96e86a1f-b31a-46af-8faa-67910cb7b561/userFiles-b494f967-ff7e-4a83-a2a3-2dd1d43df882/org.mongodb_bson-4.0.5.jar
[2023-01-26T16:17:27.777+0000] {spark_submit.py:495} INFO - 23/01/26 16:17:27 INFO Executor: Fetching file:///home/***/.ivy2/jars/com.github.luben_zstd-jni-1.4.8-1.jar with timestamp 1674749846399
[2023-01-26T16:17:27.785+0000] {spark_submit.py:495} INFO - 23/01/26 16:17:27 INFO Utils: /home/***/.ivy2/jars/com.github.luben_zstd-jni-1.4.8-1.jar has been previously copied to /tmp/spark-96e86a1f-b31a-46af-8faa-67910cb7b561/userFiles-b494f967-ff7e-4a83-a2a3-2dd1d43df882/com.github.luben_zstd-jni-1.4.8-1.jar
[2023-01-26T16:17:27.817+0000] {spark_submit.py:495} INFO - 23/01/26 16:17:27 INFO Executor: Fetching file:///home/***/.ivy2/jars/org.lz4_lz4-java-1.7.1.jar with timestamp 1674749846399
[2023-01-26T16:17:27.817+0000] {spark_submit.py:495} INFO - 23/01/26 16:17:27 INFO Utils: /home/***/.ivy2/jars/org.lz4_lz4-java-1.7.1.jar has been previously copied to /tmp/spark-96e86a1f-b31a-46af-8faa-67910cb7b561/userFiles-b494f967-ff7e-4a83-a2a3-2dd1d43df882/org.lz4_lz4-java-1.7.1.jar
[2023-01-26T16:17:27.847+0000] {spark_submit.py:495} INFO - 23/01/26 16:17:27 INFO Executor: Fetching file:///home/***/.ivy2/jars/org.spark-project.spark_unused-1.0.0.jar with timestamp 1674749846399
[2023-01-26T16:17:27.848+0000] {spark_submit.py:495} INFO - 23/01/26 16:17:27 INFO Utils: /home/***/.ivy2/jars/org.spark-project.spark_unused-1.0.0.jar has been previously copied to /tmp/spark-96e86a1f-b31a-46af-8faa-67910cb7b561/userFiles-b494f967-ff7e-4a83-a2a3-2dd1d43df882/org.spark-project.spark_unused-1.0.0.jar
[2023-01-26T16:17:27.861+0000] {spark_submit.py:495} INFO - 23/01/26 16:17:27 INFO Executor: Fetching file:///home/***/.ivy2/jars/org.xerial.snappy_snappy-java-1.1.8.2.jar with timestamp 1674749846399
[2023-01-26T16:17:27.865+0000] {spark_submit.py:495} INFO - 23/01/26 16:17:27 INFO Utils: /home/***/.ivy2/jars/org.xerial.snappy_snappy-java-1.1.8.2.jar has been previously copied to /tmp/spark-96e86a1f-b31a-46af-8faa-67910cb7b561/userFiles-b494f967-ff7e-4a83-a2a3-2dd1d43df882/org.xerial.snappy_snappy-java-1.1.8.2.jar
[2023-01-26T16:17:27.873+0000] {spark_submit.py:495} INFO - 23/01/26 16:17:27 INFO Executor: Fetching file:///home/***/.ivy2/jars/org.mongodb_mongodb-driver-core-4.0.5.jar with timestamp 1674749846399
[2023-01-26T16:17:27.873+0000] {spark_submit.py:495} INFO - 23/01/26 16:17:27 INFO Utils: /home/***/.ivy2/jars/org.mongodb_mongodb-driver-core-4.0.5.jar has been previously copied to /tmp/spark-96e86a1f-b31a-46af-8faa-67910cb7b561/userFiles-b494f967-ff7e-4a83-a2a3-2dd1d43df882/org.mongodb_mongodb-driver-core-4.0.5.jar
[2023-01-26T16:17:27.880+0000] {spark_submit.py:495} INFO - 23/01/26 16:17:27 INFO Executor: Fetching file:///home/***/.ivy2/jars/org.apache.spark_spark-sql-kafka-0-10_2.12-3.1.3.jar with timestamp 1674749846399
[2023-01-26T16:17:27.885+0000] {spark_submit.py:495} INFO - 23/01/26 16:17:27 INFO Utils: /home/***/.ivy2/jars/org.apache.spark_spark-sql-kafka-0-10_2.12-3.1.3.jar has been previously copied to /tmp/spark-96e86a1f-b31a-46af-8faa-67910cb7b561/userFiles-b494f967-ff7e-4a83-a2a3-2dd1d43df882/org.apache.spark_spark-sql-kafka-0-10_2.12-3.1.3.jar
[2023-01-26T16:17:27.888+0000] {spark_submit.py:495} INFO - 23/01/26 16:17:27 INFO Executor: Fetching file:///home/***/.ivy2/jars/org.mongodb.spark_mongo-spark-connector_2.12-3.0.1.jar with timestamp 1674749846399
[2023-01-26T16:17:27.888+0000] {spark_submit.py:495} INFO - 23/01/26 16:17:27 INFO Utils: /home/***/.ivy2/jars/org.mongodb.spark_mongo-spark-connector_2.12-3.0.1.jar has been previously copied to /tmp/spark-96e86a1f-b31a-46af-8faa-67910cb7b561/userFiles-b494f967-ff7e-4a83-a2a3-2dd1d43df882/org.mongodb.spark_mongo-spark-connector_2.12-3.0.1.jar
[2023-01-26T16:17:27.893+0000] {spark_submit.py:495} INFO - 23/01/26 16:17:27 INFO Executor: Fetching file:///home/***/.ivy2/jars/org.apache.commons_commons-pool2-2.6.2.jar with timestamp 1674749846399
[2023-01-26T16:17:27.893+0000] {spark_submit.py:495} INFO - 23/01/26 16:17:27 INFO Utils: /home/***/.ivy2/jars/org.apache.commons_commons-pool2-2.6.2.jar has been previously copied to /tmp/spark-96e86a1f-b31a-46af-8faa-67910cb7b561/userFiles-b494f967-ff7e-4a83-a2a3-2dd1d43df882/org.apache.commons_commons-pool2-2.6.2.jar
[2023-01-26T16:17:27.898+0000] {spark_submit.py:495} INFO - 23/01/26 16:17:27 INFO Executor: Fetching file:///home/***/.ivy2/jars/org.slf4j_slf4j-api-1.7.30.jar with timestamp 1674749846399
[2023-01-26T16:17:27.899+0000] {spark_submit.py:495} INFO - 23/01/26 16:17:27 INFO Utils: /home/***/.ivy2/jars/org.slf4j_slf4j-api-1.7.30.jar has been previously copied to /tmp/spark-96e86a1f-b31a-46af-8faa-67910cb7b561/userFiles-b494f967-ff7e-4a83-a2a3-2dd1d43df882/org.slf4j_slf4j-api-1.7.30.jar
[2023-01-26T16:17:27.916+0000] {spark_submit.py:495} INFO - 23/01/26 16:17:27 INFO Executor: Fetching spark://7f54167b3933:35121/jars/org.xerial.snappy_snappy-java-1.1.8.2.jar with timestamp 1674749846399
[2023-01-26T16:17:27.984+0000] {spark_submit.py:495} INFO - 23/01/26 16:17:27 INFO TransportClientFactory: Successfully created connection to 7f54167b3933/172.18.0.4:35121 after 51 ms (0 ms spent in bootstraps)
[2023-01-26T16:17:28.017+0000] {spark_submit.py:495} INFO - 23/01/26 16:17:28 INFO Utils: Fetching spark://7f54167b3933:35121/jars/org.xerial.snappy_snappy-java-1.1.8.2.jar to /tmp/spark-96e86a1f-b31a-46af-8faa-67910cb7b561/userFiles-b494f967-ff7e-4a83-a2a3-2dd1d43df882/fetchFileTemp8364559757183551152.tmp
[2023-01-26T16:17:28.120+0000] {spark_submit.py:495} INFO - 23/01/26 16:17:28 INFO Utils: /tmp/spark-96e86a1f-b31a-46af-8faa-67910cb7b561/userFiles-b494f967-ff7e-4a83-a2a3-2dd1d43df882/fetchFileTemp8364559757183551152.tmp has been previously copied to /tmp/spark-96e86a1f-b31a-46af-8faa-67910cb7b561/userFiles-b494f967-ff7e-4a83-a2a3-2dd1d43df882/org.xerial.snappy_snappy-java-1.1.8.2.jar
[2023-01-26T16:17:28.136+0000] {spark_submit.py:495} INFO - 23/01/26 16:17:28 INFO Executor: Adding file:/tmp/spark-96e86a1f-b31a-46af-8faa-67910cb7b561/userFiles-b494f967-ff7e-4a83-a2a3-2dd1d43df882/org.xerial.snappy_snappy-java-1.1.8.2.jar to class loader
[2023-01-26T16:17:28.137+0000] {spark_submit.py:495} INFO - 23/01/26 16:17:28 INFO Executor: Fetching spark://7f54167b3933:35121/jars/org.mongodb_mongodb-driver-core-4.0.5.jar with timestamp 1674749846399
[2023-01-26T16:17:28.137+0000] {spark_submit.py:495} INFO - 23/01/26 16:17:28 INFO Utils: Fetching spark://7f54167b3933:35121/jars/org.mongodb_mongodb-driver-core-4.0.5.jar to /tmp/spark-96e86a1f-b31a-46af-8faa-67910cb7b561/userFiles-b494f967-ff7e-4a83-a2a3-2dd1d43df882/fetchFileTemp11111994630562565399.tmp
[2023-01-26T16:17:28.164+0000] {spark_submit.py:495} INFO - 23/01/26 16:17:28 INFO Utils: /tmp/spark-96e86a1f-b31a-46af-8faa-67910cb7b561/userFiles-b494f967-ff7e-4a83-a2a3-2dd1d43df882/fetchFileTemp11111994630562565399.tmp has been previously copied to /tmp/spark-96e86a1f-b31a-46af-8faa-67910cb7b561/userFiles-b494f967-ff7e-4a83-a2a3-2dd1d43df882/org.mongodb_mongodb-driver-core-4.0.5.jar
[2023-01-26T16:17:28.185+0000] {spark_submit.py:495} INFO - 23/01/26 16:17:28 INFO Executor: Adding file:/tmp/spark-96e86a1f-b31a-46af-8faa-67910cb7b561/userFiles-b494f967-ff7e-4a83-a2a3-2dd1d43df882/org.mongodb_mongodb-driver-core-4.0.5.jar to class loader
[2023-01-26T16:17:28.185+0000] {spark_submit.py:495} INFO - 23/01/26 16:17:28 INFO Executor: Fetching spark://7f54167b3933:35121/jars/org.apache.commons_commons-pool2-2.6.2.jar with timestamp 1674749846399
[2023-01-26T16:17:28.191+0000] {spark_submit.py:495} INFO - 23/01/26 16:17:28 INFO Utils: Fetching spark://7f54167b3933:35121/jars/org.apache.commons_commons-pool2-2.6.2.jar to /tmp/spark-96e86a1f-b31a-46af-8faa-67910cb7b561/userFiles-b494f967-ff7e-4a83-a2a3-2dd1d43df882/fetchFileTemp14589901325303279906.tmp
[2023-01-26T16:17:28.192+0000] {spark_submit.py:495} INFO - 23/01/26 16:17:28 INFO Utils: /tmp/spark-96e86a1f-b31a-46af-8faa-67910cb7b561/userFiles-b494f967-ff7e-4a83-a2a3-2dd1d43df882/fetchFileTemp14589901325303279906.tmp has been previously copied to /tmp/spark-96e86a1f-b31a-46af-8faa-67910cb7b561/userFiles-b494f967-ff7e-4a83-a2a3-2dd1d43df882/org.apache.commons_commons-pool2-2.6.2.jar
[2023-01-26T16:17:28.197+0000] {spark_submit.py:495} INFO - 23/01/26 16:17:28 INFO Executor: Adding file:/tmp/spark-96e86a1f-b31a-46af-8faa-67910cb7b561/userFiles-b494f967-ff7e-4a83-a2a3-2dd1d43df882/org.apache.commons_commons-pool2-2.6.2.jar to class loader
[2023-01-26T16:17:28.197+0000] {spark_submit.py:495} INFO - 23/01/26 16:17:28 INFO Executor: Fetching spark://7f54167b3933:35121/jars/org.apache.kafka_kafka-clients-2.6.0.jar with timestamp 1674749846399
[2023-01-26T16:17:28.198+0000] {spark_submit.py:495} INFO - 23/01/26 16:17:28 INFO Utils: Fetching spark://7f54167b3933:35121/jars/org.apache.kafka_kafka-clients-2.6.0.jar to /tmp/spark-96e86a1f-b31a-46af-8faa-67910cb7b561/userFiles-b494f967-ff7e-4a83-a2a3-2dd1d43df882/fetchFileTemp11037803506348550646.tmp
[2023-01-26T16:17:28.238+0000] {spark_submit.py:495} INFO - 23/01/26 16:17:28 INFO Utils: /tmp/spark-96e86a1f-b31a-46af-8faa-67910cb7b561/userFiles-b494f967-ff7e-4a83-a2a3-2dd1d43df882/fetchFileTemp11037803506348550646.tmp has been previously copied to /tmp/spark-96e86a1f-b31a-46af-8faa-67910cb7b561/userFiles-b494f967-ff7e-4a83-a2a3-2dd1d43df882/org.apache.kafka_kafka-clients-2.6.0.jar
[2023-01-26T16:17:28.307+0000] {spark_submit.py:495} INFO - 23/01/26 16:17:28 INFO Executor: Adding file:/tmp/spark-96e86a1f-b31a-46af-8faa-67910cb7b561/userFiles-b494f967-ff7e-4a83-a2a3-2dd1d43df882/org.apache.kafka_kafka-clients-2.6.0.jar to class loader
[2023-01-26T16:17:28.307+0000] {spark_submit.py:495} INFO - 23/01/26 16:17:28 INFO Executor: Fetching spark://7f54167b3933:35121/jars/org.apache.spark_spark-sql-kafka-0-10_2.12-3.1.3.jar with timestamp 1674749846399
[2023-01-26T16:17:28.309+0000] {spark_submit.py:495} INFO - 23/01/26 16:17:28 INFO Utils: Fetching spark://7f54167b3933:35121/jars/org.apache.spark_spark-sql-kafka-0-10_2.12-3.1.3.jar to /tmp/spark-96e86a1f-b31a-46af-8faa-67910cb7b561/userFiles-b494f967-ff7e-4a83-a2a3-2dd1d43df882/fetchFileTemp2753890482709941734.tmp
[2023-01-26T16:17:28.343+0000] {spark_submit.py:495} INFO - 23/01/26 16:17:28 INFO Utils: /tmp/spark-96e86a1f-b31a-46af-8faa-67910cb7b561/userFiles-b494f967-ff7e-4a83-a2a3-2dd1d43df882/fetchFileTemp2753890482709941734.tmp has been previously copied to /tmp/spark-96e86a1f-b31a-46af-8faa-67910cb7b561/userFiles-b494f967-ff7e-4a83-a2a3-2dd1d43df882/org.apache.spark_spark-sql-kafka-0-10_2.12-3.1.3.jar
[2023-01-26T16:17:28.352+0000] {spark_submit.py:495} INFO - 23/01/26 16:17:28 INFO Executor: Adding file:/tmp/spark-96e86a1f-b31a-46af-8faa-67910cb7b561/userFiles-b494f967-ff7e-4a83-a2a3-2dd1d43df882/org.apache.spark_spark-sql-kafka-0-10_2.12-3.1.3.jar to class loader
[2023-01-26T16:17:28.352+0000] {spark_submit.py:495} INFO - 23/01/26 16:17:28 INFO Executor: Fetching spark://7f54167b3933:35121/jars/org.mongodb.spark_mongo-spark-connector_2.12-3.0.1.jar with timestamp 1674749846399
[2023-01-26T16:17:28.358+0000] {spark_submit.py:495} INFO - 23/01/26 16:17:28 INFO Utils: Fetching spark://7f54167b3933:35121/jars/org.mongodb.spark_mongo-spark-connector_2.12-3.0.1.jar to /tmp/spark-96e86a1f-b31a-46af-8faa-67910cb7b561/userFiles-b494f967-ff7e-4a83-a2a3-2dd1d43df882/fetchFileTemp11895282090479129996.tmp
[2023-01-26T16:17:28.364+0000] {spark_submit.py:495} INFO - 23/01/26 16:17:28 INFO Utils: /tmp/spark-96e86a1f-b31a-46af-8faa-67910cb7b561/userFiles-b494f967-ff7e-4a83-a2a3-2dd1d43df882/fetchFileTemp11895282090479129996.tmp has been previously copied to /tmp/spark-96e86a1f-b31a-46af-8faa-67910cb7b561/userFiles-b494f967-ff7e-4a83-a2a3-2dd1d43df882/org.mongodb.spark_mongo-spark-connector_2.12-3.0.1.jar
[2023-01-26T16:17:28.370+0000] {spark_submit.py:495} INFO - 23/01/26 16:17:28 INFO Executor: Adding file:/tmp/spark-96e86a1f-b31a-46af-8faa-67910cb7b561/userFiles-b494f967-ff7e-4a83-a2a3-2dd1d43df882/org.mongodb.spark_mongo-spark-connector_2.12-3.0.1.jar to class loader
[2023-01-26T16:17:28.370+0000] {spark_submit.py:495} INFO - 23/01/26 16:17:28 INFO Executor: Fetching spark://7f54167b3933:35121/jars/org.spark-project.spark_unused-1.0.0.jar with timestamp 1674749846399
[2023-01-26T16:17:28.370+0000] {spark_submit.py:495} INFO - 23/01/26 16:17:28 INFO Utils: Fetching spark://7f54167b3933:35121/jars/org.spark-project.spark_unused-1.0.0.jar to /tmp/spark-96e86a1f-b31a-46af-8faa-67910cb7b561/userFiles-b494f967-ff7e-4a83-a2a3-2dd1d43df882/fetchFileTemp1579409435293445404.tmp
[2023-01-26T16:17:28.376+0000] {spark_submit.py:495} INFO - 23/01/26 16:17:28 INFO Utils: /tmp/spark-96e86a1f-b31a-46af-8faa-67910cb7b561/userFiles-b494f967-ff7e-4a83-a2a3-2dd1d43df882/fetchFileTemp1579409435293445404.tmp has been previously copied to /tmp/spark-96e86a1f-b31a-46af-8faa-67910cb7b561/userFiles-b494f967-ff7e-4a83-a2a3-2dd1d43df882/org.spark-project.spark_unused-1.0.0.jar
[2023-01-26T16:17:28.387+0000] {spark_submit.py:495} INFO - 23/01/26 16:17:28 INFO Executor: Adding file:/tmp/spark-96e86a1f-b31a-46af-8faa-67910cb7b561/userFiles-b494f967-ff7e-4a83-a2a3-2dd1d43df882/org.spark-project.spark_unused-1.0.0.jar to class loader
[2023-01-26T16:17:28.388+0000] {spark_submit.py:495} INFO - 23/01/26 16:17:28 INFO Executor: Fetching spark://7f54167b3933:35121/jars/org.mongodb_mongodb-driver-sync-4.0.5.jar with timestamp 1674749846399
[2023-01-26T16:17:28.393+0000] {spark_submit.py:495} INFO - 23/01/26 16:17:28 INFO Utils: Fetching spark://7f54167b3933:35121/jars/org.mongodb_mongodb-driver-sync-4.0.5.jar to /tmp/spark-96e86a1f-b31a-46af-8faa-67910cb7b561/userFiles-b494f967-ff7e-4a83-a2a3-2dd1d43df882/fetchFileTemp5782459762733512098.tmp
[2023-01-26T16:17:28.394+0000] {spark_submit.py:495} INFO - 23/01/26 16:17:28 INFO Utils: /tmp/spark-96e86a1f-b31a-46af-8faa-67910cb7b561/userFiles-b494f967-ff7e-4a83-a2a3-2dd1d43df882/fetchFileTemp5782459762733512098.tmp has been previously copied to /tmp/spark-96e86a1f-b31a-46af-8faa-67910cb7b561/userFiles-b494f967-ff7e-4a83-a2a3-2dd1d43df882/org.mongodb_mongodb-driver-sync-4.0.5.jar
[2023-01-26T16:17:28.405+0000] {spark_submit.py:495} INFO - 23/01/26 16:17:28 INFO Executor: Adding file:/tmp/spark-96e86a1f-b31a-46af-8faa-67910cb7b561/userFiles-b494f967-ff7e-4a83-a2a3-2dd1d43df882/org.mongodb_mongodb-driver-sync-4.0.5.jar to class loader
[2023-01-26T16:17:28.405+0000] {spark_submit.py:495} INFO - 23/01/26 16:17:28 INFO Executor: Fetching spark://7f54167b3933:35121/jars/org.mongodb_bson-4.0.5.jar with timestamp 1674749846399
[2023-01-26T16:17:28.405+0000] {spark_submit.py:495} INFO - 23/01/26 16:17:28 INFO Utils: Fetching spark://7f54167b3933:35121/jars/org.mongodb_bson-4.0.5.jar to /tmp/spark-96e86a1f-b31a-46af-8faa-67910cb7b561/userFiles-b494f967-ff7e-4a83-a2a3-2dd1d43df882/fetchFileTemp4798856794724511775.tmp
[2023-01-26T16:17:28.409+0000] {spark_submit.py:495} INFO - 23/01/26 16:17:28 INFO Utils: /tmp/spark-96e86a1f-b31a-46af-8faa-67910cb7b561/userFiles-b494f967-ff7e-4a83-a2a3-2dd1d43df882/fetchFileTemp4798856794724511775.tmp has been previously copied to /tmp/spark-96e86a1f-b31a-46af-8faa-67910cb7b561/userFiles-b494f967-ff7e-4a83-a2a3-2dd1d43df882/org.mongodb_bson-4.0.5.jar
[2023-01-26T16:17:28.416+0000] {spark_submit.py:495} INFO - 23/01/26 16:17:28 INFO Executor: Adding file:/tmp/spark-96e86a1f-b31a-46af-8faa-67910cb7b561/userFiles-b494f967-ff7e-4a83-a2a3-2dd1d43df882/org.mongodb_bson-4.0.5.jar to class loader
[2023-01-26T16:17:28.416+0000] {spark_submit.py:495} INFO - 23/01/26 16:17:28 INFO Executor: Fetching spark://7f54167b3933:35121/jars/org.slf4j_slf4j-api-1.7.30.jar with timestamp 1674749846399
[2023-01-26T16:17:28.418+0000] {spark_submit.py:495} INFO - 23/01/26 16:17:28 INFO Utils: Fetching spark://7f54167b3933:35121/jars/org.slf4j_slf4j-api-1.7.30.jar to /tmp/spark-96e86a1f-b31a-46af-8faa-67910cb7b561/userFiles-b494f967-ff7e-4a83-a2a3-2dd1d43df882/fetchFileTemp14093758346171359723.tmp
[2023-01-26T16:17:28.422+0000] {spark_submit.py:495} INFO - 23/01/26 16:17:28 INFO Utils: /tmp/spark-96e86a1f-b31a-46af-8faa-67910cb7b561/userFiles-b494f967-ff7e-4a83-a2a3-2dd1d43df882/fetchFileTemp14093758346171359723.tmp has been previously copied to /tmp/spark-96e86a1f-b31a-46af-8faa-67910cb7b561/userFiles-b494f967-ff7e-4a83-a2a3-2dd1d43df882/org.slf4j_slf4j-api-1.7.30.jar
[2023-01-26T16:17:28.429+0000] {spark_submit.py:495} INFO - 23/01/26 16:17:28 INFO Executor: Adding file:/tmp/spark-96e86a1f-b31a-46af-8faa-67910cb7b561/userFiles-b494f967-ff7e-4a83-a2a3-2dd1d43df882/org.slf4j_slf4j-api-1.7.30.jar to class loader
[2023-01-26T16:17:28.430+0000] {spark_submit.py:495} INFO - 23/01/26 16:17:28 INFO Executor: Fetching spark://7f54167b3933:35121/jars/com.github.luben_zstd-jni-1.4.8-1.jar with timestamp 1674749846399
[2023-01-26T16:17:28.439+0000] {spark_submit.py:495} INFO - 23/01/26 16:17:28 INFO Utils: Fetching spark://7f54167b3933:35121/jars/com.github.luben_zstd-jni-1.4.8-1.jar to /tmp/spark-96e86a1f-b31a-46af-8faa-67910cb7b561/userFiles-b494f967-ff7e-4a83-a2a3-2dd1d43df882/fetchFileTemp7967950043728150954.tmp
[2023-01-26T16:17:28.493+0000] {spark_submit.py:495} INFO - 23/01/26 16:17:28 INFO Utils: /tmp/spark-96e86a1f-b31a-46af-8faa-67910cb7b561/userFiles-b494f967-ff7e-4a83-a2a3-2dd1d43df882/fetchFileTemp7967950043728150954.tmp has been previously copied to /tmp/spark-96e86a1f-b31a-46af-8faa-67910cb7b561/userFiles-b494f967-ff7e-4a83-a2a3-2dd1d43df882/com.github.luben_zstd-jni-1.4.8-1.jar
[2023-01-26T16:17:28.496+0000] {spark_submit.py:495} INFO - 23/01/26 16:17:28 INFO Executor: Adding file:/tmp/spark-96e86a1f-b31a-46af-8faa-67910cb7b561/userFiles-b494f967-ff7e-4a83-a2a3-2dd1d43df882/com.github.luben_zstd-jni-1.4.8-1.jar to class loader
[2023-01-26T16:17:28.496+0000] {spark_submit.py:495} INFO - 23/01/26 16:17:28 INFO Executor: Fetching spark://7f54167b3933:35121/jars/org.apache.spark_spark-token-provider-kafka-0-10_2.12-3.1.3.jar with timestamp 1674749846399
[2023-01-26T16:17:28.497+0000] {spark_submit.py:495} INFO - 23/01/26 16:17:28 INFO Utils: Fetching spark://7f54167b3933:35121/jars/org.apache.spark_spark-token-provider-kafka-0-10_2.12-3.1.3.jar to /tmp/spark-96e86a1f-b31a-46af-8faa-67910cb7b561/userFiles-b494f967-ff7e-4a83-a2a3-2dd1d43df882/fetchFileTemp10485721872771698155.tmp
[2023-01-26T16:17:28.500+0000] {spark_submit.py:495} INFO - 23/01/26 16:17:28 INFO Utils: /tmp/spark-96e86a1f-b31a-46af-8faa-67910cb7b561/userFiles-b494f967-ff7e-4a83-a2a3-2dd1d43df882/fetchFileTemp10485721872771698155.tmp has been previously copied to /tmp/spark-96e86a1f-b31a-46af-8faa-67910cb7b561/userFiles-b494f967-ff7e-4a83-a2a3-2dd1d43df882/org.apache.spark_spark-token-provider-kafka-0-10_2.12-3.1.3.jar
[2023-01-26T16:17:28.505+0000] {spark_submit.py:495} INFO - 23/01/26 16:17:28 INFO Executor: Adding file:/tmp/spark-96e86a1f-b31a-46af-8faa-67910cb7b561/userFiles-b494f967-ff7e-4a83-a2a3-2dd1d43df882/org.apache.spark_spark-token-provider-kafka-0-10_2.12-3.1.3.jar to class loader
[2023-01-26T16:17:28.505+0000] {spark_submit.py:495} INFO - 23/01/26 16:17:28 INFO Executor: Fetching spark://7f54167b3933:35121/jars/org.lz4_lz4-java-1.7.1.jar with timestamp 1674749846399
[2023-01-26T16:17:28.505+0000] {spark_submit.py:495} INFO - 23/01/26 16:17:28 INFO Utils: Fetching spark://7f54167b3933:35121/jars/org.lz4_lz4-java-1.7.1.jar to /tmp/spark-96e86a1f-b31a-46af-8faa-67910cb7b561/userFiles-b494f967-ff7e-4a83-a2a3-2dd1d43df882/fetchFileTemp5212943652843025254.tmp
[2023-01-26T16:17:28.512+0000] {spark_submit.py:495} INFO - 23/01/26 16:17:28 INFO Utils: /tmp/spark-96e86a1f-b31a-46af-8faa-67910cb7b561/userFiles-b494f967-ff7e-4a83-a2a3-2dd1d43df882/fetchFileTemp5212943652843025254.tmp has been previously copied to /tmp/spark-96e86a1f-b31a-46af-8faa-67910cb7b561/userFiles-b494f967-ff7e-4a83-a2a3-2dd1d43df882/org.lz4_lz4-java-1.7.1.jar
[2023-01-26T16:17:28.520+0000] {spark_submit.py:495} INFO - 23/01/26 16:17:28 INFO Executor: Adding file:/tmp/spark-96e86a1f-b31a-46af-8faa-67910cb7b561/userFiles-b494f967-ff7e-4a83-a2a3-2dd1d43df882/org.lz4_lz4-java-1.7.1.jar to class loader
[2023-01-26T16:17:28.532+0000] {spark_submit.py:495} INFO - 23/01/26 16:17:28 INFO Utils: Successfully started service 'org.apache.spark.network.netty.NettyBlockTransferService' on port 33723.
[2023-01-26T16:17:28.532+0000] {spark_submit.py:495} INFO - 23/01/26 16:17:28 INFO NettyBlockTransferService: Server created on 7f54167b3933:33723
[2023-01-26T16:17:28.532+0000] {spark_submit.py:495} INFO - 23/01/26 16:17:28 INFO BlockManager: Using org.apache.spark.storage.RandomBlockReplicationPolicy for block replication policy
[2023-01-26T16:17:28.544+0000] {spark_submit.py:495} INFO - 23/01/26 16:17:28 INFO BlockManagerMaster: Registering BlockManager BlockManagerId(driver, 7f54167b3933, 33723, None)
[2023-01-26T16:17:28.550+0000] {spark_submit.py:495} INFO - 23/01/26 16:17:28 INFO BlockManagerMasterEndpoint: Registering block manager 7f54167b3933:33723 with 434.4 MiB RAM, BlockManagerId(driver, 7f54167b3933, 33723, None)
[2023-01-26T16:17:28.555+0000] {spark_submit.py:495} INFO - 23/01/26 16:17:28 INFO BlockManagerMaster: Registered BlockManager BlockManagerId(driver, 7f54167b3933, 33723, None)
[2023-01-26T16:17:28.557+0000] {spark_submit.py:495} INFO - 23/01/26 16:17:28 INFO BlockManager: Initialized BlockManager: BlockManagerId(driver, 7f54167b3933, 33723, None)
[2023-01-26T16:17:34.786+0000] {spark_submit.py:495} INFO - [[34m2023-01-26 16:17:34,784[0m] {[34mjava_gateway.py:[0m2270} INFO[0m - Callback Server Starting[0m
[2023-01-26T16:17:34.787+0000] {spark_submit.py:495} INFO - [[34m2023-01-26 16:17:34,784[0m] {[34mjava_gateway.py:[0m2274} INFO[0m - Socket listening on ('127.0.0.1', 37627)[0m
