[2023-01-28T21:20:18.618+0000] {taskinstance.py:1087} INFO - Dependencies all met for <TaskInstance: Streaming_pipeline_meli.consumer_data_of_topic manual__2023-01-23T22:03:04.495188+00:00 [queued]>
[2023-01-28T21:20:18.634+0000] {taskinstance.py:1087} INFO - Dependencies all met for <TaskInstance: Streaming_pipeline_meli.consumer_data_of_topic manual__2023-01-23T22:03:04.495188+00:00 [queued]>
[2023-01-28T21:20:18.634+0000] {taskinstance.py:1283} INFO - 
--------------------------------------------------------------------------------
[2023-01-28T21:20:18.634+0000] {taskinstance.py:1284} INFO - Starting attempt 279 of 280
[2023-01-28T21:20:18.634+0000] {taskinstance.py:1285} INFO - 
--------------------------------------------------------------------------------
[2023-01-28T21:20:18.670+0000] {taskinstance.py:1304} INFO - Executing <Task(SparkSubmitOperator): consumer_data_of_topic> on 2023-01-23 22:03:04.495188+00:00
[2023-01-28T21:20:18.676+0000] {standard_task_runner.py:55} INFO - Started process 66 to run task
[2023-01-28T21:20:18.683+0000] {standard_task_runner.py:82} INFO - Running: ['***', 'tasks', 'run', 'Streaming_pipeline_meli', 'consumer_data_of_topic', 'manual__2023-01-23T22:03:04.495188+00:00', '--job-id', '1148', '--raw', '--subdir', 'DAGS_FOLDER/producer_dag.py', '--cfg-path', '/tmp/tmppemea2yz']
[2023-01-28T21:20:18.683+0000] {standard_task_runner.py:83} INFO - Job 1148: Subtask consumer_data_of_topic
[2023-01-28T21:20:18.754+0000] {task_command.py:389} INFO - Running <TaskInstance: Streaming_pipeline_meli.consumer_data_of_topic manual__2023-01-23T22:03:04.495188+00:00 [running]> on host 502660defd2e
[2023-01-28T21:20:18.880+0000] {taskinstance.py:1513} INFO - Exporting the following env vars:
AIRFLOW_CTX_DAG_OWNER=***
AIRFLOW_CTX_DAG_ID=Streaming_pipeline_meli
AIRFLOW_CTX_TASK_ID=consumer_data_of_topic
AIRFLOW_CTX_EXECUTION_DATE=2023-01-23T22:03:04.495188+00:00
AIRFLOW_CTX_TRY_NUMBER=279
AIRFLOW_CTX_DAG_RUN_ID=manual__2023-01-23T22:03:04.495188+00:00
[2023-01-28T21:20:18.906+0000] {base.py:73} INFO - Using connection ID 'spark_default' for task execution.
[2023-01-28T21:20:18.907+0000] {spark_submit.py:344} INFO - Spark-Submit cmd: spark-submit --master spark://tomi-H310:7077 --packages org.apache.spark:spark-sql-kafka-0-10_2.12:3.1.3,org.mongodb.spark:mongo-spark-connector_2.12:3.0.1 --name arrow-spark --queue root.default /opt/***/dags/consumerSpark.py
[2023-01-28T21:20:19.087+0000] {spark_submit.py:495} INFO - /home/***/.local/lib/python3.7/site-packages/pyspark/bin/load-spark-env.sh: line 68: ps: command not found
[2023-01-28T21:20:23.125+0000] {spark_submit.py:495} INFO - :: loading settings :: url = jar:file:/home/***/.local/lib/python3.7/site-packages/pyspark/jars/ivy-2.5.0.jar!/org/apache/ivy/core/settings/ivysettings.xml
[2023-01-28T21:20:23.306+0000] {spark_submit.py:495} INFO - Ivy Default Cache set to: /home/***/.ivy2/cache
[2023-01-28T21:20:23.306+0000] {spark_submit.py:495} INFO - The jars for the packages stored in: /home/***/.ivy2/jars
[2023-01-28T21:20:23.326+0000] {spark_submit.py:495} INFO - org.apache.spark#spark-sql-kafka-0-10_2.12 added as a dependency
[2023-01-28T21:20:23.326+0000] {spark_submit.py:495} INFO - org.mongodb.spark#mongo-spark-connector_2.12 added as a dependency
[2023-01-28T21:20:23.328+0000] {spark_submit.py:495} INFO - :: resolving dependencies :: org.apache.spark#spark-submit-parent-bc8535a0-0424-43a1-8d1e-b481951d06f9;1.0
[2023-01-28T21:20:23.328+0000] {spark_submit.py:495} INFO - confs: [default]
[2023-01-28T21:20:23.768+0000] {spark_submit.py:495} INFO - found org.apache.spark#spark-sql-kafka-0-10_2.12;3.1.3 in central
[2023-01-28T21:20:23.995+0000] {spark_submit.py:495} INFO - found org.apache.spark#spark-token-provider-kafka-0-10_2.12;3.1.3 in central
[2023-01-28T21:20:24.070+0000] {spark_submit.py:495} INFO - found org.apache.kafka#kafka-clients;2.6.0 in central
[2023-01-28T21:20:24.146+0000] {spark_submit.py:495} INFO - found com.github.luben#zstd-jni;1.4.8-1 in central
[2023-01-28T21:20:24.201+0000] {spark_submit.py:495} INFO - found org.lz4#lz4-java;1.7.1 in central
[2023-01-28T21:20:24.250+0000] {spark_submit.py:495} INFO - found org.xerial.snappy#snappy-java;1.1.8.2 in central
[2023-01-28T21:20:24.315+0000] {spark_submit.py:495} INFO - found org.slf4j#slf4j-api;1.7.30 in central
[2023-01-28T21:20:24.363+0000] {spark_submit.py:495} INFO - found org.spark-project.spark#unused;1.0.0 in central
[2023-01-28T21:20:24.418+0000] {spark_submit.py:495} INFO - found org.apache.commons#commons-pool2;2.6.2 in central
[2023-01-28T21:20:24.464+0000] {spark_submit.py:495} INFO - found org.mongodb.spark#mongo-spark-connector_2.12;3.0.1 in central
[2023-01-28T21:20:24.487+0000] {spark_submit.py:495} INFO - found org.mongodb#mongodb-driver-sync;4.0.5 in central
[2023-01-28T21:20:24.526+0000] {spark_submit.py:495} INFO - found org.mongodb#bson;4.0.5 in central
[2023-01-28T21:20:24.574+0000] {spark_submit.py:495} INFO - found org.mongodb#mongodb-driver-core;4.0.5 in central
[2023-01-28T21:20:24.734+0000] {spark_submit.py:495} INFO - :: resolution report :: resolve 1309ms :: artifacts dl 98ms
[2023-01-28T21:20:24.734+0000] {spark_submit.py:495} INFO - :: modules in use:
[2023-01-28T21:20:24.734+0000] {spark_submit.py:495} INFO - com.github.luben#zstd-jni;1.4.8-1 from central in [default]
[2023-01-28T21:20:24.735+0000] {spark_submit.py:495} INFO - org.apache.commons#commons-pool2;2.6.2 from central in [default]
[2023-01-28T21:20:24.736+0000] {spark_submit.py:495} INFO - org.apache.kafka#kafka-clients;2.6.0 from central in [default]
[2023-01-28T21:20:24.736+0000] {spark_submit.py:495} INFO - org.apache.spark#spark-sql-kafka-0-10_2.12;3.1.3 from central in [default]
[2023-01-28T21:20:24.737+0000] {spark_submit.py:495} INFO - org.apache.spark#spark-token-provider-kafka-0-10_2.12;3.1.3 from central in [default]
[2023-01-28T21:20:24.737+0000] {spark_submit.py:495} INFO - org.lz4#lz4-java;1.7.1 from central in [default]
[2023-01-28T21:20:24.737+0000] {spark_submit.py:495} INFO - org.mongodb#bson;4.0.5 from central in [default]
[2023-01-28T21:20:24.738+0000] {spark_submit.py:495} INFO - org.mongodb#mongodb-driver-core;4.0.5 from central in [default]
[2023-01-28T21:20:24.738+0000] {spark_submit.py:495} INFO - org.mongodb#mongodb-driver-sync;4.0.5 from central in [default]
[2023-01-28T21:20:24.739+0000] {spark_submit.py:495} INFO - org.mongodb.spark#mongo-spark-connector_2.12;3.0.1 from central in [default]
[2023-01-28T21:20:24.739+0000] {spark_submit.py:495} INFO - org.slf4j#slf4j-api;1.7.30 from central in [default]
[2023-01-28T21:20:24.739+0000] {spark_submit.py:495} INFO - org.spark-project.spark#unused;1.0.0 from central in [default]
[2023-01-28T21:20:24.740+0000] {spark_submit.py:495} INFO - org.xerial.snappy#snappy-java;1.1.8.2 from central in [default]
[2023-01-28T21:20:24.741+0000] {spark_submit.py:495} INFO - ---------------------------------------------------------------------
[2023-01-28T21:20:24.741+0000] {spark_submit.py:495} INFO - |                  |            modules            ||   artifacts   |
[2023-01-28T21:20:24.742+0000] {spark_submit.py:495} INFO - |       conf       | number| search|dwnlded|evicted|| number|dwnlded|
[2023-01-28T21:20:24.743+0000] {spark_submit.py:495} INFO - ---------------------------------------------------------------------
[2023-01-28T21:20:24.744+0000] {spark_submit.py:495} INFO - |      default     |   13  |   0   |   0   |   0   ||   13  |   0   |
[2023-01-28T21:20:24.744+0000] {spark_submit.py:495} INFO - ---------------------------------------------------------------------
[2023-01-28T21:20:24.778+0000] {spark_submit.py:495} INFO - :: retrieving :: org.apache.spark#spark-submit-parent-bc8535a0-0424-43a1-8d1e-b481951d06f9
[2023-01-28T21:20:24.779+0000] {spark_submit.py:495} INFO - confs: [default]
[2023-01-28T21:20:24.818+0000] {spark_submit.py:495} INFO - 0 artifacts copied, 13 already retrieved (0kB/30ms)
[2023-01-28T21:20:28.920+0000] {spark_submit.py:495} INFO - 23/01/28 21:20:28 WARN NativeCodeLoader: Unable to load native-hadoop library for your platform... using builtin-java classes where applicable
[2023-01-28T21:20:30.433+0000] {spark_submit.py:495} INFO - 23/01/28 21:20:30 INFO SparkContext: Running Spark version 3.3.1
[2023-01-28T21:20:30.482+0000] {spark_submit.py:495} INFO - 23/01/28 21:20:30 INFO ResourceUtils: ==============================================================
[2023-01-28T21:20:30.483+0000] {spark_submit.py:495} INFO - 23/01/28 21:20:30 INFO ResourceUtils: No custom resources configured for spark.driver.
[2023-01-28T21:20:30.487+0000] {spark_submit.py:495} INFO - 23/01/28 21:20:30 INFO ResourceUtils: ==============================================================
[2023-01-28T21:20:30.487+0000] {spark_submit.py:495} INFO - 23/01/28 21:20:30 INFO SparkContext: Submitted application: arrow-spark
[2023-01-28T21:20:30.533+0000] {spark_submit.py:495} INFO - 23/01/28 21:20:30 INFO ResourceProfile: Default ResourceProfile created, executor resources: Map(cores -> name: cores, amount: 1, script: , vendor: , memory -> name: memory, amount: 1024, script: , vendor: , offHeap -> name: offHeap, amount: 0, script: , vendor: ), task resources: Map(cpus -> name: cpus, amount: 1.0)
[2023-01-28T21:20:30.583+0000] {spark_submit.py:495} INFO - 23/01/28 21:20:30 INFO ResourceProfile: Limiting resource is cpu
[2023-01-28T21:20:30.583+0000] {spark_submit.py:495} INFO - 23/01/28 21:20:30 INFO ResourceProfileManager: Added ResourceProfile id: 0
[2023-01-28T21:20:30.898+0000] {spark_submit.py:495} INFO - 23/01/28 21:20:30 INFO SecurityManager: Changing view acls to: default
[2023-01-28T21:20:30.903+0000] {spark_submit.py:495} INFO - 23/01/28 21:20:30 INFO SecurityManager: Changing modify acls to: default
[2023-01-28T21:20:30.912+0000] {spark_submit.py:495} INFO - 23/01/28 21:20:30 INFO SecurityManager: Changing view acls groups to:
[2023-01-28T21:20:30.913+0000] {spark_submit.py:495} INFO - 23/01/28 21:20:30 INFO SecurityManager: Changing modify acls groups to:
[2023-01-28T21:20:30.914+0000] {spark_submit.py:495} INFO - 23/01/28 21:20:30 INFO SecurityManager: SecurityManager: authentication disabled; ui acls disabled; users  with view permissions: Set(default); groups with view permissions: Set(); users  with modify permissions: Set(default); groups with modify permissions: Set()
[2023-01-28T21:20:31.773+0000] {spark_submit.py:495} INFO - 23/01/28 21:20:31 INFO Utils: Successfully started service 'sparkDriver' on port 44295.
[2023-01-28T21:20:32.010+0000] {spark_submit.py:495} INFO - 23/01/28 21:20:31 INFO SparkEnv: Registering MapOutputTracker
[2023-01-28T21:20:32.134+0000] {spark_submit.py:495} INFO - 23/01/28 21:20:32 INFO SparkEnv: Registering BlockManagerMaster
[2023-01-28T21:20:32.238+0000] {spark_submit.py:495} INFO - 23/01/28 21:20:32 INFO BlockManagerMasterEndpoint: Using org.apache.spark.storage.DefaultTopologyMapper for getting topology information
[2023-01-28T21:20:32.242+0000] {spark_submit.py:495} INFO - 23/01/28 21:20:32 INFO BlockManagerMasterEndpoint: BlockManagerMasterEndpoint up
[2023-01-28T21:20:32.269+0000] {spark_submit.py:495} INFO - 23/01/28 21:20:32 INFO SparkEnv: Registering BlockManagerMasterHeartbeat
[2023-01-28T21:20:32.343+0000] {spark_submit.py:495} INFO - 23/01/28 21:20:32 INFO DiskBlockManager: Created local directory at /tmp/blockmgr-30324217-f9f0-4d0f-8ec7-5837a5dec6c6
[2023-01-28T21:20:32.486+0000] {spark_submit.py:495} INFO - 23/01/28 21:20:32 INFO MemoryStore: MemoryStore started with capacity 434.4 MiB
[2023-01-28T21:20:32.604+0000] {spark_submit.py:495} INFO - 23/01/28 21:20:32 INFO SparkEnv: Registering OutputCommitCoordinator
[2023-01-28T21:20:33.718+0000] {spark_submit.py:495} INFO - 23/01/28 21:20:33 WARN Utils: Service 'SparkUI' could not bind on port 4040. Attempting port 4041.
[2023-01-28T21:20:33.751+0000] {spark_submit.py:495} INFO - 23/01/28 21:20:33 INFO Utils: Successfully started service 'SparkUI' on port 4041.
[2023-01-28T21:20:33.926+0000] {spark_submit.py:495} INFO - 23/01/28 21:20:33 INFO SparkContext: Added JAR file:///home/***/.ivy2/jars/org.apache.spark_spark-sql-kafka-0-10_2.12-3.1.3.jar at spark://502660defd2e:44295/jars/org.apache.spark_spark-sql-kafka-0-10_2.12-3.1.3.jar with timestamp 1674940830418
[2023-01-28T21:20:33.950+0000] {spark_submit.py:495} INFO - 23/01/28 21:20:33 INFO SparkContext: Added JAR file:///home/***/.ivy2/jars/org.mongodb.spark_mongo-spark-connector_2.12-3.0.1.jar at spark://502660defd2e:44295/jars/org.mongodb.spark_mongo-spark-connector_2.12-3.0.1.jar with timestamp 1674940830418
[2023-01-28T21:20:33.951+0000] {spark_submit.py:495} INFO - 23/01/28 21:20:33 INFO SparkContext: Added JAR file:///home/***/.ivy2/jars/org.apache.spark_spark-token-provider-kafka-0-10_2.12-3.1.3.jar at spark://502660defd2e:44295/jars/org.apache.spark_spark-token-provider-kafka-0-10_2.12-3.1.3.jar with timestamp 1674940830418
[2023-01-28T21:20:33.951+0000] {spark_submit.py:495} INFO - 23/01/28 21:20:33 INFO SparkContext: Added JAR file:///home/***/.ivy2/jars/org.apache.kafka_kafka-clients-2.6.0.jar at spark://502660defd2e:44295/jars/org.apache.kafka_kafka-clients-2.6.0.jar with timestamp 1674940830418
[2023-01-28T21:20:33.952+0000] {spark_submit.py:495} INFO - 23/01/28 21:20:33 INFO SparkContext: Added JAR file:///home/***/.ivy2/jars/org.apache.commons_commons-pool2-2.6.2.jar at spark://502660defd2e:44295/jars/org.apache.commons_commons-pool2-2.6.2.jar with timestamp 1674940830418
[2023-01-28T21:20:33.954+0000] {spark_submit.py:495} INFO - 23/01/28 21:20:33 INFO SparkContext: Added JAR file:///home/***/.ivy2/jars/org.spark-project.spark_unused-1.0.0.jar at spark://502660defd2e:44295/jars/org.spark-project.spark_unused-1.0.0.jar with timestamp 1674940830418
[2023-01-28T21:20:33.957+0000] {spark_submit.py:495} INFO - 23/01/28 21:20:33 INFO SparkContext: Added JAR file:///home/***/.ivy2/jars/com.github.luben_zstd-jni-1.4.8-1.jar at spark://502660defd2e:44295/jars/com.github.luben_zstd-jni-1.4.8-1.jar with timestamp 1674940830418
[2023-01-28T21:20:33.960+0000] {spark_submit.py:495} INFO - 23/01/28 21:20:33 INFO SparkContext: Added JAR file:///home/***/.ivy2/jars/org.lz4_lz4-java-1.7.1.jar at spark://502660defd2e:44295/jars/org.lz4_lz4-java-1.7.1.jar with timestamp 1674940830418
[2023-01-28T21:20:33.960+0000] {spark_submit.py:495} INFO - 23/01/28 21:20:33 INFO SparkContext: Added JAR file:///home/***/.ivy2/jars/org.xerial.snappy_snappy-java-1.1.8.2.jar at spark://502660defd2e:44295/jars/org.xerial.snappy_snappy-java-1.1.8.2.jar with timestamp 1674940830418
[2023-01-28T21:20:33.963+0000] {spark_submit.py:495} INFO - 23/01/28 21:20:33 INFO SparkContext: Added JAR file:///home/***/.ivy2/jars/org.slf4j_slf4j-api-1.7.30.jar at spark://502660defd2e:44295/jars/org.slf4j_slf4j-api-1.7.30.jar with timestamp 1674940830418
[2023-01-28T21:20:33.964+0000] {spark_submit.py:495} INFO - 23/01/28 21:20:33 INFO SparkContext: Added JAR file:///home/***/.ivy2/jars/org.mongodb_mongodb-driver-sync-4.0.5.jar at spark://502660defd2e:44295/jars/org.mongodb_mongodb-driver-sync-4.0.5.jar with timestamp 1674940830418
[2023-01-28T21:20:33.965+0000] {spark_submit.py:495} INFO - 23/01/28 21:20:33 INFO SparkContext: Added JAR file:///home/***/.ivy2/jars/org.mongodb_bson-4.0.5.jar at spark://502660defd2e:44295/jars/org.mongodb_bson-4.0.5.jar with timestamp 1674940830418
[2023-01-28T21:20:33.973+0000] {spark_submit.py:495} INFO - 23/01/28 21:20:33 INFO SparkContext: Added JAR file:///home/***/.ivy2/jars/org.mongodb_mongodb-driver-core-4.0.5.jar at spark://502660defd2e:44295/jars/org.mongodb_mongodb-driver-core-4.0.5.jar with timestamp 1674940830418
[2023-01-28T21:20:33.987+0000] {spark_submit.py:495} INFO - 23/01/28 21:20:33 INFO SparkContext: Added file file:///home/***/.ivy2/jars/org.apache.spark_spark-sql-kafka-0-10_2.12-3.1.3.jar at file:///home/***/.ivy2/jars/org.apache.spark_spark-sql-kafka-0-10_2.12-3.1.3.jar with timestamp 1674940830418
[2023-01-28T21:20:33.992+0000] {spark_submit.py:495} INFO - 23/01/28 21:20:33 INFO Utils: Copying /home/***/.ivy2/jars/org.apache.spark_spark-sql-kafka-0-10_2.12-3.1.3.jar to /tmp/spark-bad7d707-d078-4a32-bdf6-4c1b09a961eb/userFiles-5f445915-5878-4ff3-85be-c1a5b6228195/org.apache.spark_spark-sql-kafka-0-10_2.12-3.1.3.jar
[2023-01-28T21:20:34.074+0000] {spark_submit.py:495} INFO - 23/01/28 21:20:34 INFO SparkContext: Added file file:///home/***/.ivy2/jars/org.mongodb.spark_mongo-spark-connector_2.12-3.0.1.jar at file:///home/***/.ivy2/jars/org.mongodb.spark_mongo-spark-connector_2.12-3.0.1.jar with timestamp 1674940830418
[2023-01-28T21:20:34.075+0000] {spark_submit.py:495} INFO - 23/01/28 21:20:34 INFO Utils: Copying /home/***/.ivy2/jars/org.mongodb.spark_mongo-spark-connector_2.12-3.0.1.jar to /tmp/spark-bad7d707-d078-4a32-bdf6-4c1b09a961eb/userFiles-5f445915-5878-4ff3-85be-c1a5b6228195/org.mongodb.spark_mongo-spark-connector_2.12-3.0.1.jar
[2023-01-28T21:20:34.114+0000] {spark_submit.py:495} INFO - 23/01/28 21:20:34 INFO SparkContext: Added file file:///home/***/.ivy2/jars/org.apache.spark_spark-token-provider-kafka-0-10_2.12-3.1.3.jar at file:///home/***/.ivy2/jars/org.apache.spark_spark-token-provider-kafka-0-10_2.12-3.1.3.jar with timestamp 1674940830418
[2023-01-28T21:20:34.118+0000] {spark_submit.py:495} INFO - 23/01/28 21:20:34 INFO Utils: Copying /home/***/.ivy2/jars/org.apache.spark_spark-token-provider-kafka-0-10_2.12-3.1.3.jar to /tmp/spark-bad7d707-d078-4a32-bdf6-4c1b09a961eb/userFiles-5f445915-5878-4ff3-85be-c1a5b6228195/org.apache.spark_spark-token-provider-kafka-0-10_2.12-3.1.3.jar
[2023-01-28T21:20:34.144+0000] {spark_submit.py:495} INFO - 23/01/28 21:20:34 INFO SparkContext: Added file file:///home/***/.ivy2/jars/org.apache.kafka_kafka-clients-2.6.0.jar at file:///home/***/.ivy2/jars/org.apache.kafka_kafka-clients-2.6.0.jar with timestamp 1674940830418
[2023-01-28T21:20:34.144+0000] {spark_submit.py:495} INFO - 23/01/28 21:20:34 INFO Utils: Copying /home/***/.ivy2/jars/org.apache.kafka_kafka-clients-2.6.0.jar to /tmp/spark-bad7d707-d078-4a32-bdf6-4c1b09a961eb/userFiles-5f445915-5878-4ff3-85be-c1a5b6228195/org.apache.kafka_kafka-clients-2.6.0.jar
[2023-01-28T21:20:34.180+0000] {spark_submit.py:495} INFO - 23/01/28 21:20:34 INFO SparkContext: Added file file:///home/***/.ivy2/jars/org.apache.commons_commons-pool2-2.6.2.jar at file:///home/***/.ivy2/jars/org.apache.commons_commons-pool2-2.6.2.jar with timestamp 1674940830418
[2023-01-28T21:20:34.181+0000] {spark_submit.py:495} INFO - 23/01/28 21:20:34 INFO Utils: Copying /home/***/.ivy2/jars/org.apache.commons_commons-pool2-2.6.2.jar to /tmp/spark-bad7d707-d078-4a32-bdf6-4c1b09a961eb/userFiles-5f445915-5878-4ff3-85be-c1a5b6228195/org.apache.commons_commons-pool2-2.6.2.jar
[2023-01-28T21:20:34.201+0000] {spark_submit.py:495} INFO - 23/01/28 21:20:34 INFO SparkContext: Added file file:///home/***/.ivy2/jars/org.spark-project.spark_unused-1.0.0.jar at file:///home/***/.ivy2/jars/org.spark-project.spark_unused-1.0.0.jar with timestamp 1674940830418
[2023-01-28T21:20:34.201+0000] {spark_submit.py:495} INFO - 23/01/28 21:20:34 INFO Utils: Copying /home/***/.ivy2/jars/org.spark-project.spark_unused-1.0.0.jar to /tmp/spark-bad7d707-d078-4a32-bdf6-4c1b09a961eb/userFiles-5f445915-5878-4ff3-85be-c1a5b6228195/org.spark-project.spark_unused-1.0.0.jar
[2023-01-28T21:20:34.221+0000] {spark_submit.py:495} INFO - 23/01/28 21:20:34 INFO SparkContext: Added file file:///home/***/.ivy2/jars/com.github.luben_zstd-jni-1.4.8-1.jar at file:///home/***/.ivy2/jars/com.github.luben_zstd-jni-1.4.8-1.jar with timestamp 1674940830418
[2023-01-28T21:20:34.221+0000] {spark_submit.py:495} INFO - 23/01/28 21:20:34 INFO Utils: Copying /home/***/.ivy2/jars/com.github.luben_zstd-jni-1.4.8-1.jar to /tmp/spark-bad7d707-d078-4a32-bdf6-4c1b09a961eb/userFiles-5f445915-5878-4ff3-85be-c1a5b6228195/com.github.luben_zstd-jni-1.4.8-1.jar
[2023-01-28T21:20:34.257+0000] {spark_submit.py:495} INFO - 23/01/28 21:20:34 INFO SparkContext: Added file file:///home/***/.ivy2/jars/org.lz4_lz4-java-1.7.1.jar at file:///home/***/.ivy2/jars/org.lz4_lz4-java-1.7.1.jar with timestamp 1674940830418
[2023-01-28T21:20:34.257+0000] {spark_submit.py:495} INFO - 23/01/28 21:20:34 INFO Utils: Copying /home/***/.ivy2/jars/org.lz4_lz4-java-1.7.1.jar to /tmp/spark-bad7d707-d078-4a32-bdf6-4c1b09a961eb/userFiles-5f445915-5878-4ff3-85be-c1a5b6228195/org.lz4_lz4-java-1.7.1.jar
[2023-01-28T21:20:34.267+0000] {spark_submit.py:495} INFO - 23/01/28 21:20:34 INFO SparkContext: Added file file:///home/***/.ivy2/jars/org.xerial.snappy_snappy-java-1.1.8.2.jar at file:///home/***/.ivy2/jars/org.xerial.snappy_snappy-java-1.1.8.2.jar with timestamp 1674940830418
[2023-01-28T21:20:34.268+0000] {spark_submit.py:495} INFO - 23/01/28 21:20:34 INFO Utils: Copying /home/***/.ivy2/jars/org.xerial.snappy_snappy-java-1.1.8.2.jar to /tmp/spark-bad7d707-d078-4a32-bdf6-4c1b09a961eb/userFiles-5f445915-5878-4ff3-85be-c1a5b6228195/org.xerial.snappy_snappy-java-1.1.8.2.jar
[2023-01-28T21:20:34.289+0000] {spark_submit.py:495} INFO - 23/01/28 21:20:34 INFO SparkContext: Added file file:///home/***/.ivy2/jars/org.slf4j_slf4j-api-1.7.30.jar at file:///home/***/.ivy2/jars/org.slf4j_slf4j-api-1.7.30.jar with timestamp 1674940830418
[2023-01-28T21:20:34.289+0000] {spark_submit.py:495} INFO - 23/01/28 21:20:34 INFO Utils: Copying /home/***/.ivy2/jars/org.slf4j_slf4j-api-1.7.30.jar to /tmp/spark-bad7d707-d078-4a32-bdf6-4c1b09a961eb/userFiles-5f445915-5878-4ff3-85be-c1a5b6228195/org.slf4j_slf4j-api-1.7.30.jar
[2023-01-28T21:20:34.298+0000] {spark_submit.py:495} INFO - 23/01/28 21:20:34 INFO SparkContext: Added file file:///home/***/.ivy2/jars/org.mongodb_mongodb-driver-sync-4.0.5.jar at file:///home/***/.ivy2/jars/org.mongodb_mongodb-driver-sync-4.0.5.jar with timestamp 1674940830418
[2023-01-28T21:20:34.303+0000] {spark_submit.py:495} INFO - 23/01/28 21:20:34 INFO Utils: Copying /home/***/.ivy2/jars/org.mongodb_mongodb-driver-sync-4.0.5.jar to /tmp/spark-bad7d707-d078-4a32-bdf6-4c1b09a961eb/userFiles-5f445915-5878-4ff3-85be-c1a5b6228195/org.mongodb_mongodb-driver-sync-4.0.5.jar
[2023-01-28T21:20:34.311+0000] {spark_submit.py:495} INFO - 23/01/28 21:20:34 INFO SparkContext: Added file file:///home/***/.ivy2/jars/org.mongodb_bson-4.0.5.jar at file:///home/***/.ivy2/jars/org.mongodb_bson-4.0.5.jar with timestamp 1674940830418
[2023-01-28T21:20:34.312+0000] {spark_submit.py:495} INFO - 23/01/28 21:20:34 INFO Utils: Copying /home/***/.ivy2/jars/org.mongodb_bson-4.0.5.jar to /tmp/spark-bad7d707-d078-4a32-bdf6-4c1b09a961eb/userFiles-5f445915-5878-4ff3-85be-c1a5b6228195/org.mongodb_bson-4.0.5.jar
[2023-01-28T21:20:34.321+0000] {spark_submit.py:495} INFO - 23/01/28 21:20:34 INFO SparkContext: Added file file:///home/***/.ivy2/jars/org.mongodb_mongodb-driver-core-4.0.5.jar at file:///home/***/.ivy2/jars/org.mongodb_mongodb-driver-core-4.0.5.jar with timestamp 1674940830418
[2023-01-28T21:20:34.321+0000] {spark_submit.py:495} INFO - 23/01/28 21:20:34 INFO Utils: Copying /home/***/.ivy2/jars/org.mongodb_mongodb-driver-core-4.0.5.jar to /tmp/spark-bad7d707-d078-4a32-bdf6-4c1b09a961eb/userFiles-5f445915-5878-4ff3-85be-c1a5b6228195/org.mongodb_mongodb-driver-core-4.0.5.jar
[2023-01-28T21:20:34.557+0000] {spark_submit.py:495} INFO - 23/01/28 21:20:34 INFO Executor: Starting executor ID driver on host 502660defd2e
[2023-01-28T21:20:34.576+0000] {spark_submit.py:495} INFO - 23/01/28 21:20:34 INFO Executor: Starting executor with user classpath (userClassPathFirst = false): ''
[2023-01-28T21:20:34.649+0000] {spark_submit.py:495} INFO - 23/01/28 21:20:34 INFO Executor: Fetching file:///home/***/.ivy2/jars/org.apache.spark_spark-token-provider-kafka-0-10_2.12-3.1.3.jar with timestamp 1674940830418
[2023-01-28T21:20:34.705+0000] {spark_submit.py:495} INFO - 23/01/28 21:20:34 INFO Utils: /home/***/.ivy2/jars/org.apache.spark_spark-token-provider-kafka-0-10_2.12-3.1.3.jar has been previously copied to /tmp/spark-bad7d707-d078-4a32-bdf6-4c1b09a961eb/userFiles-5f445915-5878-4ff3-85be-c1a5b6228195/org.apache.spark_spark-token-provider-kafka-0-10_2.12-3.1.3.jar
[2023-01-28T21:20:34.777+0000] {spark_submit.py:495} INFO - 23/01/28 21:20:34 INFO Executor: Fetching file:///home/***/.ivy2/jars/org.mongodb_mongodb-driver-sync-4.0.5.jar with timestamp 1674940830418
[2023-01-28T21:20:34.778+0000] {spark_submit.py:495} INFO - 23/01/28 21:20:34 INFO Utils: /home/***/.ivy2/jars/org.mongodb_mongodb-driver-sync-4.0.5.jar has been previously copied to /tmp/spark-bad7d707-d078-4a32-bdf6-4c1b09a961eb/userFiles-5f445915-5878-4ff3-85be-c1a5b6228195/org.mongodb_mongodb-driver-sync-4.0.5.jar
[2023-01-28T21:20:34.835+0000] {spark_submit.py:495} INFO - 23/01/28 21:20:34 INFO Executor: Fetching file:///home/***/.ivy2/jars/org.apache.kafka_kafka-clients-2.6.0.jar with timestamp 1674940830418
[2023-01-28T21:20:34.864+0000] {spark_submit.py:495} INFO - 23/01/28 21:20:34 INFO Utils: /home/***/.ivy2/jars/org.apache.kafka_kafka-clients-2.6.0.jar has been previously copied to /tmp/spark-bad7d707-d078-4a32-bdf6-4c1b09a961eb/userFiles-5f445915-5878-4ff3-85be-c1a5b6228195/org.apache.kafka_kafka-clients-2.6.0.jar
[2023-01-28T21:20:34.898+0000] {spark_submit.py:495} INFO - 23/01/28 21:20:34 INFO Executor: Fetching file:///home/***/.ivy2/jars/org.mongodb_bson-4.0.5.jar with timestamp 1674940830418
[2023-01-28T21:20:34.898+0000] {spark_submit.py:495} INFO - 23/01/28 21:20:34 INFO Utils: /home/***/.ivy2/jars/org.mongodb_bson-4.0.5.jar has been previously copied to /tmp/spark-bad7d707-d078-4a32-bdf6-4c1b09a961eb/userFiles-5f445915-5878-4ff3-85be-c1a5b6228195/org.mongodb_bson-4.0.5.jar
[2023-01-28T21:20:34.922+0000] {spark_submit.py:495} INFO - 23/01/28 21:20:34 INFO Executor: Fetching file:///home/***/.ivy2/jars/com.github.luben_zstd-jni-1.4.8-1.jar with timestamp 1674940830418
[2023-01-28T21:20:34.928+0000] {spark_submit.py:495} INFO - 23/01/28 21:20:34 INFO Utils: /home/***/.ivy2/jars/com.github.luben_zstd-jni-1.4.8-1.jar has been previously copied to /tmp/spark-bad7d707-d078-4a32-bdf6-4c1b09a961eb/userFiles-5f445915-5878-4ff3-85be-c1a5b6228195/com.github.luben_zstd-jni-1.4.8-1.jar
[2023-01-28T21:20:34.965+0000] {spark_submit.py:495} INFO - 23/01/28 21:20:34 INFO Executor: Fetching file:///home/***/.ivy2/jars/org.lz4_lz4-java-1.7.1.jar with timestamp 1674940830418
[2023-01-28T21:20:34.965+0000] {spark_submit.py:495} INFO - 23/01/28 21:20:34 INFO Utils: /home/***/.ivy2/jars/org.lz4_lz4-java-1.7.1.jar has been previously copied to /tmp/spark-bad7d707-d078-4a32-bdf6-4c1b09a961eb/userFiles-5f445915-5878-4ff3-85be-c1a5b6228195/org.lz4_lz4-java-1.7.1.jar
[2023-01-28T21:20:34.974+0000] {spark_submit.py:495} INFO - 23/01/28 21:20:34 INFO Executor: Fetching file:///home/***/.ivy2/jars/org.spark-project.spark_unused-1.0.0.jar with timestamp 1674940830418
[2023-01-28T21:20:34.974+0000] {spark_submit.py:495} INFO - 23/01/28 21:20:34 INFO Utils: /home/***/.ivy2/jars/org.spark-project.spark_unused-1.0.0.jar has been previously copied to /tmp/spark-bad7d707-d078-4a32-bdf6-4c1b09a961eb/userFiles-5f445915-5878-4ff3-85be-c1a5b6228195/org.spark-project.spark_unused-1.0.0.jar
[2023-01-28T21:20:34.989+0000] {spark_submit.py:495} INFO - 23/01/28 21:20:34 INFO Executor: Fetching file:///home/***/.ivy2/jars/org.xerial.snappy_snappy-java-1.1.8.2.jar with timestamp 1674940830418
[2023-01-28T21:20:34.990+0000] {spark_submit.py:495} INFO - 23/01/28 21:20:34 INFO Utils: /home/***/.ivy2/jars/org.xerial.snappy_snappy-java-1.1.8.2.jar has been previously copied to /tmp/spark-bad7d707-d078-4a32-bdf6-4c1b09a961eb/userFiles-5f445915-5878-4ff3-85be-c1a5b6228195/org.xerial.snappy_snappy-java-1.1.8.2.jar
[2023-01-28T21:20:35.010+0000] {spark_submit.py:495} INFO - 23/01/28 21:20:35 INFO Executor: Fetching file:///home/***/.ivy2/jars/org.mongodb_mongodb-driver-core-4.0.5.jar with timestamp 1674940830418
[2023-01-28T21:20:35.012+0000] {spark_submit.py:495} INFO - 23/01/28 21:20:35 INFO Utils: /home/***/.ivy2/jars/org.mongodb_mongodb-driver-core-4.0.5.jar has been previously copied to /tmp/spark-bad7d707-d078-4a32-bdf6-4c1b09a961eb/userFiles-5f445915-5878-4ff3-85be-c1a5b6228195/org.mongodb_mongodb-driver-core-4.0.5.jar
[2023-01-28T21:20:35.030+0000] {spark_submit.py:495} INFO - 23/01/28 21:20:35 INFO Executor: Fetching file:///home/***/.ivy2/jars/org.apache.spark_spark-sql-kafka-0-10_2.12-3.1.3.jar with timestamp 1674940830418
[2023-01-28T21:20:35.031+0000] {spark_submit.py:495} INFO - 23/01/28 21:20:35 INFO Utils: /home/***/.ivy2/jars/org.apache.spark_spark-sql-kafka-0-10_2.12-3.1.3.jar has been previously copied to /tmp/spark-bad7d707-d078-4a32-bdf6-4c1b09a961eb/userFiles-5f445915-5878-4ff3-85be-c1a5b6228195/org.apache.spark_spark-sql-kafka-0-10_2.12-3.1.3.jar
[2023-01-28T21:20:35.039+0000] {spark_submit.py:495} INFO - 23/01/28 21:20:35 INFO Executor: Fetching file:///home/***/.ivy2/jars/org.mongodb.spark_mongo-spark-connector_2.12-3.0.1.jar with timestamp 1674940830418
[2023-01-28T21:20:35.039+0000] {spark_submit.py:495} INFO - 23/01/28 21:20:35 INFO Utils: /home/***/.ivy2/jars/org.mongodb.spark_mongo-spark-connector_2.12-3.0.1.jar has been previously copied to /tmp/spark-bad7d707-d078-4a32-bdf6-4c1b09a961eb/userFiles-5f445915-5878-4ff3-85be-c1a5b6228195/org.mongodb.spark_mongo-spark-connector_2.12-3.0.1.jar
[2023-01-28T21:20:35.050+0000] {spark_submit.py:495} INFO - 23/01/28 21:20:35 INFO Executor: Fetching file:///home/***/.ivy2/jars/org.apache.commons_commons-pool2-2.6.2.jar with timestamp 1674940830418
[2023-01-28T21:20:35.050+0000] {spark_submit.py:495} INFO - 23/01/28 21:20:35 INFO Utils: /home/***/.ivy2/jars/org.apache.commons_commons-pool2-2.6.2.jar has been previously copied to /tmp/spark-bad7d707-d078-4a32-bdf6-4c1b09a961eb/userFiles-5f445915-5878-4ff3-85be-c1a5b6228195/org.apache.commons_commons-pool2-2.6.2.jar
[2023-01-28T21:20:35.057+0000] {spark_submit.py:495} INFO - 23/01/28 21:20:35 INFO Executor: Fetching file:///home/***/.ivy2/jars/org.slf4j_slf4j-api-1.7.30.jar with timestamp 1674940830418
[2023-01-28T21:20:35.057+0000] {spark_submit.py:495} INFO - 23/01/28 21:20:35 INFO Utils: /home/***/.ivy2/jars/org.slf4j_slf4j-api-1.7.30.jar has been previously copied to /tmp/spark-bad7d707-d078-4a32-bdf6-4c1b09a961eb/userFiles-5f445915-5878-4ff3-85be-c1a5b6228195/org.slf4j_slf4j-api-1.7.30.jar
[2023-01-28T21:20:35.073+0000] {spark_submit.py:495} INFO - 23/01/28 21:20:35 INFO Executor: Fetching spark://502660defd2e:44295/jars/org.apache.spark_spark-sql-kafka-0-10_2.12-3.1.3.jar with timestamp 1674940830418
[2023-01-28T21:20:35.163+0000] {spark_submit.py:495} INFO - 23/01/28 21:20:35 INFO TransportClientFactory: Successfully created connection to 502660defd2e/172.23.0.6:44295 after 64 ms (0 ms spent in bootstraps)
[2023-01-28T21:20:35.219+0000] {spark_submit.py:495} INFO - 23/01/28 21:20:35 INFO Utils: Fetching spark://502660defd2e:44295/jars/org.apache.spark_spark-sql-kafka-0-10_2.12-3.1.3.jar to /tmp/spark-bad7d707-d078-4a32-bdf6-4c1b09a961eb/userFiles-5f445915-5878-4ff3-85be-c1a5b6228195/fetchFileTemp3967525635359036507.tmp
[2023-01-28T21:20:35.276+0000] {spark_submit.py:495} INFO - 23/01/28 21:20:35 INFO Utils: /tmp/spark-bad7d707-d078-4a32-bdf6-4c1b09a961eb/userFiles-5f445915-5878-4ff3-85be-c1a5b6228195/fetchFileTemp3967525635359036507.tmp has been previously copied to /tmp/spark-bad7d707-d078-4a32-bdf6-4c1b09a961eb/userFiles-5f445915-5878-4ff3-85be-c1a5b6228195/org.apache.spark_spark-sql-kafka-0-10_2.12-3.1.3.jar
[2023-01-28T21:20:35.307+0000] {spark_submit.py:495} INFO - 23/01/28 21:20:35 INFO Executor: Adding file:/tmp/spark-bad7d707-d078-4a32-bdf6-4c1b09a961eb/userFiles-5f445915-5878-4ff3-85be-c1a5b6228195/org.apache.spark_spark-sql-kafka-0-10_2.12-3.1.3.jar to class loader
[2023-01-28T21:20:35.307+0000] {spark_submit.py:495} INFO - 23/01/28 21:20:35 INFO Executor: Fetching spark://502660defd2e:44295/jars/org.apache.spark_spark-token-provider-kafka-0-10_2.12-3.1.3.jar with timestamp 1674940830418
[2023-01-28T21:20:35.311+0000] {spark_submit.py:495} INFO - 23/01/28 21:20:35 INFO Utils: Fetching spark://502660defd2e:44295/jars/org.apache.spark_spark-token-provider-kafka-0-10_2.12-3.1.3.jar to /tmp/spark-bad7d707-d078-4a32-bdf6-4c1b09a961eb/userFiles-5f445915-5878-4ff3-85be-c1a5b6228195/fetchFileTemp478961600120999538.tmp
[2023-01-28T21:20:35.311+0000] {spark_submit.py:495} INFO - 23/01/28 21:20:35 INFO Utils: /tmp/spark-bad7d707-d078-4a32-bdf6-4c1b09a961eb/userFiles-5f445915-5878-4ff3-85be-c1a5b6228195/fetchFileTemp478961600120999538.tmp has been previously copied to /tmp/spark-bad7d707-d078-4a32-bdf6-4c1b09a961eb/userFiles-5f445915-5878-4ff3-85be-c1a5b6228195/org.apache.spark_spark-token-provider-kafka-0-10_2.12-3.1.3.jar
[2023-01-28T21:20:35.326+0000] {spark_submit.py:495} INFO - 23/01/28 21:20:35 INFO Executor: Adding file:/tmp/spark-bad7d707-d078-4a32-bdf6-4c1b09a961eb/userFiles-5f445915-5878-4ff3-85be-c1a5b6228195/org.apache.spark_spark-token-provider-kafka-0-10_2.12-3.1.3.jar to class loader
[2023-01-28T21:20:35.326+0000] {spark_submit.py:495} INFO - 23/01/28 21:20:35 INFO Executor: Fetching spark://502660defd2e:44295/jars/org.mongodb_mongodb-driver-sync-4.0.5.jar with timestamp 1674940830418
[2023-01-28T21:20:35.326+0000] {spark_submit.py:495} INFO - 23/01/28 21:20:35 INFO Utils: Fetching spark://502660defd2e:44295/jars/org.mongodb_mongodb-driver-sync-4.0.5.jar to /tmp/spark-bad7d707-d078-4a32-bdf6-4c1b09a961eb/userFiles-5f445915-5878-4ff3-85be-c1a5b6228195/fetchFileTemp1162178729739633117.tmp
[2023-01-28T21:20:35.333+0000] {spark_submit.py:495} INFO - 23/01/28 21:20:35 INFO Utils: /tmp/spark-bad7d707-d078-4a32-bdf6-4c1b09a961eb/userFiles-5f445915-5878-4ff3-85be-c1a5b6228195/fetchFileTemp1162178729739633117.tmp has been previously copied to /tmp/spark-bad7d707-d078-4a32-bdf6-4c1b09a961eb/userFiles-5f445915-5878-4ff3-85be-c1a5b6228195/org.mongodb_mongodb-driver-sync-4.0.5.jar
[2023-01-28T21:20:35.344+0000] {spark_submit.py:495} INFO - 23/01/28 21:20:35 INFO Executor: Adding file:/tmp/spark-bad7d707-d078-4a32-bdf6-4c1b09a961eb/userFiles-5f445915-5878-4ff3-85be-c1a5b6228195/org.mongodb_mongodb-driver-sync-4.0.5.jar to class loader
[2023-01-28T21:20:35.344+0000] {spark_submit.py:495} INFO - 23/01/28 21:20:35 INFO Executor: Fetching spark://502660defd2e:44295/jars/org.mongodb_bson-4.0.5.jar with timestamp 1674940830418
[2023-01-28T21:20:35.344+0000] {spark_submit.py:495} INFO - 23/01/28 21:20:35 INFO Utils: Fetching spark://502660defd2e:44295/jars/org.mongodb_bson-4.0.5.jar to /tmp/spark-bad7d707-d078-4a32-bdf6-4c1b09a961eb/userFiles-5f445915-5878-4ff3-85be-c1a5b6228195/fetchFileTemp6198323922913293379.tmp
[2023-01-28T21:20:35.352+0000] {spark_submit.py:495} INFO - 23/01/28 21:20:35 INFO Utils: /tmp/spark-bad7d707-d078-4a32-bdf6-4c1b09a961eb/userFiles-5f445915-5878-4ff3-85be-c1a5b6228195/fetchFileTemp6198323922913293379.tmp has been previously copied to /tmp/spark-bad7d707-d078-4a32-bdf6-4c1b09a961eb/userFiles-5f445915-5878-4ff3-85be-c1a5b6228195/org.mongodb_bson-4.0.5.jar
[2023-01-28T21:20:35.364+0000] {spark_submit.py:495} INFO - 23/01/28 21:20:35 INFO Executor: Adding file:/tmp/spark-bad7d707-d078-4a32-bdf6-4c1b09a961eb/userFiles-5f445915-5878-4ff3-85be-c1a5b6228195/org.mongodb_bson-4.0.5.jar to class loader
[2023-01-28T21:20:35.364+0000] {spark_submit.py:495} INFO - 23/01/28 21:20:35 INFO Executor: Fetching spark://502660defd2e:44295/jars/org.apache.commons_commons-pool2-2.6.2.jar with timestamp 1674940830418
[2023-01-28T21:20:35.364+0000] {spark_submit.py:495} INFO - 23/01/28 21:20:35 INFO Utils: Fetching spark://502660defd2e:44295/jars/org.apache.commons_commons-pool2-2.6.2.jar to /tmp/spark-bad7d707-d078-4a32-bdf6-4c1b09a961eb/userFiles-5f445915-5878-4ff3-85be-c1a5b6228195/fetchFileTemp4409296031781039702.tmp
[2023-01-28T21:20:35.368+0000] {spark_submit.py:495} INFO - 23/01/28 21:20:35 INFO Utils: /tmp/spark-bad7d707-d078-4a32-bdf6-4c1b09a961eb/userFiles-5f445915-5878-4ff3-85be-c1a5b6228195/fetchFileTemp4409296031781039702.tmp has been previously copied to /tmp/spark-bad7d707-d078-4a32-bdf6-4c1b09a961eb/userFiles-5f445915-5878-4ff3-85be-c1a5b6228195/org.apache.commons_commons-pool2-2.6.2.jar
[2023-01-28T21:20:35.397+0000] {spark_submit.py:495} INFO - 23/01/28 21:20:35 INFO Executor: Adding file:/tmp/spark-bad7d707-d078-4a32-bdf6-4c1b09a961eb/userFiles-5f445915-5878-4ff3-85be-c1a5b6228195/org.apache.commons_commons-pool2-2.6.2.jar to class loader
[2023-01-28T21:20:35.398+0000] {spark_submit.py:495} INFO - 23/01/28 21:20:35 INFO Executor: Fetching spark://502660defd2e:44295/jars/org.lz4_lz4-java-1.7.1.jar with timestamp 1674940830418
[2023-01-28T21:20:35.398+0000] {spark_submit.py:495} INFO - 23/01/28 21:20:35 INFO Utils: Fetching spark://502660defd2e:44295/jars/org.lz4_lz4-java-1.7.1.jar to /tmp/spark-bad7d707-d078-4a32-bdf6-4c1b09a961eb/userFiles-5f445915-5878-4ff3-85be-c1a5b6228195/fetchFileTemp2676227024692320316.tmp
[2023-01-28T21:20:35.407+0000] {spark_submit.py:495} INFO - 23/01/28 21:20:35 INFO Utils: /tmp/spark-bad7d707-d078-4a32-bdf6-4c1b09a961eb/userFiles-5f445915-5878-4ff3-85be-c1a5b6228195/fetchFileTemp2676227024692320316.tmp has been previously copied to /tmp/spark-bad7d707-d078-4a32-bdf6-4c1b09a961eb/userFiles-5f445915-5878-4ff3-85be-c1a5b6228195/org.lz4_lz4-java-1.7.1.jar
[2023-01-28T21:20:35.458+0000] {spark_submit.py:495} INFO - 23/01/28 21:20:35 INFO Executor: Adding file:/tmp/spark-bad7d707-d078-4a32-bdf6-4c1b09a961eb/userFiles-5f445915-5878-4ff3-85be-c1a5b6228195/org.lz4_lz4-java-1.7.1.jar to class loader
[2023-01-28T21:20:35.458+0000] {spark_submit.py:495} INFO - 23/01/28 21:20:35 INFO Executor: Fetching spark://502660defd2e:44295/jars/org.mongodb.spark_mongo-spark-connector_2.12-3.0.1.jar with timestamp 1674940830418
[2023-01-28T21:20:35.458+0000] {spark_submit.py:495} INFO - 23/01/28 21:20:35 INFO Utils: Fetching spark://502660defd2e:44295/jars/org.mongodb.spark_mongo-spark-connector_2.12-3.0.1.jar to /tmp/spark-bad7d707-d078-4a32-bdf6-4c1b09a961eb/userFiles-5f445915-5878-4ff3-85be-c1a5b6228195/fetchFileTemp17185826732252630741.tmp
[2023-01-28T21:20:35.468+0000] {spark_submit.py:495} INFO - 23/01/28 21:20:35 INFO Utils: /tmp/spark-bad7d707-d078-4a32-bdf6-4c1b09a961eb/userFiles-5f445915-5878-4ff3-85be-c1a5b6228195/fetchFileTemp17185826732252630741.tmp has been previously copied to /tmp/spark-bad7d707-d078-4a32-bdf6-4c1b09a961eb/userFiles-5f445915-5878-4ff3-85be-c1a5b6228195/org.mongodb.spark_mongo-spark-connector_2.12-3.0.1.jar
[2023-01-28T21:20:35.489+0000] {spark_submit.py:495} INFO - 23/01/28 21:20:35 INFO Executor: Adding file:/tmp/spark-bad7d707-d078-4a32-bdf6-4c1b09a961eb/userFiles-5f445915-5878-4ff3-85be-c1a5b6228195/org.mongodb.spark_mongo-spark-connector_2.12-3.0.1.jar to class loader
[2023-01-28T21:20:35.490+0000] {spark_submit.py:495} INFO - 23/01/28 21:20:35 INFO Executor: Fetching spark://502660defd2e:44295/jars/com.github.luben_zstd-jni-1.4.8-1.jar with timestamp 1674940830418
[2023-01-28T21:20:35.490+0000] {spark_submit.py:495} INFO - 23/01/28 21:20:35 INFO Utils: Fetching spark://502660defd2e:44295/jars/com.github.luben_zstd-jni-1.4.8-1.jar to /tmp/spark-bad7d707-d078-4a32-bdf6-4c1b09a961eb/userFiles-5f445915-5878-4ff3-85be-c1a5b6228195/fetchFileTemp9347377472998738745.tmp
[2023-01-28T21:20:35.560+0000] {spark_submit.py:495} INFO - 23/01/28 21:20:35 INFO Utils: /tmp/spark-bad7d707-d078-4a32-bdf6-4c1b09a961eb/userFiles-5f445915-5878-4ff3-85be-c1a5b6228195/fetchFileTemp9347377472998738745.tmp has been previously copied to /tmp/spark-bad7d707-d078-4a32-bdf6-4c1b09a961eb/userFiles-5f445915-5878-4ff3-85be-c1a5b6228195/com.github.luben_zstd-jni-1.4.8-1.jar
[2023-01-28T21:20:35.594+0000] {spark_submit.py:495} INFO - 23/01/28 21:20:35 INFO Executor: Adding file:/tmp/spark-bad7d707-d078-4a32-bdf6-4c1b09a961eb/userFiles-5f445915-5878-4ff3-85be-c1a5b6228195/com.github.luben_zstd-jni-1.4.8-1.jar to class loader
[2023-01-28T21:20:35.594+0000] {spark_submit.py:495} INFO - 23/01/28 21:20:35 INFO Executor: Fetching spark://502660defd2e:44295/jars/org.spark-project.spark_unused-1.0.0.jar with timestamp 1674940830418
[2023-01-28T21:20:35.594+0000] {spark_submit.py:495} INFO - 23/01/28 21:20:35 INFO Utils: Fetching spark://502660defd2e:44295/jars/org.spark-project.spark_unused-1.0.0.jar to /tmp/spark-bad7d707-d078-4a32-bdf6-4c1b09a961eb/userFiles-5f445915-5878-4ff3-85be-c1a5b6228195/fetchFileTemp9894748191022604484.tmp
[2023-01-28T21:20:35.594+0000] {spark_submit.py:495} INFO - 23/01/28 21:20:35 INFO Utils: /tmp/spark-bad7d707-d078-4a32-bdf6-4c1b09a961eb/userFiles-5f445915-5878-4ff3-85be-c1a5b6228195/fetchFileTemp9894748191022604484.tmp has been previously copied to /tmp/spark-bad7d707-d078-4a32-bdf6-4c1b09a961eb/userFiles-5f445915-5878-4ff3-85be-c1a5b6228195/org.spark-project.spark_unused-1.0.0.jar
[2023-01-28T21:20:35.635+0000] {spark_submit.py:495} INFO - 23/01/28 21:20:35 INFO Executor: Adding file:/tmp/spark-bad7d707-d078-4a32-bdf6-4c1b09a961eb/userFiles-5f445915-5878-4ff3-85be-c1a5b6228195/org.spark-project.spark_unused-1.0.0.jar to class loader
[2023-01-28T21:20:35.635+0000] {spark_submit.py:495} INFO - 23/01/28 21:20:35 INFO Executor: Fetching spark://502660defd2e:44295/jars/org.apache.kafka_kafka-clients-2.6.0.jar with timestamp 1674940830418
[2023-01-28T21:20:35.636+0000] {spark_submit.py:495} INFO - 23/01/28 21:20:35 INFO Utils: Fetching spark://502660defd2e:44295/jars/org.apache.kafka_kafka-clients-2.6.0.jar to /tmp/spark-bad7d707-d078-4a32-bdf6-4c1b09a961eb/userFiles-5f445915-5878-4ff3-85be-c1a5b6228195/fetchFileTemp9034840469157633833.tmp
[2023-01-28T21:20:35.659+0000] {spark_submit.py:495} INFO - 23/01/28 21:20:35 INFO Utils: /tmp/spark-bad7d707-d078-4a32-bdf6-4c1b09a961eb/userFiles-5f445915-5878-4ff3-85be-c1a5b6228195/fetchFileTemp9034840469157633833.tmp has been previously copied to /tmp/spark-bad7d707-d078-4a32-bdf6-4c1b09a961eb/userFiles-5f445915-5878-4ff3-85be-c1a5b6228195/org.apache.kafka_kafka-clients-2.6.0.jar
[2023-01-28T21:20:35.683+0000] {spark_submit.py:495} INFO - 23/01/28 21:20:35 INFO Executor: Adding file:/tmp/spark-bad7d707-d078-4a32-bdf6-4c1b09a961eb/userFiles-5f445915-5878-4ff3-85be-c1a5b6228195/org.apache.kafka_kafka-clients-2.6.0.jar to class loader
[2023-01-28T21:20:35.683+0000] {spark_submit.py:495} INFO - 23/01/28 21:20:35 INFO Executor: Fetching spark://502660defd2e:44295/jars/org.slf4j_slf4j-api-1.7.30.jar with timestamp 1674940830418
[2023-01-28T21:20:35.684+0000] {spark_submit.py:495} INFO - 23/01/28 21:20:35 INFO Utils: Fetching spark://502660defd2e:44295/jars/org.slf4j_slf4j-api-1.7.30.jar to /tmp/spark-bad7d707-d078-4a32-bdf6-4c1b09a961eb/userFiles-5f445915-5878-4ff3-85be-c1a5b6228195/fetchFileTemp17095327172296803234.tmp
[2023-01-28T21:20:35.684+0000] {spark_submit.py:495} INFO - 23/01/28 21:20:35 INFO Utils: /tmp/spark-bad7d707-d078-4a32-bdf6-4c1b09a961eb/userFiles-5f445915-5878-4ff3-85be-c1a5b6228195/fetchFileTemp17095327172296803234.tmp has been previously copied to /tmp/spark-bad7d707-d078-4a32-bdf6-4c1b09a961eb/userFiles-5f445915-5878-4ff3-85be-c1a5b6228195/org.slf4j_slf4j-api-1.7.30.jar
[2023-01-28T21:20:35.702+0000] {spark_submit.py:495} INFO - 23/01/28 21:20:35 INFO Executor: Adding file:/tmp/spark-bad7d707-d078-4a32-bdf6-4c1b09a961eb/userFiles-5f445915-5878-4ff3-85be-c1a5b6228195/org.slf4j_slf4j-api-1.7.30.jar to class loader
[2023-01-28T21:20:35.703+0000] {spark_submit.py:495} INFO - 23/01/28 21:20:35 INFO Executor: Fetching spark://502660defd2e:44295/jars/org.xerial.snappy_snappy-java-1.1.8.2.jar with timestamp 1674940830418
[2023-01-28T21:20:35.705+0000] {spark_submit.py:495} INFO - 23/01/28 21:20:35 INFO Utils: Fetching spark://502660defd2e:44295/jars/org.xerial.snappy_snappy-java-1.1.8.2.jar to /tmp/spark-bad7d707-d078-4a32-bdf6-4c1b09a961eb/userFiles-5f445915-5878-4ff3-85be-c1a5b6228195/fetchFileTemp6421942713762071516.tmp
[2023-01-28T21:20:35.722+0000] {spark_submit.py:495} INFO - 23/01/28 21:20:35 INFO Utils: /tmp/spark-bad7d707-d078-4a32-bdf6-4c1b09a961eb/userFiles-5f445915-5878-4ff3-85be-c1a5b6228195/fetchFileTemp6421942713762071516.tmp has been previously copied to /tmp/spark-bad7d707-d078-4a32-bdf6-4c1b09a961eb/userFiles-5f445915-5878-4ff3-85be-c1a5b6228195/org.xerial.snappy_snappy-java-1.1.8.2.jar
[2023-01-28T21:20:35.750+0000] {spark_submit.py:495} INFO - 23/01/28 21:20:35 INFO Executor: Adding file:/tmp/spark-bad7d707-d078-4a32-bdf6-4c1b09a961eb/userFiles-5f445915-5878-4ff3-85be-c1a5b6228195/org.xerial.snappy_snappy-java-1.1.8.2.jar to class loader
[2023-01-28T21:20:35.750+0000] {spark_submit.py:495} INFO - 23/01/28 21:20:35 INFO Executor: Fetching spark://502660defd2e:44295/jars/org.mongodb_mongodb-driver-core-4.0.5.jar with timestamp 1674940830418
[2023-01-28T21:20:35.750+0000] {spark_submit.py:495} INFO - 23/01/28 21:20:35 INFO Utils: Fetching spark://502660defd2e:44295/jars/org.mongodb_mongodb-driver-core-4.0.5.jar to /tmp/spark-bad7d707-d078-4a32-bdf6-4c1b09a961eb/userFiles-5f445915-5878-4ff3-85be-c1a5b6228195/fetchFileTemp4621917317666215645.tmp
[2023-01-28T21:20:35.756+0000] {spark_submit.py:495} INFO - 23/01/28 21:20:35 INFO Utils: /tmp/spark-bad7d707-d078-4a32-bdf6-4c1b09a961eb/userFiles-5f445915-5878-4ff3-85be-c1a5b6228195/fetchFileTemp4621917317666215645.tmp has been previously copied to /tmp/spark-bad7d707-d078-4a32-bdf6-4c1b09a961eb/userFiles-5f445915-5878-4ff3-85be-c1a5b6228195/org.mongodb_mongodb-driver-core-4.0.5.jar
[2023-01-28T21:20:35.796+0000] {spark_submit.py:495} INFO - 23/01/28 21:20:35 INFO Executor: Adding file:/tmp/spark-bad7d707-d078-4a32-bdf6-4c1b09a961eb/userFiles-5f445915-5878-4ff3-85be-c1a5b6228195/org.mongodb_mongodb-driver-core-4.0.5.jar to class loader
[2023-01-28T21:20:35.851+0000] {spark_submit.py:495} INFO - 23/01/28 21:20:35 INFO Utils: Successfully started service 'org.apache.spark.network.netty.NettyBlockTransferService' on port 44439.
[2023-01-28T21:20:35.852+0000] {spark_submit.py:495} INFO - 23/01/28 21:20:35 INFO NettyBlockTransferService: Server created on 502660defd2e:44439
[2023-01-28T21:20:35.852+0000] {spark_submit.py:495} INFO - 23/01/28 21:20:35 INFO BlockManager: Using org.apache.spark.storage.RandomBlockReplicationPolicy for block replication policy
[2023-01-28T21:20:35.856+0000] {spark_submit.py:495} INFO - 23/01/28 21:20:35 INFO BlockManagerMaster: Registering BlockManager BlockManagerId(driver, 502660defd2e, 44439, None)
[2023-01-28T21:20:35.859+0000] {spark_submit.py:495} INFO - 23/01/28 21:20:35 INFO BlockManagerMasterEndpoint: Registering block manager 502660defd2e:44439 with 434.4 MiB RAM, BlockManagerId(driver, 502660defd2e, 44439, None)
[2023-01-28T21:20:35.861+0000] {spark_submit.py:495} INFO - 23/01/28 21:20:35 INFO BlockManagerMaster: Registered BlockManager BlockManagerId(driver, 502660defd2e, 44439, None)
[2023-01-28T21:20:35.863+0000] {spark_submit.py:495} INFO - 23/01/28 21:20:35 INFO BlockManager: Initialized BlockManager: BlockManagerId(driver, 502660defd2e, 44439, None)
[2023-01-28T21:20:43.334+0000] {spark_submit.py:495} INFO - 2023-01-28 21:20:43,328 - py4j.java_gateway - INFO - Callback Server Starting
[2023-01-28T21:20:43.334+0000] {spark_submit.py:495} INFO - 2023-01-28 21:20:43,328 - py4j.java_gateway - INFO - Socket listening on ('127.0.0.1', 34481)
