[2023-01-26T23:25:19.790+0000] {taskinstance.py:1087} INFO - Dependencies all met for <TaskInstance: Streaming_pipeline_meli.consumer_data_of_topic manual__2023-01-23T22:03:04.495188+00:00 [queued]>
[2023-01-26T23:25:19.809+0000] {taskinstance.py:1087} INFO - Dependencies all met for <TaskInstance: Streaming_pipeline_meli.consumer_data_of_topic manual__2023-01-23T22:03:04.495188+00:00 [queued]>
[2023-01-26T23:25:19.810+0000] {taskinstance.py:1283} INFO - 
--------------------------------------------------------------------------------
[2023-01-26T23:25:19.810+0000] {taskinstance.py:1284} INFO - Starting attempt 266 of 271
[2023-01-26T23:25:19.810+0000] {taskinstance.py:1285} INFO - 
--------------------------------------------------------------------------------
[2023-01-26T23:25:19.823+0000] {taskinstance.py:1304} INFO - Executing <Task(SparkSubmitOperator): consumer_data_of_topic> on 2023-01-23 22:03:04.495188+00:00
[2023-01-26T23:25:19.828+0000] {standard_task_runner.py:55} INFO - Started process 31898 to run task
[2023-01-26T23:25:19.830+0000] {standard_task_runner.py:82} INFO - Running: ['***', 'tasks', 'run', 'Streaming_pipeline_meli', 'consumer_data_of_topic', 'manual__2023-01-23T22:03:04.495188+00:00', '--job-id', '1070', '--raw', '--subdir', 'DAGS_FOLDER/producer_dag.py', '--cfg-path', '/tmp/tmpgpbiwqvp']
[2023-01-26T23:25:19.831+0000] {standard_task_runner.py:83} INFO - Job 1070: Subtask consumer_data_of_topic
[2023-01-26T23:25:19.886+0000] {task_command.py:389} INFO - Running <TaskInstance: Streaming_pipeline_meli.consumer_data_of_topic manual__2023-01-23T22:03:04.495188+00:00 [running]> on host f1cbb5df32e6
[2023-01-26T23:25:19.946+0000] {taskinstance.py:1513} INFO - Exporting the following env vars:
AIRFLOW_CTX_DAG_OWNER=***
AIRFLOW_CTX_DAG_ID=Streaming_pipeline_meli
AIRFLOW_CTX_TASK_ID=consumer_data_of_topic
AIRFLOW_CTX_EXECUTION_DATE=2023-01-23T22:03:04.495188+00:00
AIRFLOW_CTX_TRY_NUMBER=266
AIRFLOW_CTX_DAG_RUN_ID=manual__2023-01-23T22:03:04.495188+00:00
[2023-01-26T23:25:19.953+0000] {base.py:73} INFO - Using connection ID 'spark_default' for task execution.
[2023-01-26T23:25:19.955+0000] {spark_submit.py:344} INFO - Spark-Submit cmd: spark-submit --master spark://tomi-H310:7077 --packages org.apache.spark:spark-sql-kafka-0-10_2.12:3.1.3,org.mongodb.spark:mongo-spark-connector_2.12:3.0.1 --name arrow-spark --queue root.default /opt/***/dags/consumerSpark.py
[2023-01-26T23:25:20.059+0000] {spark_submit.py:495} INFO - /home/***/.local/lib/python3.7/site-packages/pyspark/bin/load-spark-env.sh: line 68: ps: command not found
[2023-01-26T23:25:21.627+0000] {spark_submit.py:495} INFO - :: loading settings :: url = jar:file:/home/***/.local/lib/python3.7/site-packages/pyspark/jars/ivy-2.5.0.jar!/org/apache/ivy/core/settings/ivysettings.xml
[2023-01-26T23:25:21.684+0000] {spark_submit.py:495} INFO - Ivy Default Cache set to: /home/***/.ivy2/cache
[2023-01-26T23:25:21.684+0000] {spark_submit.py:495} INFO - The jars for the packages stored in: /home/***/.ivy2/jars
[2023-01-26T23:25:21.688+0000] {spark_submit.py:495} INFO - org.apache.spark#spark-sql-kafka-0-10_2.12 added as a dependency
[2023-01-26T23:25:21.688+0000] {spark_submit.py:495} INFO - org.mongodb.spark#mongo-spark-connector_2.12 added as a dependency
[2023-01-26T23:25:21.689+0000] {spark_submit.py:495} INFO - :: resolving dependencies :: org.apache.spark#spark-submit-parent-60ff83bc-9720-4e00-80a5-c9030a911062;1.0
[2023-01-26T23:25:21.689+0000] {spark_submit.py:495} INFO - confs: [default]
[2023-01-26T23:25:21.818+0000] {spark_submit.py:495} INFO - found org.apache.spark#spark-sql-kafka-0-10_2.12;3.1.3 in central
[2023-01-26T23:25:21.871+0000] {spark_submit.py:495} INFO - found org.apache.spark#spark-token-provider-kafka-0-10_2.12;3.1.3 in central
[2023-01-26T23:25:21.895+0000] {spark_submit.py:495} INFO - found org.apache.kafka#kafka-clients;2.6.0 in central
[2023-01-26T23:25:21.915+0000] {spark_submit.py:495} INFO - found com.github.luben#zstd-jni;1.4.8-1 in central
[2023-01-26T23:25:21.931+0000] {spark_submit.py:495} INFO - found org.lz4#lz4-java;1.7.1 in central
[2023-01-26T23:25:21.946+0000] {spark_submit.py:495} INFO - found org.xerial.snappy#snappy-java;1.1.8.2 in central
[2023-01-26T23:25:21.960+0000] {spark_submit.py:495} INFO - found org.slf4j#slf4j-api;1.7.30 in central
[2023-01-26T23:25:21.974+0000] {spark_submit.py:495} INFO - found org.spark-project.spark#unused;1.0.0 in central
[2023-01-26T23:25:21.987+0000] {spark_submit.py:495} INFO - found org.apache.commons#commons-pool2;2.6.2 in central
[2023-01-26T23:25:21.999+0000] {spark_submit.py:495} INFO - found org.mongodb.spark#mongo-spark-connector_2.12;3.0.1 in central
[2023-01-26T23:25:22.009+0000] {spark_submit.py:495} INFO - found org.mongodb#mongodb-driver-sync;4.0.5 in central
[2023-01-26T23:25:22.019+0000] {spark_submit.py:495} INFO - found org.mongodb#bson;4.0.5 in central
[2023-01-26T23:25:22.029+0000] {spark_submit.py:495} INFO - found org.mongodb#mongodb-driver-core;4.0.5 in central
[2023-01-26T23:25:22.057+0000] {spark_submit.py:495} INFO - :: resolution report :: resolve 355ms :: artifacts dl 13ms
[2023-01-26T23:25:22.057+0000] {spark_submit.py:495} INFO - :: modules in use:
[2023-01-26T23:25:22.058+0000] {spark_submit.py:495} INFO - com.github.luben#zstd-jni;1.4.8-1 from central in [default]
[2023-01-26T23:25:22.058+0000] {spark_submit.py:495} INFO - org.apache.commons#commons-pool2;2.6.2 from central in [default]
[2023-01-26T23:25:22.058+0000] {spark_submit.py:495} INFO - org.apache.kafka#kafka-clients;2.6.0 from central in [default]
[2023-01-26T23:25:22.058+0000] {spark_submit.py:495} INFO - org.apache.spark#spark-sql-kafka-0-10_2.12;3.1.3 from central in [default]
[2023-01-26T23:25:22.059+0000] {spark_submit.py:495} INFO - org.apache.spark#spark-token-provider-kafka-0-10_2.12;3.1.3 from central in [default]
[2023-01-26T23:25:22.059+0000] {spark_submit.py:495} INFO - org.lz4#lz4-java;1.7.1 from central in [default]
[2023-01-26T23:25:22.060+0000] {spark_submit.py:495} INFO - org.mongodb#bson;4.0.5 from central in [default]
[2023-01-26T23:25:22.060+0000] {spark_submit.py:495} INFO - org.mongodb#mongodb-driver-core;4.0.5 from central in [default]
[2023-01-26T23:25:22.060+0000] {spark_submit.py:495} INFO - org.mongodb#mongodb-driver-sync;4.0.5 from central in [default]
[2023-01-26T23:25:22.060+0000] {spark_submit.py:495} INFO - org.mongodb.spark#mongo-spark-connector_2.12;3.0.1 from central in [default]
[2023-01-26T23:25:22.061+0000] {spark_submit.py:495} INFO - org.slf4j#slf4j-api;1.7.30 from central in [default]
[2023-01-26T23:25:22.061+0000] {spark_submit.py:495} INFO - org.spark-project.spark#unused;1.0.0 from central in [default]
[2023-01-26T23:25:22.061+0000] {spark_submit.py:495} INFO - org.xerial.snappy#snappy-java;1.1.8.2 from central in [default]
[2023-01-26T23:25:22.061+0000] {spark_submit.py:495} INFO - ---------------------------------------------------------------------
[2023-01-26T23:25:22.062+0000] {spark_submit.py:495} INFO - |                  |            modules            ||   artifacts   |
[2023-01-26T23:25:22.062+0000] {spark_submit.py:495} INFO - |       conf       | number| search|dwnlded|evicted|| number|dwnlded|
[2023-01-26T23:25:22.062+0000] {spark_submit.py:495} INFO - ---------------------------------------------------------------------
[2023-01-26T23:25:22.063+0000] {spark_submit.py:495} INFO - |      default     |   13  |   0   |   0   |   0   ||   13  |   0   |
[2023-01-26T23:25:22.063+0000] {spark_submit.py:495} INFO - ---------------------------------------------------------------------
[2023-01-26T23:25:22.068+0000] {spark_submit.py:495} INFO - :: retrieving :: org.apache.spark#spark-submit-parent-60ff83bc-9720-4e00-80a5-c9030a911062
[2023-01-26T23:25:22.068+0000] {spark_submit.py:495} INFO - confs: [default]
[2023-01-26T23:25:22.075+0000] {spark_submit.py:495} INFO - 0 artifacts copied, 13 already retrieved (0kB/7ms)
[2023-01-26T23:25:22.292+0000] {spark_submit.py:495} INFO - 23/01/26 23:25:22 WARN NativeCodeLoader: Unable to load native-hadoop library for your platform... using builtin-java classes where applicable
[2023-01-26T23:25:23.885+0000] {spark_submit.py:495} INFO - 23/01/26 23:25:23 INFO SparkContext: Running Spark version 3.3.1
[2023-01-26T23:25:23.903+0000] {spark_submit.py:495} INFO - 23/01/26 23:25:23 INFO ResourceUtils: ==============================================================
[2023-01-26T23:25:23.903+0000] {spark_submit.py:495} INFO - 23/01/26 23:25:23 INFO ResourceUtils: No custom resources configured for spark.driver.
[2023-01-26T23:25:23.903+0000] {spark_submit.py:495} INFO - 23/01/26 23:25:23 INFO ResourceUtils: ==============================================================
[2023-01-26T23:25:23.904+0000] {spark_submit.py:495} INFO - 23/01/26 23:25:23 INFO SparkContext: Submitted application: arrow-spark
[2023-01-26T23:25:23.919+0000] {spark_submit.py:495} INFO - 23/01/26 23:25:23 INFO ResourceProfile: Default ResourceProfile created, executor resources: Map(cores -> name: cores, amount: 1, script: , vendor: , memory -> name: memory, amount: 1024, script: , vendor: , offHeap -> name: offHeap, amount: 0, script: , vendor: ), task resources: Map(cpus -> name: cpus, amount: 1.0)
[2023-01-26T23:25:23.930+0000] {spark_submit.py:495} INFO - 23/01/26 23:25:23 INFO ResourceProfile: Limiting resource is cpu
[2023-01-26T23:25:23.931+0000] {spark_submit.py:495} INFO - 23/01/26 23:25:23 INFO ResourceProfileManager: Added ResourceProfile id: 0
[2023-01-26T23:25:23.971+0000] {spark_submit.py:495} INFO - 23/01/26 23:25:23 INFO SecurityManager: Changing view acls to: default
[2023-01-26T23:25:23.971+0000] {spark_submit.py:495} INFO - 23/01/26 23:25:23 INFO SecurityManager: Changing modify acls to: default
[2023-01-26T23:25:23.972+0000] {spark_submit.py:495} INFO - 23/01/26 23:25:23 INFO SecurityManager: Changing view acls groups to:
[2023-01-26T23:25:23.972+0000] {spark_submit.py:495} INFO - 23/01/26 23:25:23 INFO SecurityManager: Changing modify acls groups to:
[2023-01-26T23:25:23.972+0000] {spark_submit.py:495} INFO - 23/01/26 23:25:23 INFO SecurityManager: SecurityManager: authentication disabled; ui acls disabled; users  with view permissions: Set(default); groups with view permissions: Set(); users  with modify permissions: Set(default); groups with modify permissions: Set()
[2023-01-26T23:25:24.204+0000] {spark_submit.py:495} INFO - 23/01/26 23:25:24 INFO Utils: Successfully started service 'sparkDriver' on port 39037.
[2023-01-26T23:25:24.230+0000] {spark_submit.py:495} INFO - 23/01/26 23:25:24 INFO SparkEnv: Registering MapOutputTracker
[2023-01-26T23:25:24.255+0000] {spark_submit.py:495} INFO - 23/01/26 23:25:24 INFO SparkEnv: Registering BlockManagerMaster
[2023-01-26T23:25:24.269+0000] {spark_submit.py:495} INFO - 23/01/26 23:25:24 INFO BlockManagerMasterEndpoint: Using org.apache.spark.storage.DefaultTopologyMapper for getting topology information
[2023-01-26T23:25:24.269+0000] {spark_submit.py:495} INFO - 23/01/26 23:25:24 INFO BlockManagerMasterEndpoint: BlockManagerMasterEndpoint up
[2023-01-26T23:25:24.272+0000] {spark_submit.py:495} INFO - 23/01/26 23:25:24 INFO SparkEnv: Registering BlockManagerMasterHeartbeat
[2023-01-26T23:25:24.291+0000] {spark_submit.py:495} INFO - 23/01/26 23:25:24 INFO DiskBlockManager: Created local directory at /tmp/blockmgr-5ca0de41-f044-42b0-968e-b2b30ff50373
[2023-01-26T23:25:24.307+0000] {spark_submit.py:495} INFO - 23/01/26 23:25:24 INFO MemoryStore: MemoryStore started with capacity 434.4 MiB
[2023-01-26T23:25:24.332+0000] {spark_submit.py:495} INFO - 23/01/26 23:25:24 INFO SparkEnv: Registering OutputCommitCoordinator
[2023-01-26T23:25:24.513+0000] {spark_submit.py:495} INFO - 23/01/26 23:25:24 INFO Utils: Successfully started service 'SparkUI' on port 4040.
[2023-01-26T23:25:24.545+0000] {spark_submit.py:495} INFO - 23/01/26 23:25:24 INFO SparkContext: Added JAR file:///home/***/.ivy2/jars/org.apache.spark_spark-sql-kafka-0-10_2.12-3.1.3.jar at spark://f1cbb5df32e6:39037/jars/org.apache.spark_spark-sql-kafka-0-10_2.12-3.1.3.jar with timestamp 1674775523878
[2023-01-26T23:25:24.547+0000] {spark_submit.py:495} INFO - 23/01/26 23:25:24 INFO SparkContext: Added JAR file:///home/***/.ivy2/jars/org.mongodb.spark_mongo-spark-connector_2.12-3.0.1.jar at spark://f1cbb5df32e6:39037/jars/org.mongodb.spark_mongo-spark-connector_2.12-3.0.1.jar with timestamp 1674775523878
[2023-01-26T23:25:24.549+0000] {spark_submit.py:495} INFO - 23/01/26 23:25:24 INFO SparkContext: Added JAR file:///home/***/.ivy2/jars/org.apache.spark_spark-token-provider-kafka-0-10_2.12-3.1.3.jar at spark://f1cbb5df32e6:39037/jars/org.apache.spark_spark-token-provider-kafka-0-10_2.12-3.1.3.jar with timestamp 1674775523878
[2023-01-26T23:25:24.552+0000] {spark_submit.py:495} INFO - 23/01/26 23:25:24 INFO SparkContext: Added JAR file:///home/***/.ivy2/jars/org.apache.kafka_kafka-clients-2.6.0.jar at spark://f1cbb5df32e6:39037/jars/org.apache.kafka_kafka-clients-2.6.0.jar with timestamp 1674775523878
[2023-01-26T23:25:24.552+0000] {spark_submit.py:495} INFO - 23/01/26 23:25:24 INFO SparkContext: Added JAR file:///home/***/.ivy2/jars/org.apache.commons_commons-pool2-2.6.2.jar at spark://f1cbb5df32e6:39037/jars/org.apache.commons_commons-pool2-2.6.2.jar with timestamp 1674775523878
[2023-01-26T23:25:24.552+0000] {spark_submit.py:495} INFO - 23/01/26 23:25:24 INFO SparkContext: Added JAR file:///home/***/.ivy2/jars/org.spark-project.spark_unused-1.0.0.jar at spark://f1cbb5df32e6:39037/jars/org.spark-project.spark_unused-1.0.0.jar with timestamp 1674775523878
[2023-01-26T23:25:24.552+0000] {spark_submit.py:495} INFO - 23/01/26 23:25:24 INFO SparkContext: Added JAR file:///home/***/.ivy2/jars/com.github.luben_zstd-jni-1.4.8-1.jar at spark://f1cbb5df32e6:39037/jars/com.github.luben_zstd-jni-1.4.8-1.jar with timestamp 1674775523878
[2023-01-26T23:25:24.552+0000] {spark_submit.py:495} INFO - 23/01/26 23:25:24 INFO SparkContext: Added JAR file:///home/***/.ivy2/jars/org.lz4_lz4-java-1.7.1.jar at spark://f1cbb5df32e6:39037/jars/org.lz4_lz4-java-1.7.1.jar with timestamp 1674775523878
[2023-01-26T23:25:24.553+0000] {spark_submit.py:495} INFO - 23/01/26 23:25:24 INFO SparkContext: Added JAR file:///home/***/.ivy2/jars/org.xerial.snappy_snappy-java-1.1.8.2.jar at spark://f1cbb5df32e6:39037/jars/org.xerial.snappy_snappy-java-1.1.8.2.jar with timestamp 1674775523878
[2023-01-26T23:25:24.553+0000] {spark_submit.py:495} INFO - 23/01/26 23:25:24 INFO SparkContext: Added JAR file:///home/***/.ivy2/jars/org.slf4j_slf4j-api-1.7.30.jar at spark://f1cbb5df32e6:39037/jars/org.slf4j_slf4j-api-1.7.30.jar with timestamp 1674775523878
[2023-01-26T23:25:24.553+0000] {spark_submit.py:495} INFO - 23/01/26 23:25:24 INFO SparkContext: Added JAR file:///home/***/.ivy2/jars/org.mongodb_mongodb-driver-sync-4.0.5.jar at spark://f1cbb5df32e6:39037/jars/org.mongodb_mongodb-driver-sync-4.0.5.jar with timestamp 1674775523878
[2023-01-26T23:25:24.553+0000] {spark_submit.py:495} INFO - 23/01/26 23:25:24 INFO SparkContext: Added JAR file:///home/***/.ivy2/jars/org.mongodb_bson-4.0.5.jar at spark://f1cbb5df32e6:39037/jars/org.mongodb_bson-4.0.5.jar with timestamp 1674775523878
[2023-01-26T23:25:24.553+0000] {spark_submit.py:495} INFO - 23/01/26 23:25:24 INFO SparkContext: Added JAR file:///home/***/.ivy2/jars/org.mongodb_mongodb-driver-core-4.0.5.jar at spark://f1cbb5df32e6:39037/jars/org.mongodb_mongodb-driver-core-4.0.5.jar with timestamp 1674775523878
[2023-01-26T23:25:24.553+0000] {spark_submit.py:495} INFO - 23/01/26 23:25:24 INFO SparkContext: Added file file:///home/***/.ivy2/jars/org.apache.spark_spark-sql-kafka-0-10_2.12-3.1.3.jar at file:///home/***/.ivy2/jars/org.apache.spark_spark-sql-kafka-0-10_2.12-3.1.3.jar with timestamp 1674775523878
[2023-01-26T23:25:24.553+0000] {spark_submit.py:495} INFO - 23/01/26 23:25:24 INFO Utils: Copying /home/***/.ivy2/jars/org.apache.spark_spark-sql-kafka-0-10_2.12-3.1.3.jar to /tmp/spark-36242a0a-d345-473b-9f32-f5948067e70e/userFiles-0baadfa5-4e43-4c86-a5f4-e88a636b0e50/org.apache.spark_spark-sql-kafka-0-10_2.12-3.1.3.jar
[2023-01-26T23:25:24.584+0000] {spark_submit.py:495} INFO - 23/01/26 23:25:24 INFO SparkContext: Added file file:///home/***/.ivy2/jars/org.mongodb.spark_mongo-spark-connector_2.12-3.0.1.jar at file:///home/***/.ivy2/jars/org.mongodb.spark_mongo-spark-connector_2.12-3.0.1.jar with timestamp 1674775523878
[2023-01-26T23:25:24.585+0000] {spark_submit.py:495} INFO - 23/01/26 23:25:24 INFO Utils: Copying /home/***/.ivy2/jars/org.mongodb.spark_mongo-spark-connector_2.12-3.0.1.jar to /tmp/spark-36242a0a-d345-473b-9f32-f5948067e70e/userFiles-0baadfa5-4e43-4c86-a5f4-e88a636b0e50/org.mongodb.spark_mongo-spark-connector_2.12-3.0.1.jar
[2023-01-26T23:25:24.600+0000] {spark_submit.py:495} INFO - 23/01/26 23:25:24 INFO SparkContext: Added file file:///home/***/.ivy2/jars/org.apache.spark_spark-token-provider-kafka-0-10_2.12-3.1.3.jar at file:///home/***/.ivy2/jars/org.apache.spark_spark-token-provider-kafka-0-10_2.12-3.1.3.jar with timestamp 1674775523878
[2023-01-26T23:25:24.601+0000] {spark_submit.py:495} INFO - 23/01/26 23:25:24 INFO Utils: Copying /home/***/.ivy2/jars/org.apache.spark_spark-token-provider-kafka-0-10_2.12-3.1.3.jar to /tmp/spark-36242a0a-d345-473b-9f32-f5948067e70e/userFiles-0baadfa5-4e43-4c86-a5f4-e88a636b0e50/org.apache.spark_spark-token-provider-kafka-0-10_2.12-3.1.3.jar
[2023-01-26T23:25:24.610+0000] {spark_submit.py:495} INFO - 23/01/26 23:25:24 INFO SparkContext: Added file file:///home/***/.ivy2/jars/org.apache.kafka_kafka-clients-2.6.0.jar at file:///home/***/.ivy2/jars/org.apache.kafka_kafka-clients-2.6.0.jar with timestamp 1674775523878
[2023-01-26T23:25:24.610+0000] {spark_submit.py:495} INFO - 23/01/26 23:25:24 INFO Utils: Copying /home/***/.ivy2/jars/org.apache.kafka_kafka-clients-2.6.0.jar to /tmp/spark-36242a0a-d345-473b-9f32-f5948067e70e/userFiles-0baadfa5-4e43-4c86-a5f4-e88a636b0e50/org.apache.kafka_kafka-clients-2.6.0.jar
[2023-01-26T23:25:24.624+0000] {spark_submit.py:495} INFO - 23/01/26 23:25:24 INFO SparkContext: Added file file:///home/***/.ivy2/jars/org.apache.commons_commons-pool2-2.6.2.jar at file:///home/***/.ivy2/jars/org.apache.commons_commons-pool2-2.6.2.jar with timestamp 1674775523878
[2023-01-26T23:25:24.625+0000] {spark_submit.py:495} INFO - 23/01/26 23:25:24 INFO Utils: Copying /home/***/.ivy2/jars/org.apache.commons_commons-pool2-2.6.2.jar to /tmp/spark-36242a0a-d345-473b-9f32-f5948067e70e/userFiles-0baadfa5-4e43-4c86-a5f4-e88a636b0e50/org.apache.commons_commons-pool2-2.6.2.jar
[2023-01-26T23:25:24.639+0000] {spark_submit.py:495} INFO - 23/01/26 23:25:24 INFO SparkContext: Added file file:///home/***/.ivy2/jars/org.spark-project.spark_unused-1.0.0.jar at file:///home/***/.ivy2/jars/org.spark-project.spark_unused-1.0.0.jar with timestamp 1674775523878
[2023-01-26T23:25:24.639+0000] {spark_submit.py:495} INFO - 23/01/26 23:25:24 INFO Utils: Copying /home/***/.ivy2/jars/org.spark-project.spark_unused-1.0.0.jar to /tmp/spark-36242a0a-d345-473b-9f32-f5948067e70e/userFiles-0baadfa5-4e43-4c86-a5f4-e88a636b0e50/org.spark-project.spark_unused-1.0.0.jar
[2023-01-26T23:25:24.644+0000] {spark_submit.py:495} INFO - 23/01/26 23:25:24 INFO SparkContext: Added file file:///home/***/.ivy2/jars/com.github.luben_zstd-jni-1.4.8-1.jar at file:///home/***/.ivy2/jars/com.github.luben_zstd-jni-1.4.8-1.jar with timestamp 1674775523878
[2023-01-26T23:25:24.646+0000] {spark_submit.py:495} INFO - 23/01/26 23:25:24 INFO Utils: Copying /home/***/.ivy2/jars/com.github.luben_zstd-jni-1.4.8-1.jar to /tmp/spark-36242a0a-d345-473b-9f32-f5948067e70e/userFiles-0baadfa5-4e43-4c86-a5f4-e88a636b0e50/com.github.luben_zstd-jni-1.4.8-1.jar
[2023-01-26T23:25:24.656+0000] {spark_submit.py:495} INFO - 23/01/26 23:25:24 INFO SparkContext: Added file file:///home/***/.ivy2/jars/org.lz4_lz4-java-1.7.1.jar at file:///home/***/.ivy2/jars/org.lz4_lz4-java-1.7.1.jar with timestamp 1674775523878
[2023-01-26T23:25:24.657+0000] {spark_submit.py:495} INFO - 23/01/26 23:25:24 INFO Utils: Copying /home/***/.ivy2/jars/org.lz4_lz4-java-1.7.1.jar to /tmp/spark-36242a0a-d345-473b-9f32-f5948067e70e/userFiles-0baadfa5-4e43-4c86-a5f4-e88a636b0e50/org.lz4_lz4-java-1.7.1.jar
[2023-01-26T23:25:24.662+0000] {spark_submit.py:495} INFO - 23/01/26 23:25:24 INFO SparkContext: Added file file:///home/***/.ivy2/jars/org.xerial.snappy_snappy-java-1.1.8.2.jar at file:///home/***/.ivy2/jars/org.xerial.snappy_snappy-java-1.1.8.2.jar with timestamp 1674775523878
[2023-01-26T23:25:24.663+0000] {spark_submit.py:495} INFO - 23/01/26 23:25:24 INFO Utils: Copying /home/***/.ivy2/jars/org.xerial.snappy_snappy-java-1.1.8.2.jar to /tmp/spark-36242a0a-d345-473b-9f32-f5948067e70e/userFiles-0baadfa5-4e43-4c86-a5f4-e88a636b0e50/org.xerial.snappy_snappy-java-1.1.8.2.jar
[2023-01-26T23:25:24.670+0000] {spark_submit.py:495} INFO - 23/01/26 23:25:24 INFO SparkContext: Added file file:///home/***/.ivy2/jars/org.slf4j_slf4j-api-1.7.30.jar at file:///home/***/.ivy2/jars/org.slf4j_slf4j-api-1.7.30.jar with timestamp 1674775523878
[2023-01-26T23:25:24.671+0000] {spark_submit.py:495} INFO - 23/01/26 23:25:24 INFO Utils: Copying /home/***/.ivy2/jars/org.slf4j_slf4j-api-1.7.30.jar to /tmp/spark-36242a0a-d345-473b-9f32-f5948067e70e/userFiles-0baadfa5-4e43-4c86-a5f4-e88a636b0e50/org.slf4j_slf4j-api-1.7.30.jar
[2023-01-26T23:25:24.689+0000] {spark_submit.py:495} INFO - 23/01/26 23:25:24 INFO SparkContext: Added file file:///home/***/.ivy2/jars/org.mongodb_mongodb-driver-sync-4.0.5.jar at file:///home/***/.ivy2/jars/org.mongodb_mongodb-driver-sync-4.0.5.jar with timestamp 1674775523878
[2023-01-26T23:25:24.716+0000] {spark_submit.py:495} INFO - 23/01/26 23:25:24 INFO Utils: Copying /home/***/.ivy2/jars/org.mongodb_mongodb-driver-sync-4.0.5.jar to /tmp/spark-36242a0a-d345-473b-9f32-f5948067e70e/userFiles-0baadfa5-4e43-4c86-a5f4-e88a636b0e50/org.mongodb_mongodb-driver-sync-4.0.5.jar
[2023-01-26T23:25:24.726+0000] {spark_submit.py:495} INFO - 23/01/26 23:25:24 INFO SparkContext: Added file file:///home/***/.ivy2/jars/org.mongodb_bson-4.0.5.jar at file:///home/***/.ivy2/jars/org.mongodb_bson-4.0.5.jar with timestamp 1674775523878
[2023-01-26T23:25:24.728+0000] {spark_submit.py:495} INFO - 23/01/26 23:25:24 INFO Utils: Copying /home/***/.ivy2/jars/org.mongodb_bson-4.0.5.jar to /tmp/spark-36242a0a-d345-473b-9f32-f5948067e70e/userFiles-0baadfa5-4e43-4c86-a5f4-e88a636b0e50/org.mongodb_bson-4.0.5.jar
[2023-01-26T23:25:24.792+0000] {spark_submit.py:495} INFO - 23/01/26 23:25:24 INFO SparkContext: Added file file:///home/***/.ivy2/jars/org.mongodb_mongodb-driver-core-4.0.5.jar at file:///home/***/.ivy2/jars/org.mongodb_mongodb-driver-core-4.0.5.jar with timestamp 1674775523878
[2023-01-26T23:25:24.793+0000] {spark_submit.py:495} INFO - 23/01/26 23:25:24 INFO Utils: Copying /home/***/.ivy2/jars/org.mongodb_mongodb-driver-core-4.0.5.jar to /tmp/spark-36242a0a-d345-473b-9f32-f5948067e70e/userFiles-0baadfa5-4e43-4c86-a5f4-e88a636b0e50/org.mongodb_mongodb-driver-core-4.0.5.jar
[2023-01-26T23:25:24.980+0000] {spark_submit.py:495} INFO - 23/01/26 23:25:24 INFO Executor: Starting executor ID driver on host f1cbb5df32e6
[2023-01-26T23:25:24.983+0000] {spark_submit.py:495} INFO - 23/01/26 23:25:24 INFO Executor: Starting executor with user classpath (userClassPathFirst = false): ''
[2023-01-26T23:25:24.996+0000] {spark_submit.py:495} INFO - 23/01/26 23:25:24 INFO Executor: Fetching file:///home/***/.ivy2/jars/org.apache.spark_spark-token-provider-kafka-0-10_2.12-3.1.3.jar with timestamp 1674775523878
[2023-01-26T23:25:25.023+0000] {spark_submit.py:495} INFO - 23/01/26 23:25:25 INFO Utils: /home/***/.ivy2/jars/org.apache.spark_spark-token-provider-kafka-0-10_2.12-3.1.3.jar has been previously copied to /tmp/spark-36242a0a-d345-473b-9f32-f5948067e70e/userFiles-0baadfa5-4e43-4c86-a5f4-e88a636b0e50/org.apache.spark_spark-token-provider-kafka-0-10_2.12-3.1.3.jar
[2023-01-26T23:25:25.028+0000] {spark_submit.py:495} INFO - 23/01/26 23:25:25 INFO Executor: Fetching file:///home/***/.ivy2/jars/org.mongodb_mongodb-driver-sync-4.0.5.jar with timestamp 1674775523878
[2023-01-26T23:25:25.030+0000] {spark_submit.py:495} INFO - 23/01/26 23:25:25 INFO Utils: /home/***/.ivy2/jars/org.mongodb_mongodb-driver-sync-4.0.5.jar has been previously copied to /tmp/spark-36242a0a-d345-473b-9f32-f5948067e70e/userFiles-0baadfa5-4e43-4c86-a5f4-e88a636b0e50/org.mongodb_mongodb-driver-sync-4.0.5.jar
[2023-01-26T23:25:25.033+0000] {spark_submit.py:495} INFO - 23/01/26 23:25:25 INFO Executor: Fetching file:///home/***/.ivy2/jars/org.apache.kafka_kafka-clients-2.6.0.jar with timestamp 1674775523878
[2023-01-26T23:25:25.044+0000] {spark_submit.py:495} INFO - 23/01/26 23:25:25 INFO Utils: /home/***/.ivy2/jars/org.apache.kafka_kafka-clients-2.6.0.jar has been previously copied to /tmp/spark-36242a0a-d345-473b-9f32-f5948067e70e/userFiles-0baadfa5-4e43-4c86-a5f4-e88a636b0e50/org.apache.kafka_kafka-clients-2.6.0.jar
[2023-01-26T23:25:25.051+0000] {spark_submit.py:495} INFO - 23/01/26 23:25:25 INFO Executor: Fetching file:///home/***/.ivy2/jars/org.mongodb_bson-4.0.5.jar with timestamp 1674775523878
[2023-01-26T23:25:25.053+0000] {spark_submit.py:495} INFO - 23/01/26 23:25:25 INFO Utils: /home/***/.ivy2/jars/org.mongodb_bson-4.0.5.jar has been previously copied to /tmp/spark-36242a0a-d345-473b-9f32-f5948067e70e/userFiles-0baadfa5-4e43-4c86-a5f4-e88a636b0e50/org.mongodb_bson-4.0.5.jar
[2023-01-26T23:25:25.067+0000] {spark_submit.py:495} INFO - 23/01/26 23:25:25 INFO Executor: Fetching file:///home/***/.ivy2/jars/com.github.luben_zstd-jni-1.4.8-1.jar with timestamp 1674775523878
[2023-01-26T23:25:25.072+0000] {spark_submit.py:495} INFO - 23/01/26 23:25:25 INFO Utils: /home/***/.ivy2/jars/com.github.luben_zstd-jni-1.4.8-1.jar has been previously copied to /tmp/spark-36242a0a-d345-473b-9f32-f5948067e70e/userFiles-0baadfa5-4e43-4c86-a5f4-e88a636b0e50/com.github.luben_zstd-jni-1.4.8-1.jar
[2023-01-26T23:25:25.073+0000] {spark_submit.py:495} INFO - 23/01/26 23:25:25 INFO Executor: Fetching file:///home/***/.ivy2/jars/org.lz4_lz4-java-1.7.1.jar with timestamp 1674775523878
[2023-01-26T23:25:25.075+0000] {spark_submit.py:495} INFO - 23/01/26 23:25:25 INFO Utils: /home/***/.ivy2/jars/org.lz4_lz4-java-1.7.1.jar has been previously copied to /tmp/spark-36242a0a-d345-473b-9f32-f5948067e70e/userFiles-0baadfa5-4e43-4c86-a5f4-e88a636b0e50/org.lz4_lz4-java-1.7.1.jar
[2023-01-26T23:25:25.081+0000] {spark_submit.py:495} INFO - 23/01/26 23:25:25 INFO Executor: Fetching file:///home/***/.ivy2/jars/org.spark-project.spark_unused-1.0.0.jar with timestamp 1674775523878
[2023-01-26T23:25:25.081+0000] {spark_submit.py:495} INFO - 23/01/26 23:25:25 INFO Utils: /home/***/.ivy2/jars/org.spark-project.spark_unused-1.0.0.jar has been previously copied to /tmp/spark-36242a0a-d345-473b-9f32-f5948067e70e/userFiles-0baadfa5-4e43-4c86-a5f4-e88a636b0e50/org.spark-project.spark_unused-1.0.0.jar
[2023-01-26T23:25:25.088+0000] {spark_submit.py:495} INFO - 23/01/26 23:25:25 INFO Executor: Fetching file:///home/***/.ivy2/jars/org.xerial.snappy_snappy-java-1.1.8.2.jar with timestamp 1674775523878
[2023-01-26T23:25:25.088+0000] {spark_submit.py:495} INFO - 23/01/26 23:25:25 INFO Utils: /home/***/.ivy2/jars/org.xerial.snappy_snappy-java-1.1.8.2.jar has been previously copied to /tmp/spark-36242a0a-d345-473b-9f32-f5948067e70e/userFiles-0baadfa5-4e43-4c86-a5f4-e88a636b0e50/org.xerial.snappy_snappy-java-1.1.8.2.jar
[2023-01-26T23:25:25.095+0000] {spark_submit.py:495} INFO - 23/01/26 23:25:25 INFO Executor: Fetching file:///home/***/.ivy2/jars/org.mongodb_mongodb-driver-core-4.0.5.jar with timestamp 1674775523878
[2023-01-26T23:25:25.095+0000] {spark_submit.py:495} INFO - 23/01/26 23:25:25 INFO Utils: /home/***/.ivy2/jars/org.mongodb_mongodb-driver-core-4.0.5.jar has been previously copied to /tmp/spark-36242a0a-d345-473b-9f32-f5948067e70e/userFiles-0baadfa5-4e43-4c86-a5f4-e88a636b0e50/org.mongodb_mongodb-driver-core-4.0.5.jar
[2023-01-26T23:25:25.107+0000] {spark_submit.py:495} INFO - 23/01/26 23:25:25 INFO Executor: Fetching file:///home/***/.ivy2/jars/org.apache.spark_spark-sql-kafka-0-10_2.12-3.1.3.jar with timestamp 1674775523878
[2023-01-26T23:25:25.107+0000] {spark_submit.py:495} INFO - 23/01/26 23:25:25 INFO Utils: /home/***/.ivy2/jars/org.apache.spark_spark-sql-kafka-0-10_2.12-3.1.3.jar has been previously copied to /tmp/spark-36242a0a-d345-473b-9f32-f5948067e70e/userFiles-0baadfa5-4e43-4c86-a5f4-e88a636b0e50/org.apache.spark_spark-sql-kafka-0-10_2.12-3.1.3.jar
[2023-01-26T23:25:25.113+0000] {spark_submit.py:495} INFO - 23/01/26 23:25:25 INFO Executor: Fetching file:///home/***/.ivy2/jars/org.mongodb.spark_mongo-spark-connector_2.12-3.0.1.jar with timestamp 1674775523878
[2023-01-26T23:25:25.113+0000] {spark_submit.py:495} INFO - 23/01/26 23:25:25 INFO Utils: /home/***/.ivy2/jars/org.mongodb.spark_mongo-spark-connector_2.12-3.0.1.jar has been previously copied to /tmp/spark-36242a0a-d345-473b-9f32-f5948067e70e/userFiles-0baadfa5-4e43-4c86-a5f4-e88a636b0e50/org.mongodb.spark_mongo-spark-connector_2.12-3.0.1.jar
[2023-01-26T23:25:25.118+0000] {spark_submit.py:495} INFO - 23/01/26 23:25:25 INFO Executor: Fetching file:///home/***/.ivy2/jars/org.apache.commons_commons-pool2-2.6.2.jar with timestamp 1674775523878
[2023-01-26T23:25:25.118+0000] {spark_submit.py:495} INFO - 23/01/26 23:25:25 INFO Utils: /home/***/.ivy2/jars/org.apache.commons_commons-pool2-2.6.2.jar has been previously copied to /tmp/spark-36242a0a-d345-473b-9f32-f5948067e70e/userFiles-0baadfa5-4e43-4c86-a5f4-e88a636b0e50/org.apache.commons_commons-pool2-2.6.2.jar
[2023-01-26T23:25:25.122+0000] {spark_submit.py:495} INFO - 23/01/26 23:25:25 INFO Executor: Fetching file:///home/***/.ivy2/jars/org.slf4j_slf4j-api-1.7.30.jar with timestamp 1674775523878
[2023-01-26T23:25:25.123+0000] {spark_submit.py:495} INFO - 23/01/26 23:25:25 INFO Utils: /home/***/.ivy2/jars/org.slf4j_slf4j-api-1.7.30.jar has been previously copied to /tmp/spark-36242a0a-d345-473b-9f32-f5948067e70e/userFiles-0baadfa5-4e43-4c86-a5f4-e88a636b0e50/org.slf4j_slf4j-api-1.7.30.jar
[2023-01-26T23:25:25.130+0000] {spark_submit.py:495} INFO - 23/01/26 23:25:25 INFO Executor: Fetching spark://f1cbb5df32e6:39037/jars/org.apache.spark_spark-sql-kafka-0-10_2.12-3.1.3.jar with timestamp 1674775523878
[2023-01-26T23:25:25.170+0000] {spark_submit.py:495} INFO - 23/01/26 23:25:25 INFO TransportClientFactory: Successfully created connection to f1cbb5df32e6/172.23.0.4:39037 after 25 ms (0 ms spent in bootstraps)
[2023-01-26T23:25:25.181+0000] {spark_submit.py:495} INFO - 23/01/26 23:25:25 INFO Utils: Fetching spark://f1cbb5df32e6:39037/jars/org.apache.spark_spark-sql-kafka-0-10_2.12-3.1.3.jar to /tmp/spark-36242a0a-d345-473b-9f32-f5948067e70e/userFiles-0baadfa5-4e43-4c86-a5f4-e88a636b0e50/fetchFileTemp1382410157388006414.tmp
[2023-01-26T23:25:25.224+0000] {spark_submit.py:495} INFO - 23/01/26 23:25:25 INFO Utils: /tmp/spark-36242a0a-d345-473b-9f32-f5948067e70e/userFiles-0baadfa5-4e43-4c86-a5f4-e88a636b0e50/fetchFileTemp1382410157388006414.tmp has been previously copied to /tmp/spark-36242a0a-d345-473b-9f32-f5948067e70e/userFiles-0baadfa5-4e43-4c86-a5f4-e88a636b0e50/org.apache.spark_spark-sql-kafka-0-10_2.12-3.1.3.jar
[2023-01-26T23:25:25.255+0000] {spark_submit.py:495} INFO - 23/01/26 23:25:25 INFO Executor: Adding file:/tmp/spark-36242a0a-d345-473b-9f32-f5948067e70e/userFiles-0baadfa5-4e43-4c86-a5f4-e88a636b0e50/org.apache.spark_spark-sql-kafka-0-10_2.12-3.1.3.jar to class loader
[2023-01-26T23:25:25.255+0000] {spark_submit.py:495} INFO - 23/01/26 23:25:25 INFO Executor: Fetching spark://f1cbb5df32e6:39037/jars/org.apache.spark_spark-token-provider-kafka-0-10_2.12-3.1.3.jar with timestamp 1674775523878
[2023-01-26T23:25:25.258+0000] {spark_submit.py:495} INFO - 23/01/26 23:25:25 INFO Utils: Fetching spark://f1cbb5df32e6:39037/jars/org.apache.spark_spark-token-provider-kafka-0-10_2.12-3.1.3.jar to /tmp/spark-36242a0a-d345-473b-9f32-f5948067e70e/userFiles-0baadfa5-4e43-4c86-a5f4-e88a636b0e50/fetchFileTemp4399031069732671858.tmp
[2023-01-26T23:25:25.262+0000] {spark_submit.py:495} INFO - 23/01/26 23:25:25 INFO Utils: /tmp/spark-36242a0a-d345-473b-9f32-f5948067e70e/userFiles-0baadfa5-4e43-4c86-a5f4-e88a636b0e50/fetchFileTemp4399031069732671858.tmp has been previously copied to /tmp/spark-36242a0a-d345-473b-9f32-f5948067e70e/userFiles-0baadfa5-4e43-4c86-a5f4-e88a636b0e50/org.apache.spark_spark-token-provider-kafka-0-10_2.12-3.1.3.jar
[2023-01-26T23:25:25.271+0000] {spark_submit.py:495} INFO - 23/01/26 23:25:25 INFO Executor: Adding file:/tmp/spark-36242a0a-d345-473b-9f32-f5948067e70e/userFiles-0baadfa5-4e43-4c86-a5f4-e88a636b0e50/org.apache.spark_spark-token-provider-kafka-0-10_2.12-3.1.3.jar to class loader
[2023-01-26T23:25:25.271+0000] {spark_submit.py:495} INFO - 23/01/26 23:25:25 INFO Executor: Fetching spark://f1cbb5df32e6:39037/jars/org.mongodb_bson-4.0.5.jar with timestamp 1674775523878
[2023-01-26T23:25:25.271+0000] {spark_submit.py:495} INFO - 23/01/26 23:25:25 INFO Utils: Fetching spark://f1cbb5df32e6:39037/jars/org.mongodb_bson-4.0.5.jar to /tmp/spark-36242a0a-d345-473b-9f32-f5948067e70e/userFiles-0baadfa5-4e43-4c86-a5f4-e88a636b0e50/fetchFileTemp3119366636852496479.tmp
[2023-01-26T23:25:25.288+0000] {spark_submit.py:495} INFO - 23/01/26 23:25:25 INFO Utils: /tmp/spark-36242a0a-d345-473b-9f32-f5948067e70e/userFiles-0baadfa5-4e43-4c86-a5f4-e88a636b0e50/fetchFileTemp3119366636852496479.tmp has been previously copied to /tmp/spark-36242a0a-d345-473b-9f32-f5948067e70e/userFiles-0baadfa5-4e43-4c86-a5f4-e88a636b0e50/org.mongodb_bson-4.0.5.jar
[2023-01-26T23:25:25.296+0000] {spark_submit.py:495} INFO - 23/01/26 23:25:25 INFO Executor: Adding file:/tmp/spark-36242a0a-d345-473b-9f32-f5948067e70e/userFiles-0baadfa5-4e43-4c86-a5f4-e88a636b0e50/org.mongodb_bson-4.0.5.jar to class loader
[2023-01-26T23:25:25.296+0000] {spark_submit.py:495} INFO - 23/01/26 23:25:25 INFO Executor: Fetching spark://f1cbb5df32e6:39037/jars/org.slf4j_slf4j-api-1.7.30.jar with timestamp 1674775523878
[2023-01-26T23:25:25.296+0000] {spark_submit.py:495} INFO - 23/01/26 23:25:25 INFO Utils: Fetching spark://f1cbb5df32e6:39037/jars/org.slf4j_slf4j-api-1.7.30.jar to /tmp/spark-36242a0a-d345-473b-9f32-f5948067e70e/userFiles-0baadfa5-4e43-4c86-a5f4-e88a636b0e50/fetchFileTemp11650888623401286932.tmp
[2023-01-26T23:25:25.306+0000] {spark_submit.py:495} INFO - 23/01/26 23:25:25 INFO Utils: /tmp/spark-36242a0a-d345-473b-9f32-f5948067e70e/userFiles-0baadfa5-4e43-4c86-a5f4-e88a636b0e50/fetchFileTemp11650888623401286932.tmp has been previously copied to /tmp/spark-36242a0a-d345-473b-9f32-f5948067e70e/userFiles-0baadfa5-4e43-4c86-a5f4-e88a636b0e50/org.slf4j_slf4j-api-1.7.30.jar
[2023-01-26T23:25:25.320+0000] {spark_submit.py:495} INFO - 23/01/26 23:25:25 INFO Executor: Adding file:/tmp/spark-36242a0a-d345-473b-9f32-f5948067e70e/userFiles-0baadfa5-4e43-4c86-a5f4-e88a636b0e50/org.slf4j_slf4j-api-1.7.30.jar to class loader
[2023-01-26T23:25:25.320+0000] {spark_submit.py:495} INFO - 23/01/26 23:25:25 INFO Executor: Fetching spark://f1cbb5df32e6:39037/jars/com.github.luben_zstd-jni-1.4.8-1.jar with timestamp 1674775523878
[2023-01-26T23:25:25.331+0000] {spark_submit.py:495} INFO - 23/01/26 23:25:25 INFO Utils: Fetching spark://f1cbb5df32e6:39037/jars/com.github.luben_zstd-jni-1.4.8-1.jar to /tmp/spark-36242a0a-d345-473b-9f32-f5948067e70e/userFiles-0baadfa5-4e43-4c86-a5f4-e88a636b0e50/fetchFileTemp5678089360854770724.tmp
[2023-01-26T23:25:25.465+0000] {spark_submit.py:495} INFO - 23/01/26 23:25:25 INFO Utils: /tmp/spark-36242a0a-d345-473b-9f32-f5948067e70e/userFiles-0baadfa5-4e43-4c86-a5f4-e88a636b0e50/fetchFileTemp5678089360854770724.tmp has been previously copied to /tmp/spark-36242a0a-d345-473b-9f32-f5948067e70e/userFiles-0baadfa5-4e43-4c86-a5f4-e88a636b0e50/com.github.luben_zstd-jni-1.4.8-1.jar
[2023-01-26T23:25:25.481+0000] {spark_submit.py:495} INFO - 23/01/26 23:25:25 INFO Executor: Adding file:/tmp/spark-36242a0a-d345-473b-9f32-f5948067e70e/userFiles-0baadfa5-4e43-4c86-a5f4-e88a636b0e50/com.github.luben_zstd-jni-1.4.8-1.jar to class loader
[2023-01-26T23:25:25.482+0000] {spark_submit.py:495} INFO - 23/01/26 23:25:25 INFO Executor: Fetching spark://f1cbb5df32e6:39037/jars/org.mongodb_mongodb-driver-sync-4.0.5.jar with timestamp 1674775523878
[2023-01-26T23:25:25.485+0000] {spark_submit.py:495} INFO - 23/01/26 23:25:25 INFO Utils: Fetching spark://f1cbb5df32e6:39037/jars/org.mongodb_mongodb-driver-sync-4.0.5.jar to /tmp/spark-36242a0a-d345-473b-9f32-f5948067e70e/userFiles-0baadfa5-4e43-4c86-a5f4-e88a636b0e50/fetchFileTemp5065076778234741277.tmp
[2023-01-26T23:25:25.492+0000] {spark_submit.py:495} INFO - 23/01/26 23:25:25 INFO Utils: /tmp/spark-36242a0a-d345-473b-9f32-f5948067e70e/userFiles-0baadfa5-4e43-4c86-a5f4-e88a636b0e50/fetchFileTemp5065076778234741277.tmp has been previously copied to /tmp/spark-36242a0a-d345-473b-9f32-f5948067e70e/userFiles-0baadfa5-4e43-4c86-a5f4-e88a636b0e50/org.mongodb_mongodb-driver-sync-4.0.5.jar
[2023-01-26T23:25:25.502+0000] {spark_submit.py:495} INFO - 23/01/26 23:25:25 INFO Executor: Adding file:/tmp/spark-36242a0a-d345-473b-9f32-f5948067e70e/userFiles-0baadfa5-4e43-4c86-a5f4-e88a636b0e50/org.mongodb_mongodb-driver-sync-4.0.5.jar to class loader
[2023-01-26T23:25:25.502+0000] {spark_submit.py:495} INFO - 23/01/26 23:25:25 INFO Executor: Fetching spark://f1cbb5df32e6:39037/jars/org.apache.commons_commons-pool2-2.6.2.jar with timestamp 1674775523878
[2023-01-26T23:25:25.507+0000] {spark_submit.py:495} INFO - 23/01/26 23:25:25 INFO Utils: Fetching spark://f1cbb5df32e6:39037/jars/org.apache.commons_commons-pool2-2.6.2.jar to /tmp/spark-36242a0a-d345-473b-9f32-f5948067e70e/userFiles-0baadfa5-4e43-4c86-a5f4-e88a636b0e50/fetchFileTemp970849671381529339.tmp
[2023-01-26T23:25:25.508+0000] {spark_submit.py:495} INFO - 23/01/26 23:25:25 INFO Utils: /tmp/spark-36242a0a-d345-473b-9f32-f5948067e70e/userFiles-0baadfa5-4e43-4c86-a5f4-e88a636b0e50/fetchFileTemp970849671381529339.tmp has been previously copied to /tmp/spark-36242a0a-d345-473b-9f32-f5948067e70e/userFiles-0baadfa5-4e43-4c86-a5f4-e88a636b0e50/org.apache.commons_commons-pool2-2.6.2.jar
[2023-01-26T23:25:25.520+0000] {spark_submit.py:495} INFO - 23/01/26 23:25:25 INFO Executor: Adding file:/tmp/spark-36242a0a-d345-473b-9f32-f5948067e70e/userFiles-0baadfa5-4e43-4c86-a5f4-e88a636b0e50/org.apache.commons_commons-pool2-2.6.2.jar to class loader
[2023-01-26T23:25:25.521+0000] {spark_submit.py:495} INFO - 23/01/26 23:25:25 INFO Executor: Fetching spark://f1cbb5df32e6:39037/jars/org.lz4_lz4-java-1.7.1.jar with timestamp 1674775523878
[2023-01-26T23:25:25.523+0000] {spark_submit.py:495} INFO - 23/01/26 23:25:25 INFO Utils: Fetching spark://f1cbb5df32e6:39037/jars/org.lz4_lz4-java-1.7.1.jar to /tmp/spark-36242a0a-d345-473b-9f32-f5948067e70e/userFiles-0baadfa5-4e43-4c86-a5f4-e88a636b0e50/fetchFileTemp7672429321668774924.tmp
[2023-01-26T23:25:25.539+0000] {spark_submit.py:495} INFO - 23/01/26 23:25:25 INFO Utils: /tmp/spark-36242a0a-d345-473b-9f32-f5948067e70e/userFiles-0baadfa5-4e43-4c86-a5f4-e88a636b0e50/fetchFileTemp7672429321668774924.tmp has been previously copied to /tmp/spark-36242a0a-d345-473b-9f32-f5948067e70e/userFiles-0baadfa5-4e43-4c86-a5f4-e88a636b0e50/org.lz4_lz4-java-1.7.1.jar
[2023-01-26T23:25:25.562+0000] {spark_submit.py:495} INFO - 23/01/26 23:25:25 INFO Executor: Adding file:/tmp/spark-36242a0a-d345-473b-9f32-f5948067e70e/userFiles-0baadfa5-4e43-4c86-a5f4-e88a636b0e50/org.lz4_lz4-java-1.7.1.jar to class loader
[2023-01-26T23:25:25.564+0000] {spark_submit.py:495} INFO - 23/01/26 23:25:25 INFO Executor: Fetching spark://f1cbb5df32e6:39037/jars/org.apache.kafka_kafka-clients-2.6.0.jar with timestamp 1674775523878
[2023-01-26T23:25:25.568+0000] {spark_submit.py:495} INFO - 23/01/26 23:25:25 INFO Utils: Fetching spark://f1cbb5df32e6:39037/jars/org.apache.kafka_kafka-clients-2.6.0.jar to /tmp/spark-36242a0a-d345-473b-9f32-f5948067e70e/userFiles-0baadfa5-4e43-4c86-a5f4-e88a636b0e50/fetchFileTemp8347799663397792311.tmp
[2023-01-26T23:25:25.622+0000] {spark_submit.py:495} INFO - 23/01/26 23:25:25 INFO Utils: /tmp/spark-36242a0a-d345-473b-9f32-f5948067e70e/userFiles-0baadfa5-4e43-4c86-a5f4-e88a636b0e50/fetchFileTemp8347799663397792311.tmp has been previously copied to /tmp/spark-36242a0a-d345-473b-9f32-f5948067e70e/userFiles-0baadfa5-4e43-4c86-a5f4-e88a636b0e50/org.apache.kafka_kafka-clients-2.6.0.jar
[2023-01-26T23:25:25.638+0000] {spark_submit.py:495} INFO - 23/01/26 23:25:25 INFO Executor: Adding file:/tmp/spark-36242a0a-d345-473b-9f32-f5948067e70e/userFiles-0baadfa5-4e43-4c86-a5f4-e88a636b0e50/org.apache.kafka_kafka-clients-2.6.0.jar to class loader
[2023-01-26T23:25:25.639+0000] {spark_submit.py:495} INFO - 23/01/26 23:25:25 INFO Executor: Fetching spark://f1cbb5df32e6:39037/jars/org.mongodb_mongodb-driver-core-4.0.5.jar with timestamp 1674775523878
[2023-01-26T23:25:25.639+0000] {spark_submit.py:495} INFO - 23/01/26 23:25:25 INFO Utils: Fetching spark://f1cbb5df32e6:39037/jars/org.mongodb_mongodb-driver-core-4.0.5.jar to /tmp/spark-36242a0a-d345-473b-9f32-f5948067e70e/userFiles-0baadfa5-4e43-4c86-a5f4-e88a636b0e50/fetchFileTemp11893216770702115058.tmp
[2023-01-26T23:25:25.648+0000] {spark_submit.py:495} INFO - 23/01/26 23:25:25 INFO Utils: /tmp/spark-36242a0a-d345-473b-9f32-f5948067e70e/userFiles-0baadfa5-4e43-4c86-a5f4-e88a636b0e50/fetchFileTemp11893216770702115058.tmp has been previously copied to /tmp/spark-36242a0a-d345-473b-9f32-f5948067e70e/userFiles-0baadfa5-4e43-4c86-a5f4-e88a636b0e50/org.mongodb_mongodb-driver-core-4.0.5.jar
[2023-01-26T23:25:25.658+0000] {spark_submit.py:495} INFO - 23/01/26 23:25:25 INFO Executor: Adding file:/tmp/spark-36242a0a-d345-473b-9f32-f5948067e70e/userFiles-0baadfa5-4e43-4c86-a5f4-e88a636b0e50/org.mongodb_mongodb-driver-core-4.0.5.jar to class loader
[2023-01-26T23:25:25.659+0000] {spark_submit.py:495} INFO - 23/01/26 23:25:25 INFO Executor: Fetching spark://f1cbb5df32e6:39037/jars/org.mongodb.spark_mongo-spark-connector_2.12-3.0.1.jar with timestamp 1674775523878
[2023-01-26T23:25:25.663+0000] {spark_submit.py:495} INFO - 23/01/26 23:25:25 INFO Utils: Fetching spark://f1cbb5df32e6:39037/jars/org.mongodb.spark_mongo-spark-connector_2.12-3.0.1.jar to /tmp/spark-36242a0a-d345-473b-9f32-f5948067e70e/userFiles-0baadfa5-4e43-4c86-a5f4-e88a636b0e50/fetchFileTemp152811194525003079.tmp
[2023-01-26T23:25:25.672+0000] {spark_submit.py:495} INFO - 23/01/26 23:25:25 INFO Utils: /tmp/spark-36242a0a-d345-473b-9f32-f5948067e70e/userFiles-0baadfa5-4e43-4c86-a5f4-e88a636b0e50/fetchFileTemp152811194525003079.tmp has been previously copied to /tmp/spark-36242a0a-d345-473b-9f32-f5948067e70e/userFiles-0baadfa5-4e43-4c86-a5f4-e88a636b0e50/org.mongodb.spark_mongo-spark-connector_2.12-3.0.1.jar
[2023-01-26T23:25:25.686+0000] {spark_submit.py:495} INFO - 23/01/26 23:25:25 INFO Executor: Adding file:/tmp/spark-36242a0a-d345-473b-9f32-f5948067e70e/userFiles-0baadfa5-4e43-4c86-a5f4-e88a636b0e50/org.mongodb.spark_mongo-spark-connector_2.12-3.0.1.jar to class loader
[2023-01-26T23:25:25.686+0000] {spark_submit.py:495} INFO - 23/01/26 23:25:25 INFO Executor: Fetching spark://f1cbb5df32e6:39037/jars/org.xerial.snappy_snappy-java-1.1.8.2.jar with timestamp 1674775523878
[2023-01-26T23:25:25.694+0000] {spark_submit.py:495} INFO - 23/01/26 23:25:25 INFO Utils: Fetching spark://f1cbb5df32e6:39037/jars/org.xerial.snappy_snappy-java-1.1.8.2.jar to /tmp/spark-36242a0a-d345-473b-9f32-f5948067e70e/userFiles-0baadfa5-4e43-4c86-a5f4-e88a636b0e50/fetchFileTemp5516538266234006820.tmp
[2023-01-26T23:25:25.714+0000] {spark_submit.py:495} INFO - 23/01/26 23:25:25 INFO Utils: /tmp/spark-36242a0a-d345-473b-9f32-f5948067e70e/userFiles-0baadfa5-4e43-4c86-a5f4-e88a636b0e50/fetchFileTemp5516538266234006820.tmp has been previously copied to /tmp/spark-36242a0a-d345-473b-9f32-f5948067e70e/userFiles-0baadfa5-4e43-4c86-a5f4-e88a636b0e50/org.xerial.snappy_snappy-java-1.1.8.2.jar
[2023-01-26T23:25:25.724+0000] {spark_submit.py:495} INFO - 23/01/26 23:25:25 INFO Executor: Adding file:/tmp/spark-36242a0a-d345-473b-9f32-f5948067e70e/userFiles-0baadfa5-4e43-4c86-a5f4-e88a636b0e50/org.xerial.snappy_snappy-java-1.1.8.2.jar to class loader
[2023-01-26T23:25:25.725+0000] {spark_submit.py:495} INFO - 23/01/26 23:25:25 INFO Executor: Fetching spark://f1cbb5df32e6:39037/jars/org.spark-project.spark_unused-1.0.0.jar with timestamp 1674775523878
[2023-01-26T23:25:25.728+0000] {spark_submit.py:495} INFO - 23/01/26 23:25:25 INFO Utils: Fetching spark://f1cbb5df32e6:39037/jars/org.spark-project.spark_unused-1.0.0.jar to /tmp/spark-36242a0a-d345-473b-9f32-f5948067e70e/userFiles-0baadfa5-4e43-4c86-a5f4-e88a636b0e50/fetchFileTemp11266414840463346136.tmp
[2023-01-26T23:25:25.728+0000] {spark_submit.py:495} INFO - 23/01/26 23:25:25 INFO Utils: /tmp/spark-36242a0a-d345-473b-9f32-f5948067e70e/userFiles-0baadfa5-4e43-4c86-a5f4-e88a636b0e50/fetchFileTemp11266414840463346136.tmp has been previously copied to /tmp/spark-36242a0a-d345-473b-9f32-f5948067e70e/userFiles-0baadfa5-4e43-4c86-a5f4-e88a636b0e50/org.spark-project.spark_unused-1.0.0.jar
[2023-01-26T23:25:25.738+0000] {spark_submit.py:495} INFO - 23/01/26 23:25:25 INFO Executor: Adding file:/tmp/spark-36242a0a-d345-473b-9f32-f5948067e70e/userFiles-0baadfa5-4e43-4c86-a5f4-e88a636b0e50/org.spark-project.spark_unused-1.0.0.jar to class loader
[2023-01-26T23:25:25.751+0000] {spark_submit.py:495} INFO - 23/01/26 23:25:25 INFO Utils: Successfully started service 'org.apache.spark.network.netty.NettyBlockTransferService' on port 44663.
[2023-01-26T23:25:25.752+0000] {spark_submit.py:495} INFO - 23/01/26 23:25:25 INFO NettyBlockTransferService: Server created on f1cbb5df32e6:44663
[2023-01-26T23:25:25.754+0000] {spark_submit.py:495} INFO - 23/01/26 23:25:25 INFO BlockManager: Using org.apache.spark.storage.RandomBlockReplicationPolicy for block replication policy
[2023-01-26T23:25:25.762+0000] {spark_submit.py:495} INFO - 23/01/26 23:25:25 INFO BlockManagerMaster: Registering BlockManager BlockManagerId(driver, f1cbb5df32e6, 44663, None)
[2023-01-26T23:25:25.769+0000] {spark_submit.py:495} INFO - 23/01/26 23:25:25 INFO BlockManagerMasterEndpoint: Registering block manager f1cbb5df32e6:44663 with 434.4 MiB RAM, BlockManagerId(driver, f1cbb5df32e6, 44663, None)
[2023-01-26T23:25:25.775+0000] {spark_submit.py:495} INFO - 23/01/26 23:25:25 INFO BlockManagerMaster: Registered BlockManager BlockManagerId(driver, f1cbb5df32e6, 44663, None)
[2023-01-26T23:25:25.775+0000] {spark_submit.py:495} INFO - 23/01/26 23:25:25 INFO BlockManager: Initialized BlockManager: BlockManagerId(driver, f1cbb5df32e6, 44663, None)
[2023-01-26T23:25:29.986+0000] {local_task_job.py:224} WARNING - State of this instance has been externally set to up_for_retry. Terminating instance.
[2023-01-26T23:25:29.989+0000] {process_utils.py:133} INFO - Sending Signals.SIGTERM to group 31898. PIDs of all processes in the group: [31899, 31953, 31898]
[2023-01-26T23:25:29.989+0000] {process_utils.py:84} INFO - Sending the signal Signals.SIGTERM to group 31898
[2023-01-26T23:25:29.990+0000] {taskinstance.py:1483} ERROR - Received SIGTERM. Terminating subprocesses.
[2023-01-26T23:25:29.990+0000] {spark_submit.py:620} INFO - Sending kill signal to spark-submit
[2023-01-26T23:25:30.011+0000] {taskinstance.py:1772} ERROR - Task failed with exception
Traceback (most recent call last):
  File "/home/airflow/.local/lib/python3.7/site-packages/airflow/providers/apache/spark/operators/spark_submit.py", line 157, in execute
    self._hook.submit(self._application)
  File "/home/airflow/.local/lib/python3.7/site-packages/airflow/providers/apache/spark/hooks/spark_submit.py", line 414, in submit
    self._process_spark_submit_log(iter(self._submit_sp.stdout))  # type: ignore
  File "/home/airflow/.local/lib/python3.7/site-packages/airflow/providers/apache/spark/hooks/spark_submit.py", line 463, in _process_spark_submit_log
    for line in itr:
  File "/home/airflow/.local/lib/python3.7/site-packages/airflow/models/taskinstance.py", line 1485, in signal_handler
    raise AirflowException("Task received SIGTERM signal")
airflow.exceptions.AirflowException: Task received SIGTERM signal
[2023-01-26T23:25:30.025+0000] {taskinstance.py:1327} INFO - Marking task as UP_FOR_RETRY. dag_id=Streaming_pipeline_meli, task_id=consumer_data_of_topic, execution_date=20230123T220304, start_date=20230126T232519, end_date=20230126T232530
[2023-01-26T23:25:30.053+0000] {standard_task_runner.py:105} ERROR - Failed to execute job 1070 for task consumer_data_of_topic (Task received SIGTERM signal; 31898)
[2023-01-26T23:25:30.097+0000] {process_utils.py:79} INFO - Process psutil.Process(pid=31898, status='terminated', exitcode=1, started='23:25:19') (31898) terminated with exit code 1
[2023-01-26T23:25:30.098+0000] {process_utils.py:79} INFO - Process psutil.Process(pid=31899, status='terminated', started='23:25:19') (31899) terminated with exit code None
[2023-01-26T23:25:30.098+0000] {process_utils.py:79} INFO - Process psutil.Process(pid=31953, status='terminated', started='23:25:21') (31953) terminated with exit code None
