[2023-01-27T15:06:42.624+0000] {taskinstance.py:1087} INFO - Dependencies all met for <TaskInstance: Streaming_pipeline_meli.consumer_data_of_topic manual__2023-01-23T22:03:04.495188+00:00 [queued]>
[2023-01-27T15:06:42.632+0000] {taskinstance.py:1087} INFO - Dependencies all met for <TaskInstance: Streaming_pipeline_meli.consumer_data_of_topic manual__2023-01-23T22:03:04.495188+00:00 [queued]>
[2023-01-27T15:06:42.632+0000] {taskinstance.py:1283} INFO - 
--------------------------------------------------------------------------------
[2023-01-27T15:06:42.633+0000] {taskinstance.py:1284} INFO - Starting attempt 276 of 280
[2023-01-27T15:06:42.633+0000] {taskinstance.py:1285} INFO - 
--------------------------------------------------------------------------------
[2023-01-27T15:06:42.644+0000] {taskinstance.py:1304} INFO - Executing <Task(SparkSubmitOperator): consumer_data_of_topic> on 2023-01-23 22:03:04.495188+00:00
[2023-01-27T15:06:42.647+0000] {standard_task_runner.py:55} INFO - Started process 381 to run task
[2023-01-27T15:06:42.649+0000] {standard_task_runner.py:82} INFO - Running: ['***', 'tasks', 'run', 'Streaming_pipeline_meli', 'consumer_data_of_topic', 'manual__2023-01-23T22:03:04.495188+00:00', '--job-id', '1084', '--raw', '--subdir', 'DAGS_FOLDER/producer_dag.py', '--cfg-path', '/tmp/tmp6mq6tx1r']
[2023-01-27T15:06:42.650+0000] {standard_task_runner.py:83} INFO - Job 1084: Subtask consumer_data_of_topic
[2023-01-27T15:06:42.697+0000] {task_command.py:389} INFO - Running <TaskInstance: Streaming_pipeline_meli.consumer_data_of_topic manual__2023-01-23T22:03:04.495188+00:00 [running]> on host f1cbb5df32e6
[2023-01-27T15:06:42.768+0000] {taskinstance.py:1513} INFO - Exporting the following env vars:
AIRFLOW_CTX_DAG_OWNER=***
AIRFLOW_CTX_DAG_ID=Streaming_pipeline_meli
AIRFLOW_CTX_TASK_ID=consumer_data_of_topic
AIRFLOW_CTX_EXECUTION_DATE=2023-01-23T22:03:04.495188+00:00
AIRFLOW_CTX_TRY_NUMBER=276
AIRFLOW_CTX_DAG_RUN_ID=manual__2023-01-23T22:03:04.495188+00:00
[2023-01-27T15:06:42.805+0000] {base.py:73} INFO - Using connection ID 'spark_default' for task execution.
[2023-01-27T15:06:42.807+0000] {spark_submit.py:344} INFO - Spark-Submit cmd: spark-submit --master spark://tomi-H310:7077 --packages org.apache.spark:spark-sql-kafka-0-10_2.12:3.1.3,org.mongodb.spark:mongo-spark-connector_2.12:3.0.1 --name arrow-spark --queue root.default /opt/***/dags/consumerSpark.py
[2023-01-27T15:06:42.931+0000] {spark_submit.py:495} INFO - /home/***/.local/lib/python3.7/site-packages/pyspark/bin/load-spark-env.sh: line 68: ps: command not found
[2023-01-27T15:06:45.275+0000] {spark_submit.py:495} INFO - :: loading settings :: url = jar:file:/home/***/.local/lib/python3.7/site-packages/pyspark/jars/ivy-2.5.0.jar!/org/apache/ivy/core/settings/ivysettings.xml
[2023-01-27T15:06:45.345+0000] {spark_submit.py:495} INFO - Ivy Default Cache set to: /home/***/.ivy2/cache
[2023-01-27T15:06:45.345+0000] {spark_submit.py:495} INFO - The jars for the packages stored in: /home/***/.ivy2/jars
[2023-01-27T15:06:45.349+0000] {spark_submit.py:495} INFO - org.apache.spark#spark-sql-kafka-0-10_2.12 added as a dependency
[2023-01-27T15:06:45.350+0000] {spark_submit.py:495} INFO - org.mongodb.spark#mongo-spark-connector_2.12 added as a dependency
[2023-01-27T15:06:45.351+0000] {spark_submit.py:495} INFO - :: resolving dependencies :: org.apache.spark#spark-submit-parent-98754c70-a821-4397-87b9-8a5012db6ef4;1.0
[2023-01-27T15:06:45.351+0000] {spark_submit.py:495} INFO - confs: [default]
[2023-01-27T15:06:45.507+0000] {spark_submit.py:495} INFO - found org.apache.spark#spark-sql-kafka-0-10_2.12;3.1.3 in central
[2023-01-27T15:06:45.557+0000] {spark_submit.py:495} INFO - found org.apache.spark#spark-token-provider-kafka-0-10_2.12;3.1.3 in central
[2023-01-27T15:06:45.580+0000] {spark_submit.py:495} INFO - found org.apache.kafka#kafka-clients;2.6.0 in central
[2023-01-27T15:06:45.601+0000] {spark_submit.py:495} INFO - found com.github.luben#zstd-jni;1.4.8-1 in central
[2023-01-27T15:06:45.622+0000] {spark_submit.py:495} INFO - found org.lz4#lz4-java;1.7.1 in central
[2023-01-27T15:06:45.650+0000] {spark_submit.py:495} INFO - found org.xerial.snappy#snappy-java;1.1.8.2 in central
[2023-01-27T15:06:45.678+0000] {spark_submit.py:495} INFO - found org.slf4j#slf4j-api;1.7.30 in central
[2023-01-27T15:06:45.702+0000] {spark_submit.py:495} INFO - found org.spark-project.spark#unused;1.0.0 in central
[2023-01-27T15:06:45.749+0000] {spark_submit.py:495} INFO - found org.apache.commons#commons-pool2;2.6.2 in central
[2023-01-27T15:06:45.766+0000] {spark_submit.py:495} INFO - found org.mongodb.spark#mongo-spark-connector_2.12;3.0.1 in central
[2023-01-27T15:06:45.784+0000] {spark_submit.py:495} INFO - found org.mongodb#mongodb-driver-sync;4.0.5 in central
[2023-01-27T15:06:45.799+0000] {spark_submit.py:495} INFO - found org.mongodb#bson;4.0.5 in central
[2023-01-27T15:06:45.812+0000] {spark_submit.py:495} INFO - found org.mongodb#mongodb-driver-core;4.0.5 in central
[2023-01-27T15:06:45.862+0000] {spark_submit.py:495} INFO - :: resolution report :: resolve 479ms :: artifacts dl 32ms
[2023-01-27T15:06:45.863+0000] {spark_submit.py:495} INFO - :: modules in use:
[2023-01-27T15:06:45.863+0000] {spark_submit.py:495} INFO - com.github.luben#zstd-jni;1.4.8-1 from central in [default]
[2023-01-27T15:06:45.863+0000] {spark_submit.py:495} INFO - org.apache.commons#commons-pool2;2.6.2 from central in [default]
[2023-01-27T15:06:45.863+0000] {spark_submit.py:495} INFO - org.apache.kafka#kafka-clients;2.6.0 from central in [default]
[2023-01-27T15:06:45.864+0000] {spark_submit.py:495} INFO - org.apache.spark#spark-sql-kafka-0-10_2.12;3.1.3 from central in [default]
[2023-01-27T15:06:45.864+0000] {spark_submit.py:495} INFO - org.apache.spark#spark-token-provider-kafka-0-10_2.12;3.1.3 from central in [default]
[2023-01-27T15:06:45.864+0000] {spark_submit.py:495} INFO - org.lz4#lz4-java;1.7.1 from central in [default]
[2023-01-27T15:06:45.864+0000] {spark_submit.py:495} INFO - org.mongodb#bson;4.0.5 from central in [default]
[2023-01-27T15:06:45.864+0000] {spark_submit.py:495} INFO - org.mongodb#mongodb-driver-core;4.0.5 from central in [default]
[2023-01-27T15:06:45.864+0000] {spark_submit.py:495} INFO - org.mongodb#mongodb-driver-sync;4.0.5 from central in [default]
[2023-01-27T15:06:45.865+0000] {spark_submit.py:495} INFO - org.mongodb.spark#mongo-spark-connector_2.12;3.0.1 from central in [default]
[2023-01-27T15:06:45.865+0000] {spark_submit.py:495} INFO - org.slf4j#slf4j-api;1.7.30 from central in [default]
[2023-01-27T15:06:45.865+0000] {spark_submit.py:495} INFO - org.spark-project.spark#unused;1.0.0 from central in [default]
[2023-01-27T15:06:45.865+0000] {spark_submit.py:495} INFO - org.xerial.snappy#snappy-java;1.1.8.2 from central in [default]
[2023-01-27T15:06:45.865+0000] {spark_submit.py:495} INFO - ---------------------------------------------------------------------
[2023-01-27T15:06:45.866+0000] {spark_submit.py:495} INFO - |                  |            modules            ||   artifacts   |
[2023-01-27T15:06:45.866+0000] {spark_submit.py:495} INFO - |       conf       | number| search|dwnlded|evicted|| number|dwnlded|
[2023-01-27T15:06:45.866+0000] {spark_submit.py:495} INFO - ---------------------------------------------------------------------
[2023-01-27T15:06:45.866+0000] {spark_submit.py:495} INFO - |      default     |   13  |   0   |   0   |   0   ||   13  |   0   |
[2023-01-27T15:06:45.866+0000] {spark_submit.py:495} INFO - ---------------------------------------------------------------------
[2023-01-27T15:06:45.874+0000] {spark_submit.py:495} INFO - :: retrieving :: org.apache.spark#spark-submit-parent-98754c70-a821-4397-87b9-8a5012db6ef4
[2023-01-27T15:06:45.875+0000] {spark_submit.py:495} INFO - confs: [default]
[2023-01-27T15:06:45.890+0000] {spark_submit.py:495} INFO - 0 artifacts copied, 13 already retrieved (0kB/14ms)
[2023-01-27T15:06:46.155+0000] {spark_submit.py:495} INFO - 23/01/27 15:06:46 WARN NativeCodeLoader: Unable to load native-hadoop library for your platform... using builtin-java classes where applicable
[2023-01-27T15:06:47.670+0000] {spark_submit.py:495} INFO - 23/01/27 15:06:47 INFO SparkContext: Running Spark version 3.3.1
[2023-01-27T15:06:47.688+0000] {spark_submit.py:495} INFO - 23/01/27 15:06:47 INFO ResourceUtils: ==============================================================
[2023-01-27T15:06:47.689+0000] {spark_submit.py:495} INFO - 23/01/27 15:06:47 INFO ResourceUtils: No custom resources configured for spark.driver.
[2023-01-27T15:06:47.689+0000] {spark_submit.py:495} INFO - 23/01/27 15:06:47 INFO ResourceUtils: ==============================================================
[2023-01-27T15:06:47.690+0000] {spark_submit.py:495} INFO - 23/01/27 15:06:47 INFO SparkContext: Submitted application: arrow-spark
[2023-01-27T15:06:47.714+0000] {spark_submit.py:495} INFO - 23/01/27 15:06:47 INFO ResourceProfile: Default ResourceProfile created, executor resources: Map(cores -> name: cores, amount: 1, script: , vendor: , memory -> name: memory, amount: 1024, script: , vendor: , offHeap -> name: offHeap, amount: 0, script: , vendor: ), task resources: Map(cpus -> name: cpus, amount: 1.0)
[2023-01-27T15:06:47.726+0000] {spark_submit.py:495} INFO - 23/01/27 15:06:47 INFO ResourceProfile: Limiting resource is cpu
[2023-01-27T15:06:47.726+0000] {spark_submit.py:495} INFO - 23/01/27 15:06:47 INFO ResourceProfileManager: Added ResourceProfile id: 0
[2023-01-27T15:06:47.778+0000] {spark_submit.py:495} INFO - 23/01/27 15:06:47 INFO SecurityManager: Changing view acls to: default
[2023-01-27T15:06:47.779+0000] {spark_submit.py:495} INFO - 23/01/27 15:06:47 INFO SecurityManager: Changing modify acls to: default
[2023-01-27T15:06:47.779+0000] {spark_submit.py:495} INFO - 23/01/27 15:06:47 INFO SecurityManager: Changing view acls groups to:
[2023-01-27T15:06:47.779+0000] {spark_submit.py:495} INFO - 23/01/27 15:06:47 INFO SecurityManager: Changing modify acls groups to:
[2023-01-27T15:06:47.779+0000] {spark_submit.py:495} INFO - 23/01/27 15:06:47 INFO SecurityManager: SecurityManager: authentication disabled; ui acls disabled; users  with view permissions: Set(default); groups with view permissions: Set(); users  with modify permissions: Set(default); groups with modify permissions: Set()
[2023-01-27T15:06:48.019+0000] {spark_submit.py:495} INFO - 23/01/27 15:06:48 INFO Utils: Successfully started service 'sparkDriver' on port 36791.
[2023-01-27T15:06:48.051+0000] {spark_submit.py:495} INFO - 23/01/27 15:06:48 INFO SparkEnv: Registering MapOutputTracker
[2023-01-27T15:06:48.122+0000] {spark_submit.py:495} INFO - 23/01/27 15:06:48 INFO SparkEnv: Registering BlockManagerMaster
[2023-01-27T15:06:48.145+0000] {spark_submit.py:495} INFO - 23/01/27 15:06:48 INFO BlockManagerMasterEndpoint: Using org.apache.spark.storage.DefaultTopologyMapper for getting topology information
[2023-01-27T15:06:48.146+0000] {spark_submit.py:495} INFO - 23/01/27 15:06:48 INFO BlockManagerMasterEndpoint: BlockManagerMasterEndpoint up
[2023-01-27T15:06:48.150+0000] {spark_submit.py:495} INFO - 23/01/27 15:06:48 INFO SparkEnv: Registering BlockManagerMasterHeartbeat
[2023-01-27T15:06:48.170+0000] {spark_submit.py:495} INFO - 23/01/27 15:06:48 INFO DiskBlockManager: Created local directory at /tmp/blockmgr-90752f23-0b62-4f7e-ab74-1031d0d7a8b3
[2023-01-27T15:06:48.183+0000] {spark_submit.py:495} INFO - 23/01/27 15:06:48 INFO MemoryStore: MemoryStore started with capacity 434.4 MiB
[2023-01-27T15:06:48.194+0000] {spark_submit.py:495} INFO - 23/01/27 15:06:48 INFO SparkEnv: Registering OutputCommitCoordinator
[2023-01-27T15:06:48.352+0000] {spark_submit.py:495} INFO - 23/01/27 15:06:48 INFO Utils: Successfully started service 'SparkUI' on port 4040.
[2023-01-27T15:06:48.384+0000] {spark_submit.py:495} INFO - 23/01/27 15:06:48 INFO SparkContext: Added JAR file:///home/***/.ivy2/jars/org.apache.spark_spark-sql-kafka-0-10_2.12-3.1.3.jar at spark://f1cbb5df32e6:36791/jars/org.apache.spark_spark-sql-kafka-0-10_2.12-3.1.3.jar with timestamp 1674832007664
[2023-01-27T15:06:48.386+0000] {spark_submit.py:495} INFO - 23/01/27 15:06:48 INFO SparkContext: Added JAR file:///home/***/.ivy2/jars/org.mongodb.spark_mongo-spark-connector_2.12-3.0.1.jar at spark://f1cbb5df32e6:36791/jars/org.mongodb.spark_mongo-spark-connector_2.12-3.0.1.jar with timestamp 1674832007664
[2023-01-27T15:06:48.386+0000] {spark_submit.py:495} INFO - 23/01/27 15:06:48 INFO SparkContext: Added JAR file:///home/***/.ivy2/jars/org.apache.spark_spark-token-provider-kafka-0-10_2.12-3.1.3.jar at spark://f1cbb5df32e6:36791/jars/org.apache.spark_spark-token-provider-kafka-0-10_2.12-3.1.3.jar with timestamp 1674832007664
[2023-01-27T15:06:48.386+0000] {spark_submit.py:495} INFO - 23/01/27 15:06:48 INFO SparkContext: Added JAR file:///home/***/.ivy2/jars/org.apache.kafka_kafka-clients-2.6.0.jar at spark://f1cbb5df32e6:36791/jars/org.apache.kafka_kafka-clients-2.6.0.jar with timestamp 1674832007664
[2023-01-27T15:06:48.386+0000] {spark_submit.py:495} INFO - 23/01/27 15:06:48 INFO SparkContext: Added JAR file:///home/***/.ivy2/jars/org.apache.commons_commons-pool2-2.6.2.jar at spark://f1cbb5df32e6:36791/jars/org.apache.commons_commons-pool2-2.6.2.jar with timestamp 1674832007664
[2023-01-27T15:06:48.386+0000] {spark_submit.py:495} INFO - 23/01/27 15:06:48 INFO SparkContext: Added JAR file:///home/***/.ivy2/jars/org.spark-project.spark_unused-1.0.0.jar at spark://f1cbb5df32e6:36791/jars/org.spark-project.spark_unused-1.0.0.jar with timestamp 1674832007664
[2023-01-27T15:06:48.386+0000] {spark_submit.py:495} INFO - 23/01/27 15:06:48 INFO SparkContext: Added JAR file:///home/***/.ivy2/jars/com.github.luben_zstd-jni-1.4.8-1.jar at spark://f1cbb5df32e6:36791/jars/com.github.luben_zstd-jni-1.4.8-1.jar with timestamp 1674832007664
[2023-01-27T15:06:48.386+0000] {spark_submit.py:495} INFO - 23/01/27 15:06:48 INFO SparkContext: Added JAR file:///home/***/.ivy2/jars/org.lz4_lz4-java-1.7.1.jar at spark://f1cbb5df32e6:36791/jars/org.lz4_lz4-java-1.7.1.jar with timestamp 1674832007664
[2023-01-27T15:06:48.386+0000] {spark_submit.py:495} INFO - 23/01/27 15:06:48 INFO SparkContext: Added JAR file:///home/***/.ivy2/jars/org.xerial.snappy_snappy-java-1.1.8.2.jar at spark://f1cbb5df32e6:36791/jars/org.xerial.snappy_snappy-java-1.1.8.2.jar with timestamp 1674832007664
[2023-01-27T15:06:48.386+0000] {spark_submit.py:495} INFO - 23/01/27 15:06:48 INFO SparkContext: Added JAR file:///home/***/.ivy2/jars/org.slf4j_slf4j-api-1.7.30.jar at spark://f1cbb5df32e6:36791/jars/org.slf4j_slf4j-api-1.7.30.jar with timestamp 1674832007664
[2023-01-27T15:06:48.386+0000] {spark_submit.py:495} INFO - 23/01/27 15:06:48 INFO SparkContext: Added JAR file:///home/***/.ivy2/jars/org.mongodb_mongodb-driver-sync-4.0.5.jar at spark://f1cbb5df32e6:36791/jars/org.mongodb_mongodb-driver-sync-4.0.5.jar with timestamp 1674832007664
[2023-01-27T15:06:48.386+0000] {spark_submit.py:495} INFO - 23/01/27 15:06:48 INFO SparkContext: Added JAR file:///home/***/.ivy2/jars/org.mongodb_bson-4.0.5.jar at spark://f1cbb5df32e6:36791/jars/org.mongodb_bson-4.0.5.jar with timestamp 1674832007664
[2023-01-27T15:06:48.387+0000] {spark_submit.py:495} INFO - 23/01/27 15:06:48 INFO SparkContext: Added JAR file:///home/***/.ivy2/jars/org.mongodb_mongodb-driver-core-4.0.5.jar at spark://f1cbb5df32e6:36791/jars/org.mongodb_mongodb-driver-core-4.0.5.jar with timestamp 1674832007664
[2023-01-27T15:06:48.387+0000] {spark_submit.py:495} INFO - 23/01/27 15:06:48 INFO SparkContext: Added file file:///home/***/.ivy2/jars/org.apache.spark_spark-sql-kafka-0-10_2.12-3.1.3.jar at file:///home/***/.ivy2/jars/org.apache.spark_spark-sql-kafka-0-10_2.12-3.1.3.jar with timestamp 1674832007664
[2023-01-27T15:06:48.388+0000] {spark_submit.py:495} INFO - 23/01/27 15:06:48 INFO Utils: Copying /home/***/.ivy2/jars/org.apache.spark_spark-sql-kafka-0-10_2.12-3.1.3.jar to /tmp/spark-5f9ce023-27d7-4be1-98e9-9db2ad37e57f/userFiles-b4414145-c02e-4b8c-a28b-e28274bd97a7/org.apache.spark_spark-sql-kafka-0-10_2.12-3.1.3.jar
[2023-01-27T15:06:48.416+0000] {spark_submit.py:495} INFO - 23/01/27 15:06:48 INFO SparkContext: Added file file:///home/***/.ivy2/jars/org.mongodb.spark_mongo-spark-connector_2.12-3.0.1.jar at file:///home/***/.ivy2/jars/org.mongodb.spark_mongo-spark-connector_2.12-3.0.1.jar with timestamp 1674832007664
[2023-01-27T15:06:48.416+0000] {spark_submit.py:495} INFO - 23/01/27 15:06:48 INFO Utils: Copying /home/***/.ivy2/jars/org.mongodb.spark_mongo-spark-connector_2.12-3.0.1.jar to /tmp/spark-5f9ce023-27d7-4be1-98e9-9db2ad37e57f/userFiles-b4414145-c02e-4b8c-a28b-e28274bd97a7/org.mongodb.spark_mongo-spark-connector_2.12-3.0.1.jar
[2023-01-27T15:06:48.430+0000] {spark_submit.py:495} INFO - 23/01/27 15:06:48 INFO SparkContext: Added file file:///home/***/.ivy2/jars/org.apache.spark_spark-token-provider-kafka-0-10_2.12-3.1.3.jar at file:///home/***/.ivy2/jars/org.apache.spark_spark-token-provider-kafka-0-10_2.12-3.1.3.jar with timestamp 1674832007664
[2023-01-27T15:06:48.430+0000] {spark_submit.py:495} INFO - 23/01/27 15:06:48 INFO Utils: Copying /home/***/.ivy2/jars/org.apache.spark_spark-token-provider-kafka-0-10_2.12-3.1.3.jar to /tmp/spark-5f9ce023-27d7-4be1-98e9-9db2ad37e57f/userFiles-b4414145-c02e-4b8c-a28b-e28274bd97a7/org.apache.spark_spark-token-provider-kafka-0-10_2.12-3.1.3.jar
[2023-01-27T15:06:48.434+0000] {spark_submit.py:495} INFO - 23/01/27 15:06:48 INFO SparkContext: Added file file:///home/***/.ivy2/jars/org.apache.kafka_kafka-clients-2.6.0.jar at file:///home/***/.ivy2/jars/org.apache.kafka_kafka-clients-2.6.0.jar with timestamp 1674832007664
[2023-01-27T15:06:48.434+0000] {spark_submit.py:495} INFO - 23/01/27 15:06:48 INFO Utils: Copying /home/***/.ivy2/jars/org.apache.kafka_kafka-clients-2.6.0.jar to /tmp/spark-5f9ce023-27d7-4be1-98e9-9db2ad37e57f/userFiles-b4414145-c02e-4b8c-a28b-e28274bd97a7/org.apache.kafka_kafka-clients-2.6.0.jar
[2023-01-27T15:06:48.449+0000] {spark_submit.py:495} INFO - 23/01/27 15:06:48 INFO SparkContext: Added file file:///home/***/.ivy2/jars/org.apache.commons_commons-pool2-2.6.2.jar at file:///home/***/.ivy2/jars/org.apache.commons_commons-pool2-2.6.2.jar with timestamp 1674832007664
[2023-01-27T15:06:48.449+0000] {spark_submit.py:495} INFO - 23/01/27 15:06:48 INFO Utils: Copying /home/***/.ivy2/jars/org.apache.commons_commons-pool2-2.6.2.jar to /tmp/spark-5f9ce023-27d7-4be1-98e9-9db2ad37e57f/userFiles-b4414145-c02e-4b8c-a28b-e28274bd97a7/org.apache.commons_commons-pool2-2.6.2.jar
[2023-01-27T15:06:48.454+0000] {spark_submit.py:495} INFO - 23/01/27 15:06:48 INFO SparkContext: Added file file:///home/***/.ivy2/jars/org.spark-project.spark_unused-1.0.0.jar at file:///home/***/.ivy2/jars/org.spark-project.spark_unused-1.0.0.jar with timestamp 1674832007664
[2023-01-27T15:06:48.454+0000] {spark_submit.py:495} INFO - 23/01/27 15:06:48 INFO Utils: Copying /home/***/.ivy2/jars/org.spark-project.spark_unused-1.0.0.jar to /tmp/spark-5f9ce023-27d7-4be1-98e9-9db2ad37e57f/userFiles-b4414145-c02e-4b8c-a28b-e28274bd97a7/org.spark-project.spark_unused-1.0.0.jar
[2023-01-27T15:06:48.457+0000] {spark_submit.py:495} INFO - 23/01/27 15:06:48 INFO SparkContext: Added file file:///home/***/.ivy2/jars/com.github.luben_zstd-jni-1.4.8-1.jar at file:///home/***/.ivy2/jars/com.github.luben_zstd-jni-1.4.8-1.jar with timestamp 1674832007664
[2023-01-27T15:06:48.458+0000] {spark_submit.py:495} INFO - 23/01/27 15:06:48 INFO Utils: Copying /home/***/.ivy2/jars/com.github.luben_zstd-jni-1.4.8-1.jar to /tmp/spark-5f9ce023-27d7-4be1-98e9-9db2ad37e57f/userFiles-b4414145-c02e-4b8c-a28b-e28274bd97a7/com.github.luben_zstd-jni-1.4.8-1.jar
[2023-01-27T15:06:48.477+0000] {spark_submit.py:495} INFO - 23/01/27 15:06:48 INFO SparkContext: Added file file:///home/***/.ivy2/jars/org.lz4_lz4-java-1.7.1.jar at file:///home/***/.ivy2/jars/org.lz4_lz4-java-1.7.1.jar with timestamp 1674832007664
[2023-01-27T15:06:48.477+0000] {spark_submit.py:495} INFO - 23/01/27 15:06:48 INFO Utils: Copying /home/***/.ivy2/jars/org.lz4_lz4-java-1.7.1.jar to /tmp/spark-5f9ce023-27d7-4be1-98e9-9db2ad37e57f/userFiles-b4414145-c02e-4b8c-a28b-e28274bd97a7/org.lz4_lz4-java-1.7.1.jar
[2023-01-27T15:06:48.483+0000] {spark_submit.py:495} INFO - 23/01/27 15:06:48 INFO SparkContext: Added file file:///home/***/.ivy2/jars/org.xerial.snappy_snappy-java-1.1.8.2.jar at file:///home/***/.ivy2/jars/org.xerial.snappy_snappy-java-1.1.8.2.jar with timestamp 1674832007664
[2023-01-27T15:06:48.483+0000] {spark_submit.py:495} INFO - 23/01/27 15:06:48 INFO Utils: Copying /home/***/.ivy2/jars/org.xerial.snappy_snappy-java-1.1.8.2.jar to /tmp/spark-5f9ce023-27d7-4be1-98e9-9db2ad37e57f/userFiles-b4414145-c02e-4b8c-a28b-e28274bd97a7/org.xerial.snappy_snappy-java-1.1.8.2.jar
[2023-01-27T15:06:48.493+0000] {spark_submit.py:495} INFO - 23/01/27 15:06:48 INFO SparkContext: Added file file:///home/***/.ivy2/jars/org.slf4j_slf4j-api-1.7.30.jar at file:///home/***/.ivy2/jars/org.slf4j_slf4j-api-1.7.30.jar with timestamp 1674832007664
[2023-01-27T15:06:48.493+0000] {spark_submit.py:495} INFO - 23/01/27 15:06:48 INFO Utils: Copying /home/***/.ivy2/jars/org.slf4j_slf4j-api-1.7.30.jar to /tmp/spark-5f9ce023-27d7-4be1-98e9-9db2ad37e57f/userFiles-b4414145-c02e-4b8c-a28b-e28274bd97a7/org.slf4j_slf4j-api-1.7.30.jar
[2023-01-27T15:06:48.496+0000] {spark_submit.py:495} INFO - 23/01/27 15:06:48 INFO SparkContext: Added file file:///home/***/.ivy2/jars/org.mongodb_mongodb-driver-sync-4.0.5.jar at file:///home/***/.ivy2/jars/org.mongodb_mongodb-driver-sync-4.0.5.jar with timestamp 1674832007664
[2023-01-27T15:06:48.496+0000] {spark_submit.py:495} INFO - 23/01/27 15:06:48 INFO Utils: Copying /home/***/.ivy2/jars/org.mongodb_mongodb-driver-sync-4.0.5.jar to /tmp/spark-5f9ce023-27d7-4be1-98e9-9db2ad37e57f/userFiles-b4414145-c02e-4b8c-a28b-e28274bd97a7/org.mongodb_mongodb-driver-sync-4.0.5.jar
[2023-01-27T15:06:48.500+0000] {spark_submit.py:495} INFO - 23/01/27 15:06:48 INFO SparkContext: Added file file:///home/***/.ivy2/jars/org.mongodb_bson-4.0.5.jar at file:///home/***/.ivy2/jars/org.mongodb_bson-4.0.5.jar with timestamp 1674832007664
[2023-01-27T15:06:48.500+0000] {spark_submit.py:495} INFO - 23/01/27 15:06:48 INFO Utils: Copying /home/***/.ivy2/jars/org.mongodb_bson-4.0.5.jar to /tmp/spark-5f9ce023-27d7-4be1-98e9-9db2ad37e57f/userFiles-b4414145-c02e-4b8c-a28b-e28274bd97a7/org.mongodb_bson-4.0.5.jar
[2023-01-27T15:06:48.505+0000] {spark_submit.py:495} INFO - 23/01/27 15:06:48 INFO SparkContext: Added file file:///home/***/.ivy2/jars/org.mongodb_mongodb-driver-core-4.0.5.jar at file:///home/***/.ivy2/jars/org.mongodb_mongodb-driver-core-4.0.5.jar with timestamp 1674832007664
[2023-01-27T15:06:48.505+0000] {spark_submit.py:495} INFO - 23/01/27 15:06:48 INFO Utils: Copying /home/***/.ivy2/jars/org.mongodb_mongodb-driver-core-4.0.5.jar to /tmp/spark-5f9ce023-27d7-4be1-98e9-9db2ad37e57f/userFiles-b4414145-c02e-4b8c-a28b-e28274bd97a7/org.mongodb_mongodb-driver-core-4.0.5.jar
[2023-01-27T15:06:48.578+0000] {spark_submit.py:495} INFO - 23/01/27 15:06:48 INFO Executor: Starting executor ID driver on host f1cbb5df32e6
[2023-01-27T15:06:48.584+0000] {spark_submit.py:495} INFO - 23/01/27 15:06:48 INFO Executor: Starting executor with user classpath (userClassPathFirst = false): ''
[2023-01-27T15:06:48.594+0000] {spark_submit.py:495} INFO - 23/01/27 15:06:48 INFO Executor: Fetching file:///home/***/.ivy2/jars/org.apache.spark_spark-token-provider-kafka-0-10_2.12-3.1.3.jar with timestamp 1674832007664
[2023-01-27T15:06:48.610+0000] {spark_submit.py:495} INFO - 23/01/27 15:06:48 INFO Utils: /home/***/.ivy2/jars/org.apache.spark_spark-token-provider-kafka-0-10_2.12-3.1.3.jar has been previously copied to /tmp/spark-5f9ce023-27d7-4be1-98e9-9db2ad37e57f/userFiles-b4414145-c02e-4b8c-a28b-e28274bd97a7/org.apache.spark_spark-token-provider-kafka-0-10_2.12-3.1.3.jar
[2023-01-27T15:06:48.614+0000] {spark_submit.py:495} INFO - 23/01/27 15:06:48 INFO Executor: Fetching file:///home/***/.ivy2/jars/org.mongodb_mongodb-driver-sync-4.0.5.jar with timestamp 1674832007664
[2023-01-27T15:06:48.616+0000] {spark_submit.py:495} INFO - 23/01/27 15:06:48 INFO Utils: /home/***/.ivy2/jars/org.mongodb_mongodb-driver-sync-4.0.5.jar has been previously copied to /tmp/spark-5f9ce023-27d7-4be1-98e9-9db2ad37e57f/userFiles-b4414145-c02e-4b8c-a28b-e28274bd97a7/org.mongodb_mongodb-driver-sync-4.0.5.jar
[2023-01-27T15:06:48.622+0000] {spark_submit.py:495} INFO - 23/01/27 15:06:48 INFO Executor: Fetching file:///home/***/.ivy2/jars/org.apache.kafka_kafka-clients-2.6.0.jar with timestamp 1674832007664
[2023-01-27T15:06:48.627+0000] {spark_submit.py:495} INFO - 23/01/27 15:06:48 INFO Utils: /home/***/.ivy2/jars/org.apache.kafka_kafka-clients-2.6.0.jar has been previously copied to /tmp/spark-5f9ce023-27d7-4be1-98e9-9db2ad37e57f/userFiles-b4414145-c02e-4b8c-a28b-e28274bd97a7/org.apache.kafka_kafka-clients-2.6.0.jar
[2023-01-27T15:06:48.630+0000] {spark_submit.py:495} INFO - 23/01/27 15:06:48 INFO Executor: Fetching file:///home/***/.ivy2/jars/org.mongodb_bson-4.0.5.jar with timestamp 1674832007664
[2023-01-27T15:06:48.631+0000] {spark_submit.py:495} INFO - 23/01/27 15:06:48 INFO Utils: /home/***/.ivy2/jars/org.mongodb_bson-4.0.5.jar has been previously copied to /tmp/spark-5f9ce023-27d7-4be1-98e9-9db2ad37e57f/userFiles-b4414145-c02e-4b8c-a28b-e28274bd97a7/org.mongodb_bson-4.0.5.jar
[2023-01-27T15:06:48.634+0000] {spark_submit.py:495} INFO - 23/01/27 15:06:48 INFO Executor: Fetching file:///home/***/.ivy2/jars/com.github.luben_zstd-jni-1.4.8-1.jar with timestamp 1674832007664
[2023-01-27T15:06:48.639+0000] {spark_submit.py:495} INFO - 23/01/27 15:06:48 INFO Utils: /home/***/.ivy2/jars/com.github.luben_zstd-jni-1.4.8-1.jar has been previously copied to /tmp/spark-5f9ce023-27d7-4be1-98e9-9db2ad37e57f/userFiles-b4414145-c02e-4b8c-a28b-e28274bd97a7/com.github.luben_zstd-jni-1.4.8-1.jar
[2023-01-27T15:06:48.642+0000] {spark_submit.py:495} INFO - 23/01/27 15:06:48 INFO Executor: Fetching file:///home/***/.ivy2/jars/org.lz4_lz4-java-1.7.1.jar with timestamp 1674832007664
[2023-01-27T15:06:48.643+0000] {spark_submit.py:495} INFO - 23/01/27 15:06:48 INFO Utils: /home/***/.ivy2/jars/org.lz4_lz4-java-1.7.1.jar has been previously copied to /tmp/spark-5f9ce023-27d7-4be1-98e9-9db2ad37e57f/userFiles-b4414145-c02e-4b8c-a28b-e28274bd97a7/org.lz4_lz4-java-1.7.1.jar
[2023-01-27T15:06:48.646+0000] {spark_submit.py:495} INFO - 23/01/27 15:06:48 INFO Executor: Fetching file:///home/***/.ivy2/jars/org.spark-project.spark_unused-1.0.0.jar with timestamp 1674832007664
[2023-01-27T15:06:48.646+0000] {spark_submit.py:495} INFO - 23/01/27 15:06:48 INFO Utils: /home/***/.ivy2/jars/org.spark-project.spark_unused-1.0.0.jar has been previously copied to /tmp/spark-5f9ce023-27d7-4be1-98e9-9db2ad37e57f/userFiles-b4414145-c02e-4b8c-a28b-e28274bd97a7/org.spark-project.spark_unused-1.0.0.jar
[2023-01-27T15:06:48.649+0000] {spark_submit.py:495} INFO - 23/01/27 15:06:48 INFO Executor: Fetching file:///home/***/.ivy2/jars/org.xerial.snappy_snappy-java-1.1.8.2.jar with timestamp 1674832007664
[2023-01-27T15:06:48.652+0000] {spark_submit.py:495} INFO - 23/01/27 15:06:48 INFO Utils: /home/***/.ivy2/jars/org.xerial.snappy_snappy-java-1.1.8.2.jar has been previously copied to /tmp/spark-5f9ce023-27d7-4be1-98e9-9db2ad37e57f/userFiles-b4414145-c02e-4b8c-a28b-e28274bd97a7/org.xerial.snappy_snappy-java-1.1.8.2.jar
[2023-01-27T15:06:48.654+0000] {spark_submit.py:495} INFO - 23/01/27 15:06:48 INFO Executor: Fetching file:///home/***/.ivy2/jars/org.mongodb_mongodb-driver-core-4.0.5.jar with timestamp 1674832007664
[2023-01-27T15:06:48.656+0000] {spark_submit.py:495} INFO - 23/01/27 15:06:48 INFO Utils: /home/***/.ivy2/jars/org.mongodb_mongodb-driver-core-4.0.5.jar has been previously copied to /tmp/spark-5f9ce023-27d7-4be1-98e9-9db2ad37e57f/userFiles-b4414145-c02e-4b8c-a28b-e28274bd97a7/org.mongodb_mongodb-driver-core-4.0.5.jar
[2023-01-27T15:06:48.659+0000] {spark_submit.py:495} INFO - 23/01/27 15:06:48 INFO Executor: Fetching file:///home/***/.ivy2/jars/org.apache.spark_spark-sql-kafka-0-10_2.12-3.1.3.jar with timestamp 1674832007664
[2023-01-27T15:06:48.661+0000] {spark_submit.py:495} INFO - 23/01/27 15:06:48 INFO Utils: /home/***/.ivy2/jars/org.apache.spark_spark-sql-kafka-0-10_2.12-3.1.3.jar has been previously copied to /tmp/spark-5f9ce023-27d7-4be1-98e9-9db2ad37e57f/userFiles-b4414145-c02e-4b8c-a28b-e28274bd97a7/org.apache.spark_spark-sql-kafka-0-10_2.12-3.1.3.jar
[2023-01-27T15:06:48.664+0000] {spark_submit.py:495} INFO - 23/01/27 15:06:48 INFO Executor: Fetching file:///home/***/.ivy2/jars/org.mongodb.spark_mongo-spark-connector_2.12-3.0.1.jar with timestamp 1674832007664
[2023-01-27T15:06:48.664+0000] {spark_submit.py:495} INFO - 23/01/27 15:06:48 INFO Utils: /home/***/.ivy2/jars/org.mongodb.spark_mongo-spark-connector_2.12-3.0.1.jar has been previously copied to /tmp/spark-5f9ce023-27d7-4be1-98e9-9db2ad37e57f/userFiles-b4414145-c02e-4b8c-a28b-e28274bd97a7/org.mongodb.spark_mongo-spark-connector_2.12-3.0.1.jar
[2023-01-27T15:06:48.667+0000] {spark_submit.py:495} INFO - 23/01/27 15:06:48 INFO Executor: Fetching file:///home/***/.ivy2/jars/org.apache.commons_commons-pool2-2.6.2.jar with timestamp 1674832007664
[2023-01-27T15:06:48.667+0000] {spark_submit.py:495} INFO - 23/01/27 15:06:48 INFO Utils: /home/***/.ivy2/jars/org.apache.commons_commons-pool2-2.6.2.jar has been previously copied to /tmp/spark-5f9ce023-27d7-4be1-98e9-9db2ad37e57f/userFiles-b4414145-c02e-4b8c-a28b-e28274bd97a7/org.apache.commons_commons-pool2-2.6.2.jar
[2023-01-27T15:06:48.670+0000] {spark_submit.py:495} INFO - 23/01/27 15:06:48 INFO Executor: Fetching file:///home/***/.ivy2/jars/org.slf4j_slf4j-api-1.7.30.jar with timestamp 1674832007664
[2023-01-27T15:06:48.670+0000] {spark_submit.py:495} INFO - 23/01/27 15:06:48 INFO Utils: /home/***/.ivy2/jars/org.slf4j_slf4j-api-1.7.30.jar has been previously copied to /tmp/spark-5f9ce023-27d7-4be1-98e9-9db2ad37e57f/userFiles-b4414145-c02e-4b8c-a28b-e28274bd97a7/org.slf4j_slf4j-api-1.7.30.jar
[2023-01-27T15:06:48.674+0000] {spark_submit.py:495} INFO - 23/01/27 15:06:48 INFO Executor: Fetching spark://f1cbb5df32e6:36791/jars/org.xerial.snappy_snappy-java-1.1.8.2.jar with timestamp 1674832007664
[2023-01-27T15:06:48.701+0000] {spark_submit.py:495} INFO - 23/01/27 15:06:48 INFO TransportClientFactory: Successfully created connection to f1cbb5df32e6/172.23.0.4:36791 after 18 ms (0 ms spent in bootstraps)
[2023-01-27T15:06:48.705+0000] {spark_submit.py:495} INFO - 23/01/27 15:06:48 INFO Utils: Fetching spark://f1cbb5df32e6:36791/jars/org.xerial.snappy_snappy-java-1.1.8.2.jar to /tmp/spark-5f9ce023-27d7-4be1-98e9-9db2ad37e57f/userFiles-b4414145-c02e-4b8c-a28b-e28274bd97a7/fetchFileTemp11906442037394603321.tmp
[2023-01-27T15:06:48.736+0000] {spark_submit.py:495} INFO - 23/01/27 15:06:48 INFO Utils: /tmp/spark-5f9ce023-27d7-4be1-98e9-9db2ad37e57f/userFiles-b4414145-c02e-4b8c-a28b-e28274bd97a7/fetchFileTemp11906442037394603321.tmp has been previously copied to /tmp/spark-5f9ce023-27d7-4be1-98e9-9db2ad37e57f/userFiles-b4414145-c02e-4b8c-a28b-e28274bd97a7/org.xerial.snappy_snappy-java-1.1.8.2.jar
[2023-01-27T15:06:48.742+0000] {spark_submit.py:495} INFO - 23/01/27 15:06:48 INFO Executor: Adding file:/tmp/spark-5f9ce023-27d7-4be1-98e9-9db2ad37e57f/userFiles-b4414145-c02e-4b8c-a28b-e28274bd97a7/org.xerial.snappy_snappy-java-1.1.8.2.jar to class loader
[2023-01-27T15:06:48.742+0000] {spark_submit.py:495} INFO - 23/01/27 15:06:48 INFO Executor: Fetching spark://f1cbb5df32e6:36791/jars/org.spark-project.spark_unused-1.0.0.jar with timestamp 1674832007664
[2023-01-27T15:06:48.742+0000] {spark_submit.py:495} INFO - 23/01/27 15:06:48 INFO Utils: Fetching spark://f1cbb5df32e6:36791/jars/org.spark-project.spark_unused-1.0.0.jar to /tmp/spark-5f9ce023-27d7-4be1-98e9-9db2ad37e57f/userFiles-b4414145-c02e-4b8c-a28b-e28274bd97a7/fetchFileTemp4663157878397449284.tmp
[2023-01-27T15:06:48.744+0000] {spark_submit.py:495} INFO - 23/01/27 15:06:48 INFO Utils: /tmp/spark-5f9ce023-27d7-4be1-98e9-9db2ad37e57f/userFiles-b4414145-c02e-4b8c-a28b-e28274bd97a7/fetchFileTemp4663157878397449284.tmp has been previously copied to /tmp/spark-5f9ce023-27d7-4be1-98e9-9db2ad37e57f/userFiles-b4414145-c02e-4b8c-a28b-e28274bd97a7/org.spark-project.spark_unused-1.0.0.jar
[2023-01-27T15:06:48.746+0000] {spark_submit.py:495} INFO - 23/01/27 15:06:48 INFO Executor: Adding file:/tmp/spark-5f9ce023-27d7-4be1-98e9-9db2ad37e57f/userFiles-b4414145-c02e-4b8c-a28b-e28274bd97a7/org.spark-project.spark_unused-1.0.0.jar to class loader
[2023-01-27T15:06:48.746+0000] {spark_submit.py:495} INFO - 23/01/27 15:06:48 INFO Executor: Fetching spark://f1cbb5df32e6:36791/jars/org.mongodb_mongodb-driver-core-4.0.5.jar with timestamp 1674832007664
[2023-01-27T15:06:48.746+0000] {spark_submit.py:495} INFO - 23/01/27 15:06:48 INFO Utils: Fetching spark://f1cbb5df32e6:36791/jars/org.mongodb_mongodb-driver-core-4.0.5.jar to /tmp/spark-5f9ce023-27d7-4be1-98e9-9db2ad37e57f/userFiles-b4414145-c02e-4b8c-a28b-e28274bd97a7/fetchFileTemp6987284904595334258.tmp
[2023-01-27T15:06:48.752+0000] {spark_submit.py:495} INFO - 23/01/27 15:06:48 INFO Utils: /tmp/spark-5f9ce023-27d7-4be1-98e9-9db2ad37e57f/userFiles-b4414145-c02e-4b8c-a28b-e28274bd97a7/fetchFileTemp6987284904595334258.tmp has been previously copied to /tmp/spark-5f9ce023-27d7-4be1-98e9-9db2ad37e57f/userFiles-b4414145-c02e-4b8c-a28b-e28274bd97a7/org.mongodb_mongodb-driver-core-4.0.5.jar
[2023-01-27T15:06:48.829+0000] {spark_submit.py:495} INFO - 23/01/27 15:06:48 INFO Executor: Adding file:/tmp/spark-5f9ce023-27d7-4be1-98e9-9db2ad37e57f/userFiles-b4414145-c02e-4b8c-a28b-e28274bd97a7/org.mongodb_mongodb-driver-core-4.0.5.jar to class loader
[2023-01-27T15:06:48.829+0000] {spark_submit.py:495} INFO - 23/01/27 15:06:48 INFO Executor: Fetching spark://f1cbb5df32e6:36791/jars/com.github.luben_zstd-jni-1.4.8-1.jar with timestamp 1674832007664
[2023-01-27T15:06:48.831+0000] {spark_submit.py:495} INFO - 23/01/27 15:06:48 INFO Utils: Fetching spark://f1cbb5df32e6:36791/jars/com.github.luben_zstd-jni-1.4.8-1.jar to /tmp/spark-5f9ce023-27d7-4be1-98e9-9db2ad37e57f/userFiles-b4414145-c02e-4b8c-a28b-e28274bd97a7/fetchFileTemp962544072771401446.tmp
[2023-01-27T15:06:48.891+0000] {spark_submit.py:495} INFO - 23/01/27 15:06:48 INFO Utils: /tmp/spark-5f9ce023-27d7-4be1-98e9-9db2ad37e57f/userFiles-b4414145-c02e-4b8c-a28b-e28274bd97a7/fetchFileTemp962544072771401446.tmp has been previously copied to /tmp/spark-5f9ce023-27d7-4be1-98e9-9db2ad37e57f/userFiles-b4414145-c02e-4b8c-a28b-e28274bd97a7/com.github.luben_zstd-jni-1.4.8-1.jar
[2023-01-27T15:06:48.900+0000] {spark_submit.py:495} INFO - 23/01/27 15:06:48 INFO Executor: Adding file:/tmp/spark-5f9ce023-27d7-4be1-98e9-9db2ad37e57f/userFiles-b4414145-c02e-4b8c-a28b-e28274bd97a7/com.github.luben_zstd-jni-1.4.8-1.jar to class loader
[2023-01-27T15:06:48.900+0000] {spark_submit.py:495} INFO - 23/01/27 15:06:48 INFO Executor: Fetching spark://f1cbb5df32e6:36791/jars/org.slf4j_slf4j-api-1.7.30.jar with timestamp 1674832007664
[2023-01-27T15:06:48.901+0000] {spark_submit.py:495} INFO - 23/01/27 15:06:48 INFO Utils: Fetching spark://f1cbb5df32e6:36791/jars/org.slf4j_slf4j-api-1.7.30.jar to /tmp/spark-5f9ce023-27d7-4be1-98e9-9db2ad37e57f/userFiles-b4414145-c02e-4b8c-a28b-e28274bd97a7/fetchFileTemp1567945590300467237.tmp
[2023-01-27T15:06:48.903+0000] {spark_submit.py:495} INFO - 23/01/27 15:06:48 INFO Utils: /tmp/spark-5f9ce023-27d7-4be1-98e9-9db2ad37e57f/userFiles-b4414145-c02e-4b8c-a28b-e28274bd97a7/fetchFileTemp1567945590300467237.tmp has been previously copied to /tmp/spark-5f9ce023-27d7-4be1-98e9-9db2ad37e57f/userFiles-b4414145-c02e-4b8c-a28b-e28274bd97a7/org.slf4j_slf4j-api-1.7.30.jar
[2023-01-27T15:06:48.908+0000] {spark_submit.py:495} INFO - 23/01/27 15:06:48 INFO Executor: Adding file:/tmp/spark-5f9ce023-27d7-4be1-98e9-9db2ad37e57f/userFiles-b4414145-c02e-4b8c-a28b-e28274bd97a7/org.slf4j_slf4j-api-1.7.30.jar to class loader
[2023-01-27T15:06:48.908+0000] {spark_submit.py:495} INFO - 23/01/27 15:06:48 INFO Executor: Fetching spark://f1cbb5df32e6:36791/jars/org.mongodb.spark_mongo-spark-connector_2.12-3.0.1.jar with timestamp 1674832007664
[2023-01-27T15:06:48.908+0000] {spark_submit.py:495} INFO - 23/01/27 15:06:48 INFO Utils: Fetching spark://f1cbb5df32e6:36791/jars/org.mongodb.spark_mongo-spark-connector_2.12-3.0.1.jar to /tmp/spark-5f9ce023-27d7-4be1-98e9-9db2ad37e57f/userFiles-b4414145-c02e-4b8c-a28b-e28274bd97a7/fetchFileTemp5230350135428561099.tmp
[2023-01-27T15:06:48.916+0000] {spark_submit.py:495} INFO - 23/01/27 15:06:48 INFO Utils: /tmp/spark-5f9ce023-27d7-4be1-98e9-9db2ad37e57f/userFiles-b4414145-c02e-4b8c-a28b-e28274bd97a7/fetchFileTemp5230350135428561099.tmp has been previously copied to /tmp/spark-5f9ce023-27d7-4be1-98e9-9db2ad37e57f/userFiles-b4414145-c02e-4b8c-a28b-e28274bd97a7/org.mongodb.spark_mongo-spark-connector_2.12-3.0.1.jar
[2023-01-27T15:06:48.921+0000] {spark_submit.py:495} INFO - 23/01/27 15:06:48 INFO Executor: Adding file:/tmp/spark-5f9ce023-27d7-4be1-98e9-9db2ad37e57f/userFiles-b4414145-c02e-4b8c-a28b-e28274bd97a7/org.mongodb.spark_mongo-spark-connector_2.12-3.0.1.jar to class loader
[2023-01-27T15:06:48.921+0000] {spark_submit.py:495} INFO - 23/01/27 15:06:48 INFO Executor: Fetching spark://f1cbb5df32e6:36791/jars/org.mongodb_bson-4.0.5.jar with timestamp 1674832007664
[2023-01-27T15:06:48.923+0000] {spark_submit.py:495} INFO - 23/01/27 15:06:48 INFO Utils: Fetching spark://f1cbb5df32e6:36791/jars/org.mongodb_bson-4.0.5.jar to /tmp/spark-5f9ce023-27d7-4be1-98e9-9db2ad37e57f/userFiles-b4414145-c02e-4b8c-a28b-e28274bd97a7/fetchFileTemp1894851468419222691.tmp
[2023-01-27T15:06:48.928+0000] {spark_submit.py:495} INFO - 23/01/27 15:06:48 INFO Utils: /tmp/spark-5f9ce023-27d7-4be1-98e9-9db2ad37e57f/userFiles-b4414145-c02e-4b8c-a28b-e28274bd97a7/fetchFileTemp1894851468419222691.tmp has been previously copied to /tmp/spark-5f9ce023-27d7-4be1-98e9-9db2ad37e57f/userFiles-b4414145-c02e-4b8c-a28b-e28274bd97a7/org.mongodb_bson-4.0.5.jar
[2023-01-27T15:06:48.933+0000] {spark_submit.py:495} INFO - 23/01/27 15:06:48 INFO Executor: Adding file:/tmp/spark-5f9ce023-27d7-4be1-98e9-9db2ad37e57f/userFiles-b4414145-c02e-4b8c-a28b-e28274bd97a7/org.mongodb_bson-4.0.5.jar to class loader
[2023-01-27T15:06:48.933+0000] {spark_submit.py:495} INFO - 23/01/27 15:06:48 INFO Executor: Fetching spark://f1cbb5df32e6:36791/jars/org.lz4_lz4-java-1.7.1.jar with timestamp 1674832007664
[2023-01-27T15:06:48.934+0000] {spark_submit.py:495} INFO - 23/01/27 15:06:48 INFO Utils: Fetching spark://f1cbb5df32e6:36791/jars/org.lz4_lz4-java-1.7.1.jar to /tmp/spark-5f9ce023-27d7-4be1-98e9-9db2ad37e57f/userFiles-b4414145-c02e-4b8c-a28b-e28274bd97a7/fetchFileTemp6051023748391199031.tmp
[2023-01-27T15:06:48.939+0000] {spark_submit.py:495} INFO - 23/01/27 15:06:48 INFO Utils: /tmp/spark-5f9ce023-27d7-4be1-98e9-9db2ad37e57f/userFiles-b4414145-c02e-4b8c-a28b-e28274bd97a7/fetchFileTemp6051023748391199031.tmp has been previously copied to /tmp/spark-5f9ce023-27d7-4be1-98e9-9db2ad37e57f/userFiles-b4414145-c02e-4b8c-a28b-e28274bd97a7/org.lz4_lz4-java-1.7.1.jar
[2023-01-27T15:06:48.943+0000] {spark_submit.py:495} INFO - 23/01/27 15:06:48 INFO Executor: Adding file:/tmp/spark-5f9ce023-27d7-4be1-98e9-9db2ad37e57f/userFiles-b4414145-c02e-4b8c-a28b-e28274bd97a7/org.lz4_lz4-java-1.7.1.jar to class loader
[2023-01-27T15:06:48.944+0000] {spark_submit.py:495} INFO - 23/01/27 15:06:48 INFO Executor: Fetching spark://f1cbb5df32e6:36791/jars/org.apache.spark_spark-token-provider-kafka-0-10_2.12-3.1.3.jar with timestamp 1674832007664
[2023-01-27T15:06:48.945+0000] {spark_submit.py:495} INFO - 23/01/27 15:06:48 INFO Utils: Fetching spark://f1cbb5df32e6:36791/jars/org.apache.spark_spark-token-provider-kafka-0-10_2.12-3.1.3.jar to /tmp/spark-5f9ce023-27d7-4be1-98e9-9db2ad37e57f/userFiles-b4414145-c02e-4b8c-a28b-e28274bd97a7/fetchFileTemp8045707902587894663.tmp
[2023-01-27T15:06:48.946+0000] {spark_submit.py:495} INFO - 23/01/27 15:06:48 INFO Utils: /tmp/spark-5f9ce023-27d7-4be1-98e9-9db2ad37e57f/userFiles-b4414145-c02e-4b8c-a28b-e28274bd97a7/fetchFileTemp8045707902587894663.tmp has been previously copied to /tmp/spark-5f9ce023-27d7-4be1-98e9-9db2ad37e57f/userFiles-b4414145-c02e-4b8c-a28b-e28274bd97a7/org.apache.spark_spark-token-provider-kafka-0-10_2.12-3.1.3.jar
[2023-01-27T15:06:48.949+0000] {spark_submit.py:495} INFO - 23/01/27 15:06:48 INFO Executor: Adding file:/tmp/spark-5f9ce023-27d7-4be1-98e9-9db2ad37e57f/userFiles-b4414145-c02e-4b8c-a28b-e28274bd97a7/org.apache.spark_spark-token-provider-kafka-0-10_2.12-3.1.3.jar to class loader
[2023-01-27T15:06:48.949+0000] {spark_submit.py:495} INFO - 23/01/27 15:06:48 INFO Executor: Fetching spark://f1cbb5df32e6:36791/jars/org.mongodb_mongodb-driver-sync-4.0.5.jar with timestamp 1674832007664
[2023-01-27T15:06:48.950+0000] {spark_submit.py:495} INFO - 23/01/27 15:06:48 INFO Utils: Fetching spark://f1cbb5df32e6:36791/jars/org.mongodb_mongodb-driver-sync-4.0.5.jar to /tmp/spark-5f9ce023-27d7-4be1-98e9-9db2ad37e57f/userFiles-b4414145-c02e-4b8c-a28b-e28274bd97a7/fetchFileTemp5919653534388589907.tmp
[2023-01-27T15:06:48.951+0000] {spark_submit.py:495} INFO - 23/01/27 15:06:48 INFO Utils: /tmp/spark-5f9ce023-27d7-4be1-98e9-9db2ad37e57f/userFiles-b4414145-c02e-4b8c-a28b-e28274bd97a7/fetchFileTemp5919653534388589907.tmp has been previously copied to /tmp/spark-5f9ce023-27d7-4be1-98e9-9db2ad37e57f/userFiles-b4414145-c02e-4b8c-a28b-e28274bd97a7/org.mongodb_mongodb-driver-sync-4.0.5.jar
[2023-01-27T15:06:48.954+0000] {spark_submit.py:495} INFO - 23/01/27 15:06:48 INFO Executor: Adding file:/tmp/spark-5f9ce023-27d7-4be1-98e9-9db2ad37e57f/userFiles-b4414145-c02e-4b8c-a28b-e28274bd97a7/org.mongodb_mongodb-driver-sync-4.0.5.jar to class loader
[2023-01-27T15:06:48.955+0000] {spark_submit.py:495} INFO - 23/01/27 15:06:48 INFO Executor: Fetching spark://f1cbb5df32e6:36791/jars/org.apache.spark_spark-sql-kafka-0-10_2.12-3.1.3.jar with timestamp 1674832007664
[2023-01-27T15:06:48.955+0000] {spark_submit.py:495} INFO - 23/01/27 15:06:48 INFO Utils: Fetching spark://f1cbb5df32e6:36791/jars/org.apache.spark_spark-sql-kafka-0-10_2.12-3.1.3.jar to /tmp/spark-5f9ce023-27d7-4be1-98e9-9db2ad37e57f/userFiles-b4414145-c02e-4b8c-a28b-e28274bd97a7/fetchFileTemp9640841469464713344.tmp
[2023-01-27T15:06:48.957+0000] {spark_submit.py:495} INFO - 23/01/27 15:06:48 INFO Utils: /tmp/spark-5f9ce023-27d7-4be1-98e9-9db2ad37e57f/userFiles-b4414145-c02e-4b8c-a28b-e28274bd97a7/fetchFileTemp9640841469464713344.tmp has been previously copied to /tmp/spark-5f9ce023-27d7-4be1-98e9-9db2ad37e57f/userFiles-b4414145-c02e-4b8c-a28b-e28274bd97a7/org.apache.spark_spark-sql-kafka-0-10_2.12-3.1.3.jar
[2023-01-27T15:06:48.960+0000] {spark_submit.py:495} INFO - 23/01/27 15:06:48 INFO Executor: Adding file:/tmp/spark-5f9ce023-27d7-4be1-98e9-9db2ad37e57f/userFiles-b4414145-c02e-4b8c-a28b-e28274bd97a7/org.apache.spark_spark-sql-kafka-0-10_2.12-3.1.3.jar to class loader
[2023-01-27T15:06:48.960+0000] {spark_submit.py:495} INFO - 23/01/27 15:06:48 INFO Executor: Fetching spark://f1cbb5df32e6:36791/jars/org.apache.kafka_kafka-clients-2.6.0.jar with timestamp 1674832007664
[2023-01-27T15:06:48.960+0000] {spark_submit.py:495} INFO - 23/01/27 15:06:48 INFO Utils: Fetching spark://f1cbb5df32e6:36791/jars/org.apache.kafka_kafka-clients-2.6.0.jar to /tmp/spark-5f9ce023-27d7-4be1-98e9-9db2ad37e57f/userFiles-b4414145-c02e-4b8c-a28b-e28274bd97a7/fetchFileTemp8639047812801256842.tmp
[2023-01-27T15:06:48.970+0000] {spark_submit.py:495} INFO - 23/01/27 15:06:48 INFO Utils: /tmp/spark-5f9ce023-27d7-4be1-98e9-9db2ad37e57f/userFiles-b4414145-c02e-4b8c-a28b-e28274bd97a7/fetchFileTemp8639047812801256842.tmp has been previously copied to /tmp/spark-5f9ce023-27d7-4be1-98e9-9db2ad37e57f/userFiles-b4414145-c02e-4b8c-a28b-e28274bd97a7/org.apache.kafka_kafka-clients-2.6.0.jar
[2023-01-27T15:06:49.051+0000] {spark_submit.py:495} INFO - 23/01/27 15:06:49 INFO Executor: Adding file:/tmp/spark-5f9ce023-27d7-4be1-98e9-9db2ad37e57f/userFiles-b4414145-c02e-4b8c-a28b-e28274bd97a7/org.apache.kafka_kafka-clients-2.6.0.jar to class loader
[2023-01-27T15:06:49.051+0000] {spark_submit.py:495} INFO - 23/01/27 15:06:49 INFO Executor: Fetching spark://f1cbb5df32e6:36791/jars/org.apache.commons_commons-pool2-2.6.2.jar with timestamp 1674832007664
[2023-01-27T15:06:49.053+0000] {spark_submit.py:495} INFO - 23/01/27 15:06:49 INFO Utils: Fetching spark://f1cbb5df32e6:36791/jars/org.apache.commons_commons-pool2-2.6.2.jar to /tmp/spark-5f9ce023-27d7-4be1-98e9-9db2ad37e57f/userFiles-b4414145-c02e-4b8c-a28b-e28274bd97a7/fetchFileTemp10610649340987368956.tmp
[2023-01-27T15:06:49.057+0000] {spark_submit.py:495} INFO - 23/01/27 15:06:49 INFO Utils: /tmp/spark-5f9ce023-27d7-4be1-98e9-9db2ad37e57f/userFiles-b4414145-c02e-4b8c-a28b-e28274bd97a7/fetchFileTemp10610649340987368956.tmp has been previously copied to /tmp/spark-5f9ce023-27d7-4be1-98e9-9db2ad37e57f/userFiles-b4414145-c02e-4b8c-a28b-e28274bd97a7/org.apache.commons_commons-pool2-2.6.2.jar
[2023-01-27T15:06:49.068+0000] {spark_submit.py:495} INFO - 23/01/27 15:06:49 INFO Executor: Adding file:/tmp/spark-5f9ce023-27d7-4be1-98e9-9db2ad37e57f/userFiles-b4414145-c02e-4b8c-a28b-e28274bd97a7/org.apache.commons_commons-pool2-2.6.2.jar to class loader
[2023-01-27T15:06:49.087+0000] {spark_submit.py:495} INFO - 23/01/27 15:06:49 INFO Utils: Successfully started service 'org.apache.spark.network.netty.NettyBlockTransferService' on port 36399.
[2023-01-27T15:06:49.087+0000] {spark_submit.py:495} INFO - 23/01/27 15:06:49 INFO NettyBlockTransferService: Server created on f1cbb5df32e6:36399
[2023-01-27T15:06:49.092+0000] {spark_submit.py:495} INFO - 23/01/27 15:06:49 INFO BlockManager: Using org.apache.spark.storage.RandomBlockReplicationPolicy for block replication policy
[2023-01-27T15:06:49.106+0000] {spark_submit.py:495} INFO - 23/01/27 15:06:49 INFO BlockManagerMaster: Registering BlockManager BlockManagerId(driver, f1cbb5df32e6, 36399, None)
[2023-01-27T15:06:49.111+0000] {spark_submit.py:495} INFO - 23/01/27 15:06:49 INFO BlockManagerMasterEndpoint: Registering block manager f1cbb5df32e6:36399 with 434.4 MiB RAM, BlockManagerId(driver, f1cbb5df32e6, 36399, None)
[2023-01-27T15:06:49.114+0000] {spark_submit.py:495} INFO - 23/01/27 15:06:49 INFO BlockManagerMaster: Registered BlockManager BlockManagerId(driver, f1cbb5df32e6, 36399, None)
[2023-01-27T15:06:49.115+0000] {spark_submit.py:495} INFO - 23/01/27 15:06:49 INFO BlockManager: Initialized BlockManager: BlockManagerId(driver, f1cbb5df32e6, 36399, None)
[2023-01-27T15:06:52.128+0000] {spark_submit.py:495} INFO - [[34m2023-01-27 15:06:52,128[0m] {[34mjava_gateway.py:[0m2270} INFO[0m - Callback Server Starting[0m
[2023-01-27T15:06:52.129+0000] {spark_submit.py:495} INFO - [[34m2023-01-27 15:06:52,128[0m] {[34mjava_gateway.py:[0m2274} INFO[0m - Socket listening on ('127.0.0.1', 35389)[0m
