[2023-01-26T18:21:46.256+0000] {taskinstance.py:1087} INFO - Dependencies all met for <TaskInstance: Streaming_pipeline_meli.consumer_data_of_topic manual__2023-01-23T22:03:04.495188+00:00 [queued]>
[2023-01-26T18:21:46.267+0000] {taskinstance.py:1087} INFO - Dependencies all met for <TaskInstance: Streaming_pipeline_meli.consumer_data_of_topic manual__2023-01-23T22:03:04.495188+00:00 [queued]>
[2023-01-26T18:21:46.268+0000] {taskinstance.py:1283} INFO - 
--------------------------------------------------------------------------------
[2023-01-26T18:21:46.268+0000] {taskinstance.py:1284} INFO - Starting attempt 241 of 246
[2023-01-26T18:21:46.268+0000] {taskinstance.py:1285} INFO - 
--------------------------------------------------------------------------------
[2023-01-26T18:21:46.282+0000] {taskinstance.py:1304} INFO - Executing <Task(SparkSubmitOperator): consumer_data_of_topic> on 2023-01-23 22:03:04.495188+00:00
[2023-01-26T18:21:46.286+0000] {standard_task_runner.py:55} INFO - Started process 3718 to run task
[2023-01-26T18:21:46.289+0000] {standard_task_runner.py:82} INFO - Running: ['***', 'tasks', 'run', 'Streaming_pipeline_meli', 'consumer_data_of_topic', 'manual__2023-01-23T22:03:04.495188+00:00', '--job-id', '1045', '--raw', '--subdir', 'DAGS_FOLDER/producer_dag.py', '--cfg-path', '/tmp/tmpsrznusvk']
[2023-01-26T18:21:46.289+0000] {standard_task_runner.py:83} INFO - Job 1045: Subtask consumer_data_of_topic
[2023-01-26T18:21:46.354+0000] {task_command.py:389} INFO - Running <TaskInstance: Streaming_pipeline_meli.consumer_data_of_topic manual__2023-01-23T22:03:04.495188+00:00 [running]> on host f1cbb5df32e6
[2023-01-26T18:21:46.425+0000] {taskinstance.py:1513} INFO - Exporting the following env vars:
AIRFLOW_CTX_DAG_OWNER=***
AIRFLOW_CTX_DAG_ID=Streaming_pipeline_meli
AIRFLOW_CTX_TASK_ID=consumer_data_of_topic
AIRFLOW_CTX_EXECUTION_DATE=2023-01-23T22:03:04.495188+00:00
AIRFLOW_CTX_TRY_NUMBER=241
AIRFLOW_CTX_DAG_RUN_ID=manual__2023-01-23T22:03:04.495188+00:00
[2023-01-26T18:21:46.437+0000] {base.py:73} INFO - Using connection ID 'spark_default' for task execution.
[2023-01-26T18:21:46.438+0000] {spark_submit.py:344} INFO - Spark-Submit cmd: spark-submit --master spark://tomi-H310:7077 --packages org.apache.spark:spark-sql-kafka-0-10_2.12:3.1.3,org.mongodb.spark:mongo-spark-connector_2.12:3.0.1 --name arrow-spark --queue root.default /opt/***/dags/consumerSpark.py
[2023-01-26T18:21:46.562+0000] {spark_submit.py:495} INFO - /home/***/.local/lib/python3.7/site-packages/pyspark/bin/load-spark-env.sh: line 68: ps: command not found
[2023-01-26T18:21:47.975+0000] {spark_submit.py:495} INFO - :: loading settings :: url = jar:file:/home/***/.local/lib/python3.7/site-packages/pyspark/jars/ivy-2.5.0.jar!/org/apache/ivy/core/settings/ivysettings.xml
[2023-01-26T18:21:48.033+0000] {spark_submit.py:495} INFO - Ivy Default Cache set to: /home/***/.ivy2/cache
[2023-01-26T18:21:48.033+0000] {spark_submit.py:495} INFO - The jars for the packages stored in: /home/***/.ivy2/jars
[2023-01-26T18:21:48.037+0000] {spark_submit.py:495} INFO - org.apache.spark#spark-sql-kafka-0-10_2.12 added as a dependency
[2023-01-26T18:21:48.038+0000] {spark_submit.py:495} INFO - org.mongodb.spark#mongo-spark-connector_2.12 added as a dependency
[2023-01-26T18:21:48.039+0000] {spark_submit.py:495} INFO - :: resolving dependencies :: org.apache.spark#spark-submit-parent-3cd0eab2-1d1e-45b8-8a72-a07ba89d5d6b;1.0
[2023-01-26T18:21:48.039+0000] {spark_submit.py:495} INFO - confs: [default]
[2023-01-26T18:21:48.200+0000] {spark_submit.py:495} INFO - found org.apache.spark#spark-sql-kafka-0-10_2.12;3.1.3 in central
[2023-01-26T18:21:48.256+0000] {spark_submit.py:495} INFO - found org.apache.spark#spark-token-provider-kafka-0-10_2.12;3.1.3 in central
[2023-01-26T18:21:48.279+0000] {spark_submit.py:495} INFO - found org.apache.kafka#kafka-clients;2.6.0 in central
[2023-01-26T18:21:48.302+0000] {spark_submit.py:495} INFO - found com.github.luben#zstd-jni;1.4.8-1 in central
[2023-01-26T18:21:48.320+0000] {spark_submit.py:495} INFO - found org.lz4#lz4-java;1.7.1 in central
[2023-01-26T18:21:48.335+0000] {spark_submit.py:495} INFO - found org.xerial.snappy#snappy-java;1.1.8.2 in central
[2023-01-26T18:21:48.350+0000] {spark_submit.py:495} INFO - found org.slf4j#slf4j-api;1.7.30 in central
[2023-01-26T18:21:48.364+0000] {spark_submit.py:495} INFO - found org.spark-project.spark#unused;1.0.0 in central
[2023-01-26T18:21:48.377+0000] {spark_submit.py:495} INFO - found org.apache.commons#commons-pool2;2.6.2 in central
[2023-01-26T18:21:48.388+0000] {spark_submit.py:495} INFO - found org.mongodb.spark#mongo-spark-connector_2.12;3.0.1 in central
[2023-01-26T18:21:48.397+0000] {spark_submit.py:495} INFO - found org.mongodb#mongodb-driver-sync;4.0.5 in central
[2023-01-26T18:21:48.406+0000] {spark_submit.py:495} INFO - found org.mongodb#bson;4.0.5 in central
[2023-01-26T18:21:48.415+0000] {spark_submit.py:495} INFO - found org.mongodb#mongodb-driver-core;4.0.5 in central
[2023-01-26T18:21:48.436+0000] {spark_submit.py:495} INFO - :: resolution report :: resolve 386ms :: artifacts dl 11ms
[2023-01-26T18:21:48.436+0000] {spark_submit.py:495} INFO - :: modules in use:
[2023-01-26T18:21:48.437+0000] {spark_submit.py:495} INFO - com.github.luben#zstd-jni;1.4.8-1 from central in [default]
[2023-01-26T18:21:48.437+0000] {spark_submit.py:495} INFO - org.apache.commons#commons-pool2;2.6.2 from central in [default]
[2023-01-26T18:21:48.437+0000] {spark_submit.py:495} INFO - org.apache.kafka#kafka-clients;2.6.0 from central in [default]
[2023-01-26T18:21:48.438+0000] {spark_submit.py:495} INFO - org.apache.spark#spark-sql-kafka-0-10_2.12;3.1.3 from central in [default]
[2023-01-26T18:21:48.438+0000] {spark_submit.py:495} INFO - org.apache.spark#spark-token-provider-kafka-0-10_2.12;3.1.3 from central in [default]
[2023-01-26T18:21:48.438+0000] {spark_submit.py:495} INFO - org.lz4#lz4-java;1.7.1 from central in [default]
[2023-01-26T18:21:48.438+0000] {spark_submit.py:495} INFO - org.mongodb#bson;4.0.5 from central in [default]
[2023-01-26T18:21:48.439+0000] {spark_submit.py:495} INFO - org.mongodb#mongodb-driver-core;4.0.5 from central in [default]
[2023-01-26T18:21:48.439+0000] {spark_submit.py:495} INFO - org.mongodb#mongodb-driver-sync;4.0.5 from central in [default]
[2023-01-26T18:21:48.439+0000] {spark_submit.py:495} INFO - org.mongodb.spark#mongo-spark-connector_2.12;3.0.1 from central in [default]
[2023-01-26T18:21:48.439+0000] {spark_submit.py:495} INFO - org.slf4j#slf4j-api;1.7.30 from central in [default]
[2023-01-26T18:21:48.440+0000] {spark_submit.py:495} INFO - org.spark-project.spark#unused;1.0.0 from central in [default]
[2023-01-26T18:21:48.440+0000] {spark_submit.py:495} INFO - org.xerial.snappy#snappy-java;1.1.8.2 from central in [default]
[2023-01-26T18:21:48.440+0000] {spark_submit.py:495} INFO - ---------------------------------------------------------------------
[2023-01-26T18:21:48.441+0000] {spark_submit.py:495} INFO - |                  |            modules            ||   artifacts   |
[2023-01-26T18:21:48.441+0000] {spark_submit.py:495} INFO - |       conf       | number| search|dwnlded|evicted|| number|dwnlded|
[2023-01-26T18:21:48.441+0000] {spark_submit.py:495} INFO - ---------------------------------------------------------------------
[2023-01-26T18:21:48.442+0000] {spark_submit.py:495} INFO - |      default     |   13  |   0   |   0   |   0   ||   13  |   0   |
[2023-01-26T18:21:48.442+0000] {spark_submit.py:495} INFO - ---------------------------------------------------------------------
[2023-01-26T18:21:48.454+0000] {spark_submit.py:495} INFO - :: retrieving :: org.apache.spark#spark-submit-parent-3cd0eab2-1d1e-45b8-8a72-a07ba89d5d6b
[2023-01-26T18:21:48.454+0000] {spark_submit.py:495} INFO - confs: [default]
[2023-01-26T18:21:48.464+0000] {spark_submit.py:495} INFO - 0 artifacts copied, 13 already retrieved (0kB/10ms)
[2023-01-26T18:21:48.673+0000] {spark_submit.py:495} INFO - 23/01/26 18:21:48 WARN NativeCodeLoader: Unable to load native-hadoop library for your platform... using builtin-java classes where applicable
[2023-01-26T18:21:50.220+0000] {spark_submit.py:495} INFO - 23/01/26 18:21:50 INFO SparkContext: Running Spark version 3.3.1
[2023-01-26T18:21:50.243+0000] {spark_submit.py:495} INFO - 23/01/26 18:21:50 INFO ResourceUtils: ==============================================================
[2023-01-26T18:21:50.243+0000] {spark_submit.py:495} INFO - 23/01/26 18:21:50 INFO ResourceUtils: No custom resources configured for spark.driver.
[2023-01-26T18:21:50.244+0000] {spark_submit.py:495} INFO - 23/01/26 18:21:50 INFO ResourceUtils: ==============================================================
[2023-01-26T18:21:50.244+0000] {spark_submit.py:495} INFO - 23/01/26 18:21:50 INFO SparkContext: Submitted application: arrow-spark
[2023-01-26T18:21:50.264+0000] {spark_submit.py:495} INFO - 23/01/26 18:21:50 INFO ResourceProfile: Default ResourceProfile created, executor resources: Map(cores -> name: cores, amount: 1, script: , vendor: , memory -> name: memory, amount: 1024, script: , vendor: , offHeap -> name: offHeap, amount: 0, script: , vendor: ), task resources: Map(cpus -> name: cpus, amount: 1.0)
[2023-01-26T18:21:50.278+0000] {spark_submit.py:495} INFO - 23/01/26 18:21:50 INFO ResourceProfile: Limiting resource is cpu
[2023-01-26T18:21:50.279+0000] {spark_submit.py:495} INFO - 23/01/26 18:21:50 INFO ResourceProfileManager: Added ResourceProfile id: 0
[2023-01-26T18:21:50.319+0000] {spark_submit.py:495} INFO - 23/01/26 18:21:50 INFO SecurityManager: Changing view acls to: default
[2023-01-26T18:21:50.319+0000] {spark_submit.py:495} INFO - 23/01/26 18:21:50 INFO SecurityManager: Changing modify acls to: default
[2023-01-26T18:21:50.320+0000] {spark_submit.py:495} INFO - 23/01/26 18:21:50 INFO SecurityManager: Changing view acls groups to:
[2023-01-26T18:21:50.320+0000] {spark_submit.py:495} INFO - 23/01/26 18:21:50 INFO SecurityManager: Changing modify acls groups to:
[2023-01-26T18:21:50.321+0000] {spark_submit.py:495} INFO - 23/01/26 18:21:50 INFO SecurityManager: SecurityManager: authentication disabled; ui acls disabled; users  with view permissions: Set(default); groups with view permissions: Set(); users  with modify permissions: Set(default); groups with modify permissions: Set()
[2023-01-26T18:21:50.567+0000] {spark_submit.py:495} INFO - 23/01/26 18:21:50 INFO Utils: Successfully started service 'sparkDriver' on port 43923.
[2023-01-26T18:21:50.595+0000] {spark_submit.py:495} INFO - 23/01/26 18:21:50 INFO SparkEnv: Registering MapOutputTracker
[2023-01-26T18:21:50.621+0000] {spark_submit.py:495} INFO - 23/01/26 18:21:50 INFO SparkEnv: Registering BlockManagerMaster
[2023-01-26T18:21:50.634+0000] {spark_submit.py:495} INFO - 23/01/26 18:21:50 INFO BlockManagerMasterEndpoint: Using org.apache.spark.storage.DefaultTopologyMapper for getting topology information
[2023-01-26T18:21:50.635+0000] {spark_submit.py:495} INFO - 23/01/26 18:21:50 INFO BlockManagerMasterEndpoint: BlockManagerMasterEndpoint up
[2023-01-26T18:21:50.639+0000] {spark_submit.py:495} INFO - 23/01/26 18:21:50 INFO SparkEnv: Registering BlockManagerMasterHeartbeat
[2023-01-26T18:21:50.656+0000] {spark_submit.py:495} INFO - 23/01/26 18:21:50 INFO DiskBlockManager: Created local directory at /tmp/blockmgr-5afdafe5-9405-4a8d-a936-e7155fa18da8
[2023-01-26T18:21:50.669+0000] {spark_submit.py:495} INFO - 23/01/26 18:21:50 INFO MemoryStore: MemoryStore started with capacity 434.4 MiB
[2023-01-26T18:21:50.682+0000] {spark_submit.py:495} INFO - 23/01/26 18:21:50 INFO SparkEnv: Registering OutputCommitCoordinator
[2023-01-26T18:21:50.890+0000] {spark_submit.py:495} INFO - 23/01/26 18:21:50 INFO Utils: Successfully started service 'SparkUI' on port 4040.
[2023-01-26T18:21:50.954+0000] {spark_submit.py:495} INFO - 23/01/26 18:21:50 INFO SparkContext: Added JAR file:///home/***/.ivy2/jars/org.apache.spark_spark-sql-kafka-0-10_2.12-3.1.3.jar at spark://f1cbb5df32e6:43923/jars/org.apache.spark_spark-sql-kafka-0-10_2.12-3.1.3.jar with timestamp 1674757310212
[2023-01-26T18:21:50.957+0000] {spark_submit.py:495} INFO - 23/01/26 18:21:50 INFO SparkContext: Added JAR file:///home/***/.ivy2/jars/org.mongodb.spark_mongo-spark-connector_2.12-3.0.1.jar at spark://f1cbb5df32e6:43923/jars/org.mongodb.spark_mongo-spark-connector_2.12-3.0.1.jar with timestamp 1674757310212
[2023-01-26T18:21:50.957+0000] {spark_submit.py:495} INFO - 23/01/26 18:21:50 INFO SparkContext: Added JAR file:///home/***/.ivy2/jars/org.apache.spark_spark-token-provider-kafka-0-10_2.12-3.1.3.jar at spark://f1cbb5df32e6:43923/jars/org.apache.spark_spark-token-provider-kafka-0-10_2.12-3.1.3.jar with timestamp 1674757310212
[2023-01-26T18:21:50.957+0000] {spark_submit.py:495} INFO - 23/01/26 18:21:50 INFO SparkContext: Added JAR file:///home/***/.ivy2/jars/org.apache.kafka_kafka-clients-2.6.0.jar at spark://f1cbb5df32e6:43923/jars/org.apache.kafka_kafka-clients-2.6.0.jar with timestamp 1674757310212
[2023-01-26T18:21:50.958+0000] {spark_submit.py:495} INFO - 23/01/26 18:21:50 INFO SparkContext: Added JAR file:///home/***/.ivy2/jars/org.apache.commons_commons-pool2-2.6.2.jar at spark://f1cbb5df32e6:43923/jars/org.apache.commons_commons-pool2-2.6.2.jar with timestamp 1674757310212
[2023-01-26T18:21:50.958+0000] {spark_submit.py:495} INFO - 23/01/26 18:21:50 INFO SparkContext: Added JAR file:///home/***/.ivy2/jars/org.spark-project.spark_unused-1.0.0.jar at spark://f1cbb5df32e6:43923/jars/org.spark-project.spark_unused-1.0.0.jar with timestamp 1674757310212
[2023-01-26T18:21:50.958+0000] {spark_submit.py:495} INFO - 23/01/26 18:21:50 INFO SparkContext: Added JAR file:///home/***/.ivy2/jars/com.github.luben_zstd-jni-1.4.8-1.jar at spark://f1cbb5df32e6:43923/jars/com.github.luben_zstd-jni-1.4.8-1.jar with timestamp 1674757310212
[2023-01-26T18:21:50.965+0000] {spark_submit.py:495} INFO - 23/01/26 18:21:50 INFO SparkContext: Added JAR file:///home/***/.ivy2/jars/org.lz4_lz4-java-1.7.1.jar at spark://f1cbb5df32e6:43923/jars/org.lz4_lz4-java-1.7.1.jar with timestamp 1674757310212
[2023-01-26T18:21:50.965+0000] {spark_submit.py:495} INFO - 23/01/26 18:21:50 INFO SparkContext: Added JAR file:///home/***/.ivy2/jars/org.xerial.snappy_snappy-java-1.1.8.2.jar at spark://f1cbb5df32e6:43923/jars/org.xerial.snappy_snappy-java-1.1.8.2.jar with timestamp 1674757310212
[2023-01-26T18:21:50.965+0000] {spark_submit.py:495} INFO - 23/01/26 18:21:50 INFO SparkContext: Added JAR file:///home/***/.ivy2/jars/org.slf4j_slf4j-api-1.7.30.jar at spark://f1cbb5df32e6:43923/jars/org.slf4j_slf4j-api-1.7.30.jar with timestamp 1674757310212
[2023-01-26T18:21:50.965+0000] {spark_submit.py:495} INFO - 23/01/26 18:21:50 INFO SparkContext: Added JAR file:///home/***/.ivy2/jars/org.mongodb_mongodb-driver-sync-4.0.5.jar at spark://f1cbb5df32e6:43923/jars/org.mongodb_mongodb-driver-sync-4.0.5.jar with timestamp 1674757310212
[2023-01-26T18:21:50.965+0000] {spark_submit.py:495} INFO - 23/01/26 18:21:50 INFO SparkContext: Added JAR file:///home/***/.ivy2/jars/org.mongodb_bson-4.0.5.jar at spark://f1cbb5df32e6:43923/jars/org.mongodb_bson-4.0.5.jar with timestamp 1674757310212
[2023-01-26T18:21:50.965+0000] {spark_submit.py:495} INFO - 23/01/26 18:21:50 INFO SparkContext: Added JAR file:///home/***/.ivy2/jars/org.mongodb_mongodb-driver-core-4.0.5.jar at spark://f1cbb5df32e6:43923/jars/org.mongodb_mongodb-driver-core-4.0.5.jar with timestamp 1674757310212
[2023-01-26T18:21:50.977+0000] {spark_submit.py:495} INFO - 23/01/26 18:21:50 INFO SparkContext: Added file file:///home/***/.ivy2/jars/org.apache.spark_spark-sql-kafka-0-10_2.12-3.1.3.jar at file:///home/***/.ivy2/jars/org.apache.spark_spark-sql-kafka-0-10_2.12-3.1.3.jar with timestamp 1674757310212
[2023-01-26T18:21:50.977+0000] {spark_submit.py:495} INFO - 23/01/26 18:21:50 INFO Utils: Copying /home/***/.ivy2/jars/org.apache.spark_spark-sql-kafka-0-10_2.12-3.1.3.jar to /tmp/spark-659b3d09-e7cf-4454-a2e3-df06dd91f227/userFiles-dd1bd35d-9fe9-46ba-9556-d96a2cf8ca57/org.apache.spark_spark-sql-kafka-0-10_2.12-3.1.3.jar
[2023-01-26T18:21:51.000+0000] {spark_submit.py:495} INFO - 23/01/26 18:21:51 INFO SparkContext: Added file file:///home/***/.ivy2/jars/org.mongodb.spark_mongo-spark-connector_2.12-3.0.1.jar at file:///home/***/.ivy2/jars/org.mongodb.spark_mongo-spark-connector_2.12-3.0.1.jar with timestamp 1674757310212
[2023-01-26T18:21:51.000+0000] {spark_submit.py:495} INFO - 23/01/26 18:21:51 INFO Utils: Copying /home/***/.ivy2/jars/org.mongodb.spark_mongo-spark-connector_2.12-3.0.1.jar to /tmp/spark-659b3d09-e7cf-4454-a2e3-df06dd91f227/userFiles-dd1bd35d-9fe9-46ba-9556-d96a2cf8ca57/org.mongodb.spark_mongo-spark-connector_2.12-3.0.1.jar
[2023-01-26T18:21:51.009+0000] {spark_submit.py:495} INFO - 23/01/26 18:21:51 INFO SparkContext: Added file file:///home/***/.ivy2/jars/org.apache.spark_spark-token-provider-kafka-0-10_2.12-3.1.3.jar at file:///home/***/.ivy2/jars/org.apache.spark_spark-token-provider-kafka-0-10_2.12-3.1.3.jar with timestamp 1674757310212
[2023-01-26T18:21:51.010+0000] {spark_submit.py:495} INFO - 23/01/26 18:21:51 INFO Utils: Copying /home/***/.ivy2/jars/org.apache.spark_spark-token-provider-kafka-0-10_2.12-3.1.3.jar to /tmp/spark-659b3d09-e7cf-4454-a2e3-df06dd91f227/userFiles-dd1bd35d-9fe9-46ba-9556-d96a2cf8ca57/org.apache.spark_spark-token-provider-kafka-0-10_2.12-3.1.3.jar
[2023-01-26T18:21:51.016+0000] {spark_submit.py:495} INFO - 23/01/26 18:21:51 INFO SparkContext: Added file file:///home/***/.ivy2/jars/org.apache.kafka_kafka-clients-2.6.0.jar at file:///home/***/.ivy2/jars/org.apache.kafka_kafka-clients-2.6.0.jar with timestamp 1674757310212
[2023-01-26T18:21:51.016+0000] {spark_submit.py:495} INFO - 23/01/26 18:21:51 INFO Utils: Copying /home/***/.ivy2/jars/org.apache.kafka_kafka-clients-2.6.0.jar to /tmp/spark-659b3d09-e7cf-4454-a2e3-df06dd91f227/userFiles-dd1bd35d-9fe9-46ba-9556-d96a2cf8ca57/org.apache.kafka_kafka-clients-2.6.0.jar
[2023-01-26T18:21:51.025+0000] {spark_submit.py:495} INFO - 23/01/26 18:21:51 INFO SparkContext: Added file file:///home/***/.ivy2/jars/org.apache.commons_commons-pool2-2.6.2.jar at file:///home/***/.ivy2/jars/org.apache.commons_commons-pool2-2.6.2.jar with timestamp 1674757310212
[2023-01-26T18:21:51.027+0000] {spark_submit.py:495} INFO - 23/01/26 18:21:51 INFO Utils: Copying /home/***/.ivy2/jars/org.apache.commons_commons-pool2-2.6.2.jar to /tmp/spark-659b3d09-e7cf-4454-a2e3-df06dd91f227/userFiles-dd1bd35d-9fe9-46ba-9556-d96a2cf8ca57/org.apache.commons_commons-pool2-2.6.2.jar
[2023-01-26T18:21:51.034+0000] {spark_submit.py:495} INFO - 23/01/26 18:21:51 INFO SparkContext: Added file file:///home/***/.ivy2/jars/org.spark-project.spark_unused-1.0.0.jar at file:///home/***/.ivy2/jars/org.spark-project.spark_unused-1.0.0.jar with timestamp 1674757310212
[2023-01-26T18:21:51.035+0000] {spark_submit.py:495} INFO - 23/01/26 18:21:51 INFO Utils: Copying /home/***/.ivy2/jars/org.spark-project.spark_unused-1.0.0.jar to /tmp/spark-659b3d09-e7cf-4454-a2e3-df06dd91f227/userFiles-dd1bd35d-9fe9-46ba-9556-d96a2cf8ca57/org.spark-project.spark_unused-1.0.0.jar
[2023-01-26T18:21:51.038+0000] {spark_submit.py:495} INFO - 23/01/26 18:21:51 INFO SparkContext: Added file file:///home/***/.ivy2/jars/com.github.luben_zstd-jni-1.4.8-1.jar at file:///home/***/.ivy2/jars/com.github.luben_zstd-jni-1.4.8-1.jar with timestamp 1674757310212
[2023-01-26T18:21:51.038+0000] {spark_submit.py:495} INFO - 23/01/26 18:21:51 INFO Utils: Copying /home/***/.ivy2/jars/com.github.luben_zstd-jni-1.4.8-1.jar to /tmp/spark-659b3d09-e7cf-4454-a2e3-df06dd91f227/userFiles-dd1bd35d-9fe9-46ba-9556-d96a2cf8ca57/com.github.luben_zstd-jni-1.4.8-1.jar
[2023-01-26T18:21:51.047+0000] {spark_submit.py:495} INFO - 23/01/26 18:21:51 INFO SparkContext: Added file file:///home/***/.ivy2/jars/org.lz4_lz4-java-1.7.1.jar at file:///home/***/.ivy2/jars/org.lz4_lz4-java-1.7.1.jar with timestamp 1674757310212
[2023-01-26T18:21:51.047+0000] {spark_submit.py:495} INFO - 23/01/26 18:21:51 INFO Utils: Copying /home/***/.ivy2/jars/org.lz4_lz4-java-1.7.1.jar to /tmp/spark-659b3d09-e7cf-4454-a2e3-df06dd91f227/userFiles-dd1bd35d-9fe9-46ba-9556-d96a2cf8ca57/org.lz4_lz4-java-1.7.1.jar
[2023-01-26T18:21:51.057+0000] {spark_submit.py:495} INFO - 23/01/26 18:21:51 INFO SparkContext: Added file file:///home/***/.ivy2/jars/org.xerial.snappy_snappy-java-1.1.8.2.jar at file:///home/***/.ivy2/jars/org.xerial.snappy_snappy-java-1.1.8.2.jar with timestamp 1674757310212
[2023-01-26T18:21:51.057+0000] {spark_submit.py:495} INFO - 23/01/26 18:21:51 INFO Utils: Copying /home/***/.ivy2/jars/org.xerial.snappy_snappy-java-1.1.8.2.jar to /tmp/spark-659b3d09-e7cf-4454-a2e3-df06dd91f227/userFiles-dd1bd35d-9fe9-46ba-9556-d96a2cf8ca57/org.xerial.snappy_snappy-java-1.1.8.2.jar
[2023-01-26T18:21:51.095+0000] {spark_submit.py:495} INFO - 23/01/26 18:21:51 INFO SparkContext: Added file file:///home/***/.ivy2/jars/org.slf4j_slf4j-api-1.7.30.jar at file:///home/***/.ivy2/jars/org.slf4j_slf4j-api-1.7.30.jar with timestamp 1674757310212
[2023-01-26T18:21:51.095+0000] {spark_submit.py:495} INFO - 23/01/26 18:21:51 INFO Utils: Copying /home/***/.ivy2/jars/org.slf4j_slf4j-api-1.7.30.jar to /tmp/spark-659b3d09-e7cf-4454-a2e3-df06dd91f227/userFiles-dd1bd35d-9fe9-46ba-9556-d96a2cf8ca57/org.slf4j_slf4j-api-1.7.30.jar
[2023-01-26T18:21:51.100+0000] {spark_submit.py:495} INFO - 23/01/26 18:21:51 INFO SparkContext: Added file file:///home/***/.ivy2/jars/org.mongodb_mongodb-driver-sync-4.0.5.jar at file:///home/***/.ivy2/jars/org.mongodb_mongodb-driver-sync-4.0.5.jar with timestamp 1674757310212
[2023-01-26T18:21:51.100+0000] {spark_submit.py:495} INFO - 23/01/26 18:21:51 INFO Utils: Copying /home/***/.ivy2/jars/org.mongodb_mongodb-driver-sync-4.0.5.jar to /tmp/spark-659b3d09-e7cf-4454-a2e3-df06dd91f227/userFiles-dd1bd35d-9fe9-46ba-9556-d96a2cf8ca57/org.mongodb_mongodb-driver-sync-4.0.5.jar
[2023-01-26T18:21:51.105+0000] {spark_submit.py:495} INFO - 23/01/26 18:21:51 INFO SparkContext: Added file file:///home/***/.ivy2/jars/org.mongodb_bson-4.0.5.jar at file:///home/***/.ivy2/jars/org.mongodb_bson-4.0.5.jar with timestamp 1674757310212
[2023-01-26T18:21:51.105+0000] {spark_submit.py:495} INFO - 23/01/26 18:21:51 INFO Utils: Copying /home/***/.ivy2/jars/org.mongodb_bson-4.0.5.jar to /tmp/spark-659b3d09-e7cf-4454-a2e3-df06dd91f227/userFiles-dd1bd35d-9fe9-46ba-9556-d96a2cf8ca57/org.mongodb_bson-4.0.5.jar
[2023-01-26T18:21:51.110+0000] {spark_submit.py:495} INFO - 23/01/26 18:21:51 INFO SparkContext: Added file file:///home/***/.ivy2/jars/org.mongodb_mongodb-driver-core-4.0.5.jar at file:///home/***/.ivy2/jars/org.mongodb_mongodb-driver-core-4.0.5.jar with timestamp 1674757310212
[2023-01-26T18:21:51.110+0000] {spark_submit.py:495} INFO - 23/01/26 18:21:51 INFO Utils: Copying /home/***/.ivy2/jars/org.mongodb_mongodb-driver-core-4.0.5.jar to /tmp/spark-659b3d09-e7cf-4454-a2e3-df06dd91f227/userFiles-dd1bd35d-9fe9-46ba-9556-d96a2cf8ca57/org.mongodb_mongodb-driver-core-4.0.5.jar
[2023-01-26T18:21:51.169+0000] {spark_submit.py:495} INFO - 23/01/26 18:21:51 INFO Executor: Starting executor ID driver on host f1cbb5df32e6
[2023-01-26T18:21:51.186+0000] {spark_submit.py:495} INFO - 23/01/26 18:21:51 INFO Executor: Starting executor with user classpath (userClassPathFirst = false): ''
[2023-01-26T18:21:51.209+0000] {spark_submit.py:495} INFO - 23/01/26 18:21:51 INFO Executor: Fetching file:///home/***/.ivy2/jars/org.apache.spark_spark-token-provider-kafka-0-10_2.12-3.1.3.jar with timestamp 1674757310212
[2023-01-26T18:21:51.239+0000] {spark_submit.py:495} INFO - 23/01/26 18:21:51 INFO Utils: /home/***/.ivy2/jars/org.apache.spark_spark-token-provider-kafka-0-10_2.12-3.1.3.jar has been previously copied to /tmp/spark-659b3d09-e7cf-4454-a2e3-df06dd91f227/userFiles-dd1bd35d-9fe9-46ba-9556-d96a2cf8ca57/org.apache.spark_spark-token-provider-kafka-0-10_2.12-3.1.3.jar
[2023-01-26T18:21:51.256+0000] {spark_submit.py:495} INFO - 23/01/26 18:21:51 INFO Executor: Fetching file:///home/***/.ivy2/jars/org.mongodb_mongodb-driver-sync-4.0.5.jar with timestamp 1674757310212
[2023-01-26T18:21:51.258+0000] {spark_submit.py:495} INFO - 23/01/26 18:21:51 INFO Utils: /home/***/.ivy2/jars/org.mongodb_mongodb-driver-sync-4.0.5.jar has been previously copied to /tmp/spark-659b3d09-e7cf-4454-a2e3-df06dd91f227/userFiles-dd1bd35d-9fe9-46ba-9556-d96a2cf8ca57/org.mongodb_mongodb-driver-sync-4.0.5.jar
[2023-01-26T18:21:51.272+0000] {spark_submit.py:495} INFO - 23/01/26 18:21:51 INFO Executor: Fetching file:///home/***/.ivy2/jars/org.apache.kafka_kafka-clients-2.6.0.jar with timestamp 1674757310212
[2023-01-26T18:21:51.282+0000] {spark_submit.py:495} INFO - 23/01/26 18:21:51 INFO Utils: /home/***/.ivy2/jars/org.apache.kafka_kafka-clients-2.6.0.jar has been previously copied to /tmp/spark-659b3d09-e7cf-4454-a2e3-df06dd91f227/userFiles-dd1bd35d-9fe9-46ba-9556-d96a2cf8ca57/org.apache.kafka_kafka-clients-2.6.0.jar
[2023-01-26T18:21:51.303+0000] {spark_submit.py:495} INFO - 23/01/26 18:21:51 INFO Executor: Fetching file:///home/***/.ivy2/jars/org.mongodb_bson-4.0.5.jar with timestamp 1674757310212
[2023-01-26T18:21:51.303+0000] {spark_submit.py:495} INFO - 23/01/26 18:21:51 INFO Utils: /home/***/.ivy2/jars/org.mongodb_bson-4.0.5.jar has been previously copied to /tmp/spark-659b3d09-e7cf-4454-a2e3-df06dd91f227/userFiles-dd1bd35d-9fe9-46ba-9556-d96a2cf8ca57/org.mongodb_bson-4.0.5.jar
[2023-01-26T18:21:51.318+0000] {spark_submit.py:495} INFO - 23/01/26 18:21:51 INFO Executor: Fetching file:///home/***/.ivy2/jars/com.github.luben_zstd-jni-1.4.8-1.jar with timestamp 1674757310212
[2023-01-26T18:21:51.325+0000] {spark_submit.py:495} INFO - 23/01/26 18:21:51 INFO Utils: /home/***/.ivy2/jars/com.github.luben_zstd-jni-1.4.8-1.jar has been previously copied to /tmp/spark-659b3d09-e7cf-4454-a2e3-df06dd91f227/userFiles-dd1bd35d-9fe9-46ba-9556-d96a2cf8ca57/com.github.luben_zstd-jni-1.4.8-1.jar
[2023-01-26T18:21:51.338+0000] {spark_submit.py:495} INFO - 23/01/26 18:21:51 INFO Executor: Fetching file:///home/***/.ivy2/jars/org.lz4_lz4-java-1.7.1.jar with timestamp 1674757310212
[2023-01-26T18:21:51.339+0000] {spark_submit.py:495} INFO - 23/01/26 18:21:51 INFO Utils: /home/***/.ivy2/jars/org.lz4_lz4-java-1.7.1.jar has been previously copied to /tmp/spark-659b3d09-e7cf-4454-a2e3-df06dd91f227/userFiles-dd1bd35d-9fe9-46ba-9556-d96a2cf8ca57/org.lz4_lz4-java-1.7.1.jar
[2023-01-26T18:21:51.343+0000] {spark_submit.py:495} INFO - 23/01/26 18:21:51 INFO Executor: Fetching file:///home/***/.ivy2/jars/org.spark-project.spark_unused-1.0.0.jar with timestamp 1674757310212
[2023-01-26T18:21:51.343+0000] {spark_submit.py:495} INFO - 23/01/26 18:21:51 INFO Utils: /home/***/.ivy2/jars/org.spark-project.spark_unused-1.0.0.jar has been previously copied to /tmp/spark-659b3d09-e7cf-4454-a2e3-df06dd91f227/userFiles-dd1bd35d-9fe9-46ba-9556-d96a2cf8ca57/org.spark-project.spark_unused-1.0.0.jar
[2023-01-26T18:21:51.353+0000] {spark_submit.py:495} INFO - 23/01/26 18:21:51 INFO Executor: Fetching file:///home/***/.ivy2/jars/org.xerial.snappy_snappy-java-1.1.8.2.jar with timestamp 1674757310212
[2023-01-26T18:21:51.356+0000] {spark_submit.py:495} INFO - 23/01/26 18:21:51 INFO Utils: /home/***/.ivy2/jars/org.xerial.snappy_snappy-java-1.1.8.2.jar has been previously copied to /tmp/spark-659b3d09-e7cf-4454-a2e3-df06dd91f227/userFiles-dd1bd35d-9fe9-46ba-9556-d96a2cf8ca57/org.xerial.snappy_snappy-java-1.1.8.2.jar
[2023-01-26T18:21:51.363+0000] {spark_submit.py:495} INFO - 23/01/26 18:21:51 INFO Executor: Fetching file:///home/***/.ivy2/jars/org.mongodb_mongodb-driver-core-4.0.5.jar with timestamp 1674757310212
[2023-01-26T18:21:51.365+0000] {spark_submit.py:495} INFO - 23/01/26 18:21:51 INFO Utils: /home/***/.ivy2/jars/org.mongodb_mongodb-driver-core-4.0.5.jar has been previously copied to /tmp/spark-659b3d09-e7cf-4454-a2e3-df06dd91f227/userFiles-dd1bd35d-9fe9-46ba-9556-d96a2cf8ca57/org.mongodb_mongodb-driver-core-4.0.5.jar
[2023-01-26T18:21:51.368+0000] {spark_submit.py:495} INFO - 23/01/26 18:21:51 INFO Executor: Fetching file:///home/***/.ivy2/jars/org.apache.spark_spark-sql-kafka-0-10_2.12-3.1.3.jar with timestamp 1674757310212
[2023-01-26T18:21:51.369+0000] {spark_submit.py:495} INFO - 23/01/26 18:21:51 INFO Utils: /home/***/.ivy2/jars/org.apache.spark_spark-sql-kafka-0-10_2.12-3.1.3.jar has been previously copied to /tmp/spark-659b3d09-e7cf-4454-a2e3-df06dd91f227/userFiles-dd1bd35d-9fe9-46ba-9556-d96a2cf8ca57/org.apache.spark_spark-sql-kafka-0-10_2.12-3.1.3.jar
[2023-01-26T18:21:51.378+0000] {spark_submit.py:495} INFO - 23/01/26 18:21:51 INFO Executor: Fetching file:///home/***/.ivy2/jars/org.mongodb.spark_mongo-spark-connector_2.12-3.0.1.jar with timestamp 1674757310212
[2023-01-26T18:21:51.379+0000] {spark_submit.py:495} INFO - 23/01/26 18:21:51 INFO Utils: /home/***/.ivy2/jars/org.mongodb.spark_mongo-spark-connector_2.12-3.0.1.jar has been previously copied to /tmp/spark-659b3d09-e7cf-4454-a2e3-df06dd91f227/userFiles-dd1bd35d-9fe9-46ba-9556-d96a2cf8ca57/org.mongodb.spark_mongo-spark-connector_2.12-3.0.1.jar
[2023-01-26T18:21:51.382+0000] {spark_submit.py:495} INFO - 23/01/26 18:21:51 INFO Executor: Fetching file:///home/***/.ivy2/jars/org.apache.commons_commons-pool2-2.6.2.jar with timestamp 1674757310212
[2023-01-26T18:21:51.383+0000] {spark_submit.py:495} INFO - 23/01/26 18:21:51 INFO Utils: /home/***/.ivy2/jars/org.apache.commons_commons-pool2-2.6.2.jar has been previously copied to /tmp/spark-659b3d09-e7cf-4454-a2e3-df06dd91f227/userFiles-dd1bd35d-9fe9-46ba-9556-d96a2cf8ca57/org.apache.commons_commons-pool2-2.6.2.jar
[2023-01-26T18:21:51.389+0000] {spark_submit.py:495} INFO - 23/01/26 18:21:51 INFO Executor: Fetching file:///home/***/.ivy2/jars/org.slf4j_slf4j-api-1.7.30.jar with timestamp 1674757310212
[2023-01-26T18:21:51.389+0000] {spark_submit.py:495} INFO - 23/01/26 18:21:51 INFO Utils: /home/***/.ivy2/jars/org.slf4j_slf4j-api-1.7.30.jar has been previously copied to /tmp/spark-659b3d09-e7cf-4454-a2e3-df06dd91f227/userFiles-dd1bd35d-9fe9-46ba-9556-d96a2cf8ca57/org.slf4j_slf4j-api-1.7.30.jar
[2023-01-26T18:21:51.402+0000] {spark_submit.py:495} INFO - 23/01/26 18:21:51 INFO Executor: Fetching spark://f1cbb5df32e6:43923/jars/org.lz4_lz4-java-1.7.1.jar with timestamp 1674757310212
[2023-01-26T18:21:51.432+0000] {spark_submit.py:495} INFO - 23/01/26 18:21:51 INFO TransportClientFactory: Successfully created connection to f1cbb5df32e6/172.23.0.4:43923 after 24 ms (0 ms spent in bootstraps)
[2023-01-26T18:21:51.445+0000] {spark_submit.py:495} INFO - 23/01/26 18:21:51 INFO Utils: Fetching spark://f1cbb5df32e6:43923/jars/org.lz4_lz4-java-1.7.1.jar to /tmp/spark-659b3d09-e7cf-4454-a2e3-df06dd91f227/userFiles-dd1bd35d-9fe9-46ba-9556-d96a2cf8ca57/fetchFileTemp1697924037025088123.tmp
[2023-01-26T18:21:51.478+0000] {spark_submit.py:495} INFO - 23/01/26 18:21:51 INFO Utils: /tmp/spark-659b3d09-e7cf-4454-a2e3-df06dd91f227/userFiles-dd1bd35d-9fe9-46ba-9556-d96a2cf8ca57/fetchFileTemp1697924037025088123.tmp has been previously copied to /tmp/spark-659b3d09-e7cf-4454-a2e3-df06dd91f227/userFiles-dd1bd35d-9fe9-46ba-9556-d96a2cf8ca57/org.lz4_lz4-java-1.7.1.jar
[2023-01-26T18:21:51.484+0000] {spark_submit.py:495} INFO - 23/01/26 18:21:51 INFO Executor: Adding file:/tmp/spark-659b3d09-e7cf-4454-a2e3-df06dd91f227/userFiles-dd1bd35d-9fe9-46ba-9556-d96a2cf8ca57/org.lz4_lz4-java-1.7.1.jar to class loader
[2023-01-26T18:21:51.484+0000] {spark_submit.py:495} INFO - 23/01/26 18:21:51 INFO Executor: Fetching spark://f1cbb5df32e6:43923/jars/org.apache.kafka_kafka-clients-2.6.0.jar with timestamp 1674757310212
[2023-01-26T18:21:51.484+0000] {spark_submit.py:495} INFO - 23/01/26 18:21:51 INFO Utils: Fetching spark://f1cbb5df32e6:43923/jars/org.apache.kafka_kafka-clients-2.6.0.jar to /tmp/spark-659b3d09-e7cf-4454-a2e3-df06dd91f227/userFiles-dd1bd35d-9fe9-46ba-9556-d96a2cf8ca57/fetchFileTemp4609069197580510515.tmp
[2023-01-26T18:21:51.508+0000] {spark_submit.py:495} INFO - 23/01/26 18:21:51 INFO Utils: /tmp/spark-659b3d09-e7cf-4454-a2e3-df06dd91f227/userFiles-dd1bd35d-9fe9-46ba-9556-d96a2cf8ca57/fetchFileTemp4609069197580510515.tmp has been previously copied to /tmp/spark-659b3d09-e7cf-4454-a2e3-df06dd91f227/userFiles-dd1bd35d-9fe9-46ba-9556-d96a2cf8ca57/org.apache.kafka_kafka-clients-2.6.0.jar
[2023-01-26T18:21:51.517+0000] {spark_submit.py:495} INFO - 23/01/26 18:21:51 INFO Executor: Adding file:/tmp/spark-659b3d09-e7cf-4454-a2e3-df06dd91f227/userFiles-dd1bd35d-9fe9-46ba-9556-d96a2cf8ca57/org.apache.kafka_kafka-clients-2.6.0.jar to class loader
[2023-01-26T18:21:51.517+0000] {spark_submit.py:495} INFO - 23/01/26 18:21:51 INFO Executor: Fetching spark://f1cbb5df32e6:43923/jars/org.apache.spark_spark-sql-kafka-0-10_2.12-3.1.3.jar with timestamp 1674757310212
[2023-01-26T18:21:51.518+0000] {spark_submit.py:495} INFO - 23/01/26 18:21:51 INFO Utils: Fetching spark://f1cbb5df32e6:43923/jars/org.apache.spark_spark-sql-kafka-0-10_2.12-3.1.3.jar to /tmp/spark-659b3d09-e7cf-4454-a2e3-df06dd91f227/userFiles-dd1bd35d-9fe9-46ba-9556-d96a2cf8ca57/fetchFileTemp12207344006645147152.tmp
[2023-01-26T18:21:51.520+0000] {spark_submit.py:495} INFO - 23/01/26 18:21:51 INFO Utils: /tmp/spark-659b3d09-e7cf-4454-a2e3-df06dd91f227/userFiles-dd1bd35d-9fe9-46ba-9556-d96a2cf8ca57/fetchFileTemp12207344006645147152.tmp has been previously copied to /tmp/spark-659b3d09-e7cf-4454-a2e3-df06dd91f227/userFiles-dd1bd35d-9fe9-46ba-9556-d96a2cf8ca57/org.apache.spark_spark-sql-kafka-0-10_2.12-3.1.3.jar
[2023-01-26T18:21:51.523+0000] {spark_submit.py:495} INFO - 23/01/26 18:21:51 INFO Executor: Adding file:/tmp/spark-659b3d09-e7cf-4454-a2e3-df06dd91f227/userFiles-dd1bd35d-9fe9-46ba-9556-d96a2cf8ca57/org.apache.spark_spark-sql-kafka-0-10_2.12-3.1.3.jar to class loader
[2023-01-26T18:21:51.523+0000] {spark_submit.py:495} INFO - 23/01/26 18:21:51 INFO Executor: Fetching spark://f1cbb5df32e6:43923/jars/org.apache.commons_commons-pool2-2.6.2.jar with timestamp 1674757310212
[2023-01-26T18:21:51.523+0000] {spark_submit.py:495} INFO - 23/01/26 18:21:51 INFO Utils: Fetching spark://f1cbb5df32e6:43923/jars/org.apache.commons_commons-pool2-2.6.2.jar to /tmp/spark-659b3d09-e7cf-4454-a2e3-df06dd91f227/userFiles-dd1bd35d-9fe9-46ba-9556-d96a2cf8ca57/fetchFileTemp139955402310473682.tmp
[2023-01-26T18:21:51.525+0000] {spark_submit.py:495} INFO - 23/01/26 18:21:51 INFO Utils: /tmp/spark-659b3d09-e7cf-4454-a2e3-df06dd91f227/userFiles-dd1bd35d-9fe9-46ba-9556-d96a2cf8ca57/fetchFileTemp139955402310473682.tmp has been previously copied to /tmp/spark-659b3d09-e7cf-4454-a2e3-df06dd91f227/userFiles-dd1bd35d-9fe9-46ba-9556-d96a2cf8ca57/org.apache.commons_commons-pool2-2.6.2.jar
[2023-01-26T18:21:51.528+0000] {spark_submit.py:495} INFO - 23/01/26 18:21:51 INFO Executor: Adding file:/tmp/spark-659b3d09-e7cf-4454-a2e3-df06dd91f227/userFiles-dd1bd35d-9fe9-46ba-9556-d96a2cf8ca57/org.apache.commons_commons-pool2-2.6.2.jar to class loader
[2023-01-26T18:21:51.528+0000] {spark_submit.py:495} INFO - 23/01/26 18:21:51 INFO Executor: Fetching spark://f1cbb5df32e6:43923/jars/org.spark-project.spark_unused-1.0.0.jar with timestamp 1674757310212
[2023-01-26T18:21:51.528+0000] {spark_submit.py:495} INFO - 23/01/26 18:21:51 INFO Utils: Fetching spark://f1cbb5df32e6:43923/jars/org.spark-project.spark_unused-1.0.0.jar to /tmp/spark-659b3d09-e7cf-4454-a2e3-df06dd91f227/userFiles-dd1bd35d-9fe9-46ba-9556-d96a2cf8ca57/fetchFileTemp10754849742568628060.tmp
[2023-01-26T18:21:51.530+0000] {spark_submit.py:495} INFO - 23/01/26 18:21:51 INFO Utils: /tmp/spark-659b3d09-e7cf-4454-a2e3-df06dd91f227/userFiles-dd1bd35d-9fe9-46ba-9556-d96a2cf8ca57/fetchFileTemp10754849742568628060.tmp has been previously copied to /tmp/spark-659b3d09-e7cf-4454-a2e3-df06dd91f227/userFiles-dd1bd35d-9fe9-46ba-9556-d96a2cf8ca57/org.spark-project.spark_unused-1.0.0.jar
[2023-01-26T18:21:51.532+0000] {spark_submit.py:495} INFO - 23/01/26 18:21:51 INFO Executor: Adding file:/tmp/spark-659b3d09-e7cf-4454-a2e3-df06dd91f227/userFiles-dd1bd35d-9fe9-46ba-9556-d96a2cf8ca57/org.spark-project.spark_unused-1.0.0.jar to class loader
[2023-01-26T18:21:51.532+0000] {spark_submit.py:495} INFO - 23/01/26 18:21:51 INFO Executor: Fetching spark://f1cbb5df32e6:43923/jars/com.github.luben_zstd-jni-1.4.8-1.jar with timestamp 1674757310212
[2023-01-26T18:21:51.533+0000] {spark_submit.py:495} INFO - 23/01/26 18:21:51 INFO Utils: Fetching spark://f1cbb5df32e6:43923/jars/com.github.luben_zstd-jni-1.4.8-1.jar to /tmp/spark-659b3d09-e7cf-4454-a2e3-df06dd91f227/userFiles-dd1bd35d-9fe9-46ba-9556-d96a2cf8ca57/fetchFileTemp6407960347402491829.tmp
[2023-01-26T18:21:51.560+0000] {spark_submit.py:495} INFO - 23/01/26 18:21:51 INFO Utils: /tmp/spark-659b3d09-e7cf-4454-a2e3-df06dd91f227/userFiles-dd1bd35d-9fe9-46ba-9556-d96a2cf8ca57/fetchFileTemp6407960347402491829.tmp has been previously copied to /tmp/spark-659b3d09-e7cf-4454-a2e3-df06dd91f227/userFiles-dd1bd35d-9fe9-46ba-9556-d96a2cf8ca57/com.github.luben_zstd-jni-1.4.8-1.jar
[2023-01-26T18:21:51.608+0000] {spark_submit.py:495} INFO - 23/01/26 18:21:51 INFO Executor: Adding file:/tmp/spark-659b3d09-e7cf-4454-a2e3-df06dd91f227/userFiles-dd1bd35d-9fe9-46ba-9556-d96a2cf8ca57/com.github.luben_zstd-jni-1.4.8-1.jar to class loader
[2023-01-26T18:21:51.609+0000] {spark_submit.py:495} INFO - 23/01/26 18:21:51 INFO Executor: Fetching spark://f1cbb5df32e6:43923/jars/org.mongodb_mongodb-driver-sync-4.0.5.jar with timestamp 1674757310212
[2023-01-26T18:21:51.610+0000] {spark_submit.py:495} INFO - 23/01/26 18:21:51 INFO Utils: Fetching spark://f1cbb5df32e6:43923/jars/org.mongodb_mongodb-driver-sync-4.0.5.jar to /tmp/spark-659b3d09-e7cf-4454-a2e3-df06dd91f227/userFiles-dd1bd35d-9fe9-46ba-9556-d96a2cf8ca57/fetchFileTemp4024413928224891915.tmp
[2023-01-26T18:21:51.623+0000] {spark_submit.py:495} INFO - 23/01/26 18:21:51 INFO Utils: /tmp/spark-659b3d09-e7cf-4454-a2e3-df06dd91f227/userFiles-dd1bd35d-9fe9-46ba-9556-d96a2cf8ca57/fetchFileTemp4024413928224891915.tmp has been previously copied to /tmp/spark-659b3d09-e7cf-4454-a2e3-df06dd91f227/userFiles-dd1bd35d-9fe9-46ba-9556-d96a2cf8ca57/org.mongodb_mongodb-driver-sync-4.0.5.jar
[2023-01-26T18:21:51.635+0000] {spark_submit.py:495} INFO - 23/01/26 18:21:51 INFO Executor: Adding file:/tmp/spark-659b3d09-e7cf-4454-a2e3-df06dd91f227/userFiles-dd1bd35d-9fe9-46ba-9556-d96a2cf8ca57/org.mongodb_mongodb-driver-sync-4.0.5.jar to class loader
[2023-01-26T18:21:51.635+0000] {spark_submit.py:495} INFO - 23/01/26 18:21:51 INFO Executor: Fetching spark://f1cbb5df32e6:43923/jars/org.mongodb.spark_mongo-spark-connector_2.12-3.0.1.jar with timestamp 1674757310212
[2023-01-26T18:21:51.638+0000] {spark_submit.py:495} INFO - 23/01/26 18:21:51 INFO Utils: Fetching spark://f1cbb5df32e6:43923/jars/org.mongodb.spark_mongo-spark-connector_2.12-3.0.1.jar to /tmp/spark-659b3d09-e7cf-4454-a2e3-df06dd91f227/userFiles-dd1bd35d-9fe9-46ba-9556-d96a2cf8ca57/fetchFileTemp12064842750442722597.tmp
[2023-01-26T18:21:51.648+0000] {spark_submit.py:495} INFO - 23/01/26 18:21:51 INFO Utils: /tmp/spark-659b3d09-e7cf-4454-a2e3-df06dd91f227/userFiles-dd1bd35d-9fe9-46ba-9556-d96a2cf8ca57/fetchFileTemp12064842750442722597.tmp has been previously copied to /tmp/spark-659b3d09-e7cf-4454-a2e3-df06dd91f227/userFiles-dd1bd35d-9fe9-46ba-9556-d96a2cf8ca57/org.mongodb.spark_mongo-spark-connector_2.12-3.0.1.jar
[2023-01-26T18:21:51.660+0000] {spark_submit.py:495} INFO - 23/01/26 18:21:51 INFO Executor: Adding file:/tmp/spark-659b3d09-e7cf-4454-a2e3-df06dd91f227/userFiles-dd1bd35d-9fe9-46ba-9556-d96a2cf8ca57/org.mongodb.spark_mongo-spark-connector_2.12-3.0.1.jar to class loader
[2023-01-26T18:21:51.661+0000] {spark_submit.py:495} INFO - 23/01/26 18:21:51 INFO Executor: Fetching spark://f1cbb5df32e6:43923/jars/org.apache.spark_spark-token-provider-kafka-0-10_2.12-3.1.3.jar with timestamp 1674757310212
[2023-01-26T18:21:51.662+0000] {spark_submit.py:495} INFO - 23/01/26 18:21:51 INFO Utils: Fetching spark://f1cbb5df32e6:43923/jars/org.apache.spark_spark-token-provider-kafka-0-10_2.12-3.1.3.jar to /tmp/spark-659b3d09-e7cf-4454-a2e3-df06dd91f227/userFiles-dd1bd35d-9fe9-46ba-9556-d96a2cf8ca57/fetchFileTemp17071202299347667871.tmp
[2023-01-26T18:21:51.667+0000] {spark_submit.py:495} INFO - 23/01/26 18:21:51 INFO Utils: /tmp/spark-659b3d09-e7cf-4454-a2e3-df06dd91f227/userFiles-dd1bd35d-9fe9-46ba-9556-d96a2cf8ca57/fetchFileTemp17071202299347667871.tmp has been previously copied to /tmp/spark-659b3d09-e7cf-4454-a2e3-df06dd91f227/userFiles-dd1bd35d-9fe9-46ba-9556-d96a2cf8ca57/org.apache.spark_spark-token-provider-kafka-0-10_2.12-3.1.3.jar
[2023-01-26T18:21:51.686+0000] {spark_submit.py:495} INFO - 23/01/26 18:21:51 INFO Executor: Adding file:/tmp/spark-659b3d09-e7cf-4454-a2e3-df06dd91f227/userFiles-dd1bd35d-9fe9-46ba-9556-d96a2cf8ca57/org.apache.spark_spark-token-provider-kafka-0-10_2.12-3.1.3.jar to class loader
[2023-01-26T18:21:51.687+0000] {spark_submit.py:495} INFO - 23/01/26 18:21:51 INFO Executor: Fetching spark://f1cbb5df32e6:43923/jars/org.slf4j_slf4j-api-1.7.30.jar with timestamp 1674757310212
[2023-01-26T18:21:51.687+0000] {spark_submit.py:495} INFO - 23/01/26 18:21:51 INFO Utils: Fetching spark://f1cbb5df32e6:43923/jars/org.slf4j_slf4j-api-1.7.30.jar to /tmp/spark-659b3d09-e7cf-4454-a2e3-df06dd91f227/userFiles-dd1bd35d-9fe9-46ba-9556-d96a2cf8ca57/fetchFileTemp6265089635734694822.tmp
[2023-01-26T18:21:51.691+0000] {spark_submit.py:495} INFO - 23/01/26 18:21:51 INFO Utils: /tmp/spark-659b3d09-e7cf-4454-a2e3-df06dd91f227/userFiles-dd1bd35d-9fe9-46ba-9556-d96a2cf8ca57/fetchFileTemp6265089635734694822.tmp has been previously copied to /tmp/spark-659b3d09-e7cf-4454-a2e3-df06dd91f227/userFiles-dd1bd35d-9fe9-46ba-9556-d96a2cf8ca57/org.slf4j_slf4j-api-1.7.30.jar
[2023-01-26T18:21:51.702+0000] {spark_submit.py:495} INFO - 23/01/26 18:21:51 INFO Executor: Adding file:/tmp/spark-659b3d09-e7cf-4454-a2e3-df06dd91f227/userFiles-dd1bd35d-9fe9-46ba-9556-d96a2cf8ca57/org.slf4j_slf4j-api-1.7.30.jar to class loader
[2023-01-26T18:21:51.702+0000] {spark_submit.py:495} INFO - 23/01/26 18:21:51 INFO Executor: Fetching spark://f1cbb5df32e6:43923/jars/org.mongodb_mongodb-driver-core-4.0.5.jar with timestamp 1674757310212
[2023-01-26T18:21:51.704+0000] {spark_submit.py:495} INFO - 23/01/26 18:21:51 INFO Utils: Fetching spark://f1cbb5df32e6:43923/jars/org.mongodb_mongodb-driver-core-4.0.5.jar to /tmp/spark-659b3d09-e7cf-4454-a2e3-df06dd91f227/userFiles-dd1bd35d-9fe9-46ba-9556-d96a2cf8ca57/fetchFileTemp8436104888808261265.tmp
[2023-01-26T18:21:51.749+0000] {spark_submit.py:495} INFO - 23/01/26 18:21:51 INFO Utils: /tmp/spark-659b3d09-e7cf-4454-a2e3-df06dd91f227/userFiles-dd1bd35d-9fe9-46ba-9556-d96a2cf8ca57/fetchFileTemp8436104888808261265.tmp has been previously copied to /tmp/spark-659b3d09-e7cf-4454-a2e3-df06dd91f227/userFiles-dd1bd35d-9fe9-46ba-9556-d96a2cf8ca57/org.mongodb_mongodb-driver-core-4.0.5.jar
[2023-01-26T18:21:51.762+0000] {spark_submit.py:495} INFO - 23/01/26 18:21:51 INFO Executor: Adding file:/tmp/spark-659b3d09-e7cf-4454-a2e3-df06dd91f227/userFiles-dd1bd35d-9fe9-46ba-9556-d96a2cf8ca57/org.mongodb_mongodb-driver-core-4.0.5.jar to class loader
[2023-01-26T18:21:51.763+0000] {spark_submit.py:495} INFO - 23/01/26 18:21:51 INFO Executor: Fetching spark://f1cbb5df32e6:43923/jars/org.xerial.snappy_snappy-java-1.1.8.2.jar with timestamp 1674757310212
[2023-01-26T18:21:51.764+0000] {spark_submit.py:495} INFO - 23/01/26 18:21:51 INFO Utils: Fetching spark://f1cbb5df32e6:43923/jars/org.xerial.snappy_snappy-java-1.1.8.2.jar to /tmp/spark-659b3d09-e7cf-4454-a2e3-df06dd91f227/userFiles-dd1bd35d-9fe9-46ba-9556-d96a2cf8ca57/fetchFileTemp5310424763574933720.tmp
[2023-01-26T18:21:51.801+0000] {spark_submit.py:495} INFO - 23/01/26 18:21:51 INFO Utils: /tmp/spark-659b3d09-e7cf-4454-a2e3-df06dd91f227/userFiles-dd1bd35d-9fe9-46ba-9556-d96a2cf8ca57/fetchFileTemp5310424763574933720.tmp has been previously copied to /tmp/spark-659b3d09-e7cf-4454-a2e3-df06dd91f227/userFiles-dd1bd35d-9fe9-46ba-9556-d96a2cf8ca57/org.xerial.snappy_snappy-java-1.1.8.2.jar
[2023-01-26T18:21:51.811+0000] {spark_submit.py:495} INFO - 23/01/26 18:21:51 INFO Executor: Adding file:/tmp/spark-659b3d09-e7cf-4454-a2e3-df06dd91f227/userFiles-dd1bd35d-9fe9-46ba-9556-d96a2cf8ca57/org.xerial.snappy_snappy-java-1.1.8.2.jar to class loader
[2023-01-26T18:21:51.812+0000] {spark_submit.py:495} INFO - 23/01/26 18:21:51 INFO Executor: Fetching spark://f1cbb5df32e6:43923/jars/org.mongodb_bson-4.0.5.jar with timestamp 1674757310212
[2023-01-26T18:21:51.813+0000] {spark_submit.py:495} INFO - 23/01/26 18:21:51 INFO Utils: Fetching spark://f1cbb5df32e6:43923/jars/org.mongodb_bson-4.0.5.jar to /tmp/spark-659b3d09-e7cf-4454-a2e3-df06dd91f227/userFiles-dd1bd35d-9fe9-46ba-9556-d96a2cf8ca57/fetchFileTemp16692974611961673694.tmp
[2023-01-26T18:21:51.818+0000] {spark_submit.py:495} INFO - 23/01/26 18:21:51 INFO Utils: /tmp/spark-659b3d09-e7cf-4454-a2e3-df06dd91f227/userFiles-dd1bd35d-9fe9-46ba-9556-d96a2cf8ca57/fetchFileTemp16692974611961673694.tmp has been previously copied to /tmp/spark-659b3d09-e7cf-4454-a2e3-df06dd91f227/userFiles-dd1bd35d-9fe9-46ba-9556-d96a2cf8ca57/org.mongodb_bson-4.0.5.jar
[2023-01-26T18:21:51.822+0000] {spark_submit.py:495} INFO - 23/01/26 18:21:51 INFO Executor: Adding file:/tmp/spark-659b3d09-e7cf-4454-a2e3-df06dd91f227/userFiles-dd1bd35d-9fe9-46ba-9556-d96a2cf8ca57/org.mongodb_bson-4.0.5.jar to class loader
[2023-01-26T18:21:51.829+0000] {spark_submit.py:495} INFO - 23/01/26 18:21:51 INFO Utils: Successfully started service 'org.apache.spark.network.netty.NettyBlockTransferService' on port 36469.
[2023-01-26T18:21:51.829+0000] {spark_submit.py:495} INFO - 23/01/26 18:21:51 INFO NettyBlockTransferService: Server created on f1cbb5df32e6:36469
[2023-01-26T18:21:51.831+0000] {spark_submit.py:495} INFO - 23/01/26 18:21:51 INFO BlockManager: Using org.apache.spark.storage.RandomBlockReplicationPolicy for block replication policy
[2023-01-26T18:21:51.837+0000] {spark_submit.py:495} INFO - 23/01/26 18:21:51 INFO BlockManagerMaster: Registering BlockManager BlockManagerId(driver, f1cbb5df32e6, 36469, None)
[2023-01-26T18:21:51.840+0000] {spark_submit.py:495} INFO - 23/01/26 18:21:51 INFO BlockManagerMasterEndpoint: Registering block manager f1cbb5df32e6:36469 with 434.4 MiB RAM, BlockManagerId(driver, f1cbb5df32e6, 36469, None)
[2023-01-26T18:21:51.843+0000] {spark_submit.py:495} INFO - 23/01/26 18:21:51 INFO BlockManagerMaster: Registered BlockManager BlockManagerId(driver, f1cbb5df32e6, 36469, None)
[2023-01-26T18:21:51.844+0000] {spark_submit.py:495} INFO - 23/01/26 18:21:51 INFO BlockManager: Initialized BlockManager: BlockManagerId(driver, f1cbb5df32e6, 36469, None)
[2023-01-26T18:21:54.993+0000] {spark_submit.py:495} INFO - [[34m2023-01-26 18:21:54,992[0m] {[34mjava_gateway.py:[0m2270} INFO[0m - Callback Server Starting[0m
[2023-01-26T18:21:54.993+0000] {spark_submit.py:495} INFO - [[34m2023-01-26 18:21:54,993[0m] {[34mjava_gateway.py:[0m2274} INFO[0m - Socket listening on ('127.0.0.1', 32989)[0m
[2023-01-26T18:21:56.377+0000] {local_task_job.py:224} WARNING - State of this instance has been externally set to up_for_retry. Terminating instance.
[2023-01-26T18:21:56.378+0000] {process_utils.py:133} INFO - Sending Signals.SIGTERM to group 3718. PIDs of all processes in the group: [3719, 3772, 3718]
[2023-01-26T18:21:56.378+0000] {process_utils.py:84} INFO - Sending the signal Signals.SIGTERM to group 3718
[2023-01-26T18:21:56.379+0000] {taskinstance.py:1483} ERROR - Received SIGTERM. Terminating subprocesses.
[2023-01-26T18:21:56.379+0000] {spark_submit.py:620} INFO - Sending kill signal to spark-submit
[2023-01-26T18:21:56.390+0000] {taskinstance.py:1772} ERROR - Task failed with exception
Traceback (most recent call last):
  File "/home/airflow/.local/lib/python3.7/site-packages/airflow/providers/apache/spark/operators/spark_submit.py", line 157, in execute
    self._hook.submit(self._application)
  File "/home/airflow/.local/lib/python3.7/site-packages/airflow/providers/apache/spark/hooks/spark_submit.py", line 414, in submit
    self._process_spark_submit_log(iter(self._submit_sp.stdout))  # type: ignore
  File "/home/airflow/.local/lib/python3.7/site-packages/airflow/providers/apache/spark/hooks/spark_submit.py", line 463, in _process_spark_submit_log
    for line in itr:
  File "/home/airflow/.local/lib/python3.7/site-packages/airflow/models/taskinstance.py", line 1485, in signal_handler
    raise AirflowException("Task received SIGTERM signal")
airflow.exceptions.AirflowException: Task received SIGTERM signal
[2023-01-26T18:21:56.395+0000] {taskinstance.py:1327} INFO - Marking task as UP_FOR_RETRY. dag_id=Streaming_pipeline_meli, task_id=consumer_data_of_topic, execution_date=20230123T220304, start_date=20230126T182146, end_date=20230126T182156
[2023-01-26T18:21:56.413+0000] {standard_task_runner.py:105} ERROR - Failed to execute job 1045 for task consumer_data_of_topic (Task received SIGTERM signal; 3718)
[2023-01-26T18:21:56.430+0000] {process_utils.py:79} INFO - Process psutil.Process(pid=3718, status='terminated', exitcode=1, started='18:21:45') (3718) terminated with exit code 1
[2023-01-26T18:21:56.432+0000] {process_utils.py:79} INFO - Process psutil.Process(pid=3772, status='terminated', started='18:21:48') (3772) terminated with exit code None
[2023-01-26T18:21:56.432+0000] {process_utils.py:79} INFO - Process psutil.Process(pid=3719, status='terminated', started='18:21:45') (3719) terminated with exit code None
