[2023-01-29T00:32:54.090+0000] {taskinstance.py:1087} INFO - Dependencies all met for <TaskInstance: Streaming_pipeline_meli.Status_info_mongodb manual__2023-01-27T18:49:27.597637+00:00 [queued]>
[2023-01-29T00:32:54.099+0000] {taskinstance.py:1087} INFO - Dependencies all met for <TaskInstance: Streaming_pipeline_meli.Status_info_mongodb manual__2023-01-27T18:49:27.597637+00:00 [queued]>
[2023-01-29T00:32:54.099+0000] {taskinstance.py:1283} INFO - 
--------------------------------------------------------------------------------
[2023-01-29T00:32:54.099+0000] {taskinstance.py:1284} INFO - Starting attempt 5 of 10
[2023-01-29T00:32:54.099+0000] {taskinstance.py:1285} INFO - 
--------------------------------------------------------------------------------
[2023-01-29T00:32:54.112+0000] {taskinstance.py:1304} INFO - Executing <Task(PythonOperator): Status_info_mongodb> on 2023-01-27 18:49:27.597637+00:00
[2023-01-29T00:32:54.116+0000] {standard_task_runner.py:55} INFO - Started process 3217 to run task
[2023-01-29T00:32:54.119+0000] {standard_task_runner.py:82} INFO - Running: ['***', 'tasks', 'run', 'Streaming_pipeline_meli', 'Status_info_mongodb', 'manual__2023-01-27T18:49:27.597637+00:00', '--job-id', '1168', '--raw', '--subdir', 'DAGS_FOLDER/streamPipeline.py', '--cfg-path', '/tmp/tmpvzct893l']
[2023-01-29T00:32:54.119+0000] {standard_task_runner.py:83} INFO - Job 1168: Subtask Status_info_mongodb
[2023-01-29T00:32:54.168+0000] {task_command.py:389} INFO - Running <TaskInstance: Streaming_pipeline_meli.Status_info_mongodb manual__2023-01-27T18:49:27.597637+00:00 [running]> on host c581710b51ba
[2023-01-29T00:32:54.231+0000] {taskinstance.py:1513} INFO - Exporting the following env vars:
AIRFLOW_CTX_DAG_OWNER=***
AIRFLOW_CTX_DAG_ID=Streaming_pipeline_meli
AIRFLOW_CTX_TASK_ID=Status_info_mongodb
AIRFLOW_CTX_EXECUTION_DATE=2023-01-27T18:49:27.597637+00:00
AIRFLOW_CTX_TRY_NUMBER=5
AIRFLOW_CTX_DAG_RUN_ID=manual__2023-01-27T18:49:27.597637+00:00
[2023-01-29T00:32:54.241+0000] {mongoStatus.py:16} ERROR - Error al conectar a mongoDB: Authentication failed., full error: {'ok': 0.0, 'errmsg': 'Authentication failed.', 'code': 18, 'codeName': 'AuthenticationFailed'}
[2023-01-29T00:32:54.241+0000] {python.py:177} INFO - Done. Returned value was: None
[2023-01-29T00:32:54.250+0000] {taskinstance.py:1327} INFO - Marking task as SUCCESS. dag_id=Streaming_pipeline_meli, task_id=Status_info_mongodb, execution_date=20230127T184927, start_date=20230129T003254, end_date=20230129T003254
[2023-01-29T00:32:54.290+0000] {local_task_job.py:159} INFO - Task exited with return code 0
[2023-01-29T00:32:54.350+0000] {taskinstance.py:2582} INFO - 1 downstream tasks scheduled from follow-on schedule check
