[2023-02-08T20:26:48.524+0000] {taskinstance.py:1087} INFO - Dependencies all met for <TaskInstance: Streaming_pipeline_meli.Status_info_mongodb manual__2023-02-08T20:26:46.092335+00:00 [queued]>
[2023-02-08T20:26:48.537+0000] {taskinstance.py:1087} INFO - Dependencies all met for <TaskInstance: Streaming_pipeline_meli.Status_info_mongodb manual__2023-02-08T20:26:46.092335+00:00 [queued]>
[2023-02-08T20:26:48.538+0000] {taskinstance.py:1283} INFO - 
--------------------------------------------------------------------------------
[2023-02-08T20:26:48.538+0000] {taskinstance.py:1284} INFO - Starting attempt 1 of 6
[2023-02-08T20:26:48.538+0000] {taskinstance.py:1285} INFO - 
--------------------------------------------------------------------------------
[2023-02-08T20:26:48.552+0000] {taskinstance.py:1304} INFO - Executing <Task(PythonOperator): Status_info_mongodb> on 2023-02-08 20:26:46.092335+00:00
[2023-02-08T20:26:48.556+0000] {standard_task_runner.py:55} INFO - Started process 5820 to run task
[2023-02-08T20:26:48.561+0000] {standard_task_runner.py:82} INFO - Running: ['***', 'tasks', 'run', 'Streaming_pipeline_meli', 'Status_info_mongodb', 'manual__2023-02-08T20:26:46.092335+00:00', '--job-id', '1421', '--raw', '--subdir', 'DAGS_FOLDER/streamPipeline.py', '--cfg-path', '/tmp/tmp671o7df4']
[2023-02-08T20:26:48.561+0000] {standard_task_runner.py:83} INFO - Job 1421: Subtask Status_info_mongodb
[2023-02-08T20:26:48.660+0000] {task_command.py:389} INFO - Running <TaskInstance: Streaming_pipeline_meli.Status_info_mongodb manual__2023-02-08T20:26:46.092335+00:00 [running]> on host b55acaa82944
[2023-02-08T20:26:48.780+0000] {taskinstance.py:1513} INFO - Exporting the following env vars:
AIRFLOW_CTX_DAG_OWNER=***
AIRFLOW_CTX_DAG_ID=Streaming_pipeline_meli
AIRFLOW_CTX_TASK_ID=Status_info_mongodb
AIRFLOW_CTX_EXECUTION_DATE=2023-02-08T20:26:46.092335+00:00
AIRFLOW_CTX_TRY_NUMBER=1
AIRFLOW_CTX_DAG_RUN_ID=manual__2023-02-08T20:26:46.092335+00:00
[2023-02-08T20:26:48.814+0000] {mongoStatus.py:13} INFO - Conexion exitosa a mongoDB
[2023-02-08T20:26:48.815+0000] {logging_mixin.py:137} INFO - Estado del servidor corriendo: {'version': '6.0.4', 'gitVersion': '44ff59461c1353638a71e710f385a566bcd2f547', 'modules': [], 'allocator': 'tcmalloc', 'javascriptEngine': 'mozjs', 'sysInfo': 'deprecated', 'versionArray': [6, 0, 4, 0], 'openssl': {'running': 'OpenSSL 1.1.1f  31 Mar 2020', 'compiled': 'OpenSSL 1.1.1f  31 Mar 2020'}, 'buildEnvironment': {'distmod': 'ubuntu2004', 'distarch': 'x86_64', 'cc': '/opt/mongodbtoolchain/v3/bin/gcc: gcc (GCC) 8.5.0', 'ccflags': '-Werror -include mongo/platform/basic.h -ffp-contract=off -fasynchronous-unwind-tables -ggdb -Wall -Wsign-compare -Wno-unknown-pragmas -Winvalid-pch -fno-omit-frame-pointer -fno-strict-aliasing -O2 -march=sandybridge -mtune=generic -mprefer-vector-width=128 -Wno-unused-local-typedefs -Wno-unused-function -Wno-deprecated-declarations -Wno-unused-const-variable -Wno-unused-but-set-variable -Wno-missing-braces -fstack-protector-strong -fdebug-types-section -Wa,--nocompress-debug-sections -fno-builtin-memcmp', 'cxx': '/opt/mongodbtoolchain/v3/bin/g++: g++ (GCC) 8.5.0', 'cxxflags': '-Woverloaded-virtual -Wno-maybe-uninitialized -fsized-deallocation -std=c++17', 'linkflags': '-Wl,--fatal-warnings -pthread -Wl,-z,now -fuse-ld=gold -fstack-protector-strong -fdebug-types-section -Wl,--no-threads -Wl,--build-id -Wl,--hash-style=gnu -Wl,-z,noexecstack -Wl,--warn-execstack -Wl,-z,relro -Wl,--compress-debug-sections=none -Wl,-z,origin -Wl,--enable-new-dtags', 'target_arch': 'x86_64', 'target_os': 'linux', 'cppdefines': 'SAFEINT_USE_INTRINSICS 0 PCRE_STATIC NDEBUG _XOPEN_SOURCE 700 _GNU_SOURCE _FORTIFY_SOURCE 2 BOOST_THREAD_VERSION 5 BOOST_THREAD_USES_DATETIME BOOST_SYSTEM_NO_DEPRECATED BOOST_MATH_NO_LONG_DOUBLE_MATH_FUNCTIONS BOOST_ENABLE_ASSERT_DEBUG_HANDLER BOOST_LOG_NO_SHORTHAND_NAMES BOOST_LOG_USE_NATIVE_SYSLOG BOOST_LOG_WITHOUT_THREAD_ATTR ABSL_FORCE_ALIGNED_ACCESS'}, 'bits': 64, 'debug': False, 'maxBsonObjectSize': 16777216, 'storageEngines': ['devnull', 'ephemeralForTest', 'wiredTiger'], 'ok': 1.0}
[2023-02-08T20:26:48.815+0000] {python.py:177} INFO - Done. Returned value was: (True, {'version': '6.0.4', 'gitVersion': '44ff59461c1353638a71e710f385a566bcd2f547', 'modules': [], 'allocator': 'tcmalloc', 'javascriptEngine': 'mozjs', 'sysInfo': 'deprecated', 'versionArray': [6, 0, 4, 0], 'openssl': {'running': 'OpenSSL 1.1.1f  31 Mar 2020', 'compiled': 'OpenSSL 1.1.1f  31 Mar 2020'}, 'buildEnvironment': {'distmod': 'ubuntu2004', 'distarch': 'x86_64', 'cc': '/opt/mongodbtoolchain/v3/bin/gcc: gcc (GCC) 8.5.0', 'ccflags': '-Werror -include mongo/platform/basic.h -ffp-contract=off -fasynchronous-unwind-tables -ggdb -Wall -Wsign-compare -Wno-unknown-pragmas -Winvalid-pch -fno-omit-frame-pointer -fno-strict-aliasing -O2 -march=sandybridge -mtune=generic -mprefer-vector-width=128 -Wno-unused-local-typedefs -Wno-unused-function -Wno-deprecated-declarations -Wno-unused-const-variable -Wno-unused-but-set-variable -Wno-missing-braces -fstack-protector-strong -fdebug-types-section -Wa,--nocompress-debug-sections -fno-builtin-memcmp', 'cxx': '/opt/mongodbtoolchain/v3/bin/g++: g++ (GCC) 8.5.0', 'cxxflags': '-Woverloaded-virtual -Wno-maybe-uninitialized -fsized-deallocation -std=c++17', 'linkflags': '-Wl,--fatal-warnings -pthread -Wl,-z,now -fuse-ld=gold -fstack-protector-strong -fdebug-types-section -Wl,--no-threads -Wl,--build-id -Wl,--hash-style=gnu -Wl,-z,noexecstack -Wl,--warn-execstack -Wl,-z,relro -Wl,--compress-debug-sections=none -Wl,-z,origin -Wl,--enable-new-dtags', 'target_arch': 'x86_64', 'target_os': 'linux', 'cppdefines': 'SAFEINT_USE_INTRINSICS 0 PCRE_STATIC NDEBUG _XOPEN_SOURCE 700 _GNU_SOURCE _FORTIFY_SOURCE 2 BOOST_THREAD_VERSION 5 BOOST_THREAD_USES_DATETIME BOOST_SYSTEM_NO_DEPRECATED BOOST_MATH_NO_LONG_DOUBLE_MATH_FUNCTIONS BOOST_ENABLE_ASSERT_DEBUG_HANDLER BOOST_LOG_NO_SHORTHAND_NAMES BOOST_LOG_USE_NATIVE_SYSLOG BOOST_LOG_WITHOUT_THREAD_ATTR ABSL_FORCE_ALIGNED_ACCESS'}, 'bits': 64, 'debug': False, 'maxBsonObjectSize': 16777216, 'storageEngines': ['devnull', 'ephemeralForTest', 'wiredTiger'], 'ok': 1.0})
[2023-02-08T20:26:48.843+0000] {taskinstance.py:1327} INFO - Marking task as SUCCESS. dag_id=Streaming_pipeline_meli, task_id=Status_info_mongodb, execution_date=20230208T202646, start_date=20230208T202648, end_date=20230208T202648
[2023-02-08T20:26:48.898+0000] {local_task_job.py:159} INFO - Task exited with return code 0
[2023-02-08T20:26:48.926+0000] {taskinstance.py:2582} INFO - 0 downstream tasks scheduled from follow-on schedule check
