[2023-01-21T03:27:38.768+0000] {taskinstance.py:1087} INFO - Dependencies all met for <TaskInstance: Kafka_consumer.submit_data_to_kafka manual__2023-01-19T22:08:17.592063+00:00 [queued]>
[2023-01-21T03:27:38.776+0000] {taskinstance.py:1087} INFO - Dependencies all met for <TaskInstance: Kafka_consumer.submit_data_to_kafka manual__2023-01-19T22:08:17.592063+00:00 [queued]>
[2023-01-21T03:27:38.777+0000] {taskinstance.py:1283} INFO - 
--------------------------------------------------------------------------------
[2023-01-21T03:27:38.777+0000] {taskinstance.py:1284} INFO - Starting attempt 4 of 9
[2023-01-21T03:27:38.777+0000] {taskinstance.py:1285} INFO - 
--------------------------------------------------------------------------------
[2023-01-21T03:27:38.790+0000] {taskinstance.py:1304} INFO - Executing <Task(PythonOperator): submit_data_to_kafka> on 2023-01-19 22:08:17.592063+00:00
[2023-01-21T03:27:38.794+0000] {standard_task_runner.py:55} INFO - Started process 2724 to run task
[2023-01-21T03:27:38.796+0000] {standard_task_runner.py:82} INFO - Running: ['***', 'tasks', 'run', 'Kafka_consumer', 'submit_data_to_kafka', 'manual__2023-01-19T22:08:17.592063+00:00', '--job-id', '281', '--raw', '--subdir', 'DAGS_FOLDER/producer_dag.py', '--cfg-path', '/tmp/tmpcohjegts']
[2023-01-21T03:27:38.797+0000] {standard_task_runner.py:83} INFO - Job 281: Subtask submit_data_to_kafka
[2023-01-21T03:27:38.847+0000] {task_command.py:389} INFO - Running <TaskInstance: Kafka_consumer.submit_data_to_kafka manual__2023-01-19T22:08:17.592063+00:00 [running]> on host 3cc77177a430
[2023-01-21T03:27:38.905+0000] {taskinstance.py:1513} INFO - Exporting the following env vars:
AIRFLOW_CTX_DAG_OWNER=***
AIRFLOW_CTX_DAG_ID=Kafka_consumer
AIRFLOW_CTX_TASK_ID=submit_data_to_kafka
AIRFLOW_CTX_EXECUTION_DATE=2023-01-19T22:08:17.592063+00:00
AIRFLOW_CTX_TRY_NUMBER=4
AIRFLOW_CTX_DAG_RUN_ID=manual__2023-01-19T22:08:17.592063+00:00
[2023-01-21T03:27:38.907+0000] {conn.py:381} INFO - <BrokerConnection node_id=bootstrap-0 host=172.17.0.1:9092 <connecting> [IPv4 ('172.17.0.1', 9092)]>: connecting to 172.17.0.1:9092 [('172.17.0.1', 9092) IPv4]
[2023-01-21T03:27:38.907+0000] {conn.py:1205} INFO - Probing node bootstrap-0 broker version
[2023-01-21T03:27:38.907+0000] {conn.py:410} INFO - <BrokerConnection node_id=bootstrap-0 host=172.17.0.1:9092 <connecting> [IPv4 ('172.17.0.1', 9092)]>: Connection complete.
[2023-01-21T03:27:39.041+0000] {conn.py:1267} INFO - Broker version identified as 2.5.0
[2023-01-21T03:27:39.042+0000] {conn.py:1269} INFO - Set configuration api_version=(2, 5, 0) to skip auto check_version requests on startup
[2023-01-21T03:27:39.045+0000] {producer_dag.py:18} INFO - Conexion exitosa a kafka: <kafka.producer.kafka.KafkaProducer object at 0x7f1cb946edd0>
[2023-01-21T03:27:39.898+0000] {conn.py:381} INFO - <BrokerConnection node_id=1 host=172.17.0.1:9092 <connecting> [IPv4 ('172.17.0.1', 9092)]>: connecting to 172.17.0.1:9092 [('172.17.0.1', 9092) IPv4]
[2023-01-21T03:27:39.898+0000] {conn.py:410} INFO - <BrokerConnection node_id=1 host=172.17.0.1:9092 <connecting> [IPv4 ('172.17.0.1', 9092)]>: Connection complete.
[2023-01-21T03:27:39.899+0000] {conn.py:919} INFO - <BrokerConnection node_id=bootstrap-0 host=172.17.0.1:9092 <connected> [IPv4 ('172.17.0.1', 9092)]>: Closing connection. 
[2023-01-21T03:27:40.161+0000] {logging_mixin.py:137} INFO - {'id': 'MLA1314590445', 'nameOfProduct': 'Disco Sólido Interno Pny Ssd7cs900-240-rb 240gb Negro', 'price': 6899, 'ProductStatus': 'new', 'SellerName': 'ELECTRO-SHOWS', 'RegistrationDate': '2010-03-25T21:08:16.000-04:00', 'QuantitySold': 100, 'QuantityAvailable': 250}
[2023-01-21T03:27:40.162+0000] {logging_mixin.py:137} INFO - {'id': 'MLA1157512489', 'nameOfProduct': 'Placa De Video Nvidia Evga  Sc Gaming Geforce Gtx 16 Series Gtx 1660 Super 06g-p4-1068-kr 6gb', 'price': 124999, 'ProductStatus': 'new', 'SellerName': 'PCREGISTRADAOK', 'RegistrationDate': '2020-11-02T09:17:33.000-04:00', 'QuantitySold': 25, 'QuantityAvailable': 1}
[2023-01-21T03:27:40.162+0000] {logging_mixin.py:137} INFO - {'id': 'MLA1147621256', 'nameOfProduct': 'Procesador Gamer Amd Ryzen 5 5600g 100-100000252box De 6 Núcleos Y  4.4ghz De Frecuencia Con Gráfica Integrada', 'price': 72999, 'ProductStatus': 'new', 'SellerName': 'JFCELECTRONICA', 'RegistrationDate': '2007-05-27T17:30:28.000-04:00', 'QuantitySold': 25, 'QuantityAvailable': 1}
[2023-01-21T03:27:40.164+0000] {logging_mixin.py:137} INFO - {'id': 'MLA1163238194', 'nameOfProduct': 'Placa De Video Amd Asrock  Phantom Gaming Radeon Rx 500 Series Rx 550 Phantom G R Rx550 2g 2gb', 'price': 32105, 'ProductStatus': 'new', 'SellerName': 'MICYBERCOMPRA', 'RegistrationDate': '2011-09-13T09:15:53.000-04:00', 'QuantitySold': 25, 'QuantityAvailable': 1}
[2023-01-21T03:27:40.164+0000] {logging_mixin.py:137} INFO - {'id': 'MLA1280969442', 'nameOfProduct': 'Disco Sólido Interno Kingston Sa400s37/240g 240gb Negro', 'price': 8294, 'ProductStatus': 'new', 'SellerName': 'TIENDA DELTA', 'RegistrationDate': '2011-09-15T17:48:50.000-04:00', 'QuantitySold': 500, 'QuantityAvailable': 1}
[2023-01-21T03:27:40.165+0000] {logging_mixin.py:137} INFO - {'id': 'MLA882277177', 'nameOfProduct': 'Capturadora Video Hdmi Digital Full Hd Usb Streaming', 'price': 2699, 'ProductStatus': 'new', 'SellerName': 'BSK-IMPORTS', 'RegistrationDate': '2019-12-30T19:07:04.000-04:00', 'QuantitySold': 500, 'QuantityAvailable': 50}
[2023-01-21T03:27:40.165+0000] {logging_mixin.py:137} INFO - {'id': 'MLA923899845', 'nameOfProduct': 'Procesador Intel Celeron G5905 Bx80701g5905 De 2 Núcleos Y  3.5ghz De Frecuencia Con Gráfica Integrada', 'price': 12499, 'ProductStatus': 'new', 'SellerName': 'JFCELECTRONICA', 'RegistrationDate': '2007-05-27T17:30:28.000-04:00', 'QuantitySold': 100, 'QuantityAvailable': 1}
[2023-01-21T03:27:40.165+0000] {logging_mixin.py:137} INFO - {'id': 'MLA923637669', 'nameOfProduct': 'Placa De Video Geforce Gt 740 2gb Gddr5 Hdmi Vga Fortnite', 'price': 28699, 'ProductStatus': 'new', 'SellerName': 'INDIGOTRADE', 'RegistrationDate': '2018-01-05T15:21:16.000-04:00', 'QuantitySold': 500, 'QuantityAvailable': 1}
[2023-01-21T03:27:40.166+0000] {logging_mixin.py:137} INFO - {'id': 'MLA923635582', 'nameOfProduct': 'Disco Sólido Interno Kingston Sa400s37/480g 480gb Negro', 'price': 12999, 'ProductStatus': 'new', 'SellerName': 'DIAMONDSYSTEMSANJUSTOML', 'RegistrationDate': '2016-04-08T13:21:06.000-04:00', 'QuantitySold': 5000, 'QuantityAvailable': 1}
[2023-01-21T03:27:40.166+0000] {logging_mixin.py:137} INFO - {'id': 'MLA1202321029', 'nameOfProduct': 'Memoria Ram Fury Beast Ddr4 Gamer Color Negro  8gb 1 Kingston Kf432c16bb/8', 'price': 15344, 'ProductStatus': 'new', 'SellerName': 'MALL WEB', 'RegistrationDate': '2016-05-26T16:28:35.000-04:00', 'QuantitySold': 150, 'QuantityAvailable': 1}
[2023-01-21T03:27:40.166+0000] {logging_mixin.py:137} INFO - {'id': 'MLA928388818', 'nameOfProduct': 'Disco Duro Interno Seagate Barracuda St1000dm010 1tb', 'price': 12203, 'ProductStatus': 'new', 'SellerName': 'DIAMONDSYSTEMSANJUSTOML', 'RegistrationDate': '2016-04-08T13:21:06.000-04:00', 'QuantitySold': 500, 'QuantityAvailable': 250}
[2023-01-21T03:27:40.166+0000] {logging_mixin.py:137} INFO - {'id': 'MLA1183925519', 'nameOfProduct': 'Placa De Video Nvidia Zotac  Gaming Geforce Rtx 30 Series Rtx 3080 Ti Zt-a30810d-10p 12gb', 'price': 299999, 'ProductStatus': 'new', 'SellerName': 'ESTUDIOSMPSRLESTUDIOSMPSRL', 'RegistrationDate': '2020-11-29T14:36:32.000-04:00', 'QuantitySold': 25, 'QuantityAvailable': 1}
[2023-01-21T03:27:40.166+0000] {logging_mixin.py:137} INFO - {'id': 'MLA897234431', 'nameOfProduct': 'Disco Sólido Interno Gigabyte Gp-gstfs31120gntd 120gb Negro', 'price': 6399, 'ProductStatus': 'new', 'SellerName': 'GAMING-CITY', 'RegistrationDate': '2006-02-25T07:22:44.000-04:00', 'QuantitySold': 500, 'QuantityAvailable': 50}
[2023-01-21T03:27:40.167+0000] {logging_mixin.py:137} INFO - {'id': 'MLA1294240592', 'nameOfProduct': 'Procesador Intel Core I3-10105f Bx8070110105f De 4 Núcleos Y  4.4ghz De Frecuencia', 'price': 24043, 'ProductStatus': 'new', 'SellerName': 'PCREGISTRADAOK', 'RegistrationDate': '2020-11-02T09:17:33.000-04:00', 'QuantitySold': 2, 'QuantityAvailable': 1}
[2023-01-21T03:27:40.167+0000] {logging_mixin.py:137} INFO - {'id': 'MLA909404255', 'nameOfProduct': 'Capturadora Vídeo Hdmi Uhd 4k 60fps Usb2,0 Stream Win Mac', 'price': 5199, 'ProductStatus': 'new', 'SellerName': 'TODOMICRO', 'RegistrationDate': '2007-09-21T00:41:30.000-04:00', 'QuantitySold': 500, 'QuantityAvailable': 1}
[2023-01-21T03:27:40.167+0000] {logging_mixin.py:137} INFO - {'id': 'MLA1279857642', 'nameOfProduct': 'Placa De Video Amd Powercolor  Fighter Radeon 6600 Series Rx 6600 Axrx 6600 8gbd6-3dh 8gb', 'price': 117066, 'ProductStatus': 'new', 'SellerName': 'BAZA 10', 'RegistrationDate': '2018-03-21T15:00:14.000-04:00', 'QuantitySold': 5, 'QuantityAvailable': 1}
[2023-01-21T03:27:40.167+0000] {logging_mixin.py:137} INFO - {'id': 'MLA1157627908', 'nameOfProduct': 'Disco Duro Externo Seagate Expansion Stkm1000400 1tb Negro', 'price': 18429, 'ProductStatus': 'new', 'SellerName': 'TECNOSTOCK.COM.AR', 'RegistrationDate': '2019-12-12T11:09:43.000-04:00', 'QuantitySold': 5, 'QuantityAvailable': 50}
[2023-01-21T03:27:40.167+0000] {logging_mixin.py:137} INFO - {'id': 'MLA1309312514', 'nameOfProduct': 'Disco Sólido Interno Kingston Sa400s37/960g 960gb', 'price': 26319, 'ProductStatus': 'new', 'SellerName': 'SHOPNOWTIENDA', 'RegistrationDate': '2018-02-28T15:51:35.000-04:00', 'QuantitySold': 5, 'QuantityAvailable': 1}
[2023-01-21T03:27:40.167+0000] {logging_mixin.py:137} INFO - {'id': 'MLA1119133045', 'nameOfProduct': 'Fuente De Alimentación Para Pc Noga Rgb Power Atx-650 Rgb 650w Negra 220v - 240v', 'price': 15510, 'ProductStatus': 'new', 'SellerName': 'MRSHOPML', 'RegistrationDate': '2006-10-20T10:47:57.000-04:00', 'QuantitySold': 3, 'QuantityAvailable': 1}
[2023-01-21T03:27:40.167+0000] {logging_mixin.py:137} INFO - {'id': 'MLA1111712186', 'nameOfProduct': 'Placa De Video Gigabyte Gt 730 2gb Ddr3 Nvidia', 'price': 39000, 'ProductStatus': 'new', 'SellerName': 'GAMING-CITY', 'RegistrationDate': '2006-02-25T07:22:44.000-04:00', 'QuantitySold': 100, 'QuantityAvailable': 1}
[2023-01-21T03:27:40.168+0000] {logging_mixin.py:137} INFO - {'id': 'MLA872881277', 'nameOfProduct': 'Procesador Intel Core I5-10400 Bx8070110400 De 6 Núcleos Y  4.3ghz De Frecuencia Con Gráfica Integrada', 'price': 49499, 'ProductStatus': 'new', 'SellerName': 'MALL WEB', 'RegistrationDate': '2016-05-26T16:28:35.000-04:00', 'QuantitySold': 500, 'QuantityAvailable': 1}
[2023-01-21T03:27:40.168+0000] {logging_mixin.py:137} INFO - {'id': 'MLA1157644025', 'nameOfProduct': 'Disco Duro Externo Seagate Expansion Stkm4000400 4tb Negro', 'price': 38790, 'ProductStatus': 'new', 'SellerName': 'ELECTRONIC-MARKET', 'RegistrationDate': '2011-09-15T14:30:10.000-04:00', 'QuantitySold': 25, 'QuantityAvailable': 50}
[2023-01-21T03:27:40.168+0000] {logging_mixin.py:137} INFO - {'id': 'MLA917698539', 'nameOfProduct': 'Capturadora Video Usb Easycap Vhs A Dvd Digital Rca Easy Cap', 'price': 2899, 'ProductStatus': 'new', 'SellerName': 'BSK-IMPORTS', 'RegistrationDate': '2019-12-30T19:07:04.000-04:00', 'QuantitySold': 500, 'QuantityAvailable': 50}
[2023-01-21T03:27:40.168+0000] {logging_mixin.py:137} INFO - {'id': 'MLA911494193', 'nameOfProduct': 'Placa De Video Msi Geforce Gt730 2gb Hdmi Vga Mexx 1', 'price': 35969, 'ProductStatus': 'new', 'SellerName': 'MEXX COMPUTACION', 'RegistrationDate': '2005-07-22T18:09:55.000-04:00', 'QuantitySold': 5, 'QuantityAvailable': 1}
[2023-01-21T03:27:40.168+0000] {logging_mixin.py:137} INFO - {'id': 'MLA1157492232', 'nameOfProduct': 'Disco Duro Externo Toshiba Canvio Basics Hdtb410xk3aa 1tb Negro', 'price': 17934, 'ProductStatus': 'new', 'SellerName': 'ELECTRONIC-MARKET', 'RegistrationDate': '2011-09-15T14:30:10.000-04:00', 'QuantitySold': 150, 'QuantityAvailable': 50}
[2023-01-21T03:27:40.168+0000] {logging_mixin.py:137} INFO - {'id': 'MLA1150388246', 'nameOfProduct': 'Memoria Ram Fury Beast Gamer Color Negro  16gb 1 Kingston Kf432c16bb/16', 'price': 24355, 'ProductStatus': 'new', 'SellerName': 'COMPU-FAN', 'RegistrationDate': '1999-09-26T00:00:00.000-04:00', 'QuantitySold': 25, 'QuantityAvailable': 1}
[2023-01-21T03:27:40.168+0000] {logging_mixin.py:137} INFO - {'id': 'MLA1313920755', 'nameOfProduct': 'Disco Duro Externo Seagate Expansion Stkm2000400 2tb Negro', 'price': 25999, 'ProductStatus': 'new', 'SellerName': 'BH COMPUTACION', 'RegistrationDate': '2005-07-04T10:41:06.000-04:00', 'QuantitySold': 0, 'QuantityAvailable': 1}
[2023-01-21T03:27:40.169+0000] {logging_mixin.py:137} INFO - {'id': 'MLA1153513545', 'nameOfProduct': 'Placa De Video Nvidia Gigabyte  Geforce 10 Series Gt 1030 Gv-n1030d4-2gl 2gb', 'price': 50999, 'ProductStatus': 'new', 'SellerName': 'CP-GROUP', 'RegistrationDate': '2006-03-17T10:05:53.000-04:00', 'QuantitySold': 5, 'QuantityAvailable': 1}
[2023-01-21T03:27:40.169+0000] {logging_mixin.py:137} INFO - {'id': 'MLA1165029870', 'nameOfProduct': 'Microprocesador Pc Amd Ryzen 5 5500 100-100000457box 16mb 3.6ghz Zen 3 Socket Am4 De 6 Nucleos  5ta Generación Socket Am4 Ddr4', 'price': 52999, 'ProductStatus': 'new', 'SellerName': 'PCREGISTRADAOK', 'RegistrationDate': '2020-11-02T09:17:33.000-04:00', 'QuantitySold': 1, 'QuantityAvailable': 1}
[2023-01-21T03:27:40.169+0000] {logging_mixin.py:137} INFO - {'id': 'MLA1141960354', 'nameOfProduct': 'Disco Sólido Interno Western Digital  Sn570 Wds500g3b0c 500gb', 'price': 18188, 'ProductStatus': 'new', 'SellerName': 'PRECIO-CALIDAD', 'RegistrationDate': '2000-09-26T00:00:00.000-04:00', 'QuantitySold': 50, 'QuantityAvailable': 1}
[2023-01-21T03:27:40.169+0000] {logging_mixin.py:137} INFO - {'id': 'MLA1288628607', 'nameOfProduct': 'Placa De Video Amd Asrock Challenger D Radeon Rx 6700 Series Rx 6700 Xt Rx6700xt Cld 12gb', 'price': 169751, 'ProductStatus': 'new', 'SellerName': 'LAPLATA.NOTEBOOKS', 'RegistrationDate': '2017-08-03T16:43:24.000-04:00', 'QuantitySold': 5, 'QuantityAvailable': 1}
[2023-01-21T03:27:40.169+0000] {logging_mixin.py:137} INFO - {'id': 'MLA1150632579', 'nameOfProduct': 'Fuente De Alimentación Para Pc Aureox Unlimited Series Arxgu-80pbz-650w 650w Negra 230v', 'price': 19490, 'ProductStatus': 'new', 'SellerName': 'JORGEVOLUTION', 'RegistrationDate': '2015-12-03T09:39:36.000-04:00', 'QuantitySold': 25, 'QuantityAvailable': 1}
[2023-01-21T03:27:40.169+0000] {logging_mixin.py:137} INFO - {'id': 'MLA1302136118', 'nameOfProduct': 'Disco Duro Interno Seagate Barracuda St2000dm008 2tb Plata', 'price': 18271, 'ProductStatus': 'new', 'SellerName': 'DIAMONDSYSTEMSANJUSTOML', 'RegistrationDate': '2016-04-08T13:21:06.000-04:00', 'QuantitySold': 50, 'QuantityAvailable': 150}
[2023-01-21T03:27:40.170+0000] {logging_mixin.py:137} INFO - {'id': 'MLA902808321', 'nameOfProduct': 'Procesador Gamer Intel Core I3-10100f Bx8070110100f De 4 Núcleos Y  4.3ghz De Frecuencia', 'price': 23499, 'ProductStatus': 'new', 'SellerName': 'MALL WEB', 'RegistrationDate': '2016-05-26T16:28:35.000-04:00', 'QuantitySold': 500, 'QuantityAvailable': 1}
[2023-01-21T03:27:40.170+0000] {logging_mixin.py:137} INFO - {'id': 'MLA1301642528', 'nameOfProduct': 'Placa De Video Nvidia Msi  Ventus Geforce Rtx 20 Series Rtx 2060 Geforce Rtx 2060 Ventus 6g Oc Oc Edition 6gb', 'price': 127999, 'ProductStatus': 'new', 'SellerName': 'ITS-COMPUTACION', 'RegistrationDate': '2012-10-18T16:37:49.000-04:00', 'QuantitySold': 5, 'QuantityAvailable': 1}
[2023-01-21T03:27:40.170+0000] {logging_mixin.py:137} INFO - {'id': 'MLA1272836523', 'nameOfProduct': 'Disco Duro Interno Western Digital  Wd20ezaz 2tb Azul', 'price': 16599, 'ProductStatus': 'new', 'SellerName': 'TIENDA DELTA', 'RegistrationDate': '2011-09-15T17:48:50.000-04:00', 'QuantitySold': 100, 'QuantityAvailable': 1}
[2023-01-21T03:27:40.170+0000] {logging_mixin.py:137} INFO - {'id': 'MLA1150584684', 'nameOfProduct': 'Fuente De Alimentación Para Pc Aureox Unlimited Series Arxgu-80pbz-550w 550w Negra 230v', 'price': 16590, 'ProductStatus': 'new', 'SellerName': 'JORGEVOLUTION', 'RegistrationDate': '2015-12-03T09:39:36.000-04:00', 'QuantitySold': 25, 'QuantityAvailable': 1}
[2023-01-21T03:27:40.170+0000] {logging_mixin.py:137} INFO - {'id': 'MLA1110277572', 'nameOfProduct': 'Mother Asus Tuf Gaming B450 Plus Ii Am4 Ryzen 5ta Generacion', 'price': 39999, 'ProductStatus': 'new', 'SellerName': 'SHOPNOWTIENDA', 'RegistrationDate': '2018-02-28T15:51:35.000-04:00', 'QuantitySold': 100, 'QuantityAvailable': 1}
[2023-01-21T03:27:40.170+0000] {logging_mixin.py:137} INFO - {'id': 'MLA1219847131', 'nameOfProduct': 'Placa De Video Nvidia Msi  Ventus Geforce Rtx 30 Series Rtx 3060 Ti Geforce Rtx 3060 Ti Ventus 2x 8g Ocv1 Lhr 8gb', 'price': 230000, 'ProductStatus': 'new', 'SellerName': 'TIN_FEDE1', 'RegistrationDate': '2014-09-28T23:37:33.000-04:00', 'QuantitySold': 5, 'QuantityAvailable': 1}
[2023-01-21T03:27:40.171+0000] {logging_mixin.py:137} INFO - {'id': 'MLA1257578371', 'nameOfProduct': 'Fuente Gamer Gigabyte 1000w P1000gm 80 Plus Gold Modular Pc Color Negro', 'price': 48999, 'ProductStatus': 'new', 'SellerName': 'NICK HARD', 'RegistrationDate': '2004-11-11T21:35:28.000-04:00', 'QuantitySold': 5, 'QuantityAvailable': 1}
[2023-01-21T03:27:40.171+0000] {logging_mixin.py:137} INFO - {'id': 'MLA909338834', 'nameOfProduct': 'Procesador Gamer Amd Ryzen 5 5600x 100-100000065box De 6 Núcleos Y  4.6ghz De Frecuencia', 'price': 90939, 'ProductStatus': 'new', 'SellerName': 'MEXX COMPUTACION', 'RegistrationDate': '2005-07-22T18:09:55.000-04:00', 'QuantitySold': 150, 'QuantityAvailable': 1}
[2023-01-21T03:27:40.171+0000] {logging_mixin.py:137} INFO - {'id': 'MLA933585039', 'nameOfProduct': 'Fuente De Alimentación Para Pc Noga Atx-550 P4 550w Negra 200v', 'price': 3734, 'ProductStatus': 'new', 'SellerName': 'DATASOFTOK', 'RegistrationDate': '2007-02-26T14:28:04.000-04:00', 'QuantitySold': 500, 'QuantityAvailable': 150}
[2023-01-21T03:27:40.171+0000] {logging_mixin.py:137} INFO - {'id': 'MLA1299389835', 'nameOfProduct': 'Placa De Video Amd Powercolor  Red Devil Radeon Rx 6700 Series Rx 6700 Xt Axrx 6700xt 12gbd6-3dhe/oc 12gb', 'price': 169999, 'ProductStatus': 'new', 'SellerName': 'VENEX_COMPUTACION', 'RegistrationDate': '2009-03-30T16:52:44.000-04:00', 'QuantitySold': 4, 'QuantityAvailable': 5000}
[2023-01-21T03:27:40.171+0000] {logging_mixin.py:137} INFO - {'id': 'MLA1308084466', 'nameOfProduct': 'Disco Duro Externo Western Digital Wd Elements Portable Wdbuzg0010bbk 1tb Negro', 'price': 18662, 'ProductStatus': 'new', 'SellerName': 'JUSTSOLUTIONSA', 'RegistrationDate': '2006-01-20T16:40:46.000-04:00', 'QuantitySold': 50, 'QuantityAvailable': 1}
[2023-01-21T03:27:40.171+0000] {logging_mixin.py:137} INFO - {'id': 'MLA1140325892', 'nameOfProduct': 'Disco Sólido Interno Kingston Sa400s37/240g 240gb Gris', 'price': 8379, 'ProductStatus': 'new', 'SellerName': 'DIAMONDSYSTEMPADUAML', 'RegistrationDate': '2015-07-01T08:32:22.000-04:00', 'QuantitySold': 500, 'QuantityAvailable': 250}
[2023-01-21T03:27:40.172+0000] {logging_mixin.py:137} INFO - {'id': 'MLA1313226531', 'nameOfProduct': 'Placa De Video Nvidia Msi  Geforce 200 Series 210 N210-md1g/d3 1gb', 'price': 21838, 'ProductStatus': 'new', 'SellerName': 'COMPUMAR', 'RegistrationDate': '2000-01-12T00:00:00.000-04:00', 'QuantitySold': 2, 'QuantityAvailable': 1}
[2023-01-21T03:27:40.172+0000] {logging_mixin.py:137} INFO - {'id': 'MLA922810459', 'nameOfProduct': 'Procesador Gamer Amd Ryzen 5 3600 100-100000031box De 6 Núcleos Y  4.2ghz De Frecuencia', 'price': 52999, 'ProductStatus': 'new', 'SellerName': 'DIAMONDSYSTEMSANJUSTOML', 'RegistrationDate': '2016-04-08T13:21:06.000-04:00', 'QuantitySold': 200, 'QuantityAvailable': 1}
[2023-01-21T03:27:40.172+0000] {logging_mixin.py:137} INFO - {'id': 'MLA614371259', 'nameOfProduct': 'Cooler 120mm Id-cooling Xf-12025-sd Pwm 1800rpm Pwm 4 Pines', 'price': 1869.81, 'ProductStatus': 'new', 'SellerName': 'PC MODD', 'RegistrationDate': '2006-01-13T12:23:21.000-04:00', 'QuantitySold': 5000, 'QuantityAvailable': 1}
[2023-01-21T03:27:40.172+0000] {logging_mixin.py:137} INFO - {'id': 'MLA1308833687', 'nameOfProduct': 'Disco Sólido Interno Hikvision C100 Series Hs-ssd-c100/480g 480gb', 'price': 11379, 'ProductStatus': 'new', 'SellerName': '4KRC', 'RegistrationDate': '2006-11-06T12:57:16.000-04:00', 'QuantitySold': 50, 'QuantityAvailable': 1}
[2023-01-21T03:27:40.172+0000] {logging_mixin.py:137} INFO - {'id': 'MLA1159833426', 'nameOfProduct': 'Placa De Video Nvidia Gigabyte  Gaming Geforce Rtx 30 Series Rtx 3050 Gv-n3050gaming Oc-8gd 8gb', 'price': 158999, 'ProductStatus': 'new', 'SellerName': 'MALL WEB', 'RegistrationDate': '2016-05-26T16:28:35.000-04:00', 'QuantitySold': 1, 'QuantityAvailable': 1}
[2023-01-21T03:27:40.173+0000] {kafka.py:483} INFO - Closing the Kafka producer with 9223372036.0 secs timeout.
[2023-01-21T03:27:40.209+0000] {conn.py:919} INFO - <BrokerConnection node_id=1 host=172.17.0.1:9092 <connected> [IPv4 ('172.17.0.1', 9092)]>: Closing connection. 
[2023-01-21T03:27:40.209+0000] {producer_dag.py:60} INFO - Producer cerrado: <kafka.producer.kafka.KafkaProducer object at 0x7f1cb946edd0>
[2023-01-21T03:27:40.209+0000] {python.py:177} INFO - Done. Returned value was: None
[2023-01-21T03:27:40.217+0000] {taskinstance.py:1327} INFO - Marking task as SUCCESS. dag_id=Kafka_consumer, task_id=submit_data_to_kafka, execution_date=20230119T220817, start_date=20230121T032738, end_date=20230121T032740
[2023-01-21T03:27:40.266+0000] {local_task_job.py:159} INFO - Task exited with return code 0
[2023-01-21T03:27:40.296+0000] {taskinstance.py:2582} INFO - 1 downstream tasks scheduled from follow-on schedule check
