[2023-02-09T22:01:47.616+0000] {taskinstance.py:1087} INFO - Dependencies all met for <TaskInstance: Streaming_pipeline_meli.Running_producer manual__2023-02-09T22:01:38.342201+00:00 [queued]>
[2023-02-09T22:01:47.625+0000] {taskinstance.py:1087} INFO - Dependencies all met for <TaskInstance: Streaming_pipeline_meli.Running_producer manual__2023-02-09T22:01:38.342201+00:00 [queued]>
[2023-02-09T22:01:47.625+0000] {taskinstance.py:1283} INFO - 
--------------------------------------------------------------------------------
[2023-02-09T22:01:47.625+0000] {taskinstance.py:1284} INFO - Starting attempt 1 of 6
[2023-02-09T22:01:47.625+0000] {taskinstance.py:1285} INFO - 
--------------------------------------------------------------------------------
[2023-02-09T22:01:47.641+0000] {taskinstance.py:1304} INFO - Executing <Task(BashOperator): Running_producer> on 2023-02-09 22:01:38.342201+00:00
[2023-02-09T22:01:47.648+0000] {standard_task_runner.py:55} INFO - Started process 1834 to run task
[2023-02-09T22:01:47.651+0000] {standard_task_runner.py:82} INFO - Running: ['***', 'tasks', 'run', 'Streaming_pipeline_meli', 'Running_producer', 'manual__2023-02-09T22:01:38.342201+00:00', '--job-id', '1516', '--raw', '--subdir', 'DAGS_FOLDER/streamPipeline.py', '--cfg-path', '/tmp/tmp50kc_k47']
[2023-02-09T22:01:47.652+0000] {standard_task_runner.py:83} INFO - Job 1516: Subtask Running_producer
[2023-02-09T22:01:47.706+0000] {task_command.py:389} INFO - Running <TaskInstance: Streaming_pipeline_meli.Running_producer manual__2023-02-09T22:01:38.342201+00:00 [running]> on host b0a2a9b8da88
[2023-02-09T22:01:47.766+0000] {taskinstance.py:1513} INFO - Exporting the following env vars:
AIRFLOW_CTX_DAG_OWNER=***
AIRFLOW_CTX_DAG_ID=Streaming_pipeline_meli
AIRFLOW_CTX_TASK_ID=Running_producer
AIRFLOW_CTX_EXECUTION_DATE=2023-02-09T22:01:38.342201+00:00
AIRFLOW_CTX_TRY_NUMBER=1
AIRFLOW_CTX_DAG_RUN_ID=manual__2023-02-09T22:01:38.342201+00:00
[2023-02-09T22:01:47.767+0000] {subprocess.py:63} INFO - Tmp dir root location: 
 /tmp
[2023-02-09T22:01:47.768+0000] {subprocess.py:75} INFO - Running command: ['/bin/bash', '-c', 'sleep 60']
[2023-02-09T22:01:47.784+0000] {subprocess.py:86} INFO - Output:
[2023-02-09T22:02:47.787+0000] {subprocess.py:97} INFO - Command exited with return code 0
[2023-02-09T22:02:47.811+0000] {taskinstance.py:1327} INFO - Marking task as SUCCESS. dag_id=Streaming_pipeline_meli, task_id=Running_producer, execution_date=20230209T220138, start_date=20230209T220147, end_date=20230209T220247
[2023-02-09T22:02:47.837+0000] {local_task_job.py:159} INFO - Task exited with return code 0
