[2023-01-18T20:58:42.038+0000] {taskinstance.py:1087} INFO - Dependencies all met for <TaskInstance: Kafka_consumer.producer manual__2023-01-17T19:52:55.119227+00:00 [queued]>
[2023-01-18T20:58:42.046+0000] {taskinstance.py:1087} INFO - Dependencies all met for <TaskInstance: Kafka_consumer.producer manual__2023-01-17T19:52:55.119227+00:00 [queued]>
[2023-01-18T20:58:42.046+0000] {taskinstance.py:1283} INFO - 
--------------------------------------------------------------------------------
[2023-01-18T20:58:42.046+0000] {taskinstance.py:1284} INFO - Starting attempt 39 of 43
[2023-01-18T20:58:42.046+0000] {taskinstance.py:1285} INFO - 
--------------------------------------------------------------------------------
[2023-01-18T20:58:42.057+0000] {taskinstance.py:1304} INFO - Executing <Task(PythonOperator): producer> on 2023-01-17 19:52:55.119227+00:00
[2023-01-18T20:58:42.062+0000] {standard_task_runner.py:55} INFO - Started process 3280 to run task
[2023-01-18T20:58:42.064+0000] {standard_task_runner.py:82} INFO - Running: ['***', 'tasks', 'run', 'Kafka_consumer', 'producer', 'manual__2023-01-17T19:52:55.119227+00:00', '--job-id', '51', '--raw', '--subdir', 'DAGS_FOLDER/producer_dag.py', '--cfg-path', '/tmp/tmpyr3c8dba']
[2023-01-18T20:58:42.065+0000] {standard_task_runner.py:83} INFO - Job 51: Subtask producer
[2023-01-18T20:58:42.112+0000] {task_command.py:389} INFO - Running <TaskInstance: Kafka_consumer.producer manual__2023-01-17T19:52:55.119227+00:00 [running]> on host 7a3ca62d008e
[2023-01-18T20:58:42.167+0000] {taskinstance.py:1513} INFO - Exporting the following env vars:
AIRFLOW_CTX_DAG_OWNER=***
AIRFLOW_CTX_DAG_ID=Kafka_consumer
AIRFLOW_CTX_TASK_ID=producer
AIRFLOW_CTX_EXECUTION_DATE=2023-01-17T19:52:55.119227+00:00
AIRFLOW_CTX_TRY_NUMBER=39
AIRFLOW_CTX_DAG_RUN_ID=manual__2023-01-17T19:52:55.119227+00:00
[2023-01-18T20:58:42.201+0000] {conn.py:1532} WARNING - DNS lookup failed for a312c79a4565:9092, exception was [Errno -3] Temporary failure in name resolution. Is your advertised.listeners (called advertised.host.name before Kafka 9) correct and resolvable?
[2023-01-18T20:58:42.202+0000] {conn.py:316} ERROR - DNS lookup failed for a312c79a4565:9092 (AddressFamily.AF_UNSPEC)
[2023-01-18T20:58:42.202+0000] {conn.py:1205} INFO - Probing node bootstrap-0 broker version
[2023-01-18T20:58:42.230+0000] {conn.py:1532} WARNING - DNS lookup failed for a312c79a4565:9092, exception was [Errno -3] Temporary failure in name resolution. Is your advertised.listeners (called advertised.host.name before Kafka 9) correct and resolvable?
[2023-01-18T20:58:42.231+0000] {conn.py:316} ERROR - DNS lookup failed for a312c79a4565:9092 (AddressFamily.AF_UNSPEC)
[2023-01-18T20:58:42.269+0000] {conn.py:1532} WARNING - DNS lookup failed for a312c79a4565:9092, exception was [Errno -3] Temporary failure in name resolution. Is your advertised.listeners (called advertised.host.name before Kafka 9) correct and resolvable?
[2023-01-18T20:58:42.269+0000] {conn.py:316} ERROR - DNS lookup failed for a312c79a4565:9092 (AddressFamily.AF_UNSPEC)
[2023-01-18T20:58:42.270+0000] {conn.py:1205} INFO - Probing node bootstrap-0 broker version
[2023-01-18T20:58:42.305+0000] {conn.py:1532} WARNING - DNS lookup failed for a312c79a4565:9092, exception was [Errno -3] Temporary failure in name resolution. Is your advertised.listeners (called advertised.host.name before Kafka 9) correct and resolvable?
[2023-01-18T20:58:42.306+0000] {conn.py:316} ERROR - DNS lookup failed for a312c79a4565:9092 (AddressFamily.AF_UNSPEC)
[2023-01-18T20:58:42.337+0000] {conn.py:1532} WARNING - DNS lookup failed for a312c79a4565:9092, exception was [Errno -3] Temporary failure in name resolution. Is your advertised.listeners (called advertised.host.name before Kafka 9) correct and resolvable?
[2023-01-18T20:58:42.338+0000] {conn.py:316} ERROR - DNS lookup failed for a312c79a4565:9092 (AddressFamily.AF_UNSPEC)
[2023-01-18T20:58:42.338+0000] {conn.py:1205} INFO - Probing node bootstrap-0 broker version
[2023-01-18T20:58:42.372+0000] {conn.py:1532} WARNING - DNS lookup failed for a312c79a4565:9092, exception was [Errno -3] Temporary failure in name resolution. Is your advertised.listeners (called advertised.host.name before Kafka 9) correct and resolvable?
[2023-01-18T20:58:42.372+0000] {conn.py:316} ERROR - DNS lookup failed for a312c79a4565:9092 (AddressFamily.AF_UNSPEC)
[2023-01-18T20:58:42.406+0000] {conn.py:1532} WARNING - DNS lookup failed for a312c79a4565:9092, exception was [Errno -3] Temporary failure in name resolution. Is your advertised.listeners (called advertised.host.name before Kafka 9) correct and resolvable?
[2023-01-18T20:58:42.407+0000] {conn.py:316} ERROR - DNS lookup failed for a312c79a4565:9092 (AddressFamily.AF_UNSPEC)
[2023-01-18T20:58:42.407+0000] {conn.py:1205} INFO - Probing node bootstrap-0 broker version
[2023-01-18T20:58:42.440+0000] {conn.py:1532} WARNING - DNS lookup failed for a312c79a4565:9092, exception was [Errno -3] Temporary failure in name resolution. Is your advertised.listeners (called advertised.host.name before Kafka 9) correct and resolvable?
[2023-01-18T20:58:42.441+0000] {conn.py:316} ERROR - DNS lookup failed for a312c79a4565:9092 (AddressFamily.AF_UNSPEC)
[2023-01-18T20:58:42.473+0000] {conn.py:1532} WARNING - DNS lookup failed for a312c79a4565:9092, exception was [Errno -3] Temporary failure in name resolution. Is your advertised.listeners (called advertised.host.name before Kafka 9) correct and resolvable?
[2023-01-18T20:58:42.474+0000] {conn.py:316} ERROR - DNS lookup failed for a312c79a4565:9092 (AddressFamily.AF_UNSPEC)
[2023-01-18T20:58:42.474+0000] {conn.py:1205} INFO - Probing node bootstrap-0 broker version
[2023-01-18T20:58:42.506+0000] {conn.py:1532} WARNING - DNS lookup failed for a312c79a4565:9092, exception was [Errno -3] Temporary failure in name resolution. Is your advertised.listeners (called advertised.host.name before Kafka 9) correct and resolvable?
[2023-01-18T20:58:42.506+0000] {conn.py:316} ERROR - DNS lookup failed for a312c79a4565:9092 (AddressFamily.AF_UNSPEC)
[2023-01-18T20:58:42.541+0000] {conn.py:1532} WARNING - DNS lookup failed for a312c79a4565:9092, exception was [Errno -3] Temporary failure in name resolution. Is your advertised.listeners (called advertised.host.name before Kafka 9) correct and resolvable?
[2023-01-18T20:58:42.542+0000] {conn.py:316} ERROR - DNS lookup failed for a312c79a4565:9092 (AddressFamily.AF_UNSPEC)
[2023-01-18T20:58:42.542+0000] {conn.py:1205} INFO - Probing node bootstrap-0 broker version
[2023-01-18T20:58:42.593+0000] {conn.py:1532} WARNING - DNS lookup failed for a312c79a4565:9092, exception was [Errno -3] Temporary failure in name resolution. Is your advertised.listeners (called advertised.host.name before Kafka 9) correct and resolvable?
[2023-01-18T20:58:42.593+0000] {conn.py:316} ERROR - DNS lookup failed for a312c79a4565:9092 (AddressFamily.AF_UNSPEC)
[2023-01-18T20:58:42.621+0000] {conn.py:1532} WARNING - DNS lookup failed for a312c79a4565:9092, exception was [Errno -3] Temporary failure in name resolution. Is your advertised.listeners (called advertised.host.name before Kafka 9) correct and resolvable?
[2023-01-18T20:58:42.621+0000] {conn.py:316} ERROR - DNS lookup failed for a312c79a4565:9092 (AddressFamily.AF_UNSPEC)
[2023-01-18T20:58:42.621+0000] {conn.py:1205} INFO - Probing node bootstrap-0 broker version
[2023-01-18T20:58:42.650+0000] {conn.py:1532} WARNING - DNS lookup failed for a312c79a4565:9092, exception was [Errno -3] Temporary failure in name resolution. Is your advertised.listeners (called advertised.host.name before Kafka 9) correct and resolvable?
[2023-01-18T20:58:42.650+0000] {conn.py:316} ERROR - DNS lookup failed for a312c79a4565:9092 (AddressFamily.AF_UNSPEC)
[2023-01-18T20:58:42.681+0000] {conn.py:1532} WARNING - DNS lookup failed for a312c79a4565:9092, exception was [Errno -3] Temporary failure in name resolution. Is your advertised.listeners (called advertised.host.name before Kafka 9) correct and resolvable?
[2023-01-18T20:58:42.682+0000] {conn.py:316} ERROR - DNS lookup failed for a312c79a4565:9092 (AddressFamily.AF_UNSPEC)
[2023-01-18T20:58:42.683+0000] {conn.py:1205} INFO - Probing node bootstrap-0 broker version
[2023-01-18T20:58:42.714+0000] {conn.py:1532} WARNING - DNS lookup failed for a312c79a4565:9092, exception was [Errno -3] Temporary failure in name resolution. Is your advertised.listeners (called advertised.host.name before Kafka 9) correct and resolvable?
[2023-01-18T20:58:42.715+0000] {conn.py:316} ERROR - DNS lookup failed for a312c79a4565:9092 (AddressFamily.AF_UNSPEC)
[2023-01-18T20:58:42.746+0000] {conn.py:1532} WARNING - DNS lookup failed for a312c79a4565:9092, exception was [Errno -3] Temporary failure in name resolution. Is your advertised.listeners (called advertised.host.name before Kafka 9) correct and resolvable?
[2023-01-18T20:58:42.747+0000] {conn.py:316} ERROR - DNS lookup failed for a312c79a4565:9092 (AddressFamily.AF_UNSPEC)
[2023-01-18T20:58:42.747+0000] {conn.py:1205} INFO - Probing node bootstrap-0 broker version
[2023-01-18T20:58:42.775+0000] {conn.py:1532} WARNING - DNS lookup failed for a312c79a4565:9092, exception was [Errno -3] Temporary failure in name resolution. Is your advertised.listeners (called advertised.host.name before Kafka 9) correct and resolvable?
[2023-01-18T20:58:42.776+0000] {conn.py:316} ERROR - DNS lookup failed for a312c79a4565:9092 (AddressFamily.AF_UNSPEC)
[2023-01-18T20:58:42.809+0000] {conn.py:1532} WARNING - DNS lookup failed for a312c79a4565:9092, exception was [Errno -3] Temporary failure in name resolution. Is your advertised.listeners (called advertised.host.name before Kafka 9) correct and resolvable?
[2023-01-18T20:58:42.809+0000] {conn.py:316} ERROR - DNS lookup failed for a312c79a4565:9092 (AddressFamily.AF_UNSPEC)
[2023-01-18T20:58:42.810+0000] {conn.py:1205} INFO - Probing node bootstrap-0 broker version
[2023-01-18T20:58:42.845+0000] {conn.py:1532} WARNING - DNS lookup failed for a312c79a4565:9092, exception was [Errno -3] Temporary failure in name resolution. Is your advertised.listeners (called advertised.host.name before Kafka 9) correct and resolvable?
[2023-01-18T20:58:42.845+0000] {conn.py:316} ERROR - DNS lookup failed for a312c79a4565:9092 (AddressFamily.AF_UNSPEC)
[2023-01-18T20:58:42.877+0000] {conn.py:1532} WARNING - DNS lookup failed for a312c79a4565:9092, exception was [Errno -3] Temporary failure in name resolution. Is your advertised.listeners (called advertised.host.name before Kafka 9) correct and resolvable?
[2023-01-18T20:58:42.878+0000] {conn.py:316} ERROR - DNS lookup failed for a312c79a4565:9092 (AddressFamily.AF_UNSPEC)
[2023-01-18T20:58:42.879+0000] {conn.py:1205} INFO - Probing node bootstrap-0 broker version
[2023-01-18T20:58:42.912+0000] {conn.py:1532} WARNING - DNS lookup failed for a312c79a4565:9092, exception was [Errno -3] Temporary failure in name resolution. Is your advertised.listeners (called advertised.host.name before Kafka 9) correct and resolvable?
[2023-01-18T20:58:42.912+0000] {conn.py:316} ERROR - DNS lookup failed for a312c79a4565:9092 (AddressFamily.AF_UNSPEC)
[2023-01-18T20:58:42.942+0000] {conn.py:1532} WARNING - DNS lookup failed for a312c79a4565:9092, exception was [Errno -3] Temporary failure in name resolution. Is your advertised.listeners (called advertised.host.name before Kafka 9) correct and resolvable?
[2023-01-18T20:58:42.942+0000] {conn.py:316} ERROR - DNS lookup failed for a312c79a4565:9092 (AddressFamily.AF_UNSPEC)
[2023-01-18T20:58:42.942+0000] {conn.py:1205} INFO - Probing node bootstrap-0 broker version
[2023-01-18T20:58:42.972+0000] {conn.py:1532} WARNING - DNS lookup failed for a312c79a4565:9092, exception was [Errno -3] Temporary failure in name resolution. Is your advertised.listeners (called advertised.host.name before Kafka 9) correct and resolvable?
[2023-01-18T20:58:42.972+0000] {conn.py:316} ERROR - DNS lookup failed for a312c79a4565:9092 (AddressFamily.AF_UNSPEC)
[2023-01-18T20:58:43.001+0000] {conn.py:1532} WARNING - DNS lookup failed for a312c79a4565:9092, exception was [Errno -3] Temporary failure in name resolution. Is your advertised.listeners (called advertised.host.name before Kafka 9) correct and resolvable?
[2023-01-18T20:58:43.002+0000] {conn.py:316} ERROR - DNS lookup failed for a312c79a4565:9092 (AddressFamily.AF_UNSPEC)
[2023-01-18T20:58:43.003+0000] {conn.py:1205} INFO - Probing node bootstrap-0 broker version
[2023-01-18T20:58:43.035+0000] {conn.py:1532} WARNING - DNS lookup failed for a312c79a4565:9092, exception was [Errno -3] Temporary failure in name resolution. Is your advertised.listeners (called advertised.host.name before Kafka 9) correct and resolvable?
[2023-01-18T20:58:43.036+0000] {conn.py:316} ERROR - DNS lookup failed for a312c79a4565:9092 (AddressFamily.AF_UNSPEC)
[2023-01-18T20:58:43.066+0000] {conn.py:1532} WARNING - DNS lookup failed for a312c79a4565:9092, exception was [Errno -3] Temporary failure in name resolution. Is your advertised.listeners (called advertised.host.name before Kafka 9) correct and resolvable?
[2023-01-18T20:58:43.067+0000] {conn.py:316} ERROR - DNS lookup failed for a312c79a4565:9092 (AddressFamily.AF_UNSPEC)
[2023-01-18T20:58:43.067+0000] {conn.py:1205} INFO - Probing node bootstrap-0 broker version
[2023-01-18T20:58:43.100+0000] {conn.py:1532} WARNING - DNS lookup failed for a312c79a4565:9092, exception was [Errno -3] Temporary failure in name resolution. Is your advertised.listeners (called advertised.host.name before Kafka 9) correct and resolvable?
[2023-01-18T20:58:43.101+0000] {conn.py:316} ERROR - DNS lookup failed for a312c79a4565:9092 (AddressFamily.AF_UNSPEC)
[2023-01-18T20:58:43.133+0000] {conn.py:1532} WARNING - DNS lookup failed for a312c79a4565:9092, exception was [Errno -3] Temporary failure in name resolution. Is your advertised.listeners (called advertised.host.name before Kafka 9) correct and resolvable?
[2023-01-18T20:58:43.134+0000] {conn.py:316} ERROR - DNS lookup failed for a312c79a4565:9092 (AddressFamily.AF_UNSPEC)
[2023-01-18T20:58:43.135+0000] {conn.py:1205} INFO - Probing node bootstrap-0 broker version
[2023-01-18T20:58:43.166+0000] {conn.py:1532} WARNING - DNS lookup failed for a312c79a4565:9092, exception was [Errno -3] Temporary failure in name resolution. Is your advertised.listeners (called advertised.host.name before Kafka 9) correct and resolvable?
[2023-01-18T20:58:43.166+0000] {conn.py:316} ERROR - DNS lookup failed for a312c79a4565:9092 (AddressFamily.AF_UNSPEC)
[2023-01-18T20:58:43.204+0000] {conn.py:1532} WARNING - DNS lookup failed for a312c79a4565:9092, exception was [Errno -3] Temporary failure in name resolution. Is your advertised.listeners (called advertised.host.name before Kafka 9) correct and resolvable?
[2023-01-18T20:58:43.205+0000] {conn.py:316} ERROR - DNS lookup failed for a312c79a4565:9092 (AddressFamily.AF_UNSPEC)
[2023-01-18T20:58:43.205+0000] {conn.py:1205} INFO - Probing node bootstrap-0 broker version
[2023-01-18T20:58:43.236+0000] {conn.py:1532} WARNING - DNS lookup failed for a312c79a4565:9092, exception was [Errno -3] Temporary failure in name resolution. Is your advertised.listeners (called advertised.host.name before Kafka 9) correct and resolvable?
[2023-01-18T20:58:43.237+0000] {conn.py:316} ERROR - DNS lookup failed for a312c79a4565:9092 (AddressFamily.AF_UNSPEC)
[2023-01-18T20:58:43.268+0000] {conn.py:1532} WARNING - DNS lookup failed for a312c79a4565:9092, exception was [Errno -3] Temporary failure in name resolution. Is your advertised.listeners (called advertised.host.name before Kafka 9) correct and resolvable?
[2023-01-18T20:58:43.269+0000] {conn.py:316} ERROR - DNS lookup failed for a312c79a4565:9092 (AddressFamily.AF_UNSPEC)
[2023-01-18T20:58:43.269+0000] {conn.py:1205} INFO - Probing node bootstrap-0 broker version
[2023-01-18T20:58:43.300+0000] {conn.py:1532} WARNING - DNS lookup failed for a312c79a4565:9092, exception was [Errno -3] Temporary failure in name resolution. Is your advertised.listeners (called advertised.host.name before Kafka 9) correct and resolvable?
[2023-01-18T20:58:43.300+0000] {conn.py:316} ERROR - DNS lookup failed for a312c79a4565:9092 (AddressFamily.AF_UNSPEC)
[2023-01-18T20:58:43.331+0000] {conn.py:1532} WARNING - DNS lookup failed for a312c79a4565:9092, exception was [Errno -3] Temporary failure in name resolution. Is your advertised.listeners (called advertised.host.name before Kafka 9) correct and resolvable?
[2023-01-18T20:58:43.332+0000] {conn.py:316} ERROR - DNS lookup failed for a312c79a4565:9092 (AddressFamily.AF_UNSPEC)
[2023-01-18T20:58:43.332+0000] {conn.py:1205} INFO - Probing node bootstrap-0 broker version
[2023-01-18T20:58:43.365+0000] {conn.py:1532} WARNING - DNS lookup failed for a312c79a4565:9092, exception was [Errno -3] Temporary failure in name resolution. Is your advertised.listeners (called advertised.host.name before Kafka 9) correct and resolvable?
[2023-01-18T20:58:43.366+0000] {conn.py:316} ERROR - DNS lookup failed for a312c79a4565:9092 (AddressFamily.AF_UNSPEC)
[2023-01-18T20:58:43.403+0000] {conn.py:1532} WARNING - DNS lookup failed for a312c79a4565:9092, exception was [Errno -3] Temporary failure in name resolution. Is your advertised.listeners (called advertised.host.name before Kafka 9) correct and resolvable?
[2023-01-18T20:58:43.404+0000] {conn.py:316} ERROR - DNS lookup failed for a312c79a4565:9092 (AddressFamily.AF_UNSPEC)
[2023-01-18T20:58:43.404+0000] {conn.py:1205} INFO - Probing node bootstrap-0 broker version
[2023-01-18T20:58:43.436+0000] {conn.py:1532} WARNING - DNS lookup failed for a312c79a4565:9092, exception was [Errno -3] Temporary failure in name resolution. Is your advertised.listeners (called advertised.host.name before Kafka 9) correct and resolvable?
[2023-01-18T20:58:43.437+0000] {conn.py:316} ERROR - DNS lookup failed for a312c79a4565:9092 (AddressFamily.AF_UNSPEC)
[2023-01-18T20:58:43.470+0000] {conn.py:1532} WARNING - DNS lookup failed for a312c79a4565:9092, exception was [Errno -3] Temporary failure in name resolution. Is your advertised.listeners (called advertised.host.name before Kafka 9) correct and resolvable?
[2023-01-18T20:58:43.471+0000] {conn.py:316} ERROR - DNS lookup failed for a312c79a4565:9092 (AddressFamily.AF_UNSPEC)
[2023-01-18T20:58:43.471+0000] {conn.py:1205} INFO - Probing node bootstrap-0 broker version
[2023-01-18T20:58:43.504+0000] {conn.py:1532} WARNING - DNS lookup failed for a312c79a4565:9092, exception was [Errno -3] Temporary failure in name resolution. Is your advertised.listeners (called advertised.host.name before Kafka 9) correct and resolvable?
[2023-01-18T20:58:43.505+0000] {conn.py:316} ERROR - DNS lookup failed for a312c79a4565:9092 (AddressFamily.AF_UNSPEC)
[2023-01-18T20:58:43.537+0000] {conn.py:1532} WARNING - DNS lookup failed for a312c79a4565:9092, exception was [Errno -3] Temporary failure in name resolution. Is your advertised.listeners (called advertised.host.name before Kafka 9) correct and resolvable?
[2023-01-18T20:58:43.538+0000] {conn.py:316} ERROR - DNS lookup failed for a312c79a4565:9092 (AddressFamily.AF_UNSPEC)
[2023-01-18T20:58:43.538+0000] {conn.py:1205} INFO - Probing node bootstrap-0 broker version
[2023-01-18T20:58:43.570+0000] {conn.py:1532} WARNING - DNS lookup failed for a312c79a4565:9092, exception was [Errno -3] Temporary failure in name resolution. Is your advertised.listeners (called advertised.host.name before Kafka 9) correct and resolvable?
[2023-01-18T20:58:43.571+0000] {conn.py:316} ERROR - DNS lookup failed for a312c79a4565:9092 (AddressFamily.AF_UNSPEC)
[2023-01-18T20:58:43.601+0000] {conn.py:1532} WARNING - DNS lookup failed for a312c79a4565:9092, exception was [Errno -3] Temporary failure in name resolution. Is your advertised.listeners (called advertised.host.name before Kafka 9) correct and resolvable?
[2023-01-18T20:58:43.602+0000] {conn.py:316} ERROR - DNS lookup failed for a312c79a4565:9092 (AddressFamily.AF_UNSPEC)
[2023-01-18T20:58:43.602+0000] {conn.py:1205} INFO - Probing node bootstrap-0 broker version
[2023-01-18T20:58:43.635+0000] {conn.py:1532} WARNING - DNS lookup failed for a312c79a4565:9092, exception was [Errno -3] Temporary failure in name resolution. Is your advertised.listeners (called advertised.host.name before Kafka 9) correct and resolvable?
[2023-01-18T20:58:43.636+0000] {conn.py:316} ERROR - DNS lookup failed for a312c79a4565:9092 (AddressFamily.AF_UNSPEC)
[2023-01-18T20:58:43.667+0000] {conn.py:1532} WARNING - DNS lookup failed for a312c79a4565:9092, exception was [Errno -3] Temporary failure in name resolution. Is your advertised.listeners (called advertised.host.name before Kafka 9) correct and resolvable?
[2023-01-18T20:58:43.668+0000] {conn.py:316} ERROR - DNS lookup failed for a312c79a4565:9092 (AddressFamily.AF_UNSPEC)
[2023-01-18T20:58:43.669+0000] {conn.py:1205} INFO - Probing node bootstrap-0 broker version
[2023-01-18T20:58:43.705+0000] {conn.py:1532} WARNING - DNS lookup failed for a312c79a4565:9092, exception was [Errno -3] Temporary failure in name resolution. Is your advertised.listeners (called advertised.host.name before Kafka 9) correct and resolvable?
[2023-01-18T20:58:43.706+0000] {conn.py:316} ERROR - DNS lookup failed for a312c79a4565:9092 (AddressFamily.AF_UNSPEC)
[2023-01-18T20:58:43.739+0000] {conn.py:1532} WARNING - DNS lookup failed for a312c79a4565:9092, exception was [Errno -3] Temporary failure in name resolution. Is your advertised.listeners (called advertised.host.name before Kafka 9) correct and resolvable?
[2023-01-18T20:58:43.740+0000] {conn.py:316} ERROR - DNS lookup failed for a312c79a4565:9092 (AddressFamily.AF_UNSPEC)
[2023-01-18T20:58:43.740+0000] {conn.py:1205} INFO - Probing node bootstrap-0 broker version
[2023-01-18T20:58:43.779+0000] {conn.py:1532} WARNING - DNS lookup failed for a312c79a4565:9092, exception was [Errno -3] Temporary failure in name resolution. Is your advertised.listeners (called advertised.host.name before Kafka 9) correct and resolvable?
[2023-01-18T20:58:43.780+0000] {conn.py:316} ERROR - DNS lookup failed for a312c79a4565:9092 (AddressFamily.AF_UNSPEC)
[2023-01-18T20:58:43.811+0000] {conn.py:1532} WARNING - DNS lookup failed for a312c79a4565:9092, exception was [Errno -3] Temporary failure in name resolution. Is your advertised.listeners (called advertised.host.name before Kafka 9) correct and resolvable?
[2023-01-18T20:58:43.812+0000] {conn.py:316} ERROR - DNS lookup failed for a312c79a4565:9092 (AddressFamily.AF_UNSPEC)
[2023-01-18T20:58:43.813+0000] {conn.py:1205} INFO - Probing node bootstrap-0 broker version
[2023-01-18T20:58:43.846+0000] {conn.py:1532} WARNING - DNS lookup failed for a312c79a4565:9092, exception was [Errno -3] Temporary failure in name resolution. Is your advertised.listeners (called advertised.host.name before Kafka 9) correct and resolvable?
[2023-01-18T20:58:43.847+0000] {conn.py:316} ERROR - DNS lookup failed for a312c79a4565:9092 (AddressFamily.AF_UNSPEC)
[2023-01-18T20:58:43.878+0000] {conn.py:1532} WARNING - DNS lookup failed for a312c79a4565:9092, exception was [Errno -3] Temporary failure in name resolution. Is your advertised.listeners (called advertised.host.name before Kafka 9) correct and resolvable?
[2023-01-18T20:58:43.878+0000] {conn.py:316} ERROR - DNS lookup failed for a312c79a4565:9092 (AddressFamily.AF_UNSPEC)
[2023-01-18T20:58:43.879+0000] {conn.py:1205} INFO - Probing node bootstrap-0 broker version
[2023-01-18T20:58:43.911+0000] {conn.py:1532} WARNING - DNS lookup failed for a312c79a4565:9092, exception was [Errno -3] Temporary failure in name resolution. Is your advertised.listeners (called advertised.host.name before Kafka 9) correct and resolvable?
[2023-01-18T20:58:43.912+0000] {conn.py:316} ERROR - DNS lookup failed for a312c79a4565:9092 (AddressFamily.AF_UNSPEC)
[2023-01-18T20:58:43.951+0000] {conn.py:1532} WARNING - DNS lookup failed for a312c79a4565:9092, exception was [Errno -3] Temporary failure in name resolution. Is your advertised.listeners (called advertised.host.name before Kafka 9) correct and resolvable?
[2023-01-18T20:58:43.951+0000] {conn.py:316} ERROR - DNS lookup failed for a312c79a4565:9092 (AddressFamily.AF_UNSPEC)
[2023-01-18T20:58:43.952+0000] {conn.py:1205} INFO - Probing node bootstrap-0 broker version
[2023-01-18T20:58:43.984+0000] {conn.py:1532} WARNING - DNS lookup failed for a312c79a4565:9092, exception was [Errno -3] Temporary failure in name resolution. Is your advertised.listeners (called advertised.host.name before Kafka 9) correct and resolvable?
[2023-01-18T20:58:43.984+0000] {conn.py:316} ERROR - DNS lookup failed for a312c79a4565:9092 (AddressFamily.AF_UNSPEC)
[2023-01-18T20:58:44.015+0000] {conn.py:1532} WARNING - DNS lookup failed for a312c79a4565:9092, exception was [Errno -3] Temporary failure in name resolution. Is your advertised.listeners (called advertised.host.name before Kafka 9) correct and resolvable?
[2023-01-18T20:58:44.016+0000] {conn.py:316} ERROR - DNS lookup failed for a312c79a4565:9092 (AddressFamily.AF_UNSPEC)
[2023-01-18T20:58:44.016+0000] {conn.py:1205} INFO - Probing node bootstrap-0 broker version
[2023-01-18T20:58:44.046+0000] {conn.py:1532} WARNING - DNS lookup failed for a312c79a4565:9092, exception was [Errno -3] Temporary failure in name resolution. Is your advertised.listeners (called advertised.host.name before Kafka 9) correct and resolvable?
[2023-01-18T20:58:44.047+0000] {conn.py:316} ERROR - DNS lookup failed for a312c79a4565:9092 (AddressFamily.AF_UNSPEC)
[2023-01-18T20:58:44.081+0000] {conn.py:1532} WARNING - DNS lookup failed for a312c79a4565:9092, exception was [Errno -3] Temporary failure in name resolution. Is your advertised.listeners (called advertised.host.name before Kafka 9) correct and resolvable?
[2023-01-18T20:58:44.082+0000] {conn.py:316} ERROR - DNS lookup failed for a312c79a4565:9092 (AddressFamily.AF_UNSPEC)
[2023-01-18T20:58:44.082+0000] {conn.py:1205} INFO - Probing node bootstrap-0 broker version
[2023-01-18T20:58:44.111+0000] {conn.py:1532} WARNING - DNS lookup failed for a312c79a4565:9092, exception was [Errno -3] Temporary failure in name resolution. Is your advertised.listeners (called advertised.host.name before Kafka 9) correct and resolvable?
[2023-01-18T20:58:44.112+0000] {conn.py:316} ERROR - DNS lookup failed for a312c79a4565:9092 (AddressFamily.AF_UNSPEC)
[2023-01-18T20:58:44.143+0000] {conn.py:1532} WARNING - DNS lookup failed for a312c79a4565:9092, exception was [Errno -3] Temporary failure in name resolution. Is your advertised.listeners (called advertised.host.name before Kafka 9) correct and resolvable?
[2023-01-18T20:58:44.144+0000] {conn.py:316} ERROR - DNS lookup failed for a312c79a4565:9092 (AddressFamily.AF_UNSPEC)
[2023-01-18T20:58:44.144+0000] {conn.py:1205} INFO - Probing node bootstrap-0 broker version
[2023-01-18T20:58:44.175+0000] {conn.py:1532} WARNING - DNS lookup failed for a312c79a4565:9092, exception was [Errno -3] Temporary failure in name resolution. Is your advertised.listeners (called advertised.host.name before Kafka 9) correct and resolvable?
[2023-01-18T20:58:44.175+0000] {conn.py:316} ERROR - DNS lookup failed for a312c79a4565:9092 (AddressFamily.AF_UNSPEC)
[2023-01-18T20:58:44.176+0000] {taskinstance.py:1772} ERROR - Task failed with exception
Traceback (most recent call last):
  File "/home/airflow/.local/lib/python3.7/site-packages/airflow/operators/python.py", line 175, in execute
    return_value = self.execute_callable()
  File "/home/airflow/.local/lib/python3.7/site-packages/airflow/operators/python.py", line 192, in execute_callable
    return self.python_callable(*self.op_args, **self.op_kwargs)
  File "/opt/airflow/dags/producer_dag.py", line 10, in runKafkaProducer
    value_serializer=lambda x: json.dumps(x).encode('utf-8'))
  File "/home/airflow/.local/lib/python3.7/site-packages/kafka/producer/kafka.py", line 383, in __init__
    **self.config)
  File "/home/airflow/.local/lib/python3.7/site-packages/kafka/client_async.py", line 244, in __init__
    self.config['api_version'] = self.check_version(timeout=check_timeout)
  File "/home/airflow/.local/lib/python3.7/site-packages/kafka/client_async.py", line 927, in check_version
    raise Errors.NoBrokersAvailable()
kafka.errors.NoBrokersAvailable: NoBrokersAvailable
[2023-01-18T20:58:44.203+0000] {taskinstance.py:1327} INFO - Marking task as UP_FOR_RETRY. dag_id=Kafka_consumer, task_id=producer, execution_date=20230117T195255, start_date=20230118T205842, end_date=20230118T205844
[2023-01-18T20:58:44.240+0000] {standard_task_runner.py:105} ERROR - Failed to execute job 51 for task producer (NoBrokersAvailable; 3280)
[2023-01-18T20:58:44.255+0000] {local_task_job.py:159} INFO - Task exited with return code 1
[2023-01-18T20:58:44.275+0000] {taskinstance.py:2582} INFO - 0 downstream tasks scheduled from follow-on schedule check
