[2023-01-17T21:52:14.070+0000] {taskinstance.py:1087} INFO - Dependencies all met for <TaskInstance: Kafka_consumer.producer manual__2023-01-17T19:52:55.119227+00:00 [queued]>
[2023-01-17T21:52:14.078+0000] {taskinstance.py:1087} INFO - Dependencies all met for <TaskInstance: Kafka_consumer.producer manual__2023-01-17T19:52:55.119227+00:00 [queued]>
[2023-01-17T21:52:14.078+0000] {taskinstance.py:1283} INFO - 
--------------------------------------------------------------------------------
[2023-01-17T21:52:14.078+0000] {taskinstance.py:1284} INFO - Starting attempt 7 of 10
[2023-01-17T21:52:14.079+0000] {taskinstance.py:1285} INFO - 
--------------------------------------------------------------------------------
[2023-01-17T21:52:14.089+0000] {taskinstance.py:1304} INFO - Executing <Task(PythonOperator): producer> on 2023-01-17 19:52:55.119227+00:00
[2023-01-17T21:52:14.094+0000] {standard_task_runner.py:55} INFO - Started process 2621 to run task
[2023-01-17T21:52:14.096+0000] {standard_task_runner.py:82} INFO - Running: ['***', 'tasks', 'run', 'Kafka_consumer', 'producer', 'manual__2023-01-17T19:52:55.119227+00:00', '--job-id', '16', '--raw', '--subdir', 'DAGS_FOLDER/producer_dag.py', '--cfg-path', '/tmp/tmpjse17ir0']
[2023-01-17T21:52:14.096+0000] {standard_task_runner.py:83} INFO - Job 16: Subtask producer
[2023-01-17T21:52:14.144+0000] {task_command.py:389} INFO - Running <TaskInstance: Kafka_consumer.producer manual__2023-01-17T19:52:55.119227+00:00 [running]> on host 0e8b8cec6372
[2023-01-17T21:52:14.199+0000] {taskinstance.py:1513} INFO - Exporting the following env vars:
AIRFLOW_CTX_DAG_OWNER=***
AIRFLOW_CTX_DAG_ID=Kafka_consumer
AIRFLOW_CTX_TASK_ID=producer
AIRFLOW_CTX_EXECUTION_DATE=2023-01-17T19:52:55.119227+00:00
AIRFLOW_CTX_TRY_NUMBER=7
AIRFLOW_CTX_DAG_RUN_ID=manual__2023-01-17T19:52:55.119227+00:00
[2023-01-17T21:52:14.201+0000] {conn.py:381} INFO - <BrokerConnection node_id=bootstrap-0 host=localhost:9092 <connecting> [IPv4 ('127.0.0.1', 9092)]>: connecting to localhost:9092 [('127.0.0.1', 9092) IPv4]
[2023-01-17T21:52:14.201+0000] {conn.py:1205} INFO - Probing node bootstrap-0 broker version
[2023-01-17T21:52:14.202+0000] {conn.py:419} ERROR - Connect attempt to <BrokerConnection node_id=bootstrap-0 host=localhost:9092 <connecting> [IPv4 ('127.0.0.1', 9092)]> returned error 111. Disconnecting.
[2023-01-17T21:52:14.202+0000] {conn.py:919} INFO - <BrokerConnection node_id=bootstrap-0 host=localhost:9092 <connecting> [IPv4 ('127.0.0.1', 9092)]>: Closing connection. KafkaConnectionError: 111 ECONNREFUSED
[2023-01-17T21:52:14.251+0000] {conn.py:381} INFO - <BrokerConnection node_id=bootstrap-0 host=localhost:9092 <connecting> [IPv4 ('127.0.0.1', 9092)]>: connecting to localhost:9092 [('127.0.0.1', 9092) IPv4]
[2023-01-17T21:52:14.251+0000] {conn.py:419} ERROR - Connect attempt to <BrokerConnection node_id=bootstrap-0 host=localhost:9092 <connecting> [IPv4 ('127.0.0.1', 9092)]> returned error 111. Disconnecting.
[2023-01-17T21:52:14.251+0000] {conn.py:919} INFO - <BrokerConnection node_id=bootstrap-0 host=localhost:9092 <connecting> [IPv4 ('127.0.0.1', 9092)]>: Closing connection. KafkaConnectionError: 111 ECONNREFUSED
[2023-01-17T21:52:14.301+0000] {conn.py:381} INFO - <BrokerConnection node_id=bootstrap-0 host=localhost:9092 <connecting> [IPv6 ('::1', 9092, 0, 0)]>: connecting to localhost:9092 [('::1', 9092, 0, 0) IPv6]
[2023-01-17T21:52:14.301+0000] {conn.py:419} ERROR - Connect attempt to <BrokerConnection node_id=bootstrap-0 host=localhost:9092 <connecting> [IPv6 ('::1', 9092, 0, 0)]> returned error 99. Disconnecting.
[2023-01-17T21:52:14.301+0000] {conn.py:919} INFO - <BrokerConnection node_id=bootstrap-0 host=localhost:9092 <connecting> [IPv6 ('::1', 9092, 0, 0)]>: Closing connection. KafkaConnectionError: 99 EADDRNOTAVAIL
[2023-01-17T21:52:14.302+0000] {taskinstance.py:1772} ERROR - Task failed with exception
Traceback (most recent call last):
  File "/home/airflow/.local/lib/python3.7/site-packages/airflow/operators/python.py", line 175, in execute
    return_value = self.execute_callable()
  File "/home/airflow/.local/lib/python3.7/site-packages/airflow/operators/python.py", line 192, in execute_callable
    return self.python_callable(*self.op_args, **self.op_kwargs)
  File "/opt/airflow/dags/producer_dag.py", line 27, in runKafkaProducer
    value_serializer=lambda x: json.dumps(x).encode('utf-8'))
  File "/home/airflow/.local/lib/python3.7/site-packages/kafka/producer/kafka.py", line 383, in __init__
    **self.config)
  File "/home/airflow/.local/lib/python3.7/site-packages/kafka/client_async.py", line 244, in __init__
    self.config['api_version'] = self.check_version(timeout=check_timeout)
  File "/home/airflow/.local/lib/python3.7/site-packages/kafka/client_async.py", line 900, in check_version
    raise Errors.NoBrokersAvailable()
kafka.errors.NoBrokersAvailable: NoBrokersAvailable
[2023-01-17T21:52:14.308+0000] {taskinstance.py:1327} INFO - Marking task as UP_FOR_RETRY. dag_id=Kafka_consumer, task_id=producer, execution_date=20230117T195255, start_date=20230117T215214, end_date=20230117T215214
[2023-01-17T21:52:14.317+0000] {standard_task_runner.py:105} ERROR - Failed to execute job 16 for task producer (NoBrokersAvailable; 2621)
[2023-01-17T21:52:14.348+0000] {local_task_job.py:159} INFO - Task exited with return code 1
[2023-01-17T21:52:14.391+0000] {taskinstance.py:2582} INFO - 0 downstream tasks scheduled from follow-on schedule check
