[2023-01-17T21:10:36.292+0000] {taskinstance.py:1087} INFO - Dependencies all met for <TaskInstance: Kafka_consumer.producer manual__2023-01-17T19:52:55.119227+00:00 [queued]>
[2023-01-17T21:10:36.303+0000] {taskinstance.py:1087} INFO - Dependencies all met for <TaskInstance: Kafka_consumer.producer manual__2023-01-17T19:52:55.119227+00:00 [queued]>
[2023-01-17T21:10:36.303+0000] {taskinstance.py:1283} INFO - 
--------------------------------------------------------------------------------
[2023-01-17T21:10:36.303+0000] {taskinstance.py:1284} INFO - Starting attempt 4 of 7
[2023-01-17T21:10:36.303+0000] {taskinstance.py:1285} INFO - 
--------------------------------------------------------------------------------
[2023-01-17T21:10:36.324+0000] {taskinstance.py:1304} INFO - Executing <Task(PythonOperator): producer> on 2023-01-17 19:52:55.119227+00:00
[2023-01-17T21:10:36.328+0000] {standard_task_runner.py:55} INFO - Started process 65 to run task
[2023-01-17T21:10:36.331+0000] {standard_task_runner.py:82} INFO - Running: ['***', 'tasks', 'run', 'Kafka_consumer', 'producer', 'manual__2023-01-17T19:52:55.119227+00:00', '--job-id', '13', '--raw', '--subdir', 'DAGS_FOLDER/producer_dag.py', '--cfg-path', '/tmp/tmpdcz1kydx']
[2023-01-17T21:10:36.331+0000] {standard_task_runner.py:83} INFO - Job 13: Subtask producer
[2023-01-17T21:10:36.384+0000] {task_command.py:389} INFO - Running <TaskInstance: Kafka_consumer.producer manual__2023-01-17T19:52:55.119227+00:00 [running]> on host 0e8b8cec6372
[2023-01-17T21:10:36.443+0000] {taskinstance.py:1513} INFO - Exporting the following env vars:
AIRFLOW_CTX_DAG_OWNER=***
AIRFLOW_CTX_DAG_ID=Kafka_consumer
AIRFLOW_CTX_TASK_ID=producer
AIRFLOW_CTX_EXECUTION_DATE=2023-01-17T19:52:55.119227+00:00
AIRFLOW_CTX_TRY_NUMBER=4
AIRFLOW_CTX_DAG_RUN_ID=manual__2023-01-17T19:52:55.119227+00:00
[2023-01-17T21:10:36.443+0000] {logging_mixin.py:137} INFO - Version de kafka: 2.0.2
[2023-01-17T21:10:36.443+0000] {python.py:177} INFO - Done. Returned value was: None
[2023-01-17T21:10:36.451+0000] {taskinstance.py:1327} INFO - Marking task as SUCCESS. dag_id=Kafka_consumer, task_id=producer, execution_date=20230117T195255, start_date=20230117T211036, end_date=20230117T211036
[2023-01-17T21:10:36.503+0000] {local_task_job.py:159} INFO - Task exited with return code 0
[2023-01-17T21:10:36.528+0000] {taskinstance.py:2582} INFO - 0 downstream tasks scheduled from follow-on schedule check
