[2023-01-18T17:23:05.325+0000] {taskinstance.py:1087} INFO - Dependencies all met for <TaskInstance: Kafka_consumer.producer manual__2023-01-17T19:52:55.119227+00:00 [queued]>
[2023-01-18T17:23:05.333+0000] {taskinstance.py:1087} INFO - Dependencies all met for <TaskInstance: Kafka_consumer.producer manual__2023-01-17T19:52:55.119227+00:00 [queued]>
[2023-01-18T17:23:05.334+0000] {taskinstance.py:1283} INFO - 
--------------------------------------------------------------------------------
[2023-01-18T17:23:05.334+0000] {taskinstance.py:1284} INFO - Starting attempt 17 of 17
[2023-01-18T17:23:05.334+0000] {taskinstance.py:1285} INFO - 
--------------------------------------------------------------------------------
[2023-01-18T17:23:05.345+0000] {taskinstance.py:1304} INFO - Executing <Task(PythonOperator): producer> on 2023-01-17 19:52:55.119227+00:00
[2023-01-18T17:23:05.349+0000] {standard_task_runner.py:55} INFO - Started process 3452 to run task
[2023-01-18T17:23:05.351+0000] {standard_task_runner.py:82} INFO - Running: ['***', 'tasks', 'run', 'Kafka_consumer', 'producer', 'manual__2023-01-17T19:52:55.119227+00:00', '--job-id', '28', '--raw', '--subdir', 'DAGS_FOLDER/producer_dag.py', '--cfg-path', '/tmp/tmp0slc9vvf']
[2023-01-18T17:23:05.352+0000] {standard_task_runner.py:83} INFO - Job 28: Subtask producer
[2023-01-18T17:23:05.399+0000] {task_command.py:389} INFO - Running <TaskInstance: Kafka_consumer.producer manual__2023-01-17T19:52:55.119227+00:00 [running]> on host bd83d43de0a6
[2023-01-18T17:23:05.454+0000] {taskinstance.py:1513} INFO - Exporting the following env vars:
AIRFLOW_CTX_DAG_OWNER=***
AIRFLOW_CTX_DAG_ID=Kafka_consumer
AIRFLOW_CTX_TASK_ID=producer
AIRFLOW_CTX_EXECUTION_DATE=2023-01-17T19:52:55.119227+00:00
AIRFLOW_CTX_TRY_NUMBER=17
AIRFLOW_CTX_DAG_RUN_ID=manual__2023-01-17T19:52:55.119227+00:00
[2023-01-18T17:23:05.456+0000] {conn.py:381} INFO - <BrokerConnection node_id=bootstrap-0 host=localhost:9092 <connecting> [IPv4 ('127.0.0.1', 9092)]>: connecting to localhost:9092 [('127.0.0.1', 9092) IPv4]
[2023-01-18T17:23:05.456+0000] {conn.py:1205} INFO - Probing node bootstrap-0 broker version
[2023-01-18T17:23:05.457+0000] {conn.py:419} ERROR - Connect attempt to <BrokerConnection node_id=bootstrap-0 host=localhost:9092 <connecting> [IPv4 ('127.0.0.1', 9092)]> returned error 111. Disconnecting.
[2023-01-18T17:23:05.457+0000] {conn.py:919} INFO - <BrokerConnection node_id=bootstrap-0 host=localhost:9092 <connecting> [IPv4 ('127.0.0.1', 9092)]>: Closing connection. KafkaConnectionError: 111 ECONNREFUSED
[2023-01-18T17:23:05.506+0000] {conn.py:381} INFO - <BrokerConnection node_id=bootstrap-0 host=localhost:9092 <connecting> [IPv4 ('127.0.0.1', 9092)]>: connecting to localhost:9092 [('127.0.0.1', 9092) IPv4]
[2023-01-18T17:23:05.506+0000] {conn.py:419} ERROR - Connect attempt to <BrokerConnection node_id=bootstrap-0 host=localhost:9092 <connecting> [IPv4 ('127.0.0.1', 9092)]> returned error 111. Disconnecting.
[2023-01-18T17:23:05.506+0000] {conn.py:919} INFO - <BrokerConnection node_id=bootstrap-0 host=localhost:9092 <connecting> [IPv4 ('127.0.0.1', 9092)]>: Closing connection. KafkaConnectionError: 111 ECONNREFUSED
[2023-01-18T17:23:05.556+0000] {conn.py:381} INFO - <BrokerConnection node_id=bootstrap-0 host=localhost:9092 <connecting> [IPv6 ('::1', 9092, 0, 0)]>: connecting to localhost:9092 [('::1', 9092, 0, 0) IPv6]
[2023-01-18T17:23:05.556+0000] {conn.py:419} ERROR - Connect attempt to <BrokerConnection node_id=bootstrap-0 host=localhost:9092 <connecting> [IPv6 ('::1', 9092, 0, 0)]> returned error 99. Disconnecting.
[2023-01-18T17:23:05.556+0000] {conn.py:919} INFO - <BrokerConnection node_id=bootstrap-0 host=localhost:9092 <connecting> [IPv6 ('::1', 9092, 0, 0)]>: Closing connection. KafkaConnectionError: 99 EADDRNOTAVAIL
[2023-01-18T17:23:05.557+0000] {taskinstance.py:1772} ERROR - Task failed with exception
Traceback (most recent call last):
  File "/home/airflow/.local/lib/python3.7/site-packages/airflow/operators/python.py", line 175, in execute
    return_value = self.execute_callable()
  File "/home/airflow/.local/lib/python3.7/site-packages/airflow/operators/python.py", line 192, in execute_callable
    return self.python_callable(*self.op_args, **self.op_kwargs)
  File "/opt/airflow/dags/producer_dag.py", line 9, in runKafkaProducer
    value_serializer=lambda x: json.dumps(x).encode('utf-8'))
  File "/home/airflow/.local/lib/python3.7/site-packages/kafka/producer/kafka.py", line 383, in __init__
    **self.config)
  File "/home/airflow/.local/lib/python3.7/site-packages/kafka/client_async.py", line 244, in __init__
    self.config['api_version'] = self.check_version(timeout=check_timeout)
  File "/home/airflow/.local/lib/python3.7/site-packages/kafka/client_async.py", line 900, in check_version
    raise Errors.NoBrokersAvailable()
kafka.errors.NoBrokersAvailable: NoBrokersAvailable
[2023-01-18T17:23:05.565+0000] {taskinstance.py:1327} INFO - Marking task as FAILED. dag_id=Kafka_consumer, task_id=producer, execution_date=20230117T195255, start_date=20230118T172305, end_date=20230118T172305
[2023-01-18T17:23:05.579+0000] {standard_task_runner.py:105} ERROR - Failed to execute job 28 for task producer (NoBrokersAvailable; 3452)
[2023-01-18T17:23:05.603+0000] {local_task_job.py:159} INFO - Task exited with return code 1
[2023-01-18T17:23:05.620+0000] {taskinstance.py:2582} INFO - 0 downstream tasks scheduled from follow-on schedule check
