[2023-02-09T22:07:43.774+0000] {taskinstance.py:1087} INFO - Dependencies all met for <TaskInstance: Streaming_pipeline_meli.Running_producer manual__2023-02-09T22:07:32.363620+00:00 [queued]>
[2023-02-09T22:07:43.798+0000] {taskinstance.py:1087} INFO - Dependencies all met for <TaskInstance: Streaming_pipeline_meli.Running_producer manual__2023-02-09T22:07:32.363620+00:00 [queued]>
[2023-02-09T22:07:43.799+0000] {taskinstance.py:1283} INFO - 
--------------------------------------------------------------------------------
[2023-02-09T22:07:43.799+0000] {taskinstance.py:1284} INFO - Starting attempt 1 of 6
[2023-02-09T22:07:43.799+0000] {taskinstance.py:1285} INFO - 
--------------------------------------------------------------------------------
[2023-02-09T22:07:43.828+0000] {taskinstance.py:1304} INFO - Executing <Task(BashOperator): Running_producer> on 2023-02-09 22:07:32.363620+00:00
[2023-02-09T22:07:43.842+0000] {standard_task_runner.py:55} INFO - Started process 2743 to run task
[2023-02-09T22:07:43.849+0000] {standard_task_runner.py:82} INFO - Running: ['***', 'tasks', 'run', 'Streaming_pipeline_meli', 'Running_producer', 'manual__2023-02-09T22:07:32.363620+00:00', '--job-id', '1529', '--raw', '--subdir', 'DAGS_FOLDER/streamPipeline.py', '--cfg-path', '/tmp/tmp8o82ty6x']
[2023-02-09T22:07:43.863+0000] {standard_task_runner.py:83} INFO - Job 1529: Subtask Running_producer
[2023-02-09T22:07:43.974+0000] {task_command.py:389} INFO - Running <TaskInstance: Streaming_pipeline_meli.Running_producer manual__2023-02-09T22:07:32.363620+00:00 [running]> on host b0a2a9b8da88
[2023-02-09T22:07:44.102+0000] {taskinstance.py:1513} INFO - Exporting the following env vars:
AIRFLOW_CTX_DAG_OWNER=***
AIRFLOW_CTX_DAG_ID=Streaming_pipeline_meli
AIRFLOW_CTX_TASK_ID=Running_producer
AIRFLOW_CTX_EXECUTION_DATE=2023-02-09T22:07:32.363620+00:00
AIRFLOW_CTX_TRY_NUMBER=1
AIRFLOW_CTX_DAG_RUN_ID=manual__2023-02-09T22:07:32.363620+00:00
[2023-02-09T22:07:44.103+0000] {subprocess.py:63} INFO - Tmp dir root location: 
 /tmp
[2023-02-09T22:07:44.104+0000] {subprocess.py:75} INFO - Running command: ['/bin/bash', '-c', 'sleep 60']
[2023-02-09T22:07:44.152+0000] {subprocess.py:86} INFO - Output:
[2023-02-09T22:08:44.194+0000] {subprocess.py:97} INFO - Command exited with return code 0
[2023-02-09T22:08:44.264+0000] {taskinstance.py:1327} INFO - Marking task as SUCCESS. dag_id=Streaming_pipeline_meli, task_id=Running_producer, execution_date=20230209T220732, start_date=20230209T220743, end_date=20230209T220844
[2023-02-09T22:08:44.318+0000] {local_task_job.py:159} INFO - Task exited with return code 0
