[2023-01-18T22:22:45.551+0000] {taskinstance.py:1087} INFO - Dependencies all met for <TaskInstance: Kafka_consumer.producer manual__2023-01-18T21:35:11.718856+00:00 [queued]>
[2023-01-18T22:22:45.560+0000] {taskinstance.py:1087} INFO - Dependencies all met for <TaskInstance: Kafka_consumer.producer manual__2023-01-18T21:35:11.718856+00:00 [queued]>
[2023-01-18T22:22:45.560+0000] {taskinstance.py:1283} INFO - 
--------------------------------------------------------------------------------
[2023-01-18T22:22:45.570+0000] {taskinstance.py:1284} INFO - Starting attempt 20 of 25
[2023-01-18T22:22:45.570+0000] {taskinstance.py:1285} INFO - 
--------------------------------------------------------------------------------
[2023-01-18T22:22:45.592+0000] {taskinstance.py:1304} INFO - Executing <Task(ProduceToTopicOperator): producer> on 2023-01-18 21:35:11.718856+00:00
[2023-01-18T22:22:45.614+0000] {standard_task_runner.py:55} INFO - Started process 4275 to run task
[2023-01-18T22:22:45.620+0000] {standard_task_runner.py:82} INFO - Running: ['***', 'tasks', 'run', 'Kafka_consumer', 'producer', 'manual__2023-01-18T21:35:11.718856+00:00', '--job-id', '88', '--raw', '--subdir', 'DAGS_FOLDER/producer_dag.py', '--cfg-path', '/tmp/tmpmw7s1e27']
[2023-01-18T22:22:45.621+0000] {standard_task_runner.py:83} INFO - Job 88: Subtask producer
[2023-01-18T22:22:45.676+0000] {task_command.py:389} INFO - Running <TaskInstance: Kafka_consumer.producer manual__2023-01-18T21:35:11.718856+00:00 [running]> on host f2df97c6ee42
[2023-01-18T22:22:45.742+0000] {taskinstance.py:1513} INFO - Exporting the following env vars:
AIRFLOW_CTX_DAG_OWNER=***
AIRFLOW_CTX_DAG_ID=Kafka_consumer
AIRFLOW_CTX_TASK_ID=producer
AIRFLOW_CTX_EXECUTION_DATE=2023-01-18T21:35:11.718856+00:00
AIRFLOW_CTX_TRY_NUMBER=20
AIRFLOW_CTX_DAG_RUN_ID=manual__2023-01-18T21:35:11.718856+00:00
[2023-01-18T22:22:45.746+0000] {producer.py:55} INFO - Producer <cimpl.Producer object at 0x7f5538855470>
[2023-01-18T22:23:31.292+0000] {local_task_job.py:224} WARNING - State of this instance has been externally set to restarting. Terminating instance.
[2023-01-18T22:23:31.297+0000] {process_utils.py:133} INFO - Sending Signals.SIGTERM to group 4275. PIDs of all processes in the group: [4275]
[2023-01-18T22:23:31.297+0000] {process_utils.py:84} INFO - Sending the signal Signals.SIGTERM to group 4275
[2023-01-18T22:24:31.299+0000] {process_utils.py:147} WARNING - process psutil.Process(pid=4275, name='airflow task ru', status='sleeping', started='22:22:44') did not respond to SIGTERM. Trying SIGKILL
[2023-01-18T22:24:31.304+0000] {process_utils.py:84} INFO - Sending the signal Signals.SIGKILL to group 4275
[2023-01-18T22:24:31.331+0000] {process_utils.py:79} INFO - Process psutil.Process(pid=4275, name='airflow task ru', status='terminated', exitcode=<Negsignal.SIGKILL: -9>, started='22:22:44') (4275) terminated with exit code Negsignal.SIGKILL
[2023-01-18T22:24:31.332+0000] {standard_task_runner.py:170} ERROR - Job 88 was killed before it finished (likely due to running out of memory)
