[2023-01-18T22:15:01.903+0000] {taskinstance.py:1087} INFO - Dependencies all met for <TaskInstance: Kafka_consumer.producer manual__2023-01-18T21:35:11.718856+00:00 [queued]>
[2023-01-18T22:15:01.910+0000] {taskinstance.py:1087} INFO - Dependencies all met for <TaskInstance: Kafka_consumer.producer manual__2023-01-18T21:35:11.718856+00:00 [queued]>
[2023-01-18T22:15:01.911+0000] {taskinstance.py:1283} INFO - 
--------------------------------------------------------------------------------
[2023-01-18T22:15:01.911+0000] {taskinstance.py:1284} INFO - Starting attempt 17 of 22
[2023-01-18T22:15:01.911+0000] {taskinstance.py:1285} INFO - 
--------------------------------------------------------------------------------
[2023-01-18T22:15:01.923+0000] {taskinstance.py:1304} INFO - Executing <Task(ProduceToTopicOperator): producer> on 2023-01-18 21:35:11.718856+00:00
[2023-01-18T22:15:01.937+0000] {standard_task_runner.py:55} INFO - Started process 3789 to run task
[2023-01-18T22:15:01.947+0000] {standard_task_runner.py:82} INFO - Running: ['***', 'tasks', 'run', 'Kafka_consumer', 'producer', 'manual__2023-01-18T21:35:11.718856+00:00', '--job-id', '85', '--raw', '--subdir', 'DAGS_FOLDER/producer_dag.py', '--cfg-path', '/tmp/tmp_n8eun0p']
[2023-01-18T22:15:01.949+0000] {standard_task_runner.py:83} INFO - Job 85: Subtask producer
[2023-01-18T22:15:02.060+0000] {task_command.py:389} INFO - Running <TaskInstance: Kafka_consumer.producer manual__2023-01-18T21:35:11.718856+00:00 [running]> on host f2df97c6ee42
[2023-01-18T22:15:02.134+0000] {taskinstance.py:1513} INFO - Exporting the following env vars:
AIRFLOW_CTX_DAG_OWNER=***
AIRFLOW_CTX_DAG_ID=Kafka_consumer
AIRFLOW_CTX_TASK_ID=producer
AIRFLOW_CTX_EXECUTION_DATE=2023-01-18T21:35:11.718856+00:00
AIRFLOW_CTX_TRY_NUMBER=17
AIRFLOW_CTX_DAG_RUN_ID=manual__2023-01-18T21:35:11.718856+00:00
[2023-01-18T22:15:02.144+0000] {taskinstance.py:1772} ERROR - Task failed with exception
Traceback (most recent call last):
  File "/home/airflow/.local/lib/python3.7/site-packages/airflow_provider_kafka/operators/produce_to_topic.py", line 100, in execute
    kafka_conn_id=self.kafka_conn_id, config=self.kafka_config
  File "/home/airflow/.local/lib/python3.7/site-packages/airflow_provider_kafka/hooks/producer.py", line 28, in __init__
    "One of config['bootstrap.servers'] or kafka_conn_id must be provided."
airflow.exceptions.AirflowException: One of config['bootstrap.servers'] or kafka_conn_id must be provided.
[2023-01-18T22:15:02.148+0000] {taskinstance.py:1327} INFO - Marking task as UP_FOR_RETRY. dag_id=Kafka_consumer, task_id=producer, execution_date=20230118T213511, start_date=20230118T221501, end_date=20230118T221502
[2023-01-18T22:15:02.161+0000] {standard_task_runner.py:105} ERROR - Failed to execute job 85 for task producer (One of config['bootstrap.servers'] or kafka_conn_id must be provided.; 3789)
[2023-01-18T22:15:02.196+0000] {local_task_job.py:159} INFO - Task exited with return code 1
[2023-01-18T22:15:02.212+0000] {taskinstance.py:2582} INFO - 0 downstream tasks scheduled from follow-on schedule check
