[2023-01-18T22:03:08.880+0000] {taskinstance.py:1087} INFO - Dependencies all met for <TaskInstance: Kafka_consumer.producer manual__2023-01-18T21:35:11.718856+00:00 [queued]>
[2023-01-18T22:03:08.888+0000] {taskinstance.py:1087} INFO - Dependencies all met for <TaskInstance: Kafka_consumer.producer manual__2023-01-18T21:35:11.718856+00:00 [queued]>
[2023-01-18T22:03:08.888+0000] {taskinstance.py:1283} INFO - 
--------------------------------------------------------------------------------
[2023-01-18T22:03:08.888+0000] {taskinstance.py:1284} INFO - Starting attempt 13 of 17
[2023-01-18T22:03:08.888+0000] {taskinstance.py:1285} INFO - 
--------------------------------------------------------------------------------
[2023-01-18T22:03:08.899+0000] {taskinstance.py:1304} INFO - Executing <Task(PythonOperator): producer> on 2023-01-18 21:35:11.718856+00:00
[2023-01-18T22:03:08.904+0000] {standard_task_runner.py:55} INFO - Started process 3067 to run task
[2023-01-18T22:03:08.906+0000] {standard_task_runner.py:82} INFO - Running: ['***', 'tasks', 'run', 'Kafka_consumer', 'producer', 'manual__2023-01-18T21:35:11.718856+00:00', '--job-id', '81', '--raw', '--subdir', 'DAGS_FOLDER/producer_dag.py', '--cfg-path', '/tmp/tmpbcwx_457']
[2023-01-18T22:03:08.907+0000] {standard_task_runner.py:83} INFO - Job 81: Subtask producer
[2023-01-18T22:03:08.955+0000] {task_command.py:389} INFO - Running <TaskInstance: Kafka_consumer.producer manual__2023-01-18T21:35:11.718856+00:00 [running]> on host f2df97c6ee42
[2023-01-18T22:03:09.010+0000] {taskinstance.py:1513} INFO - Exporting the following env vars:
AIRFLOW_CTX_DAG_OWNER=***
AIRFLOW_CTX_DAG_ID=Kafka_consumer
AIRFLOW_CTX_TASK_ID=producer
AIRFLOW_CTX_EXECUTION_DATE=2023-01-18T21:35:11.718856+00:00
AIRFLOW_CTX_TRY_NUMBER=13
AIRFLOW_CTX_DAG_RUN_ID=manual__2023-01-18T21:35:11.718856+00:00
[2023-01-18T22:03:09.070+0000] {conn.py:1532} WARNING - DNS lookup failed for host.docker.internal:9092, exception was [Errno -2] Name or service not known. Is your advertised.listeners (called advertised.host.name before Kafka 9) correct and resolvable?
[2023-01-18T22:03:09.070+0000] {conn.py:316} ERROR - DNS lookup failed for host.docker.internal:9092 (AddressFamily.AF_UNSPEC)
[2023-01-18T22:03:09.070+0000] {conn.py:1205} INFO - Probing node bootstrap-0 broker version
[2023-01-18T22:03:09.131+0000] {conn.py:1532} WARNING - DNS lookup failed for host.docker.internal:9092, exception was [Errno -2] Name or service not known. Is your advertised.listeners (called advertised.host.name before Kafka 9) correct and resolvable?
[2023-01-18T22:03:09.131+0000] {conn.py:316} ERROR - DNS lookup failed for host.docker.internal:9092 (AddressFamily.AF_UNSPEC)
[2023-01-18T22:03:09.188+0000] {conn.py:1532} WARNING - DNS lookup failed for host.docker.internal:9092, exception was [Errno -2] Name or service not known. Is your advertised.listeners (called advertised.host.name before Kafka 9) correct and resolvable?
[2023-01-18T22:03:09.189+0000] {conn.py:316} ERROR - DNS lookup failed for host.docker.internal:9092 (AddressFamily.AF_UNSPEC)
[2023-01-18T22:03:09.189+0000] {conn.py:1205} INFO - Probing node bootstrap-0 broker version
[2023-01-18T22:03:09.259+0000] {conn.py:1532} WARNING - DNS lookup failed for host.docker.internal:9092, exception was [Errno -2] Name or service not known. Is your advertised.listeners (called advertised.host.name before Kafka 9) correct and resolvable?
[2023-01-18T22:03:09.260+0000] {conn.py:316} ERROR - DNS lookup failed for host.docker.internal:9092 (AddressFamily.AF_UNSPEC)
[2023-01-18T22:03:09.325+0000] {conn.py:1532} WARNING - DNS lookup failed for host.docker.internal:9092, exception was [Errno -2] Name or service not known. Is your advertised.listeners (called advertised.host.name before Kafka 9) correct and resolvable?
[2023-01-18T22:03:09.326+0000] {conn.py:316} ERROR - DNS lookup failed for host.docker.internal:9092 (AddressFamily.AF_UNSPEC)
[2023-01-18T22:03:09.326+0000] {conn.py:1205} INFO - Probing node bootstrap-0 broker version
[2023-01-18T22:03:09.386+0000] {conn.py:1532} WARNING - DNS lookup failed for host.docker.internal:9092, exception was [Errno -2] Name or service not known. Is your advertised.listeners (called advertised.host.name before Kafka 9) correct and resolvable?
[2023-01-18T22:03:09.386+0000] {conn.py:316} ERROR - DNS lookup failed for host.docker.internal:9092 (AddressFamily.AF_UNSPEC)
[2023-01-18T22:03:09.447+0000] {conn.py:1532} WARNING - DNS lookup failed for host.docker.internal:9092, exception was [Errno -2] Name or service not known. Is your advertised.listeners (called advertised.host.name before Kafka 9) correct and resolvable?
[2023-01-18T22:03:09.447+0000] {conn.py:316} ERROR - DNS lookup failed for host.docker.internal:9092 (AddressFamily.AF_UNSPEC)
[2023-01-18T22:03:09.448+0000] {conn.py:1205} INFO - Probing node bootstrap-0 broker version
[2023-01-18T22:03:09.506+0000] {conn.py:1532} WARNING - DNS lookup failed for host.docker.internal:9092, exception was [Errno -2] Name or service not known. Is your advertised.listeners (called advertised.host.name before Kafka 9) correct and resolvable?
[2023-01-18T22:03:09.506+0000] {conn.py:316} ERROR - DNS lookup failed for host.docker.internal:9092 (AddressFamily.AF_UNSPEC)
[2023-01-18T22:03:09.562+0000] {conn.py:1532} WARNING - DNS lookup failed for host.docker.internal:9092, exception was [Errno -2] Name or service not known. Is your advertised.listeners (called advertised.host.name before Kafka 9) correct and resolvable?
[2023-01-18T22:03:09.563+0000] {conn.py:316} ERROR - DNS lookup failed for host.docker.internal:9092 (AddressFamily.AF_UNSPEC)
[2023-01-18T22:03:09.563+0000] {conn.py:1205} INFO - Probing node bootstrap-0 broker version
[2023-01-18T22:03:09.628+0000] {conn.py:1532} WARNING - DNS lookup failed for host.docker.internal:9092, exception was [Errno -2] Name or service not known. Is your advertised.listeners (called advertised.host.name before Kafka 9) correct and resolvable?
[2023-01-18T22:03:09.628+0000] {conn.py:316} ERROR - DNS lookup failed for host.docker.internal:9092 (AddressFamily.AF_UNSPEC)
[2023-01-18T22:03:09.686+0000] {conn.py:1532} WARNING - DNS lookup failed for host.docker.internal:9092, exception was [Errno -2] Name or service not known. Is your advertised.listeners (called advertised.host.name before Kafka 9) correct and resolvable?
[2023-01-18T22:03:09.687+0000] {conn.py:316} ERROR - DNS lookup failed for host.docker.internal:9092 (AddressFamily.AF_UNSPEC)
[2023-01-18T22:03:09.687+0000] {conn.py:1205} INFO - Probing node bootstrap-0 broker version
[2023-01-18T22:03:09.744+0000] {conn.py:1532} WARNING - DNS lookup failed for host.docker.internal:9092, exception was [Errno -2] Name or service not known. Is your advertised.listeners (called advertised.host.name before Kafka 9) correct and resolvable?
[2023-01-18T22:03:09.744+0000] {conn.py:316} ERROR - DNS lookup failed for host.docker.internal:9092 (AddressFamily.AF_UNSPEC)
[2023-01-18T22:03:09.799+0000] {conn.py:1532} WARNING - DNS lookup failed for host.docker.internal:9092, exception was [Errno -2] Name or service not known. Is your advertised.listeners (called advertised.host.name before Kafka 9) correct and resolvable?
[2023-01-18T22:03:09.799+0000] {conn.py:316} ERROR - DNS lookup failed for host.docker.internal:9092 (AddressFamily.AF_UNSPEC)
[2023-01-18T22:03:09.799+0000] {conn.py:1205} INFO - Probing node bootstrap-0 broker version
[2023-01-18T22:03:09.862+0000] {conn.py:1532} WARNING - DNS lookup failed for host.docker.internal:9092, exception was [Errno -2] Name or service not known. Is your advertised.listeners (called advertised.host.name before Kafka 9) correct and resolvable?
[2023-01-18T22:03:09.863+0000] {conn.py:316} ERROR - DNS lookup failed for host.docker.internal:9092 (AddressFamily.AF_UNSPEC)
[2023-01-18T22:03:09.921+0000] {conn.py:1532} WARNING - DNS lookup failed for host.docker.internal:9092, exception was [Errno -2] Name or service not known. Is your advertised.listeners (called advertised.host.name before Kafka 9) correct and resolvable?
[2023-01-18T22:03:09.921+0000] {conn.py:316} ERROR - DNS lookup failed for host.docker.internal:9092 (AddressFamily.AF_UNSPEC)
[2023-01-18T22:03:09.921+0000] {conn.py:1205} INFO - Probing node bootstrap-0 broker version
[2023-01-18T22:03:09.975+0000] {conn.py:1532} WARNING - DNS lookup failed for host.docker.internal:9092, exception was [Errno -2] Name or service not known. Is your advertised.listeners (called advertised.host.name before Kafka 9) correct and resolvable?
[2023-01-18T22:03:09.975+0000] {conn.py:316} ERROR - DNS lookup failed for host.docker.internal:9092 (AddressFamily.AF_UNSPEC)
[2023-01-18T22:03:10.042+0000] {conn.py:1532} WARNING - DNS lookup failed for host.docker.internal:9092, exception was [Errno -2] Name or service not known. Is your advertised.listeners (called advertised.host.name before Kafka 9) correct and resolvable?
[2023-01-18T22:03:10.042+0000] {conn.py:316} ERROR - DNS lookup failed for host.docker.internal:9092 (AddressFamily.AF_UNSPEC)
[2023-01-18T22:03:10.043+0000] {conn.py:1205} INFO - Probing node bootstrap-0 broker version
[2023-01-18T22:03:10.103+0000] {conn.py:1532} WARNING - DNS lookup failed for host.docker.internal:9092, exception was [Errno -2] Name or service not known. Is your advertised.listeners (called advertised.host.name before Kafka 9) correct and resolvable?
[2023-01-18T22:03:10.104+0000] {conn.py:316} ERROR - DNS lookup failed for host.docker.internal:9092 (AddressFamily.AF_UNSPEC)
[2023-01-18T22:03:10.168+0000] {conn.py:1532} WARNING - DNS lookup failed for host.docker.internal:9092, exception was [Errno -2] Name or service not known. Is your advertised.listeners (called advertised.host.name before Kafka 9) correct and resolvable?
[2023-01-18T22:03:10.169+0000] {conn.py:316} ERROR - DNS lookup failed for host.docker.internal:9092 (AddressFamily.AF_UNSPEC)
[2023-01-18T22:03:10.169+0000] {conn.py:1205} INFO - Probing node bootstrap-0 broker version
[2023-01-18T22:03:10.230+0000] {conn.py:1532} WARNING - DNS lookup failed for host.docker.internal:9092, exception was [Errno -2] Name or service not known. Is your advertised.listeners (called advertised.host.name before Kafka 9) correct and resolvable?
[2023-01-18T22:03:10.231+0000] {conn.py:316} ERROR - DNS lookup failed for host.docker.internal:9092 (AddressFamily.AF_UNSPEC)
[2023-01-18T22:03:10.290+0000] {conn.py:1532} WARNING - DNS lookup failed for host.docker.internal:9092, exception was [Errno -2] Name or service not known. Is your advertised.listeners (called advertised.host.name before Kafka 9) correct and resolvable?
[2023-01-18T22:03:10.290+0000] {conn.py:316} ERROR - DNS lookup failed for host.docker.internal:9092 (AddressFamily.AF_UNSPEC)
[2023-01-18T22:03:10.291+0000] {conn.py:1205} INFO - Probing node bootstrap-0 broker version
[2023-01-18T22:03:10.349+0000] {conn.py:1532} WARNING - DNS lookup failed for host.docker.internal:9092, exception was [Errno -2] Name or service not known. Is your advertised.listeners (called advertised.host.name before Kafka 9) correct and resolvable?
[2023-01-18T22:03:10.350+0000] {conn.py:316} ERROR - DNS lookup failed for host.docker.internal:9092 (AddressFamily.AF_UNSPEC)
[2023-01-18T22:03:10.408+0000] {conn.py:1532} WARNING - DNS lookup failed for host.docker.internal:9092, exception was [Errno -2] Name or service not known. Is your advertised.listeners (called advertised.host.name before Kafka 9) correct and resolvable?
[2023-01-18T22:03:10.409+0000] {conn.py:316} ERROR - DNS lookup failed for host.docker.internal:9092 (AddressFamily.AF_UNSPEC)
[2023-01-18T22:03:10.409+0000] {conn.py:1205} INFO - Probing node bootstrap-0 broker version
[2023-01-18T22:03:10.476+0000] {conn.py:1532} WARNING - DNS lookup failed for host.docker.internal:9092, exception was [Errno -2] Name or service not known. Is your advertised.listeners (called advertised.host.name before Kafka 9) correct and resolvable?
[2023-01-18T22:03:10.477+0000] {conn.py:316} ERROR - DNS lookup failed for host.docker.internal:9092 (AddressFamily.AF_UNSPEC)
[2023-01-18T22:03:10.533+0000] {conn.py:1532} WARNING - DNS lookup failed for host.docker.internal:9092, exception was [Errno -2] Name or service not known. Is your advertised.listeners (called advertised.host.name before Kafka 9) correct and resolvable?
[2023-01-18T22:03:10.534+0000] {conn.py:316} ERROR - DNS lookup failed for host.docker.internal:9092 (AddressFamily.AF_UNSPEC)
[2023-01-18T22:03:10.535+0000] {conn.py:1205} INFO - Probing node bootstrap-0 broker version
[2023-01-18T22:03:10.597+0000] {conn.py:1532} WARNING - DNS lookup failed for host.docker.internal:9092, exception was [Errno -2] Name or service not known. Is your advertised.listeners (called advertised.host.name before Kafka 9) correct and resolvable?
[2023-01-18T22:03:10.598+0000] {conn.py:316} ERROR - DNS lookup failed for host.docker.internal:9092 (AddressFamily.AF_UNSPEC)
[2023-01-18T22:03:10.661+0000] {conn.py:1532} WARNING - DNS lookup failed for host.docker.internal:9092, exception was [Errno -2] Name or service not known. Is your advertised.listeners (called advertised.host.name before Kafka 9) correct and resolvable?
[2023-01-18T22:03:10.662+0000] {conn.py:316} ERROR - DNS lookup failed for host.docker.internal:9092 (AddressFamily.AF_UNSPEC)
[2023-01-18T22:03:10.662+0000] {conn.py:1205} INFO - Probing node bootstrap-0 broker version
[2023-01-18T22:03:10.720+0000] {conn.py:1532} WARNING - DNS lookup failed for host.docker.internal:9092, exception was [Errno -2] Name or service not known. Is your advertised.listeners (called advertised.host.name before Kafka 9) correct and resolvable?
[2023-01-18T22:03:10.721+0000] {conn.py:316} ERROR - DNS lookup failed for host.docker.internal:9092 (AddressFamily.AF_UNSPEC)
[2023-01-18T22:03:10.792+0000] {conn.py:1532} WARNING - DNS lookup failed for host.docker.internal:9092, exception was [Errno -2] Name or service not known. Is your advertised.listeners (called advertised.host.name before Kafka 9) correct and resolvable?
[2023-01-18T22:03:10.792+0000] {conn.py:316} ERROR - DNS lookup failed for host.docker.internal:9092 (AddressFamily.AF_UNSPEC)
[2023-01-18T22:03:10.793+0000] {conn.py:1205} INFO - Probing node bootstrap-0 broker version
[2023-01-18T22:03:10.850+0000] {conn.py:1532} WARNING - DNS lookup failed for host.docker.internal:9092, exception was [Errno -2] Name or service not known. Is your advertised.listeners (called advertised.host.name before Kafka 9) correct and resolvable?
[2023-01-18T22:03:10.850+0000] {conn.py:316} ERROR - DNS lookup failed for host.docker.internal:9092 (AddressFamily.AF_UNSPEC)
[2023-01-18T22:03:10.908+0000] {conn.py:1532} WARNING - DNS lookup failed for host.docker.internal:9092, exception was [Errno -2] Name or service not known. Is your advertised.listeners (called advertised.host.name before Kafka 9) correct and resolvable?
[2023-01-18T22:03:10.908+0000] {conn.py:316} ERROR - DNS lookup failed for host.docker.internal:9092 (AddressFamily.AF_UNSPEC)
[2023-01-18T22:03:10.909+0000] {conn.py:1205} INFO - Probing node bootstrap-0 broker version
[2023-01-18T22:03:10.968+0000] {conn.py:1532} WARNING - DNS lookup failed for host.docker.internal:9092, exception was [Errno -2] Name or service not known. Is your advertised.listeners (called advertised.host.name before Kafka 9) correct and resolvable?
[2023-01-18T22:03:10.969+0000] {conn.py:316} ERROR - DNS lookup failed for host.docker.internal:9092 (AddressFamily.AF_UNSPEC)
[2023-01-18T22:03:11.027+0000] {conn.py:1532} WARNING - DNS lookup failed for host.docker.internal:9092, exception was [Errno -2] Name or service not known. Is your advertised.listeners (called advertised.host.name before Kafka 9) correct and resolvable?
[2023-01-18T22:03:11.028+0000] {conn.py:316} ERROR - DNS lookup failed for host.docker.internal:9092 (AddressFamily.AF_UNSPEC)
[2023-01-18T22:03:11.028+0000] {conn.py:1205} INFO - Probing node bootstrap-0 broker version
[2023-01-18T22:03:11.090+0000] {conn.py:1532} WARNING - DNS lookup failed for host.docker.internal:9092, exception was [Errno -2] Name or service not known. Is your advertised.listeners (called advertised.host.name before Kafka 9) correct and resolvable?
[2023-01-18T22:03:11.090+0000] {conn.py:316} ERROR - DNS lookup failed for host.docker.internal:9092 (AddressFamily.AF_UNSPEC)
[2023-01-18T22:03:11.091+0000] {taskinstance.py:1772} ERROR - Task failed with exception
Traceback (most recent call last):
  File "/home/airflow/.local/lib/python3.7/site-packages/airflow/operators/python.py", line 175, in execute
    return_value = self.execute_callable()
  File "/home/airflow/.local/lib/python3.7/site-packages/airflow/operators/python.py", line 192, in execute_callable
    return self.python_callable(*self.op_args, **self.op_kwargs)
  File "/opt/airflow/dags/producer_dag.py", line 12, in runKafkaProducer
    value_serializer=lambda x: json.dumps(x).encode('utf-8'))
  File "/home/airflow/.local/lib/python3.7/site-packages/kafka/producer/kafka.py", line 383, in __init__
    **self.config)
  File "/home/airflow/.local/lib/python3.7/site-packages/kafka/client_async.py", line 244, in __init__
    self.config['api_version'] = self.check_version(timeout=check_timeout)
  File "/home/airflow/.local/lib/python3.7/site-packages/kafka/client_async.py", line 927, in check_version
    raise Errors.NoBrokersAvailable()
kafka.errors.NoBrokersAvailable: NoBrokersAvailable
[2023-01-18T22:03:11.119+0000] {taskinstance.py:1327} INFO - Marking task as UP_FOR_RETRY. dag_id=Kafka_consumer, task_id=producer, execution_date=20230118T213511, start_date=20230118T220308, end_date=20230118T220311
[2023-01-18T22:03:11.160+0000] {standard_task_runner.py:105} ERROR - Failed to execute job 81 for task producer (NoBrokersAvailable; 3067)
[2023-01-18T22:03:11.207+0000] {local_task_job.py:159} INFO - Task exited with return code 1
[2023-01-18T22:03:11.261+0000] {taskinstance.py:2582} INFO - 0 downstream tasks scheduled from follow-on schedule check
