[2023-01-18T22:29:36.656+0000] {taskinstance.py:1087} INFO - Dependencies all met for <TaskInstance: Kafka_consumer.producer manual__2023-01-18T22:24:28.035045+00:00 [queued]>
[2023-01-18T22:29:36.666+0000] {taskinstance.py:1087} INFO - Dependencies all met for <TaskInstance: Kafka_consumer.producer manual__2023-01-18T22:24:28.035045+00:00 [queued]>
[2023-01-18T22:29:36.666+0000] {taskinstance.py:1283} INFO - 
--------------------------------------------------------------------------------
[2023-01-18T22:29:36.666+0000] {taskinstance.py:1284} INFO - Starting attempt 2 of 7
[2023-01-18T22:29:36.666+0000] {taskinstance.py:1285} INFO - 
--------------------------------------------------------------------------------
[2023-01-18T22:29:36.680+0000] {taskinstance.py:1304} INFO - Executing <Task(ProduceToTopicOperator): producer> on 2023-01-18 22:24:28.035045+00:00
[2023-01-18T22:29:36.685+0000] {standard_task_runner.py:55} INFO - Started process 160 to run task
[2023-01-18T22:29:36.689+0000] {standard_task_runner.py:82} INFO - Running: ['***', 'tasks', 'run', 'Kafka_consumer', 'producer', 'manual__2023-01-18T22:24:28.035045+00:00', '--job-id', '94', '--raw', '--subdir', 'DAGS_FOLDER/producer_dag.py', '--cfg-path', '/tmp/tmpvfkevdkm']
[2023-01-18T22:29:36.690+0000] {standard_task_runner.py:83} INFO - Job 94: Subtask producer
[2023-01-18T22:29:36.786+0000] {task_command.py:389} INFO - Running <TaskInstance: Kafka_consumer.producer manual__2023-01-18T22:24:28.035045+00:00 [running]> on host 8a5dd0629494
[2023-01-18T22:29:36.868+0000] {taskinstance.py:1513} INFO - Exporting the following env vars:
AIRFLOW_CTX_DAG_OWNER=***
AIRFLOW_CTX_DAG_ID=Kafka_consumer
AIRFLOW_CTX_TASK_ID=producer
AIRFLOW_CTX_EXECUTION_DATE=2023-01-18T22:24:28.035045+00:00
AIRFLOW_CTX_TRY_NUMBER=2
AIRFLOW_CTX_DAG_RUN_ID=manual__2023-01-18T22:24:28.035045+00:00
[2023-01-18T22:29:36.871+0000] {producer.py:55} INFO - Producer <cimpl.Producer object at 0x7f72d0803730>
[2023-01-18T22:30:47.709+0000] {local_task_job.py:207} WARNING - Recorded pid 236 does not match the current pid 160
[2023-01-18T22:30:47.712+0000] {process_utils.py:133} INFO - Sending Signals.SIGTERM to group 160. PIDs of all processes in the group: [160]
[2023-01-18T22:30:47.712+0000] {process_utils.py:84} INFO - Sending the signal Signals.SIGTERM to group 160
[2023-01-18T22:31:47.731+0000] {process_utils.py:147} WARNING - process psutil.Process(pid=160, name='airflow task ru', status='sleeping', started='22:29:35') did not respond to SIGTERM. Trying SIGKILL
[2023-01-18T22:31:47.732+0000] {process_utils.py:84} INFO - Sending the signal Signals.SIGKILL to group 160
[2023-01-18T22:31:47.739+0000] {process_utils.py:79} INFO - Process psutil.Process(pid=160, name='airflow task ru', status='terminated', exitcode=<Negsignal.SIGKILL: -9>, started='22:29:35') (160) terminated with exit code Negsignal.SIGKILL
[2023-01-18T22:31:47.740+0000] {standard_task_runner.py:170} ERROR - Job 95 was killed before it finished (likely due to running out of memory)
