[2023-02-08T20:34:47.961+0000] {taskinstance.py:1087} INFO - Dependencies all met for <TaskInstance: Streaming_pipeline_meli.Status_info_postgres manual__2023-02-08T20:33:33.207396+00:00 [queued]>
[2023-02-08T20:34:47.970+0000] {taskinstance.py:1087} INFO - Dependencies all met for <TaskInstance: Streaming_pipeline_meli.Status_info_postgres manual__2023-02-08T20:33:33.207396+00:00 [queued]>
[2023-02-08T20:34:47.971+0000] {taskinstance.py:1283} INFO - 
--------------------------------------------------------------------------------
[2023-02-08T20:34:47.971+0000] {taskinstance.py:1284} INFO - Starting attempt 1 of 6
[2023-02-08T20:34:47.971+0000] {taskinstance.py:1285} INFO - 
--------------------------------------------------------------------------------
[2023-02-08T20:34:47.988+0000] {taskinstance.py:1304} INFO - Executing <Task(PythonOperator): Status_info_postgres> on 2023-02-08 20:33:33.207396+00:00
[2023-02-08T20:34:47.992+0000] {standard_task_runner.py:55} INFO - Started process 7847 to run task
[2023-02-08T20:34:47.997+0000] {standard_task_runner.py:82} INFO - Running: ['***', 'tasks', 'run', 'Streaming_pipeline_meli', 'Status_info_postgres', 'manual__2023-02-08T20:33:33.207396+00:00', '--job-id', '1436', '--raw', '--subdir', 'DAGS_FOLDER/streamPipeline.py', '--cfg-path', '/tmp/tmp6d3woz84']
[2023-02-08T20:34:47.999+0000] {standard_task_runner.py:83} INFO - Job 1436: Subtask Status_info_postgres
[2023-02-08T20:34:48.053+0000] {task_command.py:389} INFO - Running <TaskInstance: Streaming_pipeline_meli.Status_info_postgres manual__2023-02-08T20:33:33.207396+00:00 [running]> on host b55acaa82944
[2023-02-08T20:34:48.115+0000] {taskinstance.py:1513} INFO - Exporting the following env vars:
AIRFLOW_CTX_DAG_OWNER=***
AIRFLOW_CTX_DAG_ID=Streaming_pipeline_meli
AIRFLOW_CTX_TASK_ID=Status_info_postgres
AIRFLOW_CTX_EXECUTION_DATE=2023-02-08T20:33:33.207396+00:00
AIRFLOW_CTX_TRY_NUMBER=1
AIRFLOW_CTX_DAG_RUN_ID=manual__2023-02-08T20:33:33.207396+00:00
[2023-02-08T20:34:49.355+0000] {postgresStatus.py:25} INFO - Conexion exitosa a la base de datos de aws rds: meliAnalytics
[2023-02-08T20:34:49.356+0000] {python.py:177} INFO - Done. Returned value was: True
[2023-02-08T20:34:49.436+0000] {taskinstance.py:1327} INFO - Marking task as SUCCESS. dag_id=Streaming_pipeline_meli, task_id=Status_info_postgres, execution_date=20230208T203333, start_date=20230208T203447, end_date=20230208T203449
[2023-02-08T20:34:49.491+0000] {local_task_job.py:159} INFO - Task exited with return code 0
[2023-02-08T20:34:49.523+0000] {taskinstance.py:2582} INFO - 1 downstream tasks scheduled from follow-on schedule check
