[2023-01-27T18:43:02.665+0000] {taskinstance.py:1087} INFO - Dependencies all met for <TaskInstance: Streaming_pipeline_meli.consumer_data_of_topic manual__2023-01-27T16:26:14.836684+00:00 [queued]>
[2023-01-27T18:43:02.675+0000] {taskinstance.py:1087} INFO - Dependencies all met for <TaskInstance: Streaming_pipeline_meli.consumer_data_of_topic manual__2023-01-27T16:26:14.836684+00:00 [queued]>
[2023-01-27T18:43:02.675+0000] {taskinstance.py:1283} INFO - 
--------------------------------------------------------------------------------
[2023-01-27T18:43:02.675+0000] {taskinstance.py:1284} INFO - Starting attempt 7 of 12
[2023-01-27T18:43:02.675+0000] {taskinstance.py:1285} INFO - 
--------------------------------------------------------------------------------
[2023-01-27T18:43:02.686+0000] {taskinstance.py:1304} INFO - Executing <Task(SparkSubmitOperator): consumer_data_of_topic> on 2023-01-27 16:26:14.836684+00:00
[2023-01-27T18:43:02.691+0000] {standard_task_runner.py:55} INFO - Started process 10271 to run task
[2023-01-27T18:43:02.693+0000] {standard_task_runner.py:82} INFO - Running: ['***', 'tasks', 'run', 'Streaming_pipeline_meli', 'consumer_data_of_topic', 'manual__2023-01-27T16:26:14.836684+00:00', '--job-id', '1134', '--raw', '--subdir', 'DAGS_FOLDER/producer_dag.py', '--cfg-path', '/tmp/tmp21c01_o6']
[2023-01-27T18:43:02.694+0000] {standard_task_runner.py:83} INFO - Job 1134: Subtask consumer_data_of_topic
[2023-01-27T18:43:02.744+0000] {task_command.py:389} INFO - Running <TaskInstance: Streaming_pipeline_meli.consumer_data_of_topic manual__2023-01-27T16:26:14.836684+00:00 [running]> on host 502660defd2e
[2023-01-27T18:43:02.804+0000] {taskinstance.py:1513} INFO - Exporting the following env vars:
AIRFLOW_CTX_DAG_OWNER=***
AIRFLOW_CTX_DAG_ID=Streaming_pipeline_meli
AIRFLOW_CTX_TASK_ID=consumer_data_of_topic
AIRFLOW_CTX_EXECUTION_DATE=2023-01-27T16:26:14.836684+00:00
AIRFLOW_CTX_TRY_NUMBER=7
AIRFLOW_CTX_DAG_RUN_ID=manual__2023-01-27T16:26:14.836684+00:00
[2023-01-27T18:43:02.811+0000] {base.py:73} INFO - Using connection ID 'spark_default' for task execution.
[2023-01-27T18:43:02.813+0000] {spark_submit.py:344} INFO - Spark-Submit cmd: spark-submit --master spark://tomi-H310:7077 --packages org.apache.spark:spark-sql-kafka-0-10_2.12:3.1.3,org.mongodb.spark:mongo-spark-connector_2.12:3.0.1 --name arrow-spark --queue root.default /opt/***/dags/consumerSpark.py
[2023-01-27T18:43:02.913+0000] {spark_submit.py:495} INFO - /home/***/.local/lib/python3.7/site-packages/pyspark/bin/load-spark-env.sh: line 68: ps: command not found
[2023-01-27T18:43:04.356+0000] {spark_submit.py:495} INFO - :: loading settings :: url = jar:file:/home/***/.local/lib/python3.7/site-packages/pyspark/jars/ivy-2.5.0.jar!/org/apache/ivy/core/settings/ivysettings.xml
[2023-01-27T18:43:04.424+0000] {spark_submit.py:495} INFO - Ivy Default Cache set to: /home/***/.ivy2/cache
[2023-01-27T18:43:04.424+0000] {spark_submit.py:495} INFO - The jars for the packages stored in: /home/***/.ivy2/jars
[2023-01-27T18:43:04.429+0000] {spark_submit.py:495} INFO - org.apache.spark#spark-sql-kafka-0-10_2.12 added as a dependency
[2023-01-27T18:43:04.429+0000] {spark_submit.py:495} INFO - org.mongodb.spark#mongo-spark-connector_2.12 added as a dependency
[2023-01-27T18:43:04.430+0000] {spark_submit.py:495} INFO - :: resolving dependencies :: org.apache.spark#spark-submit-parent-540d25ad-e833-4744-a1dc-1a11976bee60;1.0
[2023-01-27T18:43:04.430+0000] {spark_submit.py:495} INFO - confs: [default]
[2023-01-27T18:43:04.568+0000] {spark_submit.py:495} INFO - found org.apache.spark#spark-sql-kafka-0-10_2.12;3.1.3 in central
[2023-01-27T18:43:04.622+0000] {spark_submit.py:495} INFO - found org.apache.spark#spark-token-provider-kafka-0-10_2.12;3.1.3 in central
[2023-01-27T18:43:04.647+0000] {spark_submit.py:495} INFO - found org.apache.kafka#kafka-clients;2.6.0 in central
[2023-01-27T18:43:04.681+0000] {spark_submit.py:495} INFO - found com.github.luben#zstd-jni;1.4.8-1 in central
[2023-01-27T18:43:04.696+0000] {spark_submit.py:495} INFO - found org.lz4#lz4-java;1.7.1 in central
[2023-01-27T18:43:04.710+0000] {spark_submit.py:495} INFO - found org.xerial.snappy#snappy-java;1.1.8.2 in central
[2023-01-27T18:43:04.723+0000] {spark_submit.py:495} INFO - found org.slf4j#slf4j-api;1.7.30 in central
[2023-01-27T18:43:04.735+0000] {spark_submit.py:495} INFO - found org.spark-project.spark#unused;1.0.0 in central
[2023-01-27T18:43:04.747+0000] {spark_submit.py:495} INFO - found org.apache.commons#commons-pool2;2.6.2 in central
[2023-01-27T18:43:04.760+0000] {spark_submit.py:495} INFO - found org.mongodb.spark#mongo-spark-connector_2.12;3.0.1 in central
[2023-01-27T18:43:04.769+0000] {spark_submit.py:495} INFO - found org.mongodb#mongodb-driver-sync;4.0.5 in central
[2023-01-27T18:43:04.777+0000] {spark_submit.py:495} INFO - found org.mongodb#bson;4.0.5 in central
[2023-01-27T18:43:04.785+0000] {spark_submit.py:495} INFO - found org.mongodb#mongodb-driver-core;4.0.5 in central
[2023-01-27T18:43:04.805+0000] {spark_submit.py:495} INFO - :: resolution report :: resolve 364ms :: artifacts dl 11ms
[2023-01-27T18:43:04.805+0000] {spark_submit.py:495} INFO - :: modules in use:
[2023-01-27T18:43:04.806+0000] {spark_submit.py:495} INFO - com.github.luben#zstd-jni;1.4.8-1 from central in [default]
[2023-01-27T18:43:04.806+0000] {spark_submit.py:495} INFO - org.apache.commons#commons-pool2;2.6.2 from central in [default]
[2023-01-27T18:43:04.806+0000] {spark_submit.py:495} INFO - org.apache.kafka#kafka-clients;2.6.0 from central in [default]
[2023-01-27T18:43:04.806+0000] {spark_submit.py:495} INFO - org.apache.spark#spark-sql-kafka-0-10_2.12;3.1.3 from central in [default]
[2023-01-27T18:43:04.807+0000] {spark_submit.py:495} INFO - org.apache.spark#spark-token-provider-kafka-0-10_2.12;3.1.3 from central in [default]
[2023-01-27T18:43:04.807+0000] {spark_submit.py:495} INFO - org.lz4#lz4-java;1.7.1 from central in [default]
[2023-01-27T18:43:04.807+0000] {spark_submit.py:495} INFO - org.mongodb#bson;4.0.5 from central in [default]
[2023-01-27T18:43:04.807+0000] {spark_submit.py:495} INFO - org.mongodb#mongodb-driver-core;4.0.5 from central in [default]
[2023-01-27T18:43:04.807+0000] {spark_submit.py:495} INFO - org.mongodb#mongodb-driver-sync;4.0.5 from central in [default]
[2023-01-27T18:43:04.808+0000] {spark_submit.py:495} INFO - org.mongodb.spark#mongo-spark-connector_2.12;3.0.1 from central in [default]
[2023-01-27T18:43:04.808+0000] {spark_submit.py:495} INFO - org.slf4j#slf4j-api;1.7.30 from central in [default]
[2023-01-27T18:43:04.808+0000] {spark_submit.py:495} INFO - org.spark-project.spark#unused;1.0.0 from central in [default]
[2023-01-27T18:43:04.808+0000] {spark_submit.py:495} INFO - org.xerial.snappy#snappy-java;1.1.8.2 from central in [default]
[2023-01-27T18:43:04.808+0000] {spark_submit.py:495} INFO - ---------------------------------------------------------------------
[2023-01-27T18:43:04.808+0000] {spark_submit.py:495} INFO - |                  |            modules            ||   artifacts   |
[2023-01-27T18:43:04.809+0000] {spark_submit.py:495} INFO - |       conf       | number| search|dwnlded|evicted|| number|dwnlded|
[2023-01-27T18:43:04.809+0000] {spark_submit.py:495} INFO - ---------------------------------------------------------------------
[2023-01-27T18:43:04.809+0000] {spark_submit.py:495} INFO - |      default     |   13  |   0   |   0   |   0   ||   13  |   0   |
[2023-01-27T18:43:04.809+0000] {spark_submit.py:495} INFO - ---------------------------------------------------------------------
[2023-01-27T18:43:04.814+0000] {spark_submit.py:495} INFO - :: retrieving :: org.apache.spark#spark-submit-parent-540d25ad-e833-4744-a1dc-1a11976bee60
[2023-01-27T18:43:04.814+0000] {spark_submit.py:495} INFO - confs: [default]
[2023-01-27T18:43:04.821+0000] {spark_submit.py:495} INFO - 0 artifacts copied, 13 already retrieved (0kB/7ms)
[2023-01-27T18:43:05.030+0000] {spark_submit.py:495} INFO - 23/01/27 18:43:05 WARN NativeCodeLoader: Unable to load native-hadoop library for your platform... using builtin-java classes where applicable
[2023-01-27T18:43:06.569+0000] {spark_submit.py:495} INFO - 23/01/27 18:43:06 INFO SparkContext: Running Spark version 3.3.1
[2023-01-27T18:43:06.586+0000] {spark_submit.py:495} INFO - 23/01/27 18:43:06 INFO ResourceUtils: ==============================================================
[2023-01-27T18:43:06.586+0000] {spark_submit.py:495} INFO - 23/01/27 18:43:06 INFO ResourceUtils: No custom resources configured for spark.driver.
[2023-01-27T18:43:06.586+0000] {spark_submit.py:495} INFO - 23/01/27 18:43:06 INFO ResourceUtils: ==============================================================
[2023-01-27T18:43:06.586+0000] {spark_submit.py:495} INFO - 23/01/27 18:43:06 INFO SparkContext: Submitted application: arrow-spark
[2023-01-27T18:43:06.604+0000] {spark_submit.py:495} INFO - 23/01/27 18:43:06 INFO ResourceProfile: Default ResourceProfile created, executor resources: Map(cores -> name: cores, amount: 1, script: , vendor: , memory -> name: memory, amount: 1024, script: , vendor: , offHeap -> name: offHeap, amount: 0, script: , vendor: ), task resources: Map(cpus -> name: cpus, amount: 1.0)
[2023-01-27T18:43:06.615+0000] {spark_submit.py:495} INFO - 23/01/27 18:43:06 INFO ResourceProfile: Limiting resource is cpu
[2023-01-27T18:43:06.615+0000] {spark_submit.py:495} INFO - 23/01/27 18:43:06 INFO ResourceProfileManager: Added ResourceProfile id: 0
[2023-01-27T18:43:06.657+0000] {spark_submit.py:495} INFO - 23/01/27 18:43:06 INFO SecurityManager: Changing view acls to: default
[2023-01-27T18:43:06.657+0000] {spark_submit.py:495} INFO - 23/01/27 18:43:06 INFO SecurityManager: Changing modify acls to: default
[2023-01-27T18:43:06.658+0000] {spark_submit.py:495} INFO - 23/01/27 18:43:06 INFO SecurityManager: Changing view acls groups to:
[2023-01-27T18:43:06.658+0000] {spark_submit.py:495} INFO - 23/01/27 18:43:06 INFO SecurityManager: Changing modify acls groups to:
[2023-01-27T18:43:06.659+0000] {spark_submit.py:495} INFO - 23/01/27 18:43:06 INFO SecurityManager: SecurityManager: authentication disabled; ui acls disabled; users  with view permissions: Set(default); groups with view permissions: Set(); users  with modify permissions: Set(default); groups with modify permissions: Set()
[2023-01-27T18:43:06.935+0000] {spark_submit.py:495} INFO - 23/01/27 18:43:06 INFO Utils: Successfully started service 'sparkDriver' on port 37691.
[2023-01-27T18:43:06.966+0000] {spark_submit.py:495} INFO - 23/01/27 18:43:06 INFO SparkEnv: Registering MapOutputTracker
[2023-01-27T18:43:06.999+0000] {spark_submit.py:495} INFO - 23/01/27 18:43:06 INFO SparkEnv: Registering BlockManagerMaster
[2023-01-27T18:43:07.016+0000] {spark_submit.py:495} INFO - 23/01/27 18:43:07 INFO BlockManagerMasterEndpoint: Using org.apache.spark.storage.DefaultTopologyMapper for getting topology information
[2023-01-27T18:43:07.017+0000] {spark_submit.py:495} INFO - 23/01/27 18:43:07 INFO BlockManagerMasterEndpoint: BlockManagerMasterEndpoint up
[2023-01-27T18:43:07.022+0000] {spark_submit.py:495} INFO - 23/01/27 18:43:07 INFO SparkEnv: Registering BlockManagerMasterHeartbeat
[2023-01-27T18:43:07.045+0000] {spark_submit.py:495} INFO - 23/01/27 18:43:07 INFO DiskBlockManager: Created local directory at /tmp/blockmgr-17e9ef00-2ff0-4b23-8be6-612759e962a7
[2023-01-27T18:43:07.061+0000] {spark_submit.py:495} INFO - 23/01/27 18:43:07 INFO MemoryStore: MemoryStore started with capacity 434.4 MiB
[2023-01-27T18:43:07.077+0000] {spark_submit.py:495} INFO - 23/01/27 18:43:07 INFO SparkEnv: Registering OutputCommitCoordinator
[2023-01-27T18:43:07.261+0000] {spark_submit.py:495} INFO - 23/01/27 18:43:07 WARN Utils: Service 'SparkUI' could not bind on port 4040. Attempting port 4041.
[2023-01-27T18:43:07.268+0000] {spark_submit.py:495} INFO - 23/01/27 18:43:07 INFO Utils: Successfully started service 'SparkUI' on port 4041.
[2023-01-27T18:43:07.295+0000] {spark_submit.py:495} INFO - 23/01/27 18:43:07 INFO SparkContext: Added JAR file:///home/***/.ivy2/jars/org.apache.spark_spark-sql-kafka-0-10_2.12-3.1.3.jar at spark://502660defd2e:37691/jars/org.apache.spark_spark-sql-kafka-0-10_2.12-3.1.3.jar with timestamp 1674844986561
[2023-01-27T18:43:07.295+0000] {spark_submit.py:495} INFO - 23/01/27 18:43:07 INFO SparkContext: Added JAR file:///home/***/.ivy2/jars/org.mongodb.spark_mongo-spark-connector_2.12-3.0.1.jar at spark://502660defd2e:37691/jars/org.mongodb.spark_mongo-spark-connector_2.12-3.0.1.jar with timestamp 1674844986561
[2023-01-27T18:43:07.296+0000] {spark_submit.py:495} INFO - 23/01/27 18:43:07 INFO SparkContext: Added JAR file:///home/***/.ivy2/jars/org.apache.spark_spark-token-provider-kafka-0-10_2.12-3.1.3.jar at spark://502660defd2e:37691/jars/org.apache.spark_spark-token-provider-kafka-0-10_2.12-3.1.3.jar with timestamp 1674844986561
[2023-01-27T18:43:07.296+0000] {spark_submit.py:495} INFO - 23/01/27 18:43:07 INFO SparkContext: Added JAR file:///home/***/.ivy2/jars/org.apache.kafka_kafka-clients-2.6.0.jar at spark://502660defd2e:37691/jars/org.apache.kafka_kafka-clients-2.6.0.jar with timestamp 1674844986561
[2023-01-27T18:43:07.296+0000] {spark_submit.py:495} INFO - 23/01/27 18:43:07 INFO SparkContext: Added JAR file:///home/***/.ivy2/jars/org.apache.commons_commons-pool2-2.6.2.jar at spark://502660defd2e:37691/jars/org.apache.commons_commons-pool2-2.6.2.jar with timestamp 1674844986561
[2023-01-27T18:43:07.296+0000] {spark_submit.py:495} INFO - 23/01/27 18:43:07 INFO SparkContext: Added JAR file:///home/***/.ivy2/jars/org.spark-project.spark_unused-1.0.0.jar at spark://502660defd2e:37691/jars/org.spark-project.spark_unused-1.0.0.jar with timestamp 1674844986561
[2023-01-27T18:43:07.296+0000] {spark_submit.py:495} INFO - 23/01/27 18:43:07 INFO SparkContext: Added JAR file:///home/***/.ivy2/jars/com.github.luben_zstd-jni-1.4.8-1.jar at spark://502660defd2e:37691/jars/com.github.luben_zstd-jni-1.4.8-1.jar with timestamp 1674844986561
[2023-01-27T18:43:07.296+0000] {spark_submit.py:495} INFO - 23/01/27 18:43:07 INFO SparkContext: Added JAR file:///home/***/.ivy2/jars/org.lz4_lz4-java-1.7.1.jar at spark://502660defd2e:37691/jars/org.lz4_lz4-java-1.7.1.jar with timestamp 1674844986561
[2023-01-27T18:43:07.296+0000] {spark_submit.py:495} INFO - 23/01/27 18:43:07 INFO SparkContext: Added JAR file:///home/***/.ivy2/jars/org.xerial.snappy_snappy-java-1.1.8.2.jar at spark://502660defd2e:37691/jars/org.xerial.snappy_snappy-java-1.1.8.2.jar with timestamp 1674844986561
[2023-01-27T18:43:07.297+0000] {spark_submit.py:495} INFO - 23/01/27 18:43:07 INFO SparkContext: Added JAR file:///home/***/.ivy2/jars/org.slf4j_slf4j-api-1.7.30.jar at spark://502660defd2e:37691/jars/org.slf4j_slf4j-api-1.7.30.jar with timestamp 1674844986561
[2023-01-27T18:43:07.297+0000] {spark_submit.py:495} INFO - 23/01/27 18:43:07 INFO SparkContext: Added JAR file:///home/***/.ivy2/jars/org.mongodb_mongodb-driver-sync-4.0.5.jar at spark://502660defd2e:37691/jars/org.mongodb_mongodb-driver-sync-4.0.5.jar with timestamp 1674844986561
[2023-01-27T18:43:07.297+0000] {spark_submit.py:495} INFO - 23/01/27 18:43:07 INFO SparkContext: Added JAR file:///home/***/.ivy2/jars/org.mongodb_bson-4.0.5.jar at spark://502660defd2e:37691/jars/org.mongodb_bson-4.0.5.jar with timestamp 1674844986561
[2023-01-27T18:43:07.297+0000] {spark_submit.py:495} INFO - 23/01/27 18:43:07 INFO SparkContext: Added JAR file:///home/***/.ivy2/jars/org.mongodb_mongodb-driver-core-4.0.5.jar at spark://502660defd2e:37691/jars/org.mongodb_mongodb-driver-core-4.0.5.jar with timestamp 1674844986561
[2023-01-27T18:43:07.298+0000] {spark_submit.py:495} INFO - 23/01/27 18:43:07 INFO SparkContext: Added file file:///home/***/.ivy2/jars/org.apache.spark_spark-sql-kafka-0-10_2.12-3.1.3.jar at file:///home/***/.ivy2/jars/org.apache.spark_spark-sql-kafka-0-10_2.12-3.1.3.jar with timestamp 1674844986561
[2023-01-27T18:43:07.300+0000] {spark_submit.py:495} INFO - 23/01/27 18:43:07 INFO Utils: Copying /home/***/.ivy2/jars/org.apache.spark_spark-sql-kafka-0-10_2.12-3.1.3.jar to /tmp/spark-91c89cca-b25f-4611-84d4-b609a4bce1e2/userFiles-6d955dbb-26c6-4af0-a6f3-756845c8c6dc/org.apache.spark_spark-sql-kafka-0-10_2.12-3.1.3.jar
[2023-01-27T18:43:07.308+0000] {spark_submit.py:495} INFO - 23/01/27 18:43:07 INFO SparkContext: Added file file:///home/***/.ivy2/jars/org.mongodb.spark_mongo-spark-connector_2.12-3.0.1.jar at file:///home/***/.ivy2/jars/org.mongodb.spark_mongo-spark-connector_2.12-3.0.1.jar with timestamp 1674844986561
[2023-01-27T18:43:07.308+0000] {spark_submit.py:495} INFO - 23/01/27 18:43:07 INFO Utils: Copying /home/***/.ivy2/jars/org.mongodb.spark_mongo-spark-connector_2.12-3.0.1.jar to /tmp/spark-91c89cca-b25f-4611-84d4-b609a4bce1e2/userFiles-6d955dbb-26c6-4af0-a6f3-756845c8c6dc/org.mongodb.spark_mongo-spark-connector_2.12-3.0.1.jar
[2023-01-27T18:43:07.317+0000] {spark_submit.py:495} INFO - 23/01/27 18:43:07 INFO SparkContext: Added file file:///home/***/.ivy2/jars/org.apache.spark_spark-token-provider-kafka-0-10_2.12-3.1.3.jar at file:///home/***/.ivy2/jars/org.apache.spark_spark-token-provider-kafka-0-10_2.12-3.1.3.jar with timestamp 1674844986561
[2023-01-27T18:43:07.318+0000] {spark_submit.py:495} INFO - 23/01/27 18:43:07 INFO Utils: Copying /home/***/.ivy2/jars/org.apache.spark_spark-token-provider-kafka-0-10_2.12-3.1.3.jar to /tmp/spark-91c89cca-b25f-4611-84d4-b609a4bce1e2/userFiles-6d955dbb-26c6-4af0-a6f3-756845c8c6dc/org.apache.spark_spark-token-provider-kafka-0-10_2.12-3.1.3.jar
[2023-01-27T18:43:07.322+0000] {spark_submit.py:495} INFO - 23/01/27 18:43:07 INFO SparkContext: Added file file:///home/***/.ivy2/jars/org.apache.kafka_kafka-clients-2.6.0.jar at file:///home/***/.ivy2/jars/org.apache.kafka_kafka-clients-2.6.0.jar with timestamp 1674844986561
[2023-01-27T18:43:07.322+0000] {spark_submit.py:495} INFO - 23/01/27 18:43:07 INFO Utils: Copying /home/***/.ivy2/jars/org.apache.kafka_kafka-clients-2.6.0.jar to /tmp/spark-91c89cca-b25f-4611-84d4-b609a4bce1e2/userFiles-6d955dbb-26c6-4af0-a6f3-756845c8c6dc/org.apache.kafka_kafka-clients-2.6.0.jar
[2023-01-27T18:43:07.332+0000] {spark_submit.py:495} INFO - 23/01/27 18:43:07 INFO SparkContext: Added file file:///home/***/.ivy2/jars/org.apache.commons_commons-pool2-2.6.2.jar at file:///home/***/.ivy2/jars/org.apache.commons_commons-pool2-2.6.2.jar with timestamp 1674844986561
[2023-01-27T18:43:07.332+0000] {spark_submit.py:495} INFO - 23/01/27 18:43:07 INFO Utils: Copying /home/***/.ivy2/jars/org.apache.commons_commons-pool2-2.6.2.jar to /tmp/spark-91c89cca-b25f-4611-84d4-b609a4bce1e2/userFiles-6d955dbb-26c6-4af0-a6f3-756845c8c6dc/org.apache.commons_commons-pool2-2.6.2.jar
[2023-01-27T18:43:07.336+0000] {spark_submit.py:495} INFO - 23/01/27 18:43:07 INFO SparkContext: Added file file:///home/***/.ivy2/jars/org.spark-project.spark_unused-1.0.0.jar at file:///home/***/.ivy2/jars/org.spark-project.spark_unused-1.0.0.jar with timestamp 1674844986561
[2023-01-27T18:43:07.336+0000] {spark_submit.py:495} INFO - 23/01/27 18:43:07 INFO Utils: Copying /home/***/.ivy2/jars/org.spark-project.spark_unused-1.0.0.jar to /tmp/spark-91c89cca-b25f-4611-84d4-b609a4bce1e2/userFiles-6d955dbb-26c6-4af0-a6f3-756845c8c6dc/org.spark-project.spark_unused-1.0.0.jar
[2023-01-27T18:43:07.339+0000] {spark_submit.py:495} INFO - 23/01/27 18:43:07 INFO SparkContext: Added file file:///home/***/.ivy2/jars/com.github.luben_zstd-jni-1.4.8-1.jar at file:///home/***/.ivy2/jars/com.github.luben_zstd-jni-1.4.8-1.jar with timestamp 1674844986561
[2023-01-27T18:43:07.339+0000] {spark_submit.py:495} INFO - 23/01/27 18:43:07 INFO Utils: Copying /home/***/.ivy2/jars/com.github.luben_zstd-jni-1.4.8-1.jar to /tmp/spark-91c89cca-b25f-4611-84d4-b609a4bce1e2/userFiles-6d955dbb-26c6-4af0-a6f3-756845c8c6dc/com.github.luben_zstd-jni-1.4.8-1.jar
[2023-01-27T18:43:07.347+0000] {spark_submit.py:495} INFO - 23/01/27 18:43:07 INFO SparkContext: Added file file:///home/***/.ivy2/jars/org.lz4_lz4-java-1.7.1.jar at file:///home/***/.ivy2/jars/org.lz4_lz4-java-1.7.1.jar with timestamp 1674844986561
[2023-01-27T18:43:07.347+0000] {spark_submit.py:495} INFO - 23/01/27 18:43:07 INFO Utils: Copying /home/***/.ivy2/jars/org.lz4_lz4-java-1.7.1.jar to /tmp/spark-91c89cca-b25f-4611-84d4-b609a4bce1e2/userFiles-6d955dbb-26c6-4af0-a6f3-756845c8c6dc/org.lz4_lz4-java-1.7.1.jar
[2023-01-27T18:43:07.351+0000] {spark_submit.py:495} INFO - 23/01/27 18:43:07 INFO SparkContext: Added file file:///home/***/.ivy2/jars/org.xerial.snappy_snappy-java-1.1.8.2.jar at file:///home/***/.ivy2/jars/org.xerial.snappy_snappy-java-1.1.8.2.jar with timestamp 1674844986561
[2023-01-27T18:43:07.351+0000] {spark_submit.py:495} INFO - 23/01/27 18:43:07 INFO Utils: Copying /home/***/.ivy2/jars/org.xerial.snappy_snappy-java-1.1.8.2.jar to /tmp/spark-91c89cca-b25f-4611-84d4-b609a4bce1e2/userFiles-6d955dbb-26c6-4af0-a6f3-756845c8c6dc/org.xerial.snappy_snappy-java-1.1.8.2.jar
[2023-01-27T18:43:07.355+0000] {spark_submit.py:495} INFO - 23/01/27 18:43:07 INFO SparkContext: Added file file:///home/***/.ivy2/jars/org.slf4j_slf4j-api-1.7.30.jar at file:///home/***/.ivy2/jars/org.slf4j_slf4j-api-1.7.30.jar with timestamp 1674844986561
[2023-01-27T18:43:07.356+0000] {spark_submit.py:495} INFO - 23/01/27 18:43:07 INFO Utils: Copying /home/***/.ivy2/jars/org.slf4j_slf4j-api-1.7.30.jar to /tmp/spark-91c89cca-b25f-4611-84d4-b609a4bce1e2/userFiles-6d955dbb-26c6-4af0-a6f3-756845c8c6dc/org.slf4j_slf4j-api-1.7.30.jar
[2023-01-27T18:43:07.359+0000] {spark_submit.py:495} INFO - 23/01/27 18:43:07 INFO SparkContext: Added file file:///home/***/.ivy2/jars/org.mongodb_mongodb-driver-sync-4.0.5.jar at file:///home/***/.ivy2/jars/org.mongodb_mongodb-driver-sync-4.0.5.jar with timestamp 1674844986561
[2023-01-27T18:43:07.359+0000] {spark_submit.py:495} INFO - 23/01/27 18:43:07 INFO Utils: Copying /home/***/.ivy2/jars/org.mongodb_mongodb-driver-sync-4.0.5.jar to /tmp/spark-91c89cca-b25f-4611-84d4-b609a4bce1e2/userFiles-6d955dbb-26c6-4af0-a6f3-756845c8c6dc/org.mongodb_mongodb-driver-sync-4.0.5.jar
[2023-01-27T18:43:07.362+0000] {spark_submit.py:495} INFO - 23/01/27 18:43:07 INFO SparkContext: Added file file:///home/***/.ivy2/jars/org.mongodb_bson-4.0.5.jar at file:///home/***/.ivy2/jars/org.mongodb_bson-4.0.5.jar with timestamp 1674844986561
[2023-01-27T18:43:07.362+0000] {spark_submit.py:495} INFO - 23/01/27 18:43:07 INFO Utils: Copying /home/***/.ivy2/jars/org.mongodb_bson-4.0.5.jar to /tmp/spark-91c89cca-b25f-4611-84d4-b609a4bce1e2/userFiles-6d955dbb-26c6-4af0-a6f3-756845c8c6dc/org.mongodb_bson-4.0.5.jar
[2023-01-27T18:43:07.365+0000] {spark_submit.py:495} INFO - 23/01/27 18:43:07 INFO SparkContext: Added file file:///home/***/.ivy2/jars/org.mongodb_mongodb-driver-core-4.0.5.jar at file:///home/***/.ivy2/jars/org.mongodb_mongodb-driver-core-4.0.5.jar with timestamp 1674844986561
[2023-01-27T18:43:07.365+0000] {spark_submit.py:495} INFO - 23/01/27 18:43:07 INFO Utils: Copying /home/***/.ivy2/jars/org.mongodb_mongodb-driver-core-4.0.5.jar to /tmp/spark-91c89cca-b25f-4611-84d4-b609a4bce1e2/userFiles-6d955dbb-26c6-4af0-a6f3-756845c8c6dc/org.mongodb_mongodb-driver-core-4.0.5.jar
[2023-01-27T18:43:07.424+0000] {spark_submit.py:495} INFO - 23/01/27 18:43:07 INFO Executor: Starting executor ID driver on host 502660defd2e
[2023-01-27T18:43:07.429+0000] {spark_submit.py:495} INFO - 23/01/27 18:43:07 INFO Executor: Starting executor with user classpath (userClassPathFirst = false): ''
[2023-01-27T18:43:07.437+0000] {spark_submit.py:495} INFO - 23/01/27 18:43:07 INFO Executor: Fetching file:///home/***/.ivy2/jars/org.apache.spark_spark-token-provider-kafka-0-10_2.12-3.1.3.jar with timestamp 1674844986561
[2023-01-27T18:43:07.451+0000] {spark_submit.py:495} INFO - 23/01/27 18:43:07 INFO Utils: /home/***/.ivy2/jars/org.apache.spark_spark-token-provider-kafka-0-10_2.12-3.1.3.jar has been previously copied to /tmp/spark-91c89cca-b25f-4611-84d4-b609a4bce1e2/userFiles-6d955dbb-26c6-4af0-a6f3-756845c8c6dc/org.apache.spark_spark-token-provider-kafka-0-10_2.12-3.1.3.jar
[2023-01-27T18:43:07.457+0000] {spark_submit.py:495} INFO - 23/01/27 18:43:07 INFO Executor: Fetching file:///home/***/.ivy2/jars/org.mongodb_mongodb-driver-sync-4.0.5.jar with timestamp 1674844986561
[2023-01-27T18:43:07.458+0000] {spark_submit.py:495} INFO - 23/01/27 18:43:07 INFO Utils: /home/***/.ivy2/jars/org.mongodb_mongodb-driver-sync-4.0.5.jar has been previously copied to /tmp/spark-91c89cca-b25f-4611-84d4-b609a4bce1e2/userFiles-6d955dbb-26c6-4af0-a6f3-756845c8c6dc/org.mongodb_mongodb-driver-sync-4.0.5.jar
[2023-01-27T18:43:07.461+0000] {spark_submit.py:495} INFO - 23/01/27 18:43:07 INFO Executor: Fetching file:///home/***/.ivy2/jars/org.apache.kafka_kafka-clients-2.6.0.jar with timestamp 1674844986561
[2023-01-27T18:43:07.467+0000] {spark_submit.py:495} INFO - 23/01/27 18:43:07 INFO Utils: /home/***/.ivy2/jars/org.apache.kafka_kafka-clients-2.6.0.jar has been previously copied to /tmp/spark-91c89cca-b25f-4611-84d4-b609a4bce1e2/userFiles-6d955dbb-26c6-4af0-a6f3-756845c8c6dc/org.apache.kafka_kafka-clients-2.6.0.jar
[2023-01-27T18:43:07.482+0000] {spark_submit.py:495} INFO - 23/01/27 18:43:07 INFO Executor: Fetching file:///home/***/.ivy2/jars/org.mongodb_bson-4.0.5.jar with timestamp 1674844986561
[2023-01-27T18:43:07.484+0000] {spark_submit.py:495} INFO - 23/01/27 18:43:07 INFO Utils: /home/***/.ivy2/jars/org.mongodb_bson-4.0.5.jar has been previously copied to /tmp/spark-91c89cca-b25f-4611-84d4-b609a4bce1e2/userFiles-6d955dbb-26c6-4af0-a6f3-756845c8c6dc/org.mongodb_bson-4.0.5.jar
[2023-01-27T18:43:07.494+0000] {spark_submit.py:495} INFO - 23/01/27 18:43:07 INFO Executor: Fetching file:///home/***/.ivy2/jars/com.github.luben_zstd-jni-1.4.8-1.jar with timestamp 1674844986561
[2023-01-27T18:43:07.499+0000] {spark_submit.py:495} INFO - 23/01/27 18:43:07 INFO Utils: /home/***/.ivy2/jars/com.github.luben_zstd-jni-1.4.8-1.jar has been previously copied to /tmp/spark-91c89cca-b25f-4611-84d4-b609a4bce1e2/userFiles-6d955dbb-26c6-4af0-a6f3-756845c8c6dc/com.github.luben_zstd-jni-1.4.8-1.jar
[2023-01-27T18:43:07.503+0000] {spark_submit.py:495} INFO - 23/01/27 18:43:07 INFO Executor: Fetching file:///home/***/.ivy2/jars/org.lz4_lz4-java-1.7.1.jar with timestamp 1674844986561
[2023-01-27T18:43:07.503+0000] {spark_submit.py:495} INFO - 23/01/27 18:43:07 INFO Utils: /home/***/.ivy2/jars/org.lz4_lz4-java-1.7.1.jar has been previously copied to /tmp/spark-91c89cca-b25f-4611-84d4-b609a4bce1e2/userFiles-6d955dbb-26c6-4af0-a6f3-756845c8c6dc/org.lz4_lz4-java-1.7.1.jar
[2023-01-27T18:43:07.507+0000] {spark_submit.py:495} INFO - 23/01/27 18:43:07 INFO Executor: Fetching file:///home/***/.ivy2/jars/org.spark-project.spark_unused-1.0.0.jar with timestamp 1674844986561
[2023-01-27T18:43:07.507+0000] {spark_submit.py:495} INFO - 23/01/27 18:43:07 INFO Utils: /home/***/.ivy2/jars/org.spark-project.spark_unused-1.0.0.jar has been previously copied to /tmp/spark-91c89cca-b25f-4611-84d4-b609a4bce1e2/userFiles-6d955dbb-26c6-4af0-a6f3-756845c8c6dc/org.spark-project.spark_unused-1.0.0.jar
[2023-01-27T18:43:07.513+0000] {spark_submit.py:495} INFO - 23/01/27 18:43:07 INFO Executor: Fetching file:///home/***/.ivy2/jars/org.xerial.snappy_snappy-java-1.1.8.2.jar with timestamp 1674844986561
[2023-01-27T18:43:07.516+0000] {spark_submit.py:495} INFO - 23/01/27 18:43:07 INFO Utils: /home/***/.ivy2/jars/org.xerial.snappy_snappy-java-1.1.8.2.jar has been previously copied to /tmp/spark-91c89cca-b25f-4611-84d4-b609a4bce1e2/userFiles-6d955dbb-26c6-4af0-a6f3-756845c8c6dc/org.xerial.snappy_snappy-java-1.1.8.2.jar
[2023-01-27T18:43:07.519+0000] {spark_submit.py:495} INFO - 23/01/27 18:43:07 INFO Executor: Fetching file:///home/***/.ivy2/jars/org.mongodb_mongodb-driver-core-4.0.5.jar with timestamp 1674844986561
[2023-01-27T18:43:07.521+0000] {spark_submit.py:495} INFO - 23/01/27 18:43:07 INFO Utils: /home/***/.ivy2/jars/org.mongodb_mongodb-driver-core-4.0.5.jar has been previously copied to /tmp/spark-91c89cca-b25f-4611-84d4-b609a4bce1e2/userFiles-6d955dbb-26c6-4af0-a6f3-756845c8c6dc/org.mongodb_mongodb-driver-core-4.0.5.jar
[2023-01-27T18:43:07.525+0000] {spark_submit.py:495} INFO - 23/01/27 18:43:07 INFO Executor: Fetching file:///home/***/.ivy2/jars/org.apache.spark_spark-sql-kafka-0-10_2.12-3.1.3.jar with timestamp 1674844986561
[2023-01-27T18:43:07.525+0000] {spark_submit.py:495} INFO - 23/01/27 18:43:07 INFO Utils: /home/***/.ivy2/jars/org.apache.spark_spark-sql-kafka-0-10_2.12-3.1.3.jar has been previously copied to /tmp/spark-91c89cca-b25f-4611-84d4-b609a4bce1e2/userFiles-6d955dbb-26c6-4af0-a6f3-756845c8c6dc/org.apache.spark_spark-sql-kafka-0-10_2.12-3.1.3.jar
[2023-01-27T18:43:07.528+0000] {spark_submit.py:495} INFO - 23/01/27 18:43:07 INFO Executor: Fetching file:///home/***/.ivy2/jars/org.mongodb.spark_mongo-spark-connector_2.12-3.0.1.jar with timestamp 1674844986561
[2023-01-27T18:43:07.529+0000] {spark_submit.py:495} INFO - 23/01/27 18:43:07 INFO Utils: /home/***/.ivy2/jars/org.mongodb.spark_mongo-spark-connector_2.12-3.0.1.jar has been previously copied to /tmp/spark-91c89cca-b25f-4611-84d4-b609a4bce1e2/userFiles-6d955dbb-26c6-4af0-a6f3-756845c8c6dc/org.mongodb.spark_mongo-spark-connector_2.12-3.0.1.jar
[2023-01-27T18:43:07.532+0000] {spark_submit.py:495} INFO - 23/01/27 18:43:07 INFO Executor: Fetching file:///home/***/.ivy2/jars/org.apache.commons_commons-pool2-2.6.2.jar with timestamp 1674844986561
[2023-01-27T18:43:07.533+0000] {spark_submit.py:495} INFO - 23/01/27 18:43:07 INFO Utils: /home/***/.ivy2/jars/org.apache.commons_commons-pool2-2.6.2.jar has been previously copied to /tmp/spark-91c89cca-b25f-4611-84d4-b609a4bce1e2/userFiles-6d955dbb-26c6-4af0-a6f3-756845c8c6dc/org.apache.commons_commons-pool2-2.6.2.jar
[2023-01-27T18:43:07.536+0000] {spark_submit.py:495} INFO - 23/01/27 18:43:07 INFO Executor: Fetching file:///home/***/.ivy2/jars/org.slf4j_slf4j-api-1.7.30.jar with timestamp 1674844986561
[2023-01-27T18:43:07.537+0000] {spark_submit.py:495} INFO - 23/01/27 18:43:07 INFO Utils: /home/***/.ivy2/jars/org.slf4j_slf4j-api-1.7.30.jar has been previously copied to /tmp/spark-91c89cca-b25f-4611-84d4-b609a4bce1e2/userFiles-6d955dbb-26c6-4af0-a6f3-756845c8c6dc/org.slf4j_slf4j-api-1.7.30.jar
[2023-01-27T18:43:07.543+0000] {spark_submit.py:495} INFO - 23/01/27 18:43:07 INFO Executor: Fetching spark://502660defd2e:37691/jars/org.mongodb_mongodb-driver-sync-4.0.5.jar with timestamp 1674844986561
[2023-01-27T18:43:07.575+0000] {spark_submit.py:495} INFO - 23/01/27 18:43:07 INFO TransportClientFactory: Successfully created connection to 502660defd2e/172.23.0.7:37691 after 22 ms (0 ms spent in bootstraps)
[2023-01-27T18:43:07.581+0000] {spark_submit.py:495} INFO - 23/01/27 18:43:07 INFO Utils: Fetching spark://502660defd2e:37691/jars/org.mongodb_mongodb-driver-sync-4.0.5.jar to /tmp/spark-91c89cca-b25f-4611-84d4-b609a4bce1e2/userFiles-6d955dbb-26c6-4af0-a6f3-756845c8c6dc/fetchFileTemp13085055614009449785.tmp
[2023-01-27T18:43:07.620+0000] {spark_submit.py:495} INFO - 23/01/27 18:43:07 INFO Utils: /tmp/spark-91c89cca-b25f-4611-84d4-b609a4bce1e2/userFiles-6d955dbb-26c6-4af0-a6f3-756845c8c6dc/fetchFileTemp13085055614009449785.tmp has been previously copied to /tmp/spark-91c89cca-b25f-4611-84d4-b609a4bce1e2/userFiles-6d955dbb-26c6-4af0-a6f3-756845c8c6dc/org.mongodb_mongodb-driver-sync-4.0.5.jar
[2023-01-27T18:43:07.625+0000] {spark_submit.py:495} INFO - 23/01/27 18:43:07 INFO Executor: Adding file:/tmp/spark-91c89cca-b25f-4611-84d4-b609a4bce1e2/userFiles-6d955dbb-26c6-4af0-a6f3-756845c8c6dc/org.mongodb_mongodb-driver-sync-4.0.5.jar to class loader
[2023-01-27T18:43:07.625+0000] {spark_submit.py:495} INFO - 23/01/27 18:43:07 INFO Executor: Fetching spark://502660defd2e:37691/jars/org.slf4j_slf4j-api-1.7.30.jar with timestamp 1674844986561
[2023-01-27T18:43:07.625+0000] {spark_submit.py:495} INFO - 23/01/27 18:43:07 INFO Utils: Fetching spark://502660defd2e:37691/jars/org.slf4j_slf4j-api-1.7.30.jar to /tmp/spark-91c89cca-b25f-4611-84d4-b609a4bce1e2/userFiles-6d955dbb-26c6-4af0-a6f3-756845c8c6dc/fetchFileTemp104811903578136196.tmp
[2023-01-27T18:43:07.627+0000] {spark_submit.py:495} INFO - 23/01/27 18:43:07 INFO Utils: /tmp/spark-91c89cca-b25f-4611-84d4-b609a4bce1e2/userFiles-6d955dbb-26c6-4af0-a6f3-756845c8c6dc/fetchFileTemp104811903578136196.tmp has been previously copied to /tmp/spark-91c89cca-b25f-4611-84d4-b609a4bce1e2/userFiles-6d955dbb-26c6-4af0-a6f3-756845c8c6dc/org.slf4j_slf4j-api-1.7.30.jar
[2023-01-27T18:43:07.632+0000] {spark_submit.py:495} INFO - 23/01/27 18:43:07 INFO Executor: Adding file:/tmp/spark-91c89cca-b25f-4611-84d4-b609a4bce1e2/userFiles-6d955dbb-26c6-4af0-a6f3-756845c8c6dc/org.slf4j_slf4j-api-1.7.30.jar to class loader
[2023-01-27T18:43:07.632+0000] {spark_submit.py:495} INFO - 23/01/27 18:43:07 INFO Executor: Fetching spark://502660defd2e:37691/jars/org.mongodb_bson-4.0.5.jar with timestamp 1674844986561
[2023-01-27T18:43:07.632+0000] {spark_submit.py:495} INFO - 23/01/27 18:43:07 INFO Utils: Fetching spark://502660defd2e:37691/jars/org.mongodb_bson-4.0.5.jar to /tmp/spark-91c89cca-b25f-4611-84d4-b609a4bce1e2/userFiles-6d955dbb-26c6-4af0-a6f3-756845c8c6dc/fetchFileTemp3571191012193740724.tmp
[2023-01-27T18:43:07.639+0000] {spark_submit.py:495} INFO - 23/01/27 18:43:07 INFO Utils: /tmp/spark-91c89cca-b25f-4611-84d4-b609a4bce1e2/userFiles-6d955dbb-26c6-4af0-a6f3-756845c8c6dc/fetchFileTemp3571191012193740724.tmp has been previously copied to /tmp/spark-91c89cca-b25f-4611-84d4-b609a4bce1e2/userFiles-6d955dbb-26c6-4af0-a6f3-756845c8c6dc/org.mongodb_bson-4.0.5.jar
[2023-01-27T18:43:07.643+0000] {spark_submit.py:495} INFO - 23/01/27 18:43:07 INFO Executor: Adding file:/tmp/spark-91c89cca-b25f-4611-84d4-b609a4bce1e2/userFiles-6d955dbb-26c6-4af0-a6f3-756845c8c6dc/org.mongodb_bson-4.0.5.jar to class loader
[2023-01-27T18:43:07.643+0000] {spark_submit.py:495} INFO - 23/01/27 18:43:07 INFO Executor: Fetching spark://502660defd2e:37691/jars/org.mongodb.spark_mongo-spark-connector_2.12-3.0.1.jar with timestamp 1674844986561
[2023-01-27T18:43:07.644+0000] {spark_submit.py:495} INFO - 23/01/27 18:43:07 INFO Utils: Fetching spark://502660defd2e:37691/jars/org.mongodb.spark_mongo-spark-connector_2.12-3.0.1.jar to /tmp/spark-91c89cca-b25f-4611-84d4-b609a4bce1e2/userFiles-6d955dbb-26c6-4af0-a6f3-756845c8c6dc/fetchFileTemp1052048790088771177.tmp
[2023-01-27T18:43:07.648+0000] {spark_submit.py:495} INFO - 23/01/27 18:43:07 INFO Utils: /tmp/spark-91c89cca-b25f-4611-84d4-b609a4bce1e2/userFiles-6d955dbb-26c6-4af0-a6f3-756845c8c6dc/fetchFileTemp1052048790088771177.tmp has been previously copied to /tmp/spark-91c89cca-b25f-4611-84d4-b609a4bce1e2/userFiles-6d955dbb-26c6-4af0-a6f3-756845c8c6dc/org.mongodb.spark_mongo-spark-connector_2.12-3.0.1.jar
[2023-01-27T18:43:07.653+0000] {spark_submit.py:495} INFO - 23/01/27 18:43:07 INFO Executor: Adding file:/tmp/spark-91c89cca-b25f-4611-84d4-b609a4bce1e2/userFiles-6d955dbb-26c6-4af0-a6f3-756845c8c6dc/org.mongodb.spark_mongo-spark-connector_2.12-3.0.1.jar to class loader
[2023-01-27T18:43:07.654+0000] {spark_submit.py:495} INFO - 23/01/27 18:43:07 INFO Executor: Fetching spark://502660defd2e:37691/jars/org.xerial.snappy_snappy-java-1.1.8.2.jar with timestamp 1674844986561
[2023-01-27T18:43:07.654+0000] {spark_submit.py:495} INFO - 23/01/27 18:43:07 INFO Utils: Fetching spark://502660defd2e:37691/jars/org.xerial.snappy_snappy-java-1.1.8.2.jar to /tmp/spark-91c89cca-b25f-4611-84d4-b609a4bce1e2/userFiles-6d955dbb-26c6-4af0-a6f3-756845c8c6dc/fetchFileTemp12373890765835513061.tmp
[2023-01-27T18:43:07.670+0000] {spark_submit.py:495} INFO - 23/01/27 18:43:07 INFO Utils: /tmp/spark-91c89cca-b25f-4611-84d4-b609a4bce1e2/userFiles-6d955dbb-26c6-4af0-a6f3-756845c8c6dc/fetchFileTemp12373890765835513061.tmp has been previously copied to /tmp/spark-91c89cca-b25f-4611-84d4-b609a4bce1e2/userFiles-6d955dbb-26c6-4af0-a6f3-756845c8c6dc/org.xerial.snappy_snappy-java-1.1.8.2.jar
[2023-01-27T18:43:07.673+0000] {spark_submit.py:495} INFO - 23/01/27 18:43:07 INFO Executor: Adding file:/tmp/spark-91c89cca-b25f-4611-84d4-b609a4bce1e2/userFiles-6d955dbb-26c6-4af0-a6f3-756845c8c6dc/org.xerial.snappy_snappy-java-1.1.8.2.jar to class loader
[2023-01-27T18:43:07.673+0000] {spark_submit.py:495} INFO - 23/01/27 18:43:07 INFO Executor: Fetching spark://502660defd2e:37691/jars/org.mongodb_mongodb-driver-core-4.0.5.jar with timestamp 1674844986561
[2023-01-27T18:43:07.675+0000] {spark_submit.py:495} INFO - 23/01/27 18:43:07 INFO Utils: Fetching spark://502660defd2e:37691/jars/org.mongodb_mongodb-driver-core-4.0.5.jar to /tmp/spark-91c89cca-b25f-4611-84d4-b609a4bce1e2/userFiles-6d955dbb-26c6-4af0-a6f3-756845c8c6dc/fetchFileTemp9585161086481362426.tmp
[2023-01-27T18:43:07.682+0000] {spark_submit.py:495} INFO - 23/01/27 18:43:07 INFO Utils: /tmp/spark-91c89cca-b25f-4611-84d4-b609a4bce1e2/userFiles-6d955dbb-26c6-4af0-a6f3-756845c8c6dc/fetchFileTemp9585161086481362426.tmp has been previously copied to /tmp/spark-91c89cca-b25f-4611-84d4-b609a4bce1e2/userFiles-6d955dbb-26c6-4af0-a6f3-756845c8c6dc/org.mongodb_mongodb-driver-core-4.0.5.jar
[2023-01-27T18:43:07.689+0000] {spark_submit.py:495} INFO - 23/01/27 18:43:07 INFO Executor: Adding file:/tmp/spark-91c89cca-b25f-4611-84d4-b609a4bce1e2/userFiles-6d955dbb-26c6-4af0-a6f3-756845c8c6dc/org.mongodb_mongodb-driver-core-4.0.5.jar to class loader
[2023-01-27T18:43:07.689+0000] {spark_submit.py:495} INFO - 23/01/27 18:43:07 INFO Executor: Fetching spark://502660defd2e:37691/jars/org.lz4_lz4-java-1.7.1.jar with timestamp 1674844986561
[2023-01-27T18:43:07.689+0000] {spark_submit.py:495} INFO - 23/01/27 18:43:07 INFO Utils: Fetching spark://502660defd2e:37691/jars/org.lz4_lz4-java-1.7.1.jar to /tmp/spark-91c89cca-b25f-4611-84d4-b609a4bce1e2/userFiles-6d955dbb-26c6-4af0-a6f3-756845c8c6dc/fetchFileTemp4780619255266204164.tmp
[2023-01-27T18:43:07.692+0000] {spark_submit.py:495} INFO - 23/01/27 18:43:07 INFO Utils: /tmp/spark-91c89cca-b25f-4611-84d4-b609a4bce1e2/userFiles-6d955dbb-26c6-4af0-a6f3-756845c8c6dc/fetchFileTemp4780619255266204164.tmp has been previously copied to /tmp/spark-91c89cca-b25f-4611-84d4-b609a4bce1e2/userFiles-6d955dbb-26c6-4af0-a6f3-756845c8c6dc/org.lz4_lz4-java-1.7.1.jar
[2023-01-27T18:43:07.697+0000] {spark_submit.py:495} INFO - 23/01/27 18:43:07 INFO Executor: Adding file:/tmp/spark-91c89cca-b25f-4611-84d4-b609a4bce1e2/userFiles-6d955dbb-26c6-4af0-a6f3-756845c8c6dc/org.lz4_lz4-java-1.7.1.jar to class loader
[2023-01-27T18:43:07.697+0000] {spark_submit.py:495} INFO - 23/01/27 18:43:07 INFO Executor: Fetching spark://502660defd2e:37691/jars/org.apache.spark_spark-token-provider-kafka-0-10_2.12-3.1.3.jar with timestamp 1674844986561
[2023-01-27T18:43:07.697+0000] {spark_submit.py:495} INFO - 23/01/27 18:43:07 INFO Utils: Fetching spark://502660defd2e:37691/jars/org.apache.spark_spark-token-provider-kafka-0-10_2.12-3.1.3.jar to /tmp/spark-91c89cca-b25f-4611-84d4-b609a4bce1e2/userFiles-6d955dbb-26c6-4af0-a6f3-756845c8c6dc/fetchFileTemp5744459296610308679.tmp
[2023-01-27T18:43:07.701+0000] {spark_submit.py:495} INFO - 23/01/27 18:43:07 INFO Utils: /tmp/spark-91c89cca-b25f-4611-84d4-b609a4bce1e2/userFiles-6d955dbb-26c6-4af0-a6f3-756845c8c6dc/fetchFileTemp5744459296610308679.tmp has been previously copied to /tmp/spark-91c89cca-b25f-4611-84d4-b609a4bce1e2/userFiles-6d955dbb-26c6-4af0-a6f3-756845c8c6dc/org.apache.spark_spark-token-provider-kafka-0-10_2.12-3.1.3.jar
[2023-01-27T18:43:07.708+0000] {spark_submit.py:495} INFO - 23/01/27 18:43:07 INFO Executor: Adding file:/tmp/spark-91c89cca-b25f-4611-84d4-b609a4bce1e2/userFiles-6d955dbb-26c6-4af0-a6f3-756845c8c6dc/org.apache.spark_spark-token-provider-kafka-0-10_2.12-3.1.3.jar to class loader
[2023-01-27T18:43:07.708+0000] {spark_submit.py:495} INFO - 23/01/27 18:43:07 INFO Executor: Fetching spark://502660defd2e:37691/jars/com.github.luben_zstd-jni-1.4.8-1.jar with timestamp 1674844986561
[2023-01-27T18:43:07.709+0000] {spark_submit.py:495} INFO - 23/01/27 18:43:07 INFO Utils: Fetching spark://502660defd2e:37691/jars/com.github.luben_zstd-jni-1.4.8-1.jar to /tmp/spark-91c89cca-b25f-4611-84d4-b609a4bce1e2/userFiles-6d955dbb-26c6-4af0-a6f3-756845c8c6dc/fetchFileTemp14814530113547272786.tmp
[2023-01-27T18:43:07.733+0000] {spark_submit.py:495} INFO - 23/01/27 18:43:07 INFO Utils: /tmp/spark-91c89cca-b25f-4611-84d4-b609a4bce1e2/userFiles-6d955dbb-26c6-4af0-a6f3-756845c8c6dc/fetchFileTemp14814530113547272786.tmp has been previously copied to /tmp/spark-91c89cca-b25f-4611-84d4-b609a4bce1e2/userFiles-6d955dbb-26c6-4af0-a6f3-756845c8c6dc/com.github.luben_zstd-jni-1.4.8-1.jar
[2023-01-27T18:43:07.744+0000] {spark_submit.py:495} INFO - 23/01/27 18:43:07 INFO Executor: Adding file:/tmp/spark-91c89cca-b25f-4611-84d4-b609a4bce1e2/userFiles-6d955dbb-26c6-4af0-a6f3-756845c8c6dc/com.github.luben_zstd-jni-1.4.8-1.jar to class loader
[2023-01-27T18:43:07.744+0000] {spark_submit.py:495} INFO - 23/01/27 18:43:07 INFO Executor: Fetching spark://502660defd2e:37691/jars/org.apache.spark_spark-sql-kafka-0-10_2.12-3.1.3.jar with timestamp 1674844986561
[2023-01-27T18:43:07.744+0000] {spark_submit.py:495} INFO - 23/01/27 18:43:07 INFO Utils: Fetching spark://502660defd2e:37691/jars/org.apache.spark_spark-sql-kafka-0-10_2.12-3.1.3.jar to /tmp/spark-91c89cca-b25f-4611-84d4-b609a4bce1e2/userFiles-6d955dbb-26c6-4af0-a6f3-756845c8c6dc/fetchFileTemp18195623935147985434.tmp
[2023-01-27T18:43:07.746+0000] {spark_submit.py:495} INFO - 23/01/27 18:43:07 INFO Utils: /tmp/spark-91c89cca-b25f-4611-84d4-b609a4bce1e2/userFiles-6d955dbb-26c6-4af0-a6f3-756845c8c6dc/fetchFileTemp18195623935147985434.tmp has been previously copied to /tmp/spark-91c89cca-b25f-4611-84d4-b609a4bce1e2/userFiles-6d955dbb-26c6-4af0-a6f3-756845c8c6dc/org.apache.spark_spark-sql-kafka-0-10_2.12-3.1.3.jar
[2023-01-27T18:43:07.749+0000] {spark_submit.py:495} INFO - 23/01/27 18:43:07 INFO Executor: Adding file:/tmp/spark-91c89cca-b25f-4611-84d4-b609a4bce1e2/userFiles-6d955dbb-26c6-4af0-a6f3-756845c8c6dc/org.apache.spark_spark-sql-kafka-0-10_2.12-3.1.3.jar to class loader
[2023-01-27T18:43:07.749+0000] {spark_submit.py:495} INFO - 23/01/27 18:43:07 INFO Executor: Fetching spark://502660defd2e:37691/jars/org.apache.commons_commons-pool2-2.6.2.jar with timestamp 1674844986561
[2023-01-27T18:43:07.749+0000] {spark_submit.py:495} INFO - 23/01/27 18:43:07 INFO Utils: Fetching spark://502660defd2e:37691/jars/org.apache.commons_commons-pool2-2.6.2.jar to /tmp/spark-91c89cca-b25f-4611-84d4-b609a4bce1e2/userFiles-6d955dbb-26c6-4af0-a6f3-756845c8c6dc/fetchFileTemp7578555161530012742.tmp
[2023-01-27T18:43:07.751+0000] {spark_submit.py:495} INFO - 23/01/27 18:43:07 INFO Utils: /tmp/spark-91c89cca-b25f-4611-84d4-b609a4bce1e2/userFiles-6d955dbb-26c6-4af0-a6f3-756845c8c6dc/fetchFileTemp7578555161530012742.tmp has been previously copied to /tmp/spark-91c89cca-b25f-4611-84d4-b609a4bce1e2/userFiles-6d955dbb-26c6-4af0-a6f3-756845c8c6dc/org.apache.commons_commons-pool2-2.6.2.jar
[2023-01-27T18:43:07.758+0000] {spark_submit.py:495} INFO - 23/01/27 18:43:07 INFO Executor: Adding file:/tmp/spark-91c89cca-b25f-4611-84d4-b609a4bce1e2/userFiles-6d955dbb-26c6-4af0-a6f3-756845c8c6dc/org.apache.commons_commons-pool2-2.6.2.jar to class loader
[2023-01-27T18:43:07.758+0000] {spark_submit.py:495} INFO - 23/01/27 18:43:07 INFO Executor: Fetching spark://502660defd2e:37691/jars/org.spark-project.spark_unused-1.0.0.jar with timestamp 1674844986561
[2023-01-27T18:43:07.759+0000] {spark_submit.py:495} INFO - 23/01/27 18:43:07 INFO Utils: Fetching spark://502660defd2e:37691/jars/org.spark-project.spark_unused-1.0.0.jar to /tmp/spark-91c89cca-b25f-4611-84d4-b609a4bce1e2/userFiles-6d955dbb-26c6-4af0-a6f3-756845c8c6dc/fetchFileTemp15051535781402529210.tmp
[2023-01-27T18:43:07.759+0000] {spark_submit.py:495} INFO - 23/01/27 18:43:07 INFO Utils: /tmp/spark-91c89cca-b25f-4611-84d4-b609a4bce1e2/userFiles-6d955dbb-26c6-4af0-a6f3-756845c8c6dc/fetchFileTemp15051535781402529210.tmp has been previously copied to /tmp/spark-91c89cca-b25f-4611-84d4-b609a4bce1e2/userFiles-6d955dbb-26c6-4af0-a6f3-756845c8c6dc/org.spark-project.spark_unused-1.0.0.jar
[2023-01-27T18:43:07.762+0000] {spark_submit.py:495} INFO - 23/01/27 18:43:07 INFO Executor: Adding file:/tmp/spark-91c89cca-b25f-4611-84d4-b609a4bce1e2/userFiles-6d955dbb-26c6-4af0-a6f3-756845c8c6dc/org.spark-project.spark_unused-1.0.0.jar to class loader
[2023-01-27T18:43:07.762+0000] {spark_submit.py:495} INFO - 23/01/27 18:43:07 INFO Executor: Fetching spark://502660defd2e:37691/jars/org.apache.kafka_kafka-clients-2.6.0.jar with timestamp 1674844986561
[2023-01-27T18:43:07.762+0000] {spark_submit.py:495} INFO - 23/01/27 18:43:07 INFO Utils: Fetching spark://502660defd2e:37691/jars/org.apache.kafka_kafka-clients-2.6.0.jar to /tmp/spark-91c89cca-b25f-4611-84d4-b609a4bce1e2/userFiles-6d955dbb-26c6-4af0-a6f3-756845c8c6dc/fetchFileTemp9614550975084846609.tmp
[2023-01-27T18:43:07.776+0000] {spark_submit.py:495} INFO - 23/01/27 18:43:07 INFO Utils: /tmp/spark-91c89cca-b25f-4611-84d4-b609a4bce1e2/userFiles-6d955dbb-26c6-4af0-a6f3-756845c8c6dc/fetchFileTemp9614550975084846609.tmp has been previously copied to /tmp/spark-91c89cca-b25f-4611-84d4-b609a4bce1e2/userFiles-6d955dbb-26c6-4af0-a6f3-756845c8c6dc/org.apache.kafka_kafka-clients-2.6.0.jar
[2023-01-27T18:43:07.783+0000] {spark_submit.py:495} INFO - 23/01/27 18:43:07 INFO Executor: Adding file:/tmp/spark-91c89cca-b25f-4611-84d4-b609a4bce1e2/userFiles-6d955dbb-26c6-4af0-a6f3-756845c8c6dc/org.apache.kafka_kafka-clients-2.6.0.jar to class loader
[2023-01-27T18:43:07.789+0000] {spark_submit.py:495} INFO - 23/01/27 18:43:07 INFO Utils: Successfully started service 'org.apache.spark.network.netty.NettyBlockTransferService' on port 45835.
[2023-01-27T18:43:07.789+0000] {spark_submit.py:495} INFO - 23/01/27 18:43:07 INFO NettyBlockTransferService: Server created on 502660defd2e:45835
[2023-01-27T18:43:07.790+0000] {spark_submit.py:495} INFO - 23/01/27 18:43:07 INFO BlockManager: Using org.apache.spark.storage.RandomBlockReplicationPolicy for block replication policy
[2023-01-27T18:43:07.794+0000] {spark_submit.py:495} INFO - 23/01/27 18:43:07 INFO BlockManagerMaster: Registering BlockManager BlockManagerId(driver, 502660defd2e, 45835, None)
[2023-01-27T18:43:07.796+0000] {spark_submit.py:495} INFO - 23/01/27 18:43:07 INFO BlockManagerMasterEndpoint: Registering block manager 502660defd2e:45835 with 434.4 MiB RAM, BlockManagerId(driver, 502660defd2e, 45835, None)
[2023-01-27T18:43:07.798+0000] {spark_submit.py:495} INFO - 23/01/27 18:43:07 INFO BlockManagerMaster: Registered BlockManager BlockManagerId(driver, 502660defd2e, 45835, None)
[2023-01-27T18:43:07.799+0000] {spark_submit.py:495} INFO - 23/01/27 18:43:07 INFO BlockManager: Initialized BlockManager: BlockManagerId(driver, 502660defd2e, 45835, None)
[2023-01-27T18:43:11.651+0000] {spark_submit.py:495} INFO - [[34m2023-01-27 18:43:11,651[0m] {[34mjava_gateway.py:[0m2270} INFO[0m - Callback Server Starting[0m
[2023-01-27T18:43:11.656+0000] {spark_submit.py:495} INFO - [[34m2023-01-27 18:43:11,655[0m] {[34mjava_gateway.py:[0m2274} INFO[0m - Socket listening on ('127.0.0.1', 37555)[0m
[2023-01-27T18:43:12.790+0000] {local_task_job.py:207} WARNING - Recorded pid 10466 does not match the current pid 10271
[2023-01-27T18:43:12.792+0000] {process_utils.py:133} INFO - Sending Signals.SIGTERM to group 10271. PIDs of all processes in the group: [10272, 10325, 10271]
[2023-01-27T18:43:12.792+0000] {process_utils.py:84} INFO - Sending the signal Signals.SIGTERM to group 10271
[2023-01-27T18:43:12.793+0000] {taskinstance.py:1483} ERROR - Received SIGTERM. Terminating subprocesses.
[2023-01-27T18:43:12.794+0000] {spark_submit.py:620} INFO - Sending kill signal to spark-submit
[2023-01-27T18:43:12.818+0000] {taskinstance.py:1772} ERROR - Task failed with exception
Traceback (most recent call last):
  File "/home/airflow/.local/lib/python3.7/site-packages/airflow/providers/apache/spark/operators/spark_submit.py", line 157, in execute
    self._hook.submit(self._application)
  File "/home/airflow/.local/lib/python3.7/site-packages/airflow/providers/apache/spark/hooks/spark_submit.py", line 414, in submit
    self._process_spark_submit_log(iter(self._submit_sp.stdout))  # type: ignore
  File "/home/airflow/.local/lib/python3.7/site-packages/airflow/providers/apache/spark/hooks/spark_submit.py", line 463, in _process_spark_submit_log
    for line in itr:
  File "/home/airflow/.local/lib/python3.7/site-packages/airflow/models/taskinstance.py", line 1485, in signal_handler
    raise AirflowException("Task received SIGTERM signal")
airflow.exceptions.AirflowException: Task received SIGTERM signal
[2023-01-27T18:43:12.843+0000] {taskinstance.py:1327} INFO - Marking task as UP_FOR_RETRY. dag_id=Streaming_pipeline_meli, task_id=consumer_data_of_topic, execution_date=20230127T162614, start_date=20230127T184310, end_date=20230127T184312
[2023-01-27T18:43:12.904+0000] {standard_task_runner.py:105} ERROR - Failed to execute job 1134 for task consumer_data_of_topic (Task received SIGTERM signal; 10271)
[2023-01-27T18:43:12.984+0000] {process_utils.py:79} INFO - Process psutil.Process(pid=10272, status='terminated', started='18:43:02') (10272) terminated with exit code None
[2023-01-27T18:43:12.984+0000] {process_utils.py:79} INFO - Process psutil.Process(pid=10271, status='terminated', exitcode=1, started='18:43:02') (10271) terminated with exit code 1
[2023-01-27T18:43:12.986+0000] {process_utils.py:79} INFO - Process psutil.Process(pid=10325, status='terminated', started='18:43:04') (10325) terminated with exit code None
