[2023-01-28T22:40:12.915+0000] {taskinstance.py:1087} INFO - Dependencies all met for <TaskInstance: Streaming_pipeline_meli.consumer_data_of_topic manual__2023-01-27T16:26:14.836684+00:00 [queued]>
[2023-01-28T22:40:12.923+0000] {taskinstance.py:1087} INFO - Dependencies all met for <TaskInstance: Streaming_pipeline_meli.consumer_data_of_topic manual__2023-01-27T16:26:14.836684+00:00 [queued]>
[2023-01-28T22:40:12.923+0000] {taskinstance.py:1283} INFO - 
--------------------------------------------------------------------------------
[2023-01-28T22:40:12.923+0000] {taskinstance.py:1284} INFO - Starting attempt 15 of 16
[2023-01-28T22:40:12.923+0000] {taskinstance.py:1285} INFO - 
--------------------------------------------------------------------------------
[2023-01-28T22:40:12.935+0000] {taskinstance.py:1304} INFO - Executing <Task(SparkSubmitOperator): consumer_data_of_topic> on 2023-01-27 16:26:14.836684+00:00
[2023-01-28T22:40:12.939+0000] {standard_task_runner.py:55} INFO - Started process 893 to run task
[2023-01-28T22:40:12.942+0000] {standard_task_runner.py:82} INFO - Running: ['***', 'tasks', 'run', 'Streaming_pipeline_meli', 'consumer_data_of_topic', 'manual__2023-01-27T16:26:14.836684+00:00', '--job-id', '1157', '--raw', '--subdir', 'DAGS_FOLDER/streamPipeline.py', '--cfg-path', '/tmp/tmpxmhppbh8']
[2023-01-28T22:40:12.942+0000] {standard_task_runner.py:83} INFO - Job 1157: Subtask consumer_data_of_topic
[2023-01-28T22:40:12.988+0000] {task_command.py:389} INFO - Running <TaskInstance: Streaming_pipeline_meli.consumer_data_of_topic manual__2023-01-27T16:26:14.836684+00:00 [running]> on host c581710b51ba
[2023-01-28T22:40:13.046+0000] {taskinstance.py:1513} INFO - Exporting the following env vars:
AIRFLOW_CTX_DAG_OWNER=***
AIRFLOW_CTX_DAG_ID=Streaming_pipeline_meli
AIRFLOW_CTX_TASK_ID=consumer_data_of_topic
AIRFLOW_CTX_EXECUTION_DATE=2023-01-27T16:26:14.836684+00:00
AIRFLOW_CTX_TRY_NUMBER=15
AIRFLOW_CTX_DAG_RUN_ID=manual__2023-01-27T16:26:14.836684+00:00
[2023-01-28T22:40:13.053+0000] {base.py:73} INFO - Using connection ID 'spark_default' for task execution.
[2023-01-28T22:40:13.054+0000] {spark_submit.py:344} INFO - Spark-Submit cmd: spark-submit --master spark://tomi-H310:7077 --packages org.apache.spark:spark-sql-kafka-0-10_2.12:3.1.3,org.mongodb.spark:mongo-spark-connector_2.12:3.0.1 --name arrow-spark --queue root.default /home/tomi/streamingPipelineMercadoLibre/docker_***/dags/consumerSpark.py
[2023-01-28T22:40:13.154+0000] {spark_submit.py:495} INFO - /home/***/.local/lib/python3.7/site-packages/pyspark/bin/load-spark-env.sh: line 68: ps: command not found
[2023-01-28T22:40:14.584+0000] {spark_submit.py:495} INFO - :: loading settings :: url = jar:file:/home/***/.local/lib/python3.7/site-packages/pyspark/jars/ivy-2.5.0.jar!/org/apache/ivy/core/settings/ivysettings.xml
[2023-01-28T22:40:14.651+0000] {spark_submit.py:495} INFO - Ivy Default Cache set to: /home/***/.ivy2/cache
[2023-01-28T22:40:14.651+0000] {spark_submit.py:495} INFO - The jars for the packages stored in: /home/***/.ivy2/jars
[2023-01-28T22:40:14.655+0000] {spark_submit.py:495} INFO - org.apache.spark#spark-sql-kafka-0-10_2.12 added as a dependency
[2023-01-28T22:40:14.655+0000] {spark_submit.py:495} INFO - org.mongodb.spark#mongo-spark-connector_2.12 added as a dependency
[2023-01-28T22:40:14.657+0000] {spark_submit.py:495} INFO - :: resolving dependencies :: org.apache.spark#spark-submit-parent-5575927e-24b6-4ed5-b99a-0858508ebba0;1.0
[2023-01-28T22:40:14.657+0000] {spark_submit.py:495} INFO - confs: [default]
[2023-01-28T22:40:14.785+0000] {spark_submit.py:495} INFO - found org.apache.spark#spark-sql-kafka-0-10_2.12;3.1.3 in central
[2023-01-28T22:40:14.836+0000] {spark_submit.py:495} INFO - found org.apache.spark#spark-token-provider-kafka-0-10_2.12;3.1.3 in central
[2023-01-28T22:40:14.858+0000] {spark_submit.py:495} INFO - found org.apache.kafka#kafka-clients;2.6.0 in central
[2023-01-28T22:40:14.879+0000] {spark_submit.py:495} INFO - found com.github.luben#zstd-jni;1.4.8-1 in central
[2023-01-28T22:40:14.894+0000] {spark_submit.py:495} INFO - found org.lz4#lz4-java;1.7.1 in central
[2023-01-28T22:40:14.907+0000] {spark_submit.py:495} INFO - found org.xerial.snappy#snappy-java;1.1.8.2 in central
[2023-01-28T22:40:14.921+0000] {spark_submit.py:495} INFO - found org.slf4j#slf4j-api;1.7.30 in central
[2023-01-28T22:40:14.933+0000] {spark_submit.py:495} INFO - found org.spark-project.spark#unused;1.0.0 in central
[2023-01-28T22:40:14.949+0000] {spark_submit.py:495} INFO - found org.apache.commons#commons-pool2;2.6.2 in central
[2023-01-28T22:40:14.960+0000] {spark_submit.py:495} INFO - found org.mongodb.spark#mongo-spark-connector_2.12;3.0.1 in central
[2023-01-28T22:40:14.968+0000] {spark_submit.py:495} INFO - found org.mongodb#mongodb-driver-sync;4.0.5 in central
[2023-01-28T22:40:14.976+0000] {spark_submit.py:495} INFO - found org.mongodb#bson;4.0.5 in central
[2023-01-28T22:40:14.985+0000] {spark_submit.py:495} INFO - found org.mongodb#mongodb-driver-core;4.0.5 in central
[2023-01-28T22:40:15.004+0000] {spark_submit.py:495} INFO - :: resolution report :: resolve 338ms :: artifacts dl 10ms
[2023-01-28T22:40:15.004+0000] {spark_submit.py:495} INFO - :: modules in use:
[2023-01-28T22:40:15.005+0000] {spark_submit.py:495} INFO - com.github.luben#zstd-jni;1.4.8-1 from central in [default]
[2023-01-28T22:40:15.005+0000] {spark_submit.py:495} INFO - org.apache.commons#commons-pool2;2.6.2 from central in [default]
[2023-01-28T22:40:15.005+0000] {spark_submit.py:495} INFO - org.apache.kafka#kafka-clients;2.6.0 from central in [default]
[2023-01-28T22:40:15.005+0000] {spark_submit.py:495} INFO - org.apache.spark#spark-sql-kafka-0-10_2.12;3.1.3 from central in [default]
[2023-01-28T22:40:15.005+0000] {spark_submit.py:495} INFO - org.apache.spark#spark-token-provider-kafka-0-10_2.12;3.1.3 from central in [default]
[2023-01-28T22:40:15.005+0000] {spark_submit.py:495} INFO - org.lz4#lz4-java;1.7.1 from central in [default]
[2023-01-28T22:40:15.005+0000] {spark_submit.py:495} INFO - org.mongodb#bson;4.0.5 from central in [default]
[2023-01-28T22:40:15.005+0000] {spark_submit.py:495} INFO - org.mongodb#mongodb-driver-core;4.0.5 from central in [default]
[2023-01-28T22:40:15.006+0000] {spark_submit.py:495} INFO - org.mongodb#mongodb-driver-sync;4.0.5 from central in [default]
[2023-01-28T22:40:15.006+0000] {spark_submit.py:495} INFO - org.mongodb.spark#mongo-spark-connector_2.12;3.0.1 from central in [default]
[2023-01-28T22:40:15.006+0000] {spark_submit.py:495} INFO - org.slf4j#slf4j-api;1.7.30 from central in [default]
[2023-01-28T22:40:15.006+0000] {spark_submit.py:495} INFO - org.spark-project.spark#unused;1.0.0 from central in [default]
[2023-01-28T22:40:15.007+0000] {spark_submit.py:495} INFO - org.xerial.snappy#snappy-java;1.1.8.2 from central in [default]
[2023-01-28T22:40:15.008+0000] {spark_submit.py:495} INFO - ---------------------------------------------------------------------
[2023-01-28T22:40:15.008+0000] {spark_submit.py:495} INFO - |                  |            modules            ||   artifacts   |
[2023-01-28T22:40:15.008+0000] {spark_submit.py:495} INFO - |       conf       | number| search|dwnlded|evicted|| number|dwnlded|
[2023-01-28T22:40:15.008+0000] {spark_submit.py:495} INFO - ---------------------------------------------------------------------
[2023-01-28T22:40:15.008+0000] {spark_submit.py:495} INFO - |      default     |   13  |   0   |   0   |   0   ||   13  |   0   |
[2023-01-28T22:40:15.008+0000] {spark_submit.py:495} INFO - ---------------------------------------------------------------------
[2023-01-28T22:40:15.016+0000] {spark_submit.py:495} INFO - :: retrieving :: org.apache.spark#spark-submit-parent-5575927e-24b6-4ed5-b99a-0858508ebba0
[2023-01-28T22:40:15.018+0000] {spark_submit.py:495} INFO - confs: [default]
[2023-01-28T22:40:15.029+0000] {spark_submit.py:495} INFO - 0 artifacts copied, 13 already retrieved (0kB/13ms)
[2023-01-28T22:40:15.214+0000] {spark_submit.py:495} INFO - 23/01/28 22:40:15 WARN NativeCodeLoader: Unable to load native-hadoop library for your platform... using builtin-java classes where applicable
[2023-01-28T22:40:15.484+0000] {spark_submit.py:495} INFO - python3: can't open file '/home/tomi/streamingPipelineMercadoLibre/docker_***/dags/consumerSpark.py': [Errno 2] No such file or directory
[2023-01-28T22:40:15.491+0000] {spark_submit.py:495} INFO - 23/01/28 22:40:15 INFO ShutdownHookManager: Shutdown hook called
[2023-01-28T22:40:15.492+0000] {spark_submit.py:495} INFO - 23/01/28 22:40:15 INFO ShutdownHookManager: Deleting directory /tmp/spark-ff5086ca-bb91-4136-aff7-8297736a36da
[2023-01-28T22:40:15.528+0000] {taskinstance.py:1772} ERROR - Task failed with exception
Traceback (most recent call last):
  File "/home/airflow/.local/lib/python3.7/site-packages/airflow/providers/apache/spark/operators/spark_submit.py", line 157, in execute
    self._hook.submit(self._application)
  File "/home/airflow/.local/lib/python3.7/site-packages/airflow/providers/apache/spark/hooks/spark_submit.py", line 427, in submit
    f"Cannot execute: {self._mask_cmd(spark_submit_cmd)}. Error code is: {returncode}."
airflow.exceptions.AirflowException: Cannot execute: spark-submit --master spark://tomi-H310:7077 --packages org.apache.spark:spark-sql-kafka-0-10_2.12:3.1.3,org.mongodb.spark:mongo-spark-connector_2.12:3.0.1 --name arrow-spark --queue root.default /home/tomi/streamingPipelineMercadoLibre/docker_***/dags/consumerSpark.py. Error code is: 2.
[2023-01-28T22:40:15.531+0000] {taskinstance.py:1327} INFO - Marking task as UP_FOR_RETRY. dag_id=Streaming_pipeline_meli, task_id=consumer_data_of_topic, execution_date=20230127T162614, start_date=20230128T224012, end_date=20230128T224015
[2023-01-28T22:40:15.543+0000] {standard_task_runner.py:105} ERROR - Failed to execute job 1157 for task consumer_data_of_topic (Cannot execute: spark-submit --master spark://tomi-H310:7077 --packages org.apache.spark:spark-sql-kafka-0-10_2.12:3.1.3,org.mongodb.spark:mongo-spark-connector_2.12:3.0.1 --name arrow-spark --queue root.default /home/tomi/streamingPipelineMercadoLibre/docker_***/dags/consumerSpark.py. Error code is: 2.; 893)
[2023-01-28T22:40:15.576+0000] {local_task_job.py:159} INFO - Task exited with return code 1
[2023-01-28T22:40:15.591+0000] {taskinstance.py:2582} INFO - 0 downstream tasks scheduled from follow-on schedule check
