[2023-01-27T18:33:52.328+0000] {taskinstance.py:1087} INFO - Dependencies all met for <TaskInstance: Streaming_pipeline_meli.consumer_data_of_topic manual__2023-01-27T16:26:14.836684+00:00 [queued]>
[2023-01-27T18:33:52.345+0000] {taskinstance.py:1087} INFO - Dependencies all met for <TaskInstance: Streaming_pipeline_meli.consumer_data_of_topic manual__2023-01-27T16:26:14.836684+00:00 [queued]>
[2023-01-27T18:33:52.345+0000] {taskinstance.py:1283} INFO - 
--------------------------------------------------------------------------------
[2023-01-27T18:33:52.345+0000] {taskinstance.py:1284} INFO - Starting attempt 2 of 7
[2023-01-27T18:33:52.345+0000] {taskinstance.py:1285} INFO - 
--------------------------------------------------------------------------------
[2023-01-27T18:33:52.359+0000] {taskinstance.py:1304} INFO - Executing <Task(SparkSubmitOperator): consumer_data_of_topic> on 2023-01-27 16:26:14.836684+00:00
[2023-01-27T18:33:52.364+0000] {standard_task_runner.py:55} INFO - Started process 8820 to run task
[2023-01-27T18:33:52.366+0000] {standard_task_runner.py:82} INFO - Running: ['***', 'tasks', 'run', 'Streaming_pipeline_meli', 'consumer_data_of_topic', 'manual__2023-01-27T16:26:14.836684+00:00', '--job-id', '1129', '--raw', '--subdir', 'DAGS_FOLDER/producer_dag.py', '--cfg-path', '/tmp/tmppqz_qqj6']
[2023-01-27T18:33:52.367+0000] {standard_task_runner.py:83} INFO - Job 1129: Subtask consumer_data_of_topic
[2023-01-27T18:33:52.429+0000] {task_command.py:389} INFO - Running <TaskInstance: Streaming_pipeline_meli.consumer_data_of_topic manual__2023-01-27T16:26:14.836684+00:00 [running]> on host 502660defd2e
[2023-01-27T18:33:52.495+0000] {taskinstance.py:1513} INFO - Exporting the following env vars:
AIRFLOW_CTX_DAG_OWNER=***
AIRFLOW_CTX_DAG_ID=Streaming_pipeline_meli
AIRFLOW_CTX_TASK_ID=consumer_data_of_topic
AIRFLOW_CTX_EXECUTION_DATE=2023-01-27T16:26:14.836684+00:00
AIRFLOW_CTX_TRY_NUMBER=2
AIRFLOW_CTX_DAG_RUN_ID=manual__2023-01-27T16:26:14.836684+00:00
[2023-01-27T18:33:52.504+0000] {base.py:73} INFO - Using connection ID 'spark_default' for task execution.
[2023-01-27T18:33:52.507+0000] {spark_submit.py:344} INFO - Spark-Submit cmd: spark-submit --master spark://tomi-H310:7077 --packages org.apache.spark:spark-sql-kafka-0-10_2.12:3.1.3,org.mongodb.spark:mongo-spark-connector_2.12:3.0.1 --name arrow-spark --queue root.default /opt/***/dags/consumerSpark.py
[2023-01-27T18:33:52.630+0000] {spark_submit.py:495} INFO - /home/***/.local/lib/python3.7/site-packages/pyspark/bin/load-spark-env.sh: line 68: ps: command not found
[2023-01-27T18:33:55.114+0000] {spark_submit.py:495} INFO - :: loading settings :: url = jar:file:/home/***/.local/lib/python3.7/site-packages/pyspark/jars/ivy-2.5.0.jar!/org/apache/ivy/core/settings/ivysettings.xml
[2023-01-27T18:33:55.185+0000] {spark_submit.py:495} INFO - Ivy Default Cache set to: /home/***/.ivy2/cache
[2023-01-27T18:33:55.185+0000] {spark_submit.py:495} INFO - The jars for the packages stored in: /home/***/.ivy2/jars
[2023-01-27T18:33:55.191+0000] {spark_submit.py:495} INFO - org.apache.spark#spark-sql-kafka-0-10_2.12 added as a dependency
[2023-01-27T18:33:55.191+0000] {spark_submit.py:495} INFO - org.mongodb.spark#mongo-spark-connector_2.12 added as a dependency
[2023-01-27T18:33:55.192+0000] {spark_submit.py:495} INFO - :: resolving dependencies :: org.apache.spark#spark-submit-parent-b962caa4-0930-4ff4-98ed-d0cd653feb28;1.0
[2023-01-27T18:33:55.192+0000] {spark_submit.py:495} INFO - confs: [default]
[2023-01-27T18:33:55.390+0000] {spark_submit.py:495} INFO - found org.apache.spark#spark-sql-kafka-0-10_2.12;3.1.3 in central
[2023-01-27T18:33:55.471+0000] {spark_submit.py:495} INFO - found org.apache.spark#spark-token-provider-kafka-0-10_2.12;3.1.3 in central
[2023-01-27T18:33:55.494+0000] {spark_submit.py:495} INFO - found org.apache.kafka#kafka-clients;2.6.0 in central
[2023-01-27T18:33:55.514+0000] {spark_submit.py:495} INFO - found com.github.luben#zstd-jni;1.4.8-1 in central
[2023-01-27T18:33:55.531+0000] {spark_submit.py:495} INFO - found org.lz4#lz4-java;1.7.1 in central
[2023-01-27T18:33:55.546+0000] {spark_submit.py:495} INFO - found org.xerial.snappy#snappy-java;1.1.8.2 in central
[2023-01-27T18:33:55.560+0000] {spark_submit.py:495} INFO - found org.slf4j#slf4j-api;1.7.30 in central
[2023-01-27T18:33:55.580+0000] {spark_submit.py:495} INFO - found org.spark-project.spark#unused;1.0.0 in central
[2023-01-27T18:33:55.594+0000] {spark_submit.py:495} INFO - found org.apache.commons#commons-pool2;2.6.2 in central
[2023-01-27T18:33:55.605+0000] {spark_submit.py:495} INFO - found org.mongodb.spark#mongo-spark-connector_2.12;3.0.1 in central
[2023-01-27T18:33:55.614+0000] {spark_submit.py:495} INFO - found org.mongodb#mongodb-driver-sync;4.0.5 in central
[2023-01-27T18:33:55.623+0000] {spark_submit.py:495} INFO - found org.mongodb#bson;4.0.5 in central
[2023-01-27T18:33:55.632+0000] {spark_submit.py:495} INFO - found org.mongodb#mongodb-driver-core;4.0.5 in central
[2023-01-27T18:33:55.653+0000] {spark_submit.py:495} INFO - :: resolution report :: resolve 450ms :: artifacts dl 11ms
[2023-01-27T18:33:55.654+0000] {spark_submit.py:495} INFO - :: modules in use:
[2023-01-27T18:33:55.654+0000] {spark_submit.py:495} INFO - com.github.luben#zstd-jni;1.4.8-1 from central in [default]
[2023-01-27T18:33:55.654+0000] {spark_submit.py:495} INFO - org.apache.commons#commons-pool2;2.6.2 from central in [default]
[2023-01-27T18:33:55.655+0000] {spark_submit.py:495} INFO - org.apache.kafka#kafka-clients;2.6.0 from central in [default]
[2023-01-27T18:33:55.655+0000] {spark_submit.py:495} INFO - org.apache.spark#spark-sql-kafka-0-10_2.12;3.1.3 from central in [default]
[2023-01-27T18:33:55.655+0000] {spark_submit.py:495} INFO - org.apache.spark#spark-token-provider-kafka-0-10_2.12;3.1.3 from central in [default]
[2023-01-27T18:33:55.655+0000] {spark_submit.py:495} INFO - org.lz4#lz4-java;1.7.1 from central in [default]
[2023-01-27T18:33:55.656+0000] {spark_submit.py:495} INFO - org.mongodb#bson;4.0.5 from central in [default]
[2023-01-27T18:33:55.656+0000] {spark_submit.py:495} INFO - org.mongodb#mongodb-driver-core;4.0.5 from central in [default]
[2023-01-27T18:33:55.656+0000] {spark_submit.py:495} INFO - org.mongodb#mongodb-driver-sync;4.0.5 from central in [default]
[2023-01-27T18:33:55.656+0000] {spark_submit.py:495} INFO - org.mongodb.spark#mongo-spark-connector_2.12;3.0.1 from central in [default]
[2023-01-27T18:33:55.657+0000] {spark_submit.py:495} INFO - org.slf4j#slf4j-api;1.7.30 from central in [default]
[2023-01-27T18:33:55.657+0000] {spark_submit.py:495} INFO - org.spark-project.spark#unused;1.0.0 from central in [default]
[2023-01-27T18:33:55.657+0000] {spark_submit.py:495} INFO - org.xerial.snappy#snappy-java;1.1.8.2 from central in [default]
[2023-01-27T18:33:55.657+0000] {spark_submit.py:495} INFO - ---------------------------------------------------------------------
[2023-01-27T18:33:55.658+0000] {spark_submit.py:495} INFO - |                  |            modules            ||   artifacts   |
[2023-01-27T18:33:55.658+0000] {spark_submit.py:495} INFO - |       conf       | number| search|dwnlded|evicted|| number|dwnlded|
[2023-01-27T18:33:55.658+0000] {spark_submit.py:495} INFO - ---------------------------------------------------------------------
[2023-01-27T18:33:55.658+0000] {spark_submit.py:495} INFO - |      default     |   13  |   0   |   0   |   0   ||   13  |   0   |
[2023-01-27T18:33:55.658+0000] {spark_submit.py:495} INFO - ---------------------------------------------------------------------
[2023-01-27T18:33:55.664+0000] {spark_submit.py:495} INFO - :: retrieving :: org.apache.spark#spark-submit-parent-b962caa4-0930-4ff4-98ed-d0cd653feb28
[2023-01-27T18:33:55.664+0000] {spark_submit.py:495} INFO - confs: [default]
[2023-01-27T18:33:55.671+0000] {spark_submit.py:495} INFO - 0 artifacts copied, 13 already retrieved (0kB/7ms)
[2023-01-27T18:33:55.920+0000] {spark_submit.py:495} INFO - 23/01/27 18:33:55 WARN NativeCodeLoader: Unable to load native-hadoop library for your platform... using builtin-java classes where applicable
[2023-01-27T18:33:57.430+0000] {spark_submit.py:495} INFO - 23/01/27 18:33:57 INFO SparkContext: Running Spark version 3.3.1
[2023-01-27T18:33:57.450+0000] {spark_submit.py:495} INFO - 23/01/27 18:33:57 INFO ResourceUtils: ==============================================================
[2023-01-27T18:33:57.450+0000] {spark_submit.py:495} INFO - 23/01/27 18:33:57 INFO ResourceUtils: No custom resources configured for spark.driver.
[2023-01-27T18:33:57.451+0000] {spark_submit.py:495} INFO - 23/01/27 18:33:57 INFO ResourceUtils: ==============================================================
[2023-01-27T18:33:57.451+0000] {spark_submit.py:495} INFO - 23/01/27 18:33:57 INFO SparkContext: Submitted application: arrow-spark
[2023-01-27T18:33:57.468+0000] {spark_submit.py:495} INFO - 23/01/27 18:33:57 INFO ResourceProfile: Default ResourceProfile created, executor resources: Map(cores -> name: cores, amount: 1, script: , vendor: , memory -> name: memory, amount: 1024, script: , vendor: , offHeap -> name: offHeap, amount: 0, script: , vendor: ), task resources: Map(cpus -> name: cpus, amount: 1.0)
[2023-01-27T18:33:57.479+0000] {spark_submit.py:495} INFO - 23/01/27 18:33:57 INFO ResourceProfile: Limiting resource is cpu
[2023-01-27T18:33:57.479+0000] {spark_submit.py:495} INFO - 23/01/27 18:33:57 INFO ResourceProfileManager: Added ResourceProfile id: 0
[2023-01-27T18:33:57.526+0000] {spark_submit.py:495} INFO - 23/01/27 18:33:57 INFO SecurityManager: Changing view acls to: default
[2023-01-27T18:33:57.527+0000] {spark_submit.py:495} INFO - 23/01/27 18:33:57 INFO SecurityManager: Changing modify acls to: default
[2023-01-27T18:33:57.528+0000] {spark_submit.py:495} INFO - 23/01/27 18:33:57 INFO SecurityManager: Changing view acls groups to:
[2023-01-27T18:33:57.529+0000] {spark_submit.py:495} INFO - 23/01/27 18:33:57 INFO SecurityManager: Changing modify acls groups to:
[2023-01-27T18:33:57.529+0000] {spark_submit.py:495} INFO - 23/01/27 18:33:57 INFO SecurityManager: SecurityManager: authentication disabled; ui acls disabled; users  with view permissions: Set(default); groups with view permissions: Set(); users  with modify permissions: Set(default); groups with modify permissions: Set()
[2023-01-27T18:33:57.740+0000] {spark_submit.py:495} INFO - 23/01/27 18:33:57 INFO Utils: Successfully started service 'sparkDriver' on port 36163.
[2023-01-27T18:33:57.774+0000] {spark_submit.py:495} INFO - 23/01/27 18:33:57 INFO SparkEnv: Registering MapOutputTracker
[2023-01-27T18:33:57.811+0000] {spark_submit.py:495} INFO - 23/01/27 18:33:57 INFO SparkEnv: Registering BlockManagerMaster
[2023-01-27T18:33:57.827+0000] {spark_submit.py:495} INFO - 23/01/27 18:33:57 INFO BlockManagerMasterEndpoint: Using org.apache.spark.storage.DefaultTopologyMapper for getting topology information
[2023-01-27T18:33:57.828+0000] {spark_submit.py:495} INFO - 23/01/27 18:33:57 INFO BlockManagerMasterEndpoint: BlockManagerMasterEndpoint up
[2023-01-27T18:33:57.831+0000] {spark_submit.py:495} INFO - 23/01/27 18:33:57 INFO SparkEnv: Registering BlockManagerMasterHeartbeat
[2023-01-27T18:33:57.851+0000] {spark_submit.py:495} INFO - 23/01/27 18:33:57 INFO DiskBlockManager: Created local directory at /tmp/blockmgr-148737db-1173-462b-90b9-26f568fe0186
[2023-01-27T18:33:57.867+0000] {spark_submit.py:495} INFO - 23/01/27 18:33:57 INFO MemoryStore: MemoryStore started with capacity 434.4 MiB
[2023-01-27T18:33:57.890+0000] {spark_submit.py:495} INFO - 23/01/27 18:33:57 INFO SparkEnv: Registering OutputCommitCoordinator
[2023-01-27T18:33:58.096+0000] {spark_submit.py:495} INFO - 23/01/27 18:33:58 WARN Utils: Service 'SparkUI' could not bind on port 4040. Attempting port 4041.
[2023-01-27T18:33:58.102+0000] {spark_submit.py:495} INFO - 23/01/27 18:33:58 INFO Utils: Successfully started service 'SparkUI' on port 4041.
[2023-01-27T18:33:58.131+0000] {spark_submit.py:495} INFO - 23/01/27 18:33:58 INFO SparkContext: Added JAR file:///home/***/.ivy2/jars/org.apache.spark_spark-sql-kafka-0-10_2.12-3.1.3.jar at spark://502660defd2e:36163/jars/org.apache.spark_spark-sql-kafka-0-10_2.12-3.1.3.jar with timestamp 1674844437423
[2023-01-27T18:33:58.132+0000] {spark_submit.py:495} INFO - 23/01/27 18:33:58 INFO SparkContext: Added JAR file:///home/***/.ivy2/jars/org.mongodb.spark_mongo-spark-connector_2.12-3.0.1.jar at spark://502660defd2e:36163/jars/org.mongodb.spark_mongo-spark-connector_2.12-3.0.1.jar with timestamp 1674844437423
[2023-01-27T18:33:58.132+0000] {spark_submit.py:495} INFO - 23/01/27 18:33:58 INFO SparkContext: Added JAR file:///home/***/.ivy2/jars/org.apache.spark_spark-token-provider-kafka-0-10_2.12-3.1.3.jar at spark://502660defd2e:36163/jars/org.apache.spark_spark-token-provider-kafka-0-10_2.12-3.1.3.jar with timestamp 1674844437423
[2023-01-27T18:33:58.132+0000] {spark_submit.py:495} INFO - 23/01/27 18:33:58 INFO SparkContext: Added JAR file:///home/***/.ivy2/jars/org.apache.kafka_kafka-clients-2.6.0.jar at spark://502660defd2e:36163/jars/org.apache.kafka_kafka-clients-2.6.0.jar with timestamp 1674844437423
[2023-01-27T18:33:58.132+0000] {spark_submit.py:495} INFO - 23/01/27 18:33:58 INFO SparkContext: Added JAR file:///home/***/.ivy2/jars/org.apache.commons_commons-pool2-2.6.2.jar at spark://502660defd2e:36163/jars/org.apache.commons_commons-pool2-2.6.2.jar with timestamp 1674844437423
[2023-01-27T18:33:58.132+0000] {spark_submit.py:495} INFO - 23/01/27 18:33:58 INFO SparkContext: Added JAR file:///home/***/.ivy2/jars/org.spark-project.spark_unused-1.0.0.jar at spark://502660defd2e:36163/jars/org.spark-project.spark_unused-1.0.0.jar with timestamp 1674844437423
[2023-01-27T18:33:58.132+0000] {spark_submit.py:495} INFO - 23/01/27 18:33:58 INFO SparkContext: Added JAR file:///home/***/.ivy2/jars/com.github.luben_zstd-jni-1.4.8-1.jar at spark://502660defd2e:36163/jars/com.github.luben_zstd-jni-1.4.8-1.jar with timestamp 1674844437423
[2023-01-27T18:33:58.132+0000] {spark_submit.py:495} INFO - 23/01/27 18:33:58 INFO SparkContext: Added JAR file:///home/***/.ivy2/jars/org.lz4_lz4-java-1.7.1.jar at spark://502660defd2e:36163/jars/org.lz4_lz4-java-1.7.1.jar with timestamp 1674844437423
[2023-01-27T18:33:58.133+0000] {spark_submit.py:495} INFO - 23/01/27 18:33:58 INFO SparkContext: Added JAR file:///home/***/.ivy2/jars/org.xerial.snappy_snappy-java-1.1.8.2.jar at spark://502660defd2e:36163/jars/org.xerial.snappy_snappy-java-1.1.8.2.jar with timestamp 1674844437423
[2023-01-27T18:33:58.133+0000] {spark_submit.py:495} INFO - 23/01/27 18:33:58 INFO SparkContext: Added JAR file:///home/***/.ivy2/jars/org.slf4j_slf4j-api-1.7.30.jar at spark://502660defd2e:36163/jars/org.slf4j_slf4j-api-1.7.30.jar with timestamp 1674844437423
[2023-01-27T18:33:58.133+0000] {spark_submit.py:495} INFO - 23/01/27 18:33:58 INFO SparkContext: Added JAR file:///home/***/.ivy2/jars/org.mongodb_mongodb-driver-sync-4.0.5.jar at spark://502660defd2e:36163/jars/org.mongodb_mongodb-driver-sync-4.0.5.jar with timestamp 1674844437423
[2023-01-27T18:33:58.133+0000] {spark_submit.py:495} INFO - 23/01/27 18:33:58 INFO SparkContext: Added JAR file:///home/***/.ivy2/jars/org.mongodb_bson-4.0.5.jar at spark://502660defd2e:36163/jars/org.mongodb_bson-4.0.5.jar with timestamp 1674844437423
[2023-01-27T18:33:58.133+0000] {spark_submit.py:495} INFO - 23/01/27 18:33:58 INFO SparkContext: Added JAR file:///home/***/.ivy2/jars/org.mongodb_mongodb-driver-core-4.0.5.jar at spark://502660defd2e:36163/jars/org.mongodb_mongodb-driver-core-4.0.5.jar with timestamp 1674844437423
[2023-01-27T18:33:58.134+0000] {spark_submit.py:495} INFO - 23/01/27 18:33:58 INFO SparkContext: Added file file:///home/***/.ivy2/jars/org.apache.spark_spark-sql-kafka-0-10_2.12-3.1.3.jar at file:///home/***/.ivy2/jars/org.apache.spark_spark-sql-kafka-0-10_2.12-3.1.3.jar with timestamp 1674844437423
[2023-01-27T18:33:58.135+0000] {spark_submit.py:495} INFO - 23/01/27 18:33:58 INFO Utils: Copying /home/***/.ivy2/jars/org.apache.spark_spark-sql-kafka-0-10_2.12-3.1.3.jar to /tmp/spark-d556462f-99b3-4328-8006-3756513136ac/userFiles-0d74e160-fa76-4f62-ac25-aa7576b7a49d/org.apache.spark_spark-sql-kafka-0-10_2.12-3.1.3.jar
[2023-01-27T18:33:58.144+0000] {spark_submit.py:495} INFO - 23/01/27 18:33:58 INFO SparkContext: Added file file:///home/***/.ivy2/jars/org.mongodb.spark_mongo-spark-connector_2.12-3.0.1.jar at file:///home/***/.ivy2/jars/org.mongodb.spark_mongo-spark-connector_2.12-3.0.1.jar with timestamp 1674844437423
[2023-01-27T18:33:58.145+0000] {spark_submit.py:495} INFO - 23/01/27 18:33:58 INFO Utils: Copying /home/***/.ivy2/jars/org.mongodb.spark_mongo-spark-connector_2.12-3.0.1.jar to /tmp/spark-d556462f-99b3-4328-8006-3756513136ac/userFiles-0d74e160-fa76-4f62-ac25-aa7576b7a49d/org.mongodb.spark_mongo-spark-connector_2.12-3.0.1.jar
[2023-01-27T18:33:58.149+0000] {spark_submit.py:495} INFO - 23/01/27 18:33:58 INFO SparkContext: Added file file:///home/***/.ivy2/jars/org.apache.spark_spark-token-provider-kafka-0-10_2.12-3.1.3.jar at file:///home/***/.ivy2/jars/org.apache.spark_spark-token-provider-kafka-0-10_2.12-3.1.3.jar with timestamp 1674844437423
[2023-01-27T18:33:58.149+0000] {spark_submit.py:495} INFO - 23/01/27 18:33:58 INFO Utils: Copying /home/***/.ivy2/jars/org.apache.spark_spark-token-provider-kafka-0-10_2.12-3.1.3.jar to /tmp/spark-d556462f-99b3-4328-8006-3756513136ac/userFiles-0d74e160-fa76-4f62-ac25-aa7576b7a49d/org.apache.spark_spark-token-provider-kafka-0-10_2.12-3.1.3.jar
[2023-01-27T18:33:58.162+0000] {spark_submit.py:495} INFO - 23/01/27 18:33:58 INFO SparkContext: Added file file:///home/***/.ivy2/jars/org.apache.kafka_kafka-clients-2.6.0.jar at file:///home/***/.ivy2/jars/org.apache.kafka_kafka-clients-2.6.0.jar with timestamp 1674844437423
[2023-01-27T18:33:58.162+0000] {spark_submit.py:495} INFO - 23/01/27 18:33:58 INFO Utils: Copying /home/***/.ivy2/jars/org.apache.kafka_kafka-clients-2.6.0.jar to /tmp/spark-d556462f-99b3-4328-8006-3756513136ac/userFiles-0d74e160-fa76-4f62-ac25-aa7576b7a49d/org.apache.kafka_kafka-clients-2.6.0.jar
[2023-01-27T18:33:58.181+0000] {spark_submit.py:495} INFO - 23/01/27 18:33:58 INFO SparkContext: Added file file:///home/***/.ivy2/jars/org.apache.commons_commons-pool2-2.6.2.jar at file:///home/***/.ivy2/jars/org.apache.commons_commons-pool2-2.6.2.jar with timestamp 1674844437423
[2023-01-27T18:33:58.181+0000] {spark_submit.py:495} INFO - 23/01/27 18:33:58 INFO Utils: Copying /home/***/.ivy2/jars/org.apache.commons_commons-pool2-2.6.2.jar to /tmp/spark-d556462f-99b3-4328-8006-3756513136ac/userFiles-0d74e160-fa76-4f62-ac25-aa7576b7a49d/org.apache.commons_commons-pool2-2.6.2.jar
[2023-01-27T18:33:58.184+0000] {spark_submit.py:495} INFO - 23/01/27 18:33:58 INFO SparkContext: Added file file:///home/***/.ivy2/jars/org.spark-project.spark_unused-1.0.0.jar at file:///home/***/.ivy2/jars/org.spark-project.spark_unused-1.0.0.jar with timestamp 1674844437423
[2023-01-27T18:33:58.184+0000] {spark_submit.py:495} INFO - 23/01/27 18:33:58 INFO Utils: Copying /home/***/.ivy2/jars/org.spark-project.spark_unused-1.0.0.jar to /tmp/spark-d556462f-99b3-4328-8006-3756513136ac/userFiles-0d74e160-fa76-4f62-ac25-aa7576b7a49d/org.spark-project.spark_unused-1.0.0.jar
[2023-01-27T18:33:58.187+0000] {spark_submit.py:495} INFO - 23/01/27 18:33:58 INFO SparkContext: Added file file:///home/***/.ivy2/jars/com.github.luben_zstd-jni-1.4.8-1.jar at file:///home/***/.ivy2/jars/com.github.luben_zstd-jni-1.4.8-1.jar with timestamp 1674844437423
[2023-01-27T18:33:58.187+0000] {spark_submit.py:495} INFO - 23/01/27 18:33:58 INFO Utils: Copying /home/***/.ivy2/jars/com.github.luben_zstd-jni-1.4.8-1.jar to /tmp/spark-d556462f-99b3-4328-8006-3756513136ac/userFiles-0d74e160-fa76-4f62-ac25-aa7576b7a49d/com.github.luben_zstd-jni-1.4.8-1.jar
[2023-01-27T18:33:58.225+0000] {spark_submit.py:495} INFO - 23/01/27 18:33:58 INFO SparkContext: Added file file:///home/***/.ivy2/jars/org.lz4_lz4-java-1.7.1.jar at file:///home/***/.ivy2/jars/org.lz4_lz4-java-1.7.1.jar with timestamp 1674844437423
[2023-01-27T18:33:58.227+0000] {spark_submit.py:495} INFO - 23/01/27 18:33:58 INFO Utils: Copying /home/***/.ivy2/jars/org.lz4_lz4-java-1.7.1.jar to /tmp/spark-d556462f-99b3-4328-8006-3756513136ac/userFiles-0d74e160-fa76-4f62-ac25-aa7576b7a49d/org.lz4_lz4-java-1.7.1.jar
[2023-01-27T18:33:58.246+0000] {spark_submit.py:495} INFO - 23/01/27 18:33:58 INFO SparkContext: Added file file:///home/***/.ivy2/jars/org.xerial.snappy_snappy-java-1.1.8.2.jar at file:///home/***/.ivy2/jars/org.xerial.snappy_snappy-java-1.1.8.2.jar with timestamp 1674844437423
[2023-01-27T18:33:58.247+0000] {spark_submit.py:495} INFO - 23/01/27 18:33:58 INFO Utils: Copying /home/***/.ivy2/jars/org.xerial.snappy_snappy-java-1.1.8.2.jar to /tmp/spark-d556462f-99b3-4328-8006-3756513136ac/userFiles-0d74e160-fa76-4f62-ac25-aa7576b7a49d/org.xerial.snappy_snappy-java-1.1.8.2.jar
[2023-01-27T18:33:58.267+0000] {spark_submit.py:495} INFO - 23/01/27 18:33:58 INFO SparkContext: Added file file:///home/***/.ivy2/jars/org.slf4j_slf4j-api-1.7.30.jar at file:///home/***/.ivy2/jars/org.slf4j_slf4j-api-1.7.30.jar with timestamp 1674844437423
[2023-01-27T18:33:58.268+0000] {spark_submit.py:495} INFO - 23/01/27 18:33:58 INFO Utils: Copying /home/***/.ivy2/jars/org.slf4j_slf4j-api-1.7.30.jar to /tmp/spark-d556462f-99b3-4328-8006-3756513136ac/userFiles-0d74e160-fa76-4f62-ac25-aa7576b7a49d/org.slf4j_slf4j-api-1.7.30.jar
[2023-01-27T18:33:58.283+0000] {spark_submit.py:495} INFO - 23/01/27 18:33:58 INFO SparkContext: Added file file:///home/***/.ivy2/jars/org.mongodb_mongodb-driver-sync-4.0.5.jar at file:///home/***/.ivy2/jars/org.mongodb_mongodb-driver-sync-4.0.5.jar with timestamp 1674844437423
[2023-01-27T18:33:58.283+0000] {spark_submit.py:495} INFO - 23/01/27 18:33:58 INFO Utils: Copying /home/***/.ivy2/jars/org.mongodb_mongodb-driver-sync-4.0.5.jar to /tmp/spark-d556462f-99b3-4328-8006-3756513136ac/userFiles-0d74e160-fa76-4f62-ac25-aa7576b7a49d/org.mongodb_mongodb-driver-sync-4.0.5.jar
[2023-01-27T18:33:58.300+0000] {spark_submit.py:495} INFO - 23/01/27 18:33:58 INFO SparkContext: Added file file:///home/***/.ivy2/jars/org.mongodb_bson-4.0.5.jar at file:///home/***/.ivy2/jars/org.mongodb_bson-4.0.5.jar with timestamp 1674844437423
[2023-01-27T18:33:58.300+0000] {spark_submit.py:495} INFO - 23/01/27 18:33:58 INFO Utils: Copying /home/***/.ivy2/jars/org.mongodb_bson-4.0.5.jar to /tmp/spark-d556462f-99b3-4328-8006-3756513136ac/userFiles-0d74e160-fa76-4f62-ac25-aa7576b7a49d/org.mongodb_bson-4.0.5.jar
[2023-01-27T18:33:58.317+0000] {spark_submit.py:495} INFO - 23/01/27 18:33:58 INFO SparkContext: Added file file:///home/***/.ivy2/jars/org.mongodb_mongodb-driver-core-4.0.5.jar at file:///home/***/.ivy2/jars/org.mongodb_mongodb-driver-core-4.0.5.jar with timestamp 1674844437423
[2023-01-27T18:33:58.318+0000] {spark_submit.py:495} INFO - 23/01/27 18:33:58 INFO Utils: Copying /home/***/.ivy2/jars/org.mongodb_mongodb-driver-core-4.0.5.jar to /tmp/spark-d556462f-99b3-4328-8006-3756513136ac/userFiles-0d74e160-fa76-4f62-ac25-aa7576b7a49d/org.mongodb_mongodb-driver-core-4.0.5.jar
[2023-01-27T18:33:58.490+0000] {spark_submit.py:495} INFO - 23/01/27 18:33:58 INFO Executor: Starting executor ID driver on host 502660defd2e
[2023-01-27T18:33:58.495+0000] {spark_submit.py:495} INFO - 23/01/27 18:33:58 INFO Executor: Starting executor with user classpath (userClassPathFirst = false): ''
[2023-01-27T18:33:58.504+0000] {spark_submit.py:495} INFO - 23/01/27 18:33:58 INFO Executor: Fetching file:///home/***/.ivy2/jars/org.apache.spark_spark-token-provider-kafka-0-10_2.12-3.1.3.jar with timestamp 1674844437423
[2023-01-27T18:33:58.520+0000] {spark_submit.py:495} INFO - 23/01/27 18:33:58 INFO Utils: /home/***/.ivy2/jars/org.apache.spark_spark-token-provider-kafka-0-10_2.12-3.1.3.jar has been previously copied to /tmp/spark-d556462f-99b3-4328-8006-3756513136ac/userFiles-0d74e160-fa76-4f62-ac25-aa7576b7a49d/org.apache.spark_spark-token-provider-kafka-0-10_2.12-3.1.3.jar
[2023-01-27T18:33:58.526+0000] {spark_submit.py:495} INFO - 23/01/27 18:33:58 INFO Executor: Fetching file:///home/***/.ivy2/jars/org.mongodb_mongodb-driver-sync-4.0.5.jar with timestamp 1674844437423
[2023-01-27T18:33:58.528+0000] {spark_submit.py:495} INFO - 23/01/27 18:33:58 INFO Utils: /home/***/.ivy2/jars/org.mongodb_mongodb-driver-sync-4.0.5.jar has been previously copied to /tmp/spark-d556462f-99b3-4328-8006-3756513136ac/userFiles-0d74e160-fa76-4f62-ac25-aa7576b7a49d/org.mongodb_mongodb-driver-sync-4.0.5.jar
[2023-01-27T18:33:58.541+0000] {spark_submit.py:495} INFO - 23/01/27 18:33:58 INFO Executor: Fetching file:///home/***/.ivy2/jars/org.apache.kafka_kafka-clients-2.6.0.jar with timestamp 1674844437423
[2023-01-27T18:33:58.547+0000] {spark_submit.py:495} INFO - 23/01/27 18:33:58 INFO Utils: /home/***/.ivy2/jars/org.apache.kafka_kafka-clients-2.6.0.jar has been previously copied to /tmp/spark-d556462f-99b3-4328-8006-3756513136ac/userFiles-0d74e160-fa76-4f62-ac25-aa7576b7a49d/org.apache.kafka_kafka-clients-2.6.0.jar
[2023-01-27T18:33:58.549+0000] {spark_submit.py:495} INFO - 23/01/27 18:33:58 INFO Executor: Fetching file:///home/***/.ivy2/jars/org.mongodb_bson-4.0.5.jar with timestamp 1674844437423
[2023-01-27T18:33:58.550+0000] {spark_submit.py:495} INFO - 23/01/27 18:33:58 INFO Utils: /home/***/.ivy2/jars/org.mongodb_bson-4.0.5.jar has been previously copied to /tmp/spark-d556462f-99b3-4328-8006-3756513136ac/userFiles-0d74e160-fa76-4f62-ac25-aa7576b7a49d/org.mongodb_bson-4.0.5.jar
[2023-01-27T18:33:58.553+0000] {spark_submit.py:495} INFO - 23/01/27 18:33:58 INFO Executor: Fetching file:///home/***/.ivy2/jars/com.github.luben_zstd-jni-1.4.8-1.jar with timestamp 1674844437423
[2023-01-27T18:33:58.559+0000] {spark_submit.py:495} INFO - 23/01/27 18:33:58 INFO Utils: /home/***/.ivy2/jars/com.github.luben_zstd-jni-1.4.8-1.jar has been previously copied to /tmp/spark-d556462f-99b3-4328-8006-3756513136ac/userFiles-0d74e160-fa76-4f62-ac25-aa7576b7a49d/com.github.luben_zstd-jni-1.4.8-1.jar
[2023-01-27T18:33:58.562+0000] {spark_submit.py:495} INFO - 23/01/27 18:33:58 INFO Executor: Fetching file:///home/***/.ivy2/jars/org.lz4_lz4-java-1.7.1.jar with timestamp 1674844437423
[2023-01-27T18:33:58.563+0000] {spark_submit.py:495} INFO - 23/01/27 18:33:58 INFO Utils: /home/***/.ivy2/jars/org.lz4_lz4-java-1.7.1.jar has been previously copied to /tmp/spark-d556462f-99b3-4328-8006-3756513136ac/userFiles-0d74e160-fa76-4f62-ac25-aa7576b7a49d/org.lz4_lz4-java-1.7.1.jar
[2023-01-27T18:33:58.567+0000] {spark_submit.py:495} INFO - 23/01/27 18:33:58 INFO Executor: Fetching file:///home/***/.ivy2/jars/org.spark-project.spark_unused-1.0.0.jar with timestamp 1674844437423
[2023-01-27T18:33:58.567+0000] {spark_submit.py:495} INFO - 23/01/27 18:33:58 INFO Utils: /home/***/.ivy2/jars/org.spark-project.spark_unused-1.0.0.jar has been previously copied to /tmp/spark-d556462f-99b3-4328-8006-3756513136ac/userFiles-0d74e160-fa76-4f62-ac25-aa7576b7a49d/org.spark-project.spark_unused-1.0.0.jar
[2023-01-27T18:33:58.569+0000] {spark_submit.py:495} INFO - 23/01/27 18:33:58 INFO Executor: Fetching file:///home/***/.ivy2/jars/org.xerial.snappy_snappy-java-1.1.8.2.jar with timestamp 1674844437423
[2023-01-27T18:33:58.571+0000] {spark_submit.py:495} INFO - 23/01/27 18:33:58 INFO Utils: /home/***/.ivy2/jars/org.xerial.snappy_snappy-java-1.1.8.2.jar has been previously copied to /tmp/spark-d556462f-99b3-4328-8006-3756513136ac/userFiles-0d74e160-fa76-4f62-ac25-aa7576b7a49d/org.xerial.snappy_snappy-java-1.1.8.2.jar
[2023-01-27T18:33:58.574+0000] {spark_submit.py:495} INFO - 23/01/27 18:33:58 INFO Executor: Fetching file:///home/***/.ivy2/jars/org.mongodb_mongodb-driver-core-4.0.5.jar with timestamp 1674844437423
[2023-01-27T18:33:58.576+0000] {spark_submit.py:495} INFO - 23/01/27 18:33:58 INFO Utils: /home/***/.ivy2/jars/org.mongodb_mongodb-driver-core-4.0.5.jar has been previously copied to /tmp/spark-d556462f-99b3-4328-8006-3756513136ac/userFiles-0d74e160-fa76-4f62-ac25-aa7576b7a49d/org.mongodb_mongodb-driver-core-4.0.5.jar
[2023-01-27T18:33:58.579+0000] {spark_submit.py:495} INFO - 23/01/27 18:33:58 INFO Executor: Fetching file:///home/***/.ivy2/jars/org.apache.spark_spark-sql-kafka-0-10_2.12-3.1.3.jar with timestamp 1674844437423
[2023-01-27T18:33:58.580+0000] {spark_submit.py:495} INFO - 23/01/27 18:33:58 INFO Utils: /home/***/.ivy2/jars/org.apache.spark_spark-sql-kafka-0-10_2.12-3.1.3.jar has been previously copied to /tmp/spark-d556462f-99b3-4328-8006-3756513136ac/userFiles-0d74e160-fa76-4f62-ac25-aa7576b7a49d/org.apache.spark_spark-sql-kafka-0-10_2.12-3.1.3.jar
[2023-01-27T18:33:58.583+0000] {spark_submit.py:495} INFO - 23/01/27 18:33:58 INFO Executor: Fetching file:///home/***/.ivy2/jars/org.mongodb.spark_mongo-spark-connector_2.12-3.0.1.jar with timestamp 1674844437423
[2023-01-27T18:33:58.583+0000] {spark_submit.py:495} INFO - 23/01/27 18:33:58 INFO Utils: /home/***/.ivy2/jars/org.mongodb.spark_mongo-spark-connector_2.12-3.0.1.jar has been previously copied to /tmp/spark-d556462f-99b3-4328-8006-3756513136ac/userFiles-0d74e160-fa76-4f62-ac25-aa7576b7a49d/org.mongodb.spark_mongo-spark-connector_2.12-3.0.1.jar
[2023-01-27T18:33:58.586+0000] {spark_submit.py:495} INFO - 23/01/27 18:33:58 INFO Executor: Fetching file:///home/***/.ivy2/jars/org.apache.commons_commons-pool2-2.6.2.jar with timestamp 1674844437423
[2023-01-27T18:33:58.587+0000] {spark_submit.py:495} INFO - 23/01/27 18:33:58 INFO Utils: /home/***/.ivy2/jars/org.apache.commons_commons-pool2-2.6.2.jar has been previously copied to /tmp/spark-d556462f-99b3-4328-8006-3756513136ac/userFiles-0d74e160-fa76-4f62-ac25-aa7576b7a49d/org.apache.commons_commons-pool2-2.6.2.jar
[2023-01-27T18:33:58.589+0000] {spark_submit.py:495} INFO - 23/01/27 18:33:58 INFO Executor: Fetching file:///home/***/.ivy2/jars/org.slf4j_slf4j-api-1.7.30.jar with timestamp 1674844437423
[2023-01-27T18:33:58.590+0000] {spark_submit.py:495} INFO - 23/01/27 18:33:58 INFO Utils: /home/***/.ivy2/jars/org.slf4j_slf4j-api-1.7.30.jar has been previously copied to /tmp/spark-d556462f-99b3-4328-8006-3756513136ac/userFiles-0d74e160-fa76-4f62-ac25-aa7576b7a49d/org.slf4j_slf4j-api-1.7.30.jar
[2023-01-27T18:33:58.596+0000] {spark_submit.py:495} INFO - 23/01/27 18:33:58 INFO Executor: Fetching spark://502660defd2e:36163/jars/org.apache.commons_commons-pool2-2.6.2.jar with timestamp 1674844437423
[2023-01-27T18:33:58.645+0000] {spark_submit.py:495} INFO - 23/01/27 18:33:58 INFO TransportClientFactory: Successfully created connection to 502660defd2e/172.23.0.7:36163 after 37 ms (0 ms spent in bootstraps)
[2023-01-27T18:33:58.651+0000] {spark_submit.py:495} INFO - 23/01/27 18:33:58 INFO Utils: Fetching spark://502660defd2e:36163/jars/org.apache.commons_commons-pool2-2.6.2.jar to /tmp/spark-d556462f-99b3-4328-8006-3756513136ac/userFiles-0d74e160-fa76-4f62-ac25-aa7576b7a49d/fetchFileTemp1784715532652127362.tmp
[2023-01-27T18:33:58.681+0000] {spark_submit.py:495} INFO - 23/01/27 18:33:58 INFO Utils: /tmp/spark-d556462f-99b3-4328-8006-3756513136ac/userFiles-0d74e160-fa76-4f62-ac25-aa7576b7a49d/fetchFileTemp1784715532652127362.tmp has been previously copied to /tmp/spark-d556462f-99b3-4328-8006-3756513136ac/userFiles-0d74e160-fa76-4f62-ac25-aa7576b7a49d/org.apache.commons_commons-pool2-2.6.2.jar
[2023-01-27T18:33:58.683+0000] {spark_submit.py:495} INFO - 23/01/27 18:33:58 INFO Executor: Adding file:/tmp/spark-d556462f-99b3-4328-8006-3756513136ac/userFiles-0d74e160-fa76-4f62-ac25-aa7576b7a49d/org.apache.commons_commons-pool2-2.6.2.jar to class loader
[2023-01-27T18:33:58.684+0000] {spark_submit.py:495} INFO - 23/01/27 18:33:58 INFO Executor: Fetching spark://502660defd2e:36163/jars/org.mongodb.spark_mongo-spark-connector_2.12-3.0.1.jar with timestamp 1674844437423
[2023-01-27T18:33:58.684+0000] {spark_submit.py:495} INFO - 23/01/27 18:33:58 INFO Utils: Fetching spark://502660defd2e:36163/jars/org.mongodb.spark_mongo-spark-connector_2.12-3.0.1.jar to /tmp/spark-d556462f-99b3-4328-8006-3756513136ac/userFiles-0d74e160-fa76-4f62-ac25-aa7576b7a49d/fetchFileTemp18315273586440180922.tmp
[2023-01-27T18:33:58.687+0000] {spark_submit.py:495} INFO - 23/01/27 18:33:58 INFO Utils: /tmp/spark-d556462f-99b3-4328-8006-3756513136ac/userFiles-0d74e160-fa76-4f62-ac25-aa7576b7a49d/fetchFileTemp18315273586440180922.tmp has been previously copied to /tmp/spark-d556462f-99b3-4328-8006-3756513136ac/userFiles-0d74e160-fa76-4f62-ac25-aa7576b7a49d/org.mongodb.spark_mongo-spark-connector_2.12-3.0.1.jar
[2023-01-27T18:33:58.690+0000] {spark_submit.py:495} INFO - 23/01/27 18:33:58 INFO Executor: Adding file:/tmp/spark-d556462f-99b3-4328-8006-3756513136ac/userFiles-0d74e160-fa76-4f62-ac25-aa7576b7a49d/org.mongodb.spark_mongo-spark-connector_2.12-3.0.1.jar to class loader
[2023-01-27T18:33:58.690+0000] {spark_submit.py:495} INFO - 23/01/27 18:33:58 INFO Executor: Fetching spark://502660defd2e:36163/jars/org.mongodb_bson-4.0.5.jar with timestamp 1674844437423
[2023-01-27T18:33:58.691+0000] {spark_submit.py:495} INFO - 23/01/27 18:33:58 INFO Utils: Fetching spark://502660defd2e:36163/jars/org.mongodb_bson-4.0.5.jar to /tmp/spark-d556462f-99b3-4328-8006-3756513136ac/userFiles-0d74e160-fa76-4f62-ac25-aa7576b7a49d/fetchFileTemp6154390776999957601.tmp
[2023-01-27T18:33:58.694+0000] {spark_submit.py:495} INFO - 23/01/27 18:33:58 INFO Utils: /tmp/spark-d556462f-99b3-4328-8006-3756513136ac/userFiles-0d74e160-fa76-4f62-ac25-aa7576b7a49d/fetchFileTemp6154390776999957601.tmp has been previously copied to /tmp/spark-d556462f-99b3-4328-8006-3756513136ac/userFiles-0d74e160-fa76-4f62-ac25-aa7576b7a49d/org.mongodb_bson-4.0.5.jar
[2023-01-27T18:33:58.696+0000] {spark_submit.py:495} INFO - 23/01/27 18:33:58 INFO Executor: Adding file:/tmp/spark-d556462f-99b3-4328-8006-3756513136ac/userFiles-0d74e160-fa76-4f62-ac25-aa7576b7a49d/org.mongodb_bson-4.0.5.jar to class loader
[2023-01-27T18:33:58.697+0000] {spark_submit.py:495} INFO - 23/01/27 18:33:58 INFO Executor: Fetching spark://502660defd2e:36163/jars/org.xerial.snappy_snappy-java-1.1.8.2.jar with timestamp 1674844437423
[2023-01-27T18:33:58.697+0000] {spark_submit.py:495} INFO - 23/01/27 18:33:58 INFO Utils: Fetching spark://502660defd2e:36163/jars/org.xerial.snappy_snappy-java-1.1.8.2.jar to /tmp/spark-d556462f-99b3-4328-8006-3756513136ac/userFiles-0d74e160-fa76-4f62-ac25-aa7576b7a49d/fetchFileTemp13491882022327866747.tmp
[2023-01-27T18:33:58.707+0000] {spark_submit.py:495} INFO - 23/01/27 18:33:58 INFO Utils: /tmp/spark-d556462f-99b3-4328-8006-3756513136ac/userFiles-0d74e160-fa76-4f62-ac25-aa7576b7a49d/fetchFileTemp13491882022327866747.tmp has been previously copied to /tmp/spark-d556462f-99b3-4328-8006-3756513136ac/userFiles-0d74e160-fa76-4f62-ac25-aa7576b7a49d/org.xerial.snappy_snappy-java-1.1.8.2.jar
[2023-01-27T18:33:58.713+0000] {spark_submit.py:495} INFO - 23/01/27 18:33:58 INFO Executor: Adding file:/tmp/spark-d556462f-99b3-4328-8006-3756513136ac/userFiles-0d74e160-fa76-4f62-ac25-aa7576b7a49d/org.xerial.snappy_snappy-java-1.1.8.2.jar to class loader
[2023-01-27T18:33:58.713+0000] {spark_submit.py:495} INFO - 23/01/27 18:33:58 INFO Executor: Fetching spark://502660defd2e:36163/jars/org.apache.kafka_kafka-clients-2.6.0.jar with timestamp 1674844437423
[2023-01-27T18:33:58.714+0000] {spark_submit.py:495} INFO - 23/01/27 18:33:58 INFO Utils: Fetching spark://502660defd2e:36163/jars/org.apache.kafka_kafka-clients-2.6.0.jar to /tmp/spark-d556462f-99b3-4328-8006-3756513136ac/userFiles-0d74e160-fa76-4f62-ac25-aa7576b7a49d/fetchFileTemp8571661850253666370.tmp
[2023-01-27T18:33:58.736+0000] {spark_submit.py:495} INFO - 23/01/27 18:33:58 INFO Utils: /tmp/spark-d556462f-99b3-4328-8006-3756513136ac/userFiles-0d74e160-fa76-4f62-ac25-aa7576b7a49d/fetchFileTemp8571661850253666370.tmp has been previously copied to /tmp/spark-d556462f-99b3-4328-8006-3756513136ac/userFiles-0d74e160-fa76-4f62-ac25-aa7576b7a49d/org.apache.kafka_kafka-clients-2.6.0.jar
[2023-01-27T18:33:58.739+0000] {spark_submit.py:495} INFO - 23/01/27 18:33:58 INFO Executor: Adding file:/tmp/spark-d556462f-99b3-4328-8006-3756513136ac/userFiles-0d74e160-fa76-4f62-ac25-aa7576b7a49d/org.apache.kafka_kafka-clients-2.6.0.jar to class loader
[2023-01-27T18:33:58.740+0000] {spark_submit.py:495} INFO - 23/01/27 18:33:58 INFO Executor: Fetching spark://502660defd2e:36163/jars/org.mongodb_mongodb-driver-core-4.0.5.jar with timestamp 1674844437423
[2023-01-27T18:33:58.741+0000] {spark_submit.py:495} INFO - 23/01/27 18:33:58 INFO Utils: Fetching spark://502660defd2e:36163/jars/org.mongodb_mongodb-driver-core-4.0.5.jar to /tmp/spark-d556462f-99b3-4328-8006-3756513136ac/userFiles-0d74e160-fa76-4f62-ac25-aa7576b7a49d/fetchFileTemp14967156968255570993.tmp
[2023-01-27T18:33:58.746+0000] {spark_submit.py:495} INFO - 23/01/27 18:33:58 INFO Utils: /tmp/spark-d556462f-99b3-4328-8006-3756513136ac/userFiles-0d74e160-fa76-4f62-ac25-aa7576b7a49d/fetchFileTemp14967156968255570993.tmp has been previously copied to /tmp/spark-d556462f-99b3-4328-8006-3756513136ac/userFiles-0d74e160-fa76-4f62-ac25-aa7576b7a49d/org.mongodb_mongodb-driver-core-4.0.5.jar
[2023-01-27T18:33:58.752+0000] {spark_submit.py:495} INFO - 23/01/27 18:33:58 INFO Executor: Adding file:/tmp/spark-d556462f-99b3-4328-8006-3756513136ac/userFiles-0d74e160-fa76-4f62-ac25-aa7576b7a49d/org.mongodb_mongodb-driver-core-4.0.5.jar to class loader
[2023-01-27T18:33:58.752+0000] {spark_submit.py:495} INFO - 23/01/27 18:33:58 INFO Executor: Fetching spark://502660defd2e:36163/jars/org.apache.spark_spark-token-provider-kafka-0-10_2.12-3.1.3.jar with timestamp 1674844437423
[2023-01-27T18:33:58.752+0000] {spark_submit.py:495} INFO - 23/01/27 18:33:58 INFO Utils: Fetching spark://502660defd2e:36163/jars/org.apache.spark_spark-token-provider-kafka-0-10_2.12-3.1.3.jar to /tmp/spark-d556462f-99b3-4328-8006-3756513136ac/userFiles-0d74e160-fa76-4f62-ac25-aa7576b7a49d/fetchFileTemp10901215031522866127.tmp
[2023-01-27T18:33:58.754+0000] {spark_submit.py:495} INFO - 23/01/27 18:33:58 INFO Utils: /tmp/spark-d556462f-99b3-4328-8006-3756513136ac/userFiles-0d74e160-fa76-4f62-ac25-aa7576b7a49d/fetchFileTemp10901215031522866127.tmp has been previously copied to /tmp/spark-d556462f-99b3-4328-8006-3756513136ac/userFiles-0d74e160-fa76-4f62-ac25-aa7576b7a49d/org.apache.spark_spark-token-provider-kafka-0-10_2.12-3.1.3.jar
[2023-01-27T18:33:58.756+0000] {spark_submit.py:495} INFO - 23/01/27 18:33:58 INFO Executor: Adding file:/tmp/spark-d556462f-99b3-4328-8006-3756513136ac/userFiles-0d74e160-fa76-4f62-ac25-aa7576b7a49d/org.apache.spark_spark-token-provider-kafka-0-10_2.12-3.1.3.jar to class loader
[2023-01-27T18:33:58.757+0000] {spark_submit.py:495} INFO - 23/01/27 18:33:58 INFO Executor: Fetching spark://502660defd2e:36163/jars/org.spark-project.spark_unused-1.0.0.jar with timestamp 1674844437423
[2023-01-27T18:33:58.758+0000] {spark_submit.py:495} INFO - 23/01/27 18:33:58 INFO Utils: Fetching spark://502660defd2e:36163/jars/org.spark-project.spark_unused-1.0.0.jar to /tmp/spark-d556462f-99b3-4328-8006-3756513136ac/userFiles-0d74e160-fa76-4f62-ac25-aa7576b7a49d/fetchFileTemp7002141331746484848.tmp
[2023-01-27T18:33:58.758+0000] {spark_submit.py:495} INFO - 23/01/27 18:33:58 INFO Utils: /tmp/spark-d556462f-99b3-4328-8006-3756513136ac/userFiles-0d74e160-fa76-4f62-ac25-aa7576b7a49d/fetchFileTemp7002141331746484848.tmp has been previously copied to /tmp/spark-d556462f-99b3-4328-8006-3756513136ac/userFiles-0d74e160-fa76-4f62-ac25-aa7576b7a49d/org.spark-project.spark_unused-1.0.0.jar
[2023-01-27T18:33:58.761+0000] {spark_submit.py:495} INFO - 23/01/27 18:33:58 INFO Executor: Adding file:/tmp/spark-d556462f-99b3-4328-8006-3756513136ac/userFiles-0d74e160-fa76-4f62-ac25-aa7576b7a49d/org.spark-project.spark_unused-1.0.0.jar to class loader
[2023-01-27T18:33:58.761+0000] {spark_submit.py:495} INFO - 23/01/27 18:33:58 INFO Executor: Fetching spark://502660defd2e:36163/jars/org.lz4_lz4-java-1.7.1.jar with timestamp 1674844437423
[2023-01-27T18:33:58.762+0000] {spark_submit.py:495} INFO - 23/01/27 18:33:58 INFO Utils: Fetching spark://502660defd2e:36163/jars/org.lz4_lz4-java-1.7.1.jar to /tmp/spark-d556462f-99b3-4328-8006-3756513136ac/userFiles-0d74e160-fa76-4f62-ac25-aa7576b7a49d/fetchFileTemp10313481215831742302.tmp
[2023-01-27T18:33:58.764+0000] {spark_submit.py:495} INFO - 23/01/27 18:33:58 INFO Utils: /tmp/spark-d556462f-99b3-4328-8006-3756513136ac/userFiles-0d74e160-fa76-4f62-ac25-aa7576b7a49d/fetchFileTemp10313481215831742302.tmp has been previously copied to /tmp/spark-d556462f-99b3-4328-8006-3756513136ac/userFiles-0d74e160-fa76-4f62-ac25-aa7576b7a49d/org.lz4_lz4-java-1.7.1.jar
[2023-01-27T18:33:58.767+0000] {spark_submit.py:495} INFO - 23/01/27 18:33:58 INFO Executor: Adding file:/tmp/spark-d556462f-99b3-4328-8006-3756513136ac/userFiles-0d74e160-fa76-4f62-ac25-aa7576b7a49d/org.lz4_lz4-java-1.7.1.jar to class loader
[2023-01-27T18:33:58.768+0000] {spark_submit.py:495} INFO - 23/01/27 18:33:58 INFO Executor: Fetching spark://502660defd2e:36163/jars/com.github.luben_zstd-jni-1.4.8-1.jar with timestamp 1674844437423
[2023-01-27T18:33:58.768+0000] {spark_submit.py:495} INFO - 23/01/27 18:33:58 INFO Utils: Fetching spark://502660defd2e:36163/jars/com.github.luben_zstd-jni-1.4.8-1.jar to /tmp/spark-d556462f-99b3-4328-8006-3756513136ac/userFiles-0d74e160-fa76-4f62-ac25-aa7576b7a49d/fetchFileTemp5011826657951673174.tmp
[2023-01-27T18:33:58.794+0000] {spark_submit.py:495} INFO - 23/01/27 18:33:58 INFO Utils: /tmp/spark-d556462f-99b3-4328-8006-3756513136ac/userFiles-0d74e160-fa76-4f62-ac25-aa7576b7a49d/fetchFileTemp5011826657951673174.tmp has been previously copied to /tmp/spark-d556462f-99b3-4328-8006-3756513136ac/userFiles-0d74e160-fa76-4f62-ac25-aa7576b7a49d/com.github.luben_zstd-jni-1.4.8-1.jar
[2023-01-27T18:33:58.799+0000] {spark_submit.py:495} INFO - 23/01/27 18:33:58 INFO Executor: Adding file:/tmp/spark-d556462f-99b3-4328-8006-3756513136ac/userFiles-0d74e160-fa76-4f62-ac25-aa7576b7a49d/com.github.luben_zstd-jni-1.4.8-1.jar to class loader
[2023-01-27T18:33:58.799+0000] {spark_submit.py:495} INFO - 23/01/27 18:33:58 INFO Executor: Fetching spark://502660defd2e:36163/jars/org.slf4j_slf4j-api-1.7.30.jar with timestamp 1674844437423
[2023-01-27T18:33:58.799+0000] {spark_submit.py:495} INFO - 23/01/27 18:33:58 INFO Utils: Fetching spark://502660defd2e:36163/jars/org.slf4j_slf4j-api-1.7.30.jar to /tmp/spark-d556462f-99b3-4328-8006-3756513136ac/userFiles-0d74e160-fa76-4f62-ac25-aa7576b7a49d/fetchFileTemp7230587722597652232.tmp
[2023-01-27T18:33:58.800+0000] {spark_submit.py:495} INFO - 23/01/27 18:33:58 INFO Utils: /tmp/spark-d556462f-99b3-4328-8006-3756513136ac/userFiles-0d74e160-fa76-4f62-ac25-aa7576b7a49d/fetchFileTemp7230587722597652232.tmp has been previously copied to /tmp/spark-d556462f-99b3-4328-8006-3756513136ac/userFiles-0d74e160-fa76-4f62-ac25-aa7576b7a49d/org.slf4j_slf4j-api-1.7.30.jar
[2023-01-27T18:33:58.803+0000] {spark_submit.py:495} INFO - 23/01/27 18:33:58 INFO Executor: Adding file:/tmp/spark-d556462f-99b3-4328-8006-3756513136ac/userFiles-0d74e160-fa76-4f62-ac25-aa7576b7a49d/org.slf4j_slf4j-api-1.7.30.jar to class loader
[2023-01-27T18:33:58.803+0000] {spark_submit.py:495} INFO - 23/01/27 18:33:58 INFO Executor: Fetching spark://502660defd2e:36163/jars/org.mongodb_mongodb-driver-sync-4.0.5.jar with timestamp 1674844437423
[2023-01-27T18:33:58.804+0000] {spark_submit.py:495} INFO - 23/01/27 18:33:58 INFO Utils: Fetching spark://502660defd2e:36163/jars/org.mongodb_mongodb-driver-sync-4.0.5.jar to /tmp/spark-d556462f-99b3-4328-8006-3756513136ac/userFiles-0d74e160-fa76-4f62-ac25-aa7576b7a49d/fetchFileTemp4242084571012676782.tmp
[2023-01-27T18:33:58.805+0000] {spark_submit.py:495} INFO - 23/01/27 18:33:58 INFO Utils: /tmp/spark-d556462f-99b3-4328-8006-3756513136ac/userFiles-0d74e160-fa76-4f62-ac25-aa7576b7a49d/fetchFileTemp4242084571012676782.tmp has been previously copied to /tmp/spark-d556462f-99b3-4328-8006-3756513136ac/userFiles-0d74e160-fa76-4f62-ac25-aa7576b7a49d/org.mongodb_mongodb-driver-sync-4.0.5.jar
[2023-01-27T18:33:58.808+0000] {spark_submit.py:495} INFO - 23/01/27 18:33:58 INFO Executor: Adding file:/tmp/spark-d556462f-99b3-4328-8006-3756513136ac/userFiles-0d74e160-fa76-4f62-ac25-aa7576b7a49d/org.mongodb_mongodb-driver-sync-4.0.5.jar to class loader
[2023-01-27T18:33:58.808+0000] {spark_submit.py:495} INFO - 23/01/27 18:33:58 INFO Executor: Fetching spark://502660defd2e:36163/jars/org.apache.spark_spark-sql-kafka-0-10_2.12-3.1.3.jar with timestamp 1674844437423
[2023-01-27T18:33:58.808+0000] {spark_submit.py:495} INFO - 23/01/27 18:33:58 INFO Utils: Fetching spark://502660defd2e:36163/jars/org.apache.spark_spark-sql-kafka-0-10_2.12-3.1.3.jar to /tmp/spark-d556462f-99b3-4328-8006-3756513136ac/userFiles-0d74e160-fa76-4f62-ac25-aa7576b7a49d/fetchFileTemp8776176985511840029.tmp
[2023-01-27T18:33:58.810+0000] {spark_submit.py:495} INFO - 23/01/27 18:33:58 INFO Utils: /tmp/spark-d556462f-99b3-4328-8006-3756513136ac/userFiles-0d74e160-fa76-4f62-ac25-aa7576b7a49d/fetchFileTemp8776176985511840029.tmp has been previously copied to /tmp/spark-d556462f-99b3-4328-8006-3756513136ac/userFiles-0d74e160-fa76-4f62-ac25-aa7576b7a49d/org.apache.spark_spark-sql-kafka-0-10_2.12-3.1.3.jar
[2023-01-27T18:33:58.813+0000] {spark_submit.py:495} INFO - 23/01/27 18:33:58 INFO Executor: Adding file:/tmp/spark-d556462f-99b3-4328-8006-3756513136ac/userFiles-0d74e160-fa76-4f62-ac25-aa7576b7a49d/org.apache.spark_spark-sql-kafka-0-10_2.12-3.1.3.jar to class loader
[2023-01-27T18:33:58.818+0000] {spark_submit.py:495} INFO - 23/01/27 18:33:58 INFO Utils: Successfully started service 'org.apache.spark.network.netty.NettyBlockTransferService' on port 38429.
[2023-01-27T18:33:58.819+0000] {spark_submit.py:495} INFO - 23/01/27 18:33:58 INFO NettyBlockTransferService: Server created on 502660defd2e:38429
[2023-01-27T18:33:58.820+0000] {spark_submit.py:495} INFO - 23/01/27 18:33:58 INFO BlockManager: Using org.apache.spark.storage.RandomBlockReplicationPolicy for block replication policy
[2023-01-27T18:33:58.828+0000] {spark_submit.py:495} INFO - 23/01/27 18:33:58 INFO BlockManagerMaster: Registering BlockManager BlockManagerId(driver, 502660defd2e, 38429, None)
[2023-01-27T18:33:58.828+0000] {spark_submit.py:495} INFO - 23/01/27 18:33:58 INFO BlockManagerMasterEndpoint: Registering block manager 502660defd2e:38429 with 434.4 MiB RAM, BlockManagerId(driver, 502660defd2e, 38429, None)
[2023-01-27T18:33:58.829+0000] {spark_submit.py:495} INFO - 23/01/27 18:33:58 INFO BlockManagerMaster: Registered BlockManager BlockManagerId(driver, 502660defd2e, 38429, None)
[2023-01-27T18:33:58.830+0000] {spark_submit.py:495} INFO - 23/01/27 18:33:58 INFO BlockManager: Initialized BlockManager: BlockManagerId(driver, 502660defd2e, 38429, None)
[2023-01-27T18:34:02.494+0000] {local_task_job.py:224} WARNING - State of this instance has been externally set to queued. Terminating instance.
[2023-01-27T18:34:02.499+0000] {process_utils.py:133} INFO - Sending Signals.SIGTERM to group 8820. PIDs of all processes in the group: [8821, 8884, 8820]
[2023-01-27T18:34:02.500+0000] {process_utils.py:84} INFO - Sending the signal Signals.SIGTERM to group 8820
[2023-01-27T18:34:02.503+0000] {taskinstance.py:1483} ERROR - Received SIGTERM. Terminating subprocesses.
[2023-01-27T18:34:02.503+0000] {spark_submit.py:620} INFO - Sending kill signal to spark-submit
[2023-01-27T18:34:02.522+0000] {taskinstance.py:1772} ERROR - Task failed with exception
Traceback (most recent call last):
  File "/home/airflow/.local/lib/python3.7/site-packages/airflow/providers/apache/spark/operators/spark_submit.py", line 157, in execute
    self._hook.submit(self._application)
  File "/home/airflow/.local/lib/python3.7/site-packages/airflow/providers/apache/spark/hooks/spark_submit.py", line 414, in submit
    self._process_spark_submit_log(iter(self._submit_sp.stdout))  # type: ignore
  File "/home/airflow/.local/lib/python3.7/site-packages/airflow/providers/apache/spark/hooks/spark_submit.py", line 463, in _process_spark_submit_log
    for line in itr:
  File "/home/airflow/.local/lib/python3.7/site-packages/airflow/models/taskinstance.py", line 1485, in signal_handler
    raise AirflowException("Task received SIGTERM signal")
airflow.exceptions.AirflowException: Task received SIGTERM signal
[2023-01-27T18:34:02.526+0000] {taskinstance.py:1327} INFO - Marking task as UP_FOR_RETRY. dag_id=Streaming_pipeline_meli, task_id=consumer_data_of_topic, execution_date=20230127T162614, start_date=20230127T183352, end_date=20230127T183402
[2023-01-27T18:34:02.540+0000] {standard_task_runner.py:105} ERROR - Failed to execute job 1129 for task consumer_data_of_topic (Task received SIGTERM signal; 8820)
[2023-01-27T18:34:02.556+0000] {process_utils.py:79} INFO - Process psutil.Process(pid=8820, status='terminated', exitcode=1, started='18:33:51') (8820) terminated with exit code 1
[2023-01-27T18:34:02.556+0000] {process_utils.py:79} INFO - Process psutil.Process(pid=8884, status='terminated', started='18:33:55') (8884) terminated with exit code None
[2023-01-27T18:34:02.557+0000] {process_utils.py:79} INFO - Process psutil.Process(pid=8821, status='terminated', started='18:33:52') (8821) terminated with exit code None
