[2023-01-27T18:36:01.223+0000] {taskinstance.py:1087} INFO - Dependencies all met for <TaskInstance: Streaming_pipeline_meli.consumer_data_of_topic manual__2023-01-27T16:26:14.836684+00:00 [queued]>
[2023-01-27T18:36:01.231+0000] {taskinstance.py:1087} INFO - Dependencies all met for <TaskInstance: Streaming_pipeline_meli.consumer_data_of_topic manual__2023-01-27T16:26:14.836684+00:00 [queued]>
[2023-01-27T18:36:01.232+0000] {taskinstance.py:1283} INFO - 
--------------------------------------------------------------------------------
[2023-01-27T18:36:01.232+0000] {taskinstance.py:1284} INFO - Starting attempt 5 of 10
[2023-01-27T18:36:01.232+0000] {taskinstance.py:1285} INFO - 
--------------------------------------------------------------------------------
[2023-01-27T18:36:01.244+0000] {taskinstance.py:1304} INFO - Executing <Task(SparkSubmitOperator): consumer_data_of_topic> on 2023-01-27 16:26:14.836684+00:00
[2023-01-27T18:36:01.249+0000] {standard_task_runner.py:55} INFO - Started process 9395 to run task
[2023-01-27T18:36:01.252+0000] {standard_task_runner.py:82} INFO - Running: ['***', 'tasks', 'run', 'Streaming_pipeline_meli', 'consumer_data_of_topic', 'manual__2023-01-27T16:26:14.836684+00:00', '--job-id', '1132', '--raw', '--subdir', 'DAGS_FOLDER/producer_dag.py', '--cfg-path', '/tmp/tmp35xrzoxi']
[2023-01-27T18:36:01.252+0000] {standard_task_runner.py:83} INFO - Job 1132: Subtask consumer_data_of_topic
[2023-01-27T18:36:01.299+0000] {task_command.py:389} INFO - Running <TaskInstance: Streaming_pipeline_meli.consumer_data_of_topic manual__2023-01-27T16:26:14.836684+00:00 [running]> on host 502660defd2e
[2023-01-27T18:36:01.358+0000] {taskinstance.py:1513} INFO - Exporting the following env vars:
AIRFLOW_CTX_DAG_OWNER=***
AIRFLOW_CTX_DAG_ID=Streaming_pipeline_meli
AIRFLOW_CTX_TASK_ID=consumer_data_of_topic
AIRFLOW_CTX_EXECUTION_DATE=2023-01-27T16:26:14.836684+00:00
AIRFLOW_CTX_TRY_NUMBER=5
AIRFLOW_CTX_DAG_RUN_ID=manual__2023-01-27T16:26:14.836684+00:00
[2023-01-27T18:36:01.368+0000] {base.py:73} INFO - Using connection ID 'spark_default' for task execution.
[2023-01-27T18:36:01.370+0000] {spark_submit.py:344} INFO - Spark-Submit cmd: spark-submit --master spark://tomi-H310:7077 --packages org.apache.spark:spark-sql-kafka-0-10_2.12:3.1.3,org.mongodb.spark:mongo-spark-connector_2.12:3.0.1 --name arrow-spark --queue root.default /opt/***/dags/consumerSpark.py
[2023-01-27T18:36:01.472+0000] {spark_submit.py:495} INFO - /home/***/.local/lib/python3.7/site-packages/pyspark/bin/load-spark-env.sh: line 68: ps: command not found
[2023-01-27T18:36:02.854+0000] {spark_submit.py:495} INFO - :: loading settings :: url = jar:file:/home/***/.local/lib/python3.7/site-packages/pyspark/jars/ivy-2.5.0.jar!/org/apache/ivy/core/settings/ivysettings.xml
[2023-01-27T18:36:02.917+0000] {spark_submit.py:495} INFO - Ivy Default Cache set to: /home/***/.ivy2/cache
[2023-01-27T18:36:02.918+0000] {spark_submit.py:495} INFO - The jars for the packages stored in: /home/***/.ivy2/jars
[2023-01-27T18:36:02.922+0000] {spark_submit.py:495} INFO - org.apache.spark#spark-sql-kafka-0-10_2.12 added as a dependency
[2023-01-27T18:36:02.923+0000] {spark_submit.py:495} INFO - org.mongodb.spark#mongo-spark-connector_2.12 added as a dependency
[2023-01-27T18:36:02.924+0000] {spark_submit.py:495} INFO - :: resolving dependencies :: org.apache.spark#spark-submit-parent-2c0e2a19-c1ad-4344-a8c1-f450fe300430;1.0
[2023-01-27T18:36:02.924+0000] {spark_submit.py:495} INFO - confs: [default]
[2023-01-27T18:36:03.066+0000] {spark_submit.py:495} INFO - found org.apache.spark#spark-sql-kafka-0-10_2.12;3.1.3 in central
[2023-01-27T18:36:03.129+0000] {spark_submit.py:495} INFO - found org.apache.spark#spark-token-provider-kafka-0-10_2.12;3.1.3 in central
[2023-01-27T18:36:03.162+0000] {spark_submit.py:495} INFO - found org.apache.kafka#kafka-clients;2.6.0 in central
[2023-01-27T18:36:03.189+0000] {spark_submit.py:495} INFO - found com.github.luben#zstd-jni;1.4.8-1 in central
[2023-01-27T18:36:03.209+0000] {spark_submit.py:495} INFO - found org.lz4#lz4-java;1.7.1 in central
[2023-01-27T18:36:03.227+0000] {spark_submit.py:495} INFO - found org.xerial.snappy#snappy-java;1.1.8.2 in central
[2023-01-27T18:36:03.242+0000] {spark_submit.py:495} INFO - found org.slf4j#slf4j-api;1.7.30 in central
[2023-01-27T18:36:03.258+0000] {spark_submit.py:495} INFO - found org.spark-project.spark#unused;1.0.0 in central
[2023-01-27T18:36:03.271+0000] {spark_submit.py:495} INFO - found org.apache.commons#commons-pool2;2.6.2 in central
[2023-01-27T18:36:03.285+0000] {spark_submit.py:495} INFO - found org.mongodb.spark#mongo-spark-connector_2.12;3.0.1 in central
[2023-01-27T18:36:03.294+0000] {spark_submit.py:495} INFO - found org.mongodb#mongodb-driver-sync;4.0.5 in central
[2023-01-27T18:36:03.303+0000] {spark_submit.py:495} INFO - found org.mongodb#bson;4.0.5 in central
[2023-01-27T18:36:03.311+0000] {spark_submit.py:495} INFO - found org.mongodb#mongodb-driver-core;4.0.5 in central
[2023-01-27T18:36:03.334+0000] {spark_submit.py:495} INFO - :: resolution report :: resolve 398ms :: artifacts dl 12ms
[2023-01-27T18:36:03.335+0000] {spark_submit.py:495} INFO - :: modules in use:
[2023-01-27T18:36:03.335+0000] {spark_submit.py:495} INFO - com.github.luben#zstd-jni;1.4.8-1 from central in [default]
[2023-01-27T18:36:03.335+0000] {spark_submit.py:495} INFO - org.apache.commons#commons-pool2;2.6.2 from central in [default]
[2023-01-27T18:36:03.335+0000] {spark_submit.py:495} INFO - org.apache.kafka#kafka-clients;2.6.0 from central in [default]
[2023-01-27T18:36:03.335+0000] {spark_submit.py:495} INFO - org.apache.spark#spark-sql-kafka-0-10_2.12;3.1.3 from central in [default]
[2023-01-27T18:36:03.336+0000] {spark_submit.py:495} INFO - org.apache.spark#spark-token-provider-kafka-0-10_2.12;3.1.3 from central in [default]
[2023-01-27T18:36:03.336+0000] {spark_submit.py:495} INFO - org.lz4#lz4-java;1.7.1 from central in [default]
[2023-01-27T18:36:03.336+0000] {spark_submit.py:495} INFO - org.mongodb#bson;4.0.5 from central in [default]
[2023-01-27T18:36:03.336+0000] {spark_submit.py:495} INFO - org.mongodb#mongodb-driver-core;4.0.5 from central in [default]
[2023-01-27T18:36:03.336+0000] {spark_submit.py:495} INFO - org.mongodb#mongodb-driver-sync;4.0.5 from central in [default]
[2023-01-27T18:36:03.336+0000] {spark_submit.py:495} INFO - org.mongodb.spark#mongo-spark-connector_2.12;3.0.1 from central in [default]
[2023-01-27T18:36:03.336+0000] {spark_submit.py:495} INFO - org.slf4j#slf4j-api;1.7.30 from central in [default]
[2023-01-27T18:36:03.336+0000] {spark_submit.py:495} INFO - org.spark-project.spark#unused;1.0.0 from central in [default]
[2023-01-27T18:36:03.337+0000] {spark_submit.py:495} INFO - org.xerial.snappy#snappy-java;1.1.8.2 from central in [default]
[2023-01-27T18:36:03.337+0000] {spark_submit.py:495} INFO - ---------------------------------------------------------------------
[2023-01-27T18:36:03.337+0000] {spark_submit.py:495} INFO - |                  |            modules            ||   artifacts   |
[2023-01-27T18:36:03.337+0000] {spark_submit.py:495} INFO - |       conf       | number| search|dwnlded|evicted|| number|dwnlded|
[2023-01-27T18:36:03.337+0000] {spark_submit.py:495} INFO - ---------------------------------------------------------------------
[2023-01-27T18:36:03.337+0000] {spark_submit.py:495} INFO - |      default     |   13  |   0   |   0   |   0   ||   13  |   0   |
[2023-01-27T18:36:03.337+0000] {spark_submit.py:495} INFO - ---------------------------------------------------------------------
[2023-01-27T18:36:03.341+0000] {spark_submit.py:495} INFO - :: retrieving :: org.apache.spark#spark-submit-parent-2c0e2a19-c1ad-4344-a8c1-f450fe300430
[2023-01-27T18:36:03.341+0000] {spark_submit.py:495} INFO - confs: [default]
[2023-01-27T18:36:03.347+0000] {spark_submit.py:495} INFO - 0 artifacts copied, 13 already retrieved (0kB/6ms)
[2023-01-27T18:36:03.571+0000] {spark_submit.py:495} INFO - 23/01/27 18:36:03 WARN NativeCodeLoader: Unable to load native-hadoop library for your platform... using builtin-java classes where applicable
[2023-01-27T18:36:05.008+0000] {spark_submit.py:495} INFO - 23/01/27 18:36:05 INFO SparkContext: Running Spark version 3.3.1
[2023-01-27T18:36:05.033+0000] {spark_submit.py:495} INFO - 23/01/27 18:36:05 INFO ResourceUtils: ==============================================================
[2023-01-27T18:36:05.033+0000] {spark_submit.py:495} INFO - 23/01/27 18:36:05 INFO ResourceUtils: No custom resources configured for spark.driver.
[2023-01-27T18:36:05.034+0000] {spark_submit.py:495} INFO - 23/01/27 18:36:05 INFO ResourceUtils: ==============================================================
[2023-01-27T18:36:05.034+0000] {spark_submit.py:495} INFO - 23/01/27 18:36:05 INFO SparkContext: Submitted application: arrow-spark
[2023-01-27T18:36:05.060+0000] {spark_submit.py:495} INFO - 23/01/27 18:36:05 INFO ResourceProfile: Default ResourceProfile created, executor resources: Map(cores -> name: cores, amount: 1, script: , vendor: , memory -> name: memory, amount: 1024, script: , vendor: , offHeap -> name: offHeap, amount: 0, script: , vendor: ), task resources: Map(cpus -> name: cpus, amount: 1.0)
[2023-01-27T18:36:05.073+0000] {spark_submit.py:495} INFO - 23/01/27 18:36:05 INFO ResourceProfile: Limiting resource is cpu
[2023-01-27T18:36:05.074+0000] {spark_submit.py:495} INFO - 23/01/27 18:36:05 INFO ResourceProfileManager: Added ResourceProfile id: 0
[2023-01-27T18:36:05.113+0000] {spark_submit.py:495} INFO - 23/01/27 18:36:05 INFO SecurityManager: Changing view acls to: default
[2023-01-27T18:36:05.114+0000] {spark_submit.py:495} INFO - 23/01/27 18:36:05 INFO SecurityManager: Changing modify acls to: default
[2023-01-27T18:36:05.115+0000] {spark_submit.py:495} INFO - 23/01/27 18:36:05 INFO SecurityManager: Changing view acls groups to:
[2023-01-27T18:36:05.115+0000] {spark_submit.py:495} INFO - 23/01/27 18:36:05 INFO SecurityManager: Changing modify acls groups to:
[2023-01-27T18:36:05.116+0000] {spark_submit.py:495} INFO - 23/01/27 18:36:05 INFO SecurityManager: SecurityManager: authentication disabled; ui acls disabled; users  with view permissions: Set(default); groups with view permissions: Set(); users  with modify permissions: Set(default); groups with modify permissions: Set()
[2023-01-27T18:36:05.362+0000] {spark_submit.py:495} INFO - 23/01/27 18:36:05 INFO Utils: Successfully started service 'sparkDriver' on port 44115.
[2023-01-27T18:36:05.391+0000] {spark_submit.py:495} INFO - 23/01/27 18:36:05 INFO SparkEnv: Registering MapOutputTracker
[2023-01-27T18:36:05.418+0000] {spark_submit.py:495} INFO - 23/01/27 18:36:05 INFO SparkEnv: Registering BlockManagerMaster
[2023-01-27T18:36:05.432+0000] {spark_submit.py:495} INFO - 23/01/27 18:36:05 INFO BlockManagerMasterEndpoint: Using org.apache.spark.storage.DefaultTopologyMapper for getting topology information
[2023-01-27T18:36:05.432+0000] {spark_submit.py:495} INFO - 23/01/27 18:36:05 INFO BlockManagerMasterEndpoint: BlockManagerMasterEndpoint up
[2023-01-27T18:36:05.439+0000] {spark_submit.py:495} INFO - 23/01/27 18:36:05 INFO SparkEnv: Registering BlockManagerMasterHeartbeat
[2023-01-27T18:36:05.459+0000] {spark_submit.py:495} INFO - 23/01/27 18:36:05 INFO DiskBlockManager: Created local directory at /tmp/blockmgr-9694504f-0b96-4c3e-9174-b8b18fa72b18
[2023-01-27T18:36:05.473+0000] {spark_submit.py:495} INFO - 23/01/27 18:36:05 INFO MemoryStore: MemoryStore started with capacity 434.4 MiB
[2023-01-27T18:36:05.497+0000] {spark_submit.py:495} INFO - 23/01/27 18:36:05 INFO SparkEnv: Registering OutputCommitCoordinator
[2023-01-27T18:36:05.665+0000] {spark_submit.py:495} INFO - 23/01/27 18:36:05 WARN Utils: Service 'SparkUI' could not bind on port 4040. Attempting port 4041.
[2023-01-27T18:36:05.671+0000] {spark_submit.py:495} INFO - 23/01/27 18:36:05 INFO Utils: Successfully started service 'SparkUI' on port 4041.
[2023-01-27T18:36:05.698+0000] {spark_submit.py:495} INFO - 23/01/27 18:36:05 INFO SparkContext: Added JAR file:///home/***/.ivy2/jars/org.apache.spark_spark-sql-kafka-0-10_2.12-3.1.3.jar at spark://502660defd2e:44115/jars/org.apache.spark_spark-sql-kafka-0-10_2.12-3.1.3.jar with timestamp 1674844565001
[2023-01-27T18:36:05.698+0000] {spark_submit.py:495} INFO - 23/01/27 18:36:05 INFO SparkContext: Added JAR file:///home/***/.ivy2/jars/org.mongodb.spark_mongo-spark-connector_2.12-3.0.1.jar at spark://502660defd2e:44115/jars/org.mongodb.spark_mongo-spark-connector_2.12-3.0.1.jar with timestamp 1674844565001
[2023-01-27T18:36:05.698+0000] {spark_submit.py:495} INFO - 23/01/27 18:36:05 INFO SparkContext: Added JAR file:///home/***/.ivy2/jars/org.apache.spark_spark-token-provider-kafka-0-10_2.12-3.1.3.jar at spark://502660defd2e:44115/jars/org.apache.spark_spark-token-provider-kafka-0-10_2.12-3.1.3.jar with timestamp 1674844565001
[2023-01-27T18:36:05.698+0000] {spark_submit.py:495} INFO - 23/01/27 18:36:05 INFO SparkContext: Added JAR file:///home/***/.ivy2/jars/org.apache.kafka_kafka-clients-2.6.0.jar at spark://502660defd2e:44115/jars/org.apache.kafka_kafka-clients-2.6.0.jar with timestamp 1674844565001
[2023-01-27T18:36:05.698+0000] {spark_submit.py:495} INFO - 23/01/27 18:36:05 INFO SparkContext: Added JAR file:///home/***/.ivy2/jars/org.apache.commons_commons-pool2-2.6.2.jar at spark://502660defd2e:44115/jars/org.apache.commons_commons-pool2-2.6.2.jar with timestamp 1674844565001
[2023-01-27T18:36:05.699+0000] {spark_submit.py:495} INFO - 23/01/27 18:36:05 INFO SparkContext: Added JAR file:///home/***/.ivy2/jars/org.spark-project.spark_unused-1.0.0.jar at spark://502660defd2e:44115/jars/org.spark-project.spark_unused-1.0.0.jar with timestamp 1674844565001
[2023-01-27T18:36:05.699+0000] {spark_submit.py:495} INFO - 23/01/27 18:36:05 INFO SparkContext: Added JAR file:///home/***/.ivy2/jars/com.github.luben_zstd-jni-1.4.8-1.jar at spark://502660defd2e:44115/jars/com.github.luben_zstd-jni-1.4.8-1.jar with timestamp 1674844565001
[2023-01-27T18:36:05.699+0000] {spark_submit.py:495} INFO - 23/01/27 18:36:05 INFO SparkContext: Added JAR file:///home/***/.ivy2/jars/org.lz4_lz4-java-1.7.1.jar at spark://502660defd2e:44115/jars/org.lz4_lz4-java-1.7.1.jar with timestamp 1674844565001
[2023-01-27T18:36:05.699+0000] {spark_submit.py:495} INFO - 23/01/27 18:36:05 INFO SparkContext: Added JAR file:///home/***/.ivy2/jars/org.xerial.snappy_snappy-java-1.1.8.2.jar at spark://502660defd2e:44115/jars/org.xerial.snappy_snappy-java-1.1.8.2.jar with timestamp 1674844565001
[2023-01-27T18:36:05.699+0000] {spark_submit.py:495} INFO - 23/01/27 18:36:05 INFO SparkContext: Added JAR file:///home/***/.ivy2/jars/org.slf4j_slf4j-api-1.7.30.jar at spark://502660defd2e:44115/jars/org.slf4j_slf4j-api-1.7.30.jar with timestamp 1674844565001
[2023-01-27T18:36:05.699+0000] {spark_submit.py:495} INFO - 23/01/27 18:36:05 INFO SparkContext: Added JAR file:///home/***/.ivy2/jars/org.mongodb_mongodb-driver-sync-4.0.5.jar at spark://502660defd2e:44115/jars/org.mongodb_mongodb-driver-sync-4.0.5.jar with timestamp 1674844565001
[2023-01-27T18:36:05.699+0000] {spark_submit.py:495} INFO - 23/01/27 18:36:05 INFO SparkContext: Added JAR file:///home/***/.ivy2/jars/org.mongodb_bson-4.0.5.jar at spark://502660defd2e:44115/jars/org.mongodb_bson-4.0.5.jar with timestamp 1674844565001
[2023-01-27T18:36:05.700+0000] {spark_submit.py:495} INFO - 23/01/27 18:36:05 INFO SparkContext: Added JAR file:///home/***/.ivy2/jars/org.mongodb_mongodb-driver-core-4.0.5.jar at spark://502660defd2e:44115/jars/org.mongodb_mongodb-driver-core-4.0.5.jar with timestamp 1674844565001
[2023-01-27T18:36:05.701+0000] {spark_submit.py:495} INFO - 23/01/27 18:36:05 INFO SparkContext: Added file file:///home/***/.ivy2/jars/org.apache.spark_spark-sql-kafka-0-10_2.12-3.1.3.jar at file:///home/***/.ivy2/jars/org.apache.spark_spark-sql-kafka-0-10_2.12-3.1.3.jar with timestamp 1674844565001
[2023-01-27T18:36:05.702+0000] {spark_submit.py:495} INFO - 23/01/27 18:36:05 INFO Utils: Copying /home/***/.ivy2/jars/org.apache.spark_spark-sql-kafka-0-10_2.12-3.1.3.jar to /tmp/spark-fe94e43d-1206-4101-87cd-3a434b2158ee/userFiles-c128df3e-6a9e-4f5a-af85-0af299910f6d/org.apache.spark_spark-sql-kafka-0-10_2.12-3.1.3.jar
[2023-01-27T18:36:05.736+0000] {spark_submit.py:495} INFO - 23/01/27 18:36:05 INFO SparkContext: Added file file:///home/***/.ivy2/jars/org.mongodb.spark_mongo-spark-connector_2.12-3.0.1.jar at file:///home/***/.ivy2/jars/org.mongodb.spark_mongo-spark-connector_2.12-3.0.1.jar with timestamp 1674844565001
[2023-01-27T18:36:05.737+0000] {spark_submit.py:495} INFO - 23/01/27 18:36:05 INFO Utils: Copying /home/***/.ivy2/jars/org.mongodb.spark_mongo-spark-connector_2.12-3.0.1.jar to /tmp/spark-fe94e43d-1206-4101-87cd-3a434b2158ee/userFiles-c128df3e-6a9e-4f5a-af85-0af299910f6d/org.mongodb.spark_mongo-spark-connector_2.12-3.0.1.jar
[2023-01-27T18:36:05.739+0000] {spark_submit.py:495} INFO - 23/01/27 18:36:05 INFO SparkContext: Added file file:///home/***/.ivy2/jars/org.apache.spark_spark-token-provider-kafka-0-10_2.12-3.1.3.jar at file:///home/***/.ivy2/jars/org.apache.spark_spark-token-provider-kafka-0-10_2.12-3.1.3.jar with timestamp 1674844565001
[2023-01-27T18:36:05.740+0000] {spark_submit.py:495} INFO - 23/01/27 18:36:05 INFO Utils: Copying /home/***/.ivy2/jars/org.apache.spark_spark-token-provider-kafka-0-10_2.12-3.1.3.jar to /tmp/spark-fe94e43d-1206-4101-87cd-3a434b2158ee/userFiles-c128df3e-6a9e-4f5a-af85-0af299910f6d/org.apache.spark_spark-token-provider-kafka-0-10_2.12-3.1.3.jar
[2023-01-27T18:36:05.744+0000] {spark_submit.py:495} INFO - 23/01/27 18:36:05 INFO SparkContext: Added file file:///home/***/.ivy2/jars/org.apache.kafka_kafka-clients-2.6.0.jar at file:///home/***/.ivy2/jars/org.apache.kafka_kafka-clients-2.6.0.jar with timestamp 1674844565001
[2023-01-27T18:36:05.745+0000] {spark_submit.py:495} INFO - 23/01/27 18:36:05 INFO Utils: Copying /home/***/.ivy2/jars/org.apache.kafka_kafka-clients-2.6.0.jar to /tmp/spark-fe94e43d-1206-4101-87cd-3a434b2158ee/userFiles-c128df3e-6a9e-4f5a-af85-0af299910f6d/org.apache.kafka_kafka-clients-2.6.0.jar
[2023-01-27T18:36:05.757+0000] {spark_submit.py:495} INFO - 23/01/27 18:36:05 INFO SparkContext: Added file file:///home/***/.ivy2/jars/org.apache.commons_commons-pool2-2.6.2.jar at file:///home/***/.ivy2/jars/org.apache.commons_commons-pool2-2.6.2.jar with timestamp 1674844565001
[2023-01-27T18:36:05.757+0000] {spark_submit.py:495} INFO - 23/01/27 18:36:05 INFO Utils: Copying /home/***/.ivy2/jars/org.apache.commons_commons-pool2-2.6.2.jar to /tmp/spark-fe94e43d-1206-4101-87cd-3a434b2158ee/userFiles-c128df3e-6a9e-4f5a-af85-0af299910f6d/org.apache.commons_commons-pool2-2.6.2.jar
[2023-01-27T18:36:05.761+0000] {spark_submit.py:495} INFO - 23/01/27 18:36:05 INFO SparkContext: Added file file:///home/***/.ivy2/jars/org.spark-project.spark_unused-1.0.0.jar at file:///home/***/.ivy2/jars/org.spark-project.spark_unused-1.0.0.jar with timestamp 1674844565001
[2023-01-27T18:36:05.761+0000] {spark_submit.py:495} INFO - 23/01/27 18:36:05 INFO Utils: Copying /home/***/.ivy2/jars/org.spark-project.spark_unused-1.0.0.jar to /tmp/spark-fe94e43d-1206-4101-87cd-3a434b2158ee/userFiles-c128df3e-6a9e-4f5a-af85-0af299910f6d/org.spark-project.spark_unused-1.0.0.jar
[2023-01-27T18:36:05.764+0000] {spark_submit.py:495} INFO - 23/01/27 18:36:05 INFO SparkContext: Added file file:///home/***/.ivy2/jars/com.github.luben_zstd-jni-1.4.8-1.jar at file:///home/***/.ivy2/jars/com.github.luben_zstd-jni-1.4.8-1.jar with timestamp 1674844565001
[2023-01-27T18:36:05.768+0000] {spark_submit.py:495} INFO - 23/01/27 18:36:05 INFO Utils: Copying /home/***/.ivy2/jars/com.github.luben_zstd-jni-1.4.8-1.jar to /tmp/spark-fe94e43d-1206-4101-87cd-3a434b2158ee/userFiles-c128df3e-6a9e-4f5a-af85-0af299910f6d/com.github.luben_zstd-jni-1.4.8-1.jar
[2023-01-27T18:36:05.773+0000] {spark_submit.py:495} INFO - 23/01/27 18:36:05 INFO SparkContext: Added file file:///home/***/.ivy2/jars/org.lz4_lz4-java-1.7.1.jar at file:///home/***/.ivy2/jars/org.lz4_lz4-java-1.7.1.jar with timestamp 1674844565001
[2023-01-27T18:36:05.773+0000] {spark_submit.py:495} INFO - 23/01/27 18:36:05 INFO Utils: Copying /home/***/.ivy2/jars/org.lz4_lz4-java-1.7.1.jar to /tmp/spark-fe94e43d-1206-4101-87cd-3a434b2158ee/userFiles-c128df3e-6a9e-4f5a-af85-0af299910f6d/org.lz4_lz4-java-1.7.1.jar
[2023-01-27T18:36:05.776+0000] {spark_submit.py:495} INFO - 23/01/27 18:36:05 INFO SparkContext: Added file file:///home/***/.ivy2/jars/org.xerial.snappy_snappy-java-1.1.8.2.jar at file:///home/***/.ivy2/jars/org.xerial.snappy_snappy-java-1.1.8.2.jar with timestamp 1674844565001
[2023-01-27T18:36:05.777+0000] {spark_submit.py:495} INFO - 23/01/27 18:36:05 INFO Utils: Copying /home/***/.ivy2/jars/org.xerial.snappy_snappy-java-1.1.8.2.jar to /tmp/spark-fe94e43d-1206-4101-87cd-3a434b2158ee/userFiles-c128df3e-6a9e-4f5a-af85-0af299910f6d/org.xerial.snappy_snappy-java-1.1.8.2.jar
[2023-01-27T18:36:05.781+0000] {spark_submit.py:495} INFO - 23/01/27 18:36:05 INFO SparkContext: Added file file:///home/***/.ivy2/jars/org.slf4j_slf4j-api-1.7.30.jar at file:///home/***/.ivy2/jars/org.slf4j_slf4j-api-1.7.30.jar with timestamp 1674844565001
[2023-01-27T18:36:05.782+0000] {spark_submit.py:495} INFO - 23/01/27 18:36:05 INFO Utils: Copying /home/***/.ivy2/jars/org.slf4j_slf4j-api-1.7.30.jar to /tmp/spark-fe94e43d-1206-4101-87cd-3a434b2158ee/userFiles-c128df3e-6a9e-4f5a-af85-0af299910f6d/org.slf4j_slf4j-api-1.7.30.jar
[2023-01-27T18:36:05.785+0000] {spark_submit.py:495} INFO - 23/01/27 18:36:05 INFO SparkContext: Added file file:///home/***/.ivy2/jars/org.mongodb_mongodb-driver-sync-4.0.5.jar at file:///home/***/.ivy2/jars/org.mongodb_mongodb-driver-sync-4.0.5.jar with timestamp 1674844565001
[2023-01-27T18:36:05.785+0000] {spark_submit.py:495} INFO - 23/01/27 18:36:05 INFO Utils: Copying /home/***/.ivy2/jars/org.mongodb_mongodb-driver-sync-4.0.5.jar to /tmp/spark-fe94e43d-1206-4101-87cd-3a434b2158ee/userFiles-c128df3e-6a9e-4f5a-af85-0af299910f6d/org.mongodb_mongodb-driver-sync-4.0.5.jar
[2023-01-27T18:36:05.789+0000] {spark_submit.py:495} INFO - 23/01/27 18:36:05 INFO SparkContext: Added file file:///home/***/.ivy2/jars/org.mongodb_bson-4.0.5.jar at file:///home/***/.ivy2/jars/org.mongodb_bson-4.0.5.jar with timestamp 1674844565001
[2023-01-27T18:36:05.789+0000] {spark_submit.py:495} INFO - 23/01/27 18:36:05 INFO Utils: Copying /home/***/.ivy2/jars/org.mongodb_bson-4.0.5.jar to /tmp/spark-fe94e43d-1206-4101-87cd-3a434b2158ee/userFiles-c128df3e-6a9e-4f5a-af85-0af299910f6d/org.mongodb_bson-4.0.5.jar
[2023-01-27T18:36:05.797+0000] {spark_submit.py:495} INFO - 23/01/27 18:36:05 INFO SparkContext: Added file file:///home/***/.ivy2/jars/org.mongodb_mongodb-driver-core-4.0.5.jar at file:///home/***/.ivy2/jars/org.mongodb_mongodb-driver-core-4.0.5.jar with timestamp 1674844565001
[2023-01-27T18:36:05.798+0000] {spark_submit.py:495} INFO - 23/01/27 18:36:05 INFO Utils: Copying /home/***/.ivy2/jars/org.mongodb_mongodb-driver-core-4.0.5.jar to /tmp/spark-fe94e43d-1206-4101-87cd-3a434b2158ee/userFiles-c128df3e-6a9e-4f5a-af85-0af299910f6d/org.mongodb_mongodb-driver-core-4.0.5.jar
[2023-01-27T18:36:05.888+0000] {spark_submit.py:495} INFO - 23/01/27 18:36:05 INFO Executor: Starting executor ID driver on host 502660defd2e
[2023-01-27T18:36:05.895+0000] {spark_submit.py:495} INFO - 23/01/27 18:36:05 INFO Executor: Starting executor with user classpath (userClassPathFirst = false): ''
[2023-01-27T18:36:05.906+0000] {spark_submit.py:495} INFO - 23/01/27 18:36:05 INFO Executor: Fetching file:///home/***/.ivy2/jars/org.apache.spark_spark-token-provider-kafka-0-10_2.12-3.1.3.jar with timestamp 1674844565001
[2023-01-27T18:36:05.923+0000] {spark_submit.py:495} INFO - 23/01/27 18:36:05 INFO Utils: /home/***/.ivy2/jars/org.apache.spark_spark-token-provider-kafka-0-10_2.12-3.1.3.jar has been previously copied to /tmp/spark-fe94e43d-1206-4101-87cd-3a434b2158ee/userFiles-c128df3e-6a9e-4f5a-af85-0af299910f6d/org.apache.spark_spark-token-provider-kafka-0-10_2.12-3.1.3.jar
[2023-01-27T18:36:05.934+0000] {spark_submit.py:495} INFO - 23/01/27 18:36:05 INFO Executor: Fetching file:///home/***/.ivy2/jars/org.mongodb_mongodb-driver-sync-4.0.5.jar with timestamp 1674844565001
[2023-01-27T18:36:05.935+0000] {spark_submit.py:495} INFO - 23/01/27 18:36:05 INFO Utils: /home/***/.ivy2/jars/org.mongodb_mongodb-driver-sync-4.0.5.jar has been previously copied to /tmp/spark-fe94e43d-1206-4101-87cd-3a434b2158ee/userFiles-c128df3e-6a9e-4f5a-af85-0af299910f6d/org.mongodb_mongodb-driver-sync-4.0.5.jar
[2023-01-27T18:36:05.961+0000] {spark_submit.py:495} INFO - 23/01/27 18:36:05 INFO Executor: Fetching file:///home/***/.ivy2/jars/org.apache.kafka_kafka-clients-2.6.0.jar with timestamp 1674844565001
[2023-01-27T18:36:05.989+0000] {spark_submit.py:495} INFO - 23/01/27 18:36:05 INFO Utils: /home/***/.ivy2/jars/org.apache.kafka_kafka-clients-2.6.0.jar has been previously copied to /tmp/spark-fe94e43d-1206-4101-87cd-3a434b2158ee/userFiles-c128df3e-6a9e-4f5a-af85-0af299910f6d/org.apache.kafka_kafka-clients-2.6.0.jar
[2023-01-27T18:36:06.005+0000] {spark_submit.py:495} INFO - 23/01/27 18:36:06 INFO Executor: Fetching file:///home/***/.ivy2/jars/org.mongodb_bson-4.0.5.jar with timestamp 1674844565001
[2023-01-27T18:36:06.006+0000] {spark_submit.py:495} INFO - 23/01/27 18:36:06 INFO Utils: /home/***/.ivy2/jars/org.mongodb_bson-4.0.5.jar has been previously copied to /tmp/spark-fe94e43d-1206-4101-87cd-3a434b2158ee/userFiles-c128df3e-6a9e-4f5a-af85-0af299910f6d/org.mongodb_bson-4.0.5.jar
[2023-01-27T18:36:06.029+0000] {spark_submit.py:495} INFO - 23/01/27 18:36:06 INFO Executor: Fetching file:///home/***/.ivy2/jars/com.github.luben_zstd-jni-1.4.8-1.jar with timestamp 1674844565001
[2023-01-27T18:36:06.035+0000] {spark_submit.py:495} INFO - 23/01/27 18:36:06 INFO Utils: /home/***/.ivy2/jars/com.github.luben_zstd-jni-1.4.8-1.jar has been previously copied to /tmp/spark-fe94e43d-1206-4101-87cd-3a434b2158ee/userFiles-c128df3e-6a9e-4f5a-af85-0af299910f6d/com.github.luben_zstd-jni-1.4.8-1.jar
[2023-01-27T18:36:06.043+0000] {spark_submit.py:495} INFO - 23/01/27 18:36:06 INFO Executor: Fetching file:///home/***/.ivy2/jars/org.lz4_lz4-java-1.7.1.jar with timestamp 1674844565001
[2023-01-27T18:36:06.044+0000] {spark_submit.py:495} INFO - 23/01/27 18:36:06 INFO Utils: /home/***/.ivy2/jars/org.lz4_lz4-java-1.7.1.jar has been previously copied to /tmp/spark-fe94e43d-1206-4101-87cd-3a434b2158ee/userFiles-c128df3e-6a9e-4f5a-af85-0af299910f6d/org.lz4_lz4-java-1.7.1.jar
[2023-01-27T18:36:06.051+0000] {spark_submit.py:495} INFO - 23/01/27 18:36:06 INFO Executor: Fetching file:///home/***/.ivy2/jars/org.spark-project.spark_unused-1.0.0.jar with timestamp 1674844565001
[2023-01-27T18:36:06.051+0000] {spark_submit.py:495} INFO - 23/01/27 18:36:06 INFO Utils: /home/***/.ivy2/jars/org.spark-project.spark_unused-1.0.0.jar has been previously copied to /tmp/spark-fe94e43d-1206-4101-87cd-3a434b2158ee/userFiles-c128df3e-6a9e-4f5a-af85-0af299910f6d/org.spark-project.spark_unused-1.0.0.jar
[2023-01-27T18:36:06.055+0000] {spark_submit.py:495} INFO - 23/01/27 18:36:06 INFO Executor: Fetching file:///home/***/.ivy2/jars/org.xerial.snappy_snappy-java-1.1.8.2.jar with timestamp 1674844565001
[2023-01-27T18:36:06.057+0000] {spark_submit.py:495} INFO - 23/01/27 18:36:06 INFO Utils: /home/***/.ivy2/jars/org.xerial.snappy_snappy-java-1.1.8.2.jar has been previously copied to /tmp/spark-fe94e43d-1206-4101-87cd-3a434b2158ee/userFiles-c128df3e-6a9e-4f5a-af85-0af299910f6d/org.xerial.snappy_snappy-java-1.1.8.2.jar
[2023-01-27T18:36:06.060+0000] {spark_submit.py:495} INFO - 23/01/27 18:36:06 INFO Executor: Fetching file:///home/***/.ivy2/jars/org.mongodb_mongodb-driver-core-4.0.5.jar with timestamp 1674844565001
[2023-01-27T18:36:06.062+0000] {spark_submit.py:495} INFO - 23/01/27 18:36:06 INFO Utils: /home/***/.ivy2/jars/org.mongodb_mongodb-driver-core-4.0.5.jar has been previously copied to /tmp/spark-fe94e43d-1206-4101-87cd-3a434b2158ee/userFiles-c128df3e-6a9e-4f5a-af85-0af299910f6d/org.mongodb_mongodb-driver-core-4.0.5.jar
[2023-01-27T18:36:06.065+0000] {spark_submit.py:495} INFO - 23/01/27 18:36:06 INFO Executor: Fetching file:///home/***/.ivy2/jars/org.apache.spark_spark-sql-kafka-0-10_2.12-3.1.3.jar with timestamp 1674844565001
[2023-01-27T18:36:06.065+0000] {spark_submit.py:495} INFO - 23/01/27 18:36:06 INFO Utils: /home/***/.ivy2/jars/org.apache.spark_spark-sql-kafka-0-10_2.12-3.1.3.jar has been previously copied to /tmp/spark-fe94e43d-1206-4101-87cd-3a434b2158ee/userFiles-c128df3e-6a9e-4f5a-af85-0af299910f6d/org.apache.spark_spark-sql-kafka-0-10_2.12-3.1.3.jar
[2023-01-27T18:36:06.068+0000] {spark_submit.py:495} INFO - 23/01/27 18:36:06 INFO Executor: Fetching file:///home/***/.ivy2/jars/org.mongodb.spark_mongo-spark-connector_2.12-3.0.1.jar with timestamp 1674844565001
[2023-01-27T18:36:06.069+0000] {spark_submit.py:495} INFO - 23/01/27 18:36:06 INFO Utils: /home/***/.ivy2/jars/org.mongodb.spark_mongo-spark-connector_2.12-3.0.1.jar has been previously copied to /tmp/spark-fe94e43d-1206-4101-87cd-3a434b2158ee/userFiles-c128df3e-6a9e-4f5a-af85-0af299910f6d/org.mongodb.spark_mongo-spark-connector_2.12-3.0.1.jar
[2023-01-27T18:36:06.072+0000] {spark_submit.py:495} INFO - 23/01/27 18:36:06 INFO Executor: Fetching file:///home/***/.ivy2/jars/org.apache.commons_commons-pool2-2.6.2.jar with timestamp 1674844565001
[2023-01-27T18:36:06.073+0000] {spark_submit.py:495} INFO - 23/01/27 18:36:06 INFO Utils: /home/***/.ivy2/jars/org.apache.commons_commons-pool2-2.6.2.jar has been previously copied to /tmp/spark-fe94e43d-1206-4101-87cd-3a434b2158ee/userFiles-c128df3e-6a9e-4f5a-af85-0af299910f6d/org.apache.commons_commons-pool2-2.6.2.jar
[2023-01-27T18:36:06.076+0000] {spark_submit.py:495} INFO - 23/01/27 18:36:06 INFO Executor: Fetching file:///home/***/.ivy2/jars/org.slf4j_slf4j-api-1.7.30.jar with timestamp 1674844565001
[2023-01-27T18:36:06.076+0000] {spark_submit.py:495} INFO - 23/01/27 18:36:06 INFO Utils: /home/***/.ivy2/jars/org.slf4j_slf4j-api-1.7.30.jar has been previously copied to /tmp/spark-fe94e43d-1206-4101-87cd-3a434b2158ee/userFiles-c128df3e-6a9e-4f5a-af85-0af299910f6d/org.slf4j_slf4j-api-1.7.30.jar
[2023-01-27T18:36:06.081+0000] {spark_submit.py:495} INFO - 23/01/27 18:36:06 INFO Executor: Fetching spark://502660defd2e:44115/jars/org.lz4_lz4-java-1.7.1.jar with timestamp 1674844565001
[2023-01-27T18:36:06.124+0000] {spark_submit.py:495} INFO - 23/01/27 18:36:06 INFO TransportClientFactory: Successfully created connection to 502660defd2e/172.23.0.7:44115 after 33 ms (0 ms spent in bootstraps)
[2023-01-27T18:36:06.130+0000] {spark_submit.py:495} INFO - 23/01/27 18:36:06 INFO Utils: Fetching spark://502660defd2e:44115/jars/org.lz4_lz4-java-1.7.1.jar to /tmp/spark-fe94e43d-1206-4101-87cd-3a434b2158ee/userFiles-c128df3e-6a9e-4f5a-af85-0af299910f6d/fetchFileTemp8744167382300852920.tmp
[2023-01-27T18:36:06.161+0000] {spark_submit.py:495} INFO - 23/01/27 18:36:06 INFO Utils: /tmp/spark-fe94e43d-1206-4101-87cd-3a434b2158ee/userFiles-c128df3e-6a9e-4f5a-af85-0af299910f6d/fetchFileTemp8744167382300852920.tmp has been previously copied to /tmp/spark-fe94e43d-1206-4101-87cd-3a434b2158ee/userFiles-c128df3e-6a9e-4f5a-af85-0af299910f6d/org.lz4_lz4-java-1.7.1.jar
[2023-01-27T18:36:06.165+0000] {spark_submit.py:495} INFO - 23/01/27 18:36:06 INFO Executor: Adding file:/tmp/spark-fe94e43d-1206-4101-87cd-3a434b2158ee/userFiles-c128df3e-6a9e-4f5a-af85-0af299910f6d/org.lz4_lz4-java-1.7.1.jar to class loader
[2023-01-27T18:36:06.165+0000] {spark_submit.py:495} INFO - 23/01/27 18:36:06 INFO Executor: Fetching spark://502660defd2e:44115/jars/org.apache.spark_spark-sql-kafka-0-10_2.12-3.1.3.jar with timestamp 1674844565001
[2023-01-27T18:36:06.165+0000] {spark_submit.py:495} INFO - 23/01/27 18:36:06 INFO Utils: Fetching spark://502660defd2e:44115/jars/org.apache.spark_spark-sql-kafka-0-10_2.12-3.1.3.jar to /tmp/spark-fe94e43d-1206-4101-87cd-3a434b2158ee/userFiles-c128df3e-6a9e-4f5a-af85-0af299910f6d/fetchFileTemp13292855959825412262.tmp
[2023-01-27T18:36:06.170+0000] {spark_submit.py:495} INFO - 23/01/27 18:36:06 INFO Utils: /tmp/spark-fe94e43d-1206-4101-87cd-3a434b2158ee/userFiles-c128df3e-6a9e-4f5a-af85-0af299910f6d/fetchFileTemp13292855959825412262.tmp has been previously copied to /tmp/spark-fe94e43d-1206-4101-87cd-3a434b2158ee/userFiles-c128df3e-6a9e-4f5a-af85-0af299910f6d/org.apache.spark_spark-sql-kafka-0-10_2.12-3.1.3.jar
[2023-01-27T18:36:06.173+0000] {spark_submit.py:495} INFO - 23/01/27 18:36:06 INFO Executor: Adding file:/tmp/spark-fe94e43d-1206-4101-87cd-3a434b2158ee/userFiles-c128df3e-6a9e-4f5a-af85-0af299910f6d/org.apache.spark_spark-sql-kafka-0-10_2.12-3.1.3.jar to class loader
[2023-01-27T18:36:06.174+0000] {spark_submit.py:495} INFO - 23/01/27 18:36:06 INFO Executor: Fetching spark://502660defd2e:44115/jars/org.mongodb_mongodb-driver-sync-4.0.5.jar with timestamp 1674844565001
[2023-01-27T18:36:06.176+0000] {spark_submit.py:495} INFO - 23/01/27 18:36:06 INFO Utils: Fetching spark://502660defd2e:44115/jars/org.mongodb_mongodb-driver-sync-4.0.5.jar to /tmp/spark-fe94e43d-1206-4101-87cd-3a434b2158ee/userFiles-c128df3e-6a9e-4f5a-af85-0af299910f6d/fetchFileTemp572015898554353231.tmp
[2023-01-27T18:36:06.177+0000] {spark_submit.py:495} INFO - 23/01/27 18:36:06 INFO Utils: /tmp/spark-fe94e43d-1206-4101-87cd-3a434b2158ee/userFiles-c128df3e-6a9e-4f5a-af85-0af299910f6d/fetchFileTemp572015898554353231.tmp has been previously copied to /tmp/spark-fe94e43d-1206-4101-87cd-3a434b2158ee/userFiles-c128df3e-6a9e-4f5a-af85-0af299910f6d/org.mongodb_mongodb-driver-sync-4.0.5.jar
[2023-01-27T18:36:06.180+0000] {spark_submit.py:495} INFO - 23/01/27 18:36:06 INFO Executor: Adding file:/tmp/spark-fe94e43d-1206-4101-87cd-3a434b2158ee/userFiles-c128df3e-6a9e-4f5a-af85-0af299910f6d/org.mongodb_mongodb-driver-sync-4.0.5.jar to class loader
[2023-01-27T18:36:06.180+0000] {spark_submit.py:495} INFO - 23/01/27 18:36:06 INFO Executor: Fetching spark://502660defd2e:44115/jars/com.github.luben_zstd-jni-1.4.8-1.jar with timestamp 1674844565001
[2023-01-27T18:36:06.181+0000] {spark_submit.py:495} INFO - 23/01/27 18:36:06 INFO Utils: Fetching spark://502660defd2e:44115/jars/com.github.luben_zstd-jni-1.4.8-1.jar to /tmp/spark-fe94e43d-1206-4101-87cd-3a434b2158ee/userFiles-c128df3e-6a9e-4f5a-af85-0af299910f6d/fetchFileTemp2919954967895331944.tmp
[2023-01-27T18:36:06.216+0000] {spark_submit.py:495} INFO - 23/01/27 18:36:06 INFO Utils: /tmp/spark-fe94e43d-1206-4101-87cd-3a434b2158ee/userFiles-c128df3e-6a9e-4f5a-af85-0af299910f6d/fetchFileTemp2919954967895331944.tmp has been previously copied to /tmp/spark-fe94e43d-1206-4101-87cd-3a434b2158ee/userFiles-c128df3e-6a9e-4f5a-af85-0af299910f6d/com.github.luben_zstd-jni-1.4.8-1.jar
[2023-01-27T18:36:07.057+0000] {spark_submit.py:495} INFO - 23/01/27 18:36:07 INFO Executor: Adding file:/tmp/spark-fe94e43d-1206-4101-87cd-3a434b2158ee/userFiles-c128df3e-6a9e-4f5a-af85-0af299910f6d/com.github.luben_zstd-jni-1.4.8-1.jar to class loader
[2023-01-27T18:36:07.057+0000] {spark_submit.py:495} INFO - 23/01/27 18:36:07 INFO Executor: Fetching spark://502660defd2e:44115/jars/org.apache.commons_commons-pool2-2.6.2.jar with timestamp 1674844565001
[2023-01-27T18:36:07.060+0000] {spark_submit.py:495} INFO - 23/01/27 18:36:07 INFO Utils: Fetching spark://502660defd2e:44115/jars/org.apache.commons_commons-pool2-2.6.2.jar to /tmp/spark-fe94e43d-1206-4101-87cd-3a434b2158ee/userFiles-c128df3e-6a9e-4f5a-af85-0af299910f6d/fetchFileTemp1611137948015816523.tmp
[2023-01-27T18:36:07.061+0000] {spark_submit.py:495} INFO - 23/01/27 18:36:07 INFO Utils: /tmp/spark-fe94e43d-1206-4101-87cd-3a434b2158ee/userFiles-c128df3e-6a9e-4f5a-af85-0af299910f6d/fetchFileTemp1611137948015816523.tmp has been previously copied to /tmp/spark-fe94e43d-1206-4101-87cd-3a434b2158ee/userFiles-c128df3e-6a9e-4f5a-af85-0af299910f6d/org.apache.commons_commons-pool2-2.6.2.jar
[2023-01-27T18:36:07.078+0000] {spark_submit.py:495} INFO - 23/01/27 18:36:07 INFO Executor: Adding file:/tmp/spark-fe94e43d-1206-4101-87cd-3a434b2158ee/userFiles-c128df3e-6a9e-4f5a-af85-0af299910f6d/org.apache.commons_commons-pool2-2.6.2.jar to class loader
[2023-01-27T18:36:07.079+0000] {spark_submit.py:495} INFO - 23/01/27 18:36:07 INFO Executor: Fetching spark://502660defd2e:44115/jars/org.apache.spark_spark-token-provider-kafka-0-10_2.12-3.1.3.jar with timestamp 1674844565001
[2023-01-27T18:36:07.079+0000] {spark_submit.py:495} INFO - 23/01/27 18:36:07 INFO Utils: Fetching spark://502660defd2e:44115/jars/org.apache.spark_spark-token-provider-kafka-0-10_2.12-3.1.3.jar to /tmp/spark-fe94e43d-1206-4101-87cd-3a434b2158ee/userFiles-c128df3e-6a9e-4f5a-af85-0af299910f6d/fetchFileTemp14630788660248558334.tmp
[2023-01-27T18:36:07.081+0000] {spark_submit.py:495} INFO - 23/01/27 18:36:07 INFO Utils: /tmp/spark-fe94e43d-1206-4101-87cd-3a434b2158ee/userFiles-c128df3e-6a9e-4f5a-af85-0af299910f6d/fetchFileTemp14630788660248558334.tmp has been previously copied to /tmp/spark-fe94e43d-1206-4101-87cd-3a434b2158ee/userFiles-c128df3e-6a9e-4f5a-af85-0af299910f6d/org.apache.spark_spark-token-provider-kafka-0-10_2.12-3.1.3.jar
[2023-01-27T18:36:07.096+0000] {spark_submit.py:495} INFO - 23/01/27 18:36:07 INFO Executor: Adding file:/tmp/spark-fe94e43d-1206-4101-87cd-3a434b2158ee/userFiles-c128df3e-6a9e-4f5a-af85-0af299910f6d/org.apache.spark_spark-token-provider-kafka-0-10_2.12-3.1.3.jar to class loader
[2023-01-27T18:36:07.096+0000] {spark_submit.py:495} INFO - 23/01/27 18:36:07 INFO Executor: Fetching spark://502660defd2e:44115/jars/org.mongodb_mongodb-driver-core-4.0.5.jar with timestamp 1674844565001
[2023-01-27T18:36:07.097+0000] {spark_submit.py:495} INFO - 23/01/27 18:36:07 INFO Utils: Fetching spark://502660defd2e:44115/jars/org.mongodb_mongodb-driver-core-4.0.5.jar to /tmp/spark-fe94e43d-1206-4101-87cd-3a434b2158ee/userFiles-c128df3e-6a9e-4f5a-af85-0af299910f6d/fetchFileTemp7701604963806410594.tmp
[2023-01-27T18:36:07.104+0000] {spark_submit.py:495} INFO - 23/01/27 18:36:07 INFO Utils: /tmp/spark-fe94e43d-1206-4101-87cd-3a434b2158ee/userFiles-c128df3e-6a9e-4f5a-af85-0af299910f6d/fetchFileTemp7701604963806410594.tmp has been previously copied to /tmp/spark-fe94e43d-1206-4101-87cd-3a434b2158ee/userFiles-c128df3e-6a9e-4f5a-af85-0af299910f6d/org.mongodb_mongodb-driver-core-4.0.5.jar
[2023-01-27T18:36:07.224+0000] {spark_submit.py:495} INFO - 23/01/27 18:36:07 INFO Executor: Adding file:/tmp/spark-fe94e43d-1206-4101-87cd-3a434b2158ee/userFiles-c128df3e-6a9e-4f5a-af85-0af299910f6d/org.mongodb_mongodb-driver-core-4.0.5.jar to class loader
[2023-01-27T18:36:07.226+0000] {spark_submit.py:495} INFO - 23/01/27 18:36:07 INFO Executor: Fetching spark://502660defd2e:44115/jars/org.mongodb.spark_mongo-spark-connector_2.12-3.0.1.jar with timestamp 1674844565001
[2023-01-27T18:36:07.227+0000] {spark_submit.py:495} INFO - 23/01/27 18:36:07 INFO Utils: Fetching spark://502660defd2e:44115/jars/org.mongodb.spark_mongo-spark-connector_2.12-3.0.1.jar to /tmp/spark-fe94e43d-1206-4101-87cd-3a434b2158ee/userFiles-c128df3e-6a9e-4f5a-af85-0af299910f6d/fetchFileTemp9428183738577202788.tmp
[2023-01-27T18:36:07.253+0000] {spark_submit.py:495} INFO - 23/01/27 18:36:07 INFO Utils: /tmp/spark-fe94e43d-1206-4101-87cd-3a434b2158ee/userFiles-c128df3e-6a9e-4f5a-af85-0af299910f6d/fetchFileTemp9428183738577202788.tmp has been previously copied to /tmp/spark-fe94e43d-1206-4101-87cd-3a434b2158ee/userFiles-c128df3e-6a9e-4f5a-af85-0af299910f6d/org.mongodb.spark_mongo-spark-connector_2.12-3.0.1.jar
[2023-01-27T18:36:07.299+0000] {spark_submit.py:495} INFO - 23/01/27 18:36:07 INFO Executor: Adding file:/tmp/spark-fe94e43d-1206-4101-87cd-3a434b2158ee/userFiles-c128df3e-6a9e-4f5a-af85-0af299910f6d/org.mongodb.spark_mongo-spark-connector_2.12-3.0.1.jar to class loader
[2023-01-27T18:36:07.299+0000] {spark_submit.py:495} INFO - 23/01/27 18:36:07 INFO Executor: Fetching spark://502660defd2e:44115/jars/org.slf4j_slf4j-api-1.7.30.jar with timestamp 1674844565001
[2023-01-27T18:36:07.301+0000] {spark_submit.py:495} INFO - 23/01/27 18:36:07 INFO Utils: Fetching spark://502660defd2e:44115/jars/org.slf4j_slf4j-api-1.7.30.jar to /tmp/spark-fe94e43d-1206-4101-87cd-3a434b2158ee/userFiles-c128df3e-6a9e-4f5a-af85-0af299910f6d/fetchFileTemp843664213465520018.tmp
[2023-01-27T18:36:07.303+0000] {spark_submit.py:495} INFO - 23/01/27 18:36:07 INFO Utils: /tmp/spark-fe94e43d-1206-4101-87cd-3a434b2158ee/userFiles-c128df3e-6a9e-4f5a-af85-0af299910f6d/fetchFileTemp843664213465520018.tmp has been previously copied to /tmp/spark-fe94e43d-1206-4101-87cd-3a434b2158ee/userFiles-c128df3e-6a9e-4f5a-af85-0af299910f6d/org.slf4j_slf4j-api-1.7.30.jar
[2023-01-27T18:36:07.316+0000] {spark_submit.py:495} INFO - 23/01/27 18:36:07 INFO Executor: Adding file:/tmp/spark-fe94e43d-1206-4101-87cd-3a434b2158ee/userFiles-c128df3e-6a9e-4f5a-af85-0af299910f6d/org.slf4j_slf4j-api-1.7.30.jar to class loader
[2023-01-27T18:36:07.316+0000] {spark_submit.py:495} INFO - 23/01/27 18:36:07 INFO Executor: Fetching spark://502660defd2e:44115/jars/org.xerial.snappy_snappy-java-1.1.8.2.jar with timestamp 1674844565001
[2023-01-27T18:36:07.318+0000] {spark_submit.py:495} INFO - 23/01/27 18:36:07 INFO Utils: Fetching spark://502660defd2e:44115/jars/org.xerial.snappy_snappy-java-1.1.8.2.jar to /tmp/spark-fe94e43d-1206-4101-87cd-3a434b2158ee/userFiles-c128df3e-6a9e-4f5a-af85-0af299910f6d/fetchFileTemp11418581747453787864.tmp
[2023-01-27T18:36:07.329+0000] {spark_submit.py:495} INFO - 23/01/27 18:36:07 INFO Utils: /tmp/spark-fe94e43d-1206-4101-87cd-3a434b2158ee/userFiles-c128df3e-6a9e-4f5a-af85-0af299910f6d/fetchFileTemp11418581747453787864.tmp has been previously copied to /tmp/spark-fe94e43d-1206-4101-87cd-3a434b2158ee/userFiles-c128df3e-6a9e-4f5a-af85-0af299910f6d/org.xerial.snappy_snappy-java-1.1.8.2.jar
[2023-01-27T18:36:07.497+0000] {spark_submit.py:495} INFO - 23/01/27 18:36:07 INFO Executor: Adding file:/tmp/spark-fe94e43d-1206-4101-87cd-3a434b2158ee/userFiles-c128df3e-6a9e-4f5a-af85-0af299910f6d/org.xerial.snappy_snappy-java-1.1.8.2.jar to class loader
[2023-01-27T18:36:07.497+0000] {spark_submit.py:495} INFO - 23/01/27 18:36:07 INFO Executor: Fetching spark://502660defd2e:44115/jars/org.spark-project.spark_unused-1.0.0.jar with timestamp 1674844565001
[2023-01-27T18:36:07.497+0000] {spark_submit.py:495} INFO - 23/01/27 18:36:07 INFO Utils: Fetching spark://502660defd2e:44115/jars/org.spark-project.spark_unused-1.0.0.jar to /tmp/spark-fe94e43d-1206-4101-87cd-3a434b2158ee/userFiles-c128df3e-6a9e-4f5a-af85-0af299910f6d/fetchFileTemp2276388732250068950.tmp
[2023-01-27T18:36:07.499+0000] {spark_submit.py:495} INFO - 23/01/27 18:36:07 INFO Utils: /tmp/spark-fe94e43d-1206-4101-87cd-3a434b2158ee/userFiles-c128df3e-6a9e-4f5a-af85-0af299910f6d/fetchFileTemp2276388732250068950.tmp has been previously copied to /tmp/spark-fe94e43d-1206-4101-87cd-3a434b2158ee/userFiles-c128df3e-6a9e-4f5a-af85-0af299910f6d/org.spark-project.spark_unused-1.0.0.jar
[2023-01-27T18:36:07.510+0000] {spark_submit.py:495} INFO - 23/01/27 18:36:07 INFO Executor: Adding file:/tmp/spark-fe94e43d-1206-4101-87cd-3a434b2158ee/userFiles-c128df3e-6a9e-4f5a-af85-0af299910f6d/org.spark-project.spark_unused-1.0.0.jar to class loader
[2023-01-27T18:36:07.511+0000] {spark_submit.py:495} INFO - 23/01/27 18:36:07 INFO Executor: Fetching spark://502660defd2e:44115/jars/org.mongodb_bson-4.0.5.jar with timestamp 1674844565001
[2023-01-27T18:36:07.512+0000] {spark_submit.py:495} INFO - 23/01/27 18:36:07 INFO Utils: Fetching spark://502660defd2e:44115/jars/org.mongodb_bson-4.0.5.jar to /tmp/spark-fe94e43d-1206-4101-87cd-3a434b2158ee/userFiles-c128df3e-6a9e-4f5a-af85-0af299910f6d/fetchFileTemp16351073806851761145.tmp
[2023-01-27T18:36:07.523+0000] {spark_submit.py:495} INFO - 23/01/27 18:36:07 INFO Utils: /tmp/spark-fe94e43d-1206-4101-87cd-3a434b2158ee/userFiles-c128df3e-6a9e-4f5a-af85-0af299910f6d/fetchFileTemp16351073806851761145.tmp has been previously copied to /tmp/spark-fe94e43d-1206-4101-87cd-3a434b2158ee/userFiles-c128df3e-6a9e-4f5a-af85-0af299910f6d/org.mongodb_bson-4.0.5.jar
[2023-01-27T18:36:07.571+0000] {spark_submit.py:495} INFO - 23/01/27 18:36:07 INFO Executor: Adding file:/tmp/spark-fe94e43d-1206-4101-87cd-3a434b2158ee/userFiles-c128df3e-6a9e-4f5a-af85-0af299910f6d/org.mongodb_bson-4.0.5.jar to class loader
[2023-01-27T18:36:07.572+0000] {spark_submit.py:495} INFO - 23/01/27 18:36:07 INFO Executor: Fetching spark://502660defd2e:44115/jars/org.apache.kafka_kafka-clients-2.6.0.jar with timestamp 1674844565001
[2023-01-27T18:36:07.574+0000] {spark_submit.py:495} INFO - 23/01/27 18:36:07 INFO Utils: Fetching spark://502660defd2e:44115/jars/org.apache.kafka_kafka-clients-2.6.0.jar to /tmp/spark-fe94e43d-1206-4101-87cd-3a434b2158ee/userFiles-c128df3e-6a9e-4f5a-af85-0af299910f6d/fetchFileTemp7645678139315536609.tmp
[2023-01-27T18:36:07.624+0000] {spark_submit.py:495} INFO - 23/01/27 18:36:07 INFO Utils: /tmp/spark-fe94e43d-1206-4101-87cd-3a434b2158ee/userFiles-c128df3e-6a9e-4f5a-af85-0af299910f6d/fetchFileTemp7645678139315536609.tmp has been previously copied to /tmp/spark-fe94e43d-1206-4101-87cd-3a434b2158ee/userFiles-c128df3e-6a9e-4f5a-af85-0af299910f6d/org.apache.kafka_kafka-clients-2.6.0.jar
[2023-01-27T18:36:07.872+0000] {spark_submit.py:495} INFO - 23/01/27 18:36:07 INFO Executor: Adding file:/tmp/spark-fe94e43d-1206-4101-87cd-3a434b2158ee/userFiles-c128df3e-6a9e-4f5a-af85-0af299910f6d/org.apache.kafka_kafka-clients-2.6.0.jar to class loader
[2023-01-27T18:36:07.877+0000] {spark_submit.py:495} INFO - 23/01/27 18:36:07 INFO Utils: Successfully started service 'org.apache.spark.network.netty.NettyBlockTransferService' on port 38727.
[2023-01-27T18:36:07.877+0000] {spark_submit.py:495} INFO - 23/01/27 18:36:07 INFO NettyBlockTransferService: Server created on 502660defd2e:38727
[2023-01-27T18:36:07.878+0000] {spark_submit.py:495} INFO - 23/01/27 18:36:07 INFO BlockManager: Using org.apache.spark.storage.RandomBlockReplicationPolicy for block replication policy
[2023-01-27T18:36:07.891+0000] {spark_submit.py:495} INFO - 23/01/27 18:36:07 INFO BlockManagerMaster: Registering BlockManager BlockManagerId(driver, 502660defd2e, 38727, None)
[2023-01-27T18:36:07.894+0000] {spark_submit.py:495} INFO - 23/01/27 18:36:07 INFO BlockManagerMasterEndpoint: Registering block manager 502660defd2e:38727 with 434.4 MiB RAM, BlockManagerId(driver, 502660defd2e, 38727, None)
[2023-01-27T18:36:07.897+0000] {spark_submit.py:495} INFO - 23/01/27 18:36:07 INFO BlockManagerMaster: Registered BlockManager BlockManagerId(driver, 502660defd2e, 38727, None)
[2023-01-27T18:36:07.898+0000] {spark_submit.py:495} INFO - 23/01/27 18:36:07 INFO BlockManager: Initialized BlockManager: BlockManagerId(driver, 502660defd2e, 38727, None)
[2023-01-27T18:36:11.341+0000] {local_task_job.py:224} WARNING - State of this instance has been externally set to up_for_retry. Terminating instance.
[2023-01-27T18:36:11.343+0000] {process_utils.py:133} INFO - Sending Signals.SIGTERM to group 9395. PIDs of all processes in the group: [9396, 9449, 9395]
[2023-01-27T18:36:11.343+0000] {process_utils.py:84} INFO - Sending the signal Signals.SIGTERM to group 9395
[2023-01-27T18:36:11.343+0000] {taskinstance.py:1483} ERROR - Received SIGTERM. Terminating subprocesses.
[2023-01-27T18:36:11.344+0000] {spark_submit.py:620} INFO - Sending kill signal to spark-submit
[2023-01-27T18:36:11.356+0000] {taskinstance.py:1772} ERROR - Task failed with exception
Traceback (most recent call last):
  File "/home/airflow/.local/lib/python3.7/site-packages/airflow/providers/apache/spark/operators/spark_submit.py", line 157, in execute
    self._hook.submit(self._application)
  File "/home/airflow/.local/lib/python3.7/site-packages/airflow/providers/apache/spark/hooks/spark_submit.py", line 414, in submit
    self._process_spark_submit_log(iter(self._submit_sp.stdout))  # type: ignore
  File "/home/airflow/.local/lib/python3.7/site-packages/airflow/providers/apache/spark/hooks/spark_submit.py", line 463, in _process_spark_submit_log
    for line in itr:
  File "/home/airflow/.local/lib/python3.7/site-packages/airflow/models/taskinstance.py", line 1485, in signal_handler
    raise AirflowException("Task received SIGTERM signal")
airflow.exceptions.AirflowException: Task received SIGTERM signal
[2023-01-27T18:36:11.367+0000] {taskinstance.py:1327} INFO - Marking task as UP_FOR_RETRY. dag_id=Streaming_pipeline_meli, task_id=consumer_data_of_topic, execution_date=20230127T162614, start_date=20230127T183601, end_date=20230127T183611
[2023-01-27T18:36:11.381+0000] {standard_task_runner.py:105} ERROR - Failed to execute job 1132 for task consumer_data_of_topic (Task received SIGTERM signal; 9395)
[2023-01-27T18:36:11.400+0000] {process_utils.py:79} INFO - Process psutil.Process(pid=9395, status='terminated', exitcode=1, started='18:36:00') (9395) terminated with exit code 1
[2023-01-27T18:36:11.401+0000] {process_utils.py:79} INFO - Process psutil.Process(pid=9449, status='terminated', started='18:36:03') (9449) terminated with exit code None
[2023-01-27T18:36:11.402+0000] {process_utils.py:79} INFO - Process psutil.Process(pid=9396, status='terminated', started='18:36:00') (9396) terminated with exit code None
