[2023-01-27T18:54:22.118+0000] {taskinstance.py:1087} INFO - Dependencies all met for <TaskInstance: Streaming_pipeline_meli.consumer_data_of_topic manual__2023-01-27T16:26:14.836684+00:00 [queued]>
[2023-01-27T18:54:22.126+0000] {taskinstance.py:1087} INFO - Dependencies all met for <TaskInstance: Streaming_pipeline_meli.consumer_data_of_topic manual__2023-01-27T16:26:14.836684+00:00 [queued]>
[2023-01-27T18:54:22.127+0000] {taskinstance.py:1283} INFO - 
--------------------------------------------------------------------------------
[2023-01-27T18:54:22.127+0000] {taskinstance.py:1284} INFO - Starting attempt 12 of 16
[2023-01-27T18:54:22.127+0000] {taskinstance.py:1285} INFO - 
--------------------------------------------------------------------------------
[2023-01-27T18:54:22.138+0000] {taskinstance.py:1304} INFO - Executing <Task(SparkSubmitOperator): consumer_data_of_topic> on 2023-01-27 16:26:14.836684+00:00
[2023-01-27T18:54:22.142+0000] {standard_task_runner.py:55} INFO - Started process 12651 to run task
[2023-01-27T18:54:22.145+0000] {standard_task_runner.py:82} INFO - Running: ['***', 'tasks', 'run', 'Streaming_pipeline_meli', 'consumer_data_of_topic', 'manual__2023-01-27T16:26:14.836684+00:00', '--job-id', '1143', '--raw', '--subdir', 'DAGS_FOLDER/producer_dag.py', '--cfg-path', '/tmp/tmpdf3s_jys']
[2023-01-27T18:54:22.145+0000] {standard_task_runner.py:83} INFO - Job 1143: Subtask consumer_data_of_topic
[2023-01-27T18:54:22.194+0000] {task_command.py:389} INFO - Running <TaskInstance: Streaming_pipeline_meli.consumer_data_of_topic manual__2023-01-27T16:26:14.836684+00:00 [running]> on host 502660defd2e
[2023-01-27T18:54:22.250+0000] {taskinstance.py:1513} INFO - Exporting the following env vars:
AIRFLOW_CTX_DAG_OWNER=***
AIRFLOW_CTX_DAG_ID=Streaming_pipeline_meli
AIRFLOW_CTX_TASK_ID=consumer_data_of_topic
AIRFLOW_CTX_EXECUTION_DATE=2023-01-27T16:26:14.836684+00:00
AIRFLOW_CTX_TRY_NUMBER=12
AIRFLOW_CTX_DAG_RUN_ID=manual__2023-01-27T16:26:14.836684+00:00
[2023-01-27T18:54:22.258+0000] {base.py:73} INFO - Using connection ID 'spark_default' for task execution.
[2023-01-27T18:54:22.259+0000] {spark_submit.py:344} INFO - Spark-Submit cmd: spark-submit --master spark://tomi-H310:7077 --packages org.apache.spark:spark-sql-kafka-0-10_2.12:3.1.3,org.mongodb.spark:mongo-spark-connector_2.12:3.0.1 --name arrow-spark --queue root.default /opt/***/dags/consumerSpark.py
[2023-01-27T18:54:22.363+0000] {spark_submit.py:495} INFO - /home/***/.local/lib/python3.7/site-packages/pyspark/bin/load-spark-env.sh: line 68: ps: command not found
[2023-01-27T18:54:23.791+0000] {spark_submit.py:495} INFO - :: loading settings :: url = jar:file:/home/***/.local/lib/python3.7/site-packages/pyspark/jars/ivy-2.5.0.jar!/org/apache/ivy/core/settings/ivysettings.xml
[2023-01-27T18:54:23.848+0000] {spark_submit.py:495} INFO - Ivy Default Cache set to: /home/***/.ivy2/cache
[2023-01-27T18:54:23.848+0000] {spark_submit.py:495} INFO - The jars for the packages stored in: /home/***/.ivy2/jars
[2023-01-27T18:54:23.853+0000] {spark_submit.py:495} INFO - org.apache.spark#spark-sql-kafka-0-10_2.12 added as a dependency
[2023-01-27T18:54:23.853+0000] {spark_submit.py:495} INFO - org.mongodb.spark#mongo-spark-connector_2.12 added as a dependency
[2023-01-27T18:54:23.854+0000] {spark_submit.py:495} INFO - :: resolving dependencies :: org.apache.spark#spark-submit-parent-864736b1-9724-4e5e-bf60-d3abe70dcb46;1.0
[2023-01-27T18:54:23.854+0000] {spark_submit.py:495} INFO - confs: [default]
[2023-01-27T18:54:23.998+0000] {spark_submit.py:495} INFO - found org.apache.spark#spark-sql-kafka-0-10_2.12;3.1.3 in central
[2023-01-27T18:54:24.052+0000] {spark_submit.py:495} INFO - found org.apache.spark#spark-token-provider-kafka-0-10_2.12;3.1.3 in central
[2023-01-27T18:54:24.078+0000] {spark_submit.py:495} INFO - found org.apache.kafka#kafka-clients;2.6.0 in central
[2023-01-27T18:54:24.130+0000] {spark_submit.py:495} INFO - found com.github.luben#zstd-jni;1.4.8-1 in central
[2023-01-27T18:54:24.159+0000] {spark_submit.py:495} INFO - found org.lz4#lz4-java;1.7.1 in central
[2023-01-27T18:54:24.181+0000] {spark_submit.py:495} INFO - found org.xerial.snappy#snappy-java;1.1.8.2 in central
[2023-01-27T18:54:24.197+0000] {spark_submit.py:495} INFO - found org.slf4j#slf4j-api;1.7.30 in central
[2023-01-27T18:54:24.211+0000] {spark_submit.py:495} INFO - found org.spark-project.spark#unused;1.0.0 in central
[2023-01-27T18:54:24.224+0000] {spark_submit.py:495} INFO - found org.apache.commons#commons-pool2;2.6.2 in central
[2023-01-27T18:54:24.235+0000] {spark_submit.py:495} INFO - found org.mongodb.spark#mongo-spark-connector_2.12;3.0.1 in central
[2023-01-27T18:54:24.261+0000] {spark_submit.py:495} INFO - found org.mongodb#mongodb-driver-sync;4.0.5 in central
[2023-01-27T18:54:24.274+0000] {spark_submit.py:495} INFO - found org.mongodb#bson;4.0.5 in central
[2023-01-27T18:54:24.287+0000] {spark_submit.py:495} INFO - found org.mongodb#mongodb-driver-core;4.0.5 in central
[2023-01-27T18:54:24.313+0000] {spark_submit.py:495} INFO - :: resolution report :: resolve 446ms :: artifacts dl 13ms
[2023-01-27T18:54:24.313+0000] {spark_submit.py:495} INFO - :: modules in use:
[2023-01-27T18:54:24.313+0000] {spark_submit.py:495} INFO - com.github.luben#zstd-jni;1.4.8-1 from central in [default]
[2023-01-27T18:54:24.313+0000] {spark_submit.py:495} INFO - org.apache.commons#commons-pool2;2.6.2 from central in [default]
[2023-01-27T18:54:24.314+0000] {spark_submit.py:495} INFO - org.apache.kafka#kafka-clients;2.6.0 from central in [default]
[2023-01-27T18:54:24.314+0000] {spark_submit.py:495} INFO - org.apache.spark#spark-sql-kafka-0-10_2.12;3.1.3 from central in [default]
[2023-01-27T18:54:24.314+0000] {spark_submit.py:495} INFO - org.apache.spark#spark-token-provider-kafka-0-10_2.12;3.1.3 from central in [default]
[2023-01-27T18:54:24.314+0000] {spark_submit.py:495} INFO - org.lz4#lz4-java;1.7.1 from central in [default]
[2023-01-27T18:54:24.314+0000] {spark_submit.py:495} INFO - org.mongodb#bson;4.0.5 from central in [default]
[2023-01-27T18:54:24.314+0000] {spark_submit.py:495} INFO - org.mongodb#mongodb-driver-core;4.0.5 from central in [default]
[2023-01-27T18:54:24.314+0000] {spark_submit.py:495} INFO - org.mongodb#mongodb-driver-sync;4.0.5 from central in [default]
[2023-01-27T18:54:24.314+0000] {spark_submit.py:495} INFO - org.mongodb.spark#mongo-spark-connector_2.12;3.0.1 from central in [default]
[2023-01-27T18:54:24.315+0000] {spark_submit.py:495} INFO - org.slf4j#slf4j-api;1.7.30 from central in [default]
[2023-01-27T18:54:24.315+0000] {spark_submit.py:495} INFO - org.spark-project.spark#unused;1.0.0 from central in [default]
[2023-01-27T18:54:24.315+0000] {spark_submit.py:495} INFO - org.xerial.snappy#snappy-java;1.1.8.2 from central in [default]
[2023-01-27T18:54:24.315+0000] {spark_submit.py:495} INFO - ---------------------------------------------------------------------
[2023-01-27T18:54:24.315+0000] {spark_submit.py:495} INFO - |                  |            modules            ||   artifacts   |
[2023-01-27T18:54:24.315+0000] {spark_submit.py:495} INFO - |       conf       | number| search|dwnlded|evicted|| number|dwnlded|
[2023-01-27T18:54:24.315+0000] {spark_submit.py:495} INFO - ---------------------------------------------------------------------
[2023-01-27T18:54:24.315+0000] {spark_submit.py:495} INFO - |      default     |   13  |   0   |   0   |   0   ||   13  |   0   |
[2023-01-27T18:54:24.316+0000] {spark_submit.py:495} INFO - ---------------------------------------------------------------------
[2023-01-27T18:54:24.322+0000] {spark_submit.py:495} INFO - :: retrieving :: org.apache.spark#spark-submit-parent-864736b1-9724-4e5e-bf60-d3abe70dcb46
[2023-01-27T18:54:24.322+0000] {spark_submit.py:495} INFO - confs: [default]
[2023-01-27T18:54:24.328+0000] {spark_submit.py:495} INFO - 0 artifacts copied, 13 already retrieved (0kB/6ms)
[2023-01-27T18:54:24.611+0000] {spark_submit.py:495} INFO - 23/01/27 18:54:24 WARN NativeCodeLoader: Unable to load native-hadoop library for your platform... using builtin-java classes where applicable
[2023-01-27T18:54:25.459+0000] {spark_submit.py:495} INFO - 23/01/27 18:54:25 INFO SparkContext: Running Spark version 3.3.1
[2023-01-27T18:54:25.475+0000] {spark_submit.py:495} INFO - 23/01/27 18:54:25 INFO ResourceUtils: ==============================================================
[2023-01-27T18:54:25.475+0000] {spark_submit.py:495} INFO - 23/01/27 18:54:25 INFO ResourceUtils: No custom resources configured for spark.driver.
[2023-01-27T18:54:25.475+0000] {spark_submit.py:495} INFO - 23/01/27 18:54:25 INFO ResourceUtils: ==============================================================
[2023-01-27T18:54:25.475+0000] {spark_submit.py:495} INFO - 23/01/27 18:54:25 INFO SparkContext: Submitted application: arrow-spark
[2023-01-27T18:54:25.496+0000] {spark_submit.py:495} INFO - 23/01/27 18:54:25 INFO ResourceProfile: Default ResourceProfile created, executor resources: Map(cores -> name: cores, amount: 1, script: , vendor: , memory -> name: memory, amount: 1024, script: , vendor: , offHeap -> name: offHeap, amount: 0, script: , vendor: ), task resources: Map(cpus -> name: cpus, amount: 1.0)
[2023-01-27T18:54:25.508+0000] {spark_submit.py:495} INFO - 23/01/27 18:54:25 INFO ResourceProfile: Limiting resource is cpu
[2023-01-27T18:54:25.508+0000] {spark_submit.py:495} INFO - 23/01/27 18:54:25 INFO ResourceProfileManager: Added ResourceProfile id: 0
[2023-01-27T18:54:25.546+0000] {spark_submit.py:495} INFO - 23/01/27 18:54:25 INFO SecurityManager: Changing view acls to: default
[2023-01-27T18:54:25.546+0000] {spark_submit.py:495} INFO - 23/01/27 18:54:25 INFO SecurityManager: Changing modify acls to: default
[2023-01-27T18:54:25.547+0000] {spark_submit.py:495} INFO - 23/01/27 18:54:25 INFO SecurityManager: Changing view acls groups to:
[2023-01-27T18:54:25.547+0000] {spark_submit.py:495} INFO - 23/01/27 18:54:25 INFO SecurityManager: Changing modify acls groups to:
[2023-01-27T18:54:25.548+0000] {spark_submit.py:495} INFO - 23/01/27 18:54:25 INFO SecurityManager: SecurityManager: authentication disabled; ui acls disabled; users  with view permissions: Set(default); groups with view permissions: Set(); users  with modify permissions: Set(default); groups with modify permissions: Set()
[2023-01-27T18:54:25.756+0000] {spark_submit.py:495} INFO - 23/01/27 18:54:25 INFO Utils: Successfully started service 'sparkDriver' on port 43481.
[2023-01-27T18:54:25.779+0000] {spark_submit.py:495} INFO - 23/01/27 18:54:25 INFO SparkEnv: Registering MapOutputTracker
[2023-01-27T18:54:25.802+0000] {spark_submit.py:495} INFO - 23/01/27 18:54:25 INFO SparkEnv: Registering BlockManagerMaster
[2023-01-27T18:54:25.815+0000] {spark_submit.py:495} INFO - 23/01/27 18:54:25 INFO BlockManagerMasterEndpoint: Using org.apache.spark.storage.DefaultTopologyMapper for getting topology information
[2023-01-27T18:54:25.815+0000] {spark_submit.py:495} INFO - 23/01/27 18:54:25 INFO BlockManagerMasterEndpoint: BlockManagerMasterEndpoint up
[2023-01-27T18:54:25.818+0000] {spark_submit.py:495} INFO - 23/01/27 18:54:25 INFO SparkEnv: Registering BlockManagerMasterHeartbeat
[2023-01-27T18:54:25.838+0000] {spark_submit.py:495} INFO - 23/01/27 18:54:25 INFO DiskBlockManager: Created local directory at /tmp/blockmgr-b39748fc-44a2-4880-94d2-1bd392beb073
[2023-01-27T18:54:25.850+0000] {spark_submit.py:495} INFO - 23/01/27 18:54:25 INFO MemoryStore: MemoryStore started with capacity 434.4 MiB
[2023-01-27T18:54:25.861+0000] {spark_submit.py:495} INFO - 23/01/27 18:54:25 INFO SparkEnv: Registering OutputCommitCoordinator
[2023-01-27T18:54:26.097+0000] {spark_submit.py:495} INFO - 23/01/27 18:54:26 WARN Utils: Service 'SparkUI' could not bind on port 4040. Attempting port 4041.
[2023-01-27T18:54:26.098+0000] {spark_submit.py:495} INFO - 23/01/27 18:54:26 WARN Utils: Service 'SparkUI' could not bind on port 4041. Attempting port 4042.
[2023-01-27T18:54:26.130+0000] {spark_submit.py:495} INFO - 23/01/27 18:54:26 INFO Utils: Successfully started service 'SparkUI' on port 4042.
[2023-01-27T18:54:26.187+0000] {spark_submit.py:495} INFO - 23/01/27 18:54:26 INFO SparkContext: Added JAR file:///home/***/.ivy2/jars/org.apache.spark_spark-sql-kafka-0-10_2.12-3.1.3.jar at spark://502660defd2e:43481/jars/org.apache.spark_spark-sql-kafka-0-10_2.12-3.1.3.jar with timestamp 1674845665452
[2023-01-27T18:54:26.187+0000] {spark_submit.py:495} INFO - 23/01/27 18:54:26 INFO SparkContext: Added JAR file:///home/***/.ivy2/jars/org.mongodb.spark_mongo-spark-connector_2.12-3.0.1.jar at spark://502660defd2e:43481/jars/org.mongodb.spark_mongo-spark-connector_2.12-3.0.1.jar with timestamp 1674845665452
[2023-01-27T18:54:26.188+0000] {spark_submit.py:495} INFO - 23/01/27 18:54:26 INFO SparkContext: Added JAR file:///home/***/.ivy2/jars/org.apache.spark_spark-token-provider-kafka-0-10_2.12-3.1.3.jar at spark://502660defd2e:43481/jars/org.apache.spark_spark-token-provider-kafka-0-10_2.12-3.1.3.jar with timestamp 1674845665452
[2023-01-27T18:54:26.188+0000] {spark_submit.py:495} INFO - 23/01/27 18:54:26 INFO SparkContext: Added JAR file:///home/***/.ivy2/jars/org.apache.kafka_kafka-clients-2.6.0.jar at spark://502660defd2e:43481/jars/org.apache.kafka_kafka-clients-2.6.0.jar with timestamp 1674845665452
[2023-01-27T18:54:26.189+0000] {spark_submit.py:495} INFO - 23/01/27 18:54:26 INFO SparkContext: Added JAR file:///home/***/.ivy2/jars/org.apache.commons_commons-pool2-2.6.2.jar at spark://502660defd2e:43481/jars/org.apache.commons_commons-pool2-2.6.2.jar with timestamp 1674845665452
[2023-01-27T18:54:26.189+0000] {spark_submit.py:495} INFO - 23/01/27 18:54:26 INFO SparkContext: Added JAR file:///home/***/.ivy2/jars/org.spark-project.spark_unused-1.0.0.jar at spark://502660defd2e:43481/jars/org.spark-project.spark_unused-1.0.0.jar with timestamp 1674845665452
[2023-01-27T18:54:26.190+0000] {spark_submit.py:495} INFO - 23/01/27 18:54:26 INFO SparkContext: Added JAR file:///home/***/.ivy2/jars/com.github.luben_zstd-jni-1.4.8-1.jar at spark://502660defd2e:43481/jars/com.github.luben_zstd-jni-1.4.8-1.jar with timestamp 1674845665452
[2023-01-27T18:54:26.190+0000] {spark_submit.py:495} INFO - 23/01/27 18:54:26 INFO SparkContext: Added JAR file:///home/***/.ivy2/jars/org.lz4_lz4-java-1.7.1.jar at spark://502660defd2e:43481/jars/org.lz4_lz4-java-1.7.1.jar with timestamp 1674845665452
[2023-01-27T18:54:26.190+0000] {spark_submit.py:495} INFO - 23/01/27 18:54:26 INFO SparkContext: Added JAR file:///home/***/.ivy2/jars/org.xerial.snappy_snappy-java-1.1.8.2.jar at spark://502660defd2e:43481/jars/org.xerial.snappy_snappy-java-1.1.8.2.jar with timestamp 1674845665452
[2023-01-27T18:54:26.191+0000] {spark_submit.py:495} INFO - 23/01/27 18:54:26 INFO SparkContext: Added JAR file:///home/***/.ivy2/jars/org.slf4j_slf4j-api-1.7.30.jar at spark://502660defd2e:43481/jars/org.slf4j_slf4j-api-1.7.30.jar with timestamp 1674845665452
[2023-01-27T18:54:26.191+0000] {spark_submit.py:495} INFO - 23/01/27 18:54:26 INFO SparkContext: Added JAR file:///home/***/.ivy2/jars/org.mongodb_mongodb-driver-sync-4.0.5.jar at spark://502660defd2e:43481/jars/org.mongodb_mongodb-driver-sync-4.0.5.jar with timestamp 1674845665452
[2023-01-27T18:54:26.191+0000] {spark_submit.py:495} INFO - 23/01/27 18:54:26 INFO SparkContext: Added JAR file:///home/***/.ivy2/jars/org.mongodb_bson-4.0.5.jar at spark://502660defd2e:43481/jars/org.mongodb_bson-4.0.5.jar with timestamp 1674845665452
[2023-01-27T18:54:26.192+0000] {spark_submit.py:495} INFO - 23/01/27 18:54:26 INFO SparkContext: Added JAR file:///home/***/.ivy2/jars/org.mongodb_mongodb-driver-core-4.0.5.jar at spark://502660defd2e:43481/jars/org.mongodb_mongodb-driver-core-4.0.5.jar with timestamp 1674845665452
[2023-01-27T18:54:26.194+0000] {spark_submit.py:495} INFO - 23/01/27 18:54:26 INFO SparkContext: Added file file:///home/***/.ivy2/jars/org.apache.spark_spark-sql-kafka-0-10_2.12-3.1.3.jar at file:///home/***/.ivy2/jars/org.apache.spark_spark-sql-kafka-0-10_2.12-3.1.3.jar with timestamp 1674845665452
[2023-01-27T18:54:26.204+0000] {spark_submit.py:495} INFO - 23/01/27 18:54:26 INFO Utils: Copying /home/***/.ivy2/jars/org.apache.spark_spark-sql-kafka-0-10_2.12-3.1.3.jar to /tmp/spark-9fa363a8-c4a2-4357-b227-e987ce53292a/userFiles-c31d0e96-ab79-477a-bda0-a9b14bbf51b1/org.apache.spark_spark-sql-kafka-0-10_2.12-3.1.3.jar
[2023-01-27T18:54:26.240+0000] {spark_submit.py:495} INFO - 23/01/27 18:54:26 INFO SparkContext: Added file file:///home/***/.ivy2/jars/org.mongodb.spark_mongo-spark-connector_2.12-3.0.1.jar at file:///home/***/.ivy2/jars/org.mongodb.spark_mongo-spark-connector_2.12-3.0.1.jar with timestamp 1674845665452
[2023-01-27T18:54:26.240+0000] {spark_submit.py:495} INFO - 23/01/27 18:54:26 INFO Utils: Copying /home/***/.ivy2/jars/org.mongodb.spark_mongo-spark-connector_2.12-3.0.1.jar to /tmp/spark-9fa363a8-c4a2-4357-b227-e987ce53292a/userFiles-c31d0e96-ab79-477a-bda0-a9b14bbf51b1/org.mongodb.spark_mongo-spark-connector_2.12-3.0.1.jar
[2023-01-27T18:54:26.245+0000] {spark_submit.py:495} INFO - 23/01/27 18:54:26 INFO SparkContext: Added file file:///home/***/.ivy2/jars/org.apache.spark_spark-token-provider-kafka-0-10_2.12-3.1.3.jar at file:///home/***/.ivy2/jars/org.apache.spark_spark-token-provider-kafka-0-10_2.12-3.1.3.jar with timestamp 1674845665452
[2023-01-27T18:54:26.245+0000] {spark_submit.py:495} INFO - 23/01/27 18:54:26 INFO Utils: Copying /home/***/.ivy2/jars/org.apache.spark_spark-token-provider-kafka-0-10_2.12-3.1.3.jar to /tmp/spark-9fa363a8-c4a2-4357-b227-e987ce53292a/userFiles-c31d0e96-ab79-477a-bda0-a9b14bbf51b1/org.apache.spark_spark-token-provider-kafka-0-10_2.12-3.1.3.jar
[2023-01-27T18:54:26.252+0000] {spark_submit.py:495} INFO - 23/01/27 18:54:26 INFO SparkContext: Added file file:///home/***/.ivy2/jars/org.apache.kafka_kafka-clients-2.6.0.jar at file:///home/***/.ivy2/jars/org.apache.kafka_kafka-clients-2.6.0.jar with timestamp 1674845665452
[2023-01-27T18:54:26.252+0000] {spark_submit.py:495} INFO - 23/01/27 18:54:26 INFO Utils: Copying /home/***/.ivy2/jars/org.apache.kafka_kafka-clients-2.6.0.jar to /tmp/spark-9fa363a8-c4a2-4357-b227-e987ce53292a/userFiles-c31d0e96-ab79-477a-bda0-a9b14bbf51b1/org.apache.kafka_kafka-clients-2.6.0.jar
[2023-01-27T18:54:26.267+0000] {spark_submit.py:495} INFO - 23/01/27 18:54:26 INFO SparkContext: Added file file:///home/***/.ivy2/jars/org.apache.commons_commons-pool2-2.6.2.jar at file:///home/***/.ivy2/jars/org.apache.commons_commons-pool2-2.6.2.jar with timestamp 1674845665452
[2023-01-27T18:54:26.267+0000] {spark_submit.py:495} INFO - 23/01/27 18:54:26 INFO Utils: Copying /home/***/.ivy2/jars/org.apache.commons_commons-pool2-2.6.2.jar to /tmp/spark-9fa363a8-c4a2-4357-b227-e987ce53292a/userFiles-c31d0e96-ab79-477a-bda0-a9b14bbf51b1/org.apache.commons_commons-pool2-2.6.2.jar
[2023-01-27T18:54:26.270+0000] {spark_submit.py:495} INFO - 23/01/27 18:54:26 INFO SparkContext: Added file file:///home/***/.ivy2/jars/org.spark-project.spark_unused-1.0.0.jar at file:///home/***/.ivy2/jars/org.spark-project.spark_unused-1.0.0.jar with timestamp 1674845665452
[2023-01-27T18:54:26.270+0000] {spark_submit.py:495} INFO - 23/01/27 18:54:26 INFO Utils: Copying /home/***/.ivy2/jars/org.spark-project.spark_unused-1.0.0.jar to /tmp/spark-9fa363a8-c4a2-4357-b227-e987ce53292a/userFiles-c31d0e96-ab79-477a-bda0-a9b14bbf51b1/org.spark-project.spark_unused-1.0.0.jar
[2023-01-27T18:54:26.280+0000] {spark_submit.py:495} INFO - 23/01/27 18:54:26 INFO SparkContext: Added file file:///home/***/.ivy2/jars/com.github.luben_zstd-jni-1.4.8-1.jar at file:///home/***/.ivy2/jars/com.github.luben_zstd-jni-1.4.8-1.jar with timestamp 1674845665452
[2023-01-27T18:54:26.280+0000] {spark_submit.py:495} INFO - 23/01/27 18:54:26 INFO Utils: Copying /home/***/.ivy2/jars/com.github.luben_zstd-jni-1.4.8-1.jar to /tmp/spark-9fa363a8-c4a2-4357-b227-e987ce53292a/userFiles-c31d0e96-ab79-477a-bda0-a9b14bbf51b1/com.github.luben_zstd-jni-1.4.8-1.jar
[2023-01-27T18:54:26.305+0000] {spark_submit.py:495} INFO - 23/01/27 18:54:26 INFO SparkContext: Added file file:///home/***/.ivy2/jars/org.lz4_lz4-java-1.7.1.jar at file:///home/***/.ivy2/jars/org.lz4_lz4-java-1.7.1.jar with timestamp 1674845665452
[2023-01-27T18:54:26.305+0000] {spark_submit.py:495} INFO - 23/01/27 18:54:26 INFO Utils: Copying /home/***/.ivy2/jars/org.lz4_lz4-java-1.7.1.jar to /tmp/spark-9fa363a8-c4a2-4357-b227-e987ce53292a/userFiles-c31d0e96-ab79-477a-bda0-a9b14bbf51b1/org.lz4_lz4-java-1.7.1.jar
[2023-01-27T18:54:26.305+0000] {spark_submit.py:495} INFO - 23/01/27 18:54:26 INFO SparkContext: Added file file:///home/***/.ivy2/jars/org.xerial.snappy_snappy-java-1.1.8.2.jar at file:///home/***/.ivy2/jars/org.xerial.snappy_snappy-java-1.1.8.2.jar with timestamp 1674845665452
[2023-01-27T18:54:26.305+0000] {spark_submit.py:495} INFO - 23/01/27 18:54:26 INFO Utils: Copying /home/***/.ivy2/jars/org.xerial.snappy_snappy-java-1.1.8.2.jar to /tmp/spark-9fa363a8-c4a2-4357-b227-e987ce53292a/userFiles-c31d0e96-ab79-477a-bda0-a9b14bbf51b1/org.xerial.snappy_snappy-java-1.1.8.2.jar
[2023-01-27T18:54:26.317+0000] {spark_submit.py:495} INFO - 23/01/27 18:54:26 INFO SparkContext: Added file file:///home/***/.ivy2/jars/org.slf4j_slf4j-api-1.7.30.jar at file:///home/***/.ivy2/jars/org.slf4j_slf4j-api-1.7.30.jar with timestamp 1674845665452
[2023-01-27T18:54:26.318+0000] {spark_submit.py:495} INFO - 23/01/27 18:54:26 INFO Utils: Copying /home/***/.ivy2/jars/org.slf4j_slf4j-api-1.7.30.jar to /tmp/spark-9fa363a8-c4a2-4357-b227-e987ce53292a/userFiles-c31d0e96-ab79-477a-bda0-a9b14bbf51b1/org.slf4j_slf4j-api-1.7.30.jar
[2023-01-27T18:54:26.319+0000] {spark_submit.py:495} INFO - 23/01/27 18:54:26 INFO SparkContext: Added file file:///home/***/.ivy2/jars/org.mongodb_mongodb-driver-sync-4.0.5.jar at file:///home/***/.ivy2/jars/org.mongodb_mongodb-driver-sync-4.0.5.jar with timestamp 1674845665452
[2023-01-27T18:54:26.319+0000] {spark_submit.py:495} INFO - 23/01/27 18:54:26 INFO Utils: Copying /home/***/.ivy2/jars/org.mongodb_mongodb-driver-sync-4.0.5.jar to /tmp/spark-9fa363a8-c4a2-4357-b227-e987ce53292a/userFiles-c31d0e96-ab79-477a-bda0-a9b14bbf51b1/org.mongodb_mongodb-driver-sync-4.0.5.jar
[2023-01-27T18:54:26.322+0000] {spark_submit.py:495} INFO - 23/01/27 18:54:26 INFO SparkContext: Added file file:///home/***/.ivy2/jars/org.mongodb_bson-4.0.5.jar at file:///home/***/.ivy2/jars/org.mongodb_bson-4.0.5.jar with timestamp 1674845665452
[2023-01-27T18:54:26.323+0000] {spark_submit.py:495} INFO - 23/01/27 18:54:26 INFO Utils: Copying /home/***/.ivy2/jars/org.mongodb_bson-4.0.5.jar to /tmp/spark-9fa363a8-c4a2-4357-b227-e987ce53292a/userFiles-c31d0e96-ab79-477a-bda0-a9b14bbf51b1/org.mongodb_bson-4.0.5.jar
[2023-01-27T18:54:26.328+0000] {spark_submit.py:495} INFO - 23/01/27 18:54:26 INFO SparkContext: Added file file:///home/***/.ivy2/jars/org.mongodb_mongodb-driver-core-4.0.5.jar at file:///home/***/.ivy2/jars/org.mongodb_mongodb-driver-core-4.0.5.jar with timestamp 1674845665452
[2023-01-27T18:54:26.329+0000] {spark_submit.py:495} INFO - 23/01/27 18:54:26 INFO Utils: Copying /home/***/.ivy2/jars/org.mongodb_mongodb-driver-core-4.0.5.jar to /tmp/spark-9fa363a8-c4a2-4357-b227-e987ce53292a/userFiles-c31d0e96-ab79-477a-bda0-a9b14bbf51b1/org.mongodb_mongodb-driver-core-4.0.5.jar
[2023-01-27T18:54:26.420+0000] {spark_submit.py:495} INFO - 23/01/27 18:54:26 INFO Executor: Starting executor ID driver on host 502660defd2e
[2023-01-27T18:54:26.426+0000] {spark_submit.py:495} INFO - 23/01/27 18:54:26 INFO Executor: Starting executor with user classpath (userClassPathFirst = false): ''
[2023-01-27T18:54:26.441+0000] {spark_submit.py:495} INFO - 23/01/27 18:54:26 INFO Executor: Fetching file:///home/***/.ivy2/jars/org.apache.spark_spark-token-provider-kafka-0-10_2.12-3.1.3.jar with timestamp 1674845665452
[2023-01-27T18:54:26.457+0000] {spark_submit.py:495} INFO - 23/01/27 18:54:26 INFO Utils: /home/***/.ivy2/jars/org.apache.spark_spark-token-provider-kafka-0-10_2.12-3.1.3.jar has been previously copied to /tmp/spark-9fa363a8-c4a2-4357-b227-e987ce53292a/userFiles-c31d0e96-ab79-477a-bda0-a9b14bbf51b1/org.apache.spark_spark-token-provider-kafka-0-10_2.12-3.1.3.jar
[2023-01-27T18:54:26.462+0000] {spark_submit.py:495} INFO - 23/01/27 18:54:26 INFO Executor: Fetching file:///home/***/.ivy2/jars/org.mongodb_mongodb-driver-sync-4.0.5.jar with timestamp 1674845665452
[2023-01-27T18:54:26.463+0000] {spark_submit.py:495} INFO - 23/01/27 18:54:26 INFO Utils: /home/***/.ivy2/jars/org.mongodb_mongodb-driver-sync-4.0.5.jar has been previously copied to /tmp/spark-9fa363a8-c4a2-4357-b227-e987ce53292a/userFiles-c31d0e96-ab79-477a-bda0-a9b14bbf51b1/org.mongodb_mongodb-driver-sync-4.0.5.jar
[2023-01-27T18:54:26.471+0000] {spark_submit.py:495} INFO - 23/01/27 18:54:26 INFO Executor: Fetching file:///home/***/.ivy2/jars/org.apache.kafka_kafka-clients-2.6.0.jar with timestamp 1674845665452
[2023-01-27T18:54:26.476+0000] {spark_submit.py:495} INFO - 23/01/27 18:54:26 INFO Utils: /home/***/.ivy2/jars/org.apache.kafka_kafka-clients-2.6.0.jar has been previously copied to /tmp/spark-9fa363a8-c4a2-4357-b227-e987ce53292a/userFiles-c31d0e96-ab79-477a-bda0-a9b14bbf51b1/org.apache.kafka_kafka-clients-2.6.0.jar
[2023-01-27T18:54:26.483+0000] {spark_submit.py:495} INFO - 23/01/27 18:54:26 INFO Executor: Fetching file:///home/***/.ivy2/jars/org.mongodb_bson-4.0.5.jar with timestamp 1674845665452
[2023-01-27T18:54:26.484+0000] {spark_submit.py:495} INFO - 23/01/27 18:54:26 INFO Utils: /home/***/.ivy2/jars/org.mongodb_bson-4.0.5.jar has been previously copied to /tmp/spark-9fa363a8-c4a2-4357-b227-e987ce53292a/userFiles-c31d0e96-ab79-477a-bda0-a9b14bbf51b1/org.mongodb_bson-4.0.5.jar
[2023-01-27T18:54:26.496+0000] {spark_submit.py:495} INFO - 23/01/27 18:54:26 INFO Executor: Fetching file:///home/***/.ivy2/jars/com.github.luben_zstd-jni-1.4.8-1.jar with timestamp 1674845665452
[2023-01-27T18:54:26.501+0000] {spark_submit.py:495} INFO - 23/01/27 18:54:26 INFO Utils: /home/***/.ivy2/jars/com.github.luben_zstd-jni-1.4.8-1.jar has been previously copied to /tmp/spark-9fa363a8-c4a2-4357-b227-e987ce53292a/userFiles-c31d0e96-ab79-477a-bda0-a9b14bbf51b1/com.github.luben_zstd-jni-1.4.8-1.jar
[2023-01-27T18:54:26.519+0000] {spark_submit.py:495} INFO - 23/01/27 18:54:26 INFO Executor: Fetching file:///home/***/.ivy2/jars/org.lz4_lz4-java-1.7.1.jar with timestamp 1674845665452
[2023-01-27T18:54:26.521+0000] {spark_submit.py:495} INFO - 23/01/27 18:54:26 INFO Utils: /home/***/.ivy2/jars/org.lz4_lz4-java-1.7.1.jar has been previously copied to /tmp/spark-9fa363a8-c4a2-4357-b227-e987ce53292a/userFiles-c31d0e96-ab79-477a-bda0-a9b14bbf51b1/org.lz4_lz4-java-1.7.1.jar
[2023-01-27T18:54:26.528+0000] {spark_submit.py:495} INFO - 23/01/27 18:54:26 INFO Executor: Fetching file:///home/***/.ivy2/jars/org.spark-project.spark_unused-1.0.0.jar with timestamp 1674845665452
[2023-01-27T18:54:26.528+0000] {spark_submit.py:495} INFO - 23/01/27 18:54:26 INFO Utils: /home/***/.ivy2/jars/org.spark-project.spark_unused-1.0.0.jar has been previously copied to /tmp/spark-9fa363a8-c4a2-4357-b227-e987ce53292a/userFiles-c31d0e96-ab79-477a-bda0-a9b14bbf51b1/org.spark-project.spark_unused-1.0.0.jar
[2023-01-27T18:54:26.529+0000] {spark_submit.py:495} INFO - 23/01/27 18:54:26 INFO Executor: Fetching file:///home/***/.ivy2/jars/org.xerial.snappy_snappy-java-1.1.8.2.jar with timestamp 1674845665452
[2023-01-27T18:54:26.534+0000] {spark_submit.py:495} INFO - 23/01/27 18:54:26 INFO Utils: /home/***/.ivy2/jars/org.xerial.snappy_snappy-java-1.1.8.2.jar has been previously copied to /tmp/spark-9fa363a8-c4a2-4357-b227-e987ce53292a/userFiles-c31d0e96-ab79-477a-bda0-a9b14bbf51b1/org.xerial.snappy_snappy-java-1.1.8.2.jar
[2023-01-27T18:54:26.537+0000] {spark_submit.py:495} INFO - 23/01/27 18:54:26 INFO Executor: Fetching file:///home/***/.ivy2/jars/org.mongodb_mongodb-driver-core-4.0.5.jar with timestamp 1674845665452
[2023-01-27T18:54:26.539+0000] {spark_submit.py:495} INFO - 23/01/27 18:54:26 INFO Utils: /home/***/.ivy2/jars/org.mongodb_mongodb-driver-core-4.0.5.jar has been previously copied to /tmp/spark-9fa363a8-c4a2-4357-b227-e987ce53292a/userFiles-c31d0e96-ab79-477a-bda0-a9b14bbf51b1/org.mongodb_mongodb-driver-core-4.0.5.jar
[2023-01-27T18:54:26.543+0000] {spark_submit.py:495} INFO - 23/01/27 18:54:26 INFO Executor: Fetching file:///home/***/.ivy2/jars/org.apache.spark_spark-sql-kafka-0-10_2.12-3.1.3.jar with timestamp 1674845665452
[2023-01-27T18:54:26.544+0000] {spark_submit.py:495} INFO - 23/01/27 18:54:26 INFO Utils: /home/***/.ivy2/jars/org.apache.spark_spark-sql-kafka-0-10_2.12-3.1.3.jar has been previously copied to /tmp/spark-9fa363a8-c4a2-4357-b227-e987ce53292a/userFiles-c31d0e96-ab79-477a-bda0-a9b14bbf51b1/org.apache.spark_spark-sql-kafka-0-10_2.12-3.1.3.jar
[2023-01-27T18:54:26.550+0000] {spark_submit.py:495} INFO - 23/01/27 18:54:26 INFO Executor: Fetching file:///home/***/.ivy2/jars/org.mongodb.spark_mongo-spark-connector_2.12-3.0.1.jar with timestamp 1674845665452
[2023-01-27T18:54:26.553+0000] {spark_submit.py:495} INFO - 23/01/27 18:54:26 INFO Utils: /home/***/.ivy2/jars/org.mongodb.spark_mongo-spark-connector_2.12-3.0.1.jar has been previously copied to /tmp/spark-9fa363a8-c4a2-4357-b227-e987ce53292a/userFiles-c31d0e96-ab79-477a-bda0-a9b14bbf51b1/org.mongodb.spark_mongo-spark-connector_2.12-3.0.1.jar
[2023-01-27T18:54:26.555+0000] {spark_submit.py:495} INFO - 23/01/27 18:54:26 INFO Executor: Fetching file:///home/***/.ivy2/jars/org.apache.commons_commons-pool2-2.6.2.jar with timestamp 1674845665452
[2023-01-27T18:54:26.555+0000] {spark_submit.py:495} INFO - 23/01/27 18:54:26 INFO Utils: /home/***/.ivy2/jars/org.apache.commons_commons-pool2-2.6.2.jar has been previously copied to /tmp/spark-9fa363a8-c4a2-4357-b227-e987ce53292a/userFiles-c31d0e96-ab79-477a-bda0-a9b14bbf51b1/org.apache.commons_commons-pool2-2.6.2.jar
[2023-01-27T18:54:26.560+0000] {spark_submit.py:495} INFO - 23/01/27 18:54:26 INFO Executor: Fetching file:///home/***/.ivy2/jars/org.slf4j_slf4j-api-1.7.30.jar with timestamp 1674845665452
[2023-01-27T18:54:26.560+0000] {spark_submit.py:495} INFO - 23/01/27 18:54:26 INFO Utils: /home/***/.ivy2/jars/org.slf4j_slf4j-api-1.7.30.jar has been previously copied to /tmp/spark-9fa363a8-c4a2-4357-b227-e987ce53292a/userFiles-c31d0e96-ab79-477a-bda0-a9b14bbf51b1/org.slf4j_slf4j-api-1.7.30.jar
[2023-01-27T18:54:26.569+0000] {spark_submit.py:495} INFO - 23/01/27 18:54:26 INFO Executor: Fetching spark://502660defd2e:43481/jars/com.github.luben_zstd-jni-1.4.8-1.jar with timestamp 1674845665452
[2023-01-27T18:54:26.608+0000] {spark_submit.py:495} INFO - 23/01/27 18:54:26 INFO TransportClientFactory: Successfully created connection to 502660defd2e/172.23.0.7:43481 after 30 ms (0 ms spent in bootstraps)
[2023-01-27T18:54:26.613+0000] {spark_submit.py:495} INFO - 23/01/27 18:54:26 INFO Utils: Fetching spark://502660defd2e:43481/jars/com.github.luben_zstd-jni-1.4.8-1.jar to /tmp/spark-9fa363a8-c4a2-4357-b227-e987ce53292a/userFiles-c31d0e96-ab79-477a-bda0-a9b14bbf51b1/fetchFileTemp6602047672911889702.tmp
[2023-01-27T18:54:26.747+0000] {spark_submit.py:495} INFO - 23/01/27 18:54:26 INFO Utils: /tmp/spark-9fa363a8-c4a2-4357-b227-e987ce53292a/userFiles-c31d0e96-ab79-477a-bda0-a9b14bbf51b1/fetchFileTemp6602047672911889702.tmp has been previously copied to /tmp/spark-9fa363a8-c4a2-4357-b227-e987ce53292a/userFiles-c31d0e96-ab79-477a-bda0-a9b14bbf51b1/com.github.luben_zstd-jni-1.4.8-1.jar
[2023-01-27T18:54:26.758+0000] {spark_submit.py:495} INFO - 23/01/27 18:54:26 INFO Executor: Adding file:/tmp/spark-9fa363a8-c4a2-4357-b227-e987ce53292a/userFiles-c31d0e96-ab79-477a-bda0-a9b14bbf51b1/com.github.luben_zstd-jni-1.4.8-1.jar to class loader
[2023-01-27T18:54:26.758+0000] {spark_submit.py:495} INFO - 23/01/27 18:54:26 INFO Executor: Fetching spark://502660defd2e:43481/jars/org.mongodb_bson-4.0.5.jar with timestamp 1674845665452
[2023-01-27T18:54:26.758+0000] {spark_submit.py:495} INFO - 23/01/27 18:54:26 INFO Utils: Fetching spark://502660defd2e:43481/jars/org.mongodb_bson-4.0.5.jar to /tmp/spark-9fa363a8-c4a2-4357-b227-e987ce53292a/userFiles-c31d0e96-ab79-477a-bda0-a9b14bbf51b1/fetchFileTemp2505907756437775260.tmp
[2023-01-27T18:54:26.762+0000] {spark_submit.py:495} INFO - 23/01/27 18:54:26 INFO Utils: /tmp/spark-9fa363a8-c4a2-4357-b227-e987ce53292a/userFiles-c31d0e96-ab79-477a-bda0-a9b14bbf51b1/fetchFileTemp2505907756437775260.tmp has been previously copied to /tmp/spark-9fa363a8-c4a2-4357-b227-e987ce53292a/userFiles-c31d0e96-ab79-477a-bda0-a9b14bbf51b1/org.mongodb_bson-4.0.5.jar
[2023-01-27T18:54:26.766+0000] {spark_submit.py:495} INFO - 23/01/27 18:54:26 INFO Executor: Adding file:/tmp/spark-9fa363a8-c4a2-4357-b227-e987ce53292a/userFiles-c31d0e96-ab79-477a-bda0-a9b14bbf51b1/org.mongodb_bson-4.0.5.jar to class loader
[2023-01-27T18:54:26.766+0000] {spark_submit.py:495} INFO - 23/01/27 18:54:26 INFO Executor: Fetching spark://502660defd2e:43481/jars/org.mongodb_mongodb-driver-sync-4.0.5.jar with timestamp 1674845665452
[2023-01-27T18:54:26.766+0000] {spark_submit.py:495} INFO - 23/01/27 18:54:26 INFO Utils: Fetching spark://502660defd2e:43481/jars/org.mongodb_mongodb-driver-sync-4.0.5.jar to /tmp/spark-9fa363a8-c4a2-4357-b227-e987ce53292a/userFiles-c31d0e96-ab79-477a-bda0-a9b14bbf51b1/fetchFileTemp11090716885970018370.tmp
[2023-01-27T18:54:26.769+0000] {spark_submit.py:495} INFO - 23/01/27 18:54:26 INFO Utils: /tmp/spark-9fa363a8-c4a2-4357-b227-e987ce53292a/userFiles-c31d0e96-ab79-477a-bda0-a9b14bbf51b1/fetchFileTemp11090716885970018370.tmp has been previously copied to /tmp/spark-9fa363a8-c4a2-4357-b227-e987ce53292a/userFiles-c31d0e96-ab79-477a-bda0-a9b14bbf51b1/org.mongodb_mongodb-driver-sync-4.0.5.jar
[2023-01-27T18:54:26.775+0000] {spark_submit.py:495} INFO - 23/01/27 18:54:26 INFO Executor: Adding file:/tmp/spark-9fa363a8-c4a2-4357-b227-e987ce53292a/userFiles-c31d0e96-ab79-477a-bda0-a9b14bbf51b1/org.mongodb_mongodb-driver-sync-4.0.5.jar to class loader
[2023-01-27T18:54:26.776+0000] {spark_submit.py:495} INFO - 23/01/27 18:54:26 INFO Executor: Fetching spark://502660defd2e:43481/jars/org.mongodb.spark_mongo-spark-connector_2.12-3.0.1.jar with timestamp 1674845665452
[2023-01-27T18:54:26.776+0000] {spark_submit.py:495} INFO - 23/01/27 18:54:26 INFO Utils: Fetching spark://502660defd2e:43481/jars/org.mongodb.spark_mongo-spark-connector_2.12-3.0.1.jar to /tmp/spark-9fa363a8-c4a2-4357-b227-e987ce53292a/userFiles-c31d0e96-ab79-477a-bda0-a9b14bbf51b1/fetchFileTemp10001433977988250032.tmp
[2023-01-27T18:54:26.782+0000] {spark_submit.py:495} INFO - 23/01/27 18:54:26 INFO Utils: /tmp/spark-9fa363a8-c4a2-4357-b227-e987ce53292a/userFiles-c31d0e96-ab79-477a-bda0-a9b14bbf51b1/fetchFileTemp10001433977988250032.tmp has been previously copied to /tmp/spark-9fa363a8-c4a2-4357-b227-e987ce53292a/userFiles-c31d0e96-ab79-477a-bda0-a9b14bbf51b1/org.mongodb.spark_mongo-spark-connector_2.12-3.0.1.jar
[2023-01-27T18:54:26.787+0000] {spark_submit.py:495} INFO - 23/01/27 18:54:26 INFO Executor: Adding file:/tmp/spark-9fa363a8-c4a2-4357-b227-e987ce53292a/userFiles-c31d0e96-ab79-477a-bda0-a9b14bbf51b1/org.mongodb.spark_mongo-spark-connector_2.12-3.0.1.jar to class loader
[2023-01-27T18:54:26.788+0000] {spark_submit.py:495} INFO - 23/01/27 18:54:26 INFO Executor: Fetching spark://502660defd2e:43481/jars/org.apache.kafka_kafka-clients-2.6.0.jar with timestamp 1674845665452
[2023-01-27T18:54:26.796+0000] {spark_submit.py:495} INFO - 23/01/27 18:54:26 INFO Utils: Fetching spark://502660defd2e:43481/jars/org.apache.kafka_kafka-clients-2.6.0.jar to /tmp/spark-9fa363a8-c4a2-4357-b227-e987ce53292a/userFiles-c31d0e96-ab79-477a-bda0-a9b14bbf51b1/fetchFileTemp10006348006173446905.tmp
[2023-01-27T18:54:26.815+0000] {spark_submit.py:495} INFO - 23/01/27 18:54:26 INFO Utils: /tmp/spark-9fa363a8-c4a2-4357-b227-e987ce53292a/userFiles-c31d0e96-ab79-477a-bda0-a9b14bbf51b1/fetchFileTemp10006348006173446905.tmp has been previously copied to /tmp/spark-9fa363a8-c4a2-4357-b227-e987ce53292a/userFiles-c31d0e96-ab79-477a-bda0-a9b14bbf51b1/org.apache.kafka_kafka-clients-2.6.0.jar
[2023-01-27T18:54:26.823+0000] {spark_submit.py:495} INFO - 23/01/27 18:54:26 INFO Executor: Adding file:/tmp/spark-9fa363a8-c4a2-4357-b227-e987ce53292a/userFiles-c31d0e96-ab79-477a-bda0-a9b14bbf51b1/org.apache.kafka_kafka-clients-2.6.0.jar to class loader
[2023-01-27T18:54:26.824+0000] {spark_submit.py:495} INFO - 23/01/27 18:54:26 INFO Executor: Fetching spark://502660defd2e:43481/jars/org.spark-project.spark_unused-1.0.0.jar with timestamp 1674845665452
[2023-01-27T18:54:26.824+0000] {spark_submit.py:495} INFO - 23/01/27 18:54:26 INFO Utils: Fetching spark://502660defd2e:43481/jars/org.spark-project.spark_unused-1.0.0.jar to /tmp/spark-9fa363a8-c4a2-4357-b227-e987ce53292a/userFiles-c31d0e96-ab79-477a-bda0-a9b14bbf51b1/fetchFileTemp12909199879181936527.tmp
[2023-01-27T18:54:26.826+0000] {spark_submit.py:495} INFO - 23/01/27 18:54:26 INFO Utils: /tmp/spark-9fa363a8-c4a2-4357-b227-e987ce53292a/userFiles-c31d0e96-ab79-477a-bda0-a9b14bbf51b1/fetchFileTemp12909199879181936527.tmp has been previously copied to /tmp/spark-9fa363a8-c4a2-4357-b227-e987ce53292a/userFiles-c31d0e96-ab79-477a-bda0-a9b14bbf51b1/org.spark-project.spark_unused-1.0.0.jar
[2023-01-27T18:54:26.830+0000] {spark_submit.py:495} INFO - 23/01/27 18:54:26 INFO Executor: Adding file:/tmp/spark-9fa363a8-c4a2-4357-b227-e987ce53292a/userFiles-c31d0e96-ab79-477a-bda0-a9b14bbf51b1/org.spark-project.spark_unused-1.0.0.jar to class loader
[2023-01-27T18:54:26.830+0000] {spark_submit.py:495} INFO - 23/01/27 18:54:26 INFO Executor: Fetching spark://502660defd2e:43481/jars/org.lz4_lz4-java-1.7.1.jar with timestamp 1674845665452
[2023-01-27T18:54:26.831+0000] {spark_submit.py:495} INFO - 23/01/27 18:54:26 INFO Utils: Fetching spark://502660defd2e:43481/jars/org.lz4_lz4-java-1.7.1.jar to /tmp/spark-9fa363a8-c4a2-4357-b227-e987ce53292a/userFiles-c31d0e96-ab79-477a-bda0-a9b14bbf51b1/fetchFileTemp5117012712356402232.tmp
[2023-01-27T18:54:26.836+0000] {spark_submit.py:495} INFO - 23/01/27 18:54:26 INFO Utils: /tmp/spark-9fa363a8-c4a2-4357-b227-e987ce53292a/userFiles-c31d0e96-ab79-477a-bda0-a9b14bbf51b1/fetchFileTemp5117012712356402232.tmp has been previously copied to /tmp/spark-9fa363a8-c4a2-4357-b227-e987ce53292a/userFiles-c31d0e96-ab79-477a-bda0-a9b14bbf51b1/org.lz4_lz4-java-1.7.1.jar
[2023-01-27T18:54:26.841+0000] {spark_submit.py:495} INFO - 23/01/27 18:54:26 INFO Executor: Adding file:/tmp/spark-9fa363a8-c4a2-4357-b227-e987ce53292a/userFiles-c31d0e96-ab79-477a-bda0-a9b14bbf51b1/org.lz4_lz4-java-1.7.1.jar to class loader
[2023-01-27T18:54:26.841+0000] {spark_submit.py:495} INFO - 23/01/27 18:54:26 INFO Executor: Fetching spark://502660defd2e:43481/jars/org.apache.spark_spark-token-provider-kafka-0-10_2.12-3.1.3.jar with timestamp 1674845665452
[2023-01-27T18:54:26.842+0000] {spark_submit.py:495} INFO - 23/01/27 18:54:26 INFO Utils: Fetching spark://502660defd2e:43481/jars/org.apache.spark_spark-token-provider-kafka-0-10_2.12-3.1.3.jar to /tmp/spark-9fa363a8-c4a2-4357-b227-e987ce53292a/userFiles-c31d0e96-ab79-477a-bda0-a9b14bbf51b1/fetchFileTemp17660184388819254187.tmp
[2023-01-27T18:54:26.845+0000] {spark_submit.py:495} INFO - 23/01/27 18:54:26 INFO Utils: /tmp/spark-9fa363a8-c4a2-4357-b227-e987ce53292a/userFiles-c31d0e96-ab79-477a-bda0-a9b14bbf51b1/fetchFileTemp17660184388819254187.tmp has been previously copied to /tmp/spark-9fa363a8-c4a2-4357-b227-e987ce53292a/userFiles-c31d0e96-ab79-477a-bda0-a9b14bbf51b1/org.apache.spark_spark-token-provider-kafka-0-10_2.12-3.1.3.jar
[2023-01-27T18:54:26.850+0000] {spark_submit.py:495} INFO - 23/01/27 18:54:26 INFO Executor: Adding file:/tmp/spark-9fa363a8-c4a2-4357-b227-e987ce53292a/userFiles-c31d0e96-ab79-477a-bda0-a9b14bbf51b1/org.apache.spark_spark-token-provider-kafka-0-10_2.12-3.1.3.jar to class loader
[2023-01-27T18:54:26.850+0000] {spark_submit.py:495} INFO - 23/01/27 18:54:26 INFO Executor: Fetching spark://502660defd2e:43481/jars/org.apache.spark_spark-sql-kafka-0-10_2.12-3.1.3.jar with timestamp 1674845665452
[2023-01-27T18:54:26.851+0000] {spark_submit.py:495} INFO - 23/01/27 18:54:26 INFO Utils: Fetching spark://502660defd2e:43481/jars/org.apache.spark_spark-sql-kafka-0-10_2.12-3.1.3.jar to /tmp/spark-9fa363a8-c4a2-4357-b227-e987ce53292a/userFiles-c31d0e96-ab79-477a-bda0-a9b14bbf51b1/fetchFileTemp15232442916461873252.tmp
[2023-01-27T18:54:26.855+0000] {spark_submit.py:495} INFO - 23/01/27 18:54:26 INFO Utils: /tmp/spark-9fa363a8-c4a2-4357-b227-e987ce53292a/userFiles-c31d0e96-ab79-477a-bda0-a9b14bbf51b1/fetchFileTemp15232442916461873252.tmp has been previously copied to /tmp/spark-9fa363a8-c4a2-4357-b227-e987ce53292a/userFiles-c31d0e96-ab79-477a-bda0-a9b14bbf51b1/org.apache.spark_spark-sql-kafka-0-10_2.12-3.1.3.jar
[2023-01-27T18:54:26.861+0000] {spark_submit.py:495} INFO - 23/01/27 18:54:26 INFO Executor: Adding file:/tmp/spark-9fa363a8-c4a2-4357-b227-e987ce53292a/userFiles-c31d0e96-ab79-477a-bda0-a9b14bbf51b1/org.apache.spark_spark-sql-kafka-0-10_2.12-3.1.3.jar to class loader
[2023-01-27T18:54:26.861+0000] {spark_submit.py:495} INFO - 23/01/27 18:54:26 INFO Executor: Fetching spark://502660defd2e:43481/jars/org.mongodb_mongodb-driver-core-4.0.5.jar with timestamp 1674845665452
[2023-01-27T18:54:26.861+0000] {spark_submit.py:495} INFO - 23/01/27 18:54:26 INFO Utils: Fetching spark://502660defd2e:43481/jars/org.mongodb_mongodb-driver-core-4.0.5.jar to /tmp/spark-9fa363a8-c4a2-4357-b227-e987ce53292a/userFiles-c31d0e96-ab79-477a-bda0-a9b14bbf51b1/fetchFileTemp7696250764675787248.tmp
[2023-01-27T18:54:26.873+0000] {spark_submit.py:495} INFO - 23/01/27 18:54:26 INFO Utils: /tmp/spark-9fa363a8-c4a2-4357-b227-e987ce53292a/userFiles-c31d0e96-ab79-477a-bda0-a9b14bbf51b1/fetchFileTemp7696250764675787248.tmp has been previously copied to /tmp/spark-9fa363a8-c4a2-4357-b227-e987ce53292a/userFiles-c31d0e96-ab79-477a-bda0-a9b14bbf51b1/org.mongodb_mongodb-driver-core-4.0.5.jar
[2023-01-27T18:54:26.878+0000] {spark_submit.py:495} INFO - 23/01/27 18:54:26 INFO Executor: Adding file:/tmp/spark-9fa363a8-c4a2-4357-b227-e987ce53292a/userFiles-c31d0e96-ab79-477a-bda0-a9b14bbf51b1/org.mongodb_mongodb-driver-core-4.0.5.jar to class loader
[2023-01-27T18:54:26.879+0000] {spark_submit.py:495} INFO - 23/01/27 18:54:26 INFO Executor: Fetching spark://502660defd2e:43481/jars/org.apache.commons_commons-pool2-2.6.2.jar with timestamp 1674845665452
[2023-01-27T18:54:26.883+0000] {spark_submit.py:495} INFO - 23/01/27 18:54:26 INFO Utils: Fetching spark://502660defd2e:43481/jars/org.apache.commons_commons-pool2-2.6.2.jar to /tmp/spark-9fa363a8-c4a2-4357-b227-e987ce53292a/userFiles-c31d0e96-ab79-477a-bda0-a9b14bbf51b1/fetchFileTemp8260843358487275226.tmp
[2023-01-27T18:54:26.885+0000] {spark_submit.py:495} INFO - 23/01/27 18:54:26 INFO Utils: /tmp/spark-9fa363a8-c4a2-4357-b227-e987ce53292a/userFiles-c31d0e96-ab79-477a-bda0-a9b14bbf51b1/fetchFileTemp8260843358487275226.tmp has been previously copied to /tmp/spark-9fa363a8-c4a2-4357-b227-e987ce53292a/userFiles-c31d0e96-ab79-477a-bda0-a9b14bbf51b1/org.apache.commons_commons-pool2-2.6.2.jar
[2023-01-27T18:54:26.891+0000] {spark_submit.py:495} INFO - 23/01/27 18:54:26 INFO Executor: Adding file:/tmp/spark-9fa363a8-c4a2-4357-b227-e987ce53292a/userFiles-c31d0e96-ab79-477a-bda0-a9b14bbf51b1/org.apache.commons_commons-pool2-2.6.2.jar to class loader
[2023-01-27T18:54:26.896+0000] {spark_submit.py:495} INFO - 23/01/27 18:54:26 INFO Executor: Fetching spark://502660defd2e:43481/jars/org.xerial.snappy_snappy-java-1.1.8.2.jar with timestamp 1674845665452
[2023-01-27T18:54:26.897+0000] {spark_submit.py:495} INFO - 23/01/27 18:54:26 INFO Utils: Fetching spark://502660defd2e:43481/jars/org.xerial.snappy_snappy-java-1.1.8.2.jar to /tmp/spark-9fa363a8-c4a2-4357-b227-e987ce53292a/userFiles-c31d0e96-ab79-477a-bda0-a9b14bbf51b1/fetchFileTemp4112929111083009247.tmp
[2023-01-27T18:54:26.907+0000] {spark_submit.py:495} INFO - 23/01/27 18:54:26 INFO Utils: /tmp/spark-9fa363a8-c4a2-4357-b227-e987ce53292a/userFiles-c31d0e96-ab79-477a-bda0-a9b14bbf51b1/fetchFileTemp4112929111083009247.tmp has been previously copied to /tmp/spark-9fa363a8-c4a2-4357-b227-e987ce53292a/userFiles-c31d0e96-ab79-477a-bda0-a9b14bbf51b1/org.xerial.snappy_snappy-java-1.1.8.2.jar
[2023-01-27T18:54:26.913+0000] {spark_submit.py:495} INFO - 23/01/27 18:54:26 INFO Executor: Adding file:/tmp/spark-9fa363a8-c4a2-4357-b227-e987ce53292a/userFiles-c31d0e96-ab79-477a-bda0-a9b14bbf51b1/org.xerial.snappy_snappy-java-1.1.8.2.jar to class loader
[2023-01-27T18:54:26.913+0000] {spark_submit.py:495} INFO - 23/01/27 18:54:26 INFO Executor: Fetching spark://502660defd2e:43481/jars/org.slf4j_slf4j-api-1.7.30.jar with timestamp 1674845665452
[2023-01-27T18:54:26.913+0000] {spark_submit.py:495} INFO - 23/01/27 18:54:26 INFO Utils: Fetching spark://502660defd2e:43481/jars/org.slf4j_slf4j-api-1.7.30.jar to /tmp/spark-9fa363a8-c4a2-4357-b227-e987ce53292a/userFiles-c31d0e96-ab79-477a-bda0-a9b14bbf51b1/fetchFileTemp17362793471857105515.tmp
[2023-01-27T18:54:26.916+0000] {spark_submit.py:495} INFO - 23/01/27 18:54:26 INFO Utils: /tmp/spark-9fa363a8-c4a2-4357-b227-e987ce53292a/userFiles-c31d0e96-ab79-477a-bda0-a9b14bbf51b1/fetchFileTemp17362793471857105515.tmp has been previously copied to /tmp/spark-9fa363a8-c4a2-4357-b227-e987ce53292a/userFiles-c31d0e96-ab79-477a-bda0-a9b14bbf51b1/org.slf4j_slf4j-api-1.7.30.jar
[2023-01-27T18:54:26.920+0000] {spark_submit.py:495} INFO - 23/01/27 18:54:26 INFO Executor: Adding file:/tmp/spark-9fa363a8-c4a2-4357-b227-e987ce53292a/userFiles-c31d0e96-ab79-477a-bda0-a9b14bbf51b1/org.slf4j_slf4j-api-1.7.30.jar to class loader
[2023-01-27T18:54:26.925+0000] {spark_submit.py:495} INFO - 23/01/27 18:54:26 INFO Utils: Successfully started service 'org.apache.spark.network.netty.NettyBlockTransferService' on port 40525.
[2023-01-27T18:54:26.926+0000] {spark_submit.py:495} INFO - 23/01/27 18:54:26 INFO NettyBlockTransferService: Server created on 502660defd2e:40525
[2023-01-27T18:54:26.934+0000] {spark_submit.py:495} INFO - 23/01/27 18:54:26 INFO BlockManager: Using org.apache.spark.storage.RandomBlockReplicationPolicy for block replication policy
[2023-01-27T18:54:26.935+0000] {spark_submit.py:495} INFO - 23/01/27 18:54:26 INFO BlockManagerMaster: Registering BlockManager BlockManagerId(driver, 502660defd2e, 40525, None)
[2023-01-27T18:54:26.936+0000] {spark_submit.py:495} INFO - 23/01/27 18:54:26 INFO BlockManagerMasterEndpoint: Registering block manager 502660defd2e:40525 with 434.4 MiB RAM, BlockManagerId(driver, 502660defd2e, 40525, None)
[2023-01-27T18:54:26.940+0000] {spark_submit.py:495} INFO - 23/01/27 18:54:26 INFO BlockManagerMaster: Registered BlockManager BlockManagerId(driver, 502660defd2e, 40525, None)
[2023-01-27T18:54:26.941+0000] {spark_submit.py:495} INFO - 23/01/27 18:54:26 INFO BlockManager: Initialized BlockManager: BlockManagerId(driver, 502660defd2e, 40525, None)
[2023-01-27T18:54:30.919+0000] {spark_submit.py:495} INFO - 2023-01-27 18:54:30,919 - py4j.java_gateway - INFO - Callback Server Starting
[2023-01-27T18:54:30.920+0000] {spark_submit.py:495} INFO - 2023-01-27 18:54:30,920 - py4j.java_gateway - INFO - Socket listening on ('127.0.0.1', 43367)
[2023-01-27T18:54:35.179+0000] {spark_submit.py:495} INFO - 2023-01-27 18:54:35,179 - py4j.clientserver - INFO - Python Server ready to receive messages
[2023-01-27T18:54:35.180+0000] {spark_submit.py:495} INFO - 2023-01-27 18:54:35,180 - py4j.clientserver - INFO - Received command c on object id p0
[2023-01-27T18:54:35.549+0000] {spark_submit.py:495} INFO - -------------------------------------------
[2023-01-27T18:54:35.550+0000] {spark_submit.py:495} INFO - Batch: 0
[2023-01-27T18:54:35.550+0000] {spark_submit.py:495} INFO - -------------------------------------------
[2023-01-27T18:54:35.620+0000] {spark_submit.py:495} INFO - +---+-------------+-----+-------------+----------+----------------+------------+-----------------+--------------+-------------+
[2023-01-27T18:54:35.620+0000] {spark_submit.py:495} INFO - | id|nameOfProduct|price|ProductStatus|SellerName|RegistrationDate|QuantitySold|QuantityAvailable|Free shipping?|Store ratings|
[2023-01-27T18:54:35.620+0000] {spark_submit.py:495} INFO - +---+-------------+-----+-------------+----------+----------------+------------+-----------------+--------------+-------------+
[2023-01-27T18:54:35.620+0000] {spark_submit.py:495} INFO - +---+-------------+-----+-------------+----------+----------------+------------+-----------------+--------------+-------------+
[2023-01-27T18:54:35.620+0000] {spark_submit.py:495} INFO - 
[2023-01-27T18:55:03.953+0000] {spark_submit.py:495} INFO - 2023-01-27 18:55:03,953 - py4j.clientserver - INFO - Received command c on object id p0
[2023-01-27T18:55:06.668+0000] {spark_submit.py:495} INFO - -------------------------------------------
[2023-01-27T18:55:06.669+0000] {spark_submit.py:495} INFO - Batch: 1
[2023-01-27T18:55:06.669+0000] {spark_submit.py:495} INFO - -------------------------------------------
[2023-01-27T18:55:06.793+0000] {spark_submit.py:495} INFO - +-------------+--------------------+--------+-------------+--------------------+-------------------+------------+-----------------+--------------------+-------------+
[2023-01-27T18:55:06.793+0000] {spark_submit.py:495} INFO - |           id|       nameOfProduct|   price|ProductStatus|          SellerName|   RegistrationDate|QuantitySold|QuantityAvailable|      Free shipping?|Store ratings|
[2023-01-27T18:55:06.793+0000] {spark_submit.py:495} INFO - +-------------+--------------------+--------+-------------+--------------------+-------------------+------------+-----------------+--------------------+-------------+
[2023-01-27T18:55:06.793+0000] {spark_submit.py:495} INFO - |MLA1221192372|Disco Duro Extern...| 25999.0|          new|    OVERHARD DIGITAL|2015-01-08 12:19:41|         250|              100|Your shipment arr...|          4.5|
[2023-01-27T18:55:06.793+0000] {spark_submit.py:495} INFO - |MLA1157512489|Placa De Video Nv...|124999.0|          new|      PCREGISTRADAOK|2020-11-02 13:17:33|          50|                1|Your shipment arr...|          4.5|
[2023-01-27T18:55:06.793+0000] {spark_submit.py:495} INFO - |MLA1283547951|Procesador Amd Ry...| 94000.0|          new|    ARBOTECH ELECTRO|2021-03-02 21:46:27|           5|                1|Your shipment arr...|          4.5|
[2023-01-27T18:55:06.793+0000] {spark_submit.py:495} INFO - |MLA1163238194|Placa De Video Am...| 33999.0|          new|       MICYBERCOMPRA|2011-09-13 13:15:53|          50|                1|Your shipment arr...|          4.5|
[2023-01-27T18:55:06.793+0000] {spark_submit.py:495} INFO - |MLA1148481665|Microprocesador P...| 58899.0|          new|            MALL WEB|2016-05-26 20:28:35|         150|                1|Your shipment arr...|          4.5|
[2023-01-27T18:55:06.793+0000] {spark_submit.py:495} INFO - |MLA1318244331|Disco Solido Ssd ...| 28799.0|          new|    OVERHARD DIGITAL|2015-01-08 12:19:41|           5|              150|Your shipment arr...|          4.5|
[2023-01-27T18:55:06.794+0000] {spark_submit.py:495} INFO - | MLA923637669|Placa De Video Ge...| 28699.0|          new|         INDIGOTRADE|2018-01-05 19:21:16|         500|               50|Your shipment arr...|          4.5|
[2023-01-27T18:55:06.794+0000] {spark_submit.py:495} INFO - |MLA1106592620|Disco Slido Inte...| 13125.0|          new|            MALL WEB|2016-05-26 20:28:35|         500|                1|You have to pay t...|          4.5|
[2023-01-27T18:55:06.794+0000] {spark_submit.py:495} INFO - | MLA882277177|Capturadora Video...|  2699.0|          new|         BSK-IMPORTS|2019-12-30 23:07:04|         500|               50|You have to pay t...|          3.0|
[2023-01-27T18:55:06.794+0000] {spark_submit.py:495} INFO - |MLA1183925519|Placa De Video Nv...|299999.0|          new|ESTUDIOSMPSRLESTU...|2020-11-29 18:36:32|          50|                1|Your shipment arr...|          4.5|
[2023-01-27T18:55:06.794+0000] {spark_submit.py:495} INFO - | MLA902808321|Procesador Gamer ...| 23699.0|          new|            MALL WEB|2016-05-26 20:28:35|         500|                1|Your shipment arr...|          4.5|
[2023-01-27T18:55:06.794+0000] {spark_submit.py:495} INFO - |MLA1119996182|Disco Slido Inte...| 25499.0|          new|            MALL WEB|2016-05-26 20:28:35|         500|                1|Your shipment arr...|          4.5|
[2023-01-27T18:55:06.794+0000] {spark_submit.py:495} INFO - |MLA1160204806|Memoria Ram Fury ...| 15399.0|          new|    OVERHARD DIGITAL|2015-01-08 12:19:41|         500|               50|Your shipment arr...|          4.5|
[2023-01-27T18:55:06.794+0000] {spark_submit.py:495} INFO - | MLA844489972|Disco Duro Intern...| 11599.0|          new|           DALECLCK|2015-03-16 12:07:23|        5000|              500|You have to pay t...|          5.0|
[2023-01-27T18:55:06.794+0000] {spark_submit.py:495} INFO - | MLA620399442|Turbina Cooler Fa...| 2896.32|          new|          LOCALNUEVE|2011-03-10 23:40:59|        5000|              250|You have to pay t...|          3.0|
[2023-01-27T18:55:06.794+0000] {spark_submit.py:495} INFO - |MLA1142513995|Procesador Intel ...| 23500.0|          new|          REFILLKIT1|2018-07-16 12:20:57|           0|                1|Your shipment arr...|          4.5|
[2023-01-27T18:55:06.794+0000] {spark_submit.py:495} INFO - |MLA1228990119|Memoria Ram Fury ...| 23000.0|          new|MARSTECHSRLMARSTE...|2020-08-05 14:27:59|          50|                1|Your shipment arr...|          4.5|
[2023-01-27T18:55:06.794+0000] {spark_submit.py:495} INFO - |MLA1301642528|Placa De Video Nv...|124999.0|          new|     ITS-COMPUTACION|2012-10-18 20:37:49|           5|                1|Your shipment arr...|          4.5|
[2023-01-27T18:55:06.794+0000] {spark_submit.py:495} INFO - |MLA1191581442|Disco Slido Inte...| 26949.0|          new|          STARS SHOP|2011-12-28 14:25:32|         150|                1|Your shipment arr...|          4.5|
[2023-01-27T18:55:06.795+0000] {spark_submit.py:495} INFO - |MLA1302136118|Disco Duro Intern...| 18271.0|          new|DIAMONDSYSTEMSANJ...|2016-04-08 17:21:06|         150|               50|Your shipment arr...|          4.5|
[2023-01-27T18:55:06.795+0000] {spark_submit.py:495} INFO - +-------------+--------------------+--------+-------------+--------------------+-------------------+------------+-----------------+--------------------+-------------+
[2023-01-27T18:55:06.795+0000] {spark_submit.py:495} INFO - only showing top 20 rows
[2023-01-27T18:55:06.795+0000] {spark_submit.py:495} INFO - 
[2023-01-27T18:55:07.164+0000] {spark_submit.py:495} INFO - 2023-01-27 18:55:07,163 - py4j.clientserver - INFO - Received command c on object id p0
[2023-01-27T18:55:16.524+0000] {spark_submit.py:495} INFO - 2023-01-27 18:55:16,520 - py4j.clientserver - INFO - Received command c on object id p0
[2023-01-27T18:55:17.706+0000] {spark_submit.py:495} INFO - 2023-01-27 18:55:17,706 - py4j.clientserver - INFO - Received command c on object id p0
[2023-01-27T18:55:20.802+0000] {spark_submit.py:495} INFO - -------------------------------------------
[2023-01-27T18:55:20.803+0000] {spark_submit.py:495} INFO - Batch: 2
[2023-01-27T18:55:20.803+0000] {spark_submit.py:495} INFO - -------------------------------------------
[2023-01-27T18:55:20.832+0000] {spark_submit.py:495} INFO - +-------------+--------------------+--------+-------------+--------------------+-------------------+------------+-----------------+--------------------+-------------+
[2023-01-27T18:55:20.833+0000] {spark_submit.py:495} INFO - |           id|       nameOfProduct|   price|ProductStatus|          SellerName|   RegistrationDate|QuantitySold|QuantityAvailable|      Free shipping?|Store ratings|
[2023-01-27T18:55:20.833+0000] {spark_submit.py:495} INFO - +-------------+--------------------+--------+-------------+--------------------+-------------------+------------+-----------------+--------------------+-------------+
[2023-01-27T18:55:20.833+0000] {spark_submit.py:495} INFO - |MLA1221192372|Disco Duro Extern...| 25999.0|          new|    OVERHARD DIGITAL|2015-01-08 12:19:41|         250|              100|Your shipment arr...|          4.5|
[2023-01-27T18:55:20.833+0000] {spark_submit.py:495} INFO - |MLA1157512489|Placa De Video Nv...|124999.0|          new|      PCREGISTRADAOK|2020-11-02 13:17:33|          50|                1|Your shipment arr...|          4.5|
[2023-01-27T18:55:20.833+0000] {spark_submit.py:495} INFO - |MLA1283547951|Procesador Amd Ry...| 94000.0|          new|    ARBOTECH ELECTRO|2021-03-02 21:46:27|           5|                1|Your shipment arr...|          4.5|
[2023-01-27T18:55:20.833+0000] {spark_submit.py:495} INFO - |MLA1163238194|Placa De Video Am...| 33999.0|          new|       MICYBERCOMPRA|2011-09-13 13:15:53|          50|                1|Your shipment arr...|          4.5|
[2023-01-27T18:55:20.833+0000] {spark_submit.py:495} INFO - |MLA1148481665|Microprocesador P...| 58899.0|          new|            MALL WEB|2016-05-26 20:28:35|         150|                1|Your shipment arr...|          4.5|
[2023-01-27T18:55:20.833+0000] {spark_submit.py:495} INFO - |MLA1318244331|Disco Solido Ssd ...| 28799.0|          new|    OVERHARD DIGITAL|2015-01-08 12:19:41|           5|              150|Your shipment arr...|          4.5|
[2023-01-27T18:55:20.833+0000] {spark_submit.py:495} INFO - | MLA923637669|Placa De Video Ge...| 28699.0|          new|         INDIGOTRADE|2018-01-05 19:21:16|         500|               50|Your shipment arr...|          4.5|
[2023-01-27T18:55:20.833+0000] {spark_submit.py:495} INFO - |MLA1106592620|Disco Slido Inte...| 13125.0|          new|            MALL WEB|2016-05-26 20:28:35|         500|                1|You have to pay t...|          4.5|
[2023-01-27T18:55:20.833+0000] {spark_submit.py:495} INFO - | MLA882277177|Capturadora Video...|  2699.0|          new|         BSK-IMPORTS|2019-12-30 23:07:04|         500|               50|You have to pay t...|          3.0|
[2023-01-27T18:55:20.834+0000] {spark_submit.py:495} INFO - |MLA1183925519|Placa De Video Nv...|299999.0|          new|ESTUDIOSMPSRLESTU...|2020-11-29 18:36:32|          50|                1|Your shipment arr...|          4.5|
[2023-01-27T18:55:20.834+0000] {spark_submit.py:495} INFO - | MLA902808321|Procesador Gamer ...| 23699.0|          new|            MALL WEB|2016-05-26 20:28:35|         500|                1|Your shipment arr...|          4.5|
[2023-01-27T18:55:20.834+0000] {spark_submit.py:495} INFO - |MLA1119996182|Disco Slido Inte...| 25499.0|          new|            MALL WEB|2016-05-26 20:28:35|         500|                1|Your shipment arr...|          4.5|
[2023-01-27T18:55:20.834+0000] {spark_submit.py:495} INFO - |MLA1160204806|Memoria Ram Fury ...| 15399.0|          new|    OVERHARD DIGITAL|2015-01-08 12:19:41|         500|               50|Your shipment arr...|          4.5|
[2023-01-27T18:55:20.834+0000] {spark_submit.py:495} INFO - | MLA844489972|Disco Duro Intern...| 11599.0|          new|           DALECLCK|2015-03-16 12:07:23|        5000|              500|You have to pay t...|          5.0|
[2023-01-27T18:55:20.834+0000] {spark_submit.py:495} INFO - | MLA620399442|Turbina Cooler Fa...| 2896.32|          new|          LOCALNUEVE|2011-03-10 23:40:59|        5000|              250|You have to pay t...|          3.0|
[2023-01-27T18:55:20.834+0000] {spark_submit.py:495} INFO - |MLA1142513995|Procesador Intel ...| 23500.0|          new|          REFILLKIT1|2018-07-16 12:20:57|           0|                1|Your shipment arr...|          4.5|
[2023-01-27T18:55:20.834+0000] {spark_submit.py:495} INFO - |MLA1228990119|Memoria Ram Fury ...| 23000.0|          new|MARSTECHSRLMARSTE...|2020-08-05 14:27:59|          50|                1|Your shipment arr...|          4.5|
[2023-01-27T18:55:20.834+0000] {spark_submit.py:495} INFO - |MLA1301642528|Placa De Video Nv...|124999.0|          new|     ITS-COMPUTACION|2012-10-18 20:37:49|           5|                1|Your shipment arr...|          4.5|
[2023-01-27T18:55:20.834+0000] {spark_submit.py:495} INFO - |MLA1191581442|Disco Slido Inte...| 26949.0|          new|          STARS SHOP|2011-12-28 14:25:32|         150|                1|Your shipment arr...|          4.5|
[2023-01-27T18:55:20.834+0000] {spark_submit.py:495} INFO - |MLA1302136118|Disco Duro Intern...| 18271.0|          new|DIAMONDSYSTEMSANJ...|2016-04-08 17:21:06|         150|               50|Your shipment arr...|          4.5|
[2023-01-27T18:55:20.834+0000] {spark_submit.py:495} INFO - +-------------+--------------------+--------+-------------+--------------------+-------------------+------------+-----------------+--------------------+-------------+
[2023-01-27T18:55:20.834+0000] {spark_submit.py:495} INFO - only showing top 20 rows
[2023-01-27T18:55:20.834+0000] {spark_submit.py:495} INFO - 
[2023-01-27T23:05:32.247+0000] {local_task_job.py:224} WARNING - State of this instance has been externally set to up_for_retry. Terminating instance.
[2023-01-27T23:05:32.249+0000] {process_utils.py:133} INFO - Sending Signals.SIGTERM to group 12651. PIDs of all processes in the group: [12652, 12705, 12651]
[2023-01-27T23:05:32.249+0000] {process_utils.py:84} INFO - Sending the signal Signals.SIGTERM to group 12651
[2023-01-27T23:05:32.253+0000] {taskinstance.py:1483} ERROR - Received SIGTERM. Terminating subprocesses.
[2023-01-27T23:05:32.253+0000] {spark_submit.py:620} INFO - Sending kill signal to spark-submit
[2023-01-27T23:05:32.283+0000] {taskinstance.py:1772} ERROR - Task failed with exception
Traceback (most recent call last):
  File "/home/airflow/.local/lib/python3.7/site-packages/airflow/providers/apache/spark/operators/spark_submit.py", line 157, in execute
    self._hook.submit(self._application)
  File "/home/airflow/.local/lib/python3.7/site-packages/airflow/providers/apache/spark/hooks/spark_submit.py", line 414, in submit
    self._process_spark_submit_log(iter(self._submit_sp.stdout))  # type: ignore
  File "/home/airflow/.local/lib/python3.7/site-packages/airflow/providers/apache/spark/hooks/spark_submit.py", line 463, in _process_spark_submit_log
    for line in itr:
  File "/home/airflow/.local/lib/python3.7/site-packages/airflow/models/taskinstance.py", line 1485, in signal_handler
    raise AirflowException("Task received SIGTERM signal")
airflow.exceptions.AirflowException: Task received SIGTERM signal
[2023-01-27T23:05:32.289+0000] {taskinstance.py:1327} INFO - Marking task as UP_FOR_RETRY. dag_id=Streaming_pipeline_meli, task_id=consumer_data_of_topic, execution_date=20230127T162614, start_date=20230127T185422, end_date=20230127T230532
[2023-01-27T23:05:32.310+0000] {standard_task_runner.py:105} ERROR - Failed to execute job 1143 for task consumer_data_of_topic (Task received SIGTERM signal; 12651)
[2023-01-27T23:05:32.362+0000] {process_utils.py:79} INFO - Process psutil.Process(pid=12652, status='terminated', started='18:54:21') (12652) terminated with exit code None
[2023-01-27T23:05:32.362+0000] {process_utils.py:79} INFO - Process psutil.Process(pid=12705, status='terminated', started='18:54:24') (12705) terminated with exit code None
[2023-01-27T23:05:32.362+0000] {process_utils.py:79} INFO - Process psutil.Process(pid=12651, status='terminated', exitcode=1, started='18:54:21') (12651) terminated with exit code 1
