[2023-02-08T20:23:51.764+0000] {taskinstance.py:1087} INFO - Dependencies all met for <TaskInstance: Streaming_pipeline_meli.consumer_data_of_topic manual__2023-02-08T20:23:49.299201+00:00 [queued]>
[2023-02-08T20:23:51.795+0000] {taskinstance.py:1087} INFO - Dependencies all met for <TaskInstance: Streaming_pipeline_meli.consumer_data_of_topic manual__2023-02-08T20:23:49.299201+00:00 [queued]>
[2023-02-08T20:23:51.795+0000] {taskinstance.py:1283} INFO - 
--------------------------------------------------------------------------------
[2023-02-08T20:23:51.795+0000] {taskinstance.py:1284} INFO - Starting attempt 1 of 6
[2023-02-08T20:23:51.795+0000] {taskinstance.py:1285} INFO - 
--------------------------------------------------------------------------------
[2023-02-08T20:23:51.814+0000] {taskinstance.py:1304} INFO - Executing <Task(SparkSubmitOperator): consumer_data_of_topic> on 2023-02-08 20:23:49.299201+00:00
[2023-02-08T20:23:51.819+0000] {standard_task_runner.py:55} INFO - Started process 5121 to run task
[2023-02-08T20:23:51.831+0000] {standard_task_runner.py:82} INFO - Running: ['***', 'tasks', 'run', 'Streaming_pipeline_meli', 'consumer_data_of_topic', 'manual__2023-02-08T20:23:49.299201+00:00', '--job-id', '1417', '--raw', '--subdir', 'DAGS_FOLDER/streamPipeline.py', '--cfg-path', '/tmp/tmpk3lz_iiz']
[2023-02-08T20:23:51.831+0000] {standard_task_runner.py:83} INFO - Job 1417: Subtask consumer_data_of_topic
[2023-02-08T20:23:51.895+0000] {task_command.py:389} INFO - Running <TaskInstance: Streaming_pipeline_meli.consumer_data_of_topic manual__2023-02-08T20:23:49.299201+00:00 [running]> on host b55acaa82944
[2023-02-08T20:23:51.960+0000] {taskinstance.py:1513} INFO - Exporting the following env vars:
AIRFLOW_CTX_DAG_OWNER=***
AIRFLOW_CTX_DAG_ID=Streaming_pipeline_meli
AIRFLOW_CTX_TASK_ID=consumer_data_of_topic
AIRFLOW_CTX_EXECUTION_DATE=2023-02-08T20:23:49.299201+00:00
AIRFLOW_CTX_TRY_NUMBER=1
AIRFLOW_CTX_DAG_RUN_ID=manual__2023-02-08T20:23:49.299201+00:00
[2023-02-08T20:23:51.974+0000] {base.py:73} INFO - Using connection ID 'spark_default' for task execution.
[2023-02-08T20:23:51.975+0000] {spark_submit.py:344} INFO - Spark-Submit cmd: spark-submit --master spark://tomi-H310:7077 --packages org.apache.spark:spark-sql-kafka-0-10_2.12:3.1.3,org.mongodb.spark:mongo-spark-connector_2.12:3.0.1 --name arrow-spark --queue root.default /opt/***/dags/consumerSpark.py
[2023-02-08T20:23:52.075+0000] {spark_submit.py:495} INFO - /home/***/.local/lib/python3.7/site-packages/pyspark/bin/load-spark-env.sh: line 68: ps: command not found
[2023-02-08T20:23:53.866+0000] {spark_submit.py:495} INFO - :: loading settings :: url = jar:file:/home/***/.local/lib/python3.7/site-packages/pyspark/jars/ivy-2.5.0.jar!/org/apache/ivy/core/settings/ivysettings.xml
[2023-02-08T20:23:53.983+0000] {spark_submit.py:495} INFO - Ivy Default Cache set to: /home/***/.ivy2/cache
[2023-02-08T20:23:53.983+0000] {spark_submit.py:495} INFO - The jars for the packages stored in: /home/***/.ivy2/jars
[2023-02-08T20:23:53.988+0000] {spark_submit.py:495} INFO - org.apache.spark#spark-sql-kafka-0-10_2.12 added as a dependency
[2023-02-08T20:23:53.989+0000] {spark_submit.py:495} INFO - org.mongodb.spark#mongo-spark-connector_2.12 added as a dependency
[2023-02-08T20:23:53.990+0000] {spark_submit.py:495} INFO - :: resolving dependencies :: org.apache.spark#spark-submit-parent-4d7d5dc0-8631-4bdf-a153-dee7432ce6df;1.0
[2023-02-08T20:23:53.990+0000] {spark_submit.py:495} INFO - confs: [default]
[2023-02-08T20:23:54.200+0000] {spark_submit.py:495} INFO - found org.apache.spark#spark-sql-kafka-0-10_2.12;3.1.3 in central
[2023-02-08T20:23:54.302+0000] {spark_submit.py:495} INFO - found org.apache.spark#spark-token-provider-kafka-0-10_2.12;3.1.3 in central
[2023-02-08T20:23:54.343+0000] {spark_submit.py:495} INFO - found org.apache.kafka#kafka-clients;2.6.0 in central
[2023-02-08T20:23:54.395+0000] {spark_submit.py:495} INFO - found com.github.luben#zstd-jni;1.4.8-1 in central
[2023-02-08T20:23:54.443+0000] {spark_submit.py:495} INFO - found org.lz4#lz4-java;1.7.1 in central
[2023-02-08T20:23:54.480+0000] {spark_submit.py:495} INFO - found org.xerial.snappy#snappy-java;1.1.8.2 in central
[2023-02-08T20:23:54.506+0000] {spark_submit.py:495} INFO - found org.slf4j#slf4j-api;1.7.30 in central
[2023-02-08T20:23:54.563+0000] {spark_submit.py:495} INFO - found org.spark-project.spark#unused;1.0.0 in central
[2023-02-08T20:23:54.617+0000] {spark_submit.py:495} INFO - found org.apache.commons#commons-pool2;2.6.2 in central
[2023-02-08T20:23:54.655+0000] {spark_submit.py:495} INFO - found org.mongodb.spark#mongo-spark-connector_2.12;3.0.1 in central
[2023-02-08T20:23:54.676+0000] {spark_submit.py:495} INFO - found org.mongodb#mongodb-driver-sync;4.0.5 in central
[2023-02-08T20:23:54.699+0000] {spark_submit.py:495} INFO - found org.mongodb#bson;4.0.5 in central
[2023-02-08T20:23:54.718+0000] {spark_submit.py:495} INFO - found org.mongodb#mongodb-driver-core;4.0.5 in central
[2023-02-08T20:23:54.796+0000] {spark_submit.py:495} INFO - :: resolution report :: resolve 765ms :: artifacts dl 36ms
[2023-02-08T20:23:54.796+0000] {spark_submit.py:495} INFO - :: modules in use:
[2023-02-08T20:23:54.797+0000] {spark_submit.py:495} INFO - com.github.luben#zstd-jni;1.4.8-1 from central in [default]
[2023-02-08T20:23:54.798+0000] {spark_submit.py:495} INFO - org.apache.commons#commons-pool2;2.6.2 from central in [default]
[2023-02-08T20:23:54.803+0000] {spark_submit.py:495} INFO - org.apache.kafka#kafka-clients;2.6.0 from central in [default]
[2023-02-08T20:23:54.803+0000] {spark_submit.py:495} INFO - org.apache.spark#spark-sql-kafka-0-10_2.12;3.1.3 from central in [default]
[2023-02-08T20:23:54.804+0000] {spark_submit.py:495} INFO - org.apache.spark#spark-token-provider-kafka-0-10_2.12;3.1.3 from central in [default]
[2023-02-08T20:23:54.804+0000] {spark_submit.py:495} INFO - org.lz4#lz4-java;1.7.1 from central in [default]
[2023-02-08T20:23:54.804+0000] {spark_submit.py:495} INFO - org.mongodb#bson;4.0.5 from central in [default]
[2023-02-08T20:23:54.804+0000] {spark_submit.py:495} INFO - org.mongodb#mongodb-driver-core;4.0.5 from central in [default]
[2023-02-08T20:23:54.804+0000] {spark_submit.py:495} INFO - org.mongodb#mongodb-driver-sync;4.0.5 from central in [default]
[2023-02-08T20:23:54.805+0000] {spark_submit.py:495} INFO - org.mongodb.spark#mongo-spark-connector_2.12;3.0.1 from central in [default]
[2023-02-08T20:23:54.805+0000] {spark_submit.py:495} INFO - org.slf4j#slf4j-api;1.7.30 from central in [default]
[2023-02-08T20:23:54.805+0000] {spark_submit.py:495} INFO - org.spark-project.spark#unused;1.0.0 from central in [default]
[2023-02-08T20:23:54.805+0000] {spark_submit.py:495} INFO - org.xerial.snappy#snappy-java;1.1.8.2 from central in [default]
[2023-02-08T20:23:54.805+0000] {spark_submit.py:495} INFO - ---------------------------------------------------------------------
[2023-02-08T20:23:54.806+0000] {spark_submit.py:495} INFO - |                  |            modules            ||   artifacts   |
[2023-02-08T20:23:54.806+0000] {spark_submit.py:495} INFO - |       conf       | number| search|dwnlded|evicted|| number|dwnlded|
[2023-02-08T20:23:54.806+0000] {spark_submit.py:495} INFO - ---------------------------------------------------------------------
[2023-02-08T20:23:54.806+0000] {spark_submit.py:495} INFO - |      default     |   13  |   0   |   0   |   0   ||   13  |   0   |
[2023-02-08T20:23:54.808+0000] {spark_submit.py:495} INFO - ---------------------------------------------------------------------
[2023-02-08T20:23:54.822+0000] {spark_submit.py:495} INFO - :: retrieving :: org.apache.spark#spark-submit-parent-4d7d5dc0-8631-4bdf-a153-dee7432ce6df
[2023-02-08T20:23:54.823+0000] {spark_submit.py:495} INFO - confs: [default]
[2023-02-08T20:23:54.843+0000] {spark_submit.py:495} INFO - 0 artifacts copied, 13 already retrieved (0kB/19ms)
[2023-02-08T20:23:55.134+0000] {spark_submit.py:495} INFO - 23/02/08 20:23:55 WARN NativeCodeLoader: Unable to load native-hadoop library for your platform... using builtin-java classes where applicable
[2023-02-08T20:23:56.170+0000] {spark_submit.py:495} INFO - 23/02/08 20:23:56 INFO SparkContext: Running Spark version 3.3.1
[2023-02-08T20:23:56.187+0000] {spark_submit.py:495} INFO - 23/02/08 20:23:56 INFO ResourceUtils: ==============================================================
[2023-02-08T20:23:56.188+0000] {spark_submit.py:495} INFO - 23/02/08 20:23:56 INFO ResourceUtils: No custom resources configured for spark.driver.
[2023-02-08T20:23:56.188+0000] {spark_submit.py:495} INFO - 23/02/08 20:23:56 INFO ResourceUtils: ==============================================================
[2023-02-08T20:23:56.188+0000] {spark_submit.py:495} INFO - 23/02/08 20:23:56 INFO SparkContext: Submitted application: arrow-spark
[2023-02-08T20:23:56.207+0000] {spark_submit.py:495} INFO - 23/02/08 20:23:56 INFO ResourceProfile: Default ResourceProfile created, executor resources: Map(cores -> name: cores, amount: 1, script: , vendor: , memory -> name: memory, amount: 1024, script: , vendor: , offHeap -> name: offHeap, amount: 0, script: , vendor: ), task resources: Map(cpus -> name: cpus, amount: 1.0)
[2023-02-08T20:23:56.218+0000] {spark_submit.py:495} INFO - 23/02/08 20:23:56 INFO ResourceProfile: Limiting resource is cpu
[2023-02-08T20:23:56.219+0000] {spark_submit.py:495} INFO - 23/02/08 20:23:56 INFO ResourceProfileManager: Added ResourceProfile id: 0
[2023-02-08T20:23:56.258+0000] {spark_submit.py:495} INFO - 23/02/08 20:23:56 INFO SecurityManager: Changing view acls to: default
[2023-02-08T20:23:56.259+0000] {spark_submit.py:495} INFO - 23/02/08 20:23:56 INFO SecurityManager: Changing modify acls to: default
[2023-02-08T20:23:56.259+0000] {spark_submit.py:495} INFO - 23/02/08 20:23:56 INFO SecurityManager: Changing view acls groups to:
[2023-02-08T20:23:56.260+0000] {spark_submit.py:495} INFO - 23/02/08 20:23:56 INFO SecurityManager: Changing modify acls groups to:
[2023-02-08T20:23:56.260+0000] {spark_submit.py:495} INFO - 23/02/08 20:23:56 INFO SecurityManager: SecurityManager: authentication disabled; ui acls disabled; users  with view permissions: Set(default); groups with view permissions: Set(); users  with modify permissions: Set(default); groups with modify permissions: Set()
[2023-02-08T20:23:56.466+0000] {spark_submit.py:495} INFO - 23/02/08 20:23:56 INFO Utils: Successfully started service 'sparkDriver' on port 44383.
[2023-02-08T20:23:56.499+0000] {spark_submit.py:495} INFO - 23/02/08 20:23:56 INFO SparkEnv: Registering MapOutputTracker
[2023-02-08T20:23:56.528+0000] {spark_submit.py:495} INFO - 23/02/08 20:23:56 INFO SparkEnv: Registering BlockManagerMaster
[2023-02-08T20:23:56.541+0000] {spark_submit.py:495} INFO - 23/02/08 20:23:56 INFO BlockManagerMasterEndpoint: Using org.apache.spark.storage.DefaultTopologyMapper for getting topology information
[2023-02-08T20:23:56.542+0000] {spark_submit.py:495} INFO - 23/02/08 20:23:56 INFO BlockManagerMasterEndpoint: BlockManagerMasterEndpoint up
[2023-02-08T20:23:56.547+0000] {spark_submit.py:495} INFO - 23/02/08 20:23:56 INFO SparkEnv: Registering BlockManagerMasterHeartbeat
[2023-02-08T20:23:56.565+0000] {spark_submit.py:495} INFO - 23/02/08 20:23:56 INFO DiskBlockManager: Created local directory at /tmp/blockmgr-d3c80902-1549-40a8-a336-c9b935ffb73d
[2023-02-08T20:23:56.577+0000] {spark_submit.py:495} INFO - 23/02/08 20:23:56 INFO MemoryStore: MemoryStore started with capacity 434.4 MiB
[2023-02-08T20:23:56.590+0000] {spark_submit.py:495} INFO - 23/02/08 20:23:56 INFO SparkEnv: Registering OutputCommitCoordinator
[2023-02-08T20:23:56.755+0000] {spark_submit.py:495} INFO - 23/02/08 20:23:56 INFO Utils: Successfully started service 'SparkUI' on port 4040.
[2023-02-08T20:23:56.785+0000] {spark_submit.py:495} INFO - 23/02/08 20:23:56 INFO SparkContext: Added JAR file:///home/***/.ivy2/jars/org.apache.spark_spark-sql-kafka-0-10_2.12-3.1.3.jar at spark://b55acaa82944:44383/jars/org.apache.spark_spark-sql-kafka-0-10_2.12-3.1.3.jar with timestamp 1675887836164
[2023-02-08T20:23:56.785+0000] {spark_submit.py:495} INFO - 23/02/08 20:23:56 INFO SparkContext: Added JAR file:///home/***/.ivy2/jars/org.mongodb.spark_mongo-spark-connector_2.12-3.0.1.jar at spark://b55acaa82944:44383/jars/org.mongodb.spark_mongo-spark-connector_2.12-3.0.1.jar with timestamp 1675887836164
[2023-02-08T20:23:56.785+0000] {spark_submit.py:495} INFO - 23/02/08 20:23:56 INFO SparkContext: Added JAR file:///home/***/.ivy2/jars/org.apache.spark_spark-token-provider-kafka-0-10_2.12-3.1.3.jar at spark://b55acaa82944:44383/jars/org.apache.spark_spark-token-provider-kafka-0-10_2.12-3.1.3.jar with timestamp 1675887836164
[2023-02-08T20:23:56.786+0000] {spark_submit.py:495} INFO - 23/02/08 20:23:56 INFO SparkContext: Added JAR file:///home/***/.ivy2/jars/org.apache.kafka_kafka-clients-2.6.0.jar at spark://b55acaa82944:44383/jars/org.apache.kafka_kafka-clients-2.6.0.jar with timestamp 1675887836164
[2023-02-08T20:23:56.786+0000] {spark_submit.py:495} INFO - 23/02/08 20:23:56 INFO SparkContext: Added JAR file:///home/***/.ivy2/jars/org.apache.commons_commons-pool2-2.6.2.jar at spark://b55acaa82944:44383/jars/org.apache.commons_commons-pool2-2.6.2.jar with timestamp 1675887836164
[2023-02-08T20:23:56.786+0000] {spark_submit.py:495} INFO - 23/02/08 20:23:56 INFO SparkContext: Added JAR file:///home/***/.ivy2/jars/org.spark-project.spark_unused-1.0.0.jar at spark://b55acaa82944:44383/jars/org.spark-project.spark_unused-1.0.0.jar with timestamp 1675887836164
[2023-02-08T20:23:56.786+0000] {spark_submit.py:495} INFO - 23/02/08 20:23:56 INFO SparkContext: Added JAR file:///home/***/.ivy2/jars/com.github.luben_zstd-jni-1.4.8-1.jar at spark://b55acaa82944:44383/jars/com.github.luben_zstd-jni-1.4.8-1.jar with timestamp 1675887836164
[2023-02-08T20:23:56.786+0000] {spark_submit.py:495} INFO - 23/02/08 20:23:56 INFO SparkContext: Added JAR file:///home/***/.ivy2/jars/org.lz4_lz4-java-1.7.1.jar at spark://b55acaa82944:44383/jars/org.lz4_lz4-java-1.7.1.jar with timestamp 1675887836164
[2023-02-08T20:23:56.786+0000] {spark_submit.py:495} INFO - 23/02/08 20:23:56 INFO SparkContext: Added JAR file:///home/***/.ivy2/jars/org.xerial.snappy_snappy-java-1.1.8.2.jar at spark://b55acaa82944:44383/jars/org.xerial.snappy_snappy-java-1.1.8.2.jar with timestamp 1675887836164
[2023-02-08T20:23:56.786+0000] {spark_submit.py:495} INFO - 23/02/08 20:23:56 INFO SparkContext: Added JAR file:///home/***/.ivy2/jars/org.slf4j_slf4j-api-1.7.30.jar at spark://b55acaa82944:44383/jars/org.slf4j_slf4j-api-1.7.30.jar with timestamp 1675887836164
[2023-02-08T20:23:56.787+0000] {spark_submit.py:495} INFO - 23/02/08 20:23:56 INFO SparkContext: Added JAR file:///home/***/.ivy2/jars/org.mongodb_mongodb-driver-sync-4.0.5.jar at spark://b55acaa82944:44383/jars/org.mongodb_mongodb-driver-sync-4.0.5.jar with timestamp 1675887836164
[2023-02-08T20:23:56.787+0000] {spark_submit.py:495} INFO - 23/02/08 20:23:56 INFO SparkContext: Added JAR file:///home/***/.ivy2/jars/org.mongodb_bson-4.0.5.jar at spark://b55acaa82944:44383/jars/org.mongodb_bson-4.0.5.jar with timestamp 1675887836164
[2023-02-08T20:23:56.787+0000] {spark_submit.py:495} INFO - 23/02/08 20:23:56 INFO SparkContext: Added JAR file:///home/***/.ivy2/jars/org.mongodb_mongodb-driver-core-4.0.5.jar at spark://b55acaa82944:44383/jars/org.mongodb_mongodb-driver-core-4.0.5.jar with timestamp 1675887836164
[2023-02-08T20:23:56.788+0000] {spark_submit.py:495} INFO - 23/02/08 20:23:56 INFO SparkContext: Added file file:///home/***/.ivy2/jars/org.apache.spark_spark-sql-kafka-0-10_2.12-3.1.3.jar at file:///home/***/.ivy2/jars/org.apache.spark_spark-sql-kafka-0-10_2.12-3.1.3.jar with timestamp 1675887836164
[2023-02-08T20:23:56.789+0000] {spark_submit.py:495} INFO - 23/02/08 20:23:56 INFO Utils: Copying /home/***/.ivy2/jars/org.apache.spark_spark-sql-kafka-0-10_2.12-3.1.3.jar to /tmp/spark-4d1a539b-651e-4887-9190-d1f9b3456f88/userFiles-b2aaddec-2034-4d8a-8ec3-9d660c33a13c/org.apache.spark_spark-sql-kafka-0-10_2.12-3.1.3.jar
[2023-02-08T20:23:56.797+0000] {spark_submit.py:495} INFO - 23/02/08 20:23:56 INFO SparkContext: Added file file:///home/***/.ivy2/jars/org.mongodb.spark_mongo-spark-connector_2.12-3.0.1.jar at file:///home/***/.ivy2/jars/org.mongodb.spark_mongo-spark-connector_2.12-3.0.1.jar with timestamp 1675887836164
[2023-02-08T20:23:56.797+0000] {spark_submit.py:495} INFO - 23/02/08 20:23:56 INFO Utils: Copying /home/***/.ivy2/jars/org.mongodb.spark_mongo-spark-connector_2.12-3.0.1.jar to /tmp/spark-4d1a539b-651e-4887-9190-d1f9b3456f88/userFiles-b2aaddec-2034-4d8a-8ec3-9d660c33a13c/org.mongodb.spark_mongo-spark-connector_2.12-3.0.1.jar
[2023-02-08T20:23:56.805+0000] {spark_submit.py:495} INFO - 23/02/08 20:23:56 INFO SparkContext: Added file file:///home/***/.ivy2/jars/org.apache.spark_spark-token-provider-kafka-0-10_2.12-3.1.3.jar at file:///home/***/.ivy2/jars/org.apache.spark_spark-token-provider-kafka-0-10_2.12-3.1.3.jar with timestamp 1675887836164
[2023-02-08T20:23:56.805+0000] {spark_submit.py:495} INFO - 23/02/08 20:23:56 INFO Utils: Copying /home/***/.ivy2/jars/org.apache.spark_spark-token-provider-kafka-0-10_2.12-3.1.3.jar to /tmp/spark-4d1a539b-651e-4887-9190-d1f9b3456f88/userFiles-b2aaddec-2034-4d8a-8ec3-9d660c33a13c/org.apache.spark_spark-token-provider-kafka-0-10_2.12-3.1.3.jar
[2023-02-08T20:23:56.818+0000] {spark_submit.py:495} INFO - 23/02/08 20:23:56 INFO SparkContext: Added file file:///home/***/.ivy2/jars/org.apache.kafka_kafka-clients-2.6.0.jar at file:///home/***/.ivy2/jars/org.apache.kafka_kafka-clients-2.6.0.jar with timestamp 1675887836164
[2023-02-08T20:23:56.818+0000] {spark_submit.py:495} INFO - 23/02/08 20:23:56 INFO Utils: Copying /home/***/.ivy2/jars/org.apache.kafka_kafka-clients-2.6.0.jar to /tmp/spark-4d1a539b-651e-4887-9190-d1f9b3456f88/userFiles-b2aaddec-2034-4d8a-8ec3-9d660c33a13c/org.apache.kafka_kafka-clients-2.6.0.jar
[2023-02-08T20:23:56.847+0000] {spark_submit.py:495} INFO - 23/02/08 20:23:56 INFO SparkContext: Added file file:///home/***/.ivy2/jars/org.apache.commons_commons-pool2-2.6.2.jar at file:///home/***/.ivy2/jars/org.apache.commons_commons-pool2-2.6.2.jar with timestamp 1675887836164
[2023-02-08T20:23:56.848+0000] {spark_submit.py:495} INFO - 23/02/08 20:23:56 INFO Utils: Copying /home/***/.ivy2/jars/org.apache.commons_commons-pool2-2.6.2.jar to /tmp/spark-4d1a539b-651e-4887-9190-d1f9b3456f88/userFiles-b2aaddec-2034-4d8a-8ec3-9d660c33a13c/org.apache.commons_commons-pool2-2.6.2.jar
[2023-02-08T20:23:56.853+0000] {spark_submit.py:495} INFO - 23/02/08 20:23:56 INFO SparkContext: Added file file:///home/***/.ivy2/jars/org.spark-project.spark_unused-1.0.0.jar at file:///home/***/.ivy2/jars/org.spark-project.spark_unused-1.0.0.jar with timestamp 1675887836164
[2023-02-08T20:23:56.854+0000] {spark_submit.py:495} INFO - 23/02/08 20:23:56 INFO Utils: Copying /home/***/.ivy2/jars/org.spark-project.spark_unused-1.0.0.jar to /tmp/spark-4d1a539b-651e-4887-9190-d1f9b3456f88/userFiles-b2aaddec-2034-4d8a-8ec3-9d660c33a13c/org.spark-project.spark_unused-1.0.0.jar
[2023-02-08T20:23:56.865+0000] {spark_submit.py:495} INFO - 23/02/08 20:23:56 INFO SparkContext: Added file file:///home/***/.ivy2/jars/com.github.luben_zstd-jni-1.4.8-1.jar at file:///home/***/.ivy2/jars/com.github.luben_zstd-jni-1.4.8-1.jar with timestamp 1675887836164
[2023-02-08T20:23:56.865+0000] {spark_submit.py:495} INFO - 23/02/08 20:23:56 INFO Utils: Copying /home/***/.ivy2/jars/com.github.luben_zstd-jni-1.4.8-1.jar to /tmp/spark-4d1a539b-651e-4887-9190-d1f9b3456f88/userFiles-b2aaddec-2034-4d8a-8ec3-9d660c33a13c/com.github.luben_zstd-jni-1.4.8-1.jar
[2023-02-08T20:23:56.874+0000] {spark_submit.py:495} INFO - 23/02/08 20:23:56 INFO SparkContext: Added file file:///home/***/.ivy2/jars/org.lz4_lz4-java-1.7.1.jar at file:///home/***/.ivy2/jars/org.lz4_lz4-java-1.7.1.jar with timestamp 1675887836164
[2023-02-08T20:23:56.874+0000] {spark_submit.py:495} INFO - 23/02/08 20:23:56 INFO Utils: Copying /home/***/.ivy2/jars/org.lz4_lz4-java-1.7.1.jar to /tmp/spark-4d1a539b-651e-4887-9190-d1f9b3456f88/userFiles-b2aaddec-2034-4d8a-8ec3-9d660c33a13c/org.lz4_lz4-java-1.7.1.jar
[2023-02-08T20:23:56.878+0000] {spark_submit.py:495} INFO - 23/02/08 20:23:56 INFO SparkContext: Added file file:///home/***/.ivy2/jars/org.xerial.snappy_snappy-java-1.1.8.2.jar at file:///home/***/.ivy2/jars/org.xerial.snappy_snappy-java-1.1.8.2.jar with timestamp 1675887836164
[2023-02-08T20:23:56.878+0000] {spark_submit.py:495} INFO - 23/02/08 20:23:56 INFO Utils: Copying /home/***/.ivy2/jars/org.xerial.snappy_snappy-java-1.1.8.2.jar to /tmp/spark-4d1a539b-651e-4887-9190-d1f9b3456f88/userFiles-b2aaddec-2034-4d8a-8ec3-9d660c33a13c/org.xerial.snappy_snappy-java-1.1.8.2.jar
[2023-02-08T20:23:56.883+0000] {spark_submit.py:495} INFO - 23/02/08 20:23:56 INFO SparkContext: Added file file:///home/***/.ivy2/jars/org.slf4j_slf4j-api-1.7.30.jar at file:///home/***/.ivy2/jars/org.slf4j_slf4j-api-1.7.30.jar with timestamp 1675887836164
[2023-02-08T20:23:56.884+0000] {spark_submit.py:495} INFO - 23/02/08 20:23:56 INFO Utils: Copying /home/***/.ivy2/jars/org.slf4j_slf4j-api-1.7.30.jar to /tmp/spark-4d1a539b-651e-4887-9190-d1f9b3456f88/userFiles-b2aaddec-2034-4d8a-8ec3-9d660c33a13c/org.slf4j_slf4j-api-1.7.30.jar
[2023-02-08T20:23:56.886+0000] {spark_submit.py:495} INFO - 23/02/08 20:23:56 INFO SparkContext: Added file file:///home/***/.ivy2/jars/org.mongodb_mongodb-driver-sync-4.0.5.jar at file:///home/***/.ivy2/jars/org.mongodb_mongodb-driver-sync-4.0.5.jar with timestamp 1675887836164
[2023-02-08T20:23:56.887+0000] {spark_submit.py:495} INFO - 23/02/08 20:23:56 INFO Utils: Copying /home/***/.ivy2/jars/org.mongodb_mongodb-driver-sync-4.0.5.jar to /tmp/spark-4d1a539b-651e-4887-9190-d1f9b3456f88/userFiles-b2aaddec-2034-4d8a-8ec3-9d660c33a13c/org.mongodb_mongodb-driver-sync-4.0.5.jar
[2023-02-08T20:23:56.889+0000] {spark_submit.py:495} INFO - 23/02/08 20:23:56 INFO SparkContext: Added file file:///home/***/.ivy2/jars/org.mongodb_bson-4.0.5.jar at file:///home/***/.ivy2/jars/org.mongodb_bson-4.0.5.jar with timestamp 1675887836164
[2023-02-08T20:23:56.890+0000] {spark_submit.py:495} INFO - 23/02/08 20:23:56 INFO Utils: Copying /home/***/.ivy2/jars/org.mongodb_bson-4.0.5.jar to /tmp/spark-4d1a539b-651e-4887-9190-d1f9b3456f88/userFiles-b2aaddec-2034-4d8a-8ec3-9d660c33a13c/org.mongodb_bson-4.0.5.jar
[2023-02-08T20:23:56.893+0000] {spark_submit.py:495} INFO - 23/02/08 20:23:56 INFO SparkContext: Added file file:///home/***/.ivy2/jars/org.mongodb_mongodb-driver-core-4.0.5.jar at file:///home/***/.ivy2/jars/org.mongodb_mongodb-driver-core-4.0.5.jar with timestamp 1675887836164
[2023-02-08T20:23:56.893+0000] {spark_submit.py:495} INFO - 23/02/08 20:23:56 INFO Utils: Copying /home/***/.ivy2/jars/org.mongodb_mongodb-driver-core-4.0.5.jar to /tmp/spark-4d1a539b-651e-4887-9190-d1f9b3456f88/userFiles-b2aaddec-2034-4d8a-8ec3-9d660c33a13c/org.mongodb_mongodb-driver-core-4.0.5.jar
[2023-02-08T20:23:56.950+0000] {spark_submit.py:495} INFO - 23/02/08 20:23:56 INFO Executor: Starting executor ID driver on host b55acaa82944
[2023-02-08T20:23:56.955+0000] {spark_submit.py:495} INFO - 23/02/08 20:23:56 INFO Executor: Starting executor with user classpath (userClassPathFirst = false): ''
[2023-02-08T20:23:56.963+0000] {spark_submit.py:495} INFO - 23/02/08 20:23:56 INFO Executor: Fetching file:///home/***/.ivy2/jars/org.apache.spark_spark-token-provider-kafka-0-10_2.12-3.1.3.jar with timestamp 1675887836164
[2023-02-08T20:23:56.977+0000] {spark_submit.py:495} INFO - 23/02/08 20:23:56 INFO Utils: /home/***/.ivy2/jars/org.apache.spark_spark-token-provider-kafka-0-10_2.12-3.1.3.jar has been previously copied to /tmp/spark-4d1a539b-651e-4887-9190-d1f9b3456f88/userFiles-b2aaddec-2034-4d8a-8ec3-9d660c33a13c/org.apache.spark_spark-token-provider-kafka-0-10_2.12-3.1.3.jar
[2023-02-08T20:23:56.981+0000] {spark_submit.py:495} INFO - 23/02/08 20:23:56 INFO Executor: Fetching file:///home/***/.ivy2/jars/org.mongodb_mongodb-driver-sync-4.0.5.jar with timestamp 1675887836164
[2023-02-08T20:23:56.983+0000] {spark_submit.py:495} INFO - 23/02/08 20:23:56 INFO Utils: /home/***/.ivy2/jars/org.mongodb_mongodb-driver-sync-4.0.5.jar has been previously copied to /tmp/spark-4d1a539b-651e-4887-9190-d1f9b3456f88/userFiles-b2aaddec-2034-4d8a-8ec3-9d660c33a13c/org.mongodb_mongodb-driver-sync-4.0.5.jar
[2023-02-08T20:23:56.985+0000] {spark_submit.py:495} INFO - 23/02/08 20:23:56 INFO Executor: Fetching file:///home/***/.ivy2/jars/org.apache.kafka_kafka-clients-2.6.0.jar with timestamp 1675887836164
[2023-02-08T20:23:56.991+0000] {spark_submit.py:495} INFO - 23/02/08 20:23:56 INFO Utils: /home/***/.ivy2/jars/org.apache.kafka_kafka-clients-2.6.0.jar has been previously copied to /tmp/spark-4d1a539b-651e-4887-9190-d1f9b3456f88/userFiles-b2aaddec-2034-4d8a-8ec3-9d660c33a13c/org.apache.kafka_kafka-clients-2.6.0.jar
[2023-02-08T20:23:56.994+0000] {spark_submit.py:495} INFO - 23/02/08 20:23:56 INFO Executor: Fetching file:///home/***/.ivy2/jars/org.mongodb_bson-4.0.5.jar with timestamp 1675887836164
[2023-02-08T20:23:56.994+0000] {spark_submit.py:495} INFO - 23/02/08 20:23:56 INFO Utils: /home/***/.ivy2/jars/org.mongodb_bson-4.0.5.jar has been previously copied to /tmp/spark-4d1a539b-651e-4887-9190-d1f9b3456f88/userFiles-b2aaddec-2034-4d8a-8ec3-9d660c33a13c/org.mongodb_bson-4.0.5.jar
[2023-02-08T20:23:56.997+0000] {spark_submit.py:495} INFO - 23/02/08 20:23:56 INFO Executor: Fetching file:///home/***/.ivy2/jars/com.github.luben_zstd-jni-1.4.8-1.jar with timestamp 1675887836164
[2023-02-08T20:23:57.003+0000] {spark_submit.py:495} INFO - 23/02/08 20:23:57 INFO Utils: /home/***/.ivy2/jars/com.github.luben_zstd-jni-1.4.8-1.jar has been previously copied to /tmp/spark-4d1a539b-651e-4887-9190-d1f9b3456f88/userFiles-b2aaddec-2034-4d8a-8ec3-9d660c33a13c/com.github.luben_zstd-jni-1.4.8-1.jar
[2023-02-08T20:23:57.007+0000] {spark_submit.py:495} INFO - 23/02/08 20:23:57 INFO Executor: Fetching file:///home/***/.ivy2/jars/org.lz4_lz4-java-1.7.1.jar with timestamp 1675887836164
[2023-02-08T20:23:57.008+0000] {spark_submit.py:495} INFO - 23/02/08 20:23:57 INFO Utils: /home/***/.ivy2/jars/org.lz4_lz4-java-1.7.1.jar has been previously copied to /tmp/spark-4d1a539b-651e-4887-9190-d1f9b3456f88/userFiles-b2aaddec-2034-4d8a-8ec3-9d660c33a13c/org.lz4_lz4-java-1.7.1.jar
[2023-02-08T20:23:57.011+0000] {spark_submit.py:495} INFO - 23/02/08 20:23:57 INFO Executor: Fetching file:///home/***/.ivy2/jars/org.spark-project.spark_unused-1.0.0.jar with timestamp 1675887836164
[2023-02-08T20:23:57.011+0000] {spark_submit.py:495} INFO - 23/02/08 20:23:57 INFO Utils: /home/***/.ivy2/jars/org.spark-project.spark_unused-1.0.0.jar has been previously copied to /tmp/spark-4d1a539b-651e-4887-9190-d1f9b3456f88/userFiles-b2aaddec-2034-4d8a-8ec3-9d660c33a13c/org.spark-project.spark_unused-1.0.0.jar
[2023-02-08T20:23:57.014+0000] {spark_submit.py:495} INFO - 23/02/08 20:23:57 INFO Executor: Fetching file:///home/***/.ivy2/jars/org.xerial.snappy_snappy-java-1.1.8.2.jar with timestamp 1675887836164
[2023-02-08T20:23:57.016+0000] {spark_submit.py:495} INFO - 23/02/08 20:23:57 INFO Utils: /home/***/.ivy2/jars/org.xerial.snappy_snappy-java-1.1.8.2.jar has been previously copied to /tmp/spark-4d1a539b-651e-4887-9190-d1f9b3456f88/userFiles-b2aaddec-2034-4d8a-8ec3-9d660c33a13c/org.xerial.snappy_snappy-java-1.1.8.2.jar
[2023-02-08T20:23:57.019+0000] {spark_submit.py:495} INFO - 23/02/08 20:23:57 INFO Executor: Fetching file:///home/***/.ivy2/jars/org.mongodb_mongodb-driver-core-4.0.5.jar with timestamp 1675887836164
[2023-02-08T20:23:57.020+0000] {spark_submit.py:495} INFO - 23/02/08 20:23:57 INFO Utils: /home/***/.ivy2/jars/org.mongodb_mongodb-driver-core-4.0.5.jar has been previously copied to /tmp/spark-4d1a539b-651e-4887-9190-d1f9b3456f88/userFiles-b2aaddec-2034-4d8a-8ec3-9d660c33a13c/org.mongodb_mongodb-driver-core-4.0.5.jar
[2023-02-08T20:23:57.023+0000] {spark_submit.py:495} INFO - 23/02/08 20:23:57 INFO Executor: Fetching file:///home/***/.ivy2/jars/org.apache.spark_spark-sql-kafka-0-10_2.12-3.1.3.jar with timestamp 1675887836164
[2023-02-08T20:23:57.023+0000] {spark_submit.py:495} INFO - 23/02/08 20:23:57 INFO Utils: /home/***/.ivy2/jars/org.apache.spark_spark-sql-kafka-0-10_2.12-3.1.3.jar has been previously copied to /tmp/spark-4d1a539b-651e-4887-9190-d1f9b3456f88/userFiles-b2aaddec-2034-4d8a-8ec3-9d660c33a13c/org.apache.spark_spark-sql-kafka-0-10_2.12-3.1.3.jar
[2023-02-08T20:23:57.031+0000] {spark_submit.py:495} INFO - 23/02/08 20:23:57 INFO Executor: Fetching file:///home/***/.ivy2/jars/org.mongodb.spark_mongo-spark-connector_2.12-3.0.1.jar with timestamp 1675887836164
[2023-02-08T20:23:57.032+0000] {spark_submit.py:495} INFO - 23/02/08 20:23:57 INFO Utils: /home/***/.ivy2/jars/org.mongodb.spark_mongo-spark-connector_2.12-3.0.1.jar has been previously copied to /tmp/spark-4d1a539b-651e-4887-9190-d1f9b3456f88/userFiles-b2aaddec-2034-4d8a-8ec3-9d660c33a13c/org.mongodb.spark_mongo-spark-connector_2.12-3.0.1.jar
[2023-02-08T20:23:57.034+0000] {spark_submit.py:495} INFO - 23/02/08 20:23:57 INFO Executor: Fetching file:///home/***/.ivy2/jars/org.apache.commons_commons-pool2-2.6.2.jar with timestamp 1675887836164
[2023-02-08T20:23:57.035+0000] {spark_submit.py:495} INFO - 23/02/08 20:23:57 INFO Utils: /home/***/.ivy2/jars/org.apache.commons_commons-pool2-2.6.2.jar has been previously copied to /tmp/spark-4d1a539b-651e-4887-9190-d1f9b3456f88/userFiles-b2aaddec-2034-4d8a-8ec3-9d660c33a13c/org.apache.commons_commons-pool2-2.6.2.jar
[2023-02-08T20:23:57.037+0000] {spark_submit.py:495} INFO - 23/02/08 20:23:57 INFO Executor: Fetching file:///home/***/.ivy2/jars/org.slf4j_slf4j-api-1.7.30.jar with timestamp 1675887836164
[2023-02-08T20:23:57.038+0000] {spark_submit.py:495} INFO - 23/02/08 20:23:57 INFO Utils: /home/***/.ivy2/jars/org.slf4j_slf4j-api-1.7.30.jar has been previously copied to /tmp/spark-4d1a539b-651e-4887-9190-d1f9b3456f88/userFiles-b2aaddec-2034-4d8a-8ec3-9d660c33a13c/org.slf4j_slf4j-api-1.7.30.jar
[2023-02-08T20:23:57.042+0000] {spark_submit.py:495} INFO - 23/02/08 20:23:57 INFO Executor: Fetching spark://b55acaa82944:44383/jars/org.slf4j_slf4j-api-1.7.30.jar with timestamp 1675887836164
[2023-02-08T20:23:57.070+0000] {spark_submit.py:495} INFO - 23/02/08 20:23:57 INFO TransportClientFactory: Successfully created connection to b55acaa82944/172.20.0.6:44383 after 20 ms (0 ms spent in bootstraps)
[2023-02-08T20:23:57.074+0000] {spark_submit.py:495} INFO - 23/02/08 20:23:57 INFO Utils: Fetching spark://b55acaa82944:44383/jars/org.slf4j_slf4j-api-1.7.30.jar to /tmp/spark-4d1a539b-651e-4887-9190-d1f9b3456f88/userFiles-b2aaddec-2034-4d8a-8ec3-9d660c33a13c/fetchFileTemp13626551891158373895.tmp
[2023-02-08T20:23:57.101+0000] {spark_submit.py:495} INFO - 23/02/08 20:23:57 INFO Utils: /tmp/spark-4d1a539b-651e-4887-9190-d1f9b3456f88/userFiles-b2aaddec-2034-4d8a-8ec3-9d660c33a13c/fetchFileTemp13626551891158373895.tmp has been previously copied to /tmp/spark-4d1a539b-651e-4887-9190-d1f9b3456f88/userFiles-b2aaddec-2034-4d8a-8ec3-9d660c33a13c/org.slf4j_slf4j-api-1.7.30.jar
[2023-02-08T20:23:57.105+0000] {spark_submit.py:495} INFO - 23/02/08 20:23:57 INFO Executor: Adding file:/tmp/spark-4d1a539b-651e-4887-9190-d1f9b3456f88/userFiles-b2aaddec-2034-4d8a-8ec3-9d660c33a13c/org.slf4j_slf4j-api-1.7.30.jar to class loader
[2023-02-08T20:23:57.105+0000] {spark_submit.py:495} INFO - 23/02/08 20:23:57 INFO Executor: Fetching spark://b55acaa82944:44383/jars/org.mongodb_bson-4.0.5.jar with timestamp 1675887836164
[2023-02-08T20:23:57.107+0000] {spark_submit.py:495} INFO - 23/02/08 20:23:57 INFO Utils: Fetching spark://b55acaa82944:44383/jars/org.mongodb_bson-4.0.5.jar to /tmp/spark-4d1a539b-651e-4887-9190-d1f9b3456f88/userFiles-b2aaddec-2034-4d8a-8ec3-9d660c33a13c/fetchFileTemp5856606466296594434.tmp
[2023-02-08T20:23:57.109+0000] {spark_submit.py:495} INFO - 23/02/08 20:23:57 INFO Utils: /tmp/spark-4d1a539b-651e-4887-9190-d1f9b3456f88/userFiles-b2aaddec-2034-4d8a-8ec3-9d660c33a13c/fetchFileTemp5856606466296594434.tmp has been previously copied to /tmp/spark-4d1a539b-651e-4887-9190-d1f9b3456f88/userFiles-b2aaddec-2034-4d8a-8ec3-9d660c33a13c/org.mongodb_bson-4.0.5.jar
[2023-02-08T20:23:57.112+0000] {spark_submit.py:495} INFO - 23/02/08 20:23:57 INFO Executor: Adding file:/tmp/spark-4d1a539b-651e-4887-9190-d1f9b3456f88/userFiles-b2aaddec-2034-4d8a-8ec3-9d660c33a13c/org.mongodb_bson-4.0.5.jar to class loader
[2023-02-08T20:23:57.112+0000] {spark_submit.py:495} INFO - 23/02/08 20:23:57 INFO Executor: Fetching spark://b55acaa82944:44383/jars/org.apache.spark_spark-sql-kafka-0-10_2.12-3.1.3.jar with timestamp 1675887836164
[2023-02-08T20:23:57.113+0000] {spark_submit.py:495} INFO - 23/02/08 20:23:57 INFO Utils: Fetching spark://b55acaa82944:44383/jars/org.apache.spark_spark-sql-kafka-0-10_2.12-3.1.3.jar to /tmp/spark-4d1a539b-651e-4887-9190-d1f9b3456f88/userFiles-b2aaddec-2034-4d8a-8ec3-9d660c33a13c/fetchFileTemp13052486844112270904.tmp
[2023-02-08T20:23:57.116+0000] {spark_submit.py:495} INFO - 23/02/08 20:23:57 INFO Utils: /tmp/spark-4d1a539b-651e-4887-9190-d1f9b3456f88/userFiles-b2aaddec-2034-4d8a-8ec3-9d660c33a13c/fetchFileTemp13052486844112270904.tmp has been previously copied to /tmp/spark-4d1a539b-651e-4887-9190-d1f9b3456f88/userFiles-b2aaddec-2034-4d8a-8ec3-9d660c33a13c/org.apache.spark_spark-sql-kafka-0-10_2.12-3.1.3.jar
[2023-02-08T20:23:57.118+0000] {spark_submit.py:495} INFO - 23/02/08 20:23:57 INFO Executor: Adding file:/tmp/spark-4d1a539b-651e-4887-9190-d1f9b3456f88/userFiles-b2aaddec-2034-4d8a-8ec3-9d660c33a13c/org.apache.spark_spark-sql-kafka-0-10_2.12-3.1.3.jar to class loader
[2023-02-08T20:23:57.118+0000] {spark_submit.py:495} INFO - 23/02/08 20:23:57 INFO Executor: Fetching spark://b55acaa82944:44383/jars/org.xerial.snappy_snappy-java-1.1.8.2.jar with timestamp 1675887836164
[2023-02-08T20:23:57.119+0000] {spark_submit.py:495} INFO - 23/02/08 20:23:57 INFO Utils: Fetching spark://b55acaa82944:44383/jars/org.xerial.snappy_snappy-java-1.1.8.2.jar to /tmp/spark-4d1a539b-651e-4887-9190-d1f9b3456f88/userFiles-b2aaddec-2034-4d8a-8ec3-9d660c33a13c/fetchFileTemp2196560235232121856.tmp
[2023-02-08T20:23:57.127+0000] {spark_submit.py:495} INFO - 23/02/08 20:23:57 INFO Utils: /tmp/spark-4d1a539b-651e-4887-9190-d1f9b3456f88/userFiles-b2aaddec-2034-4d8a-8ec3-9d660c33a13c/fetchFileTemp2196560235232121856.tmp has been previously copied to /tmp/spark-4d1a539b-651e-4887-9190-d1f9b3456f88/userFiles-b2aaddec-2034-4d8a-8ec3-9d660c33a13c/org.xerial.snappy_snappy-java-1.1.8.2.jar
[2023-02-08T20:23:57.132+0000] {spark_submit.py:495} INFO - 23/02/08 20:23:57 INFO Executor: Adding file:/tmp/spark-4d1a539b-651e-4887-9190-d1f9b3456f88/userFiles-b2aaddec-2034-4d8a-8ec3-9d660c33a13c/org.xerial.snappy_snappy-java-1.1.8.2.jar to class loader
[2023-02-08T20:23:57.133+0000] {spark_submit.py:495} INFO - 23/02/08 20:23:57 INFO Executor: Fetching spark://b55acaa82944:44383/jars/org.mongodb_mongodb-driver-core-4.0.5.jar with timestamp 1675887836164
[2023-02-08T20:23:57.133+0000] {spark_submit.py:495} INFO - 23/02/08 20:23:57 INFO Utils: Fetching spark://b55acaa82944:44383/jars/org.mongodb_mongodb-driver-core-4.0.5.jar to /tmp/spark-4d1a539b-651e-4887-9190-d1f9b3456f88/userFiles-b2aaddec-2034-4d8a-8ec3-9d660c33a13c/fetchFileTemp16559569927955605847.tmp
[2023-02-08T20:23:57.144+0000] {spark_submit.py:495} INFO - 23/02/08 20:23:57 INFO Utils: /tmp/spark-4d1a539b-651e-4887-9190-d1f9b3456f88/userFiles-b2aaddec-2034-4d8a-8ec3-9d660c33a13c/fetchFileTemp16559569927955605847.tmp has been previously copied to /tmp/spark-4d1a539b-651e-4887-9190-d1f9b3456f88/userFiles-b2aaddec-2034-4d8a-8ec3-9d660c33a13c/org.mongodb_mongodb-driver-core-4.0.5.jar
[2023-02-08T20:23:57.149+0000] {spark_submit.py:495} INFO - 23/02/08 20:23:57 INFO Executor: Adding file:/tmp/spark-4d1a539b-651e-4887-9190-d1f9b3456f88/userFiles-b2aaddec-2034-4d8a-8ec3-9d660c33a13c/org.mongodb_mongodb-driver-core-4.0.5.jar to class loader
[2023-02-08T20:23:57.149+0000] {spark_submit.py:495} INFO - 23/02/08 20:23:57 INFO Executor: Fetching spark://b55acaa82944:44383/jars/org.lz4_lz4-java-1.7.1.jar with timestamp 1675887836164
[2023-02-08T20:23:57.149+0000] {spark_submit.py:495} INFO - 23/02/08 20:23:57 INFO Utils: Fetching spark://b55acaa82944:44383/jars/org.lz4_lz4-java-1.7.1.jar to /tmp/spark-4d1a539b-651e-4887-9190-d1f9b3456f88/userFiles-b2aaddec-2034-4d8a-8ec3-9d660c33a13c/fetchFileTemp2284266714658891196.tmp
[2023-02-08T20:23:57.153+0000] {spark_submit.py:495} INFO - 23/02/08 20:23:57 INFO Utils: /tmp/spark-4d1a539b-651e-4887-9190-d1f9b3456f88/userFiles-b2aaddec-2034-4d8a-8ec3-9d660c33a13c/fetchFileTemp2284266714658891196.tmp has been previously copied to /tmp/spark-4d1a539b-651e-4887-9190-d1f9b3456f88/userFiles-b2aaddec-2034-4d8a-8ec3-9d660c33a13c/org.lz4_lz4-java-1.7.1.jar
[2023-02-08T20:23:57.156+0000] {spark_submit.py:495} INFO - 23/02/08 20:23:57 INFO Executor: Adding file:/tmp/spark-4d1a539b-651e-4887-9190-d1f9b3456f88/userFiles-b2aaddec-2034-4d8a-8ec3-9d660c33a13c/org.lz4_lz4-java-1.7.1.jar to class loader
[2023-02-08T20:23:57.156+0000] {spark_submit.py:495} INFO - 23/02/08 20:23:57 INFO Executor: Fetching spark://b55acaa82944:44383/jars/com.github.luben_zstd-jni-1.4.8-1.jar with timestamp 1675887836164
[2023-02-08T20:23:57.156+0000] {spark_submit.py:495} INFO - 23/02/08 20:23:57 INFO Utils: Fetching spark://b55acaa82944:44383/jars/com.github.luben_zstd-jni-1.4.8-1.jar to /tmp/spark-4d1a539b-651e-4887-9190-d1f9b3456f88/userFiles-b2aaddec-2034-4d8a-8ec3-9d660c33a13c/fetchFileTemp7395251366491136626.tmp
[2023-02-08T20:23:57.172+0000] {spark_submit.py:495} INFO - 23/02/08 20:23:57 INFO Utils: /tmp/spark-4d1a539b-651e-4887-9190-d1f9b3456f88/userFiles-b2aaddec-2034-4d8a-8ec3-9d660c33a13c/fetchFileTemp7395251366491136626.tmp has been previously copied to /tmp/spark-4d1a539b-651e-4887-9190-d1f9b3456f88/userFiles-b2aaddec-2034-4d8a-8ec3-9d660c33a13c/com.github.luben_zstd-jni-1.4.8-1.jar
[2023-02-08T20:23:57.183+0000] {spark_submit.py:495} INFO - 23/02/08 20:23:57 INFO Executor: Adding file:/tmp/spark-4d1a539b-651e-4887-9190-d1f9b3456f88/userFiles-b2aaddec-2034-4d8a-8ec3-9d660c33a13c/com.github.luben_zstd-jni-1.4.8-1.jar to class loader
[2023-02-08T20:23:57.183+0000] {spark_submit.py:495} INFO - 23/02/08 20:23:57 INFO Executor: Fetching spark://b55acaa82944:44383/jars/org.apache.kafka_kafka-clients-2.6.0.jar with timestamp 1675887836164
[2023-02-08T20:23:57.183+0000] {spark_submit.py:495} INFO - 23/02/08 20:23:57 INFO Utils: Fetching spark://b55acaa82944:44383/jars/org.apache.kafka_kafka-clients-2.6.0.jar to /tmp/spark-4d1a539b-651e-4887-9190-d1f9b3456f88/userFiles-b2aaddec-2034-4d8a-8ec3-9d660c33a13c/fetchFileTemp4309984940811437548.tmp
[2023-02-08T20:23:57.193+0000] {spark_submit.py:495} INFO - 23/02/08 20:23:57 INFO Utils: /tmp/spark-4d1a539b-651e-4887-9190-d1f9b3456f88/userFiles-b2aaddec-2034-4d8a-8ec3-9d660c33a13c/fetchFileTemp4309984940811437548.tmp has been previously copied to /tmp/spark-4d1a539b-651e-4887-9190-d1f9b3456f88/userFiles-b2aaddec-2034-4d8a-8ec3-9d660c33a13c/org.apache.kafka_kafka-clients-2.6.0.jar
[2023-02-08T20:23:57.205+0000] {spark_submit.py:495} INFO - 23/02/08 20:23:57 INFO Executor: Adding file:/tmp/spark-4d1a539b-651e-4887-9190-d1f9b3456f88/userFiles-b2aaddec-2034-4d8a-8ec3-9d660c33a13c/org.apache.kafka_kafka-clients-2.6.0.jar to class loader
[2023-02-08T20:23:57.205+0000] {spark_submit.py:495} INFO - 23/02/08 20:23:57 INFO Executor: Fetching spark://b55acaa82944:44383/jars/org.apache.spark_spark-token-provider-kafka-0-10_2.12-3.1.3.jar with timestamp 1675887836164
[2023-02-08T20:23:57.205+0000] {spark_submit.py:495} INFO - 23/02/08 20:23:57 INFO Utils: Fetching spark://b55acaa82944:44383/jars/org.apache.spark_spark-token-provider-kafka-0-10_2.12-3.1.3.jar to /tmp/spark-4d1a539b-651e-4887-9190-d1f9b3456f88/userFiles-b2aaddec-2034-4d8a-8ec3-9d660c33a13c/fetchFileTemp2569898830642203541.tmp
[2023-02-08T20:23:57.207+0000] {spark_submit.py:495} INFO - 23/02/08 20:23:57 INFO Utils: /tmp/spark-4d1a539b-651e-4887-9190-d1f9b3456f88/userFiles-b2aaddec-2034-4d8a-8ec3-9d660c33a13c/fetchFileTemp2569898830642203541.tmp has been previously copied to /tmp/spark-4d1a539b-651e-4887-9190-d1f9b3456f88/userFiles-b2aaddec-2034-4d8a-8ec3-9d660c33a13c/org.apache.spark_spark-token-provider-kafka-0-10_2.12-3.1.3.jar
[2023-02-08T20:23:57.209+0000] {spark_submit.py:495} INFO - 23/02/08 20:23:57 INFO Executor: Adding file:/tmp/spark-4d1a539b-651e-4887-9190-d1f9b3456f88/userFiles-b2aaddec-2034-4d8a-8ec3-9d660c33a13c/org.apache.spark_spark-token-provider-kafka-0-10_2.12-3.1.3.jar to class loader
[2023-02-08T20:23:57.210+0000] {spark_submit.py:495} INFO - 23/02/08 20:23:57 INFO Executor: Fetching spark://b55acaa82944:44383/jars/org.spark-project.spark_unused-1.0.0.jar with timestamp 1675887836164
[2023-02-08T20:23:57.210+0000] {spark_submit.py:495} INFO - 23/02/08 20:23:57 INFO Utils: Fetching spark://b55acaa82944:44383/jars/org.spark-project.spark_unused-1.0.0.jar to /tmp/spark-4d1a539b-651e-4887-9190-d1f9b3456f88/userFiles-b2aaddec-2034-4d8a-8ec3-9d660c33a13c/fetchFileTemp12546122329404479608.tmp
[2023-02-08T20:23:57.211+0000] {spark_submit.py:495} INFO - 23/02/08 20:23:57 INFO Utils: /tmp/spark-4d1a539b-651e-4887-9190-d1f9b3456f88/userFiles-b2aaddec-2034-4d8a-8ec3-9d660c33a13c/fetchFileTemp12546122329404479608.tmp has been previously copied to /tmp/spark-4d1a539b-651e-4887-9190-d1f9b3456f88/userFiles-b2aaddec-2034-4d8a-8ec3-9d660c33a13c/org.spark-project.spark_unused-1.0.0.jar
[2023-02-08T20:23:57.213+0000] {spark_submit.py:495} INFO - 23/02/08 20:23:57 INFO Executor: Adding file:/tmp/spark-4d1a539b-651e-4887-9190-d1f9b3456f88/userFiles-b2aaddec-2034-4d8a-8ec3-9d660c33a13c/org.spark-project.spark_unused-1.0.0.jar to class loader
[2023-02-08T20:23:57.213+0000] {spark_submit.py:495} INFO - 23/02/08 20:23:57 INFO Executor: Fetching spark://b55acaa82944:44383/jars/org.apache.commons_commons-pool2-2.6.2.jar with timestamp 1675887836164
[2023-02-08T20:23:57.214+0000] {spark_submit.py:495} INFO - 23/02/08 20:23:57 INFO Utils: Fetching spark://b55acaa82944:44383/jars/org.apache.commons_commons-pool2-2.6.2.jar to /tmp/spark-4d1a539b-651e-4887-9190-d1f9b3456f88/userFiles-b2aaddec-2034-4d8a-8ec3-9d660c33a13c/fetchFileTemp12227377439491347734.tmp
[2023-02-08T20:23:57.215+0000] {spark_submit.py:495} INFO - 23/02/08 20:23:57 INFO Utils: /tmp/spark-4d1a539b-651e-4887-9190-d1f9b3456f88/userFiles-b2aaddec-2034-4d8a-8ec3-9d660c33a13c/fetchFileTemp12227377439491347734.tmp has been previously copied to /tmp/spark-4d1a539b-651e-4887-9190-d1f9b3456f88/userFiles-b2aaddec-2034-4d8a-8ec3-9d660c33a13c/org.apache.commons_commons-pool2-2.6.2.jar
[2023-02-08T20:23:57.218+0000] {spark_submit.py:495} INFO - 23/02/08 20:23:57 INFO Executor: Adding file:/tmp/spark-4d1a539b-651e-4887-9190-d1f9b3456f88/userFiles-b2aaddec-2034-4d8a-8ec3-9d660c33a13c/org.apache.commons_commons-pool2-2.6.2.jar to class loader
[2023-02-08T20:23:57.218+0000] {spark_submit.py:495} INFO - 23/02/08 20:23:57 INFO Executor: Fetching spark://b55acaa82944:44383/jars/org.mongodb.spark_mongo-spark-connector_2.12-3.0.1.jar with timestamp 1675887836164
[2023-02-08T20:23:57.218+0000] {spark_submit.py:495} INFO - 23/02/08 20:23:57 INFO Utils: Fetching spark://b55acaa82944:44383/jars/org.mongodb.spark_mongo-spark-connector_2.12-3.0.1.jar to /tmp/spark-4d1a539b-651e-4887-9190-d1f9b3456f88/userFiles-b2aaddec-2034-4d8a-8ec3-9d660c33a13c/fetchFileTemp15169405946374759352.tmp
[2023-02-08T20:23:57.220+0000] {spark_submit.py:495} INFO - 23/02/08 20:23:57 INFO Utils: /tmp/spark-4d1a539b-651e-4887-9190-d1f9b3456f88/userFiles-b2aaddec-2034-4d8a-8ec3-9d660c33a13c/fetchFileTemp15169405946374759352.tmp has been previously copied to /tmp/spark-4d1a539b-651e-4887-9190-d1f9b3456f88/userFiles-b2aaddec-2034-4d8a-8ec3-9d660c33a13c/org.mongodb.spark_mongo-spark-connector_2.12-3.0.1.jar
[2023-02-08T20:23:57.223+0000] {spark_submit.py:495} INFO - 23/02/08 20:23:57 INFO Executor: Adding file:/tmp/spark-4d1a539b-651e-4887-9190-d1f9b3456f88/userFiles-b2aaddec-2034-4d8a-8ec3-9d660c33a13c/org.mongodb.spark_mongo-spark-connector_2.12-3.0.1.jar to class loader
[2023-02-08T20:23:57.224+0000] {spark_submit.py:495} INFO - 23/02/08 20:23:57 INFO Executor: Fetching spark://b55acaa82944:44383/jars/org.mongodb_mongodb-driver-sync-4.0.5.jar with timestamp 1675887836164
[2023-02-08T20:23:57.224+0000] {spark_submit.py:495} INFO - 23/02/08 20:23:57 INFO Utils: Fetching spark://b55acaa82944:44383/jars/org.mongodb_mongodb-driver-sync-4.0.5.jar to /tmp/spark-4d1a539b-651e-4887-9190-d1f9b3456f88/userFiles-b2aaddec-2034-4d8a-8ec3-9d660c33a13c/fetchFileTemp9949905142206287221.tmp
[2023-02-08T20:23:57.226+0000] {spark_submit.py:495} INFO - 23/02/08 20:23:57 INFO Utils: /tmp/spark-4d1a539b-651e-4887-9190-d1f9b3456f88/userFiles-b2aaddec-2034-4d8a-8ec3-9d660c33a13c/fetchFileTemp9949905142206287221.tmp has been previously copied to /tmp/spark-4d1a539b-651e-4887-9190-d1f9b3456f88/userFiles-b2aaddec-2034-4d8a-8ec3-9d660c33a13c/org.mongodb_mongodb-driver-sync-4.0.5.jar
[2023-02-08T20:23:57.229+0000] {spark_submit.py:495} INFO - 23/02/08 20:23:57 INFO Executor: Adding file:/tmp/spark-4d1a539b-651e-4887-9190-d1f9b3456f88/userFiles-b2aaddec-2034-4d8a-8ec3-9d660c33a13c/org.mongodb_mongodb-driver-sync-4.0.5.jar to class loader
[2023-02-08T20:23:57.234+0000] {spark_submit.py:495} INFO - 23/02/08 20:23:57 INFO Utils: Successfully started service 'org.apache.spark.network.netty.NettyBlockTransferService' on port 41895.
[2023-02-08T20:23:57.234+0000] {spark_submit.py:495} INFO - 23/02/08 20:23:57 INFO NettyBlockTransferService: Server created on b55acaa82944:41895
[2023-02-08T20:23:57.235+0000] {spark_submit.py:495} INFO - 23/02/08 20:23:57 INFO BlockManager: Using org.apache.spark.storage.RandomBlockReplicationPolicy for block replication policy
[2023-02-08T20:23:57.240+0000] {spark_submit.py:495} INFO - 23/02/08 20:23:57 INFO BlockManagerMaster: Registering BlockManager BlockManagerId(driver, b55acaa82944, 41895, None)
[2023-02-08T20:23:57.242+0000] {spark_submit.py:495} INFO - 23/02/08 20:23:57 INFO BlockManagerMasterEndpoint: Registering block manager b55acaa82944:41895 with 434.4 MiB RAM, BlockManagerId(driver, b55acaa82944, 41895, None)
[2023-02-08T20:23:57.243+0000] {spark_submit.py:495} INFO - 23/02/08 20:23:57 INFO BlockManagerMaster: Registered BlockManager BlockManagerId(driver, b55acaa82944, 41895, None)
[2023-02-08T20:23:57.244+0000] {spark_submit.py:495} INFO - 23/02/08 20:23:57 INFO BlockManager: Initialized BlockManager: BlockManagerId(driver, b55acaa82944, 41895, None)
[2023-02-08T20:24:00.219+0000] {spark_submit.py:495} INFO - 2023-02-08 20:24:00,219 - py4j.java_gateway - INFO - Callback Server Starting
[2023-02-08T20:24:00.219+0000] {spark_submit.py:495} INFO - 2023-02-08 20:24:00,219 - py4j.java_gateway - INFO - Socket listening on ('127.0.0.1', 40709)
[2023-02-08T20:24:04.344+0000] {spark_submit.py:495} INFO - 2023-02-08 20:24:04,344 - py4j.clientserver - INFO - Python Server ready to receive messages
[2023-02-08T20:24:04.344+0000] {spark_submit.py:495} INFO - 2023-02-08 20:24:04,344 - py4j.clientserver - INFO - Received command c on object id p0
[2023-02-08T20:24:04.821+0000] {spark_submit.py:495} INFO - -------------------------------------------
[2023-02-08T20:24:04.822+0000] {spark_submit.py:495} INFO - Batch: 0
[2023-02-08T20:24:04.822+0000] {spark_submit.py:495} INFO - -------------------------------------------
[2023-02-08T20:24:04.909+0000] {spark_submit.py:495} INFO - +---+-------------+-----+-------------+----------+----------------+------------+-----------------+--------------+-------------+
[2023-02-08T20:24:04.910+0000] {spark_submit.py:495} INFO - |id |nameOfProduct|price|ProductStatus|SellerName|RegistrationDate|QuantitySold|QuantityAvailable|Free shipping?|Store ratings|
[2023-02-08T20:24:04.910+0000] {spark_submit.py:495} INFO - +---+-------------+-----+-------------+----------+----------------+------------+-----------------+--------------+-------------+
[2023-02-08T20:24:04.910+0000] {spark_submit.py:495} INFO - +---+-------------+-----+-------------+----------+----------------+------------+-----------------+--------------+-------------+
[2023-02-08T20:24:04.910+0000] {spark_submit.py:495} INFO - 
[2023-02-08T20:24:54.310+0000] {spark_submit.py:495} INFO - 2023-02-08 20:24:54,310 - py4j.clientserver - INFO - Received command c on object id p0
[2023-02-08T20:24:56.116+0000] {spark_submit.py:495} INFO - -------------------------------------------
[2023-02-08T20:24:56.116+0000] {spark_submit.py:495} INFO - Batch: 1
[2023-02-08T20:24:56.116+0000] {spark_submit.py:495} INFO - -------------------------------------------
[2023-02-08T20:24:56.376+0000] {spark_submit.py:495} INFO - +-------------+------------------------------------------------------------------------------------------------------------------------------+--------+-------------+--------------------------+-------------------+------------+-----------------+------------------------------+-------------+
[2023-02-08T20:24:56.377+0000] {spark_submit.py:495} INFO - |id           |nameOfProduct                                                                                                                 |price   |ProductStatus|SellerName                |RegistrationDate   |QuantitySold|QuantityAvailable|Free shipping?                |Store ratings|
[2023-02-08T20:24:56.378+0000] {spark_submit.py:495} INFO - +-------------+------------------------------------------------------------------------------------------------------------------------------+--------+-------------+--------------------------+-------------------+------------+-----------------+------------------------------+-------------+
[2023-02-08T20:24:56.378+0000] {spark_submit.py:495} INFO - |MLA1160178907|Memoria Ram Fury Beast Gamer Color Negro  16gb 1 Kingston Kf432c16bb/16                                                       |25999.0 |new          |OVERHARD DIGITAL          |2015-01-08 12:19:41|500         |50               |Your shipment arrives today   |4.5          |
[2023-02-08T20:24:56.378+0000] {spark_submit.py:495} INFO - |MLA1142490711|Placa De Video Amd Asrock  Phantom Gaming Radeon Rx 500 Series Rx 550 Phantom G R Rx550 2g 2gb                                |37755.88|new          |PCREGISTRADAOK            |2020-11-02 13:17:33|500         |100              |Your shipment arrives today   |4.5          |
[2023-02-08T20:24:56.378+0000] {spark_submit.py:495} INFO - |MLA1149475919|Procesador Intel Core I5-10400 Bx8070110400 De 6 Ncleos Y  4.3ghz De Frecuencia Con Grfica Integrada                        |50699.0 |new          |DIAMONDSYSTEMSANJUSTOML   |2016-04-08 17:21:06|25          |1                |Your shipment arrives today   |4.5          |
[2023-02-08T20:24:56.378+0000] {spark_submit.py:495} INFO - |MLA1174427882|Disco Slido Interno Kingston Sa400s37/240g 240gb Negro                                                                       |8410.0  |new          |RYKLATINO.COM.AR          |2002-09-28 04:00:00|250         |1                |You have to pay the shipping  |4.5          |
[2023-02-08T20:24:56.378+0000] {spark_submit.py:495} INFO - |MLA1157512489|Placa De Video Nvidia Evga  Sc Gaming Geforce Gtx 16 Series Gtx 1660 Super 06g-p4-1068-kr 6gb                                 |135999.0|new          |PCREGISTRADAOK            |2020-11-02 13:17:33|50          |1                |Your shipment arrives today   |4.5          |
[2023-02-08T20:24:56.378+0000] {spark_submit.py:495} INFO - |MLA882277177 |Capturadora Video Hdmi Digital Full Hd Usb Streaming                                                                          |2799.0  |new          |BSK-IMPORTS               |2019-12-30 23:07:04|500         |150              |You have to pay the shipping  |3.0          |
[2023-02-08T20:24:56.378+0000] {spark_submit.py:495} INFO - |MLA923899845 |Procesador Intel Celeron G5905 Bx80701g5905 De 2 Ncleos Y  3.5ghz De Frecuencia Con Grfica Integrada                        |12499.0 |new          |JFCELECTRONICA            |2007-05-27 21:30:28|100         |1                |You have to pay the shipping  |4.5          |
[2023-02-08T20:24:56.381+0000] {spark_submit.py:495} INFO - |MLA1214274052|Memoria Ram Fury Beast Ddr4 Gamer Color Negro  8gb 1 Kingston Kf432c16bb/8                                                    |14999.0 |new          |OVERHARD DIGITAL          |2015-01-08 12:19:41|500         |1                |You have to pay the shipping  |4.5          |
[2023-02-08T20:24:56.381+0000] {spark_submit.py:495} INFO - |MLA923637669 |Placa De Video Geforce Gt 740 2gb Gddr5 Hdmi Vga Fortnite                                                                     |31499.0 |new          |INDIGOTRADE               |2018-01-05 19:21:16|500         |1                |Your shipment arrives today   |4.5          |
[2023-02-08T20:24:56.381+0000] {spark_submit.py:495} INFO - |MLA923902194 |Disco Slido Interno Kingston Sa400s37/480g 480gb Negro                                                                       |13499.0 |new          |MALL WEB                  |2016-05-26 20:28:35|5000        |1                |You have to pay the shipping  |5.0          |
[2023-02-08T20:24:56.381+0000] {spark_submit.py:495} INFO - |MLA835271597 |Disco Duro Externo Western Digital Wd Elements Portable Wdbuzg0010bbk 1tb Negro                                               |23098.0 |new          |MALL WEB                  |2016-05-26 20:28:35|5000        |1                |Your shipment arrives tomorrow|5.0          |
[2023-02-08T20:24:56.382+0000] {spark_submit.py:495} INFO - |MLA1131083596|Placa Sonido Usb Audio Externa 7.1 Pc Tarjeta Sonido Con Mic                                                                  |799.0   |new          |SMART-CLICK               |2016-01-28 15:41:30|250         |1                |You have to pay the shipping  |3.0          |
[2023-02-08T20:24:56.382+0000] {spark_submit.py:495} INFO - |MLA1160488843|Placa De Video Amd Powercolor  Fighter Radeon 6600 Series Rx 6600 Axrx 6600 8gbd6-3dh 8gb                                     |123990.0|new          |INTEGRADOS ARGENTINOS     |2008-12-10 12:27:26|150         |1                |Your shipment arrives today   |4.5          |
[2023-02-08T20:24:56.382+0000] {spark_submit.py:495} INFO - |MLA1148481665|Microprocesador Pc Amd Ryzen 5 4600g 8mb 3.7ghz Socket Am4 100-100000147box 6 Nucleos 12 Hilos                                |62810.0 |new          |MALL WEB                  |2016-05-26 20:28:35|200         |1                |Your shipment arrives today   |4.5          |
[2023-02-08T20:24:56.382+0000] {spark_submit.py:495} INFO - |MLA1157627908|Disco Duro Externo Seagate Expansion Stkm1000400 1tb Negro                                                                    |18995.0 |new          |TECNOSTOCK.COM.AR         |2019-12-12 15:09:43|200         |1                |Your shipment arrives tomorrow|4.5          |
[2023-02-08T20:24:56.387+0000] {spark_submit.py:495} INFO - |MLA1255391893|Memoria Ram Fury Beast Ddr4 Rgb Color Negro  8gb 1 Kingston Kf432c16bba/8                                                     |17729.34|new          |SIMIOSSRL                 |2015-10-23 14:21:08|5           |1                |Your shipment arrives tomorrow|4.5          |
[2023-02-08T20:24:56.387+0000] {spark_submit.py:495} INFO - |MLA1183727520|Placa De Video Nvidia Gigabyte  Geforce 10 Series Gt 1030 Gv-n1030d4-2gl 2gb                                                  |55679.0 |new          |MEXX COMPUTACION          |2005-07-22 22:09:55|0           |50               |Your shipment arrives today   |4.5          |
[2023-02-08T20:24:56.387+0000] {spark_submit.py:495} INFO - |MLA1302136118|Disco Duro Interno Seagate Barracuda St2000dm008 2tb Plata                                                                    |19184.0 |new          |DIAMONDSYSTEMSANJUSTOML   |2016-04-08 17:21:06|150         |1                |Your shipment arrives tomorrow|4.5          |
[2023-02-08T20:24:56.387+0000] {spark_submit.py:495} INFO - |MLA1313972631|Disco Duro Externo Seagate Expansion Stkm2000400 2tb Negro                                                                    |25899.0 |new          |TECNOSTOCK.COM.AR         |2019-12-12 15:09:43|100         |1                |Your shipment arrives today   |4.5          |
[2023-02-08T20:24:56.387+0000] {spark_submit.py:495} INFO - |MLA1314590445|Disco Slido Interno Pny Ssd7cs900-240-rb 240gb Negro                                                                         |7799.0  |new          |ELECTRO-SHOWS             |2010-03-26 01:08:16|500         |250              |You have to pay the shipping  |4.5          |
[2023-02-08T20:24:56.387+0000] {spark_submit.py:495} INFO - |MLA1129202099|Procesador Amd Athlon 3000g Yd3000c6fhbox De 2 Ncleos Y  3.5ghz De Frecuencia Con Grfica Integrada                          |39990.0 |new          |VOIP EXPERTS              |2003-05-27 04:00:00|250         |1                |Your shipment arrives today   |4.5          |
[2023-02-08T20:24:56.387+0000] {spark_submit.py:495} INFO - |MLA1287495433|Placa De Video Amd Powercolor  Red Devil Radeon Rx 6700 Series Rx 6700 Xt Axrx 6700xt 12gbd6-3dhe/oc 12gb                     |186549.1|new          |PCREGISTRADAOK            |2020-11-02 13:17:33|5           |1                |Your shipment arrives today   |4.5          |
[2023-02-08T20:24:56.387+0000] {spark_submit.py:495} INFO - |MLA1133816334|Disco Duro Interno Western Digital  Wd20ezaz 2tb Azul                                                                         |17591.0 |new          |INTEGRADOS ARGENTINOS     |2008-12-10 12:27:26|500         |1                |Your shipment arrives tomorrow|4.5          |
[2023-02-08T20:24:56.387+0000] {spark_submit.py:495} INFO - |MLA917698539 |Capturadora Video Usb Easycap Vhs A Dvd Digital Rca Easy Cap                                                                  |2999.0  |new          |BSK-IMPORTS               |2019-12-30 23:07:04|500         |1                |You have to pay the shipping  |3.0          |
[2023-02-08T20:24:56.388+0000] {spark_submit.py:495} INFO - |MLA1160198557|Memoria Ram Fury Beast Ddr4 Rgb Gamer Color Negro  16gb 1 Kingston Kf432c16bba/16                                             |27999.0 |new          |OVERHARD DIGITAL          |2015-01-08 12:19:41|500         |1                |Your shipment arrives today   |4.5          |
[2023-02-08T20:24:56.388+0000] {spark_submit.py:495} INFO - |MLA1183925519|Placa De Video Nvidia Zotac  Gaming Geforce Rtx 30 Series Rtx 3080 Ti Zt-a30810d-10p 12gb                                     |299999.0|new          |ESTUDIOSMPSRLESTUDIOSMPSRL|2020-11-29 18:36:32|50          |1                |Your shipment arrives today   |4.5          |
[2023-02-08T20:24:56.388+0000] {spark_submit.py:495} INFO - |MLA1157644025|Disco Duro Externo Seagate Expansion Stkm4000400 4tb Negro                                                                    |38890.0 |new          |ELECTRONIC-MARKET         |2011-09-15 18:30:10|50          |50               |Your shipment arrives today   |4.5          |
[2023-02-08T20:24:56.388+0000] {spark_submit.py:495} INFO - |MLA1232601504|Micro Procesador Ryzen 5 4500 6 Nucleos 4.1ghz Amd Ddr4 Pc                                                                    |51415.0 |new          |INSUMOS_ACUARIO           |2011-08-31 00:54:47|2           |1                |Your shipment arrives today   |4.5          |
[2023-02-08T20:24:56.388+0000] {spark_submit.py:495} INFO - |MLA1308751704|Disco Slido Interno Crucial Ct240bx500ssd1 240gb Negro                                                                       |8839.0  |new          |CP-GROUP                  |2006-03-17 14:05:53|5           |1                |You have to pay the shipping  |4.5          |
[2023-02-08T20:24:56.388+0000] {spark_submit.py:495} INFO - |MLA1118630494|Placa De Video Nvidia Colorful  Colorful Series Geforce 10 Series Gtx 1050 Ti Gtx1050ti Ne 4g-v 4gb                           |92999.0 |new          |JFCELECTRONICA            |2007-05-27 21:30:28|250         |1                |Your shipment arrives today   |4.5          |
[2023-02-08T20:24:56.388+0000] {spark_submit.py:495} INFO - |MLA1337712360|Disco Slido Interno Western Digital Wd Green Wds100t3g0a 1tb Verde                                                           |28289.0 |new          |TENDEX                    |2003-11-05 15:11:23|5           |50               |Your shipment arrives today   |4.5          |
[2023-02-08T20:24:56.388+0000] {spark_submit.py:495} INFO - |MLA915345569 |Pasta Trmica Arctic Mx-4 4g Rendimiento + Pao Limpiador                                                                     |3576.45 |new          |OPTIMOD COOLING           |2020-11-02 19:43:42|5000        |50               |You have to pay the shipping  |3.0          |
[2023-02-08T20:24:56.388+0000] {spark_submit.py:495} INFO - |MLA1133339422|Adaptador Encore Pci 5 Puertos Usb 2.0                                                                                        |2200.0  |new          |TECNO OUTLET              |2020-11-13 13:10:38|50          |1                |You have to pay the shipping  |3.5          |
[2023-02-08T20:24:56.388+0000] {spark_submit.py:495} INFO - |MLA1141049196|Placa De Video Amd Afox  Radeon Rx 500 Series Rx 580 Afrx580-8192d5h2-v2 8gb                                                  |89500.0 |new          |PUNTO-SMART               |2017-11-16 15:03:58|5           |1                |Your shipment arrives today   |4.5          |
[2023-02-08T20:24:56.388+0000] {spark_submit.py:495} INFO - |MLA1165029870|Microprocesador Pc Amd Ryzen 5 5500 100-100000457box 16mb 3.6ghz Zen 3 Socket Am4 De 6 Nucleos  5ta Generacin Socket Am4 Ddr4|55969.0 |new          |PCREGISTRADAOK            |2020-11-02 13:17:33|5           |1                |Your shipment arrives today   |4.5          |
[2023-02-08T20:24:56.388+0000] {spark_submit.py:495} INFO - |MLA1180523187|Disco Duro Interno Western Digital Wd Purple Surveillance Wd40purz 4tb                                                        |33900.0 |new          |GAMING-CITY               |2006-02-25 11:22:44|50          |1                |Your shipment arrives today   |4.5          |
[2023-02-08T20:24:56.389+0000] {spark_submit.py:495} INFO - |MLA614371259 |Cooler 120mm Id-cooling Xf-12025-sd Pwm 1800rpm Pwm 4 Pines                                                                   |1869.81 |new          |PC MODD                   |2006-01-13 16:23:21|5000        |250              |You have to pay the shipping  |3.0          |
[2023-02-08T20:24:56.389+0000] {spark_submit.py:495} INFO - |MLA1115301777|Disco Slido Interno Gigabyte Gp-gstfs31120gntd 120gb Negro                                                                   |6579.0  |new          |MEXX COMPUTACION          |2005-07-22 22:09:55|500         |100              |You have to pay the shipping  |4.5          |
[2023-02-08T20:24:56.389+0000] {spark_submit.py:495} INFO - |MLA1108144340|Disco Slido Interno Western Digital Wd Green Sn350 Wds240g2g0c 240gb                                                         |9199.0  |new          |GAMING-CITY               |2006-02-25 11:22:44|500         |50               |You have to pay the shipping  |4.5          |
[2023-02-08T20:24:56.389+0000] {spark_submit.py:495} INFO - |MLA862108094 |Procesador Intel Celeron G4930 Bx80684g4930 De 2 Ncleos Y  3.2ghz De Frecuencia Con Grfica Integrada                        |23400.0 |new          |COMARVEN                  |2018-05-08 13:59:37|5           |1                |Your shipment arrives tomorrow|4.5          |
[2023-02-08T20:24:56.393+0000] {spark_submit.py:495} INFO - |MLA1144434779|Placa De Video Nvidia Msi  Geforce 10 Series Gt 1030 Geforce Gt 1030 2gd4 Lp Oc Oc Edition 2gb                                |62999.0 |new          |JFCELECTRONICA            |2007-05-27 21:30:28|5           |1                |Your shipment arrives today   |4.5          |
[2023-02-08T20:24:56.394+0000] {spark_submit.py:495} INFO - |MLA875223818 |Disco Duro Externo Western Digital Wd Elements Portable Wdbu6y0020bbk 2tb Negro                                               |29470.0 |new          |INSUMOS_ACUARIO           |2011-08-31 00:54:47|100         |1                |Your shipment arrives today   |4.5          |
[2023-02-08T20:24:56.394+0000] {spark_submit.py:495} INFO - |MLA609415417 |Placa Pci-e X1 A Usb3.0 Pci Express A 4 Puertos Usb 3.0 Gtia                                                                  |4590.0  |new          |TODOMICRO                 |2007-09-21 04:41:30|500         |1                |You have to pay the shipping  |3.0          |
[2023-02-08T20:24:56.394+0000] {spark_submit.py:495} INFO - |MLA933685138 |Disco Duro Externo Toshiba Canvio Basics Hdtb410xk3aa 1tb Negro                                                               |24858.0 |new          |ROYAL2002                 |2002-04-25 04:00:00|5           |1                |Your shipment arrives tomorrow|4.5          |
[2023-02-08T20:24:56.394+0000] {spark_submit.py:495} INFO - |MLA1301642528|Placa De Video Nvidia Msi  Ventus Geforce Rtx 20 Series Rtx 2060 Geforce Rtx 2060 Ventus 6g Oc Oc Edition 6gb                 |137999.0|new          |ITS-COMPUTACION           |2012-10-18 20:37:49|25          |1                |Your shipment arrives today   |4.5          |
[2023-02-08T20:24:56.394+0000] {spark_submit.py:495} INFO - |MLA905686613 |Procesador Gamer Intel Core I3-10100f Bx8070110100f De 4 Ncleos Y  4.3ghz De Frecuencia                                      |27699.0 |new          |GAMING-CITY               |2006-02-25 11:22:44|250         |1                |Your shipment arrives today   |4.5          |
[2023-02-08T20:24:56.394+0000] {spark_submit.py:495} INFO - |MLA1318244331|Disco Solido Ssd 1tb M.2 Kingston Snv2s/1000g Nvme Pcie 4.0                                                                   |26399.0 |new          |OVERHARD DIGITAL          |2015-01-08 12:19:41|50          |100              |Your shipment arrives today   |4.5          |
[2023-02-08T20:24:56.394+0000] {spark_submit.py:495} INFO - |MLA1323572864|Disco Slido Interno Pny Ssd7cs900-250-rb 250gb                                                                               |7599.24 |new          |HYT.COM.AR                |2016-06-04 04:26:27|25          |250              |You have to pay the shipping  |4.5          |
[2023-02-08T20:24:56.394+0000] {spark_submit.py:495} INFO - |MLA852287974 |Placa De Video Nvidia Msi  Geforce 200 Series 210 N210-md1g/d3 1gb                                                            |22749.0 |new          |MEXX COMPUTACION          |2005-07-22 22:09:55|500         |1                |Your shipment arrives tomorrow|4.5          |
[2023-02-08T20:24:56.394+0000] {spark_submit.py:495} INFO - |MLA929465921 |Caddy Disk Sata 2,5 Segundo Disco Notebook 9,5mm Metalico                                                                     |2399.52 |new          |VENTAS_TECNOCENTER        |2007-01-24 19:40:38|250         |1                |You have to pay the shipping  |3.5          |
[2023-02-08T20:24:56.394+0000] {spark_submit.py:495} INFO - +-------------+------------------------------------------------------------------------------------------------------------------------------+--------+-------------+--------------------------+-------------------+------------+-----------------+------------------------------+-------------+
[2023-02-08T20:24:56.395+0000] {spark_submit.py:495} INFO - 
[2023-02-08T20:25:20.478+0000] {taskinstance.py:1327} INFO - Marking task as SUCCESS. dag_id=Streaming_pipeline_meli, task_id=consumer_data_of_topic, execution_date=20230208T202349, start_date=20230208T202351, end_date=20230208T202520
[2023-02-08T20:25:20.532+0000] {local_task_job.py:159} INFO - Task exited with return code 0
[2023-02-08T20:25:20.550+0000] {taskinstance.py:2582} INFO - 0 downstream tasks scheduled from follow-on schedule check
